/scratch/users/yanlan/Retrieval_0705/Output/AM_PM_ET_162_395_00
0.07250000000000001 2.8328901161425017e-33
0.18274999999999994 8.885090261780764e-32
0.22666666666666682 9.291597012473663e-29
0.24312500000000015 1.2127498963020656e-27
0.26310000000000106 4.013655009375647e-27
0.2729166666666685 9.455864670405307e-27
0.2810000000000021 6.0672148050794845e-27
0.2845625000000012 9.243090646898686e-27
0.28833333333333505 6.0610570675994864e-27
0.2932000000000008 6.751358556258872e-27
0.29377272727272874 5.92417643739546e-27
0.2970416666666663 3.479077200491191e-27
0.29953846153846275 4.073659461582398e-28
0.3008928571428577 2.7997907652538884e-28
0.3003333333333322 3.5449450221151144e-27
Sampling time (10 samples): 7777.6117 seconds
/scratch/users/yanlan/Retrieval_0705/Output/AM_PM_ET_168_304_00
0.043500000000000004 4.367202232876138e-37
0.13449999999999962 7.78263767839101e-41
0.19449999999999937 4.164502938989052e-39
0.2208749999999995 9.145068500882969e-38
0.20099999999999943 9.61950915329004e-52
restart...
0.2090999999999994 7.989948605695801e-48
0.20308333333333245 2.494469775010707e-52
restart...
0.19716666666666594 3.4918389298028216e-53
restart...
0.20266666666666644 3.2561951422717826e-52
restart...
0.19958333333333286 9.028401560711669e-52
restart...
0.2033333333333327 1.3806901706124553e-51
restart...
0.20966666666666597 6.719885524698596e-51
restart...
0.20133333333333253 3.204381635394411e-53
restart...
0.20383333333333284 1.5647845867044998e-50
restart...
0.20499999999999946 3.2611048864205693e-50
restart...
Sampling time (10 samples): 9880.3837 seconds
/scratch/users/yanlan/Retrieval_0705/Output/AM_PM_ET_174_248_00
0.022999999999999993 9.743190298919932e-39
0.07350000000000002 8.735127390926677e-50
restart...
0.08525000000000008 2.7274922254530664e-47
0.14200000000000035 1.517706519328984e-44
0.19212500000000035 6.736052567418786e-42
0.23680000000000045 1.733460896120079e-40
0.25383333333333297 5.748074674853917e-41
0.23242857142857068 9.448486373028406e-63
restart...
0.2249285714285717 8.304274167459926e-70
restart...
0.2192142857142858 3.353558847301317e-76
restart...
0.2247857142857141 1.108145471820898e-68
restart...
0.23721428571428518 5.1227724713805424e-58
restart...
0.257642857142857 4.546698250286353e-44
0.22950000000000026 1.145243315977926e-69
restart...
0.22575 1.898547503999856e-86
restart...
Sampling time (10 samples): 8785.4498 seconds
/scratch/users/yanlan/Retrieval_0705/Output/AM_PM_ET_179_335_00
0.04450000000000008 4.687125064339144e-32
0.1345 7.546994711273358e-33
0.18316666666666667 1.3837808469351583e-30
0.2067500000000003 1.2238697230884368e-29
0.2265000000000001 7.423160696378616e-31
0.24400000000000038 2.661804310969467e-30
0.2590714285714287 6.0089318450019516e-30
0.2677499999999991 1.2217630509145621e-29
0.2744999999999991 5.767481972770772e-30
0.2812999999999979 1.3324091558161962e-30
0.28440909090908784 2.1906335950594948e-30
0.2844999999999958 5.246423306640375e-31
0.28603846153845763 4.1445258330176575e-30
0.28614285714285365 4.026203141823e-30
0.28689999999999605 4.552935067195973e-31
Sampling time (10 samples): 7312.6638 seconds
/scratch/users/yanlan/Retrieval_0705/Output/AM_PM_ET_184_436_00
0.03899999999999995 2.503656168129782e-36
0.06424999999999996 3.763572355272036e-48
0.07516666666666658 3.1818949638612074e-56
restart...
0.07625 5.312172528665374e-45
0.0840000000000003 4.316998641028795e-53
restart...
0.07174999999999994 1.0929051961300074e-44
0.0818333333333334 1.0534142932528123e-52
restart...
0.06949999999999994 5.308517963651227e-47
0.08049999999999997 6.952436604081725e-56
restart...
0.06325000000000021 3.04941527922135e-48
0.07500000000000001 1.1691073235681422e-56
restart...
0.08000000000000007 9.059413499978646e-45
0.08766666666666663 1.803267123626001e-52
restart...
0.06600000000000006 2.153555701409902e-45
0.07699999999999983 1.4079024983413004e-53
restart...
Sampling time (10 samples): 6874.4151 seconds
/scratch/users/yanlan/Retrieval_0705/Output/AM_PM_ET_190_335_00
0.022000000000000006 9.438382920080228e-39
0.05474999999999991 2.490531265158088e-53
restart...
0.043250000000000066 2.633185711745699e-57
restart...
0.039999999999999966 2.3520586038001324e-56
restart...
0.045500000000000033 1.2500301717929313e-52
restart...
0.06000000000000003 4.6923772758379434e-51
restart...
0.04375000000000007 3.867188275689368e-56
restart...
0.039999999999999994 1.268933008231232e-54
restart...
0.04600000000000008 7.299077061592817e-55
restart...
0.039499999999999966 5.104396477491527e-55
restart...
0.06149999999999999 1.999655824803254e-51
restart...
0.05575000000000005 3.5048918363715494e-52
restart...
0.03599999999999993 8.63435810510032e-58
restart...
0.06750000000000005 2.447733498861812e-48
0.11566666666666672 1.3134646463470974e-46
Sampling time (10 samples): 7330.2248 seconds
/scratch/users/yanlan/Retrieval_0705/Output/AM_PM_ET_196_277_00
0.01750000000000001 1.2476753915685524e-40
restart...
0.01350000000000001 2.3187483021723685e-42
restart...
0.05399999999999998 1.2343709798823096e-34
0.1420000000000001 2.965539901209057e-34
0.19650000000000062 2.2257338411566284e-31
0.23062500000000072 3.533417412835724e-30
0.25470000000000087 2.3916988177027993e-30
0.27241666666666764 3.130233216408639e-29
0.2842857142857157 3.641962216950826e-29
0.2946250000000019 1.6989492253567533e-29
0.300388888888891 3.3254292807961697e-29
0.3072000000000017 1.0917903333214209e-29
0.3112727272727282 7.693306248213067e-30
0.31570833333333254 6.891497334843203e-30
0.317999999999999 2.29472491768477e-29
Sampling time (10 samples): 6725.9059 seconds
