/scratch/users/yanlan/Retrieval_0705/Output/AM_PM_ET_161_278_00
0.035999999999999976 2.6378186961598975e-37
0.13799999999999993 2.4732101221643033e-37
0.20816666666666647 1.2193545809171328e-33
0.23275000000000012 2.4062647016300758e-32
0.25529999999999964 2.2716732768436414e-31
0.2659166666666664 6.377261644864223e-32
0.2756428571428555 7.878776194345036e-32
0.27981249999999813 3.979313100244447e-32
0.28349999999999737 8.810103946909987e-32
0.2887999999999978 4.782708978701915e-31
0.2918181818181789 3.424411860214731e-31
0.29641666666666316 1.0726082931337793e-31
0.29919230769230426 9.798143761310157e-31
0.3021071428571398 2.9662092515532832e-31
0.30323333333332925 2.0920930906844313e-31
Sampling time (10 samples): 7717.1548 seconds
/scratch/users/yanlan/Retrieval_0705/Output/AM_PM_ET_166_397_00
0.020999999999999977 9.279243028921375e-38
0.12349999999999997 5.111856214269776e-41
0.1435000000000002 1.1809401589680957e-46
0.1585000000000009 3.9160367179967666e-48
0.1729000000000004 9.478499299883598e-48
0.17283333333333303 2.2909765056944392e-50
restart...
0.11150000000000015 2.0648466588902225e-40
0.12216666666666678 1.6758268277555124e-48
0.1338750000000003 1.4981731038292637e-50
restart...
0.11749999999999998 3.1039254591179385e-40
0.12566666666666662 3.466088870992832e-47
0.12737499999999982 3.3482607650153616e-53
restart...
0.10899999999999987 1.1591231746125732e-39
0.13316666666666635 6.047307960501723e-42
0.14050000000000012 3.5228608661840416e-46
Sampling time (10 samples): 7693.1924 seconds
/scratch/users/yanlan/Retrieval_0705/Output/AM_PM_ET_172_334_00
0.02550000000000001 2.0340536686938868e-39
0.12025000000000031 3.5380553064274227e-40
0.17133333333333448 7.37492162099765e-36
0.21112500000000076 1.5576849452692333e-32
0.23170000000000054 1.9784003379701344e-31
0.23991666666666708 8.126342340865529e-31
0.24707142857142916 3.127279147979351e-31
0.2531874999999995 2.0248184729684135e-31
0.26038888888888706 8.549386782870368e-31
0.2695499999999983 9.447471741133721e-32
0.27772727272727155 1.1419017335535754e-30
0.28108333333333213 1.5510243511727776e-31
0.28503846153845896 3.941334954869909e-31
0.285928571428569 5.788869602115384e-31
0.2897666666666633 2.5232214636173002e-31
Sampling time (10 samples): 7411.3382 seconds
/scratch/users/yanlan/Retrieval_0705/Output/AM_PM_ET_177_448_00
0.02300000000000002 1.0208193075357287e-40
0.027250000000000014 2.871354302107468e-66
restart...
0.02425000000000002 1.9016073339986904e-66
restart...
0.029250000000000005 4.513098205758312e-64
restart...
0.03374999999999992 1.9371288135345055e-60
restart...
0.032749999999999974 2.2126713957600246e-62
restart...
0.02950000000000003 2.221477459659827e-62
restart...
0.025249999999999988 9.392641684322141e-69
restart...
0.026250000000000013 1.6500732748332259e-65
restart...
0.03325000000000007 1.3374298464249246e-60
restart...
0.024500000000000043 2.270527268121391e-66
restart...
0.03025000000000003 1.457382229853751e-62
restart...
0.020500000000000015 1.0944107278185626e-73
restart...
0.029000000000000005 1.0759296576717428e-64
restart...
0.028500000000000008 1.8692346261605542e-62
restart...
Sampling time (10 samples): 7866.8501 seconds
/scratch/users/yanlan/Retrieval_0705/Output/AM_PM_ET_183_302_00
0.01650000000000002 3.981583105087795e-41
restart...
0.056500000000000036 1.8202421548768138e-34
0.17924999999999977 3.0332243844686352e-33
0.22800000000000034 4.048552100691333e-31
0.19762500000000027 1.4725315440435602e-48
0.20740000000000014 6.155671970416855e-47
0.2200000000000001 7.095003512759146e-43
0.23442857142857215 4.9371634426738835e-39
0.2494375000000013 2.7859728132976253e-36
0.2581666666666668 2.5206287281482665e-36
0.24269999999999972 4.412073863072746e-49
restart...
0.24559999999999968 1.1040001315045028e-46
0.24213636363636343 9.16896753878402e-48
0.24512500000000031 4.783442734467411e-47
0.2475384615384617 9.657435071116846e-48
Sampling time (10 samples): 7483.4353 seconds
/scratch/users/yanlan/Retrieval_0705/Output/AM_PM_ET_188_436_00
0.39000000000000046 7.308390951270746e-13
0.3457500000000014 1.2645203078959038e-12
0.3375000000000005 4.982591554150408e-13
0.33449999999999996 1.341198740410767e-12
0.3353999999999985 5.837965268485061e-13
0.3362499999999976 3.7988738228098664e-13
0.3368571428571422 9.238177555071069e-14
0.33368749999999875 2.9071510728535876e-13
0.3349444444444432 1.9011008933651164e-13
0.3301999999999989 3.174432199488697e-13
0.33036363636363486 3.313057639253648e-13
0.32945833333333063 1.146505984943888e-12
0.3279615384615361 6.404648395133463e-13
0.3261428571428555 5.092478549028873e-13
0.3243999999999981 1.6238495327896696e-12
Sampling time (10 samples): 7394.3919 seconds
/scratch/users/yanlan/Retrieval_0705/Output/AM_PM_ET_194_345_00
0.066 1.5797607732457725e-31
0.13625000000000045 1.267781046302242e-33
0.16083333333333363 2.8339589917811823e-38
0.18437500000000012 8.284227225474494e-38
0.19070000000000065 5.7651210822823396e-40
0.20291666666666688 1.5356138173375145e-39
0.21607142857142841 1.1123119738316207e-38
0.22793749999999996 1.1657705023169218e-38
0.23394444444444404 1.0400192923033969e-38
0.2415999999999994 2.569689080131241e-38
0.24459090909090864 2.0738835652313735e-38
0.2474999999999996 3.6575847350112224e-39
0.2510000000000005 6.928072232622485e-39
0.2551071428571435 7.794391182660865e-38
0.25676666666666975 2.0038967161644126e-37
Sampling time (10 samples): 7594.4151 seconds
