/scratch/users/yanlan/Retrieval_0705/Output/AM_PM_ET_164_430_00
0.01800000000000005 6.294360583681393e-43
restart...
0.024000000000000007 5.720699933495497e-40
0.10099999999999991 4.2996559683759914e-43
0.1679999999999998 8.444107907636839e-39
0.20224999999999993 1.0952294048746094e-35
0.22780000000000022 2.451659990183144e-35
0.24566666666666695 1.299018198945e-34
0.2560714285714294 3.0525238445194765e-34
0.2609375000000017 4.218636447270689e-34
0.2644444444444464 3.17359532891135e-34
0.2696500000000021 1.0350606178388096e-33
0.2761363636363657 3.973370739624236e-34
0.28145833333333514 4.3047145961072835e-34
0.2843846153846167 3.2229092001646595e-34
0.2896785714285711 1.1887224634632857e-33
Sampling time (10 samples): 7975.7981 seconds
/scratch/users/yanlan/Retrieval_0705/Output/AM_PM_ET_170_336_00
0.013499999999999991 1.417688412094698e-44
restart...
0.022499999999999944 4.382332923728149e-41
0.10699999999999991 3.799435578945263e-45
0.16133333333333352 2.629401099724002e-41
0.19575000000000037 3.769729187874079e-38
0.2177000000000003 3.572901145496729e-36
0.22883333333333306 5.552606935061382e-35
0.24214285714285713 4.559903997939677e-35
0.24862499999999982 1.7244634196060586e-34
0.2581666666666662 2.8077180526965857e-34
0.2619000000000003 1.0572253392714857e-34
0.2669545454545462 1.8260407889724976e-34
0.26970833333333377 2.2688875065741842e-34
0.2751538461538475 3.235411470481325e-34
0.2761428571428587 4.458037079669844e-35
Sampling time (10 samples): 7924.8659 seconds
/scratch/users/yanlan/Retrieval_0705/Output/AM_PM_ET_176_241_00
0.021000000000000005 4.5631699749671904e-39
0.058249999999999996 3.847132175878731e-53
restart...
0.061749999999999985 9.811488671415871e-54
restart...
0.055500000000000015 7.9006089500299235e-56
restart...
0.06224999999999989 3.10012576854459e-54
restart...
0.06074999999999997 3.8070311439053397e-53
restart...
0.052999999999999985 1.6167537580522498e-54
restart...
0.05175000000000001 5.903920520087176e-54
restart...
0.059750000000000004 3.20495897539692e-53
restart...
0.06974999999999985 1.3729038326265746e-52
restart...
0.04824999999999992 5.9174545172261e-57
restart...
0.050499999999999996 5.521773798239584e-55
restart...
0.06499999999999989 9.681536030376347e-54
restart...
0.05975000000000004 3.1824623515793816e-53
restart...
0.058250000000000045 7.357101364441973e-53
restart...
Sampling time (10 samples): 7631.2417 seconds
/scratch/users/yanlan/Retrieval_0705/Output/AM_PM_ET_181_342_00
0.007999999999999993 8.320047499209691e-47
restart...
0.0095 6.931276764658696e-48
restart...
0.00599999999999999 1.1969231917486403e-45
restart...
0.00800000000000002 8.532306108531198e-46
restart...
0.007 2.0364909298778233e-46
restart...
0.005999999999999995 2.4415994597094036e-48
restart...
0.012500000000000006 4.791355657515931e-43
restart...
0.012499999999999994 1.3936609841501616e-43
restart...
0.026500000000000006 1.1234831807781334e-38
0.09350000000000012 5.899834175973401e-44
0.13166666666666668 1.2503017658986748e-44
0.14562500000000003 7.57231326254587e-45
0.1567000000000003 2.6525777106269964e-45
0.16899999999999982 2.1131737544558843e-45
0.17964285714285744 2.267946482751137e-44
Sampling time (10 samples): 8094.7199 seconds
/scratch/users/yanlan/Retrieval_0705/Output/AM_PM_ET_187_266_00
0.04999999999999996 3.3089259615254796e-36
0.1660000000000001 4.5283044561791906e-33
0.20416666666666675 1.204482797279244e-30
0.23762500000000075 1.8937190546172763e-29
0.26070000000000143 1.6111876945010532e-29
0.2804166666666679 1.5756410424600362e-29
0.28950000000000364 7.592251226293332e-30
0.2943125000000037 2.2337160475684836e-29
0.3013888888888922 2.983468752063886e-29
0.29385000000000316 1.3990182024334682e-39
0.2682272727272766 5.57113132257924e-76
restart...
0.2677727272727304 9.51980989530748e-78
restart...
0.2675000000000031 4.818177307747872e-81
restart...
0.2684545454545492 4.3828973802116764e-74
restart...
0.26868181818182035 3.031455234740137e-73
restart...
Sampling time (10 samples): 8494.4001 seconds
/scratch/users/yanlan/Retrieval_0705/Output/AM_PM_ET_192_364_00
0.049499999999999995 1.0731792478832203e-34
0.17949999999999977 7.427850249200459e-33
0.24000000000000007 1.1201878449612543e-30
0.2686249999999998 1.2274006759249006e-30
0.2789000000000009 3.335831355992817e-30
0.28941666666666616 2.5747311664830824e-30
0.29707142857142826 8.305028000270296e-30
0.30275000000000013 4.567414559412344e-30
0.3053333333333332 8.612458347766344e-30
0.3086499999999999 1.0803479770758346e-29
0.31195454545454515 4.824003639408214e-30
0.31429166666666813 4.9513097562667636e-30
0.3170000000000013 3.609291089251923e-30
0.3176785714285736 3.761712178069103e-30
0.3194000000000011 1.0436999302315191e-30
Sampling time (10 samples): 7607.3936 seconds
/scratch/users/yanlan/Retrieval_0705/Output/AM_PM_ET_198_289_00
0.025999999999999992 5.192387800477551e-39
0.092 7.507646854912674e-45
0.14033333333333323 3.3979111248471046e-44
0.1441249999999997 2.7184391550713017e-49
restart...
0.06574999999999999 1.6498470178931198e-47
0.11716666666666642 3.9458549395545245e-48
0.17487499999999997 2.575958389737154e-44
0.21029999999999957 1.7109030122889217e-42
0.23383333333333295 1.220390558773282e-42
0.25214285714285706 4.5616671340213536e-43
0.2625000000000003 3.203799886661623e-42
0.27050000000000024 5.201447584473556e-43
0.2776000000000026 7.711531048581711e-43
0.28450000000000336 3.4426534868905215e-43
0.2931250000000024 1.1860158172258951e-43
Sampling time (10 samples): 7443.7367 seconds
