/scratch/users/yanlan/Retrieval_0705/Output/AM_PM_ET_163_275_00
0.02449999999999999 1.6558274591862425e-38
0.016999999999999973 1.3233261029647249e-75
restart...
0.017000000000000022 1.0357412741193451e-76
restart...
0.017249999999999984 3.2631736417445255e-75
restart...
0.01774999999999998 1.1471854617396754e-75
restart...
0.019250000000000034 2.253474261556327e-74
restart...
0.018000000000000033 8.847410050381133e-77
restart...
0.017000000000000078 6.596166114442153e-76
restart...
0.017750000000000037 3.3666531144663404e-75
restart...
0.01774999999999998 1.9446944552978803e-74
restart...
0.016749999999999998 5.720021065841756e-78
restart...
0.01775000000000006 1.5739704867788907e-75
restart...
0.015500000000000042 4.268463288350945e-79
restart...
0.01725 2.5083573642177315e-74
restart...
0.017250000000000057 2.2979083783600865e-77
restart...
Sampling time (10 samples): 11880.6560 seconds
/scratch/users/yanlan/Retrieval_0705/Output/AM_PM_ET_168_400_00
0.03650000000000004 5.620379037654421e-36
0.0705 1.0873609546130126e-44
0.0876666666666667 1.8217461593582433e-52
restart...
0.07900000000000003 1.564659285906486e-42
0.0883333333333335 6.58633968166496e-50
restart...
0.08075000000000017 8.08324537826592e-42
0.0938333333333335 1.954769753835529e-47
0.10025000000000002 2.7440092720374456e-51
restart...
0.07375000000000005 3.579876301270987e-45
0.09849999999999992 4.789047476022934e-49
restart...
0.08025000000000006 9.945199662334605e-43
0.08916666666666657 4.8602015956334757e-51
restart...
0.06575 1.384123888130897e-45
0.08133333333333308 1.7515589498427406e-53
restart...
0.07374999999999993 2.0938591060437464e-44
Sampling time (10 samples): 7714.3557 seconds
/scratch/users/yanlan/Retrieval_0705/Output/AM_PM_ET_174_332_00
0.008499999999999997 2.4165990790958782e-45
restart...
0.012000000000000005 3.772414754936977e-42
restart...
0.008500000000000004 2.889477601771984e-45
restart...
0.01649999999999999 7.329702464095698e-41
restart...
0.0115 1.0760392121704875e-43
restart...
0.014000000000000004 9.124370143294502e-44
restart...
0.011500000000000002 1.1300934218908605e-43
restart...
0.008999999999999994 5.5835660708088635e-46
restart...
0.010500000000000018 4.880845711597675e-43
restart...
0.003999999999999995 7.688180709008932e-50
restart...
0.011499999999999991 3.8842295146476483e-45
restart...
0.011000000000000012 2.4212230020866763e-43
restart...
0.007500000000000008 4.9757062283027115e-46
restart...
0.0115 4.015811923243806e-44
restart...
0.009000000000000006 1.273788639806739e-45
restart...
Sampling time (10 samples): 8600.5681 seconds
/scratch/users/yanlan/Retrieval_0705/Output/AM_PM_ET_179_431_00
0.008499999999999995 2.8178003993715256e-45
restart...
0.015499999999999991 1.4700700309803147e-41
restart...
0.013499999999999995 2.9683421359696266e-44
restart...
0.049499999999999995 9.563617842634857e-37
0.14749999999999983 4.5975670015443833e-35
0.18583333333333338 5.635083038091672e-34
0.20725000000000038 7.637458213874242e-34
0.21950000000000044 2.3289274662711825e-34
0.22233333333333383 7.78235744760124e-36
0.22864285714285768 4.2861573894468084e-36
0.2354375000000004 2.0796290402774367e-35
0.23511111111111188 1.598350104801271e-35
0.2416000000000004 3.191984182530577e-35
0.24818181818181864 6.190893343381555e-36
0.25066666666666687 6.564882227771864e-36
Sampling time (10 samples): 7638.2598 seconds
/scratch/users/yanlan/Retrieval_0705/Output/AM_PM_ET_185_297_00
0.038499999999999986 3.3387778164855165e-39
0.12850000000000025 2.524809209348591e-41
0.19483333333333402 4.591854307472612e-38
0.22712500000000022 3.898036234013992e-36
0.2598999999999993 4.374779813244111e-36
0.27799999999999997 6.681036751065615e-36
0.2944999999999999 6.15659781577961e-36
0.3053124999999998 1.0461024036919697e-35
0.31116666666666604 3.1524809705732884e-36
0.31594999999999934 6.104186591037279e-36
0.3165454545454545 1.383742121767939e-35
0.32333333333333275 7.232255793816188e-36
0.32838461538461566 3.966778370067192e-36
0.3304642857142864 1.227044271248187e-35
0.33239999999999964 6.109609890957087e-36
Sampling time (10 samples): 7256.7687 seconds
/scratch/users/yanlan/Retrieval_0705/Output/AM_PM_ET_190_433_00
0.017000000000000005 8.788890082563174e-42
restart...
0.012500000000000002 1.6911206381904744e-44
restart...
0.02899999999999999 2.3192761519616384e-39
0.07475000000000001 1.0101159919594286e-48
0.11333333333333317 9.917382207057357e-50
restart...
0.07749999999999996 1.5198398282240834e-49
restart...
0.07474999999999997 2.4718396368410788e-49
restart...
0.0714999999999999 8.613043947453474e-51
restart...
0.07499999999999983 9.608561472270556e-51
restart...
0.07924999999999996 6.142953571934749e-49
restart...
0.08124999999999996 8.779503114820902e-49
restart...
0.07349999999999988 1.8580341471795694e-50
restart...
0.06675000000000011 7.351128266025097e-50
restart...
0.07650000000000015 8.956481794039277e-49
restart...
0.07325000000000022 3.5666420830626384e-48
Sampling time (10 samples): 7346.8750 seconds
/scratch/users/yanlan/Retrieval_0705/Output/AM_PM_ET_196_347_00
0.028500000000000022 3.260000621601457e-40
0.047750000000000015 4.0190775778982683e-56
restart...
0.05250000000000013 7.332369079139652e-53
restart...
0.056999999999999974 1.274427540981188e-49
restart...
0.05699999999999996 1.5701466475889069e-53
restart...
0.07199999999999995 1.4779211467094824e-47
0.1256666666666669 1.3652533024459452e-45
0.16125000000000012 4.2761358908196795e-42
0.19219999999999987 3.116178613017093e-39
0.21358333333333304 5.318296036855548e-36
0.22157142857142811 2.879964965850331e-36
0.23268749999999983 7.985577832077863e-36
0.2422777777777781 8.746602147519629e-36
0.24930000000000035 1.2133038651174667e-35
0.2561363636363635 2.408830308147759e-35
Sampling time (10 samples): 6713.3091 seconds
