/scratch/users/yanlan/Retrieval_0705/Output/AM_PM_ET_161_418_00
0.014499999999999989 1.305735933296153e-41
restart...
0.013500000000000002 2.578414588782271e-41
restart...
0.017499999999999995 2.1117849245348927e-40
restart...
0.021999999999999974 3.2763428851633305e-39
0.029249999999999974 1.3198147086551208e-62
restart...
0.03099999999999998 4.072051734082189e-61
restart...
0.026249999999999964 2.2812012759227178e-65
restart...
0.02624999999999998 3.7759335707348703e-66
restart...
0.034750000000000045 4.0978141439688265e-59
restart...
0.02374999999999999 1.4836285111102553e-67
restart...
0.02099999999999997 1.4376156125421997e-70
restart...
0.03375000000000001 1.2920026370983282e-59
restart...
0.020000000000000014 5.4701338143482406e-71
restart...
0.02874999999999999 2.2848407528398023e-62
restart...
0.035000000000000024 5.79836360921569e-58
restart...
Sampling time (10 samples): 7686.9799 seconds
/scratch/users/yanlan/Retrieval_0705/Output/AM_PM_ET_167_322_00
0.007999999999999983 2.4190049583736475e-47
restart...
0.00799999999999999 3.842413693157236e-47
restart...
0.02 1.610997569374246e-39
0.09950000000000003 2.1103084150489102e-43
0.1595000000000007 6.606760721728385e-39
0.1931250000000004 7.991723228341217e-36
0.21320000000000058 7.936111165159863e-34
0.2302500000000002 3.179000063039798e-33
0.24571428571428597 4.288530199312841e-33
0.25668750000000107 4.6963388789301e-33
0.2625000000000006 1.4099973081873288e-32
0.2700999999999996 5.015331204643802e-33
0.27504545454545287 1.6680053603042424e-33
0.28237499999999877 7.972315505178245e-33
0.2850384615384604 3.526319716628364e-32
Sampling time (10 samples): 7903.9821 seconds
/scratch/users/yanlan/Retrieval_0705/Output/AM_PM_ET_173_290_00
0.053999999999999986 3.587582848030882e-35
0.17649999999999944 4.9674808110198e-32
0.2309999999999995 2.163562376325027e-29
0.27199999999999924 5.708325610380894e-28
0.29579999999999884 2.599191159614627e-28
0.30908333333333127 8.967025324889153e-29
0.3126428571428546 1.2478783106049648e-28
0.3207499999999981 4.473014927779037e-28
0.32366666666666594 9.481331979535497e-28
0.3291499999999989 3.863077401158264e-28
0.3326363636363631 8.048512601550897e-28
0.33587499999999865 3.842187830281798e-28
0.3381923076923057 2.60566287387089e-28
0.33903571428571344 2.9141308043097877e-28
0.34166666666666534 6.058076065255355e-29
Sampling time (10 samples): 7625.9804 seconds
/scratch/users/yanlan/Retrieval_0705/Output/AM_PM_ET_178_355_00
0.02500000000000003 2.0285105375110904e-37
0.025750000000000075 9.623933755313826e-67
restart...
0.02100000000000003 3.61191463750705e-69
restart...
0.03250000000000002 3.235176273814995e-60
restart...
0.02600000000000007 1.9643814548095922e-66
restart...
0.02600000000000001 3.8262505630328934e-65
restart...
0.02975000000000002 4.724162878480418e-60
restart...
0.02600000000000001 2.177246304232222e-65
restart...
0.0205 2.247342925527047e-68
restart...
0.03124999999999997 1.3814336198349503e-61
restart...
0.027250000000000028 3.420083345401266e-63
restart...
0.024249999999999994 6.410018479658652e-66
restart...
0.02775000000000002 1.3921448019759108e-62
restart...
0.023250000000000007 5.498900670636919e-68
restart...
0.016749999999999963 9.933481867027333e-75
restart...
Sampling time (10 samples): 8090.4895 seconds
/scratch/users/yanlan/Retrieval_0705/Output/AM_PM_ET_184_236_00
0.006499999999999996 1.0596500715844747e-47
restart...
0.014000000000000005 6.21536967613075e-44
restart...
0.023500000000000028 5.139153580694693e-39
0.02599999999999999 1.1015814329258091e-64
restart...
0.022250000000000006 1.160663231779072e-68
restart...
0.03200000000000003 1.3046295816782226e-65
restart...
0.020000000000000042 3.091155768361952e-71
restart...
0.030750000000000003 4.536578812188105e-62
restart...
0.03575000000000005 1.908566839156089e-59
restart...
0.028250000000000008 9.488130270469849e-64
restart...
0.023249999999999955 2.5603710613843725e-69
restart...
0.01875000000000007 6.478298261400532e-72
restart...
0.026500000000000017 7.437642639574535e-66
restart...
0.03175000000000003 6.973042723288031e-65
restart...
0.028250000000000008 4.723977959614003e-65
restart...
Sampling time (10 samples): 8050.3146 seconds
/scratch/users/yanlan/Retrieval_0705/Output/AM_PM_ET_189_355_00
0.031 4.391836460621401e-38
0.14299999999999963 6.384844848037026e-38
0.2078333333333333 5.088363432595871e-35
0.24662500000000054 5.150751130018258e-35
0.26100000000000034 2.775645085635793e-35
0.26966666666666556 2.4689976145248355e-34
0.2826428571428547 8.736895202045758e-34
0.29368749999999705 1.3641779280640466e-33
0.3004999999999977 1.608521067391534e-34
0.30364999999999875 2.261388683691103e-34
0.31040909090908986 2.581885443646933e-34
0.31545833333333234 5.771025050047958e-34
0.31965384615384485 2.22267506954391e-34
0.32196428571428437 2.9109049759116695e-34
0.32159999999999805 1.9660462969288635e-34
Sampling time (10 samples): 7970.5133 seconds
/scratch/users/yanlan/Retrieval_0705/Output/AM_PM_ET_195_293_00
0.06949999999999998 9.43559121625236e-35
0.19624999999999995 5.215624733996186e-34
0.243 4.805695967416444e-32
0.2766250000000009 1.2496175552964393e-30
0.29660000000000053 2.8863684304048205e-30
0.3134166666666681 7.385321319411137e-31
0.3197857142857161 1.5885348077519705e-30
0.32668750000000013 2.7609650725482917e-30
0.33211111111111186 1.687171266471041e-30
0.3358000000000016 2.767430270884594e-31
0.33681818181818285 2.2134164506222787e-30
0.3400833333333346 1.0455129564018192e-30
0.34307692307692383 1.5941702988622183e-30
0.34342857142857314 4.675762515400341e-31
0.344066666666668 9.523508872473803e-31
Sampling time (10 samples): 7630.2780 seconds
