/scratch/users/yanlan/Retrieval_0705/Output/AM_PM_ET_163_335_00
0.012499999999999999 2.9614221503022935e-45
restart...
0.017499999999999995 1.456116310307618e-41
restart...
0.0125 8.835419045599292e-42
restart...
0.02850000000000001 3.1846894049286092e-37
0.06375000000000006 9.013064280686807e-48
0.08400000000000007 2.762058564122209e-54
restart...
0.0685000000000001 8.151864040265779e-47
0.08766666666666705 2.991971452656849e-53
restart...
0.06424999999999995 2.609216086196566e-47
0.07566666666666666 2.112521523178264e-54
restart...
0.06574999999999995 9.347631807903077e-46
0.08316666666666668 5.055113092427337e-51
restart...
0.053000000000000026 7.589252749618174e-51
restart...
0.06375000000000003 6.637363687725213e-48
0.08583333333333311 3.6752765383286735e-53
restart...
Sampling time (10 samples): 7688.6636 seconds
/scratch/users/yanlan/Retrieval_0705/Output/AM_PM_ET_169_245_00
0.05700000000000004 7.97460271374375e-36
0.19899999999999982 4.4795825601763346e-33
0.22133333333333313 2.4810499516742713e-34
0.21862500000000015 7.930785754598721e-35
0.20669999999999936 2.483457682374173e-39
0.2031666666666659 2.1662407992898137e-43
0.20307142857142757 3.8126139791190364e-44
0.21106249999999904 4.886849001514749e-44
0.21949999999999936 3.8329893395705183e-42
0.2235499999999993 1.4547317754363733e-40
0.22922727272727186 2.675547866166253e-42
0.23566666666666583 1.8727501864313306e-41
0.24434615384615244 7.369993814365753e-41
0.2509642857142848 1.3330134715806453e-39
0.2595999999999996 4.775336772763541e-40
Sampling time (10 samples): 7628.9906 seconds
/scratch/users/yanlan/Retrieval_0705/Output/AM_PM_ET_174_399_00
0.054499999999999965 1.8055475214147243e-34
0.1422499999999999 3.819391574627715e-36
0.17966666666666667 1.8634908107935886e-35
0.20549999999999988 1.4411552844553015e-34
0.2248000000000005 2.4338234762896275e-34
0.23608333333333348 4.972624562620173e-34
0.2375000000000005 7.709902460411363e-36
0.2358125 1.3019027791477677e-37
0.24116666666666703 1.0716491091155833e-37
0.24055000000000026 3.962647141793909e-39
0.24100000000000046 1.7070436853472845e-39
0.24237500000000042 7.40748098885057e-39
0.24173076923076964 3.4909880736515686e-39
0.24310714285714363 1.838821184741619e-39
0.24440000000000062 2.3214874883044895e-39
Sampling time (10 samples): 7419.0807 seconds
/scratch/users/yanlan/Retrieval_0705/Output/AM_PM_ET_180_273_00
0.03450000000000001 1.2994506042502637e-36
0.08775000000000013 3.15463155829395e-43
0.13549999999999993 2.39302060472845e-43
0.16812500000000033 1.2359413154687774e-41
0.19130000000000053 2.165820317068805e-41
0.20124999999999993 2.8020623979187137e-41
0.21064285714285733 2.7517824423105828e-40
0.21625000000000005 1.0195170059485442e-40
0.22261111111111068 2.2856782115709647e-40
0.2279999999999996 1.5276332013260802e-40
0.23086363636363616 2.7878510882080887e-41
0.23566666666666714 1.9318355883770036e-40
0.23619230769230773 1.1319488705226854e-41
0.2395357142857148 5.596605410802582e-42
0.240933333333334 1.4758863913409084e-40
Sampling time (10 samples): 7634.5980 seconds
/scratch/users/yanlan/Retrieval_0705/Output/AM_PM_ET_185_357_00
0.053 7.063720573431343e-35
0.07225000000000004 2.9947577552006255e-48
0.10850000000000021 4.600023726092357e-49
restart...
0.10075000000000008 7.437194584907423e-43
0.15716666666666704 8.968609328679479e-41
0.17925000000000074 9.036417780145448e-41
0.18330000000000066 4.138160710461886e-44
0.1859166666666669 1.5160705813654153e-43
0.1850000000000004 1.7715837154179042e-43
0.19106250000000016 8.742303189439226e-43
0.1993333333333341 5.095391353540672e-41
0.20720000000000083 2.2644280849157075e-39
0.2132272727272736 1.3816959450953739e-39
0.22050000000000128 8.98045049856381e-39
0.22426923076923205 5.838663648428162e-40
Sampling time (10 samples): 8206.7598 seconds
/scratch/users/yanlan/Retrieval_0705/Output/AM_PM_ET_191_286_00
0.08050000000000003 2.1540561260075702e-34
0.09550000000000004 4.596080467337232e-53
restart...
0.12024999999999984 2.858814920705742e-46
0.11516666666666657 4.226573902007481e-57
restart...
0.17750000000000052 1.5212184821118316e-33
0.14216666666666677 1.2957137427671899e-54
restart...
0.15350000000000005 6.837023409284567e-37
0.12500000000000033 3.3584456266434837e-56
restart...
0.1547500000000001 1.8565623958217098e-32
0.15633333333333366 2.8415164460980265e-44
0.1430000000000004 7.017698764823277e-54
restart...
0.10874999999999989 1.960504329178671e-51
restart...
0.0837499999999999 4.4031634323845516e-57
restart...
0.1632499999999999 9.376461985645143e-40
0.13816666666666652 1.4699040617758809e-56
restart...
Sampling time (10 samples): 7364.9190 seconds
/scratch/users/yanlan/Retrieval_0705/Output/AM_PM_ET_196_415_00
0.07250000000000005 3.1897946166835504e-32
0.11825000000000017 5.210518169638997e-35
0.12933333333333355 7.981457301831473e-38
0.13400000000000029 6.902535985754703e-43
0.1372000000000003 1.7715018537104593e-47
0.1389166666666669 1.936825817404679e-52
restart...
0.11950000000000008 4.610726237703425e-36
0.13333333333333341 8.164683087261636e-38
0.14325000000000027 2.789188807377499e-39
0.1477999999999997 2.187064834394631e-41
0.15108333333333346 1.1922098878272543e-42
0.15235714285714255 9.610273037580345e-46
0.15143750000000003 4.165624098694005e-48
0.15305555555555542 3.619398653718782e-51
restart...
0.11299999999999974 4.049828919565621e-36
Sampling time (10 samples): 7573.9667 seconds
