/scratch/users/yanlan/Retrieval_0705/Output/AM_PM_ET_161_216_00
0.10349999999999994 1.2368000950703942e-33
0.19374999999999978 1.3972054619620008e-30
0.13516666666666655 2.7953049429129107e-64
restart...
0.19899999999999993 1.0553710358610233e-31
0.16416666666666702 7.975043667191928e-56
restart...
0.18849999999999992 2.280370542156391e-31
0.2281666666666664 5.496634061189426e-32
0.2382499999999998 5.09579950592496e-32
0.25059999999999966 6.473174259482617e-32
0.25549999999999945 5.216613428952373e-37
0.22735714285714234 2.3177974006193613e-58
restart...
0.23007142857142826 5.126885062298913e-51
restart...
0.22564285714285653 1.6048114538339973e-59
restart...
0.23071428571428562 1.9629970697548066e-52
restart...
0.2324999999999995 1.3069442371941608e-50
restart...
Sampling time (10 samples): 9618.6499 seconds
/scratch/users/yanlan/Retrieval_0705/Output/AM_PM_ET_166_347_00
0.39099999999999957 1.1262459095406465e-12
0.36300000000000043 5.996062801206293e-13
0.34900000000000003 4.636774868549563e-13
0.3436250000000001 1.1110239910915531e-12
0.3388999999999987 5.958692309830088e-13
0.3354999999999985 6.54329197684078e-13
0.3339285714285699 6.893338630287528e-13
0.3322499999999988 5.823140908655057e-13
0.32866666666666433 8.748542813957687e-13
0.3304999999999972 3.7532659614876287e-13
0.32854545454545175 6.665126110254422e-13
0.3279166666666644 1.318766513411841e-12
0.3268076923076903 6.76139018824884e-13
0.32635714285714196 1.693642810497237e-12
0.3258666666666654 4.4535554995077795e-13
Sampling time (10 samples): 7521.5692 seconds
/scratch/users/yanlan/Retrieval_0705/Output/AM_PM_ET_172_301_00
0.011000000000000001 1.8274520657613668e-43
restart...
0.02299999999999999 8.711375855958917e-39
0.08925000000000002 7.984530362291867e-44
0.1615000000000001 1.1392680418353351e-39
0.1305000000000002 5.822763431618307e-76
restart...
0.10100000000000034 4.60951318753414e-44
0.15616666666666673 2.1171383880985086e-40
0.19600000000000006 6.359150668565705e-37
0.21589999999999981 8.791369257688147e-40
0.18274999999999986 2.2634194990807262e-73
restart...
0.18283333333333307 7.081613886670654e-73
restart...
0.18199999999999986 1.8370675330309316e-74
restart...
0.18308333333333326 1.8382986557282858e-73
restart...
0.1819166666666665 1.9651590774866786e-74
restart...
0.18299999999999975 4.410098175129255e-72
restart...
Sampling time (10 samples): 8387.1540 seconds
/scratch/users/yanlan/Retrieval_0705/Output/AM_PM_ET_177_410_00
0.028500000000000004 5.147493578628436e-38
0.1102500000000002 2.3935303033610837e-41
0.15900000000000028 2.015522235884417e-41
0.1935000000000004 1.091716578430884e-39
0.2063000000000005 9.47883298800652e-39
0.21633333333333346 2.9182105372295886e-38
0.21464285714285694 1.5712298012771953e-40
0.2191874999999997 1.6835418273503742e-41
0.22944444444444415 6.481849429761181e-40
0.2368999999999997 4.605121160926971e-39
0.2386363636363633 1.2647723135032178e-39
0.24441666666666692 2.7064555621349833e-39
0.2508076923076921 4.100968385479758e-39
0.2541071428571423 1.5342998933765312e-38
0.25726666666666564 3.342341656058587e-39
Sampling time (10 samples): 7925.5991 seconds
/scratch/users/yanlan/Retrieval_0705/Output/AM_PM_ET_183_269_00
0.02950000000000001 1.6425642670704578e-39
0.08975000000000007 5.968921053030363e-47
0.12250000000000003 3.237121239303852e-47
0.15925000000000075 3.0701381996047275e-44
0.1883000000000007 6.396025214485795e-42
0.20350000000000026 3.2298527418209148e-40
0.20771428571428613 8.127232407943438e-42
0.2076875000000003 4.1731654901393693e-47
0.21433333333333315 3.452066399288075e-48
0.22584999999999936 1.3234767721668595e-47
0.2327727272727267 1.2591469347114786e-47
0.23574999999999974 1.4425093106250086e-47
0.24269230769230754 4.482856212408711e-47
0.24860714285714233 1.6861629385755053e-47
0.2529666666666667 3.464036376883891e-47
Sampling time (10 samples): 7513.5349 seconds
/scratch/users/yanlan/Retrieval_0705/Output/AM_PM_ET_188_393_00
0.3764999999999998 9.378889029156195e-13
0.3402499999999997 5.28190669037327e-13
0.3293333333333325 1.474650963768554e-12
0.32725000000000043 1.190072320385502e-12
0.33029999999999965 8.969187056498192e-13
0.3299166666666664 9.696166608883268e-13
0.32971428571428507 8.102585007632839e-13
0.328187499999999 1.4395427826050139e-12
0.3266111111111097 2.7314618295983415e-13
0.3248500000000001 6.189048943226478e-13
0.3246818181818194 5.731556714247562e-13
0.32275000000000004 9.501570825064617e-13
0.321269230769231 6.818803900567413e-13
0.3226785714285712 7.632805076706891e-13
0.3218999999999994 4.517843025096884e-13
Sampling time (10 samples): 7521.6217 seconds
/scratch/users/yanlan/Retrieval_0705/Output/AM_PM_ET_194_312_00
0.029000000000000012 9.654928167310142e-38
0.06574999999999998 6.271032414886368e-50
restart...
0.06075 6.31618633012365e-50
restart...
0.06925000000000009 3.089150136734126e-49
restart...
0.053499999999999985 1.6455092774165376e-51
restart...
0.041499999999999905 2.719227296391752e-56
restart...
0.04074999999999995 2.728130571901105e-54
restart...
0.05975000000000003 5.708215245357231e-52
restart...
0.05025000000000008 2.5559207912553507e-54
restart...
0.04649999999999992 2.102600954544399e-55
restart...
0.0445000000000001 8.018977378684558e-57
restart...
0.05074999999999997 5.275279788542217e-54
restart...
0.05400000000000005 1.3193708928614716e-51
restart...
0.03900000000000001 6.136100394914626e-58
restart...
0.05325000000000004 5.0881366294462517e-54
restart...
Sampling time (10 samples): 8011.2202 seconds
