/scratch/users/yanlan/Retrieval_0705/Output/AM_PM_ET_164_311_00
0.08700000000000008 3.6506260014679225e-32
0.19500000000000023 1.292296197045633e-29
0.2271666666666666 3.209914019813893e-29
0.2507499999999999 3.681458662299056e-30
0.26830000000000004 2.3272425705919906e-30
0.2806666666666677 4.608525110664268e-32
0.2819285714285723 3.819070301419197e-34
0.267875000000001 3.898870207965842e-43
0.26816666666666783 1.2828352552111148e-42
0.2673000000000007 4.3843033026438215e-42
0.27113636363636345 6.281576625866413e-41
0.27387500000000065 1.1111382114674003e-40
0.27976923076923066 9.748506199208681e-41
0.2806071428571449 1.6839665436133934e-40
0.28560000000000024 5.265483250086211e-41
Sampling time (10 samples): 8211.7020 seconds
/scratch/users/yanlan/Retrieval_0705/Output/AM_PM_ET_169_458_00
0.3895000000000007 7.833557557797576e-13
0.353250000000001 4.4527401127311785e-13
0.3511666666666673 2.934285382001671e-13
0.340375 6.458469393005038e-13
0.3315000000000026 1.1012391415091366e-12
0.3307500000000014 3.077537898557097e-13
0.33007142857142974 5.239806678900786e-13
0.326875000000001 4.966042433187608e-13
0.3288333333333331 6.238635948436133e-13
0.3265 1.8382869081275716e-13
0.32590909090909176 3.952684651758467e-13
0.3245 2.9314644903226945e-13
0.32450000000000084 1.1713565329550016e-12
0.3211071428571445 8.535792354966639e-13
0.3193333333333332 1.1897081560181737e-12
Sampling time (10 samples): 7574.9737 seconds
/scratch/users/yanlan/Retrieval_0705/Output/AM_PM_ET_175_357_00
0.019499999999999993 7.039812245198258e-41
restart...
0.022999999999999955 8.177568746490896e-38
0.03725 1.6546332726597805e-56
restart...
0.031000000000000014 3.239340553763344e-60
restart...
0.036749999999999956 3.884746193860062e-57
restart...
0.037499999999999964 7.695621775549836e-57
restart...
0.03749999999999994 1.6495849245017233e-57
restart...
0.038250000000000034 8.504354995967134e-56
restart...
0.04049999999999996 1.5374366035918461e-55
restart...
0.03524999999999995 6.62562564744651e-58
restart...
0.03075 1.4666075773077138e-59
restart...
0.03274999999999996 1.4448405079709926e-58
restart...
0.03774999999999995 3.6090595547877073e-56
restart...
0.03699999999999996 1.4183617391230451e-56
restart...
0.036999999999999984 9.020528042454029e-57
restart...
Sampling time (10 samples): 7309.0827 seconds
/scratch/users/yanlan/Retrieval_0705/Output/AM_PM_ET_181_235_00
0.019500000000000007 4.8702998104752505e-40
restart...
0.022500000000000013 3.5031457008688557e-42
0.07050000000000002 7.365332888511366e-52
restart...
0.06900000000000003 1.5748986364425308e-52
restart...
0.07174999999999995 1.2126883501527078e-50
restart...
0.07449999999999997 1.398302204849483e-52
restart...
0.0727500000000001 4.076326415477666e-53
restart...
0.07475 2.1699216292549012e-52
restart...
0.07350000000000022 8.51103702495765e-51
restart...
0.08124999999999988 1.3425265023815002e-49
restart...
0.07050000000000005 1.6535626256625504e-53
restart...
0.07050000000000008 3.083426559857608e-51
restart...
0.07500000000000016 1.7498450437737713e-51
restart...
0.07724999999999997 2.5255283779048314e-51
restart...
0.08050000000000006 2.2288807311883516e-52
restart...
Sampling time (10 samples): 7673.9896 seconds
/scratch/users/yanlan/Retrieval_0705/Output/AM_PM_ET_186_344_00
0.019999999999999997 8.835568239866372e-40
restart...
0.012999999999999986 5.11440344050562e-42
restart...
0.00599999999999999 1.3520406178079287e-49
restart...
0.006000000000000003 8.816918365716987e-48
restart...
0.010499999999999995 4.9174107397043314e-45
restart...
0.025999999999999992 3.245991645802925e-40
0.04974999999999995 8.217172792912214e-55
restart...
0.05149999999999996 1.2232899148872595e-56
restart...
0.06325000000000013 4.405609471601565e-53
restart...
0.06824999999999987 2.6941595452106826e-53
restart...
0.06350000000000001 8.764897566657896e-53
restart...
0.05999999999999996 1.5178159124812629e-54
restart...
0.06575000000000016 1.650378396336739e-53
restart...
0.04875 1.3572468931336811e-56
restart...
0.05675000000000003 1.8598555208978203e-54
restart...
Sampling time (10 samples): 7619.7069 seconds
/scratch/users/yanlan/Retrieval_0705/Output/AM_PM_ET_192_268_00
0.4070000000000005 7.164952826391111e-13
0.3755000000000008 2.0888366039652987e-13
0.3629999999999998 4.801929691013664e-13
0.35125000000000006 5.404374883830163e-13
0.3444999999999984 1.012831313203855e-12
0.3417499999999997 6.316631194380514e-13
0.3373571428571431 9.293399913502797e-13
0.3334999999999988 5.132790451136682e-13
0.3312222222222205 2.10613141534784e-12
0.3304999999999998 7.148010805408076e-13
0.3321818181818185 9.898923047063322e-13
0.33200000000000096 7.405722903131743e-13
0.3307307692307706 7.307613582721461e-13
0.3300714285714303 9.119592819520393e-13
0.3312333333333344 4.712703875462607e-13
Sampling time (10 samples): 7597.9349 seconds
/scratch/users/yanlan/Retrieval_0705/Output/AM_PM_ET_197_381_00
0.04549999999999994 4.253419498639359e-37
0.15450000000000014 3.173051363625344e-35
0.19833333333333356 6.410690371235294e-33
0.2300000000000002 2.846739975356029e-32
0.2535000000000003 2.51394814741216e-31
0.266 8.612149972689028e-31
0.2754285714285711 5.401428934322311e-31
0.28137499999999893 3.0358900927921585e-31
0.2852777777777778 2.9558239909706883e-31
0.28885000000000055 1.5173165843428579e-31
0.2888636363636369 2.6288680188797664e-31
0.2908750000000002 2.9521663310240465e-31
0.2918461538461524 3.4312717605633947e-31
0.2939642857142843 7.346742562935066e-31
0.29653333333333054 4.347081856542667e-31
Sampling time (10 samples): 7635.2611 seconds
