/scratch/users/yanlan/Retrieval_0705/Output/AM_PM_ET_160_440_00
0.014499999999999978 1.8761588387944564e-42
restart...
0.017000000000000005 7.30028117214089e-42
restart...
0.0155 2.624142698623121e-42
restart...
0.012500000000000004 7.283752811491728e-43
restart...
0.01149999999999999 2.612037800618209e-43
restart...
0.015499999999999986 9.998666627307583e-41
restart...
0.010500000000000008 9.067460602401413e-45
restart...
0.015000000000000003 8.913781583282557e-42
restart...
0.01250000000000001 1.5341650191052947e-41
restart...
0.012499999999999985 3.427732426582489e-42
restart...
0.018000000000000002 9.734380940171324e-41
restart...
0.014500000000000004 1.6092498019792935e-40
restart...
0.012999999999999998 6.611374968707313e-44
restart...
0.01799999999999995 3.2845756453664366e-41
restart...
0.011499999999999995 3.646515942182687e-42
restart...
Sampling time (10 samples): 8353.1237 seconds
/scratch/users/yanlan/Retrieval_0705/Output/AM_PM_ET_166_337_00
0.04150000000000001 2.306470499593861e-38
0.07749999999999994 2.63046493042171e-47
0.09799999999999998 1.0097306309910898e-52
restart...
0.09800000000000016 1.1189276492100254e-52
restart...
0.09566666666666682 1.0135862004761938e-53
restart...
0.0964999999999999 6.02661444185727e-54
restart...
0.10050000000000006 1.5625968415527605e-53
restart...
0.10283333333333375 2.997074679788588e-53
restart...
0.09699999999999995 1.0999065984867606e-53
restart...
0.09333333333333334 9.297091452709519e-55
restart...
0.0911666666666665 1.1087826352252789e-56
restart...
0.09850000000000003 1.0122723681781648e-53
restart...
0.09316666666666663 2.5915694971978065e-53
restart...
0.09916666666666676 2.3819854883487398e-54
restart...
0.10416666666666673 3.2689222335029666e-52
restart...
Sampling time (10 samples): 7456.8615 seconds
/scratch/users/yanlan/Retrieval_0705/Output/AM_PM_ET_172_291_00
0.03749999999999999 4.7964845809122684e-36
0.04250000000000003 1.6498144085854292e-56
restart...
0.03425000000000009 8.286377918867499e-64
restart...
0.04124999999999997 6.586417688879338e-57
restart...
0.03149999999999998 2.5040483871840688e-64
restart...
0.03274999999999979 7.341248674207476e-63
restart...
0.04775 2.1685916083014426e-55
restart...
0.03949999999999991 5.805477683188423e-62
restart...
0.039999999999999994 2.1892533630906573e-59
restart...
0.04849999999999997 2.2864104939869453e-54
restart...
0.03975000000000002 1.943809862759256e-59
restart...
0.039499999999999987 2.2664235145371163e-58
restart...
0.04025000000000009 8.436605911544416e-58
restart...
0.030500000000000166 5.363630234813602e-66
restart...
0.041999999999999954 1.1714087545136137e-58
restart...
Sampling time (10 samples): 7823.7173 seconds
/scratch/users/yanlan/Retrieval_0705/Output/AM_PM_ET_177_400_00
0.39900000000000013 1.9421295238509206e-12
0.36700000000000116 6.081565983705854e-13
0.3576666666666675 5.269167522169888e-13
0.3537500000000001 9.657183010018222e-13
0.34829999999999867 7.816876157293513e-13
0.34191666666666454 4.424952239929783e-13
0.3382857142857126 5.770807295872554e-13
0.3339374999999988 5.171437178147853e-13
0.3324999999999991 5.191847363458013e-13
0.33209999999999973 5.343665325872931e-13
0.3317727272727268 3.0971750246080985e-13
0.33041666666666647 4.0198447942834784e-13
0.3279230769230765 5.845213717487392e-13
0.3284285714285721 7.765240734885733e-13
0.3272000000000006 8.04331850032132e-13
Sampling time (10 samples): 7533.2153 seconds
/scratch/users/yanlan/Retrieval_0705/Output/AM_PM_ET_183_253_00
0.06399999999999999 2.3385568877396313e-36
0.18650000000000014 1.3197009647200557e-33
0.2463333333333334 4.331680523893679e-33
0.255374999999999 1.3443979247324013e-33
0.2584999999999985 3.903236962107418e-33
0.26974999999999794 3.133676723584026e-32
0.27299999999999824 3.0654501305106606e-33
0.2766249999999995 3.906703945278027e-33
0.28033333333333277 7.363778899729821e-34
0.27770000000000133 5.720101160763122e-35
0.26963636363636584 6.830380422429946e-40
0.26229166666666737 2.5223563436105065e-46
0.2536538461538464 2.0586126150808025e-49
restart...
0.2551923076923064 1.3076903487619595e-48
0.25485714285714184 2.3591540736626595e-47
Sampling time (10 samples): 7499.5691 seconds
/scratch/users/yanlan/Retrieval_0705/Output/AM_PM_ET_188_383_00
0.028499999999999984 2.538781298617337e-37
0.13874999999999987 3.0780110899504157e-38
0.19200000000000017 1.7420918952721646e-35
0.19575000000000015 4.5350479075601787e-38
0.2069999999999999 6.172951532441973e-40
0.2213333333333329 2.4368152080830094e-40
0.23064285714285668 2.862993817795462e-40
0.239437499999999 1.6850062178897675e-39
0.24177777777777712 8.521706122670667e-40
0.2449999999999994 2.4648105154319005e-40
0.24672727272727235 7.288344661259699e-41
0.24991666666666626 1.0806129929809208e-39
0.2536538461538438 1.118250345705316e-39
0.25596428571428453 1.5482784523787465e-39
0.25556666666666517 3.055445583215988e-40
Sampling time (10 samples): 7548.9680 seconds
/scratch/users/yanlan/Retrieval_0705/Output/AM_PM_ET_194_302_00
0.09349999999999999 2.0202514843279244e-29
0.07049999999999998 1.1228364368039975e-53
restart...
0.05224999999999989 6.672156088287704e-65
restart...
0.06999999999999994 6.285469512051551e-50
restart...
0.06949999999999995 2.9632359992503663e-52
restart...
0.0842499999999999 5.5320998480122e-51
restart...
0.06625000000000006 1.2059888084192746e-53
restart...
0.06025000000000001 1.2009114568845262e-58
restart...
0.07050000000000001 3.2536109800235265e-54
restart...
0.06599999999999998 3.6791658293321828e-53
restart...
0.07899999999999996 1.920103612669863e-51
restart...
0.07949999999999995 2.537236292072325e-48
0.07450000000000002 2.998007928441953e-63
restart...
0.07999999999999978 4.593339639734392e-61
restart...
0.08349999999999985 5.241673184118878e-60
restart...
Sampling time (10 samples): 11572.2623 seconds
