/scratch/users/yanlan/Retrieval_0705/Output/AM_PM_ET_160_291_00
0.03900000000000004 2.904876885301632e-37
0.09699999999999985 6.250458698367646e-43
0.11866666666666648 5.254168493542277e-47
0.13187499999999952 5.58682368108511e-49
restart...
0.07725000000000008 1.0349477796959682e-42
0.1064999999999999 1.6258031232871106e-46
0.12562499999999993 5.558564645169432e-47
0.14859999999999965 2.4710135378548076e-47
0.15908333333333324 4.024330180521911e-46
0.17100000000000026 1.154298408896467e-44
0.17437500000000006 1.1150646362789964e-44
0.17272222222222236 2.151210955071469e-49
restart...
0.08500000000000009 1.4189818806771995e-44
0.1326666666666667 1.799431663751125e-46
0.14912500000000026 2.668054828998718e-45
Sampling time (10 samples): 7454.2382 seconds
/scratch/users/yanlan/Retrieval_0705/Output/AM_PM_ET_165_410_00
0.01399999999999999 5.511342304183834e-41
restart...
0.013499999999999991 6.687867771780963e-44
restart...
0.00850000000000001 2.316243975262938e-45
restart...
0.012999999999999992 5.085626707642382e-44
restart...
0.019499999999999986 4.819575582073938e-42
restart...
0.021500000000000016 9.48424280776184e-40
0.017249999999999967 5.0884642548385944e-73
restart...
0.025250000000000033 8.666115851770405e-66
restart...
0.01850000000000001 5.020923427544454e-71
restart...
0.017750000000000016 1.0727914135301535e-73
restart...
0.01775000000000008 1.303160862692533e-72
restart...
0.017249999999999998 9.101445932766856e-74
restart...
0.02450000000000003 3.88064808355331e-66
restart...
0.015000000000000005 8.394227473480785e-75
restart...
0.02200000000000001 4.942420063262539e-69
restart...
Sampling time (10 samples): 7949.2463 seconds
/scratch/users/yanlan/Retrieval_0705/Output/AM_PM_ET_171_332_00
0.010999999999999994 6.3008621158011035e-46
restart...
0.0075000000000000015 5.888896639962759e-46
restart...
0.021000000000000008 1.6021439113353422e-39
0.020750000000000008 7.549162843451377e-68
restart...
0.015250000000000007 3.294948205672666e-76
restart...
0.02000000000000002 2.9633919862417585e-72
restart...
0.022999999999999993 3.353666078879011e-66
restart...
0.024249999999999994 8.556614443794774e-68
restart...
0.019249999999999982 2.6380939524417627e-71
restart...
0.02175000000000004 8.246469210992586e-69
restart...
0.022749999999999968 3.428616162373088e-68
restart...
0.018999999999999993 1.8791225629310412e-71
restart...
0.014749999999999987 1.9420728965820304e-78
restart...
0.019750000000000014 1.1762445073692912e-70
restart...
0.02049999999999999 6.397254240254485e-69
restart...
Sampling time (10 samples): 7798.9696 seconds
/scratch/users/yanlan/Retrieval_0705/Output/AM_PM_ET_176_460_00
0.3940000000000002 9.808065291506774e-13
0.3622499999999997 7.301904067694825e-13
0.34799999999999903 2.7178304157679553e-12
0.3414999999999991 3.7620259750850507e-13
0.3356999999999982 5.524428008907403e-13
0.33149999999999846 8.294865012718762e-13
0.32714285714285585 8.439298922315918e-13
0.32618749999999896 4.484756401290948e-13
0.32461111111111024 1.0449421777395194e-12
0.324450000000001 6.290929357961707e-13
0.32500000000000023 2.039124205472866e-13
0.3232916666666675 2.7869932427711263e-13
0.3223076923076937 4.2016611534695614e-13
0.32189285714285903 4.908382034719723e-13
0.32220000000000176 3.4534109484738655e-13
Sampling time (10 samples): 7899.8332 seconds
/scratch/users/yanlan/Retrieval_0705/Output/AM_PM_ET_182_320_00
0.015999999999999993 3.3514542673507166e-42
restart...
0.01349999999999998 6.738070359664539e-42
restart...
0.018999999999999986 1.9248221696290894e-40
restart...
0.01749999999999999 4.2491570501175065e-39
restart...
0.008499999999999976 1.3557504126650948e-47
restart...
0.025000000000000005 3.5025631816677407e-38
0.08775000000000008 2.3845420129842824e-45
0.12633333333333321 2.2481895600174233e-45
0.15774999999999997 8.943279449994641e-43
0.1750999999999996 4.665172580166546e-40
0.1887499999999997 3.061413353286608e-38
0.19107142857142845 2.875252019949e-37
0.2012500000000003 1.9230550276571604e-36
0.20750000000000027 4.1178282778319257e-36
0.2135500000000001 7.787625780434364e-36
Sampling time (10 samples): 8207.2262 seconds
/scratch/users/yanlan/Retrieval_0705/Output/AM_PM_ET_188_247_00
0.008499999999999999 2.0917345448937275e-44
restart...
0.01199999999999999 1.9506276369284124e-43
restart...
0.014 1.5125088213353855e-43
restart...
0.019500000000000003 8.048812845459933e-41
restart...
0.021000000000000005 2.25904127609649e-40
0.12625000000000008 2.7848447710897445e-39
0.1813333333333341 2.631840936488415e-35
0.21475000000000083 1.1238113031920592e-33
0.20100000000000107 2.7671133473182364e-53
restart...
0.22300000000000023 1.3744761985794694e-33
0.19816666666666677 5.496891968394334e-62
restart...
0.20108333333333372 3.45324457384397e-59
restart...
0.23783333333333356 2.4495914000185683e-32
0.21200000000000022 1.1703335415876715e-57
restart...
0.24628571428571458 1.1437175730425641e-32
Sampling time (10 samples): 8194.3686 seconds
/scratch/users/yanlan/Retrieval_0705/Output/AM_PM_ET_193_351_00
0.025000000000000015 7.501169086648878e-40
0.09625000000000011 5.1316463671774296e-45
0.13950000000000012 2.6829172401627287e-45
0.16724999999999993 7.481073411178244e-43
0.1895999999999996 2.443211759018821e-41
0.20299999999999946 5.904766320878829e-41
0.21428571428571397 5.553277257952342e-40
0.22668750000000007 7.548043990240017e-40
0.23572222222222222 6.212518237153327e-40
0.245 3.7373442122605324e-39
0.2535909090909098 1.869660995354454e-39
0.2576666666666681 1.1388419412822402e-39
0.2613846153846151 8.194379950695493e-40
0.26450000000000123 3.6712492802514673e-40
0.26616666666666705 1.8586881185917573e-39
Sampling time (10 samples): 8099.4151 seconds
