/scratch/users/yanlan/Retrieval_0705/Output/AM_PM_ET_160_361_00
0.04099999999999998 5.3906714200478e-38
0.07599999999999994 1.2300009514028575e-45
0.12316666666666655 6.159715577629546e-46
0.14212499999999964 1.9250525033563e-49
restart...
0.07325000000000005 4.320347727261775e-50
restart...
0.06774999999999995 9.318078844328306e-50
restart...
0.07000000000000009 2.0748870849413263e-51
restart...
0.06825000000000002 1.923819289053019e-51
restart...
0.07275000000000004 3.1482882322202885e-49
restart...
0.07149999999999997 9.433622182452385e-50
restart...
0.07024999999999994 1.5927560300511323e-48
0.10616666666666658 1.4274307349188083e-49
restart...
0.061249999999999985 2.903821408824889e-51
restart...
0.08375 2.0789069189539193e-50
restart...
0.06299999999999999 5.457932723179008e-52
restart...
Sampling time (10 samples): 7865.3882 seconds
/scratch/users/yanlan/Retrieval_0705/Output/AM_PM_ET_166_276_00
0.010999999999999996 9.385502637500323e-44
restart...
0.010000000000000007 1.2999012121675682e-45
restart...
0.011499999999999995 1.7395976209741017e-43
restart...
0.0095 1.6530320283636015e-45
restart...
0.010499999999999999 4.33802522518703e-44
restart...
0.014499999999999997 1.2873750972938993e-43
restart...
0.01499999999999999 2.245991247785756e-42
restart...
0.0075000000000000015 4.110578728043904e-46
restart...
0.009999999999999992 4.431605583697589e-45
restart...
0.01249999999999999 6.709051502501669e-44
restart...
0.008000000000000002 2.7710205250531962e-45
restart...
0.009499999999999996 1.223310986271584e-44
restart...
0.009499999999999998 4.0063331918461296e-44
restart...
0.01649999999999998 8.26487662413704e-40
restart...
0.014000000000000009 9.991194512707763e-41
restart...
Sampling time (10 samples): 8841.2247 seconds
/scratch/users/yanlan/Retrieval_0705/Output/AM_PM_ET_171_428_00
0.06800000000000012 5.586021364014053e-32
0.11274999999999996 3.571315915872797e-38
0.122 1.5162367570244194e-46
0.12412499999999987 9.396896599526704e-55
restart...
0.06125000000000001 2.621290003374066e-52
restart...
0.0915 4.9194465446570625e-46
0.14116666666666697 1.118054605335841e-42
0.17425000000000068 1.231701010795426e-41
0.196300000000001 3.989143877875891e-41
0.21425000000000066 9.335481156502992e-39
0.22957142857142945 1.0873282383570423e-38
0.24118750000000053 3.3011835293239894e-39
0.2452777777777784 1.797261873478212e-39
0.25145000000000023 2.577909385101051e-39
0.25413636363636427 6.742137008762841e-39
Sampling time (10 samples): 7953.9762 seconds
/scratch/users/yanlan/Retrieval_0705/Output/AM_PM_ET_177_307_00
0.028000000000000008 2.2181395316261052e-39
0.15049999999999988 4.356808800293761e-37
0.20583333333333328 1.5398000651552416e-34
0.21587500000000015 2.447128914695657e-33
0.23310000000000056 5.72762226660321e-33
0.24900000000000094 1.8637308045614437e-31
0.26735714285714157 8.57674905846767e-32
0.2793749999999981 1.0312584342427422e-31
0.28638888888888714 8.806704158289159e-32
0.2933499999999982 4.4569652762208066e-32
0.3004090909090919 5.729174471159535e-32
0.3052916666666676 5.814385336383036e-32
0.3079615384615403 7.059904959121114e-32
0.3118214285714317 6.636991282067481e-32
0.3150000000000019 1.0788710575802914e-31
Sampling time (10 samples): 7870.0285 seconds
/scratch/users/yanlan/Retrieval_0705/Output/AM_PM_ET_182_400_00
0.3815000000000004 1.4845603893700465e-12
0.34700000000000036 1.0693791306209202e-12
0.33966666666666784 2.360569270981101e-13
0.33050000000000124 2.403159903193955e-13
0.32530000000000125 2.4185040574113903e-13
0.32200000000000106 1.3966605815242933e-12
0.32564285714285834 8.067521083315825e-13
0.32475000000000126 5.94031700437132e-13
0.3241666666666673 1.2543777881747869e-13
0.3245000000000017 2.512481589112171e-13
0.32636363636363885 2.689681837014733e-13
0.3261250000000039 7.633727208704402e-13
0.322807692307696 8.739225099376892e-13
0.32239285714286076 6.488674702742752e-13
0.3213000000000031 9.553155005100043e-13
Sampling time (10 samples): 7945.2140 seconds
/scratch/users/yanlan/Retrieval_0705/Output/AM_PM_ET_188_314_00
0.025500000000000016 7.453438735584548e-38
0.12824999999999956 1.1072089017520357e-38
0.12433333333333316 1.0249556673821506e-50
restart...
0.04325 9.091740531103684e-55
restart...
0.1115 8.598734503355852e-41
0.14300000000000018 5.185129816988556e-47
0.15100000000000033 2.960193973778094e-48
0.16940000000000022 1.8454791152987465e-46
0.18199999999999975 7.364328602957288e-45
0.19114285714285725 4.645085738213606e-44
0.20256249999999962 3.399782702565027e-42
0.2118333333333334 1.1210048813313669e-42
0.21445000000000017 1.5748249672337046e-42
0.21904545454545496 5.6313664969065796e-42
0.22416666666666757 2.0126498289182726e-41
Sampling time (10 samples): 9170.8779 seconds
/scratch/users/yanlan/Retrieval_0705/Output/AM_PM_ET_194_235_00
0.006999999999999994 4.515171868398714e-46
restart...
0.013500000000000002 2.4993207841449676e-42
restart...
0.03699999999999998 7.962527229116975e-39
0.15200000000000016 5.7499514092629915e-39
0.2160000000000001 1.5030631255882755e-35
0.24000000000000016 5.1110673911145935e-37
0.23660000000000042 1.5166421592211976e-38
0.22958333333333364 3.149780371005892e-41
0.2246428571428573 1.2664886512124898e-44
0.23456250000000048 3.019241438662314e-41
0.2532222222222226 1.4000387862136222e-39
0.2663000000000001 3.63214754386159e-39
0.27263636363636296 3.582608920445875e-39
0.2825833333333345 3.596484507415964e-39
0.28938461538461663 1.59427199381463e-39
Sampling time (10 samples): 7832.0692 seconds
