/scratch/users/yanlan/Retrieval_0705/Output/AM_PM_ET_165_337_00
0.014 1.2388465161512528e-43
restart...
0.010499999999999995 3.4525794010758982e-43
restart...
0.009499999999999998 1.0143362103134373e-44
restart...
0.0315 1.7578173607055143e-37
0.06450000000000003 5.463828911603322e-51
restart...
0.07874999999999995 1.4180984718222234e-48
0.11699999999999973 1.7926135151060117e-50
restart...
0.13049999999999984 1.542206836183788e-37
0.12116666666666642 8.672185175641666e-50
restart...
0.09174999999999996 1.0903356815197375e-45
0.10966666666666666 1.1992952110813795e-50
restart...
0.0720000000000002 6.375618517129724e-48
0.0973333333333333 2.499959727313027e-53
restart...
0.13424999999999973 8.988541013058245e-37
0.1283333333333341 5.734960558413779e-48
Sampling time (10 samples): 7202.4582 seconds
/scratch/users/yanlan/Retrieval_0705/Output/AM_PM_ET_171_276_00
0.025499999999999974 3.06487357868629e-39
0.15749999999999972 7.759727389716549e-38
0.20083333333333314 5.237203709894037e-35
0.17674999999999988 1.1313454927836083e-49
restart...
0.17849999999999985 7.35432199924738e-49
restart...
0.18037499999999987 2.503568266987494e-50
restart...
0.1765 1.8023046232204738e-49
restart...
0.17399999999999968 3.219747606936251e-51
restart...
0.1798749999999998 6.489586428710024e-48
0.19119999999999987 3.4179854862599856e-47
0.20591666666666628 1.2658215756476811e-45
0.216285714285714 1.739776182942038e-43
0.2224374999999996 2.827070526396439e-43
0.21877777777777727 1.2099671448283186e-45
0.22364999999999946 3.998355340625756e-47
Sampling time (10 samples): 7663.6175 seconds
/scratch/users/yanlan/Retrieval_0705/Output/AM_PM_ET_176_398_00
0.3775000000000003 2.4103316274731545e-12
0.35550000000000065 4.25254200347245e-13
0.3351666666666663 7.349837555612065e-13
0.33337499999999914 7.560651028524786e-13
0.3349999999999992 1.2425296475018059e-12
0.336666666666666 9.950543361734167e-13
0.3377142857142855 2.3804745168209593e-13
0.33337499999999903 7.363472691626067e-13
0.33338888888888796 1.2532658059832257e-12
0.3339999999999979 1.4900232184105766e-12
0.3295909090909069 4.1209720108835616e-13
0.32716666666666533 1.5848583381510229e-12
0.3278846153846159 5.964759933164529e-13
0.3259285714285717 3.641952214392442e-13
0.3254666666666666 2.4665131570955313e-13
Sampling time (10 samples): 7357.8694 seconds
/scratch/users/yanlan/Retrieval_0705/Output/AM_PM_ET_182_263_00
0.04200000000000002 7.1031593427880255e-37
0.08925000000000015 1.4708084288202938e-44
0.14616666666666636 1.0613965648846574e-41
0.1883749999999994 8.264630006822914e-39
0.1718999999999997 8.69335154780081e-54
restart...
0.07475000000000001 9.549875174282662e-49
restart...
0.08275000000000009 8.635148874565979e-44
0.09566666666666669 2.450831577022903e-53
restart...
0.10674999999999983 7.863604568448907e-42
0.1429999999999994 3.1992890139226865e-47
0.13862499999999958 8.36160460288499e-53
restart...
0.05700000000000003 6.840017361590627e-51
restart...
0.13599999999999998 1.8118662448294164e-40
0.17000000000000048 6.699085384645798e-41
0.19562500000000038 2.116990529143954e-38
Sampling time (10 samples): 7772.7455 seconds
/scratch/users/yanlan/Retrieval_0705/Output/AM_PM_ET_187_385_00
0.022499999999999992 9.281521281554393e-39
0.0665000000000001 1.2546247958816054e-46
0.09649999999999995 8.246155124920569e-50
restart...
0.07475000000000002 5.70290540491197e-46
0.11433333333333347 5.0704484519624556e-48
0.11650000000000006 2.3607706809728965e-55
restart...
0.0940000000000001 4.984357429965022e-46
0.1355 9.817149921444035e-46
0.15699999999999983 1.4649134815866492e-45
0.16750000000000018 1.723763827171746e-45
0.17508333333333334 8.768433610079703e-45
0.17492857142857096 1.3790487719368205e-49
restart...
0.08825 1.0909296865023517e-45
0.1205 1.2060291588738948e-47
0.13637499999999989 4.291027432178193e-48
Sampling time (10 samples): 8137.7506 seconds
/scratch/users/yanlan/Retrieval_0705/Output/AM_PM_ET_193_295_00
0.07399999999999995 2.0119679245754855e-34
0.15174999999999972 7.270197381403719e-35
0.1863333333333335 5.455549855215507e-37
0.20674999999999985 1.8304435625859987e-37
0.21949999999999978 1.8531882427771303e-39
0.2220833333333328 7.2759330212265834e-40
0.23235714285714232 6.575177581416166e-38
0.23831249999999946 1.5710562614578899e-37
0.24649999999999986 2.2727490698369397e-37
0.24900000000000008 2.7140031496770835e-38
0.25604545454545563 7.543980350474078e-39
0.26079166666666775 6.8503707769336275e-40
0.26565384615384674 6.199282596371879e-39
0.2706071428571445 1.7722873558168343e-39
0.27440000000000103 8.763345926157034e-39
Sampling time (10 samples): 7803.6291 seconds
/scratch/users/yanlan/Retrieval_0705/Output/AM_PM_ET_198_398_00
0.04800000000000004 1.7697173143681145e-35
0.1027499999999999 1.3931344872840487e-39
0.12166666666666659 3.4640069414605744e-42
0.13087500000000027 1.0018511293166166e-44
0.14319999999999997 2.710108679783433e-44
0.148833333333333 1.3162706148031006e-44
0.16092857142857173 7.492152116918767e-42
0.17462499999999997 4.2494199942385285e-37
0.18588888888888938 1.504596984138511e-33
0.19199999999999948 2.325026898884081e-33
0.1995909090909085 2.524439502211458e-33
0.20554166666666648 3.1475499318466513e-32
0.21284615384615382 8.042620903846378e-33
0.21660714285714236 8.080377073017703e-34
0.22269999999999993 2.6105049149827762e-33
Sampling time (10 samples): 7745.2335 seconds
