/scratch/users/yanlan/Retrieval_0705/Output/AM_PM_ET_160_290_00
0.043500000000000004 3.9281438600708924e-36
0.10675000000000004 3.931144274503076e-47
0.07850000000000004 4.0845609723518273e-78
restart...
0.10966666666666675 3.61205177382257e-56
restart...
0.08600000000000013 1.3980913750210835e-70
restart...
0.08166666666666685 1.3225894032943268e-74
restart...
0.11150000000000021 1.3710049980264713e-55
restart...
0.12200000000000011 6.7956517905536e-50
restart...
0.1255000000000001 1.4159742369444346e-51
restart...
0.11100000000000017 7.652238240977086e-54
restart...
0.07933333333333346 9.453680833249812e-78
restart...
0.11066666666666661 1.769400103291116e-54
restart...
0.12200000000000015 5.399361584797386e-53
restart...
0.1195000000000002 8.924135744999188e-53
restart...
0.1250000000000001 1.7073192078563167e-51
restart...
Sampling time (10 samples): 12357.9983 seconds
/scratch/users/yanlan/Retrieval_0705/Output/AM_PM_ET_165_409_00
0.01449999999999999 1.0164419104561525e-40
restart...
0.014500000000000006 6.077466531383787e-41
restart...
0.0145 1.476181942130336e-41
restart...
0.008499999999999997 1.6712144685727602e-45
restart...
0.011000000000000018 5.93626991854912e-44
restart...
0.022999999999999996 3.762819300761802e-39
0.04225000000000002 2.386749717707503e-55
restart...
0.051249999999999955 7.91872543775107e-54
restart...
0.04325000000000003 1.6773244083408666e-55
restart...
0.04600000000000004 1.8976672283186308e-53
restart...
0.04250000000000007 4.794422868611861e-55
restart...
0.045500000000000006 9.95048632958887e-55
restart...
0.04650000000000004 1.4787052148670656e-52
restart...
0.04625000000000005 4.638025797124405e-53
restart...
0.04524999999999992 7.809011320512226e-55
restart...
Sampling time (10 samples): 7989.3299 seconds
/scratch/users/yanlan/Retrieval_0705/Output/AM_PM_ET_171_331_00
0.006499999999999995 4.757421976716955e-48
restart...
0.009999999999999992 8.484307187218543e-45
restart...
0.02049999999999998 1.415489953644331e-41
0.031499999999999986 2.07028040059244e-62
restart...
0.042750000000000024 1.0664754388207754e-56
restart...
0.02174999999999998 2.359921449425865e-75
restart...
0.03225 4.0331227335360765e-62
restart...
0.03200000000000001 2.5700080755053533e-63
restart...
0.029750000000000026 3.647659846610802e-64
restart...
0.03924999999999999 2.0446919809887105e-59
restart...
0.03925 4.9860881451855245e-58
restart...
0.028499999999999977 1.9427030074601718e-65
restart...
0.03074999999999999 8.07975107917715e-67
restart...
0.04125000000000003 4.132133317340357e-57
restart...
0.034749999999999996 7.928451100843464e-60
restart...
Sampling time (10 samples): 7940.3973 seconds
/scratch/users/yanlan/Retrieval_0705/Output/AM_PM_ET_176_459_00
0.383 1.8810945157661434e-12
0.36799999999999944 7.373681968733929e-13
0.3456666666666657 3.6082251005205143e-13
0.33775 5.001697326697403e-13
0.33279999999999943 3.8221919822034505e-13
0.3333333333333326 8.745246966540923e-13
0.3334285714285709 1.5234004987148168e-12
0.3314374999999998 7.92939804089306e-13
0.3273888888888881 1.2071646963450865e-12
0.32540000000000086 4.0117123990651817e-13
0.3235909090909108 3.375618547313405e-13
0.323750000000002 1.203541777259135e-12
0.32311538461538686 5.870737210796904e-13
0.3217142857142884 2.8057885891922757e-13
0.32230000000000114 7.983196337186893e-13
Sampling time (10 samples): 7919.4798 seconds
/scratch/users/yanlan/Retrieval_0705/Output/AM_PM_ET_182_319_00
0.028500000000000004 3.399436908848114e-40
0.05524999999999999 2.4689381928156776e-53
restart...
0.05599999999999995 7.821460956881055e-54
restart...
0.05124999999999996 1.1556509885269644e-53
restart...
0.051000000000000004 2.885190567336379e-55
restart...
0.05949999999999994 1.5897908102235952e-50
restart...
0.053250000000000026 2.0969832846858848e-54
restart...
0.05625 1.6767674802431576e-53
restart...
0.05725000000000007 1.412488711487926e-52
restart...
0.05649999999999994 6.412996884599942e-53
restart...
0.06125000000000001 1.4261948946057408e-52
restart...
0.04849999999999999 2.738271917745501e-52
restart...
0.052750000000000075 5.538996048965825e-53
restart...
0.053499999999999964 6.162832973063352e-54
restart...
0.057749999999999996 1.6494051104584015e-49
restart...
Sampling time (10 samples): 7926.6879 seconds
/scratch/users/yanlan/Retrieval_0705/Output/AM_PM_ET_188_246_00
0.019500000000000028 2.5130133215020967e-42
restart...
0.04200000000000001 1.99232960333726e-36
0.0969999999999999 4.694019314630283e-43
0.09716666666666682 1.2084984015973546e-54
restart...
0.07299999999999997 2.9237010564802703e-47
0.09916666666666689 7.184815246664937e-54
restart...
0.09300000000000008 1.1811845142914217e-42
0.09883333333333331 2.783326095105853e-53
restart...
0.057499999999999996 3.46515746789255e-51
restart...
0.08225000000000006 1.379394411583126e-44
0.0963333333333333 5.219948056748828e-52
restart...
0.06174999999999983 3.536449232269722e-54
restart...
0.10200000000000026 1.6079018586608544e-41
0.09050000000000025 3.996202604142874e-57
restart...
0.0969999999999999 3.059938312591707e-42
Sampling time (10 samples): 8232.4261 seconds
/scratch/users/yanlan/Retrieval_0705/Output/AM_PM_ET_193_350_00
0.08050000000000003 1.1491405303543082e-32
0.1875000000000001 8.144497613770803e-31
0.19483333333333377 4.247778508006951e-34
0.1975000000000006 3.8504340085759045e-36
0.20330000000000073 5.475370181551291e-38
0.20008333333333364 4.602534252021102e-43
0.2022142857142866 6.26439177141392e-44
0.20662500000000109 7.064531474419428e-42
0.2047777777777792 1.19361569703683e-45
0.19060000000000096 3.263521102681334e-67
restart...
0.20260000000000153 3.332936709610991e-51
restart...
0.2008000000000007 6.702534389969558e-52
restart...
0.20155000000000065 4.107294146995613e-51
restart...
0.20530000000000118 2.75294803171367e-45
0.2005454545454556 4.496745984427818e-56
restart...
Sampling time (10 samples): 8029.6385 seconds
