/scratch/users/yanlan/Retrieval_0705/Output/AM_PM_ET_162_292_00
0.066 9.522191627661601e-35
0.15624999999999997 3.890815562644134e-34
0.19133333333333347 2.832953143097471e-33
0.20337500000000017 9.008458715722952e-34
0.21489999999999987 6.505333998365642e-34
0.22691666666666635 9.24059047915548e-34
0.23457142857142846 4.876074965032573e-33
0.24118749999999997 2.914302708371223e-33
0.2435555555555555 3.2777639020805778e-34
0.24690000000000004 3.2701434383452883e-34
0.2504545454545459 1.2162670321260607e-34
0.2528333333333337 2.0918897792963945e-35
0.2568846153846154 7.932723076019417e-35
0.2581785714285726 1.0131854332661157e-34
0.25876666666666687 4.790359451509104e-35
Sampling time (10 samples): 7154.0312 seconds
/scratch/users/yanlan/Retrieval_0705/Output/AM_PM_ET_167_412_00
0.01300000000000001 1.936697451190321e-41
restart...
0.022500000000000058 2.2967831669874095e-38
0.02225000000000004 1.5287634000542415e-69
restart...
0.02600000000000004 8.150604468871465e-64
restart...
0.031250000000000076 1.8974927967822378e-59
restart...
0.03199999999999997 2.299097230471245e-58
restart...
0.02900000000000001 1.735523744859566e-61
restart...
0.03250000000000003 7.816530214669925e-60
restart...
0.032250000000000015 3.1077317383532e-61
restart...
0.02850000000000004 3.7409942735063e-61
restart...
0.027250000000000024 2.798789605077641e-64
restart...
0.026250000000000075 4.683413137243087e-65
restart...
0.027000000000000038 4.530425555321585e-64
restart...
0.02900000000000002 6.774703656171054e-62
restart...
0.03225000000000005 1.2035560289851632e-59
restart...
Sampling time (10 samples): 7403.8197 seconds
/scratch/users/yanlan/Retrieval_0705/Output/AM_PM_ET_173_363_00
0.41800000000000026 4.756735995722003e-13
0.35325 7.096605351982963e-13
0.33799999999999886 5.593606285744973e-13
0.33437499999999976 1.0473233335561585e-12
0.32909999999999845 7.1618370759984e-13
0.329833333333333 8.59385981797401e-13
0.3306428571428583 3.727848988079067e-13
0.3313125000000003 3.1960186539142294e-13
0.32966666666666605 6.908261690312641e-13
0.33134999999999987 1.1674934331695284e-12
0.33154545454545414 5.594360151607024e-13
0.32949999999999907 6.758733628443071e-13
0.32888461538461383 5.45649963090035e-13
0.3283214285714272 2.828112346068748e-13
0.32756666666666423 8.106856188971294e-13
Sampling time (10 samples): 7628.3793 seconds
/scratch/users/yanlan/Retrieval_0705/Output/AM_PM_ET_178_454_00
0.3824999999999997 9.545016637622762e-13
0.35300000000000004 5.744861982142892e-13
0.34716666666666607 8.709438175397531e-13
0.3343749999999994 2.1141094098419082e-12
0.335499999999999 3.79026803352963e-13
0.32949999999999935 9.855436920915838e-13
0.3275714285714282 9.306632304265533e-13
0.32487499999999897 6.11097703750379e-13
0.3240555555555547 1.148378841254293e-12
0.32539999999999886 2.166734323588339e-12
0.3266818181818174 8.261396759717627e-13
0.3245416666666653 8.009957243740423e-13
0.324423076923075 6.490223618513835e-13
0.32582142857142804 5.748474979057198e-13
0.32496666666666485 7.736343019994659e-13
Sampling time (10 samples): 7554.1960 seconds
/scratch/users/yanlan/Retrieval_0705/Output/AM_PM_ET_184_313_00
0.02400000000000001 1.1379127643493188e-39
0.12425000000000008 3.580497999974841e-41
0.14783333333333298 1.3573316488376025e-44
0.16749999999999943 2.9035788412044968e-46
0.19459999999999886 5.75718899405555e-44
0.2101666666666656 2.070895993600628e-41
0.21235714285714224 1.914584617666228e-43
0.220624999999999 8.378258324246512e-44
0.22588888888888828 3.5010948671159464e-43
0.23124999999999968 1.4393703321831854e-43
0.23386363636363644 4.950648078060927e-43
0.239416666666667 8.419640543881032e-43
0.24111538461538454 5.401459470588496e-43
0.2462142857142856 8.272003121783249e-43
0.24913333333333323 4.297358195541406e-43
Sampling time (10 samples): 7373.8302 seconds
/scratch/users/yanlan/Retrieval_0705/Output/AM_PM_ET_190_244_00
0.03549999999999996 5.667343168881512e-37
0.11099999999999995 5.318676469736481e-41
0.15899999999999997 1.044107603152741e-37
0.15487499999999976 2.142737670990152e-43
0.17820000000000003 2.196798469303197e-40
0.19974999999999965 1.33055289302617e-37
0.21685714285714244 2.2305445865936047e-36
0.23218749999999888 3.343732515144467e-36
0.24383333333333257 4.726355711521292e-36
0.2516999999999996 3.9440524445983404e-36
0.25795454545454566 4.008712395893723e-36
0.2633749999999998 4.467424956719277e-36
0.2685 3.136236756704554e-36
0.27185714285714174 3.336117799186173e-36
0.2734666666666654 1.8328733156354293e-36
Sampling time (10 samples): 7471.5802 seconds
/scratch/users/yanlan/Retrieval_0705/Output/AM_PM_ET_195_362_00
0.013499999999999991 9.047682414968755e-44
restart...
0.04199999999999999 4.31708313788709e-37
0.13324999999999998 1.0027288530863508e-38
0.18216666666666592 2.691234801866994e-37
0.21299999999999944 1.037126360716961e-35
0.23739999999999967 3.153932804160474e-33
0.25191666666666634 1.0643203492698392e-33
0.262285714285713 2.9484797351068564e-33
0.2703124999999987 1.755590782178967e-33
0.27783333333333166 8.193609767427777e-34
0.28399999999999886 5.978607400811723e-34
0.28622727272727216 1.4972697047056728e-33
0.2919583333333328 2.883821191757868e-33
0.29488461538461397 9.164696955240694e-34
0.29753571428571257 5.143670823792505e-34
Sampling time (10 samples): 7558.2265 seconds
