/scratch/users/yanlan/Retrieval_0705/Output/AM_PM_ET_164_241_00
0.02700000000000003 8.00909825069965e-39
0.1605000000000002 2.1541931245304515e-36
0.22483333333333252 9.152962032504125e-34
0.25874999999999954 1.6198827771462934e-32
0.2746999999999993 2.571827421561078e-32
0.2878333333333337 1.0080002372121826e-31
0.2946428571428562 1.169345935835618e-31
0.30031249999999876 7.884552832113701e-32
0.30555555555555414 2.731598081993839e-32
0.308999999999999 6.480722434543852e-32
0.31236363636363523 1.6674918780018844e-31
0.31383333333333335 1.7416915121748013e-32
0.3171153846153841 5.438298031740753e-32
0.3187499999999996 6.19590170939361e-32
0.31983333333333125 7.626201869857315e-32
Sampling time (10 samples): 7475.0752 seconds
/scratch/users/yanlan/Retrieval_0705/Output/AM_PM_ET_169_396_00
0.015999999999999986 8.189025209645775e-41
restart...
0.021999999999999995 5.756755232309921e-42
0.12799999999999995 9.941242285164594e-44
0.18716666666666693 2.751162688101426e-40
0.2132500000000007 1.8037802618098647e-38
0.21490000000000045 5.2852762297800536e-42
0.21083333333333382 2.4797340063057278e-46
0.22242857142857167 1.5423508501058642e-43
0.22612500000000066 4.354794452842275e-43
0.21761111111111234 1.025684260811348e-51
restart...
0.2241111111111117 3.901202473703608e-46
0.22610000000000063 4.718911147576435e-47
0.22759090909090945 1.2178989451903552e-46
0.22833333333333364 1.7361537284518865e-47
0.22769230769230775 6.227127138488586e-47
Sampling time (10 samples): 7902.2942 seconds
/scratch/users/yanlan/Retrieval_0705/Output/AM_PM_ET_175_306_00
0.006500000000000007 1.224991112854995e-48
restart...
0.011500000000000003 2.82090749219513e-44
restart...
0.017999999999999974 3.773710863619609e-40
restart...
0.06149999999999997 1.1881853213123419e-35
0.17275 2.3615659326210406e-35
0.2110000000000003 1.4849879386587588e-34
0.23437500000000042 1.4637081218037782e-34
0.2585000000000004 1.1325869828727112e-33
0.2691666666666684 8.899749039808017e-34
0.272357142857145 2.6309448827301494e-34
0.2788750000000009 2.9359040695711855e-34
0.28777777777777935 2.155623095548215e-34
0.29230000000000167 1.6076286803849437e-34
0.2960454545454557 1.6801206038113875e-34
0.29825000000000085 4.4772248662576135e-34
Sampling time (10 samples): 7154.6364 seconds
/scratch/users/yanlan/Retrieval_0705/Output/AM_PM_ET_180_414_00
0.022999999999999993 1.3712140750913493e-40
0.08625000000000009 7.389810106147134e-47
0.12833333333333358 2.111190337591023e-46
0.1507500000000004 4.395495014643036e-46
0.16479999999999992 7.87379475480128e-46
0.17341666666666603 4.030869850205209e-46
0.18821428571428553 2.146561760466676e-44
0.20524999999999904 4.384533874850343e-42
0.2159999999999995 1.2682620318246098e-39
0.22114999999999946 4.930512679314108e-39
0.2254999999999996 1.3010478433693456e-39
0.23045833333333307 4.368499678733172e-40
0.23419230769230728 1.0272987638719818e-39
0.2355357142857141 8.870656909299084e-41
0.23823333333333294 3.288506109788566e-40
Sampling time (10 samples): 7229.5207 seconds
/scratch/users/yanlan/Retrieval_0705/Output/AM_PM_ET_186_295_00
0.0175 1.835604710687457e-42
restart...
0.023000000000000048 6.479810782301162e-40
0.07849999999999992 4.942868219050585e-48
0.09583333333333316 9.224814694435858e-53
restart...
0.07099999999999998 2.0376306555443404e-49
restart...
0.07200000000000001 1.3174390765614716e-48
0.0971666666666668 3.9260025535983713e-53
restart...
0.06524999999999992 1.3579528700274209e-47
0.08466666666666645 2.907183748704815e-52
restart...
0.060249999999999984 1.934520708511859e-50
restart...
0.06524999999999997 5.113124509483339e-51
restart...
0.06250000000000003 1.2230518986887047e-49
restart...
0.05225000000000002 2.169334952740921e-55
restart...
0.06849999999999999 1.8228583697818618e-50
restart...
0.07375000000000004 3.08869792340293e-48
Sampling time (10 samples): 7119.3229 seconds
/scratch/users/yanlan/Retrieval_0705/Output/AM_PM_ET_191_427_00
0.029 8.654365194078986e-37
0.06775000000000013 1.3942816858394304e-47
0.07666666666666681 8.609181056607549e-58
restart...
0.06299999999999993 7.806605448015827e-45
0.076 1.5277007265654998e-53
restart...
0.062000000000000034 2.169641752391637e-45
0.07700000000000011 1.410460250455072e-53
restart...
0.06375000000000001 1.823989997339728e-44
0.08383333333333337 1.5056868708780355e-50
restart...
0.06875000000000003 1.1459876334613292e-43
0.07966666666666657 5.404140261026706e-52
restart...
0.057 4.745981275135901e-46
0.07183333333333322 2.92213323895353e-54
restart...
0.06749999999999999 1.532279781083057e-45
0.07366666666666656 1.490952881636049e-55
restart...
Sampling time (10 samples): 7030.5476 seconds
/scratch/users/yanlan/Retrieval_0705/Output/AM_PM_ET_197_332_00
0.02950000000000003 8.043625332948548e-37
0.1297500000000002 4.0655108461253745e-38
0.17516666666666697 4.0467486810072764e-35
0.20350000000000057 5.922579571140388e-33
0.22540000000000054 1.868234043600697e-32
0.24266666666666661 1.2582654324893875e-31
0.25257142857142845 4.7153038246528093e-32
0.2628750000000006 1.2316348366583516e-31
0.2690555555555556 1.149973244725931e-31
0.27005000000000035 2.229791383476725e-31
0.27222727272727276 1.4783539347372572e-31
0.2752500000000018 1.3986721519272718e-30
0.2799615384615422 2.3782642425469707e-31
0.28439285714285967 1.0226098378210443e-31
0.2840333333333362 1.995300129163353e-31
Sampling time (10 samples): 7106.5868 seconds
