/scratch/users/yanlan/Retrieval_0705/Output/AM_PM_ET_162_407_00
0.008999999999999996 6.987355908442772e-46
restart...
0.009500000000000007 5.999555397312845e-47
restart...
0.017000000000000005 2.2934699181395575e-41
restart...
0.011999999999999988 2.8827339021896253e-43
restart...
0.005499999999999992 7.862041382414856e-47
restart...
0.010999999999999989 2.8439642604532903e-44
restart...
0.0145 1.6721261277491867e-41
restart...
0.02749999999999999 6.905025637767929e-39
0.05800000000000003 1.2892867808603127e-50
restart...
0.06350000000000015 1.0033780065469557e-49
restart...
0.05575000000000001 3.4890010639606746e-54
restart...
0.06075000000000004 6.414617528159719e-49
restart...
0.06950000000000002 2.6107408397312103e-48
0.06433333333333348 1.4265424184513373e-65
restart...
0.04150000000000005 1.9409071100068654e-58
restart...
Sampling time (10 samples): 8631.4162 seconds
/scratch/users/yanlan/Retrieval_0705/Output/AM_PM_ET_168_318_00
0.019999999999999987 1.5310180708275402e-40
restart...
0.04150000000000002 3.6578787898809264e-37
0.11775000000000016 4.224176842189059e-39
0.14733333333333384 1.0413409955372116e-38
0.1636250000000005 3.65491041136906e-38
0.16990000000000063 9.705225383516441e-38
0.17266666666666683 2.1445339974304275e-37
0.17671428571428574 9.860942907446345e-37
0.18131249999999996 4.422971009766725e-37
0.18505555555555578 2.120952773764357e-37
0.18665000000000037 9.263410614888053e-36
0.18640909090909183 1.5446227583802918e-37
0.18662500000000132 1.0915414589845779e-38
0.18465384615384717 1.2966922799711458e-42
0.186607142857144 2.3456724421089993e-46
Sampling time (10 samples): 7529.4081 seconds
/scratch/users/yanlan/Retrieval_0705/Output/AM_PM_ET_174_273_00
0.08000000000000002 1.3498913224985157e-35
0.15374999999999991 2.9591820077627745e-40
0.1638333333333339 5.723469451177196e-44
0.19262500000000043 4.966054798256781e-41
0.19370000000000007 1.5883504824729489e-46
0.20874999999999974 2.8900885658549796e-45
0.22114285714285656 4.11442104015735e-45
0.2275624999999998 3.947910784225362e-45
0.23255555555555552 1.4160743661916748e-44
0.23304999999999973 7.764455092419992e-45
0.22954545454545455 3.1497636567451626e-48
0.22874999999999973 2.6285792055131856e-49
restart...
0.22949999999999993 8.75156064261599e-49
restart...
0.2277916666666664 7.335099065589154e-50
restart...
0.22883333333333347 1.921360945075577e-49
restart...
Sampling time (10 samples): 7919.8529 seconds
/scratch/users/yanlan/Retrieval_0705/Output/AM_PM_ET_179_347_00
0.011 2.5076772208356875e-43
restart...
0.011999999999999993 1.7039693645904305e-44
restart...
0.012499999999999997 3.4104422585685852e-43
restart...
0.017499999999999988 2.2879524334537353e-41
restart...
0.013999999999999995 3.816215050233088e-42
restart...
0.01600000000000001 1.7482389280236802e-41
restart...
0.012500000000000008 5.550340589941046e-43
restart...
0.011000000000000008 4.5181974053636313e-45
restart...
0.011000000000000001 3.881368742487759e-44
restart...
0.013000000000000003 1.1627165934994255e-43
restart...
0.014000000000000004 2.3106835917161093e-42
restart...
0.009499999999999986 4.225511416583527e-46
restart...
0.011500000000000003 1.1768153779597254e-43
restart...
0.014999999999999956 3.726562464413455e-42
restart...
0.008499999999999992 4.278473717365908e-46
restart...
Sampling time (10 samples): 7684.5721 seconds
/scratch/users/yanlan/Retrieval_0705/Output/AM_PM_ET_185_236_00
0.006000000000000003 5.675105317267082e-46
restart...
0.016999999999999994 2.2169042878042143e-40
restart...
0.008999999999999994 1.7366995225741754e-45
restart...
0.010999999999999996 9.375931642979061e-45
restart...
0.026499999999999985 5.100178703482485e-38
0.13124999999999984 3.9517092854542134e-39
0.17450000000000054 8.154551113283186e-40
0.20325000000000049 1.0382540583035671e-38
0.22410000000000044 2.093735453469842e-37
0.23633333333333345 3.4799291572494933e-37
0.2418571428571431 1.1589977713247895e-37
0.24650000000000002 2.9635379248542717e-37
0.2538888888888887 4.210446454025082e-37
0.25755000000000083 1.3062101563666895e-36
0.2575000000000013 2.4735270124021564e-38
Sampling time (10 samples): 7527.2294 seconds
/scratch/users/yanlan/Retrieval_0705/Output/AM_PM_ET_190_347_00
0.06349999999999999 7.507812678761215e-33
0.1587500000000003 2.407305014776632e-33
0.20550000000000038 1.0648188829840384e-30
0.23525000000000085 8.875782468374434e-30
0.2560000000000003 8.105736214429943e-30
0.26925000000000093 1.0510548162998164e-30
0.2755000000000026 6.786573719528276e-30
0.2851250000000017 3.455064738422343e-30
0.29211111111111243 4.614424548890124e-30
0.2993500000000013 2.973827978554278e-29
0.30786363636363784 7.443802343853365e-30
0.31195833333333567 1.401687227915317e-29
0.3144230769230798 4.567186473637411e-30
0.31510714285714564 5.597551007479882e-30
0.3170666666666698 1.6290219893904845e-29
Sampling time (10 samples): 7585.7868 seconds
/scratch/users/yanlan/Retrieval_0705/Output/AM_PM_ET_196_289_00
0.007 3.360585173825116e-47
restart...
0.07499999999999987 3.097000345347889e-35
0.14725000000000035 6.081429099917889e-44
0.13966666666666694 1.64999987142925e-52
restart...
0.17874999999999977 7.512556883831874e-34
0.17283333333333334 3.293122013776516e-39
0.2053750000000002 2.5966949401985723e-36
0.23090000000000044 6.180232833040226e-34
0.24991666666666731 4.664689462175305e-33
0.26085714285714284 9.584457669903766e-34
0.2628750000000005 1.19923259971885e-33
0.26933333333333476 1.7002808678531672e-33
0.27725000000000277 4.507833323380561e-33
0.28381818181818425 2.3612086548981622e-33
0.2880000000000027 5.7852395639135246e-33
Sampling time (10 samples): 8139.2626 seconds
