/scratch/users/yanlan/Retrieval_0705/Output/AM_PM_ET_162_430_00
0.01450000000000002 7.234730921035105e-41
restart...
0.026999999999999982 2.7127780002557745e-38
0.04150000000000011 3.628013170682772e-55
restart...
0.03225000000000002 2.7583910051077746e-63
restart...
0.036749999999999915 3.1156304015323427e-59
restart...
0.03500000000000003 3.603731214728124e-61
restart...
0.038750000000000076 1.607690925266241e-58
restart...
0.040749999999999974 6.362937670879274e-59
restart...
0.035750000000000004 9.628500051891454e-59
restart...
0.033499999999999946 1.1145669872275568e-60
restart...
0.03600000000000001 2.9293410198559355e-61
restart...
0.03200000000000003 1.953361052323609e-64
restart...
0.027249999999999965 1.3036688368872067e-66
restart...
0.02925000000000001 2.17358050341805e-70
restart...
0.03550000000000002 5.989394061007082e-61
restart...
Sampling time (10 samples): 8488.2646 seconds
/scratch/users/yanlan/Retrieval_0705/Output/AM_PM_ET_168_337_00
0.0075000000000000015 3.3893722747792983e-46
restart...
0.01600000000000003 4.4653311376914834e-42
restart...
0.01850000000000001 7.583657781308741e-41
restart...
0.013499999999999991 2.399864297361118e-41
restart...
0.014499999999999997 1.6068489735391406e-41
restart...
0.007 1.2684922470168373e-47
restart...
0.014499999999999997 5.60247206718674e-44
restart...
0.011999999999999997 7.789878154750272e-44
restart...
0.013 3.6959272863603757e-44
restart...
0.014 8.00395235089628e-43
restart...
0.006499999999999988 2.5332516863707165e-46
restart...
0.012000000000000018 9.314730458336187e-44
restart...
0.013999999999999986 3.1531909450589364e-41
restart...
0.03200000000000001 3.6210886479671834e-39
0.12775000000000014 3.5664202843050815e-39
Sampling time (10 samples): 7692.8777 seconds
/scratch/users/yanlan/Retrieval_0705/Output/AM_PM_ET_174_292_00
0.0335 6.003837022795728e-40
0.14549999999999985 1.2675182978196973e-39
0.1903333333333334 2.9294509081835104e-40
0.144625 8.277245884609463e-78
restart...
0.07850000000000004 5.804194133048545e-54
restart...
0.08024999999999995 1.3215089417910719e-58
restart...
0.08974999999999987 2.9418048171538966e-50
restart...
0.07950000000000002 1.0226225534939251e-51
restart...
0.13999999999999996 7.30299773011089e-38
0.12266666666666669 1.8038629120346431e-62
restart...
0.08975000000000005 4.806598389508228e-51
restart...
0.1462500000000003 5.038134561917337e-38
0.12416666666666715 2.7192747313699093e-61
restart...
0.09225000000000008 1.0422146962594858e-52
restart...
0.09550000000000002 3.8029758948332774e-51
restart...
Sampling time (10 samples): 8266.1511 seconds
/scratch/users/yanlan/Retrieval_0705/Output/AM_PM_ET_179_366_00
0.02600000000000003 2.9152440459645227e-37
0.11625000000000006 5.0156412865657554e-39
0.16016666666666707 1.0029453747464993e-37
0.19362500000000102 1.6401027895210058e-36
0.21540000000000087 1.4727401908974939e-36
0.22958333333333394 1.4412784403381171e-35
0.24864285714285755 9.283326957098162e-37
0.2583750000000016 7.445010259059422e-36
0.2653888888888885 2.5563067815976307e-35
0.2723499999999995 2.4545846945382776e-36
0.2753636363636359 3.592654154668785e-36
0.2757083333333327 4.630463457601278e-36
0.2777692307692307 5.7713421515930986e-37
0.2803214285714284 7.204525831480061e-36
0.2832000000000009 6.101068058214719e-36
Sampling time (10 samples): 7464.4799 seconds
/scratch/users/yanlan/Retrieval_0705/Output/AM_PM_ET_185_255_00
0.07100000000000012 9.218332118313433e-34
0.17500000000000002 3.026046930188394e-33
0.22083333333333355 7.21223449805574e-33
0.23237500000000025 3.563552102200795e-34
0.21140000000000078 1.2264628993686553e-45
0.21666666666666703 3.409419958622446e-45
0.231357142857143 9.595429199417122e-42
0.2369999999999998 5.791854074114364e-41
0.24138888888888915 3.050910067123848e-44
0.2589000000000005 2.131876406751095e-43
0.27140909090909154 2.9195747772106424e-43
0.2819166666666679 1.9019771660885634e-43
0.2905000000000011 3.292515935120593e-43
0.3000000000000009 2.653423459565608e-43
0.3074 1.1211112561939114e-42
Sampling time (10 samples): 7778.8841 seconds
/scratch/users/yanlan/Retrieval_0705/Output/AM_PM_ET_190_366_00
0.02349999999999998 2.043787277004846e-40
0.12250000000000005 3.2334596154585914e-39
0.16149999999999995 1.4070987932595868e-38
0.17712500000000006 4.384856525825003e-39
0.19570000000000004 2.8893700941054846e-40
0.20575000000000015 8.289851265476167e-39
0.21671428571428564 1.1249850739793885e-39
0.22574999999999998 5.632606932596589e-40
0.23227777777777822 1.3745741014867132e-39
0.2402000000000005 8.509780558874308e-39
0.24254545454545512 5.7296176356317e-39
0.24625000000000094 2.9091265614369558e-39
0.24807692307692367 4.7302757496100145e-39
0.2501428571428581 8.12789537648514e-39
0.25349999999999995 1.6504307917221522e-38
Sampling time (10 samples): 7749.1100 seconds
/scratch/users/yanlan/Retrieval_0705/Output/AM_PM_ET_196_308_00
0.08950000000000002 4.1119898489641475e-34
0.08350000000000003 2.9915631911518208e-58
restart...
0.06050000000000024 3.064955754846465e-62
restart...
0.06000000000000022 2.027769327893647e-68
restart...
0.07175000000000015 1.150156830733124e-60
restart...
0.09324999999999992 1.440634620165415e-58
restart...
0.06625000000000007 3.0443849021234573e-63
restart...
0.07125000000000001 1.0564430249278828e-60
restart...
0.09199999999999976 3.989584034805215e-61
restart...
0.06999999999999998 5.744879526101433e-64
restart...
0.08799999999999993 4.685212578161605e-60
restart...
0.07450000000000005 6.213988214918483e-62
restart...
0.09249999999999997 8.732805301653636e-58
restart...
0.0882500000000001 8.228561792576637e-60
restart...
0.07849999999999997 2.56337210530684e-58
restart...
Sampling time (10 samples): 8444.2504 seconds
