/scratch/users/yanlan/Retrieval_0705/Output/AM_PM_ET_164_330_00
0.013999999999999992 1.7196311268333352e-41
restart...
0.008499999999999999 5.613562115345466e-45
restart...
0.016000000000000004 5.35532020644661e-41
restart...
0.01500000000000001 1.263902660574312e-42
restart...
0.008999999999999992 2.17817695627929e-45
restart...
0.015499999999999993 4.076252130513779e-40
restart...
0.008500000000000016 9.952614223938892e-45
restart...
0.007000000000000009 3.8556947871038813e-48
restart...
0.022500000000000017 1.4719909665445342e-38
0.025750000000000006 8.270385495010485e-64
restart...
0.01950000000000003 2.4014403666653733e-70
restart...
0.020250000000000063 1.2223564263615766e-69
restart...
0.022750000000000027 2.5151869732377186e-68
restart...
0.020250000000000015 2.6257643633775836e-69
restart...
0.024000000000000004 6.53641970014412e-67
restart...
Sampling time (10 samples): 7782.5181 seconds
/scratch/users/yanlan/Retrieval_0705/Output/AM_PM_ET_170_248_00
0.05950000000000007 1.356573843699672e-35
0.19299999999999964 5.504058086216983e-32
0.221333333333333 7.551767420887351e-33
0.25087500000000035 7.012897906915776e-33
0.2634999999999999 4.616848518533159e-33
0.27475000000000066 1.1758093788211165e-32
0.2794285714285728 1.7331576080657825e-32
0.2828750000000025 1.5339702096897792e-33
0.2853333333333354 4.3190548432072944e-33
0.2883000000000016 3.2548535896211914e-33
0.2885454545454563 2.2230123137710832e-33
0.28795833333333526 1.1142199128967752e-33
0.2864230769230785 4.786787450240519e-34
0.28150000000000014 2.6495194575915287e-37
0.277066666666667 1.889402084865476e-39
Sampling time (10 samples): 7546.4148 seconds
/scratch/users/yanlan/Retrieval_0705/Output/AM_PM_ET_175_376_00
0.4240000000000005 2.3621796759944914e-12
0.37300000000000066 1.135209920779733e-12
0.3636666666666681 4.556167287750837e-13
0.3521250000000024 2.7715849223020117e-13
0.34600000000000114 2.060174142256854e-13
0.3405833333333324 4.3718661792944546e-13
0.33578571428571563 2.5234374012063404e-12
0.3322500000000007 2.743085553083025e-12
0.33127777777777767 8.359138415371641e-13
0.3308999999999995 5.117942951295926e-13
0.3294090909090916 5.594862412118695e-13
0.32745833333333396 6.432631621251832e-13
0.32580769230769313 9.098602737107236e-13
0.32525000000000176 7.25341303986265e-13
0.3255000000000013 9.4743421487149e-13
Sampling time (10 samples): 7634.1289 seconds
/scratch/users/yanlan/Retrieval_0705/Output/AM_PM_ET_181_263_00
0.025500000000000016 3.1418078985156045e-39
0.14149999999999982 2.5724523813391296e-40
0.19550000000000048 3.6689542392576164e-37
0.19825000000000068 1.22862344099785e-40
0.21750000000000064 4.117014251163716e-41
0.22275000000000006 2.706253980309792e-41
0.22592857142857195 7.409306715102004e-40
0.23143750000000063 3.002515669173531e-40
0.2380000000000006 1.1589081473043618e-40
0.2411000000000006 6.614279160762639e-41
0.24350000000000024 2.228317501495418e-41
0.24575000000000022 1.1778869846980879e-41
0.24869230769230777 5.478038259505849e-41
0.25421428571428456 3.2869980021663274e-41
0.25963333333333216 4.932529936252854e-41
Sampling time (10 samples): 7382.6832 seconds
/scratch/users/yanlan/Retrieval_0705/Output/AM_PM_ET_186_363_00
0.032500000000000015 3.422200047021922e-38
0.1435000000000003 7.977033866044777e-37
0.16600000000000042 6.588305968554215e-37
0.17387500000000036 6.85909967431223e-41
0.18370000000000122 1.378943529595044e-42
0.18783333333333374 1.2814286640915314e-45
0.19964285714285795 2.073571362931754e-43
0.1963125000000009 1.9949301911442064e-49
restart...
0.10350000000000015 5.853230651036197e-42
0.13350000000000017 5.969258379893208e-44
0.14762500000000076 2.8767591918574603e-49
restart...
0.09600000000000004 2.2005650775915148e-44
0.1229999999999999 2.9136551224630214e-47
0.16524999999999937 5.67639606375201e-44
0.19229999999999914 2.2284460117968905e-41
Sampling time (10 samples): 8378.4417 seconds
/scratch/users/yanlan/Retrieval_0705/Output/AM_PM_ET_192_287_00
0.0165 1.5930865811929125e-41
restart...
0.01999999999999999 6.698585817264325e-41
restart...
0.06100000000000003 7.284228771314505e-35
0.15699999999999983 2.3736064238500275e-34
0.20633333333333345 2.9030301346287483e-31
0.16512500000000024 1.8023233188654015e-58
restart...
0.22099999999999995 1.1100681054500377e-30
0.1976999999999991 1.282684781756483e-51
restart...
0.19059999999999955 1.815757318853636e-61
restart...
0.19690000000000019 2.491630421701381e-54
restart...
0.18959999999999946 1.7950021753475662e-55
restart...
0.2315000000000001 1.332597821404946e-29
0.2299999999999997 1.2656558000968382e-40
0.20471428571428552 1.3209410329893859e-64
restart...
0.20049999999999973 2.7965274568318704e-70
restart...
Sampling time (10 samples): 8147.3102 seconds
/scratch/users/yanlan/Retrieval_0705/Output/AM_PM_ET_197_400_00
0.048000000000000057 3.305284334626409e-36
0.13525000000000015 1.899310936975411e-37
0.13949999999999999 1.6444465710264647e-44
0.12187499999999993 5.88981531702221e-60
restart...
0.13599999999999998 3.3775633512675133e-38
0.19900000000000037 3.338698869880511e-36
0.22325000000000045 2.676136375501075e-35
0.20190000000000055 1.1970380283372614e-50
restart...
0.24070000000000066 2.233632296133071e-36
0.2123333333333339 4.221660595456408e-56
restart...
0.2104166666666672 1.922191162112185e-54
restart...
0.2104166666666673 1.4621232859982574e-53
restart...
0.211666666666667 3.6965957643063014e-54
restart...
0.20975000000000057 1.0158002435517717e-55
restart...
0.2109166666666671 1.8133315697869625e-53
restart...
Sampling time (10 samples): 8002.4881 seconds
