/scratch/users/yanlan/Retrieval_0705/Output/AM_PM_ET_162_293_00
0.04549999999999998 1.3740403018293943e-35
0.15125000000000005 5.8674837697104594e-36
0.18749999999999947 9.384083715347863e-37
0.19987499999999958 8.198337337556996e-40
0.18459999999999963 3.055088689941548e-49
restart...
0.09150000000000022 1.607041900209223e-45
0.12433333333333339 8.406658850105029e-49
restart...
0.12149999999999953 1.3789038385663823e-41
0.11716666666666632 6.752005629083012e-53
restart...
0.13699999999999954 1.9216644695390245e-36
0.13016666666666576 1.89293816847687e-51
restart...
0.09349999999999996 9.902818840301965e-47
0.1298333333333328 1.108224175041403e-48
0.16774999999999962 3.3469586744398834e-46
0.18119999999999953 1.7450930914713057e-44
Sampling time (10 samples): 8259.4793 seconds
/scratch/users/yanlan/Retrieval_0705/Output/AM_PM_ET_167_413_00
0.016000000000000066 1.2551258431664328e-42
restart...
0.023999999999999994 6.101563690499215e-38
0.033750000000000044 4.008497699940237e-61
restart...
0.04625 3.0956942886465527e-53
restart...
0.037499999999999915 6.138901327825175e-58
restart...
0.028500000000000032 1.7063571810586243e-63
restart...
0.03850000000000011 1.0551815138572588e-59
restart...
0.040749999999999946 2.7389739230654046e-55
restart...
0.040749999999999995 1.5604641092597995e-55
restart...
0.034500000000000086 4.413350312417684e-59
restart...
0.03749999999999995 3.041206426798188e-56
restart...
0.042750000000000045 3.9767881464167e-55
restart...
0.04074999999999996 6.456779361728998e-55
restart...
0.03224999999999997 1.0100540650692395e-58
restart...
0.04200000000000009 1.0537262035532512e-57
restart...
Sampling time (10 samples): 7638.6314 seconds
/scratch/users/yanlan/Retrieval_0705/Output/AM_PM_ET_173_364_00
0.3819999999999999 1.350444527387502e-12
0.3605000000000006 1.1670306308009557e-12
0.34900000000000053 5.518013053088945e-13
0.3391250000000007 2.2840061039785556e-12
0.3334999999999998 4.1379234470224204e-13
0.3299999999999991 7.351116203287526e-13
0.33192857142856974 5.22747696510442e-13
0.32749999999999746 1.0236684924340741e-12
0.3290555555555535 9.93440901757371e-13
0.3281499999999979 4.005853169696751e-13
0.3267727272727249 4.3305804002272235e-13
0.3265000000000001 4.3537801350589325e-13
0.3268461538461536 2.00971429197267e-13
0.3260357142857148 1.6398776004391831e-12
0.3257333333333339 8.447165859956683e-13
Sampling time (10 samples): 7555.6446 seconds
/scratch/users/yanlan/Retrieval_0705/Output/AM_PM_ET_178_455_00
0.4119999999999994 9.929267884683456e-13
0.36374999999999963 4.690253359085751e-13
0.35166666666666513 4.531385748138174e-13
0.3436249999999986 5.126778047185261e-13
0.33499999999999963 3.395009917212173e-13
0.3316666666666661 1.3439869361192135e-12
0.3298571428571432 6.636860678511956e-13
0.3307499999999996 2.3975895120589204e-13
0.3333333333333319 5.337790126459395e-13
0.3316499999999994 1.0271948211343487e-12
0.33090909090908865 7.476814456412111e-13
0.3307083333333334 7.549892841279038e-13
0.32823076923077016 1.152191640906034e-12
0.330142857142858 2.1488785859114086e-13
0.32856666666666695 3.045645751750843e-13
Sampling time (10 samples): 7572.4446 seconds
/scratch/users/yanlan/Retrieval_0705/Output/AM_PM_ET_184_314_00
0.017499999999999995 2.939996441727599e-41
restart...
0.01249999999999998 4.4797428037856477e-44
restart...
0.010000000000000018 2.954538461072491e-45
restart...
0.014500000000000006 1.0728141083572353e-43
restart...
0.012499999999999999 1.3595934403392253e-43
restart...
0.020500000000000004 5.0771852170834125e-37
0.07000000000000013 8.520676946665503e-48
0.11016666666666676 1.443477343301365e-47
0.1543750000000001 1.2104421410773809e-45
0.17500000000000007 5.528375731501021e-45
0.189333333333333 6.359690815212223e-44
0.19764285714285657 2.175549689530819e-42
0.20699999999999957 1.5339248257238904e-41
0.21394444444444435 2.79840420790622e-42
0.21834999999999977 5.12272346618458e-42
Sampling time (10 samples): 7633.4647 seconds
/scratch/users/yanlan/Retrieval_0705/Output/AM_PM_ET_190_245_00
0.030999999999999986 6.467785271502864e-40
0.06499999999999986 1.9519376056879224e-51
restart...
0.07100000000000001 5.611441072562453e-50
restart...
0.07250000000000012 3.658260683123093e-49
restart...
0.05850000000000009 1.900687432269302e-52
restart...
0.08500000000000009 3.017159248732339e-47
0.14300000000000007 1.0783120678358617e-43
0.17249999999999976 6.576627562890368e-40
0.17490000000000014 6.741938613635138e-47
0.1783333333333336 4.78363137129869e-47
0.1859285714285719 2.010040754774682e-46
0.1957500000000006 3.324119242285028e-44
0.2053888888888898 2.856423131959737e-43
0.20475000000000088 1.0047357699522974e-45
0.2037272727272735 5.979723654441462e-46
Sampling time (10 samples): 7990.6702 seconds
/scratch/users/yanlan/Retrieval_0705/Output/AM_PM_ET_195_363_00
0.007499999999999981 4.337022532506363e-47
restart...
0.0125 2.0800656711981434e-44
restart...
0.011499999999999996 3.554871003514757e-44
restart...
0.006500000000000009 8.783126910969223e-49
restart...
0.019999999999999987 1.697196469235794e-40
restart...
0.012000000000000007 2.1710291381119732e-45
restart...
0.011500000000000007 4.524702200797483e-44
restart...
0.003999999999999997 4.778220116294967e-49
restart...
0.014999999999999989 4.402294846477873e-43
restart...
0.009499999999999982 3.421799390477363e-45
restart...
0.019500000000000017 2.3044379954870637e-40
restart...
0.010499999999999989 8.996284971502275e-45
restart...
0.02050000000000002 3.711280752383894e-41
0.04850000000000007 1.2172665081312996e-56
restart...
0.01124999999999999 1.845216040939882e-85
restart...
Sampling time (10 samples): 8441.6361 seconds
