/scratch/users/yanlan/Retrieval_0705/Output/AM_PM_ET_164_395_00
0.022000000000000006 3.5760931840958907e-40
0.07400000000000002 6.727440782722958e-50
restart...
0.07325000000000002 5.74371166450429e-54
restart...
0.06874999999999995 1.5075455826400305e-51
restart...
0.055750000000000015 2.8870257640513816e-53
restart...
0.045 5.544925646583831e-57
restart...
0.049750000000000016 1.724302697829008e-58
restart...
0.0645 2.5752294750791863e-51
restart...
0.06174999999999995 2.2059237083765916e-52
restart...
0.06124999999999999 2.424011535185011e-52
restart...
0.059000000000000004 5.46867623073527e-54
restart...
0.06825 9.43615357547567e-55
restart...
0.05449999999999995 2.5551199278328512e-54
restart...
0.05549999999999993 2.0075569335036927e-56
restart...
0.0569999999999999 4.897615483037539e-55
restart...
Sampling time (10 samples): 10926.5690 seconds
/scratch/users/yanlan/Retrieval_0705/Output/AM_PM_ET_170_303_00
0.024500000000000004 3.0227094015284525e-39
0.07524999999999996 4.0370429053822836e-48
0.12283333333333324 1.4733486079458317e-46
0.16424999999999992 8.202717578485276e-43
0.1843000000000003 2.645669376887479e-41
0.20383333333333328 8.62081562059775e-40
0.2244285714285718 1.2767742997595486e-38
0.23443750000000108 3.717116677221824e-39
0.24250000000000127 3.541671688779739e-39
0.24845000000000123 9.225807844455422e-39
0.2506363636363645 3.5662681881265524e-40
0.25320833333333476 4.730548143818433e-40
0.25603846153846194 9.578160945752333e-40
0.2562142857142846 4.404426855425773e-40
0.2555666666666647 3.4085987030406516e-40
Sampling time (10 samples): 7453.5188 seconds
/scratch/users/yanlan/Retrieval_0705/Output/AM_PM_ET_175_440_00
0.059499999999999935 2.6114197712872703e-33
0.13400000000000012 3.8296512079110905e-37
0.16250000000000006 2.8710970452389086e-37
0.17950000000000013 8.255519979889409e-38
0.1899 5.954464918955719e-39
0.19016666666666643 3.855816363567809e-43
0.20278571428571412 6.679915307153531e-41
0.21231249999999943 2.9282335234310798e-40
0.2163888888888883 1.2090541297401295e-42
0.21894999999999973 9.54635401381505e-45
0.22663636363636327 1.0943702422112893e-43
0.2337083333333333 3.935842590860118e-43
0.24026923076923065 1.5541600920112852e-42
0.24607142857142889 6.167777145236958e-42
0.252199999999999 2.6149277656240626e-41
Sampling time (10 samples): 7515.7215 seconds
/scratch/users/yanlan/Retrieval_0705/Output/AM_PM_ET_181_307_00
0.028500000000000008 2.817830775784514e-38
0.08550000000000003 7.078296409954217e-48
0.15733333333333357 4.4431510726526474e-44
0.19775000000000018 1.0302940733426952e-39
0.22520000000000032 4.0824329283658555e-37
0.2448333333333335 4.466213390187412e-35
0.2567142857142853 5.199528537580494e-35
0.2714999999999993 2.352496415800941e-34
0.28183333333333194 3.251440268874612e-34
0.29399999999999904 3.600289115491587e-34
0.2970909090909079 2.3714000912527856e-34
0.3007499999999991 3.458033417521118e-34
0.30473076923076814 3.2003979866921175e-34
0.3055714285714277 4.106984212441292e-34
0.3083999999999984 2.208296489009724e-34
Sampling time (10 samples): 7056.0618 seconds
/scratch/users/yanlan/Retrieval_0705/Output/AM_PM_ET_187_223_00
0.4 1.7392888561288496e-12
0.36000000000000026 1.6458756264823528e-12
0.3468333333333315 8.077702524045958e-13
0.339999999999999 7.458559268926387e-13
0.3377999999999991 1.2977637272738194e-12
0.3332499999999986 3.2305066292590633e-13
0.3344285714285704 6.130429266108714e-13
0.3349374999999996 3.578533990889352e-13
0.3342222222222221 1.0411900811830155e-12
0.3329500000000003 3.147212003939894e-13
0.3289545454545452 6.774801973172189e-13
0.3273333333333326 5.836862136948211e-13
0.3263846153846146 5.337310358158545e-13
0.32371428571428573 1.7639094436279935e-12
0.3225000000000009 6.68416885240715e-13
Sampling time (10 samples): 7563.6665 seconds
/scratch/users/yanlan/Retrieval_0705/Output/AM_PM_ET_192_331_00
0.0665 5.2672692353015724e-33
0.17349999999999957 1.1433005874296616e-33
0.2326666666666661 2.891044788567428e-31
0.27512499999999945 2.0258579696838563e-31
0.2977999999999985 2.15972004961331e-31
0.3107500000000004 3.9940750262106665e-31
0.3200714285714282 2.6613232789752972e-30
0.33118749999999925 5.088910341464985e-31
0.3386666666666658 1.9558085837663317e-30
0.34774999999999917 8.171279376604758e-31
0.35422727272727184 1.2870477737739806e-30
0.36137499999999984 3.235107331163847e-31
0.36703846153846154 3.6496414092722414e-31
0.36860714285714286 2.566800082859591e-31
0.3713999999999985 2.2589008902179484e-31
Sampling time (10 samples): 8161.2906 seconds
/scratch/users/yanlan/Retrieval_0705/Output/AM_PM_ET_198_252_00
0.015000000000000001 2.9336547194056035e-43
restart...
0.0075000000000000075 1.7231180828654014e-47
restart...
0.02300000000000002 9.386356351277078e-39
0.09175000000000005 5.240277934039968e-46
0.13083333333333289 3.3292952374745803e-49
restart...
0.08425000000000002 5.716500397816779e-46
0.11700000000000006 1.2783272638164842e-47
0.17499999999999982 2.1412102846609057e-42
0.20159999999999992 3.1706010566937755e-40
0.20758333333333284 1.5401008822699627e-41
0.20592857142857074 1.0615898856208555e-45
0.19099999999999917 1.3330566923368618e-65
restart...
0.2065624999999997 4.95118424017706e-49
restart...
0.18843749999999945 2.8536973199506155e-67
restart...
0.19224999999999945 1.2404006479803401e-62
restart...
Sampling time (10 samples): 7524.1304 seconds
