/scratch/users/yanlan/Retrieval_0705/Output/AM_PM_ET_162_299_00
0.036499999999999984 1.8012591810655163e-39
0.07774999999999999 7.340784099721313e-48
0.11566666666666671 3.3615478621392867e-47
0.14537499999999964 5.248418471927003e-46
0.17509999999999995 3.2001299216908902e-43
0.19608333333333314 1.0051049359304727e-41
0.20907142857142874 4.916000370810818e-39
0.22087500000000054 1.134607008425322e-37
0.23233333333333378 2.387126831369786e-35
0.24215000000000017 2.837414086551791e-35
0.24868181818181825 8.769105283811402e-36
0.2555833333333335 2.106226970457668e-35
0.263846153846155 4.705505257137296e-36
0.2697142857142867 1.5080100086531768e-35
0.27363333333333495 9.80877772778319e-36
Sampling time (10 samples): 7607.8620 seconds
/scratch/users/yanlan/Retrieval_0705/Output/AM_PM_ET_167_419_00
0.019 7.082701806553784e-43
restart...
0.021999999999999995 1.9469229797307486e-41
0.07900000000000011 2.1147910503568363e-50
restart...
0.07350000000000004 1.543168260272624e-51
restart...
0.08374999999999991 3.8689854029296644e-51
restart...
0.07500000000000018 7.39388120272897e-54
restart...
0.07600000000000007 7.019905022465597e-52
restart...
0.07200000000000004 4.323123329909047e-51
restart...
0.08050000000000004 2.4372125094394727e-51
restart...
0.08274999999999996 2.5643438978289357e-51
restart...
0.07650000000000007 1.7861685291725496e-52
restart...
0.06574999999999999 4.511276104373795e-53
restart...
0.07625000000000014 5.711752448358789e-51
restart...
0.08025000000000006 4.88248356012326e-50
restart...
0.07950000000000003 5.015047767498939e-50
restart...
Sampling time (10 samples): 7764.9786 seconds
/scratch/users/yanlan/Retrieval_0705/Output/AM_PM_ET_173_377_00
0.4035 1.3927396280174304e-12
0.3637500000000001 5.858448162972177e-13
0.3488333333333341 1.398756438353518e-12
0.3456249999999999 6.641698831638277e-13
0.33940000000000065 5.139511903234919e-13
0.3372500000000017 4.0346615913266244e-13
0.33750000000000085 1.7403633677509167e-13
0.3355000000000003 5.011454253437445e-13
0.3328888888888892 2.4694564132329e-13
0.3292500000000002 4.706206449932675e-13
0.3293636363636354 3.0707913292387726e-13
0.32749999999999907 2.089539006050584e-12
0.3264230769230767 2.5927284648488144e-12
0.3255357142857138 1.6791336688190815e-12
0.3282666666666661 5.006222759345807e-13
Sampling time (10 samples): 7781.2000 seconds
/scratch/users/yanlan/Retrieval_0705/Output/AM_PM_ET_179_225_00
0.4035000000000003 1.4225595985620842e-12
0.3522500000000014 9.11999402821646e-13
0.3366666666666674 5.847866516560931e-13
0.32962500000000067 5.141180724161815e-13
0.32710000000000017 1.2665595602213252e-12
0.32283333333333164 7.189642629911973e-13
0.31907142857142623 4.302482856908091e-13
0.3204374999999979 5.969568204859317e-13
0.320666666666664 9.126082631060246e-13
0.32044999999999735 1.3313540856023466e-12
0.31981818181818 9.877846313400279e-13
0.31899999999999873 1.1299831183971345e-12
0.3187307692307681 1.2766405192412328e-12
0.3176785714285705 1.375614078321356e-12
0.3182666666666658 7.89160601297638e-13
Sampling time (10 samples): 7556.8306 seconds
/scratch/users/yanlan/Retrieval_0705/Output/AM_PM_ET_184_320_00
0.018500000000000003 7.21322419129875e-42
restart...
0.011500000000000005 2.2785614941535457e-43
restart...
0.01650000000000002 5.890976976698782e-43
restart...
0.013999999999999995 2.2460272540332397e-42
restart...
0.010499999999999992 1.4005076477819988e-44
restart...
0.01250000000000002 1.052109337540164e-43
restart...
0.010499999999999992 1.3632813028098945e-45
restart...
0.014000000000000004 3.2274158223582954e-43
restart...
0.009499999999999998 6.466508706563371e-45
restart...
0.0085 1.512788880445048e-45
restart...
0.05249999999999999 1.238134950456547e-37
0.19974999999999996 6.397683465672688e-36
0.23616666666666683 3.89868810969299e-34
0.25425000000000086 6.273491502251511e-34
0.26990000000000225 2.5876264736504247e-34
Sampling time (10 samples): 7447.7951 seconds
/scratch/users/yanlan/Retrieval_0705/Output/AM_PM_ET_190_251_00
0.02799999999999998 5.410260874897759e-39
0.09674999999999989 7.37225924821282e-41
0.1518333333333333 4.019480418847812e-38
0.1941250000000006 3.170400896810728e-35
0.22180000000000044 4.480578063124187e-33
0.24583333333333354 2.4117191206255027e-32
0.2581428571428575 2.445147012632629e-32
0.2695625000000003 2.9126962227345826e-32
0.2750000000000013 5.488596848082768e-33
0.2808000000000018 5.630029909655044e-33
0.28945454545454613 2.844735089286511e-32
0.29420833333333585 7.096240267499666e-33
0.2979615384615411 1.3522409813574379e-32
0.3010000000000021 2.166142906647518e-32
0.3025000000000015 7.789348977682144e-33
Sampling time (10 samples): 7428.6892 seconds
/scratch/users/yanlan/Retrieval_0705/Output/AM_PM_ET_195_369_00
0.009999999999999998 4.9308820161300796e-45
restart...
0.005000000000000001 3.5450128731099712e-47
restart...
0.008000000000000002 6.3133003572980505e-46
restart...
0.01750000000000001 3.954383629599289e-41
restart...
0.012500000000000018 2.056370567674227e-43
restart...
0.010999999999999996 7.713868367827965e-45
restart...
0.020000000000000014 6.132937461142206e-41
0.10725 7.261749316586586e-43
0.1408333333333336 2.6817526770430806e-42
0.17050000000000048 5.683152709871037e-40
0.20000000000000184 7.88334441682327e-38
0.21291666666666778 1.1892968830833677e-35
0.2242857142857156 2.5031130950520687e-34
0.2276875000000012 1.2067170308778023e-34
0.23166666666666758 1.863546799351391e-35
Sampling time (10 samples): 7905.1825 seconds
