/scratch/users/yanlan/Retrieval_0705/Output/AM_PM_ET_164_268_00
0.029499999999999995 4.9512718653240485e-37
0.04124999999999999 6.457218135746452e-58
restart...
0.03374999999999996 4.1757323515302513e-63
restart...
0.027250000000000014 3.226491854048427e-63
restart...
0.03625000000000013 4.115531862037045e-58
restart...
0.10349999999999991 1.7592153109886596e-41
0.13733333333333336 2.0009418166756175e-51
restart...
0.032749999999999856 3.4559327614332795e-61
restart...
0.03275000000000005 1.1042343113510383e-59
restart...
0.09675000000000031 2.061315248774045e-43
0.07483333333333343 4.76075520740024e-68
restart...
0.07366666666666676 2.2687601533463588e-67
restart...
0.07216666666666688 2.255864449018393e-72
restart...
0.07100000000000006 3.58066707395732e-72
restart...
0.06866666666666695 6.3155731274390515e-75
restart...
Sampling time (10 samples): 9596.7698 seconds
/scratch/users/yanlan/Retrieval_0705/Output/AM_PM_ET_169_402_00
0.014999999999999996 1.9753767078616675e-40
restart...
0.022000000000000002 1.1038139495984606e-40
0.05200000000000003 8.667867784303451e-54
restart...
0.05925000000000005 3.840284183982113e-51
restart...
0.061749999999999985 1.2243000955397874e-50
restart...
0.0617500000000001 7.827836762459571e-51
restart...
0.045000000000000005 7.871282492854312e-55
restart...
0.04199999999999999 5.617735769673838e-56
restart...
0.04350000000000006 7.147615169805549e-57
restart...
0.0694999999999999 3.691294022300575e-51
restart...
0.06199999999999995 5.8518664599460165e-52
restart...
0.0595 3.9171742621648894e-51
restart...
0.05150000000000007 2.438700052983077e-53
restart...
0.054499999999999986 2.1835541726539763e-51
restart...
0.05950000000000001 5.593499313240908e-52
restart...
Sampling time (10 samples): 7345.3152 seconds
/scratch/users/yanlan/Retrieval_0705/Output/AM_PM_ET_175_312_00
0.0095 3.517203617840007e-44
restart...
0.007999999999999993 1.8979149053015074e-45
restart...
0.0125 1.312993185642861e-42
restart...
0.015499999999999996 1.554070895428321e-42
restart...
0.042000000000000016 4.927124651501025e-36
0.15450000000000005 1.0317347375501558e-36
0.21416666666666717 7.733889171158124e-34
0.25062500000000076 3.6221133681505114e-33
0.26899999999999885 8.068903865480998e-33
0.2800833333333341 6.651199074907592e-33
0.29214285714285776 1.2214818621074339e-32
0.300687500000001 4.773637247056795e-33
0.30627777777777726 2.621245999747598e-33
0.3162499999999986 7.82782280669572e-33
0.31686363636363424 5.186113464637568e-33
Sampling time (10 samples): 7285.8306 seconds
/scratch/users/yanlan/Retrieval_0705/Output/AM_PM_ET_180_420_00
0.01599999999999998 1.464459804177701e-40
restart...
0.037000000000000005 8.713432132278246e-39
0.10874999999999989 8.671508813955415e-42
0.1623333333333335 6.385947770846697e-39
0.1905000000000001 3.492333771190195e-37
0.21239999999999984 1.4732197425885018e-35
0.22841666666666677 2.3498627205973298e-34
0.24585714285714277 3.2842219936729757e-34
0.2547500000000003 9.3134174202618e-35
0.2624444444444437 2.465673026906119e-34
0.26780000000000004 3.949377011918349e-34
0.27363636363636284 2.120266373118956e-34
0.2788749999999987 1.1223878509812532e-34
0.28415384615384526 5.95061501923621e-35
0.29003571428571406 8.444584312812703e-35
Sampling time (10 samples): 7543.6815 seconds
/scratch/users/yanlan/Retrieval_0705/Output/AM_PM_ET_186_301_00
0.016000000000000063 2.046244439417029e-41
restart...
0.015999999999999986 4.2437882040765644e-42
restart...
0.034499999999999996 1.1330288569556698e-36
0.05974999999999998 8.433783820879916e-52
restart...
0.06275000000000004 3.00847311216202e-51
restart...
0.07349999999999994 7.434275621233988e-51
restart...
0.0675 5.7443571903142105e-50
restart...
0.05949999999999999 2.333471808842962e-51
restart...
0.049499999999999926 1.2565989848831402e-55
restart...
0.06000000000000004 1.4762223574757673e-51
restart...
0.06325000000000004 4.0071437087862953e-51
restart...
0.06825000000000003 3.213532749647962e-50
restart...
0.07700000000000004 1.377681154564473e-48
0.14216666666666677 3.011690849196643e-46
0.15049999999999972 6.260465649710984e-51
restart...
Sampling time (10 samples): 7318.0230 seconds
/scratch/users/yanlan/Retrieval_0705/Output/AM_PM_ET_191_433_00
0.02849999999999999 6.269003717093941e-37
0.08200000000000002 4.375549516269141e-42
0.11999999999999994 3.3200036968941693e-41
0.14587499999999978 3.5316459639219107e-40
0.16110000000000016 9.549154029096128e-39
0.16691666666666666 3.1008125434664408e-40
0.16985714285714296 3.7518922305292327e-41
0.1719375 2.2419570803487607e-42
0.17588888888888918 2.9199762843911592e-43
0.17449999999999988 6.660210879390542e-46
0.17581818181818126 2.3541916051068776e-45
0.1776249999999999 4.949137409830856e-47
/scratch/users/yanlan/Retrieval_0705/Output/AM_PM_ET_197_338_00
0.00850000000000002 2.2512869139433494e-47
restart...
0.0755 1.922372508801163e-33
0.15324999999999972 1.1624566090830752e-33
0.16599999999999934 8.170903808629019e-37
0.18974999999999956 2.62508354381753e-36
0.2052999999999994 7.959941424750314e-36
0.21591666666666595 5.2695934307962194e-36
0.22992857142857095 1.4753468568104037e-35
0.23968749999999955 1.612560076479824e-35
0.24833333333333282 7.374710900770023e-35
0.2551000000000002 2.251909347197545e-36
0.25986363636363713 2.2920333951076902e-36
0.2632083333333346 2.068886848530702e-35
0.2669230769230794 9.632312383424583e-35
0.2705714285714303 7.331268688272118e-35
Sampling time (10 samples): 7868.3114 seconds
