/scratch/users/yanlan/Retrieval_0705/Output/AM_PM_ET_164_327_00
0.009500000000000007 1.3872033331435194e-43
restart...
0.010000000000000007 1.2816560479312523e-44
restart...
0.013999999999999981 1.159657459909314e-43
restart...
0.015499999999999996 7.541598963591957e-44
restart...
0.010500000000000008 8.783661860834491e-46
restart...
0.010999999999999989 2.286953721978334e-43
restart...
0.015999999999999986 5.985382527859243e-39
restart...
0.014 1.841294723255805e-43
restart...
0.008499999999999994 1.2027329801741657e-45
restart...
0.003999999999999995 1.9848269799822892e-48
restart...
0.003499999999999998 3.0959429904315034e-49
restart...
0.011500000000000003 1.660243966216118e-43
restart...
0.015999999999999986 2.6206742336954936e-41
restart...
0.0085 2.6639439911087827e-46
restart...
0.014000000000000026 2.698671169198938e-44
restart...
Sampling time (10 samples): 8131.9382 seconds
/scratch/users/yanlan/Retrieval_0705/Output/AM_PM_ET_170_245_00
0.07349999999999995 1.1380253039193547e-35
0.17300000000000001 4.6450176697356105e-34
0.2105 8.799710570689542e-33
0.23212499999999997 1.2995566681829073e-32
0.2382000000000002 2.494057816852546e-34
0.2455833333333337 4.171707320310752e-35
0.24928571428571508 4.333457615342711e-35
0.2431875000000006 4.3756873089729064e-39
0.24650000000000066 1.3984305805370674e-38
0.24570000000000072 1.1341573069790132e-40
0.24922727272727319 1.022523034928015e-41
0.2579583333333332 2.9655773204525453e-40
0.2666153846153842 5.2961995017506575e-40
0.27185714285714196 1.2641248226836149e-39
0.27486666666666515 7.186560460230488e-40
Sampling time (10 samples): 7553.0833 seconds
/scratch/users/yanlan/Retrieval_0705/Output/AM_PM_ET_175_373_00
0.41999999999999954 3.3753981059927026e-13
0.36875000000000036 5.217072803658801e-13
0.35216666666666613 4.0796657306064256e-13
0.3402499999999989 6.441937089358993e-13
0.3361999999999999 4.1674691760557705e-13
0.33049999999999946 4.85443773880664e-13
0.33042857142857207 7.438348294183013e-13
0.3303124999999996 5.246295172976021e-13
0.32611111111111146 1.0747808752405895e-12
0.32495000000000157 1.200018677827484e-12
0.324909090909093 1.1583955040768992e-12
0.32516666666666977 8.377846013272454e-13
0.3248461538461574 4.1661337704634084e-13
0.3251785714285748 4.507123552867516e-13
0.32340000000000274 5.870464300942955e-13
Sampling time (10 samples): 7437.1686 seconds
/scratch/users/yanlan/Retrieval_0705/Output/AM_PM_ET_181_254_00
0.0155 1.3151571502113486e-41
restart...
0.044 3.599762125158084e-37
0.1672499999999995 9.481353482411428e-35
0.22500000000000037 3.489938930176313e-34
0.22875000000000073 9.163352444976498e-37
0.23210000000000128 4.332877902163732e-38
0.22941666666666743 7.478417234164395e-41
0.22078571428571478 6.869744795624557e-45
0.2253750000000006 1.6804457529893151e-43
0.2390000000000011 3.257138307068957e-41
0.2515500000000005 5.701164484387897e-40
0.2602272727272719 4.4125333706832485e-41
0.26691666666666564 3.188883510874646e-40
0.27146153846153626 1.5641189312219264e-40
0.27332142857142705 3.291876501610879e-41
Sampling time (10 samples): 7795.0325 seconds
/scratch/users/yanlan/Retrieval_0705/Output/AM_PM_ET_186_360_00
0.023 1.3844353323576944e-39
0.03499999999999996 8.485360953579498e-61
restart...
0.029500000000000016 1.0100627415398345e-63
restart...
0.033500000000000016 1.2163556379556553e-60
restart...
0.03324999999999997 1.4483625141208014e-62
restart...
0.033500000000000044 9.868096568331094e-63
restart...
0.031 7.548987477713978e-62
restart...
0.032749999999999974 9.413486476499579e-60
restart...
0.03375000000000003 3.955256512556668e-61
restart...
0.039749999999999966 2.2266893017798915e-58
restart...
0.05275 4.012644027885376e-52
restart...
0.038749999999999944 5.197557672144479e-59
restart...
0.03400000000000005 7.459247205052417e-61
restart...
0.03374999999999999 6.321819197617592e-61
restart...
0.03799999999999998 4.075267529994091e-59
restart...
Sampling time (10 samples): 7479.7667 seconds
/scratch/users/yanlan/Retrieval_0705/Output/AM_PM_ET_192_284_00
0.02049999999999998 9.600271139706961e-40
0.05599999999999993 2.5327850498285554e-51
restart...
0.061500000000000055 1.7390792492771387e-51
restart...
0.05500000000000002 2.1767021562006194e-50
restart...
0.05899999999999994 5.35588532961471e-51
restart...
0.06524999999999997 2.441154556049175e-49
restart...
0.061499999999999964 1.830605769771153e-50
restart...
0.06125000000000006 2.001172430316854e-52
restart...
0.05749999999999992 6.684874251883543e-51
restart...
0.055499999999999924 1.1939281348603414e-52
restart...
0.052250000000000026 1.6881036394309643e-52
restart...
0.049999999999999975 7.250623476948008e-53
restart...
0.05649999999999996 3.901021789734535e-51
restart...
0.056999999999999974 4.410143147513133e-51
restart...
0.059000000000000025 1.348763522832789e-49
restart...
Sampling time (10 samples): 9172.4269 seconds
/scratch/users/yanlan/Retrieval_0705/Output/AM_PM_ET_197_397_00
0.027000000000000017 1.974465828299552e-38
0.04325000000000003 9.782344312346743e-58
restart...
0.04150000000000001 2.2870077853286135e-57
restart...
0.04549999999999997 1.1129189038071895e-55
restart...
0.046750000000000014 1.2436967216403725e-53
restart...
0.04375000000000001 8.171811522699304e-57
restart...
0.050750000000000024 3.9670886801709144e-53
restart...
0.050249999999999975 1.0492386968099867e-54
restart...
0.04950000000000004 1.3030214524125169e-54
restart...
0.04525000000000011 3.153027732161431e-54
restart...
0.03600000000000004 2.2226316674476057e-58
restart...
0.04775000000000002 2.13887873810957e-52
restart...
0.040000000000000015 1.5246747154045232e-58
restart...
0.0437499999999999 7.478496698159252e-55
restart...
0.04475000000000008 2.1274681458011205e-56
restart...
Sampling time (10 samples): 7417.2360 seconds
