/scratch/users/yanlan/Retrieval_0705/Output/AM_PM_ET_160_426_00
0.011499999999999995 3.336684425773016e-42
restart...
0.013499999999999995 5.4489769207544444e-43
restart...
0.07399999999999994 2.9689109541469716e-31
0.08624999999999985 2.8549315661620613e-58
restart...
0.07425000000000005 2.3773367321270555e-55
restart...
0.06449999999999985 9.036681352538702e-58
restart...
0.07674999999999996 2.2129323827772206e-55
restart...
0.07899999999999992 1.6546489427081643e-51
restart...
0.14225 7.004465692485507e-38
0.11450000000000007 2.4929200279325512e-57
restart...
0.06800000000000025 2.4129717052911915e-58
restart...
0.11950000000000004 3.4220230812430617e-41
0.09400000000000006 2.766731260741241e-63
restart...
0.062250000000000034 5.831311193942031e-55
restart...
0.042499999999999954 1.8604662255937533e-66
restart...
Sampling time (10 samples): 7381.0878 seconds
/scratch/users/yanlan/Retrieval_0705/Output/AM_PM_ET_166_323_00
0.015999999999999986 1.1679949326921948e-41
restart...
0.008499999999999997 2.0162260971471353e-45
restart...
0.031 4.1496689286546164e-40
0.10499999999999997 6.270171334182139e-41
0.1561666666666668 2.7758185942166625e-39
0.1890000000000002 2.4425281474410696e-37
0.20930000000000032 3.8231499169975205e-36
0.22733333333333375 1.0848641408128893e-34
0.23842857142857213 5.164233459974016e-33
0.2533125000000007 1.8086466624206467e-33
0.2609444444444465 3.321413737935017e-33
0.24965000000000145 1.8473931158429663e-40
0.23518181818181955 1.2606923307289883e-55
restart...
0.23827272727272872 1.573506549139013e-50
restart...
0.23913636363636503 4.451876272759334e-48
Sampling time (10 samples): 7601.5375 seconds
/scratch/users/yanlan/Retrieval_0705/Output/AM_PM_ET_172_275_00
0.053500000000000006 2.6759920585821685e-35
0.1304999999999996 4.1847003672021107e-38
0.14616666666666658 1.2002681792204178e-43
0.16537500000000013 1.8315129627791287e-43
0.18900000000000056 6.578979941618965e-42
0.2125000000000003 3.0169515197756503e-40
0.23328571428571493 1.151379580664086e-39
0.25056250000000074 1.2218610776141658e-39
0.2692777777777791 3.168687202281505e-39
0.2818500000000009 1.1816163849623848e-39
0.29063636363636347 1.6606191253420685e-39
0.29699999999999915 4.457214117729249e-39
0.3014615384615382 8.74441241578e-40
0.3071071428571443 1.6893681335887936e-39
0.3150999999999991 6.125379492181669e-40
Sampling time (10 samples): 7419.4362 seconds
/scratch/users/yanlan/Retrieval_0705/Output/AM_PM_ET_177_355_00
0.05000000000000002 1.355816297199218e-35
0.12249999999999989 2.492228524364191e-39
0.18599999999999967 1.0498755365884512e-38
0.2190000000000003 5.558897359217044e-37
0.22800000000000045 1.8821141475261952e-36
0.24000000000000038 2.7424985126695e-36
0.24378571428571497 9.498238471377818e-37
0.24000000000000057 1.3988043099536175e-41
0.23072222222222272 2.358371392073027e-44
0.22730000000000028 7.192917254757463e-47
0.2169090909090912 1.304339895091631e-55
restart...
0.22059090909090917 1.755736435465979e-50
restart...
0.22059090909090914 1.5219223464501535e-50
restart...
0.2204545454545457 2.411150171321899e-49
restart...
0.22000000000000017 3.2904382663892826e-50
restart...
Sampling time (10 samples): 7457.5864 seconds
/scratch/users/yanlan/Retrieval_0705/Output/AM_PM_ET_183_239_00
0.03900000000000001 1.9625135138346627e-37
0.08949999999999991 5.69029305394619e-45
0.14166666666666727 1.7678724093976683e-43
0.13962500000000064 1.1271891893511774e-57
restart...
0.08650000000000023 7.379322578032065e-45
0.1531666666666671 3.156021948221551e-42
0.1927500000000007 3.140312746965771e-38
0.17730000000000062 2.0825598318608815e-51
restart...
0.07825 3.2687903063491694e-44
0.10099999999999988 1.3262805448656675e-53
restart...
0.07550000000000004 3.045584982450359e-45
0.10983333333333341 8.157323929659698e-48
0.14212500000000028 1.2063966391019535e-43
0.14630000000000098 1.9651838236031103e-48
0.13958333333333395 8.997848735276943e-61
restart...
Sampling time (10 samples): 7829.5457 seconds
/scratch/users/yanlan/Retrieval_0705/Output/AM_PM_ET_188_361_00
0.02200000000000002 9.648844803950337e-40
0.024999999999999994 4.2422583359913193e-69
restart...
0.028250000000000015 2.481681362407612e-66
restart...
0.028499999999999987 4.709810725196055e-66
restart...
0.027749999999999983 1.4173916058489793e-67
restart...
0.03049999999999997 7.236912774701869e-61
restart...
0.03325000000000007 6.845671060202853e-61
restart...
0.03400000000000006 4.6401728566691757e-60
restart...
0.028000000000000025 1.901460893014033e-64
restart...
0.026250000000000006 2.377939656644918e-66
restart...
0.041999999999999996 1.1072243543018351e-57
restart...
0.02400000000000001 3.267776707502106e-68
restart...
0.04299999999999995 1.5039428715036363e-54
restart...
0.03224999999999991 3.4324228073837965e-63
restart...
0.03375000000000001 2.841449993852401e-60
restart...
Sampling time (10 samples): 7472.5338 seconds
/scratch/users/yanlan/Retrieval_0705/Output/AM_PM_ET_194_288_00
0.03499999999999999 2.3452046181696364e-37
0.06700000000000014 6.247831978896991e-50
restart...
0.05999999999999994 5.091515639084177e-51
restart...
0.0620000000000001 8.851812621768508e-53
restart...
0.05975000000000009 4.460502256884927e-51
restart...
0.06800000000000005 6.719234243392937e-51
restart...
0.06700000000000005 2.287668042192833e-52
restart...
0.047249999999999966 3.5558388273653425e-55
restart...
0.0627500000000001 9.66443738799406e-52
restart...
0.05724999999999992 1.726032718579386e-52
restart...
0.07449999999999993 7.92591450865398e-51
restart...
0.06850000000000005 6.023884090315672e-51
restart...
0.05700000000000004 3.781883132723349e-52
restart...
0.06450000000000006 6.048831785134764e-49
restart...
0.06224999999999994 2.6338475155045817e-49
restart...
Sampling time (10 samples): 7663.7681 seconds
