/scratch/users/yanlan/Retrieval_0705/Output/AM_PM_ET_161_305_00
0.038499999999999986 2.866302150167829e-36
0.1420000000000002 2.123593335828722e-38
0.1895000000000002 4.824876741946606e-36
0.21200000000000027 8.109735123462701e-36
0.22910000000000008 1.4917043045820459e-34
0.24116666666666664 1.5649312854376358e-34
0.24707142857142866 1.2539426315329049e-34
0.24756249999999985 2.3021764652678e-35
0.2523888888888892 8.934785255206701e-35
0.25499999999999984 2.815944272241391e-35
0.25809090909090915 9.7463390872993e-35
0.2599166666666667 5.26778931448579e-35
0.2635384615384626 2.2876333898498537e-34
0.26571428571428585 1.0116210476504782e-34
0.2670333333333336 9.804370285153707e-36
Sampling time (10 samples): 7494.8002 seconds
/scratch/users/yanlan/Retrieval_0705/Output/AM_PM_ET_166_430_00
0.03700000000000002 7.764384564599548e-36
0.057000000000000044 3.1765965848158003e-52
restart...
0.056999999999999884 6.618632441441767e-52
restart...
0.05824999999999996 1.4604489993725207e-52
restart...
0.057749999999999996 1.0550219782851405e-50
restart...
0.04824999999999997 4.139703089325026e-53
restart...
0.04649999999999993 6.593141382346053e-56
restart...
0.057749999999999954 9.840926800719001e-51
restart...
0.0365000000000001 4.529619734924921e-61
restart...
0.05250000000000003 3.013952980024182e-53
restart...
0.0620000000000001 1.386496884945171e-51
restart...
0.05024999999999991 5.174508171150554e-55
restart...
0.0525 2.900126209202424e-50
restart...
0.05024999999999996 1.330209708126254e-53
restart...
0.05925000000000001 8.128983899785364e-52
restart...
Sampling time (10 samples): 7409.6372 seconds
/scratch/users/yanlan/Retrieval_0705/Output/AM_PM_ET_172_390_00
0.02450000000000001 4.6731499300134897e-38
0.047999999999999834 2.7747098712156825e-55
restart...
0.04949999999999997 1.8473513163335802e-54
restart...
0.05675000000000003 6.581441759736083e-54
restart...
0.03275000000000006 3.6000051668759907e-65
restart...
0.04749999999999997 7.450248535187459e-53
restart...
0.04550000000000016 1.548102543665559e-53
restart...
0.050500000000000045 1.0295314237157521e-52
restart...
0.04549999999999992 2.5757719014957082e-54
restart...
0.04100000000000001 5.118136586422847e-56
restart...
0.043249999999999955 6.015925939373994e-56
restart...
0.045250000000000096 1.9823244277103e-53
restart...
0.05850000000000003 9.896311658092855e-52
restart...
0.045999999999999895 1.060639441963916e-53
restart...
0.04599999999999998 3.627400503405908e-55
restart...
Sampling time (10 samples): 7487.1928 seconds
/scratch/users/yanlan/Retrieval_0705/Output/AM_PM_ET_178_236_00
0.037500000000000075 1.0827618639272326e-35
0.03900000000000004 1.3744756539570377e-63
restart...
0.04275000000000003 2.944177470157776e-56
restart...
0.030250000000000058 4.063124870552542e-68
restart...
0.03325000000000005 5.451427798512818e-65
restart...
0.03175000000000002 8.767293079279344e-64
restart...
0.03625000000000007 7.038782367838221e-61
restart...
0.028500000000000067 3.214483577595356e-66
restart...
0.03150000000000007 6.150026213045414e-65
restart...
0.04099999999999994 2.3310293328493678e-57
restart...
0.04275000000000014 2.0220491372864998e-60
restart...
0.031000000000000028 1.7216275433207985e-64
restart...
0.03325000000000006 5.484758571572171e-62
restart...
0.03599999999999987 4.8916345877925243e-60
restart...
0.0407499999999999 2.0285804553416492e-58
restart...
Sampling time (10 samples): 7771.3570 seconds
/scratch/users/yanlan/Retrieval_0705/Output/AM_PM_ET_183_329_00
0.07649999999999998 8.50554269961229e-34
0.20399999999999924 2.428399354063945e-31
0.24066666666666614 3.428836524046763e-29
0.2706249999999995 9.953380601936839e-30
0.2848999999999991 3.297135402502835e-29
0.297666666666667 3.274183710996289e-29
0.303571428571428 1.9032741133879145e-29
0.3138749999999993 3.917583445619709e-30
0.3191111111111096 8.792298604376024e-29
0.3198999999999991 4.310262485577582e-29
0.3252272727272719 1.1560150880689465e-28
0.33129166666666615 1.381886589596031e-29
0.3356538461538449 1.6041317274692523e-29
0.33889285714285716 1.9406140141851896e-29
0.342199999999999 7.02078148756224e-29
Sampling time (10 samples): 7599.4706 seconds
/scratch/users/yanlan/Retrieval_0705/Output/AM_PM_ET_189_257_00
0.05500000000000007 1.526320178045494e-36
0.1572500000000002 2.1335842756208687e-34
0.1643333333333332 2.5895417397442765e-35
0.152875 4.63000771891218e-49
restart...
0.14749999999999988 1.0944702836029831e-34
0.18550000000000033 1.695897453599644e-31
0.2150000000000006 5.599223515838211e-30
0.23450000000000074 4.036158847524748e-29
0.24991666666666712 1.242870979201395e-28
0.2573571428571441 3.340243138900229e-28
0.2635625000000027 3.8775700056409977e-28
0.26711111111111285 6.395814427543431e-28
0.27400000000000124 9.24604486834352e-29
0.2794090909090925 1.5181675465643973e-28
0.28158333333333546 3.201206069738019e-28
Sampling time (10 samples): 8200.4630 seconds
/scratch/users/yanlan/Retrieval_0705/Output/AM_PM_ET_194_372_00
0.40700000000000025 9.721907800591097e-13
0.36150000000000043 8.063824891318204e-13
0.3426666666666665 8.130004160850873e-13
0.33074999999999904 6.412325372218703e-13
0.3354000000000005 3.3841177461528183e-13
0.3309166666666673 3.6159529753875903e-13
0.33014285714285674 5.620045391969551e-13
0.3281874999999998 1.812988896320833e-12
0.32777777777777745 4.1119188103728883e-13
0.3256499999999992 8.514178262537901e-13
0.3276363636363631 4.692775756574833e-13
0.32537499999999864 6.18981920192603e-13
0.32523076923076666 2.5372592247991095e-13
0.3237857142857125 3.8368397737987845e-13
0.3261333333333303 3.9622089633789186e-13
Sampling time (10 samples): 7565.7036 seconds
