/scratch/users/yanlan/Retrieval_0705/Output/AM_PM_ET_161_405_00
0.02000000000000002 9.843893615729571e-42
0.02350000000000004 4.4403645379521585e-69
restart...
0.022999999999999993 1.2808650656539813e-67
restart...
0.019000000000000048 4.059494940105868e-74
restart...
0.02250000000000002 1.4120784041579543e-69
restart...
0.022749999999999992 3.0353233933181148e-71
restart...
0.020999999999999998 1.2748500832952805e-71
restart...
0.012999999999999989 1.0059240644335152e-81
restart...
0.019749999999999993 2.7369561068234317e-74
restart...
0.023500000000000014 4.6087965320548375e-69
restart...
0.02375 2.1019164269225105e-68
restart...
0.025749999999999985 1.900178520060883e-69
restart...
0.018249999999999985 2.0069501884306636e-73
restart...
0.022750000000000034 1.2813226386472827e-68
restart...
0.017999999999999985 2.2760489040416596e-77
restart...
Sampling time (10 samples): 7478.4653 seconds
/scratch/users/yanlan/Retrieval_0705/Output/AM_PM_ET_167_311_00
0.08599999999999991 7.890297897003328e-31
0.1662500000000001 1.1695751917932776e-31
0.20600000000000027 1.1752964107550756e-31
0.2392500000000003 4.124780623109114e-33
0.258100000000001 5.167904684645105e-34
0.2760833333333349 2.127081171101416e-34
0.2892857142857162 1.6555950127567733e-34
0.29856250000000223 4.424273122688602e-35
0.30816666666666914 1.0766154034673886e-34
0.31580000000000225 2.6689972393297295e-34
0.32159090909091015 2.43732664579572e-34
0.3261249999999992 1.5943601616457337e-34
0.32830769230769113 9.338693507307911e-35
0.32967857142857027 1.8908101275144512e-35
0.3324666666666655 4.267502912880855e-34
Sampling time (10 samples): 7568.1703 seconds
/scratch/users/yanlan/Retrieval_0705/Output/AM_PM_ET_173_279_00
0.017999999999999988 2.797262615405075e-40
restart...
0.03200000000000003 7.710301024056814e-37
0.15150000000000025 3.779328417123514e-35
0.2045000000000002 9.618371991434481e-33
0.22287500000000043 4.578575511643441e-32
0.24100000000000077 3.030187294620542e-32
0.2485000000000003 1.0210866635988804e-33
0.2376428571428574 1.004240107468214e-37
0.2346250000000002 2.5619602301539315e-38
0.24238888888888924 3.236192631765904e-36
0.25105000000000033 1.6821286701263478e-36
0.25650000000000106 1.2105085994964925e-36
0.24129166666666707 3.3337420666867505e-60
restart...
0.24054166666666815 1.1237560354723552e-66
restart...
0.24216666666666822 1.5082105424457405e-62
restart...
Sampling time (10 samples): 7639.4411 seconds
/scratch/users/yanlan/Retrieval_0705/Output/AM_PM_ET_178_344_00
0.015000000000000006 2.1091632649959528e-41
restart...
0.026000000000000016 1.819755028053614e-39
0.06775 6.282657470101316e-49
restart...
0.07975000000000003 2.409619658647778e-47
0.1426666666666668 9.139130384041995e-42
0.17775000000000046 7.088309284476518e-38
0.20250000000000062 9.029690593046373e-37
0.2152500000000005 9.330181947516486e-36
0.22064285714285736 1.3571294678490162e-38
0.2255000000000002 6.070074643361533e-39
0.2290000000000002 1.766923736210909e-39
0.23050000000000026 1.4309915883613858e-39
0.2332727272727275 1.8866680570309136e-40
0.23329166666666712 5.000242772363293e-42
0.24007692307692297 7.470060881856791e-42
Sampling time (10 samples): 7692.4213 seconds
/scratch/users/yanlan/Retrieval_0705/Output/AM_PM_ET_183_457_00
0.3810000000000005 1.0005739929103674e-12
0.3485000000000007 6.561385370332313e-13
0.3271666666666673 8.5017223840347e-13
0.31712500000000016 1.1927840900354686e-12
0.3193000000000004 1.7246444105285393e-12
0.3208333333333336 3.232110070008934e-13
0.3210000000000008 8.386933985623812e-13
0.3217500000000006 6.581691657852272e-13
0.3220555555555561 6.147284129499535e-13
0.3235500000000004 1.1274440230698009e-12
0.3239090909090908 8.485133074340128e-13
0.3230416666666665 5.113050290161812e-13
0.3229615384615389 5.878543226645502e-13
0.32175000000000037 5.120354617899661e-13
0.3212333333333332 3.6663676509960086e-13
Sampling time (10 samples): 7869.8743 seconds
/scratch/users/yanlan/Retrieval_0705/Output/AM_PM_ET_189_344_00
0.0195 1.0272863441519962e-40
restart...
0.013499999999999998 1.9987641713532432e-42
restart...
0.005500000000000002 3.0600336334051613e-47
restart...
0.01299999999999999 6.76629232393404e-44
restart...
0.0029999999999999975 2.0695306919902064e-49
restart...
0.007500000000000008 1.8105109425920365e-46
restart...
0.012500000000000006 7.560865376982084e-44
restart...
0.01799999999999996 3.7132899575773284e-41
restart...
0.0145 5.2349313613298515e-43
restart...
0.013999999999999999 1.7894916141521626e-43
restart...
0.009999999999999993 6.843814833104942e-45
restart...
0.011000000000000006 3.350024192325719e-45
restart...
0.013499999999999998 8.630406393493073e-42
restart...
0.012499999999999994 1.870756478006378e-43
restart...
0.013000000000000018 9.347822406240687e-45
restart...
Sampling time (10 samples): 7987.9973 seconds
/scratch/users/yanlan/Retrieval_0705/Output/AM_PM_ET_195_282_00
0.07650000000000014 4.550793766936936e-33
0.12250000000000019 4.912702204113253e-40
0.14716666666666695 1.5193194780226045e-41
0.1848750000000001 1.219437977753083e-40
0.211 1.4590105518436015e-39
0.22733333333333314 1.1727575894130573e-37
0.23385714285714257 6.399809127323668e-39
0.24049999999999935 1.839478859112454e-39
0.2443888888888885 1.0450382067408934e-40
0.25464999999999965 1.4302988957994721e-40
0.26390909090909176 4.608658169713468e-40
0.2672500000000004 1.5542659406910766e-40
0.2738461538461542 9.205606732184095e-40
0.2761785714285724 7.755692489486085e-41
0.27976666666666783 1.0180057852151572e-40
Sampling time (10 samples): 7712.6020 seconds
