/scratch/users/yanlan/Retrieval_0705/Output/AM_PM_ET_161_282_00
0.04849999999999995 4.082232741236985e-34
0.14849999999999972 2.6814118117972173e-33
0.20299999999999943 1.1594704318205795e-31
0.2276249999999991 2.9841481685570206e-30
0.24529999999999919 1.950199565427924e-30
0.2549999999999998 9.795713031731352e-30
0.260142857142857 1.9382495737851683e-29
0.26381250000000006 6.385663823581603e-30
0.2662777777777776 4.549666578617414e-30
0.2514500000000002 1.0492169437746298e-50
restart...
0.2671000000000001 1.0109894977531377e-29
0.2688636363636353 1.6565945947587855e-29
0.26979166666666576 2.604185052533984e-30
0.27130769230769247 5.403724253856965e-31
0.27114285714285663 4.1489207958115916e-30
Sampling time (10 samples): 8046.1033 seconds
/scratch/users/yanlan/Retrieval_0705/Output/AM_PM_ET_166_401_00
0.40850000000000003 1.910482868337558e-12
0.35850000000000015 7.109790985690865e-13
0.3445 6.349449368558711e-13
0.3381249999999999 6.237338253102101e-13
0.33149999999999985 3.7116412972987843e-13
0.3324166666666653 2.8065122092146333e-13
0.33342857142857024 1.0084480507849985e-12
0.33018749999999814 1.8018427844263773e-12
0.3285555555555539 3.7237667602101267e-13
0.3317499999999992 5.018912316413261e-13
0.33181818181818085 6.646376799533405e-13
0.3297916666666645 1.189541631746792e-12
0.3291153846153826 5.598314656522005e-13
0.32846428571428415 6.295792643157107e-13
0.3296999999999982 6.226486822120782e-13
Sampling time (10 samples): 7563.9434 seconds
/scratch/users/yanlan/Retrieval_0705/Output/AM_PM_ET_172_338_00
0.013499999999999991 1.1959308773503165e-43
restart...
0.043 5.5126346237969415e-37
0.11024999999999993 3.07583451116448e-38
0.13083333333333344 1.0296902024017871e-44
0.14612500000000073 4.5922659878375174e-48
0.16140000000000002 3.6471201675767635e-48
0.16575000000000017 5.925929921197674e-51
restart...
0.11349999999999995 2.549968830615514e-37
0.13300000000000017 2.598730526243898e-43
0.1271250000000014 1.5650083285048173e-53
restart...
0.10724999999999989 1.2069808628717318e-40
0.13466666666666652 1.1568138992309854e-44
0.1493750000000004 2.0352398007901e-46
0.16310000000000063 4.456157428140708e-45
0.17575000000000035 3.335029030738983e-45
Sampling time (10 samples): 7813.8485 seconds
/scratch/users/yanlan/Retrieval_0705/Output/AM_PM_ET_177_452_00
0.013000000000000005 2.6336733838524288e-43
restart...
0.014500000000000011 5.381702957068327e-43
restart...
0.015 3.747574002302449e-44
restart...
0.019000000000000013 1.5838407403468022e-38
restart...
0.018999999999999996 1.6389061675055008e-40
restart...
0.01299999999999999 9.030484186691999e-44
restart...
0.059999999999999984 2.6318241931558536e-35
0.18175000000000002 2.913926256785449e-32
0.23433333333333312 1.1322950952384072e-28
0.2616250000000001 7.0175504260179335e-28
0.2836000000000001 1.6542474366215308e-28
0.30025000000000085 5.803329541571882e-28
0.3075714285714307 5.618708365781956e-28
0.3170000000000019 1.232949222690605e-27
0.32472222222222363 7.161714853498185e-28
Sampling time (10 samples): 7483.5069 seconds
/scratch/users/yanlan/Retrieval_0705/Output/AM_PM_ET_183_306_00
0.042499999999999975 6.437671396786227e-37
0.14424999999999996 2.0367183295057715e-37
0.15500000000000003 4.546951399209912e-42
0.13050000000000053 1.1257303823907059e-62
restart...
0.08074999999999999 3.6039800371147456e-47
0.08700000000000012 2.6318063551668446e-58
restart...
0.0932500000000001 1.3666161541147726e-44
0.0961666666666668 3.9735202420576675e-58
restart...
0.0589999999999997 1.69169482505714e-55
restart...
0.10225000000000004 2.1910909113576448e-42
0.08300000000000016 1.2256887845907206e-62
restart...
0.11524999999999996 2.0179541546174657e-40
0.10083333333333312 6.142483201532993e-59
restart...
0.10274999999999992 1.2349411189377304e-41
0.12033333333333344 2.0644827261206385e-51
restart...
Sampling time (10 samples): 8727.3899 seconds
/scratch/users/yanlan/Retrieval_0705/Output/AM_PM_ET_189_233_00
0.013500000000000002 1.333883824034072e-43
restart...
0.008000000000000002 1.1904434852552607e-46
restart...
0.02199999999999999 6.346710224025254e-39
0.04249999999999996 4.5413223467019415e-56
restart...
0.04325 8.998786736688677e-58
restart...
0.05725000000000001 1.284505104526016e-52
restart...
0.06125000000000006 1.6275849697872928e-49
restart...
0.051500000000000046 1.3243588628047363e-53
restart...
0.05900000000000001 7.922514580642049e-53
restart...
0.03999999999999992 6.4764691966007625e-59
restart...
0.05625000000000002 3.0926716912322013e-55
restart...
0.05325000000000009 5.92710397625662e-54
restart...
0.05300000000000006 8.436383904635865e-53
restart...
0.050250000000000024 2.5432845526893146e-55
restart...
0.06675000000000006 1.1954020908767327e-51
restart...
Sampling time (10 samples): 7621.1936 seconds
/scratch/users/yanlan/Retrieval_0705/Output/AM_PM_ET_194_349_00
0.05 1.1603094318318404e-34
0.16199999999999956 3.1261715065039635e-34
0.20799999999999938 6.00813881694916e-33
0.21837499999999954 2.0673570913643245e-35
0.22459999999999958 1.2315927929494717e-36
0.22516666666666618 2.019840275421587e-37
0.22807142857142798 2.2220263024697443e-37
0.23243749999999924 4.031096804801202e-36
0.23833333333333268 3.450661854559185e-36
0.24169999999999922 8.52903815740396e-37
0.24527272727272653 2.8098546356878178e-37
0.24924999999999947 3.6625689870960637e-37
0.25057692307692303 5.445065835854514e-36
0.2528571428571427 5.643977646471559e-37
0.25193333333333323 6.177130745824029e-38
Sampling time (10 samples): 7847.5091 seconds
