/scratch/users/yanlan/Retrieval_0705/Output/AM_PM_ET_163_336_00
0.012499999999999989 7.848431810418139e-43
restart...
0.08349999999999999 1.3272062860972875e-33
0.17724999999999974 3.9461624284769695e-33
0.1961666666666666 5.460233332474111e-33
0.18612499999999968 1.075841900294629e-37
0.18449999999999964 1.034090478492307e-41
0.18541666666666687 3.332439028237248e-45
0.18085714285714286 2.692201407024349e-50
restart...
0.16800000000000018 3.110121457979564e-33
0.20100000000000068 1.67435667173115e-32
0.20200000000000076 1.3890257350620574e-35
0.19390000000000024 3.722070205181582e-40
0.18816666666666648 3.9899462800353363e-44
0.18571428571428525 2.5431150001787832e-46
0.18324999999999958 1.452491673217911e-48
Sampling time (10 samples): 7407.4353 seconds
/scratch/users/yanlan/Retrieval_0705/Output/AM_PM_ET_169_246_00
0.03250000000000001 1.1060681385142823e-39
0.11625000000000016 7.33282560667756e-43
0.17833333333333393 1.5010630299374275e-40
0.21575000000000058 3.318083622167074e-39
0.20650000000000027 1.9486085754805101e-44
0.22125000000000045 2.2546913501433758e-43
0.23407142857142893 5.095951669256894e-42
0.24831250000000013 5.697418436091617e-41
0.25916666666666616 8.426975958521929e-41
0.2680000000000016 7.223996153756923e-41
0.2736818181818192 3.011567263996796e-40
0.27762500000000195 2.2294459281718286e-40
0.2857307692307721 1.9558992094982247e-40
0.2890714285714319 1.6134234094237918e-40
0.29293333333333665 4.695220501891077e-41
Sampling time (10 samples): 7362.5280 seconds
/scratch/users/yanlan/Retrieval_0705/Output/AM_PM_ET_174_402_00
0.07250000000000005 5.484315211850577e-31
0.12025000000000009 3.253592975235373e-33
0.13833333333333359 2.965554651107505e-35
0.14612499999999992 5.9608677250905685e-37
0.15309999999999985 5.272784791136452e-38
0.16074999999999984 3.081367511046863e-38
0.16221428571428567 3.919142235804481e-42
0.17306249999999984 4.924129305237793e-40
0.18972222222222204 4.987698774940158e-37
0.20310000000000025 2.8589782861503293e-34
0.21359090909090933 7.848827050329696e-33
0.22349999999999992 2.813692905404261e-31
0.22911538461538455 3.4724589893275946e-31
0.23550000000000063 1.8222073668023895e-31
0.2433333333333343 3.5239790880069625e-31
Sampling time (10 samples): 7426.6665 seconds
/scratch/users/yanlan/Retrieval_0705/Output/AM_PM_ET_180_274_00
0.004499999999999997 6.248458987659227e-48
restart...
0.023000000000000003 1.9809306202752774e-38
0.03099999999999999 1.0800777111710254e-64
restart...
0.029999999999999978 9.727189531108093e-66
restart...
0.02900000000000001 2.5612547439831803e-65
restart...
0.03 2.424254319123624e-65
restart...
0.02824999999999998 2.1062239879638873e-64
restart...
0.019749999999999972 2.3821805661544227e-70
restart...
0.026999999999999996 6.845943299137736e-67
restart...
0.02799999999999999 8.177819412054673e-63
restart...
0.02325 1.9707195574699533e-67
restart...
0.028750000000000026 9.952866281644883e-68
restart...
0.026000000000000002 1.1027620784195487e-65
restart...
0.034250000000000023 2.9948827448584587e-65
restart...
0.025499999999999984 8.907923686979253e-68
restart...
Sampling time (10 samples): 7522.9180 seconds
/scratch/users/yanlan/Retrieval_0705/Output/AM_PM_ET_185_358_00
0.06550000000000007 3.7071861013504595e-30
0.09700000000000009 2.4617770904645944e-38
0.0848333333333332 3.655991033495622e-55
restart...
0.06199999999999967 4.481671107676651e-50
restart...
0.053249999999999936 1.0404506916136657e-53
restart...
0.058 3.306666528121128e-52
restart...
0.04549999999999999 1.957491322864078e-61
restart...
0.08950000000000005 4.236538150448232e-39
0.10666666666666685 1.478405442443781e-43
0.11925000000000012 7.335937803484458e-45
0.12400000000000004 1.1858289229196772e-47
0.12116666666666678 6.98577882667718e-57
restart...
0.1201666666666668 6.84355783455516e-57
restart...
0.11966666666666685 2.0532460291564654e-58
restart...
0.12041666666666685 2.2551250687865933e-57
restart...
Sampling time (10 samples): 8372.3107 seconds
/scratch/users/yanlan/Retrieval_0705/Output/AM_PM_ET_191_287_00
0.10299999999999981 3.5026075386806123e-31
0.18624999999999994 8.783524191140495e-34
0.19250000000000012 1.475681007850022e-38
0.216875 8.637255479435378e-37
0.22590000000000024 3.280147710964542e-37
0.24016666666666706 4.6519133051898313e-35
0.24514285714285777 2.7337911339361092e-34
0.22093750000000034 5.132779817613734e-53
restart...
0.22425000000000053 8.752859795728357e-53
restart...
0.22356250000000027 1.4225689528519276e-52
restart...
0.2153750000000006 4.887714560236438e-75
restart...
0.22118750000000045 1.1408607582309411e-51
restart...
0.21550000000000058 1.2397373609000636e-71
restart...
0.21537500000000054 1.494107909607698e-71
restart...
0.21593750000000064 1.017187416553801e-71
restart...
Sampling time (10 samples): 7492.6028 seconds
/scratch/users/yanlan/Retrieval_0705/Output/AM_PM_ET_196_416_00
0.03200000000000004 5.170867488904671e-40
0.15174999999999983 5.989349670125982e-40
0.2096666666666669 1.2094916020241207e-37
0.24200000000000033 7.846971217470471e-37
0.2594999999999998 2.3492271887936805e-36
0.26916666666666655 9.580878062737587e-35
0.2775714285714288 7.433221196130506e-36
0.28425000000000034 3.744970852381904e-36
0.286055555555556 2.3277580512112067e-35
0.29055 8.02330164006652e-36
0.2956818181818182 1.5508422865802385e-35
0.2974166666666657 4.36111809751013e-36
0.2992692307692296 1.0573434818351763e-35
0.3012142857142856 4.984590155426286e-36
0.3028999999999991 1.212957364671682e-35
Sampling time (10 samples): 7540.0823 seconds
