/scratch/users/yanlan/Retrieval_0705/Output/AM_PM_ET_165_322_00
0.05200000000000006 1.959106603390915e-34
0.12924999999999998 1.8309944095138856e-33
0.17066666666666694 1.277405691365393e-32
0.1848750000000001 2.4699175589583476e-32
0.19580000000000045 1.8841885949033622e-32
0.2117499999999999 1.8149546085288282e-32
0.2290714285714282 3.758745112826662e-32
0.23706249999999962 1.1180640789819725e-31
0.24416666666666637 6.69699227351768e-32
0.2507000000000001 6.191105577715543e-32
0.2565454545454535 3.8115947646257217e-31
0.2623749999999993 1.9080633864263301e-31
0.26688461538461306 4.5011858600421914e-32
0.26846428571428316 3.550374501279072e-32
0.27073333333333144 1.7535183179105347e-31
Sampling time (10 samples): 7939.6153 seconds
/scratch/users/yanlan/Retrieval_0705/Output/AM_PM_ET_171_244_00
0.017 2.3970255142141465e-41
restart...
0.07700000000000005 7.50239851646871e-34
0.17475000000000002 3.3807596211203533e-31
0.23000000000000012 1.3399658764494564e-30
0.2573750000000008 2.983301290086665e-29
0.21620000000000072 4.3043707279827624e-51
restart...
0.22140000000000096 6.210052937648815e-50
restart...
0.22220000000000054 6.000525921745053e-47
0.20133333333333378 4.067480155749419e-57
restart...
0.19908333333333378 9.109840081005793e-61
restart...
0.20016666666666685 5.651148373133132e-58
restart...
0.20050000000000068 1.3494680754690491e-55
restart...
0.19566666666666732 9.903938146487503e-64
restart...
0.19525000000000034 1.0211164426028528e-64
restart...
0.19633333333333383 1.537088636881854e-63
restart...
Sampling time (10 samples): 10419.2605 seconds
/scratch/users/yanlan/Retrieval_0705/Output/AM_PM_ET_176_355_00
0.03449999999999997 2.92802978618433e-37
0.12100000000000016 6.724108518640521e-40
0.1775000000000006 9.117737989581875e-37
0.2127500000000007 1.919687655875508e-36
0.2232000000000008 9.66415095408005e-37
0.23216666666666705 6.174588980102852e-39
0.2305 5.537116203414592e-43
0.2351250000000004 6.089675073247555e-44
0.24327777777777834 2.18266916459744e-43
0.2505500000000005 1.087062618755805e-43
0.2526363636363656 2.8807527098084234e-44
0.2543750000000022 2.6361159435859635e-45
0.2573461538461555 5.2664140746049665e-45
0.2640000000000018 9.29172826388611e-45
0.26723333333333643 1.6773541568165076e-44
Sampling time (10 samples): 7943.6580 seconds
/scratch/users/yanlan/Retrieval_0705/Output/AM_PM_ET_182_239_00
0.025499999999999984 2.837912690042484e-39
0.08449999999999985 2.593777813185611e-45
0.16149999999999967 5.047656773216032e-41
0.19862500000000002 9.579141915306467e-38
0.21950000000000064 3.247143493650009e-36
0.22383333333333363 2.066867542173925e-37
0.22942857142857173 2.1026847816804385e-39
0.23506250000000004 8.122360843575764e-40
0.24411111111111122 8.92537553863274e-39
0.25180000000000097 1.441073245598487e-38
0.2624090909090917 4.7000827279968454e-39
0.27033333333333454 4.3124354648733475e-38
0.2734230769230773 2.8423506761195254e-39
0.275750000000002 7.289525505626931e-41
0.2802333333333339 1.5919174968321884e-41
Sampling time (10 samples): 9074.6811 seconds
/scratch/users/yanlan/Retrieval_0705/Output/AM_PM_ET_187_362_00
0.015499999999999986 3.3901068477355057e-44
restart...
0.017000000000000008 5.388651968805822e-43
restart...
0.016499999999999997 2.7937860758291987e-42
restart...
0.056999999999999953 1.6083015186262696e-35
0.15700000000000017 1.8070896148318247e-33
0.16150000000000075 2.9193320213075945e-40
0.17200000000000062 3.686750542256478e-43
0.1922000000000004 2.0094853751748294e-40
0.20158333333333378 1.717902360454681e-41
0.20442857142857163 2.681214812367881e-43
0.19750000000000015 7.852404727582997e-51
restart...
0.19743750000000013 2.819568925635097e-51
restart...
0.20756250000000043 1.6839306700815354e-45
0.20605555555555635 1.2279279473634357e-50
restart...
0.20194444444444512 3.6195059887819583e-53
restart...
Sampling time (10 samples): 8237.2171 seconds
/scratch/users/yanlan/Retrieval_0705/Output/AM_PM_ET_193_280_00
0.03250000000000002 5.504606620769685e-39
0.11999999999999988 8.077510766418696e-41
0.16016666666666704 1.3598221331097391e-38
0.18312500000000032 2.7711320280989517e-37
0.19560000000000097 4.39266522099306e-36
0.21083333333333376 1.741039080220689e-35
0.22585714285714323 4.614131134907604e-36
0.23650000000000013 1.3816101683151296e-35
0.2444444444444441 8.654037952493093e-36
0.24739999999999973 3.462990824150015e-36
0.25268181818181795 9.748842618583473e-36
0.2583750000000011 4.76187613050878e-36
0.2608846153846167 5.40785618479541e-36
0.26628571428571896 4.822653643717429e-36
0.26463333333333594 4.330671288064362e-47
Sampling time (10 samples): 7819.7022 seconds
