/scratch/users/yanlan/Retrieval_0705/Output/AM_PM_ET_165_334_00
0.008999999999999998 2.293733293783654e-45
restart...
0.00750000000000002 1.4558829362906074e-47
restart...
0.020000000000000004 5.3269554299876525e-42
0.023750000000000045 8.555083485066728e-69
restart...
0.03300000000000001 3.4965745452965783e-60
restart...
0.022500000000000013 4.395703504835458e-67
restart...
0.027 3.9569592978493e-67
restart...
0.015499999999999993 2.654348741902169e-80
restart...
0.031750000000000105 2.677334832336789e-62
restart...
0.02099999999999996 2.4556390426882285e-73
restart...
0.023249999999999993 4.946427442202941e-68
restart...
0.034749999999999906 2.407507232455456e-62
restart...
0.031000000000000014 1.973969603987208e-63
restart...
0.0285 3.860925694957597e-64
restart...
0.02975000000000001 1.5952509761702549e-65
restart...
Sampling time (10 samples): 7846.0780 seconds
/scratch/users/yanlan/Retrieval_0705/Output/AM_PM_ET_171_273_00
0.019999999999999987 3.3307780009152644e-41
restart...
0.024 2.0913456959829695e-38
0.09575000000000015 1.1642784381466706e-43
0.1288333333333338 5.605469400685835e-49
restart...
0.049750000000000044 6.838895789867112e-52
restart...
0.07224999999999993 1.6273429247811063e-48
0.11566666666666658 6.177474519167522e-49
restart...
0.0575 1.6017913188426636e-51
restart...
0.05350000000000005 1.7462289919855674e-51
restart...
0.05125 2.332673679717163e-53
restart...
0.07600000000000005 8.741229755774388e-48
0.13383333333333325 1.0500710542578413e-46
0.1621249999999999 4.0051010775380884e-44
0.1754999999999992 6.837398539819659e-43
0.19108333333333258 2.0248230175421397e-41
Sampling time (10 samples): 8257.1650 seconds
/scratch/users/yanlan/Retrieval_0705/Output/AM_PM_ET_176_369_00
0.022500000000000003 4.114087782065032e-39
0.05825000000000002 2.8763030748263823e-48
0.08000000000000017 6.597238965771138e-54
restart...
0.05125000000000004 6.597925753056727e-53
restart...
0.059750000000000004 5.730630173075361e-49
restart...
0.06999999999999977 1.5402419368895974e-48
0.09816666666666655 3.51625291997421e-50
restart...
0.05899999999999998 2.3915318498874415e-49
restart...
0.060750000000000026 1.031171329210202e-49
restart...
0.06450000000000015 5.903371463049357e-49
restart...
0.059250000000000094 4.1844632784440645e-50
restart...
0.056250000000000015 1.877358411513246e-51
restart...
0.06374999999999995 2.973738114670761e-49
restart...
0.06450000000000002 7.596270897129163e-48
0.08399999999999973 1.906020335078704e-54
restart...
Sampling time (10 samples): 8087.9008 seconds
/scratch/users/yanlan/Retrieval_0705/Output/AM_PM_ET_182_254_00
0.04750000000000002 7.364611939699026e-38
0.16949999999999996 5.330552938021915e-36
0.21566666666666648 2.5242566406359056e-34
0.23712500000000036 6.310498571897806e-34
0.2518000000000004 3.8165502450135546e-34
0.25491666666666685 1.8281349917729316e-34
0.2636428571428577 1.9960269061331105e-34
0.2719375 2.6753573304804553e-33
0.2756666666666659 9.325651046246543e-33
0.27844999999999975 2.5225435187107745e-33
0.2832272727272723 7.473627347271998e-33
0.2852916666666655 1.7504084466268697e-33
0.2866153846153846 2.440210661385247e-33
0.2873928571428565 3.5820106165054023e-34
0.28843333333333204 3.5449719621922684e-33
Sampling time (10 samples): 7989.9623 seconds
/scratch/users/yanlan/Retrieval_0705/Output/AM_PM_ET_187_382_00
0.03299999999999998 1.2839099181464973e-37
0.10299999999999994 2.8912368856848047e-43
0.12383333333333323 1.5420465864914766e-46
0.12650000000000003 5.050998729030774e-50
restart...
0.11625000000000012 5.873369773767377e-40
0.13516666666666688 5.793537431021984e-43
0.13912499999999997 5.9765502148839024e-46
0.1383999999999996 1.0239141670113078e-50
restart...
0.10649999999999991 1.8333664151896475e-42
0.12016666666666673 3.95525366190588e-47
0.1258750000000005 4.1141748577427873e-51
restart...
0.08975000000000016 8.526051457976564e-44
0.10616666666666685 3.041063249338735e-48
0.11512500000000006 1.7745208378554593e-52
restart...
0.10874999999999983 4.234659328652113e-41
Sampling time (10 samples): 8093.6621 seconds
/scratch/users/yanlan/Retrieval_0705/Output/AM_PM_ET_193_292_00
0.035500000000000004 2.1033081211651203e-36
0.08375000000000007 4.6312696289349885e-46
0.1468333333333332 6.583207597892981e-44
0.15600000000000017 2.2147062765957123e-47
0.17030000000000026 4.832809552163037e-47
0.17633333333333337 1.84308756272873e-51
restart...
0.04774999999999997 1.5740220606009017e-55
restart...
0.046999999999999945 5.816985296426378e-56
restart...
0.06674999999999998 1.134408339295324e-50
restart...
0.08000000000000007 3.471874401837145e-49
restart...
0.06300000000000003 2.886149581027068e-49
restart...
0.05650000000000006 1.0308528048576146e-53
restart...
0.08424999999999998 5.086119213367033e-46
0.14416666666666644 1.2505495131674326e-42
0.15649999999999986 4.489182465552128e-45
Sampling time (10 samples): 8128.3958 seconds
/scratch/users/yanlan/Retrieval_0705/Output/AM_PM_ET_198_395_00
0.050000000000000024 8.794975656203309e-35
0.06649999999999982 5.682196202540414e-48
0.07 3.951328723979804e-59
restart...
0.07750000000000011 6.321134260097521e-43
0.08700000000000023 1.3380057885883576e-52
restart...
0.06425000000000003 6.9404233331294774e-46
0.0685000000000001 6.561831315367854e-59
restart...
0.05825 6.203317208951822e-51
restart...
0.06975 5.131881127982997e-46
0.08066666666666693 4.1048096215030106e-54
restart...
0.06774999999999982 1.4918717635214582e-47
0.07499999999999978 5.910646110364765e-57
restart...
0.06875000000000006 2.3395798768451785e-45
0.08099999999999995 1.090442298491325e-52
restart...
0.07300000000000002 3.7329334552344344e-45
Sampling time (10 samples): 7947.6273 seconds
