/scratch/users/yanlan/Retrieval_0705/Output/AM_PM_ET_163_399_00
0.018999999999999993 8.552241667296552e-41
restart...
0.027000000000000007 4.616555016286091e-37
0.05400000000000005 1.2270880382929661e-49
restart...
0.06175000000000005 6.819917982792386e-48
0.08366666666666668 3.14642902433758e-54
restart...
0.05600000000000004 4.1903573262058033e-48
0.06800000000000006 2.1428361047201743e-55
restart...
0.059250000000000067 1.025793945608748e-48
0.07666666666666687 3.383460471666295e-57
restart...
0.05525 2.93754287387454e-49
restart...
0.05299999999999999 2.7584101822908733e-50
restart...
0.051250000000000046 4.4230767279885394e-49
restart...
0.05649999999999996 9.648175819676172e-50
restart...
0.06725000000000014 2.417117860455482e-48
0.08516666666666683 1.1540079465809644e-53
restart...
Sampling time (10 samples): 7534.3958 seconds
/scratch/users/yanlan/Retrieval_0705/Output/AM_PM_ET_169_309_00
0.06400000000000002 8.471182684659666e-34
0.12525000000000003 6.927378061806005e-38
0.1453333333333337 2.3417157723252905e-43
0.1836250000000005 2.7250310340313873e-41
0.21170000000000005 6.244307998950973e-39
0.22991666666666652 1.3055810662646895e-37
0.2339999999999999 5.32635382589867e-39
0.23818749999999983 2.3693007956716252e-40
0.2501666666666665 8.294365100022529e-40
0.25915000000000116 2.0079282284929634e-40
0.2629090909090945 2.547560845979453e-40
0.2698750000000036 1.4278617060057446e-40
0.2731923076923096 2.5373913450601296e-39
0.27628571428571724 4.349131484722354e-40
0.278266666666669 8.246240200950561e-41
Sampling time (10 samples): 7453.4341 seconds
/scratch/users/yanlan/Retrieval_0705/Output/AM_PM_ET_175_230_00
0.015500000000000009 1.683540748681907e-42
restart...
0.074 9.121584889784646e-37
0.1437499999999998 8.671536607310118e-37
0.1611666666666664 5.570735006346106e-39
0.17037499999999972 1.5770107300965379e-40
0.18969999999999956 9.122375479502185e-40
0.20824999999999944 1.9831452862588576e-38
0.2175 8.374066014700026e-38
0.23237499999999964 1.0458976834097567e-36
0.23994444444444404 1.0066106557426627e-35
0.24949999999999944 3.626323467867987e-36
0.2540454545454524 4.299154128140661e-35
0.24974999999999872 7.441914525865436e-41
0.24880769230769129 3.95243553765328e-42
0.2547142857142847 1.923746511450249e-39
Sampling time (10 samples): 7649.3026 seconds
/scratch/users/yanlan/Retrieval_0705/Output/AM_PM_ET_180_329_00
0.0019999999999999974 2.4224303871116155e-50
restart...
0.014500000000000006 1.0300826348936422e-41
restart...
0.014000000000000009 1.3722394245955087e-41
restart...
0.014999999999999994 3.806112729403639e-44
restart...
0.016000000000000007 8.991358915573248e-43
restart...
0.015999999999999993 1.3563354410459398e-41
restart...
0.010499999999999982 1.4265260103533763e-46
restart...
0.005499999999999991 5.7104924454896794e-49
restart...
0.008500000000000008 4.024427194647719e-45
restart...
0.018999999999999996 1.84882601160793e-41
restart...
0.0195 1.2225776333586693e-42
restart...
0.0075000000000000015 3.0683893901189044e-46
restart...
0.009500000000000007 3.7069680055222386e-45
restart...
0.017500000000000012 4.4931671280797756e-42
restart...
0.013499999999999988 1.822448459670144e-42
restart...
Sampling time (10 samples): 7963.2127 seconds
/scratch/users/yanlan/Retrieval_0705/Output/AM_PM_ET_186_234_00
0.06350000000000001 9.578837743380138e-36
0.20424999999999946 9.374494245119812e-34
0.26066666666666566 3.1052227689421136e-33
0.2932499999999973 2.580292639706794e-33
0.3047999999999973 3.758863430634044e-33
0.31424999999999936 1.8295810877967023e-32
0.32007142857142845 6.011080371451351e-33
0.3213124999999997 2.6470243607021176e-33
0.3227222222222209 9.012685096888917e-33
0.3279499999999973 6.1176651939383744e-33
0.32845454545454267 1.697633341788714e-32
0.3323749999999953 1.2008263947830566e-32
0.3329999999999957 1.0525085778032685e-32
0.33264285714285396 1.6038871632980324e-32
0.33439999999999703 1.1385689599008831e-32
Sampling time (10 samples): 8201.7592 seconds
/scratch/users/yanlan/Retrieval_0705/Output/AM_PM_ET_191_339_00
0.019999999999999997 1.3010807624393003e-39
restart...
0.024000000000000014 1.4683188789429877e-39
0.026000000000000037 6.927441791425195e-66
restart...
0.028 1.835664912416158e-64
restart...
0.025250000000000012 5.4027628387802665e-67
restart...
0.02799999999999998 2.5445139447965986e-65
restart...
0.023500000000000007 2.002531812151985e-67
restart...
0.03400000000000001 1.3246103462173402e-61
restart...
0.02375000000000001 1.7626296334313117e-68
restart...
0.030499999999999968 3.7024183612696733e-62
restart...
0.02424999999999999 3.2212839995153785e-68
restart...
0.026500000000000017 5.55837708101218e-66
restart...
0.03575000000000004 5.116003251494765e-60
restart...
0.029749999999999985 2.0935449451072586e-61
restart...
0.03649999999999999 1.015921786375877e-58
restart...
Sampling time (10 samples): 7573.7770 seconds
/scratch/users/yanlan/Retrieval_0705/Output/AM_PM_ET_197_275_00
0.04599999999999998 3.6503980749452405e-34
0.05000000000000002 3.079537416472639e-55
restart...
0.09300000000000008 1.0563914300655257e-42
0.13400000000000006 1.5113244345478518e-41
0.14812500000000028 1.9407009311076174e-43
0.14740000000000003 9.985590328246414e-47
0.16675000000000015 1.8420441532074017e-43
0.18142857142857233 7.235275292814976e-41
0.19250000000000025 2.8692908129877556e-39
0.20483333333333403 1.1337515225971346e-37
0.21810000000000054 2.6520193267974155e-36
0.22759090909090962 1.912769872438887e-36
0.23658333333333367 3.7666505176810064e-36
0.241192307692308 7.324486538147428e-36
0.24799999999999986 4.43129537116751e-35
Sampling time (10 samples): 7613.0278 seconds
