/scratch/users/yanlan/Retrieval_0705/Output/AM_PM_ET_162_304_00
0.030499999999999975 1.065797300524416e-37
0.08925000000000023 3.0602068966814037e-44
0.13666666666666732 1.5842827853228013e-43
0.16850000000000073 7.402166667624942e-42
0.19670000000000112 2.1212099761897864e-39
0.21875000000000075 1.628490477532955e-38
0.239928571428572 4.5221788983035415e-38
0.24662500000000018 2.193173296171689e-38
0.25622222222222263 3.754389324911672e-39
0.26039999999999963 7.668584782875637e-38
0.2654545454545456 4.578985436302057e-38
0.2697499999999996 9.852354080063966e-38
0.27599999999999814 6.527509286738218e-38
0.28099999999999853 1.2023547652757668e-37
0.2849333333333311 3.3107562679223276e-37
Sampling time (10 samples): 8014.7864 seconds
/scratch/users/yanlan/Retrieval_0705/Output/AM_PM_ET_167_424_00
0.013499999999999977 6.041633220140403e-42
restart...
0.015999999999999966 8.905852469523012e-42
restart...
0.01249999999999999 1.7451533055519798e-45
restart...
0.016499999999999997 2.9001717735817115e-41
restart...
0.019500000000000003 9.669171411543516e-40
restart...
0.010999999999999992 7.029166061772492e-43
restart...
0.021000000000000008 1.1877222010992383e-38
0.027750000000000007 8.612261811688568e-64
restart...
0.028250000000000032 3.146858869940433e-62
restart...
0.023750000000000018 2.809482061214349e-68
restart...
0.02925000000000002 4.4125127163592255e-61
restart...
0.02450000000000004 5.121117456798397e-65
restart...
0.026500000000000006 1.976163928643918e-64
restart...
0.027250000000000007 9.163081006115902e-63
restart...
0.026750000000000045 1.1326051736267725e-64
restart...
Sampling time (10 samples): 8036.6573 seconds
/scratch/users/yanlan/Retrieval_0705/Output/AM_PM_ET_173_386_00
0.012500000000000002 2.5710401266503757e-43
restart...
0.031 6.069478188666481e-39
0.1357500000000001 7.498322488363606e-39
0.18083333333333307 6.456294269749936e-38
0.20512499999999992 1.1697068385216322e-36
0.21349999999999972 1.1190041218711143e-36
0.23166666666666644 1.0673979950052737e-36
0.23735714285714227 6.463717591055493e-37
0.23649999999999918 1.1809444354900802e-40
0.22805555555555473 9.65023597800823e-46
0.22919999999999932 5.159668379689362e-46
0.23972727272727182 5.077090636945268e-44
0.24091666666666645 1.6105100613693416e-43
0.24353846153846104 5.503034903320943e-42
0.24892857142857108 6.087304539914664e-42
Sampling time (10 samples): 7726.7131 seconds
/scratch/users/yanlan/Retrieval_0705/Output/AM_PM_ET_179_230_00
0.016499999999999994 1.2862518233448844e-41
restart...
0.02549999999999999 4.337776644001229e-41
0.1167500000000001 8.50769668417654e-43
0.15466666666666606 1.2215863946732115e-41
0.17812499999999978 2.9647456606413265e-41
0.20379999999999965 5.453519496591615e-41
0.2189166666666661 2.26384576836287e-39
0.22892857142857126 1.7448792738905772e-37
0.2415 1.6384271709842415e-36
0.2488333333333335 1.7778208565307847e-36
0.257050000000002 4.358908397227698e-37
0.26159090909091065 3.771818092759773e-37
0.26750000000000046 8.136578242217387e-37
0.27173076923077 1.919920517669184e-36
0.2740000000000014 3.955853109702882e-36
Sampling time (10 samples): 7883.4112 seconds
/scratch/users/yanlan/Retrieval_0705/Output/AM_PM_ET_184_325_00
0.032999999999999995 4.860472187289552e-36
0.10299999999999997 5.357428769662019e-43
0.16650000000000048 5.7032921362176365e-40
0.20075000000000007 3.2072605558825736e-36
0.22790000000000013 2.8943738914092575e-34
0.23800000000000007 3.1534662750295863e-34
0.2533571428571426 2.5791089570889596e-34
0.2718749999999999 1.3687634713749757e-33
0.2867222222222225 5.902273754021933e-34
0.2955000000000003 5.84773610158876e-34
0.30786363636363734 2.714064846856613e-34
0.3163750000000026 1.2443973731956667e-34
0.32350000000000145 3.00209382471089e-34
0.32760714285714587 4.56846588724384e-34
0.33350000000000296 3.0376155492914334e-34
Sampling time (10 samples): 8541.7452 seconds
/scratch/users/yanlan/Retrieval_0705/Output/AM_PM_ET_190_256_00
0.035499999999999976 1.3264721065850213e-38
0.1505 2.9784818140220487e-36
0.19333333333333416 1.5932596445585776e-32
0.21075000000000066 1.0324313033486497e-31
0.23100000000000082 1.4670804962197851e-30
0.24825000000000022 2.8007396878472228e-30
0.26078571428571595 3.908710831881218e-30
0.2728125000000013 1.1788101131293372e-29
0.283222222222223 5.963877295952801e-30
0.28030000000000105 6.31194544419012e-41
0.25722727272727364 3.115870540725023e-74
restart...
0.2569545454545466 5.126916280768797e-72
restart...
0.25686363636363585 2.5437685510251285e-74
restart...
0.257409090909091 5.0937581876220075e-71
restart...
0.25699999999999895 8.557137906145656e-74
restart...
Sampling time (10 samples): 8563.3460 seconds
/scratch/users/yanlan/Retrieval_0705/Output/AM_PM_ET_195_374_00
0.011500000000000003 1.4506353551696349e-44
restart...
0.018500000000000003 1.2678026530062793e-38
restart...
0.004499999999999987 1.7576076566129365e-47
restart...
0.020000000000000004 1.3260891085393922e-40
0.01975000000000004 5.6431724762052125e-71
restart...
0.015999999999999983 8.623153259613971e-76
restart...
0.015749999999999993 1.9994906941022495e-75
restart...
0.015499999999999972 2.252088925671343e-74
restart...
0.019249999999999986 1.8494282198023357e-70
restart...
0.012000000000000033 3.232624959819954e-82
restart...
0.015749999999999965 1.1404109138071796e-75
restart...
0.01225 1.4193789218471304e-79
restart...
0.01700000000000001 1.8208431574046576e-72
restart...
0.01799999999999998 1.4555375831286239e-71
restart...
0.01774999999999999 1.8440539632270489e-72
restart...
Sampling time (10 samples): 8003.8989 seconds
