/scratch/users/yanlan/Retrieval_0705/Output/AM_PM_ET_162_220_00
0.4170000000000003 1.6231910850287092e-12
0.37625000000000064 1.0821250822181123e-13
0.35316666666666563 9.84361212952461e-13
0.34599999999999964 1.228947895523669e-12
0.33710000000000045 6.100821217764506e-13
0.3306666666666659 5.438973358986913e-13
0.32700000000000023 9.97970253362481e-13
0.3283125000000004 5.748489207774938e-13
0.3281666666666663 4.291085840863291e-13
0.32524999999999993 3.1351576160795673e-13
0.32340909090909087 6.301306082224845e-13
0.32249999999999834 7.793694050171523e-13
0.3226153846153826 6.25945442610631e-13
0.32096428571428437 8.09509855858279e-13
0.3207666666666643 6.241306140170349e-13
Sampling time (10 samples): 7917.5235 seconds
/scratch/users/yanlan/Retrieval_0705/Output/AM_PM_ET_167_357_00
0.025000000000000015 7.833546776601744e-36
0.0364999999999998 1.924963753250294e-56
restart...
0.037250000000000144 3.82873767951331e-56
restart...
0.03875000000000003 4.651108098143671e-54
restart...
0.042749999999999955 2.9337632751214586e-51
restart...
0.041000000000000036 2.9099981615277077e-53
restart...
0.040750000000000064 5.538427450946993e-53
restart...
0.036000000000000046 2.715265123639619e-54
restart...
0.03775000000000004 8.511156785378099e-56
restart...
0.03924999999999997 1.4629741065116464e-55
restart...
0.03599999999999998 1.4142976630900159e-55
restart...
0.03750000000000006 8.040275850461719e-55
restart...
0.028749999999999984 2.842697398752496e-59
restart...
0.03625000000000005 2.085561161378e-55
restart...
0.03400000000000002 1.173678161447902e-56
restart...
Sampling time (10 samples): 7509.1340 seconds
/scratch/users/yanlan/Retrieval_0705/Output/AM_PM_ET_173_320_00
0.015499999999999986 1.622405344114591e-41
restart...
0.02200000000000001 2.1028201263873752e-41
0.02700000000000005 2.6292659517614957e-66
restart...
0.02799999999999999 2.519262357374284e-65
restart...
0.029000000000000015 3.471886927083359e-64
restart...
0.022750000000000003 3.9924010419614975e-70
restart...
0.029249999999999984 1.8581580791700115e-65
restart...
0.026999999999999993 4.314455180654848e-65
restart...
0.029499999999999985 7.946292000353115e-65
restart...
0.023749999999999973 1.6996838821454394e-69
restart...
0.028749999999999967 7.762713983930853e-66
restart...
0.02725 4.531708671146267e-67
restart...
0.02774999999999999 4.747619480441304e-65
restart...
0.023750000000000035 1.5852285248179477e-68
restart...
0.029750000000000026 2.559101371927665e-65
restart...
Sampling time (10 samples): 7631.6716 seconds
/scratch/users/yanlan/Retrieval_0705/Output/AM_PM_ET_178_411_00
0.020499999999999997 3.124739525040316e-42
0.09299999999999994 1.875125362430134e-46
0.12216666666666667 1.1908552261070087e-47
0.14500000000000027 2.0110151845898287e-48
0.1616000000000003 6.230620348448573e-48
0.1690833333333336 1.0199053750469068e-47
0.16935714285714293 9.459344673621096e-49
restart...
0.07225000000000009 4.451187367155483e-50
restart...
0.07324999999999994 3.2588176020421262e-49
restart...
0.0670000000000001 1.0899774209612578e-49
restart...
0.06624999999999999 5.192343048817029e-50
restart...
0.07049999999999992 1.287661780824723e-48
0.11183333333333312 1.0100269824428587e-47
0.12849999999999973 5.183687253105626e-50
restart...
0.0627500000000001 1.1905540208970916e-49
restart...
Sampling time (10 samples): 7527.8913 seconds
/scratch/users/yanlan/Retrieval_0705/Output/AM_PM_ET_184_272_00
0.07099999999999995 3.477901873381707e-33
0.11399999999999999 1.1309386556630823e-38
0.1746666666666671 1.0160957068329087e-34
0.18837500000000085 3.012936170105218e-35
0.18470000000000072 5.749606152382817e-39
0.19925000000000054 2.198742410792806e-36
0.20085714285714323 8.181045324756133e-39
0.20112500000000016 7.773180810445944e-42
0.20350000000000038 9.624822890288582e-42
0.20980000000000018 1.5436698497283947e-41
0.21259090909090966 1.4405490977113932e-40
0.20825000000000046 2.2423567744783933e-48
0.2076538461538466 1.97806174735326e-50
restart...
0.20607692307692363 1.733612251243368e-48
0.20117857142857176 4.2233162225474484e-54
restart...
Sampling time (10 samples): 8043.1945 seconds
/scratch/users/yanlan/Retrieval_0705/Output/AM_PM_ET_189_393_00
0.4320000000000003 6.826325657487401e-13
0.3735000000000016 4.550747257056861e-13
0.36016666666666836 5.010956378766611e-13
0.347625000000001 5.554090513775248e-13
0.3433000000000014 8.109567622604249e-13
0.3399999999999996 6.37239466611364e-13
0.3377142857142848 5.929135255063434e-13
0.3351249999999982 1.1498120727700286e-12
0.33344444444444277 1.102279105160818e-12
0.33199999999999913 7.426376662242263e-13
0.3313636363636345 6.224094788058158e-13
0.3302916666666652 5.641599766324773e-13
0.32976923076922826 7.22504249253277e-13
0.3300357142857129 7.120790042518228e-13
0.32949999999999835 2.8628495333574294e-13
Sampling time (10 samples): 7697.6771 seconds
/scratch/users/yanlan/Retrieval_0705/Output/AM_PM_ET_195_322_00
0.067 4.998244655742248e-35
0.1594999999999994 2.0486541696329006e-33
0.19983333333333306 3.114519035534317e-32
0.2328749999999995 4.141380372095305e-33
0.25669999999999976 2.1038286544278145e-32
0.27849999999999964 5.129044674759787e-32
0.2956428571428564 2.6921535825136427e-32
0.3071875000000002 5.464434602539814e-33
0.31661111111111 2.0810020326691197e-32
0.32179999999999853 1.1213563629948143e-32
0.3261363636363624 1.0383297746691608e-32
0.32916666666666616 7.344939075494178e-33
0.3329230769230766 1.8357925361152972e-32
0.3355000000000009 4.7978309974329416e-32
0.339333333333333 3.991210927273966e-32
Sampling time (10 samples): 7680.7210 seconds
