/scratch/users/yanlan/Retrieval_0705/Output/AM_PM_ET_163_398_00
0.01750000000000001 5.385489229665263e-41
restart...
0.0014999999999999966 3.960558457789298e-52
restart...
0.01549999999999999 5.962111843276523e-44
restart...
0.01400000000000001 5.46860781017698e-40
restart...
0.01749999999999999 3.3840913092008044e-40
restart...
0.0175 6.516180735471379e-40
restart...
0.03549999999999999 7.003003213470971e-38
0.067 1.9701526019369234e-50
restart...
0.06450000000000011 1.0887786745266175e-49
restart...
0.06774999999999998 7.478793646384784e-51
restart...
0.07250000000000001 2.152782971668163e-49
restart...
0.06024999999999991 5.789594790592792e-51
restart...
0.07749999999999987 3.521603576327929e-47
0.11816666666666652 1.6641625063690815e-46
0.13750000000000032 1.7557433448082608e-47
Sampling time (10 samples): 7614.3244 seconds
/scratch/users/yanlan/Retrieval_0705/Output/AM_PM_ET_169_308_00
0.041 2.5457597536373363e-36
0.12874999999999998 2.4780740514540797e-40
0.11433333333333345 1.2503343945301542e-59
restart...
0.058250000000000066 8.078678483192888e-59
restart...
0.12999999999999998 8.053926473221592e-40
0.11850000000000033 1.8161934699428604e-59
restart...
0.12375000000000004 6.7299825322732925e-40
0.10783333333333325 4.507691088994044e-61
restart...
0.06574999999999989 3.2938025218965304e-56
restart...
0.12800000000000014 1.4433656148541798e-40
0.13099999999999973 9.559312389422333e-58
restart...
0.13474999999999984 9.01681193930849e-38
0.11466666666666661 1.7243234462506944e-58
restart...
0.11625000000000002 1.8689246005107427e-44
0.10016666666666668 2.2895909924665953e-61
restart...
Sampling time (10 samples): 8363.4401 seconds
/scratch/users/yanlan/Retrieval_0705/Output/AM_PM_ET_175_229_00
0.06149999999999994 1.8878697095672294e-36
0.16124999999999967 1.9005378729479248e-35
0.20283333333333323 8.11538677412941e-34
0.16762499999999994 6.731266860621001e-55
restart...
0.16775000000000004 6.623514276227091e-56
restart...
0.16499999999999956 6.183539267270499e-56
restart...
0.1638749999999999 2.8282427973670596e-57
restart...
0.1645000000000001 2.740728065846244e-58
restart...
0.16450000000000004 2.7883867196289903e-54
restart...
0.16512499999999997 4.943172825008175e-56
restart...
0.16699999999999987 8.513682828887623e-57
restart...
0.16537499999999988 3.500245010670629e-57
restart...
0.16925000000000015 2.2192965425332196e-55
restart...
0.16549999999999998 3.85110690840681e-55
restart...
0.16524999999999979 1.4299263907182935e-57
restart...
Sampling time (10 samples): 7657.7519 seconds
/scratch/users/yanlan/Retrieval_0705/Output/AM_PM_ET_180_328_00
0.017999999999999995 1.168242105984484e-41
restart...
0.022500000000000044 8.008507042161302e-40
0.03975000000000011 4.5599278657190364e-59
restart...
0.04500000000000002 8.127450086779571e-58
restart...
0.027500000000000007 1.9162393152112883e-65
restart...
0.028250000000000035 1.461980447284205e-65
restart...
0.042000000000000044 2.6571425427577376e-58
restart...
0.040249999999999876 3.8485445861004437e-59
restart...
0.03725000000000012 7.981380940878489e-58
restart...
0.041250000000000085 2.3771580765966725e-57
restart...
0.037499999999999985 1.7901663833206083e-59
restart...
0.035750000000000046 1.0699882680712362e-60
restart...
0.025000000000000022 2.6165368416967633e-69
restart...
0.035249999999999955 1.449681257945123e-59
restart...
0.03875000000000001 2.680298785661562e-58
restart...
Sampling time (10 samples): 7474.1250 seconds
/scratch/users/yanlan/Retrieval_0705/Output/AM_PM_ET_186_224_00
0.3900000000000003 9.171227353077894e-13
0.3652499999999996 4.655742982250506e-13
0.3563333333333324 1.0001952494430352e-12
0.3469999999999987 5.190344091835105e-13
0.34019999999999917 7.2687214625049e-13
0.3359999999999993 8.186748930484494e-13
0.3346428571428564 1.1919188959816537e-12
0.3331249999999992 1.0195433285932764e-12
0.33472222222222164 6.810103287866992e-13
0.33294999999999914 5.700496273866945e-13
0.3359545454545445 9.256515329215374e-13
0.33558333333333185 3.7624094113266434e-13
0.33369230769230573 5.674825090611478e-13
0.33432142857142727 6.813400170134045e-13
0.3343999999999977 3.1610006920252613e-13
Sampling time (10 samples): 7796.0238 seconds
/scratch/users/yanlan/Retrieval_0705/Output/AM_PM_ET_191_338_00
0.03850000000000002 4.634537453623897e-36
0.11825 3.3029276494285767e-37
0.15616666666666623 4.2827266408754784e-38
0.17374999999999968 1.7130850760388452e-35
0.1895000000000003 5.769385595549918e-34
0.20258333333333378 1.6917607712663526e-33
0.21100000000000033 2.787400955544073e-32
0.21912500000000049 2.139105875539749e-32
0.22227777777777827 2.524458936831372e-32
0.22690000000000035 5.588380285389705e-31
0.23200000000000054 6.3284263687414645e-31
0.2367083333333341 2.4040631494897925e-30
0.2400000000000004 1.472989832597777e-31
0.24228571428571494 1.4745020148840494e-31
0.2445333333333342 1.8752350144222132e-31
Sampling time (10 samples): 7896.9171 seconds
/scratch/users/yanlan/Retrieval_0705/Output/AM_PM_ET_197_274_00
0.05599999999999998 2.475282043325433e-36
0.17750000000000007 2.6728794814892488e-34
0.16283333333333308 3.663496411328033e-45
0.17800000000000005 4.2858367627773933e-44
0.18030000000000004 5.437832928363624e-46
0.18891666666666673 1.0465945128103903e-44
0.19721428571428562 8.575391175303972e-45
0.20124999999999948 7.439464248547273e-47
0.21449999999999933 5.592103746429093e-44
0.22414999999999935 2.817972978426317e-42
0.23077272727272632 8.505152239779412e-42
0.2303333333333327 4.940393026419753e-44
0.2293461538461531 6.213607948659422e-46
0.2347857142857132 1.6599672065676093e-43
0.2391666666666653 9.178137842048678e-43
Sampling time (10 samples): 7547.8627 seconds
