/scratch/users/yanlan/Retrieval_0705/Output/AM_PM_ET_164_381_00
0.044499999999999984 2.8409563665293512e-37
0.1472499999999999 3.729191875256476e-38
0.19516666666666665 1.0842665749499741e-37
0.23437500000000044 6.517604727294329e-38
0.25170000000000065 2.6898725526021363e-36
0.25416666666666793 1.0765176113535178e-37
0.2587857142857164 7.13884450703125e-38
0.25900000000000245 4.220797350537815e-40
0.2642777777777788 9.045585271292262e-41
0.2611000000000014 5.396350921221638e-43
0.26245454545454616 2.4477923450279067e-44
0.2654166666666673 3.325544009632212e-44
0.2684615384615397 4.161832059959886e-44
0.2656071428571465 2.978831749120864e-45
0.26800000000000146 2.3183649471276937e-45
Sampling time (10 samples): 12055.1572 seconds
/scratch/users/yanlan/Retrieval_0705/Output/AM_PM_ET_170_295_00
0.04950000000000003 3.7069925398230474e-36
0.19074999999999964 5.577568805554457e-34
0.23599999999999965 6.014605511617624e-33
0.25749999999999956 2.5092545103623195e-33
0.2735000000000003 2.4996872157342987e-33
0.28591666666666865 2.7515567121791584e-33
0.3000000000000018 7.937313841165948e-33
0.30818750000000217 2.846558279939095e-33
0.3099444444444451 9.137807597045314e-33
0.31400000000000117 9.632113729947087e-33
0.3210000000000014 3.6742822553596834e-33
0.32237500000000274 5.885189606879677e-33
0.32546153846153963 1.3095374065085174e-32
0.32685714285714484 8.97552787087496e-33
0.32826666666666826 1.991964648199089e-33
Sampling time (10 samples): 11707.9998 seconds
/scratch/users/yanlan/Retrieval_0705/Output/AM_PM_ET_175_429_00
0.011000000000000003 7.557699699266074e-45
restart...
0.02249999999999996 1.5610116727340634e-38
0.02374999999999997 2.921935179570445e-66
restart...
0.03849999999999988 2.4549729584318864e-58
restart...
0.034500000000000065 5.262139554296868e-57
restart...
0.03099999999999999 1.2799527226844743e-59
restart...
0.03899999999999992 3.037975329078861e-56
restart...
0.038500000000000055 3.807941754562976e-58
restart...
0.027499999999999993 7.382107554070156e-63
restart...
0.02224999999999996 5.19172034065253e-69
restart...
0.033999999999999975 1.1587112906548822e-59
restart...
0.03775000000000002 1.9989041740951786e-58
restart...
0.03774999999999997 2.938320561493199e-57
restart...
0.03024999999999996 4.8999827856297683e-60
restart...
0.025999999999999954 2.0578093322817923e-64
restart...
Sampling time (10 samples): 11837.4957 seconds
/scratch/users/yanlan/Retrieval_0705/Output/AM_PM_ET_181_299_00
0.048500000000000015 1.648899302567052e-34
0.1362500000000001 8.221396580373076e-38
0.17216666666666644 3.4289742804103726e-39
0.22099999999999986 4.586786951631358e-39
0.2600999999999998 7.474991126232935e-39
0.28691666666666665 6.234495835437514e-39
0.3031428571428577 4.9077235367832254e-39
0.31781250000000005 7.604538750780339e-39
0.3294999999999992 2.1637050513877377e-39
0.3358499999999989 5.232054559302985e-39
0.3454545454545447 7.355231145879435e-39
0.3552499999999998 1.490811506965361e-39
0.35907692307692196 3.7319373157599846e-39
0.36185714285714143 4.794855312896746e-39
0.36443333333333067 7.513065007134137e-39
Sampling time (10 samples): 12093.5495 seconds
/scratch/users/yanlan/Retrieval_0705/Output/AM_PM_ET_186_426_00
0.0515000000000001 2.557277356743696e-34
0.08375000000000005 1.6754150351842496e-40
0.11749999999999991 6.275917472238362e-43
0.13475000000000062 1.2608952758022763e-42
0.14319999999999997 9.102989100110288e-45
0.1529166666666663 6.50240441984522e-44
0.15949999999999964 9.196059391442379e-43
0.16281249999999975 1.6750772144547448e-42
0.1635555555555553 2.509568171262959e-42
0.16399999999999998 5.549412770491609e-44
0.1669999999999998 4.2759929826439234e-44
0.16683333333333306 1.2178441398156403e-43
/scratch/users/yanlan/Retrieval_0705/Output/AM_PM_ET_192_323_00
0.013499999999999991 1.5979773595232624e-42
restart...
0.04900000000000001 3.909272496409217e-37
0.19 4.228084322259123e-35
0.25883333333333297 1.037562710204403e-34
0.28262499999999974 1.2993480210436212e-34
0.29309999999999964 2.8047402394483882e-34
0.30483333333333174 4.5721115376000225e-34
0.30764285714285766 1.5817347699521974e-34
0.31306249999999963 3.1172115674630454e-34
0.3176111111111102 2.6480944213519133e-34
0.3221499999999966 4.6867270992550516e-35
0.3239090909090885 8.308930695122001e-35
0.32787499999999686 4.711238111533804e-35
0.32873076923076683 8.299659083660988e-36
0.3308928571428548 1.161631689773423e-34
Sampling time (10 samples): 11999.6844 seconds
/scratch/users/yanlan/Retrieval_0705/Output/AM_PM_ET_198_244_00
0.01199999999999999 4.435168221125355e-42
restart...
0.01449999999999999 1.5710249158501218e-41
restart...
0.01599999999999998 2.403610647225494e-39
restart...
0.018500000000000023 3.562257058581651e-39
restart...
0.018999999999999993 1.6035112382286678e-41
restart...
0.008500000000000011 5.264452490990538e-46
restart...
0.0165 4.1204858155533985e-43
restart...
0.024000000000000018 1.1346131957155915e-40
0.11949999999999997 3.3438525877245885e-45
0.1565000000000007 5.414142213602294e-44
0.17937500000000034 4.709230772184536e-42
0.1965000000000003 2.3872656732877237e-39
0.2069166666666669 9.35557126921241e-39
0.2130000000000003 2.1191161782584826e-37
0.21712500000000032 1.5360781572119765e-37
Sampling time (10 samples): 12571.0636 seconds
