/scratch/users/yanlan/Retrieval_0705/Output/AM_PM_ET_164_458_00
0.422 1.3134279347340244e-12
0.3817500000000005 1.3545080516290578e-12
0.36816666666666614 9.670308632416293e-13
0.3627500000000008 1.0008915733740861e-12
0.35600000000000137 8.287425328535037e-13
0.34950000000000225 1.439034114484145e-12
0.3468571428571453 5.700120042724768e-13
0.33912500000000145 1.7608574620227467e-12
0.33938888888889096 2.0188823387439873e-12
0.33780000000000393 1.2631975084992356e-12
0.3366818181818222 7.816249367918471e-13
0.33600000000000463 1.8231026838542238e-12
0.33469230769231145 1.6195802349759662e-12
0.33082142857143176 6.202140311506499e-13
0.3309333333333353 8.750488145050133e-13
Sampling time (10 samples): 7077.9074 seconds
/scratch/users/yanlan/Retrieval_0705/Output/AM_PM_ET_170_387_00
0.023999999999999994 5.043508100520208e-40
0.13724999999999984 1.7121788126718115e-36
0.15950000000000034 2.3012702231867482e-37
0.1885000000000007 1.3150295584745882e-34
0.20970000000000077 2.240471887758242e-32
0.23116666666666763 1.1656575165744992e-31
0.24914285714285786 9.210842719116795e-31
0.25900000000000056 1.5437237870576226e-31
0.26566666666666683 4.089089260814909e-32
0.2669499999999996 1.3828075624361114e-30
0.27363636363636407 5.741150007426758e-31
0.2769166666666677 8.443044739989141e-31
0.2800769230769242 3.686421534298503e-31
0.28339285714285717 3.4161261310557606e-31
0.28476666666666495 9.107860306672763e-31
Sampling time (10 samples): 7467.4238 seconds
/scratch/users/yanlan/Retrieval_0705/Output/AM_PM_ET_176_282_00
0.06200000000000003 1.3062337575308552e-35
0.07200000000000012 6.767396600320514e-50
restart...
0.08274999999999995 1.7964194934676335e-46
0.1058333333333333 5.7517434542936555e-55
restart...
0.08099999999999996 4.7745355586353234e-49
restart...
0.08674999999999994 1.9340843351989388e-47
0.11450000000000007 4.817703683255881e-49
restart...
0.07475000000000004 3.088579229181475e-50
restart...
0.07875000000000006 3.7599387062427784e-49
restart...
0.08624999999999995 2.6561130723908857e-47
0.1176666666666665 7.84900112140064e-52
restart...
0.09475000000000021 3.3512486433801192e-46
0.11616666666666672 5.8294911307282315e-52
restart...
0.07375000000000002 4.678645618886865e-51
restart...
0.07924999999999997 6.826999349755509e-48
Sampling time (10 samples): 9847.9767 seconds
/scratch/users/yanlan/Retrieval_0705/Output/AM_PM_ET_181_363_00
0.0935 1.020846120775811e-33
0.20100000000000012 7.282441945745881e-32
0.1901666666666669 3.333496261581789e-38
0.19475000000000045 1.4576420815717912e-41
0.20380000000000048 9.542197086220421e-40
0.20691666666666683 5.195489899404722e-40
0.21064285714285738 2.6156824054298316e-41
0.21387499999999998 3.279750025660102e-41
0.2150000000000008 9.615159735901545e-43
0.2191000000000009 8.178602511837805e-42
0.22181818181818272 4.2684355347518875e-42
0.22491666666666763 1.5092376798125535e-41
0.22253846153846227 1.3866958258417406e-44
0.2254642857142864 8.054794136552172e-46
0.2296333333333339 2.561715044721593e-44
Sampling time (10 samples): 7216.9283 seconds
/scratch/users/yanlan/Retrieval_0705/Output/AM_PM_ET_187_290_00
0.022499999999999996 1.2859800113340495e-38
0.14550000000000016 3.4657012773267176e-39
0.2101666666666668 1.1755333337168425e-36
0.2200000000000004 8.460048917313948e-39
0.2481000000000004 1.4682719897568316e-37
0.26408333333333495 1.7420859815216738e-38
0.27192857142857196 1.174070698328318e-37
0.28231249999999997 3.056306146921775e-38
0.2894999999999991 2.9672689965796664e-38
0.296599999999999 3.821438322265835e-38
0.29968181818181816 8.457648532098601e-38
0.3037083333333336 2.108025414101702e-37
0.305961538461537 2.7819709213630724e-38
0.3048214285714264 1.2313161243473923e-37
0.3105333333333304 3.11199942839214e-38
Sampling time (10 samples): 7282.3419 seconds
/scratch/users/yanlan/Retrieval_0705/Output/AM_PM_ET_192_401_00
0.40499999999999975 1.9337171567227807e-12
0.3539999999999999 1.0205449768473327e-12
0.33716666666666567 3.5688633225356866e-13
0.3349999999999999 4.223679000189059e-13
0.3331 5.724791894934777e-13
0.3315000000000008 1.0373127865130446e-12
0.3347142857142855 5.318544237772884e-13
0.3293750000000004 5.577352454559985e-13
0.3272222222222214 1.1531661856798889e-12
0.3248499999999978 7.784060958280819e-13
0.3246363636363617 4.62028979902132e-13
0.32249999999999823 4.348697486505841e-13
0.3228076923076911 8.731125910024422e-13
0.3227142857142842 1.2531224192718064e-12
0.3228666666666641 1.5951402916499837e-12
Sampling time (10 samples): 7242.7774 seconds
/scratch/users/yanlan/Retrieval_0705/Output/AM_PM_ET_198_311_00
0.03550000000000005 4.558177049647815e-37
0.08675000000000006 1.14568352365766e-45
0.10899999999999979 1.6422604996657196e-49
restart...
0.08075000000000009 5.987064034609958e-47
0.10100000000000009 3.122018704114035e-51
restart...
0.08325000000000021 7.616637992218139e-44
0.10400000000000004 4.0225526806161916e-48
0.11275000000000006 1.4953088722663308e-51
restart...
0.0794999999999998 1.8354971825036754e-46
0.10249999999999973 1.1762580478837922e-50
restart...
0.07774999999999996 9.771982329712288e-47
0.1035 7.067335188365346e-52
restart...
0.07425000000000005 2.561887498170509e-46
0.1038333333333332 9.726307993032704e-50
restart...
0.08724999999999988 1.3282019345972397e-46
Sampling time (10 samples): 6894.8247 seconds
