/scratch/users/yanlan/Retrieval_0705/Output/AM_PM_ET_163_384_00
0.0325 1.0863677519886186e-37
0.07725000000000003 1.6737932179874094e-45
0.13099999999999987 7.222265785645851e-44
0.1715000000000004 1.352968521557865e-40
0.1940000000000003 3.9125373947438875e-38
0.2136666666666669 9.283488754674746e-37
0.22764285714285748 2.192433290688499e-36
0.2346874999999999 2.1327090007573066e-35
0.24188888888888915 1.0034228373421389e-35
0.24520000000000014 2.3892390859796518e-36
0.24927272727272792 4.820031918766571e-37
0.25133333333333435 3.3418558599e-36
0.2552692307692321 9.703405732441404e-36
0.25950000000000195 1.2621619830215716e-36
0.260566666666669 8.27301680711327e-37
Sampling time (10 samples): 7698.4498 seconds
/scratch/users/yanlan/Retrieval_0705/Output/AM_PM_ET_169_298_00
0.10599999999999991 4.315384069940555e-29
0.1854999999999997 3.244515706743438e-30
0.23199999999999982 4.5426801324416996e-30
0.2530000000000002 4.273380079937176e-30
0.26799999999999996 2.558295970227468e-29
0.2733333333333333 2.4084745310971596e-29
0.2690714285714279 8.14365921581599e-35
0.25518749999999923 4.428625870912637e-41
0.24794444444444322 3.9153115246250076e-39
0.22529999999999895 1.5542068852326953e-74
restart...
0.22704999999999895 5.4792376011988195e-67
restart...
0.22479999999999892 3.054779704402822e-73
restart...
0.23464999999999892 9.132208387498427e-63
restart...
0.231199999999999 9.586148951927927e-56
restart...
0.23614999999999892 6.58673832130487e-47
Sampling time (10 samples): 8188.4192 seconds
/scratch/users/yanlan/Retrieval_0705/Output/AM_PM_ET_174_447_00
0.02399999999999999 1.8141716555147549e-37
0.02625 1.0085535659834326e-64
restart...
0.03149999999999999 3.108351160890481e-60
restart...
0.036500000000000116 3.7273038584473376e-57
restart...
0.03225000000000002 2.052843549836469e-58
restart...
0.03625000000000001 3.1166461065174156e-55
restart...
0.02550000000000002 5.1635020020597024e-64
restart...
0.03499999999999984 4.451880120310981e-58
restart...
0.023499999999999986 4.599966063319374e-66
restart...
0.03200000000000001 1.6600770823713843e-59
restart...
0.0342499999999999 9.678900353697387e-59
restart...
0.02999999999999998 2.3123914774556427e-60
restart...
0.032249999999999904 5.387235916111221e-58
restart...
0.022499999999999944 4.379470528175412e-66
restart...
0.03000000000000001 2.5294900344122045e-60
restart...
Sampling time (10 samples): 7403.3645 seconds
/scratch/users/yanlan/Retrieval_0705/Output/AM_PM_ET_180_316_00
0.024999999999999994 4.808950973922851e-38
0.029749999999999926 3.6164896178595384e-64
restart...
0.032999999999999884 3.178774514619249e-58
restart...
0.035000000000000066 5.275192944507398e-59
restart...
0.035499999999999914 4.969077177685471e-59
restart...
0.03225000000000002 8.7843161453575e-59
restart...
0.028749999999999987 8.867641903579699e-61
restart...
0.02899999999999997 1.930560634837019e-62
restart...
0.027999999999999997 9.793784137366623e-64
restart...
0.027250000000000038 1.0119408370419721e-61
restart...
0.038249999999999985 1.5548633532091908e-57
restart...
0.031499999999999986 2.7775690157115045e-61
restart...
0.024500000000000036 1.4719189184291073e-65
restart...
0.026000000000000016 2.278714878339212e-65
restart...
0.03974999999999992 5.0670923229984145e-56
restart...
Sampling time (10 samples): 7507.9808 seconds
/scratch/users/yanlan/Retrieval_0705/Output/AM_PM_ET_185_424_00
0.02099999999999999 1.2580751001329616e-39
0.03949999999999996 1.5900835800396027e-58
restart...
0.04149999999999998 9.492289854298049e-60
restart...
0.03799999999999995 8.242622171396654e-57
restart...
0.04175 6.842755609187163e-55
restart...
0.04299999999999992 3.1178054972589606e-56
restart...
0.03974999999999995 3.5233162779913964e-56
restart...
0.03375 2.991017387198587e-60
restart...
0.038249999999999985 4.525880388147162e-59
restart...
0.040250000000000036 1.762405135828877e-55
restart...
0.041249999999999974 1.4364480566515707e-57
restart...
0.037249999999999915 1.877150829679467e-57
restart...
0.041999999999999996 1.7048938363397192e-57
restart...
0.03975000000000003 1.1076728627925667e-57
restart...
0.04149999999999994 2.0134420101923693e-58
restart...
Sampling time (10 samples): 7414.8078 seconds
/scratch/users/yanlan/Retrieval_0705/Output/AM_PM_ET_191_328_00
0.04450000000000001 8.159016293942834e-35
0.17850000000000002 3.817182063851713e-32
0.2471666666666672 1.613059297235506e-30
0.2791250000000001 1.1526654440941347e-29
0.3039000000000008 1.0131727512916332e-29
0.32033333333333297 1.328811732991689e-29
0.3367857142857151 1.6216340148470133e-29
0.35006250000000116 1.388146094853088e-29
0.35577777777777936 7.155381164781998e-30
0.35955 9.53362497606488e-30
0.363136363636363 4.823938142394274e-29
0.3680833333333325 1.7381073645982188e-29
0.36730769230769106 3.1574599169010526e-29
0.37146428571428436 2.393790469535397e-29
0.37343333333333234 7.666959718796919e-30
Sampling time (10 samples): 8215.2012 seconds
/scratch/users/yanlan/Retrieval_0705/Output/AM_PM_ET_197_260_00
0.02299999999999998 2.358712877888429e-38
0.11700000000000015 4.2740409193923684e-42
0.16783333333333392 4.728755070698548e-40
0.19662500000000052 1.1398063643990702e-36
0.20940000000000009 8.696797781530465e-35
0.22308333333333352 3.1932731469651933e-34
0.23435714285714307 9.61557396746096e-34
0.24181249999999976 8.90192864009872e-34
0.2483888888888887 1.7523977406246925e-33
0.25464999999999977 1.2623499283962877e-33
0.26086363636363646 2.6363075148381983e-33
0.2669583333333332 7.054078594590011e-33
0.26957692307692166 2.040470077335394e-33
0.2711071428571407 7.401464806981923e-33
0.2711999999999965 8.38604128555435e-34
Sampling time (10 samples): 7330.3899 seconds
