/scratch/users/yanlan/Retrieval_0705/Output/AM_PM_ET_161_331_00
0.008999999999999996 4.2295659601752736e-46
restart...
0.008499999999999995 6.22190533982853e-44
restart...
0.007999999999999993 1.2932567153132576e-44
restart...
0.008500000000000016 2.4069191050765087e-44
restart...
0.011500000000000005 2.8504302718579497e-42
restart...
0.03450000000000004 2.5059394958979812e-37
0.12375000000000008 5.621882835004187e-37
0.1809999999999997 3.146259801573294e-34
0.20237499999999992 2.7589564273373116e-31
0.22309999999999997 3.1259390489246455e-30
0.23841666666666647 5.211910630570812e-29
0.24542857142857138 8.113967515168222e-29
0.25493750000000104 3.9189641468701934e-29
0.261111111111112 1.896608484622779e-29
0.2656500000000012 1.827033771037989e-29
Sampling time (10 samples): 7578.3545 seconds
/scratch/users/yanlan/Retrieval_0705/Output/AM_PM_ET_167_231_00
0.40650000000000036 7.26048988276998e-13
0.37000000000000005 1.304941242751543e-12
0.3538333333333327 2.917277288596179e-13
0.34087500000000026 8.303720206663738e-13
0.3363000000000003 7.82965774389005e-13
0.3345833333333347 1.038280697096155e-12
0.3345714285714302 5.31516429935015e-13
0.3331250000000016 6.334372433347704e-13
0.3321111111111116 8.841582752171097e-13
0.33154999999999984 1.0671729344593891e-12
0.33240909090909193 6.418749027161785e-13
0.33208333333333473 6.83800607837355e-13
0.3290000000000009 6.379416887368496e-13
0.32807142857142974 8.681719708944007e-13
0.327366666666667 4.0235358421790565e-13
Sampling time (10 samples): 7540.9549 seconds
/scratch/users/yanlan/Retrieval_0705/Output/AM_PM_ET_172_419_00
0.030000000000000006 1.1544410870244759e-38
0.0922500000000002 3.715190417218252e-42
0.1243333333333336 1.1572511755695188e-42
0.1336250000000004 1.586814881610617e-45
0.14310000000000023 8.124910441585713e-48
0.1508333333333346 3.2908352209651957e-46
0.15000000000000074 9.016317115124985e-49
restart...
0.09399999999999996 1.1492482998140144e-40
0.11333333333333333 2.2750876657464228e-45
0.12825000000000022 9.631727367393168e-49
restart...
0.09550000000000032 6.143454468364539e-43
0.11466666666666665 7.613618415812632e-47
0.12787500000000027 1.0018111346053738e-47
0.13600000000000012 8.256362259317983e-50
restart...
0.08524999999999995 5.808409062132425e-44
Sampling time (10 samples): 7938.1232 seconds
/scratch/users/yanlan/Retrieval_0705/Output/AM_PM_ET_178_282_00
0.018999999999999982 7.108474925138962e-40
restart...
0.05300000000000005 1.1302849596448511e-32
0.15475 6.546734350606131e-32
0.13350000000000017 1.111301377107285e-50
restart...
0.15424999999999964 1.7415738702879932e-32
0.19533333333333291 4.128339946657159e-32
0.22324999999999975 5.279587068657644e-31
0.24130000000000013 1.3925219198028725e-30
0.24799999999999978 1.6562841379774495e-30
0.2549285714285714 3.485981284373632e-30
0.26293749999999944 1.799344551800467e-30
0.2745000000000004 1.476244707165374e-30
0.27890000000000065 1.9013576631014027e-29
0.2840000000000004 3.329845364780508e-30
0.2862500000000017 3.411247598552187e-30
Sampling time (10 samples): 7819.6890 seconds
/scratch/users/yanlan/Retrieval_0705/Output/AM_PM_ET_183_355_00
0.04849999999999997 5.839947203056106e-35
0.09675000000000002 3.2428155248357195e-41
0.12550000000000022 1.8177406323051674e-44
0.14499999999999974 1.1718285311230463e-43
0.15950000000000047 1.1873155574580826e-44
0.17475000000000016 2.8413731045802117e-44
0.19149999999999998 2.0228933365123524e-43
0.20137500000000014 1.739453818194137e-42
0.2078333333333335 1.9338686367955542e-41
0.21515 1.1142218153572044e-40
0.22359090909090937 9.412797686271267e-41
0.22970833333333368 3.9964459121191836e-40
0.23392307692307726 2.6489810416481743e-39
0.2378571428571433 2.951310929665565e-39
0.2410333333333336 4.677571444728861e-39
Sampling time (10 samples): 8007.7671 seconds
/scratch/users/yanlan/Retrieval_0705/Output/AM_PM_ET_189_284_00
0.053000000000000075 1.7297637661531053e-33
0.06950000000000006 5.2430523604597436e-52
restart...
0.08375000000000005 2.4256727435529688e-47
0.10266666666666673 8.902959545758381e-53
restart...
0.11775000000000019 7.957813537652941e-38
0.1414999999999997 1.0483587043259456e-38
0.14900000000000058 2.2143463034277254e-40
0.1558000000000004 1.5816912863609224e-40
0.15175000000000027 1.9085164650279094e-49
restart...
0.06725000000000009 1.732270661957303e-52
restart...
0.05825000000000005 1.5756584414450515e-53
restart...
0.09850000000000016 7.968284543864065e-38
0.12116666666666664 3.254450904047645e-41
0.134125 1.1106137202219175e-40
0.14070000000000046 9.628042984336122e-43
Sampling time (10 samples): 7628.7956 seconds
/scratch/users/yanlan/Retrieval_0705/Output/AM_PM_ET_194_398_00
0.040499999999999994 4.7211335582173026e-35
0.07549999999999997 3.2971828809408844e-44
0.1153333333333333 2.4052516714843447e-43
0.14174999999999993 5.5770590606129717e-42
0.15790000000000026 9.545877762892805e-42
0.16866666666666652 4.9351588523726395e-40
0.1799285714285717 3.232206839218847e-39
0.1845625000000003 1.3750523436678287e-37
0.1875555555555558 1.2881287391149818e-36
0.19165000000000013 5.356014568894075e-36
0.19863636363636375 2.204185356075893e-34
0.20091666666666705 4.025446552471617e-34
0.20292307692307732 3.9100763051393346e-35
0.20492857142857163 1.4031055645426664e-36
0.20396666666666666 5.770654717056115e-40
Sampling time (10 samples): 7678.0004 seconds
