/scratch/users/yanlan/Retrieval_0705/Output/AM_PM_ET_162_390_00
0.06249999999999998 7.173514544388591e-34
0.17575000000000052 2.451609611633321e-31
0.2256666666666665 7.26441025730573e-29
0.2542500000000001 8.443118992821853e-28
0.27440000000000014 1.3387027356735056e-27
0.2894166666666665 1.0235695244362064e-27
0.29800000000000143 6.094232106662391e-28
0.3050000000000001 6.034402192176332e-28
0.31055555555555525 1.048324868557932e-27
0.3135499999999985 4.1972134754144785e-28
0.30109090909090674 3.148415532619e-42
0.2907499999999981 6.049173289628724e-44
0.28726923076922967 4.616336932186296e-43
0.2841071428571415 3.7686656443428523e-41
0.2839999999999969 4.503360696986222e-40
Sampling time (10 samples): 8361.8830 seconds
/scratch/users/yanlan/Retrieval_0705/Output/AM_PM_ET_168_299_00
0.02850000000000001 9.035059368876542e-38
0.11974999999999994 1.102923462035026e-42
0.1703333333333333 1.2625231539917594e-39
0.20412500000000014 6.165520242882351e-38
0.22640000000000055 5.709076976981612e-38
0.23950000000000068 1.476563084257663e-37
0.24885714285714378 1.6658788895581774e-37
0.25150000000000156 2.0490514660693575e-37
0.25388888888888983 1.0985914154671808e-36
0.2551000000000019 3.451872620365152e-36
0.257727272727274 2.608117742658379e-36
0.25941666666667 1.0823897520940317e-36
0.2623076923076945 2.4089865427559447e-36
0.26442857142857473 5.080084370971453e-36
0.2665666666666691 1.799166917235616e-36
Sampling time (10 samples): 8426.8540 seconds
/scratch/users/yanlan/Retrieval_0705/Output/AM_PM_ET_174_243_00
0.40499999999999947 7.782607170299545e-13
0.35924999999999924 9.661155353422626e-13
0.34683333333333116 2.0080107138644696e-12
0.3403749999999982 2.8657374394673903e-13
0.3376999999999981 4.452020927523176e-13
0.3335833333333325 7.948369072220389e-13
0.33264285714285674 1.3951975153253841e-12
0.33125000000000077 7.26144847922612e-13
0.33044444444444554 1.2520741517054375e-12
0.3292500000000018 7.428058484586195e-13
0.3295000000000033 1.5399463332303712e-12
0.32779166666666903 6.507446501889797e-13
0.32769230769231017 5.999967950634288e-13
0.3281071428571445 4.247628599443872e-13
0.3266000000000007 9.269037572888758e-13
Sampling time (10 samples): 8257.8751 seconds
/scratch/users/yanlan/Retrieval_0705/Output/AM_PM_ET_179_330_00
0.002499999999999998 2.6212268336256193e-51
restart...
0.017499999999999953 2.5899227550650614e-42
restart...
0.03499999999999999 2.7793837532749734e-33
0.056749999999999995 8.582022315707005e-47
0.06649999999999992 3.552793026341136e-58
restart...
0.06024999999999998 4.2950495868098845e-46
0.06999999999999988 9.619433949115468e-54
restart...
0.05750000000000002 1.2427795005573488e-45
0.0643333333333334 1.741225692417826e-55
restart...
0.06150000000000001 3.549592848983274e-44
0.07533333333333342 1.41656898493699e-54
restart...
0.05800000000000007 5.448357584656256e-46
0.06683333333333294 5.455436411841173e-57
restart...
0.05925000000000002 1.4676249514596836e-45
0.0716666666666667 7.189276567113895e-58
restart...
Sampling time (10 samples): 7942.7300 seconds
/scratch/users/yanlan/Retrieval_0705/Output/AM_PM_ET_184_426_00
0.014999999999999996 4.8079803035441774e-42
restart...
0.024500000000000004 2.654801779493908e-38
0.07350000000000013 1.0191588652581325e-44
0.1293333333333336 1.1557813431249954e-41
0.17162500000000014 3.8393804884607166e-38
0.1943000000000001 8.04154596725181e-34
0.20499999999999988 5.0403803109413954e-34
0.20028571428571382 5.164037269825631e-40
/scratch/users/yanlan/Retrieval_0705/Output/AM_PM_ET_190_330_00
0.10399999999999991 2.3942548811704322e-30
0.22725000000000042 8.547384807765337e-28
0.2688333333333337 2.6658749071561145e-26
0.2693750000000004 2.7697024919385573e-33
0.28640000000000143 1.6383024187738544e-32
0.30216666666666836 4.7884746895061594e-33
0.31528571428571583 7.202949918314004e-33
0.32493750000000055 5.006870122800671e-33
0.3328888888888902 1.351313895701038e-32
0.3394500000000016 3.4816194634261575e-32
0.345000000000004 1.515006562782682e-32
0.3476250000000032 3.3432815080747277e-32
0.3530000000000035 3.435219985927254e-32
0.35382142857143173 2.7210255481866767e-32
0.357300000000002 1.4504698895831185e-32
Sampling time (10 samples): 8099.1422 seconds
/scratch/users/yanlan/Retrieval_0705/Output/AM_PM_ET_196_272_00
0.42449999999999977 1.0604141897983004e-12
0.3727500000000011 4.5430157214325395e-13
0.365833333333333 5.434988635429318e-13
0.3539999999999996 6.570073411252541e-13
0.34919999999999957 8.034896898260594e-13
0.34541666666666576 5.92643267605004e-13
0.3461428571428571 6.412343374895682e-13
0.3430624999999999 7.479988180509266e-13
0.34261111111111103 6.414256666703236e-13
0.34314999999999835 3.61922304106077e-13
0.3417272727272722 6.86774840706632e-13
0.3397083333333319 5.050956662593073e-13
0.3369230769230765 1.4556187954463888e-12
0.3354285714285713 3.7171910539556635e-13
0.3336666666666665 9.22152661937461e-13
Sampling time (10 samples): 7420.7709 seconds
