/scratch/users/yanlan/Retrieval_0705/Output/AM_PM_ET_162_445_00
0.01199999999999999 1.6237593321263812e-44
restart...
0.026 4.459170765951071e-40
0.08349999999999995 1.4652704030827417e-48
0.14349999999999963 6.738129359547973e-45
0.1792500000000002 9.575540236961941e-43
0.19670000000000049 7.374977692059992e-40
0.21299999999999997 9.92154225110312e-39
0.22657142857142856 5.484932857529663e-37
0.23950000000000038 7.27272605057888e-37
0.24955555555555575 3.6166452828788484e-36
0.2537000000000005 2.288926182149889e-35
0.2620454545454542 6.840893383117267e-36
0.2678333333333349 6.621756154935767e-36
0.2705384615384633 9.237307484285969e-36
0.27203571428571544 4.335800237828493e-36
Sampling time (10 samples): 7630.1525 seconds
/scratch/users/yanlan/Retrieval_0705/Output/AM_PM_ET_168_354_00
0.39499999999999913 6.10976198392342e-13
0.35225000000000023 3.0890972070117284e-13
0.3401666666666666 4.2468179419841044e-13
0.3398750000000001 2.5402607394263976e-13
0.3308000000000001 7.827172537572462e-13
0.32941666666666614 1.3012749008355736e-12
0.33149999999999974 7.970477778921757e-13
0.33375000000000016 1.0089700307735548e-12
0.32972222222222225 6.93543883412508e-13
0.3309499999999998 5.720882821550167e-13
0.32945454545454506 5.99476832447212e-13
0.3273333333333334 1.1686573950408556e-12
0.32803846153846133 6.096097133449412e-13
0.3271428571428579 1.0580564878038885e-12
0.3266666666666674 1.4518348987571905e-12
Sampling time (10 samples): 7734.9120 seconds
/scratch/users/yanlan/Retrieval_0705/Output/AM_PM_ET_174_307_00
0.05150000000000002 2.4991501656165057e-35
0.1644999999999996 2.1509752771010112e-33
0.15266666666666692 2.5451997491230203e-43
0.16262500000000052 2.6365937929488616e-44
0.18110000000000076 2.554446642377442e-41
0.2025833333333336 1.5606850019363294e-39
0.21500000000000055 1.587175462931396e-39
0.19368750000000057 1.1262512156595896e-62
restart...
0.1951875000000006 1.9572387515210505e-60
restart...
0.19281250000000044 3.105587540958075e-63
restart...
0.19381250000000058 2.986544544663287e-62
restart...
0.1930000000000003 1.276263414301645e-63
restart...
0.19431250000000064 1.0878574934729979e-60
restart...
0.19343750000000046 1.559101163998303e-63
restart...
0.1945625000000003 1.4689767098599135e-59
restart...
Sampling time (10 samples): 9003.4499 seconds
/scratch/users/yanlan/Retrieval_0705/Output/AM_PM_ET_179_407_00
0.03800000000000003 7.455878512038306e-37
0.1360000000000003 9.40890939816651e-38
0.17100000000000026 7.620136781304609e-38
0.19462500000000002 2.3472516641614154e-38
0.21040000000000042 9.339370309888416e-38
0.21816666666666723 6.830420801202498e-39
0.2162142857142863 5.101884908820554e-39
0.21737500000000035 3.0069173837068157e-38
0.22022222222222196 6.734253795203648e-39
0.2225999999999999 1.083928919220394e-38
0.22413636363636372 2.549145370340824e-38
0.22729166666666667 2.4631803806285084e-38
0.2278461538461538 2.1271594742289612e-38
0.22939285714285731 1.7047185891723687e-37
0.22923333333333346 4.074073098950404e-38
Sampling time (10 samples): 7580.2095 seconds
/scratch/users/yanlan/Retrieval_0705/Output/AM_PM_ET_185_271_00
0.012999999999999994 6.296610933122541e-45
restart...
0.018999999999999996 1.8474745613994058e-40
restart...
0.023 5.540935055854844e-41
0.09800000000000018 5.139674407731605e-45
0.15483333333333363 4.2426590976012746e-44
0.18187500000000068 2.2675220652016548e-43
0.1964000000000005 4.7206674993643565e-43
0.206666666666667 1.226371476894779e-43
0.21350000000000047 8.488757120620432e-45
0.2125000000000003 7.292781504466905e-48
0.22194444444444497 5.59492295790046e-47
0.22714999999999996 8.429930539316457e-47
0.2277272727272729 2.3423050478390413e-48
0.23279166666666692 3.2860416639350386e-48
0.24073076923076986 1.949339926209537e-48
Sampling time (10 samples): 7513.0925 seconds
/scratch/users/yanlan/Retrieval_0705/Output/AM_PM_ET_190_391_00
0.4194999999999998 1.898583161632645e-12
0.36200000000000065 8.375355466079291e-13
0.3289999999999999 4.773256779968509e-13
0.3167500000000005 1.4111818563073876e-12
0.3207000000000005 9.674404811229115e-13
0.3207499999999984 1.051088444210752e-12
0.31935714285714223 8.688967883773714e-13
0.3234999999999986 1.6446383551644888e-12
0.32038888888888595 7.856283725711852e-13
0.31879999999999853 8.473557598622561e-13
0.31704545454545185 7.265668242710481e-13
0.3191666666666635 1.1657664439700126e-12
0.3206538461538427 3.2743980189190893e-13
0.3212142857142834 6.989398021253e-13
0.31956666666666333 3.8872470062431863e-13
Sampling time (10 samples): 7747.3073 seconds
/scratch/users/yanlan/Retrieval_0705/Output/AM_PM_ET_196_323_00
0.08199999999999995 8.981667036347071e-32
0.16775000000000026 1.301929148625281e-32
0.20483333333333306 3.89017093523363e-34
0.23362499999999994 6.866721634658595e-35
0.26070000000000026 4.5136193588186726e-36
0.2845833333333331 1.6404449725186482e-36
0.2960714285714275 2.8634449825425633e-36
0.3118124999999989 1.0360389318296776e-36
0.32038888888888806 4.854557123381621e-37
0.3303999999999987 4.006530992743136e-37
0.3351363636363633 1.252086995322768e-36
0.33945833333333336 6.3640015592246305e-37
0.34215384615384575 1.6425728229870095e-36
0.34778571428571353 1.7172770958870247e-36
0.3502666666666662 7.0311527372710155e-37
Sampling time (10 samples): 7381.6845 seconds
