/scratch/users/yanlan/Retrieval_0705/Output/AM_PM_ET_162_431_00
0.02249999999999995 2.5322177601252786e-38
0.04349999999999995 2.3337728017131483e-55
restart...
0.04274999999999994 3.537525891082086e-54
restart...
0.042249999999999954 6.492968782203284e-56
restart...
0.03675000000000008 9.981492437764788e-58
restart...
0.047749999999999994 1.838303681209258e-54
restart...
0.04574999999999992 9.265283703473928e-55
restart...
0.02949999999999993 2.4959449854918036e-62
restart...
0.03900000000000005 3.4424179748404176e-57
restart...
0.04274999999999995 5.671547909874109e-54
restart...
0.04449999999999999 4.504739937502567e-55
restart...
0.03674999999999995 2.4924750814293993e-62
restart...
0.04625000000000004 2.4093962860061814e-55
restart...
0.04299999999999995 1.2035093558527463e-52
restart...
0.04250000000000002 5.266260412974404e-54
restart...
Sampling time (10 samples): 7377.9399 seconds
/scratch/users/yanlan/Retrieval_0705/Output/AM_PM_ET_168_338_00
0.4254999999999998 9.616850947935628e-13
0.36825000000000013 5.068157491185203e-13
0.3578333333333331 5.837313850806698e-13
0.34825 1.1565455014632952e-12
0.34089999999999965 1.7067213912415284e-12
0.33883333333333215 4.3354705806743e-13
0.3364285714285711 1.383344900706881e-12
0.3360000000000011 4.4156829818510776e-13
0.334333333333334 1.125629434184369e-12
0.3343999999999995 7.957283802143765e-13
0.333090909090908 7.422650079015232e-13
0.33270833333333394 4.250162088193532e-13
0.33246153846153964 1.0732988934158403e-12
0.3333571428571439 4.986183319288213e-13
0.3321000000000008 5.037698271687875e-13
Sampling time (10 samples): 7904.1443 seconds
/scratch/users/yanlan/Retrieval_0705/Output/AM_PM_ET_174_293_00
0.058999999999999934 4.197165565367168e-35
0.17574999999999993 3.6667603049869205e-35
0.21250000000000027 1.443274412915339e-38
0.16912500000000022 1.656824499876541e-61
restart...
0.1758750000000003 1.2688329971825094e-56
restart...
0.17637499999999995 3.2154109406438033e-55
restart...
0.1758750000000001 5.221485819918703e-58
restart...
0.17762500000000003 2.2401421833957873e-56
restart...
0.17650000000000035 3.599388226142319e-57
restart...
0.17987500000000003 2.827214558578091e-57
restart...
0.17325000000000002 2.52357334934644e-57
restart...
0.1701250000000001 2.5595169112705247e-60
restart...
0.16950000000000026 9.696814869910814e-62
restart...
0.1775000000000001 2.2801770995624008e-56
restart...
0.17662500000000012 3.3593587034093798e-56
restart...
Sampling time (10 samples): 9137.7418 seconds
/scratch/users/yanlan/Retrieval_0705/Output/AM_PM_ET_179_367_00
0.3815000000000001 1.0876210960432589e-12
0.3592500000000008 5.797448602930199e-13
0.34416666666666657 7.406305808351859e-13
0.34725000000000017 7.662237475639792e-13
0.34130000000000094 5.267797771110081e-13
0.3404166666666675 6.954339667165374e-13
0.3358571428571445 3.6055788891618877e-13
0.3344375000000008 4.0645049398279564e-13
0.3337777777777782 3.2911331083081914e-13
0.3345999999999985 4.226478560398887e-13
0.3318181818181833 3.7329619987298513e-13
0.329791666666668 9.693253815098664e-13
0.33011538461538553 3.70094177595406e-13
0.32957142857143046 6.628139740698288e-13
0.329666666666668 3.5477587748610665e-13
Sampling time (10 samples): 7953.7239 seconds
/scratch/users/yanlan/Retrieval_0705/Output/AM_PM_ET_185_256_00
0.043500000000000004 2.469163365937442e-39
0.10700000000000018 7.40395405037314e-47
0.13216666666666674 4.583337317933576e-50
restart...
0.08599999999999987 2.1276705726554662e-50
restart...
0.07399999999999994 8.167302080619637e-52
restart...
0.08100000000000009 3.0105581431717143e-49
restart...
0.082 2.1611938466875303e-50
restart...
0.06749999999999992 3.889794836298702e-52
restart...
0.08150000000000045 2.2177227194612015e-49
restart...
0.06724999999999991 2.1011200152916673e-53
restart...
0.06974999999999987 3.7124953696091335e-52
restart...
0.07675000000000012 6.823517146687964e-51
restart...
0.06024999999999999 1.6214927692017465e-56
restart...
0.08024999999999982 4.0526617537683735e-49
restart...
0.08100000000000009 1.2837901919954893e-48
Sampling time (10 samples): 7775.8727 seconds
/scratch/users/yanlan/Retrieval_0705/Output/AM_PM_ET_190_367_00
0.39649999999999985 1.1263204222314798e-12
0.36124999999999974 7.138154053703633e-13
0.3431666666666656 6.808725809709636e-13
0.3368749999999992 1.1155014481502966e-12
0.3350999999999991 6.2006965017556e-13
0.33274999999999894 7.880598669247186e-13
0.3337142857142851 6.456462707570379e-13
0.3354999999999989 6.657760635499965e-13
0.3354999999999989 9.632768718874037e-13
0.33314999999999856 2.482495526483649e-13
0.3319090909090889 6.668411730594951e-13
0.33195833333333036 1.6104957986897567e-12
0.33119230769230573 3.5530650081067515e-13
0.32978571428571324 1.119580441602992e-12
0.32759999999999817 8.144522438098288e-13
Sampling time (10 samples): 8227.0339 seconds
/scratch/users/yanlan/Retrieval_0705/Output/AM_PM_ET_196_309_00
0.018499999999999996 5.14916294364636e-41
restart...
0.020999999999999987 2.1047856417199542e-41
0.11150000000000009 2.336165895850126e-44
0.16166666666666682 5.766798115119227e-41
0.18762500000000043 5.268606730877549e-37
0.20860000000000037 3.127512752085873e-34
0.22958333333333344 5.749946762581222e-34
0.24900000000000017 8.330376894086966e-34
0.25618749999999907 1.643831061236786e-33
0.26172222222222125 1.0125141537476202e-33
0.25654999999999895 3.0227102478126908e-46
0.24677272727272698 1.4280245177322232e-54
restart...
0.2447272727272719 4.5068795510975374e-55
restart...
0.24522727272727157 1.4481795804111863e-55
restart...
0.24777272727272637 2.338730182937517e-55
restart...
Sampling time (10 samples): 7158.4720 seconds
