/scratch/users/yanlan/Retrieval_0705/Output/AM_PM_ET_161_398_00
0.013999999999999993 1.0453342896880011e-42
restart...
0.01899999999999999 1.0411002603879287e-40
restart...
0.015999999999999993 8.860313876989291e-42
restart...
0.020000000000000035 1.7981615546780863e-41
0.1112499999999999 8.565832931458876e-45
0.1563333333333332 3.068065969072215e-42
0.1618749999999998 6.241713612731537e-46
0.18150000000000038 2.5168415600951763e-42
0.1940833333333336 1.386997724415053e-41
0.18985714285714322 1.0505157991431353e-47
0.19000000000000014 1.1804366151368806e-49
restart...
0.10850000000000005 6.721256658748514e-43
0.11833333333333351 1.4818019771452503e-51
restart...
0.11 2.216565067066591e-43
0.15383333333333374 1.3828637682455738e-44
Sampling time (10 samples): 8298.9514 seconds
/scratch/users/yanlan/Retrieval_0705/Output/AM_PM_ET_167_299_00
0.039999999999999994 4.9431806353878353e-36
0.10875000000000005 3.2436705498549957e-41
0.16950000000000043 5.576437702431588e-39
0.19787500000000086 2.7536283197674995e-37
0.19830000000000042 3.7393676771763455e-42
0.21633333333333302 2.6420554808715357e-41
0.2175714285714284 3.7882332366458124e-44
0.2210624999999998 4.2540312475112356e-46
0.23333333333333314 9.519830063846986e-46
0.2444999999999999 4.546762943269365e-45
0.2508636363636362 1.448395613237882e-44
0.2581250000000005 3.214790690690032e-45
0.2623846153846172 5.247965436061806e-45
0.2667857142857173 2.0272836572678224e-44
0.27210000000000084 2.5614505538771716e-44
Sampling time (10 samples): 8057.8223 seconds
/scratch/users/yanlan/Retrieval_0705/Output/AM_PM_ET_173_272_00
0.038999999999999944 7.283376975516854e-38
0.09924999999999996 9.65957753011531e-45
0.11483333333333345 1.9512067196383357e-50
restart...
0.07124999999999998 4.3655391188375843e-51
restart...
0.06599999999999998 7.315627267985782e-51
restart...
0.06074999999999995 2.528338679676345e-50
restart...
0.06574999999999992 8.289892712200064e-52
restart...
0.06374999999999992 5.1162652878934937e-51
restart...
0.06799999999999992 4.6371718248384084e-52
restart...
0.06275000000000004 4.9030929398335534e-52
restart...
0.06274999999999989 2.8743693394979435e-51
restart...
0.06975 3.3509002168267937e-51
restart...
0.06274999999999993 1.3095195923676892e-51
restart...
0.061499999999999944 5.307142490402745e-53
restart...
0.06775000000000002 7.012969456453713e-52
restart...
Sampling time (10 samples): 8597.0814 seconds
/scratch/users/yanlan/Retrieval_0705/Output/AM_PM_ET_178_337_00
0.007000000000000006 2.3265736077358708e-45
restart...
0.0069999999999999975 5.573777610554096e-46
restart...
0.05 2.5290458961375205e-36
0.12699999999999986 9.639751210876628e-37
0.15599999999999944 4.54698842250732e-35
0.17524999999999924 4.00285991459494e-33
0.18980000000000014 4.383267121525882e-32
0.19566666666666716 7.882975943415124e-32
0.20307142857142915 1.1203205118159777e-32
0.207750000000001 2.936645195110664e-32
0.21038888888888957 3.6804398472167484e-32
0.21275000000000055 9.468738352185953e-33
0.2036818181818186 3.401015607665789e-55
restart...
0.211500000000001 5.283050980960972e-33
0.20333333333333417 4.368973584792319e-53
restart...
Sampling time (10 samples): 7891.6173 seconds
/scratch/users/yanlan/Retrieval_0705/Output/AM_PM_ET_183_437_00
0.013499999999999996 8.230553791192233e-43
restart...
0.02250000000000006 8.276161485281169e-38
0.114 1.2322534632701995e-42
0.1860000000000005 4.874139633455899e-39
0.20725000000000088 7.591163273678682e-39
0.2121000000000009 3.1199470959634266e-42
0.21316666666666748 7.850652560228935e-45
0.21757142857142941 1.524101722287818e-45
0.22525000000000048 4.129292688218158e-45
0.22622222222222277 3.847990866975589e-44
0.23335000000000058 2.327240103325776e-43
0.24245454545454595 2.5871704519856354e-43
0.24887500000000018 2.7795445667763e-42
0.2557692307692306 2.4401717897859552e-42
0.25757142857142884 1.0334472400992331e-41
Sampling time (10 samples): 7605.8439 seconds
/scratch/users/yanlan/Retrieval_0705/Output/AM_PM_ET_189_337_00
0.03649999999999999 3.793761243645604e-37
0.14274999999999982 9.608643979030157e-38
0.1971666666666667 2.854854754271764e-33
0.22887500000000008 2.0489661682586915e-32
0.24960000000000004 1.6965206186703346e-32
0.2610000000000013 3.822963189408482e-32
0.26164285714286 1.628668719704742e-32
0.26962500000000267 1.1489502376301265e-32
0.27655555555555666 3.4438627960035133e-32
0.27995000000000037 7.676256206770837e-32
0.28513636363636424 2.1233930013645243e-32
0.288916666666667 3.269144543309235e-32
0.2937692307692313 1.1227003178124447e-32
0.29742857142857243 2.321847617362158e-32
0.2987333333333331 8.464117283772666e-32
Sampling time (10 samples): 7372.0833 seconds
/scratch/users/yanlan/Retrieval_0705/Output/AM_PM_ET_195_275_00
0.003999999999999997 1.4281013422015385e-49
restart...
0.06100000000000001 1.4338204514675808e-34
0.1282499999999999 6.610486345064082e-42
0.1545 1.7041742384947576e-42
0.1810000000000001 1.1227164414022146e-40
0.21039999999999967 3.1409059350177615e-38
0.20733333333333268 1.4804477148668607e-43
0.20571428571428485 6.907556570444293e-49
restart...
0.20249999999999987 1.0137073359525446e-49
restart...
0.2046428571428568 2.5386281523022935e-50
restart...
0.1982142857142854 1.966296234593157e-50
restart...
0.20142857142857126 1.255964819530683e-49
restart...
0.20199999999999935 3.2299188023715987e-49
restart...
0.2036428571428564 9.704916620974209e-51
restart...
0.20099999999999918 5.332042937091611e-51
restart...
Sampling time (10 samples): 7509.0013 seconds
