/scratch/users/yanlan/Retrieval_0705/Output/AM_PM_ET_162_270_00
0.06199999999999995 5.982457291781375e-35
0.17674999999999993 4.029118127591211e-32
0.21950000000000053 9.9452928048725e-31
0.19362500000000027 3.856272693084622e-43
0.2001000000000004 8.813148359744554e-43
0.1834166666666667 4.202673770900324e-56
restart...
0.18483333333333368 7.439748960211466e-57
restart...
0.1850833333333339 1.586885938283946e-56
restart...
0.18875000000000025 4.208007844239065e-54
restart...
0.18525 1.5686306105283926e-55
restart...
0.1855000000000004 6.0448772417680386e-55
restart...
0.18366666666666692 8.838007140281372e-56
restart...
0.19441666666666685 8.322115387665842e-53
restart...
0.1855000000000005 8.652372992062426e-56
restart...
0.18741666666666698 8.420505081170045e-55
restart...
Sampling time (10 samples): 8935.6775 seconds
/scratch/users/yanlan/Retrieval_0705/Output/AM_PM_ET_167_390_00
0.047999999999999994 4.175495406458668e-36
0.08375000000000002 6.515280435316863e-45
0.13933333333333353 8.46329425991407e-43
0.16599999999999993 3.3118837112025264e-41
0.18460000000000046 9.801144234890725e-38
0.2080000000000004 2.0770765643332113e-35
0.2258571428571428 1.3439519955690899e-33
0.23550000000000015 2.9145338233870627e-34
0.2423888888888891 9.529565344149039e-34
0.24830000000000027 1.680268705407558e-33
0.2515000000000011 4.582997705824004e-34
0.24824999999999978 1.0210289185519557e-37
0.25230769230769184 8.076698215166962e-37
0.2560714285714286 2.593081940268268e-36
0.2611333333333328 1.0020578873261826e-35
Sampling time (10 samples): 7515.1675 seconds
/scratch/users/yanlan/Retrieval_0705/Output/AM_PM_ET_173_338_00
0.032499999999999994 2.5452118605451668e-40
0.14424999999999993 2.8768519223236476e-38
0.199333333333333 2.223733785049354e-35
0.22187499999999977 2.6669836321122936e-33
0.24040000000000022 5.521274945945288e-32
0.25566666666666676 1.1373110521679908e-31
0.2667142857142846 1.1065236397325003e-31
0.277374999999999 6.66022597014762e-32
0.2813888888888883 8.145075234366062e-32
0.28950000000000037 6.942346330517127e-32
0.29068181818181665 5.76224887243535e-32
0.2926666666666641 3.302816490254116e-32
0.293499999999999 6.921248791335313e-32
0.29667857142857174 8.823111589529097e-32
0.29759999999999975 1.4665397341004293e-31
Sampling time (10 samples): 7617.9191 seconds
/scratch/users/yanlan/Retrieval_0705/Output/AM_PM_ET_178_430_00
0.032499999999999994 5.543176460232228e-37
0.11700000000000015 1.073920847247445e-38
0.18050000000000013 2.7882546581278696e-36
0.210125 6.026837605951105e-34
0.23420000000000019 3.3920647355710037e-34
0.2489166666666662 2.9205276534360893e-34
0.2581428571428567 1.1650913783344357e-34
0.2623124999999996 3.4091588055935845e-35
0.2648333333333323 5.561173440140032e-34
0.2663999999999993 3.951109051913168e-35
0.2650454545454546 2.6873771569828415e-36
0.26562499999999994 4.994126874965164e-36
0.2666923076923081 1.560446453672401e-36
0.2663571428571432 1.3624919046984021e-36
0.2670666666666671 4.0510920257173005e-37
Sampling time (10 samples): 7722.9613 seconds
/scratch/users/yanlan/Retrieval_0705/Output/AM_PM_ET_184_291_00
0.02550000000000001 3.094572590532012e-37
0.14775000000000005 1.5437322033006963e-38
0.21483333333333346 2.981276956722068e-35
0.24875000000000005 1.7231842141913053e-32
0.24009999999999995 3.7043525428914937e-38
0.2431666666666665 1.9642215822451878e-39
0.25285714285714184 3.2016451832457563e-40
0.25949999999999857 2.9506606030991766e-40
0.26261111111110913 1.6493405063360827e-40
0.26319999999999694 6.577358263637833e-40
0.27204545454545237 4.707297623596924e-40
0.276999999999998 6.9395943064934965e-40
0.28157692307692284 6.751568690131523e-41
0.28689285714285845 2.7330384032193554e-40
0.2893000000000013 2.6810504522970317e-40
Sampling time (10 samples): 7569.0820 seconds
/scratch/users/yanlan/Retrieval_0705/Output/AM_PM_ET_189_429_00
0.02000000000000004 7.203519624936715e-39
0.0405 5.475494644357493e-54
restart...
0.05175000000000008 6.63826901074993e-51
restart...
0.03199999999999997 5.6261831809787144e-58
restart...
0.031250000000000014 6.724247662427786e-59
restart...
0.03224999999999999 6.423019077960882e-60
restart...
0.02450000000000001 2.1398852418416286e-66
restart...
0.033249999999999974 1.7105861828393723e-58
restart...
0.028250000000000032 5.71766284673175e-64
restart...
0.04125000000000001 2.576235100649318e-55
restart...
0.03599999999999999 2.633180295466582e-58
restart...
0.03499999999999995 7.195151978074895e-58
restart...
0.041750000000000044 1.5818916351021438e-55
restart...
0.041249999999999946 2.6621653353992295e-54
restart...
0.04749999999999996 4.1210476492360004e-53
restart...
Sampling time (10 samples): 8522.7580 seconds
/scratch/users/yanlan/Retrieval_0705/Output/AM_PM_ET_195_340_00
0.030499999999999975 3.3986412389510667e-38
0.10899999999999997 8.778348780897552e-42
0.1480000000000001 2.098920948493857e-40
0.17150000000000032 4.322618384863891e-40
0.1860000000000005 1.3062290870896908e-38
0.1963333333333336 1.0144607573089589e-37
0.2041428571428576 1.4339943378143297e-36
0.20506249999999995 4.404675179097088e-36
0.2083333333333335 1.9973310582636112e-35
0.21300000000000033 1.9919489379440357e-35
0.21640909090909133 7.814046846834227e-35
0.21945833333333378 3.843660680170958e-34
0.2203461538461542 2.9068225887507147e-35
0.22217857142857161 1.0089419711218467e-34
0.22270000000000065 1.740433191793096e-34
Sampling time (10 samples): 7192.2065 seconds
