/scratch/users/yanlan/Retrieval_0705/Output/AM_PM_ET_162_413_00
0.015500000000000038 3.3461601221147565e-40
restart...
0.0145 3.013073370486239e-40
restart...
0.011999999999999995 4.714966183454974e-43
restart...
0.02200000000000003 6.966788215216161e-41
0.02275000000000003 4.1673475059421215e-69
restart...
0.018999999999999972 2.051762365739535e-73
restart...
0.018750000000000062 1.3204880453867923e-74
restart...
0.02175000000000002 3.608676784799396e-69
restart...
0.018999999999999965 2.2319393491437794e-72
restart...
0.019500000000000003 5.279205305263579e-72
restart...
0.018999999999999996 9.2240665607641e-75
restart...
0.018000000000000013 7.16209330357867e-76
restart...
0.026749999999999982 2.0618864601885507e-66
restart...
0.013000000000000074 5.264633634001951e-82
restart...
0.016249999999999987 3.8027427325592447e-76
restart...
Sampling time (10 samples): 7548.5089 seconds
/scratch/users/yanlan/Retrieval_0705/Output/AM_PM_ET_168_324_00
0.3865 2.5030087663616135e-12
0.35325000000000073 7.54831387803066e-13
0.3373333333333324 2.5464930864955936e-13
0.3328749999999988 1.5301537125849837e-12
0.3335999999999991 1.095763984330985e-12
0.33724999999999894 4.606315987425046e-13
0.3341428571428557 1.0609983989387347e-12
0.33106249999999826 8.066335584705548e-13
0.3281111111111086 3.223703568182809e-13
0.3269499999999978 4.850108867896875e-13
0.32731818181818 6.133440272619027e-13
0.3266666666666649 5.30313079198486e-13
0.32730769230769075 4.1759755014068715e-13
0.32792857142857057 4.4219141446669134e-13
0.32676666666666376 2.3728383226186355e-12
Sampling time (10 samples): 7436.4711 seconds
/scratch/users/yanlan/Retrieval_0705/Output/AM_PM_ET_174_279_00
0.06199999999999995 2.2891781528653222e-37
0.19099999999999984 2.8141459698976233e-35
0.22033333333333316 3.3989872559317145e-35
0.19850000000000004 2.2289840293782625e-48
0.2015000000000005 1.0302204322318472e-47
0.2065833333333333 4.4403410661435245e-46
0.2152142857142857 8.331976517365306e-46
0.21649999999999978 4.1269157627802173e-47
0.21227777777777773 1.2220964488018846e-51
restart...
0.21277777777777762 3.2491770174704142e-52
restart...
0.21255555555555522 6.001790680866074e-50
restart...
0.21372222222222184 2.3902378735112176e-51
restart...
0.21238888888888874 1.296381213200453e-51
restart...
0.2098333333333332 3.569763963975862e-53
restart...
0.2091111111111111 4.043780958147794e-53
restart...
Sampling time (10 samples): 8776.9201 seconds
/scratch/users/yanlan/Retrieval_0705/Output/AM_PM_ET_179_353_00
0.025999999999999995 4.280666190152074e-38
0.045250000000000096 1.0633938883439362e-53
restart...
0.03825000000000007 1.2591299771831755e-57
restart...
0.03475000000000003 1.4075294994083024e-59
restart...
0.043250000000000025 2.6087067063056874e-55
restart...
0.043750000000000094 1.1929851829912599e-53
restart...
0.04299999999999997 1.2735864870937126e-55
restart...
0.04300000000000004 3.508091343894047e-55
restart...
0.047500000000000035 2.8846079327624946e-51
restart...
0.04324999999999992 7.99990289671758e-55
restart...
0.04449999999999996 7.554584325886471e-56
restart...
0.038249999999999985 8.121136935722396e-59
restart...
0.04224999999999996 6.776698392015527e-57
restart...
0.04474999999999999 1.0360848789569948e-55
restart...
0.041249999999999946 1.619968806281895e-56
restart...
Sampling time (10 samples): 7540.7243 seconds
/scratch/users/yanlan/Retrieval_0705/Output/AM_PM_ET_185_242_00
0.03550000000000002 3.8563298264262353e-38
0.1719999999999996 3.3278544905200556e-38
0.22950000000000034 1.5040009738953008e-35
0.25925000000000137 1.1923628963207452e-35
0.27800000000000047 1.6717296530788204e-35
0.2982499999999996 2.8487795817815946e-35
0.30550000000000016 9.525121526766178e-36
0.3130000000000008 5.4897899462238517e-36
0.3155000000000006 1.0354422586059575e-35
0.3176500000000013 2.670927889584028e-35
0.32363636363636555 3.3576055608352965e-35
0.326375000000001 3.655931477224661e-36
0.33092307692307826 5.201850902864841e-36
0.33825000000000266 5.701013527055277e-36
0.33840000000000225 1.4518857335006008e-35
Sampling time (10 samples): 7868.3602 seconds
/scratch/users/yanlan/Retrieval_0705/Output/AM_PM_ET_190_353_00
0.0029999999999999975 9.076267024419992e-50
restart...
0.006999999999999995 9.188922490053103e-47
restart...
0.0345 7.291189989778195e-38
0.13374999999999995 1.8482622544058898e-38
0.16900000000000007 1.1356098029030528e-37
0.18225000000000047 2.2639696467865614e-38
0.19190000000000074 1.1595884061507971e-36
0.19749999999999993 7.600948297030315e-36
0.20464285714285688 6.881839614866997e-36
0.21100000000000022 8.451459040233618e-36
0.21800000000000036 1.3203633001194562e-35
0.22974999999999995 1.4420308684527482e-34
0.23599999999999988 2.5291296990653994e-34
0.23725000000000004 1.5961508064742104e-34
0.2396538461538462 9.332742990994285e-35
Sampling time (10 samples): 7854.0117 seconds
/scratch/users/yanlan/Retrieval_0705/Output/AM_PM_ET_196_295_00
0.07250000000000001 5.748467423815766e-35
0.19824999999999973 4.520509057479744e-34
0.24133333333333348 1.610831808591153e-33
0.2681250000000002 7.42746025528856e-33
0.2720000000000008 2.79953012087379e-34
0.2800000000000019 7.92155747228671e-34
0.29035714285714476 6.094834076421575e-34
0.2967500000000017 1.0311287423899028e-32
0.3014444444444451 1.1626449914524156e-32
0.29395000000000027 4.1273574989326543e-35
0.2901818181818182 7.32788849390467e-36
0.2812916666666655 6.410526865757146e-39
0.2759230769230748 3.691069646343438e-41
0.2749999999999956 6.266953243704154e-42
0.28189999999999565 4.0099449983437706e-40
Sampling time (10 samples): 7444.9230 seconds
