/scratch/users/yanlan/Retrieval_0705/Output/AM_PM_ET_163_360_00
0.027999999999999973 1.2606455228792608e-37
0.03450000000000001 6.447020939670883e-59
restart...
0.04775 1.4546797309367149e-54
restart...
0.04050000000000002 1.641674873387587e-57
restart...
0.04149999999999994 7.838053991741853e-57
restart...
0.04225000000000004 1.405733978487384e-57
restart...
0.040250000000000105 3.1228912936530197e-58
restart...
0.02649999999999997 1.2049773849629422e-68
restart...
0.0345 2.892332812704126e-60
restart...
0.028499999999999977 3.888277735807891e-65
restart...
0.04049999999999993 3.710068003645929e-55
restart...
0.038249999999999944 5.926646509780664e-58
restart...
0.039000000000000076 8.509312729501252e-59
restart...
0.02474999999999999 5.640084031254167e-68
restart...
0.03249999999999996 1.3175709563225767e-60
restart...
Sampling time (10 samples): 7350.4901 seconds
/scratch/users/yanlan/Retrieval_0705/Output/AM_PM_ET_169_273_00
0.016499999999999997 2.581193548571844e-41
restart...
0.06399999999999995 2.0351403113500053e-34
0.12475000000000026 5.333829073201508e-38
0.1083333333333336 1.0614361428529372e-55
restart...
0.09950000000000013 3.654014417263657e-57
restart...
0.09816666666666687 1.2378902962479726e-61
restart...
0.10566666666666684 2.975795687650469e-57
restart...
0.09400000000000022 2.1425898918461266e-62
restart...
0.10333333333333349 2.255395725348579e-55
restart...
0.10083333333333348 6.895975344180821e-58
restart...
0.09750000000000018 2.898066417335448e-60
restart...
0.10450000000000026 1.2601630503159429e-54
restart...
0.0940000000000003 1.4873497172765186e-63
restart...
0.10483333333333354 2.3500565107378956e-56
restart...
0.10550000000000008 1.7966808211018823e-58
restart...
Sampling time (10 samples): 10344.6618 seconds
/scratch/users/yanlan/Retrieval_0705/Output/AM_PM_ET_174_418_00
0.044499999999999984 8.107008359155345e-39
0.16224999999999984 1.4619155383200804e-37
0.21200000000000044 2.9349857551810207e-35
0.23037500000000075 1.7411273654316662e-35
0.23690000000000053 2.9988633276009883e-36
0.2367500000000004 1.0994136462895477e-38
0.23692857142857227 4.06224664584437e-42
0.24162500000000095 2.0684527308042706e-42
0.24866666666666792 1.3862401471667796e-43
0.2537500000000019 2.7565495570249373e-43
0.2565454545454542 9.895826480913197e-44
0.25737500000000074 4.742028577597393e-44
0.26146153846153947 4.688565617182565e-44
0.2674285714285727 5.729155095049895e-44
0.27250000000000063 9.787709078146167e-44
Sampling time (10 samples): 7466.0463 seconds
/scratch/users/yanlan/Retrieval_0705/Output/AM_PM_ET_180_292_00
0.02200000000000001 1.5588464264017895e-40
0.09649999999999975 2.6033111021022785e-45
0.1553333333333335 7.695415388041211e-46
0.16725000000000004 2.6298704826267957e-49
restart...
0.08700000000000009 4.786976140465727e-46
0.15249999999999983 4.523606573616807e-46
0.18374999999999972 1.4125267435772857e-46
0.1998000000000001 3.105081589050944e-47
0.2119166666666663 1.064111290690675e-46
0.2191428571428571 8.78500306757108e-47
0.22743750000000054 1.3692322883659716e-46
0.23216666666666708 5.604423760303842e-48
0.23650000000000032 4.842447362167231e-47
0.24372727272727276 3.5323784714199947e-47
0.2500000000000004 3.2036240936993614e-47
Sampling time (10 samples): 7860.7142 seconds
/scratch/users/yanlan/Retrieval_0705/Output/AM_PM_ET_185_380_00
0.010500000000000011 3.635921207096754e-44
restart...
0.021499999999999988 7.92569846200684e-42
0.019999999999999952 6.32662479273383e-73
restart...
0.014999999999999984 1.4486548318095888e-78
restart...
0.016999999999999994 8.784735836666085e-77
restart...
0.02049999999999998 5.292599191329777e-75
restart...
0.024499999999999987 4.288346288299955e-66
restart...
0.015749999999999965 2.270741246490188e-80
restart...
0.020000000000000042 1.997265602069176e-72
restart...
0.02399999999999997 2.1173651165386804e-68
restart...
0.023750000000000014 4.154093843709098e-68
restart...
0.025250000000000005 1.4324298424961141e-67
restart...
0.021750000000000023 6.963589446333485e-73
restart...
0.024249999999999994 3.149504641465337e-67
restart...
0.025499999999999964 6.489482906658108e-67
restart...
Sampling time (10 samples): 7631.5374 seconds
/scratch/users/yanlan/Retrieval_0705/Output/AM_PM_ET_191_304_00
0.009499999999999995 8.56611869987993e-46
restart...
0.04849999999999997 5.401639674279359e-38
0.11499999999999982 2.179901326463335e-49
restart...
0.09950000000000038 1.6971544201300092e-56
restart...
0.07925000000000003 5.693628697481332e-59
restart...
0.08024999999999997 7.061397370728732e-55
restart...
0.11274999999999985 4.547519634193515e-51
restart...
0.13974999999999982 6.4263981643425834e-43
0.10933333333333321 1.1970365130735898e-61
restart...
0.06700000000000003 5.061420663505524e-58
restart...
0.061499999999999944 5.916505974922101e-62
restart...
0.08474999999999987 7.053791939962586e-57
restart...
0.06499999999999996 2.8562364138635286e-59
restart...
0.08650000000000005 1.5312806045163701e-55
restart...
0.07200000000000008 1.3828358555903174e-57
restart...
Sampling time (10 samples): 7954.3224 seconds
/scratch/users/yanlan/Retrieval_0705/Output/AM_PM_ET_197_236_00
0.03100000000000001 2.6672460675349237e-39
0.16099999999999998 7.232564581089393e-38
0.15733333333333369 6.348780436403216e-51
restart...
0.10300000000000006 1.4663325765436464e-47
0.12150000000000012 2.499809860818509e-53
restart...
0.11574999999999985 1.8756463634333372e-42
0.16016666666666698 8.147014563621938e-44
0.19362500000000027 2.5735973177945862e-42
0.21740000000000037 1.7794031603952622e-40
0.24041666666666686 3.909657144755036e-40
0.2559285714285721 5.113977726179203e-40
0.26818749999999986 5.81283411938569e-40
0.27816666666666673 2.7413587540599746e-40
0.28989999999999966 8.234533972532735e-40
0.29345454545454447 8.48610321394472e-40
Sampling time (10 samples): 7879.3477 seconds
