/scratch/users/yanlan/Retrieval_0705/Output/AM_PM_ET_165_318_00
0.02850000000000001 2.515596762893056e-37
0.09725000000000004 1.370315053395283e-46
0.16133333333333297 1.500665167207346e-40
0.19962499999999955 4.9546516363188625e-36
0.22209999999999983 4.983225953675847e-34
0.2437499999999998 1.3420922177051787e-33
0.25435714285714345 2.4830835875453538e-33
0.26500000000000123 2.434072126878392e-33
0.2731111111111123 9.607555558833607e-34
0.2814000000000012 9.538959059816555e-34
0.2870454545454562 9.351998983123145e-34
0.2907916666666685 1.0774778109416012e-33
0.2938846153846174 1.7569297913960956e-33
0.2975000000000041 1.6491407655181022e-33
0.3003333333333376 8.64650374465256e-34
Sampling time (10 samples): 8676.0807 seconds
/scratch/users/yanlan/Retrieval_0705/Output/AM_PM_ET_171_240_00
0.02699999999999999 2.8137780873098416e-39
0.08550000000000013 1.270566748176429e-44
0.1135000000000002 1.5775706651955028e-46
0.13775000000000037 4.098667518004925e-45
0.11900000000000027 7.979282179552478e-69
restart...
0.08349999999999998 4.534885025311229e-42
0.09683333333333322 1.9852409220196182e-47
0.11537499999999988 5.470047770399108e-50
restart...
0.08100000000000006 1.3598360136442448e-42
0.10433333333333353 1.3230567261894695e-47
0.115625 9.401616535668496e-51
restart...
0.08625000000000012 4.270486647362548e-42
0.11333333333333333 9.623334904655689e-45
0.12500000000000006 4.03174879006157e-46
0.1274 1.2467854075164463e-51
restart...
Sampling time (10 samples): 8075.9575 seconds
/scratch/users/yanlan/Retrieval_0705/Output/AM_PM_ET_176_351_00
0.04250000000000004 1.4875535265719864e-37
0.13299999999999995 5.439789573880441e-40
0.1931666666666667 5.5247214372697326e-36
0.21950000000000047 7.488162676006172e-35
0.22500000000000073 3.9968792415024604e-36
0.22608333333333408 4.0620551464101126e-38
0.22700000000000067 2.2861516266756775e-39
0.22937500000000072 2.0875456984345334e-40
0.23272222222222277 1.1344056676337178e-40
0.23640000000000072 3.1115256927330217e-41
0.2380000000000005 2.8547871439149e-41
0.24116666666666717 1.250192256931296e-41
0.2363461538461542 1.811861428970979e-47
0.23825000000000024 5.54224432699086e-47
0.24333333333333326 6.010852072992533e-46
Sampling time (10 samples): 7907.7820 seconds
/scratch/users/yanlan/Retrieval_0705/Output/AM_PM_ET_182_235_00
0.02949999999999999 8.381689927738182e-39
0.06599999999999988 5.961121201202742e-53
restart...
0.06050000000000008 2.2715693140982484e-51
restart...
0.06574999999999998 1.8792931587051564e-51
restart...
0.0442500000000001 8.14453005135321e-58
restart...
0.056749999999999995 1.7658659943140172e-53
restart...
0.06749999999999995 6.088435168547415e-53
restart...
0.06950000000000006 1.7451278108983462e-50
restart...
0.05225000000000009 6.956159746555109e-56
restart...
0.06375 1.989499540678455e-51
restart...
0.056499999999999995 3.623684669518801e-54
restart...
0.04825000000000001 3.706684949202722e-58
restart...
0.06050000000000001 1.7696309351564114e-53
restart...
0.058249999999999996 1.523999549795017e-53
restart...
0.062250000000000034 1.984547028025893e-52
restart...
Sampling time (10 samples): 8227.8144 seconds
/scratch/users/yanlan/Retrieval_0705/Output/AM_PM_ET_187_358_00
0.014499999999999996 2.551342383946734e-42
restart...
0.028500000000000015 2.98184008897371e-40
0.03825000000000006 2.0733351852069757e-60
restart...
0.05000000000000005 1.7671549083908992e-54
restart...
0.04850000000000006 7.797530695548353e-55
restart...
0.031 3.653161427049738e-64
restart...
0.05474999999999993 5.800401432322487e-53
restart...
0.057249999999999995 1.5225045307784622e-52
restart...
0.051750000000000046 3.5818343738018357e-53
restart...
0.04124999999999997 1.0113759282526476e-55
restart...
0.057749999999999926 1.3438756070814774e-51
restart...
0.03324999999999989 5.0303276635129016e-64
restart...
0.030749999999999982 6.254397552093714e-66
restart...
0.061 4.875620632728368e-51
restart...
0.05374999999999987 2.900534654080029e-53
restart...
Sampling time (10 samples): 8052.8299 seconds
/scratch/users/yanlan/Retrieval_0705/Output/AM_PM_ET_193_276_00
0.054500000000000014 4.065479304511391e-34
0.10624999999999991 2.9678900616565566e-39
0.12733333333333333 1.558897061060542e-40
0.1418750000000003 5.959028554812896e-42
0.15010000000000034 2.571988233726596e-43
0.16266666666666688 6.427385391817204e-43
0.17421428571428613 7.0929545541587046e-43
0.18162500000000062 1.236340199824492e-42
0.1851666666666676 2.2935744997933372e-41
0.19030000000000052 7.155577652100566e-42
0.19445454545454563 2.079983318539465e-41
0.19916666666666683 2.3367895285122012e-40
0.2013461538461541 3.871394347499427e-41
0.20235714285714296 2.58199603743562e-40
0.20343333333333333 7.342788779830049e-40
Sampling time (10 samples): 8093.5480 seconds
