/scratch/users/yanlan/Retrieval_0705/Output/AM_PM_ET_164_265_00
0.013500000000000003 1.795795717472607e-42
restart...
0.03300000000000003 8.37302957488025e-37
0.09200000000000008 3.324517502905686e-42
0.1254999999999998 7.290404054680164e-42
0.14075 6.955015671539006e-44
0.1555000000000002 9.07390524242289e-43
0.16566666666666768 2.7463948447847455e-43
0.17135714285714368 5.278762105496424e-44
0.17087500000000022 8.723821814873136e-45
0.1707222222222225 3.302319803994608e-46
0.17740000000000014 4.199740081545033e-44
0.18645454545454532 8.075837459599335e-42
0.1968333333333336 7.529397634285437e-40
0.20669230769230773 1.5717000982681662e-38
0.21274999999999997 4.5104003684069377e-38
Sampling time (10 samples): 7378.9281 seconds
/scratch/users/yanlan/Retrieval_0705/Output/AM_PM_ET_169_399_00
0.018499999999999996 4.429850127675982e-41
restart...
0.017000000000000005 1.0288292149465685e-40
restart...
0.023500000000000007 4.253500795916989e-40
0.041250000000000016 9.642804925422653e-59
restart...
0.030250000000000013 1.1253647877842149e-65
restart...
0.04599999999999995 2.9471371653518586e-56
restart...
0.02700000000000002 1.9331261458013673e-69
restart...
0.035500000000000045 1.0065696091531717e-61
restart...
0.040500000000000015 6.675888690334914e-58
restart...
0.028249999999999987 5.670561839359773e-67
restart...
0.045749999999999895 2.51017326714405e-56
restart...
0.03875 3.482086120244707e-60
restart...
0.029500000000000012 3.2528957293003807e-65
restart...
0.04174999999999993 8.656609240871187e-58
restart...
0.04425000000000006 3.727933586150622e-56
restart...
Sampling time (10 samples): 7168.9128 seconds
/scratch/users/yanlan/Retrieval_0705/Output/AM_PM_ET_175_309_00
0.022500000000000017 9.483540551175348e-40
0.12425000000000008 4.999692598767672e-39
0.18850000000000042 1.1530925079470959e-34
0.2225000000000007 8.406780274498532e-33
0.24190000000000045 1.0156949011964001e-31
0.258166666666667 2.348014426644015e-31
0.2712142857142861 2.8711997003121577e-31
0.2787499999999995 2.2981251471984174e-31
0.28655555555555573 3.31535005338039e-31
0.29250000000000054 2.765708994376695e-31
0.2968636363636351 1.1255678102958726e-30
0.3008333333333323 2.6123866078442605e-31
0.30534615384615227 3.966502419660641e-31
0.3076785714285698 5.964195248328736e-31
0.30949999999999783 3.373927219619863e-31
Sampling time (10 samples): 7227.0913 seconds
/scratch/users/yanlan/Retrieval_0705/Output/AM_PM_ET_180_417_00
0.008000000000000002 3.890858904803814e-47
restart...
0.027000000000000014 1.2025922417396685e-39
0.12224999999999989 1.545552666573201e-39
0.15266666666666656 6.65956833537398e-39
0.16787500000000002 6.490253059917701e-39
0.17979999999999985 1.1145271822696107e-38
0.19324999999999937 1.7878319263218965e-38
0.2067142857142851 8.012627261990439e-38
0.21574999999999922 9.854973264881146e-37
0.22361111111111018 1.1496704709723419e-35
0.2325499999999991 4.895040278426213e-36
0.23722727272727215 4.970091690858011e-36
0.23916666666666628 1.392379463236353e-36
0.241307692307692 4.113307842424897e-37
0.2450714285714282 3.297437224007941e-36
Sampling time (10 samples): 7269.4996 seconds
/scratch/users/yanlan/Retrieval_0705/Output/AM_PM_ET_186_298_00
0.01649999999999999 1.1806115890428952e-44
restart...
0.024000000000000042 4.771107583805662e-39
0.04650000000000011 6.002533624001891e-54
restart...
0.05925000000000001 9.353343595331522e-53
restart...
0.04425000000000002 1.4341251025356379e-55
restart...
0.044499999999999956 1.4438978336833652e-55
restart...
0.036250000000000004 3.476036246482137e-57
restart...
0.04500000000000005 1.255775954296082e-53
restart...
0.04175000000000006 1.0197013037521944e-56
restart...
0.05525000000000007 5.950423359374796e-51
restart...
0.05125000000000006 1.640258815734446e-51
restart...
0.04824999999999996 1.6029667067177937e-53
restart...
0.042749999999999976 2.2291507389478937e-57
restart...
0.05150000000000002 1.3045630648964491e-50
restart...
0.03925000000000002 5.386831167888298e-59
restart...
Sampling time (10 samples): 7167.2221 seconds
/scratch/users/yanlan/Retrieval_0705/Output/AM_PM_ET_191_430_00
0.057 1.1334858085604844e-34
0.1332499999999997 3.437224666781704e-35
0.164 8.004145099950651e-35
0.17050000000000018 1.3425824609915265e-38
0.19030000000000044 2.7860665966085826e-38
0.19733333333333383 2.5262539272392234e-39
0.20078571428571448 5.877653868871359e-40
0.20331249999999998 1.4510306758527208e-40
0.20972222222222178 4.326631717286861e-40
0.21179999999999927 3.359952718006259e-40
0.2170909090909084 3.864571070814349e-38
0.22204166666666572 8.847520419132344e-38
0.22634615384615284 2.4848308620024986e-38
0.22774999999999898 1.6434812267254402e-38
0.2301333333333322 2.646467301546965e-38
Sampling time (10 samples): 7241.4853 seconds
/scratch/users/yanlan/Retrieval_0705/Output/AM_PM_ET_197_335_00
0.025499999999999957 2.979972641662631e-37
0.13525000000000018 1.1364091302861765e-38
0.20233333333333386 2.5992824019411852e-36
0.23350000000000073 5.366620278832547e-34
0.25600000000000106 1.3279945362389403e-32
0.27341666666666953 4.4999087977971215e-32
0.28657142857143125 1.839739426755968e-32
0.2980000000000009 4.384933751853161e-32
0.30277777777777937 8.377284664841029e-33
0.30525000000000074 2.8487255505182395e-32
0.30827272727272764 1.9858290247884742e-32
0.3116250000000006 6.548826237889728e-32
0.3151153846153842 1.358727157899583e-32
0.31717857142857137 2.4441579740378077e-32
0.32026666666666703 3.670362924225815e-32
Sampling time (10 samples): 7237.5142 seconds
