/scratch/users/yanlan/Retrieval_0705/Output/AM_PM_ET_165_295_00
0.040499999999999974 4.2176825872426934e-35
0.15124999999999997 2.6272266861534466e-39
0.2015000000000003 5.10505321038524e-38
0.21487500000000034 2.55719522181808e-37
0.19460000000000088 1.2352225069454766e-51
restart...
0.19340000000000038 6.02751432733673e-52
restart...
0.19300000000000028 5.377121348414155e-60
restart...
0.18570000000000042 2.1282017554565716e-55
restart...
0.1924999999999998 4.463595368720369e-54
restart...
0.1926000000000003 1.2745735880451638e-52
restart...
0.19400000000000026 4.1886166437261445e-55
restart...
0.19140000000000001 1.4171399334120485e-53
restart...
0.1950999999999996 2.2469779787969146e-54
restart...
0.20470000000000022 3.1901873834746473e-50
restart...
0.19530000000000045 1.1910715152129808e-54
restart...
Sampling time (10 samples): 10489.9116 seconds
/scratch/users/yanlan/Retrieval_0705/Output/AM_PM_ET_170_441_00
0.40900000000000003 1.0032642541154876e-12
0.37274999999999936 1.8390701312803933e-12
0.3579999999999996 1.015354936311205e-12
0.34812500000000063 5.454815223162645e-13
0.34019999999999967 5.21800821286842e-13
0.33891666666666703 4.104106302715349e-13
0.33378571428571563 3.3908858180483105e-13
0.3303125000000009 4.961275288700943e-13
0.3289444444444448 2.705948754743522e-13
0.32790000000000097 9.372883010968552e-13
0.3283636363636386 8.201539797264908e-13
0.33008333333333484 5.035915545559876e-13
0.32865384615384763 3.6184543119915677e-13
0.32839285714285976 4.766797899191951e-13
0.3273333333333363 5.030363239086376e-13
Sampling time (10 samples): 8010.1599 seconds
/scratch/users/yanlan/Retrieval_0705/Output/AM_PM_ET_176_328_00
0.008500000000000002 1.3555726195779762e-46
restart...
0.011499999999999993 2.484918432710153e-44
restart...
0.003499999999999997 4.6630761016934335e-50
restart...
0.008500000000000006 2.2444266658832015e-45
restart...
0.011499999999999996 2.4142961956142978e-42
restart...
0.02 8.042078113957461e-41
0.11075000000000002 3.859329110249352e-42
0.1565 3.0462427330498507e-40
0.18600000000000003 7.426710680269877e-38
0.2080000000000003 4.178442240232515e-37
0.22208333333333324 1.639745748171461e-35
0.23742857142857146 9.401163692616047e-35
0.24149999999999974 4.608785752369581e-35
0.24916666666666656 1.0452791332576232e-34
0.25274999999999936 1.2786772073237058e-34
Sampling time (10 samples): 7961.9255 seconds
/scratch/users/yanlan/Retrieval_0705/Output/AM_PM_ET_181_438_00
0.03200000000000001 4.917915501521766e-38
0.05025000000000004 1.181163298707711e-55
restart...
0.05050000000000004 2.0173097237241683e-52
restart...
0.04725000000000004 1.094417537264938e-55
restart...
0.04950000000000006 1.5955178975985944e-54
restart...
0.047750000000000015 2.1165633440625658e-55
restart...
0.05099999999999998 1.422633832739386e-53
restart...
0.044999999999999984 6.220284059141334e-56
restart...
0.03749999999999997 1.0619759578208707e-59
restart...
0.05800000000000001 8.865722829057528e-51
restart...
0.042000000000000176 1.3211279189307464e-55
restart...
0.03799999999999997 5.457387582485384e-60
restart...
0.04174999999999998 1.0192501742228162e-58
restart...
0.047499999999999945 2.3244532296845408e-57
restart...
0.046249999999999895 5.542762334297066e-58
restart...
Sampling time (10 samples): 8874.6713 seconds
/scratch/users/yanlan/Retrieval_0705/Output/AM_PM_ET_187_335_00
0.010500000000000002 2.4948584306063854e-43
restart...
0.013999999999999992 2.5801328021467855e-41
restart...
0.015999999999999986 2.3153082194974434e-41
restart...
0.011499999999999986 3.731821023058083e-43
restart...
0.015000000000000017 1.2824136635819048e-40
restart...
0.011 8.03410141386959e-45
restart...
0.022499999999999968 5.53356820003046e-39
0.01299999999999998 9.367431614973863e-82
restart...
0.016999999999999987 2.201787283224564e-73
restart...
0.014749999999999996 1.5343271554028324e-77
restart...
0.013999999999999988 6.369993736580267e-82
restart...
0.013750000000000035 9.575864092881636e-78
restart...
0.014499999999999945 2.0811580281402386e-78
restart...
0.018500000000000048 7.627461524432598e-73
restart...
0.01474999999999998 7.870650277349535e-78
restart...
Sampling time (10 samples): 8048.7254 seconds
/scratch/users/yanlan/Retrieval_0705/Output/AM_PM_ET_193_252_00
0.025499999999999984 4.2566627108121915e-40
0.09299999999999996 1.1221503264006055e-43
0.11100000000000006 1.966465951345264e-46
0.12250000000000026 9.859928110575896e-49
restart...
0.08075000000000011 1.143140726918345e-44
0.1096666666666666 1.2209268989012816e-46
0.10574999999999996 2.4210920636019087e-64
restart...
0.0859999999999999 7.413071667867471e-43
0.10716666666666658 6.725496449718506e-45
0.11625 4.612815492260386e-47
0.12159999999999996 1.5921066818446356e-50
restart...
0.08175000000000007 4.2164114134954236e-44
0.10466666666666674 6.655979923071604e-46
0.11762500000000006 1.5278416685829508e-47
0.1282999999999997 4.428940451673733e-48
Sampling time (10 samples): 8283.5043 seconds
/scratch/users/yanlan/Retrieval_0705/Output/AM_PM_ET_198_356_00
0.03149999999999999 1.0073134825007792e-35
0.09675000000000004 1.2587337595886297e-41
0.1471666666666671 4.6299354693016695e-40
0.16087500000000046 8.817071613725104e-43
0.1535000000000007 4.7906063696087976e-51
restart...
0.138 9.547334217909136e-40
0.15399999999999964 4.908528961890444e-41
0.14100000000000013 1.5592649112860535e-57
restart...
0.12150000000000005 3.697828413587857e-43
0.12350000000000022 6.642603482800815e-54
restart...
0.12583333333333319 5.106159577053354e-43
0.12187499999999925 3.135374642300882e-57
restart...
0.12949999999999956 5.836717127911329e-42
0.12474999999999971 4.392266766094162e-53
restart...
0.12500000000000006 2.3803714303572484e-44
Sampling time (10 samples): 7680.0965 seconds
