/scratch/users/yanlan/Retrieval_0705/Output/AM_PM_ET_160_320_00
0.05249999999999997 8.768113780480806e-36
0.10624999999999996 2.86981489018059e-41
0.13583333333333297 2.5488980231669997e-42
0.16049999999999986 4.1230208857927543e-42
0.17889999999999998 1.0339965729336338e-40
0.1910833333333332 5.394715461628743e-40
0.19864285714285704 6.0699452074503645e-40
0.20606250000000026 2.5479899168717854e-39
0.21072222222222228 1.7687092117918448e-38
0.2176499999999999 1.7484816877288267e-38
0.21913636363636363 2.0202402212910725e-37
0.2221666666666667 5.544759454143914e-38
0.2238846153846152 7.498211844675512e-38
0.2279285714285712 2.346414928625496e-37
0.23123333333333337 2.378242187572944e-38
Sampling time (10 samples): 8412.6428 seconds
/scratch/users/yanlan/Retrieval_0705/Output/AM_PM_ET_165_452_00
0.043500000000000004 2.304509937120149e-35
0.09175000000000003 3.060700415328477e-38
0.1073333333333333 6.024044799883149e-43
0.10662499999999987 2.7433860317761864e-51
restart...
0.0750000000000001 2.7599857466874012e-45
0.09216666666666673 1.713932070119527e-53
restart...
0.081 1.1631300806880222e-44
0.10133333333333357 2.9721965246418474e-51
restart...
0.08899999999999994 1.9674982733856793e-39
0.09966666666666653 1.3677627754813362e-49
restart...
0.07700000000000021 8.89935873667328e-45
0.10416666666666698 2.009658803975587e-49
restart...
0.07949999999999992 4.3601357128412565e-44
0.09416666666666665 9.447039609691746e-52
restart...
0.10474999999999983 2.021745215539863e-39
Sampling time (10 samples): 8223.4716 seconds
/scratch/users/yanlan/Retrieval_0705/Output/AM_PM_ET_171_392_00
0.012499999999999995 4.68451224518921e-43
restart...
0.020999999999999998 3.3555846527066465e-38
0.015250000000000007 1.6023442964029422e-76
restart...
0.020499999999999994 1.31617916272038e-68
restart...
0.021499999999999995 1.371598787285125e-67
restart...
0.017499999999999977 1.0583781756713342e-72
restart...
0.014749999999999996 1.3211782206651382e-73
restart...
0.02525000000000004 4.589841350624607e-62
restart...
0.02149999999999996 1.838224133465788e-65
restart...
0.024000000000000028 1.6142683945968153e-65
restart...
0.018249999999999964 2.1706591333507236e-70
restart...
0.018999999999999982 8.804013530955029e-68
restart...
0.017999999999999964 1.5503872559853644e-70
restart...
0.025000000000000026 3.1883945525359607e-65
restart...
0.01999999999999999 3.973331398579599e-68
restart...
Sampling time (10 samples): 8007.9630 seconds
/scratch/users/yanlan/Retrieval_0705/Output/AM_PM_ET_177_272_00
0.05799999999999998 3.5043372181946106e-37
0.19050000000000006 1.820765440829602e-35
0.24550000000000058 2.656506801608967e-33
0.2739999999999999 2.5250833081039934e-32
0.29130000000000095 3.938212742042073e-32
0.3022500000000016 4.7808932515125215e-32
0.31328571428571467 4.391171521393082e-32
0.31637499999999946 5.8542213421442e-32
0.32233333333333336 7.123884885487902e-32
0.3272000000000009 1.03443291999262e-31
0.330499999999999 7.396737271487178e-32
0.3334583333333317 5.370601000770633e-32
0.33384615384615257 4.896502872365292e-32
0.33567857142857027 7.20599013449896e-32
0.3361999999999979 1.8264372716227887e-32
Sampling time (10 samples): 7797.9116 seconds
/scratch/users/yanlan/Retrieval_0705/Output/AM_PM_ET_182_349_00
0.022000000000000026 9.05301310714346e-39
0.03600000000000002 6.680889960687483e-60
restart...
0.043750000000000004 6.49292601466941e-53
restart...
0.03950000000000001 2.6855276494477343e-56
restart...
0.039 7.866144964472271e-57
restart...
0.04700000000000006 3.2043519770519426e-55
restart...
0.04174999999999993 1.551497093536101e-54
restart...
0.038750000000000034 1.614768836647925e-56
restart...
0.041250000000000064 2.4065842729333505e-57
restart...
0.038499999999999965 1.8319047618099423e-58
restart...
0.043249999999999955 7.898151567256596e-55
restart...
0.03975000000000005 9.057818146396743e-54
restart...
0.045250000000000026 6.623279587385053e-54
restart...
0.04049999999999999 4.071890408407561e-53
restart...
0.03849999999999992 2.0262693325901434e-58
restart...
Sampling time (10 samples): 7990.4094 seconds
/scratch/users/yanlan/Retrieval_0705/Output/AM_PM_ET_188_279_00
0.045999999999999965 2.4731582140999813e-37
0.16050000000000023 4.535807991877428e-36
0.21966666666666732 4.114767164241123e-34
0.2480000000000005 2.3819878775293417e-32
0.27180000000000043 5.894099692708652e-32
0.2898333333333345 7.113729687344627e-32
0.30535714285714294 1.5056682305046945e-31
0.31524999999999903 1.3538167523425403e-31
0.32327777777777655 4.660393820062084e-32
0.3251499999999992 2.566118089909089e-31
0.32959090909090927 8.921114147381497e-32
0.33454166666666574 1.6594581320093942e-31
0.3395384615384608 8.897286426678905e-32
0.34410714285714217 1.7576723013672087e-31
0.3458333333333317 2.2898602935813044e-32
Sampling time (10 samples): 9050.9919 seconds
/scratch/users/yanlan/Retrieval_0705/Output/AM_PM_ET_193_381_00
0.014 9.172250482851973e-43
restart...
0.021499999999999995 3.1749056092276334e-38
0.055499999999999966 4.419857170646285e-54
restart...
0.05824999999999996 3.0051658012131567e-53
restart...
0.03475000000000004 1.2804875809401428e-60
restart...
0.02624999999999998 1.0799665539155015e-62
restart...
0.05850000000000002 3.240395610514699e-53
restart...
0.06049999999999997 2.097130631420335e-52
restart...
0.05949999999999999 6.912367693430091e-51
restart...
0.05925000000000003 3.702861305648657e-52
restart...
0.04175000000000004 4.260206810543837e-56
restart...
0.04074999999999996 5.717512387384777e-56
restart...
0.06749999999999992 1.138838802908376e-52
restart...
0.04349999999999997 9.518503122213032e-57
restart...
0.05225000000000006 1.8296911469758258e-54
restart...
Sampling time (10 samples): 7845.8378 seconds
