/scratch/users/yanlan/Retrieval_0705/Output/AM_PM_ET_164_375_00
0.42649999999999944 1.6121184229513086e-12
0.3807500000000003 4.2070960496059416e-13
0.3591666666666662 9.563510065682824e-13
0.3464999999999993 1.1915737924708331e-12
0.33920000000000033 6.108641851381974e-13
0.33400000000000046 9.188049388706249e-13
0.3293571428571431 7.948323391677514e-13
0.3280624999999994 8.03450480946692e-13
0.32755555555555427 6.872175496353758e-13
0.3263999999999996 7.002725737374033e-13
0.326363636363636 1.1301319253721302e-12
0.3254166666666651 1.2004344076340974e-12
0.3241153846153826 5.933716843518761e-13
0.3223214285714273 2.1468085543877906e-13
0.3218666666666643 3.870143893598485e-13
Sampling time (10 samples): 11878.6993 seconds
/scratch/users/yanlan/Retrieval_0705/Output/AM_PM_ET_170_289_00
0.012500000000000022 6.905943593787206e-44
restart...
0.008500000000000028 1.1482598878735949e-44
restart...
0.040500000000000015 5.973948073309638e-39
0.14224999999999996 1.067282689073487e-39
0.16650000000000048 1.0709815907766399e-41
0.16387500000000038 9.1643695626881e-45
0.18120000000000083 1.2979545165550172e-42
0.18841666666666684 2.640343710002116e-44
0.2006428571428575 1.9944859073565315e-43
0.2124375000000001 1.652444016142133e-41
0.22833333333333383 1.7526712066159853e-39
0.23680000000000045 1.700168276491686e-39
0.2438636363636368 8.793602010432576e-39
0.24804166666666716 3.153071539988532e-39
0.2506923076923079 1.9055745937157224e-38
Sampling time (10 samples): 11909.7570 seconds
/scratch/users/yanlan/Retrieval_0705/Output/AM_PM_ET_175_423_00
0.03950000000000001 1.4363510387819253e-37
0.10600000000000015 1.7267840815111657e-41
0.1496666666666667 2.2763335181128491e-41
0.17300000000000035 1.2327259742572467e-39
0.18429999999999996 9.284097857091138e-37
0.19791666666666677 6.049129410692455e-35
0.20371428571428574 1.3139568482209362e-34
0.20881250000000012 5.0722326804301016e-33
0.21533333333333382 3.559772687016307e-32
0.22310000000000055 1.2565540740911188e-32
0.22595454545454582 2.3545350261031095e-32
0.22933333333333325 2.35296511409319e-32
0.23184615384615337 1.8301958239269027e-32
0.23264285714285662 1.3027963878050234e-32
0.2350999999999992 4.8682974511696816e-33
Sampling time (10 samples): 12054.4710 seconds
/scratch/users/yanlan/Retrieval_0705/Output/AM_PM_ET_181_293_00
0.026 2.0131463050298568e-39
0.1482499999999999 1.222737238357133e-38
0.21783333333333404 1.5167532654114512e-37
0.18912500000000054 1.0504572935418887e-49
restart...
0.18762500000000026 3.154747745643499e-53
restart...
0.18487500000000087 2.509299866287983e-52
restart...
0.18750000000000097 1.0535309764179977e-51
restart...
0.18750000000000078 8.575190853608368e-51
restart...
0.18587500000000046 7.804587270133277e-50
restart...
0.1858750000000003 3.892625448966195e-50
restart...
0.19575000000000092 3.667845654809138e-50
restart...
0.1892500000000004 4.329849071361778e-50
restart...
0.18475000000000058 2.7472875807052845e-52
restart...
0.1896250000000007 1.712908652045226e-49
restart...
0.19325000000000073 1.397916040154048e-47
Sampling time (10 samples): 12863.8906 seconds
/scratch/users/yanlan/Retrieval_0705/Output/AM_PM_ET_186_418_00
0.022999999999999982 1.2039872687921454e-39
0.10899999999999987 1.9374818369104698e-42
0.17399999999999952 1.6234829061915177e-39
0.21599999999999955 6.987898509516486e-38
0.2414 8.6717696200151e-37
0.25766666666666715 7.314405220178002e-36
0.2635714285714289 1.2130769980661485e-36
0.2653749999999989 1.8653494953857154e-37
0.26161111111110996 7.916168732156062e-40
0.2545499999999997 5.598204989304165e-46
0.24704545454545446 1.9389514959520833e-48
0.24541666666666687 6.213180429139159e-48
0.2471538461538465 4.426537027650484e-47
0.2475714285714297 7.331030658480673e-45
0.2505666666666664 1.2220709059998866e-43
Sampling time (10 samples): 12151.1070 seconds
/scratch/users/yanlan/Retrieval_0705/Output/AM_PM_ET_192_317_00
0.01100000000000002 1.0951010788078608e-44
restart...
0.022000000000000006 9.076191638274041e-40
0.03924999999999999 6.374901077997155e-59
restart...
0.029 7.1754260580951145e-65
restart...
0.027250000000000035 9.302302637237249e-69
restart...
0.03374999999999993 2.06071174527958e-60
restart...
0.029999999999999968 2.487309666598485e-64
restart...
0.034249999999999975 2.2940788112284074e-62
restart...
0.03425000000000003 1.3017398989299835e-59
restart...
0.029999999999999995 1.401534140051315e-62
restart...
0.04250000000000002 8.701160567611474e-57
restart...
0.04024999999999996 1.4881816907333652e-56
restart...
0.03125000000000006 4.491954888447841e-63
restart...
0.04224999999999998 7.250335737346898e-59
restart...
0.04025000000000005 1.5330626623312528e-59
restart...
Sampling time (10 samples): 12500.5960 seconds
/scratch/users/yanlan/Retrieval_0705/Output/AM_PM_ET_198_238_00
0.046499999999999944 3.204685769705226e-36
0.16199999999999976 6.25036881178236e-34
0.1973333333333333 3.053639548611319e-33
0.21425000000000013 2.034336355244894e-33
0.22710000000000033 2.4012226378126478e-34
0.24491666666666687 1.6064313192119238e-33
0.2601428571428578 3.369635294102123e-33
0.2725000000000017 4.549928812572207e-33
0.2793888888888908 8.205602761449578e-33
0.28795000000000315 4.376721509800662e-33
0.29190909090909184 2.0321914744096955e-32
0.29587500000000083 1.2854891123057633e-32
0.300461538461539 2.6470737156621328e-33
0.3038928571428588 1.1456875165888037e-32
0.30490000000000217 1.9651017604011603e-33
Sampling time (10 samples): 12539.5164 seconds
