/scratch/users/yanlan/Retrieval_0705/Output/AM_PM_ET_161_292_00
0.04200000000000002 2.4637150066382997e-36
0.04100000000000001 2.2264778732258063e-66
restart...
0.03424999999999999 1.0043682533937241e-72
restart...
0.03600000000000004 3.3640611501140715e-66
restart...
0.041 2.6777465605962206e-68
restart...
0.043 1.8103000877588204e-67
restart...
0.04925 2.549120205629188e-59
restart...
0.10650000000000012 1.1593437838250458e-42
0.15800000000000028 3.703237086094224e-43
0.1907500000000007 2.026186673609075e-41
0.2208000000000007 6.541935769197797e-41
0.23041666666666694 1.2101506302970468e-40
0.23971428571428544 1.58776603700809e-40
0.24537499999999976 1.4947299315219755e-40
0.25427777777777727 2.1446951048572097e-40
Sampling time (10 samples): 7769.7286 seconds
/scratch/users/yanlan/Retrieval_0705/Output/AM_PM_ET_166_413_00
0.022 2.0025681392358098e-39
0.028500000000000063 9.576048362325416e-65
restart...
0.025000000000000005 4.75215035482146e-68
restart...
0.030000000000000006 1.686949342507145e-61
restart...
0.03450000000000001 1.8230795612087435e-60
restart...
0.035249999999999906 2.198651128910851e-57
restart...
0.03225000000000001 1.0951175471698757e-61
restart...
0.03400000000000016 1.4329853983266274e-60
restart...
0.035749999999999935 6.750423803073707e-57
restart...
0.030000000000000002 8.336445569249062e-62
restart...
0.03699999999999999 6.22783313363474e-58
restart...
0.03975000000000004 3.270884818057792e-58
restart...
0.035750000000000046 1.4783146402810445e-58
restart...
0.03549999999999998 2.3223419644638736e-57
restart...
0.03499999999999995 7.506207628734373e-59
restart...
Sampling time (10 samples): 7789.7200 seconds
/scratch/users/yanlan/Retrieval_0705/Output/AM_PM_ET_172_348_00
0.009499999999999991 1.4422732989492703e-46
restart...
0.030499999999999982 1.0384158399272174e-37
0.12824999999999992 2.5322061613605766e-39
0.17633333333333295 3.770300438424187e-37
0.16849999999999996 6.21511662267535e-45
0.18870000000000003 2.235967927412116e-41
0.20933333333333315 1.4110490826692346e-39
0.22064285714285725 1.3104227640803503e-39
0.23168750000000043 7.220128373613993e-40
0.2358888888888897 4.618228489977737e-40
0.24020000000000077 1.764980237932993e-39
0.2424545454545462 1.6491675657089786e-39
0.2460000000000006 9.32065053406956e-40
0.25007692307692375 1.2958858626323026e-39
0.2524642857142869 6.0286776689695555e-40
Sampling time (10 samples): 8058.0863 seconds
/scratch/users/yanlan/Retrieval_0705/Output/AM_PM_ET_177_465_00
0.3560000000000002 1.2775695670537972e-12
0.3430000000000004 5.904881573260273e-13
0.33566666666666733 1.4255726140881753e-12
0.32300000000000145 1.1021974179390225e-12
0.3256999999999995 1.3411269602297067e-12
0.321416666666666 9.04681435016297e-13
0.3169999999999989 3.534051557506953e-13
0.3178124999999993 2.5290493135268604e-13
0.3178888888888883 9.337192786216588e-13
0.3164500000000008 1.1365015172994476e-12
0.31390909090909125 1.4147974691072036e-12
0.31554166666666755 6.19970349166633e-13
0.3153846153846158 1.085684530234913e-12
0.3146428571428586 7.676176303304528e-13
0.3161333333333335 6.571086938704118e-13
Sampling time (10 samples): 7405.6956 seconds
/scratch/users/yanlan/Retrieval_0705/Output/AM_PM_ET_183_316_00
0.037500000000000006 5.751300910976714e-37
0.1512499999999998 3.432405553211035e-36
0.20200000000000004 7.75560557676431e-33
0.23137499999999997 4.935723979099393e-31
0.25289999999999974 4.2124813278696766e-30
0.26766666666666733 2.2041925575602153e-30
0.2817857142857141 1.7338239623415046e-30
0.29106249999999967 4.026588446228803e-30
0.2938333333333328 1.4650832719095187e-30
0.2982499999999998 3.481445719719425e-30
0.30336363636363606 2.0175241658290223e-30
0.3047499999999991 4.2427669992226526e-30
0.31069230769230693 5.697957550060296e-30
0.3137500000000005 2.1181513537783546e-30
0.31516666666666665 4.572801600578193e-30
Sampling time (10 samples): 8106.2551 seconds
/scratch/users/yanlan/Retrieval_0705/Output/AM_PM_ET_189_244_00
0.0555 4.611301854869106e-38
0.13275000000000026 6.08831310546529e-41
0.19766666666666793 1.2303570870853375e-39
0.23612500000000095 4.660227997715945e-38
0.25299999999999995 2.2418617637473795e-37
0.27024999999999993 1.5718426551789634e-37
0.2844285714285713 3.2059993841515717e-37
0.29206249999999945 1.3381987117244833e-37
0.29277777777777664 2.984697613898332e-37
0.2958999999999988 1.1772835988262483e-37
0.30054545454545356 5.362442391734513e-37
0.30649999999999966 9.260109693416336e-37
0.3065769230769219 6.497400629393832e-38
0.3083928571428571 2.5411838953956612e-37
0.3119333333333337 1.5520064201600312e-37
Sampling time (10 samples): 7312.3896 seconds
/scratch/users/yanlan/Retrieval_0705/Output/AM_PM_ET_194_359_00
0.03750000000000001 7.504822510048758e-38
0.09750000000000007 2.751252923539215e-41
0.15850000000000072 9.531287608324527e-40
0.2021250000000005 8.09755749074342e-36
0.22250000000000042 3.850809047526283e-33
0.24050000000000027 5.546498920940729e-32
0.2537142857142855 1.2270389587513089e-31
0.2641249999999997 4.3305107540265324e-31
0.2706666666666669 1.0931850686194816e-31
0.27474999999999783 4.67238028443461e-31
0.2806363636363615 6.019642561863853e-31
0.28858333333333075 9.95198443052202e-31
0.2907307692307669 9.583530865152462e-31
0.2942857142857124 9.72827308871689e-31
0.2934333333333312 1.2669742530771933e-30
Sampling time (10 samples): 7429.8891 seconds
