/scratch/users/yanlan/Retrieval_0705/Output/AM_PM_ET_164_310_00
0.08150000000000003 1.3444384517527753e-30
0.13150000000000006 4.7701288244649886e-48
0.13916666666666674 1.1531213121188327e-52
restart...
0.14166666666666655 3.042877364636531e-54
restart...
0.14266666666666641 2.6231844362556427e-51
restart...
0.13749999999999993 1.4431401842176205e-55
restart...
0.13416666666666635 2.227588275500046e-53
restart...
0.1391666666666672 1.6724884164984156e-51
restart...
0.13549999999999923 1.9022636158822444e-57
restart...
0.1418333333333336 2.1752862571205055e-53
restart...
0.14099999999999988 1.792380991323451e-53
restart...
0.1446666666666668 8.184873863721092e-53
restart...
0.1296666666666666 5.201577759212043e-56
restart...
0.11400000000000006 4.413150229615689e-64
restart...
0.137 9.172457670281244e-54
restart...
Sampling time (10 samples): 10250.7045 seconds
/scratch/users/yanlan/Retrieval_0705/Output/AM_PM_ET_169_457_00
0.4109999999999989 2.021511984972873e-12
0.3609999999999995 1.0903873162312892e-12
0.34783333333333233 4.629325189324787e-13
0.34424999999999945 1.752785976944669e-12
0.3420999999999988 5.36887746990425e-13
0.34016666666666634 1.2958319512179589e-12
0.33707142857142847 1.2477534544846984e-12
0.33681250000000035 1.0507221049047186e-12
0.33405555555555577 2.885745139008061e-13
0.3316500000000001 4.0452241074641523e-13
0.32959090909090955 3.4435838789973426e-13
0.3292500000000005 9.86642093795346e-13
0.3272307692307697 9.242532407598462e-13
0.3267857142857152 1.4214931288960251e-12
0.3275333333333335 9.839281053025734e-13
Sampling time (10 samples): 8009.5232 seconds
/scratch/users/yanlan/Retrieval_0705/Output/AM_PM_ET_175_356_00
0.026499999999999985 2.077643854278813e-38
0.10049999999999991 5.061092745767185e-42
0.16433333333333236 9.801234966485717e-41
0.19712499999999886 1.0204306854565841e-38
0.21389999999999934 1.2410010751090745e-37
0.226416666666666 3.903201639861904e-37
0.23942857142857082 2.0066101339560008e-36
0.24912499999999982 1.1917543587970191e-35
0.26322222222222275 9.962853691227911e-36
0.27725000000000205 8.515409720673158e-35
0.2860909090909099 2.0184928971116072e-35
0.29075 3.7728162965422805e-35
0.2998076923076923 5.672952143023587e-35
0.30325000000000196 8.98382920380328e-35
0.30646666666666844 1.2954054959825344e-34
Sampling time (10 samples): 7757.3603 seconds
/scratch/users/yanlan/Retrieval_0705/Output/AM_PM_ET_181_234_00
0.04150000000000001 2.215237510643373e-40
0.08275000000000005 5.0281222243320245e-53
restart...
0.13700000000000004 1.4287234238309624e-44
0.15900000000000022 5.438820500968553e-47
0.1681249999999998 1.318632881377714e-50
restart...
0.09125000000000015 2.8685157898304006e-54
restart...
0.08249999999999996 7.057044810927836e-53
restart...
0.09125000000000007 2.4529522155523806e-52
restart...
0.08800000000000016 7.716082154355362e-53
restart...
0.08000000000000007 9.502271298496544e-56
restart...
0.08924999999999995 1.0732589913788645e-52
restart...
0.09149999999999998 5.584698295642543e-53
restart...
0.07874999999999999 9.214596519756945e-55
restart...
0.08599999999999998 2.601038620986784e-51
restart...
0.08350000000000012 7.928559244051727e-52
restart...
Sampling time (10 samples): 7605.4501 seconds
/scratch/users/yanlan/Retrieval_0705/Output/AM_PM_ET_186_343_00
0.013999999999999999 6.956787531804882e-42
restart...
0.010499999999999994 2.205485940888926e-44
restart...
0.018499999999999996 2.3863242360822093e-40
restart...
0.007499999999999991 2.302611337955392e-46
restart...
0.0020000000000000005 6.982398530482165e-50
restart...
0.015999999999999986 3.7003178868382746e-41
restart...
0.004500000000000002 1.8570007918341132e-50
restart...
0.012000000000000002 1.074263471349033e-43
restart...
0.012999999999999992 4.125646732726696e-44
restart...
0.0165 7.837596151255421e-42
restart...
0.016500000000000056 2.651806849687159e-40
restart...
0.01649999999999997 5.077169541133605e-39
restart...
0.013500000000000002 2.0108520918750733e-41
restart...
0.012999999999999992 3.4733284926994465e-44
restart...
0.00949999999999999 2.255341546774381e-46
restart...
Sampling time (10 samples): 7972.3995 seconds
/scratch/users/yanlan/Retrieval_0705/Output/AM_PM_ET_192_267_00
0.3949999999999993 8.051182659937705e-13
0.3624999999999993 2.4086588724026313e-13
0.3416666666666657 1.2246632067729153e-12
0.3397499999999987 5.179425187315502e-13
0.3349999999999983 7.614737257034536e-13
0.32974999999999793 2.1586351794062346e-12
0.32742857142856907 7.668740253571957e-13
0.32474999999999704 5.931239336908912e-13
0.3247777777777767 3.42974849992968e-13
0.3227499999999988 7.030407851334157e-13
0.32199999999999973 1.0034959551253977e-12
0.32229166666666664 5.216614179929198e-13
0.32292307692307926 3.5540040989815187e-13
0.3213928571428588 1.2034277089048224e-12
0.3235000000000013 3.3657896740620746e-13
Sampling time (10 samples): 8075.9917 seconds
/scratch/users/yanlan/Retrieval_0705/Output/AM_PM_ET_197_380_00
0.025499999999999988 4.2436443905428995e-39
0.11875 9.630334124676657e-42
0.17950000000000083 2.5543651456446417e-37
0.2070000000000009 2.6964283577410717e-35
0.2257000000000011 2.0849101914531487e-34
0.23708333333333412 3.6999067449303664e-34
0.2480000000000008 6.764830036009173e-34
0.25650000000000095 1.7553146553358808e-34
0.25950000000000034 1.055588465607032e-34
0.2662999999999989 2.1695618200398486e-34
0.2700454545454533 3.1287910223267887e-34
0.2737916666666652 8.38579340253372e-34
0.275884615384615 2.3985728992207465e-34
0.27796428571428555 4.417619392830811e-34
0.27953333333333313 1.3628744452584311e-34
Sampling time (10 samples): 7653.1400 seconds
