/scratch/users/yanlan/Retrieval_0705/Output/AM_PM_ET_163_437_00
0.04299999999999998 1.0580909529198731e-36
0.12075 1.583644417534703e-39
0.16549999999999965 7.033916349548661e-40
0.19349999999999984 7.791707839022274e-37
0.19420000000000007 8.608020132821854e-42
0.19916666666666705 3.613742228376249e-43
0.20221428571428612 1.6684287716884634e-44
0.20912500000000028 2.417482401594541e-44
0.20700000000000096 5.351132933495995e-47
0.20870000000000036 1.3906786261903996e-47
0.21313636363636385 8.714780919585032e-47
0.21995833333333326 1.6430342489663852e-46
0.2268846153846146 1.0113309948655559e-46
0.23207142857142818 1.1732749974477637e-46
0.23549999999999924 6.704523039016168e-47
Sampling time (10 samples): 8111.2174 seconds
/scratch/users/yanlan/Retrieval_0705/Output/AM_PM_ET_169_349_00
0.018500000000000003 4.0712412306622855e-40
restart...
0.020499999999999997 2.0037812580417122e-42
0.1097500000000001 3.596388337130144e-44
0.14216666666666683 2.283538424399816e-44
0.12925000000000042 3.907888511817416e-55
restart...
0.10299999999999987 2.432306752511728e-44
0.11399999999999996 1.6493656688741756e-54
restart...
0.09825 1.4504638359360523e-44
0.13250000000000006 3.9941187470220633e-44
0.14875000000000033 7.287484415507524e-44
0.15760000000000068 1.2454041094235907e-43
0.16391666666666732 6.487878214321844e-50
restart...
0.06250000000000001 1.8414996235032739e-50
restart...
0.10100000000000015 9.453842639389793e-46
0.1385000000000003 1.3107926541914646e-45
Sampling time (10 samples): 7913.4907 seconds
/scratch/users/yanlan/Retrieval_0705/Output/AM_PM_ET_175_284_00
0.011499999999999988 8.458622025659717e-44
restart...
0.012000000000000002 1.1274548450207303e-43
restart...
0.009999999999999993 4.196569609581491e-45
restart...
0.06850000000000003 1.4612432003269866e-35
0.06724999999999998 9.745356539970335e-60
restart...
0.08249999999999998 1.3865934502256896e-53
restart...
0.06650000000000021 2.7651203550379836e-61
restart...
0.09599999999999997 2.2909669489337695e-52
restart...
0.07925 2.3418108135356325e-59
restart...
0.07324999999999997 4.009904735330476e-55
restart...
0.07324999999999998 6.6862408878368435e-59
restart...
0.09649999999999999 2.9961020079890173e-49
restart...
0.09150000000000003 1.3555735341589037e-52
restart...
0.08025000000000004 7.339282689653302e-57
restart...
0.11425000000000025 4.964906996173146e-52
restart...
Sampling time (10 samples): 7806.5912 seconds
/scratch/users/yanlan/Retrieval_0705/Output/AM_PM_ET_180_364_00
0.0435 6.321328654750668e-35
0.09200000000000001 5.548331192782073e-43
0.12983333333333352 1.9693307587429324e-42
0.14687500000000087 2.5382260089501826e-42
0.15800000000000028 5.047769237861642e-43
0.16624999999999995 4.31088114470825e-45
0.17078571428571487 1.0535269574397327e-44
0.17625000000000024 9.47922006681202e-46
0.1792777777777784 3.8954974930830354e-47
0.18005000000000052 1.4047961854754824e-48
0.18700000000000006 1.9161129371961542e-46
0.1986249999999999 9.858217419865494e-44
0.2083846153846153 6.932860285511328e-43
0.19571428571428567 5.481627380672827e-72
restart...
0.19703571428571415 8.768208076031502e-68
restart...
Sampling time (10 samples): 7685.6309 seconds
/scratch/users/yanlan/Retrieval_0705/Output/AM_PM_ET_186_270_00
0.007500000000000009 4.533776003675125e-46
restart...
0.03350000000000004 1.3656386424020171e-36
0.11324999999999973 1.1301666647046041e-43
0.08333333333333302 1.5825612684591792e-71
restart...
0.16749999999999995 2.2914106575896376e-35
0.1233333333333333 4.660902180493955e-59
restart...
0.1767500000000003 5.206942479997507e-35
0.23033333333333386 1.0620763923010204e-31
0.2706249999999996 7.536867820078403e-31
0.2955999999999994 7.071681090031563e-31
0.3129166666666662 1.861783534254152e-30
0.27957142857142825 2.382142743468948e-62
restart...
0.32307142857142745 3.5247977870591065e-30
0.3328124999999988 2.1589189962353835e-30
0.3274999999999994 7.433510273254127e-41
Sampling time (10 samples): 7357.2306 seconds
/scratch/users/yanlan/Retrieval_0705/Output/AM_PM_ET_191_380_00
0.037000000000000005 8.505673582235714e-38
0.13225 1.0691782512288329e-36
0.1725000000000004 2.370154588008613e-35
0.19625000000000065 2.7470976689624355e-35
0.20920000000000163 6.759008296919653e-37
0.2161666666666682 6.16373907246267e-38
0.22550000000000125 4.412013089008455e-39
0.22831250000000072 2.591255474187112e-41
0.23700000000000096 1.0661211961332297e-40
0.24475000000000105 7.55609991692954e-40
0.24854545454545537 2.9883337458194574e-39
0.254250000000002 3.176309561607449e-38
0.25803846153846294 1.5040347252671304e-38
0.2614642857142871 2.869291120927349e-38
0.26323333333333554 1.7830176943338965e-38
Sampling time (10 samples): 7188.0203 seconds
/scratch/users/yanlan/Retrieval_0705/Output/AM_PM_ET_197_310_00
0.011000000000000003 2.42338856325475e-44
restart...
0.028000000000000008 1.1300386951570839e-38
0.13875 1.5368832688660636e-39
0.19833333333333342 2.5551347334295132e-34
0.2193750000000003 8.091855762266308e-33
0.22580000000000036 9.527607731010545e-35
0.19933333333333372 3.1926134003393474e-56
restart...
0.20341666666666688 4.170386700409935e-56
restart...
0.20041666666666696 1.815414537797699e-56
restart...
0.20016666666666696 4.857905797306571e-57
restart...
0.19891666666666682 1.171013301886332e-58
restart...
0.19666666666666707 2.065656416962562e-59
restart...
0.20175000000000023 1.1622415761946755e-54
restart...
0.20166666666666697 2.954324806452066e-55
restart...
0.19958333333333375 2.5920519008168274e-56
restart...
Sampling time (10 samples): 6939.6950 seconds
