/scratch/users/yanlan/Retrieval_0705/Output/AM_PM_ET_161_228_00
0.006000000000000003 3.1151334324002795e-48
restart...
0.012000000000000004 8.303136401604164e-44
restart...
0.011500000000000002 5.788990605632492e-44
restart...
0.011999999999999997 1.5892539444076386e-42
restart...
0.009999999999999997 4.260289953495191e-46
restart...
0.01649999999999999 7.045799716421586e-41
restart...
0.0135 1.0160708529550173e-43
restart...
0.019000000000000003 7.003843454540441e-40
restart...
0.008499999999999994 1.9839766830149711e-44
restart...
0.010499999999999999 7.536808667024273e-45
restart...
0.01600000000000006 3.0874362798222348e-43
restart...
0.018500000000000013 1.9493834359998005e-41
restart...
0.009000000000000011 4.476972340858647e-46
restart...
0.06350000000000001 2.6503226486491017e-35
0.11150000000000027 6.1192740078783346e-40
Sampling time (10 samples): 7475.8646 seconds
/scratch/users/yanlan/Retrieval_0705/Output/AM_PM_ET_166_355_00
0.013499999999999998 7.260185943174709e-43
restart...
0.04549999999999997 3.1448321707500476e-37
0.08324999999999992 1.9819627584710656e-47
0.09399999999999999 9.496980068939532e-55
restart...
0.07750000000000022 6.32987225605648e-47
0.11950000000000029 3.021977916285302e-47
0.14325000000000024 2.3485469986082495e-45
0.1724000000000003 5.563198874030537e-43
0.18166666666666687 2.410457042043852e-42
0.185071428571429 6.920951397729346e-42
0.1948750000000001 4.685075777976778e-41
0.20527777777777786 4.692335784847066e-40
0.20615000000000042 8.326087927306503e-41
0.21145454545454637 8.150301459451017e-42
0.2086666666666672 6.149096359554932e-45
Sampling time (10 samples): 7677.6814 seconds
/scratch/users/yanlan/Retrieval_0705/Output/AM_PM_ET_172_306_00
0.03599999999999999 5.733029596545274e-35
0.15099999999999994 1.470628530494894e-34
0.20500000000000015 6.854180342622321e-33
0.2371250000000001 3.0239956514545697e-32
0.26499999999999935 3.8384606247118803e-32
0.2744999999999993 1.6006151932363557e-31
0.28292857142857025 2.8378579564194313e-31
0.29006249999999784 2.3505730013581546e-32
0.2964444444444415 9.935118881707358e-32
0.2999499999999971 2.8587139389441355e-32
0.301954545454543 2.3527877177440083e-32
0.3045833333333305 3.8382381729555927e-32
0.30799999999999683 6.94137058105374e-32
0.31032142857142686 3.465054756713011e-32
0.31196666666666517 6.355900341572749e-32
Sampling time (10 samples): 7464.3907 seconds
/scratch/users/yanlan/Retrieval_0705/Output/AM_PM_ET_177_415_00
0.0075000000000000015 7.0933139552234e-47
restart...
0.021999999999999974 2.3824569044807303e-40
0.11774999999999995 9.72718285883945e-44
0.18183333333333357 1.0433114242683362e-38
0.21925000000000042 8.309364484980524e-36
0.23610000000000045 2.219518462231015e-34
0.2445833333333337 8.372697416921543e-35
0.2529999999999997 8.527120494414192e-35
0.2539999999999979 2.169375216988949e-36
0.2524999999999969 3.281532086302727e-38
0.2564999999999975 1.9575702594631698e-38
0.2612272727272691 8.18791698010714e-39
0.26512499999999756 8.890913558721106e-39
0.2665769230769194 4.1718936418038644e-38
0.27039285714285355 4.5441973977914455e-39
Sampling time (10 samples): 7477.1470 seconds
/scratch/users/yanlan/Retrieval_0705/Output/AM_PM_ET_183_274_00
0.04899999999999999 7.888239222783796e-35
0.06099999999999999 6.603639034711965e-52
restart...
0.05124999999999999 1.6102626766250129e-55
restart...
0.04925000000000003 9.372580678835633e-58
restart...
0.09150000000000007 1.0398820632932452e-45
0.11100000000000015 9.405176126993565e-51
restart...
0.11133333333333348 8.090130191536529e-53
restart...
0.11199999999999996 1.7437491948958058e-51
restart...
0.10333333333333318 2.1340731649171513e-52
restart...
0.09749999999999998 1.1853838168649525e-53
restart...
0.09600000000000027 2.0422843869250652e-55
restart...
0.08766666666666678 2.3515008150244904e-58
restart...
0.09566666666666648 3.565089235536049e-56
restart...
0.0981666666666667 1.265529642858073e-53
restart...
0.09350000000000035 1.0935670704039352e-55
restart...
Sampling time (10 samples): 9473.7024 seconds
/scratch/users/yanlan/Retrieval_0705/Output/AM_PM_ET_188_398_00
0.3909999999999997 1.0722673000670888e-12
0.35825000000000085 3.4436010647572733e-13
0.35183333333333416 3.6782876172240797e-13
0.34762500000000063 1.8449685047198577e-13
0.33270000000000094 1.4375908886773222e-12
0.3307500000000003 8.124777581500698e-13
0.3308571428571432 7.31170108608737e-13
0.3281250000000009 6.65219547270567e-13
0.3275000000000005 2.669753118072653e-13
0.32700000000000107 1.2625802632454127e-12
0.3281363636363641 2.7480273746506734e-13
0.32679166666666787 7.193870118971311e-13
0.32592307692307765 8.654644573349084e-13
0.3250357142857153 6.021335551762571e-13
0.32410000000000055 1.6578757558454723e-12
Sampling time (10 samples): 7488.8016 seconds
/scratch/users/yanlan/Retrieval_0705/Output/AM_PM_ET_194_317_00
0.01400000000000002 1.3792338850810008e-42
restart...
0.010000000000000023 2.7447107437978995e-42
restart...
0.019499999999999997 3.3802569165658916e-41
restart...
0.014 7.363699221345376e-44
restart...
0.013499999999999991 2.9838233464327033e-43
restart...
0.020000000000000007 7.0775474702561405e-40
0.03525000000000006 2.6258937196428924e-58
restart...
0.025000000000000026 6.379971726302141e-70
restart...
0.02149999999999998 9.830930781743815e-67
restart...
0.041500000000000016 2.8648893138189676e-55
restart...
0.03424999999999999 1.8121096314002083e-61
restart...
0.022250000000000023 5.4903173300673776e-70
restart...
0.038500000000000034 2.6810495055485105e-58
restart...
0.03825000000000006 3.649943008230892e-57
restart...
0.0285 9.36223023444468e-64
restart...
Sampling time (10 samples): 7502.4366 seconds
