/scratch/users/yanlan/Retrieval_0705/Output/AM_PM_ET_163_350_00
0.028999999999999984 1.3322962896343962e-36
0.061999999999999916 4.6936855717397146e-46
0.09433333333333349 7.70465868874925e-49
restart...
0.05900000000000003 1.0693338215982605e-47
0.08616666666666642 9.258267985679922e-52
restart...
0.06350000000000007 3.014383182397569e-48
0.06933333333333344 3.5719719550908967e-60
restart...
0.0595 4.704229471391328e-49
restart...
0.05974999999999998 1.499033165313905e-47
0.0656666666666665 4.245294718711512e-62
restart...
0.05949999999999997 6.256268625153071e-48
0.0644999999999997 1.4754792634720784e-61
restart...
0.06575000000000004 8.277174339715393e-46
0.09233333333333303 1.849377259028403e-51
restart...
0.06624999999999996 6.596487963067916e-46
Sampling time (10 samples): 7655.6510 seconds
/scratch/users/yanlan/Retrieval_0705/Output/AM_PM_ET_169_253_00
0.01699999999999999 1.2261710179434794e-43
restart...
0.016999999999999973 2.917412180573568e-43
restart...
0.0195 7.123053991034412e-40
restart...
0.04200000000000003 1.3092182662269167e-38
0.1167500000000001 1.2541775708478086e-40
0.18233333333333354 3.0060321968468653e-37
0.22187500000000027 1.026849806593293e-34
0.23940000000000022 2.9732567720147553e-34
0.24766666666666687 2.3691082927229175e-33
0.2549285714285718 2.1665104304346632e-33
0.2611249999999998 6.179534667262086e-34
0.2701111111111102 1.2417843474679833e-33
0.2761999999999985 7.411239556112158e-34
0.28149999999999764 1.874747228306007e-34
0.2848333333333306 3.0256569982453905e-34
Sampling time (10 samples): 7820.8725 seconds
/scratch/users/yanlan/Retrieval_0705/Output/AM_PM_ET_174_409_00
0.04349999999999999 5.611199735192089e-36
0.13374999999999987 6.975591265150873e-38
0.19466666666666707 8.614402178172697e-36
0.23812500000000045 3.898744943787665e-35
0.22680000000000042 1.4630757204824115e-45
0.22150000000000009 2.2309004004859733e-46
0.2265000000000001 1.5397305391434083e-44
0.23318749999999996 9.387423807213973e-42
0.2397222222222226 1.7126399900206686e-41
0.24370000000000008 4.42641025793519e-42
0.2459090909090912 4.1895216915090404e-43
0.2434999999999998 8.641370367212917e-45
0.24234615384615407 1.493445433116431e-45
0.2387142857142859 4.520771097444807e-47
0.2339999999999999 1.81399281325878e-47
Sampling time (10 samples): 7465.8475 seconds
/scratch/users/yanlan/Retrieval_0705/Output/AM_PM_ET_180_283_00
0.0265 7.515076805706279e-39
0.14324999999999985 4.733767217459941e-37
0.17649999999999988 1.0455688336204888e-40
0.20562500000000045 9.335035974118264e-38
0.1961000000000006 1.9463987828721358e-47
0.20275000000000037 2.617132064674548e-47
0.20221428571428574 1.3600326072973249e-48
0.2088124999999998 2.2351037062311263e-46
0.21722222222222273 5.423004637703169e-46
0.22635000000000044 8.994156489462615e-45
0.23309090909090963 1.0439750146428607e-43
0.24087500000000053 1.3820435961692395e-43
0.24684615384615424 1.7311160326599159e-43
0.2525714285714279 3.417365663322826e-43
0.25693333333333296 1.2983068813340863e-43
Sampling time (10 samples): 7059.7760 seconds
/scratch/users/yanlan/Retrieval_0705/Output/AM_PM_ET_185_365_00
0.015000000000000006 2.119449094574303e-40
restart...
0.02350000000000001 7.64303900405712e-39
0.05075000000000001 5.400004091419591e-53
restart...
0.045499999999999985 1.9782535934148778e-54
restart...
0.049499999999999926 4.35586395849725e-54
restart...
0.046249999999999944 3.644352813872482e-54
restart...
0.03749999999999991 6.7293234578366545e-56
restart...
0.04149999999999996 3.696136663963526e-55
restart...
0.044750000000000026 3.9041123599435155e-55
restart...
0.044750000000000026 1.1141460715294513e-54
restart...
0.04800000000000002 2.271256464733618e-52
restart...
0.03650000000000001 1.5000449078239711e-57
restart...
0.03899999999999992 3.059254419406093e-56
restart...
0.04525 2.2684942905366164e-54
restart...
0.04550000000000003 1.5957543388557155e-53
restart...
Sampling time (10 samples): 7743.4252 seconds
/scratch/users/yanlan/Retrieval_0705/Output/AM_PM_ET_191_295_00
0.026999999999999996 3.1274421306422294e-37
0.019749999999999986 9.849390515884896e-75
restart...
0.01725000000000001 9.036415172613976e-76
restart...
0.017749999999999953 1.4778278735347643e-75
restart...
0.018249999999999975 1.8551596221299623e-74
restart...
0.017749999999999957 2.1031108714358688e-74
restart...
0.024499999999999952 3.192397113604757e-69
restart...
0.017249999999999998 7.821851473523459e-75
restart...
0.023000000000000034 1.329077208186765e-71
restart...
0.019500000000000024 1.9661510075239265e-73
restart...
0.01824999999999998 2.0738098819759787e-74
restart...
0.020249999999999956 8.850421061749189e-72
restart...
0.017000000000000015 6.274623436008293e-76
restart...
0.01800000000000004 5.361372645552901e-76
restart...
0.02175000000000003 6.30679457094515e-72
restart...
Sampling time (10 samples): 9255.3595 seconds
/scratch/users/yanlan/Retrieval_0705/Output/AM_PM_ET_196_423_00
0.4125000000000004 2.135810362841139e-12
0.36975000000000025 7.884543911627652e-13
0.359 2.286331926691749e-13
0.3486250000000005 2.9626073058924784e-13
0.34590000000000104 8.629030459385618e-13
0.33958333333333285 1.1532288927241695e-12
0.3349999999999995 7.713614673429644e-13
0.33381249999999946 4.182230635494941e-13
0.3342222222222221 4.463997365792051e-13
0.33274999999999927 9.107225743744928e-13
0.33245454545454495 3.5620740845575336e-13
0.3308333333333321 1.4890693969027055e-12
0.32961538461538176 8.920769795870967e-13
0.32992857142856924 4.289904650554586e-13
0.3283333333333298 5.905084025350379e-13
Sampling time (10 samples): 7369.6795 seconds
