/scratch/users/yanlan/Retrieval_0705/Output/AM_PM_ET_162_368_00
0.01749999999999998 3.0356548557160244e-41
restart...
0.02700000000000001 5.4152792200805856e-37
0.039500000000000104 1.8226174815240592e-56
restart...
0.032249999999999994 2.3270916567786804e-59
restart...
0.03575000000000002 5.617287820553263e-59
restart...
0.03775000000000021 6.841913560492533e-57
restart...
0.042000000000000016 7.660029792719355e-53
restart...
0.04150000000000007 5.510113113262323e-53
restart...
0.03350000000000007 2.1252721453001176e-59
restart...
0.032750000000000015 2.0352426487116585e-58
restart...
0.03224999999999994 2.709463281199024e-60
restart...
0.03674999999999998 2.9772732591778696e-60
restart...
0.04075000000000007 4.328068910182774e-56
restart...
0.038250000000000076 1.1246210539547723e-56
restart...
0.037500000000000054 9.666294079990678e-60
restart...
Sampling time (10 samples): 7713.1782 seconds
/scratch/users/yanlan/Retrieval_0705/Output/AM_PM_ET_168_279_00
0.05999999999999997 1.1135066619131763e-34
0.17874999999999977 5.801348820312999e-32
0.13199999999999965 4.6617386504421615e-68
restart...
0.09224999999999983 5.509861074160159e-60
restart...
0.17499999999999957 7.192456937791468e-33
0.20883333333333357 3.3502593798089507e-31
0.24424999999999997 3.495978257034345e-30
0.2569000000000002 2.848436932755878e-30
0.25641666666666596 2.011590729811661e-31
0.2585714285714271 1.2754586913896732e-31
0.2569999999999998 2.4429926375445105e-32
0.2588333333333334 9.835682062442493e-33
0.24935000000000163 1.7150093355124377e-40
0.2463181818181832 2.7168042712154728e-39
0.24870833333333442 1.803997004823576e-37
Sampling time (10 samples): 7789.1842 seconds
/scratch/users/yanlan/Retrieval_0705/Output/AM_PM_ET_173_448_00
0.011000000000000001 1.2755038729404392e-42
restart...
0.013499999999999993 3.7194007198014825e-41
restart...
0.013999999999999999 8.701019147983294e-42
restart...
0.015500000000000003 7.432497311949806e-43
restart...
0.005999999999999995 3.1790471161807183e-47
restart...
0.01 7.189414905345393e-44
restart...
0.009 8.817994050444348e-45
restart...
0.013500000000000064 3.928752736087666e-43
restart...
0.013499999999999993 2.0257154236069454e-42
restart...
0.020499999999999997 2.1976357157336025e-39
0.03950000000000001 1.0457243227704502e-60
restart...
0.024999999999999963 7.647467704582433e-69
restart...
0.04999999999999996 1.7815049746148133e-52
restart...
0.05149999999999999 1.3613930433772089e-55
restart...
0.030500000000000024 4.209106738854363e-65
restart...
Sampling time (10 samples): 7683.3664 seconds
/scratch/users/yanlan/Retrieval_0705/Output/AM_PM_ET_179_311_00
0.011500000000000007 1.777899103578394e-43
restart...
0.03900000000000006 1.0779733906188284e-36
0.15625000000000006 1.0114902464936919e-35
0.20650000000000046 3.8420088423567093e-35
0.2380000000000002 6.992986054820229e-34
0.2560000000000009 6.0285350019916315e-34
0.2698333333333359 4.253682896551674e-34
0.27635714285714486 3.857862886923651e-34
0.2793125000000011 1.1302115422091333e-33
0.28505555555555684 6.971570790042586e-34
0.29290000000000066 2.0076505260055967e-33
0.29813636363636503 9.786176245081644e-34
0.30108333333333415 2.9204098187319203e-34
0.3028461538461542 3.6717056638156485e-33
0.3067857142857142 9.688387916883463e-34
Sampling time (10 samples): 7574.3692 seconds
/scratch/users/yanlan/Retrieval_0705/Output/AM_PM_ET_184_397_00
0.012500000000000006 9.875582263646943e-44
restart...
0.043500000000000004 1.595650231063841e-35
0.09174999999999998 3.946883758868386e-41
0.11650000000000006 2.1904553950593222e-44
0.13349999999999992 2.5056424575537e-46
0.1352999999999999 3.7816321108269858e-50
restart...
0.09025000000000004 4.6632051135063944e-42
0.11283333333333341 1.6776113037337129e-46
0.12050000000000007 2.3286591693941454e-49
restart...
0.09425000000000007 5.988000567256172e-42
0.11633333333333347 8.964463002042505e-46
0.12512499999999996 2.0633982893860184e-47
0.1346000000000002 3.670937612434444e-49
restart...
0.09400000000000008 1.7361185721115762e-40
0.11666666666666672 1.6600278848300951e-43
Sampling time (10 samples): 8085.8417 seconds
/scratch/users/yanlan/Retrieval_0705/Output/AM_PM_ET_190_313_00
0.02549999999999999 5.29898846122624e-41
0.11799999999999995 1.0091863831944297e-41
0.17633333333333345 1.1096818401778527e-38
0.20162500000000097 8.556167956329626e-38
0.21510000000000076 1.1683510587927499e-37
0.22833333333333383 8.011826244300276e-37
0.23785714285714302 3.090695479937478e-37
0.24481249999999988 9.638033082277196e-38
0.2515555555555548 2.7506014673582547e-37
0.2590499999999994 2.500669866472548e-37
0.2640909090909073 3.278670143787379e-37
0.2667083333333323 7.557779294873479e-38
0.2711923076923078 2.014718794823238e-37
0.2760000000000008 2.4579749822554853e-37
0.2807000000000003 7.914189592953572e-38
Sampling time (10 samples): 7506.9960 seconds
/scratch/users/yanlan/Retrieval_0705/Output/AM_PM_ET_196_247_00
0.08449999999999998 7.718041619756316e-34
0.19625000000000042 1.2764878900114643e-30
0.2445000000000002 3.852520901479322e-29
0.261874999999999 2.3246383170102006e-30
0.27449999999999875 4.2690219670399234e-30
0.28316666666666607 3.7465857550912266e-29
0.28407142857142775 4.2354703354492696e-30
0.2916250000000006 6.7596480633141e-29
0.28944444444444434 1.4057894070448795e-30
0.2887999999999992 5.07958807861376e-29
0.27854545454545265 4.764738549035345e-37
0.2643333333333339 6.971654733968886e-47
0.2603846153846152 3.1378441861875633e-47
0.25928571428571434 1.8575628767461443e-45
0.25859999999999955 3.330957444493171e-44
Sampling time (10 samples): 7772.0516 seconds
