/scratch/users/yanlan/Retrieval_0705/Output/AM_PM_ET_161_382_00
0.05100000000000003 6.588275997851997e-32
0.15999999999999975 1.576006845116104e-31
0.19283333333333336 5.053147553263216e-31
0.19537500000000013 7.296431763695924e-33
0.21040000000000075 6.181424601705239e-31
0.22725000000000076 2.675354359422919e-29
0.23850000000000057 1.7681258298084838e-29
0.24825000000000116 1.326756880531501e-29
0.25155555555555664 6.425697636498341e-29
0.25720000000000215 2.0089411720501636e-29
0.26113636363636605 1.0694390674526862e-29
0.2665000000000038 2.2346126471686847e-29
0.26823076923077166 1.3378251439720605e-29
0.2700357142857165 1.2894774635121245e-29
0.2707333333333347 1.2046718313081639e-30
Sampling time (10 samples): 7826.5505 seconds
/scratch/users/yanlan/Retrieval_0705/Output/AM_PM_ET_167_285_00
0.07399999999999998 4.951960571399598e-32
0.15549999999999994 9.421053097183499e-34
0.1991666666666664 4.306935023142511e-33
0.17475000000000004 4.887122107342064e-49
restart...
0.1317500000000004 4.7274083233611996e-36
0.11016666666666763 3.3601556604529932e-59
restart...
0.06299999999999996 8.372800226046229e-52
restart...
0.0767499999999999 1.6429973705667197e-54
restart...
0.07625000000000005 1.796045596439734e-49
restart...
0.15774999999999978 7.877375328299405e-34
0.17183333333333325 1.075169217144665e-40
0.14149999999999988 2.814350820714455e-66
restart...
0.15012499999999984 1.7194045141323069e-56
restart...
0.14187499999999992 3.9338317830593e-64
restart...
0.14574999999999994 7.046954804804884e-61
restart...
Sampling time (10 samples): 9554.6376 seconds
/scratch/users/yanlan/Retrieval_0705/Output/AM_PM_ET_173_242_00
0.008999999999999994 4.861564770172046e-47
restart...
0.016999999999999998 2.405068451044755e-42
restart...
0.011500000000000003 2.318038392172382e-44
restart...
0.01 3.676344471587181e-44
restart...
0.010500000000000004 3.239678839407462e-45
restart...
0.009500000000000001 3.339728459440479e-44
restart...
0.012 1.0186908293331617e-43
restart...
0.01899999999999999 9.314489233765965e-41
restart...
0.01849999999999999 6.766321220756644e-41
restart...
0.026499999999999982 8.270736933662046e-41
0.14974999999999963 2.8224859187878835e-38
0.13016666666666638 4.249239371424319e-54
restart...
0.08850000000000004 5.547854059857063e-51
restart...
0.07725000000000007 5.549428581428022e-52
restart...
0.08200000000000007 3.0518436881844717e-51
restart...
Sampling time (10 samples): 7985.4221 seconds
/scratch/users/yanlan/Retrieval_0705/Output/AM_PM_ET_178_323_00
0.06250000000000003 2.260131536767615e-34
0.18174999999999955 2.0535637108200687e-32
0.22150000000000009 7.353994219842507e-33
0.25549999999999984 3.1163670549879587e-32
0.27969999999999884 5.718789998133793e-32
0.30024999999999785 1.6377688074195477e-31
0.313142857142854 9.009671747450768e-32
0.3233749999999974 6.196582718855281e-32
0.3302777777777749 9.987802033143378e-32
0.33434999999999737 3.8347789095577617e-32
0.3369545454545433 2.957846964919358e-31
0.33816666666666323 1.6176952689389623e-31
0.3393461538461499 6.210394179178256e-32
0.34132142857142533 1.5331526422014395e-31
0.3444666666666629 7.499786277240635e-32
Sampling time (10 samples): 7504.3471 seconds
/scratch/users/yanlan/Retrieval_0705/Output/AM_PM_ET_183_416_00
0.40049999999999963 2.9695199958550436e-13
0.3532499999999997 3.949010814166614e-13
0.34016666666666684 9.804362855565556e-13
0.33625000000000127 3.4601066298981066e-13
0.3326000000000011 5.452722457579719e-13
0.32833333333333425 3.429704184266867e-13
0.3245000000000009 6.210873918064153e-13
0.32450000000000095 5.524447617167209e-13
0.3234444444444447 5.651339373291343e-13
0.3205000000000001 1.9410014987141025e-12
0.3215454545454557 7.725924135945299e-13
0.32254166666666817 9.41155583014079e-13
0.3229230769230798 1.34482649345454e-12
0.3220714285714324 7.606196574461576e-13
0.3215333333333372 7.980393025092892e-13
Sampling time (10 samples): 7665.6266 seconds
/scratch/users/yanlan/Retrieval_0705/Output/AM_PM_ET_189_323_00
0.049999999999999926 1.5777667958734227e-34
0.11025000000000013 2.665735088965879e-38
0.12216666666666674 5.719699192005457e-41
0.13049999999999984 1.3478586474799228e-43
0.1360999999999998 8.353720407266436e-45
0.140333333333333 1.3576580148159256e-44
0.14185714285714304 6.029041729047907e-46
0.1451250000000003 6.485056018402168e-49
restart...
0.10249999999999986 3.25481969668472e-38
0.1288333333333329 8.079859812624914e-40
0.14474999999999985 1.0752981868543637e-42
0.14999999999999897 8.744443660415532e-44
0.15599999999999892 9.443704273974435e-44
0.16849999999999932 1.6339426556119673e-41
0.18024999999999933 3.3039209910908756e-40
Sampling time (10 samples): 7707.0371 seconds
/scratch/users/yanlan/Retrieval_0705/Output/AM_PM_ET_195_253_00
0.06550000000000004 1.1964461199913642e-33
0.16149999999999975 9.405845979394712e-31
0.1448333333333328 1.2021958948118648e-44
0.17662499999999975 5.236953761626578e-38
0.1994000000000004 1.1180419163034966e-36
0.19533333333333394 8.55230166396127e-42
0.17778571428571469 4.613574669418758e-62
restart...
0.08025000000000006 3.4262241934463036e-48
0.11483333333333333 1.9022760070803608e-51
restart...
0.08075000000000004 6.005851846364408e-51
restart...
0.13875000000000035 4.803686397516311e-39
0.14316666666666725 4.2604399923276995e-45
0.18625000000000122 3.512592472791165e-40
0.21240000000000042 2.541701439328966e-35
0.22566666666666682 8.851677728137147e-34
Sampling time (10 samples): 7539.9706 seconds
