/scratch/users/yanlan/Retrieval_0705/Output/AM_PM_ET_165_293_00
0.03900000000000001 1.3520592009096845e-37
0.09825000000000021 5.969404246086875e-41
0.12966666666666657 4.782224673307662e-41
0.1646250000000004 2.539448236364194e-38
0.19099999999999978 9.543216894834082e-36
0.21283333333333304 1.7490633565642806e-33
0.22785714285714231 1.0093574186620425e-32
0.24756249999999985 1.70064175143504e-32
0.25777777777777733 1.3338135933275304e-32
0.26670000000000105 5.507211123077601e-32
0.27336363636363553 2.715640290160245e-32
0.2787083333333337 4.702974725746147e-32
0.28284615384615447 1.1645366913383026e-31
0.28839285714285856 1.903014549890287e-32
0.29246666666666643 3.86954477535821e-32
Sampling time (10 samples): 8136.9579 seconds
/scratch/users/yanlan/Retrieval_0705/Output/AM_PM_ET_170_436_00
0.41050000000000003 9.386102181590474e-13
0.37099999999999944 8.668466461569623e-13
0.3594999999999992 5.119450294549237e-13
0.34599999999999875 2.10305375361046e-13
0.3407999999999992 7.136415080885863e-13
0.33541666666666464 1.185652790860903e-12
0.3341428571428556 5.321959192253637e-13
0.3357499999999982 5.04314087380624e-13
0.3338333333333319 6.707646443807924e-13
0.33564999999999806 5.279883399240098e-13
0.3322727272727258 1.0894280914080813e-12
0.3319166666666645 5.998975639216375e-13
0.3305384615384593 5.712187084952964e-13
0.33085714285714135 4.595117590912876e-13
0.3297999999999981 2.649977978550924e-13
Sampling time (10 samples): 8025.2531 seconds
/scratch/users/yanlan/Retrieval_0705/Output/AM_PM_ET_176_326_00
0.05350000000000005 8.136246868075599e-38
0.1632499999999998 1.5047041860629686e-35
0.2250000000000002 9.140734115183533e-34
0.25787500000000124 1.0681289507477132e-32
0.26890000000000114 1.5636953099753846e-32
0.27966666666666634 7.315166006583963e-32
0.28699999999999976 1.3430655393066997e-31
0.2971249999999996 5.210835291542559e-32
0.30727777777777693 4.612147829857614e-32
0.31030000000000063 1.2738009998716623e-31
0.31463636363636416 4.4502387136247193e-32
0.31750000000000167 1.324996128360635e-31
0.318076923076924 3.943551058511729e-31
0.32014285714285745 4.106211961588934e-31
0.3194666666666674 3.3214197636156785e-31
Sampling time (10 samples): 7864.1400 seconds
/scratch/users/yanlan/Retrieval_0705/Output/AM_PM_ET_181_436_00
0.0205 3.993051764534426e-40
0.13124999999999995 4.716829102219299e-40
0.17900000000000033 2.706383012143291e-36
0.20025000000000068 3.563206891613997e-35
0.19870000000000065 3.2832803661560686e-39
0.2100833333333336 1.2894848659222466e-39
0.21185714285714302 7.320738232756796e-42
0.21318749999999992 5.2070836490157995e-43
0.22355555555555584 7.245375813896603e-43
0.23345000000000046 1.4262184397933868e-43
0.2416818181818189 1.0790968257843396e-42
0.24679166666666746 5.533736050450369e-43
0.25119230769230827 1.4342553634046838e-42
0.2532142857142872 6.663912111231114e-42
0.25390000000000174 1.4143343140194066e-42
Sampling time (10 samples): 7822.0132 seconds
/scratch/users/yanlan/Retrieval_0705/Output/AM_PM_ET_187_333_00
0.07299999999999995 3.117867282603924e-32
0.16774999999999973 8.972577851922018e-31
0.2164999999999999 5.255007930215574e-29
0.24324999999999983 4.242181058699988e-28
0.2654999999999991 1.1223631947730229e-27
0.2824999999999997 2.26610831208151e-27
0.29485714285714154 5.228854821572914e-27
0.3071249999999997 2.387686327031199e-27
0.31622222222222107 8.019105217596804e-27
0.3229999999999985 4.370633004215679e-27
0.3276363636363625 3.999093192640411e-27
0.328958333333332 4.569383440542351e-27
0.33326923076923026 4.187430173725798e-27
0.33450000000000013 2.1487949579706496e-27
0.3374333333333331 7.081668116464026e-27
Sampling time (10 samples): 8527.8338 seconds
/scratch/users/yanlan/Retrieval_0705/Output/AM_PM_ET_193_250_00
0.034000000000000065 8.977355264710323e-38
0.06599999999999999 2.5182334949457455e-55
restart...
0.09749999999999984 3.506431344470855e-51
restart...
0.06124999999999993 8.092303781127565e-58
restart...
0.1052500000000002 1.508685159596492e-44
0.08766666666666682 5.540553801937607e-68
restart...
0.13049999999999967 8.202437379423885e-39
0.14383333333333312 1.611003737243665e-50
restart...
0.08075000000000014 6.716693759433019e-53
restart...
0.07174999999999995 1.2847071634380793e-57
restart...
0.12924999999999995 4.883577751926575e-39
0.11333333333333352 3.7475720026720536e-62
restart...
0.09949999999999998 2.387158221804637e-50
restart...
0.08000000000000002 4.319671478846123e-55
restart...
0.06375000000000011 1.101948414697135e-55
restart...
Sampling time (10 samples): 7978.7058 seconds
/scratch/users/yanlan/Retrieval_0705/Output/AM_PM_ET_198_354_00
0.012500000000000008 3.0757174642882856e-44
restart...
0.016999999999999998 2.3793137586701776e-42
restart...
0.0095 9.094896721640097e-44
restart...
0.014499999999999997 5.521751184414301e-41
restart...
0.011000000000000005 6.156236098091478e-46
restart...
0.009999999999999985 6.632479353686772e-44
restart...
0.013 5.2950547821916015e-43
restart...
0.015500000000000038 7.930554622039027e-42
restart...
0.009500000000000001 4.263198008527307e-45
restart...
0.012 8.555677644809202e-43
restart...
0.009000000000000017 5.4250764273516784e-46
restart...
0.006500000000000003 4.607964680418939e-48
restart...
0.016999999999999998 4.70109192631295e-41
restart...
0.01099999999999998 2.6317068412587484e-46
restart...
0.013000000000000005 6.455862784284742e-44
restart...
Sampling time (10 samples): 8147.5143 seconds
