/scratch/users/yanlan/Retrieval_0705/Output/AM_PM_ET_163_458_00
0.3915000000000003 5.367696468616622e-13
0.36174999999999985 5.878880911584981e-13
0.3459999999999993 1.3332919541032882e-12
0.34437499999999943 1.0089249910611401e-13
0.3372999999999998 7.830854772766279e-13
0.3370833333333325 4.54535395038938e-13
0.33449999999999935 2.8910896918875194e-13
0.33312499999999934 8.088553083256293e-13
0.33244444444444254 4.727273043457928e-13
0.3334499999999964 6.945077261125913e-13
0.33236363636363236 8.910742402626348e-13
0.33337499999999604 5.526631165583231e-13
0.331615384615381 2.720324898946079e-13
0.3287499999999977 1.9198294840484118e-13
0.3273999999999984 3.575751034165379e-13
Sampling time (10 samples): 7560.9193 seconds
/scratch/users/yanlan/Retrieval_0705/Output/AM_PM_ET_169_386_00
0.056499999999999995 1.6736052179080526e-33
0.12350000000000017 1.4845314061147014e-43
0.12433333333333346 2.0385642764269723e-53
restart...
0.08750000000000004 5.1842715510004646e-46
0.11916666666666653 8.254589552358939e-48
0.12812499999999963 1.2094779463340186e-51
restart...
0.15575000000000006 1.9022610977437152e-33
0.14316666666666664 4.2591877399368314e-44
0.13999999999999968 2.146125009068245e-52
restart...
0.07375000000000018 2.061504944659378e-49
restart...
0.07999999999999999 1.4538191467083178e-49
restart...
0.12774999999999945 9.76827206012226e-38
0.12716666666666612 2.846757847635158e-47
0.13662500000000014 6.650283856873579e-50
restart...
0.09024999999999987 1.2127230283321646e-43
Sampling time (10 samples): 7466.3709 seconds
/scratch/users/yanlan/Retrieval_0705/Output/AM_PM_ET_175_296_00
0.05250000000000003 5.293015466618579e-34
0.1744999999999998 6.336674787468948e-34
0.2181666666666665 1.2045661801809936e-33
0.24212499999999973 6.37504381449914e-33
0.25459999999999966 2.2503892533031933e-33
0.2662499999999998 1.4945789816829414e-32
0.2730714285714281 5.444906929038498e-34
0.2764374999999989 1.505421125339009e-34
0.2825555555555561 1.8753381881748467e-35
0.2868000000000011 2.775123799412693e-35
0.28859090909091023 4.861613885233729e-35
0.29329166666666695 8.654509079515889e-35
0.2958846153846157 3.673726852936291e-35
0.2976785714285711 9.995102925804945e-35
0.29943333333333216 2.0567766388359033e-35
Sampling time (10 samples): 7224.9287 seconds
/scratch/users/yanlan/Retrieval_0705/Output/AM_PM_ET_180_404_00
0.031499999999999986 9.411264414074777e-36
0.10400000000000019 1.5687412872144437e-38
0.1211666666666667 8.756733862505323e-44
0.14162499999999992 1.6148569497047207e-45
0.1539 1.2856924951910615e-46
0.15983333333333322 1.3066949469841846e-46
0.16271428571428614 1.2706509218139846e-46
0.16331250000000053 1.4396741892833924e-47
0.16477777777777794 5.179964526628441e-50
restart...
0.045250000000000054 1.3636156585538512e-53
restart...
0.09050000000000005 3.2817062243221926e-40
0.12833333333333335 1.77561955424667e-40
0.14687500000000034 1.3490448062367978e-42
0.15169999999999975 3.314658418911625e-43
0.15899999999999984 2.471020555858258e-44
Sampling time (10 samples): 7613.1507 seconds
/scratch/users/yanlan/Retrieval_0705/Output/AM_PM_ET_186_285_00
0.018000000000000002 1.3792079661153203e-40
restart...
0.024500000000000004 2.0196349600848973e-40
0.08625000000000016 4.689525445283042e-46
0.14000000000000012 2.4751842832999178e-45
0.17100000000000057 1.7256127334603445e-42
0.18570000000000028 4.6030063662685126e-42
0.19475000000000006 2.983855161860526e-41
0.20371428571428588 1.0894225847822649e-41
0.20887500000000012 1.7187730016389004e-42
0.21283333333333343 2.3521195366335184e-42
0.21660000000000063 1.0990144448877375e-41
0.21227272727272792 4.6036656224798914e-46
0.21345833333333408 3.7743872392671763e-48
0.21161538461538507 3.560607623336874e-52
restart...
0.21369230769230857 2.746107571008532e-49
restart...
Sampling time (10 samples): 7852.1097 seconds
/scratch/users/yanlan/Retrieval_0705/Output/AM_PM_ET_191_411_00
0.026000000000000006 1.0078089173987033e-37
0.02350000000000002 4.52725647151571e-68
restart...
0.023500000000000028 8.575869970300637e-68
restart...
0.026000000000000013 3.404382343887097e-67
restart...
0.024999999999999998 1.44698670017319e-67
restart...
0.023000000000000024 8.210050968878248e-70
restart...
0.028000000000000008 2.964729933014199e-62
restart...
0.018749999999999975 1.1305450906267082e-73
restart...
0.029000000000000022 3.8076401794434307e-63
restart...
0.025999999999999964 2.3083120629674e-65
restart...
0.020999999999999984 1.7333823665248574e-69
restart...
0.020500000000000008 1.0507531515292448e-71
restart...
0.024 2.1275976485638356e-66
restart...
0.022000000000000002 1.728927843777925e-71
restart...
0.024500000000000015 6.261853211806236e-65
restart...
Sampling time (10 samples): 7786.0910 seconds
/scratch/users/yanlan/Retrieval_0705/Output/AM_PM_ET_197_322_00
0.005500000000000008 5.3409879111131993e-48
restart...
0.03800000000000003 1.5705875566630443e-34
0.15224999999999972 4.557318392904831e-34
0.20783333333333348 5.6139616809668255e-31
0.23925000000000046 2.2216514535126672e-29
0.26410000000000006 7.794846999489359e-29
0.2826666666666674 6.313730635987831e-29
0.29157142857142965 8.634315973575275e-29
0.2986875000000015 1.2759446042525713e-28
0.30716666666666653 4.464161070883517e-29
0.3116499999999998 4.640241396501639e-29
0.3138181818181826 8.191525990718545e-29
0.31979166666666703 5.605750531429899e-29
0.3231923076923087 6.169771866458451e-29
0.3263571428571446 3.11549231147173e-29
Sampling time (10 samples): 7983.6188 seconds
