/scratch/users/yanlan/Retrieval_0705/Output/AM_PM_ET_162_382_00
0.03599999999999999 2.0304070559095646e-38
0.1347499999999997 4.375097942853038e-40
0.20466666666666636 1.5719848831399447e-37
0.23912499999999962 6.041210473586319e-37
0.25279999999999947 2.4075727630051352e-36
0.2707499999999991 2.862549900801912e-36
0.2788571428571409 2.3168919926855325e-36
0.2831874999999979 9.853928033440269e-36
0.29161111111110827 2.0984938361731934e-35
0.2957499999999972 1.3099132636148123e-35
0.3015909090909076 1.9002020940402857e-35
0.3024583333333321 3.0482458431016465e-35
0.3070769230769227 6.505583561782759e-36
0.31010714285714414 1.6551216783816914e-35
0.31306666666666677 7.514536747527561e-35
Sampling time (10 samples): 7558.1498 seconds
/scratch/users/yanlan/Retrieval_0705/Output/AM_PM_ET_168_296_00
0.042499999999999975 1.2446423044864124e-35
0.09374999999999989 1.3260000316895777e-50
restart...
0.09400000000000014 6.0710998632074716e-43
0.15100000000000055 1.3502444709494988e-40
0.1852500000000003 4.414688357735109e-39
0.20670000000000102 3.323173700277003e-38
0.22866666666666705 1.255246701039358e-37
0.24057142857142827 1.0639221069023506e-36
0.2512500000000004 7.68868527390167e-37
0.264055555555555 2.9207199900250345e-37
0.27149999999999963 3.2768176671390566e-37
0.2769999999999998 2.7404358346857485e-37
0.28524999999999934 4.779213221861358e-37
0.29119230769230814 1.5414312153686894e-36
0.2931428571428588 1.4174341679823638e-36
Sampling time (10 samples): 7452.2956 seconds
/scratch/users/yanlan/Retrieval_0705/Output/AM_PM_ET_174_240_00
0.033 1.1696093949178645e-37
0.17824999999999946 9.724657765599248e-38
0.21499999999999947 8.190158324450975e-36
0.19337499999999946 1.5078492514241832e-49
restart...
0.1871249999999997 3.197296617181118e-49
restart...
0.18674999999999958 8.831312369490187e-52
restart...
0.18524999999999953 1.6132260481551645e-48
0.20579999999999923 3.399532311266505e-45
0.2190833333333327 1.646357749874949e-42
0.228214285714285 1.4323693417616218e-40
0.23693749999999977 6.855743129874761e-40
0.2447222222222223 8.067767027746752e-41
0.2558499999999998 2.247038859203127e-40
0.2661818181818177 6.360684748993335e-41
0.2762916666666658 1.4177409105098062e-40
Sampling time (10 samples): 7600.0085 seconds
/scratch/users/yanlan/Retrieval_0705/Output/AM_PM_ET_179_327_00
0.02050000000000001 1.1034886492510246e-39
0.043749999999999935 8.37732727780797e-54
restart...
0.04275000000000002 1.2019359595607247e-56
restart...
0.04275000000000006 5.612000221248069e-53
restart...
0.04249999999999999 2.0189190442202476e-56
restart...
0.04525000000000008 7.232965307079813e-55
restart...
0.047000000000000014 8.302447024226304e-54
restart...
0.04674999999999999 5.832661723209066e-53
restart...
0.026749999999999975 2.013625412234807e-66
restart...
0.04550000000000004 3.775674336952725e-54
restart...
0.044999999999999984 1.7223055118068563e-53
restart...
0.04625000000000001 8.6215503807701e-55
restart...
0.04375 2.2647106898174856e-56
restart...
0.048499999999999946 8.750540917757637e-55
restart...
0.04425000000000004 3.0756063438779607e-57
restart...
Sampling time (10 samples): 8694.3603 seconds
/scratch/users/yanlan/Retrieval_0705/Output/AM_PM_ET_184_423_00
0.04150000000000004 1.1058304747995038e-35
0.10299999999999997 1.9559662717790605e-39
0.13700000000000018 6.412233514996541e-40
0.14649999999999996 1.9262271195761407e-42
0.15679999999999966 1.5170076621826083e-42
0.15641666666666665 1.5392074623455747e-43
0.1588571428571433 2.424268749829318e-44
0.16481250000000028 1.1654246716083777e-44
0.1678333333333336 3.683998975618705e-45
0.17155000000000042 2.3325175875864003e-46
0.1759545454545452 1.2919364526659718e-47
0.1854999999999998 1.0730536183339048e-44
0.19249999999999945 4.963170477205026e-43
0.19964285714285682 9.464627261489726e-41
0.20569999999999944 9.410124244960058e-39
Sampling time (10 samples): 7331.4397 seconds
/scratch/users/yanlan/Retrieval_0705/Output/AM_PM_ET_190_327_00
0.08899999999999994 1.263319159492269e-32
0.23199999999999965 3.235220569463963e-31
0.27766666666666645 1.4430398005153066e-30
0.3017499999999987 7.40345330016735e-31
0.31659999999999777 1.810615226857106e-31
0.32683333333333175 6.28864098382042e-31
0.336714285714284 4.2130023802211835e-31
0.3433124999999981 2.4341827248336686e-31
0.34672222222221877 9.912723216043051e-31
0.34529999999999883 4.692316768668336e-32
0.34786363636363604 8.188062097911742e-31
0.35054166666666664 7.222226527144819e-31
0.3550769230769225 6.808293963323655e-31
0.35692857142857226 1.0358991345869984e-30
0.36023333333333296 3.6446007095108097e-31
Sampling time (10 samples): 7804.5730 seconds
/scratch/users/yanlan/Retrieval_0705/Output/AM_PM_ET_196_261_00
0.02950000000000002 2.0591929421495855e-37
0.07249999999999981 2.6390961479943123e-48
0.10349999999999998 9.420897726613971e-51
restart...
0.07099999999999988 5.466793759971987e-48
0.1073333333333331 3.643869952270564e-50
restart...
0.06749999999999995 1.3893990262588508e-48
0.10166666666666645 5.420768777373117e-51
restart...
0.07875000000000001 1.7829126659333652e-46
0.10650000000000008 3.181367605313003e-47
0.12100000000000014 1.6826978688383543e-48
0.13090000000000024 6.961398136235356e-48
0.14091666666666758 2.430195579295717e-48
0.14500000000000113 2.453544698709733e-49
restart...
0.08549999999999999 2.870994792146825e-44
0.11333333333333316 2.526360484437186e-46
Sampling time (10 samples): 7293.1505 seconds
