/scratch/users/yanlan/Retrieval_0705/Output/AM_PM_ET_163_327_00
0.013000000000000001 3.5582071334802274e-43
restart...
0.02899999999999999 9.057207624318393e-39
0.027749999999999993 3.4079593324502926e-65
restart...
0.017750000000000002 2.776484508750598e-80
restart...
0.021749999999999995 1.7004674586897234e-71
restart...
0.0355 2.3600617263163276e-60
restart...
0.02925000000000001 2.1110324590913975e-66
restart...
0.03125000000000005 2.0191322379504253e-65
restart...
0.02975000000000002 2.388219397076075e-64
restart...
0.01799999999999999 1.5945608720399166e-78
restart...
0.0325 7.251182290155775e-65
restart...
0.030750000000000006 6.206771808012031e-65
restart...
0.031249999999999983 8.024259005500164e-66
restart...
0.02174999999999998 4.9985258760378404e-71
restart...
0.031999999999999966 4.4054595493733577e-63
restart...
Sampling time (10 samples): 8056.3733 seconds
/scratch/users/yanlan/Retrieval_0705/Output/AM_PM_ET_169_232_00
0.017000000000000022 1.0796001894172831e-42
restart...
0.01350000000000001 8.319203256584987e-43
restart...
0.013999999999999988 1.072740529080088e-43
restart...
0.009000000000000005 1.3551372802733088e-44
restart...
0.01699999999999999 3.3024437207175534e-41
restart...
0.015499999999999996 1.8071586537997356e-42
restart...
0.047 1.6613936864702867e-36
0.1549999999999999 2.4886862509077472e-37
0.1486666666666662 1.0219226689766582e-47
0.13624999999999934 7.740540269068032e-59
restart...
0.15424999999999955 4.719270893950286e-36
0.13099999999999953 1.2045128675262576e-50
restart...
0.10000000000000003 1.0852583481342965e-44
0.11300000000000014 1.5662036623922882e-51
restart...
0.13275000000000012 6.327181640648872e-40
Sampling time (10 samples): 8246.0417 seconds
/scratch/users/yanlan/Retrieval_0705/Output/AM_PM_ET_174_391_00
0.39350000000000035 1.2721404950240148e-12
0.34725000000000034 4.933842224389026e-13
0.335666666666667 9.193470964644863e-13
0.33137499999999914 4.627628146732132e-13
0.3306999999999992 4.960843399552441e-13
0.3314999999999987 9.860275521431892e-13
0.3292142857142852 4.5329134938156163e-13
0.3289374999999997 6.878128168239878e-13
0.32666666666666594 7.546552135916645e-13
0.3253999999999992 7.897084912579496e-13
0.3249999999999978 3.243010187941433e-12
0.3234999999999973 1.0288455956242316e-12
0.3226153846153833 6.158353873226426e-13
0.32210714285714204 6.152947739097556e-13
0.3205666666666656 1.8407577449219918e-12
Sampling time (10 samples): 7536.0097 seconds
/scratch/users/yanlan/Retrieval_0705/Output/AM_PM_ET_180_265_00
0.006500000000000009 3.4239913027673098e-47
restart...
0.029499999999999985 2.3930564543627573e-39
0.15750000000000006 2.5298059687743313e-37
0.17666666666666703 3.5566270295702123e-41
0.20600000000000065 1.678145130275507e-41
0.22240000000000013 7.037503527830481e-41
0.23966666666666653 6.758316194564021e-40
0.25457142857142806 6.942592066079475e-39
0.2643749999999999 7.054549072584576e-39
0.2742777777777779 4.183656013767323e-38
0.27999999999999947 1.7131397987378783e-38
0.2836363636363634 3.1584505771000297e-38
0.2836249999999999 1.7635157550297822e-38
0.28684615384615264 2.673135270212044e-38
0.29082142857142695 4.420393951591961e-38
Sampling time (10 samples): 7515.9788 seconds
/scratch/users/yanlan/Retrieval_0705/Output/AM_PM_ET_185_349_00
0.04249999999999997 3.2673580377361248e-37
0.07700000000000012 1.4507557352735836e-48
0.10100000000000033 1.219969619670071e-48
0.12850000000000025 1.3274567788337377e-47
0.14630000000000043 1.4044734859377603e-45
0.16141666666666618 3.9771270357108625e-44
0.17228571428571368 4.65751271594785e-43
0.1821874999999992 8.18828796562473e-41
0.1902777777777777 2.9014725991727706e-39
0.19400000000000028 1.1146089806620067e-39
0.19631818181818214 1.3032556121588078e-39
0.20095833333333388 1.4107699619668143e-39
0.20719230769230787 7.765575424725259e-38
0.20864285714285707 3.6667682075801664e-39
0.21103333333333352 1.4960648002703415e-39
Sampling time (10 samples): 7559.3918 seconds
/scratch/users/yanlan/Retrieval_0705/Output/AM_PM_ET_191_278_00
0.012000000000000004 4.4943849388112534e-43
restart...
0.019499999999999997 4.447646291642328e-42
restart...
0.027499999999999997 5.034379427225748e-38
0.0910000000000001 3.3167681849716263e-47
0.15166666666666703 1.878897547067318e-43
0.1875000000000008 8.014325434803709e-40
0.21440000000000017 2.4188675276712126e-38
0.23025000000000032 1.1097252269139096e-36
0.2401428571428571 7.728454737025148e-37
0.24868750000000045 6.057339771545501e-37
0.26000000000000084 2.164262927694368e-36
0.2678000000000001 1.3533783098716607e-36
0.27763636363636135 5.616965465249263e-37
0.2841666666666648 1.3581612519655553e-36
0.2882307692307658 1.714997270906365e-36
Sampling time (10 samples): 7917.0199 seconds
/scratch/users/yanlan/Retrieval_0705/Output/AM_PM_ET_196_399_00
0.03500000000000001 6.927744096655535e-37
0.11500000000000013 1.646091620118245e-38
0.15116666666666603 1.2480841385492013e-38
0.17337499999999972 9.451543483765119e-38
0.186 8.043453625123905e-37
0.18866666666666648 3.4837290022330257e-39
0.19885714285714295 2.8674217633319374e-40
0.20787500000000053 2.0410072731692678e-40
0.21555555555555653 1.040741509748021e-39
0.22035000000000068 4.055935416021354e-40
0.22127272727272784 4.4895354378253036e-40
0.22275000000000061 6.981290866095918e-41
0.22434615384615397 1.541268758830891e-40
0.22296428571428617 6.949029969994099e-41
0.224366666666667 4.086744132380904e-41
Sampling time (10 samples): 7724.7229 seconds
