/scratch/users/yanlan/Retrieval_0705/Output/AM_PM_ET_161_424_00
0.018500000000000044 2.5187798766526137e-41
restart...
0.017000000000000022 6.292114905489243e-40
restart...
0.027 1.2073811830920698e-37
0.03625000000000003 3.4031823488779124e-57
restart...
0.03525000000000006 3.705567952258574e-61
restart...
0.028750000000000008 8.031243721558812e-62
restart...
0.030999999999999972 1.9995295328538967e-67
restart...
0.025749999999999978 1.5114508092472885e-66
restart...
0.01750000000000002 3.9427805063213625e-78
restart...
0.03200000000000001 2.5887966213830065e-61
restart...
0.03774999999999996 2.803050448375974e-55
restart...
0.04050000000000003 1.1711922522495934e-55
restart...
0.024250000000000004 2.865353544038204e-71
restart...
0.03099999999999997 2.9143133664261e-62
restart...
0.028250000000000004 2.1417054886470884e-62
restart...
Sampling time (10 samples): 7406.1081 seconds
/scratch/users/yanlan/Retrieval_0705/Output/AM_PM_ET_167_326_00
0.012499999999999995 9.727995686695322e-43
restart...
0.014999999999999996 1.8269999444717346e-41
restart...
0.013 1.18265237742929e-43
restart...
0.009500000000000008 7.980586773168881e-45
restart...
0.013499999999999996 2.7769978536355956e-41
restart...
0.0155 8.056802262763759e-42
restart...
0.021000000000000005 1.4393519242829108e-39
0.06450000000000004 9.524752726556323e-51
restart...
0.07049999999999997 7.132808433566029e-50
restart...
0.09000000000000014 2.767481149128056e-44
0.1535000000000001 1.1893130667275302e-40
0.18725000000000053 7.273018457776534e-38
0.2189000000000006 4.891298056205078e-36
0.23475000000000057 9.109399900899707e-35
0.24592857142857227 1.1676765742190738e-34
Sampling time (10 samples): 7578.7182 seconds
/scratch/users/yanlan/Retrieval_0705/Output/AM_PM_ET_173_294_00
0.06899999999999998 2.8966440072209656e-35
0.1562500000000001 2.9989682317079306e-37
0.21549999999999986 1.0635196504416258e-35
0.2560000000000001 8.893801419584183e-35
0.27480000000000077 1.5194913041325522e-34
0.2905833333333352 7.761724930112521e-35
0.29514285714285876 2.2667739303858267e-34
0.29700000000000165 7.167992334363974e-34
0.2993888888888905 1.5898119732741086e-34
0.30150000000000093 8.804037563021415e-35
0.30518181818181706 1.07179084749717e-34
0.30779166666666646 1.4777672476611233e-35
0.3139615384615371 4.982895851801235e-35
0.31664285714285684 3.2875996655605986e-35
0.3205333333333325 7.644252248623244e-35
Sampling time (10 samples): 7240.2697 seconds
/scratch/users/yanlan/Retrieval_0705/Output/AM_PM_ET_178_359_00
0.035500000000000025 4.099990512370586e-34
0.04374999999999994 1.072813723928794e-56
restart...
0.05049999999999994 5.558041148023938e-52
restart...
0.05374999999999994 6.149187297980651e-54
restart...
0.058499999999999996 4.1384947761346704e-52
restart...
0.05249999999999996 2.1383870415441406e-52
restart...
0.06600000000000003 1.2721603776918096e-49
restart...
0.059249999999999955 1.1069630001621468e-49
restart...
0.045999999999999944 4.94407333329909e-53
restart...
0.055999999999999966 3.180977470187475e-51
restart...
0.08024999999999999 2.964583736736363e-45
0.1338333333333331 5.800623979122616e-42
0.16475000000000017 1.9772223523584518e-40
0.1875000000000002 3.6165751128734992e-40
0.1884166666666665 1.6822218164680399e-43
Sampling time (10 samples): 7616.8193 seconds
/scratch/users/yanlan/Retrieval_0705/Output/AM_PM_ET_184_240_00
0.010500000000000004 3.823539402878624e-44
restart...
0.0195 9.101089525432474e-40
restart...
0.038 4.050160135770456e-39
0.12000000000000008 2.2977823956588847e-44
0.1835000000000004 1.0725908791836826e-40
0.2106250000000006 9.636564278516818e-38
0.17120000000000077 1.814617086317558e-74
restart...
0.17670000000000094 1.9585060371510937e-67
restart...
0.17640000000000072 5.137465134945243e-69
restart...
0.17250000000000076 9.301196475241082e-73
restart...
0.17810000000000062 4.4022340114400467e-72
restart...
0.1743000000000005 3.662637314382719e-72
restart...
0.17260000000000067 3.205838343501512e-72
restart...
0.17450000000000027 2.5878344169544474e-72
restart...
0.1797000000000008 5.3483973590407224e-62
restart...
Sampling time (10 samples): 9175.0972 seconds
/scratch/users/yanlan/Retrieval_0705/Output/AM_PM_ET_189_359_00
0.036000000000000004 1.5771375205222035e-38
0.14674999999999983 3.994230603053059e-37
0.19583333333333372 4.470150459898156e-36
0.2192500000000004 1.8042548309006998e-35
0.2410000000000005 1.0190239857388598e-34
0.2521666666666674 2.6320781460371006e-36
0.25578571428571506 8.053424568105487e-38
0.2629375000000005 1.3873162322994851e-37
0.2715000000000008 1.1105262389822663e-37
0.27830000000000044 2.859269860269568e-37
0.28204545454545377 2.4504030663921433e-37
0.2897083333333328 2.8521562104134606e-37
0.2916538461538457 3.814186336398256e-38
0.29107142857142787 4.5670772280838854e-38
0.29136666666666494 4.045611521502094e-40
Sampling time (10 samples): 7753.3172 seconds
/scratch/users/yanlan/Retrieval_0705/Output/AM_PM_ET_195_297_00
0.012000000000000004 1.2722489243718054e-41
restart...
0.041500000000000016 2.8192394018407078e-36
0.15225000000000008 4.997831221745451e-36
0.20583333333333353 7.692183975265423e-34
0.2491250000000005 6.0345753916608e-32
0.26850000000000024 8.494517214351187e-32
0.2876666666666666 5.735023801322259e-32
0.300928571428572 8.381576565400428e-32
0.31237499999999985 1.09641471874402e-31
0.31588888888888866 3.081190422198943e-31
0.30980000000000135 1.166815617800857e-36
0.2978181818181823 1.3241691682971147e-39
0.2887083333333317 1.3647027369217667e-41
0.2863076923076897 3.166867784893552e-41
0.28532142857142706 1.818974272436267e-41
Sampling time (10 samples): 7396.7771 seconds
