/scratch/users/yanlan/Retrieval_0705/Output/AM_PM_ET_160_275_00
0.019500000000000052 3.2293738887584522e-37
restart...
0.07799999999999992 1.9899007338596168e-31
0.16125000000000017 1.5478272156159807e-31
0.20566666666666678 1.4024296390500395e-30
0.2219999999999998 4.557271092748403e-30
0.22909999999999994 9.494958583158744e-31
0.22274999999999998 3.147907869239124e-40
0.20185714285714274 1.0265495625227316e-58
restart...
0.20335714285714296 1.626543761440944e-58
restart...
0.20292857142857124 3.506152821148229e-58
restart...
0.20128571428571412 3.259978773764212e-59
restart...
0.20357142857142863 9.437533999990116e-59
restart...
0.19864285714285732 1.6933129515205725e-63
restart...
0.20128571428571457 2.6137961805924524e-58
restart...
0.2030714285714285 1.166669913810694e-59
restart...
Sampling time (10 samples): 7935.7412 seconds
/scratch/users/yanlan/Retrieval_0705/Output/AM_PM_ET_165_392_00
0.03799999999999998 7.919546912995644e-37
0.11199999999999995 5.403807307785704e-41
0.15733333333333394 4.2430170820304715e-39
0.18575000000000044 3.912361616544386e-37
0.19990000000000047 1.568235566978421e-35
0.21050000000000046 6.2765042363920785e-34
0.21600000000000041 1.1452260971730412e-34
0.21750000000000028 1.3245034268543038e-34
0.22177777777777732 1.0981833744525773e-33
0.22379999999999972 3.686751969594538e-33
0.22722727272727256 7.293683585039962e-34
0.22633333333333341 9.261329020982825e-35
0.22849999999999995 1.115308237314569e-34
0.23042857142857126 6.038283685351305e-35
0.23059999999999958 9.562105216029252e-35
Sampling time (10 samples): 8832.5109 seconds
/scratch/users/yanlan/Retrieval_0705/Output/AM_PM_ET_171_316_00
0.04550000000000002 1.6208591604101989e-37
0.1260000000000003 8.560759685854599e-36
0.15800000000000022 1.099172890442596e-35
0.17100000000000026 1.007809003206238e-37
0.17930000000000088 2.400922434066473e-41
0.210083333333334 5.9662133726172336e-40
0.23371428571428637 2.659087927389011e-38
0.25193750000000015 9.016002606084943e-38
0.2721111111111106 5.348155925295385e-37
0.28534999999999855 3.041436735973741e-37
0.2973636363636338 5.316055132466499e-38
0.3057083333333315 1.0243737382316334e-37
0.31180769230769195 7.566395238446845e-38
0.31760714285714253 4.926872476979135e-37
0.32296666666666535 1.6359941560110499e-37
Sampling time (10 samples): 7967.5396 seconds
/scratch/users/yanlan/Retrieval_0705/Output/AM_PM_ET_176_444_00
0.025499999999999988 9.214125219543554e-40
0.12474999999999999 4.061059130470899e-43
0.1689999999999998 1.5744420451621798e-39
0.16387499999999997 5.082903250362746e-47
0.18339999999999987 1.6446862849331852e-45
0.19991666666666644 2.6674981346880407e-42
0.2126428571428576 6.934937875902577e-41
0.22162500000000054 1.856547891783402e-39
0.22977777777777808 9.373896197358883e-39
0.23565000000000041 2.1887176368139318e-39
0.24136363636363706 1.7659816416637054e-39
0.24629166666666713 3.2039266349999443e-40
0.24761538461538485 4.317753524502838e-40
0.25017857142857264 3.1776153255093173e-40
0.25453333333333583 3.892321256200847e-40
Sampling time (10 samples): 8017.0998 seconds
/scratch/users/yanlan/Retrieval_0705/Output/AM_PM_ET_182_304_00
0.018499999999999992 1.2858299508676808e-41
restart...
0.02 3.4839678509937807e-38
0.045999999999999895 7.365997682685299e-53
restart...
0.06074999999999999 3.126354279106881e-50
restart...
0.06324999999999996 6.805349075653072e-47
0.1143333333333332 7.177241634714765e-45
0.1597500000000004 3.644494280724374e-42
0.19080000000000033 2.5499458882809e-42
0.17950000000000052 1.3468659964006418e-51
restart...
0.11474999999999974 4.813108318146541e-52
restart...
0.11437499999999988 2.008361413734874e-51
restart...
0.11474999999999977 7.25808354887796e-52
restart...
0.12237499999999986 6.044772355934601e-51
restart...
0.11674999999999996 1.9472599404049094e-50
restart...
0.11249999999999975 1.0618512713628948e-54
restart...
Sampling time (10 samples): 8087.0610 seconds
/scratch/users/yanlan/Retrieval_0705/Output/AM_PM_ET_188_231_00
0.4125000000000001 7.878347042025929e-13
0.3597500000000006 1.125445479455116e-12
0.3466666666666678 8.080577104612738e-13
0.340875000000001 8.628921149260947e-13
0.3348000000000019 8.701515877150904e-13
0.33058333333333373 4.715641502588495e-13
0.32800000000000007 5.426211929696904e-13
0.32937499999999975 1.0719220414979518e-12
0.3306666666666656 1.2017949127662406e-12
0.330399999999999 2.4392518084346658e-12
0.33031818181818134 3.529943959299078e-13
0.3289583333333315 1.0604423087773108e-12
0.3288461538461528 6.229154041330107e-13
0.3275714285714285 6.840175521583725e-13
0.326333333333333 4.813669415924176e-13
Sampling time (10 samples): 7889.9145 seconds
/scratch/users/yanlan/Retrieval_0705/Output/AM_PM_ET_193_335_00
0.016000000000000004 3.504229703085016e-41
restart...
0.033499999999999995 1.0551220160489438e-38
0.13549999999999976 2.228588889613906e-36
0.1884999999999999 1.6063343034773568e-32
0.21700000000000008 2.8392363898304062e-30
0.23770000000000008 3.921192251397274e-29
0.2516666666666661 1.0651578038697926e-28
0.26114285714285684 4.4513928624697326e-29
0.2688749999999991 1.0415011639184133e-28
0.2748888888888881 8.227544064039307e-29
0.28089999999999893 1.645000575025009e-28
0.28718181818181693 3.225881349743564e-28
0.29449999999999893 2.4441739669715285e-28
0.30019230769230565 4.182183083915179e-28
0.3036785714285703 2.3117523777079e-28
Sampling time (10 samples): 7894.8347 seconds
