/scratch/users/yanlan/Retrieval_0705/Output/AM_PM_ET_162_350_00
0.06649999999999999 5.115118900320635e-33
0.08224999999999989 4.1040603136766796e-44
0.10733333333333345 8.988240950835128e-50
restart...
0.08649999999999991 1.797675209524268e-45
0.11899999999999997 1.3966709589335318e-47
0.1422500000000004 1.636393770531879e-47
0.1536000000000007 5.777108961309921e-47
0.1610000000000001 1.4854326117377076e-48
0.14514285714285732 9.180630397754194e-70
restart...
0.07075000000000004 1.0118200430340683e-50
restart...
0.10475000000000018 2.006357149331736e-41
0.12433333333333364 1.8340399405440853e-43
0.14800000000000071 2.785967068080521e-45
0.16290000000000115 1.284990084214004e-46
0.1800000000000009 4.968278324421619e-47
Sampling time (10 samples): 7854.7510 seconds
/scratch/users/yanlan/Retrieval_0705/Output/AM_PM_ET_168_250_00
0.03999999999999999 1.79494369529899e-38
0.14450000000000005 1.5048390842287496e-36
0.1594999999999995 2.859971688123196e-39
0.15349999999999944 1.9511761430386025e-49
restart...
0.10750000000000016 1.1358749875735156e-42
0.1291666666666669 1.0805739047942837e-47
0.16125000000000075 9.26663041276833e-46
0.19120000000000115 8.126579230736997e-44
0.17408333333333376 4.6607087739382555e-61
restart...
0.08425000000000003 8.609795668187187e-48
0.1223333333333334 6.634483471302512e-49
restart...
0.11574999999999992 7.137666224070277e-39
0.10916666666666663 2.915589277680539e-51
restart...
0.08350000000000003 3.236813154396426e-45
0.1111666666666667 1.7086146997765446e-49
restart...
Sampling time (10 samples): 8209.6745 seconds
/scratch/users/yanlan/Retrieval_0705/Output/AM_PM_ET_173_426_00
0.023999999999999983 1.6136873203658682e-37
0.09999999999999995 7.356052544529133e-42
0.11533333333333326 1.9668577641925428e-45
0.1271249999999998 6.943409990633336e-47
0.13209999999999988 1.1034222134060681e-50
restart...
0.07725000000000014 1.687679105599201e-42
0.10650000000000008 7.89661490389922e-45
0.11700000000000005 4.2017931041181837e-47
0.12789999999999999 1.2944310473560774e-48
0.13541666666666638 3.309107535540236e-49
restart...
0.08475000000000005 3.929322854783221e-44
0.11450000000000006 2.6458938711570846e-46
0.13137499999999988 6.750649805084569e-47
0.14320000000000055 7.94323055410207e-46
0.15216666666666698 3.088494758660728e-45
Sampling time (10 samples): 8066.8540 seconds
/scratch/users/yanlan/Retrieval_0705/Output/AM_PM_ET_179_294_00
0.05150000000000006 8.307729816256602e-36
0.09350000000000022 3.241034362231808e-45
0.14050000000000043 4.5552968279761826e-45
0.16337500000000033 1.9884326907381242e-45
0.19929999999999956 4.606183308984537e-44
0.21883333333333302 1.7280857859409763e-43
0.23349999999999985 3.4323870607791263e-43
0.24762499999999965 5.083642555784288e-43
0.2571111111111108 2.5602100786051118e-43
0.26280000000000103 4.151359123534948e-43
0.2669090909090917 4.390676223512416e-43
0.2750000000000011 5.071745360377212e-43
0.2788461538461541 3.862998011563471e-43
0.28210714285714233 1.0122157086088317e-43
0.28703333333333264 1.3459989638415677e-43
Sampling time (10 samples): 7578.0022 seconds
/scratch/users/yanlan/Retrieval_0705/Output/AM_PM_ET_184_365_00
0.4179999999999993 5.423356536477095e-13
0.3714999999999992 9.970880760686073e-13
0.35249999999999887 9.141289261565662e-13
0.3408749999999998 1.0899728139173965e-12
0.3317000000000007 1.1701084019232697e-12
0.331916666666667 5.626880965623479e-13
0.33150000000000135 1.0883041877595383e-12
0.33012500000000033 5.372270398277207e-13
0.3282222222222227 3.0439031076099224e-12
0.32939999999999986 5.138804971147472e-13
0.3270909090909091 7.251237769870026e-13
0.3262916666666678 9.414184326262908e-13
0.32542307692307837 7.562134612891795e-13
0.32646428571428676 3.2779979304994914e-13
0.3261000000000003 7.089043178527389e-13
Sampling time (10 samples): 7696.6652 seconds
/scratch/users/yanlan/Retrieval_0705/Output/AM_PM_ET_190_296_00
0.028999999999999995 2.0958888498905812e-38
0.046500000000000014 7.766344570393318e-55
restart...
0.03825000000000006 3.451569203178756e-57
restart...
0.04724999999999999 7.277587584130275e-54
restart...
0.03700000000000001 3.31415383441635e-60
restart...
0.042499999999999996 1.1028921546283762e-56
restart...
0.046749999999999986 4.0410033658100685e-56
restart...
0.04000000000000001 1.1522260594658728e-57
restart...
0.03824999999999996 4.286227983386741e-62
restart...
0.04250000000000008 1.1891562581429552e-57
restart...
0.04425000000000002 4.3338068872195815e-57
restart...
0.04024999999999999 2.2784752332033906e-59
restart...
0.03625000000000008 5.064881099512759e-62
restart...
0.040250000000000084 7.197849337174659e-57
restart...
0.040499999999999925 1.7864367012345635e-59
restart...
Sampling time (10 samples): 7449.5002 seconds
/scratch/users/yanlan/Retrieval_0705/Output/AM_PM_ET_195_425_00
0.39950000000000035 1.9375791253306305e-12
0.3727500000000004 6.595495369120128e-13
0.35066666666666696 3.536618653780058e-13
0.3403750000000004 8.293623457453992e-13
0.3396000000000008 3.725000113313464e-13
0.33516666666666667 6.821606786062827e-13
0.3355 9.830790481308446e-13
0.3339374999999989 1.1123687893060626e-12
0.3318333333333328 6.969828460679272e-13
0.3334499999999991 8.910889994069274e-13
0.3290454545454536 1.2370599311572279e-12
0.3294583333333344 4.5063123901471126e-13
0.32900000000000135 1.4190761035508182e-12
0.32871428571428735 1.3142814158285446e-12
0.32813333333333583 2.597511419185348e-13
Sampling time (10 samples): 7927.5109 seconds
