/scratch/users/yanlan/Retrieval_0705/Output/AM_PM_ET_163_221_00
0.39650000000000024 8.994183280469876e-13
0.3510000000000004 8.220803482531771e-13
0.35300000000000054 2.4407984187863313e-13
0.3465000000000019 4.968897397666891e-13
0.3364000000000009 7.721194768626638e-13
0.3378333333333356 3.351592450907522e-13
0.3315714285714319 5.611457226317096e-13
0.32968750000000324 8.736970858454056e-13
0.3298333333333363 6.059521322422904e-13
0.3306500000000019 8.727054518596377e-13
0.33168181818182024 2.9752941815491116e-13
0.3310000000000022 1.0699084836280164e-12
0.33019230769230895 1.5067121718511635e-12
0.3299285714285735 6.273911720011033e-13
0.32973333333333343 5.80209857947917e-13
Sampling time (10 samples): 7862.5945 seconds
/scratch/users/yanlan/Retrieval_0705/Output/AM_PM_ET_168_357_00
0.38150000000000056 8.980758971271467e-13
0.3450000000000001 5.915875098681318e-13
0.34099999999999997 2.6103128946817073e-12
0.33412500000000134 5.370398426276175e-13
0.33230000000000154 1.7979889517094195e-12
0.33125000000000165 5.865928307458081e-13
0.33321428571428635 8.006702618276952e-13
0.3331250000000009 1.2393941675588914e-12
0.33205555555555644 7.473416104444611e-13
0.33285000000000065 3.1038983137989094e-13
0.33440909090909204 7.969374367128319e-13
0.33287500000000225 1.2976232124227347e-12
0.3331923076923103 9.299270569577828e-13
0.3335714285714308 4.53059624759515e-13
0.332466666666669 3.594605954745424e-13
Sampling time (10 samples): 7612.0680 seconds
/scratch/users/yanlan/Retrieval_0705/Output/AM_PM_ET_174_310_00
0.014000000000000016 3.344949501172188e-43
restart...
0.017500000000000012 1.0259797619910136e-40
restart...
0.01500000000000001 5.2818032339693854e-42
restart...
0.04249999999999995 9.971886168737846e-36
0.14475000000000024 4.237256508063981e-36
0.16083333333333386 7.475142561911397e-39
0.1757500000000006 1.629589946715146e-39
0.18210000000000026 2.103713709061193e-40
0.1914166666666667 1.0664282745719688e-39
0.20492857142857152 9.219379727070789e-39
0.21900000000000014 9.289548922691999e-39
0.2309999999999997 7.282682561037793e-38
0.2392499999999999 3.2899209803495684e-38
0.2471818181818183 2.4572014052833254e-38
0.2538333333333337 6.427861571842627e-38
Sampling time (10 samples): 7413.1227 seconds
/scratch/users/yanlan/Retrieval_0705/Output/AM_PM_ET_179_410_00
0.017999999999999995 6.0901021060368826e-43
restart...
0.015999999999999986 2.7613416524820168e-40
restart...
0.02850000000000002 1.5510724471745235e-38
0.04299999999999992 1.1167858714600754e-55
restart...
0.03474999999999991 1.510492189738994e-60
restart...
0.03674999999999995 2.247480237883875e-60
restart...
0.04425 2.7932190928415765e-56
restart...
0.04049999999999995 1.006244048908955e-56
restart...
0.03224999999999997 6.864232309228131e-64
restart...
0.034750000000000024 5.924604653477695e-60
restart...
0.03650000000000006 1.020670634723004e-59
restart...
0.03624999999999999 1.256160028911308e-58
restart...
0.037249999999999985 1.3024948503208355e-56
restart...
0.036499999999999956 2.2042760031992253e-59
restart...
0.04524999999999996 4.502547883435623e-55
restart...
Sampling time (10 samples): 7604.6234 seconds
/scratch/users/yanlan/Retrieval_0705/Output/AM_PM_ET_185_274_00
0.07149999999999997 5.08393761378877e-34
0.17149999999999993 5.522907051851569e-35
0.22033333333333327 2.0696323704373814e-35
0.21662499999999982 2.2469730892193236e-43
0.19099999999999942 8.070668870710059e-58
restart...
0.1902999999999995 5.2772542475978204e-58
restart...
0.18939999999999993 1.1235260675935252e-60
restart...
0.19380000000000003 8.250841878156695e-61
restart...
0.21640000000000031 1.4453468516036061e-47
0.20275000000000035 3.7052419434245135e-55
restart...
0.20041666666666685 8.172869451584872e-57
restart...
0.19758333333333356 3.9916015679138853e-57
restart...
0.20008333333333353 4.468768304159603e-56
restart...
0.20016666666666683 1.8973284669804526e-58
restart...
0.1964166666666669 2.6502445011831846e-57
restart...
Sampling time (10 samples): 7432.8123 seconds
/scratch/users/yanlan/Retrieval_0705/Output/AM_PM_ET_190_405_00
0.08950000000000018 1.9919290709081254e-29
0.14550000000000032 2.0766300940254953e-31
0.14533333333333376 5.1346226383891e-38
0.17650000000000038 7.776789065467383e-36
0.17750000000000052 7.350759950040395e-41
0.17750000000000019 2.264646625506956e-44
0.17300000000000046 8.29502457988443e-50
restart...
0.1207500000000003 1.7295363183539868e-37
0.1543333333333332 2.6325234276542907e-36
0.15887499999999993 8.999931922686064e-43
0.1799000000000001 5.169500918188039e-42
0.20058333333333342 2.907341234850375e-39
0.21821428571428575 3.177357183183436e-37
0.21500000000000005 1.95729760139765e-40
0.21650000000000044 6.747984379780565e-40
Sampling time (10 samples): 7662.7355 seconds
/scratch/users/yanlan/Retrieval_0705/Output/AM_PM_ET_196_326_00
0.03700000000000001 7.94134695187798e-37
0.11249999999999995 1.2179103081006794e-39
0.14916666666666686 1.9630505657965224e-38
0.1854999999999996 4.007906173789936e-35
0.21369999999999958 1.762376056476319e-32
0.23224999999999943 1.4558122846255549e-31
0.2507142857142854 1.5739164617222277e-30
0.26924999999999966 1.0214642294612631e-30
0.2789999999999999 1.3256121442644829e-30
0.2874000000000001 1.4829801412194165e-30
0.29263636363636353 5.414137104853908e-31
0.2972083333333333 1.5083093065912303e-30
0.3027307692307677 1.3259198173155277e-30
0.3068928571428564 2.064869161635589e-30
0.31019999999999803 1.5967237349946484e-30
Sampling time (10 samples): 8247.8748 seconds
