/scratch/users/yanlan/Retrieval_0705/Output/AM_PM_ET_165_321_00
0.041 9.444760299811799e-37
0.12624999999999986 1.1266542738695871e-38
0.1926666666666671 6.413960625048956e-37
0.22425000000000067 6.973323226606448e-35
0.25250000000000067 2.7261394971159694e-35
0.2680833333333352 1.3641501267185885e-35
0.2738571428571454 3.8851552395912747e-35
0.2786250000000013 1.4555103917331664e-34
0.283222222222223 2.629078059973227e-34
0.28700000000000075 2.65899697424593e-34
0.29413636363636275 2.137292915961535e-34
0.29791666666666633 1.0389743379811284e-34
0.2989999999999999 4.7852479963460314e-34
0.3039285714285718 7.888591742548005e-34
0.30733333333333396 9.481122771031132e-34
Sampling time (10 samples): 7760.3844 seconds
/scratch/users/yanlan/Retrieval_0705/Output/AM_PM_ET_171_243_00
0.01699999999999999 3.0542814708854903e-43
restart...
0.030499999999999975 1.763018335236345e-38
0.0737499999999996 6.253643573833682e-47
0.14183333333333326 5.752795009267279e-44
0.17524999999999938 1.3720282461604381e-39
0.20839999999999942 2.572445154968179e-36
0.20408333333333295 7.96046262985105e-49
restart...
0.18916666666666612 2.513994439739382e-56
restart...
0.19158333333333255 5.98200251812337e-54
restart...
0.20441666666666622 1.2725690184350674e-48
0.19957142857142837 4.0966517292767678e-53
restart...
0.1975714285714276 4.211782991262665e-53
restart...
0.1980714285714286 2.2231744949780605e-54
restart...
0.20028571428571396 7.739682232763636e-54
restart...
0.19771428571428531 9.522729677152446e-54
restart...
Sampling time (10 samples): 8427.7635 seconds
/scratch/users/yanlan/Retrieval_0705/Output/AM_PM_ET_176_354_00
0.408 8.640788198159007e-13
0.3617500000000009 8.718769908826405e-13
0.3529999999999993 3.3657281254200744e-13
0.33812499999999934 9.606656045332065e-13
0.33299999999999974 1.613053465520185e-12
0.32858333333333367 9.036557293188742e-13
0.3298571428571432 2.5500025641706794e-13
0.3278125000000008 4.375630962290131e-13
0.32611111111111074 5.498594599192395e-13
0.3256499999999987 4.982960231292389e-13
0.324954545454543 4.3393682421695193e-13
0.32349999999999834 8.537724965903632e-13
0.32299999999999973 5.744879090849541e-13
0.3201785714285711 9.921332178262332e-14
0.32013333333333327 3.5071714556473734e-13
Sampling time (10 samples): 8046.1121 seconds
/scratch/users/yanlan/Retrieval_0705/Output/AM_PM_ET_182_238_00
0.04049999999999999 4.139154004350479e-39
0.09424999999999982 1.185847696293127e-46
0.12766666666666665 8.618880717333737e-51
restart...
0.03275000000000001 1.4966306192828493e-73
restart...
0.09875000000000005 4.291496443024482e-46
0.1363333333333332 6.717168997660212e-49
restart...
0.0787500000000001 1.3104082747263197e-50
restart...
0.07599999999999986 3.849922631732175e-48
0.12183333333333317 1.4924523246935172e-49
restart...
0.08725000000000016 2.7387377593732338e-45
0.11600000000000028 4.431926845938695e-49
restart...
0.07975000000000006 1.8037496076557554e-50
restart...
0.07274999999999991 1.4148944101542753e-49
restart...
0.08099999999999972 5.610413143240184e-50
restart...
0.07574999999999987 5.094175350520082e-50
restart...
Sampling time (10 samples): 8098.8963 seconds
/scratch/users/yanlan/Retrieval_0705/Output/AM_PM_ET_187_361_00
0.013999999999999992 8.95824765812027e-42
restart...
0.021 1.0150194884866722e-40
0.04000000000000003 2.6429695574323048e-58
restart...
0.05600000000000005 6.977928073812984e-52
restart...
0.04000000000000006 2.358530187421654e-56
restart...
0.0664999999999999 3.8406320525810673e-47
0.07433333333333307 2.657056013060532e-57
restart...
0.03450000000000001 4.8804301553040605e-59
restart...
0.024749999999999987 3.654049249684223e-68
restart...
0.04700000000000013 1.6389186141179913e-55
restart...
0.04075000000000002 2.051366937177935e-56
restart...
0.04475000000000004 3.7138074288485845e-57
restart...
0.049999999999999954 1.1821307252072544e-53
restart...
0.027500000000000004 9.326597535196079e-65
restart...
0.05249999999999992 2.6638648971120858e-51
restart...
Sampling time (10 samples): 8014.1318 seconds
/scratch/users/yanlan/Retrieval_0705/Output/AM_PM_ET_193_279_00
0.0975 6.091749728113245e-32
0.19725000000000006 4.6821328107104435e-31
0.22133333333333327 1.1264389729427744e-31
0.24350000000000008 1.0881744974475077e-30
0.2551999999999999 3.1225553880294053e-30
0.2589166666666672 4.382404946412494e-31
0.2721428571428568 1.4660154330028679e-31
0.2619375 4.5936184563688435e-46
0.23949999999999974 8.723399719874406e-67
restart...
0.2402222222222226 1.9381757923910648e-61
restart...
0.23933333333333287 1.7667520773295474e-64
restart...
0.23511111111111133 2.608093186050979e-72
restart...
0.24122222222222228 2.1206477191840313e-63
restart...
0.23527777777777778 1.6446837700586137e-74
restart...
0.24383333333333304 5.527466555351099e-58
restart...
Sampling time (10 samples): 10031.8106 seconds
