/scratch/users/yanlan/Retrieval_0705/Output/AM_PM_ET_160_349_00
0.01749999999999997 4.4213904760089236e-41
restart...
0.020500000000000008 6.43715947154328e-39
0.034249999999999975 1.2160794926791133e-59
restart...
0.041000000000000036 2.4270927875670976e-54
restart...
0.03700000000000006 4.110357390584356e-57
restart...
0.04175000000000003 3.280119055389698e-53
restart...
0.04225 1.310085448191176e-53
restart...
0.042499999999999954 3.292484508691004e-55
restart...
0.03474999999999996 8.741321559834101e-60
restart...
0.030499999999999985 7.2156752889944e-61
restart...
0.041749999999999995 3.9187480255268535e-54
restart...
0.039000000000000035 3.23099509120626e-55
restart...
0.04200000000000002 4.040951667602912e-55
restart...
0.04149999999999998 6.081348563967843e-55
restart...
0.028249999999999997 3.3893254957375225e-61
restart...
Sampling time (10 samples): 8528.8098 seconds
/scratch/users/yanlan/Retrieval_0705/Output/AM_PM_ET_166_268_00
0.06899999999999978 5.154025422437516e-32
0.1762499999999997 3.6668129320632742e-31
0.1829999999999999 2.3750644690022877e-38
0.15337500000000023 2.081319049804308e-59
restart...
0.15312500000000007 1.1484635019486779e-57
restart...
0.1508749999999998 3.7759196795376623e-59
restart...
0.145375 2.0028828170990436e-67
restart...
0.14712499999999992 1.211738201395291e-62
restart...
0.15850000000000014 7.776714201797345e-58
restart...
0.15024999999999972 5.0363765908391e-61
restart...
0.1552499999999997 2.7799991947103573e-57
restart...
0.1593749999999999 5.674049640592637e-57
restart...
0.15412499999999987 5.240454905965534e-61
restart...
0.152125 4.1176178109577695e-59
restart...
0.15350000000000008 3.8972077040462885e-58
restart...
Sampling time (10 samples): 10594.9731 seconds
/scratch/users/yanlan/Retrieval_0705/Output/AM_PM_ET_171_420_00
0.010499999999999987 8.161466798432794e-45
restart...
0.0215 2.339519986089793e-39
0.03500000000000002 2.323932721517516e-58
restart...
0.02625000000000002 1.423564544188267e-66
restart...
0.031500000000000035 2.141976765610091e-59
restart...
0.03349999999999992 7.278412286716172e-61
restart...
0.03425 4.0620137392203066e-60
restart...
0.03025000000000001 9.911854560793378e-61
restart...
0.020999999999999998 5.32849204594247e-69
restart...
0.026250000000000016 4.841005713636707e-64
restart...
0.032250000000000015 2.7528344848098615e-59
restart...
0.033750000000000065 1.0208879340672283e-60
restart...
0.026 5.279298727143101e-64
restart...
0.03549999999999998 2.009251949831111e-58
restart...
0.02800000000000002 5.160050150412074e-63
restart...
Sampling time (10 samples): 8038.2569 seconds
/scratch/users/yanlan/Retrieval_0705/Output/AM_PM_ET_177_299_00
0.03149999999999998 1.4682707982142397e-37
0.15949999999999984 1.2429479442785923e-38
0.21383333333333343 3.511883426527945e-36
0.24625000000000027 3.260085340875194e-35
0.2688999999999995 5.1646247200209794e-34
0.2784166666666673 9.246229417194591e-35
0.28335714285714336 6.672373728491042e-35
0.28868749999999965 4.26733773164018e-34
0.28933333333333205 7.960207746527358e-35
0.2932999999999989 5.543223977252171e-35
0.29472727272727206 7.757670135314518e-35
0.2979166666666654 1.0204375907975128e-34
0.30211538461538295 1.3212325550272932e-34
0.3051071428571408 2.4600441077676188e-34
0.3084333333333314 2.0492380327593185e-34
Sampling time (10 samples): 7973.3406 seconds
/scratch/users/yanlan/Retrieval_0705/Output/AM_PM_ET_182_383_00
0.04650000000000002 1.3144361212636763e-35
0.08199999999999995 6.948088124867924e-44
0.11583333333333316 7.777047442740719e-45
0.13449999999999987 1.9490743291120614e-45
0.1443999999999995 7.381081328990263e-46
0.1539166666666657 7.243394288766028e-47
0.1569999999999992 3.7665106834699497e-47
0.161687499999999 8.392140155144306e-48
0.1645555555555545 7.876212217004424e-49
restart...
0.08250000000000005 1.3332156352133982e-43
0.10950000000000003 2.06386055319622e-45
0.12362499999999998 3.0463929995731585e-47
0.1351999999999997 4.050418969618707e-48
0.14258333333333337 2.0201346029157477e-50
restart...
0.08875000000000005 9.226121245089874e-43
Sampling time (10 samples): 8207.9869 seconds
/scratch/users/yanlan/Retrieval_0705/Output/AM_PM_ET_188_306_00
0.0059999999999999975 1.332193038677233e-46
restart...
0.010999999999999998 1.2510480142035757e-42
restart...
0.011500000000000007 3.7830445295184035e-42
restart...
0.00849999999999999 5.819989584152758e-46
restart...
0.013000000000000001 4.385303281455217e-43
restart...
0.009000000000000006 1.2335890426129226e-45
restart...
0.010499999999999985 1.0029213355780948e-44
restart...
0.0135 6.190044906905002e-41
restart...
0.011999999999999985 3.805012318610903e-44
restart...
0.017999999999999985 2.6833531432533702e-39
restart...
0.03249999999999997 1.5046807848769966e-36
0.12175000000000007 4.8818411877735226e-37
0.1718333333333328 3.8912331624261414e-33
0.20737499999999964 5.516234002593426e-31
0.22549999999999987 7.480272168015268e-30
Sampling time (10 samples): 7427.0102 seconds
/scratch/users/yanlan/Retrieval_0705/Output/AM_PM_ET_193_431_00
0.4144999999999991 9.885105960522377e-13
0.37674999999999986 1.6845217160930484e-12
0.36083333333333373 2.8903578900866873e-13
0.35400000000000104 3.499163797898138e-13
0.3452000000000014 3.8186672280283204e-13
0.3401666666666675 9.369412363610201e-13
0.33535714285714413 6.618586894943059e-13
0.3328750000000009 7.522699809396454e-13
0.3306111111111107 1.061638000744153e-12
0.3306500000000007 8.12282045936141e-13
0.3292272727272733 1.2590468746585608e-12
0.32987500000000175 1.1936598568794387e-12
0.3297307692307712 8.70245288402424e-13
0.3272857142857167 9.081662708787604e-13
0.32830000000000154 5.553921796629917e-13
Sampling time (10 samples): 7169.4074 seconds
