/scratch/users/yanlan/Retrieval_0705/Output/AM_PM_ET_160_302_00
0.02700000000000001 5.936949099258818e-40
0.11749999999999992 1.7234514890733934e-40
0.1751666666666672 1.8271798959340676e-36
0.18462500000000068 7.1437555112207344e-40
0.19610000000000094 2.5713495273337184e-40
0.20408333333333398 8.319283708163628e-42
0.20957142857142827 3.907322470810148e-42
0.22231250000000027 2.4500152844593512e-39
0.23577777777777872 1.9969405704856215e-38
0.24885000000000124 1.823963981143732e-37
0.26090909090909187 9.814836510789082e-37
0.26870833333333244 4.0780839245953355e-37
0.27630769230769014 5.149892094319928e-37
0.2833571428571414 6.719270642724041e-37
0.29066666666666485 1.1323718430484585e-37
Sampling time (10 samples): 8001.4205 seconds
/scratch/users/yanlan/Retrieval_0705/Output/AM_PM_ET_165_426_00
0.016500000000000004 1.6544595074102307e-39
restart...
0.04200000000000001 9.48079208300707e-37
0.07175000000000022 3.239398285445544e-47
0.08400000000000041 6.999794152070863e-56
restart...
0.0595 1.7297296285698237e-49
restart...
0.0697499999999999 4.342218996224828e-44
0.07216666666666678 7.473242151142832e-57
restart...
0.06575000000000004 2.582845773546852e-48
0.05483333333333342 1.6254086828107017e-72
restart...
0.06300000000000003 6.557809923785138e-50
restart...
0.06625000000000003 2.229711677673358e-47
0.06733333333333359 5.9746545592799506e-62
restart...
0.06875000000000035 7.79141970612489e-46
0.07416666666666688 7.207839668631323e-56
restart...
0.058500000000000024 2.2440005126975346e-47
Sampling time (10 samples): 7997.7483 seconds
/scratch/users/yanlan/Retrieval_0705/Output/AM_PM_ET_171_345_00
0.42200000000000015 6.22770742846055e-13
0.3622500000000009 1.2275652860153817e-12
0.3473333333333344 5.007164780848483e-13
0.34600000000000103 2.29122995821656e-13
0.3444000000000017 3.568178924676267e-13
0.3399166666666681 5.245971830354354e-13
0.3370000000000027 4.977487967518828e-13
0.33337500000000075 1.3659872139447296e-12
0.33222222222222253 4.836985955422765e-13
0.3326500000000009 8.618055162392426e-13
0.33509090909090883 2.331215980133895e-13
0.3323333333333338 3.5889509102146787e-13
0.330538461538463 5.260602899238769e-13
0.32917857142857304 6.647277271145851e-13
0.33073333333333427 1.390424862192843e-12
Sampling time (10 samples): 8044.8321 seconds
/scratch/users/yanlan/Retrieval_0705/Output/AM_PM_ET_177_233_00
0.014500000000000008 3.724524688326244e-42
restart...
0.024499999999999977 1.3662869953315842e-39
0.13449999999999995 1.4737407593283197e-40
0.1865000000000002 2.0262983428045898e-36
0.2191250000000005 1.634279264607744e-35
0.24080000000000074 5.974778569197869e-35
0.2573333333333346 7.067346897623016e-34
0.2654285714285723 1.256425359158817e-33
0.27412500000000034 8.857932054179717e-33
0.27644444444444394 9.486342094327863e-33
0.2769 8.269281528963725e-33
0.28199999999999975 9.197180053052094e-33
0.28887499999999994 3.744003312984878e-33
0.29353846153846025 4.299324323525099e-33
0.2957857142857129 4.99555833555573e-32
Sampling time (10 samples): 8087.7022 seconds
/scratch/users/yanlan/Retrieval_0705/Output/AM_PM_ET_182_331_00
0.09000000000000001 7.388758816763982e-33
0.21325000000000013 2.04513558354762e-30
0.24883333333333327 3.67155382203694e-28
0.2810000000000012 1.4207358876043712e-28
0.30170000000000047 6.726688980160794e-28
0.3144999999999992 1.3920807010924913e-27
0.3187142857142853 4.94609137474158e-27
0.3258749999999994 1.4367386112369136e-27
0.3346666666666664 5.78617799701133e-28
0.33974999999999966 1.398700349945609e-27
0.3417727272727279 1.754626686419787e-27
0.34291666666666604 8.427305233838509e-28
0.3458461538461538 1.36520892155905e-27
0.3482500000000008 9.378341753372354e-28
0.3497666666666672 1.2943073740828426e-27
Sampling time (10 samples): 7941.9565 seconds
/scratch/users/yanlan/Retrieval_0705/Output/AM_PM_ET_188_258_00
0.05949999999999996 1.1254415593148052e-36
0.10150000000000012 1.0440270451604198e-46
0.16666666666666652 1.636006907459258e-41
0.20024999999999973 3.78017311609303e-37
0.1711999999999999 1.5859939462219001e-68
restart...
0.1910999999999996 6.819168327363851e-58
restart...
0.1879999999999997 5.75196182253185e-58
restart...
0.19399999999999992 1.0177727092088932e-53
restart...
0.1841999999999994 5.751898761067387e-63
restart...
0.2195 1.2690919714862382e-34
0.23149999999999968 6.785997965246923e-35
0.23971428571428563 4.0918149281488456e-35
0.21006249999999987 3.7109343048634763e-78
restart...
0.21175000000000002 7.578893943382148e-69
restart...
0.21162499999999992 4.508018656362138e-68
restart...
Sampling time (10 samples): 8853.3480 seconds
/scratch/users/yanlan/Retrieval_0705/Output/AM_PM_ET_193_362_00
0.03900000000000004 6.098926656658479e-36
0.05599999999999999 1.204012032846634e-52
restart...
0.056499999999999974 1.2802266056830773e-51
restart...
0.05424999999999997 1.4051089767409378e-50
restart...
0.05025000000000006 3.770526909170569e-53
restart...
0.058750000000000045 2.7657179909347197e-52
restart...
0.11900000000000002 3.881846377002692e-38
0.15866666666666657 3.5943166822568588e-37
0.1752500000000002 9.065034891437536e-37
0.19089999999999993 1.7604743980760134e-35
0.2017499999999994 4.208534560091431e-36
0.20707142857142816 1.7473327327356835e-35
0.21543749999999923 9.556998135958096e-35
0.2239444444444442 5.892222094493381e-35
0.22654999999999995 6.27279901220547e-34
Sampling time (10 samples): 7720.0917 seconds
