/scratch/users/yanlan/Retrieval_0705/Output/AM_PM_ET_160_429_00
0.0055 9.306407252156582e-48
restart...
0.007499999999999994 1.4434245278235357e-45
restart...
0.021999999999999978 1.3759804910969632e-37
0.036000000000000004 4.104678080789283e-57
restart...
0.03975000000000007 6.998000140495882e-56
restart...
0.032000000000000015 4.422485401047948e-56
restart...
0.02275 2.7398117958215685e-66
restart...
0.035249999999999976 4.582366371769243e-59
restart...
0.039750000000000056 5.648071807565907e-56
restart...
0.02849999999999995 3.9929070616017855e-63
restart...
0.032999999999999904 3.08365924293384e-58
restart...
0.02450000000000001 1.5971682810283484e-65
restart...
0.03524999999999999 6.591625585638392e-57
restart...
0.03525 1.1718011398667711e-56
restart...
0.04274999999999987 1.1740820177759347e-52
restart...
Sampling time (10 samples): 7717.5634 seconds
/scratch/users/yanlan/Retrieval_0705/Output/AM_PM_ET_166_326_00
0.008499999999999997 1.4777323328759389e-44
restart...
0.005 3.9592619597315746e-50
restart...
0.009999999999999993 3.929125238352175e-45
restart...
0.014000000000000002 6.719222456784705e-44
restart...
0.019000000000000024 1.6771314200402868e-41
restart...
0.02849999999999999 3.86911887660009e-40
0.14474999999999982 4.802363103741611e-40
0.18766666666666668 2.0659174375414218e-38
0.2216250000000002 2.411620750241187e-35
0.23630000000000023 3.21531102571153e-34
0.255833333333332 2.52412232793976e-33
0.24671428571428408 4.629818776855491e-41
0.252687499999998 8.938588445474746e-40
0.25872222222222 1.1869806293091974e-38
0.2632999999999978 5.2425743789747924e-37
Sampling time (10 samples): 8671.3029 seconds
/scratch/users/yanlan/Retrieval_0705/Output/AM_PM_ET_172_280_00
0.04950000000000001 7.680949079784468e-35
0.16825000000000007 2.384907412062354e-34
0.17216666666666677 1.8235522109243777e-38
0.15637500000000015 1.856263303106642e-52
restart...
0.14 2.6440823987769885e-34
0.12250000000000036 4.8657752617356385e-51
restart...
0.11550000000000021 8.025609843884496e-39
0.12700000000000014 7.788868068550013e-42
0.11550000000000019 3.7014596059068663e-57
restart...
0.16725000000000018 4.469329525273223e-35
0.12233333333333289 5.074497355872708e-62
restart...
0.12274999999999994 6.123538913123948e-41
0.10033333333333327 3.250462210651169e-63
restart...
0.16875000000000012 1.8969818585417364e-33
0.1563333333333339 6.607544314049372e-49
restart...
Sampling time (10 samples): 7807.7452 seconds
/scratch/users/yanlan/Retrieval_0705/Output/AM_PM_ET_177_358_00
0.032999999999999995 1.5637429786090791e-37
0.13224999999999948 2.8166182720443964e-39
0.17349999999999963 2.854425971674163e-37
0.22225000000000003 7.141959210742484e-36
0.24900000000000017 3.5705374108423346e-35
0.26750000000000007 5.778514630147904e-35
0.2802857142857142 5.628958489081301e-36
0.2651874999999996 3.6193758214183865e-44
0.25077777777777727 2.6710054124978003e-50
restart...
0.24727777777777682 5.585546801257724e-54
restart...
0.2488333333333333 4.0193955884666316e-53
restart...
0.25200000000000017 3.231694485082138e-50
restart...
0.250222222222222 3.65366989895929e-53
restart...
0.2501666666666654 9.574941123783865e-52
restart...
0.24794444444444325 6.689699399083416e-53
restart...
Sampling time (10 samples): 7426.7046 seconds
/scratch/users/yanlan/Retrieval_0705/Output/AM_PM_ET_183_242_00
0.03649999999999998 4.998765785833738e-39
0.17249999999999988 6.194945632896547e-37
0.21866666666666654 2.686376432253604e-34
0.23350000000000032 2.606533346126509e-36
0.24240000000000045 7.547389032818085e-38
0.23800000000000004 9.026995362529247e-42
0.2487857142857143 3.3344161317732605e-41
0.2593750000000009 5.344641976117761e-40
0.26161111111111174 1.0385098736264857e-41
0.25590000000000107 6.155527906122353e-50
restart...
0.25750000000000034 5.532567988125855e-47
0.24981818181818094 2.2497577451384367e-51
restart...
0.2537272727272727 1.7470142593958574e-48
0.25262500000000027 1.7280834196093192e-49
restart...
0.2508750000000001 2.4158142911102746e-49
restart...
Sampling time (10 samples): 7509.3814 seconds
/scratch/users/yanlan/Retrieval_0705/Output/AM_PM_ET_188_364_00
0.007000000000000009 2.4150098670010786e-48
restart...
0.03249999999999999 6.173583335642568e-38
0.1344999999999999 1.0255252615076242e-38
0.1808333333333338 1.286219421420212e-38
0.21737500000000043 1.128696962918725e-37
0.2362000000000005 1.0803247724806527e-36
0.2460833333333336 5.3651468187402294e-36
0.25778571428571345 5.043908561099688e-36
0.2667499999999996 5.194366956540014e-36
0.2697777777777767 3.283126784106584e-36
0.2749999999999988 4.396046224852738e-36
0.2767727272727262 1.6107088929747168e-36
0.27912499999999885 3.464626322845772e-36
0.2812307692307683 1.542980580329423e-36
0.2829285714285702 6.031476938399657e-36
Sampling time (10 samples): 7644.9720 seconds
/scratch/users/yanlan/Retrieval_0705/Output/AM_PM_ET_194_291_00
0.07399999999999993 6.705995198294574e-35
0.2252499999999995 1.2532948207548259e-33
0.255666666666665 1.3527056778470223e-32
0.2689999999999993 2.03435221760231e-32
0.28939999999999916 5.981655749843504e-33
0.30233333333333123 5.658820636855637e-33
0.30828571428571205 8.629692531700213e-33
0.30962499999999815 5.244323327033522e-32
0.3157777777777755 5.089988300971427e-32
0.32014999999999866 1.7629572319087368e-32
0.32354545454545347 1.897663795707001e-32
0.3247083333333317 2.2591320996927598e-33
0.3255384615384599 2.8621929403316296e-32
0.32557142857142723 2.56228446579756e-32
0.327433333333332 4.7256686707817604e-32
Sampling time (10 samples): 7441.0425 seconds
