/scratch/users/yanlan/Retrieval_0705/Output/AM_PM_ET_163_460_00
0.41799999999999976 1.1182966687025741e-12
0.3747500000000004 1.4640993495105498e-12
0.36449999999999977 4.3488320849657624e-13
0.3573749999999999 6.043096408439658e-13
0.34410000000000035 8.497544405758879e-13
0.3428333333333333 3.0197639012740374e-13
0.34335714285714264 3.15408867977384e-13
0.339875 9.22504806093036e-13
0.3357777777777771 1.4502326627168995e-12
0.3352000000000008 7.08222975804466e-13
0.3335454545454569 7.58030038157512e-13
0.3331666666666688 1.44230065850251e-12
0.33334615384615573 1.3515547769196325e-12
0.3321071428571446 9.05295945157851e-13
0.33000000000000085 7.156347316668966e-13
Sampling time (10 samples): 7705.5811 seconds
/scratch/users/yanlan/Retrieval_0705/Output/AM_PM_ET_169_388_00
0.012000000000000002 9.462595250332926e-43
restart...
0.021500000000000026 1.3265415603071061e-40
0.02275000000000001 5.634504035488358e-69
restart...
0.024000000000000007 1.151130949400393e-68
restart...
0.029249999999999977 2.7492800991762733e-61
restart...
0.020500000000000018 8.802241347619264e-69
restart...
0.030250000000000006 1.7274107101753477e-61
restart...
0.022499999999999992 1.4706739604298813e-68
restart...
0.027999999999999987 2.5367623400006838e-64
restart...
0.0205 1.5463231316590194e-70
restart...
0.028000000000000032 8.766754656516168e-62
restart...
0.022500000000000006 1.920297332340577e-69
restart...
0.02775000000000002 4.521650883854435e-63
restart...
0.03449999999999999 1.1854827486475578e-58
restart...
0.025000000000000012 9.500025805074553e-67
restart...
Sampling time (10 samples): 7469.9072 seconds
/scratch/users/yanlan/Retrieval_0705/Output/AM_PM_ET_175_298_00
0.07049999999999998 1.8085374609894807e-34
0.19875000000000037 2.4665189732618895e-33
0.2400000000000004 4.4765619086144467e-32
0.2576250000000003 7.793602442360524e-32
0.26099999999999984 6.729336838167008e-33
0.2560000000000003 6.921932279566666e-35
0.25385714285714267 8.812622384072365e-36
0.2626875 2.266964934102486e-34
0.26744444444444465 4.669030442061229e-35
0.27555000000000013 4.1445303320582946e-35
0.2815909090909091 2.0105436580339227e-35
0.28558333333333324 1.3022467245747804e-34
0.28988461538461663 1.0062324376201323e-34
0.2938571428571431 3.3373098027358e-35
0.2968333333333323 2.197667423379262e-34
Sampling time (10 samples): 7326.0304 seconds
/scratch/users/yanlan/Retrieval_0705/Output/AM_PM_ET_180_406_00
0.016999999999999984 2.3329839269203583e-41
restart...
0.016999999999999984 6.471723236388715e-42
restart...
0.030000000000000013 2.2530177143993544e-36
0.04500000000000004 2.238432576144136e-52
restart...
0.03975000000000015 1.5863271082653813e-56
restart...
0.042250000000000086 1.1608669775461894e-52
restart...
0.040250000000000036 1.8159955508790844e-54
restart...
0.04900000000000002 4.2295240771146773e-50
restart...
0.04649999999999993 4.816053138875013e-52
restart...
0.03974999999999995 8.879896426534635e-55
restart...
0.04875 7.887052647263483e-51
restart...
0.05525000000000006 5.70444290596388e-51
restart...
0.046249999999999986 1.0813538725562042e-52
restart...
0.048500000000000036 1.677670953305905e-50
restart...
0.04024999999999999 9.655952565336022e-56
restart...
Sampling time (10 samples): 7601.7580 seconds
/scratch/users/yanlan/Retrieval_0705/Output/AM_PM_ET_186_287_00
0.027500000000000004 7.869436334717367e-39
0.1102499999999999 2.0942954010814585e-43
0.18083333333333348 7.879011983673898e-39
0.21924999999999964 1.1228322147179846e-36
0.24999999999999994 8.102529088444589e-36
0.2741666666666673 1.3604062812854337e-35
0.2917857142857155 6.984656557041122e-36
0.30412500000000275 1.7663367521166147e-36
0.3095555555555584 9.344953993584249e-36
0.317200000000003 2.0431933910476016e-36
0.32259090909091276 7.209048142575011e-36
0.32320833333333454 2.517107973783196e-36
0.32738461538461716 3.594698520768246e-36
0.3322142857142873 4.664605517133957e-36
0.3343666666666678 1.0593073948095971e-35
Sampling time (10 samples): 7428.8311 seconds
/scratch/users/yanlan/Retrieval_0705/Output/AM_PM_ET_191_413_00
0.0405 1.7992429709103935e-36
0.07199999999999991 2.6710978397223332e-45
0.0939999999999998 3.276137019360864e-50
restart...
0.08750000000000017 2.1064459943338678e-42
0.1086666666666667 9.220463049995294e-47
0.11924999999999997 2.368881741669279e-53
restart...
0.10250000000000019 2.1904471285193818e-40
0.12450000000000011 2.8195596196118387e-43
0.13849999999999976 3.06974805539187e-44
0.13890000000000036 7.361728818682847e-49
restart...
0.08549999999999995 2.764253323365423e-44
0.09616666666666641 1.2575457651929643e-51
restart...
0.08500000000000005 4.784440406611331e-45
0.10366666666666685 1.731161785883749e-47
0.11912500000000005 1.1364116778414317e-50
restart...
Sampling time (10 samples): 7464.1062 seconds
/scratch/users/yanlan/Retrieval_0705/Output/AM_PM_ET_197_324_00
0.005000000000000004 5.110143619794378e-50
restart...
0.01299999999999999 1.055763668776606e-43
restart...
0.015999999999999993 8.15204226845706e-41
restart...
0.010499999999999997 5.843132715172286e-44
restart...
0.012000000000000004 4.483236104278908e-43
restart...
0.010999999999999994 4.6002801860453956e-45
restart...
0.0075000000000000015 5.3181718958120965e-48
restart...
0.007499999999999981 1.1391773360831262e-46
restart...
0.012499999999999997 1.5534835304336538e-44
restart...
0.004999999999999996 1.4691674196941096e-49
restart...
0.01650000000000004 1.1969866296858499e-41
restart...
0.01849999999999999 2.2140223817707976e-42
restart...
0.014000000000000005 3.853871227078802e-43
restart...
0.01949999999999998 1.127177705261636e-40
restart...
0.0059999999999999975 6.460546751069162e-47
restart...
Sampling time (10 samples): 8330.4629 seconds
