/scratch/users/yanlan/Retrieval_0705/Output/AM_PM_ET_161_269_00
0.06200000000000001 9.042457515420672e-34
0.17899999999999922 4.5383746160852967e-33
0.19333333333333313 1.545963973134804e-37
0.2398750000000002 2.9575425880192405e-35
0.26899999999999896 5.753524403338841e-34
0.28624999999999823 4.425157423788291e-34
0.2962857142857135 2.307993155870409e-33
0.30499999999999994 1.121840427291882e-33
0.30994444444444286 1.4737354028279699e-33
0.3165999999999994 1.5230157633905838e-33
0.32213636363636355 2.625254126501348e-33
0.32516666666666727 6.423282545672521e-34
0.328576923076924 9.866805487392742e-34
0.33189285714285865 1.496736599456116e-33
0.3322333333333344 4.465834905190215e-34
Sampling time (10 samples): 7921.3497 seconds
/scratch/users/yanlan/Retrieval_0705/Output/AM_PM_ET_166_388_00
0.04099999999999998 1.1030809005279823e-35
0.07349999999999995 2.361193237714232e-44
0.08100000000000025 5.342716473584781e-57
restart...
0.05599999999999984 2.7470812062880004e-51
restart...
0.06674999999999993 2.714381857804351e-46
0.07450000000000019 3.8659416828862397e-59
restart...
0.07775000000000011 5.052848573143834e-45
0.08849999999999994 3.6154978083016785e-51
restart...
0.07075000000000015 9.477799766380845e-45
0.07466666666666662 2.029402270674082e-57
restart...
0.0689999999999998 3.2529444971176178e-46
0.07466666666666673 2.2979916091606058e-57
restart...
0.07024999999999988 4.385012217242194e-44
0.07283333333333325 1.779581279946842e-58
restart...
0.06525000000000007 6.516599066824496e-49
restart...
Sampling time (10 samples): 7479.5864 seconds
/scratch/users/yanlan/Retrieval_0705/Output/AM_PM_ET_172_325_00
0.03650000000000002 1.2004832706284716e-36
0.12250000000000018 6.336861178260803e-37
0.1623333333333335 3.228828698873092e-36
0.1815000000000002 1.3774852928906422e-34
0.19960000000000028 1.853622270986477e-33
0.2139999999999998 1.0314717740966314e-32
0.22085714285714292 7.499539561690438e-32
0.22687499999999997 2.0067763008121466e-31
0.2306111111111112 2.414271920422938e-31
0.23260000000000022 3.3225889033856044e-31
0.23750000000000013 2.5746422057514367e-31
0.2394583333333336 9.042996938273775e-31
0.24196153846153848 3.2944081154370686e-31
0.24442857142857166 5.830888474291271e-32
0.2453333333333334 5.260078777900455e-31
Sampling time (10 samples): 7402.0516 seconds
/scratch/users/yanlan/Retrieval_0705/Output/AM_PM_ET_177_438_00
0.014 3.1622217578463245e-42
restart...
0.05099999999999999 1.290567254551483e-35
0.12825000000000003 5.616652672149054e-38
0.14533333333333345 2.4370030061309386e-43
0.11912499999999991 1.1024253872184365e-69
restart...
0.10825000000000001 2.2240428214024096e-38
0.10733333333333345 4.815524373997725e-51
restart...
0.1427499999999999 7.08407280416135e-36
0.15533333333333313 5.023205518376387e-38
0.15974999999999984 1.9239618795478386e-43
0.17449999999999968 2.4514779262434394e-43
0.184583333333333 8.257632471809824e-45
0.2000714285714291 2.2927572253204755e-42
0.2052500000000005 8.376865671329716e-42
0.21366666666666748 1.7920893903821284e-41
Sampling time (10 samples): 7845.5011 seconds
/scratch/users/yanlan/Retrieval_0705/Output/AM_PM_ET_183_293_00
0.02549999999999999 2.6138450485960987e-40
0.15499999999999986 2.1793242607956982e-39
0.2094999999999998 8.193196787104419e-38
0.21887499999999993 2.0070491931308908e-42
0.21470000000000028 2.1408716964079793e-46
0.23508333333333348 1.3527125000989718e-45
0.25342857142857184 2.0142351715322388e-44
0.2693124999999995 2.3964830540338387e-44
0.27866666666666595 1.066241689123818e-44
0.28224999999999834 1.5564435908193478e-44
0.28045454545454424 1.4217682593681078e-51
restart...
0.2670454545454524 5.873587940145278e-53
restart...
0.2744090909090899 2.0800689598555178e-57
restart...
0.2669999999999979 2.052834906552375e-54
restart...
0.26509090909090743 1.4989539553000594e-62
restart...
Sampling time (10 samples): 7946.1072 seconds
/scratch/users/yanlan/Retrieval_0705/Output/AM_PM_ET_188_424_00
0.027000000000000003 4.790200098377955e-39
0.11499999999999984 3.964605456221863e-42
0.15950000000000003 2.1046063716615746e-40
0.16312500000000044 3.541406148998772e-44
0.17900000000000044 6.653416926753031e-42
0.17891666666666706 1.1608078914070642e-43
0.18485714285714333 1.6731348414078121e-43
0.20081250000000073 1.6048099379596968e-42
0.21355555555555655 2.90645126879764e-41
0.22040000000000096 1.9276611039345413e-40
0.22372727272727347 8.725590660999394e-40
0.22987500000000033 1.7662526366221363e-39
0.23215384615384588 1.9733080721630547e-39
0.23635714285714277 3.282509988779791e-39
0.23789999999999994 5.1054548694462365e-40
Sampling time (10 samples): 8489.6674 seconds
/scratch/users/yanlan/Retrieval_0705/Output/AM_PM_ET_194_336_00
0.0065000000000000014 1.7407625568248843e-45
restart...
0.025000000000000015 6.737166380105643e-38
0.02025000000000001 1.1546264313196966e-73
restart...
0.026250000000000006 1.7717395237226102e-66
restart...
0.025000000000000005 2.0935795724128278e-66
restart...
0.03025000000000002 1.3552341806411245e-63
restart...
0.027499999999999993 4.742675718260935e-63
restart...
0.02350000000000005 3.971469214977542e-71
restart...
0.02575000000000002 3.3705451660708433e-68
restart...
0.030249999999999992 8.428175768378244e-65
restart...
0.027000000000000027 6.159379638069981e-65
restart...
0.03175000000000003 5.623797771097043e-61
restart...
0.02524999999999999 1.6592647601759558e-71
restart...
0.02250000000000002 2.643610276898247e-69
restart...
0.030000000000000013 7.58204959534845e-67
restart...
Sampling time (10 samples): 7808.5318 seconds
