/scratch/users/yanlan/Retrieval_0705/Output/AM_PM_ET_162_406_00
0.015499999999999996 1.477247856405682e-42
restart...
0.008500000000000018 1.8002730980087533e-45
restart...
0.016500000000000008 4.266939095268452e-40
restart...
0.012499999999999989 7.163446138832848e-44
restart...
0.014499999999999985 7.043669402374275e-43
restart...
0.017000000000000008 3.7508144681544966e-41
restart...
0.021999999999999995 5.802295614847798e-38
0.047249999999999945 6.720535324846763e-55
restart...
0.044999999999999984 7.181879773775205e-55
restart...
0.040499999999999946 1.1746425189807848e-57
restart...
0.04125 1.9894052205964066e-56
restart...
0.04375000000000007 2.228234952887432e-55
restart...
0.04524999999999993 6.947906261005262e-53
restart...
0.0472500000000001 1.4722741758833438e-52
restart...
0.043 2.588567430920716e-56
restart...
Sampling time (10 samples): 9099.8871 seconds
/scratch/users/yanlan/Retrieval_0705/Output/AM_PM_ET_168_317_00
0.031 5.185142659305027e-37
0.11974999999999998 2.5295898644776973e-38
0.16383333333333366 1.2232150998995576e-37
0.18012500000000045 4.606276785531017e-38
0.1860000000000001 6.613964907966416e-39
0.19533333333333325 2.067319961944266e-39
0.20678571428571474 1.4922601143095622e-38
0.21431250000000018 1.349318558735463e-38
0.223055555555556 5.1043408697632556e-39
0.22705000000000042 9.515675415687648e-42
0.23236363636363683 3.401132374143722e-43
0.22958333333333397 8.004209924546192e-47
0.23519230769230842 3.040593587071656e-45
0.24003571428571505 1.6582736570597605e-43
0.2460666666666677 7.603606214125825e-42
Sampling time (10 samples): 8306.3158 seconds
/scratch/users/yanlan/Retrieval_0705/Output/AM_PM_ET_174_272_00
0.03349999999999999 2.0461148544256977e-37
0.11875000000000005 3.920220251703596e-39
0.1338333333333334 6.2355385624033834e-46
0.14262500000000025 6.670804286409942e-50
restart...
0.054499999999999986 3.0695670585903164e-51
restart...
0.07399999999999998 1.165526539061144e-48
0.12116666666666659 7.679328342258583e-49
restart...
0.06825000000000006 7.147592549018697e-49
restart...
0.07149999999999988 3.951782723455851e-47
0.11666666666666667 3.933299038970566e-49
restart...
0.05800000000000002 2.1896132012500592e-51
restart...
0.055999999999999946 1.903503072353632e-52
restart...
0.06000000000000007 1.1033094145268895e-50
restart...
0.06999999999999992 6.615995322476416e-46
0.10933333333333319 1.1039159770708166e-46
Sampling time (10 samples): 9038.0278 seconds
/scratch/users/yanlan/Retrieval_0705/Output/AM_PM_ET_179_346_00
0.010499999999999995 4.167942003621385e-45
restart...
0.010499999999999994 2.4624896066551264e-45
restart...
0.03350000000000004 3.955806437160794e-39
0.12950000000000017 9.038246925494244e-38
0.1630000000000001 6.152627999749992e-37
0.198125 7.592670726733494e-36
0.22379999999999992 2.0968700333931743e-34
0.2422499999999998 3.3546172959190543e-33
0.25071428571428606 4.369649795702116e-33
0.2596874999999997 2.659572251071807e-33
0.26655555555555416 6.812400848466511e-34
0.2678499999999997 1.1243069718419633e-33
0.27013636363636045 4.595530931903302e-34
0.26979166666666493 2.688239230908182e-35
0.26611538461538264 4.846498564570964e-36
Sampling time (10 samples): 8380.8965 seconds
/scratch/users/yanlan/Retrieval_0705/Output/AM_PM_ET_185_235_00
0.049 3.993214671572939e-36
0.16249999999999995 1.100773734095255e-36
0.20616666666666728 6.37984843774811e-35
0.2412500000000007 5.0547725068729626e-34
0.25989999999999974 1.850501987794274e-33
0.26874999999999954 6.238638789323086e-34
0.27071428571428524 8.328332959027723e-35
0.27437499999999937 1.5071498218810536e-33
0.2808888888888893 2.5642150195519937e-33
0.2861000000000015 4.344515569803248e-33
0.28768181818181915 2.6590853397203184e-33
0.28670833333333284 7.85192431177067e-34
0.28523076923076846 3.063113056010641e-35
0.28728571428571414 1.1712873917064831e-33
0.29013333333333174 1.0645812053426867e-33
Sampling time (10 samples): 8662.5915 seconds
/scratch/users/yanlan/Retrieval_0705/Output/AM_PM_ET_190_346_00
0.0055000000000000075 1.4215194362477183e-47
restart...
0.017499999999999977 4.536091512556281e-41
restart...
0.006999999999999985 1.2449998697505405e-47
restart...
0.01000000000000001 2.781445217066509e-44
restart...
0.006499999999999996 7.481446080996528e-46
restart...
0.024499999999999977 6.876841916459701e-41
0.03874999999999994 4.4454325690720085e-62
restart...
0.09575000000000014 1.6713916472388588e-45
0.14833333333333318 9.858038148004538e-44
0.18124999999999938 2.8756159942715457e-40
0.2035999999999993 2.1221789330962486e-38
0.2159999999999996 2.172416117720607e-36
0.22692857142857142 6.192579486212111e-35
0.2331875000000002 9.765454142471927e-36
0.24016666666666656 9.262540757853732e-36
Sampling time (10 samples): 8508.9761 seconds
/scratch/users/yanlan/Retrieval_0705/Output/AM_PM_ET_196_288_00
0.03250000000000003 2.5806312050194737e-37
0.1160000000000001 3.319585440329346e-41
0.17999999999999988 2.893381931527057e-37
0.21637500000000018 1.5896493349577044e-34
0.22310000000000021 2.9903438987877437e-36
0.2132500000000002 8.793882842327945e-41
0.2110714285714286 2.0785772963567538e-41
0.19912499999999977 7.35831659673255e-51
restart...
0.19681249999999986 9.848132941830189e-51
restart...
0.20437500000000053 1.0464714996352902e-47
0.20972222222222217 8.767235292710223e-46
0.21385000000000032 5.133739610033742e-45
0.2211818181818185 6.199366081613979e-43
0.2296666666666666 9.200934867089412e-41
0.23603846153846172 3.630510973872473e-40
Sampling time (10 samples): 7607.5126 seconds
