/scratch/users/yanlan/Retrieval_0705/Output/AM_PM_ET_165_344_00
0.023000000000000034 1.2617671483672326e-38
0.041249999999999995 2.5527391789833596e-55
restart...
0.03775000000000002 2.705002721266753e-56
restart...
0.03900000000000004 1.514209759624648e-57
restart...
0.03900000000000001 1.018363339348045e-60
restart...
0.03824999999999993 2.8131090475505796e-57
restart...
0.034999999999999955 3.272769149073283e-59
restart...
0.04075000000000008 1.0377049828223686e-58
restart...
0.037249999999999936 3.31892141159811e-57
restart...
0.04725000000000004 2.846362463719825e-53
restart...
0.04075000000000003 9.971852756414138e-55
restart...
0.040250000000000064 1.4932170000065055e-59
restart...
0.03450000000000009 1.7927660358835622e-57
restart...
0.04075000000000007 4.162816452437526e-55
restart...
0.04149999999999999 6.707319212084311e-56
restart...
Sampling time (10 samples): 7856.4887 seconds
/scratch/users/yanlan/Retrieval_0705/Output/AM_PM_ET_171_283_00
0.036000000000000046 5.988980965540929e-38
0.14374999999999988 2.2837949405426251e-38
0.19816666666666735 9.878783612131349e-38
0.20850000000000063 7.921797911461638e-38
0.2235000000000003 5.127921921994979e-37
0.23608333333333315 3.0905739071152e-36
0.24685714285714275 1.2828471236473236e-36
0.25312499999999916 2.6850623515666414e-36
0.25788888888888817 2.1344738680143713e-37
0.26190000000000135 6.25368458402806e-37
0.2621818181818192 1.6158655642911878e-37
0.26516666666666805 1.719423712511575e-37
0.26607692307692304 1.4077102913062465e-37
0.2659642857142856 5.15987529866312e-37
0.2653000000000005 1.9482283294010823e-37
Sampling time (10 samples): 7802.6316 seconds
/scratch/users/yanlan/Retrieval_0705/Output/AM_PM_ET_176_405_00
0.028499999999999946 2.116222444925169e-38
0.11274999999999984 1.790667734728963e-41
0.13833333333333322 1.3463009565556604e-42
0.1640000000000007 1.900024638369285e-42
0.17980000000000013 2.6321573921435708e-42
0.1955833333333336 2.74840143730847e-41
0.2109999999999999 1.3216605231917488e-39
0.22056250000000024 1.338737684967053e-38
0.22744444444444462 1.2237787304468551e-39
0.2291 2.233690342362082e-39
0.23486363636363644 8.172854065516342e-40
0.2292083333333334 1.2261811228273554e-52
restart...
0.2352916666666672 2.3371292620187274e-48
0.22780769230769252 2.969005282670024e-59
restart...
0.227692307692308 1.2250381037362997e-60
restart...
Sampling time (10 samples): 8111.3406 seconds
/scratch/users/yanlan/Retrieval_0705/Output/AM_PM_ET_182_270_00
0.07350000000000002 1.7004849444772913e-32
0.16824999999999998 3.055044918692362e-32
0.15916666666666615 1.941577395193108e-42
0.16424999999999942 1.2086181417372319e-45
0.18059999999999948 1.318628272887752e-43
0.1949166666666658 8.922343883186754e-43
0.20392857142857074 2.1853527805882292e-41
0.20762499999999992 6.193918579878724e-42
0.2179444444444449 6.594743963840952e-41
0.22630000000000006 5.924637626705121e-41
0.23131818181818212 2.3372025592854142e-39
0.23458333333333356 6.843861113253674e-40
0.23742307692307724 1.2033666980500582e-39
0.24075000000000055 1.0274604306525507e-39
0.24313333333333367 5.4028796027612904e-40
Sampling time (10 samples): 9375.0304 seconds
/scratch/users/yanlan/Retrieval_0705/Output/AM_PM_ET_187_394_00
0.03800000000000001 1.0504042343130891e-38
0.1082500000000001 2.6114745051225097e-40
0.13966666666666652 3.764839676338035e-38
0.16637500000000016 1.865041173683135e-36
0.17350000000000007 1.8944300507125578e-39
0.18591666666666648 1.313585799311694e-41
0.19550000000000023 1.43937595528727e-41
0.20262500000000025 1.2607631674478453e-41
0.20516666666666739 1.0052706329238325e-41
0.20845000000000133 9.880006295337808e-42
0.21250000000000083 2.360291165003636e-42
0.21716666666666745 8.77275892268388e-42
0.22130769230769287 2.318926644761125e-41
0.22332142857142961 9.101917490410112e-42
0.2244666666666675 6.568419805287928e-43
Sampling time (10 samples): 7969.0172 seconds
/scratch/users/yanlan/Retrieval_0705/Output/AM_PM_ET_193_302_00
0.012500000000000011 6.848755946498301e-44
restart...
0.011500000000000022 7.048318885469589e-45
restart...
0.01250000000000001 1.4035922087512417e-43
restart...
0.025500000000000033 5.188877643199971e-37
0.015250000000000007 4.257986932842174e-76
restart...
0.041750000000000065 1.34275036620358e-54
restart...
0.03599999999999992 3.542792237566978e-60
restart...
0.01875000000000001 1.0085483670593601e-72
restart...
0.015999999999999983 1.671732946613108e-77
restart...
0.015749999999999993 9.506089644165998e-77
restart...
0.014749999999999989 5.371507279509971e-78
restart...
0.035500000000000094 2.2240712168727502e-58
restart...
0.044249999999999984 2.1178862032408945e-53
restart...
0.015500000000000035 3.506065445868965e-76
restart...
0.020499999999999984 2.343847691137798e-70
restart...
Sampling time (10 samples): 9496.1133 seconds
/scratch/users/yanlan/Retrieval_0705/Output/AM_PM_ET_198_407_00
0.03799999999999997 5.3191687319015594e-36
0.14175000000000001 9.827106392861396e-38
0.19650000000000029 1.8130834429308292e-36
0.2230000000000005 1.1718242625648358e-35
0.24190000000000042 2.4658435807934337e-36
0.25308333333333355 5.8868900536377076e-36
0.2555714285714292 5.686049633199767e-37
0.233312500000001 5.187818684112553e-63
restart...
0.2393750000000007 1.303692668951487e-57
restart...
0.2536875000000004 8.04173270979431e-44
0.2323888888888891 9.114687087955038e-67
restart...
0.23150000000000057 4.707817579508995e-67
restart...
0.23194444444444465 4.3504623822487646e-67
restart...
0.23183333333333378 1.6947944172932267e-65
restart...
0.22944444444444484 4.631869102957146e-70
restart...
Sampling time (10 samples): 9057.5153 seconds
