/scratch/users/yanlan/Retrieval_0705/Output/AM_PM_ET_163_349_00
0.026500000000000017 8.909664724137706e-38
0.06099999999999995 1.0032495039946165e-48
0.08750000000000009 2.4671787687687753e-53
restart...
0.05324999999999998 3.263192484314989e-52
restart...
0.0450000000000001 3.2794619169955616e-52
restart...
0.043500000000000025 3.2396801418446274e-53
restart...
0.05350000000000001 1.1863831633827847e-49
restart...
0.04324999999999992 1.682749151507009e-53
restart...
0.04575000000000008 8.612596486332317e-53
restart...
0.08175000000000011 3.8500553386117216e-48
0.11400000000000018 1.2511111804949201e-48
0.1263750000000001 4.780349589593619e-52
restart...
0.049250000000000044 1.3578912574812767e-53
restart...
0.04649999999999993 1.0271669751650692e-53
restart...
0.044500000000000005 4.776682887470268e-53
restart...
Sampling time (10 samples): 7690.3433 seconds
/scratch/users/yanlan/Retrieval_0705/Output/AM_PM_ET_169_252_00
0.04000000000000006 4.4083641714361445e-37
0.1425000000000002 1.7294776423579275e-37
0.19400000000000084 1.5967274092764488e-36
0.2021250000000005 1.7348423972334194e-42
0.22499999999999995 1.854027043757787e-42
0.24516666666666662 1.569719065534107e-41
0.26135714285714384 1.13205617021693e-41
0.27450000000000063 1.3707908674900638e-41
0.28555555555555523 2.822889757035405e-42
0.29175 1.7218770737899564e-41
0.30045454545454625 4.4953282838702977e-41
0.30720833333333475 1.492495891538128e-41
0.3128846153846161 4.2203417474340853e-41
0.31742857142857317 1.1737808174563247e-41
0.3196333333333355 1.7192166741453e-41
Sampling time (10 samples): 7565.8208 seconds
/scratch/users/yanlan/Retrieval_0705/Output/AM_PM_ET_174_408_00
0.04350000000000003 1.1809033658852634e-36
0.11525000000000023 1.0201141569991501e-40
0.14266666666666736 2.626918802146229e-42
0.14462499999999967 1.9964315681807897e-47
0.15259999999999915 8.600570220013958e-49
restart...
0.09625000000000009 5.754140750307186e-44
0.11899999999999987 3.567197068053365e-47
0.13675 2.5392051432737056e-48
0.1476 1.7946915665908188e-48
0.1583333333333335 1.8128233995638203e-47
0.16250000000000053 1.6142726314317262e-48
0.16512499999999997 6.200112760635016e-50
restart...
0.10500000000000001 1.242931384639992e-42
0.14133333333333378 2.1151856150123067e-42
0.15324999999999972 1.2235015273366653e-44
Sampling time (10 samples): 7501.9849 seconds
/scratch/users/yanlan/Retrieval_0705/Output/AM_PM_ET_180_282_00
0.013999999999999983 2.97498943094605e-42
restart...
0.013500000000000003 2.47429316620805e-44
restart...
0.021999999999999967 4.377655718674604e-39
0.11950000000000005 3.261898807464691e-40
0.18000000000000063 3.6862753334258415e-35
0.22175000000000059 6.99549534997027e-33
0.24770000000000073 3.495488623262819e-31
0.26516666666666516 1.9395236167363777e-30
0.27850000000000047 1.446130137052768e-30
0.28731250000000025 3.120876977031221e-30
0.29544444444444345 2.4795747675989955e-30
0.3040000000000001 2.4311726051622227e-30
0.31240909090909064 6.787455493453881e-30
0.31737500000000074 1.8458963860666584e-30
0.32496153846153875 3.9581179803527155e-30
Sampling time (10 samples): 7716.2603 seconds
/scratch/users/yanlan/Retrieval_0705/Output/AM_PM_ET_185_364_00
0.025499999999999964 4.173861477175697e-40
0.12150000000000002 5.928619982776457e-40
0.164333333333333 3.357106458329761e-39
0.18062499999999948 9.325627030695462e-40
0.19849999999999993 4.4180869158768787e-38
0.21075000000000027 2.024772460858864e-35
0.22292857142857164 1.128271300442131e-34
0.23150000000000062 2.8846862837945986e-33
0.23566666666666708 7.031956173783288e-33
0.24350000000000033 1.5693736658169896e-32
0.25040909090909114 2.1708891380360306e-32
0.2570416666666671 4.0578412658466525e-32
0.264115384615385 7.819769593555404e-32
0.26610714285714404 9.236145526020546e-32
0.26983333333333376 1.1344764527733705e-32
Sampling time (10 samples): 7773.6905 seconds
/scratch/users/yanlan/Retrieval_0705/Output/AM_PM_ET_191_294_00
0.06749999999999991 4.200771790110214e-30
0.12125000000000007 3.426822833408318e-35
0.11316666666666675 2.0050438189530344e-50
restart...
0.0897499999999999 1.6634013425454216e-40
0.06450000000000006 2.1215252105386223e-78
restart...
0.06625000000000002 5.961290654396206e-46
0.08949999999999977 6.567512511498677e-58
restart...
0.07549999999999986 3.769439269584139e-46
0.10516666666666649 1.8579476796811866e-52
restart...
0.05149999999999997 5.934799593743288e-58
restart...
0.08524999999999995 1.2258194338067364e-43
0.0928333333333337 3.738213715314043e-56
restart...
0.05624999999999973 2.837828414180757e-51
restart...
0.06199999999999996 5.049247384480515e-49
restart...
0.07199999999999994 3.0464474472490887e-44
Sampling time (10 samples): 7596.3211 seconds
/scratch/users/yanlan/Retrieval_0705/Output/AM_PM_ET_196_422_00
0.3994999999999997 1.4298934178445464e-12
0.3635000000000007 7.984496982210331e-13
0.3348333333333341 3.678001207809303e-13
0.3351250000000017 6.707305705808147e-13
0.3344000000000004 8.994772448042435e-13
0.3323333333333348 8.662560839557219e-13
0.3305000000000014 5.741930528860299e-13
0.32843750000000166 7.033237694520939e-13
0.3284444444444443 9.043483394613135e-13
0.3250999999999992 5.86125037115649e-13
0.32631818181818206 5.950532657589294e-13
0.326583333333334 5.336801749889827e-13
0.32519230769230845 9.717514304297688e-13
0.3253214285714296 4.5086951248778025e-13
0.32376666666666576 7.810191593239399e-13
Sampling time (10 samples): 7451.4312 seconds
