/scratch/users/yanlan/Retrieval_0705/Output/AM_PM_ET_161_310_00
0.04749999999999998 1.2816175530355629e-33
0.15175000000000055 2.2042420628739072e-32
0.18583333333333382 1.4002624913438266e-31
0.1947499999999999 1.71531185361387e-32
0.18659999999999966 2.5888471344363243e-40
0.20383333333333276 2.7874234519332443e-37
0.21371428571428572 1.3511499544720758e-36
0.22468749999999965 2.3418567474930303e-35
0.23794444444444363 3.2890012037940895e-34
0.25189999999999996 9.289861233889354e-35
0.2598181818181811 1.7345639237352935e-34
0.267708333333333 5.854607578771533e-35
0.2738846153846156 2.781140579793147e-34
0.2768214285714297 2.9533433023351153e-34
0.28036666666666604 1.138778801884087e-34
Sampling time (10 samples): 7455.5515 seconds
/scratch/users/yanlan/Retrieval_0705/Output/AM_PM_ET_166_435_00
0.014 5.291661095856084e-43
restart...
0.0135 5.023011283907883e-42
restart...
0.003999999999999995 1.501087151890313e-48
restart...
0.010999999999999989 2.7191978692561044e-43
restart...
0.010999999999999996 1.288747711750962e-42
restart...
0.012499999999999999 1.1770084985031292e-42
restart...
0.01899999999999999 4.989739831618757e-40
restart...
0.021500000000000016 9.10237140572508e-40
0.031250000000000014 5.4196872964598985e-61
restart...
0.024749999999999994 6.997258623127695e-66
restart...
0.021750000000000012 1.780116308551424e-67
restart...
0.021500000000000005 2.5468690496167525e-69
restart...
0.03125000000000001 6.674998627446141e-61
restart...
0.028000000000000004 6.975500409486801e-63
restart...
0.03200000000000001 4.574822226568346e-61
restart...
Sampling time (10 samples): 7499.1947 seconds
/scratch/users/yanlan/Retrieval_0705/Output/AM_PM_ET_172_395_00
0.009499999999999998 2.1858407057773467e-43
restart...
0.01900000000000004 2.4150138080725667e-39
restart...
0.024999999999999998 2.355641689313521e-40
0.053500000000000006 1.0738193075302902e-53
restart...
0.038500000000000006 5.041958407159471e-63
restart...
0.05774999999999994 8.268726188931525e-52
restart...
0.052499999999999956 3.1988631416996996e-52
restart...
0.04824999999999993 4.519695348207129e-56
restart...
0.058250000000000024 1.4356653924452217e-52
restart...
0.06150000000000001 3.7312305042682794e-50
restart...
0.051750000000000025 5.261067478625705e-54
restart...
0.06000000000000007 3.218140844752786e-53
restart...
0.06600000000000009 8.242881077428578e-50
restart...
0.06199999999999999 9.359255230858243e-52
restart...
0.05524999999999994 3.299634698898853e-52
restart...
Sampling time (10 samples): 7532.4812 seconds
/scratch/users/yanlan/Retrieval_0705/Output/AM_PM_ET_178_241_00
0.02949999999999999 3.801778540192803e-40
0.14024999999999965 2.8031509489925178e-40
0.1546666666666658 1.1175354011847898e-45
0.18374999999999908 2.1953257577941186e-44
0.18909999999999927 2.992171812573255e-47
0.20849999999999919 6.751486890219083e-45
0.21949999999999906 3.158691611913614e-44
0.2319999999999988 4.265973031234996e-43
0.2464999999999997 3.5142581974624733e-42
0.25930000000000075 1.7079693845733257e-41
0.2684090909090923 2.2499933129370885e-41
0.2772083333333351 2.671216607972808e-41
0.2845000000000011 1.8340004762744413e-41
0.2934285714285726 7.312066331295414e-41
0.2965999999999994 7.282087960410315e-41
Sampling time (10 samples): 7530.0400 seconds
/scratch/users/yanlan/Retrieval_0705/Output/AM_PM_ET_183_334_00
0.009999999999999988 3.696066989045432e-45
restart...
0.08049999999999999 1.7172524260772893e-32
0.20049999999999998 1.1981740257651226e-30
0.2420000000000003 9.928380022190843e-30
0.26962500000000067 1.1420178215883626e-28
0.28790000000000004 1.0697426128585977e-27
0.300916666666666 1.3467040921810708e-27
0.3106428571428562 1.5759102300559137e-27
0.31737499999999913 5.4265142674423365e-27
0.3276666666666658 1.939768060976416e-27
0.3309500000000001 1.4861998144542456e-27
0.33395454545454606 4.819821594506784e-27
0.3378750000000014 4.094747986403575e-27
0.33876923076923243 2.2882334714958597e-27
0.3400714285714299 7.345330890485105e-28
Sampling time (10 samples): 7934.1483 seconds
/scratch/users/yanlan/Retrieval_0705/Output/AM_PM_ET_189_262_00
0.02000000000000001 2.26068320146055e-39
0.09675000000000003 5.239799949927786e-44
0.15416666666666679 4.2272729898610505e-40
0.18875000000000017 6.508183101752409e-38
0.21249999999999952 1.9591392273074603e-36
0.2254999999999997 1.704820717724378e-35
0.23828571428571446 1.075718571885169e-33
0.2464999999999997 2.233975565457743e-33
0.246111111111111 4.3263209874944217e-35
0.22724999999999987 7.988014656093996e-56
restart...
0.2289 2.980542692363024e-52
restart...
0.22929999999999995 5.886861931015018e-53
restart...
0.22894999999999976 9.107664280743824e-52
restart...
0.2436499999999999 5.810208023908895e-38
0.24740909090909094 1.108249927079645e-34
Sampling time (10 samples): 7451.3519 seconds
/scratch/users/yanlan/Retrieval_0705/Output/AM_PM_ET_194_377_00
0.005499999999999994 2.3884878486444194e-47
restart...
0.01799999999999999 2.722936449056258e-40
restart...
0.03750000000000002 1.504052365582212e-35
0.14699999999999994 1.8146489086126092e-34
0.17366666666666689 2.362985146796462e-33
0.2058750000000003 3.280931068375433e-30
0.2334999999999999 1.0242374337879444e-29
0.24799999999999975 2.2043957153268913e-29
0.26135714285714395 1.9280983227257445e-29
0.2680625000000009 5.954451910403863e-30
0.2731666666666666 2.156374352850574e-29
0.27520000000000017 3.800496812766594e-30
0.2771363636363642 3.388969540063154e-30
0.28199999999999936 8.137309979353251e-30
0.2869615384615392 1.1913800128624434e-29
Sampling time (10 samples): 7883.1637 seconds
