/scratch/users/yanlan/Retrieval_0705/Output/AM_PM_ET_162_322_00
0.0615 2.4258097514876312e-34
0.16824999999999996 1.0570138311892458e-32
0.20816666666666686 7.07641561534112e-32
0.21849999999999972 6.670695815091993e-32
0.22330000000000008 3.4666110724408524e-34
0.22883333333333347 2.3017868657486433e-34
0.2365000000000003 7.348779131796955e-34
0.2376874999999997 7.564214655566366e-34
0.240111111111111 6.772745608311291e-35
0.24239999999999987 5.054210882036371e-35
0.24409090909090897 6.925336997663802e-36
0.24574999999999989 5.601643515549995e-37
0.24492307692307663 2.68017586713601e-37
0.2420714285714284 1.5648158260372992e-39
0.23699999999999943 2.3483776241917e-44
Sampling time (10 samples): 7906.8211 seconds
/scratch/users/yanlan/Retrieval_0705/Output/AM_PM_ET_167_445_00
0.36649999999999944 1.6107962896811237e-12
0.35700000000000065 4.0842792995459434e-13
0.3443333333333329 8.474114894014364e-13
0.33887499999999976 6.919541318213024e-13
0.33970000000000083 9.65121460508731e-13
0.3346666666666674 1.4990607243550698e-12
0.33657142857142947 3.458457290505701e-13
0.3298750000000005 3.7488236729660794e-13
0.32894444444444354 1.7464197822372736e-12
0.32574999999999843 7.176062584627576e-13
0.3259545454545438 6.507138071268169e-13
0.32499999999999885 7.977890184353061e-13
0.32449999999999785 5.116692712147167e-13
0.3242142857142837 5.103675060502149e-13
0.32319999999999793 3.346901187374497e-13
Sampling time (10 samples): 8016.8323 seconds
/scratch/users/yanlan/Retrieval_0705/Output/AM_PM_ET_173_404_00
0.033499999999999995 2.091029356089329e-37
0.10650000000000016 2.2449214537167587e-41
0.14766666666666722 3.1335589643527094e-40
0.18062500000000106 3.708540969563758e-38
0.2032000000000006 8.057166086328095e-36
0.2035833333333335 1.885689618005308e-39
0.20721428571428602 5.7677091178650265e-40
0.21406250000000035 8.941358073032095e-40
0.22066666666666715 9.748083456025747e-41
0.2257000000000001 4.323187568769723e-40
0.2295454545454548 1.1987824431189082e-40
0.23204166666666712 1.189614498933738e-42
0.2379615384615388 1.7794898263559851e-43
0.2373214285714292 2.193122378018738e-43
0.24076666666666754 1.7833813828024446e-41
Sampling time (10 samples): 7979.6267 seconds
/scratch/users/yanlan/Retrieval_0705/Output/AM_PM_ET_179_266_00
0.021000000000000026 9.402770031962384e-39
0.03225000000000003 9.633927596761023e-68
restart...
0.028000000000000053 1.1001074463159279e-67
restart...
0.02500000000000003 1.5898299667916177e-69
restart...
0.029250000000000005 1.5981676996290666e-70
restart...
0.031250000000000014 2.506279853928764e-67
restart...
0.031500000000000014 5.224130780313047e-62
restart...
0.03000000000000001 9.395645767571169e-67
restart...
0.02800000000000003 2.221949691606314e-63
restart...
0.02624999999999999 3.2443772777653168e-68
restart...
0.034749999999999996 7.99018713813947e-64
restart...
0.030250000000000027 1.596920758496921e-66
restart...
0.026250000000000002 1.6451664026008264e-68
restart...
0.030750000000000034 2.7052762212227398e-67
restart...
0.024500000000000056 8.882379634210892e-70
restart...
Sampling time (10 samples): 8306.3717 seconds
/scratch/users/yanlan/Retrieval_0705/Output/AM_PM_ET_184_343_00
0.004999999999999993 4.384972080850767e-49
restart...
0.009999999999999988 2.3052815892842814e-44
restart...
0.015999999999999993 1.1240523918871779e-41
restart...
0.0055 4.095688528596066e-49
restart...
0.0125 2.1908395813667706e-43
restart...
0.004499999999999993 2.4816056856960835e-50
restart...
0.012500000000000011 4.6459673507361275e-45
restart...
0.012999999999999998 1.8704308468981585e-42
restart...
0.017500000000000054 5.224063492718538e-41
restart...
0.005000000000000002 8.354954687782252e-49
restart...
0.008500000000000006 7.280786226761143e-46
restart...
0.01349999999999999 3.66806492708144e-43
restart...
0.013500000000000005 1.747710895547858e-41
restart...
0.009000000000000001 3.424344839009636e-46
restart...
0.006000000000000007 5.7185580247273965e-49
restart...
Sampling time (10 samples): 9193.9514 seconds
/scratch/users/yanlan/Retrieval_0705/Output/AM_PM_ET_190_274_00
0.08999999999999993 3.359388169848438e-32
0.17749999999999977 1.8302169200401788e-31
0.22450000000000006 1.1384526895843669e-30
0.2111250000000003 1.3308556521491868e-36
0.21810000000000013 7.10762059687183e-37
0.22066666666666643 1.2924204177911445e-38
0.21749999999999994 2.5927642827467075e-42
0.216 2.0147403419055883e-45
0.21061111111111086 8.131430278442746e-48
0.20954999999999976 6.016606089395197e-48
0.2090454545454545 1.0875904486743782e-48
0.2068749999999997 1.5509372243049247e-50
restart...
0.20558333333333345 1.3524904182381345e-51
restart...
0.20270833333333343 1.2007232007740206e-52
restart...
0.20341666666666677 7.142605234474409e-55
restart...
Sampling time (10 samples): 8883.1022 seconds
/scratch/users/yanlan/Retrieval_0705/Output/AM_PM_ET_195_392_00
0.3905 9.813389418248106e-13
0.3625000000000001 5.877302782531932e-13
0.34533333333333327 7.506616754904876e-13
0.33625000000000016 3.8661245708837664e-13
0.3328000000000013 7.204096937975568e-13
0.33174999999999977 7.228642706297496e-13
0.3330714285714286 8.723786349181799e-13
0.33306249999999893 2.9140048983374654e-13
0.3318333333333327 2.9985880577794393e-13
0.3297499999999996 1.877498792488356e-13
0.32763636363636217 6.119522294718146e-13
0.3286666666666641 2.3511532497324425e-13
0.32780769230769014 5.603131571093179e-13
0.32699999999999774 2.7715657225343664e-13
0.32583333333333103 1.5398516339540592e-12
Sampling time (10 samples): 8092.2881 seconds
