/scratch/users/yanlan/Retrieval_0705/Output/AM_PM_ET_164_302_00
0.09450000000000004 1.1408078152526632e-30
0.12749999999999942 1.4761117660360006e-43
0.14233333333333326 1.2129358465524796e-49
restart...
0.14016666666666577 3.9423192295112005e-51
restart...
0.1416666666666661 9.449009835028312e-50
restart...
0.14049999999999907 6.095780254199963e-50
restart...
0.1378333333333328 3.7562034709062366e-50
restart...
0.14066666666666647 3.784359086206185e-52
restart...
0.14366666666666617 2.3113462926675864e-50
restart...
0.13733333333333222 1.3186938511497483e-50
restart...
0.13283333333333294 1.0782209500080869e-49
restart...
0.13799999999999946 1.745744561783337e-49
restart...
0.14116666666666636 3.578160686849141e-48
0.1853750000000004 1.783504683501828e-44
0.20420000000000002 4.216374693639176e-42
Sampling time (10 samples): 7537.9265 seconds
/scratch/users/yanlan/Retrieval_0705/Output/AM_PM_ET_169_441_00
0.35750000000000015 1.752657134444416e-12
0.3382500000000001 9.687216719303765e-13
0.3339999999999995 3.6940279942842024e-13
0.33275000000000043 6.879089673387055e-13
0.33130000000000087 5.642856041767766e-13
0.33183333333333404 1.309907855062104e-12
0.3301428571428583 5.665404958532061e-13
0.33043750000000116 5.463129501852814e-13
0.32794444444444376 2.1144519640923645e-13
0.32994999999999863 6.55442228109887e-13
0.3265909090909073 5.13112296854107e-13
0.3243749999999996 1.1448034271571092e-12
0.32353846153846116 9.993919687733448e-13
0.3239999999999994 9.781055853291833e-13
0.3262333333333311 8.109809274207031e-13
Sampling time (10 samples): 7688.7458 seconds
/scratch/users/yanlan/Retrieval_0705/Output/AM_PM_ET_175_348_00
0.02849999999999999 2.0333813143702323e-38
0.09525000000000006 5.431601490195441e-44
0.08833333333333333 2.951540372618475e-59
restart...
0.11274999999999981 5.003989269540598e-41
0.11749999999999981 2.6889298200708073e-52
restart...
0.06675000000000007 3.2630065449643553e-51
restart...
0.05550000000000006 3.091410769856131e-52
restart...
0.06899999999999991 5.487974641297454e-51
restart...
0.06850000000000016 1.2476591304407027e-51
restart...
0.0865 9.518351371077333e-46
0.09583333333333326 9.696237276849045e-55
restart...
0.07824999999999989 9.881021812124767e-48
0.08383333333333333 2.2509339327001176e-58
restart...
0.09999999999999987 3.4762677160607013e-41
0.09283333333333314 3.23621831127166e-56
restart...
Sampling time (10 samples): 7532.6364 seconds
/scratch/users/yanlan/Retrieval_0705/Output/AM_PM_ET_180_466_00
0.4074999999999999 1.707228372564486e-12
0.3772499999999999 5.181842915864866e-13
0.3558333333333337 7.429958973265149e-13
0.3463749999999996 1.179171590256665e-12
0.34310000000000046 4.352692510185344e-13
0.3357500000000021 7.004606681953826e-13
0.33378571428571663 3.6207825036751776e-13
0.33243750000000283 4.3935786712038683e-13
0.3292777777777802 2.8391059236884727e-13
0.3276500000000019 6.541020848166471e-13
0.3247272727272744 3.156114815990493e-13
0.3261250000000008 5.568373528561632e-13
0.32430769230769235 4.989870826354861e-13
0.32464285714285757 1.617590611788811e-12
0.32663333333333255 1.28770367054882e-12
Sampling time (10 samples): 7839.7024 seconds
/scratch/users/yanlan/Retrieval_0705/Output/AM_PM_ET_186_335_00
0.017500000000000012 1.8137938768027392e-42
restart...
0.017000000000000067 9.093495490944107e-41
restart...
0.01950000000000002 1.072800384284316e-39
restart...
0.08799999999999983 5.383841149071465e-32
0.20975000000000013 3.362402681783113e-29
0.25866666666666627 1.5142303510143853e-27
0.28587500000000005 1.7766878790613114e-27
0.29889999999999944 1.1852100863222184e-26
0.31141666666666523 5.299544500721734e-27
0.32099999999999895 1.0547189841921018e-26
0.3315624999999983 7.606213665208625e-27
0.3404999999999978 1.3737362816070373e-26
0.3468999999999981 9.56007430733268e-27
0.34940909090908956 1.620357501836568e-26
0.35483333333333206 1.0325391127445394e-26
Sampling time (10 samples): 7573.2407 seconds
/scratch/users/yanlan/Retrieval_0705/Output/AM_PM_ET_192_259_00
0.07499999999999998 1.898562219207045e-33
0.19199999999999987 2.8643473165987313e-32
0.23716666666666653 1.009296926840228e-31
0.252125 4.127646816017943e-32
0.27050000000000063 2.400437394193564e-31
0.2790833333333321 3.765494135940111e-31
0.2840714285714277 2.1706396547029732e-31
0.2899374999999989 9.737880929169407e-32
0.2914444444444431 2.168984925097327e-31
0.29419999999999885 2.3284273448734053e-32
0.2985909090909081 9.212974795197278e-32
0.3037499999999991 2.781834157019298e-31
0.3063461538461528 3.6019920824875877e-31
0.308464285714285 2.8261514059139164e-31
0.3121333333333318 5.8361502209449095e-31
Sampling time (10 samples): 7495.4305 seconds
/scratch/users/yanlan/Retrieval_0705/Output/AM_PM_ET_197_372_00
0.011499999999999991 7.313471803616154e-44
restart...
0.011500000000000031 1.3747801200926865e-42
restart...
0.03400000000000003 2.135120274641437e-39
0.06575 1.2055015578956256e-53
restart...
0.06299999999999989 7.938761372684722e-56
restart...
0.05949999999999996 4.633465694243711e-56
restart...
0.07049999999999995 4.4849099468007984e-54
restart...
0.06475 4.8409717339107e-53
restart...
0.06950000000000006 1.074128085446111e-51
restart...
0.08174999999999988 3.0624002566972114e-51
restart...
0.0715 1.6837619235472258e-53
restart...
0.07125000000000006 4.606134144623419e-53
restart...
0.06424999999999992 3.068610563161989e-52
restart...
0.0827500000000001 2.5396413550356612e-52
restart...
0.06274999999999997 2.573985972688806e-56
restart...
Sampling time (10 samples): 7521.6235 seconds
