/scratch/users/yanlan/Retrieval_0705/Output/AM_PM_ET_161_232_00
0.3689999999999999 1.3098954486976234e-12
0.3609999999999996 5.926097342834723e-13
0.3478333333333328 5.688785638802628e-13
0.3448750000000003 9.550443345331374e-13
0.3370999999999991 6.420834086190739e-13
0.34408333333333324 2.892421792494144e-13
0.3382857142857149 4.995430716999907e-13
0.3371875000000016 1.540574986709448e-12
0.3358333333333348 9.083724353598484e-13
0.3364500000000013 6.435105900685196e-13
0.3358181818181823 1.1859575619706227e-12
0.3357083333333339 7.715497426008233e-13
0.33469230769230746 1.0043596713951378e-12
0.333857142857142 8.981949653075477e-13
0.3333666666666646 1.7764339686664897e-12
Sampling time (10 samples): 7787.7180 seconds
/scratch/users/yanlan/Retrieval_0705/Output/AM_PM_ET_166_359_00
0.015999999999999986 6.347426968412424e-43
restart...
0.021500000000000012 3.206712404551136e-42
0.06675000000000007 1.0412598662327775e-50
restart...
0.0749999999999999 1.0830731131183889e-50
restart...
0.09999999999999998 2.1147275630212577e-49
restart...
0.07599999999999997 1.8400359199416087e-49
restart...
0.08699999999999974 3.037705987566416e-49
restart...
0.08025000000000024 9.276759381980738e-50
restart...
0.08425000000000003 2.179338390188755e-49
restart...
0.09324999999999999 1.0591707587830926e-49
restart...
0.08624999999999997 1.5863215901183283e-48
0.12316666666666654 9.898162994529787e-49
restart...
0.06974999999999995 2.642517457511346e-49
restart...
0.08850000000000001 9.630549686447133e-49
restart...
0.06975000000000003 8.188944863993295e-51
restart...
Sampling time (10 samples): 8658.7690 seconds
/scratch/users/yanlan/Retrieval_0705/Output/AM_PM_ET_172_310_00
0.04949999999999999 4.130555961092879e-35
0.16300000000000014 9.700704306891134e-35
0.20700000000000054 3.722917773786498e-32
0.24062500000000037 5.947641203002212e-32
0.2620999999999998 1.5998095102463452e-31
0.2805000000000004 6.041965158892866e-32
0.29021428571428415 2.313226542982769e-31
0.30031249999999665 1.3120207776034658e-31
0.30338888888888554 5.468353386787343e-32
0.3048999999999975 3.6044909995416923e-31
0.3045909090909063 6.962457718191952e-32
0.3067916666666639 8.679021130346281e-32
0.3084230769230742 1.032596245134051e-31
0.31217857142856875 3.198420769002348e-32
0.3153666666666634 2.4353532453222634e-32
Sampling time (10 samples): 7411.0538 seconds
/scratch/users/yanlan/Retrieval_0705/Output/AM_PM_ET_177_419_00
0.029500000000000002 1.6764639960056928e-39
0.09824999999999987 5.521824591042646e-43
0.1455000000000001 2.1911534874001163e-43
0.1824999999999999 4.708892617194539e-42
0.19369999999999982 4.686566079970758e-43
0.20449999999999963 1.3836583430942435e-42
0.19335714285714287 4.269741667187943e-60
restart...
0.21399999999999988 3.244360601811025e-42
0.21118749999999992 2.1092497630197816e-54
restart...
0.1881249999999998 1.724293220774187e-80
restart...
0.20306249999999956 3.2327901600885527e-65
restart...
0.2138749999999995 1.0476565873758167e-48
0.19066666666666618 8.729126611345878e-89
restart...
0.19099999999999914 8.614188724483154e-85
restart...
0.1932777777777772 6.944843656692667e-81
restart...
Sampling time (10 samples): 7651.8255 seconds
/scratch/users/yanlan/Retrieval_0705/Output/AM_PM_ET_183_278_00
0.014500000000000013 2.882683827813431e-40
restart...
0.029500000000000005 3.5596174460023784e-38
0.04349999999999995 2.2151796861582934e-56
restart...
0.048500000000000036 9.127740875923114e-56
restart...
0.04174999999999997 2.4423815658702334e-56
restart...
0.03874999999999998 3.1805963945465414e-58
restart...
0.03999999999999994 1.817172044406114e-57
restart...
0.04499999999999997 2.4907625997885534e-56
restart...
0.045249999999999874 5.980790481412899e-58
restart...
0.04550000000000009 1.2468440060420787e-56
restart...
0.038999999999999986 1.3121369308198224e-59
restart...
0.04324999999999999 1.2360488477633388e-56
restart...
0.03925000000000008 1.5643314663788211e-58
restart...
0.046 1.7903383411733188e-56
restart...
0.03725000000000013 6.869480138633381e-59
restart...
Sampling time (10 samples): 7885.4471 seconds
/scratch/users/yanlan/Retrieval_0705/Output/AM_PM_ET_188_407_00
0.026000000000000013 6.021189939947626e-39
0.07600000000000025 2.99236490155425e-47
0.09966666666666707 2.8499021982751157e-49
restart...
0.06174999999999996 1.1331259373237268e-48
0.08100000000000013 1.7248439613316964e-55
restart...
0.07174999999999994 3.009956850367335e-47
0.09966666666666642 8.568961868324218e-49
restart...
0.06674999999999989 6.803840845505772e-46
0.09799999999999968 7.618791326230016e-48
0.11612499999999962 4.024248045408059e-49
restart...
0.05449999999999992 5.3248968410846344e-52
restart...
0.0729999999999998 3.457415780419391e-46
0.0908333333333332 1.2525471754842502e-51
restart...
0.053499999999999985 7.253598957652431e-53
restart...
0.05775000000000002 9.03273356545464e-51
restart...
Sampling time (10 samples): 7487.0575 seconds
/scratch/users/yanlan/Retrieval_0705/Output/AM_PM_ET_194_321_00
0.019999999999999976 1.0998210580025497e-39
restart...
0.010000000000000004 6.035574588521089e-46
restart...
0.015000000000000001 5.482463856391741e-41
restart...
0.022500000000000013 1.0315547209135436e-39
0.02550000000000009 1.9759629813516584e-65
restart...
0.021000000000000008 1.238589653553638e-71
restart...
0.023000000000000027 2.652932920415128e-69
restart...
0.028000000000000032 1.9264972356274778e-63
restart...
0.028000000000000018 3.086730880177407e-67
restart...
0.024249999999999997 1.0004873595001927e-67
restart...
0.023750000000000042 1.294863727508977e-66
restart...
0.024500000000000063 3.093454590165e-66
restart...
0.019750000000000056 4.861189976703629e-72
restart...
0.02674999999999999 4.9508274601309865e-65
restart...
0.024250000000000018 1.9776288435917137e-67
restart...
Sampling time (10 samples): 7706.6141 seconds
