/scratch/users/yanlan/Retrieval_0705/Output/AM_PM_ET_161_407_00
0.013000000000000005 2.514180012732626e-43
restart...
0.014000000000000007 3.4456340305442914e-44
restart...
0.014999999999999986 2.406631421030399e-44
restart...
0.009999999999999998 5.871910560219704e-46
restart...
0.016499999999999987 8.185257147048928e-40
restart...
0.01449999999999998 9.653791767597001e-43
restart...
0.01349999999999999 3.226303589084027e-42
restart...
0.020499999999999997 3.4855004290747065e-39
0.014249999999999987 2.6948077192632316e-77
restart...
0.01649999999999995 7.13828903491964e-74
restart...
0.01649999999999999 1.7477430330800546e-73
restart...
0.016499999999999973 2.018410153999984e-74
restart...
0.013000000000000015 3.6023000098629003e-79
restart...
0.016250000000000053 4.9348316926765595e-73
restart...
0.012249999999999995 2.0101350292219305e-80
restart...
Sampling time (10 samples): 7829.7789 seconds
/scratch/users/yanlan/Retrieval_0705/Output/AM_PM_ET_167_313_00
0.00750000000000002 4.880824544375923e-46
restart...
0.04600000000000006 4.424091203175819e-35
0.13124999999999976 1.3767512650841234e-35
0.15433333333333368 6.755895755089812e-37
0.15674999999999997 5.519876767119795e-42
0.16269999999999965 8.27480050282719e-43
0.16299999999999976 7.013411613401048e-45
0.16271428571428606 5.426431027504133e-47
0.16300000000000017 2.5213397748508464e-49
restart...
0.15350000000000022 1.0308933482987889e-33
0.1745000000000009 4.383507177484308e-35
0.16787500000000058 2.3692839138591015e-40
0.16000000000000056 4.910950910194666e-50
restart...
0.1414999999999996 1.3047652108407346e-34
0.14599999999999924 4.169922390292804e-40
Sampling time (10 samples): 7716.9393 seconds
/scratch/users/yanlan/Retrieval_0705/Output/AM_PM_ET_173_281_00
0.022000000000000002 3.5065393817573315e-40
0.1425000000000001 5.69504201950108e-41
0.1966666666666677 3.5895297490993032e-40
0.21337500000000104 2.6907567832581204e-41
0.2215000000000013 1.2108842439666818e-43
0.22633333333333447 2.9777714138373073e-45
0.23971428571428674 5.425258166544915e-44
0.24956250000000046 5.897192467824508e-43
0.259333333333333 1.0318743104178779e-42
0.2674000000000018 1.011034774083351e-41
0.28068181818181964 7.380817632322387e-41
0.28895833333333526 5.454517400807421e-41
0.295923076923079 9.200084204666192e-41
0.3006071428571448 7.595088654742753e-42
0.3032333333333335 3.10036615213041e-41
Sampling time (10 samples): 7432.8955 seconds
/scratch/users/yanlan/Retrieval_0705/Output/AM_PM_ET_178_346_00
0.019999999999999976 1.818945571918786e-42
restart...
0.018999999999999958 7.907458394442156e-42
restart...
0.013500000000000022 1.501314381941429e-43
restart...
0.024500000000000036 5.796137429410165e-39
0.047250000000000035 3.2643564693297875e-54
restart...
0.04625000000000009 1.8817914604019963e-54
restart...
0.04550000000000006 2.9697764533123316e-56
restart...
0.040499999999999974 1.9859030732330466e-56
restart...
0.04524999999999993 2.5644782188842513e-56
restart...
0.049750000000000044 2.7817992893158015e-52
restart...
0.047500000000000035 3.031448489723687e-54
restart...
0.04799999999999995 2.8514783181992404e-54
restart...
0.049750000000000065 4.771341498985945e-53
restart...
0.056750000000000106 4.480684895420135e-51
restart...
0.04675000000000004 6.015249580344932e-55
restart...
Sampling time (10 samples): 7381.7835 seconds
/scratch/users/yanlan/Retrieval_0705/Output/AM_PM_ET_183_459_00
0.3915000000000001 1.331454632707248e-12
0.35474999999999945 1.0843434632670698e-12
0.3476666666666663 6.575860995613596e-13
0.33474999999999966 2.9334930303938197e-13
0.33469999999999883 4.0899518649467574e-13
0.3306666666666642 3.7807141239264765e-13
0.3292857142857119 2.9226264502865696e-13
0.3326874999999989 3.62814492244217e-13
0.32988888888888723 1.0940047432842455e-12
0.327349999999999 1.1749517084580637e-12
0.32999999999999835 1.5182157609662017e-12
0.33095833333333313 9.084797669363662e-13
0.32923076923076944 1.2567685404550335e-12
0.3296785714285718 4.457613408776468e-13
0.33023333333333316 8.181341766290198e-13
Sampling time (10 samples): 7734.3840 seconds
/scratch/users/yanlan/Retrieval_0705/Output/AM_PM_ET_189_346_00
0.038000000000000034 1.5170554665458226e-36
0.07075000000000017 2.440828969760077e-46
0.09166666666666687 1.5590633624425796e-52
restart...
0.05375000000000005 4.486036088679168e-50
restart...
0.07249999999999979 1.7525976732214593e-46
0.10366666666666643 4.186750047832675e-50
restart...
0.06899999999999996 8.056487902971662e-48
0.08233333333333336 6.422775546059067e-53
restart...
0.0660000000000001 4.138224304473142e-47
0.09750000000000016 6.136974599375612e-50
restart...
0.0727499999999999 1.8896069215335282e-47
0.09649999999999997 1.9220844009412714e-51
restart...
0.06350000000000008 8.279570863042635e-49
restart...
0.060000000000000074 1.1757502052558045e-49
restart...
0.06700000000000005 3.248534229661768e-45
Sampling time (10 samples): 7587.0329 seconds
/scratch/users/yanlan/Retrieval_0705/Output/AM_PM_ET_195_284_00
0.06449999999999997 1.1728786903624792e-33
0.147 2.2766567636494722e-38
0.19733333333333372 9.349777833392429e-38
0.16775000000000034 1.6311520756440145e-55
restart...
0.13799999999999982 1.850459456006779e-38
0.16533333333333325 1.9805091451086105e-47
0.1530000000000003 1.8449450585483276e-55
restart...
0.150125 1.4233711465303845e-57
restart...
0.15362500000000012 1.9231255623857422e-55
restart...
0.14924999999999974 3.1716930485021338e-59
restart...
0.15000000000000008 4.710251410494315e-58
restart...
0.14350000000000013 1.863886838028787e-60
restart...
0.15075000000000022 6.992638737945893e-57
restart...
0.15099999999999922 8.562001942081504e-60
restart...
0.15337499999999937 2.4415447234355312e-55
restart...
Sampling time (10 samples): 10130.5871 seconds
