/scratch/users/yanlan/Retrieval_0705/Output/AM_PM_ET_161_351_00
0.029500000000000005 4.69926797492631e-41
0.1495000000000002 5.798174883390807e-39
0.16283333333333402 4.925632846581703e-44
0.1638750000000005 3.224476366517289e-46
0.15630000000000016 4.9968841122724904e-55
restart...
0.15940000000000062 3.1258977787158345e-53
restart...
0.16310000000000033 1.9417138503644983e-51
restart...
0.15330000000000016 2.375862318628514e-55
restart...
0.1500999999999999 1.3153580759099696e-57
restart...
0.16670000000000051 1.7513885893551742e-51
restart...
0.16150000000000042 5.751280707850747e-52
restart...
0.16820000000000074 1.2225545074238037e-50
restart...
0.16310000000000033 4.875007121819348e-53
restart...
0.16070000000000056 1.0471558804410591e-52
restart...
0.15860000000000035 2.190377117714144e-54
restart...
Sampling time (10 samples): 8550.9242 seconds
/scratch/users/yanlan/Retrieval_0705/Output/AM_PM_ET_167_249_00
0.03649999999999998 9.3552589914066e-37
0.07074999999999998 8.425276677462853e-48
0.09050000000000001 1.3062321853841374e-55
restart...
0.07925000000000001 2.215668990478673e-46
0.08899999999999969 2.137344520016513e-57
restart...
0.051999999999999935 3.560259403352224e-53
restart...
0.05199999999999997 5.775945199808377e-53
restart...
0.07550000000000008 3.144347073104726e-48
0.08866666666666695 4.317164507972112e-55
restart...
0.06250000000000017 5.469080249695364e-50
restart...
0.05475000000000002 3.2179487114370395e-52
restart...
0.0729999999999999 1.110692668389343e-47
0.08849999999999977 2.5792237616583057e-55
restart...
0.04449999999999992 9.472428446400264e-54
restart...
0.057 2.236121061096506e-50
restart...
Sampling time (10 samples): 7748.4293 seconds
/scratch/users/yanlan/Retrieval_0705/Output/AM_PM_ET_172_431_00
0.03250000000000002 7.078922092369057e-36
0.10124999999999992 5.17631005565198e-43
0.1254999999999996 1.4339797520341991e-46
0.1632499999999998 1.0282572543409252e-44
0.19039999999999987 1.7581769985893655e-42
0.20749999999999916 1.539761562240779e-40
0.22385714285714228 1.728403703003922e-39
0.23543750000000016 1.3155340725318515e-39
0.24272222222222273 5.4501513129431324e-40
0.24805000000000055 2.884219230434648e-39
0.25477272727272754 8.074023431467207e-40
0.2572916666666668 5.2666674636133853e-39
0.26126923076923175 1.4862484422918145e-39
0.2641785714285735 3.9908275519578725e-39
0.2653333333333342 5.968646850445877e-39
Sampling time (10 samples): 7460.0861 seconds
/scratch/users/yanlan/Retrieval_0705/Output/AM_PM_ET_178_294_00
0.013500000000000003 4.112046153441858e-42
restart...
0.028000000000000014 4.0703617671428587e-38
0.15924999999999964 1.7358730784777538e-38
0.2021666666666658 3.099697232553403e-36
0.23462499999999936 2.386501672235078e-37
0.2601999999999988 1.1143553484322464e-36
0.275166666666666 1.4156615960267918e-36
0.286857142857141 1.1169336618865068e-36
0.29899999999999927 1.272213726778716e-36
0.3079999999999986 4.8481885645603155e-37
0.3107000000000009 1.1236413098739308e-36
0.3121818181818188 4.0161987470464484e-36
0.3164166666666657 2.5606752026957735e-36
0.3228076923076903 7.750792268534709e-37
0.3253214285714276 4.735901362186087e-37
Sampling time (10 samples): 7640.0100 seconds
/scratch/users/yanlan/Retrieval_0705/Output/AM_PM_ET_183_368_00
0.4110000000000003 1.6488080179208843e-12
0.3675000000000007 6.224556505928938e-13
0.3433333333333341 8.718056786584664e-13
0.33725 3.1936618527227695e-13
0.3336000000000001 4.241271992353815e-13
0.3337499999999994 7.874817971496715e-13
0.3340714285714268 9.56134968830245e-13
0.33299999999999846 1.433765319939885e-12
0.3313888888888876 9.701900358983034e-13
0.3316000000000001 1.2056196132343278e-12
0.33000000000000024 5.740512027654284e-13
0.331000000000002 6.472485569932369e-13
0.3297307692307711 8.075370232878672e-13
0.32803571428571654 1.2182814202104824e-12
0.3271000000000011 2.7781091431781794e-12
Sampling time (10 samples): 8001.5184 seconds
/scratch/users/yanlan/Retrieval_0705/Output/AM_PM_ET_189_296_00
0.06850000000000003 3.600990211063306e-33
0.17299999999999985 5.215905951021996e-33
0.19983333333333383 4.534302998459333e-33
0.22874999999999995 1.40767123386494e-32
0.24419999999999978 7.3480363228847735e-34
0.2568333333333327 1.8642037150172957e-32
0.267357142857141 7.063897228400092e-33
0.24668749999999842 1.627354454941925e-51
restart...
0.2632499999999994 1.818837127891421e-44
0.2514444444444444 4.3428839913041164e-54
restart...
0.24844444444444358 1.8657303586655433e-54
restart...
0.2505555555555544 1.0365304131542925e-53
restart...
0.24844444444444405 3.1591109752616743e-54
restart...
0.247055555555555 1.71617287203571e-54
restart...
0.2480555555555549 2.116556746102204e-53
restart...
Sampling time (10 samples): 8497.3786 seconds
/scratch/users/yanlan/Retrieval_0705/Output/AM_PM_ET_194_424_00
0.018499999999999992 1.3815970785206678e-39
restart...
0.025 7.817990372195427e-39
0.06075000000000009 4.225080190655578e-53
restart...
0.06250000000000001 3.7319719689404665e-52
restart...
0.07150000000000002 2.3044401406479585e-50
restart...
0.054249999999999986 2.2270126872891223e-54
restart...
0.07424999999999986 4.999400367995477e-51
restart...
0.06149999999999995 4.634858707232317e-52
restart...
0.06724999999999999 4.354981194592544e-50
restart...
0.06349999999999996 7.417922158632358e-54
restart...
0.05350000000000005 2.2191839845383646e-55
restart...
0.061500000000000006 3.6526402679429626e-50
restart...
0.0712500000000001 1.8092527421067482e-53
restart...
0.06149999999999998 1.5601924914200259e-52
restart...
0.059499999999999935 1.1909822502230071e-52
restart...
Sampling time (10 samples): 7600.5334 seconds
