/scratch/users/yanlan/Retrieval_0705/Output/AM_PM_ET_162_284_00
0.013500000000000002 7.592580603694489e-42
restart...
0.030000000000000075 5.373669649593988e-38
0.05575000000000008 8.02357892990589e-51
restart...
0.042500000000000066 2.92707163016488e-53
restart...
0.05424999999999994 6.01542449733532e-53
restart...
0.051 9.03233997744363e-52
restart...
0.050250000000000086 2.3865746051979973e-54
restart...
0.06350000000000004 6.077142873649078e-48
0.07566666666666652 1.2367425954627465e-56
restart...
0.057250000000000016 1.1198796620766298e-51
restart...
0.046250000000000055 5.089032026529865e-56
restart...
0.05200000000000002 4.8065581354941996e-51
restart...
0.05525000000000003 4.6918324105383955e-51
restart...
0.04875000000000005 8.123361694576878e-52
restart...
0.05425000000000003 3.723916818397606e-52
restart...
Sampling time (10 samples): 7436.7190 seconds
/scratch/users/yanlan/Retrieval_0705/Output/AM_PM_ET_167_404_00
0.01649999999999999 1.39502528247815e-41
restart...
0.03449999999999999 2.3923958766205975e-38
0.08974999999999997 3.161964416398552e-44
0.1091666666666667 1.1663846921300435e-47
0.11812500000000002 1.0668927372226294e-52
restart...
0.09425000000000008 8.85907236356061e-44
0.0948333333333334 1.7421268070629717e-53
restart...
0.08600000000000002 3.7036052938022996e-44
0.09683333333333341 2.831987251145668e-48
0.10562500000000011 1.4080282132480503e-53
restart...
0.09650000000000014 1.1952296734721662e-42
0.10700000000000032 4.969161249829312e-47
0.11137500000000015 8.469232872967466e-52
restart...
0.06974999999999976 1.5457877132153426e-45
0.09149999999999983 7.872926527968316e-50
restart...
Sampling time (10 samples): 7479.9383 seconds
/scratch/users/yanlan/Retrieval_0705/Output/AM_PM_ET_173_352_00
0.4234999999999997 1.4087718046292245e-12
0.3679999999999999 1.3575011383265201e-12
0.35316666666666585 8.729283046269036e-13
0.3454999999999997 4.802772322271402e-13
0.3422999999999993 3.7971405676184065e-13
0.3360833333333331 6.033990030560427e-13
0.3291428571428567 2.787414020349597e-13
0.3298749999999999 2.455045353764292e-13
0.3290000000000006 2.787860438225337e-13
0.3281000000000009 4.86814704571802e-13
0.3272272727272714 4.560912955899127e-13
0.328833333333333 2.6813923203706797e-13
0.32999999999999907 2.979546484073977e-13
0.3292499999999995 1.3415734598528993e-12
0.32793333333333263 4.5073991713434654e-13
Sampling time (10 samples): 7576.4603 seconds
/scratch/users/yanlan/Retrieval_0705/Output/AM_PM_ET_178_446_00
0.026499999999999985 7.09078618975595e-39
0.0845000000000001 8.349741446533111e-46
0.11633333333333333 2.927742140145439e-46
0.12587499999999982 2.25100429102835e-49
restart...
0.07499999999999986 3.696181934281472e-47
0.11066666666666665 4.651166813389341e-49
restart...
0.07374999999999998 1.0119519611846392e-46
0.1086666666666665 6.3131405545641446e-46
0.12387499999999971 7.578115055066326e-47
0.13479999999999948 3.4615528355452025e-48
0.14266666666666614 2.7946869455401275e-48
0.14821428571428527 1.8393130333430177e-48
0.1517499999999996 3.453729503589494e-49
restart...
0.07050000000000003 1.8404602522948893e-48
0.10900000000000006 3.805932591694285e-50
restart...
Sampling time (10 samples): 7770.8240 seconds
/scratch/users/yanlan/Retrieval_0705/Output/AM_PM_ET_184_305_00
0.013000000000000008 4.326309691826457e-42
restart...
0.009499999999999996 5.4327228815462176e-45
restart...
0.039500000000000035 5.400788351716535e-38
0.1269999999999997 3.206938044134071e-41
0.17516666666666653 1.019944477139418e-40
0.19687499999999997 6.467656945715867e-39
0.2207999999999997 3.1043218691012936e-39
0.24183333333333273 3.2670601811356727e-38
0.25185714285714256 9.672167165599823e-39
0.2616875000000001 1.4620524357888782e-38
0.2638333333333345 2.8306285644656958e-39
0.26900000000000207 4.351145733900419e-40
0.274818181818184 2.832080811750571e-40
0.27983333333333554 8.133842597476269e-41
0.28611538461538594 6.6942012551999626e-40
Sampling time (10 samples): 7526.9344 seconds
/scratch/users/yanlan/Retrieval_0705/Output/AM_PM_ET_190_236_00
0.0195 2.668294184210505e-42
restart...
0.014499999999999996 3.411635763409283e-42
restart...
0.013499999999999991 5.039492810657016e-44
restart...
0.02400000000000002 1.0172255140543177e-37
0.10474999999999982 1.0560308012091282e-40
0.15766666666666682 3.6750961328040907e-37
0.18900000000000017 1.798038323245748e-35
0.21510000000000018 8.353785766222005e-35
0.23108333333333322 6.156949799370152e-34
0.24107142857142871 9.782264779591887e-34
0.2522499999999995 5.769034939013706e-34
0.259444444444443 1.581580689941176e-33
0.2663499999999974 2.3198324665413243e-33
0.2725909090909052 1.4480738557508483e-33
0.2807083333333296 7.61726035970613e-34
Sampling time (10 samples): 7676.9005 seconds
/scratch/users/yanlan/Retrieval_0705/Output/AM_PM_ET_195_354_00
0.013999999999999997 4.298550887119093e-42
restart...
0.007000000000000006 1.0423515262722323e-45
restart...
0.01050000000000001 1.9840700384068984e-45
restart...
0.0235 9.787137632417473e-40
0.034999999999999976 5.137699014149559e-62
restart...
0.02924999999999999 3.934006108733371e-64
restart...
0.08349999999999998 1.8007077443556052e-47
0.12799999999999973 9.421775927670211e-47
0.16924999999999985 1.341457104837817e-43
0.19229999999999955 7.90993980824826e-40
0.20641666666666597 2.372269320347276e-38
0.22021428571428533 1.2947573692758074e-36
0.23124999999999982 1.4979375786722173e-36
0.23944444444444435 1.8643220578030307e-36
0.24605000000000013 1.5071799778607177e-36
Sampling time (10 samples): 7717.2922 seconds
