/scratch/users/yanlan/Retrieval_0705/Output/AM_PM_ET_163_302_00
0.0465 1.7429686171788656e-35
0.13374999999999965 3.6945063849943076e-38
0.17866666666666758 1.2361884604111746e-39
0.17612500000000064 7.316149160747274e-47
0.1937000000000009 4.16763204349464e-45
0.2125000000000007 2.6110695516483316e-43
0.2232857142857151 3.0253211559257617e-43
0.23387500000000075 2.0363081798761604e-42
0.23205555555555638 4.806609933691857e-46
0.23490000000000044 1.438315736846234e-45
0.24004545454545487 1.3308650137598255e-45
0.2466666666666672 5.4424224447270286e-45
0.2543461538461525 1.806027380764309e-45
0.2579999999999989 1.9310749124864937e-45
0.2635333333333309 2.7216300787035675e-45
Sampling time (10 samples): 8113.1943 seconds
/scratch/users/yanlan/Retrieval_0705/Output/AM_PM_ET_168_427_00
0.02750000000000001 1.1707124297051177e-39
0.15200000000000025 3.9605329644657657e-35
0.2038333333333341 3.3267306914828893e-32
0.2353750000000013 1.0897745678269143e-30
0.2332000000000011 2.796766272688768e-32
0.24416666666666753 3.318404742042093e-30
0.2490000000000011 4.143548428477765e-30
0.2461875000000013 4.404609382732168e-34
0.23955555555555672 2.6856238989664103e-36
0.24140000000000128 2.1005450877086358e-35
0.2437272727272741 1.836438332549292e-32
0.25025000000000136 2.2265795959993265e-30
0.2591538461538496 1.8326278909638125e-29
0.26232142857143265 5.999017133300804e-31
0.26576666666667115 3.7303043542604235e-30
Sampling time (10 samples): 7616.9258 seconds
/scratch/users/yanlan/Retrieval_0705/Output/AM_PM_ET_174_361_00
0.4075000000000004 6.879082312845963e-13
0.37125000000000047 1.0025566050746581e-12
0.3596666666666668 4.867472393109067e-13
0.34449999999999986 5.937840747616253e-13
0.33420000000000066 1.1272362436095928e-12
0.3320833333333337 3.1666355790868425e-13
0.3281428571428576 1.4594851578508175e-12
0.32587500000000075 3.317074496575898e-13
0.32505555555555554 3.7715584621202757e-13
0.3244000000000001 8.314470804089638e-13
0.32490909090909154 7.416881594402817e-13
0.32483333333333403 1.892961251214382e-13
0.32234615384615517 1.8964591247362934e-13
0.3213214285714296 2.5381382657467006e-13
0.32096666666666784 1.1605336099084946e-12
Sampling time (10 samples): 7444.5402 seconds
/scratch/users/yanlan/Retrieval_0705/Output/AM_PM_ET_179_469_00
0.40600000000000014 6.800547990472281e-13
0.35425000000000073 3.876745809028383e-13
0.34416666666666834 7.420176687571945e-13
0.3328750000000012 1.0705319314091594e-12
0.33240000000000114 3.6536476261773636e-13
0.326750000000001 5.318713342252001e-13
0.324642857142858 1.177831330052255e-12
0.32325000000000065 2.0861685969616176e-12
0.32411111111111174 1.3163944822899999e-12
0.32485000000000114 1.73887158236449e-12
0.323954545454547 6.096178953308343e-13
0.32254166666666606 3.640703721155837e-13
0.32292307692307676 4.770060808878912e-13
0.3207500000000001 5.452839782734039e-13
0.3188666666666654 8.496040971683137e-13
Sampling time (10 samples): 7457.8453 seconds
/scratch/users/yanlan/Retrieval_0705/Output/AM_PM_ET_185_324_00
0.014500000000000004 1.0385724071357797e-42
restart...
0.012499999999999989 6.66867279424274e-43
restart...
0.026999999999999996 2.1829561279015148e-38
0.07350000000000034 1.093746044155412e-45
0.12116666666666676 2.6619801874392475e-43
0.16900000000000023 1.2091613020315196e-41
0.1934000000000007 3.633170505716374e-39
0.22016666666666684 1.4940649341777481e-36
0.23807142857142852 2.1344651985322216e-35
0.25631250000000005 1.7321740806754394e-35
0.26683333333333237 9.450330316838178e-36
0.2803499999999992 4.407143291079611e-35
0.2880000000000001 5.222934105774433e-35
0.2972499999999997 4.433881166360903e-35
0.3012307692307692 1.695747745737069e-35
Sampling time (10 samples): 7524.8241 seconds
/scratch/users/yanlan/Retrieval_0705/Output/AM_PM_ET_191_253_00
0.05249999999999997 2.807778086807539e-34
0.15449999999999978 7.965777101070929e-33
0.200833333333333 1.1128238875276675e-30
0.221125 2.053321826167219e-30
0.22060000000000005 1.4869360183617183e-38
0.18991666666666684 5.007774377956569e-68
restart...
0.1883333333333333 3.6048904219337524e-70
restart...
0.19150000000000003 1.2874242319778905e-67
restart...
0.1905833333333332 2.5399455977880844e-67
restart...
0.19016666666666662 1.0896006094748524e-68
restart...
0.1905833333333334 3.829064432991509e-66
restart...
0.1894166666666668 8.29973969078323e-69
restart...
0.18991666666666668 3.934009928184586e-69
restart...
0.19041666666666668 1.2496218452381968e-66
restart...
0.18875000000000003 5.186697095450468e-70
restart...
Sampling time (10 samples): 7628.1317 seconds
/scratch/users/yanlan/Retrieval_0705/Output/AM_PM_ET_196_374_00
0.012500000000000002 7.744961115240467e-45
restart...
0.027999999999999997 1.610848123784388e-38
0.08825000000000002 5.863631830291264e-45
0.11949999999999984 6.667661694221117e-47
0.13924999999999962 1.469467794443739e-47
0.16609999999999966 6.205227122880432e-45
0.17549999999999955 7.199957256885827e-43
0.19385714285714273 1.3325908169573242e-40
0.20793750000000022 1.5386221541685955e-38
0.22166666666666757 8.259676950148138e-36
0.23620000000000085 1.137336436192264e-34
0.24709090909090933 4.7873971849079086e-34
0.25291666666666673 3.4306588648291935e-33
0.25849999999999834 4.166184394359554e-34
0.2612500000000004 1.2479553782171196e-33
Sampling time (10 samples): 7428.2711 seconds
