/scratch/users/yanlan/Retrieval_0705/Output/AM_PM_ET_162_335_00
0.08299999999999996 1.772855550841019e-32
0.2274999999999997 2.343256243060989e-31
0.2646666666666638 9.901471845455631e-31
0.2886249999999985 1.620664911115149e-31
0.30849999999999794 1.870793684845318e-31
0.3224166666666642 1.103394249384771e-31
0.28435714285714114 5.693847785182596e-68
restart...
0.3342857142857113 1.2985030321095427e-31
0.3440624999999975 1.7629036517424439e-31
0.3486111111111089 5.657051972339359e-32
0.3341999999999974 5.548997574972177e-48
0.3056818181818165 5.67602718103858e-80
restart...
0.3061363636363623 8.441269469176833e-77
restart...
0.30518181818181583 2.3561618733332362e-83
restart...
0.30545454545454265 2.0298754596440747e-79
restart...
Sampling time (10 samples): 8158.2374 seconds
/scratch/users/yanlan/Retrieval_0705/Output/AM_PM_ET_168_241_00
0.07599999999999991 5.892238912947752e-36
0.18674999999999972 1.5634099959448762e-34
0.22866666666666643 2.0497495247844713e-33
0.2569999999999998 3.508093410171768e-33
0.23439999999999908 1.1042249365224291e-49
restart...
0.26719999999999944 3.735401256349827e-33
0.2785833333333335 5.676037660908896e-33
0.2852857142857146 4.260005297016265e-33
0.29068750000000093 7.276127496878166e-33
0.2952777777777787 8.754153272922613e-33
0.2991000000000017 9.932572640695651e-33
0.29968181818181916 2.912775490274961e-32
0.3029583333333345 9.260068816087666e-33
0.3055000000000007 1.065875370237288e-32
0.3073214285714297 1.515548678300553e-32
Sampling time (10 samples): 7962.1241 seconds
/scratch/users/yanlan/Retrieval_0705/Output/AM_PM_ET_173_417_00
0.03549999999999998 1.2548325332104902e-35
0.0954999999999999 1.42522847065502e-43
0.1293333333333332 1.115117529205498e-44
0.15549999999999947 1.5613187150788604e-44
0.16069999999999912 2.9941789437148025e-45
0.16374999999999917 1.8609707689827274e-44
0.1652142857142849 7.328132620609618e-44
0.1691874999999989 8.613674071669791e-45
0.1703888888888882 1.0148827469299836e-44
0.1721999999999993 1.7930899289608602e-45
0.17413636363636228 1.3637715568031318e-45
0.17616666666666533 1.2749799263085749e-46
0.1774999999999984 2.9942723051649565e-46
0.1774999999999981 2.8625828593647157e-46
0.17823333333333172 1.6670203401997023e-46
Sampling time (10 samples): 8894.9098 seconds
/scratch/users/yanlan/Retrieval_0705/Output/AM_PM_ET_179_285_00
0.025000000000000005 1.761542848049285e-39
0.08624999999999991 1.0010444520046335e-43
0.10899999999999993 9.753597021302831e-46
0.13099999999999984 2.1786953479673254e-47
0.14150000000000057 3.569787457901337e-48
0.14491666666666742 3.689939238064885e-51
restart...
0.09125000000000001 1.6622804275315773e-45
0.13633333333333347 2.2041745823595227e-46
0.17962499999999998 1.7854779363641102e-44
0.1824 3.1090146925769605e-47
0.19766666666666652 1.992442146403396e-45
0.20464285714285743 1.8424655072621713e-45
0.20881250000000043 3.999155813241058e-46
0.21822222222222293 4.938792376081345e-45
0.226150000000001 4.615773959900049e-45
Sampling time (10 samples): 8639.7075 seconds
/scratch/users/yanlan/Retrieval_0705/Output/AM_PM_ET_184_356_00
0.043499999999999976 2.9963414751010045e-35
0.10350000000000005 4.216945593879668e-37
0.1280000000000002 1.642635419522522e-38
0.13524999999999993 3.5976169264725686e-45
0.14189999999999986 1.5974621948479154e-47
0.1439166666666666 2.0370715194124525e-50
restart...
0.07724999999999993 2.883089242116859e-45
0.10116666666666654 2.5733449323366972e-51
restart...
0.07349999999999991 3.136280983460034e-46
0.10933333333333319 6.259108737692873e-49
restart...
0.08499999999999999 1.2034574028599753e-43
0.10083333333333332 2.9031586239921667e-49
restart...
0.09350000000000011 2.158394948214496e-39
0.1318333333333335 3.774255730759902e-42
0.13525000000000065 2.8189343304308647e-46
Sampling time (10 samples): 8242.0990 seconds
/scratch/users/yanlan/Retrieval_0705/Output/AM_PM_ET_190_287_00
0.04100000000000002 6.963739253788948e-35
0.030250000000000013 8.505159395378799e-67
restart...
0.08175000000000004 5.695549504659705e-47
0.14783333333333332 1.2469977499335254e-43
0.17137500000000025 1.0758177288415946e-42
0.19239999999999954 1.1070797473485989e-41
0.21291666666666575 5.675246416312292e-40
0.22328571428571362 8.401099606354875e-39
0.23749999999999982 8.228619611766888e-39
0.24549999999999986 3.430227665037765e-38
0.25185000000000024 1.1027878907316759e-38
0.25745454545454627 2.5162825821632534e-38
0.26470833333333427 1.4960062812420233e-37
0.26949999999999946 9.948675433391762e-38
0.2753214285714299 3.8960732767071126e-38
Sampling time (10 samples): 8109.7963 seconds
/scratch/users/yanlan/Retrieval_0705/Output/AM_PM_ET_195_416_00
0.027500000000000024 2.8907005295565497e-39
0.12149999999999993 6.876611155764721e-41
0.13099999999999973 1.0507397002187014e-46
0.16987500000000044 1.6175430436504058e-44
0.19440000000000024 1.820737534991941e-42
0.21516666666666692 8.135265119397229e-41
0.2295000000000003 6.690648969405886e-41
0.2456875000000008 1.9350232171851773e-40
0.2556666666666665 4.6038557878309894e-40
0.26335000000000114 4.047022815318307e-40
0.27036363636363797 7.732245686313628e-41
0.2748333333333352 2.49128879110079e-41
0.2790769230769243 9.748374264601812e-41
0.28135714285714525 6.124743870859071e-41
0.2838000000000039 1.5526861393187347e-40
Sampling time (10 samples): 8051.8897 seconds
