/scratch/users/yanlan/Retrieval_0705/Output/AM_PM_ET_164_434_00
0.023999999999999997 9.782340265054395e-37
0.03975000000000005 2.9972164544229638e-52
restart...
0.04374999999999992 4.519895639717557e-52
restart...
0.03825000000000003 1.3101524413960658e-57
restart...
0.04725000000000009 8.95944781393339e-54
restart...
0.04825 1.5758102462231444e-49
restart...
0.038499999999999944 3.302519020670252e-55
restart...
0.04374999999999992 3.3682595958656266e-52
restart...
0.037749999999999985 1.9709980355982925e-57
restart...
0.044249999999999956 1.4170521764994347e-50
restart...
0.04100000000000002 2.1559905478628676e-55
restart...
0.04374999999999998 2.156302411462659e-53
restart...
0.040500000000000015 1.750687996094399e-54
restart...
0.04000000000000006 6.613215100032038e-56
restart...
0.033500000000000016 5.9599047143858774e-58
restart...
Sampling time (10 samples): 7677.9975 seconds
/scratch/users/yanlan/Retrieval_0705/Output/AM_PM_ET_170_340_00
0.040499999999999994 2.229108632766588e-36
0.0935 1.2841097029571852e-41
0.12300000000000015 1.1419951517084692e-44
0.1374999999999996 1.6590265205640263e-47
0.14669999999999958 1.643173728838404e-49
restart...
0.0982500000000001 1.8879220156264455e-41
0.12916666666666662 1.0130808333178714e-42
0.1321249999999997 1.1249070152926562e-45
0.13760000000000014 2.0711104287320186e-48
0.1386666666666658 2.3873289267488217e-52
restart...
0.1022499999999999 1.788382503196599e-39
0.12583333333333346 3.080951272164567e-43
0.14375000000000024 1.1960457335882637e-42
0.1494999999999999 8.878776982687453e-45
0.15241666666666687 6.302019640970947e-46
Sampling time (10 samples): 7805.0751 seconds
/scratch/users/yanlan/Retrieval_0705/Output/AM_PM_ET_176_245_00
0.03800000000000001 6.971678616666501e-36
0.15324999999999978 3.3970880513498297e-36
0.19766666666666588 1.3680975584987418e-35
0.22012499999999954 1.7713562751538516e-34
0.24639999999999967 1.7387765367272171e-34
0.26566666666666583 1.5315445742700819e-34
0.2791428571428562 9.527681804389579e-35
0.27693749999999906 1.0513806446636852e-36
0.28516666666666446 5.884927184211395e-35
0.29170000000000007 1.9989558291903253e-34
0.29136363636363866 5.607575681155246e-36
0.2947916666666688 1.7720103782255967e-35
0.30038461538461847 4.730726249813474e-34
0.3028214285714318 1.1274245477658049e-34
0.30580000000000046 1.550475801051228e-34
Sampling time (10 samples): 7524.9579 seconds
/scratch/users/yanlan/Retrieval_0705/Output/AM_PM_ET_181_346_00
0.012499999999999994 1.262422464633663e-43
restart...
0.010999999999999998 3.220803716653921e-44
restart...
0.015999999999999986 2.2201238951247953e-42
restart...
0.007499999999999992 4.35769784728247e-44
restart...
0.016500000000000004 6.713400279868791e-42
restart...
0.014999999999999994 9.416491528697873e-43
restart...
0.014499999999999999 4.02887690890409e-42
restart...
0.020499999999999987 5.329664829577459e-41
0.07749999999999983 3.862331154005133e-46
0.0969999999999999 1.885919358090624e-51
restart...
0.07625000000000005 2.700521514349266e-48
0.09216666666666666 4.714427188887805e-53
restart...
0.0755000000000001 3.6435421191430554e-47
0.08783333333333333 2.214207866576911e-54
restart...
0.07524999999999997 2.40860374812879e-46
Sampling time (10 samples): 7438.9974 seconds
/scratch/users/yanlan/Retrieval_0705/Output/AM_PM_ET_187_270_00
0.01649999999999999 2.876080350514209e-42
restart...
0.018500000000000016 1.4170888152843723e-41
restart...
0.03500000000000001 4.636160327968398e-36
0.09075000000000004 7.356906127931919e-44
0.15083333333333354 4.5031487123846715e-41
0.18650000000000044 5.413002614436485e-40
0.2082000000000007 5.23356924039636e-39
0.21900000000000044 2.7133937632493486e-39
0.22621428571428603 8.283625731353946e-40
0.2346250000000001 4.042491880027702e-40
0.2260000000000003 1.901612161505012e-43
0.21495000000000028 1.0175364113530052e-53
restart...
0.2151500000000006 2.4383424300115693e-53
restart...
0.21254999999999996 6.565987382734803e-57
restart...
0.2157500000000005 8.390424695940839e-55
restart...
Sampling time (10 samples): 8056.8960 seconds
/scratch/users/yanlan/Retrieval_0705/Output/AM_PM_ET_192_368_00
0.38100000000000017 1.910202249025036e-12
0.3570000000000007 1.0745968111822042e-12
0.3469999999999997 7.824262043850677e-13
0.34324999999999967 5.259982634980381e-13
0.3467000000000003 1.2593395225825825e-12
0.3407500000000016 1.0013704999035516e-12
0.3425714285714298 5.247364959220847e-13
0.34075000000000094 1.4760673543848243e-12
0.3407222222222228 6.651065602114762e-13
0.3375000000000013 4.44449215716047e-13
0.3350454545454564 4.778699903597172e-13
0.3364166666666685 4.852697006251954e-13
0.33300000000000163 4.104540757058377e-13
0.332535714285716 1.7064426291993442e-13
0.33070000000000127 8.819239133336487e-13
Sampling time (10 samples): 7641.2753 seconds
/scratch/users/yanlan/Retrieval_0705/Output/AM_PM_ET_198_293_00
0.011000000000000006 1.740763202582784e-44
restart...
0.00799999999999999 2.5073201126385537e-46
restart...
0.016000000000000035 7.63438579414732e-42
restart...
0.09649999999999997 6.641096346239685e-32
0.20299999999999963 3.8416214652873713e-31
0.26233333333333225 6.467719216682797e-30
0.28662500000000074 6.104881978659047e-30
0.3074000000000011 8.926821157721352e-31
0.31991666666666896 6.65176775907985e-31
0.32842857142857357 9.841305048047288e-31
0.3424375000000016 8.131362266832103e-31
0.3460000000000011 1.605838239606265e-30
0.34560000000000024 8.06711806120585e-31
0.3495909090909076 2.2038603180431474e-30
0.35449999999999887 1.3395715971817683e-30
Sampling time (10 samples): 7658.4337 seconds
