/scratch/users/yanlan/Retrieval_0705/Output/AM_PM_ET_161_247_00
0.011000000000000006 1.0882397803247283e-43
restart...
0.061499999999999985 1.0731708673669024e-34
0.1987499999999997 1.462702841714613e-33
0.24550000000000005 1.4256634614653335e-32
0.27187500000000053 7.140738334261283e-32
0.28200000000000086 1.9812068588769823e-32
0.2886666666666655 8.634008982412498e-32
0.29249999999999926 2.1387728489835944e-31
0.30349999999999944 6.463528453747605e-32
0.3091666666666659 1.1784212566900853e-31
0.3119000000000009 3.383766659971854e-32
0.3140909090909087 5.783920988369159e-32
0.315541666666666 1.2086518387531464e-31
0.3158846153846153 7.443403207714801e-32
0.31642857142857306 5.165210077087312e-32
Sampling time (10 samples): 7424.1603 seconds
/scratch/users/yanlan/Retrieval_0705/Output/AM_PM_ET_166_377_00
0.3935000000000002 9.183381980906443e-13
0.3590000000000003 1.5303821888024549e-12
0.35033333333333244 1.185736426662886e-12
0.3426249999999994 1.7614831276130544e-13
0.3430999999999998 1.1794359147643039e-12
0.34116666666666523 8.665289154153269e-13
0.33764285714285597 7.626114962975054e-13
0.3352499999999983 2.6907074806654167e-13
0.3309999999999983 2.437413538875052e-13
0.3309499999999991 3.8807682570664336e-13
0.33063636363636406 6.053041248544099e-13
0.32925000000000015 2.203021214338192e-12
0.3293461538461541 3.756069044552252e-13
0.32796428571428704 5.061652871304179e-13
0.32736666666666825 3.5942416752941173e-13
Sampling time (10 samples): 8505.8346 seconds
/scratch/users/yanlan/Retrieval_0705/Output/AM_PM_ET_172_315_00
0.019000000000000027 7.903910843055575e-42
restart...
0.010499999999999995 2.2679985459844967e-44
restart...
0.010999999999999994 1.0998027501603513e-44
restart...
0.010000000000000005 2.239802380803399e-44
restart...
0.010000000000000002 4.510022540235599e-45
restart...
0.005500000000000007 6.316665258397704e-48
restart...
0.013000000000000015 1.2723533361097663e-42
restart...
0.024999999999999998 1.544883581646123e-37
0.11525000000000019 5.430491111737992e-41
0.13833333333333322 6.632786929542927e-44
0.17712500000000025 6.053154071623073e-42
0.1991000000000006 1.7726715915131776e-40
0.20749999999999985 4.4434993980750734e-40
0.22635714285714342 4.709960738145047e-40
0.23587500000000056 9.905536137373768e-40
Sampling time (10 samples): 7557.0273 seconds
/scratch/users/yanlan/Retrieval_0705/Output/AM_PM_ET_177_427_00
0.0295 1.3679756707690195e-38
0.07500000000000004 2.1556155866099556e-47
0.09050000000000039 3.26501066921704e-54
restart...
0.06474999999999999 6.329048584777348e-48
0.08000000000000007 6.763647844464796e-55
restart...
0.0660000000000001 3.772657091875783e-48
0.08333333333333355 6.845469010342009e-57
restart...
0.06524999999999997 1.1925202492140743e-47
0.077833333333333 1.6287614538230284e-55
restart...
0.066 8.908909912888664e-50
restart...
0.06399999999999995 1.545286260269566e-49
restart...
0.06649999999999993 2.5479730408148448e-48
0.07699999999999999 1.2392539948802347e-56
restart...
0.07175000000000006 5.477553564745558e-47
0.07966666666666677 1.867968319238361e-54
restart...
Sampling time (10 samples): 7627.0803 seconds
/scratch/users/yanlan/Retrieval_0705/Output/AM_PM_ET_183_283_00
0.07599999999999997 3.5228765860939623e-34
0.1735000000000001 1.7411056408820358e-31
0.21849999999999978 8.392278015279735e-30
0.24437500000000043 1.0746148606040742e-29
0.25460000000000044 2.6118088798162216e-29
0.2653333333333335 3.865981568296866e-29
0.26957142857142974 3.2694376056097084e-29
0.27218750000000225 1.5327125430889203e-29
0.2782222222222242 1.594990166053183e-29
0.2809000000000022 1.3578175539296626e-29
0.283727272727275 2.7273731504970057e-29
0.2838333333333372 3.3946449919819877e-29
0.2855384615384649 1.564362547446906e-29
0.2868214285714322 7.405529373024199e-30
0.28866666666667057 1.4219349159546584e-29
Sampling time (10 samples): 7618.9759 seconds
/scratch/users/yanlan/Retrieval_0705/Output/AM_PM_ET_188_412_00
0.02599999999999998 8.672127372748184e-41
0.05775000000000011 7.277333688962177e-53
restart...
0.05150000000000001 5.02518464927976e-53
restart...
0.06974999999999992 1.071083949817773e-49
restart...
0.06500000000000009 8.338572328666936e-51
restart...
0.06624999999999998 1.120342911251743e-49
restart...
0.066 4.1306958965573526e-49
restart...
0.06425000000000017 2.4524978642943556e-49
restart...
0.06174999999999994 9.059857102765823e-50
restart...
0.05925000000000001 2.2240823178976104e-52
restart...
0.06675000000000007 1.4635285289521083e-51
restart...
0.058750000000000045 1.421862964206573e-50
restart...
0.06850000000000016 1.2064407381790939e-51
restart...
0.06575000000000003 4.583073215175149e-49
restart...
0.06500000000000002 8.18880003872145e-52
restart...
Sampling time (10 samples): 7673.9874 seconds
/scratch/users/yanlan/Retrieval_0705/Output/AM_PM_ET_194_326_00
0.020999999999999994 6.158383585389417e-40
0.01950000000000001 5.65638263746915e-72
restart...
0.015999999999999983 3.283747585624325e-77
restart...
0.02375000000000003 9.770361459136324e-65
restart...
0.018249999999999964 1.1573135863673078e-72
restart...
0.02399999999999999 1.2810128750742478e-68
restart...
0.013500000000000045 7.944093010428632e-81
restart...
0.021999999999999967 5.029719566355436e-66
restart...
0.02599999999999998 1.8303087805913686e-64
restart...
0.01599999999999991 5.320852452406252e-76
restart...
0.019999999999999938 8.96881508554516e-70
restart...
0.02300000000000002 1.7107170964442018e-66
restart...
0.02149999999999997 2.0252690121543e-69
restart...
0.016250000000000025 2.6133212517395105e-75
restart...
0.013749999999999984 6.881333848222272e-81
restart...
Sampling time (10 samples): 7639.3533 seconds
