/scratch/users/yanlan/Retrieval_0705/Output/AM_PM_ET_164_266_00
0.03150000000000003 7.883861844439917e-39
0.10850000000000018 2.3701889113397138e-45
0.15183333333333388 1.0350072429510218e-44
0.18150000000000066 3.2210166201009213e-44
0.2032000000000003 3.356622966462873e-43
0.2205000000000001 1.5359205680172317e-43
0.22864285714285754 1.590280569324129e-42
0.2315000000000003 2.572427302983349e-42
0.2366111111111111 1.2253791295030522e-42
0.24139999999999992 6.3573659215398655e-43
0.24722727272727266 6.559752206768827e-44
0.25020833333333353 2.7450613921630048e-43
0.2527307692307698 1.805176977805991e-42
0.2530000000000012 7.977768214401194e-44
0.2521000000000011 2.689332614440461e-43
Sampling time (10 samples): 8125.0511 seconds
/scratch/users/yanlan/Retrieval_0705/Output/AM_PM_ET_169_400_00
0.010500000000000006 3.856053589640719e-45
restart...
0.015999999999999986 4.4986224091420564e-40
restart...
0.0585 2.7091820657452264e-34
0.16899999999999996 1.2162057051537574e-32
0.19766666666666655 2.4684587280555577e-34
0.19375000000000006 2.3510476139104976e-39
0.19390000000000016 7.081688948608078e-43
0.1985833333333333 7.568999278163881e-45
0.1997857142857145 5.760104655337157e-45
0.2051875000000006 6.593541817383565e-44
0.20600000000000077 2.3270171917967235e-45
0.20950000000000082 1.3676848727647747e-45
0.2100454545454552 2.8638364061039205e-46
0.20808333333333398 3.576437195536489e-48
0.20846153846153906 3.4173983106283338e-49
restart...
Sampling time (10 samples): 7910.3455 seconds
/scratch/users/yanlan/Retrieval_0705/Output/AM_PM_ET_175_310_00
0.016000000000000014 2.5424459240788676e-40
restart...
0.015499999999999996 2.2705920863525717e-42
restart...
0.007499999999999995 4.2101787582372044e-47
restart...
0.014499999999999987 5.477511473847884e-44
restart...
0.024500000000000036 1.329639091888983e-38
0.1485 1.3809502948501485e-37
0.20649999999999996 1.2767405412783693e-32
0.2391249999999998 4.28120136022664e-31
0.26359999999999967 2.2571486461761727e-30
0.2800833333333325 2.742443385912754e-30
0.29428571428571415 1.3977060227447593e-29
0.30937500000000157 1.973440034100099e-30
0.31777777777777927 1.999139623370129e-30
0.32595000000000135 2.018383063379718e-30
0.3295000000000023 5.066220689934869e-30
Sampling time (10 samples): 6799.8194 seconds
/scratch/users/yanlan/Retrieval_0705/Output/AM_PM_ET_180_418_00
0.018499999999999992 5.810217445890325e-42
restart...
0.01849999999999999 4.2440811677224867e-41
restart...
0.019999999999999997 3.430827685710208e-41
restart...
0.028 7.032944063168611e-41
0.11549999999999998 1.2909272482235702e-42
0.1485000000000001 5.390234604574161e-44
0.1788750000000002 1.2653822494393193e-41
0.20080000000000042 7.396616109794075e-39
0.2087500000000001 1.1867301585433011e-39
0.2250000000000001 6.201122132795056e-38
0.23762500000000056 1.416990983976197e-36
0.24444444444444516 4.0431211508870906e-36
0.25245000000000073 1.9764676522221963e-35
0.25995454545454444 6.991131372265403e-36
0.2624999999999995 9.496721637937897e-36
Sampling time (10 samples): 7585.5199 seconds
/scratch/users/yanlan/Retrieval_0705/Output/AM_PM_ET_186_299_00
0.04599999999999998 6.583592471500076e-34
0.03000000000000016 2.520973099797889e-68
restart...
0.02974999999999983 2.926975299211091e-68
restart...
0.04374999999999992 6.920492857471609e-61
restart...
0.046499999999999965 5.338650648248484e-54
restart...
0.05424999999999993 1.2618137853225211e-50
restart...
0.05799999999999997 3.435841193779899e-52
restart...
0.06199999999999998 5.608500388339776e-53
restart...
0.05424999999999995 1.675349643751533e-52
restart...
0.061499999999999964 1.2752803401262668e-51
restart...
0.03900000000000003 3.3238643094544266e-58
restart...
0.04924999999999992 7.421027693657888e-55
restart...
0.059249999999999976 5.994796266223194e-50
restart...
0.05100000000000001 6.189844666937242e-52
restart...
0.04900000000000003 1.5736204870296352e-55
restart...
Sampling time (10 samples): 6698.8195 seconds
/scratch/users/yanlan/Retrieval_0705/Output/AM_PM_ET_191_431_00
0.01799999999999999 9.257831459790551e-41
restart...
0.02200000000000004 8.789525918754276e-40
0.10900000000000007 2.5699829875311416e-43
0.1643333333333336 2.8948097868021436e-41
0.19162500000000074 1.4098447096095337e-40
0.21670000000000045 1.205350664806967e-39
0.23199999999999976 3.583069032649406e-39
0.24514285714285708 1.262166537525108e-38
0.24874999999999972 1.1867450995029429e-39
0.25438888888888844 7.2290906060066354e-40
0.2549999999999996 3.221123567652312e-40
0.2512727272727274 3.007187299490325e-45
0.2529583333333344 3.202857619979039e-45
0.26011538461538597 3.317488346230658e-43
0.2659642857142883 1.277884978327842e-42
Sampling time (10 samples): 6862.4471 seconds
/scratch/users/yanlan/Retrieval_0705/Output/AM_PM_ET_197_336_00
0.038999999999999965 1.2487239214212127e-34
0.16324999999999953 2.723330529421213e-34
0.2119999999999998 1.002296113338799e-32
0.24537500000000015 2.492754231002406e-32
0.2726 1.3261287453485378e-31
0.29033333333333405 1.2919471410491638e-31
0.302000000000001 4.765402286253901e-32
0.3120000000000002 3.370311424758156e-32
0.3193888888888892 3.796959609024761e-32
0.32800000000000085 6.959578459990605e-32
0.3317727272727278 4.901149003884901e-32
0.33604166666666785 3.740090762983476e-32
0.339615384615385 7.39343904918431e-32
0.34221428571428675 1.9960806616185386e-31
0.34573333333333395 8.92038512352753e-32
Sampling time (10 samples): 6735.0855 seconds
