/scratch/users/yanlan/Retrieval_0705/Output/AM_PM_ET_164_278_00
0.013500000000000002 5.116678370448186e-42
restart...
0.010499999999999992 1.636935010530305e-45
restart...
0.011000000000000005 5.781418031640143e-45
restart...
0.009499999999999995 2.059663291848296e-44
restart...
0.018999999999999986 5.112606316599841e-40
restart...
0.011999999999999999 2.2641010981678338e-45
restart...
0.013500000000000005 9.619355868218074e-44
restart...
0.012499999999999994 2.4929769392424458e-45
restart...
0.012499999999999994 2.3572405081667972e-42
restart...
0.008999999999999985 1.9419487637923028e-46
restart...
0.014500000000000004 3.902105871077791e-41
restart...
0.009500000000000005 2.7925560956611574e-43
restart...
0.014999999999999987 2.659321792959348e-41
restart...
0.02049999999999998 7.094794963091709e-40
0.01750000000000001 5.424949662310589e-75
restart...
Sampling time (10 samples): 7693.7280 seconds
/scratch/users/yanlan/Retrieval_0705/Output/AM_PM_ET_169_415_00
0.0059999999999999975 8.962680908639474e-47
restart...
0.024999999999999998 1.7464710161312308e-39
0.08599999999999994 3.697012574800616e-45
0.14549999999999996 1.0913043712312108e-42
0.1955000000000003 1.7686296168901817e-38
0.21140000000000073 1.2326448608191452e-36
0.21941666666666718 5.338750335892923e-37
0.2336428571428572 1.6733467295934483e-35
0.24850000000000042 5.953396701215133e-35
0.25577777777777805 4.668686612931306e-35
0.2647000000000008 9.439038959498229e-36
0.26777272727272844 1.5903915529741004e-35
0.2728750000000012 1.3371568389645492e-35
0.2757692307692319 1.1446821134708098e-35
0.2790357142857149 3.3703650599310835e-35
Sampling time (10 samples): 7618.9063 seconds
/scratch/users/yanlan/Retrieval_0705/Output/AM_PM_ET_175_324_00
0.054500000000000055 6.754554181795309e-34
0.09999999999999996 1.854865945064256e-49
restart...
0.15324999999999994 1.167282599322364e-32
0.22250000000000025 6.825382760760714e-32
0.19487499999999994 6.798894195036156e-57
restart...
0.24812500000000037 6.886281604901483e-32
0.27109999999999945 7.45385222603721e-32
0.2887499999999993 7.605362831031097e-32
0.30057142857142766 6.210886541650503e-32
0.31393749999999776 2.056989827233127e-32
0.31877777777777644 1.95618331718344e-32
0.32514999999999855 6.599847293332028e-32
0.33109090909090805 1.9819932479265645e-31
0.33149999999999796 4.378563170811587e-32
0.33688461538461417 6.302864596019339e-32
Sampling time (10 samples): 7818.7066 seconds
/scratch/users/yanlan/Retrieval_0705/Output/AM_PM_ET_180_432_00
0.023999999999999997 2.0896209376802188e-38
0.06399999999999989 9.111038342977446e-49
restart...
0.06799999999999999 5.38946187727511e-48
0.09199999999999978 1.6492167486675277e-51
restart...
0.08424999999999992 8.848597007658688e-43
0.10983333333333341 5.104818114466928e-46
0.13137500000000002 1.4270432107712696e-46
0.14669999999999994 3.0166974755685497e-44
0.15283333333333368 6.750905692439027e-47
0.15492857142857194 1.5919022451726802e-47
0.16556250000000045 6.811153293240292e-45
0.16983333333333345 7.45305749437536e-46
0.1671000000000007 1.5466580440850603e-47
0.16600000000000079 1.1129492428200936e-50
restart...
0.08900000000000009 2.8535676389443526e-44
Sampling time (10 samples): 7487.6099 seconds
/scratch/users/yanlan/Retrieval_0705/Output/AM_PM_ET_186_311_00
0.01699999999999997 2.535035583769305e-39
restart...
0.015499999999999996 3.7358055309857953e-41
restart...
0.041999999999999996 5.583295887942454e-40
0.15350000000000033 9.913708856837256e-38
0.1920000000000005 5.687541634888536e-38
0.20775000000000027 6.022094508085732e-38
0.21170000000000044 1.8358729192462152e-41
0.2114166666666668 9.349022058524758e-52
restart...
0.18900000000000028 6.498148019686391e-69
restart...
0.2057500000000003 3.4977988663783465e-54
restart...
0.22400000000000023 5.03769446710492e-41
0.23364285714285737 1.4264070440911567e-41
0.23537499999999997 1.7514762723473154e-42
0.23305555555555585 3.3803402284232406e-43
0.22920000000000004 4.613691533903981e-44
Sampling time (10 samples): 7664.2789 seconds
/scratch/users/yanlan/Retrieval_0705/Output/AM_PM_ET_192_234_00
0.035499999999999976 3.717748685274061e-38
0.16850000000000012 9.0971319152346e-36
0.2088333333333331 2.3050429803291647e-32
0.23612499999999942 5.04840146205422e-32
0.24849999999999936 9.236367672278275e-32
0.26224999999999987 1.6866744482912325e-31
0.27314285714285813 2.263394944939131e-31
0.2752499999999999 9.342816648214812e-33
0.28038888888888824 2.1900682388463878e-32
0.2873000000000001 8.572297409319465e-32
0.28522727272727283 3.1893317564748586e-32
0.28962500000000135 1.0922399829345038e-31
0.29303846153846475 1.1445423041451024e-31
0.29403571428571673 1.8064555192134396e-31
0.2998000000000023 7.867564419818439e-32
Sampling time (10 samples): 7904.6768 seconds
/scratch/users/yanlan/Retrieval_0705/Output/AM_PM_ET_197_348_00
0.024999999999999974 1.4105815621140736e-38
0.07499999999999994 2.2413505696557474e-47
0.13733333333333383 1.0439305779337521e-44
0.16387500000000021 4.061037253948469e-43
0.1843999999999999 7.309590661059188e-41
0.2004166666666663 8.78202715850046e-39
0.21514285714285686 1.2005013545313159e-37
0.2266249999999999 4.444357498441512e-36
0.2340555555555557 1.8898469609677264e-36
0.24100000000000035 1.8577380855651507e-36
0.24286363636363656 2.5988614104722118e-36
0.24570833333333406 6.80270298246997e-37
0.24788461538461598 1.1856129526196979e-35
0.2501785714285724 3.0930982133050855e-36
0.2510333333333349 5.079864797016428e-36
Sampling time (10 samples): 7689.3470 seconds
