/scratch/users/yanlan/Retrieval_0705/Output/AM_PM_ET_160_393_00
0.013500000000000003 9.74014397344166e-45
restart...
0.014999999999999987 4.693105046743586e-42
restart...
0.011500000000000003 2.9179721312854714e-45
restart...
0.03900000000000002 3.592946182763455e-38
0.0762499999999999 3.023248053676339e-50
restart...
0.08399999999999988 3.400744372166915e-45
0.11766666666666677 6.789565955587303e-47
0.147 8.087500298844857e-48
0.16310000000000022 2.457964404624611e-46
0.17474999999999977 1.0734198448155467e-44
0.18378571428571422 4.6988100997435405e-45
0.19387500000000044 1.0969433915052287e-43
0.19905555555555585 3.133482992270834e-43
0.201950000000001 1.7282769505309671e-44
0.2069545454545465 3.000979778192725e-44
Sampling time (10 samples): 8214.3977 seconds
/scratch/users/yanlan/Retrieval_0705/Output/AM_PM_ET_166_298_00
0.027500000000000004 3.416274705846706e-39
0.1035 1.4204418648455677e-43
0.16099999999999984 1.8162364155526344e-42
0.198375 1.2661330734381096e-39
0.22089999999999982 1.2143367975581045e-38
0.23033333333333322 2.75704904231023e-38
0.23500000000000013 1.127912699522783e-39
0.24175000000000005 3.2352886994690158e-40
0.2505555555555549 3.6044069089601644e-40
0.25695000000000134 4.9552632070803875e-40
0.26372727272727275 3.735606181171494e-40
0.271125000000002 3.2074324375620214e-40
0.27653846153846307 2.4069418244536137e-40
0.28039285714285966 1.7846591960799157e-40
0.28423333333333556 3.830797485415905e-40
Sampling time (10 samples): 8042.7997 seconds
/scratch/users/yanlan/Retrieval_0705/Output/AM_PM_ET_172_229_00
0.015499999999999996 1.480453814740447e-43
restart...
0.019000000000000034 4.279946296290213e-41
restart...
0.04150000000000001 7.73027928305652e-37
0.10075000000000008 5.498138532349777e-41
0.11100000000000013 2.1349144534249363e-47
0.14050000000000024 2.809886961250693e-48
0.16049999999999986 1.0409515038762518e-46
0.1599166666666663 3.8418916165578114e-53
restart...
0.12425000000000014 2.4868217657268546e-38
0.11600000000000013 1.1242945765292157e-51
restart...
0.07974999999999993 2.25295566104999e-48
0.11433333333333315 5.584826812200992e-52
restart...
0.08700000000000012 6.780490384760795e-43
0.11549999999999992 2.8570301838501956e-47
0.13887499999999978 1.2368984842373786e-47
Sampling time (10 samples): 7978.9147 seconds
/scratch/users/yanlan/Retrieval_0705/Output/AM_PM_ET_177_330_00
0.02849999999999999 5.7549745243421294e-39
0.09999999999999988 1.1557233850325251e-43
0.12883333333333283 2.338739098479874e-45
0.14312500000000067 1.5526128732766481e-46
0.155200000000001 1.80368998772299e-46
0.16216666666666651 3.3179043143120142e-49
restart...
0.1099999999999998 1.2128721250026377e-39
0.12850000000000011 2.460180140628821e-43
0.14225000000000024 4.381657634722526e-47
0.15060000000000015 2.243508749239623e-48
0.16341666666666635 1.4329864747483552e-46
0.17014285714285685 5.164569821598016e-47
0.1739999999999997 1.284627496375928e-48
0.17655555555555544 2.3376889501851978e-49
restart...
0.10249999999999998 4.5295129424079076e-40
Sampling time (10 samples): 8018.3708 seconds
/scratch/users/yanlan/Retrieval_0705/Output/AM_PM_ET_182_436_00
0.029499999999999995 2.5267989340238328e-40
0.15299999999999997 1.855260930416086e-38
0.2101666666666668 8.305043198207642e-36
0.2312500000000003 8.943432462368516e-36
0.23559999999999975 3.499140779722145e-37
0.2342499999999997 1.2587466058326896e-37
0.2403571428571427 4.3351726099326467e-38
0.24849999999999994 5.770390877208398e-38
0.2465555555555557 1.9335197646659794e-41
0.23845000000000022 6.858436205134029e-48
0.23581818181818204 2.167284590039758e-50
restart...
0.23559090909090918 2.0781223002107513e-49
restart...
0.23368181818181843 1.721564106266298e-52
restart...
0.22868181818181837 2.3525913717823633e-63
restart...
0.2353636363636365 2.267988963982899e-48
Sampling time (10 samples): 8141.5454 seconds
/scratch/users/yanlan/Retrieval_0705/Output/AM_PM_ET_188_336_00
0.04349999999999999 4.516343971761985e-36
0.07325000000000004 2.08243629462835e-45
0.09266666666666647 3.1904015543866073e-49
restart...
0.0785 1.0516545717977716e-44
0.10299999999999997 5.664943931764508e-50
restart...
0.08149999999999996 1.2673511926599252e-43
0.1118333333333331 2.88779292362932e-47
0.13199999999999987 1.3304806941277696e-48
0.14189999999999975 4.605772301714851e-47
0.14825000000000021 4.557096570417497e-47
0.14542857142857127 2.01141334875941e-62
restart...
0.07675000000000001 1.8575102474329917e-44
0.09799999999999982 7.853291126368566e-49
restart...
0.08800000000000004 5.824424685070516e-44
0.10450000000000012 1.1697081763146847e-48
Sampling time (10 samples): 7689.1604 seconds
/scratch/users/yanlan/Retrieval_0705/Output/AM_PM_ET_194_257_00
0.026499999999999992 8.034071662646655e-38
0.08175000000000004 2.356871945182597e-47
0.15166666666666662 3.766767699423171e-43
0.18625000000000008 2.088352330907205e-39
0.20800000000000063 2.9200353761727246e-38
0.20183333333333378 4.44265985013379e-45
0.1996428571428574 2.313296497080464e-50
restart...
0.19850000000000084 3.0420197779251196e-49
restart...
0.19321428571428606 4.327541965211768e-53
restart...
0.20192857142857168 1.1509472844061936e-49
restart...
0.1960000000000004 4.0904153796461873e-50
restart...
0.19835714285714318 6.100607168241671e-50
restart...
0.19864285714285798 1.3575505465140637e-48
0.2105000000000005 7.1660310573072745e-47
0.22133333333333405 2.0006343907647515e-46
Sampling time (10 samples): 7548.0629 seconds
