/scratch/users/yanlan/Retrieval_0705/Output/AM_PM_ET_161_288_00
0.03949999999999999 1.4103465901658195e-36
0.1065000000000002 2.1489989497069285e-41
0.16216666666666724 1.5632176404038684e-38
0.19537500000000135 7.545627599857235e-37
0.20720000000000083 6.414387777855322e-36
0.204333333333334 1.6710648358878877e-47
0.17878571428571488 8.696904518009997e-79
restart...
0.1791428571428578 7.689673201117489e-78
restart...
0.17785714285714344 1.24314745569465e-81
restart...
0.17807142857142919 1.0224542252524922e-78
restart...
0.17892857142857202 4.1578821000343485e-78
restart...
0.1782142857142864 2.3353440519179225e-80
restart...
0.17828571428571482 8.903220689267145e-79
restart...
0.17892857142857194 3.530351208027557e-77
restart...
0.17885714285714335 6.877094566496402e-77
restart...
Sampling time (10 samples): 10341.3471 seconds
/scratch/users/yanlan/Retrieval_0705/Output/AM_PM_ET_166_409_00
0.015499999999999996 2.457222002015853e-40
restart...
0.01399999999999999 6.6951908100984e-42
restart...
0.07149999999999998 6.680295502272828e-35
0.1535 6.884564315348589e-36
0.15700000000000008 4.1035729653777105e-41
0.17937500000000028 5.4771640713043035e-40
0.1863000000000002 3.780566618769177e-39
0.19533333333333364 1.3929766892180053e-37
0.20500000000000038 9.842949026429774e-37
0.21125000000000002 3.674936924534525e-36
0.2163888888888886 4.4423478078217186e-36
0.22509999999999958 9.153036715053307e-36
0.22831818181818173 3.686502945188981e-36
0.232625 3.2958665955142644e-36
0.23630769230769189 5.41275905611657e-36
Sampling time (10 samples): 8661.5661 seconds
/scratch/users/yanlan/Retrieval_0705/Output/AM_PM_ET_172_344_00
0.036000000000000004 1.0159504751733844e-35
0.06950000000000003 8.210538400881153e-47
0.10750000000000011 7.642640136090137e-49
restart...
0.07574999999999997 1.9451368085475497e-45
0.10299999999999963 9.968880371151797e-51
restart...
0.04824999999999995 3.4688978363829476e-53
restart...
0.0640000000000001 6.196825805410405e-48
0.09516666666666682 9.185799560898624e-52
restart...
0.07075000000000001 2.8478388601452133e-46
0.13183333333333314 5.382942142627363e-44
0.17049999999999998 1.1048257588266882e-42
0.18220000000000025 4.142171554632911e-42
0.19475000000000006 6.647721377082802e-43
0.19742857142857148 3.098966531331405e-42
0.19824999999999976 3.4011413765971142e-43
Sampling time (10 samples): 7661.3746 seconds
/scratch/users/yanlan/Retrieval_0705/Output/AM_PM_ET_177_458_00
0.4034999999999997 5.252013710451127e-13
0.35550000000000065 5.267191132776961e-13
0.34400000000000136 9.193938018026983e-13
0.34137500000000165 5.569881261707269e-13
0.33719999999999956 1.93531231410177e-13
0.3375833333333324 6.840282371311364e-13
0.3325714285714266 1.4597170438952349e-12
0.3356249999999979 1.6113429045475471e-12
0.3362777777777752 8.257010973741922e-13
0.33604999999999907 5.247947213906739e-13
0.33581818181818224 5.3590898784542e-13
0.3332083333333346 1.1132957955107728e-12
0.33319230769230823 1.0192774177288471e-12
0.3334642857142861 6.756122587441434e-13
0.3323333333333341 5.173373119324591e-13
Sampling time (10 samples): 7598.4941 seconds
/scratch/users/yanlan/Retrieval_0705/Output/AM_PM_ET_183_312_00
0.049000000000000064 2.8446532431106182e-36
0.15125000000000002 1.846523570053939e-36
0.20700000000000043 4.133719836951482e-34
0.24462500000000048 9.191809225089392e-33
0.2711000000000012 6.231534781386021e-33
0.2899166666666673 1.2787121127080142e-32
0.29757142857142943 1.0107945213882911e-32
0.30537500000000045 1.1876137755460149e-32
0.3115555555555562 7.992291120220015e-33
0.3176999999999998 1.0041309736251077e-32
0.3197727272727251 3.9756461398518995e-33
0.29812499999999786 2.499143031899948e-61
restart...
0.325249999999998 7.222883420539719e-33
0.32719230769230595 1.47654856636879e-32
0.3301071428571408 4.705117024171515e-33
Sampling time (10 samples): 7565.9533 seconds
/scratch/users/yanlan/Retrieval_0705/Output/AM_PM_ET_189_240_00
0.024500000000000004 1.5480742195967084e-39
0.08974999999999991 1.9654667666326408e-45
0.15333333333333363 9.971938213992653e-42
0.1906250000000004 3.883881801674175e-38
0.20620000000000063 5.066372957984606e-39
0.2150000000000004 1.4427174585726318e-38
0.22292857142857206 3.61382179590885e-39
0.23093750000000032 9.872571762353338e-40
0.2360000000000011 2.3012733629496876e-39
0.23660000000000117 8.32908908982981e-40
0.23977272727272814 2.8649501190688814e-40
0.24300000000000135 4.263153291179242e-40
0.24661538461538604 5.748192612347738e-40
0.24535714285714427 3.2461723628327786e-46
0.23480000000000117 4.353202307094568e-59
restart...
Sampling time (10 samples): 7517.6435 seconds
/scratch/users/yanlan/Retrieval_0705/Output/AM_PM_ET_194_355_00
0.03849999999999998 2.118952257382243e-36
0.15299999999999986 8.762737982846289e-36
0.21116666666666686 3.8473374128276185e-34
0.23612500000000053 4.289731985855141e-33
0.24490000000000053 1.8017216661464958e-33
0.2570000000000009 1.4360408653791538e-32
0.26714285714285946 1.5554312574765662e-32
0.27318750000000186 9.625448714852467e-33
0.27438888888888835 2.452107288059151e-33
0.2777999999999991 1.4817835430366572e-33
0.28327272727272645 6.428546294967086e-33
0.28487499999999816 2.3921994667057456e-33
0.28684615384615253 2.605556569186007e-33
0.29099999999999854 1.555805452368696e-33
0.29496666666666405 1.4108371800535468e-33
Sampling time (10 samples): 7188.3073 seconds
