/scratch/users/yanlan/Retrieval_0705/Output/AM_PM_ET_164_224_00
0.42949999999999994 1.4048566055767875e-12
0.3677500000000004 1.2568406800631494e-12
0.35566666666666696 7.378391937361587e-13
0.3421250000000001 1.0901277943793942e-12
0.3390000000000007 7.509866534511715e-13
0.3353333333333336 8.796211843806596e-13
0.33250000000000074 7.81951753261036e-13
0.3305000000000016 5.997576900344691e-13
0.3290555555555567 4.1487236962115617e-13
0.325600000000002 6.727540920711063e-13
0.32645454545454644 7.106954040088824e-13
0.3257916666666668 9.997063071998423e-13
0.3256923076923083 1.3554140440496166e-12
0.3262142857142851 8.054022471638503e-13
0.3245999999999992 1.3603372404863418e-12
Sampling time (10 samples): 8424.6574 seconds
/scratch/users/yanlan/Retrieval_0705/Output/AM_PM_ET_169_392_00
0.01799999999999997 5.737009416544737e-41
restart...
0.01949999999999999 2.351580482419662e-39
restart...
0.018499999999999957 9.9935952852768e-41
restart...
0.015 5.418484164681287e-41
restart...
0.023 2.0598069551936608e-41
0.1377500000000001 8.537816128244107e-40
0.18050000000000077 2.9207614435625092e-37
0.17862500000000056 1.8593872995339562e-41
0.17979999999999988 4.7521886559436614e-43
0.18466666666666606 2.612802672968942e-43
0.19464285714285676 3.0741002432124213e-40
0.20137499999999964 1.403636906174182e-40
0.2074444444444447 1.2916245336424483e-39
0.2117499999999999 1.0725859876112768e-38
0.21845454545454554 1.5522239172791538e-38
Sampling time (10 samples): 8734.1336 seconds
/scratch/users/yanlan/Retrieval_0705/Output/AM_PM_ET_175_302_00
0.035500000000000004 1.27036318674523e-35
0.09449999999999995 1.7911564600003798e-40
0.12116666666666664 4.199830541265843e-43
0.13412500000000055 3.1983348401190845e-43
0.1438000000000002 1.3125664052505649e-42
0.15624999999999992 1.7854139321013953e-41
0.16157142857142884 7.012426410303376e-41
0.16525000000000017 6.95675742996748e-40
0.1688333333333336 5.672797604216016e-41
0.17069999999999994 1.2002301140416199e-40
0.1724999999999992 1.4679664368852882e-41
0.17429166666666684 1.9895591086654232e-42
0.17480769230769225 3.2236592797584458e-43
0.17567857142857127 1.4005382154565279e-42
0.17763333333333278 3.208141124431835e-42
Sampling time (10 samples): 8201.4726 seconds
/scratch/users/yanlan/Retrieval_0705/Output/AM_PM_ET_180_410_00
0.038499999999999944 2.1585753007050574e-34
0.05775000000000006 6.704797309520545e-51
restart...
0.06424999999999999 1.1441978653550261e-51
restart...
0.055999999999999966 7.86879935766917e-50
restart...
0.05399999999999998 5.982805209002065e-51
restart...
0.07300000000000008 1.4775863989181798e-49
restart...
0.05974999999999993 3.0506848396490336e-49
restart...
0.058249999999999996 5.78571308597003e-50
restart...
0.05774999999999993 8.797167673668907e-53
restart...
0.06074999999999996 1.5728451514045014e-49
restart...
0.07150000000000002 5.928104431661067e-48
0.10666666666666667 8.642035750080664e-48
0.1339999999999996 3.5155517817601e-46
0.17259999999999937 9.538620289020258e-42
0.18666666666666673 6.326378297331283e-40
Sampling time (10 samples): 8485.3223 seconds
/scratch/users/yanlan/Retrieval_0705/Output/AM_PM_ET_186_291_00
0.028500000000000008 4.99191517522902e-40
0.08325000000000003 3.420320933875174e-46
0.10916666666666686 9.009381408102077e-48
0.1261249999999999 9.645138846054178e-46
0.13250000000000065 3.791169868741986e-48
0.12450000000000058 5.199054706895672e-61
restart...
0.08424999999999999 2.7510455349708976e-46
0.10749999999999993 4.401982370944615e-50
restart...
0.08124999999999993 4.7373163206089854e-46
0.07966666666666647 2.9463156054525166e-62
restart...
0.07250000000000013 1.4248020535209596e-47
0.1093333333333337 9.42497324647715e-49
restart...
0.07324999999999983 4.7987083421723303e-45
0.10183333333333318 1.3081075234766883e-49
restart...
0.08224999999999998 9.908271392312408e-45
Sampling time (10 samples): 8739.1187 seconds
/scratch/users/yanlan/Retrieval_0705/Output/AM_PM_ET_191_423_00
0.015999999999999993 1.0015387957694456e-40
restart...
0.03500000000000002 1.0270130473521614e-35
0.07700000000000022 6.521731247208592e-44
0.11966666666666662 2.2359534856891906e-42
0.1393750000000005 2.5828905309845863e-42
0.14760000000000076 9.631003293234296e-44
0.15058333333333396 3.3396637130284866e-45
0.15264285714285805 6.651900116774239e-47
0.1534375000000009 1.5654162921950234e-50
restart...
0.07775 2.0214252060404848e-41
0.10749999999999979 1.513078732006866e-42
0.12674999999999984 3.301714785338977e-43
0.1286999999999999 9.487786502380364e-48
0.1388333333333326 3.615468089638255e-49
restart...
0.07825 4.585968163242975e-44
Sampling time (10 samples): 8400.3047 seconds
/scratch/users/yanlan/Retrieval_0705/Output/AM_PM_ET_197_328_00
0.018500000000000006 2.6821483235432158e-40
restart...
0.006000000000000002 6.029851338719076e-46
restart...
0.003999999999999995 1.464780566499762e-48
restart...
0.022999999999999975 1.0921595695370006e-37
0.07550000000000005 1.3610935813712643e-51
restart...
0.04849999999999996 1.8452823604733816e-54
restart...
0.04649999999999997 2.4657614979468676e-54
restart...
0.05075000000000001 1.4591007313351107e-55
restart...
0.04349999999999999 6.918374885181801e-55
restart...
0.04425000000000007 1.1381457692719868e-54
restart...
0.05350000000000002 5.417059072642966e-53
restart...
0.045750000000000006 2.3975600545861153e-56
restart...
0.04649999999999993 1.7821665112437497e-53
restart...
0.050999999999999976 3.136184600899335e-56
restart...
0.06299999999999988 1.0022513499364776e-52
restart...
Sampling time (10 samples): 8442.0473 seconds
