/scratch/users/yanlan/Retrieval_0705/Output/AM_PM_ET_165_339_00
0.01650000000000002 2.287471450894328e-40
restart...
0.011999999999999999 5.924747058276394e-44
restart...
0.018499999999999975 1.609315873339612e-39
restart...
0.027000000000000017 2.3674083945904387e-40
0.10425000000000025 2.211780603018202e-44
0.16466666666666735 1.2308546981708253e-40
0.19675000000000084 7.07055100239379e-37
0.22230000000000055 1.4490229743372926e-35
0.23750000000000032 3.431104930472485e-35
0.24085714285714308 1.0287272547595893e-38
0.24781250000000069 8.575188505799799e-36
0.2535555555555567 4.17831453238993e-35
0.26035000000000014 3.1253160712519567e-35
0.2630909090909079 5.129836263460708e-41
0.24704166666666588 1.764403649293329e-66
restart...
Sampling time (10 samples): 8596.6238 seconds
/scratch/users/yanlan/Retrieval_0705/Output/AM_PM_ET_171_278_00
0.116 3.17622493123947e-30
0.11650000000000058 1.616518186483705e-47
0.13983333333333337 1.2073977155758488e-48
0.17149999999999962 1.1572980101897488e-45
0.20529999999999968 1.1630978956575177e-42
0.2263333333333331 5.5595593523769616e-40
0.2455714285714285 3.467694817377696e-39
0.2574999999999994 2.393456659179027e-38
0.26705555555555477 1.2265308978441374e-38
0.2757499999999994 3.9273360064632287e-38
0.276545454545455 9.00515960663305e-38
0.27808333333333224 3.9265468257645046e-38
0.2832307692307676 2.51706189321386e-38
0.2878928571428557 1.7621680241809698e-38
0.28979999999999806 1.3331775204374523e-38
Sampling time (10 samples): 7281.2623 seconds
/scratch/users/yanlan/Retrieval_0705/Output/AM_PM_ET_176_400_00
0.022999999999999982 5.08234938108365e-40
0.05074999999999997 6.820816724662099e-55
restart...
0.0505 3.2647534139921615e-56
restart...
0.060500000000000026 1.3415049240138897e-50
restart...
0.047499999999999966 7.821259195744257e-55
restart...
0.048250000000000015 9.748528559003161e-54
restart...
0.046500000000000014 3.1812699798657305e-54
restart...
0.05225000000000002 1.66293746009374e-50
restart...
0.05275000000000002 5.77290604940438e-53
restart...
0.047999999999999966 2.7925143404250773e-52
restart...
0.04474999999999996 1.5263071082947296e-53
restart...
0.053749999999999916 2.1375837010754167e-52
restart...
0.04749999999999999 7.018632361300097e-56
restart...
0.04950000000000005 3.5221661076104943e-53
restart...
0.047750000000000056 1.8035132000343268e-54
restart...
Sampling time (10 samples): 7322.9913 seconds
/scratch/users/yanlan/Retrieval_0705/Output/AM_PM_ET_182_265_00
0.01449999999999999 1.8145714846826284e-43
restart...
0.01749999999999999 9.341606188403596e-41
restart...
0.012499999999999994 2.4667520131593258e-45
restart...
0.013999999999999995 1.8056835602164738e-42
restart...
0.016500000000000018 2.2004757747155834e-44
restart...
0.013499999999999995 4.4193125024566384e-43
restart...
0.016500000000000004 1.4623723416428672e-42
restart...
0.022000000000000026 1.608152251906889e-37
0.035000000000000024 1.9373061663692428e-59
restart...
0.025250000000000015 5.585184758228018e-66
restart...
0.01825000000000001 1.5628089080253128e-73
restart...
0.01424999999999998 1.6651551813459469e-77
restart...
0.032000000000000015 3.5125413319485224e-61
restart...
0.028250000000000015 7.542968565383704e-64
restart...
0.0305 2.480913751250653e-58
restart...
Sampling time (10 samples): 7495.5749 seconds
/scratch/users/yanlan/Retrieval_0705/Output/AM_PM_ET_187_387_00
0.012499999999999989 7.451947126767028e-45
restart...
0.01450000000000001 3.175420874240624e-43
restart...
0.015999999999999986 7.589076807638548e-43
restart...
0.014000000000000016 3.0979057141224714e-43
restart...
0.014999999999999994 2.398097441880658e-41
restart...
0.0064999999999999945 1.6981658702670885e-47
restart...
0.011500000000000002 8.78038944158804e-46
restart...
0.005500000000000003 2.8098685249426695e-47
restart...
0.018999999999999996 3.7549688760130866e-41
restart...
0.009000000000000006 5.300743509084972e-45
restart...
0.013499999999999988 1.1777462486074142e-44
restart...
0.008999999999999992 1.7714194939990865e-47
restart...
0.020499999999999994 1.828567834939464e-41
0.06949999999999992 2.2973513067290424e-50
restart...
0.07725000000000011 4.464897505977709e-49
restart...
Sampling time (10 samples): 7533.5137 seconds
/scratch/users/yanlan/Retrieval_0705/Output/AM_PM_ET_193_297_00
0.031000000000000024 1.1183609967298973e-38
0.14699999999999974 7.982360496563916e-39
0.23200000000000018 1.087647059810476e-35
0.23837499999999986 3.0111007526793516e-36
0.2348000000000003 3.953498837689175e-40
0.23108333333333336 2.9172921785586882e-43
0.23364285714285707 1.7514804109405047e-43
0.22731249999999992 5.70658350044895e-45
0.23211111111111188 7.045079225086208e-43
0.23600000000000063 4.1606087887475166e-41
0.23968181818181886 1.6228124983070284e-41
0.24062500000000117 2.4756874220893013e-41
0.24423076923077083 6.3393896267642665e-43
0.2483571428571448 1.0392214139930654e-42
0.2504333333333359 2.5529689475863232e-43
Sampling time (10 samples): 7683.0252 seconds
/scratch/users/yanlan/Retrieval_0705/Output/AM_PM_ET_198_400_00
0.016000000000000004 4.565004578826949e-42
restart...
0.015499999999999995 1.161307868266162e-41
restart...
0.017999999999999985 4.0725620311753094e-42
restart...
0.020499999999999994 9.335800584969064e-42
0.03799999999999997 1.8176081577272126e-59
restart...
0.036499999999999984 3.0817713603168695e-61
restart...
0.040499999999999994 4.195611515290378e-61
restart...
0.04174999999999999 5.916015703866313e-57
restart...
0.050249999999999996 8.061651224241744e-55
restart...
0.04749999999999998 5.100965184740127e-53
restart...
0.05399999999999988 1.3228423404506476e-54
restart...
0.033250000000000016 1.5715841301406488e-62
restart...
0.04175000000000003 1.0954124750679544e-56
restart...
0.04200000000000013 2.2556029052321476e-60
restart...
0.04325000000000007 1.6590818687715296e-59
restart...
Sampling time (10 samples): 7443.0795 seconds
