/scratch/users/yanlan/Retrieval_0705/Output/AM_PM_ET_162_374_00
0.009499999999999991 7.268657036412036e-43
restart...
0.02299999999999996 9.592908369719881e-42
0.1282499999999999 1.1271802318105418e-41
0.17900000000000052 7.066155632106357e-38
0.20162500000000033 6.168052408619588e-36
0.21220000000000036 8.984071958229407e-37
0.215666666666667 2.5541578177114037e-38
0.22050000000000042 9.812453939607247e-40
0.22518750000000048 1.6836149503421404e-41
0.23155555555555615 1.78111782803844e-42
0.2347000000000006 1.3525865602600132e-42
0.2326818181818188 3.0793660614465285e-42
0.23520833333333402 4.351393357194724e-42
0.23761538461538528 1.8247698122321242e-41
0.24003571428571469 8.802992204457269e-42
Sampling time (10 samples): 7735.3215 seconds
/scratch/users/yanlan/Retrieval_0705/Output/AM_PM_ET_168_285_00
0.020500000000000015 5.049011129920426e-40
0.07574999999999997 2.3068852989252973e-49
restart...
0.08475000000000006 9.238347452285963e-49
restart...
0.08399999999999999 1.3558274384540688e-47
0.14200000000000002 1.131841673147151e-42
0.16649999999999987 1.644022525965285e-42
0.1832999999999999 2.414803836117593e-41
0.17741666666666636 5.896292920733729e-47
0.18135714285714252 1.4085273684322957e-45
0.17756249999999935 4.410097395528996e-54
restart...
0.07949999999999989 6.200552708016957e-47
0.130166666666667 1.5962019281392436e-49
restart...
0.08150000000000007 7.107714031264889e-48
0.11399999999999991 2.4428367871358146e-50
restart...
0.07125 6.51255371232016e-48
Sampling time (10 samples): 8611.6082 seconds
/scratch/users/yanlan/Retrieval_0705/Output/AM_PM_ET_174_226_00
0.0365 1.2670515069942239e-36
0.09299999999999997 2.1386306964140954e-41
0.11833333333333318 1.609094399892024e-42
0.12624999999999997 1.0523608694895768e-45
0.1413 6.4431478695561776e-46
0.148416666666667 9.902718539919177e-48
0.1563571428571438 2.4084216332356194e-48
0.16181250000000114 2.5757512124279174e-46
0.16583333333333458 2.389674776740271e-47
0.16635000000000122 2.1430582755347322e-51
restart...
0.08700000000000013 5.1160356180015705e-40
0.10866666666666676 1.6384187010922715e-44
0.11800000000000006 3.4449716454637897e-48
0.12399999999999989 5.387000196232803e-51
restart...
0.10224999999999988 2.6917489100429235e-40
Sampling time (10 samples): 7800.3053 seconds
/scratch/users/yanlan/Retrieval_0705/Output/AM_PM_ET_179_317_00
0.0295 1.882746331042263e-38
0.15374999999999955 4.457477452331487e-36
0.20383333333333334 2.1998453733626593e-32
0.2298750000000005 4.778500996409134e-30
0.24810000000000038 9.355500689724313e-29
0.2585833333333326 1.025435372607396e-28
0.26785714285714063 1.2314390045759584e-28
0.27493749999999867 8.363225364356256e-29
0.28294444444444217 7.789065294074686e-29
0.28654999999999897 7.977007291491827e-29
0.2929090909090889 2.6971153244036405e-29
0.29899999999999927 3.192893762566167e-29
0.3013076923076927 1.0519527799642538e-28
0.3043214285714285 7.272754442943018e-29
0.3072999999999995 8.029606067831853e-29
Sampling time (10 samples): 7689.3545 seconds
/scratch/users/yanlan/Retrieval_0705/Output/AM_PM_ET_184_403_00
0.4015 9.579813042570544e-13
0.35399999999999987 6.999661013964148e-13
0.34349999999999814 3.479792648881207e-13
0.3398749999999989 5.781966146499647e-13
0.3399999999999985 1.1979842009578062e-12
0.3399999999999987 9.315375249445848e-13
0.33657142857142874 1.9045553266068604e-12
0.33662500000000123 2.2031817018868063e-12
0.33694444444444344 4.580699873273094e-13
0.3358499999999975 1.0274938012077708e-12
0.3357272727272697 1.0420707455000874e-12
0.33274999999999877 2.2341249593987692e-13
0.330384615384613 8.015940664264245e-13
0.32760714285714077 1.1580707247665187e-12
0.3285666666666643 1.3023276778274334e-12
Sampling time (10 samples): 7719.4193 seconds
/scratch/users/yanlan/Retrieval_0705/Output/AM_PM_ET_190_319_00
0.0105 1.791223549262357e-46
restart...
0.011499999999999996 1.4234394005176845e-42
restart...
0.029000000000000005 1.8302026207724446e-38
0.17549999999999982 1.3150021800191587e-37
0.2310000000000001 3.8454698088287995e-36
0.2676250000000001 3.363327274311485e-36
0.2842000000000002 4.246853639574068e-36
0.29500000000000026 3.976260104782823e-36
0.3029285714285712 5.924476361119171e-36
0.3115000000000009 7.342120199250276e-36
0.3165555555555566 3.521095854341757e-36
0.31925000000000087 1.3934224526820192e-35
0.32500000000000145 5.395179761808452e-36
0.3287916666666677 8.198804892332654e-36
0.3291153846153849 1.2152445513870742e-35
Sampling time (10 samples): 7431.4763 seconds
/scratch/users/yanlan/Retrieval_0705/Output/AM_PM_ET_196_253_00
0.02250000000000001 2.8396688098482348e-39
0.08975 4.7314690900547014e-48
0.12250000000000014 8.831559083734773e-48
0.14112500000000014 7.277089344039323e-48
0.15289999999999992 2.1567213238467975e-48
0.15725000000000014 3.4281546271426646e-47
0.16342857142857145 1.514757581075999e-47
0.16718750000000004 1.6539234857754158e-47
0.16777777777777803 1.4281068491116765e-47
0.16984999999999967 5.318617743589769e-47
0.17259090909090954 7.630709348314562e-47
0.1741666666666677 3.229485050868932e-47
0.17623076923077002 4.3690734394585857e-47
0.17746428571428668 1.3386695015330775e-46
0.17786666666666764 4.549730634623716e-46
Sampling time (10 samples): 7914.9394 seconds
