/scratch/users/yanlan/Retrieval_0705/Output/AM_PM_ET_164_317_00
0.006 3.1480693585387704e-49
restart...
0.01900000000000002 3.768144474985272e-41
restart...
0.04550000000000001 3.2405937914360033e-35
0.09850000000000018 5.789857757565367e-40
0.13416666666666693 2.8171997369459066e-40
0.1618750000000001 4.669078772826066e-40
0.1771999999999999 1.6356600069252165e-38
0.1879999999999995 5.043772030583487e-38
0.19514285714285662 8.327442569641589e-38
0.20368749999999963 1.051394190262396e-37
0.20888888888888862 6.754587454241552e-38
0.2133999999999999 2.2139806551177113e-38
0.2175454545454542 6.687519446420415e-38
0.22095833333333348 2.407982456610878e-37
0.22357692307692328 1.4240181808282353e-36
Sampling time (10 samples): 7432.7354 seconds
/scratch/users/yanlan/Retrieval_0705/Output/AM_PM_ET_170_228_00
0.3980000000000002 1.3898519154889833e-12
0.3617500000000004 4.418868515243239e-13
0.3563333333333329 4.600418728113779e-13
0.35025000000000067 2.1422965089055963e-13
0.3442000000000012 1.1523035091831498e-13
0.33925000000000227 8.164125660116947e-13
0.3357142857142889 1.7422996772119599e-12
0.3346250000000019 1.8321661449536248e-12
0.3377222222222236 4.687445703823806e-13
0.33845000000000025 4.5014911595075785e-13
0.33572727272727354 3.938366514287256e-12
0.3358750000000006 1.2309805117353672e-12
0.33515384615384664 1.1416177529532794e-12
0.33353571428571416 7.850214789451558e-13
0.3338000000000005 9.321463075621012e-13
Sampling time (10 samples): 7591.4055 seconds
/scratch/users/yanlan/Retrieval_0705/Output/AM_PM_ET_175_363_00
0.4149999999999993 1.4536832137770687e-12
0.37750000000000056 5.530653726980118e-13
0.3548333333333335 4.965096172017223e-13
0.34725000000000017 8.260549941105708e-13
0.34860000000000035 1.3012756360076696e-12
0.34375000000000083 5.825316058523633e-13
0.34000000000000086 8.890706791727785e-13
0.3376250000000003 5.730273671396385e-13
0.33477777777777784 1.1042432816849375e-12
0.3341500000000004 9.945176762207182e-13
0.333 6.701512584697905e-13
0.33099999999999996 1.986754618258652e-12
0.3322692307692298 1.1213895949719268e-12
0.331857142857142 1.3290317512825573e-12
0.33199999999999846 6.121469915406248e-13
Sampling time (10 samples): 7444.4384 seconds
/scratch/users/yanlan/Retrieval_0705/Output/AM_PM_ET_181_241_00
0.025999999999999978 1.0197522862209698e-39
0.1674999999999998 1.6703695525464307e-39
0.2286666666666663 3.667602500101835e-37
0.25037499999999996 5.340484145952794e-37
0.26170000000000015 4.172979980590082e-37
0.27174999999999944 1.389266746412054e-37
0.25085714285714134 2.0177672880950542e-51
restart...
0.2681428571428552 4.916696041637227e-44
0.23831249999999718 1.4508220975755426e-69
restart...
0.244687499999998 1.5270636455271056e-56
restart...
0.24862499999999818 4.430383758871839e-55
restart...
0.24812499999999774 5.963318616425876e-55
restart...
0.24568749999999873 1.1395180428591968e-57
restart...
0.24043749999999886 8.583741608799542e-62
restart...
0.24106249999999868 1.165105273970207e-63
restart...
Sampling time (10 samples): 9168.7834 seconds
/scratch/users/yanlan/Retrieval_0705/Output/AM_PM_ET_186_350_00
0.03900000000000007 1.754691322336905e-36
0.12225000000000022 8.605844730642137e-38
0.1753333333333334 5.862823209145346e-36
0.18974999999999986 8.898831613589418e-36
0.20789999999999959 4.59510813513977e-34
0.22174999999999961 5.6727457859536006e-33
0.23571428571428554 1.077463093690138e-31
0.24156249999999996 1.4413833565344415e-32
0.2489444444444447 4.8946320824721697e-33
0.255400000000001 3.705537505996108e-32
0.25959090909090804 7.151241891104054e-33
0.2672916666666675 1.8291576778385772e-32
0.27142307692307743 7.46386773668862e-33
0.2756785714285722 7.258271618853014e-33
0.28023333333333356 1.2602552538376896e-32
Sampling time (10 samples): 7706.1565 seconds
/scratch/users/yanlan/Retrieval_0705/Output/AM_PM_ET_192_274_00
0.39900000000000074 1.423319681343485e-12
0.35575000000000007 6.167291386432226e-13
0.34416666666666573 7.006320378653057e-13
0.34687499999999943 7.232661082578359e-13
0.34409999999999985 8.35605823368345e-13
0.3442499999999992 3.7671916738009213e-13
0.3391428571428567 3.1799001641893e-13
0.3369999999999994 1.4403525613580932e-12
0.3323888888888885 6.899224873163401e-13
0.33125000000000016 1.887999271899457e-12
0.3318636363636369 5.799005016295683e-13
0.33104166666666857 5.744951584601469e-13
0.3300000000000019 5.176045623514035e-13
0.3309285714285746 2.4315437185915147e-13
0.33043333333333613 4.1832187775178923e-13
Sampling time (10 samples): 7956.8814 seconds
/scratch/users/yanlan/Retrieval_0705/Output/AM_PM_ET_197_387_00
0.011499999999999986 3.5411185902802154e-45
restart...
0.011000000000000012 4.668078028388658e-44
restart...
0.011 3.8851784550588707e-45
restart...
0.012500000000000008 2.656005502705266e-43
restart...
0.009999999999999985 1.8040054386344827e-45
restart...
0.008500000000000004 2.3638756700251758e-46
restart...
0.010000000000000004 9.652205444624276e-46
restart...
0.018999999999999996 1.155830604899019e-40
restart...
0.027500000000000007 5.825373637226895e-39
0.13274999999999967 1.0551469871490741e-40
0.16699999999999965 9.833728303247866e-44
0.19087499999999982 1.640906567796436e-41
0.21620000000000028 4.738433851908886e-40
0.22850000000000056 6.011405373450651e-41
0.2302142857142862 6.619632002512583e-41
Sampling time (10 samples): 7610.4111 seconds
