/scratch/users/yanlan/Retrieval_0705/Output/AM_PM_ET_164_436_00
0.011000000000000008 1.5459831951510462e-43
restart...
0.013999999999999988 1.125571389732032e-43
restart...
0.024000000000000004 1.8945077786161385e-38
0.018499999999999975 2.5429016401960946e-73
restart...
0.02325000000000002 1.3818924313312973e-65
restart...
0.018500000000000003 3.442855170197747e-74
restart...
0.025250000000000026 4.974102594766261e-64
restart...
0.026000000000000027 5.498986473748675e-65
restart...
0.02275000000000003 6.485174471052514e-66
restart...
0.02674999999999999 1.0948788684220905e-62
restart...
0.02000000000000002 7.179088077409967e-72
restart...
0.02674999999999998 4.631370066038279e-64
restart...
0.023750000000000007 2.2773922477885592e-64
restart...
0.02325 3.5249040381761755e-66
restart...
0.03075 1.906203954576695e-60
restart...
Sampling time (10 samples): 7408.1856 seconds
/scratch/users/yanlan/Retrieval_0705/Output/AM_PM_ET_170_345_00
0.4064999999999999 6.375410525460965e-13
0.38275000000000103 5.417238855526157e-13
0.36416666666666736 9.552326331707544e-13
0.3607500000000005 4.654789779288769e-13
0.35550000000000115 5.352108527441651e-13
0.3516666666666674 6.69613220527205e-13
0.3469999999999999 8.619934883623769e-13
0.34387499999999976 5.886656524751691e-13
0.3425555555555548 1.24075417907176e-12
0.34164999999999907 6.325920663854342e-13
0.34159090909090783 2.1629380224461657e-13
0.3396666666666648 1.1933664271296966e-12
0.3368846153846121 6.208674948367876e-13
0.3353928571428544 6.518630091159844e-13
0.33423333333333155 7.232504816577426e-13
Sampling time (10 samples): 7583.0703 seconds
/scratch/users/yanlan/Retrieval_0705/Output/AM_PM_ET_176_247_00
0.028000000000000004 2.927395095169696e-40
0.13625000000000045 6.364980390117823e-42
0.19600000000000048 1.3842730852485586e-39
0.2240000000000004 3.629717350359411e-39
0.24010000000000015 2.09563904361833e-39
0.2433333333333332 2.1427608717953217e-40
0.24449999999999966 5.372527346938878e-42
0.24324999999999944 6.095702519705191e-44
0.23872222222222206 8.802220375030666e-46
0.23054999999999987 3.4475770441196945e-48
0.23295454545454516 1.8049642507709498e-46
0.23333333333333353 3.687524162706602e-46
0.23519230769230762 1.2552243651454606e-46
0.24185714285714308 2.8218496077908094e-45
0.24690000000000017 1.1079904921007181e-43
Sampling time (10 samples): 7616.1246 seconds
/scratch/users/yanlan/Retrieval_0705/Output/AM_PM_ET_181_348_00
0.022999999999999993 3.3710872311398435e-41
0.08175000000000013 1.6974275152157996e-48
0.09233333333333318 1.234889341603974e-55
restart...
0.07400000000000002 8.03733514683925e-50
restart...
0.07325000000000001 1.0962703057784601e-48
0.09733333333333347 1.3989631140305414e-51
restart...
0.06375000000000007 1.7080676877246967e-49
restart...
0.0684999999999998 1.544041220602303e-50
restart...
0.0774999999999998 1.2806259257861135e-47
0.10133333333333285 8.57281877919914e-51
restart...
0.07099999999999984 4.394443874494437e-53
restart...
0.07149999999999988 8.304187425412812e-51
restart...
0.07925000000000011 5.179924595009072e-48
0.09933333333333356 1.3484484175270817e-52
restart...
0.06925000000000014 5.3623212575119335e-52
restart...
Sampling time (10 samples): 7981.9398 seconds
/scratch/users/yanlan/Retrieval_0705/Output/AM_PM_ET_187_272_00
0.08549999999999994 4.340276795539901e-32
0.17374999999999996 1.0820414769039187e-32
0.1973333333333336 1.9889934118916107e-32
0.19787500000000044 3.218949389931126e-36
0.20300000000000032 1.309454778432781e-37
0.21650000000000044 6.704374552218811e-38
0.21635714285714355 7.97122967845766e-40
0.21768750000000073 5.630755960709903e-42
0.2238888888888896 1.2355642607887113e-41
0.2170500000000005 2.1143796361714843e-48
0.21990909090909133 4.565239639698472e-47
0.21820833333333348 7.08294740843318e-47
0.21950000000000028 4.540198019043669e-47
0.22221428571428603 2.511375671200994e-46
0.22399999999999942 4.037899530632595e-46
Sampling time (10 samples): 7926.9441 seconds
/scratch/users/yanlan/Retrieval_0705/Output/AM_PM_ET_192_375_00
0.40049999999999936 2.7511393111019035e-12
0.3610000000000006 7.975449844349923e-13
0.34233333333333377 8.383032035580035e-13
0.3357500000000003 9.110056910908937e-13
0.3353000000000008 5.944025885865286e-13
0.3344166666666678 7.33697191535189e-13
0.3342142857142855 1.874190524945227e-13
0.330812499999998 7.508694268228073e-13
0.3296111111111096 4.3114411526250397e-13
0.32739999999999825 8.179910243860377e-13
0.32609090909090704 6.874710160435734e-13
0.3255833333333325 5.365458284726752e-13
0.32734615384615257 7.556485795996004e-13
0.32792857142857024 4.03879095677935e-13
0.32569999999999777 1.1582669502232991e-12
Sampling time (10 samples): 7714.9895 seconds
/scratch/users/yanlan/Retrieval_0705/Output/AM_PM_ET_198_295_00
0.029500000000000023 5.756840946178662e-37
0.06675000000000013 1.1017080676235195e-48
0.07783333333333321 4.321142233075531e-58
restart...
0.06550000000000007 2.3474631596999355e-50
restart...
0.05250000000000001 1.861583757312553e-52
restart...
0.06200000000000011 3.22281756043701e-49
restart...
0.07175000000000002 5.983967018145788e-48
0.09283333333333324 6.508777724151805e-54
restart...
0.06000000000000001 2.7733216048257716e-48
0.06816666666666701 5.400139486682819e-58
restart...
0.061000000000000006 9.038253288113994e-49
restart...
0.06949999999999995 7.365694626278597e-47
0.08433333333333333 1.0975993367053955e-52
restart...
0.04350000000000013 4.0990134646308644e-54
restart...
0.04824999999999993 3.98471853694588e-52
restart...
Sampling time (10 samples): 7356.2268 seconds
