/scratch/users/yanlan/Retrieval_0705/Output/AM_PM_ET_162_442_00
0.013500000000000019 2.772957666461295e-45
restart...
0.017 1.7050409310377877e-40
restart...
0.033 1.7309093713050973e-38
0.11399999999999971 1.1641494638305475e-40
0.14866666666666636 6.245500628734076e-42
0.17574999999999974 5.822960508890402e-41
0.17909999999999968 3.2546493685775234e-46
0.19099999999999973 5.4322990554543635e-46
0.20092857142857132 1.8559630290469625e-46
0.18524999999999994 4.7751796113182965e-70
restart...
0.19331250000000008 1.9495995255767405e-62
restart...
0.18543749999999995 1.545490824491862e-68
restart...
0.20556250000000015 1.921413382520636e-49
restart...
0.18881249999999994 1.7001211125429446e-71
restart...
0.20481250000000015 4.884884198142547e-47
Sampling time (10 samples): 7592.1856 seconds
/scratch/users/yanlan/Retrieval_0705/Output/AM_PM_ET_168_351_00
0.009999999999999995 6.983870491275472e-46
restart...
0.03199999999999997 1.8108899474377534e-39
0.1262500000000002 5.821127594881618e-41
0.16700000000000054 1.965031192255758e-40
0.16987500000000014 9.859692652089412e-46
0.17680000000000062 2.558050161016701e-47
0.1774166666666672 3.166775706536069e-48
0.16128571428571484 2.8741611619694367e-66
restart...
0.12625 2.6332382287103e-40
0.12416666666666712 9.30257769249748e-52
restart...
0.08150000000000002 1.1036014284333513e-45
0.07733333333333363 2.600984439236749e-61
restart...
0.10400000000000006 8.001896689245565e-45
0.12500000000000014 1.4792770449754706e-47
0.14149999999999982 7.885036611793384e-49
restart...
Sampling time (10 samples): 7454.9981 seconds
/scratch/users/yanlan/Retrieval_0705/Output/AM_PM_ET_174_304_00
0.0710000000000001 1.0593198468418958e-33
0.18199999999999994 1.1515502268359349e-33
0.2265000000000001 8.845957503762437e-33
0.2531250000000002 3.4596115663491355e-32
0.2617000000000008 7.411310328774995e-32
0.2730833333333331 3.9242042329431215e-32
0.2770714285714278 2.272945560046041e-32
0.2824374999999993 2.548217904399023e-32
0.2831666666666645 6.802872452980147e-32
0.286349999999998 2.1835230943618594e-32
0.29004545454545416 1.0898583610087156e-32
0.2907083333333339 2.5371797552746746e-33
0.29357692307692274 1.0668474866237486e-32
0.2957857142857157 5.805060218586804e-33
0.2970666666666679 9.221170040134366e-32
Sampling time (10 samples): 7689.0399 seconds
/scratch/users/yanlan/Retrieval_0705/Output/AM_PM_ET_179_404_00
0.016999999999999987 1.3484143310300892e-40
restart...
0.017499999999999995 1.2031775081215314e-42
restart...
0.016499999999999994 6.544911501846474e-43
restart...
0.026 6.473212664471583e-40
0.08300000000000016 2.5176486583746988e-48
0.11850000000000027 9.910245828967209e-48
0.1532500000000002 7.726308779074406e-46
0.17290000000000044 7.024683519538854e-44
0.19816666666666596 1.5601251251999967e-40
0.21585714285714222 2.3754093322288736e-40
0.21693749999999926 4.45609010380247e-44
0.21605555555555528 1.7865043464045698e-45
0.21929999999999983 1.10996653258421e-45
0.2212272727272726 2.754902794378563e-45
0.22929166666666656 4.800230969998191e-44
Sampling time (10 samples): 7554.8255 seconds
/scratch/users/yanlan/Retrieval_0705/Output/AM_PM_ET_185_268_00
0.026500000000000017 6.76432002357012e-39
0.09650000000000011 1.1438730669672758e-42
0.12533333333333344 3.833040366261867e-43
0.14187499999999997 1.8005752137229296e-43
0.1484999999999995 4.1018494486797994e-44
0.15516666666666626 6.753135457672209e-43
0.15871428571428567 1.1301438589453783e-44
0.16224999999999992 2.3955985455034984e-45
0.16633333333333392 2.3522631513539298e-46
0.16830000000000078 5.094751946511643e-45
0.16922727272727325 6.772515820306113e-44
0.17012500000000105 6.527725518232946e-45
0.17115384615384707 2.7293014513834255e-47
/scratch/users/yanlan/Retrieval_0705/Output/AM_PM_ET_190_385_00
0.028499999999999984 7.639277124387481e-38
0.11675000000000009 3.3403246896439246e-43
0.13283333333333336 1.0911485753655624e-46
0.13675000000000023 4.988647311473344e-49
restart...
0.06575000000000002 5.56130664535784e-49
restart...
0.06825000000000012 1.7190194510751465e-47
0.0985000000000001 5.121466006931169e-50
restart...
0.0655 2.1311484972993092e-47
0.11533333333333333 2.2226726521363252e-45
0.14300000000000027 1.696622974727426e-44
0.1613000000000008 7.858663663042821e-43
0.17683333333333345 3.0601811973506883e-41
0.18771428571428578 9.377021391813041e-39
0.19581250000000008 3.789651011582098e-38
0.1977222222222221 6.442107970134687e-39
Sampling time (10 samples): 7696.5468 seconds
/scratch/users/yanlan/Retrieval_0705/Output/AM_PM_ET_196_320_00
0.0225 5.179482465136848e-40
0.06124999999999988 6.829500221852522e-53
restart...
0.06550000000000002 9.097225230168572e-54
restart...
0.059999999999999935 5.106251503240667e-55
restart...
0.06549999999999996 2.426645106586194e-52
restart...
0.06349999999999989 8.384693406634943e-52
restart...
0.06525000000000003 4.503753436415317e-53
restart...
0.06674999999999995 5.430209635314664e-54
restart...
0.06074999999999994 2.0358276117790388e-51
restart...
0.06200000000000007 1.558255003641116e-54
restart...
0.06900000000000003 1.1285617452463499e-52
restart...
0.061749999999999965 6.478968231506778e-54
restart...
0.06374999999999996 6.297829859367258e-56
restart...
0.06500000000000006 1.9890956006443896e-53
restart...
0.06625000000000002 6.603436804204459e-53
restart...
Sampling time (10 samples): 7486.7700 seconds
