/scratch/users/yanlan/Retrieval_0705/Output/AM_PM_ET_163_366_00
0.4015000000000003 1.160472092423924e-12
0.36525000000000035 1.3518378700304625e-12
0.35083333333333233 7.355513520446158e-13
0.3447499999999993 7.30408101558546e-13
0.34419999999999945 9.349533460323667e-13
0.3392499999999995 4.2244138740735326e-13
0.33785714285714286 6.149029414673779e-13
0.3356874999999991 6.991893622235238e-13
0.3347777777777764 4.4293933026676664e-13
0.33329999999999793 5.619820392178095e-13
0.33359090909090733 4.913103268072562e-13
0.33391666666666475 7.427485878989896e-13
0.33261538461538287 4.81021135578804e-13
0.33146428571428466 1.3488963441403365e-12
0.3300666666666652 1.3264605529675734e-12
Sampling time (10 samples): 8230.2506 seconds
/scratch/users/yanlan/Retrieval_0705/Output/AM_PM_ET_169_279_00
0.0215 1.733140650797918e-40
0.04624999999999997 4.013313701939128e-56
restart...
0.043250000000000025 2.1487156609715338e-57
restart...
0.04149999999999998 1.08473803690769e-58
restart...
0.05749999999999999 9.618918812091003e-55
restart...
0.04599999999999996 8.32473620229379e-58
restart...
0.036250000000000115 1.8419513790640807e-60
restart...
0.033 1.2932127181944635e-58
restart...
0.03225000000000003 4.750437363210985e-62
restart...
0.03275000000000001 6.402023364580748e-63
restart...
0.042750000000000024 9.931039119146897e-60
restart...
0.046749999999999986 9.634290517257363e-59
restart...
0.03424999999999998 7.25238205612528e-60
restart...
0.043249999999999955 3.7815041780590156e-60
restart...
0.031500000000000035 3.0624319860927377e-63
restart...
Sampling time (10 samples): 11802.2491 seconds
/scratch/users/yanlan/Retrieval_0705/Output/AM_PM_ET_174_424_00
0.0205 1.8620963387968703e-40
0.1259999999999999 5.463161499290101e-40
0.17633333333333323 3.214933545539571e-36
0.1891250000000001 1.0931933145535392e-36
0.19899999999999954 4.621542006011876e-36
0.20816666666666603 5.663316007885176e-35
0.20599999999999952 5.875450708596788e-38
0.20887499999999926 1.73766394846547e-38
0.20672222222222195 5.686749108268445e-44
0.20879999999999932 5.875001608779016e-45
0.21031818181818115 3.134842969507136e-45
0.21466666666666603 4.768254044673876e-46
0.21738461538461487 3.126593240655479e-45
0.22124999999999942 2.3940335067726246e-44
0.22239999999999943 5.569653709294067e-44
Sampling time (10 samples): 7923.9474 seconds
/scratch/users/yanlan/Retrieval_0705/Output/AM_PM_ET_180_298_00
0.040000000000000015 6.608642918723209e-34
0.16275000000000023 1.0365052495703205e-33
0.20650000000000035 1.003796650714944e-34
0.20350000000000049 7.113912279022912e-46
0.20390000000000025 5.402098873855096e-49
restart...
0.18950000000000067 1.3049194697570082e-51
restart...
0.18640000000000045 1.8123421407778457e-53
restart...
0.18770000000000042 4.268811710386892e-55
restart...
0.1886000000000009 3.2648792113429526e-54
restart...
0.18990000000000068 1.3979567704120783e-53
restart...
0.18519999999999956 1.206947163829218e-53
restart...
0.19200000000000048 2.3477583568959795e-51
restart...
0.19370000000000062 7.082129697929624e-50
restart...
0.19499999999999976 4.284293287968252e-50
restart...
0.1953000000000009 2.74606467279384e-51
restart...
Sampling time (10 samples): 8339.6883 seconds
/scratch/users/yanlan/Retrieval_0705/Output/AM_PM_ET_185_387_00
0.3924999999999995 9.17866407675322e-13
0.35649999999999865 6.471308649205e-13
0.3423333333333339 8.934921832370854e-13
0.3346250000000005 6.035343266802224e-13
0.33770000000000144 5.561245978849625e-13
0.3355833333333353 1.724579900741196e-12
0.3338571428571443 7.184583387305897e-13
0.3346875000000014 7.239310961670521e-13
0.3352222222222236 6.189790966345169e-13
0.3333000000000008 5.98966077779124e-13
0.33350000000000085 3.932322477758864e-13
0.33083333333333437 1.0062529358145169e-12
0.33150000000000107 1.0858803775367469e-12
0.33025000000000077 1.2256319898115597e-12
0.3290333333333345 6.779289360383821e-13
Sampling time (10 samples): 7636.3728 seconds
/scratch/users/yanlan/Retrieval_0705/Output/AM_PM_ET_191_310_00
0.03199999999999999 2.137617696170635e-37
0.12300000000000001 5.689158925877092e-38
0.1493333333333331 9.292361646100315e-38
0.17362499999999928 4.158310427499201e-37
0.18540000000000004 2.2827182158615375e-37
0.20549999999999982 1.2757301534225322e-37
0.21542857142857108 2.9776440506187715e-37
0.22724999999999962 8.540252502686118e-36
0.23688888888888873 1.1560534600402537e-35
0.24659999999999987 1.4101987420448555e-35
0.25272727272727336 2.845629441545254e-35
0.2608333333333335 4.892173697369558e-36
0.26230769230769224 2.916397598492967e-35
0.26678571428571346 3.9621018421985735e-36
0.2708333333333341 8.764140468849402e-36
Sampling time (10 samples): 7512.1171 seconds
/scratch/users/yanlan/Retrieval_0705/Output/AM_PM_ET_197_242_00
0.013499999999999986 1.1865326493742847e-41
restart...
0.019500000000000007 8.173365019173565e-42
restart...
0.04850000000000001 1.326731486792845e-35
0.15425 1.1746232478163014e-33
0.20633333333333348 7.20335501078155e-33
0.23562500000000014 2.3674286820779435e-32
0.24940000000000004 4.564026162393505e-33
0.26099999999999934 1.1006359680170047e-32
0.2712142857142855 9.318753810465828e-33
0.2751874999999991 1.0174954831226153e-32
0.2792222222222226 7.557599208018116e-33
0.2868000000000005 3.773506182690246e-32
0.2900000000000014 2.865443415777745e-33
0.29112500000000135 5.675382241264129e-33
0.29369230769230825 1.2064042896964902e-32
Sampling time (10 samples): 6551.4503 seconds
