/scratch/users/yanlan/Retrieval_0705/Output/AM_PM_ET_163_385_00
0.057000000000000016 1.847074084569455e-34
0.0805000000000001 1.3418319040414304e-45
0.09916666666666686 2.098572818331628e-49
restart...
0.07324999999999991 1.280098991388342e-46
0.08866666666666694 2.06877560759522e-52
restart...
0.0777500000000001 2.2246441027720556e-46
0.08716666666666678 8.03226092383598e-55
restart...
0.07700000000000011 1.5303183316547503e-47
0.092166666666667 6.715799113357308e-55
restart...
0.07649999999999993 1.940511213398726e-50
restart...
0.08050000000000018 1.2884922961049216e-45
0.09250000000000046 5.783378078682104e-52
restart...
0.08749999999999997 7.773376530332036e-43
0.0984999999999998 1.4039544558852953e-50
restart...
0.07549999999999997 2.2617317284897662e-45
Sampling time (10 samples): 7789.1517 seconds
/scratch/users/yanlan/Retrieval_0705/Output/AM_PM_ET_169_299_00
0.06499999999999999 2.758903857300418e-33
0.16624999999999968 2.426277178210401e-33
0.20433333333333312 1.4056765874865137e-33
0.2144999999999996 1.335653663590099e-34
0.2248999999999997 7.444574759046354e-36
0.23233333333333292 1.781371499311002e-35
0.24085714285714224 2.007124837718861e-35
0.24674999999999947 1.6459955590223318e-35
0.2544999999999996 1.1268782030318098e-35
0.25614999999999866 7.427140805732706e-36
0.2584545454545448 6.958489199923989e-36
0.26204166666666656 1.0814106716549949e-35
0.26480769230769163 1.543604799100954e-35
0.2673928571428554 1.8990598276580441e-35
0.26793333333333047 1.7337285030966872e-35
Sampling time (10 samples): 8028.9713 seconds
/scratch/users/yanlan/Retrieval_0705/Output/AM_PM_ET_174_448_00
0.005999999999999994 3.4888847729000957e-46
restart...
0.010500000000000002 3.1728500585862657e-43
restart...
0.018499999999999985 5.177573269562398e-40
restart...
0.011999999999999985 1.6779005627035436e-42
restart...
0.04499999999999998 3.354249898453362e-38
0.15200000000000002 6.910180810357339e-36
0.17300000000000076 1.0440049194433932e-36
0.2071250000000009 1.718628344009246e-33
0.23400000000000107 1.0186814008758613e-30
0.25475000000000125 6.128419735943145e-30
0.2701428571428615 8.371518601888875e-30
0.283750000000003 6.392892478545492e-30
0.294055555555557 5.646394920166974e-30
0.30155000000000093 2.3654629279500517e-30
0.3080000000000032 8.712263507398868e-30
Sampling time (10 samples): 7850.5007 seconds
/scratch/users/yanlan/Retrieval_0705/Output/AM_PM_ET_180_319_00
0.0325 2.214152424574123e-37
0.06474999999999997 2.0133730210757318e-46
0.07233333333333358 1.926190712561667e-55
restart...
0.0635 2.249204458606423e-46
0.07800000000000014 4.6451060390845137e-54
restart...
0.0640000000000001 1.169209116141321e-48
0.07800000000000061 1.2398360400722906e-57
restart...
0.059749999999999984 6.526084681045853e-49
restart...
0.06524999999999999 8.632128913485072e-48
0.08033333333333363 1.079136083746947e-55
restart...
0.06375 9.295911221865168e-50
restart...
0.07150000000000017 1.0941501807760796e-46
0.0886666666666668 1.4384272074153317e-53
restart...
0.07000000000000002 4.60407679228418e-47
0.08333333333333338 1.9019049001062258e-54
restart...
Sampling time (10 samples): 7720.8128 seconds
/scratch/users/yanlan/Retrieval_0705/Output/AM_PM_ET_185_425_00
0.047499999999999994 6.6038379847484875e-37
0.08475000000000009 8.863661049148937e-43
0.10450000000000013 1.660718354739312e-47
0.11287499999999998 2.0386667745620145e-51
restart...
0.0845 1.0508022564090159e-44
0.10050000000000002 6.7988737934836296e-49
restart...
0.09650000000000006 3.785324875379761e-43
0.11283333333333341 3.700338511286197e-46
0.11399999999999995 1.1235117655126874e-51
restart...
0.08850000000000018 3.848512651139389e-43
0.10633333333333356 2.796850357495534e-47
0.11850000000000002 4.439596391650672e-54
restart...
0.08624999999999984 7.099144739681679e-43
0.101 4.202773022463901e-48
0.10587499999999993 1.0331023683197672e-53
restart...
Sampling time (10 samples): 7570.3032 seconds
/scratch/users/yanlan/Retrieval_0705/Output/AM_PM_ET_191_329_00
0.05250000000000002 2.663157016049006e-35
0.18974999999999992 4.3275411262666074e-32
0.24300000000000035 8.287196156025198e-30
0.27799999999999947 1.4986077222012774e-29
0.30179999999999874 2.5430931271244268e-30
0.3154166666666649 6.647972934483107e-30
0.3304285714285693 1.3092945064025824e-29
0.3378749999999982 1.0627622651842623e-29
0.345944444444442 1.3850345638435484e-29
0.35209999999999775 1.5891813224416639e-29
0.35386363636363477 9.654273815411423e-30
0.35916666666666447 1.5285474046710174e-29
0.3618846153846136 3.8060211335963504e-30
0.3625714285714275 2.583925230649445e-30
0.365033333333332 7.581283735148192e-30
Sampling time (10 samples): 7491.2478 seconds
/scratch/users/yanlan/Retrieval_0705/Output/AM_PM_ET_197_261_00
0.025499999999999978 6.689063595680032e-42
0.10500000000000011 2.1546377130145024e-45
0.13399999999999987 8.236009270402603e-46
0.15812500000000013 2.85895330611568e-45
0.1721999999999996 6.250664805779172e-45
0.17924999999999938 2.6146582348946124e-44
0.18649999999999978 4.589797522073312e-43
0.1945624999999995 7.531006370863307e-42
0.20111111111111069 1.2296585703810918e-40
0.21109999999999915 1.9904101137492334e-38
0.21927272727272648 8.450103540790839e-38
0.22291666666666649 7.11986171328763e-37
0.22726923076923086 1.240431255214059e-37
0.23064285714285693 1.6596797860062364e-37
0.23366666666666658 2.32189171261947e-37
Sampling time (10 samples): 7241.2873 seconds
