/scratch/users/yanlan/Retrieval_0705/Output/AM_PM_ET_163_409_00
0.02299999999999999 9.773234488715683e-39
0.037250000000000026 8.070619172858832e-57
restart...
0.03550000000000008 6.350317598609776e-61
restart...
0.05149999999999996 1.4489589812431093e-51
restart...
0.038249999999999965 3.7728460208544245e-57
restart...
0.029749999999999974 9.722159039902614e-60
restart...
0.033499999999999974 8.043761764608898e-59
restart...
0.032750000000000036 1.9081539298683148e-59
restart...
0.03199999999999999 5.68154747829358e-61
restart...
0.04074999999999996 2.7998976401458613e-57
restart...
0.03175 3.694187299984309e-63
restart...
0.031749999999999966 3.0942076068260206e-61
restart...
0.03499999999999987 3.380210719753688e-57
restart...
0.03225000000000003 1.124217469248626e-59
restart...
0.03175000000000002 6.087327319958879e-60
restart...
Sampling time (10 samples): 7580.0177 seconds
/scratch/users/yanlan/Retrieval_0705/Output/AM_PM_ET_169_321_00
0.017499999999999984 2.740078002230836e-43
restart...
0.0215 5.604548081700447e-41
0.0405 1.774139726251914e-60
restart...
0.035999999999999956 5.014152797106119e-59
restart...
0.03775000000000001 1.5145379577806438e-57
restart...
0.03400000000000003 2.4038098852538638e-61
restart...
0.035000000000000094 3.38667667222142e-62
restart...
0.038999999999999986 1.0073887579215053e-58
restart...
0.033499999999999995 1.9155474057891286e-60
restart...
0.03400000000000009 4.599209755612268e-61
restart...
0.03199999999999997 4.2782831768617456e-63
restart...
0.0359999999999999 1.3230529486439241e-58
restart...
0.038000000000000034 1.1302732834453347e-61
restart...
0.03625000000000002 2.951454103409853e-61
restart...
0.03850000000000003 2.314159858626464e-59
restart...
Sampling time (10 samples): 7428.2467 seconds
/scratch/users/yanlan/Retrieval_0705/Output/AM_PM_ET_175_242_00
0.03599999999999999 4.434629196565326e-37
0.07000000000000009 2.9296742109636713e-47
0.08383333333333333 4.438886750615002e-56
restart...
0.09924999999999984 5.355183306775407e-41
0.09766666666666678 5.070837437128962e-52
restart...
0.05500000000000004 3.361969966127081e-52
restart...
0.1295 1.5019308721340238e-37
0.13516666666666718 4.707710389207212e-44
0.13912500000000083 6.552199195242855e-50
restart...
0.11350000000000003 9.05039078856226e-38
0.11600000000000012 2.8259087434992126e-49
restart...
0.06725000000000009 1.0136831788057388e-47
0.09200000000000014 6.576925074679243e-55
restart...
0.07600000000000018 1.7320387315577839e-46
0.08883333333333332 2.943954411601576e-54
restart...
Sampling time (10 samples): 7654.0574 seconds
/scratch/users/yanlan/Retrieval_0705/Output/AM_PM_ET_180_336_00
0.051000000000000024 4.91294332854184e-35
0.17224999999999996 4.2599993192435335e-33
0.2134999999999999 1.372969064453431e-30
0.23974999999999963 6.875858260923359e-30
0.2566999999999996 6.452614155802664e-29
0.24883333333333246 3.687495578136277e-33
0.24592857142857058 2.6206811549322574e-36
0.24699999999999914 1.0620575792761349e-37
0.2505555555555548 8.492122111643692e-37
0.25414999999999915 1.1352919326833977e-35
0.25713636363636255 2.0909947065183405e-35
0.25541666666666685 2.993158615902747e-36
0.2578461538461559 5.421398381904675e-38
0.2580714285714323 2.79095175570981e-37
0.2595000000000011 5.061159519420032e-37
Sampling time (10 samples): 7630.2358 seconds
/scratch/users/yanlan/Retrieval_0705/Output/AM_PM_ET_186_241_00
0.017999999999999988 1.3079172999389337e-41
restart...
0.012000000000000007 2.1427373135395134e-45
restart...
0.011499999999999986 1.2599674085077225e-42
restart...
0.009999999999999992 1.7200268356736813e-45
restart...
0.010500000000000006 1.8201962282784304e-44
restart...
0.023000000000000007 3.136575116130369e-42
0.11200000000000011 1.412248421126001e-44
0.10250000000000033 1.0642766015774796e-69
restart...
0.11774999999999991 9.556941384005291e-43
0.09333333333333334 4.775508036173698e-72
restart...
0.11275000000000006 8.630932416813769e-44
0.08016666666666665 5.157100754964975e-78
restart...
0.12774999999999995 4.365091132840495e-43
0.16816666666666677 4.530193796778041e-40
0.17025000000000015 1.4541600512426464e-49
restart...
Sampling time (10 samples): 7858.2965 seconds
/scratch/users/yanlan/Retrieval_0705/Output/AM_PM_ET_191_346_00
0.017500000000000005 8.417843827332061e-41
restart...
0.011999999999999997 3.990592953730471e-43
restart...
0.021499999999999995 4.1213387539614764e-40
0.08550000000000003 2.545655654185567e-47
0.13616666666666616 6.142091231317608e-44
0.1721249999999992 6.030868530348246e-41
0.20480000000000018 2.0379105044435517e-38
0.2239999999999995 1.1401742345023258e-37
0.23928571428571377 1.8757135679813069e-37
0.22068749999999973 3.4696930947520484e-64
restart...
0.249 1.084242059385604e-36
0.2578888888888891 6.8751759501451836e-37
0.26585 1.1393135158508488e-36
0.27381818181818157 2.210412578409531e-37
0.27895833333333336 8.442596802859578e-38
Sampling time (10 samples): 8149.3761 seconds
/scratch/users/yanlan/Retrieval_0705/Output/AM_PM_ET_197_282_00
0.01699999999999999 1.9621120508260747e-43
restart...
0.01799999999999998 8.794074254853634e-41
restart...
0.015000000000000008 2.0568816011190472e-41
restart...
0.018499999999999992 1.395921074247295e-40
restart...
0.022499999999999992 3.6401670774276433e-41
0.15224999999999977 6.945615071279925e-40
0.15983333333333294 4.140267230741208e-49
restart...
0.08424999999999995 1.994852920345288e-52
restart...
0.05375000000000008 2.8879975606837485e-57
restart...
0.06675000000000016 5.818618356013401e-54
restart...
0.08474999999999981 1.2014318985303666e-51
restart...
0.06925000000000009 1.5315562113438564e-55
restart...
0.07025000000000003 9.982361531351532e-53
restart...
0.08425000000000009 1.730738375145342e-50
restart...
0.09949999999999994 4.711503309774018e-47
Sampling time (10 samples): 7400.3968 seconds
