/scratch/users/yanlan/Retrieval_0705/Output/AM_PM_ET_163_357_00
0.018499999999999992 1.2208401661302712e-39
restart...
0.02850000000000002 4.636236442400058e-38
0.08074999999999996 2.9349628831086584e-46
0.12899999999999964 2.0443570460536447e-48
0.1496249999999996 1.0089829165219327e-48
0.15639999999999962 4.942987363768685e-52
restart...
0.06375000000000003 1.0555509429370368e-51
restart...
0.07850000000000014 1.7086128715341838e-46
0.12399999999999999 6.498800116980162e-46
0.14012500000000008 5.026423916305035e-48
0.15410000000000015 5.618020973765771e-50
restart...
0.06800000000000013 2.0134127833326233e-49
restart...
0.08175000000000011 1.7675128956061028e-46
0.12150000000000019 8.41359171189538e-48
0.14850000000000013 1.3039449944254301e-46
Sampling time (10 samples): 7767.9314 seconds
/scratch/users/yanlan/Retrieval_0705/Output/AM_PM_ET_169_270_00
0.046 7.365947665821001e-38
0.18824999999999986 2.245082398911782e-35
0.22933333333333333 3.2125309835416364e-34
0.2071250000000001 5.836835914649151e-48
0.20400000000000057 1.243859865964095e-49
restart...
0.19750000000000037 5.258549734299873e-51
restart...
0.1927999999999997 4.1690308220992165e-51
restart...
0.1986000000000002 3.9655044674049506e-51
restart...
0.19689999999999994 3.572040278957509e-52
restart...
0.19319999999999976 1.5213625099827471e-52
restart...
0.19440000000000054 3.384855247210934e-51
restart...
0.19530000000000017 5.504849393769388e-52
restart...
0.1981 2.81526760927194e-52
restart...
0.1981999999999997 2.3612558059037094e-51
restart...
0.19770000000000024 1.3988936019485903e-52
restart...
Sampling time (10 samples): 8083.9528 seconds
/scratch/users/yanlan/Retrieval_0705/Output/AM_PM_ET_174_415_00
0.01749999999999998 1.2677856439103027e-41
restart...
0.06300000000000001 3.311682198868201e-35
0.15050000000000002 6.49210029906315e-36
0.17900000000000021 6.980828690838995e-34
0.1971249999999996 8.55960115162208e-35
0.20339999999999972 9.598169002572475e-33
0.21124999999999977 3.620419924292481e-31
0.21021428571428555 2.4866739300238074e-32
0.21293749999999984 1.3968685431673687e-32
0.2091666666666669 7.040052694455424e-36
0.20734999999999973 7.214880393835863e-39
0.2062272727272724 1.0484839254423867e-41
0.202625 1.3032631428827733e-44
0.2013076923076919 1.7184029574973174e-46
0.1988571428571428 4.3336480135696993e-48
Sampling time (10 samples): 7826.4309 seconds
/scratch/users/yanlan/Retrieval_0705/Output/AM_PM_ET_180_289_00
0.03549999999999999 8.803972582481707e-35
0.15500000000000014 2.5585090876378378e-33
0.21083333333333376 2.7390425147187546e-32
0.24500000000000008 4.809234197229772e-31
0.26510000000000045 3.4930332399034223e-31
0.2772499999999991 3.152277291736984e-31
0.287357142857142 8.968680704428485e-31
0.2974999999999994 4.711790119998475e-31
0.30694444444444263 5.629932093330798e-31
0.3105499999999999 2.530403977090007e-30
0.31436363636363784 2.575413235031142e-30
0.31991666666666835 4.425016299715436e-31
0.32196153846153985 9.056477472289875e-31
0.32492857142857273 1.5301418833860803e-30
0.3257666666666678 8.41250575110625e-30
Sampling time (10 samples): 7398.6806 seconds
/scratch/users/yanlan/Retrieval_0705/Output/AM_PM_ET_185_377_00
0.02149999999999998 1.74490986222765e-39
0.05175 3.785091284020081e-51
restart...
0.04974999999999995 2.0245082681440057e-52
restart...
0.057500000000000065 1.7775570579815798e-50
restart...
0.05699999999999999 5.740818988967354e-52
restart...
0.047499999999999945 8.254205420526543e-53
restart...
0.05624999999999984 1.1713255513130104e-50
restart...
0.052749999999999984 6.078746934602359e-51
restart...
0.04625000000000002 8.111532318534139e-54
restart...
0.045000000000000005 5.48520158442771e-53
restart...
0.0592499999999999 6.343122990673995e-51
restart...
0.047500000000000035 1.1397255743802374e-53
restart...
0.05274999999999992 2.9946383225705714e-52
restart...
0.05324999999999997 6.602987869844216e-53
restart...
0.053000000000000075 5.186782555390984e-51
restart...
Sampling time (10 samples): 7708.1435 seconds
/scratch/users/yanlan/Retrieval_0705/Output/AM_PM_ET_191_301_00
0.016999999999999994 7.513322490708533e-41
restart...
0.027500000000000004 1.3656905695887555e-40
0.1107500000000002 1.686857350155123e-44
0.16666666666666718 6.658299344086839e-42
0.17962500000000003 1.3395998805431823e-44
0.19889999999999952 4.944559178237774e-43
0.2118333333333331 2.160331395248776e-43
0.22728571428571406 2.7665806132158477e-43
0.2391874999999999 1.3661719204619762e-43
0.24861111111111106 7.131614890358778e-43
0.2549999999999998 1.5910689912447479e-43
0.2603636363636381 7.538724662767186e-44
0.2659583333333341 1.2531339959998129e-43
0.26873076923076944 7.417873765753413e-43
0.2738928571428591 3.5628109045762243e-43
Sampling time (10 samples): 7549.7681 seconds
/scratch/users/yanlan/Retrieval_0705/Output/AM_PM_ET_197_231_00
0.04500000000000002 1.883150940624654e-37
0.11875000000000013 1.7750035857431642e-40
0.1215000000000001 2.8066780126591105e-48
0.15499999999999986 1.6238610667245758e-43
0.19299999999999976 2.3633426823019574e-40
0.21066666666666595 1.4039798683020381e-37
0.22857142857142856 1.151264176411814e-40
0.2063125 2.9978151720226463e-65
restart...
0.20581249999999993 9.821192925591566e-66
restart...
0.20549999999999988 6.2237434862006945e-65
restart...
0.2088125000000002 3.501596638583644e-63
restart...
0.20631250000000012 1.7749683804859596e-64
restart...
0.20593750000000002 3.337660659134749e-63
restart...
0.20618750000000005 7.831263641301516e-67
restart...
0.2060625 6.913077240358468e-65
restart...
Sampling time (10 samples): 9044.6121 seconds
