/scratch/users/yanlan/Retrieval_0705/Output/AM_PM_ET_162_402_00
0.011499999999999988 1.2125718411341253e-44
restart...
0.03549999999999997 1.1488538135714274e-37
0.09049999999999989 3.413740491077656e-44
0.1151666666666666 2.198923493564777e-47
0.12574999999999995 8.712463689212578e-48
0.13829999999999965 7.925755190479898e-48
0.14691666666666622 6.116440416186273e-47
0.15099999999999936 6.251604084043082e-47
0.1583124999999999 1.7407829578050192e-45
0.16305555555555587 5.953183800471135e-44
0.16850000000000004 2.513236728381972e-45
0.17254545454545414 1.7284010207774364e-44
0.17716666666666583 5.945524005974549e-43
0.18026923076922982 8.502876784760329e-43
0.1846428571428571 3.7419446897379554e-41
Sampling time (10 samples): 7591.1225 seconds
/scratch/users/yanlan/Retrieval_0705/Output/AM_PM_ET_168_313_00
0.022000000000000002 1.3554744444491328e-38
0.07175000000000002 8.140065124460303e-47
0.09266666666666672 5.636862069007057e-51
restart...
0.06525000000000004 1.9239471932038664e-48
0.08350000000000043 1.5998028748469275e-52
restart...
0.0664999999999999 1.8431983447483827e-47
0.08450000000000006 5.040587288268004e-50
restart...
0.06875000000000007 7.67278152839448e-47
0.08216666666666683 3.516241135901277e-52
restart...
0.06975000000000005 2.331596806244908e-47
0.09816666666666675 6.5300559812053205e-50
restart...
0.06624999999999998 2.0202263736991354e-47
0.08883333333333314 8.846226098203155e-53
restart...
0.06674999999999996 6.006034990697869e-48
0.08299999999999975 2.0947406251825723e-55
restart...
Sampling time (10 samples): 7525.1146 seconds
/scratch/users/yanlan/Retrieval_0705/Output/AM_PM_ET_174_268_00
0.023 2.2767868897625275e-41
0.13075000000000023 8.828451694532697e-41
0.1685000000000002 3.664737903473935e-37
0.1881250000000005 3.9164061561860167e-38
0.20650000000000077 1.8224885077138174e-37
0.2200833333333339 2.9405339601771205e-37
0.2275714285714292 1.051423013646874e-36
0.23612500000000056 1.1095910289391432e-36
0.2413333333333343 2.9808920652846003e-36
0.248300000000001 1.2575606510605951e-36
0.25218181818181895 1.562220815114624e-35
0.2517916666666659 9.40224892475696e-36
0.251961538461537 3.523646345793228e-36
0.25278571428571434 7.989681440234522e-37
0.25623333333333265 4.172339587578867e-37
Sampling time (10 samples): 7550.2810 seconds
/scratch/users/yanlan/Retrieval_0705/Output/AM_PM_ET_179_342_00
0.026500000000000017 2.154408042120055e-37
0.12349999999999989 7.004426958562345e-39
0.18250000000000027 1.8274006024558603e-36
0.22237499999999982 2.078786075594254e-34
0.25520000000000026 1.3934562324214106e-34
0.2767500000000004 1.856079143024914e-34
0.2934285714285734 2.195841578754072e-34
0.3028750000000017 2.2428673538144576e-34
0.31238888888889144 5.779179028029099e-34
0.3129500000000031 1.0040562584065995e-34
0.3162727272727308 1.7630635910441966e-34
0.3227083333333366 1.2111072919047356e-34
0.326500000000003 3.901373385125759e-34
0.32953571428571776 3.22059598526193e-34
0.33193333333333536 8.343561414131474e-34
Sampling time (10 samples): 7429.6441 seconds
/scratch/users/yanlan/Retrieval_0705/Output/AM_PM_ET_185_224_00
0.38199999999999995 8.020649532423622e-13
0.3522499999999999 2.977999746412624e-13
0.3406666666666666 8.278242040028569e-13
0.34312499999999924 1.3312637771327835e-12
0.33749999999999825 3.69509209910716e-13
0.33549999999999885 7.046642778355655e-13
0.33285714285714196 7.304717988306253e-13
0.33193749999999894 5.175293307206906e-13
0.33116666666666583 4.643964414903154e-13
0.3289499999999993 4.54980264183452e-13
0.32849999999999946 8.735554340250238e-13
0.3284583333333344 1.5389032793682323e-12
0.32673076923077127 7.830589243362026e-13
0.32628571428571596 9.206632104476985e-13
0.3277333333333333 1.082283311650156e-12
Sampling time (10 samples): 7752.4927 seconds
/scratch/users/yanlan/Retrieval_0705/Output/AM_PM_ET_190_342_00
0.013500000000000003 1.6223439015642353e-42
restart...
0.012499999999999999 6.138051603818657e-41
restart...
0.016499999999999997 3.3738711544436036e-41
restart...
0.014999999999999982 2.1247450001039448e-43
restart...
0.018999999999999996 2.7044455230343566e-39
restart...
0.020000000000000014 8.729828130730675e-41
0.06974999999999987 1.2199973518427947e-50
restart...
0.05375000000000002 1.0411600674196163e-52
restart...
0.05775000000000004 1.1721220161370629e-54
restart...
0.05449999999999995 6.678781739623357e-54
restart...
0.06650000000000005 2.7744495380664543e-53
restart...
0.06674999999999995 5.379944043592374e-52
restart...
0.06925000000000003 3.622217007512231e-52
restart...
0.04299999999999996 3.98378241937993e-58
restart...
0.06699999999999992 4.018383469230332e-53
restart...
Sampling time (10 samples): 7573.5661 seconds
/scratch/users/yanlan/Retrieval_0705/Output/AM_PM_ET_196_284_00
0.08100000000000002 7.045874153104118e-31
0.12049999999999987 1.1141501539345978e-38
0.17850000000000102 3.1394975538636125e-36
0.2170000000000007 2.814475811984296e-34
0.2380000000000009 1.7661744867753006e-33
0.2536666666666664 2.8173605607427008e-33
0.26857142857142924 1.6655833106953408e-33
0.2766250000000005 3.352755592357807e-33
0.2817222222222223 1.0096787071266595e-33
0.29149999999999987 1.4608008452134895e-33
0.29940909090909296 1.671540171444913e-33
0.3031666666666673 2.0129663326019843e-33
0.3035384615384616 1.255061682042979e-33
0.30714285714285766 3.0193360256604885e-33
0.3121666666666667 1.3649057733597595e-33
Sampling time (10 samples): 7418.3425 seconds
