/scratch/users/yanlan/Retrieval_0705/Output/AM_PM_ET_161_327_00
0.00799999999999999 1.6002060869685885e-48
restart...
0.01499999999999999 1.8862954975237188e-41
restart...
0.02850000000000002 2.363896453083059e-38
0.12474999999999986 1.9021359935104743e-38
0.1875000000000004 2.993575965654814e-35
0.21575 7.256577472941009e-33
0.2339 3.955287301681484e-31
0.2461666666666664 2.1757788090861442e-30
0.2532142857142849 2.151532645432892e-29
0.2635624999999984 4.360191010571859e-30
0.26738888888888623 4.179237814067589e-30
0.27084999999999837 1.6158362624874015e-30
0.27549999999999975 1.977892342638161e-30
0.2779999999999994 5.5881304882686194e-30
0.27849999999999864 2.896994445960094e-30
Sampling time (10 samples): 7645.2913 seconds
/scratch/users/yanlan/Retrieval_0705/Output/AM_PM_ET_166_459_00
0.40299999999999975 1.4920805990222628e-12
0.3774999999999999 7.138370644623405e-13
0.35849999999999876 7.674402522305893e-13
0.34587499999999904 2.0357518212852808e-13
0.34479999999999866 1.8916962320610902e-13
0.3369999999999984 6.116471948684499e-13
0.3359999999999985 1.081667231318704e-12
0.3340624999999988 3.555205074285934e-13
0.3328888888888878 4.1139105671054026e-13
0.32949999999999907 5.798322436730367e-13
0.3293181818181824 4.857804799944316e-13
0.3286666666666667 2.2344473940275526e-12
0.3291923076923068 1.5010773481665614e-12
0.32900000000000085 1.305519295923407e-12
0.3281333333333338 6.094824662613872e-13
Sampling time (10 samples): 7994.5879 seconds
/scratch/users/yanlan/Retrieval_0705/Output/AM_PM_ET_172_413_00
0.018000000000000006 5.628000825088981e-41
restart...
0.015000000000000008 1.0347443726703835e-41
restart...
0.028500000000000022 5.441616516219998e-36
0.09825000000000007 5.337221696883599e-43
0.144666666666667 1.5281597325358784e-42
0.14662500000000034 4.873316474990304e-48
0.14300000000000015 1.0248711722287843e-55
restart...
0.053749999999999985 2.4214910721137864e-51
restart...
0.0785 4.763082106574146e-45
0.09483333333333314 4.996072471054351e-52
restart...
0.08375000000000002 1.7059751188310916e-41
0.10000000000000006 9.636613606585195e-48
0.12299999999999989 3.8575524132813586e-48
0.14209999999999964 3.1439190311419204e-50
restart...
0.05874999999999999 1.0371851921780049e-48
Sampling time (10 samples): 7557.4323 seconds
/scratch/users/yanlan/Retrieval_0705/Output/AM_PM_ET_178_277_00
0.029499999999999985 1.4362488116858361e-38
0.13749999999999965 3.429447976688447e-38
0.1941666666666665 4.85762388132224e-36
0.22224999999999964 1.413992978620104e-34
0.23749999999999985 1.0348895414069533e-33
0.24833333333333296 7.74244242218798e-33
0.25350000000000095 1.1029033213676664e-32
0.25537500000000013 7.382207425441061e-33
0.2585555555555547 1.198118825391742e-32
0.2617999999999992 1.7371539071068072e-32
0.2647272727272707 1.5222763808276027e-32
0.2686249999999979 7.36493019130163e-33
0.2698846153846139 2.006673006903188e-32
0.276142857142855 2.701836211143137e-32
0.2770666666666643 2.0264832844667009e-32
Sampling time (10 samples): 7492.7540 seconds
/scratch/users/yanlan/Retrieval_0705/Output/AM_PM_ET_183_351_00
0.10199999999999997 3.0659673111078677e-31
0.19525000000000017 2.839346558843187e-31
0.20683333333333337 2.03705271016484e-34
0.1981250000000001 6.497089498952502e-39
0.2095000000000001 3.029582956233856e-38
0.20483333333333298 5.9636952904434635e-43
0.21057142857142802 4.295567323186886e-43
0.21649999999999903 1.2193230235827563e-41
0.22088888888888816 6.695968708792935e-41
0.2268999999999995 1.0543044679224901e-40
0.23804545454545434 3.846781265432684e-39
0.23966666666666608 1.0131813559320966e-37
0.23749999999999943 4.031564045926621e-43
0.23485714285714276 7.432104551091989e-43
0.23289999999999975 2.6191785973326637e-44
Sampling time (10 samples): 7574.1491 seconds
/scratch/users/yanlan/Retrieval_0705/Output/AM_PM_ET_189_280_00
0.06500000000000004 3.8521008647296664e-32
0.06624999999999999 1.3344256264411279e-48
0.09133333333333331 8.620026539167489e-53
restart...
0.04199999999999997 1.6879970830548435e-67
restart...
0.06424999999999989 2.569021348197433e-51
restart...
0.05899999999999999 2.916365465933485e-52
restart...
0.05625000000000005 2.0167325968918705e-54
restart...
0.06374999999999989 1.7009389772806375e-52
restart...
0.05674999999999997 5.585526975418916e-52
restart...
0.05700000000000004 5.904517079162302e-52
restart...
0.0687500000000001 3.0968360957814173e-52
restart...
0.05875000000000006 4.188495600284346e-53
restart...
0.05600000000000005 1.4871973647488024e-52
restart...
0.057750000000000044 8.008321276019203e-52
restart...
0.06450000000000002 1.3514260222616762e-50
restart...
Sampling time (10 samples): 7954.4558 seconds
/scratch/users/yanlan/Retrieval_0705/Output/AM_PM_ET_194_394_00
0.4200000000000001 8.737426131309347e-13
0.35875000000000046 2.111484486167608e-13
0.34233333333333493 9.767936382052573e-13
0.3281250000000013 1.2097675092597942e-12
0.3285999999999998 6.328736829097348e-13
0.32516666666666716 2.5457449853201414e-13
0.3244285714285716 3.32422677410915e-13
0.3245000000000002 9.109366633469064e-13
0.32266666666666655 6.790078904569407e-13
0.3261499999999997 2.0340081229866627e-13
0.32363636363636267 3.8737755973887643e-13
0.32429166666666714 5.092632269724613e-13
0.3255 1.8965258563906454e-12
0.32532142857142965 8.586883662766424e-13
0.32503333333333434 1.1934250624765636e-12
Sampling time (10 samples): 7921.6202 seconds
