/scratch/users/yanlan/Retrieval_0705/Output/AM_PM_ET_164_438_00
0.019000000000000003 3.5325090209802385e-41
restart...
0.008499999999999997 3.1585107326290053e-46
restart...
0.0135 1.4168330893364973e-42
restart...
0.018500000000000013 1.8025490837909663e-40
restart...
0.013499999999999988 2.091397858342923e-43
restart...
0.012 6.916814633824962e-44
restart...
0.01749999999999999 2.8354216246244883e-40
restart...
0.015499999999999996 4.123076983095471e-41
restart...
0.01449999999999999 1.754168945233649e-41
restart...
0.035 2.5179195032403452e-39
0.07275000000000008 1.073733982127919e-53
restart...
0.08874999999999991 7.175012629152604e-51
restart...
0.06924999999999995 5.144183863215792e-52
restart...
0.07750000000000005 3.9612950822226924e-50
restart...
0.08925000000000001 5.083405297993756e-50
restart...
Sampling time (10 samples): 7650.2783 seconds
/scratch/users/yanlan/Retrieval_0705/Output/AM_PM_ET_170_347_00
0.015000000000000029 1.2155449665186029e-42
restart...
0.0345 5.105787672590397e-37
0.09649999999999993 7.599073958744377e-46
0.15616666666666623 2.2222356719221963e-43
0.17437499999999984 1.30154327731506e-43
0.1905999999999998 9.011093972712033e-43
0.2047499999999994 8.112903010952756e-41
0.20878571428571394 7.173396097911103e-40
0.21412499999999998 2.8050194519293615e-39
0.22061111111111145 5.692557307342679e-40
0.2241500000000002 2.2647622680443572e-40
0.22945454545454555 1.1102797676566663e-39
0.23337500000000025 4.365570496843247e-40
0.23711538461538512 7.186911475437886e-40
0.23885714285714316 4.893533427996533e-40
Sampling time (10 samples): 7584.8100 seconds
/scratch/users/yanlan/Retrieval_0705/Output/AM_PM_ET_176_269_00
0.0395 1.4587588387215505e-37
0.16925000000000015 3.8815901115177093e-35
0.23033333333333375 1.3878908187346845e-33
0.2430000000000003 5.9201039767275794e-36
0.23590000000000028 5.329578692177651e-41
0.23375000000000007 1.5760625843704671e-43
0.23221428571428568 1.0909921209338738e-45
0.22881250000000028 4.77768823168132e-46
0.2298333333333337 2.971691680263167e-44
0.23920000000000033 3.884406144805585e-43
0.2483636363636369 4.6219773223583145e-42
0.25766666666666593 2.4137888626524646e-40
0.2655769230769221 5.354142258111576e-40
0.2715714285714268 1.893702131235925e-40
0.27739999999999737 8.340650816642992e-40
Sampling time (10 samples): 7387.0430 seconds
/scratch/users/yanlan/Retrieval_0705/Output/AM_PM_ET_181_350_00
0.03399999999999996 2.5986479523014274e-37
0.06324999999999997 5.010072439191138e-49
restart...
0.05874999999999997 4.743333567667058e-51
restart...
0.06375 1.7264958730748237e-51
restart...
0.05999999999999998 5.48484211081629e-51
restart...
0.06000000000000002 2.3823801884487937e-51
restart...
0.06649999999999981 2.000183900323676e-50
restart...
0.06449999999999999 1.6685835325546641e-47
0.08166666666666644 2.2621134751924388e-57
restart...
0.05675000000000001 1.3850877792021692e-50
restart...
0.07425 1.5238013290278933e-48
0.087 2.8333127720237804e-54
restart...
0.06875000000000006 3.1442269224294503e-50
restart...
0.06750000000000003 9.428954298283721e-49
restart...
0.06925000000000005 2.8056964559329534e-47
Sampling time (10 samples): 7423.0167 seconds
/scratch/users/yanlan/Retrieval_0705/Output/AM_PM_ET_187_274_00
0.02999999999999999 5.91700396254517e-39
0.1327499999999999 2.9156821930806965e-39
0.18783333333333313 2.067655493610966e-36
0.20612499999999967 3.725870689247492e-38
0.19649999999999967 3.1608726924457117e-44
0.20458333333333295 1.4641602848110247e-42
0.2161428571428571 2.4796878189024605e-40
0.22599999999999998 5.0831314401964655e-39
0.24016666666666728 2.9968546133518986e-38
0.2537000000000005 1.1347176854016173e-37
0.25631818181818233 3.1050023995651335e-39
0.26200000000000045 9.820905185429513e-39
0.2716923076923088 5.271741887763431e-38
0.2797857142857141 7.631894670471521e-38
0.28890000000000016 5.149621999448717e-38
Sampling time (10 samples): 7423.2940 seconds
/scratch/users/yanlan/Retrieval_0705/Output/AM_PM_ET_192_377_00
0.021000000000000005 4.603226407560577e-40
0.02050000000000002 5.345849860571768e-77
restart...
0.028000000000000018 3.744943849999825e-65
restart...
0.0325 1.7837731655074917e-63
restart...
0.027000000000000014 7.79429614267489e-66
restart...
0.024500000000000032 5.369486492152738e-69
restart...
0.029750000000000006 8.610965225707208e-65
restart...
0.03400000000000002 6.015157872037273e-65
restart...
0.026999999999999982 1.5317126536736097e-64
restart...
0.03099999999999998 1.5225075211028042e-62
restart...
0.017499999999999957 9.807225296122923e-73
restart...
0.024750000000000015 1.8320819182398103e-67
restart...
0.027249999999999993 7.2698760641817634e-68
restart...
0.02800000000000001 1.4238157406528429e-65
restart...
0.03425000000000009 5.241498570589856e-63
restart...
Sampling time (10 samples): 7816.2283 seconds
/scratch/users/yanlan/Retrieval_0705/Output/AM_PM_ET_198_298_00
0.02299999999999998 7.48350349032516e-39
0.015249999999999972 1.0247042770624714e-75
restart...
0.021499999999999957 4.450992958334785e-68
restart...
0.020499999999999973 1.4601385609731649e-68
restart...
0.01624999999999997 2.7862458064503585e-74
restart...
0.01675000000000001 3.856628586604013e-74
restart...
0.01400000000000003 2.9575170251701224e-77
restart...
0.012499999999999978 3.2642984520803615e-82
restart...
0.012250000000000032 1.0636973513884354e-82
restart...
0.017500000000000036 2.6029374767309696e-73
restart...
0.01825 1.0150621412722959e-73
restart...
0.013250000000000045 2.986043318632406e-80
restart...
0.016000000000000014 2.8690509220566716e-74
restart...
0.01449999999999998 1.305371968928225e-77
restart...
0.012249999999999976 5.2159909983943934e-82
restart...
Sampling time (10 samples): 7661.6809 seconds
