/scratch/users/yanlan/Retrieval_0705/Output/AM_PM_ET_162_411_00
0.01999999999999999 1.6063147203224307e-39
restart...
0.016500000000000008 8.812761591302709e-41
restart...
0.02949999999999997 1.5425764479312297e-35
0.03774999999999999 3.504676156193714e-57
restart...
0.03100000000000007 2.0449580190511177e-59
restart...
0.03775000000000015 1.8772325027055069e-56
restart...
0.026999999999999972 1.5448658810680055e-64
restart...
0.02875 1.4593108603752576e-64
restart...
0.03224999999999999 7.491528020649926e-59
restart...
0.02899999999999996 1.8353736468270576e-64
restart...
0.027999999999999976 1.722528952966883e-62
restart...
0.03874999999999994 4.342949903975901e-55
restart...
0.03274999999999995 4.303176810714704e-59
restart...
0.04149999999999992 2.5820924155725197e-55
restart...
0.03574999999999999 1.3544467424606855e-56
restart...
Sampling time (10 samples): 7657.7393 seconds
/scratch/users/yanlan/Retrieval_0705/Output/AM_PM_ET_168_322_00
0.03349999999999999 2.424606418085895e-38
0.06899999999999998 5.266184485372999e-47
0.08883333333333343 2.990557981022367e-52
restart...
0.07150000000000016 1.5241627355493972e-47
0.08949999999999998 3.0374638837407664e-53
restart...
0.07275000000000016 1.563641656801284e-45
0.09616666666666669 3.4548523705499995e-49
restart...
0.07774999999999989 3.5039537822314643e-47
0.09783333333333315 4.214699518504419e-52
restart...
0.06699999999999999 2.7143678239776662e-48
0.08633333333333347 1.0753638264422253e-53
restart...
0.08099999999999992 2.2467606642510832e-48
0.09599999999999981 4.1049063335779396e-54
restart...
0.07975000000000027 5.37172847225216e-47
0.09583333333333376 1.2690888087219173e-52
restart...
Sampling time (10 samples): 7804.5455 seconds
/scratch/users/yanlan/Retrieval_0705/Output/AM_PM_ET_174_277_00
0.05749999999999995 6.199283850007894e-36
0.09349999999999997 1.279708703343833e-47
0.1480000000000002 4.504468985532588e-43
0.177625 1.4475892523495223e-41
0.1963999999999999 6.098729194313408e-40
0.2085 1.2953096626258227e-40
0.22299999999999992 6.835738348007188e-41
0.23818749999999966 1.283997547882219e-40
0.25099999999999967 4.482977732356396e-41
0.2629499999999993 1.2629526429391796e-40
0.2722272727272721 3.075433862417853e-41
0.28204166666666713 1.9165350060346416e-41
0.2871153846153863 4.019114500486766e-40
0.29300000000000126 3.863574167517791e-40
0.2996666666666682 4.4790620117060155e-41
Sampling time (10 samples): 7556.5220 seconds
/scratch/users/yanlan/Retrieval_0705/Output/AM_PM_ET_179_351_00
0.028500000000000008 1.7968536599162264e-37
0.1162500000000002 2.2155662462197923e-42
0.1490000000000004 3.403199766840955e-42
0.16787499999999975 3.935580604640621e-40
0.1710000000000002 1.911960471396601e-45
0.1793333333333331 8.401920679104511e-44
0.1872142857142853 5.34804784501883e-43
0.1938124999999997 1.582241521579684e-42
0.19755555555555543 5.106100973964371e-41
0.20065000000000108 8.722294482823949e-42
0.20145454545454683 1.2326195214087936e-41
0.20125000000000126 6.566852759809766e-42
0.20115384615384746 8.904694786625141e-42
0.2025000000000012 4.5343967122410985e-41
0.20600000000000127 1.9781674441747996e-40
Sampling time (10 samples): 7568.2533 seconds
/scratch/users/yanlan/Retrieval_0705/Output/AM_PM_ET_185_240_00
0.011500000000000003 1.9737088015136662e-44
restart...
0.00949999999999999 2.1021136426693004e-46
restart...
0.011999999999999988 7.693233141243395e-45
restart...
0.007499999999999994 1.0139377484739211e-45
restart...
0.012499999999999999 3.203213730881595e-42
restart...
0.03199999999999996 3.645610312839095e-39
0.027999999999999997 7.152543195156671e-71
restart...
0.023249999999999993 1.3661560611197909e-73
restart...
0.02724999999999999 2.4685012476201813e-73
restart...
0.03125000000000001 2.7957623657481892e-68
restart...
0.029249999999999977 4.0397603218652e-73
restart...
0.020249999999999983 1.7273867294381746e-78
restart...
0.01974999999999999 3.498139228767535e-80
restart...
0.02499999999999998 4.8805221024616245e-75
restart...
0.026999999999999982 8.786042218964694e-75
restart...
Sampling time (10 samples): 9802.4045 seconds
/scratch/users/yanlan/Retrieval_0705/Output/AM_PM_ET_190_351_00
0.001999999999999996 1.7711728606768466e-51
restart...
0.006500000000000002 4.67478865002666e-48
restart...
0.026000000000000006 1.148459807991528e-39
0.051750000000000004 3.024787629509878e-54
restart...
0.06475000000000007 2.5386597570969832e-49
restart...
0.07049999999999974 7.38461238348965e-50
restart...
0.06575000000000003 9.182130749601256e-52
restart...
0.05125000000000001 1.9313748783403826e-55
restart...
0.04100000000000001 4.8656986475756385e-58
restart...
0.04775000000000008 1.811721242084256e-53
restart...
0.05300000000000005 9.857764455511328e-55
restart...
0.04125 3.0579715790753217e-59
restart...
0.04874999999999993 1.456526475264546e-55
restart...
0.05849999999999999 6.694079122103593e-53
restart...
0.06425000000000004 8.117783864581995e-53
restart...
Sampling time (10 samples): 7744.8831 seconds
/scratch/users/yanlan/Retrieval_0705/Output/AM_PM_ET_196_293_00
0.03950000000000001 2.3994280874385022e-36
0.1452499999999997 5.261748054119356e-34
0.19066666666666637 1.5912175577135767e-32
0.20200000000000015 1.2922158648719117e-33
0.20760000000000065 5.395768968974076e-36
0.17758333333333381 2.5459251923206968e-71
restart...
0.1838333333333339 2.250765174105189e-62
restart...
0.1810833333333339 1.7068618570053525e-65
restart...
0.1831666666666672 2.2683352104640522e-58
restart...
0.1765833333333339 1.0518578300185717e-68
restart...
0.17975000000000052 2.6305478400413833e-65
restart...
0.18908333333333396 3.073710315485484e-57
restart...
0.18800000000000042 1.0298875558440701e-59
restart...
0.21050000000000038 1.726452634930506e-37
0.1858571428571431 9.981197626883061e-70
restart...
Sampling time (10 samples): 7520.5474 seconds
