/scratch/users/yanlan/Retrieval_0705/Output/AM_PM_ET_164_371_00
0.3949999999999994 1.3834685981140375e-12
0.35349999999999987 9.997886139179507e-13
0.33900000000000036 7.018104364587203e-13
0.33337499999999987 6.432896906207857e-13
0.3262999999999997 1.3425529080456647e-12
0.3268333333333325 3.766494497745836e-13
0.3255000000000005 6.662399748242166e-13
0.32262499999999983 4.539435440935676e-13
0.3201111111111102 4.4400624742027873e-13
0.32110000000000055 1.7758689433681644e-12
0.3199545454545452 5.028769387566067e-13
0.31974999999999837 4.089802426531402e-13
0.31907692307692137 5.488023669319916e-13
0.3194999999999986 8.688253315038285e-13
0.3198999999999973 6.03676932390483e-13
Sampling time (10 samples): 12158.8752 seconds
/scratch/users/yanlan/Retrieval_0705/Output/AM_PM_ET_170_286_00
0.026500000000000027 3.875524493263853e-38
0.0575 3.897106783451745e-51
restart...
0.053249999999999936 3.952403935248492e-51
restart...
0.05274999999999998 1.943121574418515e-52
restart...
0.04775000000000003 5.250224648401588e-52
restart...
0.05199999999999995 4.602925067635916e-51
restart...
0.04775000000000006 1.920719104920173e-55
restart...
0.053750000000000006 3.728323577942844e-54
restart...
0.06174999999999999 3.449827887844664e-48
0.07066666666666674 7.125918942675926e-60
restart...
0.054500000000000055 2.347725633419067e-52
restart...
0.05000000000000001 3.802233893894545e-51
restart...
0.044249999999999935 6.239457895789134e-55
restart...
0.05600000000000008 4.433000069779467e-52
restart...
0.04675000000000002 1.2593043169596955e-53
restart...
Sampling time (10 samples): 12553.0185 seconds
/scratch/users/yanlan/Retrieval_0705/Output/AM_PM_ET_175_420_00
0.045000000000000026 2.750100380375447e-36
0.08650000000000017 1.9527684467187837e-41
0.11033333333333328 3.6398971784185614e-45
0.13762499999999966 5.461988834213557e-43
0.1561999999999998 9.320334923482249e-42
0.1638333333333335 1.0036331194067302e-43
0.17328571428571418 1.7508044977834804e-41
0.18568749999999995 6.5462112371957e-40
0.19961111111111163 2.3412045397052115e-39
0.21310000000000076 1.6562384088094955e-39
0.2243636363636369 4.1390164111875467e-38
0.23116666666666716 1.1410821930352126e-37
0.23503846153846172 9.049144475599125e-39
0.24060714285714316 2.940775212121882e-38
0.24383333333333357 9.552867120624124e-39
Sampling time (10 samples): 12126.1248 seconds
/scratch/users/yanlan/Retrieval_0705/Output/AM_PM_ET_181_290_00
0.02099999999999999 2.0635433642178975e-41
0.10275000000000012 3.8119803922138134e-45
0.13616666666666652 4.823634780906856e-44
0.1611249999999996 1.3971117775458131e-43
0.18419999999999967 1.7821470732751503e-42
0.1934166666666666 1.3073814017560277e-44
0.2071428571428568 1.3062383794716318e-44
0.21081249999999957 6.232284569635961e-46
0.216555555555555 4.9538206064865256e-46
0.21759999999999963 4.515521477192316e-47
0.21768181818181778 2.646090731164267e-47
0.22016666666666584 6.614762788006868e-48
0.22365384615384493 4.951801357811009e-48
0.22603571428571273 2.0464464771637607e-47
0.22769999999999804 5.486893757400357e-49
restart...
Sampling time (10 samples): 12793.4630 seconds
/scratch/users/yanlan/Retrieval_0705/Output/AM_PM_ET_186_415_00
0.3914999999999998 7.303411703161131e-13
0.3607500000000009 1.0770782699431815e-12
0.35700000000000104 9.324768413900566e-13
0.3492500000000005 4.3974803655688894e-13
0.34580000000000116 3.780045251998452e-13
0.34166666666666795 1.0452490350039188e-12
0.33835714285714513 1.220999063145275e-12
0.3368125000000024 3.667254151500074e-13
0.33561111111111336 3.3803574073135603e-13
0.3335000000000023 6.205930563214785e-13
0.33363636363636623 4.817579094223272e-13
0.33279166666666965 5.220954532486876e-13
0.3319230769230804 8.567247180368674e-13
0.3294285714285753 3.9871587319343843e-13
0.32930000000000353 6.3393604695088e-13
Sampling time (10 samples): 12401.9035 seconds
/scratch/users/yanlan/Retrieval_0705/Output/AM_PM_ET_192_314_00
0.0465 1.4143874654787318e-39
0.1315 5.0596730741492895e-39
0.16466666666666635 1.2220779784703461e-38
0.1662500000000005 2.2616424016775284e-46
0.18100000000000077 1.4459031993094454e-46
0.19566666666666763 7.342372051688699e-45
0.20685714285714357 1.7671867441856623e-44
0.2170000000000006 4.782884305261547e-44
0.22511111111111184 2.358810044357908e-44
0.22950000000000045 3.808154107038902e-44
0.23118181818181838 2.432507725778133e-44
0.2342083333333334 4.304916676640446e-45
0.23803846153846148 1.217209736754371e-43
0.2416785714285714 3.308757331401614e-43
0.24503333333333308 1.8751434531164422e-43
Sampling time (10 samples): 13088.4047 seconds
