/scratch/users/yanlan/Retrieval_0705/Output/AM_PM_ET_160_215_00
0.022500000000000034 9.756440483712533e-39
0.045750000000000034 2.0400444918548637e-55
restart...
0.048000000000000015 9.79803532438476e-52
restart...
0.044749999999999984 1.5269129059035523e-54
restart...
0.04775000000000003 2.4366507923787956e-53
restart...
0.0505 5.706260097413181e-51
restart...
0.04275000000000003 1.4089498971946077e-57
restart...
0.04924999999999998 2.938254568906402e-49
restart...
0.04525000000000004 1.5565696171491593e-52
restart...
0.04824999999999999 1.146838842973793e-51
restart...
0.04975000000000007 7.772882882492003e-51
restart...
0.04024999999999991 1.0728663269388756e-55
restart...
0.048000000000000036 9.804028861949081e-55
restart...
0.04625000000000002 8.286528005811667e-55
restart...
0.049249999999999995 4.911961396794918e-50
restart...
Sampling time (10 samples): 7986.5563 seconds
/scratch/users/yanlan/Retrieval_0705/Output/AM_PM_ET_165_351_00
0.026500000000000017 5.01050308651526e-38
0.04249999999999995 4.1004565703809867e-53
restart...
0.036500000000000074 2.295953222969051e-62
restart...
0.013750000000000017 4.952870748111422e-83
restart...
0.03450000000000003 7.706939079774015e-59
restart...
0.04025000000000005 9.497448606320498e-60
restart...
0.033000000000000015 3.70168098422053e-60
restart...
0.04175000000000003 3.0436645596361343e-56
restart...
0.037500000000000075 1.6727017243613835e-58
restart...
0.038249999999999965 7.376983311643187e-57
restart...
0.03949999999999995 3.2331780023413337e-56
restart...
0.04174999999999993 2.6495242376641803e-55
restart...
0.033250000000000036 1.9941759824227507e-60
restart...
0.04074999999999996 5.909719346376031e-57
restart...
0.04700000000000005 1.2932538166991306e-52
restart...
Sampling time (10 samples): 7836.2116 seconds
/scratch/users/yanlan/Retrieval_0705/Output/AM_PM_ET_171_287_00
0.033000000000000015 2.6671779242706126e-38
0.13524999999999984 1.3941562212861076e-39
0.09983333333333327 4.5194863689968815e-68
restart...
0.06949999999999971 1.4721367691794673e-58
restart...
0.09975000000000002 3.1654802408808777e-45
0.07383333333333365 1.3594329340662852e-76
restart...
0.06783333333333329 3.076140440847763e-86
restart...
0.07899999999999976 2.0250305494610337e-71
restart...
0.07966666666666677 8.102430007811812e-71
restart...
0.07299999999999983 3.357149259868494e-78
restart...
0.0736666666666667 1.5835495671040043e-77
restart...
0.08116666666666644 7.701352010177458e-70
restart...
0.08366666666666658 3.561782425367694e-67
restart...
0.0683333333333336 6.293220436502413e-84
restart...
0.07433333333333346 6.598240790642406e-78
restart...
Sampling time (10 samples): 10041.6962 seconds
/scratch/users/yanlan/Retrieval_0705/Output/AM_PM_ET_176_409_00
0.04399999999999997 8.742738142941569e-39
0.13524999999999993 8.842498549018615e-41
0.19183333333333352 4.592979021070756e-38
0.23000000000000037 2.1319071189820675e-37
0.24800000000000072 1.2624271124652224e-36
0.25408333333333366 3.4862729383703306e-37
0.2670714285714309 4.241657043813634e-36
0.28043750000000267 2.1947992000545537e-36
0.29150000000000215 1.789346029594983e-36
0.29710000000000253 2.1272299988903602e-36
0.3011818181818199 8.61229516973455e-37
0.302375000000001 7.715245081989569e-36
0.3030000000000028 4.689780923509756e-36
0.3047500000000027 2.2530234449381543e-36
0.30736666666666873 4.665100552156552e-36
Sampling time (10 samples): 7888.5307 seconds
/scratch/users/yanlan/Retrieval_0705/Output/AM_PM_ET_182_274_00
0.029500000000000002 1.1750246891907667e-37
0.1557500000000001 7.546353898161273e-37
0.20733333333333365 9.23015990704044e-34
0.24150000000000005 2.5151753867026115e-32
0.2685000000000005 1.5176862294655603e-32
0.28124999999999994 2.4834402260814036e-31
0.2971428571428566 2.703509582217209e-31
0.3033749999999989 3.3512644920015663e-31
0.3131111111111098 6.839397292919964e-32
0.3203999999999988 2.0758885434868765e-32
0.32527272727272716 8.863449307480522e-33
0.32745833333333335 2.4449026558143298e-32
0.3308461538461527 8.586311954443928e-32
0.33410714285714227 4.74693580412463e-32
0.33599999999999836 6.534926011400141e-32
Sampling time (10 samples): 8331.0786 seconds
/scratch/users/yanlan/Retrieval_0705/Output/AM_PM_ET_187_398_00
0.012999999999999996 6.9958706562041505e-43
restart...
0.019500000000000038 7.582654677711281e-42
restart...
0.03250000000000001 1.3391091423137782e-39
0.10674999999999972 3.8093199571242235e-42
0.13183333333333322 4.107381471288606e-43
0.14937500000000017 2.7705251826797384e-46
0.16510000000000058 1.575930406083699e-44
0.1821666666666665 3.3693291679313324e-42
0.1975000000000002 7.801731621166411e-41
0.20462500000000017 8.590175968316018e-39
0.2193333333333337 7.596318349003648e-37
0.2257500000000001 9.894058385505685e-37
0.2224090909090912 8.461692065209069e-41
0.2192500000000002 7.10188996542347e-46
0.21876923076923083 2.470538765700762e-47
Sampling time (10 samples): 7923.2936 seconds
/scratch/users/yanlan/Retrieval_0705/Output/AM_PM_ET_193_306_00
0.01350000000000001 2.1019792635978466e-42
restart...
0.05299999999999998 1.7728037025760267e-32
0.09250000000000007 5.348629275988766e-45
0.06483333333333352 1.0766889729604074e-80
restart...
0.07875000000000001 1.46658058878663e-54
restart...
0.0539999999999999 1.0719285422005326e-57
restart...
0.07999999999999995 6.562452045867982e-53
restart...
0.08999999999999996 1.6323936159619136e-46
0.061166666666666675 6.453252874298601e-88
restart...
0.07150000000000012 9.42821753768062e-56
restart...
0.14249999999999985 2.521675102890872e-33
0.10866666666666658 1.3611234465232802e-59
restart...
0.08650000000000001 1.8909759785461746e-49
restart...
0.06975000000000016 9.365109024726742e-51
restart...
0.05349999999999975 6.683369004071845e-59
restart...
Sampling time (10 samples): 8070.1187 seconds
