/scratch/users/yanlan/Retrieval_0705/Output/AM_PM_ET_164_325_00
0.011500000000000005 3.724752161776561e-43
restart...
0.006499999999999996 3.9678281258949714e-46
restart...
0.006499999999999995 1.8855771459938292e-45
restart...
0.010500000000000021 1.7327815918224813e-44
restart...
0.011999999999999986 4.3749123053432526e-43
restart...
0.010999999999999996 7.328849867302569e-43
restart...
0.011000000000000005 4.120564167195013e-43
restart...
0.019500000000000003 9.950076445692254e-40
restart...
0.021499999999999974 3.8578643290867315e-40
0.10224999999999977 4.066458651179974e-43
0.15633333333333288 1.5176748285580872e-39
0.18537499999999912 2.89052689701532e-37
0.2039 1.3344942090219718e-36
0.2153333333333335 7.437447266906229e-35
0.23014285714285762 9.618691203627326e-35
Sampling time (10 samples): 7966.0651 seconds
/scratch/users/yanlan/Retrieval_0705/Output/AM_PM_ET_170_243_00
0.0425 9.062564917907809e-38
0.1372500000000004 1.9165952030204206e-38
0.18966666666666732 2.1187898765043897e-36
0.2231250000000007 2.718755243669161e-34
0.24650000000000058 1.2893864400426886e-34
0.2597500000000012 6.293005237418507e-35
0.2678571428571438 2.8312408446921396e-35
0.2751875000000012 1.967742300290155e-35
0.2826666666666672 2.847832895669739e-35
0.28834999999999966 9.563630237891454e-35
0.2939545454545447 8.143412540295211e-35
0.29433333333333195 3.930325230559125e-35
0.29719230769230515 2.59421855100886e-35
0.299928571428569 8.168457496982685e-35
0.30113333333333014 5.43143162960186e-35
Sampling time (10 samples): 7508.5819 seconds
/scratch/users/yanlan/Retrieval_0705/Output/AM_PM_ET_175_371_00
0.4055 1.601392481883995e-12
0.36500000000000044 8.661387324937683e-13
0.35216666666666624 7.036010761047229e-13
0.3469999999999998 8.589968587513177e-13
0.34750000000000114 6.872464678826201e-13
0.3496666666666672 6.826620271231567e-13
0.34364285714285836 3.735306707908763e-13
0.3410000000000012 5.039130414375715e-13
0.33855555555555594 1.5336397129363058e-12
0.33684999999999954 1.4930740167673038e-13
0.3354999999999976 9.668267754250904e-13
0.33229166666666293 7.21864792881825e-13
0.32969230769230357 7.747417502002208e-13
0.32985714285713835 1.2959966621484355e-12
0.3296999999999962 5.977722683450432e-13
Sampling time (10 samples): 7560.5396 seconds
/scratch/users/yanlan/Retrieval_0705/Output/AM_PM_ET_181_252_00
0.0275 2.1794932714453748e-38
0.13074999999999973 8.088833441833514e-40
0.19183333333333322 7.090259700529814e-36
0.19212500000000024 8.830006566574517e-40
0.1946000000000005 1.9078453693852236e-42
0.19441666666666754 2.9224212230137756e-45
0.21550000000000044 2.2304833678085717e-41
0.2279375000000008 5.941847431091925e-41
0.25138888888888916 2.5688299508374418e-40
0.2696500000000002 3.889056001006164e-40
0.2864545454545456 3.6396528415502347e-40
0.2982083333333328 4.47672680233047e-40
0.3050384615384602 3.222312568600356e-40
0.31617857142857186 5.500292881809079e-40
0.3241666666666679 2.6023800995398092e-40
Sampling time (10 samples): 7777.0599 seconds
/scratch/users/yanlan/Retrieval_0705/Output/AM_PM_ET_186_358_00
0.0445 4.182395441761342e-34
0.11775000000000017 9.021252159606297e-39
0.16250000000000056 3.852326264374444e-36
0.16012500000000038 1.3184533803437648e-46
0.16720000000000032 1.1371580834706727e-49
restart...
0.16470000000000062 3.0629571759392607e-50
restart...
0.16679999999999956 1.5695539809882133e-48
0.18108333333333293 3.72008664023177e-46
0.19371428571428517 5.711685976595402e-45
0.21012499999999937 1.0422443240831544e-44
0.2202222222222219 5.32622559458078e-44
0.23025000000000004 4.104113726260446e-44
0.2398181818181819 7.135519232790785e-44
0.24550000000000027 9.769500963581166e-44
0.2506923076923076 3.017825179698924e-44
Sampling time (10 samples): 9168.6542 seconds
/scratch/users/yanlan/Retrieval_0705/Output/AM_PM_ET_192_282_00
0.06950000000000003 3.223984857777768e-30
0.1984999999999999 4.9150140158443913e-29
0.22333333333333397 2.460613787596405e-32
0.1856250000000004 3.04800287773072e-52
restart...
0.17725000000000046 3.209753943813956e-56
restart...
0.17900000000000055 1.7049367413235403e-55
restart...
0.1802500000000004 5.037994271582955e-55
restart...
0.1777500000000006 3.293177184390584e-54
restart...
0.17950000000000033 7.674709757552751e-56
restart...
0.18437500000000057 1.104756035913843e-52
restart...
0.18412500000000034 3.056739374585639e-51
restart...
0.18437500000000062 1.0231460833306356e-50
restart...
0.18362500000000057 4.692364307103103e-51
restart...
0.1817500000000005 1.158118647107608e-49
restart...
0.1860000000000007 6.542231852870012e-51
restart...
Sampling time (10 samples): 10149.4765 seconds
/scratch/users/yanlan/Retrieval_0705/Output/AM_PM_ET_197_395_00
0.03900000000000005 1.8333987748910755e-36
0.10424999999999998 2.438934764361055e-40
0.14116666666666666 3.3212353580816485e-41
0.16699999999999995 1.4748695027468025e-41
0.17540000000000003 5.79433272036642e-43
0.1864166666666666 2.7049179538571602e-43
0.19842857142857154 2.5798552312662936e-42
0.2046249999999998 5.331129581568128e-41
0.20894444444444446 6.365289292834863e-41
0.21224999999999958 9.65542901464436e-41
0.20627272727272705 8.251405089151223e-49
restart...
0.212454545454545 7.06941372382346e-44
0.21399999999999925 3.4020259081144775e-43
0.21234615384615316 5.1676528160149e-44
0.21121428571428533 2.0388281257063666e-45
Sampling time (10 samples): 7208.1272 seconds
