/scratch/users/yanlan/Retrieval_0705/Output/AM_PM_ET_162_282_00
0.08900000000000004 1.3560213611978175e-33
0.20699999999999968 6.517027090076775e-32
0.2371666666666669 6.821424488802794e-32
0.2583750000000007 5.537350646704132e-31
0.21430000000000077 5.991233541045964e-60
restart...
0.23250000000000023 9.211960059007832e-53
restart...
0.2546000000000014 2.4060401120736855e-43
0.22400000000000098 4.918670957355019e-62
restart...
0.22241666666666762 3.4716677325258893e-62
restart...
0.21866666666666756 1.3302977953704733e-65
restart...
0.22516666666666774 2.3945400850832206e-61
restart...
0.22425000000000148 1.212597529862298e-60
restart...
0.22391666666666796 1.5708255018073556e-60
restart...
0.22008333333333427 2.3834890600098693e-63
restart...
0.22075000000000114 4.8840721722732746e-64
restart...
Sampling time (10 samples): 8351.0503 seconds
/scratch/users/yanlan/Retrieval_0705/Output/AM_PM_ET_167_402_00
0.4095000000000006 2.4854467820213767e-12
0.37850000000000156 8.984197012310256e-13
0.36150000000000126 5.141098129400721e-13
0.35575000000000034 6.698802709350773e-13
0.3473000000000006 2.657131578834117e-13
0.34425 8.669166510380307e-13
0.3414285714285711 7.32637066396434e-13
0.3395000000000001 6.226820029076241e-13
0.33477777777777706 5.698643046319162e-13
0.3342999999999983 7.555000134911313e-13
0.3338181818181794 9.075330027076424e-13
0.33295833333333075 8.126229501555007e-13
0.333692307692305 2.7546920225965663e-13
0.33357142857142696 3.8027083304434007e-13
0.33316666666666495 6.212496650946888e-13
Sampling time (10 samples): 7789.8976 seconds
/scratch/users/yanlan/Retrieval_0705/Output/AM_PM_ET_173_350_00
0.40999999999999964 2.3161866555330674e-12
0.3705 6.423571318166734e-13
0.3515000000000012 4.98063943732469e-13
0.3433749999999999 1.4901800087905728e-13
0.33239999999999914 6.710278934475778e-13
0.32933333333333303 6.964608539752635e-13
0.32957142857142674 6.895340565481011e-13
0.32818749999999847 1.1752623091027407e-12
0.327055555555554 7.250263261742349e-13
0.32565000000000005 5.624136621141626e-13
0.32431818181818267 1.9961953302103286e-13
0.32254166666666606 5.578208796651943e-13
0.32180769230769063 2.358169965568234e-13
0.321464285714285 1.9037794159649573e-13
0.3208666666666663 8.52009813956256e-13
Sampling time (10 samples): 7440.2513 seconds
/scratch/users/yanlan/Retrieval_0705/Output/AM_PM_ET_178_444_00
0.024500000000000004 4.65430784108776e-39
0.10699999999999993 1.0235756013334888e-41
0.16033333333333413 9.369210933077859e-40
0.1891250000000005 6.623958607277407e-39
0.2128000000000004 1.2720513454406162e-38
0.2248333333333339 1.857263591757046e-38
0.23185714285714365 2.449361709228631e-38
0.23687500000000067 1.0959236426528102e-38
0.2403888888888898 8.457540514777762e-39
0.24450000000000108 3.1294704734928014e-38
0.24736363636363784 1.336007718280543e-38
0.24975000000000133 7.071247396411629e-39
0.25292307692307764 3.694822324084823e-38
0.2532142857142863 1.8832286342916076e-38
0.25500000000000017 1.255308777766862e-38
Sampling time (10 samples): 7847.7571 seconds
/scratch/users/yanlan/Retrieval_0705/Output/AM_PM_ET_184_303_00
0.042499999999999975 1.0686407352124355e-37
0.17449999999999974 1.287799364612799e-35
0.23516666666666663 1.8702393875674232e-34
0.24587499999999965 2.2630022844595215e-35
0.24369999999999964 5.561251455973579e-38
0.2247499999999998 1.484587771134774e-45
0.22478571428571434 9.086747566533911e-46
0.22643750000000026 6.403913743183411e-46
0.23377777777777822 4.259033160438439e-45
0.24155000000000054 7.379105129380219e-44
0.2527727272727272 5.175545043116619e-42
0.25158333333333316 2.923483745494947e-44
0.2576153846153836 9.23378930052628e-42
0.25635714285714256 3.3070492550576624e-43
0.25899999999999784 5.894582294201315e-43
Sampling time (10 samples): 7963.6390 seconds
/scratch/users/yanlan/Retrieval_0705/Output/AM_PM_ET_190_234_00
0.02399999999999999 3.0644894559308614e-41
0.14699999999999966 3.1844019062795454e-40
0.19900000000000043 1.6861505493350137e-37
0.22300000000000067 2.6032204065250107e-35
0.24150000000000124 9.451128260709545e-36
0.25999999999999923 1.0998331636200871e-35
0.2722857142857142 2.827686472021117e-36
0.2787500000000001 2.859090706537865e-35
0.2875000000000002 7.985335953340423e-36
0.2944500000000011 1.8945558757961464e-36
0.2938636363636367 2.7665293095909083e-36
0.2972500000000003 3.314327442936989e-36
0.2998076923076925 2.6311292780247327e-36
0.29889285714285735 8.545840500006625e-36
0.29946666666666655 4.117804456101821e-35
Sampling time (10 samples): 7556.1579 seconds
/scratch/users/yanlan/Retrieval_0705/Output/AM_PM_ET_195_352_00
0.024000000000000007 3.8767884037162823e-39
0.09074999999999997 1.8812344011163438e-44
0.1279999999999997 9.674199899095102e-45
0.1527499999999995 3.632822520331935e-43
0.16779999999999975 9.622006014662765e-42
0.17824999999999952 3.7536623420135186e-40
0.1864999999999997 1.0053702442740303e-40
0.1873124999999998 4.198922249011527e-41
0.18994444444444464 1.190488887988454e-40
0.1927499999999997 3.678527352099932e-41
0.19636363636363607 5.337578556569574e-40
0.19758333333333314 1.4067290222269513e-39
0.1997692307692303 4.163923129621919e-39
0.20342857142857126 1.4101228830244715e-38
0.2028 5.831469980826364e-39
Sampling time (10 samples): 7563.2118 seconds
