/scratch/users/yanlan/Retrieval_0705/Output/AM_PM_ET_160_391_00
0.008500000000000002 1.3055919587049035e-45
restart...
0.022999999999999986 5.3514576135205095e-39
0.030749999999999996 1.4539875111994614e-61
restart...
0.022499999999999982 2.2611077406332072e-70
restart...
0.03349999999999995 4.420080942060366e-58
restart...
0.02149999999999999 2.4373157054030068e-70
restart...
0.031499999999999986 4.898115280801709e-61
restart...
0.027749999999999938 1.020773333456452e-68
restart...
0.027749999999999973 1.086711286918388e-65
restart...
0.027250000000000028 1.129242874902833e-64
restart...
0.03524999999999993 5.6196711876382166e-58
restart...
0.036750000000000005 1.682066231978292e-57
restart...
0.02075000000000001 9.752648705925432e-71
restart...
0.01774999999999999 2.8378258252884934e-74
restart...
0.02749999999999998 9.4831426866633e-65
restart...
Sampling time (10 samples): 7859.8889 seconds
/scratch/users/yanlan/Retrieval_0705/Output/AM_PM_ET_166_296_00
0.04900000000000004 3.1457472743377194e-34
0.17775000000000046 4.2987288851087806e-35
0.2105000000000001 4.111155530732079e-34
0.21862500000000024 3.852051240699891e-33
0.23240000000000022 2.663972083662349e-33
0.24475 1.9340116042305975e-33
0.2552142857142849 1.459881504449836e-33
0.26206249999999903 1.2247088404525306e-32
0.26594444444444343 1.009694189324524e-32
0.2707000000000011 1.170552371712534e-32
0.2711818181818194 4.716849117770492e-33
0.2742500000000023 3.0543545796704812e-33
0.27511538461538704 7.485804691359165e-33
0.2753214285714297 2.919509408760949e-33
0.2750000000000005 3.0051578019410765e-33
Sampling time (10 samples): 7968.9522 seconds
/scratch/users/yanlan/Retrieval_0705/Output/AM_PM_ET_172_227_00
0.03799999999999997 8.709495855145723e-38
0.1502499999999997 1.5246340534929304e-37
0.20466666666666647 2.6265752646924555e-35
0.22574999999999998 1.6031087130054464e-35
0.2452000000000006 7.46704305092142e-35
0.2578333333333338 1.0585250326616385e-35
0.26257142857142846 3.492512954756659e-36
0.26362499999999983 4.690389320226187e-37
0.26961111111110997 3.233185877236551e-36
0.25715000000000066 6.3263653813780095e-58
restart...
0.2720499999999983 1.6686233108401772e-36
0.26777272727272683 2.621237669261342e-37
0.2536249999999992 2.387959661718635e-56
restart...
0.24812499999999932 1.4207741699791359e-67
restart...
0.24958333333333402 2.5245149508073395e-61
restart...
Sampling time (10 samples): 8173.7766 seconds
/scratch/users/yanlan/Retrieval_0705/Output/AM_PM_ET_177_328_00
0.021999999999999995 6.276120388552524e-40
0.029249999999999988 1.513898635730206e-62
restart...
0.0235 1.4282361562413568e-69
restart...
0.01599999999999997 4.19926495750258e-78
restart...
0.019249999999999986 7.191097666232853e-73
restart...
0.024749999999999973 7.27943056692016e-64
restart...
0.032000000000000015 1.4865887976826081e-62
restart...
0.01925000000000003 4.527546842075184e-74
restart...
0.03174999999999998 2.4491516621316802e-62
restart...
0.01624999999999998 2.6335996279039583e-77
restart...
0.03100000000000002 3.518904535708707e-63
restart...
0.018250000000000016 5.8356668361344015e-75
restart...
0.025749999999999985 8.174610048107218e-65
restart...
0.01699999999999996 5.387709174824197e-75
restart...
0.01699999999999999 6.812361110758601e-78
restart...
Sampling time (10 samples): 8053.9978 seconds
/scratch/users/yanlan/Retrieval_0705/Output/AM_PM_ET_182_425_00
0.3969999999999995 9.702891246187301e-13
0.3489999999999995 6.43610569195345e-13
0.34599999999999953 5.046940206802746e-13
0.33625000000000005 9.54714330713718e-13
0.33449999999999774 8.349001033624693e-13
0.3310833333333306 5.445778122056922e-13
0.3290714285714269 1.251408291053844e-12
0.32699999999999785 2.2784643692089478e-12
0.3284999999999966 8.776400307937668e-13
0.32969999999999755 1.2108857570676314e-12
0.3288636363636329 7.628483678993252e-13
0.33095833333333063 7.136612112464225e-13
0.32949999999999763 2.654574960077792e-13
0.3287499999999969 6.397128652591255e-13
0.3281666666666633 1.248468781281247e-12
Sampling time (10 samples): 7986.1955 seconds
/scratch/users/yanlan/Retrieval_0705/Output/AM_PM_ET_188_334_00
0.09899999999999998 4.2000312527973445e-30
0.18950000000000017 9.013435666165757e-28
0.2436666666666669 1.7035506033234433e-27
0.27424999999999994 1.924386532548025e-27
0.2919999999999992 2.2810445081193223e-27
0.30141666666666483 1.253009808694825e-27
0.30921428571428444 5.128084879553261e-27
0.32024999999999954 4.9034772625055274e-27
0.32644444444444476 1.139095073029938e-27
0.3339500000000011 1.5187476932266359e-27
0.3401818181818178 4.220721386648908e-28
0.3444583333333328 2.426422538055618e-27
0.34838461538461546 6.985453776911006e-28
0.3465357142857155 8.410749444050517e-28
0.34826666666666706 9.85834732569708e-28
Sampling time (10 samples): 8523.1364 seconds
/scratch/users/yanlan/Retrieval_0705/Output/AM_PM_ET_194_255_00
0.06399999999999996 8.457755675515966e-37
0.2067499999999997 6.784064037090031e-36
0.23916666666666647 1.1295164123290854e-34
0.2563750000000001 2.9977785609760223e-36
0.2512000000000002 1.1305187361714479e-38
0.2594166666666673 1.629522693376124e-38
0.2743571428571444 8.246122739186612e-38
0.2753750000000018 2.9845512442021387e-37
0.2820000000000008 4.9066426393950326e-39
0.2918500000000005 1.603852662795497e-38
0.30468181818181717 6.063253223867306e-39
0.3140416666666654 2.4992027639650727e-38
0.32326923076922853 7.831004106130414e-39
0.3299285714285698 1.6868666192295556e-38
0.3350999999999969 8.061324224533752e-39
Sampling time (10 samples): 7900.0141 seconds
