/scratch/users/yanlan/Retrieval_0705/Output/AM_PM_ET_164_230_00
0.3845000000000002 1.4074550344019559e-12
0.3535000000000006 5.206034821938616e-13
0.34016666666666606 1.7195207005238393e-12
0.3318749999999995 3.6083807471718103e-13
0.3261999999999994 9.850998396169305e-13
0.32799999999999824 6.343799059325913e-13
0.32807142857142696 4.047569625655289e-13
0.33156249999999776 5.211527073369668e-13
0.32877777777777534 1.7217406327077956e-12
0.32614999999999816 6.637384656860266e-13
0.32786363636363436 1.4258391285785193e-12
0.32799999999999907 2.0111826689227116e-12
0.32799999999999846 1.1158413973096486e-12
0.327857142857142 1.1324777405238189e-12
0.32843333333333175 7.165133409036461e-13
Sampling time (10 samples): 7598.8603 seconds
/scratch/users/yanlan/Retrieval_0705/Output/AM_PM_ET_169_393_00
0.03650000000000002 3.342842815897545e-37
0.052250000000000005 8.678539889801533e-55
restart...
0.054499999999999896 1.9507244934154826e-52
restart...
0.05475000000000004 3.1534734565176616e-52
restart...
0.04674999999999996 9.889832430885158e-55
restart...
0.05649999999999996 2.4109693765468838e-51
restart...
0.047 1.6474202787149513e-55
restart...
0.04999999999999999 4.8591176982737836e-52
restart...
0.045750000000000055 1.1686273506839177e-55
restart...
0.060249999999999984 4.380568866998033e-50
restart...
0.05400000000000005 4.344807960960382e-52
restart...
0.06275000000000003 4.913220112202064e-47
0.06533333333333333 3.6673657668098747e-62
restart...
0.0497500000000001 5.609825760029047e-53
restart...
0.049 2.6836522293075307e-55
restart...
Sampling time (10 samples): 7437.7797 seconds
/scratch/users/yanlan/Retrieval_0705/Output/AM_PM_ET_175_303_00
0.03800000000000003 2.903936788580715e-38
0.12400000000000005 4.509910478937522e-40
0.14783333333333354 4.790540518873542e-40
0.15975000000000023 4.873764625026611e-40
0.16960000000000028 4.40364322666213e-40
0.173916666666667 2.339008934513021e-40
0.17135714285714312 2.7354318675323074e-51
restart...
0.12600000000000014 3.809955325077648e-40
0.1585000000000011 1.2972722139300654e-40
0.15200000000000086 9.258631000096428e-51
restart...
0.11699999999999991 1.0336180010313602e-38
0.1413333333333336 1.7350709597088966e-41
0.11975000000000072 2.9895132157219443e-61
restart...
0.07649999999999996 4.991678391009745e-55
restart...
0.12225000000000014 4.4015099932348466e-39
Sampling time (10 samples): 7479.2518 seconds
/scratch/users/yanlan/Retrieval_0705/Output/AM_PM_ET_180_411_00
0.012500000000000011 1.6868299332774605e-43
restart...
0.010999999999999992 1.917094178196703e-43
restart...
0.01899999999999999 4.969916694816566e-43
restart...
0.060500000000000026 5.73595840646616e-35
0.06900000000000021 6.272693843132682e-52
restart...
0.1369999999999997 2.0433308161495288e-35
0.15699999999999997 4.371011728149811e-40
0.18862500000000024 6.4641934501768864e-40
0.19670000000000032 8.837625447701882e-42
0.206666666666667 6.191559259952015e-42
0.21228571428571444 3.893062732446752e-40
0.2176249999999996 4.371213350298459e-40
0.22083333333333288 1.3928167423116094e-39
0.22349999999999945 5.4927222166488694e-39
0.22418181818181776 1.104359753897762e-39
Sampling time (10 samples): 7557.6574 seconds
/scratch/users/yanlan/Retrieval_0705/Output/AM_PM_ET_186_292_00
0.021999999999999992 5.3201252517360575e-40
0.07349999999999975 3.6551029068116734e-48
0.07949999999999996 3.2892791348745985e-60
restart...
0.07450000000000002 7.845698732879209e-49
restart...
0.0825 3.249786893462318e-44
0.12316666666666659 3.081546771105444e-42
0.13525000000000004 1.7291390839409623e-45
0.13090000000000054 7.65464273998231e-55
restart...
0.10200000000000009 1.8955684012663804e-43
0.11750000000000009 6.478626859550563e-52
restart...
0.0760000000000001 1.0906091886560552e-47
0.09499999999999992 3.2389755879782155e-53
restart...
0.07524999999999998 7.295092822091695e-49
restart...
0.048250000000000036 1.1513481365294848e-55
restart...
0.06575 1.2954851708646342e-49
restart...
Sampling time (10 samples): 7920.0004 seconds
/scratch/users/yanlan/Retrieval_0705/Output/AM_PM_ET_191_424_00
0.012500000000000004 2.852032778486954e-43
restart...
0.016499999999999994 1.4214041487586506e-41
restart...
0.010500000000000004 7.78110695157777e-43
restart...
0.018500000000000003 6.750052707874876e-41
restart...
0.010500000000000004 2.27804709438919e-44
restart...
0.030500000000000006 1.566452022568397e-39
0.10824999999999997 2.6648400061938086e-44
0.15349999999999991 4.8197239249379624e-42
0.1652500000000001 1.435600812223111e-43
0.18290000000000003 7.718774909378758e-44
0.2017499999999998 2.748941028495998e-44
0.21692857142857178 1.6400502981101338e-44
0.22831250000000142 1.7507271151775138e-44
0.23700000000000113 5.270880126897121e-45
0.24790000000000095 1.1898960745989543e-44
Sampling time (10 samples): 7775.4605 seconds
/scratch/users/yanlan/Retrieval_0705/Output/AM_PM_ET_197_329_00
0.02249999999999999 8.659565859263428e-43
0.07750000000000014 7.443419288161133e-53
restart...
0.07725000000000018 3.291295956041494e-49
restart...
0.08849999999999995 3.159800266663826e-48
0.14099999999999985 4.746680673751086e-46
0.16737499999999988 1.6745318192811246e-46
0.1861 1.3817779656599737e-44
0.20399999999999957 8.951820188181905e-44
0.21149999999999933 3.842178013902951e-42
0.2220624999999993 1.3358607771232285e-41
0.22961111111111113 2.761028240351833e-41
0.23340000000000014 1.445283959583534e-41
0.24068181818181822 7.610534293351284e-42
0.24383333333333326 9.186551225150701e-42
0.24584615384615371 1.5252539976875127e-41
Sampling time (10 samples): 7903.3114 seconds
