/scratch/users/yanlan/Retrieval_0705/Output/AM_PM_ET_162_306_00
0.00899999999999999 6.8341793933319e-45
restart...
0.03300000000000002 9.92415636696827e-40
0.14425000000000054 8.969074473507519e-36
0.19766666666666716 1.1524997339748587e-31
0.1640000000000003 2.862854680625001e-53
restart...
0.12124999999999998 1.5895014489836562e-40
0.11733333333333335 1.342423176552472e-51
restart...
0.15399999999999983 1.675174056472257e-35
0.1500000000000002 1.1519454057482435e-48
0.1521250000000003 2.50693764827582e-54
restart...
0.1635 2.8630401554933354e-34
0.19183333333333366 1.0116222637601313e-39
0.17000000000000015 9.753567247427429e-52
restart...
0.16099999999999984 8.288007362805192e-35
0.17316666666666647 2.903370189903722e-40
Sampling time (10 samples): 7582.1997 seconds
/scratch/users/yanlan/Retrieval_0705/Output/AM_PM_ET_167_426_00
0.014000000000000009 4.2290716316237235e-44
restart...
0.01549999999999998 7.121836408001307e-42
restart...
0.01249999999999999 2.890691869593299e-42
restart...
0.01500000000000004 2.7779242632948843e-43
restart...
0.023499999999999986 2.932037628867995e-41
0.13474999999999981 2.7611940786145442e-39
0.17899999999999996 7.919857376937023e-37
0.2067500000000001 7.283343320885871e-36
0.22469999999999976 2.8561248329833213e-35
0.2274166666666662 1.7660350450217577e-39
0.2159999999999996 2.996037806388353e-46
0.2218124999999995 1.3331022575001976e-41
0.226722222222222 9.452591348054676e-40
0.23204999999999973 8.886825854869761e-38
0.23531818181818154 1.488733095674883e-36
Sampling time (10 samples): 8014.6370 seconds
/scratch/users/yanlan/Retrieval_0705/Output/AM_PM_ET_173_388_00
0.02700000000000001 4.825848903333927e-40
0.15150000000000008 3.953785775647486e-40
0.20133333333333384 6.233091259791055e-37
0.22687500000000063 1.4070813397776843e-35
0.25030000000000063 1.002455155834058e-34
0.2687500000000007 7.404630694189489e-35
0.2832857142857157 5.941232976088457e-35
0.291062500000001 3.1050532814989817e-35
0.29616666666666774 2.582598419188115e-35
0.2979500000000018 8.200832371232737e-35
0.30354545454545734 1.5134009011027336e-34
0.31045833333333667 8.066129421915087e-35
0.31319230769231055 3.06072798951149e-35
0.3159642857142889 5.858805107398142e-35
0.31773333333333537 1.5195251068788092e-35
Sampling time (10 samples): 7848.8489 seconds
/scratch/users/yanlan/Retrieval_0705/Output/AM_PM_ET_179_235_00
0.010999999999999992 7.063912505620719e-44
restart...
0.01400000000000001 2.7394163381972566e-42
restart...
0.011499999999999996 2.8860509904257103e-44
restart...
0.01949999999999999 2.4141141339300136e-39
restart...
0.00800000000000002 1.8738385738997104e-44
restart...
0.0074999999999999945 7.816296021416537e-46
restart...
0.020999999999999987 4.2437761369552607e-41
0.13775000000000015 3.799779544642253e-42
0.17900000000000038 1.2339746999484677e-40
0.196375 1.1281093604773544e-38
0.21229999999999985 2.1355394422730008e-37
0.22725000000000012 5.0615136673243805e-36
0.2111428571428571 1.2050120150226605e-57
restart...
0.2400714285714286 7.722762186176638e-36
0.24875000000000022 1.7194425558600624e-37
Sampling time (10 samples): 8057.9151 seconds
/scratch/users/yanlan/Retrieval_0705/Output/AM_PM_ET_184_327_00
0.05099999999999999 1.2620364776104645e-33
0.17874999999999983 2.0978155253299017e-32
0.24383333333333335 1.1967672944108148e-31
0.27687499999999926 1.4950386684205745e-31
0.294199999999999 1.5841452888794684e-31
0.308833333333333 1.018593895274126e-31
0.3250000000000003 2.415935069029588e-31
0.332125000000002 5.499133585068864e-31
0.3410000000000013 8.773915472142065e-31
0.34615 2.8217063483002573e-31
0.3514999999999988 7.081400392845894e-31
0.35458333333333114 1.6195253066148587e-31
0.3558846153846121 4.278317010090646e-31
0.35692857142856876 3.867067916335386e-31
0.35789999999999794 1.945276393839996e-31
Sampling time (10 samples): 7727.1457 seconds
/scratch/users/yanlan/Retrieval_0705/Output/AM_PM_ET_190_258_00
0.041999999999999996 7.150896968295345e-36
0.17899999999999994 3.253619728069777e-33
0.20633333333333304 7.726667696613218e-38
0.1663749999999999 8.389829750702182e-63
restart...
0.1649999999999997 4.8454817332416015e-65
restart...
0.16449999999999962 3.5690095590193582e-65
restart...
0.16324999999999987 1.8321322296580702e-64
restart...
0.16624999999999968 4.962280940939354e-63
restart...
0.1628749999999999 2.0497406840871875e-67
restart...
0.16699999999999962 1.9093220579398212e-62
restart...
0.1641249999999997 2.6125761811694066e-64
restart...
0.1646249999999998 1.4934833730624825e-63
restart...
0.1604999999999999 1.8717665353360334e-69
restart...
0.16299999999999962 4.111927232670919e-67
restart...
0.16762499999999958 4.3269488568758344e-65
restart...
Sampling time (10 samples): 7887.8329 seconds
/scratch/users/yanlan/Retrieval_0705/Output/AM_PM_ET_195_376_00
0.019499999999999997 1.2106410367037068e-40
restart...
0.017500000000000047 3.426170690295036e-42
restart...
0.015499999999999996 1.9957451807569906e-41
restart...
0.026500000000000003 5.589342261053319e-38
0.03224999999999998 3.663320926416063e-64
restart...
0.023499999999999986 2.4224076612024213e-69
restart...
0.027749999999999983 8.636288152940608e-68
restart...
0.02649999999999999 1.7485727730675326e-65
restart...
0.021750000000000002 3.3547749802523263e-72
restart...
0.016750000000000015 1.3936299256774007e-76
restart...
0.03249999999999997 2.1660220744498665e-61
restart...
0.030999999999999986 6.745672639829258e-63
restart...
0.02375000000000001 2.2798627907826973e-68
restart...
0.024000000000000004 5.261253768572027e-72
restart...
0.024 9.443880922286533e-69
restart...
Sampling time (10 samples): 6717.8736 seconds
