/scratch/users/yanlan/Retrieval_0705/Output/AM_PM_ET_164_409_00
0.00899999999999999 6.483807760811747e-44
restart...
0.010499999999999983 3.339112829312741e-44
restart...
0.0295 4.396636609325964e-40
0.07525000000000001 1.6692422327625701e-46
0.09183333333333364 1.7138595822916334e-52
restart...
0.0787499999999999 7.659680595693671e-45
0.09749999999999996 7.863191418486288e-48
0.10437499999999993 3.7042823059312114e-53
restart...
0.07075000000000013 1.7507964090754948e-46
0.0836666666666666 2.065606791091879e-52
restart...
0.06 5.092114694609639e-47
0.07750000000000004 1.4564861922800193e-54
restart...
0.06550000000000003 1.9852357151189116e-49
restart...
0.07274999999999981 1.282014904191269e-46
0.09333333333333299 2.1693593283287584e-52
restart...
Sampling time (10 samples): 7848.6652 seconds
/scratch/users/yanlan/Retrieval_0705/Output/AM_PM_ET_170_315_00
0.05500000000000004 9.990908005733485e-37
0.1747499999999997 6.897363615883999e-34
0.21083333333333346 8.930272512558005e-34
0.19599999999999992 2.2732926543763934e-44
0.2098000000000001 3.8450874346386554e-42
0.18699999999999992 4.354473883212939e-61
restart...
0.18225000000000005 1.7500646267571122e-64
restart...
0.1882500000000001 2.3699668630830753e-60
restart...
0.18749999999999997 1.5920095143697145e-60
restart...
0.18108333333333335 1.7186253102275613e-66
restart...
0.1819166666666669 1.0824209043451484e-64
restart...
0.18466666666666667 4.463647763869862e-62
restart...
0.1823333333333333 6.742182704038333e-64
restart...
0.18591666666666679 2.242256469660565e-60
restart...
0.18275000000000022 1.1230970733875375e-62
restart...
Sampling time (10 samples): 10850.7857 seconds
/scratch/users/yanlan/Retrieval_0705/Output/AM_PM_ET_175_453_00
0.018499999999999996 4.757815693045167e-41
restart...
0.009999999999999985 3.1512660068396877e-44
restart...
0.071 8.469034201404656e-34
0.18549999999999944 3.0441240536461285e-30
0.19133333333333277 2.541412091246551e-35
0.214 8.566303698290242e-34
0.23130000000000028 1.1543029041347135e-32
0.24225000000000035 5.520124858426929e-32
0.24228571428571472 5.545158276423209e-33
0.23975000000000046 2.1631346194022643e-35
0.23394444444444484 1.6025151978122917e-38
0.22985000000000028 5.261009514335212e-42
0.23322727272727314 6.24501604221915e-42
0.23387500000000072 6.203672610601532e-41
0.2369230769230777 6.863794168470485e-41
Sampling time (10 samples): 7987.2219 seconds
/scratch/users/yanlan/Retrieval_0705/Output/AM_PM_ET_181_321_00
0.03500000000000001 3.0567994425002576e-37
0.14474999999999996 5.590161406722657e-37
0.17783333333333304 3.40872623120227e-37
0.2016249999999996 5.364648841457955e-36
0.23200000000000026 2.8081365158787642e-33
0.25466666666666604 5.1690463089177754e-33
0.2610000000000008 6.58145830881617e-40
0.2437499999999996 6.459730571757305e-53
restart...
0.2413125000000003 4.3811224381875896e-54
restart...
0.239375 1.639202741160938e-57
restart...
0.2411875000000006 2.4968706087160856e-55
restart...
0.24218750000000017 2.1446282932811786e-54
restart...
0.24393749999999986 4.522061539697113e-53
restart...
0.24481249999999935 1.6400909948792384e-52
restart...
0.24518749999999997 1.0690132945219188e-50
restart...
Sampling time (10 samples): 8805.9060 seconds
/scratch/users/yanlan/Retrieval_0705/Output/AM_PM_ET_187_245_00
0.029000000000000005 4.4198134958371e-38
0.1010000000000001 5.1905953673476756e-42
0.08916666666666662 1.1268600555493391e-61
restart...
0.09250000000000008 1.279638488249998e-41
0.08983333333333354 1.1102052847812398e-61
restart...
0.11399999999999984 2.889684016649089e-40
0.10566666666666649 2.1152444150102993e-57
restart...
0.05375000000000009 1.8415426763192867e-55
restart...
0.12399999999999993 3.571930360222846e-39
0.13533333333333364 2.4519260673729092e-54
restart...
0.07149999999999976 2.6431595788287496e-54
restart...
0.11149999999999993 1.0390591118814846e-40
0.17300000000000013 6.321316602938672e-38
0.1870000000000003 1.23250607675837e-44
0.15570000000000056 6.387437673159448e-72
restart...
Sampling time (10 samples): 8954.3556 seconds
/scratch/users/yanlan/Retrieval_0705/Output/AM_PM_ET_192_343_00
0.006500000000000009 4.1996793258814115e-48
restart...
0.025999999999999995 8.468545844968223e-39
0.07125 9.142311723627329e-48
0.13550000000000045 1.397531203673489e-45
0.17200000000000065 1.3373254857877037e-42
0.2023000000000009 1.809592352599053e-39
0.22191666666666757 5.725214957338487e-38
0.238428571428572 2.2616440264847315e-37
0.2522500000000001 3.85711636375283e-37
0.2607777777777772 4.526654833648934e-37
0.270049999999999 3.936984070986334e-37
0.27136363636363603 1.0601254208708958e-36
0.2768333333333324 7.338589384992478e-37
0.2821153846153853 2.0043065672561644e-37
0.2875000000000023 3.5559795999900473e-37
Sampling time (10 samples): 7183.4575 seconds
/scratch/users/yanlan/Retrieval_0705/Output/AM_PM_ET_198_268_00
0.011000000000000001 6.3565505362677875e-43
restart...
0.012999999999999986 1.8589874459781805e-43
restart...
0.033999999999999996 1.1863896104224508e-37
0.09650000000000004 2.222170094897957e-45
0.17516666666666725 3.883788252270453e-41
0.2012500000000006 1.1388995993742256e-39
0.18420000000000072 3.0264908680355404e-50
restart...
0.18040000000000028 1.0194108187500061e-54
restart...
0.19820000000000035 2.258576454830237e-46
0.19383333333333372 6.6517100051044704e-49
restart...
0.18220000000000025 2.973131657996201e-51
restart...
0.18410000000000018 8.003532772699276e-52
restart...
0.1800000000000006 4.962306749158317e-55
restart...
0.20030000000000042 2.1086949174695932e-47
0.18991666666666712 3.294732012232388e-53
restart...
Sampling time (10 samples): 6539.4262 seconds
