/scratch/users/yanlan/Retrieval_0705/Output/AM_PM_ET_164_342_00
0.4094999999999994 8.179239246737596e-13
0.3645000000000005 9.647299026842663e-13
0.3443333333333342 6.519920509752734e-13
0.3378750000000009 3.8870735089443513e-13
0.33440000000000125 5.253054311634941e-13
0.33116666666666716 1.031365590507394e-12
0.33050000000000074 2.8591171281168585e-13
0.3286250000000009 5.33356449540964e-13
0.3276111111111112 6.666893920283147e-13
0.32695000000000024 5.559370499366178e-13
0.3273181818181819 1.415214078377215e-12
0.32658333333333495 1.2460532516204282e-12
0.32692307692307926 3.6561657096945685e-13
0.3263571428571457 7.086178318237946e-13
0.3272333333333356 5.563023632875144e-13
Sampling time (10 samples): 7937.7697 seconds
/scratch/users/yanlan/Retrieval_0705/Output/AM_PM_ET_170_264_00
0.027999999999999994 5.685938645430621e-37
0.0812500000000001 1.2298404370616955e-44
0.14950000000000005 1.7313724489977464e-39
0.16650000000000045 1.6435772088739852e-47
0.1606000000000005 2.9219810699859055e-57
restart...
0.03975000000000001 7.063540857058195e-58
restart...
0.042250000000000065 2.6222521972528788e-55
restart...
0.04349999999999998 4.229190515319579e-56
restart...
0.05674999999999986 1.849978513335274e-48
0.09016666666666638 4.7635677035467046e-54
restart...
0.059249999999999935 1.5931970523819892e-51
restart...
0.08924999999999995 5.851748417051877e-44
0.12533333333333313 3.2098063144240024e-48
0.14462499999999986 2.6304620343655496e-52
restart...
0.045250000000000026 7.291850534330303e-55
restart...
Sampling time (10 samples): 7477.6097 seconds
/scratch/users/yanlan/Retrieval_0705/Output/AM_PM_ET_175_402_00
0.4204999999999994 1.213375155007203e-12
0.36224999999999996 2.3435424649850553e-13
0.3494999999999987 6.875832728470516e-13
0.34424999999999917 3.8651987945219956e-13
0.3410999999999995 7.190211211556553e-13
0.3333333333333333 4.2489979962339465e-13
0.3341428571428574 3.146231032270233e-13
0.3281874999999998 2.811755318146508e-13
0.3302777777777777 6.328889612341199e-13
0.3288000000000007 1.3847725421916614e-12
0.33027272727272905 3.6659800644374826e-13
0.3287916666666677 1.149435722347029e-12
0.32753846153846167 6.564497289985701e-13
0.3259285714285721 6.971521792772592e-13
0.3248000000000007 3.9898617863314347e-13
Sampling time (10 samples): 7566.0209 seconds
/scratch/users/yanlan/Retrieval_0705/Output/AM_PM_ET_181_272_00
0.040999999999999974 3.94864711857984e-37
0.14175000000000001 3.4474201812560653e-38
0.1936666666666665 2.138612869243046e-37
0.220125 4.172438628992723e-36
0.23170000000000004 4.7145845933495644e-35
0.23241666666666677 3.722620971495974e-35
0.23835714285714293 5.889500682017177e-36
0.2431874999999999 1.8193036796488715e-35
0.24377777777777762 1.050887945882369e-35
0.24599999999999972 9.937027627790027e-36
0.2490909090909088 2.668081121737542e-36
0.25283333333333313 1.8039186692116496e-36
0.25223076923076987 3.228256761773715e-36
0.2535714285714298 4.0104481976538505e-36
0.25573333333333287 2.98193288089573e-36
Sampling time (10 samples): 7557.0214 seconds
/scratch/users/yanlan/Retrieval_0705/Output/AM_PM_ET_186_379_00
0.04100000000000002 2.045400386339803e-37
0.18099999999999977 2.1097652944593872e-35
0.22233333333333338 1.552891684631521e-33
0.24899999999999975 1.3414871902311901e-31
0.26920000000000105 1.1089254431259293e-30
0.2812500000000003 7.272134854462178e-31
0.26000000000000045 4.2642532444001524e-51
restart...
0.2865714285714293 1.673853441070737e-30
0.2938750000000006 2.3699456407657508e-30
0.30183333333333334 2.4857678534163943e-30
0.3058000000000012 1.8339498257702353e-30
0.3090454545454557 4.4423641570970886e-30
0.31104166666666744 1.3468224976414419e-30
0.29107692307692257 1.2515747474056905e-54
restart...
0.3134615384615392 1.1369453527995277e-30
Sampling time (10 samples): 7702.6394 seconds
/scratch/users/yanlan/Retrieval_0705/Output/AM_PM_ET_192_296_00
0.034500000000000024 4.6954122811030095e-35
0.03324999999999988 4.019122672097647e-64
restart...
0.02475000000000001 1.2176753939395173e-68
restart...
0.040500000000000036 3.526387256146109e-61
restart...
0.038750000000000014 1.5920597071895885e-60
restart...
0.03550000000000004 1.6668326989637436e-60
restart...
0.03550000000000004 9.585873428101488e-61
restart...
0.02399999999999999 1.610074120079751e-69
restart...
0.03425000000000002 1.1106397443170824e-64
restart...
0.03250000000000009 2.9924730677817424e-65
restart...
0.0305 1.0522776823985443e-65
restart...
0.03324999999999988 7.153530824576446e-64
restart...
0.039250000000000035 9.886322228000554e-62
restart...
0.08625 4.440639050498791e-42
0.11999999999999983 1.5798928766551613e-42
Sampling time (10 samples): 7714.6039 seconds
/scratch/users/yanlan/Retrieval_0705/Output/AM_PM_ET_197_412_00
0.04400000000000005 2.1305565967390413e-36
0.12900000000000011 7.23562534012361e-38
0.15200000000000063 3.217872715965934e-40
0.18000000000000083 1.3394432353965067e-38
0.19950000000000076 4.2419589648927e-38
0.20216666666666708 2.235847620727914e-42
0.2204285714285722 2.0078415400568718e-39
0.23287500000000133 7.570132243967571e-39
0.242333333333335 8.437095441735275e-38
0.24730000000000146 3.356666897665289e-38
0.2517727272727272 4.591408932799392e-37
0.25404166666666705 2.2279059038955292e-37
0.25411538461538424 8.580398283837416e-37
0.25425000000000114 1.0462815642288201e-36
0.25566666666666876 1.0662793216392011e-36
Sampling time (10 samples): 7755.9591 seconds
