/scratch/users/yanlan/Retrieval_0705/Output/AM_PM_ET_165_267_00
0.016500000000000004 7.760919789821781e-41
restart...
0.0059999999999999915 5.818408704877051e-46
restart...
0.013499999999999995 1.3184534725408092e-43
restart...
0.005999999999999995 6.976058129109114e-48
restart...
0.013999999999999986 1.0070114049596609e-42
restart...
0.04200000000000001 1.1355468961770599e-34
0.11225000000000006 1.7215085862281253e-40
0.1403333333333339 8.879994988786553e-41
0.1630000000000004 5.172610358121125e-39
0.17210000000000017 5.318326642475029e-39
0.17741666666666628 7.400938005020255e-40
0.17971428571428508 5.0007788282257316e-42
0.17506249999999926 3.563363150231454e-46
/scratch/users/yanlan/Retrieval_0705/Output/AM_PM_ET_170_406_00
0.013500000000000017 7.18983812493175e-42
restart...
0.013499999999999993 2.4821803613805017e-40
restart...
0.008499999999999985 3.5709145599731265e-44
restart...
0.01799999999999999 1.1294291987778076e-40
restart...
0.016499999999999997 2.2032342402883967e-42
restart...
0.013999999999999993 3.851506185210173e-42
restart...
0.015499999999999986 6.638939945490932e-42
restart...
0.011 1.0241312165911636e-44
restart...
0.035499999999999976 8.585531180173841e-36
0.10174999999999985 1.729268295808321e-39
0.12583333333333346 2.017878998755099e-40
0.1473749999999993 7.229247074964562e-42
0.15999999999999903 2.384301861348085e-41
0.17299999999999902 4.223627619773081e-40
0.18128571428571388 7.323200198348019e-40
Sampling time (10 samples): 7597.7086 seconds
/scratch/users/yanlan/Retrieval_0705/Output/AM_PM_ET_176_299_00
0.01950000000000001 2.4040331398036512e-40
restart...
0.06649999999999998 4.389256155607524e-33
0.07849999999999999 4.0016445243891653e-47
0.11950000000000015 2.487794584942973e-49
restart...
0.11450000000000003 5.416437964922946e-48
0.14812499999999992 1.9194678297607283e-44
0.1734000000000002 6.030085165618567e-43
0.19441666666666693 3.912830123878958e-40
0.20950000000000046 1.380328402698778e-38
0.2198125000000005 2.154309568476454e-37
0.2279444444444452 3.841054666389219e-37
0.2378000000000009 3.2304674098146583e-37
0.24540909090909216 2.3175495728246883e-37
0.25333333333333535 1.4906802962210956e-37
0.2585384615384639 1.8689002801590458e-37
Sampling time (10 samples): 7636.3874 seconds
/scratch/users/yanlan/Retrieval_0705/Output/AM_PM_ET_181_404_00
0.011 1.0307145666034736e-44
restart...
0.010000000000000009 2.313422128201932e-46
restart...
0.014000000000000005 1.7395987270077146e-43
restart...
0.019499999999999993 4.299271764050939e-42
restart...
0.011499999999999991 8.988916520433926e-43
restart...
0.016499999999999987 2.609686883887882e-40
restart...
0.015 2.288825885292927e-40
restart...
0.01299999999999998 1.1985475744561539e-44
restart...
0.008999999999999998 1.8394421761107143e-47
restart...
0.013500000000000007 1.0422680807510769e-42
restart...
0.011499999999999986 4.288032010682252e-44
restart...
0.011499999999999995 3.2657297904497224e-45
restart...
0.013999999999999992 3.115225519042422e-41
restart...
0.01800000000000001 7.508032976122663e-41
restart...
0.016999999999999994 3.3381692320825707e-44
restart...
Sampling time (10 samples): 7858.9791 seconds
/scratch/users/yanlan/Retrieval_0705/Output/AM_PM_ET_187_307_00
0.038000000000000006 2.5467327951760316e-36
0.15199999999999977 3.4801413908188537e-37
0.19216666666666662 4.5045585608155195e-36
0.20987500000000006 9.173545548959627e-37
0.22380000000000033 2.300921185399785e-37
0.23016666666666688 2.390885147264844e-37
0.2387142857142855 2.5794547376569202e-37
0.24500000000000002 2.2802188357061054e-37
0.24955555555555536 6.972488959733635e-38
0.25779999999999836 3.87095091631175e-37
0.26536363636363663 1.0940258155464935e-37
0.26937499999999853 3.4315336128875782e-37
0.2746153846153842 1.1397960319726482e-36
0.27574999999999944 2.899228765242085e-37
0.277099999999998 1.2153262866949834e-36
Sampling time (10 samples): 7570.2833 seconds
/scratch/users/yanlan/Retrieval_0705/Output/AM_PM_ET_192_433_00
0.044499999999999956 3.085470355716629e-37
0.13274999999999987 3.399645487330099e-39
0.17016666666666672 3.420748900870613e-39
0.17250000000000015 4.0647548346676624e-44
0.19720000000000013 1.294121742779902e-40
0.22016666666666693 1.244150515642377e-38
0.2335714285714289 7.284469752169196e-38
0.24018749999999997 4.97818921706586e-37
0.2505555555555558 3.913731985004461e-37
0.2564500000000001 7.086408399329435e-37
0.2610909090909091 8.547730639485607e-37
0.26399999999999885 2.219813488320359e-37
0.2658461538461529 1.114196458968493e-36
0.26639285714285654 8.510823583045887e-37
0.2704000000000008 1.4345012505152742e-36
Sampling time (10 samples): 7847.0466 seconds
/scratch/users/yanlan/Retrieval_0705/Output/AM_PM_ET_198_328_00
0.03 6.233045838191219e-38
0.14699999999999994 7.62082280876974e-36
0.2088333333333339 1.805935807243734e-32
0.24375000000000044 1.0643497410253869e-29
0.2672000000000005 1.7173617889628313e-30
0.28599999999999964 9.475991089215646e-30
0.29457142857142793 8.759303359067076e-30
0.3032499999999996 4.766823931477312e-30
0.31200000000000067 9.107590912784076e-30
0.31474999999999986 8.75736014913176e-30
0.3183181818181825 1.357293679892404e-30
0.32070833333333437 9.357014186512486e-30
0.3240769230769234 3.770590690782143e-30
0.32482142857142876 5.99004179554611e-30
0.3283999999999998 4.1953424570880774e-30
Sampling time (10 samples): 7548.3860 seconds
