/scratch/users/yanlan/Retrieval_0705/Output/AM_PM_ET_165_306_00
0.0505 2.5690496586990944e-34
0.15824999999999984 8.351815460074474e-33
0.1686666666666668 8.314175679578077e-37
0.18237500000000015 2.4305019626655878e-40
0.20390000000000041 1.2016538033429305e-39
0.20533333333333365 1.106900739981974e-50
restart...
0.19875000000000034 1.9569544253691714e-53
restart...
0.20750000000000016 1.3277409618805675e-45
0.19278571428571448 1.9888956792026837e-53
restart...
0.2024285714285715 1.5635816242858867e-49
restart...
0.203642857142857 3.817604025107435e-52
restart...
0.1943571428571433 8.339744470484395e-54
restart...
0.19300000000000012 4.781335795102923e-56
restart...
0.1971428571428572 6.342246036704232e-53
restart...
0.19657142857142876 3.3739273457903477e-53
restart...
Sampling time (10 samples): 9868.5013 seconds
/scratch/users/yanlan/Retrieval_0705/Output/AM_PM_ET_170_459_00
0.387000000000001 7.89157801272015e-13
0.3627500000000014 7.04305701592116e-13
0.3546666666666674 5.249734447237606e-13
0.34187500000000076 4.339894633624559e-13
0.33390000000000053 6.362225975706032e-13
0.3294166666666667 5.003605692903573e-13
0.324142857142858 7.295345853409954e-13
0.3193125000000013 8.559845081443537e-13
0.3185000000000011 1.997870513948722e-13
0.31880000000000097 2.0525808057621661e-13
0.3177727272727294 6.12208706098893e-13
0.31908333333333544 9.452192913842423e-13
0.3203461538461556 6.626303782173801e-13
0.3211428571428596 5.500220511979841e-13
0.321700000000001 7.869602561195389e-13
Sampling time (10 samples): 8650.6664 seconds
/scratch/users/yanlan/Retrieval_0705/Output/AM_PM_ET_176_339_00
0.02549999999999999 8.518185021514246e-38
0.14424999999999955 2.7293371292731483e-37
0.1969999999999994 1.1431697723931705e-33
0.21862499999999938 2.3272585921019682e-33
0.2246999999999996 6.5850407723602165e-34
0.2306666666666663 1.0887903634591068e-34
0.23892857142857182 6.767265953001648e-37
0.24156250000000049 3.1142035230899625e-37
0.2455000000000003 6.505268036544858e-38
0.2471000000000004 9.913964349607093e-39
0.24881818181818235 7.192209827412257e-39
0.24850000000000058 1.0020019667727904e-38
0.2532307692307692 2.3433888372931968e-38
0.25600000000000017 3.496672887008677e-38
0.2594666666666663 1.92804000924637e-37
Sampling time (10 samples): 8371.4869 seconds
/scratch/users/yanlan/Retrieval_0705/Output/AM_PM_ET_181_458_00
0.4035000000000001 2.053686544783115e-12
0.3757500000000008 5.285736957169688e-13
0.35016666666666835 6.127526520971292e-13
0.34500000000000114 1.706563533127613e-12
0.3412000000000019 1.0938312755018912e-12
0.3421666666666709 2.5786827640821795e-13
0.3372142857142901 9.22200663460666e-13
0.33381250000000395 8.498329574767309e-13
0.3348888888888918 4.2249394436579917e-13
0.33410000000000356 4.075354819548537e-13
0.3326363636363668 3.825177535205405e-13
0.33070833333333566 3.2747118969541373e-13
0.33053846153846334 3.7896335256297056e-13
0.3293214285714314 1.0442249772173932e-12
0.3312333333333353 2.936339293762202e-13
Sampling time (10 samples): 8015.6452 seconds
/scratch/users/yanlan/Retrieval_0705/Output/AM_PM_ET_187_346_00
0.014499999999999996 3.643793463515649e-44
restart...
0.0195 4.7444674718089044e-42
restart...
0.023499999999999997 1.2680881313292696e-39
0.059750000000000025 2.6286285442719746e-52
restart...
0.05425000000000003 4.668533480224762e-55
restart...
0.05700000000000001 3.947745703469618e-54
restart...
0.05399999999999996 2.1168302157311554e-57
restart...
0.05575000000000006 3.2081527092142103e-50
restart...
0.07550000000000022 5.547712241485461e-51
restart...
0.05849999999999992 7.118582106741381e-54
restart...
0.06374999999999995 7.952394559882032e-51
restart...
0.05200000000000006 6.029613420173558e-56
restart...
0.04774999999999999 2.712384763365608e-56
restart...
0.05324999999999999 4.106685322761323e-56
restart...
0.04924999999999986 3.833024577972027e-56
restart...
Sampling time (10 samples): 8379.5767 seconds
/scratch/users/yanlan/Retrieval_0705/Output/AM_PM_ET_193_263_00
0.0425 7.415077022008889e-37
0.1194999999999999 1.748821804287705e-41
0.11599999999999971 1.8521942644553835e-62
restart...
0.11400000000000006 1.730212018283229e-41
0.09500000000000011 2.3916784232178486e-63
restart...
0.13199999999999987 1.08427354985248e-41
0.1288333333333335 3.22292432820727e-56
restart...
0.09225000000000004 4.165873014407537e-49
restart...
0.07750000000000005 5.2142650613951064e-51
restart...
0.07200000000000005 5.179920117528022e-51
restart...
0.055249999999999994 3.2074834216633835e-57
restart...
0.07750000000000024 2.56162632135696e-51
restart...
0.051249999999999976 7.759996739958154e-64
restart...
0.11749999999999995 2.5127593102146983e-41
0.11199999999999989 4.3554541166538604e-57
restart...
Sampling time (10 samples): 9802.4182 seconds
