/scratch/users/yanlan/Retrieval_0705/Output/AM_PM_ET_164_380_00
0.019499999999999993 2.330038456700924e-41
restart...
0.02199999999999999 1.8647376482516197e-39
0.037999999999999964 1.0136923014842373e-61
restart...
0.03474999999999997 1.045831761174697e-60
restart...
0.04850000000000004 2.2005732343437518e-54
restart...
0.028750000000000022 2.900014929006916e-65
restart...
0.04249999999999994 5.952185914748403e-56
restart...
0.026250000000000016 5.331218670765527e-69
restart...
0.03849999999999998 3.1986768094094903e-62
restart...
0.01974999999999999 6.142030372339222e-76
restart...
0.041000000000000036 6.2053294599310544e-61
restart...
0.05325000000000002 5.54797854593614e-52
restart...
0.049500000000000044 1.6332348780607458e-54
restart...
0.030499999999999985 6.190045279212712e-63
restart...
0.05124999999999999 1.1760686330818622e-52
restart...
Sampling time (10 samples): 11925.2436 seconds
/scratch/users/yanlan/Retrieval_0705/Output/AM_PM_ET_170_294_00
0.007499999999999994 9.643582275998732e-45
restart...
0.024000000000000028 2.556613108178431e-39
0.1495 2.1812032998967024e-39
0.21249999999999997 3.8478536912662245e-36
0.226 5.627159818925886e-48
0.1820999999999997 9.520323991922857e-88
restart...
0.18220000000000028 6.617866965814218e-87
restart...
0.18190000000000064 7.337058894457449e-88
restart...
0.18170000000000003 1.574166911254135e-87
restart...
0.18139999999999967 8.911814337828718e-90
restart...
0.1829000000000001 6.99067588931268e-84
restart...
0.18240000000000006 7.664760494038727e-86
restart...
0.18340000000000026 2.0295029954335618e-82
restart...
0.18240000000000026 1.5006115893942453e-84
restart...
0.18200000000000027 1.5840182694118645e-87
restart...
Sampling time (10 samples): 14367.7961 seconds
/scratch/users/yanlan/Retrieval_0705/Output/AM_PM_ET_175_428_00
0.41700000000000054 1.2235059004172146e-12
0.3737500000000005 1.7529434120105798e-12
0.3680000000000004 1.039817605523023e-12
0.35324999999999995 2.2081938768233616e-13
0.3456999999999995 6.692725737037896e-13
0.3419166666666668 1.046507812442603e-12
0.33807142857142936 2.222619410783361e-12
0.337937499999999 1.7101691182825659e-12
0.3371666666666659 8.888938381542247e-13
0.33589999999999887 4.2920447472841217e-13
0.3325909090909093 1.9633827915213887e-13
0.3310833333333348 1.235403240448008e-12
0.3298076923076938 5.09360630126098e-13
0.3293571428571451 4.0322995748958873e-13
0.32720000000000177 7.777293235811063e-13
Sampling time (10 samples): 12317.5854 seconds
/scratch/users/yanlan/Retrieval_0705/Output/AM_PM_ET_181_298_00
0.08099999999999996 1.8390860773849563e-32
0.20099999999999982 9.052481156030034e-33
0.22733333333333336 8.896666905359145e-36
0.21074999999999994 4.761702883450437e-43
0.22080000000000033 8.568849206334797e-42
0.2155000000000001 8.62710648591355e-46
0.2124285714285715 3.4296631416881324e-48
0.22431249999999914 1.1178211687691037e-47
0.2363333333333331 5.4826092726513e-47
0.24234999999999945 3.8356405537522844e-47
0.24931818181818144 1.613123093187238e-47
0.2541666666666667 6.767241442504293e-48
0.25742307692307803 5.4131981277592074e-48
0.2592142857142855 4.514563700887308e-47
0.262466666666666 3.8096382959815035e-47
Sampling time (10 samples): 13962.0886 seconds
/scratch/users/yanlan/Retrieval_0705/Output/AM_PM_ET_186_425_00
0.024000000000000004 1.8735272890395248e-39
0.1120000000000004 1.6970734989854603e-41
0.1595000000000003 5.69041215050519e-40
0.19474999999999984 8.116794972259312e-38
0.21909999999999974 3.1432579728508504e-36
0.23266666666666636 3.52244438609412e-35
0.24542857142857144 1.6892590648182979e-34
0.25681250000000133 2.967646342440851e-35
0.2641666666666681 1.9840130520434237e-34
0.26520000000000243 5.029335892688417e-35
0.24645454545454637 1.8810661722612883e-54
restart...
0.2462272727272754 1.1472683975400737e-54
restart...
0.24490909090909174 2.59797666641339e-58
restart...
0.24568181818182133 1.426712620123411e-54
restart...
0.24422727272727623 5.19552162725795e-59
restart...
Sampling time (10 samples): 12215.1304 seconds
/scratch/users/yanlan/Retrieval_0705/Output/AM_PM_ET_192_322_00
0.021000000000000046 4.232715905789311e-39
0.07975000000000008 1.2591917785747546e-47
0.13949999999999993 9.645209820915298e-47
0.17037500000000014 1.2190652318758935e-45
0.1823000000000006 1.0308023478213871e-45
0.20358333333333326 2.3942270868354203e-45
0.21607142857142866 1.433546485441844e-44
0.22131250000000016 1.3882258958949388e-44
0.22472222222222274 2.43521336197424e-44
0.22760000000000055 7.467559667837911e-45
0.23190909090909145 4.606125728639246e-45
0.23483333333333412 1.450890351014696e-44
0.2350000000000007 2.4316740793455383e-46
0.2350714285714297 9.728026631497037e-45
0.23750000000000102 4.183940167342895e-45
Sampling time (10 samples): 12693.1580 seconds
