/scratch/users/yanlan/Retrieval_0705/Output/AM_PM_ET_160_270_00
0.054 8.149405948972056e-34
0.12575000000000014 3.6465340667295967e-40
0.16416666666666635 1.7280048511326872e-40
0.18687499999999968 7.442277259880384e-44
0.21339999999999967 6.326526043016678e-43
0.2288333333333333 2.8141093861994184e-42
0.23749999999999977 7.570290377465288e-42
0.24893750000000026 1.1791795794637967e-41
0.25883333333333514 3.347053891091362e-40
0.27010000000000217 8.311902417528644e-41
0.2783181818181835 1.2395721539199328e-40
0.2844583333333356 1.2811562688510547e-40
0.2885769230769254 7.67992133004591e-41
0.29053571428571606 2.63564104733766e-41
0.2924000000000014 6.105409473705302e-41
Sampling time (10 samples): 8321.1391 seconds
/scratch/users/yanlan/Retrieval_0705/Output/AM_PM_ET_165_386_00
0.022000000000000013 3.519051582080216e-38
0.020749999999999953 6.011575677114789e-67
restart...
0.021999999999999992 3.512426822521106e-68
restart...
0.023750000000000004 4.4702749630696205e-65
restart...
0.028750000000000026 5.6445378224668015e-61
restart...
0.032749999999999994 2.8654369035303217e-58
restart...
0.025000000000000012 1.6812892032058557e-61
restart...
0.02724999999999999 1.831195057572386e-64
restart...
0.020750000000000015 8.879172570223552e-70
restart...
0.026250000000000002 6.923544041007816e-64
restart...
0.02374999999999999 5.398037653303905e-66
restart...
0.029000000000000036 4.313984873844484e-62
restart...
0.030000000000000016 2.6792476564560255e-59
restart...
0.028249999999999994 2.7301656587929597e-64
restart...
0.025250000000000015 2.7319772315155064e-63
restart...
Sampling time (10 samples): 7714.8671 seconds
/scratch/users/yanlan/Retrieval_0705/Output/AM_PM_ET_171_311_00
0.009999999999999986 1.471874492241303e-45
restart...
0.008999999999999987 2.6694881430129655e-45
restart...
0.014500000000000002 1.0503258083118394e-42
restart...
0.008000000000000007 2.3766922515799416e-46
restart...
0.023500000000000004 1.1731714842763072e-41
0.1362499999999999 2.0795882573618385e-39
0.19433333333333347 1.5064796120930788e-36
0.22437499999999996 4.038173722485924e-36
0.24590000000000004 3.4828490208744067e-34
0.2564166666666668 1.6202263047033564e-34
0.270714285714287 8.748226217821988e-35
0.2786875000000009 1.0491401223305072e-35
0.2865000000000004 1.8508388463121136e-34
0.2881500000000008 1.6969837752885303e-35
0.2914090909090908 4.623441579654833e-35
Sampling time (10 samples): 7733.0870 seconds
/scratch/users/yanlan/Retrieval_0705/Output/AM_PM_ET_176_434_00
0.01649999999999999 2.7622050730924104e-41
restart...
0.02099999999999999 1.3429707065669538e-40
0.12025000000000004 4.580436815784007e-44
0.18066666666666648 9.79374265070011e-41
0.21687499999999998 2.569477539441423e-37
0.23949999999999996 1.710043177052029e-37
0.25241666666666646 8.909768371689924e-37
0.2692857142857148 4.106845618922239e-37
0.28256249999999994 1.417803957849864e-36
0.28961111111111065 3.575721984644081e-37
0.2951500000000002 4.929227683516692e-37
0.30163636363636465 8.619502420468942e-37
0.30666666666666487 2.0444607205668357e-36
0.3081923076923061 2.2028671735353606e-36
0.3122142857142841 2.697906520299653e-36
Sampling time (10 samples): 8126.2672 seconds
/scratch/users/yanlan/Retrieval_0705/Output/AM_PM_ET_182_299_00
0.03499999999999999 3.811427988392592e-38
0.1632500000000003 1.4529357498339841e-37
0.2068333333333336 1.6066218984995383e-35
0.24825000000000014 1.4890991076165465e-34
0.27280000000000065 1.2010501606044514e-34
0.2545833333333334 7.355076407790094e-43
0.2591428571428556 1.4525176771892721e-40
0.2573749999999993 1.8824505825158245e-42
0.25605555555555515 3.639842319733379e-42
0.25994999999999935 2.883140020252753e-41
0.26295454545454605 1.3335152931089543e-40
0.2650833333333345 1.3062309041155757e-40
0.2660384615384626 5.432996324670455e-41
0.26664285714286057 4.4340154797893604e-41
0.2674333333333365 7.094181680975729e-41
Sampling time (10 samples): 8050.3849 seconds
/scratch/users/yanlan/Retrieval_0705/Output/AM_PM_ET_187_433_00
0.027000000000000007 1.235272105548325e-39
0.05900000000000007 3.0694696011756432e-49
restart...
0.0747500000000002 2.0291991745736793e-47
0.08766666666666689 5.747938408720358e-56
restart...
0.06849999999999998 2.620031238451891e-50
restart...
0.05975000000000002 2.32005880634916e-49
restart...
0.04800000000000007 1.5328597496324506e-53
restart...
0.056750000000000016 9.724960443841927e-51
restart...
0.056750000000000085 4.488429478511256e-53
restart...
0.05450000000000001 2.282016545507802e-53
restart...
0.062250000000000014 3.451947080267415e-50
restart...
0.06850000000000013 5.972470463290966e-48
0.09049999999999994 5.549349508882662e-53
restart...
0.05899999999999997 6.975397188806857e-52
restart...
0.05575000000000008 7.292937133322987e-53
restart...
Sampling time (10 samples): 8205.7634 seconds
/scratch/users/yanlan/Retrieval_0705/Output/AM_PM_ET_193_330_00
0.06150000000000005 5.8581775566897924e-34
0.16524999999999998 6.3783612616375095e-34
0.19900000000000023 8.643261019838611e-37
0.23462500000000036 4.3368714317560907e-35
0.25800000000000056 2.694510685109877e-34
0.25266666666666665 5.640149647783978e-50
restart...
0.22950000000000023 3.5305175056051686e-56
restart...
0.2816666666666675 4.166384895079714e-34
0.29485714285714254 1.3392449152013043e-34
0.305625 9.458358193482233e-34
0.31599999999999917 1.1912423932801145e-33
0.32389999999999874 1.0399172845494085e-33
0.3304999999999996 2.5849976760936247e-33
0.3145416666666653 3.886006639750759e-54
restart...
0.33533333333333226 6.0223561980174725e-34
Sampling time (10 samples): 8162.4483 seconds
