/scratch/users/yanlan/Retrieval_0705/Output/AM_PM_ET_164_373_00
0.3959999999999998 6.543956549632249e-13
0.36299999999999977 7.633812821645284e-13
0.35116666666666635 5.97649624607328e-13
0.3379999999999995 7.018871559668568e-13
0.3412000000000001 6.933398445804951e-13
0.3384166666666668 5.203257111956969e-13
0.3326428571428578 2.375211557126092e-13
0.3290000000000008 4.169666454955429e-13
0.3280000000000011 2.7204876340187757e-13
0.330950000000001 1.0421855822946006e-12
0.32877272727272794 6.382671891142121e-13
0.3262500000000014 5.10468405087168e-13
0.32638461538461705 9.814180197889394e-13
0.32660714285714404 1.4568389669417493e-12
0.3257999999999992 4.1950222546648625e-13
Sampling time (10 samples): 11968.3733 seconds
/scratch/users/yanlan/Retrieval_0705/Output/AM_PM_ET_170_287_00
0.016999999999999987 1.3526496106815861e-41
restart...
0.014999999999999998 5.0560394605846366e-42
restart...
0.011999999999999992 9.12651673397767e-43
restart...
0.013000000000000003 2.8811810816860904e-42
restart...
0.0095 1.317160701742214e-44
restart...
0.01800000000000001 3.190258349604001e-42
restart...
0.013499999999999995 7.898435122575172e-44
restart...
0.0075000000000000015 4.2504114369777e-45
restart...
0.0125 1.1266692159729133e-44
restart...
0.016499999999999987 3.8735510783428385e-42
restart...
0.020500000000000004 1.6745983878855702e-39
0.01925000000000002 4.5114720473059055e-72
restart...
0.01775 4.225412008312579e-74
restart...
0.018499999999999937 5.266022408435947e-72
restart...
0.04975000000000002 2.0025285568550944e-55
restart...
Sampling time (10 samples): 13081.0895 seconds
/scratch/users/yanlan/Retrieval_0705/Output/AM_PM_ET_175_421_00
0.015000000000000005 2.2898412921353e-41
restart...
0.04700000000000001 4.3458271982036165e-36
0.09075000000000005 3.5851270814303e-44
0.11533333333333322 1.7705976452483918e-47
0.1282499999999997 1.2146987121510984e-48
0.1398999999999992 2.9485827559534546e-48
0.14641666666666497 4.980946265623907e-49
restart...
0.09799999999999998 6.937891015702007e-42
0.11616666666666671 1.2295344129287161e-46
0.12587499999999982 3.3505982822414345e-48
0.1353999999999994 1.5150624640676168e-50
restart...
0.07950000000000003 4.5785070327265624e-45
0.1048333333333335 3.835433516051531e-49
restart...
0.10075 4.192645039638337e-42
0.11783333333333337 2.2037995669869832e-44
Sampling time (10 samples): 12086.7644 seconds
/scratch/users/yanlan/Retrieval_0705/Output/AM_PM_ET_181_291_00
0.02300000000000001 1.8235424174464798e-39
0.026750000000000017 7.372597394723764e-67
restart...
0.027250000000000014 1.1954437987648657e-64
restart...
0.03600000000000009 8.631006493399741e-61
restart...
0.036250000000000046 2.0362135593691536e-60
restart...
0.03025000000000003 3.177499039641581e-64
restart...
0.033999999999999884 2.112061595002976e-62
restart...
0.020499999999999997 2.2088078088484242e-70
restart...
0.03525000000000001 6.565409080863335e-60
restart...
0.04250000000000004 9.529210635996828e-55
restart...
0.0355 1.4911976460620858e-59
restart...
0.027750000000000018 6.166265000490162e-67
restart...
0.03599999999999996 8.900463505822776e-61
restart...
0.038750000000000034 4.6930027294615587e-57
restart...
0.029249999999999984 1.35385917557791e-63
restart...
Sampling time (10 samples): 11955.5155 seconds
/scratch/users/yanlan/Retrieval_0705/Output/AM_PM_ET_186_416_00
0.04049999999999999 1.2504591980498453e-35
0.06450000000000013 5.416797170493434e-49
restart...
0.0702500000000001 1.5887073775509577e-47
0.13399999999999979 8.08380728352776e-43
0.13937499999999942 1.2029681447496981e-45
0.15359999999999996 1.3392714771111421e-45
0.16766666666666613 1.2442369884528482e-42
0.18778571428571386 1.5039898504912236e-39
0.20299999999999943 8.731479458042236e-37
0.2208888888888884 9.190421145617736e-36
0.23349999999999932 5.650210777695418e-36
0.24349999999999997 2.2474527403521673e-36
0.2528333333333344 3.5438675913115376e-36
0.2630769230769236 2.952293866294548e-36
0.2701071428571445 5.1634846541277144e-36
Sampling time (10 samples): 11753.9922 seconds
/scratch/users/yanlan/Retrieval_0705/Output/AM_PM_ET_192_315_00
0.012499999999999994 7.414170266086108e-45
restart...
0.0135 3.7419933938082e-43
restart...
0.018499999999999996 3.1296171459876194e-41
restart...
0.00850000000000001 4.62987590227494e-46
restart...
0.011000000000000006 6.473921555909487e-44
restart...
0.010500000000000016 1.5860614321399192e-43
restart...
0.012999999999999986 2.559882140511966e-43
restart...
0.021999999999999978 5.225819732107535e-39
0.02249999999999996 7.033535054064214e-67
restart...
0.014749999999999973 2.712998482674278e-77
restart...
0.018249999999999964 2.030032569725914e-72
restart...
0.017250000000000005 3.0250688571320128e-74
restart...
0.012999999999999954 3.5106920372391344e-80
restart...
0.021000000000000015 5.8154429595570706e-68
restart...
0.02099999999999994 2.177825394610828e-68
restart...
Sampling time (10 samples): 12498.9240 seconds
/scratch/users/yanlan/Retrieval_0705/Output/AM_PM_ET_198_236_00
0.027999999999999987 7.970174239482298e-39
0.12825000000000006 8.434343886706346e-42
0.18499999999999936 3.73796624073002e-40
0.21199999999999944 1.5474602642720575e-39
0.2321999999999995 4.220841061132093e-39
0.2534999999999987 1.4678416886601198e-39
0.2671428571428566 1.0569342989893865e-39
0.2784374999999996 2.2706103665525622e-39
0.28600000000000053 6.18701590443426e-39
0.29470000000000096 2.240911609155665e-39
0.30249999999999977 3.0438099952490915e-39
0.3055416666666664 2.698806220616322e-39
0.3100384615384608 2.5497308067023153e-40
0.30953571428571336 3.0686109060766265e-39
0.31076666666666497 2.7824380785026222e-39
Sampling time (10 samples): 11835.3924 seconds
