/scratch/users/yanlan/Retrieval_0705/Output/AM_PM_ET_165_294_00
0.04500000000000003 6.380982915569068e-35
0.19349999999999987 4.443421448094025e-33
0.2246666666666672 5.5137278789885746e-30
0.23362500000000083 4.254741375121293e-30
0.24190000000000086 4.483689601020167e-29
0.24758333333333354 7.121783082129612e-29
0.25721428571428717 1.2172410721862483e-28
0.2631875000000035 1.3948187791721991e-28
0.2669444444444473 7.654226839603011e-29
0.2662500000000032 3.821252049486112e-28
0.269227272727276 5.176858616025867e-29
0.25908333333333594 4.5408715624889125e-37
0.25519230769231055 5.761694712387773e-39
0.25950000000000306 2.0009148882289123e-36
0.2625333333333358 5.810754736835415e-33
Sampling time (10 samples): 7658.0152 seconds
/scratch/users/yanlan/Retrieval_0705/Output/AM_PM_ET_170_440_00
0.3985000000000003 2.4684158913117878e-12
0.35750000000000093 5.525775617364244e-13
0.33766666666666756 6.59980502446443e-13
0.34300000000000136 9.2743044031416e-13
0.3393000000000005 6.559444645940997e-13
0.33266666666666694 1.3649748018977179e-12
0.3285714285714287 1.1744356276416076e-12
0.3263749999999995 3.5303163826873947e-13
0.3261111111111108 7.137079052750536e-13
0.3269999999999983 4.673795678004814e-13
0.3251818181818156 3.767475566431671e-13
0.32383333333333253 9.313068534122889e-13
0.3251153846153836 3.7976158032894983e-13
0.3249642857142845 9.194050781794254e-13
0.32703333333333123 7.522950712536234e-13
Sampling time (10 samples): 8081.3315 seconds
/scratch/users/yanlan/Retrieval_0705/Output/AM_PM_ET_176_327_00
0.027000000000000014 1.7924346536095334e-39
0.05000000000000003 1.4503532467053668e-58
restart...
0.12000000000000002 1.8235755270507647e-42
0.1093333333333334 5.7090481456121894e-58
restart...
0.07900000000000011 7.754051995252096e-46
0.07999999999999989 4.501673031953358e-61
restart...
0.1134999999999999 6.4932995130411585e-43
0.14350000000000065 9.776970279301287e-45
0.12812500000000016 3.763438802995266e-62
restart...
0.11100000000000006 3.824009620378385e-43
0.10299999999999987 5.15898184987216e-58
restart...
0.06675000000000006 5.499598221404492e-54
restart...
0.11774999999999998 2.8621840149210936e-42
0.13483333333333364 9.153921748920483e-49
restart...
0.05674999999999997 6.746700771161033e-55
restart...
Sampling time (10 samples): 8148.0850 seconds
/scratch/users/yanlan/Retrieval_0705/Output/AM_PM_ET_181_437_00
0.02100000000000003 2.051000230485975e-39
0.03499999999999996 4.196407317786801e-57
restart...
0.03775000000000002 4.69393799375466e-57
restart...
0.033750000000000016 2.02070008303738e-58
restart...
0.03549999999999996 6.966450428468491e-57
restart...
0.03499999999999994 8.449658618768172e-61
restart...
0.03574999999999992 9.331090143168299e-60
restart...
0.03849999999999993 2.4963027816751737e-55
restart...
0.04174999999999992 7.8434199887253735e-56
restart...
0.03525000000000006 4.695895036439475e-62
restart...
0.03624999999999994 3.742118726620415e-58
restart...
0.03750000000000006 9.465229685516378e-60
restart...
0.03225000000000003 1.457134422529777e-61
restart...
0.036750000000000005 9.677037608534889e-57
restart...
0.03449999999999999 7.48991793271232e-60
restart...
Sampling time (10 samples): 8231.1365 seconds
/scratch/users/yanlan/Retrieval_0705/Output/AM_PM_ET_187_334_00
0.09699999999999999 3.82749234924256e-30
0.21024999999999996 2.6851815697619e-27
0.25300000000000006 2.951812112608501e-27
0.28787500000000005 9.636092294326122e-28
0.3099999999999998 1.0552658416378213e-27
0.321 2.4081130463851876e-27
0.33671428571428574 7.489969496724402e-27
0.3389999999999995 4.780334293548292e-27
0.34283333333333244 1.5733851782430745e-27
0.3445999999999991 2.086736800919814e-27
0.3449999999999982 1.3849582445274902e-27
0.34649999999999737 6.6879670587584e-27
0.34680769230769026 4.9607467941366454e-27
0.3490357142857124 2.9939335199693535e-27
0.35199999999999737 4.997486298136523e-27
Sampling time (10 samples): 8066.4442 seconds
/scratch/users/yanlan/Retrieval_0705/Output/AM_PM_ET_193_251_00
0.0645 2.1147841225062193e-34
0.185 5.958793616538425e-31
0.20183333333333373 7.78078577183368e-39
0.16762500000000022 4.997124721223196e-60
restart...
0.16850000000000034 2.529474143507873e-59
restart...
0.16625000000000054 1.878759891530811e-60
restart...
0.1690000000000004 7.3108493458163375e-59
restart...
0.1703750000000005 2.0753573511426142e-58
restart...
0.16712500000000025 3.758323796892587e-62
restart...
0.16800000000000012 3.296597809858768e-60
restart...
0.16712500000000008 1.3034810459998686e-57
restart...
0.16850000000000054 1.342933203242424e-57
restart...
0.1705000000000003 3.25298065062513e-61
restart...
0.16887500000000055 8.260084503915608e-59
restart...
0.1701250000000003 2.0782123663246815e-59
restart...
Sampling time (10 samples): 8107.6258 seconds
/scratch/users/yanlan/Retrieval_0705/Output/AM_PM_ET_198_355_00
0.023999999999999994 7.1209268638939155e-40
0.13124999999999998 2.950479127864366e-40
0.17400000000000038 6.970096969638404e-38
0.1996250000000003 5.561509934040879e-35
0.21760000000000082 2.1549415764850327e-32
0.2298333333333341 6.78492057269783e-32
0.23528571428571501 1.5087582250923237e-32
0.2390625000000005 2.0313516147204555e-32
0.24411111111111147 6.162187396043767e-32
0.24930000000000035 3.494806253926463e-32
0.25181818181818233 1.857884705849474e-32
0.253041666666668 1.0388592746527059e-32
0.25376923076923064 6.113023361419592e-32
0.2551071428571435 5.014627778111611e-32
0.2576000000000002 4.8853873280405577e-32
Sampling time (10 samples): 8305.6082 seconds
