/scratch/users/yanlan/Retrieval_0705/Output/AM_PM_ET_164_352_00
0.021500000000000005 3.0807682224192464e-39
0.09625000000000004 7.890077380640101e-41
0.11566666666666663 2.7914183225858686e-47
0.10537499999999998 8.721846224340085e-62
restart...
0.11475000000000002 3.675264232821231e-41
0.1533333333333341 3.3110033847374904e-43
0.1781250000000014 1.6527946467767227e-42
0.16380000000000125 4.398602999708034e-53
restart...
0.07525000000000011 7.668357077070059e-49
restart...
0.09575000000000011 1.5977576775043278e-45
0.10050000000000017 3.88174042097301e-56
restart...
0.08125000000000004 1.2885537618930217e-46
0.07850000000000022 2.502406265487928e-61
restart...
0.09475000000000014 9.56245281015062e-44
0.0796666666666669 8.725389529193148e-65
restart...
Sampling time (10 samples): 8445.8026 seconds
/scratch/users/yanlan/Retrieval_0705/Output/AM_PM_ET_170_275_00
0.026000000000000044 1.9971626438604327e-38
0.12149999999999996 1.6467770005020385e-43
0.1945 2.8342437967790907e-39
0.22124999999999986 1.3838552301214253e-38
0.22129999999999983 3.0744787931708647e-43
0.20708333333333323 1.2286726351653319e-51
restart...
0.20733333333333315 5.476228126897398e-51
restart...
0.20724999999999966 1.9825437996826968e-51
restart...
0.20891666666666658 3.3796731425404323e-50
restart...
0.20991666666666636 7.926681628410209e-51
restart...
0.20508333333333295 1.895450799791446e-49
restart...
0.2093333333333332 6.620483459225774e-50
restart...
0.20249999999999987 9.578644942590626e-51
restart...
0.20191666666666633 2.769381074664907e-54
restart...
0.20483333333333315 1.1610250384213363e-51
restart...
Sampling time (10 samples): 8321.1141 seconds
/scratch/users/yanlan/Retrieval_0705/Output/AM_PM_ET_175_409_00
0.03199999999999999 6.448226131400429e-40
0.12674999999999997 1.19134653133176e-40
0.17583333333333295 1.405546025459237e-38
0.1906249999999997 1.2307213836984718e-41
0.19429999999999917 3.6674006240223365e-45
0.20958333333333265 1.1308993234827478e-44
0.22414285714285637 5.327515053264515e-44
0.23331249999999948 1.011387984015815e-43
0.23572222222222192 2.587970447837118e-44
0.24164999999999973 3.477461075462719e-44
0.24068181818181786 1.8822154242474486e-47
0.23987499999999976 2.4726851619367953e-50
restart...
0.23724999999999963 1.298436462252353e-50
restart...
0.23862500000000023 1.7001935901620453e-50
restart...
0.23879166666666632 1.7068734942666764e-50
restart...
Sampling time (10 samples): 8454.7519 seconds
/scratch/users/yanlan/Retrieval_0705/Output/AM_PM_ET_181_279_00
0.01249999999999999 2.6862434444545256e-43
restart...
0.012999999999999994 3.797951036196637e-42
restart...
0.013500000000000074 8.209300895045843e-41
restart...
0.014500000000000008 7.173679094260706e-43
restart...
0.022499999999999996 2.0207544712798014e-39
0.07274999999999988 6.516262385776994e-47
0.08816666666666632 7.530923019809846e-52
restart...
0.056 1.0478695289185248e-49
restart...
0.060250000000000074 1.3902017081860629e-49
restart...
0.058499999999999934 3.1615328935803734e-48
0.0793333333333333 6.3922539082612904e-55
restart...
0.05649999999999994 2.8227890211447068e-49
restart...
0.061749999999999944 1.0157780453153833e-50
restart...
0.05575000000000002 4.0766434081219874e-50
restart...
0.06475000000000017 4.118253125271735e-49
restart...
Sampling time (10 samples): 8120.9486 seconds
/scratch/users/yanlan/Retrieval_0705/Output/AM_PM_ET_186_386_00
0.3900000000000005 1.470893383392618e-12
0.3522500000000011 5.330435644220901e-13
0.35183333333333494 3.1233730723965745e-13
0.34587500000000176 3.3760651942543207e-13
0.339000000000003 1.3071722303772352e-12
0.33816666666666895 9.646612826671756e-13
0.33671428571428796 1.0272227072308228e-12
0.332250000000002 3.1250128769051707e-13
0.33266666666666805 3.4270465789955057e-13
0.33040000000000236 5.760300631519222e-13
0.3302727272727273 2.2128511593824608e-13
0.3292499999999995 4.4620287266461246e-13
0.32796153846153914 6.479912718519688e-13
0.32628571428571446 6.152217368130233e-13
0.32803333333333284 6.057909076443097e-13
Sampling time (10 samples): 8810.7148 seconds
/scratch/users/yanlan/Retrieval_0705/Output/AM_PM_ET_192_303_00
0.041499999999999995 1.273087988371078e-36
0.12999999999999995 1.7661879023873438e-40
0.1751666666666667 1.9034073099728265e-41
0.21224999999999988 3.627127964865374e-39
0.20779999999999943 1.931286091118789e-45
0.21908333333333266 9.743314272160794e-44
0.2345714285714281 2.7273220219867915e-42
0.24987500000000043 4.736396643553874e-42
0.25466666666666726 2.312336845127126e-43
0.2601000000000018 2.256342111176285e-42
0.26700000000000074 2.7456777413773867e-42
0.2770833333333335 1.0920109167174235e-42
0.2870769230769232 1.1540553191750873e-42
0.28900000000000103 2.5448702209019806e-42
0.29436666666666694 2.2006338446352435e-42
Sampling time (10 samples): 9049.9103 seconds
/scratch/users/yanlan/Retrieval_0705/Output/AM_PM_ET_197_419_00
0.02750000000000001 1.4185640297370952e-39
0.06649999999999992 6.04341922406252e-46
0.08233333333333304 1.8652713133567586e-52
restart...
0.07774999999999994 8.960694673603517e-47
0.09166666666666673 2.2121467510212105e-53
restart...
0.0542499999999999 9.64865079416421e-54
restart...
0.06399999999999988 1.972011066703112e-50
restart...
0.047999999999999994 3.975672985841766e-56
restart...
0.07075000000000006 9.805083218112992e-47
0.08366666666666649 4.384805299523019e-55
restart...
0.06749999999999992 5.989633119772796e-47
0.08383333333333348 1.395342411212288e-52
restart...
0.07424999999999995 3.823035151739328e-46
0.08783333333333342 1.763495753611481e-55
restart...
0.07199999999999986 2.5367807604882738e-49
restart...
Sampling time (10 samples): 8417.8613 seconds
