/scratch/users/yanlan/Retrieval_0705/Output/AM_PM_ET_164_417_00
0.01400000000000001 6.59693222388198e-41
restart...
0.015000000000000003 1.0969109778680095e-41
restart...
0.020999999999999963 1.788269555957405e-40
0.10224999999999998 1.8863791228538036e-46
0.16266666666666715 1.5557437912090219e-43
0.17812500000000048 4.2854532881311596e-44
0.15640000000000043 4.037347675779269e-70
restart...
0.1012499999999999 3.855004742654069e-45
0.10316666666666664 1.7854817466133526e-60
restart...
0.0817500000000002 6.611356399417016e-47
0.14333333333333387 3.0258501404282087e-44
0.1707499999999998 1.3313116782481757e-44
0.15009999999999954 5.54030515524406e-63
restart...
0.07799999999999999 3.7378138462667894e-46
0.13833333333333356 1.1565783099158958e-43
Sampling time (10 samples): 7652.9303 seconds
/scratch/users/yanlan/Retrieval_0705/Output/AM_PM_ET_170_323_00
0.00999999999999999 3.3562947483803435e-43
restart...
0.006999999999999996 1.462086621202367e-46
restart...
0.00950000000000002 1.3580775626049301e-46
restart...
0.010500000000000013 1.267032783983865e-45
restart...
0.0135 2.2476293866846786e-44
restart...
0.006000000000000004 2.1327481185591716e-47
restart...
0.01600000000000006 6.5519447918475044e-43
restart...
0.011000000000000008 5.904132123444892e-46
restart...
0.011999999999999992 2.4717317372406594e-44
restart...
0.007499999999999995 2.5594187448014585e-45
restart...
0.00799999999999999 1.9294933665184026e-45
restart...
0.011500000000000002 9.088915008898217e-44
restart...
0.025 2.331754361856987e-40
0.07050000000000006 9.688763192217538e-53
restart...
0.08000000000000007 1.536206022593994e-50
restart...
Sampling time (10 samples): 7711.1139 seconds
/scratch/users/yanlan/Retrieval_0705/Output/AM_PM_ET_175_461_00
0.42549999999999905 5.728071826048416e-13
0.3707500000000001 1.0136175496154944e-12
0.3524999999999997 1.0231009876495641e-12
0.34962499999999946 8.015401101379804e-13
0.34549999999999975 6.157688590798834e-13
0.3424166666666685 6.468810705234491e-13
0.34157142857143025 3.027477455652932e-13
0.3363750000000011 4.197541253025307e-13
0.336166666666667 1.577217510572311e-12
0.33475000000000044 5.914738245531042e-13
0.33181818181818235 5.841049897654401e-13
0.3295000000000025 1.3306745942518662e-12
0.3291153846153868 8.37814615813758e-13
0.3302142857142893 8.406631094720561e-13
0.33053333333333607 1.253696927592692e-12
Sampling time (10 samples): 7398.4735 seconds
/scratch/users/yanlan/Retrieval_0705/Output/AM_PM_ET_181_329_00
0.06800000000000002 5.95265466587306e-35
0.17199999999999996 1.1452967159974662e-32
0.23033333333333328 3.263166188315817e-31
0.25562500000000027 8.97524987582107e-29
0.2769000000000004 4.602602686754548e-29
0.2889166666666677 2.6098128583248782e-28
0.2988571428571442 3.737376517228976e-28
0.3071250000000012 1.3958576803364374e-28
0.3186111111111104 1.6699684191474076e-28
0.32329999999999887 7.829175008566369e-29
0.32795454545454605 1.1640856979107777e-28
0.3311249999999994 4.2283742271327e-29
0.3325384615384609 7.382364809189716e-29
0.3340714285714285 3.388676282136042e-28
0.33096666666666497 4.937338469957717e-35
Sampling time (10 samples): 7665.1619 seconds
/scratch/users/yanlan/Retrieval_0705/Output/AM_PM_ET_187_253_00
0.030499999999999992 3.431654407269469e-39
0.06575 7.239596296287079e-50
restart...
0.09674999999999996 2.2341941545994774e-47
0.17066666666666658 5.710434170277081e-42
0.20699999999999977 1.5416810618554557e-38
0.20710000000000003 1.0267964813241075e-43
0.19283333333333302 2.347859997437418e-53
restart...
0.19416666666666646 4.0422476337569294e-51
restart...
0.1930833333333334 4.762234646149494e-52
restart...
0.19533333333333344 2.6393744417835112e-51
restart...
0.19616666666666663 1.132755787450837e-52
restart...
0.19541666666666652 1.3059881628964476e-51
restart...
0.19341666666666665 9.472937713308333e-53
restart...
0.19624999999999987 3.921445229724222e-51
restart...
0.19325000000000023 7.07251812256454e-52
restart...
Sampling time (10 samples): 7319.8403 seconds
/scratch/users/yanlan/Retrieval_0705/Output/AM_PM_ET_192_351_00
0.037000000000000005 2.456657240231922e-38
0.16525000000000034 5.306354022225482e-35
0.19366666666666724 5.096955591074185e-35
0.21350000000000055 1.2132088703293436e-32
0.23280000000000017 1.2893086362251471e-30
0.25891666666666646 9.362793360266197e-31
0.2749285714285714 4.0907950206462545e-31
0.28618749999999854 2.169527302509321e-31
0.2984999999999976 1.454315627989595e-30
0.3095499999999976 4.2945587245275e-30
0.317863636363634 2.107084536844768e-30
0.3244999999999974 8.852825545590933e-31
0.3296538461538439 3.7630606847067813e-31
0.33253571428571305 7.871920464145611e-31
0.3375333333333309 3.7490037323178704e-31
Sampling time (10 samples): 7493.4610 seconds
/scratch/users/yanlan/Retrieval_0705/Output/AM_PM_ET_198_276_00
0.05949999999999997 2.2293889715156157e-35
0.15299999999999964 1.2706847078940807e-35
0.19366666666666632 5.204947244014268e-33
0.2323749999999999 2.3664581297535297e-31
0.2274000000000005 3.200859802217601e-34
0.21600000000000075 2.6403347477804672e-43
0.2140000000000007 9.921502265156008e-44
0.21806250000000035 4.494770194605075e-42
0.22477777777777821 1.8651235285587084e-39
0.2240500000000005 4.5491922813400607e-42
0.225772727272728 4.229220538554932e-43
0.22583333333333439 1.4790693778609693e-43
0.2272692307692316 3.505106848764307e-42
0.23114285714285812 4.3787995124617706e-42
0.23526666666666776 1.1154367501484795e-40
Sampling time (10 samples): 8126.5905 seconds
