/scratch/users/yanlan/Retrieval_0705/Output/AM_PM_ET_160_240_00
0.01850000000000002 1.460017402768984e-41
restart...
0.04499999999999995 6.538495260529466e-35
0.09499999999999996 7.866926861966391e-45
0.11483333333333327 2.8307187106101613e-53
restart...
0.09424999999999996 1.940420486926365e-43
0.11016666666666675 3.545499566453506e-52
restart...
0.10324999999999994 2.850232087932651e-40
0.12533333333333327 6.169768677407099e-45
0.1390000000000002 1.3394124249325752e-46
0.14640000000000006 1.022480158646553e-48
0.15399999999999972 4.409294049500052e-50
restart...
0.06649999999999995 1.3289501004192202e-49
restart...
0.0800000000000001 1.523314957826601e-46
0.10399999999999981 2.019761083724643e-51
restart...
0.06750000000000002 1.2064034044204758e-49
restart...
Sampling time (10 samples): 8045.3342 seconds
/scratch/users/yanlan/Retrieval_0705/Output/AM_PM_ET_165_363_00
0.39200000000000024 8.563039982504203e-13
0.3482499999999998 1.8008379152545434e-12
0.34416666666666623 7.655229050065236e-13
0.3391249999999993 1.2276362002937077e-12
0.3362000000000005 1.005394163057563e-12
0.33341666666666764 1.294744713329018e-12
0.3302857142857162 3.7661776197068285e-13
0.3301875000000005 1.5669696553339148e-12
0.3261666666666666 2.931627381187102e-13
0.32709999999999906 3.512661470498853e-13
0.32754545454545464 3.985845357264067e-13
0.3247916666666657 5.359247314003138e-13
0.3242692307692285 9.49630006206398e-13
0.32332142857142593 2.3004339899020537e-13
0.32456666666666345 1.641553832715852e-13
Sampling time (10 samples): 8147.2754 seconds
/scratch/users/yanlan/Retrieval_0705/Output/AM_PM_ET_171_299_00
0.04950000000000004 9.457712110360746e-36
0.10099999999999985 6.782168314010662e-42
0.1651666666666667 8.227065991316773e-39
0.19925000000000032 3.118070812558955e-36
0.2034999999999999 1.3539985425487777e-39
0.2213333333333334 2.570214185758206e-37
0.2340000000000004 1.3720234039275396e-36
0.24806250000000007 5.4709926551556345e-36
0.25833333333333225 1.1590685379226756e-36
0.26374999999999976 8.665221715920515e-36
0.2699999999999989 8.453061496609947e-36
0.2748333333333324 6.995423485108871e-36
0.2779230769230771 5.019428041407516e-36
0.28171428571428586 1.138175218018424e-35
0.2847000000000009 1.7729143747662094e-36
Sampling time (10 samples): 7595.8940 seconds
/scratch/users/yanlan/Retrieval_0705/Output/AM_PM_ET_176_422_00
0.025500000000000002 2.9490413487356955e-40
0.07750000000000014 3.963874906241708e-49
restart...
0.07649999999999998 3.151799814287198e-48
0.0911666666666668 1.995819482529071e-53
restart...
0.08499999999999995 3.1981971577976077e-45
0.10416666666666642 3.2637869463212044e-49
restart...
0.08499999999999998 1.4885967753412844e-46
0.09883333333333351 1.8849839349217807e-52
restart...
0.08025000000000003 6.359716521386425e-47
0.0941666666666668 3.9204835399933914e-53
restart...
0.08724999999999997 1.9336561685300464e-44
0.11883333333333324 2.9761384049116713e-47
0.12199999999999998 1.513739628624132e-51
restart...
0.07600000000000016 1.6648400517795078e-46
0.09616666666666687 1.3637497168692276e-50
restart...
Sampling time (10 samples): 7902.9269 seconds
/scratch/users/yanlan/Retrieval_0705/Output/AM_PM_ET_182_287_00
0.008999999999999992 2.748259253618474e-44
restart...
0.03199999999999999 2.166113181125539e-35
0.05575 1.6437435543777616e-49
restart...
0.053750000000000006 2.2804920438746404e-49
restart...
0.04925000000000004 2.610028005185754e-49
restart...
0.0489999999999999 8.266055537268112e-53
restart...
0.04999999999999998 3.425380050085596e-50
restart...
0.05025 1.239878515023906e-55
restart...
0.056249999999999994 1.9991757785514962e-51
restart...
0.05125 7.140691958325149e-52
restart...
0.05374999999999994 1.7396984196109523e-50
restart...
0.06324999999999965 2.6491127048290652e-49
restart...
0.04625000000000006 2.416107820941983e-52
restart...
0.040500000000000105 1.465558251185134e-54
restart...
0.056999999999999884 4.2288170559171504e-50
restart...
Sampling time (10 samples): 8035.4120 seconds
/scratch/users/yanlan/Retrieval_0705/Output/AM_PM_ET_187_414_00
0.42850000000000027 1.2856764850611174e-12
0.3810000000000003 1.258081606388723e-12
0.36716666666666575 5.058687121280179e-13
0.352124999999999 4.2360672051802215e-13
0.3487999999999994 2.917010778418378e-13
0.3440833333333332 9.769547550029625e-13
0.34257142857142814 3.9599939749853165e-13
0.33793749999999906 1.5008557329759948e-12
0.33488888888888735 3.26190768799923e-13
0.3308499999999987 4.2140318963584206e-13
0.3302727272727255 3.0903033161346433e-13
0.3291666666666646 6.67783785523453e-13
0.32919230769230656 5.259412983282086e-13
0.3281428571428567 8.523135624295527e-13
0.3286333333333322 4.0135727404590064e-13
Sampling time (10 samples): 7832.6659 seconds
/scratch/users/yanlan/Retrieval_0705/Output/AM_PM_ET_193_318_00
0.031 2.5571911180585374e-36
0.06150000000000002 2.5703665549165e-47
0.0713333333333336 1.4961652759367833e-57
restart...
0.06150000000000001 2.995623443406705e-48
0.07283333333333315 2.8172330393234922e-58
restart...
0.06650000000000007 2.250791744925122e-46
0.07583333333333331 2.8684169672660646e-58
restart...
0.06075000000000001 1.1571831044150534e-46
0.06649999999999992 1.6135689926765378e-59
restart...
0.059999999999999984 1.1515388890798056e-46
0.07083333333333312 1.0295903007693804e-56
restart...
0.0594999999999999 9.2333418046478e-49
restart...
0.05074999999999995 2.3667013711578946e-52
restart...
0.06224999999999997 9.204487210955506e-48
0.07333333333333321 2.999764866388783e-57
restart...
Sampling time (10 samples): 7978.6246 seconds
