/scratch/users/yanlan/Retrieval_0705/Output/AM_PM_ET_161_436_00
0.015999999999999986 5.6291037016329425e-42
restart...
0.022000000000000033 2.0659405531675295e-38
0.04175000000000007 7.995098959073963e-55
restart...
0.03749999999999991 1.4895556125555463e-56
restart...
0.03724999999999992 1.7309336034150316e-57
restart...
0.03649999999999996 7.662729410230567e-58
restart...
0.039249999999999945 2.0253992942406763e-54
restart...
0.040249999999999946 1.4844493784841466e-53
restart...
0.03600000000000004 6.073741878399121e-58
restart...
0.03725000000000002 1.3317409460321947e-56
restart...
0.03249999999999999 3.65636180253095e-57
restart...
0.03875000000000004 7.005026495001229e-56
restart...
0.038750000000000055 4.9988985338325536e-54
restart...
0.04675000000000009 2.9926034435822345e-54
restart...
0.03850000000000004 1.7258454462332904e-55
restart...
Sampling time (10 samples): 7360.5849 seconds
/scratch/users/yanlan/Retrieval_0705/Output/AM_PM_ET_167_338_00
0.39999999999999997 1.316912432522455e-12
0.36650000000000044 2.567660213738464e-13
0.35466666666666696 4.1782901354642354e-13
0.3483750000000005 5.698875243507544e-13
0.3435000000000012 1.8305579787930463e-13
0.3403333333333348 3.72597348696425e-13
0.34107142857142947 4.726837886468143e-13
0.3407500000000011 5.380947207948462e-13
0.3421666666666682 7.373710790791331e-13
0.3393000000000025 1.0366145165945817e-12
0.3368636363636387 4.63514518951695e-13
0.33612500000000173 7.535567957922515e-13
0.3339230769230788 5.41864395370059e-13
0.3329285714285734 8.190860473711817e-13
0.330366666666668 1.35585575214309e-12
Sampling time (10 samples): 7860.1586 seconds
/scratch/users/yanlan/Retrieval_0705/Output/AM_PM_ET_173_306_00
0.04549999999999993 5.447118898514598e-36
0.1352500000000005 1.1071427236192136e-37
0.16916666666666746 1.3175995537878363e-36
0.19100000000000045 5.381737762647623e-35
0.2109 5.384515635858695e-35
0.22033333333333327 1.7102442104962583e-35
0.2278571428571428 7.034245128338091e-35
0.23818749999999994 2.0486342974518366e-34
0.24905555555555567 3.268000636596052e-34
0.2535000000000007 6.3966042391759924e-34
0.25609090909091103 7.22683981864017e-34
0.2595833333333361 7.730076242056948e-35
0.2641538461538501 6.089117187501531e-35
0.26842857142857596 2.0881241981258767e-34
0.2696000000000032 3.4636453598035067e-34
Sampling time (10 samples): 7420.5198 seconds
/scratch/users/yanlan/Retrieval_0705/Output/AM_PM_ET_178_383_00
0.39150000000000035 1.0063110123967007e-12
0.35549999999999965 9.127116827801555e-13
0.348666666666665 9.230374017582273e-13
0.3446249999999993 7.73928197393758e-13
0.34139999999999904 7.882987540474131e-13
0.33908333333333246 7.108262387371351e-13
0.33507142857142774 4.982088761693832e-13
0.3335000000000001 4.794472461673687e-13
0.3324444444444435 1.1634808461881428e-12
0.3300999999999984 4.0521017333460886e-13
0.3301818181818165 2.9435063222704217e-12
0.332374999999998 6.64992023085171e-13
0.33276923076922904 5.780054848727678e-13
0.3310714285714271 6.275404526842583e-13
0.3307666666666632 9.858678736817545e-13
Sampling time (10 samples): 7825.5138 seconds
/scratch/users/yanlan/Retrieval_0705/Output/AM_PM_ET_184_252_00
0.05500000000000002 3.381516795112614e-36
0.1400000000000001 7.708690481082505e-37
0.15716666666666668 3.2871192779623485e-40
0.1521250000000005 1.5914996654796764e-47
0.16090000000000007 1.414038645281284e-48
0.17141666666666686 3.2726681098942276e-48
0.18485714285714264 6.320396768328895e-47
0.1981249999999999 1.6020458426754888e-45
0.20616666666666617 1.1940506204958073e-43
0.2044999999999992 2.6870295292545932e-48
0.2077272727272719 1.0013019385496427e-48
0.21833333333333255 5.4030774158476725e-45
0.2245769230769222 4.632430239758629e-45
0.22982142857142826 3.21690585225623e-45
0.2359333333333328 2.1817348993285528e-44
Sampling time (10 samples): 7481.8321 seconds
/scratch/users/yanlan/Retrieval_0705/Output/AM_PM_ET_189_379_00
0.043999999999999984 2.234144632289468e-39
0.11850000000000001 4.2467552881209156e-44
0.13966666666666633 7.651874109357758e-45
0.15762499999999943 1.0044327249875205e-44
0.1645999999999992 5.0325944724023517e-45
0.1680833333333325 5.5406675347205433e-45
0.17549999999999938 1.660985892289511e-44
0.17593749999999939 5.119080772053435e-46
0.18027777777777737 1.027735718951062e-45
0.1841500000000001 4.3184102602381425e-45
0.18749999999999958 7.469688867838831e-45
0.18929166666666605 5.74464797211493e-44
0.1894615384615381 1.43979222997543e-45
0.18946428571428567 4.098256541839359e-46
0.1905333333333334 5.4466566026827746e-45
Sampling time (10 samples): 7528.0389 seconds
/scratch/users/yanlan/Retrieval_0705/Output/AM_PM_ET_195_309_00
0.02300000000000001 2.523998646147336e-40
0.07299999999999987 1.878931757348407e-51
restart...
0.06474999999999988 4.712356753130372e-52
restart...
0.06974999999999999 6.434319631194242e-52
restart...
0.07425000000000002 2.001769690954446e-51
restart...
0.07375000000000001 2.742258096670225e-49
restart...
0.07450000000000002 1.8080515563924655e-51
restart...
0.07424999999999986 8.631352540138742e-50
restart...
0.07075000000000006 3.189720987464286e-49
restart...
0.06500000000000002 4.5837352789352256e-51
restart...
0.06325000000000008 1.8129861112463395e-50
restart...
0.07150000000000002 1.879651129423764e-52
restart...
0.06349999999999996 7.831251822497364e-50
restart...
0.07025000000000012 1.2322787507515212e-49
restart...
0.07775 2.1593304397848012e-50
restart...
Sampling time (10 samples): 7764.0515 seconds
