/scratch/users/yanlan/Retrieval_0705/Output/AM_PM_ET_164_408_00
0.0295 2.1990370560313661e-38
0.05074999999999999 7.851502653393114e-52
restart...
0.05399999999999997 6.798391771020017e-53
restart...
0.057749999999999996 4.680195539733531e-50
restart...
0.05349999999999997 3.468039297610781e-52
restart...
0.052000000000000074 4.677130276200719e-51
restart...
0.04924999999999999 5.338121631890586e-52
restart...
0.05500000000000004 1.0415633735689938e-52
restart...
0.06074999999999998 3.9768831551690956e-49
restart...
0.06575 2.1490076878583447e-48
0.08533333333333316 4.070142770947009e-55
restart...
0.05874999999999999 9.085820644790454e-51
restart...
0.06375000000000003 5.636314621556846e-50
restart...
0.061749999999999944 1.4535300120123878e-48
0.07516666666666663 9.591540405900997e-57
restart...
Sampling time (10 samples): 7527.4188 seconds
/scratch/users/yanlan/Retrieval_0705/Output/AM_PM_ET_170_314_00
0.02449999999999998 4.58136797640312e-41
0.025250000000000012 7.523091349880753e-74
restart...
0.021500000000000036 1.466568604031394e-74
restart...
0.02224999999999998 4.621476543326508e-75
restart...
0.0225 3.169764898718857e-74
restart...
0.013000000000000015 1.719219877884243e-85
restart...
0.022250000000000027 1.9190381639463414e-74
restart...
0.016249999999999945 1.2246372866662714e-79
restart...
0.029249999999999988 2.257365271264502e-69
restart...
0.022500000000000017 1.2235582450380931e-72
restart...
0.023999999999999983 3.515396563874485e-74
restart...
0.024000000000000053 1.451580677766679e-72
restart...
0.022499999999999992 6.066237322349324e-75
restart...
0.022249999999999975 4.978992619303487e-75
restart...
0.021749999999999922 7.14187659540555e-74
restart...
Sampling time (10 samples): 10562.8864 seconds
/scratch/users/yanlan/Retrieval_0705/Output/AM_PM_ET_175_452_00
0.026500000000000017 4.8333862176226234e-39
0.13799999999999968 8.657392678104788e-40
0.1903333333333337 8.6861707878518e-38
0.21325000000000047 8.806963129821831e-37
0.2243000000000003 9.50891504384961e-37
0.22633333333333375 2.1686898472645723e-37
0.22814285714285754 5.915646366549934e-39
0.23193750000000005 4.223550090600267e-39
0.23627777777777792 4.383594623596029e-40
0.23550000000000018 2.4663621702006914e-42
0.23504545454545495 2.1903073382899935e-43
0.23920833333333333 9.54734180479465e-44
0.24288461538461587 1.3862216843531674e-43
0.24060714285714355 1.1703135782563534e-45
0.23853333333333385 3.0400826162087503e-46
Sampling time (10 samples): 7640.2884 seconds
/scratch/users/yanlan/Retrieval_0705/Output/AM_PM_ET_181_320_00
0.043 1.2053188222331877e-35
0.14850000000000002 2.1952570962261728e-34
0.18099999999999986 1.118047999693374e-33
0.20475000000000018 8.266935896555386e-34
0.22000000000000003 7.519877255406694e-33
0.2310000000000002 2.3044859857378602e-32
0.24421428571428577 3.576485856598523e-32
0.25143750000000104 4.642200665158908e-33
0.25500000000000067 5.9582201753877944e-33
0.25760000000000216 2.9296163504347867e-33
0.26072727272727486 1.59726007432348e-32
0.26275000000000137 1.497329311989603e-32
0.26515384615384585 9.83673858624266e-33
0.26935714285714274 1.4371164881372204e-32
0.27256666666666624 1.2443912196629815e-32
Sampling time (10 samples): 7760.1214 seconds
/scratch/users/yanlan/Retrieval_0705/Output/AM_PM_ET_187_244_00
0.027500000000000007 7.788297567851106e-38
0.10374999999999997 2.5158885020204614e-43
0.1755000000000003 1.1808850915879008e-40
0.21350000000000058 5.365222416127514e-39
0.22980000000000045 3.6401923544174955e-40
0.23341666666666677 7.59576236283748e-40
0.2536428571428567 6.071546983919073e-39
0.26968749999999936 4.23743999700752e-39
0.25494444444444386 4.7920445395384174e-49
restart...
0.2554444444444443 2.2093229924372305e-52
restart...
0.2650555555555541 2.1327712384114606e-44
0.266749999999999 1.039725212840617e-40
0.269272727272726 4.0494372262372e-40
0.27299999999999824 1.5531010855300516e-39
0.2561923076923047 1.5627487506098563e-68
restart...
Sampling time (10 samples): 7827.8993 seconds
/scratch/users/yanlan/Retrieval_0705/Output/AM_PM_ET_192_342_00
0.012500000000000008 8.491556934347193e-43
restart...
0.02050000000000001 3.114046781769137e-41
0.039500000000000035 1.1497935812326264e-60
restart...
0.05225000000000005 1.0867019335168628e-55
restart...
0.05000000000000005 4.7419697306625535e-56
restart...
0.04175000000000003 2.6845566220551585e-58
restart...
0.05925000000000014 3.705240838094791e-52
restart...
0.04699999999999988 7.143098855213183e-58
restart...
0.03300000000000001 7.259693528342865e-62
restart...
0.042999999999999955 5.008847619235975e-60
restart...
0.03700000000000019 1.0599106021915563e-59
restart...
0.05699999999999999 1.1358918815685357e-53
restart...
0.04224999999999995 4.1711951866972084e-58
restart...
0.05599999999999992 2.655630044762749e-56
restart...
0.04750000000000013 2.9392233443488183e-57
restart...
Sampling time (10 samples): 7624.3044 seconds
/scratch/users/yanlan/Retrieval_0705/Output/AM_PM_ET_198_263_00
0.022 2.7299413089584866e-39
0.0325 1.4573605075043736e-63
restart...
0.030249999999999992 7.375896196349722e-63
restart...
0.0345 4.499546702604738e-59
restart...
0.04150000000000001 1.08446089546226e-58
restart...
0.027000000000000017 6.48052690848801e-65
restart...
0.03925000000000002 1.1217829778915691e-58
restart...
0.03425000000000004 8.620787165944647e-59
restart...
0.020999999999999974 7.570043685903866e-70
restart...
0.033749999999999974 8.278835780021116e-60
restart...
0.036500000000000025 4.416754532796685e-59
restart...
0.03324999999999991 1.4791784100325853e-59
restart...
0.03250000000000003 3.6113778964910192e-62
restart...
0.025500000000000033 3.251621128556045e-67
restart...
0.04124999999999999 2.1368121622751316e-57
restart...
Sampling time (10 samples): 9781.5623 seconds
