/scratch/users/yanlan/Retrieval_0705/Output/AM_PM_ET_160_295_00
0.08849999999999986 2.0384141560141165e-31
0.10249999999999967 8.783968176630242e-48
0.10283333333333292 6.39797684179646e-59
restart...
0.09699999999999995 1.0375346896115832e-49
restart...
0.07925000000000007 3.982099158632636e-52
restart...
0.08824999999999993 6.746083104991772e-53
restart...
0.05399999999999992 2.2802418821945058e-66
restart...
0.09225000000000003 3.552038672306514e-52
restart...
0.0700000000000001 3.129306061120537e-53
restart...
0.06250000000000001 3.8734837022066195e-62
restart...
0.07174999999999994 2.7052592007863266e-60
restart...
0.08374999999999969 3.669897990500424e-49
restart...
0.07199999999999994 8.772845978981186e-59
restart...
0.09924999999999992 3.6801191600707147e-50
restart...
0.08400000000000005 1.7820394828230017e-49
restart...
Sampling time (10 samples): 10385.5712 seconds
/scratch/users/yanlan/Retrieval_0705/Output/AM_PM_ET_165_414_00
0.01800000000000001 4.157332778906936e-41
restart...
0.019500000000000014 2.228162181948764e-39
restart...
0.017999999999999985 5.3636140846107035e-43
restart...
0.016499999999999987 4.2530683183129555e-41
restart...
0.010499999999999995 8.645241750704192e-45
restart...
0.0175 2.391749531408766e-43
restart...
0.025000000000000005 5.1498376985113627e-39
0.029000000000000026 1.8917672706319073e-64
restart...
0.02975 7.647881206808441e-63
restart...
0.03375000000000005 1.0376515448567118e-58
restart...
0.03250000000000001 1.2555254823062993e-61
restart...
0.03550000000000004 2.575157619851889e-61
restart...
0.03524999999999999 1.5217712287985344e-59
restart...
0.016500000000000053 3.4286492320914136e-77
restart...
0.03175 5.043355273765228e-63
restart...
Sampling time (10 samples): 8047.7693 seconds
/scratch/users/yanlan/Retrieval_0705/Output/AM_PM_ET_171_336_00
0.014000000000000014 3.0511967109754433e-42
restart...
0.031 6.52345828867391e-38
0.059749999999999935 1.4085834832230558e-53
restart...
0.06175000000000002 1.2487808905904547e-47
0.0813333333333334 3.3088065257500575e-53
restart...
0.06474999999999992 3.12673003850241e-47
0.08049999999999995 3.9912244397127455e-54
restart...
0.06649999999999981 1.248897329902426e-48
0.0811666666666666 3.1421416984914155e-54
restart...
0.053500000000000075 2.0168572422465008e-52
restart...
0.06675 3.165177387124962e-49
restart...
0.06174999999999997 1.0495459848510302e-48
0.08249999999999968 1.4931138405324517e-53
restart...
0.05875000000000004 1.7906312792944878e-51
restart...
0.05525000000000006 1.824963284804806e-51
restart...
Sampling time (10 samples): 8098.8034 seconds
/scratch/users/yanlan/Retrieval_0705/Output/AM_PM_ET_177_225_00
0.3985000000000007 2.2116303894523617e-12
0.3705 6.068812063048474e-13
0.3581666666666668 1.7656248409775485e-12
0.3502500000000003 4.161182184576044e-13
0.34550000000000103 2.0883456335151828e-13
0.34408333333333385 2.0630560692837945e-13
0.33757142857142813 1.5443695510134083e-12
0.33368749999999897 2.3803650463504064e-13
0.33611111111111 7.107746438583649e-13
0.3350499999999993 3.5376708166142865e-13
0.33104545454545425 5.67427407512396e-13
0.3297083333333337 7.619414742509939e-13
0.3287307692307707 2.643570203303241e-12
0.32707142857143057 4.60625413161141e-13
0.3270333333333353 3.907474524174487e-12
Sampling time (10 samples): 7920.1997 seconds
/scratch/users/yanlan/Retrieval_0705/Output/AM_PM_ET_182_324_00
0.03849999999999999 3.5449345136660463e-35
0.10925000000000018 3.1256533643127672e-40
0.17933333333333246 4.028421913391624e-37
0.21937499999999907 2.445745533573418e-34
0.24979999999999947 5.114789602747304e-33
0.27258333333333323 5.214267599747397e-33
0.2892142857142863 5.511440487362291e-33
0.3016250000000013 1.3354027631957881e-32
0.30927777777777843 4.1891383582209056e-33
0.3134000000000008 3.6749489598742076e-33
0.3180454545454559 3.785891564472477e-33
0.3249166666666697 5.9627681003800365e-33
0.32850000000000285 3.644389571794066e-33
0.33150000000000307 6.568037532915399e-33
0.3350666666666693 4.8239455232489024e-33
Sampling time (10 samples): 7957.3599 seconds
/scratch/users/yanlan/Retrieval_0705/Output/AM_PM_ET_188_251_00
0.05550000000000004 1.146093078517677e-37
0.11475000000000005 9.019284166679342e-44
0.11266666666666666 1.8798148119869635e-53
restart...
0.11599999999999978 4.4585195809227694e-44
0.12033333333333329 1.1037729034160805e-51
restart...
0.10400000000000006 6.326984337060936e-50
restart...
0.08299999999999995 3.8625394512694403e-51
restart...
0.08025000000000003 1.0446525418621419e-50
restart...
0.09324999999999994 1.2097099385179784e-49
restart...
0.09199999999999997 4.997244865721179e-47
0.11549999999999996 1.4220664154568628e-49
restart...
0.16475000000000037 2.872115153851558e-37
0.13966666666666705 1.183265651193655e-50
restart...
0.08399999999999995 3.280798907876359e-49
restart...
0.09675000000000009 2.0464106219037976e-46
Sampling time (10 samples): 8057.4580 seconds
/scratch/users/yanlan/Retrieval_0705/Output/AM_PM_ET_193_355_00
0.00799999999999999 7.34893928272184e-46
restart...
0.007000000000000009 1.425291031074604e-47
restart...
0.010500000000000006 1.4722175047468205e-44
restart...
0.05600000000000005 7.220863580059813e-35
0.13774999999999987 3.2702820758916533e-35
0.18766666666666668 6.815768361762611e-34
0.21900000000000028 4.2189333158763836e-33
0.23160000000000036 2.885634449003895e-32
0.2498333333333333 4.901731914057606e-32
0.2638571428571424 1.7925563447179998e-30
0.2736249999999997 3.5548254432340735e-31
0.28238888888888797 1.8871076664001293e-31
0.2890499999999981 9.860165000644614e-32
0.2947272727272701 1.7914573545105813e-31
0.3013749999999963 1.4627804943911043e-31
Sampling time (10 samples): 7701.7965 seconds
