/scratch/users/yanlan/Retrieval_0705/Output/AM_PM_ET_163_311_00
0.054499999999999965 6.9512704213776965e-37
0.17950000000000021 4.459900784497006e-34
0.20983333333333365 1.727468328660728e-32
0.22225000000000025 1.0951244653236959e-32
0.22940000000000035 3.250330091583695e-33
0.23225000000000015 6.139359455361623e-34
0.2367857142857147 1.833311918068362e-35
0.24106250000000046 1.3039591222226952e-35
0.24533333333333374 1.5944943118623292e-35
0.2514499999999998 3.634224530299333e-35
0.2558181818181806 1.5698822227747788e-34
0.25924999999999704 3.722291125325531e-35
0.26280769230768974 9.119981688905721e-36
0.26667857142856927 8.430473488725377e-36
0.2699666666666649 3.4836854802595167e-35
Sampling time (10 samples): 7490.2571 seconds
/scratch/users/yanlan/Retrieval_0705/Output/AM_PM_ET_168_436_00
0.043499999999999976 3.1569033150894924e-36
0.09250000000000012 2.388211543542e-44
0.10450000000000034 2.6702372462514005e-50
restart...
0.08249999999999992 3.3931513721243087e-43
0.0858333333333332 1.5077248497677452e-51
restart...
0.0820000000000001 1.7347425540554658e-43
0.09299999999999999 1.665152821690631e-49
restart...
0.07575000000000003 4.3492660098137354e-44
0.09400000000000014 2.0145564489985656e-48
0.10262500000000031 1.8659326742051973e-54
restart...
0.08350000000000006 2.5617970557346906e-42
0.09200000000000026 4.6455046215982924e-51
restart...
0.07899999999999997 2.03045339321998e-43
0.09049999999999993 1.66976607867256e-50
restart...
0.09100000000000008 2.516138135482676e-41
Sampling time (10 samples): 7902.5402 seconds
/scratch/users/yanlan/Retrieval_0705/Output/AM_PM_ET_174_370_00
0.37350000000000017 2.642878680241563e-13
0.3450000000000012 5.085079090622578e-13
0.3348333333333341 8.10798260604182e-13
0.3256250000000007 2.2166408529594494e-13
0.31899999999999984 1.9707023501133365e-13
0.31933333333333386 3.857493600042934e-13
0.3200714285714294 8.271822821045129e-13
0.32225000000000076 1.2314684009293084e-12
0.3218333333333339 4.2287271951271015e-13
0.3181999999999997 7.301271712651346e-13
0.31918181818181884 2.6680653269909817e-13
0.3205416666666676 2.016350442292124e-13
0.32092307692307825 8.092381054976884e-13
0.3227142857142865 6.618289767446221e-13
0.32156666666666717 5.889095530291056e-13
Sampling time (10 samples): 7395.7963 seconds
/scratch/users/yanlan/Retrieval_0705/Output/AM_PM_ET_180_237_00
0.008499999999999995 2.79476721064896e-46
restart...
0.016000000000000007 8.596631621352585e-42
restart...
0.006999999999999971 3.198670136287103e-48
restart...
0.012999999999999989 9.894659609075696e-44
restart...
0.005999999999999996 9.889681009855304e-48
restart...
0.012499999999999987 1.5708938765246263e-44
restart...
0.00999999999999999 2.392100454620546e-46
restart...
0.011000000000000006 9.443936196554518e-45
restart...
0.012999999999999984 2.3865282150467616e-43
restart...
0.009000000000000003 9.553941410222554e-46
restart...
0.02499999999999999 2.3648636479287655e-39
0.16375000000000026 7.260358466349168e-39
0.22750000000000045 6.593775726118265e-38
0.2442500000000006 9.727599846309903e-38
0.2585999999999994 6.682753016609621e-38
Sampling time (10 samples): 7418.4307 seconds
/scratch/users/yanlan/Retrieval_0705/Output/AM_PM_ET_185_333_00
0.00849999999999999 5.890355284725155e-45
restart...
0.020500000000000008 1.3382826388628101e-39
0.019749999999999993 1.4493450178785427e-70
restart...
0.01699999999999999 4.2140658440254745e-73
restart...
0.025500000000000047 4.821894201663143e-66
restart...
0.018000000000000044 1.823410738132539e-70
restart...
0.01825000000000003 3.739895349073335e-71
restart...
0.015999999999999983 4.7358308022040035e-74
restart...
0.01699999999999995 2.798518931890429e-73
restart...
0.017249999999999963 8.047381874701876e-73
restart...
0.018000000000000006 4.745417582502968e-73
restart...
0.018999999999999982 4.403946932162501e-70
restart...
0.023000000000000048 3.713907565309299e-68
restart...
0.015249999999999958 2.140139387163987e-74
restart...
0.023000000000000013 8.298966878132241e-66
restart...
Sampling time (10 samples): 7487.8638 seconds
/scratch/users/yanlan/Retrieval_0705/Output/AM_PM_ET_191_262_00
0.065 5.0196768223133844e-36
0.19499999999999987 2.5748546725039037e-33
0.22683333333333366 8.231097431287465e-37
0.18912500000000046 6.028907303981386e-53
restart...
0.18962500000000015 1.3552105226456398e-53
restart...
0.18812500000000013 2.327222173178683e-55
restart...
0.19312500000000082 1.454971616667315e-51
restart...
0.18862500000000007 1.735256945851876e-54
restart...
0.19250000000000048 1.7291194025212055e-52
restart...
0.18962500000000032 4.4224994214847084e-54
restart...
0.19100000000000025 8.551797288449774e-55
restart...
0.1892500000000002 4.427661093890961e-53
restart...
0.18612500000000032 1.0125804287345314e-53
restart...
0.18962499999999988 3.83657528601902e-54
restart...
0.1927500000000004 4.18063849278309e-51
restart...
Sampling time (10 samples): 7375.7756 seconds
/scratch/users/yanlan/Retrieval_0705/Output/AM_PM_ET_196_383_00
0.0049999999999999975 2.887367328022427e-47
restart...
0.012000000000000004 1.9267947075853345e-43
restart...
0.007499999999999991 1.3309765026897734e-45
restart...
0.007500000000000008 6.830877128317862e-47
restart...
0.008999999999999998 2.3722289066510194e-45
restart...
0.014000000000000004 2.401046584503247e-42
restart...
0.007000000000000032 2.5392023746473253e-46
restart...
0.010999999999999996 6.969347143233078e-44
restart...
0.008999999999999992 4.869680722281738e-45
restart...
0.005499999999999999 1.2446784842872117e-47
restart...
0.006999999999999989 2.241657856665667e-47
restart...
0.01199999999999999 7.218810066646786e-45
restart...
0.010500000000000011 3.6787124776293894e-42
restart...
0.014 3.5050179690064123e-43
restart...
0.008000000000000007 1.2207886286569784e-49
restart...
Sampling time (10 samples): 7734.3411 seconds
