/scratch/users/yanlan/Retrieval_0705/Output/AM_PM_ET_165_272_00
0.014999999999999961 6.634607167207226e-41
restart...
0.028499999999999998 4.433172552705742e-40
0.10150000000000013 2.5914639709584128e-42
0.13483333333333333 1.1133860601563494e-42
0.14937500000000012 7.092809194225469e-42
0.15940000000000026 5.064148507050069e-42
0.17016666666666752 7.009781826470583e-42
0.1882142857142864 1.6089370014624665e-39
0.2070000000000003 2.4864618212225782e-37
0.22083333333333438 8.267509795922035e-37
0.1989500000000013 1.9136612719288347e-79
restart...
0.19935000000000078 1.5939410971828135e-76
restart...
0.1992000000000015 5.1329201876732605e-77
restart...
0.19945000000000063 4.0139093438449075e-73
restart...
0.1994000000000008 1.365929879558245e-75
restart...
Sampling time (10 samples): 9755.5090 seconds
/scratch/users/yanlan/Retrieval_0705/Output/AM_PM_ET_170_411_00
0.3940000000000004 2.152397677493224e-12
0.3612500000000003 3.629617678609765e-13
0.34650000000000014 5.540671968999411e-13
0.3397500000000005 5.734206128960804e-13
0.3333000000000017 5.912084512565014e-13
0.3294166666666687 5.778642550241359e-13
0.3300000000000025 9.090302111308168e-13
0.325687500000002 7.920643694463835e-13
0.32738888888888984 3.754771843182355e-13
0.32600000000000157 1.1178916018599109e-12
0.3255454545454551 3.672810131924017e-13
0.3235416666666667 1.8492544930230326e-12
0.3248076923076922 1.6391141309067118e-12
0.32478571428571446 1.2152906261708484e-12
0.3243999999999998 1.0345609704282016e-12
Sampling time (10 samples): 8882.9809 seconds
/scratch/users/yanlan/Retrieval_0705/Output/AM_PM_ET_176_304_00
0.021500000000000005 4.7936753045246195e-40
0.040750000000000015 1.323152407362275e-58
restart...
0.04725 8.502210536156492e-56
restart...
0.04800000000000005 9.196210552660802e-55
restart...
0.04899999999999999 4.5917007741723625e-56
restart...
0.048000000000000057 9.905231565637012e-56
restart...
0.05550000000000003 8.709541409146847e-55
restart...
0.030499999999999968 8.907392294376828e-63
restart...
0.045499999999999964 1.3551291653788784e-54
restart...
0.05249999999999996 4.254105037718541e-57
restart...
0.045750000000000006 1.0085869658352033e-59
restart...
0.05525 1.585911890044138e-53
restart...
0.05099999999999998 8.13118929286562e-54
restart...
0.022250000000000002 1.4351812337451895e-72
restart...
0.04700000000000002 7.617663806516845e-57
restart...
Sampling time (10 samples): 8499.9253 seconds
/scratch/users/yanlan/Retrieval_0705/Output/AM_PM_ET_181_409_00
0.019999999999999997 2.7470343258944132e-42
restart...
0.023000000000000013 1.2540089458409095e-41
0.037 5.430246681353685e-62
restart...
0.03524999999999998 2.3990133192360916e-59
restart...
0.039499999999999966 6.363729374610871e-59
restart...
0.03925 1.6552517380003007e-58
restart...
0.0325 2.2035923785730903e-61
restart...
0.03699999999999993 9.579406981396576e-60
restart...
0.03675000000000005 1.667036592563594e-60
restart...
0.03675000000000012 1.0990631312747667e-59
restart...
0.040750000000000015 6.368264349878332e-58
restart...
0.03450000000000002 5.477567299161042e-62
restart...
0.032749999999999925 1.3232400547388432e-60
restart...
0.039000000000000055 1.0375595677726568e-58
restart...
0.030750000000000013 9.682524901942776e-65
restart...
Sampling time (10 samples): 8540.7558 seconds
/scratch/users/yanlan/Retrieval_0705/Output/AM_PM_ET_187_312_00
0.01549999999999996 3.9141651327307926e-42
restart...
0.014499999999999996 1.800044751663048e-42
restart...
0.038000000000000006 1.944956364196239e-37
0.12025000000000005 1.2899647985720238e-42
0.11333333333333337 3.2280260598731803e-55
restart...
0.06349999999999983 1.000744809129077e-54
restart...
0.0725 2.923367180665185e-53
restart...
0.13424999999999973 3.196177986953606e-39
0.12049999999999979 7.647333510078098e-55
restart...
0.07550000000000016 3.35987568296573e-54
restart...
0.07200000000000017 7.508698299996891e-51
restart...
0.10499999999999993 1.5217238782214624e-47
0.11299999999999996 3.181638961953099e-55
restart...
0.09475000000000007 1.9723023987480395e-47
0.10816666666666692 1.2058590982495066e-53
restart...
Sampling time (10 samples): 8538.4794 seconds
/scratch/users/yanlan/Retrieval_0705/Output/AM_PM_ET_193_229_00
0.008500000000000014 1.2792137506272515e-44
restart...
0.020500000000000015 9.482034092428085e-40
0.0675 4.1467081181376454e-50
restart...
0.10000000000000002 1.5267234699405968e-45
0.12050000000000005 1.4606532208241068e-49
restart...
0.07474999999999986 8.691981311764104e-46
0.11166666666666648 1.2935450875799688e-49
restart...
0.048749999999999995 8.912406570119555e-53
restart...
0.05400000000000007 3.025891664586027e-51
restart...
0.05575 1.5197237535265386e-52
restart...
0.049749999999999954 1.6253860838543707e-54
restart...
0.051749999999999984 2.4353626459734666e-53
restart...
0.054500000000000014 6.79559281120325e-50
restart...
0.05700000000000005 6.450573080454053e-52
restart...
0.07475000000000004 2.9883985508033186e-46
Sampling time (10 samples): 8632.7141 seconds
