/scratch/users/yanlan/Retrieval_0705/Output/AM_PM_ET_163_355_00
0.01900000000000001 6.038277366183601e-42
restart...
0.01249999999999999 5.891158744257689e-45
restart...
0.023000000000000013 1.534584419358197e-41
0.0825 2.992216450764029e-48
0.11950000000000005 4.419795122530112e-50
restart...
0.06400000000000003 3.2734011793826705e-51
restart...
0.0725000000000002 2.363852179020455e-51
restart...
0.08474999999999991 2.4641916624852766e-49
restart...
0.07275000000000008 3.680093477528887e-49
restart...
0.07850000000000021 2.4705246790358327e-48
0.11450000000000023 5.64020316614516e-49
restart...
0.06824999999999987 3.834524218334944e-51
restart...
0.05674999999999995 5.3660921798090645e-53
restart...
0.06474999999999992 2.95374943200496e-51
restart...
0.06649999999999993 1.1089032592656284e-51
restart...
Sampling time (10 samples): 7742.2165 seconds
/scratch/users/yanlan/Retrieval_0705/Output/AM_PM_ET_169_264_00
0.028500000000000036 4.3150937768789215e-36
0.0895 5.496182423334786e-44
0.11800000000000002 3.8891548472311183e-47
0.144625 8.630416768925281e-48
0.16830000000000034 2.7586608979027896e-46
0.17000000000000004 6.2407604534474255e-49
restart...
0.14540000000000017 1.659995531122544e-50
restart...
0.14429999999999987 8.640500527216661e-52
restart...
0.14109999999999936 1.203788993730667e-53
restart...
0.146500000000001 5.114116903027447e-52
restart...
0.14339999999999994 8.49662866773704e-52
restart...
0.14290000000000072 1.93385872679051e-52
restart...
0.14710000000000029 9.146317070755519e-53
restart...
0.1403000000000001 2.5890622916126377e-52
restart...
0.14449999999999968 1.139814365502131e-52
restart...
Sampling time (10 samples): 7875.6478 seconds
/scratch/users/yanlan/Retrieval_0705/Output/AM_PM_ET_174_413_00
0.020000000000000004 1.510382476089385e-40
0.03725000000000002 2.052829465212638e-61
restart...
0.030999999999999937 5.966738859991926e-64
restart...
0.03525 1.587268146217691e-62
restart...
0.038750000000000014 1.480347108791417e-59
restart...
0.04175000000000001 3.713281853929658e-60
restart...
0.035500000000000004 2.7394240168782626e-59
restart...
0.03950000000000001 6.545119262124942e-62
restart...
0.03450000000000008 4.052989512423184e-64
restart...
0.044249999999999956 4.323149348216725e-59
restart...
0.040999999999999974 1.0543852887574752e-59
restart...
0.026750000000000003 2.9514573416830077e-65
restart...
0.03724999999999995 3.219736571416035e-61
restart...
0.029749999999999985 3.6458271279224324e-64
restart...
0.0485 1.010133307746651e-56
restart...
Sampling time (10 samples): 7578.6480 seconds
/scratch/users/yanlan/Retrieval_0705/Output/AM_PM_ET_180_287_00
0.010999999999999998 6.387206535594084e-45
restart...
0.031 1.8930668048463205e-38
0.12650000000000006 8.185423251204382e-40
0.18050000000000035 7.752132888423279e-37
0.2096249999999998 1.2578134775362455e-36
0.17459999999999967 2.0017406972594614e-66
restart...
0.18700000000000022 4.551092336515773e-51
restart...
0.17829999999999988 2.9757306962724062e-61
restart...
0.18810000000000002 6.587750858650225e-50
restart...
0.1804999999999998 2.209359531353925e-58
restart...
0.17669999999999944 7.057854280593922e-62
restart...
0.17839999999999975 9.730355823309638e-58
restart...
0.18769999999999953 6.1535978497907565e-53
restart...
0.1783999999999998 2.2084282341387723e-60
restart...
0.17449999999999982 3.986332591970249e-70
restart...
Sampling time (10 samples): 8032.0106 seconds
/scratch/users/yanlan/Retrieval_0705/Output/AM_PM_ET_185_375_00
0.41299999999999987 9.371283102873445e-13
0.3704999999999999 4.2644958025146706e-13
0.3528333333333328 1.1709007417062944e-12
0.3478749999999995 3.904791094109017e-13
0.34299999999999975 1.5279437668031115e-12
0.3455833333333334 7.954119634832498e-13
0.34292857142857247 6.949985224167338e-13
0.3406250000000016 8.451952493571014e-13
0.33722222222222303 4.916119286216296e-13
0.3353000000000014 4.149310927757271e-13
0.3360909090909111 2.4495688893667996e-13
0.33579166666667 1.015512769467884e-12
0.3336923076923117 5.970527984921694e-13
0.3327857142857184 6.666604035030261e-13
0.3324666666666697 1.0521378586425878e-12
Sampling time (10 samples): 8072.0205 seconds
/scratch/users/yanlan/Retrieval_0705/Output/AM_PM_ET_191_299_00
0.033999999999999996 2.3128051771078855e-40
0.14025 1.2886047788563378e-41
0.19333333333333325 6.098947124782865e-39
0.2118750000000002 3.2814570013398946e-37
0.22760000000000014 7.4807900391680345e-37
0.23875 1.0940036236662503e-36
0.24257142857142863 6.839838121883e-37
0.2514999999999999 1.1501704386775741e-38
0.2600555555555561 1.209345827547229e-38
0.2690000000000008 4.379041135373582e-39
0.27609090909091033 1.4184086077727097e-38
0.2820416666666689 6.566443127291042e-39
0.2858461538461568 3.440503768801889e-39
0.28871428571428914 2.7787103799103426e-39
0.2912333333333349 2.897449473128563e-39
Sampling time (10 samples): 7192.1877 seconds
/scratch/users/yanlan/Retrieval_0705/Output/AM_PM_ET_197_229_00
0.02599999999999998 8.8504479871217e-39
0.09775000000000016 6.448652534458643e-45
0.1196666666666668 3.144424667553106e-51
restart...
0.06500000000000007 1.9738767734265538e-49
restart...
0.06099999999999996 4.8889841848679466e-51
restart...
0.07099999999999985 7.127516177879682e-49
restart...
0.05724999999999996 7.80796625488409e-51
restart...
0.06874999999999978 1.7557804307348399e-50
restart...
0.04874999999999996 8.385494943047796e-54
restart...
0.06925000000000008 1.0787986308427734e-50
restart...
0.07250000000000002 5.075440919610683e-50
restart...
0.066 4.830252873583838e-51
restart...
0.06499999999999995 9.150560455254505e-51
restart...
0.05824999999999989 1.4924176022228658e-52
restart...
0.06325000000000004 1.403202406522363e-48
Sampling time (10 samples): 7608.9288 seconds
