/scratch/users/yanlan/Retrieval_0705/Output/AM_PM_ET_160_392_00
0.0365 1.0635873446474694e-36
0.07675000000000004 9.175643682282984e-45
0.11933333333333335 3.6846358668977717e-44
0.14887500000000017 3.6081559598861905e-41
0.1639000000000007 8.310208024592474e-40
0.17000000000000112 3.4192665166842503e-39
0.17928571428571505 3.796520981005048e-39
0.18493750000000045 1.0488869345070717e-39
0.18600000000000097 2.731371636100259e-41
0.18935000000000066 1.7393265828977775e-40
0.19290909090909125 1.7096558308877167e-38
0.19716666666666718 2.7742234102195443e-38
0.19907692307692368 1.0631820171957493e-38
0.2015714285714289 5.936134611372856e-37
0.20463333333333386 1.1139576380323438e-38
Sampling time (10 samples): 7907.1449 seconds
/scratch/users/yanlan/Retrieval_0705/Output/AM_PM_ET_166_297_00
0.060000000000000026 1.3517344671883745e-34
0.15799999999999992 9.651971314019498e-35
0.21066666666666664 4.3192290555836856e-33
0.23612499999999967 1.0374069737358317e-33
0.2475999999999996 1.2795710182012892e-33
0.258083333333331 1.0049610631734323e-33
0.26421428571428485 6.327402348432473e-33
0.2666249999999993 1.958721243665946e-33
0.27561111111111053 3.247456859717138e-33
0.27760000000000007 2.5724718995007267e-33
0.28040909090909066 1.0053963112407882e-33
0.283625 5.345648992670192e-33
0.2862307692307694 1.5913911077721817e-33
0.286357142857145 1.4812799964630222e-33
0.28870000000000157 5.7431081276397754e-33
Sampling time (10 samples): 8224.3635 seconds
/scratch/users/yanlan/Retrieval_0705/Output/AM_PM_ET_172_228_00
0.012999999999999992 1.9813451188274774e-43
restart...
0.010000000000000007 3.723466748417464e-45
restart...
0.04600000000000004 1.4744359182782196e-34
0.07225000000000018 1.754044902094926e-45
0.07783333333333357 4.648566289604512e-56
restart...
0.07474999999999982 8.703192056157764e-44
0.07783333333333327 1.0993641654165565e-53
restart...
0.08274999999999999 6.490045625146906e-43
0.09466666666666661 5.941504144029686e-51
restart...
0.06399999999999992 4.1849439352631755e-49
restart...
0.07175000000000006 4.8063285081059956e-48
0.08716666666666652 7.006352093946096e-53
restart...
0.07000000000000008 7.212495694895261e-46
0.07533333333333352 1.2079828915683934e-56
restart...
0.07075000000000001 1.7009691111444896e-49
restart...
Sampling time (10 samples): 8203.9959 seconds
/scratch/users/yanlan/Retrieval_0705/Output/AM_PM_ET_177_329_00
0.01500000000000004 1.6324771950735796e-43
restart...
0.01649999999999999 1.7463473193894047e-41
restart...
0.015000000000000001 1.1246044981619037e-42
restart...
0.016499999999999994 9.681974678981843e-43
restart...
0.010499999999999999 3.5471772081331073e-44
restart...
0.010499999999999994 3.4229324774831518e-43
restart...
0.011499999999999996 3.4623125027671355e-42
restart...
0.0205 2.0733768655371355e-40
0.050750000000000114 1.260329243041551e-53
restart...
0.049750000000000044 6.877186255466623e-54
restart...
0.04224999999999996 1.7887508638997911e-56
restart...
0.06299999999999994 3.000032149486462e-49
restart...
0.05099999999999998 1.6146000005840364e-53
restart...
0.051499999999999956 1.647683852609769e-53
restart...
0.04500000000000006 2.2110823923062365e-57
restart...
Sampling time (10 samples): 7930.0781 seconds
/scratch/users/yanlan/Retrieval_0705/Output/AM_PM_ET_182_428_00
0.05049999999999992 1.5928583300356464e-33
0.10450000000000013 1.17312267961162e-38
0.12916666666666704 8.10703603437198e-40
0.1378750000000003 1.3506285455334006e-40
0.14800000000000058 4.150094029038239e-41
0.1544999999999998 2.2747181365779905e-41
0.15678571428571492 3.498691516906768e-42
0.15937500000000027 6.34331396968779e-43
0.16072222222222257 1.123462002483324e-42
0.16005000000000086 1.922378332609041e-46
/scratch/users/yanlan/Retrieval_0705/Output/AM_PM_ET_188_335_00
0.019999999999999993 1.32073400116739e-38
restart...
0.013500000000000017 9.762645947168574e-41
restart...
0.02249999999999999 9.102612840767803e-40
0.015500000000000007 2.8995669497881827e-78
restart...
0.016249999999999994 4.096349782061804e-78
restart...
0.018250000000000002 2.412065986557867e-71
restart...
0.0195 1.8170607742325118e-71
restart...
0.014249999999999959 3.0129473633178243e-81
restart...
0.016999999999999994 2.9077146292979584e-76
restart...
0.012499999999999989 4.827536234183371e-83
restart...
0.018249999999999992 1.932387602821005e-72
restart...
0.014499999999999987 1.7910604295641565e-78
restart...
0.018249999999999985 8.057299535320009e-73
restart...
0.014749999999999982 2.8451363003154266e-77
restart...
0.01624999999999997 1.06188029453218e-76
restart...
Sampling time (10 samples): 7877.0519 seconds
/scratch/users/yanlan/Retrieval_0705/Output/AM_PM_ET_194_256_00
0.02899999999999998 1.0674171450013166e-38
0.05625000000000002 1.425735937070104e-51
restart...
0.09175000000000004 4.808590173328583e-44
0.1304999999999999 8.604765582644362e-46
0.14675000000000007 1.0631576756191349e-46
0.1582000000000004 1.2136008400569575e-45
0.16774999999999984 2.5876784454824376e-46
0.1718571428571426 6.084531631637831e-46
0.1733749999999998 9.260395126868312e-46
0.17638888888888862 2.0633316725232187e-44
0.17924999999999994 1.3829589093467844e-44
0.18259090909090883 5.761468724446204e-44
0.18612499999999985 9.030858403528865e-43
0.18742307692307697 4.2148879302823605e-43
0.18821428571428614 3.2526977614085524e-42
Sampling time (10 samples): 7636.4397 seconds
