/scratch/users/yanlan/Retrieval_0705/Output/AM_PM_ET_165_299_00
0.07549999999999998 2.6730021044678226e-32
0.1784999999999998 3.1406861726786063e-34
0.2004999999999995 8.043128945321272e-35
0.22512499999999958 5.279927864673468e-35
0.24249999999999972 8.181191645659135e-35
0.24783333333333332 6.540068784184583e-36
0.2515714285714284 3.505382747417133e-35
0.25831249999999806 6.372294209574541e-35
0.26349999999999835 7.638470203495558e-35
0.2635999999999978 8.56550410629682e-35
0.26495454545454394 1.9832243497096223e-34
0.2667499999999983 3.856392764289546e-35
0.26707692307692243 8.649428104842956e-35
0.26646428571428427 9.788015544008552e-34
0.26766666666666566 1.4432472173390335e-33
Sampling time (10 samples): 7886.8972 seconds
/scratch/users/yanlan/Retrieval_0705/Output/AM_PM_ET_170_445_00
0.05599999999999999 1.3029705611336493e-34
0.09599999999999981 2.199313533117656e-41
0.12466666666666643 5.225315335447345e-42
0.13462500000000077 6.320836613170556e-43
0.1418000000000009 5.943018249538005e-44
0.14683333333333368 6.680884334138787e-46
0.1459285714285717 3.849889912088371e-50
restart...
0.09175000000000019 1.3201455719194593e-39
0.12133333333333321 1.0260848542714028e-41
0.1343750000000002 4.0436030035021684e-42
0.14559999999999979 1.4199097747195316e-43
0.15433333333333293 4.7415204447255954e-45
0.15728571428571403 6.066724675969911e-45
0.1596249999999996 3.600839364439792e-45
0.1628888888888885 1.2681830397493731e-45
Sampling time (10 samples): 9013.1657 seconds
/scratch/users/yanlan/Retrieval_0705/Output/AM_PM_ET_176_332_00
0.034500000000000024 1.4524850281724952e-36
0.11425 8.095345759748466e-39
0.17216666666666683 1.594945141608113e-36
0.20500000000000027 4.89694458168144e-34
0.22230000000000036 3.000112635790372e-33
0.19741666666666685 3.36392573658996e-57
restart...
0.23433333333333378 1.3303479982236886e-32
0.2443571428571434 1.072666316690853e-31
0.2484375000000003 1.8510531208047141e-31
0.25405555555555526 1.111821102220393e-31
0.24810000000000038 9.844368981702501e-37
0.24731818181818208 2.624063935064485e-35
0.252125000000001 2.4228351013726622e-34
0.2536153846153854 2.4929000290510517e-33
0.25528571428571506 4.8240830049915694e-33
Sampling time (10 samples): 8015.0293 seconds
/scratch/users/yanlan/Retrieval_0705/Output/AM_PM_ET_181_442_00
0.024499999999999994 1.6564959370313405e-39
0.05349999999999996 6.641577227892814e-55
restart...
0.05424999999999997 2.81387997334319e-52
restart...
0.07475000000000001 2.794678366206568e-46
0.12433333333333343 1.8849976726364417e-45
0.15500000000000067 1.2640324865702533e-41
0.17940000000000023 3.539912298061282e-40
0.192916666666667 4.1442389166831236e-40
0.20785714285714313 1.3497515058948747e-37
0.1884375000000001 9.953104344912117e-64
restart...
0.21150000000000013 1.768543849360719e-41
0.19205555555555584 3.574960658967029e-65
restart...
0.19383333333333364 1.9902280451601954e-64
restart...
0.1927222222222224 5.70139771369846e-64
restart...
0.1940555555555553 1.661559456310573e-64
restart...
Sampling time (10 samples): 7935.8923 seconds
/scratch/users/yanlan/Retrieval_0705/Output/AM_PM_ET_187_339_00
0.009999999999999997 4.3654296796833296e-45
restart...
0.008000000000000007 5.701166663510787e-46
restart...
0.015499999999999996 3.1644745502330225e-40
restart...
0.009999999999999985 6.483899402051505e-46
restart...
0.014000000000000018 2.3166705764051304e-42
restart...
0.025999999999999995 7.447369381022873e-39
0.07950000000000024 1.93081942777833e-46
0.13883333333333325 2.0377582784758744e-45
0.1840000000000008 9.467055822301981e-42
0.20200000000000048 2.6343669119590002e-39
0.22175000000000045 5.291618960217875e-38
0.22207142857142861 1.6573338538607092e-40
0.22962500000000008 1.0752440667528867e-38
0.23844444444444435 1.5981591816100037e-37
0.24679999999999985 3.7154987335252076e-37
Sampling time (10 samples): 8005.3256 seconds
/scratch/users/yanlan/Retrieval_0705/Output/AM_PM_ET_193_256_00
0.024999999999999994 5.7623058416861884e-40
0.15175000000000013 1.595602734996356e-38
0.19300000000000067 3.322255016693837e-38
0.22600000000000062 7.64931905388036e-37
0.2395000000000004 1.881483549378606e-37
0.2556666666666663 9.571188853753447e-37
0.2682142857142842 4.380051524830649e-37
0.28106249999999794 1.6902256350612082e-37
0.28627777777777447 6.4088162889916e-38
0.2900499999999967 1.2354123605047656e-37
0.29513636363636025 7.301064669380351e-38
0.2953749999999977 1.610619613227693e-38
0.29680769230768833 1.803872553750645e-38
0.2984999999999963 3.1391569429602473e-38
0.30266666666666264 6.720991318564579e-38
Sampling time (10 samples): 8437.8425 seconds
