/scratch/users/yanlan/Retrieval_0705/Output/AM_PM_ET_162_264_00
0.07749999999999996 2.857783585360075e-32
0.14124999999999996 6.154044596918587e-38
0.1391666666666674 1.4883418352548917e-52
restart...
0.09475000000000001 2.776223765043344e-47
0.09366666666666655 5.145218542515513e-61
restart...
0.09916666666666682 3.621595993349563e-59
restart...
0.09533333333333327 3.1142281622560844e-60
restart...
0.0858333333333335 2.842269410201078e-63
restart...
0.07899999999999995 7.919652035760836e-67
restart...
0.078 9.74652972413585e-69
restart...
0.07983333333333337 7.801869580755587e-70
restart...
0.09816666666666657 4.3518271525257643e-63
restart...
0.09899999999999987 8.363558607823695e-60
restart...
0.09983333333333362 1.0412550353181981e-58
restart...
0.10283333333333296 5.11768173394566e-58
restart...
Sampling time (10 samples): 9636.9329 seconds
/scratch/users/yanlan/Retrieval_0705/Output/AM_PM_ET_167_384_00
0.028000000000000018 2.039032399879585e-39
0.07024999999999987 9.61981167439872e-49
restart...
0.05049999999999994 1.0488463012544139e-55
restart...
0.04725000000000003 2.0630769778941666e-53
restart...
0.04774999999999999 1.5760110757584227e-54
restart...
0.05 7.995417636670427e-55
restart...
0.0637499999999999 3.928880501940661e-52
restart...
0.046999999999999965 2.05847545631166e-54
restart...
0.056749999999999946 5.201188562183302e-53
restart...
0.05400000000000006 2.1301706710989518e-54
restart...
0.05275000000000005 6.503578056152421e-53
restart...
0.04825000000000005 1.18147205376572e-55
restart...
0.06124999999999991 4.322440950948936e-50
restart...
0.05499999999999998 9.110563904916854e-53
restart...
0.04275000000000012 3.398827799949497e-56
restart...
Sampling time (10 samples): 8141.7039 seconds
/scratch/users/yanlan/Retrieval_0705/Output/AM_PM_ET_173_332_00
0.015999999999999986 4.1730623626239706e-42
restart...
0.010999999999999994 2.8671529516374155e-43
restart...
0.019500000000000003 7.550458221960636e-40
restart...
0.010000000000000009 8.257287597117791e-46
restart...
0.011000000000000001 1.9483107291871266e-44
restart...
0.006000000000000032 2.699975825482126e-48
restart...
0.010000000000000009 5.622160918098881e-44
restart...
0.009500000000000007 5.781024024650273e-45
restart...
0.011000000000000005 2.400348926254537e-44
restart...
0.011500000000000003 2.0997574160575934e-43
restart...
0.01350000000000002 7.49556554401225e-43
restart...
0.006500000000000009 1.5724410459733238e-45
restart...
0.007000000000000001 1.0557265885342232e-46
restart...
0.011999999999999995 2.6957906317312833e-43
restart...
0.004500000000000008 2.519082630144503e-48
restart...
Sampling time (10 samples): 8329.5296 seconds
/scratch/users/yanlan/Retrieval_0705/Output/AM_PM_ET_178_423_00
0.019500000000000007 1.2408883384876778e-39
restart...
0.019500000000000007 1.2641913795762316e-39
restart...
0.026500000000000006 4.966029566075834e-39
0.03799999999999996 1.3923949188485901e-58
restart...
0.0337500000000001 1.493069306597761e-60
restart...
0.03524999999999996 6.766662493841431e-59
restart...
0.015499999999999983 3.6590371616522934e-81
restart...
0.03450000000000007 7.5166691261849735e-62
restart...
0.04225 3.878287521438317e-56
restart...
0.03875 3.4651487847371913e-57
restart...
0.03624999999999997 7.50432779348234e-59
restart...
0.03824999999999989 1.615423883006817e-58
restart...
0.018 2.4719521665181905e-78
restart...
0.02625000000000002 4.2276389834432785e-70
restart...
0.03849999999999997 4.681543349986956e-59
restart...
Sampling time (10 samples): 7691.3447 seconds
/scratch/users/yanlan/Retrieval_0705/Output/AM_PM_ET_184_285_00
0.022500000000000003 2.7575659477722827e-40
0.05449999999999998 8.03174333118562e-54
restart...
0.060999999999999915 4.506783853284954e-54
restart...
0.05574999999999992 7.015792724892564e-56
restart...
0.05949999999999999 1.5309350982097266e-55
restart...
0.06125000000000003 3.4830979663505264e-54
restart...
0.047249999999999986 1.9292089758701021e-56
restart...
0.05224999999999993 9.284790292660357e-55
restart...
0.061750000000000124 2.40904094140403e-54
restart...
0.05750000000000001 1.0954991130212985e-53
restart...
0.057749999999999885 2.394020524494806e-53
restart...
0.05525000000000011 3.444209928929154e-54
restart...
0.05600000000000007 1.6928858151182374e-56
restart...
0.05450000000000003 2.5265207959139287e-55
restart...
0.05774999999999996 3.0242102925616256e-56
restart...
Sampling time (10 samples): 7675.0200 seconds
/scratch/users/yanlan/Retrieval_0705/Output/AM_PM_ET_189_417_00
0.02250000000000001 1.526262068120397e-39
0.09124999999999989 4.561980555460748e-44
0.1425 3.5398653142786036e-41
0.18787500000000015 1.2324888948173584e-37
0.21740000000000004 4.459926292871592e-36
0.23425000000000043 1.9057524603226476e-35
0.2439285714285721 1.2248735561405177e-34
0.24887500000000073 1.5331128167599179e-35
0.25227777777777805 2.829932989869459e-35
0.2572500000000004 3.01103064992336e-35
0.25927272727272893 6.859912735462425e-36
0.2646666666666693 1.5813085200833848e-36
0.2668846153846179 1.0255696420928221e-36
0.2668928571428611 4.8899520838423203e-39
0.26943333333333713 5.0107178771652094e-39
Sampling time (10 samples): 7609.4711 seconds
/scratch/users/yanlan/Retrieval_0705/Output/AM_PM_ET_195_334_00
0.011000000000000012 7.079808549486042e-44
restart...
0.0075000000000000015 2.7185152225345727e-45
restart...
0.01 8.440837163667841e-44
restart...
0.0155 2.8390561335534043e-42
restart...
0.017500000000000005 1.2229549934500043e-41
restart...
0.005500000000000007 9.255429270949844e-48
restart...
0.013999999999999973 3.4620940817493446e-41
restart...
0.011999999999999995 4.58173819640811e-43
restart...
0.015000000000000006 2.3437407319151225e-43
restart...
0.016499999999999966 7.03880472182906e-42
restart...
0.0044999999999999945 3.2471251362423804e-48
restart...
0.005499999999999995 1.1783700790946129e-48
restart...
0.010500000000000008 3.2598185270882464e-45
restart...
0.015000000000000017 3.1253001452942095e-42
restart...
0.0030000000000000014 4.283611145961611e-50
restart...
Sampling time (10 samples): 8201.0857 seconds
