/scratch/users/yanlan/Retrieval_0705/Output/AM_PM_ET_201_232_00
0.015499999999999996 8.110034579068222e-42
restart...
0.014999999999999998 4.268604740493415e-41
restart...
0.012500000000000004 6.4776638174817684e-43
restart...
0.01449999999999998 2.9868915606025436e-43
restart...
0.011000000000000005 9.47131226050709e-44
restart...
0.026999999999999993 1.3728364923394056e-41
0.053499999999999985 3.343441900776909e-56
restart...
0.03649999999999995 1.5462692986610013e-67
restart...
0.034999999999999955 6.3602169384856e-69
restart...
0.04525000000000003 2.3022297150134554e-58
restart...
0.028250000000000015 1.8901062650561855e-71
restart...
0.047250000000000014 8.767006541213184e-61
restart...
0.029750000000000013 1.3958318523190246e-69
restart...
0.04525000000000003 2.719099232700519e-59
restart...
0.027750000000000007 4.774060362876191e-72
restart...
Sampling time (10 samples): 7714.9634 seconds
/scratch/users/yanlan/Retrieval_0705/Output/AM_PM_ET_207_241_00
0.03800000000000007 3.722899510461903e-37
0.10724999999999994 1.8133714983110703e-40
0.12100000000000019 3.406137587933038e-56
restart...
0.0999999999999999 2.628803265858496e-39
0.1519999999999999 3.213230911345693e-38
0.19324999999999945 2.3170701210345895e-36
0.22479999999999908 2.7536016274965468e-36
0.24733333333333216 2.0969591673866676e-36
0.2582857142857123 4.30788418278547e-36
0.2682499999999975 3.4618754337782185e-36
0.2754444444444415 3.676358898209213e-36
0.2844999999999972 7.773754625815088e-36
0.28804545454545133 2.0377116162896626e-36
0.29187499999999555 7.515461385363942e-37
0.2959230769230719 1.568232463882079e-36
Sampling time (10 samples): 7681.9505 seconds
/scratch/users/yanlan/Retrieval_0705/Output/AM_PM_ET_213_410_00
0.02500000000000001 6.440790722909213e-41
0.13074999999999998 4.5041958842993256e-41
0.19149999999999998 1.8067608272257609e-37
0.20737500000000023 2.7766619084464444e-35
0.21530000000000032 2.003806987565202e-34
0.22825000000000037 2.3174772827902358e-32
0.24185714285714344 5.859402986606685e-32
0.2551250000000006 8.591472357037515e-32
0.2566111111111114 6.45142807616605e-33
0.25774999999999976 1.7556056456435483e-32
0.2652727272727253 2.934470852755831e-32
0.27079166666666377 5.864060362925026e-32
0.27588461538461095 8.30722389491656e-32
0.27714285714285297 5.882735645587891e-32
0.2726333333333294 2.3885290173645596e-35
Sampling time (10 samples): 7636.3490 seconds
/scratch/users/yanlan/Retrieval_0705/Output/AM_PM_ET_220_272_00
0.015000000000000003 6.335659703849205e-41
restart...
0.016500000000000015 3.1638207979063755e-41
restart...
0.025500000000000002 2.508306527602958e-41
0.14475000000000024 9.462374898018141e-42
0.16416666666666702 5.796159309487063e-45
0.19075000000000059 4.603765884708893e-44
0.2191000000000002 7.07478956686188e-44
0.2189166666666667 6.916207636561664e-49
restart...
0.21316666666666703 1.2344380209733108e-49
restart...
0.21716666666666679 6.495838188219496e-49
restart...
0.22141666666666673 3.089761462362026e-45
0.2265714285714289 9.47730536766924e-46
0.2406875000000004 1.6059022712058517e-46
0.25038888888888927 4.912438175540152e-46
0.2541000000000011 4.0190449719489666e-47
Sampling time (10 samples): 7722.6646 seconds
/scratch/users/yanlan/Retrieval_0705/Output/AM_PM_ET_227_257_00
0.37999999999999984 9.450315593399356e-13
0.3532499999999997 9.280231092058563e-13
0.34633333333333227 7.392410529010864e-13
0.3462499999999996 4.5052531732393494e-13
0.3416 4.142088242608587e-13
0.3400000000000007 2.7565029752995045e-13
0.33678571428571524 1.3762235066366152e-12
0.3328750000000014 6.818597261151011e-13
0.33111111111111174 1.0720836998605485e-12
0.33030000000000137 6.492860551653026e-13
0.32972727272727476 5.498360702797962e-13
0.32795833333333646 6.864727868383451e-13
0.3285769230769261 9.191155897487051e-13
0.3291785714285731 7.021527641928401e-13
0.3274000000000014 1.4103168509939694e-12
Sampling time (10 samples): 7899.1471 seconds
/scratch/users/yanlan/Retrieval_0705/Output/AM_PM_ET_235_325_00
0.045 9.416799390976127e-35
0.08949999999999994 4.526173510134124e-42
0.11916666666666687 8.27846502115823e-46
0.14062500000000042 2.1582645048274166e-46
0.17380000000000065 1.148050586091051e-43
0.20175000000000007 8.604468407683844e-42
0.22050000000000008 2.1617439769551983e-42
0.23987500000000034 5.169275396645124e-42
0.25194444444444447 1.2240807012923699e-41
0.2592500000000002 2.021822839385953e-41
0.26727272727272744 5.639926180959271e-42
0.27433333333333515 1.2649688522836372e-41
0.28146153846153893 1.0344664352353013e-41
0.29121428571428615 2.888009736557931e-41
0.2918666666666664 1.9277824926925077e-41
Sampling time (10 samples): 7789.6099 seconds
/scratch/users/yanlan/Retrieval_0705/Output/AM_PM_ET_246_323_00
0.047000000000000014 9.702093946769745e-36
0.16374999999999978 4.729037728356563e-33
0.21950000000000003 2.6544722426451945e-31
0.2571250000000011 3.901442704408442e-31
0.27440000000000075 8.081331948137945e-31
0.29075000000000145 5.679957814293709e-31
0.3015000000000011 2.464105269948403e-31
0.308187500000001 5.7303468861380895e-31
0.3125000000000006 3.4521613293648074e-31
0.31730000000000086 6.152002025628191e-31
0.31927272727272743 5.28793591052342e-31
0.3229583333333354 1.2587101344823784e-30
0.32496153846154135 8.183222599857737e-32
0.3292857142857173 2.1684488055031167e-31
0.33233333333333603 8.42251049672516e-31
Sampling time (10 samples): 7612.8985 seconds
