/scratch/users/yanlan/Retrieval_0705/Output/AM_PM_ET_200_368_00
0.018999999999999993 6.768574927746209e-42
restart...
0.011500000000000005 2.3909169828022177e-44
restart...
0.011000000000000003 3.0346822305846723e-43
restart...
0.019000000000000017 2.0564839669822177e-42
restart...
0.009500000000000001 6.26261395830989e-45
restart...
0.024499999999999994 4.333803621581188e-40
0.06700000000000005 1.9519210027699137e-50
restart...
0.08725000000000006 4.731234020732696e-47
0.1116666666666668 3.265840512502621e-52
restart...
0.07725000000000001 9.342192875217956e-47
0.119 1.1994230565141378e-48
0.1296249999999997 1.0419476633817744e-52
restart...
0.07100000000000004 5.1148712555702807e-48
0.08266666666666682 1.1224815932950534e-57
restart...
0.08274999999999985 4.653571192241788e-47
Sampling time (10 samples): 8060.2395 seconds
/scratch/users/yanlan/Retrieval_0705/Output/AM_PM_ET_206_355_00
0.02850000000000002 4.680459591013201e-38
0.06700000000000007 3.147541924782382e-51
restart...
0.059999999999999956 2.234161580187721e-53
restart...
0.058500000000000045 4.828569265121306e-54
restart...
0.07950000000000008 3.855305264302704e-50
restart...
0.04300000000000001 1.7919834085700814e-57
restart...
0.06274999999999994 1.8736565433730536e-51
restart...
0.046250000000000006 1.7728242962207247e-56
restart...
0.06825000000000005 3.010268802428567e-51
restart...
0.06750000000000007 2.6417250501928874e-52
restart...
0.04650000000000006 6.297778185566224e-58
restart...
0.05399999999999997 3.046679431727536e-54
restart...
0.02200000000000001 9.497124238497721e-74
restart...
0.07124999999999995 1.7034995915927008e-52
restart...
0.07099999999999988 1.5753991842977484e-48
Sampling time (10 samples): 8260.8073 seconds
/scratch/users/yanlan/Retrieval_0705/Output/AM_PM_ET_213_334_00
0.04050000000000001 6.794950540754668e-36
0.09774999999999993 1.4099835468192244e-40
0.1275 1.1036026980451018e-40
0.14312499999999975 1.0278962050572179e-46
0.16469999999999976 1.2444734740887652e-45
0.18066666666666684 6.669239696699228e-46
0.1997857142857135 9.392773032144807e-47
0.21574999999999958 1.0144631616045962e-46
0.22672222222222163 1.6128409884811709e-46
0.23384999999999945 5.384440523805552e-47
0.24059090909090836 4.065607448399805e-47
0.24654166666666547 8.063811282629667e-47
0.25196153846153657 1.0019476293641285e-46
0.2597142857142855 2.7153418178507422e-46
0.26529999999999954 3.211015412282758e-47
Sampling time (10 samples): 8269.1754 seconds
/scratch/users/yanlan/Retrieval_0705/Output/AM_PM_ET_219_397_00
0.02549999999999998 1.2170302303188907e-37
0.02174999999999999 1.7141713478164532e-69
restart...
0.024499999999999963 7.1167925453961995e-68
restart...
0.022500000000000003 5.550476310856745e-68
restart...
0.024 4.380125420150522e-66
restart...
0.023999999999999955 1.9002351446813963e-67
restart...
0.021249999999999977 7.793299333338505e-68
restart...
0.021499999999999974 2.506769970764164e-70
restart...
0.02149999999999996 7.285670371804418e-69
restart...
0.02299999999999998 6.416357020765778e-66
restart...
0.020499999999999942 1.5431844012360123e-69
restart...
0.022500000000000006 3.5317556127420916e-68
restart...
0.062249999999999944 4.062453736755884e-55
restart...
0.02425 1.6100254045259782e-66
restart...
0.028000000000000004 4.871154290838734e-66
restart...
Sampling time (10 samples): 8188.7073 seconds
/scratch/users/yanlan/Retrieval_0705/Output/AM_PM_ET_226_345_00
0.01949999999999999 6.71809653713157e-41
restart...
0.05050000000000004 2.061404863688703e-34
0.09499999999999999 9.715498002238855e-40
0.10516666666666644 5.160612507176783e-43
0.11887499999999987 7.914118764654888e-45
0.1323999999999999 2.782591764259551e-47
0.146833333333333 1.3396507818992538e-48
0.159428571428571 6.089259361613278e-50
restart...
0.08700000000000012 4.4996637720763024e-40
0.08316666666666687 2.4275814010792905e-59
restart...
0.08424999999999984 4.115605115736497e-44
0.09416666666666669 8.644592245685982e-51
restart...
0.08849999999999984 4.53765875814524e-41
0.10416666666666653 1.2247454539979751e-46
0.10749999999999985 2.6988241257305285e-52
restart...
Sampling time (10 samples): 8360.5883 seconds
/scratch/users/yanlan/Retrieval_0705/Output/AM_PM_ET_235_277_00
0.020500000000000046 6.741805139571585e-39
0.03999999999999997 1.4344897550086087e-54
restart...
0.02950000000000004 1.1490930392387373e-63
restart...
0.02775000000000003 1.4024194029240639e-62
restart...
0.04050000000000007 1.1847499482415774e-55
restart...
0.030749999999999927 1.436917808340213e-59
restart...
0.02174999999999996 9.833235627675928e-67
restart...
0.02475000000000002 5.3296467999479045e-64
restart...
0.025250000000000036 5.297067697657473e-65
restart...
0.022500000000000044 1.984569518573069e-67
restart...
0.026500000000000013 8.671597139666123e-65
restart...
0.020250000000000008 6.152243946237741e-69
restart...
0.027250000000000017 1.0391993411364119e-61
restart...
0.026750000000000017 1.9298719444704602e-62
restart...
0.024250000000000008 1.7070014860448797e-63
restart...
Sampling time (10 samples): 10174.7369 seconds
/scratch/users/yanlan/Retrieval_0705/Output/AM_PM_ET_246_265_00
0.022999999999999965 1.286026301018102e-40
0.06599999999999999 8.379132886466012e-52
restart...
0.06225000000000005 1.8086846237525016e-51
restart...
0.06699999999999998 2.8946139836290255e-50
restart...
0.06200000000000005 1.8497741144175377e-50
restart...
0.05999999999999998 5.596408493287163e-50
restart...
0.06325000000000004 1.1897936627593967e-50
restart...
0.06824999999999995 3.8508015552678846e-50
restart...
0.07324999999999995 1.0365189849234364e-48
0.0826666666666668 2.910318439353362e-63
restart...
0.06949999999999998 2.6197025532685684e-50
restart...
0.06825000000000003 1.1528618519552042e-49
restart...
0.066 4.00772385322424e-50
restart...
0.05999999999999996 1.044323084359386e-51
restart...
0.05824999999999997 2.1990377737763966e-53
restart...
Sampling time (10 samples): 8297.8927 seconds
