/scratch/users/yanlan/Retrieval_0705/Output/AM_PM_ET_201_269_00
0.026499999999999985 8.079462025175048e-38
0.07724999999999986 1.435419968157418e-48
0.14533333333333331 5.056903033936022e-44
0.18874999999999992 1.856282543611477e-39
0.21900000000000036 8.9118013735719e-37
0.23749999999999982 1.6457341039140634e-33
0.2110714285714283 9.29122496044441e-63
restart...
0.25171428571428556 4.55742810110888e-33
0.22449999999999992 2.8297016313381844e-66
restart...
0.265062499999999 6.46127304472397e-33
0.2705555555555543 2.5335889961708512e-39
0.2471499999999991 1.2892930651912375e-66
restart...
0.2457499999999987 2.2312877249240232e-69
restart...
0.24709999999999674 4.440504532726626e-68
restart...
0.2466499999999995 1.555694178799874e-69
restart...
Sampling time (10 samples): 8270.9036 seconds
/scratch/users/yanlan/Retrieval_0705/Output/AM_PM_ET_207_277_00
0.02450000000000002 3.5218567929071475e-40
0.14324999999999996 5.904032117782589e-38
0.18650000000000014 7.66453770188697e-34
0.21725000000000044 8.82586690402757e-31
0.2323000000000008 1.425354751049044e-29
0.24775000000000075 1.7418610671578161e-28
0.2600714285714302 9.457740222837587e-29
0.27081250000000157 7.740979192641985e-29
0.27633333333333465 5.436087060357225e-29
0.27885000000000204 1.2271565795519495e-28
0.2870454545454561 5.594872541600357e-29
0.289791666666669 1.822475486674799e-28
0.29465384615384876 4.452859211443134e-29
0.2946785714285745 7.673778390510651e-29
0.29680000000000323 8.848072223191591e-29
Sampling time (10 samples): 8036.8627 seconds
/scratch/users/yanlan/Retrieval_0705/Output/AM_PM_ET_214_264_00
0.01849999999999999 9.28086998119476e-41
restart...
0.023999999999999997 8.226202525403953e-41
0.0775000000000001 4.1321372760603665e-49
restart...
0.07349999999999995 9.660194815254363e-49
restart...
0.0705000000000002 2.3649493202508882e-50
restart...
0.08000000000000004 4.363984967798874e-50
restart...
0.06874999999999988 4.2330922489514657e-50
restart...
0.07025000000000006 4.5557271095926226e-48
0.11499999999999996 6.317366594676617e-50
restart...
0.06624999999999999 1.813631851821839e-51
restart...
0.07224999999999997 2.1469854112274385e-50
restart...
0.06549999999999997 5.435973375887637e-50
restart...
0.06475 7.633598785987633e-53
restart...
0.055749999999999994 9.571723575629766e-52
restart...
0.07149999999999997 2.3867683371056335e-50
restart...
Sampling time (10 samples): 7838.3454 seconds
/scratch/users/yanlan/Retrieval_0705/Output/AM_PM_ET_220_308_00
0.04100000000000001 3.584858215337569e-36
0.17950000000000005 2.5380504509852966e-33
0.20916666666666697 4.74269363304593e-37
0.15875000000000017 1.9950368364145158e-76
restart...
0.1607500000000003 4.19719022360195e-73
restart...
0.16000000000000023 5.040071162745889e-74
restart...
0.15900000000000022 7.198010307580671e-75
restart...
0.15987500000000016 3.0561073224461667e-73
restart...
0.15825000000000025 1.654149102755298e-76
restart...
0.15725000000000022 7.617153226341874e-81
restart...
0.1581250000000003 4.490862764665232e-77
restart...
0.1593750000000002 2.699160223404411e-74
restart...
0.1598750000000003 1.0808598565178654e-73
restart...
0.16075000000000017 3.7254165525500935e-73
restart...
0.15862500000000015 1.159356828913605e-75
restart...
Sampling time (10 samples): 8773.1265 seconds
/scratch/users/yanlan/Retrieval_0705/Output/AM_PM_ET_227_293_00
0.01299999999999999 6.428025541599834e-44
restart...
0.019000000000000038 2.4266152951042926e-41
restart...
0.011999999999999995 2.9119784361327277e-43
restart...
0.023000000000000003 1.6866404660100912e-39
0.03650000000000004 6.318522312772132e-65
restart...
0.03399999999999999 1.9335440136016407e-65
restart...
0.03199999999999999 3.395587190987067e-66
restart...
0.033499999999999946 6.573344212585684e-67
restart...
0.03474999999999999 1.5436358200007797e-64
restart...
0.033500000000000064 4.755719976678445e-68
restart...
0.05475000000000006 7.34060828346184e-61
restart...
0.03125000000000001 2.4313870720805183e-66
restart...
0.02925 1.2128129578243881e-67
restart...
0.0375000000000001 1.1170057638320759e-64
restart...
0.03900000000000003 1.6804749638268505e-67
restart...
Sampling time (10 samples): 8000.0317 seconds
/scratch/users/yanlan/Retrieval_0705/Output/AM_PM_ET_235_377_00
0.006999999999999994 7.126869785252329e-46
restart...
0.006499999999999993 1.2393579357497674e-46
restart...
0.0659999999999999 1.212795553831694e-35
0.15424999999999964 4.97198592742309e-36
0.1736666666666667 3.559021960930965e-36
0.20625000000000002 3.486349220192733e-35
0.22749999999999987 1.3024492635411143e-34
0.24074999999999974 2.323256249352765e-34
0.25064285714285706 1.2047365838492842e-34
0.2605624999999994 4.86828939268219e-34
0.26944444444444365 9.030245002744867e-35
0.2768999999999991 8.001783399415734e-36
0.2824090909090891 9.4079791518072e-35
0.28924999999999806 3.588975681669422e-35
0.2915769230769207 2.872395033846575e-35
Sampling time (10 samples): 7285.8674 seconds
/scratch/users/yanlan/Retrieval_0705/Output/AM_PM_ET_247_296_00
0.011 8.168980860120993e-44
restart...
0.04550000000000002 1.9749849912676507e-33
0.024500000000000053 2.1882086199629984e-74
restart...
0.02374999999999997 3.1233977732200073e-77
restart...
0.023500000000000004 7.258547059711616e-77
restart...
0.02399999999999999 9.914449561390222e-76
restart...
0.026250000000000027 1.1447522223291015e-71
restart...
0.029500000000000068 1.3649658170201722e-68
restart...
0.02525000000000006 9.779557697387509e-74
restart...
0.024499999999999925 1.2679978856654576e-75
restart...
0.024749999999999998 3.262598048865468e-75
restart...
0.02449999999999998 1.2412111846502439e-74
restart...
0.024999999999999967 5.005918065781015e-73
restart...
0.02524999999999993 4.618313635410649e-74
restart...
0.027249999999999986 1.5828632015991396e-71
restart...
Sampling time (10 samples): 7626.7364 seconds
