/scratch/users/yanlan/Retrieval_0705/Output/AM_PM_ET_203_380_00
0.02400000000000003 4.618205327318953e-39
0.12350000000000026 3.2394040221376865e-41
0.175166666666667 6.579226844977165e-39
0.1871250000000003 5.133859057420467e-41
0.19630000000000036 1.4581159419132347e-43
0.21358333333333338 1.8359359620732436e-41
0.22757142857142887 7.246588820141589e-39
0.24218750000000047 5.595949467087909e-38
0.2512777777777784 6.949224628181705e-37
0.26005000000000045 6.19457299564425e-36
0.2635909090909095 4.2722665812417356e-36
0.2676250000000022 6.10467154417521e-36
0.2738461538461551 5.728846292985583e-36
0.2761785714285726 2.8157376893054197e-36
0.2804666666666676 4.2573644221782125e-36
Sampling time (10 samples): 7808.0734 seconds
/scratch/users/yanlan/Retrieval_0705/Output/AM_PM_ET_210_287_00
0.023000000000000003 3.42195026084879e-39
0.11299999999999995 6.093385040927555e-41
0.15433333333333316 3.992524113344363e-40
0.1807499999999999 7.823597449598826e-39
0.20720000000000055 1.2526907563529082e-36
0.2166666666666667 6.019268017678976e-38
0.2320000000000003 1.369870531575767e-38
0.2490625 2.696879384508824e-38
0.2588333333333333 7.619945473549941e-39
0.2620999999999998 6.51393170360703e-38
0.2690000000000003 2.609436204820021e-38
0.2757083333333351 3.4093635767212267e-38
0.2823076923076919 4.991346651336569e-38
0.28700000000000186 9.58850297084835e-38
0.2907000000000019 5.961647976114142e-38
Sampling time (10 samples): 7698.8976 seconds
/scratch/users/yanlan/Retrieval_0705/Output/AM_PM_ET_216_409_00
0.008999999999999996 4.479152018275075e-46
restart...
0.017500000000000005 2.928707506883498e-42
restart...
0.008999999999999989 5.5584539220542796e-45
restart...
0.011000000000000003 1.9778604601477879e-44
restart...
0.028999999999999995 1.419426021828183e-38
0.11499999999999988 1.9759238057928928e-41
0.13200000000000014 5.660633598032586e-47
0.14037499999999997 3.239748753378395e-53
restart...
0.05149999999999994 1.566741850111981e-55
restart...
0.07275000000000008 9.385826879088119e-49
restart...
0.053750000000000006 1.8802080550030978e-54
restart...
0.08525000000000008 4.4838800067088894e-45
0.10233333333333333 4.7598974493822685e-52
restart...
0.09049999999999972 3.774036160353506e-45
0.09549999999999971 1.7219307199821694e-57
restart...
Sampling time (10 samples): 7746.3514 seconds
/scratch/users/yanlan/Retrieval_0705/Output/AM_PM_ET_223_288_00
0.041000000000000016 5.553884749304804e-38
0.08800000000000016 7.49484627219229e-45
0.14883333333333315 1.880469822983219e-40
0.1820000000000003 2.093989257461331e-38
0.20070000000000007 4.4166240477827555e-36
0.20083333333333342 1.0770557098364888e-39
0.21485714285714302 3.33939518952873e-40
0.23050000000000045 1.2265546693736768e-39
0.2445000000000005 6.838486019291339e-39
0.2563000000000001 1.8112779457033742e-39
0.26299999999999835 1.7423881295410175e-39
0.26758333333333206 2.483361648401148e-39
0.2735384615384597 8.559498373768863e-39
0.27832142857142766 2.1145285345357682e-39
0.28279999999999855 2.263712790448483e-39
Sampling time (10 samples): 7785.7346 seconds
/scratch/users/yanlan/Retrieval_0705/Output/AM_PM_ET_230_355_00
0.009499999999999996 5.167060176063531e-46
restart...
0.003999999999999995 4.482153251928919e-49
restart...
0.008500000000000006 7.357891907800762e-45
restart...
0.014000000000000018 3.305235268475925e-44
restart...
0.006999999999999996 4.461713553213222e-47
restart...
0.009999999999999997 1.952730196222978e-44
restart...
0.005500000000000001 2.0997812160172117e-47
restart...
0.013 7.647424423041237e-44
restart...
0.010000000000000002 1.3864463179118827e-43
restart...
0.007 3.261022903384594e-46
restart...
0.004500000000000002 7.613037632337308e-49
restart...
0.01249999999999999 2.026803811810151e-44
restart...
0.012000000000000004 1.5292376546969257e-42
restart...
0.012999999999999992 5.557714951523778e-45
restart...
0.014000000000000002 9.110345347802879e-41
restart...
Sampling time (10 samples): 9041.3011 seconds
/scratch/users/yanlan/Retrieval_0705/Output/AM_PM_ET_239_344_00
0.39000000000000024 8.694410378705348e-13
0.3485000000000004 4.292217872880242e-13
0.33333333333333365 5.472838546126735e-13
0.3301249999999997 4.731036197004169e-13
0.3282999999999993 8.243194807874575e-13
0.32524999999999904 4.4631214392679624e-13
0.32378571428571207 1.0567930270478018e-12
0.3256874999999976 6.597902285806863e-13
0.32294444444444204 4.354364209855897e-13
0.3221999999999974 5.831102205722673e-13
0.3202727272727249 7.510940826816656e-13
0.320416666666665 5.569343237234084e-13
0.31930769230769085 1.1074533313524791e-12
0.31917857142856976 2.0437387239405321e-13
0.3176333333333314 1.0229626430734578e-12
Sampling time (10 samples): 7813.8069 seconds
/scratch/users/yanlan/Retrieval_0705/Output/AM_PM_ET_255_309_00
0.018500000000000003 2.4126629057397874e-41
restart...
0.012999999999999998 6.980454772059778e-44
restart...
0.008500000000000002 6.251983207958253e-47
restart...
0.016499999999999987 1.1823346258607642e-42
restart...
0.009500000000000001 8.511189612289268e-46
restart...
0.012500000000000006 1.6542970621338606e-44
restart...
0.01150000000000002 2.1581650950036858e-44
restart...
0.019999999999999962 3.2616382032502013e-40
restart...
0.019999999999999993 9.035027887472067e-40
restart...
0.01749999999999999 9.902999424047393e-40
restart...
0.017999999999999974 6.790885611132598e-42
restart...
0.007999999999999993 3.932472305950108e-45
restart...
0.017999999999999988 2.455098319523106e-41
restart...
0.041999999999999975 6.269013951995888e-38
0.14799999999999966 3.349484517836983e-38
Sampling time (10 samples): 7863.0898 seconds
