/scratch/users/yanlan/Retrieval_0705/Output/AM_PM_ET_200_379_00
0.016999999999999942 1.215144383319252e-41
restart...
0.025500000000000057 9.088638911832596e-40
0.09024999999999991 2.5240394766647966e-45
0.12600000000000003 2.5969944163286112e-45
0.16524999999999931 2.220696641591025e-42
/scratch/users/yanlan/Retrieval_0705/Output/AM_PM_ET_206_366_00
0.027500000000000024 5.253219188603591e-37
0.13874999999999973 1.3251765710350143e-37
0.19266666666666662 3.5281539548102807e-37
0.22325000000000003 2.3369594254481176e-36
0.2498000000000004 7.761993260673585e-36
0.26716666666666744 3.679974248967237e-35
0.2767142857142853 1.337323373728293e-35
0.2783124999999995 6.504509732894718e-36
0.2851111111111114 6.751484858005232e-36
0.28955000000000025 3.6616600712643656e-35
0.29481818181818226 2.1011424192117682e-35
0.29458333333333636 9.731509163301804e-36
0.29373076923077296 6.166082589533291e-36
0.294535714285718 1.6271261744654443e-35
0.29783333333333584 1.1118747482653961e-35
Sampling time (10 samples): 7805.9717 seconds
/scratch/users/yanlan/Retrieval_0705/Output/AM_PM_ET_213_345_00
0.03799999999999996 5.9488438121996345e-40
0.10500000000000005 6.409091759318021e-43
0.16583333333333428 8.61098521507324e-41
0.19500000000000084 1.2000910928244641e-38
0.2207000000000005 7.884972603967377e-38
0.24000000000000055 3.1597464617686444e-37
0.26278571428571534 4.1019970899125e-37
0.27737499999999976 1.7315091815671724e-36
0.2862777777777786 1.0496604181577853e-36
0.2929500000000021 1.3091290604449224e-36
0.29600000000000093 6.096532274233437e-37
0.30158333333333487 1.0699969279052745e-36
0.3077692307692317 1.2167153198868572e-36
0.31035714285714433 2.8940105981341112e-36
0.3122000000000008 1.9426940683266214e-36
Sampling time (10 samples): 7764.8818 seconds
/scratch/users/yanlan/Retrieval_0705/Output/AM_PM_ET_219_408_00
0.02550000000000001 2.0384260212398496e-38
0.09399999999999982 9.118974669585198e-45
0.1383333333333333 9.98001413784903e-43
0.15987500000000027 5.47641298149362e-42
0.16940000000000044 1.42427540709067e-41
0.1783333333333342 4.3825816160786217e-41
0.18642857142857203 1.1688078876165829e-41
0.1858125000000007 6.513992825684319e-44
0.19061111111111156 4.384709225001735e-44
0.19415000000000024 3.827955356623015e-44
0.1976363636363633 3.9878928322286836e-44
0.19904166666666662 3.7970635033406124e-42
0.20299999999999938 3.37223594455456e-42
0.20492857142857107 1.6880474250954778e-40
0.20466666666666625 4.26315779871062e-41
Sampling time (10 samples): 7981.3063 seconds
/scratch/users/yanlan/Retrieval_0705/Output/AM_PM_ET_226_366_00
0.02850000000000002 9.041376959095835e-37
0.056000000000000084 1.4881039415314113e-47
0.08116666666666672 1.2167643569534134e-53
restart...
0.06500000000000002 1.7040359759533204e-49
restart...
0.06400000000000003 5.641910166980165e-48
0.07683333333333316 1.2308216019352457e-57
restart...
0.06149999999999994 1.8921527284122712e-46
0.07366666666666649 1.767207848525055e-58
restart...
0.06824999999999994 1.347293690188172e-48
0.08716666666666661 8.941835570359004e-56
restart...
0.057999999999999934 3.407629483250097e-48
0.07266666666666652 9.38677588169951e-59
restart...
0.06350000000000001 6.077905141722468e-47
0.07433333333333357 4.1996343090267824e-58
restart...
0.06275000000000004 7.349491940288518e-50
restart...
Sampling time (10 samples): 8311.5046 seconds
/scratch/users/yanlan/Retrieval_0705/Output/AM_PM_ET_235_288_00
0.026499999999999985 2.4752670792662943e-37
0.12575000000000008 1.6075122173686588e-39
0.17399999999999974 4.388946586426788e-38
0.19262500000000035 1.1076360226309135e-37
0.20000000000000026 2.4468802321621765e-38
0.21250000000000016 9.695332590187025e-38
0.21914285714285733 2.869636242629501e-38
0.22137500000000015 2.6166488620732684e-39
0.2211111111111109 8.042193986459828e-41
0.2231 4.316610312605491e-43
0.22618181818181826 4.640886852726374e-43
0.22862500000000022 9.147066581712505e-43
0.23030769230769277 5.719037237568935e-42
0.23196428571428643 1.7547196239127868e-42
0.23170000000000013 2.0156045567115875e-43
Sampling time (10 samples): 7828.9511 seconds
/scratch/users/yanlan/Retrieval_0705/Output/AM_PM_ET_246_289_00
0.03549999999999999 5.2180070024311457e-39
0.06525000000000013 1.1888292323925421e-50
restart...
0.07675000000000001 1.2783166844319857e-46
0.15016666666666634 3.5594323464460695e-42
0.18974999999999992 7.957828742398169e-40
0.20969999999999928 1.478489360196626e-37
0.22349999999999898 1.5118667400418669e-37
0.23778571428571366 6.943906122129011e-38
0.2465624999999996 1.3029487193892545e-38
0.2543888888888888 9.541001173317006e-39
0.26174999999999893 1.1736611753095724e-39
0.27168181818181797 4.864815288751762e-40
0.2764583333333333 9.120457094290096e-39
0.28138461538461534 2.5639917403460235e-39
0.28514285714285875 1.0449567534571853e-38
Sampling time (10 samples): 7863.1404 seconds
