/scratch/users/yanlan/Retrieval_0705/Output/AM_PM_ET_200_304_00
0.014499999999999997 2.7989463145582115e-41
restart...
0.014000000000000007 1.9835629729829155e-41
restart...
0.009499999999999996 2.4619829721353687e-45
restart...
0.010000000000000016 5.1008244544509185e-45
restart...
0.008999999999999992 5.80201868596254e-47
restart...
0.014 3.2425376917260256e-43
restart...
0.011499999999999991 1.3627952148695844e-44
restart...
0.07050000000000006 3.5386122823947445e-34
0.16950000000000032 2.7743779564960455e-33
0.2186666666666671 1.5361689513474474e-30
0.22487500000000044 9.595458101322631e-32
0.18770000000000003 2.4027324557504398e-58
restart...
0.1885000000000003 3.387650609720351e-55
restart...
0.18510000000000065 4.090026844474973e-63
restart...
0.18319999999999992 1.4813738674504305e-65
restart...
Sampling time (10 samples): 8876.7411 seconds
/scratch/users/yanlan/Retrieval_0705/Output/AM_PM_ET_206_291_00
0.01249999999999998 2.589701102109625e-42
restart...
0.015999999999999986 9.789267988116348e-39
restart...
0.02249999999999998 1.742498235012443e-39
0.1337499999999997 4.0964307201403916e-39
0.15883333333333338 6.573250814479169e-43
0.1902500000000008 9.104754058300533e-41
0.21630000000000077 6.697199481587806e-41
0.2335833333333338 1.373708977402025e-41
0.24399999999999974 4.79392584507634e-42
0.2529374999999995 4.295802847448978e-42
0.25583333333333375 2.8039903837398077e-42
0.2575999999999998 3.0594506738730736e-42
0.26445454545454583 2.243320788820632e-41
0.26870833333333616 8.119284512969285e-41
0.2692692307692351 5.986546211684075e-42
Sampling time (10 samples): 7750.4765 seconds
/scratch/users/yanlan/Retrieval_0705/Output/AM_PM_ET_213_270_00
0.04250000000000002 1.3377113952162566e-38
0.14625000000000005 1.0736892173183118e-37
0.19316666666666704 3.9533392783607525e-34
0.21137500000000042 1.3631966907229687e-33
0.22210000000000063 2.45447277608975e-32
0.21008333333333368 1.4624670538311753e-38
0.21264285714285733 1.1311647063044096e-39
0.21799999999999994 1.5201454529830495e-37
0.22377777777777821 4.3838551827368175e-37
0.20175000000000085 1.5557778698749957e-77
restart...
0.20165000000000108 1.801120148993501e-80
restart...
0.2017500000000006 6.926232264464137e-79
restart...
0.20170000000000032 4.1687611178787815e-79
restart...
0.20190000000000044 2.206551466879303e-78
restart...
0.20175000000000054 2.518344133240523e-78
restart...
Sampling time (10 samples): 8087.8545 seconds
/scratch/users/yanlan/Retrieval_0705/Output/AM_PM_ET_219_324_00
0.0335 5.081039602237768e-36
0.05325 8.319984006667698e-51
restart...
0.05425000000000003 1.26120119354004e-50
restart...
0.06350000000000011 1.1643987875207769e-49
restart...
0.0662500000000001 9.114834231623851e-49
restart...
0.055 4.234238575976481e-51
restart...
0.058749999999999955 4.6440872767056407e-51
restart...
0.049999999999999926 1.8918953665387648e-52
restart...
0.06399999999999995 2.107004934204385e-49
restart...
0.058250000000000024 3.030630496071378e-52
restart...
0.05799999999999999 1.7390175079274882e-51
restart...
0.057999999999999864 2.0080447523681463e-54
restart...
0.06324999999999989 7.554111957954393e-49
restart...
0.06974999999999995 1.4829199497069556e-51
restart...
0.07475000000000002 7.96362635530443e-48
Sampling time (10 samples): 7618.8907 seconds
/scratch/users/yanlan/Retrieval_0705/Output/AM_PM_ET_226_281_00
0.05849999999999995 1.1216943725797957e-35
0.09125000000000005 1.3527353530755649e-50
restart...
0.07225000000000005 3.293154927153759e-54
restart...
0.09775000000000003 3.199108841131366e-50
restart...
0.10574999999999994 1.6686767281483908e-46
0.10600000000000004 6.999938365088058e-57
restart...
0.11149999999999993 4.378346514612353e-49
restart...
0.06750000000000027 3.058461310413276e-54
restart...
0.09299999999999979 8.906396456313499e-48
0.1106666666666666 5.322515492275689e-55
restart...
0.11824999999999994 6.24297344002473e-46
0.10583333333333332 6.771792325600443e-58
restart...
0.10725 8.824290071031346e-47
0.10433333333333318 4.21614946242549e-58
restart...
0.16274999999999962 1.3611317526442053e-36
Sampling time (10 samples): 9262.0275 seconds
/scratch/users/yanlan/Retrieval_0705/Output/AM_PM_ET_234_320_00
0.07150000000000004 1.3962795739609335e-36
0.12750000000000036 3.5674029964656334e-43
0.16233333333333325 2.7121226274283914e-42
0.14912500000000012 1.237564415496257e-65
restart...
0.12824999999999998 1.5099691996071062e-42
0.1783333333333342 5.623891277212495e-40
0.16675000000000073 2.859706882650475e-59
restart...
0.1222499999999999 5.709320813768851e-44
0.1788333333333334 5.803626038424766e-41
0.21587500000000004 1.5144689309841369e-37
0.24069999999999994 1.3493802390860084e-36
0.22916666666666652 1.1616162220932713e-53
restart...
0.23049999999999943 9.12195757207061e-56
restart...
0.20691666666666653 8.53672281277318e-65
restart...
0.22474999999999962 5.975440303655267e-56
restart...
Sampling time (10 samples): 8301.9401 seconds
/scratch/users/yanlan/Retrieval_0705/Output/AM_PM_ET_244_395_00
0.4104999999999992 7.707608422501333e-13
0.36700000000000027 5.611533805434144e-13
0.35283333333333394 6.674846167764251e-13
0.3467500000000009 3.2007297791554904e-13
0.3435000000000012 7.208189411671967e-13
0.34458333333333285 5.424494995153053e-13
0.3435714285714287 8.606188037625193e-13
0.33999999999999914 3.8815361033832794e-13
0.3356111111111103 5.745964898563263e-13
0.332449999999998 3.2334088757487186e-12
0.3315454545454526 3.5834804012158745e-13
0.3288333333333318 2.1560505805458049e-13
0.32761538461538475 9.127847468404815e-13
0.3238928571428574 5.406233198715611e-13
0.3251666666666668 9.012376323189831e-13
Sampling time (10 samples): 7373.1509 seconds
