/scratch/users/yanlan/Retrieval_0705/Output/AM_PM_ET_201_358_00
0.06 7.438350302206177e-33
0.16974999999999954 3.755375015910447e-31
0.21233333333333318 1.8362597520538064e-29
0.2365000000000003 3.2898572687284186e-28
0.25220000000000015 9.790757466000946e-28
0.25783333333333414 2.063309462279046e-27
0.2635714285714289 5.239037178507795e-28
0.2696250000000008 3.196518374154009e-28
0.2752222222222227 4.500199753863648e-28
0.27885000000000115 1.261638104259084e-28
0.2819545454545463 1.0055745656766315e-27
0.2854166666666679 4.68225062691393e-28
0.2867307692307699 1.650503257557498e-27
0.28800000000000125 1.7032337781846403e-28
0.2872000000000014 9.392878486994609e-28
Sampling time (10 samples): 8023.0170 seconds
/scratch/users/yanlan/Retrieval_0705/Output/AM_PM_ET_207_365_00
0.03199999999999997 6.062120104891821e-37
0.14275000000000052 6.024742564630876e-38
0.17866666666666708 1.4917520369288974e-37
0.21475000000000063 6.621034144392412e-36
0.24750000000000077 2.6304394673652107e-35
0.2635000000000002 6.794902761343707e-35
0.27428571428571547 1.7092137023144097e-35
0.2839375000000005 4.893400756268533e-35
0.2927777777777781 3.37430525886815e-35
0.29570000000000035 2.9361008627079873e-35
0.2990454545454551 1.8280038354526235e-35
0.30395833333333144 1.721294061781898e-35
0.30657692307692247 8.775419254328196e-36
0.3091428571428572 2.3941160245136417e-35
0.31310000000000027 1.1899902775918583e-35
Sampling time (10 samples): 7800.7532 seconds
/scratch/users/yanlan/Retrieval_0705/Output/AM_PM_ET_214_345_00
0.031000000000000003 1.7889061688548053e-38
0.10875000000000005 4.023104698246417e-42
0.1546666666666671 1.4645819120302724e-42
0.17950000000000035 1.7056692665605892e-40
0.2 5.75366622696818e-40
0.2177499999999996 3.350885975717612e-38
0.2319285714285709 1.4959736715094995e-37
0.24699999999999933 8.026402387979814e-38
0.25755555555555537 7.490409520180104e-38
0.2661000000000001 6.700024083525904e-38
0.27313636363636357 1.3308333739475821e-38
0.2767916666666666 2.246069938725218e-38
0.2805384615384622 1.7993155412358227e-38
0.2857857142857149 1.7313816734256508e-38
0.28930000000000083 2.5606534207940136e-38
Sampling time (10 samples): 7819.7085 seconds
/scratch/users/yanlan/Retrieval_0705/Output/AM_PM_ET_220_402_00
0.04749999999999998 7.307201034710601e-38
0.17349999999999968 1.241385554677383e-35
0.22999999999999982 1.7317564184695595e-33
0.26725 7.672810410505901e-32
0.2873999999999998 1.0227534378238262e-31
0.311416666666666 1.29245480082036e-31
0.3265000000000001 9.698253781728629e-32
0.3366875000000001 1.8421682673481836e-31
0.34561111111111065 2.7730485008358015e-31
0.35049999999999876 2.149279803327359e-31
0.3554999999999979 2.1852924041405465e-31
0.35770833333333263 3.2969366465434824e-31
0.3610384615384604 2.1424670429229593e-31
0.36724999999999863 3.8459982285850617e-31
0.3676666666666651 5.719915288587274e-32
Sampling time (10 samples): 7794.2975 seconds
/scratch/users/yanlan/Retrieval_0705/Output/AM_PM_ET_227_391_00
0.0175 9.300044570128619e-42
restart...
0.011500000000000008 9.238449050541612e-45
restart...
0.012999999999999998 6.285310622029221e-45
restart...
0.041 2.4497567773324225e-37
0.16224999999999987 2.1289503421634656e-35
0.20166666666666713 4.3279099084745033e-32
0.2192500000000007 3.625276387893043e-31
0.22990000000000105 3.8555414348668224e-31
0.2406666666666671 6.707132362384167e-31
0.24542857142857138 1.7447802820384878e-31
0.2600625000000003 3.030836946195445e-31
0.2688333333333341 8.144161237602008e-31
0.2790500000000006 1.9272891659537917e-30
0.28495454545454796 1.6812555352197953e-30
0.28933333333333533 2.0315695311857628e-30
Sampling time (10 samples): 7749.0999 seconds
/scratch/users/yanlan/Retrieval_0705/Output/AM_PM_ET_236_332_00
0.046500000000000014 5.1952987738636946e-33
0.16349999999999962 1.1224303268847586e-33
0.1898333333333331 2.6895226117559525e-46
0.16587499999999977 1.73421876330321e-60
restart...
0.1572499999999999 4.30505809482425e-33
0.2191666666666668 2.3282902009110472e-32
0.24525000000000002 1.419164849944268e-32
0.2695000000000003 5.273253149762521e-32
0.27933333333333255 1.0235350786092913e-32
0.29207142857142854 7.572691329395906e-33
0.2970000000000006 4.7559671435866477e-33
0.2770000000000006 2.4341305990226422e-51
restart...
0.29644444444444534 8.334363856196722e-34
0.29770000000000096 2.6298506454722792e-33
0.2990909090909084 3.2246483543594364e-33
Sampling time (10 samples): 8129.9651 seconds
/scratch/users/yanlan/Retrieval_0705/Output/AM_PM_ET_248_319_00
0.02799999999999999 9.259255428272719e-40
0.10950000000000003 3.0459581734723002e-43
0.13966666666666633 9.89836923094257e-44
0.1653749999999995 2.052715317486628e-42
0.20229999999999987 7.493186726954206e-42
0.22 5.053646381480739e-41
0.2330000000000009 9.497751882144882e-41
0.2478125000000018 1.412645022593004e-41
0.2563888888888902 1.8766681391500095e-41
0.26405000000000284 1.3002042742495935e-40
0.27218181818182147 8.109312835333927e-41
0.27695833333333764 4.981817661357594e-41
0.28011538461538965 1.9555418663656832e-40
0.28264285714286247 1.5592323550519945e-40
0.28650000000000475 2.319223220376458e-40
Sampling time (10 samples): 8068.6711 seconds
