/scratch/users/yanlan/Retrieval_0705/Output/AM_PM_ET_204_304_00
0.012499999999999999 2.4245601363005106e-43
restart...
0.0075000000000000015 3.9984645066807954e-47
restart...
0.019500000000000007 6.209979827420624e-41
restart...
0.006999999999999994 1.5570893218343752e-46
restart...
0.006499999999999987 3.320296408988444e-47
restart...
0.006000000000000006 3.810377897377908e-47
restart...
0.01200000000000002 6.410774369237322e-42
restart...
0.005499999999999993 1.2208709888256232e-48
restart...
0.005000000000000007 1.810552983433769e-47
restart...
0.010000000000000012 1.8805666133197613e-46
restart...
0.008499999999999983 1.3515515927325634e-46
restart...
0.007500000000000003 8.240694781208977e-47
restart...
0.006999999999999971 2.830125977295243e-46
restart...
0.008999999999999998 2.856209702999513e-46
restart...
0.003499999999999997 1.0294950983655942e-48
restart...
Sampling time (10 samples): 10016.7152 seconds
/scratch/users/yanlan/Retrieval_0705/Output/AM_PM_ET_211_235_00
0.044500000000000005 7.235956887213818e-38
0.1777500000000001 3.800916369694752e-35
0.19533333333333386 1.1282158997835973e-44
0.16650000000000048 3.033254925791643e-63
restart...
0.16650000000000043 7.86267618244209e-63
restart...
0.16450000000000028 5.957360742830573e-64
restart...
0.17175000000000068 4.793391792538987e-59
restart...
0.16575000000000045 6.646409356232921e-63
restart...
0.16412500000000013 3.244871818538939e-65
restart...
0.16862500000000039 2.915280706829001e-61
restart...
0.16400000000000045 1.8068771805967062e-62
restart...
0.16675000000000037 6.831306182942837e-63
restart...
0.16125000000000045 2.8203933738221155e-63
restart...
0.16487500000000024 2.1858397363657145e-65
restart...
0.1643750000000003 8.421897580941796e-67
restart...
Sampling time (10 samples): 10951.4473 seconds
/scratch/users/yanlan/Retrieval_0705/Output/AM_PM_ET_217_320_00
0.04000000000000001 4.8735130689086654e-39
0.13574999999999998 3.354576500535014e-40
0.15950000000000028 6.30438935021762e-39
0.16375000000000012 9.22146994173824e-48
0.1659999999999999 2.1046750505393163e-51
restart...
0.08325000000000014 1.5493782354024345e-45
0.11033333333333371 1.2288979851577977e-51
restart...
0.12225000000000011 2.7054461200239105e-40
0.16349999999999937 5.289548122177882e-38
0.19624999999999992 5.208382107883742e-36
0.21160000000000032 6.149116953790815e-38
0.1860000000000001 2.0887668357921602e-62
restart...
0.18233333333333357 7.53272263263405e-63
restart...
0.1860833333333335 3.960979378194377e-59
restart...
0.1878333333333332 1.4154299349251017e-60
restart...
Sampling time (10 samples): 8320.6965 seconds
/scratch/users/yanlan/Retrieval_0705/Output/AM_PM_ET_223_390_00
0.018999999999999996 3.7144315795937937e-42
restart...
0.04850000000000005 7.844894031167338e-34
0.13224999999999965 1.4100264677447496e-36
0.2031666666666669 3.0203366099057053e-34
0.1717500000000003 1.2783363434679745e-60
restart...
0.23637499999999997 1.0685399439375893e-32
0.21290000000000017 2.3504636718085265e-55
restart...
0.2639000000000012 3.1384495342502924e-32
0.25958333333333483 7.384780817216828e-46
0.23285714285714387 2.5467241268731607e-61
restart...
0.23492857142857282 1.7671106156890287e-59
restart...
0.23600000000000151 4.341931755667481e-58
restart...
0.23728571428571532 1.0094607040705496e-59
restart...
0.23642857142857296 6.65891325012587e-59
restart...
0.232142857142858 3.374880005313807e-59
restart...
Sampling time (10 samples): 8933.7689 seconds
/scratch/users/yanlan/Retrieval_0705/Output/AM_PM_ET_231_321_00
0.012 8.387421994671812e-45
restart...
0.010999999999999987 2.5694386091433643e-45
restart...
0.04899999999999995 1.736434541571078e-37
0.1694999999999994 2.1367148050728995e-34
0.20433333333333276 2.623488728148228e-34
0.21124999999999966 6.421964534586529e-37
0.21460000000000018 6.981269541908054e-39
0.22516666666666604 1.2678504402060266e-38
0.23592857142857085 3.693150302350585e-38
0.2447499999999998 3.211313711475886e-36
0.2535555555555551 3.9438829815700674e-36
0.26024999999999976 1.1247346666838539e-36
0.26259090909090854 9.654353121067487e-37
0.26283333333333225 8.990454669560417e-42
0.2553461538461529 1.5705197095179504e-49
restart...
Sampling time (10 samples): 7941.4276 seconds
/scratch/users/yanlan/Retrieval_0705/Output/AM_PM_ET_240_333_00
0.044500000000000005 1.2869546764625714e-35
0.131 5.815282491014958e-37
0.18183333333333349 1.740604908730094e-35
0.2076250000000001 4.515156092805592e-36
0.2210000000000003 3.8338777219817886e-39
0.24300000000000052 2.960138552305217e-39
0.2626428571428583 3.251466072080416e-39
0.2760000000000003 2.8444599218656443e-39
0.2952222222222217 3.3417025378443875e-39
0.3063499999999992 2.099868242995806e-39
0.31431818181818066 2.988814294191491e-39
0.31983333333333347 2.232738093510016e-39
0.32234615384615417 4.7446862802639484e-39
0.30317857142857196 3.4366459845028787e-60
restart...
0.3223928571428579 8.94982613385758e-44
Sampling time (10 samples): 8286.6302 seconds
