/scratch/users/yanlan/Retrieval_0705/Output/AM_PM_ET_198_417_00
0.045999999999999985 6.81763617573639e-35
0.09849999999999985 1.1788149534930238e-40
0.1294999999999995 2.0766328841325573e-41
0.1563749999999998 1.5534044462296532e-39
0.17229999999999976 3.123794608853296e-38
0.17999999999999938 2.4156156432153964e-37
0.18285714285714247 7.1915464963233245e-40
0.18424999999999947 2.3589879114774575e-41
0.18983333333333316 8.029487483874703e-39
0.19240000000000027 2.0643464201639533e-39
0.19650000000000103 7.776724848593787e-39
0.1979583333333341 4.136227002995591e-39
0.19688461538461613 5.935875113157534e-41
0.19828571428571512 7.695422501661861e-40
0.1982000000000009 1.5758138369590253e-41
Sampling time (10 samples): 7239.2534 seconds
/scratch/users/yanlan/Retrieval_0705/Output/AM_PM_ET_204_368_00
0.027499999999999983 1.7613282171286208e-37
0.08850000000000005 1.539438559078886e-42
0.13749999999999982 6.805055567285278e-40
0.17787500000000045 1.329692918538776e-36
0.2085000000000006 5.636213332113005e-36
0.23200000000000043 8.586572477122374e-35
0.2530000000000002 8.252595852696766e-35
0.26506250000000015 7.624961262843662e-35
0.27366666666666695 8.891606577996779e-35
0.28300000000000025 4.182111011031389e-34
0.290909090909091 1.8866276453801045e-34
0.296791666666666 1.8524107437609855e-34
0.3013846153846142 2.473784241846613e-34
0.3022857142857134 1.942381011676038e-34
0.30399999999999955 3.1988266967967233e-35
Sampling time (10 samples): 6886.9135 seconds
/scratch/users/yanlan/Retrieval_0705/Output/AM_PM_ET_211_301_00
0.010500000000000008 1.2329808243555598e-44
restart...
0.008500000000000008 1.0222061768095834e-45
restart...
0.02349999999999998 2.7501556009317726e-39
0.0505 1.1830112794830787e-54
restart...
0.03875000000000001 5.652234291716699e-59
restart...
0.04449999999999995 3.5860092350807967e-56
restart...
0.04224999999999994 1.7405972784820456e-58
restart...
0.04074999999999996 6.067045404594016e-59
restart...
0.041249999999999926 8.520624722897523e-57
restart...
0.04524999999999995 4.217454387619616e-56
restart...
0.04549999999999996 5.365896581212518e-55
restart...
0.045999999999999965 1.0341502449933735e-54
restart...
0.056499999999999995 8.392847504370527e-53
restart...
0.04899999999999995 4.929261172138488e-53
restart...
0.04474999999999994 3.9532814287226705e-56
restart...
Sampling time (10 samples): 6823.8505 seconds
/scratch/users/yanlan/Retrieval_0705/Output/AM_PM_ET_217_402_00
0.07100000000000006 5.437011510074562e-34
0.14200000000000007 4.6340203787745004e-38
0.19350000000000023 1.2393378624241412e-35
0.23437500000000033 1.1442539055836946e-34
0.26580000000000037 3.358046338838924e-33
0.29200000000000065 9.556895931312414e-34
0.307428571428571 8.099570072836744e-34
0.31899999999999945 9.812815824698081e-34
0.3301111111111106 4.320173084216929e-34
0.3383499999999973 1.608667553868537e-33
0.3461363636363609 1.3178066619941315e-33
0.35091666666666366 1.5836580949870502e-33
0.3580769230769209 2.6105946420281564e-33
0.3642857142857126 6.431419123251073e-34
0.36416666666666564 5.725815070287433e-34
Sampling time (10 samples): 7070.0846 seconds
/scratch/users/yanlan/Retrieval_0705/Output/AM_PM_ET_224_296_00
0.04799999999999993 4.808827391721982e-36
0.06799999999999992 2.3273208205251756e-53
restart...
0.06374999999999995 1.604740038706119e-52
restart...
0.06149999999999994 3.6137626249020492e-53
restart...
0.06074999999999993 2.2662758451016267e-53
restart...
0.06425 1.4045125883176392e-51
restart...
0.06375 2.353194841210231e-53
restart...
0.05875 1.536597271939307e-54
restart...
0.06224999999999991 1.309234880868378e-54
restart...
0.06650000000000002 2.5017762771891775e-52
restart...
0.06374999999999993 1.618504936953615e-51
restart...
0.06450000000000011 4.487757176642749e-52
restart...
0.0659999999999999 3.0263259666653624e-53
restart...
0.063 1.3547610676894415e-55
restart...
0.060499999999999894 3.1576490482632367e-53
restart...
Sampling time (10 samples): 7177.2138 seconds
/scratch/users/yanlan/Retrieval_0705/Output/AM_PM_ET_232_268_00
0.0225 4.674365620264761e-40
0.10900000000000015 6.080745878916225e-46
0.17400000000000046 1.9857072029634896e-43
0.19125000000000072 1.3160171397932607e-45
0.20210000000000033 8.535303137832663e-47
0.2148333333333335 2.007997615094213e-46
0.2282142857142859 2.606049283568322e-45
0.2353125000000002 3.1790786638505717e-44
0.2403888888888891 6.397051184591515e-45
0.24410000000000023 1.0240226972014108e-45
0.24668181818181859 1.7878234980753518e-45
0.25000000000000067 2.5718355016341984e-45
0.25573076923077054 5.76793925855221e-45
0.25753571428571587 5.714525430302364e-45
0.2588333333333341 1.9973557088596645e-45
Sampling time (10 samples): 6901.5437 seconds
/scratch/users/yanlan/Retrieval_0705/Output/AM_PM_ET_241_306_00
0.027499999999999993 1.5365634528980496e-41
0.12349999999999997 2.0516785474413824e-40
0.14116666666666702 1.9433551860850493e-44
0.17124999999999996 3.5279124378801855e-42
0.1925000000000009 2.8742416719486307e-39
0.20200000000000023 1.1141689918046347e-37
0.20957142857142902 1.1572669381267303e-37
0.21456250000000035 7.313387280555325e-37
0.2177222222222222 4.757393348931792e-38
0.22150000000000014 1.6652153404451702e-37
0.2083636363636366 5.270650203401813e-55
restart...
0.226045454545455 5.579225588339234e-37
0.2288750000000001 3.3050668126998106e-37
0.2305384615384616 1.7210675178691402e-38
0.23321428571428587 3.578387449346599e-39
Sampling time (10 samples): 6573.3639 seconds
