/scratch/users/yanlan/Retrieval_0705/Output/AM_PM_ET_201_335_00
0.03249999999999999 2.8994733136474294e-37
0.12524999999999997 2.8870133924742106e-37
0.18683333333333413 1.4698580099995169e-34
0.21287500000000112 1.3368637710114815e-33
0.23020000000000104 7.868462479531697e-33
0.23600000000000065 7.494284964531548e-32
0.24007142857142927 3.533515307782587e-32
0.2341875000000008 1.768117288338641e-36
0.2283333333333342 1.957546648999079e-40
0.23255000000000067 1.5154796279307016e-39
0.24072727272727326 5.404371692892917e-38
0.24750000000000072 1.612221448643497e-37
0.2539230769230771 2.428565137745276e-37
0.2576785714285717 2.527450907824185e-37
0.26563333333333394 4.97309293703598e-37
Sampling time (10 samples): 7802.4939 seconds
/scratch/users/yanlan/Retrieval_0705/Output/AM_PM_ET_207_336_00
0.05750000000000003 2.7701092208344335e-35
0.11200000000000021 9.139331149221729e-43
0.17466666666666705 2.848164456479721e-38
0.21062500000000098 6.673538719168731e-36
0.24080000000000054 4.7356072248550386e-35
0.26575000000000026 9.483688972586822e-35
0.27828571428571436 5.055302399814971e-35
0.2832500000000001 5.706823802521381e-35
0.2892222222222201 1.244577682472963e-35
0.2929499999999978 1.7504302593490522e-35
0.29840909090908896 2.848158830352804e-35
0.30183333333333257 6.151917537549252e-35
0.3060769230769211 4.778375842014965e-35
0.30932142857142714 3.411065040883797e-35
0.31316666666666576 4.421999084046117e-35
Sampling time (10 samples): 7843.1497 seconds
/scratch/users/yanlan/Retrieval_0705/Output/AM_PM_ET_214_322_00
0.032999999999999995 5.225725711734965e-40
0.16999999999999948 3.808839792938034e-37
0.21116666666666623 5.090376188486785e-35
0.23537499999999995 1.0334467728451776e-33
0.2519000000000007 1.0238749501153038e-33
0.2655000000000006 5.471338711193172e-33
0.281571428571429 9.35203975657911e-34
0.28618750000000165 3.397433787680846e-33
0.29550000000000054 3.1878876463377876e-33
0.3016500000000015 5.77173858300659e-33
0.303000000000001 3.189102621571214e-33
0.30283333333333334 5.098173132345201e-33
0.3047307692307699 1.4608053416083152e-32
0.3057142857142869 2.4454110327964555e-33
0.3064666666666668 4.300638606870632e-33
Sampling time (10 samples): 7208.8900 seconds
/scratch/users/yanlan/Retrieval_0705/Output/AM_PM_ET_220_371_00
0.008499999999999994 3.13556962016394e-44
restart...
0.016999999999999987 5.644203848783731e-41
restart...
0.01749999999999996 8.581934441413828e-41
restart...
0.021999999999999978 1.7512406443813516e-38
0.043500000000000004 8.109696851369838e-55
restart...
0.034249999999999954 1.3881244814544775e-60
restart...
0.03124999999999999 1.4759720284322244e-61
restart...
0.04600000000000005 3.5936886010632695e-53
restart...
0.03250000000000002 1.1072523432211721e-60
restart...
0.04300000000000005 2.3304046142805882e-55
restart...
0.04249999999999997 2.071377876905017e-53
restart...
0.04975000000000004 1.632568934241582e-52
restart...
0.0344999999999999 9.435737122338088e-58
restart...
0.0377500000000001 2.4571175968583756e-56
restart...
0.04674999999999996 5.493147828937228e-53
restart...
Sampling time (10 samples): 7529.9377 seconds
/scratch/users/yanlan/Retrieval_0705/Output/AM_PM_ET_227_356_00
0.0044999999999999945 2.80150976178133e-48
restart...
0.01 8.209398571472862e-44
restart...
0.011499999999999996 7.62814142440811e-44
restart...
0.005999999999999996 5.543597453860142e-49
restart...
0.03199999999999999 2.4774269855001275e-39
0.1334999999999999 2.0138491387160558e-38
0.17716666666666694 9.169489145558295e-36
0.19787500000000027 2.6282435053203376e-34
0.21769999999999937 2.0220459178642252e-32
0.23058333333333247 7.91725429810325e-32
0.24107142857142735 3.59268856604799e-31
0.2482499999999987 9.89671553847833e-31
0.25361111111110946 7.734053766996324e-31
0.25814999999999844 1.1459558582728718e-30
0.26318181818181735 1.0705993975832098e-30
Sampling time (10 samples): 7736.2877 seconds
/scratch/users/yanlan/Retrieval_0705/Output/AM_PM_ET_236_309_00
0.022500000000000003 8.693396614777066e-40
0.13399999999999992 3.360821882970409e-41
0.15616666666666668 1.2064266315082142e-43
0.18587500000000043 2.658369514097786e-42
0.1747999999999999 2.0240798431246088e-51
restart...
0.11374999999999996 5.6546420272352546e-43
0.1324999999999997 6.956576224084735e-50
restart...
0.09425000000000006 4.0526477648008416e-44
0.10316666666666667 6.451441700413469e-56
restart...
0.1367500000000001 6.7371695791228265e-40
0.13599999999999976 2.287549405398664e-52
restart...
0.0645000000000001 2.593667371580242e-51
restart...
0.10150000000000024 1.4839105474224006e-44
0.11250000000000024 1.696264857054355e-54
restart...
0.09999999999999988 5.055707169876831e-45
Sampling time (10 samples): 7146.5511 seconds
/scratch/users/yanlan/Retrieval_0705/Output/AM_PM_ET_248_296_00
0.018000000000000026 3.0915775193099343e-41
restart...
0.0054999999999999945 3.0086670139997866e-46
restart...
0.02149999999999999 2.0999147008431496e-40
0.0889999999999999 3.53032447067065e-45
0.11799999999999973 5.818896127422339e-46
0.13237500000000016 1.6391750799272023e-45
0.14370000000000033 3.1249478095486635e-45
0.1605833333333332 5.828807120997262e-44
0.17671428571428524 4.132583840919801e-42
0.18743749999999937 2.1325060122675719e-41
0.19333333333333305 5.254690720644211e-41
0.20399999999999877 2.5227760907365176e-41
0.208227272727272 2.544219423090827e-41
0.21158333333333265 9.75274096878406e-42
0.21642307692307602 1.5419604528474024e-42
Sampling time (10 samples): 7487.6891 seconds
