/scratch/users/yanlan/Retrieval_0705/Output/AM_PM_ET_199_372_00
0.025499999999999964 1.2385906448010456e-38
0.10574999999999984 2.7051679467222804e-42
0.14700000000000002 7.341592462778618e-42
0.17349999999999993 2.2491777210411185e-40
0.18360000000000024 1.9723604023485007e-41
0.19500000000000015 8.413259538642775e-40
0.20742857142857185 1.010896981278852e-38
0.21518750000000017 2.9442357557345874e-38
0.22316666666666676 7.941242992351538e-37
0.23199999999999987 3.723192940024947e-37
0.23822727272727265 1.9374172973686465e-37
0.24533333333333351 1.0945132208455589e-36
0.24830769230769234 1.2379643484613219e-36
0.24985714285714417 6.396640076985247e-38
0.24950000000000078 1.921125106789156e-38
Sampling time (10 samples): 7722.9109 seconds
/scratch/users/yanlan/Retrieval_0705/Output/AM_PM_ET_205_345_00
0.03150000000000001 1.6631265072093004e-40
0.16175000000000003 3.571703825113108e-40
0.20433333333333337 3.0032191189393146e-38
0.24162500000000003 1.0848943159150512e-36
0.2672999999999995 2.2719864670513036e-36
0.28000000000000025 2.0885370379678942e-36
0.289142857142858 2.043869138165581e-36
0.2945624999999997 1.2858728928943191e-36
0.2993888888888889 5.504197053644343e-37
0.3042499999999995 2.078303232363996e-36
0.3094545454545456 8.408829432553398e-36
0.31349999999999995 4.7358570039540144e-36
0.31769230769230855 4.700257318496867e-36
0.3190714285714282 3.014376508762419e-36
0.31903333333333206 3.2118231260354807e-37
Sampling time (10 samples): 7610.7778 seconds
/scratch/users/yanlan/Retrieval_0705/Output/AM_PM_ET_212_301_00
0.03300000000000001 3.410131389123836e-39
0.15025000000000016 1.0754020345848314e-39
0.18233333333333387 5.798444241090198e-44
0.21212500000000017 4.490315594469699e-44
0.21860000000000018 2.617624379334375e-46
0.23416666666666677 2.2329155149182706e-45
0.243214285714286 2.0057512920152376e-44
0.2496250000000003 1.2093296351251096e-44
0.25550000000000017 4.197917093897914e-46
0.2635500000000016 9.733034591125794e-46
0.26613636363636484 8.57559287981683e-45
0.2715416666666672 5.752774988719901e-45
0.27369230769230807 1.617296673938714e-44
0.2760357142857145 5.986118712581866e-44
0.27516666666666895 5.086888097360794e-44
Sampling time (10 samples): 8043.4354 seconds
/scratch/users/yanlan/Retrieval_0705/Output/AM_PM_ET_218_376_00
0.07249999999999995 4.7904717207029995e-32
0.16125000000000014 1.4974178962810771e-32
0.17233333333333384 1.3448081355960987e-35
0.18050000000000074 5.3006330585226375e-39
0.19690000000000074 7.913905423474714e-37
0.208833333333334 4.49014350449251e-36
0.21642857142857183 1.5699196116079957e-36
0.22837500000000022 7.401232194967053e-37
0.23844444444444501 2.3552140969287617e-37
0.2497500000000005 1.4007730731752618e-36
0.25704545454545535 1.9068898693483494e-37
0.26316666666666766 7.990777219008434e-37
0.26884615384615473 1.904113219574906e-37
0.27382142857143 6.197146044953566e-37
0.2769666666666667 4.063892490909167e-37
Sampling time (10 samples): 8197.2709 seconds
/scratch/users/yanlan/Retrieval_0705/Output/AM_PM_ET_225_303_00
0.014499999999999989 6.988513496191789e-42
restart...
0.068 6.773213156580148e-36
0.1704999999999997 2.2785076129630369e-32
0.20966666666666622 2.5489913327972412e-30
0.2359999999999998 4.444916716836313e-29
0.2581999999999997 5.351855343375017e-29
0.2663333333333344 4.020684672818606e-29
0.22957142857143037 2.550843746550371e-65
restart...
0.2347857142857149 1.6297495272910593e-58
restart...
0.23407142857142868 2.312426221177887e-61
restart...
0.26428571428571457 1.8355653797415403e-30
0.2683125000000003 5.651966039682368e-29
0.24550000000000116 4.156140825133071e-58
restart...
0.2726666666666664 5.504539166317459e-29
0.2758500000000004 7.181260990318837e-29
Sampling time (10 samples): 7819.7507 seconds
/scratch/users/yanlan/Retrieval_0705/Output/AM_PM_ET_233_310_00
0.00999999999999999 4.829198989968182e-46
restart...
0.07400000000000005 2.3968951901412596e-35
0.1804999999999997 3.953412575918432e-32
0.21366666666666656 5.681316998442799e-31
0.23312499999999997 2.0238973165994157e-29
0.2499000000000001 5.981460636339778e-29
0.2625833333333336 2.2896862921114736e-28
0.22607142857142762 3.443057108050604e-67
restart...
0.26850000000000107 4.583050553331013e-28
0.27687500000000137 4.102437649863753e-28
0.2511666666666676 8.915221709242337e-63
restart...
0.28227777777777807 5.571597066465187e-28
0.28570000000000084 7.12026878420466e-28
0.2884090909090923 2.2694840636543974e-28
0.2765000000000013 1.3639240163490267e-49
restart...
Sampling time (10 samples): 7933.2955 seconds
/scratch/users/yanlan/Retrieval_0705/Output/AM_PM_ET_243_300_00
0.013000000000000001 1.486287794017605e-42
restart...
0.01650000000000001 3.1353425779144735e-41
restart...
0.015999999999999993 2.2709841640284995e-40
restart...
0.015 2.1800475806425728e-41
restart...
0.012000000000000035 2.553026236044379e-43
restart...
0.018500000000000013 5.0736113329844173e-39
restart...
0.00900000000000001 1.0364765326836395e-45
restart...
0.013 2.8179220380512753e-43
restart...
0.009499999999999996 6.542393276167557e-45
restart...
0.009999999999999998 7.465479197017343e-43
restart...
0.012499999999999987 2.565912115482177e-43
restart...
0.014500000000000002 8.76057679386483e-42
restart...
0.014999999999999993 2.571964757988401e-41
restart...
0.015500000000000042 1.175144699295189e-42
restart...
0.013000000000000003 6.950085959576418e-41
restart...
Sampling time (10 samples): 8445.0721 seconds
