/scratch/users/yanlan/Retrieval_0705/Output/AM_PM_ET_201_329_00
0.013000000000000006 3.4186174572826264e-42
restart...
0.014500000000000008 1.4618280021005613e-42
restart...
0.00799999999999999 1.5336642170761802e-45
restart...
0.01799999999999997 1.8270763641244385e-40
restart...
0.022000000000000023 8.133640722683844e-41
0.10075000000000017 4.2650982402563804e-45
0.1679999999999998 1.1674640733822937e-43
0.2102500000000001 2.4608028793663994e-41
0.23749999999999996 4.3548704585417966e-39
0.2569166666666674 1.3448914073168734e-38
0.269285714285716 1.7513150443737392e-38
0.2790625000000014 5.285242545601292e-39
0.2890555555555566 2.1716709171452244e-39
0.2957500000000007 1.9821859386227917e-38
0.29768181818181955 1.3312403969574263e-38
Sampling time (10 samples): 7723.5603 seconds
/scratch/users/yanlan/Retrieval_0705/Output/AM_PM_ET_207_330_00
0.03499999999999998 1.0959187060184975e-37
0.1162499999999997 1.5461554224639097e-40
0.17866666666666634 1.3326588882785154e-38
0.21487499999999998 5.930889054734577e-36
0.23700000000000013 2.686273706883996e-33
0.25791666666666624 1.0865672318340977e-32
0.27378571428571374 3.8724582813819156e-33
0.285187499999999 2.4912721804618024e-32
0.2992222222222203 1.1279222623134484e-32
0.30909999999999876 1.139687130307492e-32
0.31527272727272704 5.291380612850399e-33
0.32108333333333494 1.1877605218483204e-32
0.3263076923076933 1.834492503146416e-32
0.32942857142857207 1.1633716836586924e-32
0.3329666666666677 2.6398253295118473e-32
Sampling time (10 samples): 8127.0313 seconds
/scratch/users/yanlan/Retrieval_0705/Output/AM_PM_ET_214_316_00
0.02 2.2578407305129612e-41
0.09800000000000021 3.4711139890389457e-46
0.13050000000000045 1.5095158060517976e-47
0.1425000000000003 1.3013681738561447e-50
restart...
0.07800000000000004 9.313334769836268e-49
restart...
0.07900000000000008 2.7617068518497365e-50
restart...
0.07250000000000013 2.2490644183212885e-50
restart...
0.06949999999999999 2.483409594437772e-50
restart...
0.06925000000000014 1.076168305085811e-49
restart...
0.07374999999999979 1.2480727952790395e-50
restart...
0.07475000000000018 5.302263809936634e-49
restart...
0.07550000000000008 1.4251935556985975e-50
restart...
0.07150000000000001 1.3184266828825358e-49
restart...
0.09375000000000011 1.196356382627049e-45
0.14616666666666694 3.656150286718023e-44
Sampling time (10 samples): 7697.0663 seconds
/scratch/users/yanlan/Retrieval_0705/Output/AM_PM_ET_220_365_00
0.006 2.2118953738789625e-46
restart...
0.008000000000000005 8.640663555006604e-47
restart...
0.012500000000000002 3.0310461590941923e-42
restart...
0.03199999999999999 1.4788108409343737e-36
0.10125000000000002 1.3065295947211723e-39
0.15050000000000047 5.5102503552672614e-39
0.18375000000000025 3.534227742245614e-38
0.1985000000000003 3.4168228716696506e-38
0.21533333333333435 2.1547546484602267e-37
0.2281428571428577 1.9260512144552505e-37
0.2361250000000004 5.281917795658219e-37
0.2454444444444449 3.927989775140462e-37
0.2479500000000006 1.4688580743376087e-37
0.25450000000000084 7.44035097278961e-37
0.2596250000000003 2.1958654369964643e-37
Sampling time (10 samples): 7241.2970 seconds
/scratch/users/yanlan/Retrieval_0705/Output/AM_PM_ET_227_345_00
0.018000000000000002 1.0023850451182017e-40
restart...
0.03850000000000009 2.3053796925647964e-33
0.08450000000000002 6.435924779882427e-43
0.12583333333333346 2.217882943518481e-41
0.16074999999999995 2.819300886404688e-39
0.19010000000000024 1.5832732889293854e-35
0.21150000000000038 1.4500252364762982e-33
0.2277857142857148 4.9193741644512806e-33
0.24000000000000035 5.136379082535296e-33
0.24755555555555642 5.321048335330857e-33
0.2570500000000011 1.1595063351646146e-32
0.2639999999999989 1.9743120143485357e-33
0.2697916666666663 7.064476215311559e-33
0.27326923076923104 4.423645759852337e-33
0.2770357142857158 6.751390802061267e-33
Sampling time (10 samples): 7368.3524 seconds
/scratch/users/yanlan/Retrieval_0705/Output/AM_PM_ET_236_303_00
0.011000000000000012 2.16332859184927e-43
restart...
0.026500000000000017 5.170630932611905e-40
0.14374999999999954 7.737149660841772e-41
0.18133333333333318 2.1646524453791117e-42
0.2021250000000001 1.940835836683258e-41
0.23640000000000036 2.927837072579533e-40
0.26116666666666677 9.218323543546041e-40
0.27078571428571496 4.2420976428161684e-40
0.2836249999999992 8.491260683852722e-40
0.2946666666666654 6.896321350560132e-40
0.30334999999999884 7.050548818197913e-40
0.31227272727272465 1.1398831237795215e-39
0.31766666666666454 6.2421789221665585e-40
0.31865384615384507 2.6594952577872275e-40
0.3222142857142859 5.8566122325810356e-40
Sampling time (10 samples): 7090.5340 seconds
/scratch/users/yanlan/Retrieval_0705/Output/AM_PM_ET_248_290_00
0.05950000000000001 1.0307399215357315e-35
0.18875000000000056 4.8627243805823755e-34
0.22666666666666685 2.2587515666647125e-33
0.23687500000000028 4.2247207406898675e-34
0.24800000000000033 1.304660519711329e-35
0.24658333333333346 1.5764320527972943e-37
0.25307142857142984 3.86146470285677e-38
0.25337499999999974 8.153490171354552e-41
0.2588888888888899 2.346898841084926e-39
0.2653500000000007 2.1380518910222733e-38
0.268909090909092 1.860863640805955e-38
0.2745833333333341 2.5804391170334025e-38
0.27823076923077117 3.3479728746543184e-38
0.28121428571428725 6.290099293876567e-38
0.2846999999999995 1.4336912989108138e-37
Sampling time (10 samples): 7439.1400 seconds
