/scratch/users/yanlan/Retrieval_0705/Output/AM_PM_ET_202_328_00
0.014999999999999987 1.4139046247201482e-41
restart...
0.009500000000000005 3.903938320285283e-46
restart...
0.005499999999999995 1.6264863535619395e-46
restart...
0.0125 1.7780944667354424e-43
restart...
0.012499999999999997 3.44552842208388e-44
restart...
0.007499999999999994 6.771913530685231e-48
restart...
0.014499999999999989 1.9192605085996876e-41
restart...
0.0105 7.674946177218347e-45
restart...
0.015999999999999993 6.922617854864769e-42
restart...
0.011499999999999993 6.85566244425222e-46
restart...
0.005999999999999996 1.0834222368574533e-47
restart...
0.008500000000000035 1.1520546651894369e-45
restart...
0.007 7.117370189496625e-47
restart...
0.006999999999999994 1.0890574941923135e-48
restart...
0.011500000000000007 4.711188369909345e-43
restart...
Sampling time (10 samples): 8636.1086 seconds
/scratch/users/yanlan/Retrieval_0705/Output/AM_PM_ET_208_364_00
0.012000000000000007 7.628010890942161e-44
restart...
0.012999999999999992 1.3605190996682741e-42
restart...
0.029499999999999978 5.319809749106279e-39
0.08774999999999997 1.1166384110659789e-45
0.12950000000000017 2.6685559627923632e-45
0.16224999999999942 1.4432686887163128e-42
0.15999999999999964 8.726927969905475e-52
restart...
0.07700000000000011 4.909876354144443e-47
0.08616666666666653 5.127240621883596e-59
restart...
0.09000000000000008 7.286144001014581e-43
0.10333333333333328 2.059444001170711e-51
restart...
0.0885000000000001 1.586360869015284e-43
0.09183333333333359 1.157698079553388e-58
restart...
0.09724999999999993 1.4088537779428793e-42
0.14650000000000032 8.2425627135123e-42
Sampling time (10 samples): 8058.9564 seconds
/scratch/users/yanlan/Retrieval_0705/Output/AM_PM_ET_215_326_00
0.036499999999999984 6.743818765870405e-38
0.18224999999999997 8.39624727427032e-35
0.17849999999999955 1.1614689662757883e-44
0.20187500000000017 4.7754497980996896e-42
0.22500000000000045 1.8626651599769527e-38
0.24108333333333357 1.5894634386328615e-36
0.25735714285714334 9.602757696177244e-36
0.269000000000001 4.416498884176825e-36
0.2797777777777781 1.4287699356244048e-35
0.2890000000000014 1.151727418238133e-35
0.2952272727272728 1.2298934324237582e-35
0.3005833333333334 4.069068933918534e-36
0.3040384615384631 1.1957567177024948e-35
0.3070000000000025 5.8646196790263026e-36
0.3100666666666685 2.920832222927961e-35
Sampling time (10 samples): 8052.6075 seconds
/scratch/users/yanlan/Retrieval_0705/Output/AM_PM_ET_221_377_00
0.057 1.165281098036293e-33
0.13875000000000057 5.629732636072531e-34
0.20083333333333378 7.793031028162536e-33
0.23249999999999996 1.0508047380877699e-31
0.2602999999999995 9.154258811935783e-31
0.2769166666666665 5.749981188280589e-30
0.28871428571428465 4.51471648294488e-30
0.3000624999999989 6.226653244592387e-31
0.3089444444444428 2.419278325601233e-30
0.31359999999999827 2.9298940294665587e-30
0.3190909090909076 1.968899062708908e-30
0.3227083333333325 9.506351288785213e-30
0.32742307692307715 2.9534616213925127e-30
0.33200000000000157 5.618935963352493e-30
0.3369333333333336 3.795084370913939e-30
Sampling time (10 samples): 8061.2341 seconds
/scratch/users/yanlan/Retrieval_0705/Output/AM_PM_ET_229_253_00
0.032999999999999995 1.1172769914887626e-37
0.16499999999999987 4.796667163738232e-38
0.214 5.418859902797652e-37
0.24649999999999964 1.9273989029312804e-35
0.2743000000000001 1.0730721644041338e-35
0.28641666666666754 3.4990043148719463e-35
0.296214285714287 1.1291219437254064e-34
0.30331250000000076 4.4568895930843515e-35
0.2876666666666683 1.1819561863582564e-59
restart...
0.3092222222222231 1.217078925424746e-34
0.3157000000000009 1.2109976208215531e-34
0.3214090909090919 3.6612533115837403e-34
0.3195416666666697 8.623082901672975e-35
0.3131538461538495 2.2086168362994435e-38
0.31492857142857533 8.076834605256657e-37
Sampling time (10 samples): 7930.4355 seconds
/scratch/users/yanlan/Retrieval_0705/Output/AM_PM_ET_237_357_00
0.0075000000000000015 2.2814136355599887e-48
restart...
0.012499999999999997 4.860226295711149e-43
restart...
0.023999999999999997 3.025978112243947e-38
0.09475000000000004 1.2738742948783263e-44
0.1456666666666668 3.0943129600575753e-44
0.16475000000000092 2.9619211851057564e-43
0.18140000000000142 1.8230606502087365e-41
0.2046666666666678 6.173326238504451e-40
0.21335714285714388 3.441297035868083e-39
0.226000000000001 1.1898888511721164e-38
0.23600000000000115 3.551502735709211e-38
0.24535000000000096 1.047212764931608e-37
0.2515000000000009 3.802879306265859e-38
0.25725000000000203 2.4371898543508503e-38
0.2629230769230788 1.0919028040692572e-38
Sampling time (10 samples): 8261.4123 seconds
/scratch/users/yanlan/Retrieval_0705/Output/AM_PM_ET_251_281_00
0.014000000000000004 3.961639656232063e-41
restart...
0.08600000000000005 3.0246069763508987e-30
0.07900000000000007 8.493367169256943e-60
restart...
0.05675000000000013 1.4248804587518053e-62
restart...
0.054249999999999986 3.1347361770387254e-66
restart...
0.13100000000000006 6.6661118030294345e-40
0.09133333333333338 2.197933279231947e-74
restart...
0.0923333333333334 2.7816715126891032e-73
restart...
0.09100000000000008 7.840567995322035e-78
restart...
0.09100000000000004 2.625823165095151e-77
restart...
0.09666666666666675 8.417054518233364e-72
restart...
0.0876666666666667 5.550043303373628e-85
restart...
0.09583333333333331 1.0219394273132077e-72
restart...
0.0926666666666667 2.3333005366469003e-73
restart...
0.09516666666666677 1.0555888984090488e-72
restart...
Sampling time (10 samples): 10135.5324 seconds
