/scratch/users/yanlan/Retrieval_0705/Output/AM_PM_ET_203_411_00
0.3769999999999996 1.3682379461148297e-12
0.35125 5.828760718525077e-13
0.34616666666666696 1.0146797109784787e-12
0.34075000000000005 8.54177322816881e-13
0.3366000000000009 1.4443319462421884e-12
0.33633333333333476 1.0350841799180965e-12
0.33650000000000063 4.147369958833499e-13
0.3326250000000002 5.174251967452015e-13
0.33199999999999896 4.687637482076184e-13
0.33285000000000065 9.091416044418672e-13
0.32927272727272866 5.675136926920371e-13
0.3303750000000009 3.648328790211571e-13
0.3312692307692326 9.577701141600882e-13
0.3290000000000026 8.001899986335548e-13
0.32873333333333543 6.755176382707607e-13
Sampling time (10 samples): 7841.5665 seconds
/scratch/users/yanlan/Retrieval_0705/Output/AM_PM_ET_210_300_00
0.04249999999999995 2.5525646594470434e-36
0.12375000000000003 2.188020318475279e-38
0.16783333333333386 1.6259640128480632e-37
0.19525000000000078 2.7001634629356894e-36
0.20770000000000033 9.168210244861587e-35
0.21416666666666678 3.1496713918215554e-35
0.22607142857142884 8.32789970797589e-35
0.23718749999999988 8.655494839090119e-35
0.24238888888888915 4.921964747065706e-36
0.2480500000000004 5.1530653885679034e-36
0.2538636363636363 8.967123536121845e-36
0.25762499999999827 9.382682598918009e-36
0.26000000000000023 8.140705623527854e-36
0.2596071428571438 1.7797082353542512e-35
0.2625999999999995 3.740245309132119e-36
Sampling time (10 samples): 7886.6119 seconds
/scratch/users/yanlan/Retrieval_0705/Output/AM_PM_ET_217_241_00
0.04449999999999999 1.1951604465961855e-37
0.15174999999999988 4.203885253321079e-35
0.18666666666666668 8.333927209293698e-34
0.22162499999999977 5.43100389038466e-33
0.24309999999999965 9.224318321219165e-32
0.26341666666666613 2.2376641564220223e-31
0.27671428571428486 1.5829463996876312e-31
0.2868124999999984 4.56744195491746e-31
0.29361111111111027 7.195515524915971e-31
0.29834999999999945 2.1184849717927974e-31
0.3070909090909081 1.7008057287723904e-31
0.3118333333333325 8.847712709707229e-32
0.31465384615384395 6.069740623351372e-32
0.31582142857142675 2.2430690756631953e-31
0.31929999999999775 2.6261244385671633e-31
Sampling time (10 samples): 7919.1162 seconds
/scratch/users/yanlan/Retrieval_0705/Output/AM_PM_ET_223_299_00
0.032500000000000015 1.012844302446846e-41
0.14675000000000027 1.345017261058718e-44
0.11633333333333337 1.5442210972274037e-65
restart...
0.12525000000000028 4.7537305052312397e-45
0.10500000000000045 5.8508732408398584e-64
restart...
0.07675000000000001 4.648961815111843e-59
restart...
0.07775000000000014 2.790706115201888e-59
restart...
0.07925000000000007 9.61580157865478e-58
restart...
0.08449999999999994 1.4735620108978527e-60
restart...
0.08625000000000003 2.4010903259459228e-51
restart...
0.051250000000000025 1.9163374998979101e-62
restart...
0.06675000000000021 8.509931208473118e-61
restart...
0.05175000000000003 5.8872692443283394e-61
restart...
0.10200000000000006 1.0888259146929352e-52
restart...
0.08300000000000012 1.2412001966532286e-55
restart...
Sampling time (10 samples): 7632.7258 seconds
/scratch/users/yanlan/Retrieval_0705/Output/AM_PM_ET_230_375_00
0.01849999999999999 8.520712012077274e-41
restart...
0.006000000000000032 3.350119268074348e-48
restart...
0.008000000000000002 4.13058285851426e-47
restart...
0.0065000000000000014 1.992854304787994e-48
restart...
0.005499999999999996 1.1737279742538217e-47
restart...
0.00849999999999999 2.4989657875595986e-44
restart...
0.022000000000000033 3.322022937150445e-40
0.06599999999999989 1.4198694561024058e-51
restart...
0.07475000000000002 1.8446339994344436e-50
restart...
0.06899999999999988 1.313741505618058e-48
0.12999999999999995 1.4285483446987967e-46
0.16350000000000012 2.98961537868449e-43
0.18090000000000064 6.1374642562874195e-43
0.19241666666666726 3.0338611376574173e-42
0.20750000000000046 4.529418243948787e-40
Sampling time (10 samples): 8736.5232 seconds
/scratch/users/yanlan/Retrieval_0705/Output/AM_PM_ET_239_355_00
0.016000000000000028 9.286965730073393e-42
restart...
0.017999999999999988 2.5689338307927834e-41
restart...
0.016499999999999994 5.76433695117962e-44
restart...
0.0225 6.9731165438996154e-40
0.07149999999999994 6.7630013936262e-49
restart...
0.06425000000000008 1.1206087554992173e-47
0.09150000000000004 6.180753131480054e-52
restart...
0.05950000000000007 4.5534194954756514e-51
restart...
0.08050000000000009 7.549622300355364e-48
0.1328333333333334 6.842279633013024e-45
0.15024999999999994 2.2298944127858133e-46
0.16239999999999985 6.537758146995723e-48
0.17508333333333348 1.7835029039295055e-46
0.18878571428571467 8.395050311242444e-45
0.19725000000000067 6.3471612694568e-44
Sampling time (10 samples): 7541.8137 seconds
/scratch/users/yanlan/Retrieval_0705/Output/AM_PM_ET_255_320_00
0.04800000000000003 2.0562608657950113e-38
0.1949999999999999 2.3120408992554396e-34
0.23750000000000024 3.2393163385046983e-33
0.2548750000000007 1.0375662059499202e-33
0.2669000000000012 8.020517111788794e-34
0.2757500000000031 2.273560563605948e-33
0.28085714285714586 7.141803773854996e-34
0.2925625000000024 6.567660530454861e-34
0.29872222222222405 1.9281755548301904e-33
0.3035500000000009 7.675996137669547e-34
0.2989545454545459 1.023654422767264e-35
0.29300000000000137 1.5345789079337262e-38
0.28623076923077173 2.180300357033131e-41
0.27075000000000193 7.921590508874888e-66
restart...
0.2697142857142884 2.0496915832091384e-65
restart...
Sampling time (10 samples): 8093.5194 seconds
