/scratch/users/yanlan/Retrieval_0705/Output/AM_PM_ET_199_338_00
0.08799999999999998 3.2045288201999357e-31
0.22299999999999986 1.786434957188006e-29
0.26566666666666766 1.225927066161676e-28
0.29400000000000087 1.5956021322748009e-28
0.31510000000000093 1.9082708097442663e-28
0.3268333333333332 2.0448670052709934e-28
0.3356428571428555 5.20736691160538e-29
0.3422499999999979 1.472488495155293e-28
0.347888888888886 3.25523167597859e-28
0.3565499999999978 4.695308960549342e-29
0.36195454545454325 1.4808763381657807e-28
0.3628749999999987 1.2226400073069724e-28
0.36757692307692263 6.123428016060346e-28
0.3699642857142857 1.5971720594313733e-28
0.3741999999999986 1.2408303099124861e-28
Sampling time (10 samples): 7953.0796 seconds
/scratch/users/yanlan/Retrieval_0705/Output/AM_PM_ET_205_311_00
0.011999999999999993 2.6454477977459284e-43
restart...
0.017500000000000016 5.93847839902267e-40
restart...
0.01599999999999998 2.502476044996672e-44
restart...
0.048500000000000015 3.6040048971878096e-36
0.14024999999999962 7.9619125968741e-36
0.18766666666666637 1.4880973344696814e-32
0.1636249999999999 3.80644422597985e-60
restart...
0.11075000000000003 9.551432366578128e-43
0.08383333333333333 1.1651546097108282e-71
restart...
0.07683333333333338 5.14305159013801e-80
restart...
0.08600000000000023 1.9460741629408122e-70
restart...
0.08066666666666682 6.172294744685985e-72
restart...
0.0813333333333334 5.161919189284311e-75
restart...
0.0820000000000001 3.488911302106265e-73
restart...
0.08349999999999992 2.7560731873996978e-74
restart...
Sampling time (10 samples): 8274.2414 seconds
/scratch/users/yanlan/Retrieval_0705/Output/AM_PM_ET_212_267_00
0.014500000000000004 6.198446009644117e-43
restart...
0.006999999999999994 5.532615547553824e-47
restart...
0.019499999999999972 3.683220393938821e-40
restart...
0.03199999999999999 4.5297214772248027e-39
0.14925000000000008 2.5550633039717574e-37
0.1273333333333336 1.3288049497503153e-60
restart...
0.14674999999999985 8.341384992788362e-36
0.14333333333333276 7.034936602166223e-59
restart...
0.08950000000000001 1.0616099659824078e-54
restart...
0.07174999999999987 1.6110761504269434e-55
restart...
0.0719999999999999 1.4232533147570864e-61
restart...
0.12824999999999964 2.2586350361840474e-43
0.09116666666666642 1.0427568379526776e-76
restart...
0.10925000000000001 1.496690769293381e-45
0.08833333333333339 3.003084184074562e-69
restart...
Sampling time (10 samples): 7590.5622 seconds
/scratch/users/yanlan/Retrieval_0705/Output/AM_PM_ET_218_336_00
0.023999999999999994 2.7929737593795295e-39
0.08924999999999998 3.171004322878823e-46
0.1256666666666666 1.5842521083310505e-46
0.14912499999999992 4.143608714445686e-46
0.15670000000000006 1.2117156545206938e-45
0.16466666666666627 5.661770594118214e-46
0.16928571428571454 3.784797665155984e-45
0.17456250000000034 4.783797660737768e-46
0.177722222222223 1.6044443862108376e-45
0.17990000000000042 1.721321893320552e-45
0.18181818181818205 7.289082252202127e-46
0.1838333333333335 4.089112759872825e-45
0.18415384615384608 7.961498954581137e-45
0.18689285714285717 6.89254914293396e-44
0.18613333333333326 6.198098400527916e-44
Sampling time (10 samples): 7425.5750 seconds
/scratch/users/yanlan/Retrieval_0705/Output/AM_PM_ET_225_266_00
0.03199999999999997 1.9281903140592335e-40
0.13974999999999985 1.3727676261807508e-41
0.17650000000000027 1.05314410433656e-40
0.19150000000000036 4.506962806525798e-41
0.20760000000000087 2.0305493379158945e-40
0.2180000000000004 7.373266578337088e-40
0.2094285714285717 3.184703969165283e-48
0.21649999999999991 2.775848012973767e-47
0.21472222222222265 3.0109464204874364e-48
0.2195000000000003 1.4674621965924388e-50
restart...
0.21915000000000115 5.114964722464672e-49
restart...
0.21870000000000042 1.7629319432169432e-47
0.2259545454545461 5.937140297220986e-48
0.23062500000000094 4.31371315353485e-48
0.23396153846153947 1.936567161850126e-48
Sampling time (10 samples): 7113.4983 seconds
/scratch/users/yanlan/Retrieval_0705/Output/AM_PM_ET_233_273_00
0.017500000000000057 2.379140135015529e-41
restart...
0.008499999999999997 5.978833776141086e-46
restart...
0.013500000000000005 8.202963232208462e-44
restart...
0.008500000000000025 9.070170927775548e-44
restart...
0.013000000000000003 6.629088225138953e-42
restart...
0.010999999999999987 5.794166200773889e-44
restart...
0.01150000000000001 3.78503201244498e-42
restart...
0.008000000000000014 1.5666150552459161e-47
restart...
0.017500000000000033 1.019387776651123e-40
restart...
0.014500000000000006 2.4115041348007792e-43
restart...
0.010499999999999999 1.4203760319247413e-42
restart...
0.0065 3.5562964746788484e-47
restart...
0.014499999999999997 1.4562936348540563e-43
restart...
0.010000000000000004 1.3724970158740485e-45
restart...
0.0145 1.6084165090407237e-40
restart...
Sampling time (10 samples): 7739.5582 seconds
/scratch/users/yanlan/Retrieval_0705/Output/AM_PM_ET_242_339_00
0.3835000000000003 1.068684774408532e-12
0.3507500000000008 5.319421407579768e-13
0.34483333333333455 1.223621419820949e-13
0.336000000000001 5.332798993190097e-13
0.3341000000000017 2.4045084679526516e-13
0.3268333333333352 5.524473899599717e-13
0.3277142857142876 1.190816789188626e-12
0.3303750000000023 4.722390928064225e-13
0.32922222222222336 1.566032967114549e-13
0.3287000000000026 7.234449413494724e-13
0.3292727272727297 2.863531943539406e-13
0.32820833333333654 5.021216380718596e-13
0.3270000000000041 1.1083865217307208e-12
0.32667857142857487 1.4885980193399133e-13
0.3263333333333371 4.717362166486125e-13
Sampling time (10 samples): 7621.1357 seconds
