/scratch/users/yanlan/Retrieval_0705/Output/AM_PM_ET_203_227_00
0.034499999999999996 2.4172081704329677e-36
0.06525 3.5492890027078124e-49
restart...
0.0644999999999999 1.3119593909692987e-51
restart...
0.0729999999999999 5.976100797860157e-49
restart...
0.06899999999999992 3.5589524662324363e-50
restart...
0.058500000000000045 9.444581870174972e-53
restart...
0.06199999999999993 1.667607572594016e-51
restart...
0.05325000000000002 4.856995889793263e-53
restart...
0.06299999999999996 2.29330310445605e-53
restart...
0.06625000000000004 7.907658554744643e-50
restart...
0.062000000000000076 1.4903292194144778e-50
restart...
0.062000000000000006 6.792942613053679e-51
restart...
0.06024999999999995 1.3627883522251104e-50
restart...
0.0644999999999998 2.776776745524362e-51
restart...
0.06825000000000007 7.890357977288874e-49
restart...
Sampling time (10 samples): 7866.0032 seconds
/scratch/users/yanlan/Retrieval_0705/Output/AM_PM_ET_209_281_00
0.04450000000000002 3.6822798638565756e-38
0.043000000000000024 4.0595265723756867e-66
restart...
0.060000000000000074 6.965449148898391e-54
restart...
0.05774999999999999 2.5466307813311593e-54
restart...
0.0629999999999999 4.0516751711758762e-53
restart...
0.033499999999999995 2.908458112167617e-69
restart...
0.06299999999999999 3.1743164164228165e-53
restart...
0.056500000000000015 1.4635386655642055e-54
restart...
0.0625 3.123379300803144e-54
restart...
0.0665 6.587209134753405e-53
restart...
0.05949999999999992 1.8165112104347525e-53
restart...
0.06049999999999998 1.9930933514420554e-52
restart...
0.06875000000000006 1.2802034138561482e-50
restart...
0.06474999999999993 2.01878600028892e-51
restart...
0.06375000000000003 1.7383093524902198e-53
restart...
Sampling time (10 samples): 7901.3547 seconds
/scratch/users/yanlan/Retrieval_0705/Output/AM_PM_ET_216_242_00
0.040500000000000036 6.501771950410783e-38
0.1529999999999995 2.871569897046983e-37
0.19283333333333308 1.383273780473728e-34
0.21750000000000047 3.9872313118764217e-35
0.22740000000000027 8.386107781692293e-36
0.23083333333333309 4.1967607976714664e-37
0.23278571428571432 2.0373789993809984e-36
0.23768749999999997 3.1681443976649526e-38
0.24505555555555575 6.177584685372335e-38
0.2495000000000002 3.459042674751324e-38
0.2564090909090914 1.8426695463848666e-37
0.26154166666666645 8.084999828654056e-38
0.26249999999999984 4.4954196581464305e-38
0.2656785714285713 9.308509404049872e-38
0.26726666666666565 1.0832684611805698e-37
Sampling time (10 samples): 7987.8714 seconds
/scratch/users/yanlan/Retrieval_0705/Output/AM_PM_ET_222_294_00
0.017000000000000046 3.6569740974489795e-41
restart...
0.015000000000000022 1.1475474730161237e-43
restart...
0.0295 1.7725641868276787e-38
0.0965000000000001 5.36501029322126e-42
0.14433333333333356 2.5799959176757277e-38
0.1655000000000003 8.722815029549794e-36
0.17500000000000007 1.5372318945966417e-39
0.16874999999999954 8.029137302047974e-48
0.17614285714285663 5.654092212985426e-45
0.18674999999999936 7.984218095912914e-41
0.16716666666666644 4.2684768931138954e-79
restart...
0.08525000000000013 1.1664520429759929e-42
0.11033333333333341 1.0152567361808886e-44
0.1207499999999998 6.33574488737034e-46
0.12719999999999934 3.393523375588924e-48
Sampling time (10 samples): 7724.6376 seconds
/scratch/users/yanlan/Retrieval_0705/Output/AM_PM_ET_229_333_00
0.021499999999999977 7.716993199655569e-41
0.12174999999999997 4.021496785284289e-44
0.18666666666666687 3.068417695421119e-42
0.2273750000000003 8.037809230939947e-40
0.2565000000000008 1.1329208396475994e-38
0.26966666666666744 2.373663565939335e-38
0.28221428571428564 3.268105224371828e-38
0.29224999999999934 3.971491386359793e-38
0.2957777777777758 4.985481070598539e-38
0.29844999999999694 6.510330327981002e-38
0.3018636363636344 1.154740017189827e-37
0.30679166666666413 1.5994873113493461e-37
0.31015384615384345 4.4303062482438835e-37
0.3130714285714244 6.944987531117655e-37
0.3168333333333278 3.049438691696561e-37
Sampling time (10 samples): 8172.2456 seconds
/scratch/users/yanlan/Retrieval_0705/Output/AM_PM_ET_238_306_00
0.03899999999999999 5.889731772492506e-38
0.18275000000000002 4.188194842494728e-39
0.2218333333333333 1.621151180918319e-38
0.22912500000000016 1.3252621367134599e-39
0.2334000000000002 2.7341778050525005e-41
0.24516666666666662 1.949659204009305e-41
0.24085714285714285 8.923308298956962e-45
0.24975 4.1112386639775554e-42
0.25616666666666615 9.405200168685168e-40
0.26360000000000033 1.5950466762733376e-38
0.26213636363636356 1.2653085466237601e-39
0.26954166666666707 3.571706529053506e-39
0.27680769230769237 1.1445174407492544e-38
0.2827142857142857 2.1257429543707934e-38
0.2886999999999983 1.3467942642783335e-38
Sampling time (10 samples): 7755.4675 seconds
/scratch/users/yanlan/Retrieval_0705/Output/AM_PM_ET_252_308_00
0.027000000000000003 8.937961402810837e-40
0.15574999999999983 3.848576975318156e-36
0.19566666666666654 9.057358307873498e-36
0.15299999999999994 3.6912101369875058e-65
restart...
0.11024999999999992 1.688489481999315e-45
0.1073333333333333 5.052318350440189e-60
restart...
0.09575000000000002 8.47444869564829e-52
restart...
0.13675 1.1149279732406746e-45
0.12383333333333335 7.381221964997893e-60
restart...
0.0755 6.567551903319402e-57
restart...
0.15699999999999972 3.66166540034688e-35
0.13616666666666652 3.4885141700846685e-57
restart...
0.13024999999999967 1.1569922932862965e-41
0.1114999999999998 2.0859897571849648e-60
restart...
0.1244999999999998 2.567710414863226e-45
Sampling time (10 samples): 8165.4279 seconds
