/scratch/users/yanlan/Retrieval_0705/Output/AM_PM_ET_200_347_00
0.02000000000000001 4.905289214281806e-42
0.05274999999999994 8.336121216804541e-55
restart...
0.045500000000000006 6.3527325641380795e-58
restart...
0.04774999999999996 3.76118239440516e-57
restart...
0.04099999999999996 2.966719241923313e-58
restart...
0.048249999999999967 1.2468324029683223e-56
restart...
0.04100000000000005 2.371399437710502e-59
restart...
0.03875000000000002 8.403517687923953e-59
restart...
0.04824999999999999 1.1671520475567343e-55
restart...
0.03774999999999998 1.776148987648592e-58
restart...
0.04825000000000007 6.080954491609388e-58
restart...
0.04074999999999997 1.280128169693943e-58
restart...
0.04850000000000001 1.1783366623045267e-56
restart...
0.05100000000000002 3.831460112129812e-55
restart...
0.050500000000000086 1.5368129818878742e-55
restart...
Sampling time (10 samples): 7881.3061 seconds
/scratch/users/yanlan/Retrieval_0705/Output/AM_PM_ET_206_334_00
0.05849999999999998 6.057639705104194e-36
0.061000000000000096 1.1159322291160334e-57
restart...
0.06924999999999971 3.2272015114243204e-57
restart...
0.04624999999999996 5.054645229400087e-71
restart...
0.06150000000000026 5.924164017304136e-61
restart...
0.0375 2.7466109040375534e-71
restart...
0.08049999999999999 7.645825273384599e-55
restart...
0.06750000000000003 1.4201271850911955e-56
restart...
0.05449999999999988 1.5728613628951367e-57
restart...
0.05750000000000011 3.9868757308338654e-57
restart...
0.036250000000000004 3.8521214599258406e-69
restart...
0.05425000000000016 4.113586357512224e-59
restart...
0.05750000000000002 8.195614240291037e-59
restart...
0.07249999999999987 1.8248903344670232e-55
restart...
0.059249999999999935 1.4737912768121933e-57
restart...
Sampling time (10 samples): 10190.6231 seconds
/scratch/users/yanlan/Retrieval_0705/Output/AM_PM_ET_213_313_00
0.013999999999999985 7.900385339806952e-43
restart...
0.014999999999999994 2.5152143840333432e-42
restart...
0.02100000000000003 3.263984624913971e-41
0.08825000000000004 2.3547982615130555e-52
restart...
0.07899999999999996 7.696135147369122e-49
restart...
0.08074999999999997 6.024545442032415e-51
restart...
0.10200000000000012 8.709889726204684e-50
restart...
0.08525000000000016 2.9969660708088685e-51
restart...
0.08000000000000002 3.397714779811981e-49
restart...
0.09149999999999989 2.431308873882942e-48
0.1563333333333329 7.127700572783335e-46
0.1891249999999996 7.351037967914913e-45
0.20450000000000018 6.513705278025297e-45
0.2173333333333336 1.0982896552883998e-43
0.22614285714285742 9.17592376449134e-44
Sampling time (10 samples): 7908.1829 seconds
/scratch/users/yanlan/Retrieval_0705/Output/AM_PM_ET_219_368_00
0.022 2.528797790682034e-40
0.10524999999999991 7.993575631931687e-44
0.1659999999999999 9.966501507718059e-42
0.20637499999999998 2.63998392030486e-40
0.23000000000000023 4.339395655109706e-37
0.2444166666666671 1.663797932548094e-35
0.26192857142857257 1.6142767873235757e-34
0.273375 1.6358571426173136e-34
0.2852777777777781 1.6974181858846241e-34
0.2952500000000016 5.200774747576515e-34
0.3052727272727276 5.328202174310559e-34
0.31108333333333255 2.831199659873206e-34
0.31530769230769246 6.619757926881016e-34
0.31871428571428567 5.655778916095879e-34
0.3217999999999989 2.560091045229189e-34
Sampling time (10 samples): 7966.3479 seconds
/scratch/users/yanlan/Retrieval_0705/Output/AM_PM_ET_226_324_00
0.07450000000000008 7.620171304196443e-34
0.14949999999999986 7.559104101380217e-35
0.1985000000000006 3.366959542756039e-35
0.16125000000000062 2.8787415986532258e-58
restart...
0.10325000000000023 8.93732762990858e-45
0.11283333333333356 1.6636473419647606e-53
restart...
0.10233333333333348 5.03245202093028e-56
restart...
0.10533333333333325 5.8109243406984275e-52
restart...
0.09533333333333342 5.767084539240515e-58
restart...
0.09250000000000008 3.402896535236696e-57
restart...
0.09016666666666696 1.3105538227845143e-58
restart...
0.09216666666666706 5.754858447529664e-60
restart...
0.10433333333333338 1.8972447454635537e-55
restart...
0.10700000000000019 2.1664136848015413e-53
restart...
0.10466666666666694 9.622304306474299e-54
restart...
Sampling time (10 samples): 11816.4434 seconds
/scratch/users/yanlan/Retrieval_0705/Output/AM_PM_ET_234_388_00
0.025500000000000026 1.2710917198198406e-39
0.059000000000000004 5.419142611483213e-52
restart...
0.061999999999999986 1.8893947108083482e-50
restart...
0.06550000000000003 5.448252653435968e-53
restart...
0.06900000000000031 1.6997538827362774e-49
restart...
0.06350000000000022 2.165622527207898e-50
restart...
0.06350000000000001 8.89479136272613e-49
restart...
0.06899999999999992 3.864210689816119e-49
restart...
0.06799999999999988 6.897661203693982e-49
restart...
0.056499999999999946 1.7240906229150558e-54
restart...
0.061499999999999916 6.660333403514072e-50
restart...
0.07625000000000011 2.016536360603774e-50
restart...
0.06550000000000002 1.4052085489721145e-47
0.09583333333333316 9.167344862378086e-51
restart...
0.073 1.4795492345678632e-48
Sampling time (10 samples): 8126.3959 seconds
/scratch/users/yanlan/Retrieval_0705/Output/AM_PM_ET_245_320_00
0.04999999999999999 8.976066874874648e-37
0.10325000000000006 2.540241190773461e-43
0.16266666666666638 2.1123394701625956e-39
0.20212499999999983 1.723344946314465e-35
0.2367000000000004 1.2906729552589065e-33
0.2704166666666676 3.1463813168016186e-33
0.29321428571428637 7.623003266195872e-33
0.30581250000000026 8.985779631195016e-35
0.27355555555555594 1.6111896397054417e-68
restart...
0.27422222222222276 4.11756658826226e-69
restart...
0.27433333333333365 5.440362779196802e-63
restart...
0.2740555555555559 2.4024753306292606e-67
restart...
0.27427777777777784 7.177348543929346e-67
restart...
0.2741666666666657 3.887158811477574e-67
restart...
0.27383333333333376 3.916008623927043e-67
restart...
Sampling time (10 samples): 9177.2328 seconds
