/scratch/users/yanlan/Retrieval_0705/Output/AM_PM_ET_203_327_00
0.021500000000000012 5.001881938509659e-40
0.07050000000000008 2.1982825984766676e-48
0.13583333333333333 2.42269973983249e-45
0.18075000000000052 3.1570703115824924e-42
0.20320000000000055 1.1542808641419123e-38
0.21258333333333346 3.082198330529085e-36
0.2304285714285711 4.1579121214889115e-35
0.24774999999999997 2.74548446150325e-34
0.2598888888888871 6.807549161112494e-34
0.2697000000000004 3.634169956120696e-34
0.2742727272727278 3.0015840872170673e-34
0.2819583333333338 2.5962927334518035e-34
0.28815384615384726 1.3097955927081953e-34
0.2932142857142878 2.6346135114755644e-33
0.29926666666666746 5.108637775825506e-34
Sampling time (10 samples): 7939.8023 seconds
/scratch/users/yanlan/Retrieval_0705/Output/AM_PM_ET_210_233_00
0.041999999999999996 2.9890903187551547e-37
0.1457500000000001 3.9273985518726463e-41
0.1351666666666662 3.831091197453277e-52
restart...
0.06949999999999992 1.9363497141714894e-52
restart...
0.06749999999999984 2.115629639526109e-52
restart...
0.09074999999999994 4.321835035203823e-50
restart...
0.07975000000000003 7.98122580426265e-52
restart...
0.10174999999999992 3.353352983139227e-49
restart...
0.10574999999999987 1.064375934154827e-46
0.12199999999999984 3.8420961715683205e-50
restart...
0.1667499999999997 8.844512030535858e-36
0.22133333333333371 5.387138943942537e-35
0.18850000000000036 2.19174837843012e-48
0.2019000000000003 2.757964120551085e-45
0.2154166666666666 1.07650476302469e-40
Sampling time (10 samples): 8274.0958 seconds
/scratch/users/yanlan/Retrieval_0705/Output/AM_PM_ET_216_335_00
0.0175 9.870165732938552e-39
restart...
0.03149999999999999 2.645434204464747e-37
0.09200000000000025 2.97148401748433e-44
0.14716666666666692 3.453083939672776e-39
0.19762499999999997 6.15982523820905e-36
0.22509999999999986 3.34987244724105e-34
0.2486666666666663 3.3863856208663372e-34
0.25742857142857184 1.0393174825265436e-33
0.2639375000000009 6.465671805190286e-34
0.273888888888889 2.099280400274266e-34
0.2822000000000001 1.401514150196437e-33
0.289045454545456 1.132067899643209e-33
0.2942083333333351 3.2208730022998026e-34
0.30023076923077235 1.1940637736474e-33
0.30667857142857524 2.7943558191629057e-34
Sampling time (10 samples): 7871.8606 seconds
/scratch/users/yanlan/Retrieval_0705/Output/AM_PM_ET_222_398_00
0.022500000000000013 7.576211564376254e-40
0.1047500000000002 1.3598397033042316e-46
0.16716666666666705 3.2494851089071223e-43
0.2057500000000004 1.0972360127587102e-40
0.22750000000000045 2.520565033315751e-38
0.24575000000000038 1.7361903280995167e-37
0.2528571428571428 1.2647650788770304e-37
0.2594374999999992 2.1901473179177035e-37
0.2661666666666653 9.83334894065149e-37
0.2711999999999976 1.4038491286226902e-36
0.27336363636363503 7.340756938178559e-37
0.278291666666666 1.2168748624870809e-36
0.2817307692307681 4.976822332993218e-36
0.2834999999999988 2.962939605068223e-37
0.2874999999999982 5.149734055275493e-37
Sampling time (10 samples): 7982.5429 seconds
/scratch/users/yanlan/Retrieval_0705/Output/AM_PM_ET_230_299_00
0.00900000000000001 4.031555653955439e-46
restart...
0.026500000000000006 2.7706705797045095e-40
0.07574999999999998 3.5397477157465166e-54
restart...
0.047999999999999945 1.0541104836142812e-57
restart...
0.07574999999999997 2.0241532852163e-55
restart...
0.047250000000000056 2.6800991718992924e-62
restart...
0.09925000000000014 1.1148542920926898e-48
0.10550000000000019 2.1389989576143117e-59
restart...
0.1117499999999999 1.7968401555834193e-43
0.16649999999999984 6.0297790954102436e-43
0.15274999999999944 2.2827237436442033e-58
restart...
0.047999999999999945 1.0907816815432683e-55
restart...
0.046499999999999965 8.255857422156396e-57
restart...
0.047999999999999966 2.3811843664989365e-57
restart...
0.040749999999999995 2.357226083949494e-58
restart...
Sampling time (10 samples): 7690.5425 seconds
/scratch/users/yanlan/Retrieval_0705/Output/AM_PM_ET_239_291_00
0.013500000000000012 6.347521183366388e-44
restart...
0.02199999999999999 1.1970686421357069e-39
0.08175000000000009 6.39444352619757e-47
0.10933333333333357 1.3233779493541667e-50
restart...
0.07175000000000012 1.0148908232293568e-49
restart...
0.08024999999999992 4.320971397928443e-46
0.10950000000000007 2.5753648345418414e-49
restart...
0.08275000000000018 1.4694704612662727e-45
0.0901666666666667 3.637926832157618e-56
restart...
0.049749999999999954 8.407860116090658e-54
restart...
0.05125 6.1467752399234845e-52
restart...
0.036999999999999963 1.0490955044610875e-58
restart...
0.04000000000000005 2.2571573501344693e-57
restart...
0.0717499999999999 1.6585778434456968e-50
restart...
0.0665000000000001 1.6321368594829627e-49
restart...
Sampling time (10 samples): 7531.6629 seconds
/scratch/users/yanlan/Retrieval_0705/Output/AM_PM_ET_254_303_00
0.05399999999999999 9.89764935463016e-36
0.1565 2.3830205812353123e-35
0.11300000000000013 4.9748365497590836e-64
restart...
0.15399999999999944 5.80616906656343e-38
0.1216666666666661 4.722126878099953e-59
restart...
0.10350000000000002 1.648530669172293e-46
0.11783333333333339 2.804153082062783e-54
restart...
0.0970000000000001 1.6706799682443222e-48
0.09550000000000007 5.636860254314603e-61
restart...
0.16249999999999967 5.640864036885736e-38
0.11816666666666673 1.5751144640282884e-66
restart...
0.15074999999999977 1.491054786325757e-34
0.1121666666666663 4.8761568288327015e-64
restart...
0.14974999999999977 1.312296771346879e-37
0.11166666666666661 1.2001653688151132e-63
restart...
Sampling time (10 samples): 8084.5801 seconds
