/scratch/users/yanlan/Retrieval_0705/Output/AM_PM_ET_199_310_00
0.011000000000000005 5.416818360153044e-44
restart...
0.05500000000000001 3.8059670305195667e-35
0.16625 3.1399286234296086e-33
0.23433333333333364 3.3875369383126786e-32
0.2624999999999994 1.0823628832132118e-31
0.27859999999999907 7.941429073433997e-32
0.2962500000000001 1.2662356865854059e-31
0.3089285714285708 2.864235995728859e-31
0.31412499999999915 2.4502749291263417e-31
0.3234444444444437 2.8551599969520746e-32
0.323749999999999 1.1356568690539518e-31
0.32863636363636106 2.4315559959191405e-31
0.33041666666666347 4.7243089009718524e-32
0.33276923076922793 1.790077881016984e-31
0.3363214285714261 2.398667413200865e-31
Sampling time (10 samples): 8858.0054 seconds
/scratch/users/yanlan/Retrieval_0705/Output/AM_PM_ET_205_283_00
0.04850000000000002 3.5286827583926526e-34
0.07250000000000004 9.091450457351639e-52
restart...
0.06674999999999999 4.525373205021003e-51
restart...
0.06774999999999998 3.043375201050534e-46
0.12966666666666657 1.929045168994306e-42
0.18125 7.034815021730241e-39
0.21790000000000012 3.024984403597233e-37
0.23450000000000043 6.227082986861486e-37
0.22464285714285773 7.883642679877017e-44
0.2273750000000007 1.1733568333652482e-42
0.23372222222222314 5.936188413912436e-40
0.24775000000000064 1.084234913163432e-37
0.26213636363636306 1.8974058001394075e-36
0.2737916666666667 5.404802412592487e-37
0.2818461538461553 6.075800886006334e-37
Sampling time (10 samples): 9316.7101 seconds
/scratch/users/yanlan/Retrieval_0705/Output/AM_PM_ET_212_239_00
0.04300000000000005 2.5282921547603923e-36
0.1687499999999998 3.539932608641339e-34
0.1998333333333331 2.1359937603166413e-33
0.21874999999999958 1.960891001262378e-33
0.2257999999999995 2.838564323483208e-34
0.22533333333333275 1.3299575317820796e-34
0.23078571428571373 8.026207993683685e-35
0.2349999999999993 1.12076322964389e-34
0.24072222222222212 1.5004738820533248e-35
0.2425500000000001 9.777795459674847e-36
0.24800000000000005 9.343253216738786e-36
0.2511250000000002 1.3555653150158188e-35
0.2524615384615377 9.015337481498401e-36
0.2566071428571428 1.4397344793162916e-36
0.2601666666666654 2.7393081509153913e-36
Sampling time (10 samples): 8998.0617 seconds
/scratch/users/yanlan/Retrieval_0705/Output/AM_PM_ET_218_308_00
0.05499999999999997 1.955367896012051e-33
0.04049999999999998 6.577136671820137e-67
restart...
0.06849999999999999 1.5422605260994265e-55
restart...
0.048499999999999995 3.8462660988650703e-60
restart...
0.04675000000000006 2.4187698967281817e-65
restart...
0.06350000000000038 1.2806285413063982e-56
restart...
0.04800000000000001 1.8592386822127529e-62
restart...
0.03324999999999997 4.724093453973165e-72
restart...
0.06650000000000013 6.564565084331997e-57
restart...
0.04799999999999997 1.9144109285073687e-60
restart...
0.04425000000000004 9.334835045872805e-64
restart...
0.029999999999999968 1.2088500031081233e-74
restart...
0.03999999999999993 1.2281818693659566e-68
restart...
0.06424999999999965 5.324966819311424e-55
restart...
0.13549999999999945 2.1431059971919317e-35
Sampling time (10 samples): 10733.9797 seconds
/scratch/users/yanlan/Retrieval_0705/Output/AM_PM_ET_224_393_00
0.031000000000000028 6.654248104782842e-38
0.12075000000000004 4.948417916726907e-40
0.11533333333333338 1.1404339143055297e-50
restart...
0.12425000000000025 4.6184311821422326e-38
0.14100000000000085 1.3128511000084675e-45
0.1548750000000002 1.3865016924033726e-46
0.17309999999999992 7.800633644886205e-49
restart...
0.09649999999999997 1.51995893742453e-45
0.1243333333333332 1.7465041067118114e-47
0.16487500000000027 5.5888764413958155e-43
0.20160000000000095 1.6309801764554542e-40
0.22483333333333425 2.0026629544688706e-38
0.24007142857142955 8.625942297909234e-38
0.244937500000001 2.6019251171025046e-37
0.25094444444444564 3.3084852454885498e-37
Sampling time (10 samples): 8831.5749 seconds
/scratch/users/yanlan/Retrieval_0705/Output/AM_PM_ET_232_379_00
0.022500000000000017 5.80358306930365e-41
0.06625000000000003 1.7038686637578688e-50
restart...
0.047000000000000056 6.489167122133131e-56
restart...
0.05749999999999998 3.463809228582778e-52
restart...
0.05125000000000004 3.406167329227247e-54
restart...
0.054500000000000104 8.325048540925235e-53
restart...
0.056999999999999974 3.2280750591037832e-50
restart...
0.05750000000000005 3.10341086417024e-51
restart...
0.05274999999999995 2.443223004723881e-54
restart...
0.05975000000000005 3.161929204763671e-51
restart...
0.04424999999999993 7.806337051116927e-59
restart...
0.05675000000000002 1.3640345616859075e-50
restart...
0.062250000000000076 3.9745556847120307e-50
restart...
0.048499999999999995 5.866993687155973e-57
restart...
0.053 8.657623309088092e-53
restart...
Sampling time (10 samples): 9031.8477 seconds
/scratch/users/yanlan/Retrieval_0705/Output/AM_PM_ET_242_311_00
0.01150000000000001 4.213401427916446e-43
restart...
0.042499999999999996 9.763021513277796e-37
0.08324999999999994 2.2783361813300522e-48
0.1303333333333335 1.4228558174856044e-45
0.16112500000000055 6.050606690907208e-43
0.19050000000000072 2.2792803387706056e-40
0.2130833333333342 3.808602680326792e-37
0.23257142857142937 7.529232331142025e-36
0.24931250000000063 1.6445385103295517e-34
0.2622222222222224 5.648910905963603e-34
0.2812000000000011 8.402184138300894e-34
0.2915000000000012 1.0351515778586045e-34
0.2993750000000028 1.6055165100211524e-34
0.30915384615384767 5.550143976697106e-34
0.3187500000000013 4.662471043541391e-34
Sampling time (10 samples): 8931.2618 seconds
