/scratch/users/yanlan/Retrieval_0705/Output/AM_PM_ET_204_270_00
0.061500000000000006 1.6045812742813647e-35
0.18974999999999978 3.917447912918308e-33
0.20316666666666647 4.1897538991403426e-41
0.20012499999999994 3.692350573309076e-44
0.20700000000000013 2.2144598058731685e-50
restart...
0.21700000000000022 4.477422072006407e-39
0.22941666666666702 1.1138713858744372e-38
0.20485714285714307 1.7023916561301402e-66
restart...
0.2100000000000004 6.798362825728865e-63
restart...
0.2332142857142864 3.7812284874229796e-39
0.23625000000000027 7.192973519323751e-40
0.23583333333333414 5.61630491275292e-42
0.24300000000000055 8.489630014703691e-41
0.24668181818181867 9.531820512945356e-42
0.24900000000000044 1.3444530777195039e-42
Sampling time (10 samples): 6842.7964 seconds
/scratch/users/yanlan/Retrieval_0705/Output/AM_PM_ET_210_360_00
0.06349999999999999 2.6872283708787086e-33
0.10899999999999994 1.4602263702753945e-38
0.16966666666666752 1.8376286631611158e-39
0.2043750000000006 7.259781137351311e-38
0.20810000000000053 2.012465730712459e-41
0.20566666666666725 9.888593209138123e-45
0.21107142857142933 7.367522800948745e-45
0.21581250000000055 4.3580477372999205e-44
0.22238888888888972 7.5522324914884e-43
0.22820000000000024 2.4233930355887187e-43
0.23113636363636375 3.2310765374216163e-43
0.2322916666666666 1.9774907424606545e-43
0.23484615384615334 5.551820286815301e-44
0.23632142857142774 3.8648762722329127e-44
0.24123333333333263 1.4746070156413765e-43
Sampling time (10 samples): 6547.6142 seconds
/scratch/users/yanlan/Retrieval_0705/Output/AM_PM_ET_217_290_00
0.017499999999999977 3.572861641400615e-40
restart...
0.027999999999999997 2.4758875301865828e-40
0.08375000000000014 4.7729763265215475e-47
0.12233333333333335 2.3515587402889553e-47
/scratch/users/yanlan/Retrieval_0705/Output/AM_PM_ET_223_356_00
0.005499999999999995 1.2636674143116277e-47
restart...
0.009000000000000006 7.612071669385478e-45
restart...
0.004499999999999994 3.3412503640094715e-48
restart...
0.009999999999999993 1.9941478033411803e-43
restart...
0.003499999999999997 6.775516399804097e-51
restart...
0.010000000000000009 3.55652323019239e-44
restart...
0.006000000000000006 6.701782491837645e-49
restart...
0.0665 5.481271580501762e-35
0.19625000000000029 2.786078054696257e-31
0.2538333333333336 4.5562822620081764e-29
0.28012500000000096 1.1500986653636204e-28
0.297700000000001 1.8806637837784097e-28
0.31425000000000036 6.342047301546333e-29
0.3224285714285709 5.930952490484078e-29
0.3312499999999989 1.4327464302107584e-28
Sampling time (10 samples): 7319.2429 seconds
/scratch/users/yanlan/Retrieval_0705/Output/AM_PM_ET_231_291_00
0.0125 1.0048194701070439e-43
restart...
0.0105 9.264623404841938e-43
restart...
0.011000000000000012 3.761287662917707e-43
restart...
0.024999999999999998 2.0566447804473087e-40
0.09050000000000004 2.812829476677526e-46
0.08916666666666662 8.766270186330998e-69
restart...
0.09674999999999997 1.2100076636588108e-44
0.0821666666666666 3.9308129398010287e-75
restart...
0.04000000000000001 6.977672457968634e-67
restart...
0.02425 3.428573468755002e-78
restart...
0.02875000000000013 1.3503211734234137e-75
restart...
0.056000000000000175 6.484127815218298e-61
restart...
0.0950000000000001 6.968586683184959e-45
0.08783333333333342 8.523902044667839e-69
restart...
0.09575000000000013 5.462445602720135e-44
Sampling time (10 samples): 6900.6233 seconds
/scratch/users/yanlan/Retrieval_0705/Output/AM_PM_ET_240_303_00
0.011500000000000007 8.116740189037941e-44
restart...
0.0195 5.828387988608e-43
restart...
0.017499999999999995 8.131665367398888e-42
restart...
0.022 8.508940205861427e-40
0.09375000000000006 1.0308693297693134e-45
0.075666666666667 2.8972343506640565e-74
restart...
0.1107500000000003 7.48871453674061e-43
0.09466666666666687 4.020458105188665e-65
restart...
0.031750000000000084 6.156306783166619e-65
restart...
0.041249999999999974 7.071182761517193e-58
restart...
0.047999999999999925 4.224914940542987e-60
restart...
0.07524999999999986 6.884586758713027e-48
0.11283333333333341 9.09036268684938e-51
restart...
0.06300000000000004 9.406629452980987e-50
restart...
0.07525000000000004 3.574922666501936e-50
restart...
Sampling time (10 samples): 6373.6725 seconds
/scratch/users/yanlan/Retrieval_0705/Output/AM_PM_ET_256_319_00
0.02850000000000004 2.595232049681087e-40
0.10649999999999997 4.594856093409589e-46
0.14350000000000035 3.284122598355583e-48
0.17287499999999997 2.77136791392388e-48
0.1572999999999991 1.1108063328068372e-62
restart...
0.038500000000000076 1.0863141916140561e-60
restart...
0.033500000000000085 2.096456050978648e-64
restart...
0.04000000000000003 4.0522311274686706e-61
restart...
0.041 7.36801827584979e-61
restart...
0.03350000000000013 6.996985900537003e-66
restart...
0.04550000000000007 1.0853126253865712e-59
restart...
0.05124999999999999 1.6080465403316514e-59
restart...
0.09725000000000006 4.7855289622305124e-46
0.13999999999999982 2.8315065801226974e-46
0.16937500000000003 5.760812636394239e-46
Sampling time (10 samples): 7105.9179 seconds
