/scratch/users/yanlan/Retrieval_0705/Output/AM_PM_ET_201_266_00
0.02349999999999999 2.6063514237397385e-40
0.07775000000000004 9.358286006979783e-46
0.10366666666666684 1.61780138587311e-49
restart...
0.07549999999999998 1.9247303945856222e-46
0.09699999999999974 1.0824137658593236e-51
restart...
0.05775000000000003 4.1020139303203375e-50
restart...
0.06999999999999994 8.475927700738313e-48
0.08949999999999993 1.2563661692095429e-50
restart...
0.07000000000000015 2.139600010169555e-45
0.09650000000000013 6.687977460934313e-49
restart...
0.07850000000000003 3.703085358990332e-46
0.10066666666666656 7.12477149180182e-50
restart...
0.07450000000000015 5.123313078727987e-46
0.0976666666666666 3.5871961861253883e-50
restart...
0.0652500000000002 8.839257945604635e-49
restart...
Sampling time (10 samples): 10635.2533 seconds
/scratch/users/yanlan/Retrieval_0705/Output/AM_PM_ET_207_274_00
0.010999999999999998 1.2255942100533874e-43
restart...
0.029500000000000016 4.835287269870977e-38
0.12425000000000001 1.558352264722883e-39
0.17783333333333337 7.328103430886915e-36
0.21687499999999924 2.166512758434521e-32
0.24459999999999907 1.0575942926410158e-30
0.26091666666666513 1.5268529529004725e-30
0.2779999999999996 9.57679400879893e-31
0.2890625000000009 2.0757261254921536e-30
0.2765555555555556 1.0328741361457534e-50
restart...
0.2990555555555559 1.2039459193522866e-30
0.3062999999999992 5.728535782329626e-30
0.30995454545454443 8.004649391299377e-31
0.31154166666666605 2.767573446261483e-30
0.30076923076922973 1.2668910441444877e-51
restart...
Sampling time (10 samples): 8172.9556 seconds
/scratch/users/yanlan/Retrieval_0705/Output/AM_PM_ET_214_260_00
0.041499999999999954 2.735137077056512e-38
0.14749999999999958 2.8764501897387318e-37
0.110833333333333 1.573673663484334e-65
restart...
0.06475000000000015 2.3767856279576726e-60
restart...
0.0675 3.814016509641358e-57
restart...
0.10775000000000007 7.515083028104437e-48
0.08800000000000019 6.493728917819357e-71
restart...
0.09049999999999983 1.0537145912211486e-68
restart...
0.08883333333333354 6.766216040777881e-70
restart...
0.09116666666666644 1.1285457694461664e-68
restart...
0.08799999999999981 2.7685557616562084e-69
restart...
0.08883333333333357 3.807495796757413e-67
restart...
0.08966666666666688 5.741020731958883e-72
restart...
0.08700000000000012 3.8556835286397073e-72
restart...
0.0875000000000002 5.135485969999632e-71
restart...
Sampling time (10 samples): 11051.7297 seconds
/scratch/users/yanlan/Retrieval_0705/Output/AM_PM_ET_220_305_00
0.03850000000000001 8.37273170036846e-37
0.158 1.377551702605726e-33
0.19850000000000007 1.4952610486924447e-31
0.16600000000000023 9.43704739837833e-58
restart...
0.10575000000000004 8.037393043151736e-46
0.07233333333333347 8.374184121145849e-86
restart...
0.14074999999999935 5.215959041991484e-36
0.10383333333333297 2.01376342694096e-67
restart...
0.12549999999999997 3.2665952852347704e-39
0.14833333333333362 8.235790068884694e-42
0.15475000000000033 7.046518123317684e-46
0.15960000000000021 1.295596285406338e-46
0.16941666666666683 1.907040690450706e-43
0.18150000000000038 9.675020867288216e-41
0.19412500000000066 1.381635023261039e-38
Sampling time (10 samples): 8574.4764 seconds
/scratch/users/yanlan/Retrieval_0705/Output/AM_PM_ET_227_290_00
0.012499999999999983 3.3757923275846785e-42
restart...
0.01 3.336066119095781e-46
restart...
0.009999999999999995 1.9928524183644498e-45
restart...
0.01750000000000001 3.326477981071344e-42
restart...
0.013999999999999988 1.2091183823520168e-42
restart...
0.015000000000000003 4.266472681308913e-41
restart...
0.015499999999999998 6.550857151324399e-42
restart...
0.014000000000000014 3.691611578647811e-42
restart...
0.016000000000000004 7.305073100843737e-43
restart...
0.01500000000000002 2.693208867804524e-43
restart...
0.012499999999999985 5.190122015737127e-44
restart...
0.013 8.038797108852118e-43
restart...
0.01749999999999999 1.5042691255333866e-40
restart...
0.014000000000000004 4.0962358501195186e-44
restart...
0.014500000000000008 1.398335797726511e-41
restart...
Sampling time (10 samples): 9005.7056 seconds
/scratch/users/yanlan/Retrieval_0705/Output/AM_PM_ET_235_374_00
0.05949999999999995 3.439542732034286e-36
0.14024999999999985 7.077257644925369e-36
0.17016666666666666 3.6839779958290634e-36
0.19412500000000002 3.1347873828872323e-35
0.2046 1.732660258604235e-35
0.2142500000000001 1.5057238340237812e-34
0.21778571428571464 1.7350193847539513e-34
0.2211875000000001 2.04816738195545e-34
0.22338888888888905 9.113042878623893e-34
0.2250500000000002 9.480055841941663e-34
0.22718181818181862 6.702130443657929e-33
0.23029166666666712 2.8274626429534795e-34
0.23161538461538503 3.5114381215769884e-34
0.23153571428571468 1.6443332092423556e-34
0.22796666666666707 4.907772960364841e-41
Sampling time (10 samples): 8463.5806 seconds
/scratch/users/yanlan/Retrieval_0705/Output/AM_PM_ET_247_293_00
0.041 8.152325247365567e-39
0.16675 7.501572013657786e-38
0.17733333333333318 1.881458226164424e-40
0.19062500000000027 4.093792076960642e-41
0.21190000000000003 9.162796839934882e-39
0.24191666666666634 2.1412425708556665e-37
0.26849999999999985 2.1535058119345134e-37
0.2811874999999998 3.021381374413939e-37
0.29072222222222155 5.201570999959086e-37
0.3025999999999994 5.411870759084138e-37
0.3097727272727274 1.418634618273548e-37
0.3130833333333339 2.5075727963434904e-37
0.3185384615384624 4.274631821323445e-37
0.3236071428571449 5.924563577821425e-37
0.3266000000000018 8.831435418062922e-38
Sampling time (10 samples): 8075.2828 seconds
