/scratch/users/yanlan/Retrieval_0705/Output/AM_PM_ET_204_322_00
0.00799999999999999 2.970710407277928e-46
restart...
0.017000000000000008 1.1614798604932726e-41
restart...
0.008500000000000006 2.5079955522527405e-46
restart...
0.006999999999999994 4.3552819938515014e-47
restart...
0.00799999999999999 2.363960340112677e-46
restart...
0.012000000000000009 2.665713785442077e-41
restart...
0.017000000000000005 2.112707417831148e-42
restart...
0.009999999999999998 2.6843776726341747e-43
restart...
0.009999999999999988 3.694673391990068e-44
restart...
0.031000000000000017 6.986287442830443e-38
0.07599999999999985 9.578432635107848e-48
0.1269999999999998 5.576008215860849e-47
0.1638749999999997 1.2669996889456971e-43
0.18149999999999994 1.229539734277769e-41
0.19550000000000012 8.102729657279895e-41
Sampling time (10 samples): 8713.6234 seconds
/scratch/users/yanlan/Retrieval_0705/Output/AM_PM_ET_211_253_00
0.02950000000000003 5.2362866624181064e-39
0.13699999999999998 4.4521750673545435e-36
0.13099999999999895 2.790153573587245e-44
0.15412499999999868 1.2674460522511605e-43
0.17699999999999994 4.412376835428476e-40
0.19533333333333272 1.0688739089526036e-37
0.2112142857142856 3.401384108901945e-35
0.22768749999999988 5.824168128768054e-33
0.24361111111111186 8.938762675017952e-33
0.2562999999999995 1.1737664415020031e-32
0.26781818181818173 1.3774834921154343e-32
0.27645833333333336 5.51255788869768e-32
0.28196153846153926 6.316718933253099e-33
0.2890357142857159 7.171233631895827e-33
0.2959000000000011 1.3687814932475296e-32
Sampling time (10 samples): 8334.2779 seconds
/scratch/users/yanlan/Retrieval_0705/Output/AM_PM_ET_217_338_00
0.06349999999999999 1.2749900172816932e-35
0.18349999999999955 2.247868540356019e-31
0.18899999999999942 2.2868243649298154e-34
0.1811249999999995 7.300940510601592e-41
0.16999999999999926 1.7618472281334612e-48
0.17391666666666605 3.275639486585287e-48
0.18492857142857075 2.7949631212181627e-44
0.19443749999999974 6.0027745132271044e-43
0.20683333333333367 4.5649195444794096e-41
0.21804999999999997 7.155300955254776e-40
0.23004545454545464 1.667968947930929e-38
0.24145833333333322 3.100308912715195e-38
0.2475384615384618 5.446100840677959e-39
0.25796428571428537 9.48673107944004e-39
0.26683333333333065 4.1261737846732877e-38
Sampling time (10 samples): 8336.9001 seconds
/scratch/users/yanlan/Retrieval_0705/Output/AM_PM_ET_224_250_00
0.02549999999999999 3.441578179620567e-40
0.1265000000000002 2.375675775631617e-41
0.16100000000000048 6.140972150522004e-40
0.17975000000000058 1.318413558755451e-41
0.18870000000000076 2.0971007410139608e-41
0.17125000000000085 2.7826538534635223e-56
restart...
0.1319999999999996 4.228870370703937e-40
0.15966666666666637 2.8218347750576643e-39
0.18674999999999978 3.7569572609981864e-38
0.19279999999999958 1.29505020345458e-39
0.1868333333333329 2.0272303552195617e-46
0.17185714285714243 4.734480241336404e-59
restart...
0.11524999999999999 5.314496378143992e-40
0.16516666666666696 7.696534144058765e-38
0.18712500000000062 2.4762774866699715e-37
Sampling time (10 samples): 8005.8608 seconds
/scratch/users/yanlan/Retrieval_0705/Output/AM_PM_ET_231_339_00
0.06599999999999998 1.171474371678077e-34
0.045999999999999985 7.663678633810941e-65
restart...
0.043499999999999955 5.298671065775671e-66
restart...
0.045999999999999985 4.058509886570961e-66
restart...
0.04675000000000001 2.5032962911550276e-65
restart...
0.04674999999999997 2.8720993144164657e-63
restart...
0.04799999999999993 5.549069706436528e-65
restart...
0.04975 4.687986257525314e-62
restart...
0.04725000000000005 7.891350022726406e-66
restart...
0.04699999999999998 2.2356804760993432e-64
restart...
0.04649999999999998 6.686524525652809e-65
restart...
0.048000000000000015 1.7613571346892572e-64
restart...
0.04799999999999999 1.0963409630934938e-63
restart...
0.044249999999999956 1.553343566378622e-64
restart...
0.04774999999999999 3.187239716821771e-64
restart...
Sampling time (10 samples): 9664.7763 seconds
/scratch/users/yanlan/Retrieval_0705/Output/AM_PM_ET_240_358_00
0.41700000000000087 7.986314335883184e-13
0.3675000000000006 4.722173662363281e-13
0.3476666666666672 3.944220739670084e-12
0.33775000000000016 6.535262923187297e-13
0.334399999999999 1.0525580332985728e-12
0.3322499999999981 1.3890112643151532e-12
0.3329285714285702 2.095310637890138e-13
0.32943749999999933 7.50919287373425e-13
0.3292222222222212 9.617970349694472e-13
0.3287499999999985 9.40537881231601e-13
0.3284999999999987 2.7050001134200295e-13
0.3298333333333327 7.603494627576597e-13
0.32884615384615384 4.573196599282271e-13
0.32725 3.513309169433673e-13
0.3254666666666659 1.558672638244808e-12
Sampling time (10 samples): 7884.2997 seconds
/scratch/users/yanlan/Retrieval_0705/Output/AM_PM_ET_257_318_00
0.03549999999999997 3.980377216981772e-37
0.15249999999999966 1.9305264887856508e-37
0.17216666666666663 2.742243859536693e-41
0.1882500000000003 1.0794508014955058e-42
0.20700000000000027 7.696445805793802e-42
0.22633333333333336 2.1938719582153823e-41
0.24421428571428572 8.199190677510221e-42
0.2546875000000001 5.899335326134028e-42
0.2649999999999993 1.3697913904909355e-41
0.27549999999999847 8.166940250196879e-42
0.2842272727272722 2.5326757990115652e-42
0.29258333333333286 3.003691697330009e-41
0.2997307692307688 2.2221156108821453e-41
0.3070357142857144 3.489634264203546e-42
0.31193333333333345 5.32325350109805e-42
Sampling time (10 samples): 7877.2124 seconds
