/scratch/users/yanlan/Retrieval_0705/Output/AM_PM_ET_203_295_00
0.024 3.0645514957497853e-38
0.02075 3.574617086577681e-72
restart...
0.02324999999999998 3.633181166584371e-68
restart...
0.02024999999999997 2.5725643774743778e-70
restart...
0.031000000000000014 3.2544946116389416e-61
restart...
0.02475 4.492176898863461e-66
restart...
0.023499999999999993 8.007101350926973e-69
restart...
0.03050000000000002 5.453891801563742e-62
restart...
0.030500000000000013 7.900144727514968e-64
restart...
0.03200000000000002 8.227534864334813e-63
restart...
0.0215 1.694352008383141e-70
restart...
0.025749999999999978 1.6531963488895282e-67
restart...
0.02775 1.0770011203059775e-68
restart...
0.029249999999999988 1.2594065653256827e-64
restart...
0.03374999999999999 5.769894487286214e-65
restart...
Sampling time (10 samples): 7848.5993 seconds
/scratch/users/yanlan/Retrieval_0705/Output/AM_PM_ET_209_359_00
0.03199999999999999 1.5614328158621937e-36
0.11300000000000011 9.999361372770598e-40
0.12816666666666662 3.0902356308557174e-51
restart...
0.10599999999999997 3.140914960521533e-41
0.13416666666666577 2.795239519136742e-47
0.14587499999999906 1.2239383086229827e-49
restart...
0.09725000000000024 1.0371778826912268e-42
0.13116666666666643 1.903326633767703e-46
0.13987500000000033 2.1365785246359335e-50
restart...
0.0775 2.545997156118061e-50
restart...
0.11449999999999981 7.11638699919939e-39
0.11466666666666653 2.6113657314598685e-50
restart...
0.11874999999999991 4.896014294487105e-40
0.13833333333333375 1.514329688803388e-48
0.15762500000000038 3.95870716396689e-51
restart...
Sampling time (10 samples): 8907.9265 seconds
/scratch/users/yanlan/Retrieval_0705/Output/AM_PM_ET_216_303_00
0.016999999999999994 4.840035277174605e-42
restart...
0.016499999999999994 1.7357615507364352e-40
restart...
0.007999999999999993 1.292162559422827e-44
restart...
0.014499999999999997 1.276250172792302e-42
restart...
0.010999999999999994 8.644585437498614e-44
restart...
0.006500000000000009 5.613310768751769e-47
restart...
0.006000000000000004 1.5843180837230509e-46
restart...
0.005500000000000002 3.6580197572026566e-48
restart...
0.0175 6.306718109201602e-41
restart...
0.012000000000000002 9.084426695649996e-43
restart...
0.01699999999999999 6.900084465233455e-41
restart...
0.01449999999999999 2.4797408174902904e-42
restart...
0.0105 1.3725601896864937e-43
restart...
0.01549999999999998 1.006237705448707e-42
restart...
0.027 1.1728117482299998e-39
Sampling time (10 samples): 7678.1920 seconds
/scratch/users/yanlan/Retrieval_0705/Output/AM_PM_ET_222_363_00
0.011500000000000002 7.163468689641953e-44
restart...
0.00799999999999999 1.8107262290206943e-45
restart...
0.04150000000000003 3.910431240513827e-37
0.12925 1.937804669126267e-36
0.15933333333333335 3.170258607381001e-36
0.1812499999999997 2.3520185179112432e-35
0.18379999999999966 2.5719096249506633e-36
0.20074999999999946 1.8494495970088224e-36
0.21664285714285703 3.557478593541718e-36
0.23331250000000012 4.5568207566116495e-35
0.2443333333333342 9.270517314125221e-35
0.2565000000000001 5.141842841351638e-35
0.2614545454545461 9.644506413026033e-35
0.2655833333333332 8.455996444169389e-35
0.2675384615384604 7.028246688451676e-35
Sampling time (10 samples): 7721.2085 seconds
/scratch/users/yanlan/Retrieval_0705/Output/AM_PM_ET_230_260_00
0.010499999999999995 2.318413162386281e-45
restart...
0.030999999999999996 5.411069087966139e-38
0.09149999999999993 4.1590825580386206e-47
0.11383333333333336 9.805550655294095e-52
restart...
0.07050000000000017 3.1413603389314376e-48
0.11833333333333337 6.423073100284232e-48
0.14737499999999978 7.992054028338873e-47
0.17899999999999996 1.556077335209921e-43
0.19583333333333308 1.6721244893482205e-40
0.212642857142857 2.865840386747286e-38
0.23043749999999935 2.1065614537663434e-38
0.24227777777777748 3.964836009014024e-38
0.25269999999999976 5.386093923592371e-38
0.2620000000000001 2.6457372636296774e-38
0.2667083333333339 7.267263887557422e-39
Sampling time (10 samples): 7427.5758 seconds
/scratch/users/yanlan/Retrieval_0705/Output/AM_PM_ET_238_382_00
0.027500000000000007 4.2784897108296625e-38
0.08299999999999995 1.0946733915880006e-45
0.11449999999999995 1.2558048001195969e-44
0.13962499999999956 2.5937400639090542e-45
0.1664999999999997 5.602230385387337e-41
0.19033333333333322 2.146220992230496e-39
0.20542857142857104 3.5176759431861784e-37
0.21756249999999946 6.518046090475534e-36
0.23050000000000015 2.1196192185114872e-35
0.24140000000000006 1.0090557839998318e-35
0.2507272727272729 2.1492714252844173e-35
0.2577916666666661 2.837267113679105e-35
0.2632692307692284 1.3019905809670949e-35
0.26867857142857116 2.9894050660783835e-36
0.27586666666666587 2.454926496687897e-35
Sampling time (10 samples): 7408.1533 seconds
/scratch/users/yanlan/Retrieval_0705/Output/AM_PM_ET_253_318_00
0.04699999999999993 6.35569466102771e-36
0.1425000000000001 1.1144882750263232e-38
0.18483333333333385 4.757984876009853e-40
0.20612500000000067 2.7846606076898742e-39
0.20920000000000014 1.6662873851752856e-43
0.21583333333333318 2.755336914900407e-44
0.1854285714285713 5.2787711159487875e-86
restart...
0.18892857142857133 2.8458521142307994e-73
restart...
0.18707142857142858 1.7695071626505512e-78
restart...
0.19249999999999987 1.2734544161030767e-63
restart...
0.19035714285714286 5.739526531791046e-68
restart...
0.18757142857142833 7.970346588338259e-77
restart...
0.19207142857142864 8.046382107116101e-63
restart...
0.19035714285714275 4.627286639336452e-69
restart...
0.18642857142857122 2.1423151969793634e-81
restart...
Sampling time (10 samples): 9203.6256 seconds
