/scratch/users/yanlan/Retrieval_0705/Output/AM_PM_ET_200_234_00
0.017999999999999985 3.7798670035706866e-41
restart...
0.018499999999999985 4.792419290718375e-40
restart...
0.015999999999999986 4.5113506309544896e-42
restart...
0.023499999999999983 1.7505856441209508e-40
0.07924999999999986 1.098944324243366e-48
0.10966666666666651 2.0643320829793503e-51
restart...
0.07649999999999993 4.42379436664067e-49
restart...
0.07949999999999989 1.7596518614030473e-49
restart...
0.0747499999999999 3.883634780992314e-53
restart...
0.06849999999999996 3.844067300417615e-51
restart...
0.08299999999999988 1.5820278777728312e-47
0.10433333333333322 1.0457951110744857e-52
restart...
0.0835000000000001 1.4518496171478266e-49
restart...
0.07575000000000003 3.142053928267158e-49
restart...
0.09099999999999983 1.0733413434144372e-47
Sampling time (10 samples): 8903.5594 seconds
/scratch/users/yanlan/Retrieval_0705/Output/AM_PM_ET_206_230_00
0.02149999999999999 1.5419677782319964e-40
0.11175000000000002 1.7454724702710448e-42
0.15716666666666676 3.709430140149444e-42
0.18775000000000053 2.0182320638841947e-40
0.2130000000000005 2.590540658230342e-38
0.2167500000000006 2.7756913762950916e-42
0.2240714285714289 4.946044523327498e-44
0.22931250000000036 3.5296587758898856e-44
0.23261111111111135 2.749084911275324e-45
0.23380000000000023 7.58287193673614e-46
0.23304545454545467 2.1376145338100057e-46
0.23483333333333375 3.9386886029878926e-46
0.23457692307692346 1.8199665676484045e-46
0.234285714285715 8.077473263391997e-48
0.23266666666666713 1.6516449217353454e-47
Sampling time (10 samples): 7925.8286 seconds
/scratch/users/yanlan/Retrieval_0705/Output/AM_PM_ET_212_362_00
0.01700000000000001 3.4285480946239453e-43
restart...
0.016500000000000015 1.306076601269015e-42
restart...
0.01750000000000005 2.7851117171535186e-39
restart...
0.005999999999999986 3.99590908290758e-47
restart...
0.01550000000000001 5.624151571558205e-41
restart...
0.015999999999999986 6.722193083303453e-39
restart...
0.009999999999999998 1.1223642817286913e-44
restart...
0.009999999999999993 5.44280487599026e-45
restart...
0.01699999999999996 4.3748840552784445e-41
restart...
0.0115 3.0091922165543734e-44
restart...
0.011500000000000008 1.3420364269724779e-43
restart...
0.0115 1.2667220750147825e-45
restart...
0.009999999999999998 2.0713649093968793e-46
restart...
0.0105 4.971363892838546e-45
restart...
0.006500000000000003 4.4156807614845725e-49
restart...
Sampling time (10 samples): 8335.7249 seconds
/scratch/users/yanlan/Retrieval_0705/Output/AM_PM_ET_219_263_00
0.02900000000000001 6.676194790918816e-40
0.10800000000000001 1.5210046937314239e-47
0.07349999999999962 2.481355053826756e-88
restart...
0.07300000000000001 2.8955444262939504e-89
restart...
0.07466666666666656 1.1168425894716041e-84
restart...
0.07333333333333357 2.3259936607558265e-88
restart...
0.07333333333333321 5.667788541418553e-89
restart...
0.07483333333333317 3.225867776258436e-86
restart...
0.07616666666666644 8.428930171364199e-86
restart...
0.07400000000000012 3.1469257081150694e-87
restart...
0.07416666666666631 9.906749855620184e-86
restart...
0.07666666666666673 8.039786535895814e-84
restart...
0.07366666666666646 1.1286742778877505e-87
restart...
0.07250000000000002 3.821846103163595e-91
restart...
0.07316666666666712 2.1559753034561782e-89
restart...
Sampling time (10 samples): 11677.9278 seconds
/scratch/users/yanlan/Retrieval_0705/Output/AM_PM_ET_225_361_00
0.0885000000000001 6.534324761819914e-32
0.15924999999999936 2.497458690913559e-34
0.19966666666666663 2.07922929550397e-34
0.22650000000000034 2.1575714842306157e-34
0.2577000000000001 8.742914092092016e-35
0.2744999999999997 4.5951698092846085e-35
0.28407142857142764 7.306346653467562e-35
0.2942499999999994 3.2693642815127106e-34
0.30394444444444446 4.192033857328408e-34
0.30939999999999984 2.3357874967816337e-34
0.3129090909090914 1.7505987620265852e-34
0.31591666666666773 1.5819879155321782e-34
0.32000000000000034 3.2791594676849507e-35
0.3225000000000009 3.4399396987423017e-35
0.32463333333333383 4.083073157098824e-34
Sampling time (10 samples): 7944.1879 seconds
/scratch/users/yanlan/Retrieval_0705/Output/AM_PM_ET_233_388_00
0.024500000000000032 7.810759461227253e-39
0.06950000000000014 7.155403642503157e-47
0.11249999999999984 1.753078120244167e-45
0.13849999999999973 3.0042883149410184e-46
0.1587000000000004 1.351477356694366e-44
0.1764166666666667 1.6781673761101032e-43
0.18792857142857133 3.9991545313139475e-44
/scratch/users/yanlan/Retrieval_0705/Output/AM_PM_ET_244_276_00
0.009500000000000014 1.621157603410762e-46
restart...
0.009500000000000003 7.24679484341021e-46
restart...
0.02100000000000001 3.264798524189886e-40
0.10125000000000015 3.095262318286841e-46
0.10550000000000005 2.101290440627194e-64
restart...
0.041750000000000016 1.1664786274366589e-66
restart...
0.0355 1.619852416490474e-66
restart...
0.054250000000000055 1.271724519809928e-58
restart...
0.08700000000000009 5.271281856741433e-47
0.05916666666666658 2.2361469459910385e-89
restart...
0.06925000000000006 3.045173863606828e-50
restart...
0.05449999999999984 3.4771197645040727e-60
restart...
0.047000000000000014 6.456737336387665e-61
restart...
0.05375000000000013 2.926593706781185e-62
restart...
0.040000000000000015 8.39852882084508e-67
restart...
Sampling time (10 samples): 8749.6766 seconds
