/scratch/users/yanlan/Retrieval_0705/Output/AM_PM_ET_202_332_00
0.021500000000000012 2.8863262305632642e-40
0.037000000000000026 7.86272397729301e-60
restart...
0.030500000000000034 3.3740666028136318e-62
restart...
0.031249999999999983 5.022005458878911e-61
restart...
0.02875000000000001 5.20463346135642e-66
restart...
0.02900000000000001 5.419750422156887e-64
restart...
0.03400000000000001 2.2050312611558673e-60
restart...
0.024000000000000014 1.8599568371631524e-69
restart...
0.02224999999999999 3.7477947892696426e-70
restart...
0.028750000000000008 1.669706406526166e-64
restart...
0.021750000000000054 3.208143104558053e-70
restart...
0.03674999999999996 4.948086341459609e-60
restart...
0.03575000000000004 3.5557840077167316e-61
restart...
0.023750000000000045 3.464096087222491e-67
restart...
0.027250000000000035 3.409332043877948e-66
restart...
Sampling time (10 samples): 8304.5681 seconds
/scratch/users/yanlan/Retrieval_0705/Output/AM_PM_ET_208_368_00
0.03550000000000002 4.175761474666118e-38
0.14225000000000027 1.8416401492621207e-38
0.2085000000000001 5.586141028471383e-37
0.23975000000000032 9.879219215738191e-36
0.2688 1.0014758985297033e-35
0.2860833333333329 5.244448439642434e-35
0.2948571428571425 5.2353520448819336e-36
0.3017500000000001 7.075570168948489e-36
0.3086111111111119 5.12279186200993e-36
0.31050000000000083 2.3368384509665244e-35
0.3135454545454556 5.98087437845744e-35
0.3185000000000008 4.2801268889755376e-35
0.321346153846154 1.0163192635332556e-35
0.3228928571428569 4.2147871759318705e-35
0.32586666666666486 6.067557161244111e-36
Sampling time (10 samples): 7629.1975 seconds
/scratch/users/yanlan/Retrieval_0705/Output/AM_PM_ET_215_330_00
0.03950000000000001 1.7185711781699976e-36
0.13124999999999984 1.2919393169079433e-38
0.1291666666666663 4.0373220459194254e-49
restart...
0.07149999999999988 7.58631341379198e-46
0.11083333333333335 9.950102478338448e-50
restart...
0.06049999999999999 4.116473016090247e-50
restart...
0.06899999999999983 4.631151703005978e-49
restart...
0.09200000000000001 2.8113652699719515e-45
0.10600000000000005 7.521748547610431e-52
restart...
0.06574999999999999 3.914167534563133e-48
0.10599999999999968 1.0857366315919579e-48
0.12937499999999952 6.000526598963925e-49
restart...
0.06750000000000002 2.9582504328545956e-49
restart...
0.1129999999999998 1.7605237908066189e-40
0.13583333333333286 6.021210295400381e-46
Sampling time (10 samples): 7779.6711 seconds
/scratch/users/yanlan/Retrieval_0705/Output/AM_PM_ET_221_388_00
0.032000000000000015 3.794202874050054e-39
0.04400000000000005 2.1730244168840403e-64
restart...
0.05200000000000002 5.880482206149718e-54
restart...
0.06249999999999999 4.027733294318211e-52
restart...
0.052750000000000026 4.284798022990992e-54
restart...
0.0615 1.6489511686091056e-50
restart...
0.06150000000000005 9.29114502523277e-50
restart...
0.05425000000000002 1.1204588191458917e-53
restart...
0.04949999999999996 6.036765610024624e-56
restart...
0.05775 1.4137166644012227e-51
restart...
0.052250000000000074 2.1472227540057894e-53
restart...
0.061250000000000006 1.0247271886350901e-50
restart...
0.05824999999999997 5.781459991984841e-52
restart...
0.05425000000000002 1.426900658416275e-52
restart...
0.06199999999999995 5.567318282046986e-50
restart...
Sampling time (10 samples): 7695.8821 seconds
/scratch/users/yanlan/Retrieval_0705/Output/AM_PM_ET_229_257_00
0.015999999999999986 2.2061279424444554e-40
restart...
0.003999999999999995 6.231548808819646e-49
restart...
0.01200000000000001 6.611979688611539e-44
restart...
0.012000000000000007 1.8279087692947598e-41
restart...
0.020499999999999994 3.8914876265226686e-41
0.12999999999999998 2.395229281805888e-41
0.1713333333333328 1.281326583788552e-39
0.1896249999999995 1.1469768601020858e-41
0.15229999999999938 6.076471382165698e-84
restart...
0.09775000000000007 3.6183952044478125e-49
restart...
0.12574999999999997 8.551642140334789e-43
0.17483333333333345 1.5218760788543869e-41
0.16012500000000013 5.689649583297985e-61
restart...
0.04874999999999998 2.1388377525886264e-62
restart...
0.12675000000000036 1.5639946663924382e-41
Sampling time (10 samples): 8229.4902 seconds
/scratch/users/yanlan/Retrieval_0705/Output/AM_PM_ET_237_361_00
0.41000000000000086 9.027805791620905e-13
0.36225000000000085 4.477533105428168e-13
0.3496666666666668 8.95478337432514e-13
0.34237499999999943 7.548854718893082e-13
0.33959999999999907 1.3652033797372509e-12
0.3374166666666671 4.789418934521493e-13
0.3370714285714285 4.451937172960104e-13
0.33643749999999967 1.2470731614908728e-12
0.33316666666666567 1.176125831964909e-12
0.3296499999999995 6.767839814529777e-13
0.3316818181818178 1.340199672986316e-12
0.3321250000000001 1.2854077302250648e-12
0.33226923076923026 1.0448975516063483e-12
0.331642857142857 1.1704521261902947e-12
0.3314999999999984 3.904622789611475e-13
Sampling time (10 samples): 7896.1231 seconds
/scratch/users/yanlan/Retrieval_0705/Output/AM_PM_ET_251_291_00
0.019500000000000007 1.7412611175979118e-41
restart...
0.05499999999999998 6.739115632125429e-35
0.1629999999999995 1.0540622632306947e-33
0.20933333333333318 4.328373167028822e-34
0.21462500000000034 6.336219388697824e-37
0.22560000000000022 4.3113147700723275e-37
0.23699999999999974 3.6127929165517578e-37
0.23757142857142857 1.6469870388210505e-38
0.24606249999999982 3.964181718707269e-38
0.2591111111111117 4.9166654534533845e-37
0.2708499999999988 1.2810998758944503e-37
0.278181818181815 4.017749061047668e-38
0.2839999999999977 1.2829979821679573e-37
0.2879230769230735 7.64780345249741e-38
0.2964285714285699 8.544028731448681e-38
Sampling time (10 samples): 7957.1612 seconds
