/scratch/users/yanlan/Retrieval_0705/Output/AM_PM_ET_201_264_00
0.01900000000000001 3.027244378091364e-40
restart...
0.03300000000000001 1.1401435586689196e-38
0.12100000000000018 6.564935478694793e-42
0.17666666666666628 6.596319164090819e-40
0.2081250000000001 3.321947081566982e-38
0.22979999999999987 7.145767449812767e-37
0.2467499999999997 6.962126922320603e-37
0.2566428571428572 1.929214004013257e-36
0.27043749999999905 3.663892124831215e-37
0.2821666666666647 1.3378233102164561e-36
0.2874499999999992 4.456578853320107e-37
0.29454545454545233 7.817754208818168e-37
0.2990833333333311 7.927118272355633e-37
0.2986923076923063 4.154498500678902e-37
0.30096428571428574 9.049842950166604e-37
Sampling time (10 samples): 7000.6489 seconds
/scratch/users/yanlan/Retrieval_0705/Output/AM_PM_ET_207_272_00
0.019000000000000034 2.7122115416231875e-39
restart...
0.009000000000000011 9.383284479491454e-46
restart...
0.0305 7.082744840315666e-39
0.07649999999999997 7.43728680978774e-46
0.10016666666666642 6.336611833874863e-48
0.11712499999999956 1.4507126148377704e-49
restart...
0.06900000000000016 6.906193502181961e-46
0.10549999999999984 7.598597969341515e-47
0.12487500000000003 8.195470784889287e-46
0.14250000000000002 4.96370938580928e-44
0.1567500000000002 3.6967138726108596e-44
0.16342857142857153 3.9597104707182156e-44
0.16931250000000034 1.8127179491399419e-44
0.17388888888888945 5.019909769997149e-44
0.17790000000000092 3.0192745417783932e-43
Sampling time (10 samples): 6823.3829 seconds
/scratch/users/yanlan/Retrieval_0705/Output/AM_PM_ET_214_258_00
0.04000000000000005 4.4868692220805506e-35
0.14724999999999988 9.979457699870175e-38
0.14416666666666658 2.2872494629548053e-49
restart...
0.05675000000000012 6.4782978285627305e-49
restart...
0.05800000000000015 3.0220113414038495e-50
restart...
0.02725000000000001 5.7445205025495615e-70
restart...
0.04700000000000004 1.81138327079222e-54
restart...
0.045500000000000124 1.4428507110533755e-53
restart...
0.044250000000000005 1.675817699748239e-52
restart...
0.05600000000000001 1.8468573249974047e-51
restart...
0.05225000000000009 6.2060524345975844e-52
restart...
0.031999999999999966 1.229385068818117e-64
restart...
0.04575 1.1644696185883627e-58
restart...
0.023000000000000066 4.637349726680524e-73
restart...
0.16649999999999998 1.3906487337111915e-37
Sampling time (10 samples): 6589.1439 seconds
/scratch/users/yanlan/Retrieval_0705/Output/AM_PM_ET_220_303_00
0.06050000000000003 1.0931494228688077e-36
0.18975000000000042 1.7821744021332194e-32
0.22983333333333378 3.091504627393808e-29
0.2165000000000006 7.580649634960385e-39
0.21860000000000046 3.570242745256583e-39
0.22691666666666666 4.206300477872028e-37
0.2324285714285714 3.6150953392674455e-37
0.22149999999999964 1.4650020754705223e-44
0.21244444444444452 8.633722352915115e-58
restart...
0.2018333333333331 1.611114561999116e-74
restart...
0.20866666666666653 3.7079816132888786e-62
restart...
0.201722222222222 1.3364816155875609e-74
restart...
0.21166666666666695 2.5303652893403294e-61
restart...
0.2058888888888891 3.382911007352515e-64
restart...
0.20211111111111063 1.2183416076840607e-69
restart...
Sampling time (10 samples): 7094.3771 seconds
/scratch/users/yanlan/Retrieval_0705/Output/AM_PM_ET_227_288_00
0.04950000000000003 5.161643315169519e-34
0.15800000000000022 1.821518379337076e-33
0.13916666666666747 3.788859988720312e-46
0.16450000000000065 3.779059116749387e-43
0.14330000000000054 1.50584436189087e-71
restart...
0.06349999999999999 1.6806853297886854e-56
restart...
0.06850000000000019 7.379433043986648e-51
restart...
0.07450000000000022 2.697811265807339e-50
restart...
0.06850000000000002 2.245375281174501e-51
restart...
0.11649999999999967 1.0477237726952173e-43
0.13649999999999995 4.851560785915142e-47
0.1753749999999998 2.0340754481800442e-42
0.20309999999999967 1.117863491882048e-39
0.22166666666666635 1.24536481680723e-36
0.2119999999999996 3.0186964360529356e-49
restart...
Sampling time (10 samples): 7166.5591 seconds
/scratch/users/yanlan/Retrieval_0705/Output/AM_PM_ET_235_370_00
0.03299999999999998 7.84372114658601e-37
0.09475000000000004 2.5305938707733916e-42
0.12383333333333331 1.1835640698534006e-43
0.15999999999999942 2.2658037175528347e-40
0.1822999999999996 1.1464939012682024e-38
0.19474999999999928 6.575790299896179e-38
0.20778571428571357 7.181227552401953e-37
0.21668749999999914 9.272253841495457e-37
0.22633333333333258 3.263284713063686e-36
0.22444999999999926 8.069043112085408e-46
/scratch/users/yanlan/Retrieval_0705/Output/AM_PM_ET_247_291_00
0.046500000000000034 4.7097568874564534e-34
0.11825000000000008 5.951694918057177e-40
0.10650000000000008 1.174336162934243e-53
restart...
0.07624999999999993 7.964856473739996e-47
0.13566666666666627 2.4619376648846997e-44
0.17049999999999987 1.6138252563989584e-41
0.1911999999999996 4.1815654116505534e-38
0.1942499999999995 1.2749345409988539e-42
0.18792857142857103 7.164227899458886e-49
restart...
0.07050000000000003 1.3762477255148505e-46
0.1081666666666665 2.8669529897680623e-46
0.12675000000000017 2.5929022430196533e-49
restart...
0.07649999999999998 1.6936815505266482e-46
0.11266666666666651 1.807151087631839e-46
0.15137499999999995 2.402749135473646e-43
Sampling time (10 samples): 7072.6308 seconds
