/scratch/users/yanlan/Retrieval_0705/Output/AM_PM_ET_201_366_00
0.04350000000000004 6.319619551279101e-35
0.060500000000000116 1.85290016432886e-49
restart...
0.06475000000000006 5.160687029227739e-50
restart...
0.06025 8.065517391470912e-51
restart...
0.06425000000000003 2.4156565094578006e-48
0.10749999999999994 4.190811739893734e-49
restart...
0.05900000000000007 1.759205746402276e-49
restart...
0.06575000000000002 2.183972772336942e-49
restart...
0.05624999999999994 9.030691202543934e-50
restart...
0.07099999999999998 3.8930444902124665e-49
restart...
0.06525000000000002 2.344004573883359e-49
restart...
0.06650000000000002 2.478329755015021e-50
restart...
0.06549999999999999 8.03916510299008e-49
restart...
0.07049999999999995 1.5848786252935795e-47
0.10333333333333342 2.791587201089258e-50
restart...
Sampling time (10 samples): 7816.4545 seconds
/scratch/users/yanlan/Retrieval_0705/Output/AM_PM_ET_207_373_00
0.02200000000000005 4.2408136790265467e-41
0.09100000000000018 1.3207411238497656e-44
0.15349999999999986 6.510073605454143e-42
0.18825000000000008 1.973767053002389e-38
0.2192000000000001 1.2246765994305067e-36
0.2382500000000007 2.3598006860690676e-36
0.25750000000000145 3.858229267050305e-37
0.2711250000000008 1.3833031924572874e-36
0.2811666666666672 1.5374449341635833e-37
0.28800000000000053 4.0695836542043565e-36
0.2926363636363656 9.962986460473847e-37
0.2957916666666679 1.6261124959426925e-36
0.30080769230769505 7.758008710939222e-37
0.3041785714285747 6.432295339633553e-37
0.30680000000000235 5.93517015009836e-37
Sampling time (10 samples): 7706.9205 seconds
/scratch/users/yanlan/Retrieval_0705/Output/AM_PM_ET_214_356_00
0.03750000000000001 4.494019847253079e-37
0.12600000000000006 5.75080260824993e-41
0.1981666666666666 5.061106213690054e-39
0.22937499999999988 2.571098676659696e-36
0.25100000000000017 1.0296480163254029e-36
0.26266666666666805 5.521228269079123e-35
0.2763571428571433 3.6492886125380996e-35
0.2855000000000013 2.804065852799638e-34
0.29027777777777897 7.369723600918744e-35
0.2913000000000009 3.028880407300432e-35
0.2930454545454551 1.526233881339763e-35
0.295708333333334 3.900744828065768e-35
0.29680769230769233 8.202347778689309e-35
0.3022857142857146 4.7252663449094605e-35
0.30269999999999986 1.472051521871461e-34
Sampling time (10 samples): 7664.8103 seconds
/scratch/users/yanlan/Retrieval_0705/Output/AM_PM_ET_220_410_00
0.3989999999999996 6.412923854574217e-13
0.36324999999999924 1.3892603548622113e-12
0.3494999999999987 1.6641282579705828e-12
0.34212499999999885 7.334057900226462e-13
0.3347999999999991 7.058108178106739e-13
0.3341666666666641 7.39822279251508e-13
0.3295714285714265 5.92766946389897e-13
0.3263749999999987 4.618321304507121e-13
0.3243888888888864 1.6299086866088408e-12
0.3216999999999969 3.539816328659425e-13
0.3211363636363605 5.13675920809709e-13
0.3215833333333304 7.104886924910277e-13
0.3217692307692277 9.18972133388948e-13
0.3222142857142823 4.700810575864267e-13
0.32129999999999637 6.404848124244762e-13
Sampling time (10 samples): 7858.7413 seconds
/scratch/users/yanlan/Retrieval_0705/Output/AM_PM_ET_227_399_00
0.37599999999999917 1.4576963209358412e-12
0.3682500000000001 6.803487818790125e-13
0.3468333333333328 7.194190018350991e-13
0.34187500000000026 5.480716449653584e-13
0.33510000000000123 3.8344249922712953e-13
0.3294166666666674 8.121104688339113e-13
0.32907142857142896 7.874855102541685e-13
0.33018750000000024 8.475967766084091e-13
0.32944444444444476 5.797853508246906e-13
0.331400000000001 9.536784669277881e-13
0.3279090909090919 5.852099551579009e-13
0.3283333333333347 1.3400578926267875e-12
0.3275384615384633 3.555925570935234e-13
0.325857142857145 1.082300577174925e-12
0.32480000000000087 1.4611204303993988e-12
Sampling time (10 samples): 7509.3633 seconds
/scratch/users/yanlan/Retrieval_0705/Output/AM_PM_ET_236_340_00
0.016499999999999994 2.957284782039099e-41
restart...
0.066 5.771464620513188e-33
0.08850000000000013 9.747052139530363e-54
restart...
0.08125000000000007 1.7795249421517226e-53
restart...
0.09424999999999986 2.7687306226140445e-51
restart...
0.09274999999999999 5.468413485147696e-54
restart...
0.07300000000000004 3.0820846214564807e-58
restart...
0.07024999999999994 1.3724287636736645e-58
restart...
0.09050000000000001 1.9969188309198158e-50
restart...
0.09974999999999992 1.2582423947578723e-45
0.10000000000000012 5.429867286260162e-58
restart...
0.05100000000000006 6.289294455656071e-64
restart...
0.06250000000000015 5.05635527502764e-59
restart...
0.07474999999999998 8.152008952689148e-59
restart...
0.07725000000000005 3.3858587940442086e-58
restart...
Sampling time (10 samples): 7906.2071 seconds
/scratch/users/yanlan/Retrieval_0705/Output/AM_PM_ET_248_327_00
0.05700000000000004 1.708315034769865e-35
0.1457500000000001 8.289901551269787e-35
0.20699999999999993 5.609567362034131e-32
0.2340000000000002 6.531953648782209e-31
0.25400000000000017 1.0093746599558334e-30
0.2680833333333333 8.806222029911925e-30
0.2834285714285722 1.7652861680854737e-29
0.2941875 1.84011207744474e-29
0.3038333333333346 2.4497076485142537e-29
0.30990000000000195 1.4253974660257803e-29
0.3178181818181836 3.5714018051509714e-29
0.32300000000000173 1.5415863144911682e-29
0.3242692307692329 9.546802128924319e-30
0.3283571428571461 1.455941951849341e-29
0.33106666666666923 5.073154689026239e-29
Sampling time (10 samples): 7578.8937 seconds
