/scratch/users/yanlan/Retrieval_0705/Output/AM_PM_ET_201_388_00
0.008500000000000002 5.939012902536107e-46
restart...
0.015499999999999991 1.3175630994453256e-41
restart...
0.033499999999999995 2.8307720716692735e-38
0.1325000000000001 2.0954711914386047e-39
0.173333333333334 1.846653962947192e-37
0.19287500000000063 1.1778338814691112e-36
0.2068000000000005 4.503901560532463e-36
0.21683333333333338 2.402701747723698e-36
0.2209285714285717 7.451192270346863e-36
0.22437499999999966 1.8262284344388247e-36
0.22511111111111057 4.874796915107785e-38
0.2270999999999997 1.7473822915354277e-39
0.22468181818181768 4.0582597745554244e-41
0.22391666666666651 8.338953615154566e-43
0.22199999999999948 2.8018249631101026e-42
Sampling time (10 samples): 8097.6990 seconds
/scratch/users/yanlan/Retrieval_0705/Output/AM_PM_ET_208_238_00
0.043500000000000046 1.061993159017388e-36
0.10025000000000026 1.7278472504274949e-44
0.15233333333333415 1.1170016224612868e-41
0.17125000000000082 7.772768809350035e-42
0.1943000000000008 1.2149843958973097e-40
0.2083333333333335 4.047672005557157e-40
0.21557142857142894 3.6880490345496454e-41
0.22162500000000096 1.2863241791618438e-40
0.23061111111111193 2.2089007898066386e-40
0.23830000000000082 3.3502595737084548e-40
0.2465909090909101 9.573257548833027e-40
0.25216666666666815 2.06448064706481e-39
0.258615384615385 1.1651778939581067e-39
0.2653214285714291 6.550705182607235e-40
0.27120000000000033 6.296477453145203e-40
Sampling time (10 samples): 7874.4314 seconds
/scratch/users/yanlan/Retrieval_0705/Output/AM_PM_ET_214_383_00
0.08449999999999996 4.90181454958313e-31
0.22049999999999986 1.6389640745878172e-29
0.26199999999999946 9.969733862071098e-29
0.2864999999999995 1.2980133199163233e-28
0.29490000000000094 1.9243602203336459e-28
0.2977500000000003 2.5751188570040955e-28
0.3027142857142857 9.722768909653039e-29
0.30981249999999977 7.533016333880686e-29
0.3152222222222229 3.130732491897197e-29
0.32054999999999956 8.930581608593495e-30
0.32190909090908926 1.6488339894935404e-29
0.32562499999999756 1.1678084658328954e-28
0.331192307692306 8.048514544087586e-29
0.33296428571428427 4.700046999355e-29
0.3337666666666644 4.391754065341343e-29
Sampling time (10 samples): 7272.3666 seconds
/scratch/users/yanlan/Retrieval_0705/Output/AM_PM_ET_221_258_00
0.024000000000000014 6.122242581333512e-40
0.06474999999999999 5.892674596619143e-51
restart...
0.06299999999999997 7.894137908512888e-50
restart...
0.0664999999999999 6.093636845604737e-50
restart...
0.06225000000000004 5.914418305630376e-51
restart...
0.060499999999999964 3.6891624394508686e-51
restart...
0.06550000000000003 7.901598245257347e-50
restart...
0.07725000000000005 4.353007353053378e-48
0.1023333333333334 1.1084686267183437e-51
restart...
0.06274999999999996 3.16785013071217e-50
restart...
0.07875000000000003 1.161685284116655e-48
0.10250000000000012 2.634121332387916e-53
restart...
0.08050000000000009 2.3415150757844323e-48
0.09983333333333327 9.225231177973518e-55
restart...
0.05174999999999992 3.130574948121645e-55
restart...
Sampling time (10 samples): 8025.9483 seconds
/scratch/users/yanlan/Retrieval_0705/Output/AM_PM_ET_228_274_00
0.017500000000000005 5.686721978111334e-40
restart...
0.04300000000000001 2.577778121591796e-38
0.13225000000000017 9.829667157150737e-38
0.16450000000000062 1.4035680518894184e-37
0.1918750000000006 1.6298714869421307e-35
0.21430000000000046 4.157288628441278e-34
0.22216666666666693 6.942703523236005e-35
0.22964285714285754 3.202779478724733e-34
0.23262500000000033 1.079360244625295e-34
0.23494444444444484 1.7985608238561764e-35
0.2322500000000005 1.2278271928045564e-36
0.23122727272727348 1.0884751962521029e-38
0.23133333333333456 3.579534546901252e-40
0.22534615384615503 1.9170267357580397e-45
0.22425000000000098 7.720971400579934e-47
Sampling time (10 samples): 7397.4830 seconds
/scratch/users/yanlan/Retrieval_0705/Output/AM_PM_ET_236_368_00
0.014500000000000002 3.592224335728338e-42
restart...
0.06800000000000002 8.303320177901637e-32
0.1174999999999997 2.2138665118297986e-38
0.14366666666666617 9.579815787293805e-42
0.15924999999999945 8.846065307973473e-43
0.1642999999999995 2.3352491816814224e-47
0.1867499999999992 5.290676035713845e-48
0.19842857142857126 4.628669412206686e-47
0.20106250000000012 6.025243668925554e-47
0.2124444444444451 1.998768538985759e-43
0.22655000000000058 4.514447611992615e-42
0.23722727272727318 4.460541430748488e-41
0.24920833333333353 4.422450183526073e-40
0.2580384615384624 8.476517146836906e-40
0.26385714285714373 1.593801562344415e-39
Sampling time (10 samples): 7003.0943 seconds
/scratch/users/yanlan/Retrieval_0705/Output/AM_PM_ET_249_293_00
0.031 1.2801675575296248e-39
0.12300000000000003 3.037066352682832e-40
0.1645000000000003 4.7272256863842716e-39
0.18725000000000044 2.354643221347898e-38
0.19820000000000104 2.509210833243566e-38
0.205833333333334 1.8401587323092733e-37
0.21357142857142958 4.119250202422417e-36
0.22050000000000095 8.332670105974928e-36
0.22311111111111212 2.6091482352851726e-35
0.22750000000000103 7.704906014595596e-35
0.2305909090909102 7.934069758163522e-35
0.2311666666666676 1.9107387028306982e-35
0.2328846153846156 1.1055096593002363e-34
0.23485714285714326 4.5464610751189146e-35
0.23553333333333407 1.1201704723994256e-34
Sampling time (10 samples): 7057.0231 seconds
