/scratch/users/yanlan/Retrieval_0705/Output/AM_PM_ET_199_342_00
0.06649999999999993 3.270581245404772e-33
0.15275000000000014 8.606714020917991e-37
0.16150000000000028 1.1960187077031769e-39
0.15487500000000046 2.0085261438207746e-50
restart...
0.16925000000000046 4.911212343251798e-43
0.16830000000000025 7.440199515497825e-48
0.17424999999999957 1.376124976625479e-50
restart...
0.16850000000000034 1.8067538432413893e-41
0.1776000000000002 1.583127772998295e-44
0.18266666666666717 8.184031774848398e-48
0.18828571428571497 4.980227794405349e-49
restart...
0.17275000000000015 1.571154776243544e-39
0.18439999999999998 2.5719946889313743e-40
0.19491666666666685 2.1556129703380803e-38
0.20821428571428527 1.983932560837356e-35
Sampling time (10 samples): 7854.6170 seconds
/scratch/users/yanlan/Retrieval_0705/Output/AM_PM_ET_205_315_00
0.016999999999999998 7.726201979189376e-42
restart...
0.05700000000000001 6.287629486588579e-33
0.0804999999999999 5.295084249462519e-44
0.058666666666666485 3.801246380911655e-76
restart...
0.05716666666666674 4.240479021512358e-78
restart...
0.06033333333333318 5.5947765161243284e-74
restart...
0.0611666666666668 8.737800892885815e-74
restart...
0.05766666666666653 1.1789855917037226e-77
restart...
0.05766666666666648 3.4899367283884206e-79
restart...
0.05966666666666677 9.281736026591127e-76
restart...
0.05983333333333327 4.314201983673972e-75
restart...
0.06049999999999979 4.967060518956381e-74
restart...
0.0606666666666668 1.1359693930962857e-73
restart...
0.059666666666666694 2.903320746424912e-73
restart...
0.05833333333333319 6.77271131734464e-77
restart...
Sampling time (10 samples): 8903.8802 seconds
/scratch/users/yanlan/Retrieval_0705/Output/AM_PM_ET_212_271_00
0.013999999999999988 4.207636721580459e-43
restart...
0.018999999999999996 4.11518536149545e-40
restart...
0.02900000000000002 2.377713996379648e-40
0.13400000000000023 1.2336256508971925e-40
0.1676666666666671 2.0720371752079205e-40
0.18812500000000074 5.1657136421699346e-42
0.1541000000000002 2.2138296234460075e-76
restart...
0.11850000000000006 2.8151761293201933e-42
0.12016666666666657 7.973030358321802e-54
restart...
0.1329999999999999 1.2007477547920428e-39
0.1126666666666666 2.6966127698037734e-66
restart...
0.1410000000000001 5.876743379409095e-39
0.1075000000000001 4.245946842510256e-67
restart...
0.16574999999999965 1.7057290733213523e-38
0.18683333333333332 2.095259385400124e-40
Sampling time (10 samples): 8123.2195 seconds
/scratch/users/yanlan/Retrieval_0705/Output/AM_PM_ET_218_340_00
0.05199999999999997 1.7951126124619726e-34
0.11875000000000012 9.617578304312723e-39
0.17150000000000012 1.5708353601457445e-36
0.2027500000000006 6.86899365875812e-35
0.21420000000000106 2.2633543865259175e-35
0.22966666666666746 1.5973043174882534e-36
0.2360714285714293 1.074342095471531e-37
0.2388125000000006 1.3049170883529337e-39
0.2418333333333342 9.211808794719479e-40
0.24520000000000072 1.541648847120503e-39
0.2467272727272732 2.3890109477699166e-40
0.25020833333333364 1.1553214204028528e-40
0.25684615384615295 3.349419698634031e-40
0.2612500000000003 3.576517753880446e-41
0.26306666666666584 1.0301918957198906e-40
Sampling time (10 samples): 8058.3618 seconds
/scratch/users/yanlan/Retrieval_0705/Output/AM_PM_ET_225_270_00
0.022999999999999982 9.605943063684145e-40
0.06374999999999996 3.7338879665824737e-51
restart...
0.05599999999999997 2.0181189079862411e-53
restart...
0.07024999999999992 6.234951974617314e-51
restart...
0.06425 1.1505393825808751e-50
restart...
0.06024999999999998 8.651424184511482e-51
restart...
0.03849999999999999 6.085902892055833e-60
restart...
0.05500000000000004 2.25933246430685e-53
restart...
0.0605 2.0006472706358028e-51
restart...
0.053749999999999985 4.160178812129495e-56
restart...
0.06900000000000008 1.276887340561922e-49
restart...
0.07224999999999993 7.521813129139609e-50
restart...
0.05574999999999994 1.8140911705154745e-53
restart...
0.06450000000000009 2.6002012861299577e-52
restart...
0.061249999999999964 1.786846240546217e-50
restart...
Sampling time (10 samples): 7606.7891 seconds
/scratch/users/yanlan/Retrieval_0705/Output/AM_PM_ET_233_277_00
0.008999999999999994 4.12508847174389e-45
restart...
0.017499999999999984 4.3183103679731797e-41
restart...
0.02250000000000001 1.9508957348868924e-42
0.12075000000000011 2.710916814776621e-43
0.17416666666666666 4.803605642796522e-41
0.19950000000000026 3.933804032651432e-40
0.21070000000000005 7.570370831070255e-41
0.23075000000000004 1.5983264004344544e-41
0.25678571428571406 9.031278062452908e-41
0.2717499999999993 1.226580701673049e-40
0.28383333333333216 4.2632300088237055e-41
0.2933499999999985 1.1869044505746793e-40
0.30495454545454476 2.0142610575640395e-40
0.3123333333333336 1.3783552404406404e-40
0.3134230769230763 4.638647696978321e-41
Sampling time (10 samples): 7268.6358 seconds
/scratch/users/yanlan/Retrieval_0705/Output/AM_PM_ET_242_389_00
0.3884999999999999 2.523234482210624e-12
0.3480000000000009 5.918751683038829e-13
0.34650000000000036 3.6443007613160896e-13
0.3421249999999996 2.3753984521604024e-13
0.33810000000000007 8.544631813052623e-13
0.33824999999999905 2.5569690292463265e-13
0.33214285714285563 1.6584901233890831e-12
0.3302499999999988 8.911295258787409e-13
0.3247222222222218 3.401206548527263e-13
0.3259999999999999 1.3917675287777036e-12
0.32509090909091026 6.037522013889985e-13
0.32608333333333545 1.0407963678855297e-12
0.3272307692307711 7.116085932277361e-13
0.3258571428571449 9.165430118076437e-13
0.3265666666666685 6.485627682787217e-13
Sampling time (10 samples): 7913.1306 seconds
