/scratch/users/yanlan/Retrieval_0705/Output/AM_PM_ET_201_341_00
0.016499999999999983 4.961279643845906e-42
restart...
0.016999999999999987 1.9402161357885276e-41
restart...
0.020000000000000007 4.3029750962999644e-41
0.03524999999999995 1.0024631556136273e-63
restart...
0.04725000000000005 7.450869583316207e-55
restart...
0.040999999999999974 1.5885404955814714e-58
restart...
0.045250000000000054 3.5332632431404175e-56
restart...
0.04600000000000011 4.021182245401264e-55
restart...
0.03450000000000009 2.102354329802916e-60
restart...
0.036750000000000026 2.4739309395447562e-58
restart...
0.04049999999999999 3.068742204384195e-56
restart...
0.03800000000000007 5.025809008989405e-61
restart...
0.03575000000000006 4.3792900534215144e-61
restart...
0.04299999999999997 2.1987922686765378e-57
restart...
0.037999999999999964 1.2562801822908223e-59
restart...
Sampling time (10 samples): 7877.7044 seconds
/scratch/users/yanlan/Retrieval_0705/Output/AM_PM_ET_207_342_00
0.012499999999999987 4.1190214189339287e-44
restart...
0.011000000000000001 2.2321306632505954e-43
restart...
0.01600000000000003 6.36727315528932e-41
restart...
0.010000000000000005 2.9480009688937294e-45
restart...
0.016499999999999983 8.644571904961754e-42
restart...
0.019499999999999986 3.6893992184800836e-41
restart...
0.024500000000000015 1.5674540484153293e-40
0.10749999999999993 9.523472465282356e-44
0.15716666666666704 3.0452968985106513e-40
0.15850000000000028 3.797534978596603e-44
0.1761000000000002 3.258774195596916e-43
0.1967499999999996 2.0195771021886508e-42
0.21092857142857077 4.054953446410286e-41
0.22493749999999907 3.2214963289635673e-40
0.2344999999999988 1.800443069646313e-39
Sampling time (10 samples): 8024.6702 seconds
/scratch/users/yanlan/Retrieval_0705/Output/AM_PM_ET_214_328_00
0.03599999999999998 8.908759820061728e-38
0.15899999999999967 3.2561417460595983e-37
0.17049999999999998 3.293732949752024e-45
0.18825000000000025 1.6290266914524913e-45
0.19710000000000075 4.054991277197942e-45
0.20825000000000088 1.1759707749323208e-46
0.22028571428571533 7.93515755580465e-46
0.22356250000000027 1.878649402868011e-45
0.22300000000000042 2.0841829403513275e-47
0.2180000000000003 4.523255249387225e-49
restart...
0.22090000000000035 1.9274542755006321e-50
restart...
0.21940000000000012 6.290748535212624e-51
restart...
0.22115000000000024 1.1437438478174414e-50
restart...
0.21875000000000036 8.401098937734992e-50
restart...
0.21840000000000045 3.508526552630745e-50
restart...
Sampling time (10 samples): 8157.5506 seconds
/scratch/users/yanlan/Retrieval_0705/Output/AM_PM_ET_220_377_00
0.03500000000000002 2.9580616620661994e-36
0.10400000000000016 1.3985722562850415e-40
0.1595000000000004 5.432684481141507e-39
0.18550000000000003 3.798770589109571e-38
0.20560000000000025 2.696722185275085e-37
0.2241666666666667 1.441569365866163e-37
0.23049999999999946 8.109103070850561e-38
0.2344999999999992 5.982424970144887e-38
0.23727777777777748 1.8704317005266156e-38
0.2412999999999996 2.249817964394826e-38
0.2441363636363637 3.397115289086935e-39
0.25004166666666683 2.445770415060524e-38
0.25496153846153946 5.225483719437984e-38
0.2582500000000025 5.23856671265747e-38
0.2613000000000024 6.33406282681768e-38
Sampling time (10 samples): 7848.6895 seconds
/scratch/users/yanlan/Retrieval_0705/Output/AM_PM_ET_227_367_00
0.0265 6.945419032054457e-38
0.05650000000000006 2.3727235803168497e-50
restart...
0.054750000000000035 2.6907680152103855e-49
restart...
0.05850000000000003 6.672985678250831e-49
restart...
0.055500000000000035 4.027672617538284e-49
restart...
0.05975000000000001 3.227112931567247e-51
restart...
0.05399999999999997 5.436641223645687e-52
restart...
0.060749999999999964 5.034153803630117e-48
0.08249999999999984 3.2354597670283073e-53
restart...
0.05674999999999998 4.964229746766352e-50
restart...
0.055499999999999966 2.7925398496401584e-51
restart...
0.06299999999999994 2.585818288812892e-47
0.07800000000000022 8.676621577442069e-54
restart...
0.056250000000000015 1.5493226520499e-50
restart...
0.06100000000000005 2.1825953453449088e-48
Sampling time (10 samples): 8023.9279 seconds
/scratch/users/yanlan/Retrieval_0705/Output/AM_PM_ET_236_315_00
0.01750000000000001 9.892060721414944e-41
restart...
0.04450000000000007 2.7059048488508933e-34
0.1325000000000001 5.578535528952307e-37
0.10250000000000013 5.704506054208162e-64
restart...
0.09900000000000009 1.6087164628618526e-65
restart...
0.09766666666666678 9.27133622214314e-66
restart...
0.09850000000000006 9.898037393203942e-67
restart...
0.09600000000000004 2.019742536306589e-67
restart...
0.09466666666666672 2.5871037435764526e-71
restart...
0.09700000000000007 6.81014563919876e-68
restart...
0.09950000000000016 1.5946699124486524e-67
restart...
0.09716666666666678 8.26600975601483e-68
restart...
0.09750000000000007 4.129287589356558e-67
restart...
0.10016666666666672 2.149835710151093e-65
restart...
0.09783333333333345 3.0521916897945737e-65
restart...
Sampling time (10 samples): 10241.6199 seconds
/scratch/users/yanlan/Retrieval_0705/Output/AM_PM_ET_248_302_00
0.010000000000000009 7.759419409106196e-46
restart...
0.009 4.078304288637842e-46
restart...
0.007000000000000006 4.957428787805825e-46
restart...
0.009500000000000001 5.3381822367175755e-45
restart...
0.010500000000000008 1.2027777459960107e-45
restart...
0.014999999999999982 2.0197090553973867e-42
restart...
0.007499999999999994 6.488306573132218e-46
restart...
0.005999999999999995 1.179610198810938e-47
restart...
0.012499999999999995 1.719951505918124e-43
restart...
0.005999999999999999 4.2063046284060686e-47
restart...
0.008499999999999992 1.993175004113301e-45
restart...
0.012000000000000004 8.766631910370593e-44
restart...
0.014 4.770787442146893e-43
restart...
0.0175 1.004670425575001e-41
restart...
0.008499999999999997 7.226573722659758e-47
restart...
Sampling time (10 samples): 8662.4965 seconds
