/scratch/users/yanlan/Retrieval_0705/Output/AM_PM_ET_200_263_00
0.01449999999999998 2.5805487137636493e-43
restart...
0.03449999999999997 6.373249356731354e-37
0.10399999999999991 6.268977965282616e-43
0.08683333333333318 2.4156920005016937e-62
restart...
0.07275000000000004 3.3094063303329943e-51
restart...
0.10950000000000001 3.537998231226511e-43
0.09683333333333335 1.0490316448109032e-57
restart...
0.048500000000000015 2.060183069966149e-57
restart...
0.11099999999999999 1.2830062463154553e-40
0.14116666666666614 3.116652396880137e-42
0.16712499999999916 2.6230760845917683e-40
0.1847999999999994 5.759094931223276e-38
0.20099999999999899 2.872827353704531e-37
0.2084999999999992 1.2354595442713475e-36
0.21499999999999936 8.439249002683435e-37
Sampling time (10 samples): 7974.4595 seconds
/scratch/users/yanlan/Retrieval_0705/Output/AM_PM_ET_206_257_00
0.038000000000000006 2.4539224833645494e-36
0.0999999999999999 1.3735831515848027e-40
0.10483333333333314 1.0789529402500935e-50
restart...
0.05599999999999997 2.0071671539221616e-50
restart...
0.04699999999999998 3.6632523286006224e-56
restart...
0.050499999999999996 2.8377106573312906e-54
restart...
0.06125000000000001 2.6693156219782333e-49
restart...
0.04950000000000003 3.7483143370159854e-53
restart...
0.048749999999999974 9.527985527703908e-54
restart...
0.04025000000000006 8.492243208644682e-59
restart...
0.05675000000000006 6.13718065572783e-51
restart...
0.05250000000000001 1.6265339862835087e-53
restart...
0.04025 5.819106562089356e-59
restart...
0.044000000000000025 8.287055433480304e-57
restart...
0.04625000000000001 4.769053429666486e-56
restart...
Sampling time (10 samples): 7781.2550 seconds
/scratch/users/yanlan/Retrieval_0705/Output/AM_PM_ET_213_236_00
0.027000000000000007 5.48016477896849e-40
0.05000000000000002 1.565559031608272e-57
restart...
0.071 8.436100782188084e-53
restart...
0.056750000000000037 2.2326712218156404e-52
restart...
0.05725000000000001 3.73289774671126e-53
restart...
0.06649999999999989 4.0627909486478427e-51
restart...
0.05674999999999998 1.2037437399752887e-51
restart...
0.06149999999999997 5.1179247835295006e-52
restart...
0.05799999999999998 9.902976355623614e-52
restart...
0.06850000000000007 3.4851332396480395e-50
restart...
0.051499999999999865 1.3015796493672258e-53
restart...
0.053499999999999964 6.947042912281252e-54
restart...
0.06125000000000001 3.685769057846543e-53
restart...
0.05550000000000001 2.5895697408636653e-52
restart...
0.0727500000000001 4.9000766172291255e-49
restart...
Sampling time (10 samples): 7907.3397 seconds
/scratch/users/yanlan/Retrieval_0705/Output/AM_PM_ET_219_290_00
0.013000000000000005 4.6304663969544944e-42
restart...
0.00799999999999999 4.2347011462625785e-47
restart...
0.025000000000000022 5.207665760245686e-41
0.05699999999999999 9.89101343857098e-60
restart...
0.05175000000000002 1.809228820999151e-60
restart...
0.029750000000000006 2.354881437358566e-71
restart...
0.053749999999999985 2.487860411643526e-58
restart...
0.050750000000000024 2.443065164018275e-61
restart...
0.05775 5.949341146865502e-58
restart...
0.09949999999999999 9.720711580297506e-47
0.08800000000000008 4.6027646631064424e-64
restart...
0.05449999999999996 1.4059310342080528e-60
restart...
0.05075000000000009 1.1589579149466905e-61
restart...
0.02800000000000003 4.426479565979446e-70
restart...
0.03474999999999997 9.068261636775214e-65
restart...
Sampling time (10 samples): 7857.6944 seconds
/scratch/users/yanlan/Retrieval_0705/Output/AM_PM_ET_225_399_00
0.015499999999999993 2.3936338531672464e-43
restart...
0.010500000000000008 1.7041580466075335e-45
restart...
0.02799999999999998 1.3881219846539337e-38
0.057499999999999975 9.152923939208743e-51
restart...
0.08825000000000016 3.946872087172097e-48
0.13466666666666702 2.0643237300454326e-46
0.16075000000000042 4.927163689936256e-45
0.18060000000000015 5.2622493160761556e-43
0.18774999999999992 1.1623608092976211e-42
0.1990714285714286 3.658412045492432e-41
0.2083124999999998 9.289950602275628e-41
0.21761111111111128 3.104883957692676e-39
0.22504999999999994 1.8661590002832293e-39
0.23309090909090902 7.75576972129286e-39
0.23874999999999968 5.920397472219319e-39
Sampling time (10 samples): 8229.3642 seconds
/scratch/users/yanlan/Retrieval_0705/Output/AM_PM_ET_234_283_00
0.01850000000000004 3.52842792080713e-42
restart...
0.046000000000000034 3.0606846625919077e-37
0.09650000000000006 2.0625529093111246e-43
0.15000000000000002 1.0567818617001918e-44
0.19525 1.0532725708135845e-40
0.22839999999999977 3.065833275028891e-38
0.2481666666666667 7.070887995802065e-37
0.2586428571428576 6.37502690057275e-37
0.23943750000000016 5.471799713975296e-52
restart...
0.27081250000000023 1.2826090914004738e-36
0.27605555555555505 2.4819592291850174e-36
0.28329999999999855 3.109204581934009e-36
0.2876818181818167 1.1691218726755931e-36
0.2903749999999989 1.2053801775326578e-35
0.2923461538461523 4.389743515020199e-36
Sampling time (10 samples): 7649.5176 seconds
/scratch/users/yanlan/Retrieval_0705/Output/AM_PM_ET_244_309_00
0.03400000000000001 4.210932547007692e-39
0.1727499999999997 6.399052163382687e-37
0.22350000000000012 5.455389359782093e-37
0.2720000000000004 7.252048578475148e-36
0.3034999999999999 2.8877842132667755e-35
0.3234166666666664 9.305179451327667e-36
0.3381428571428577 2.1207577607516207e-35
0.3521875000000001 1.454095010182533e-35
0.3616111111111101 3.8060067868241063e-35
0.36424999999999763 1.6338267316754182e-35
0.3671363636363619 2.1550218742990646e-35
0.3687916666666649 1.9697111365134382e-35
0.3721538461538457 1.6806534867070062e-35
0.37667857142857136 3.2280580484396933e-35
0.37873333333333326 1.341351080677802e-35
Sampling time (10 samples): 7995.3455 seconds
