/scratch/users/yanlan/Retrieval_0705/Output/AM_PM_ET_203_386_00
0.018500000000000006 1.2981935715575857e-39
restart...
0.019000000000000006 5.244101756728456e-41
restart...
0.014999999999999994 1.3470987443789934e-41
restart...
0.030499999999999982 1.9130778122584614e-37
0.07250000000000018 2.4854314363867837e-46
0.09416666666666676 1.4720195324534414e-50
restart...
0.0867499999999999 7.445534348439095e-45
0.13149999999999953 3.747972758364009e-43
0.15774999999999953 5.2192511348177326e-42
0.1734999999999999 2.5217138698770895e-41
0.18341666666666673 7.268944479588241e-41
0.19114285714285728 3.3946043046593754e-39
0.19418750000000018 7.566527982190447e-41
0.19444444444444442 1.2597046253831713e-42
0.1947500000000005 4.449943628106385e-44
Sampling time (10 samples): 7956.0578 seconds
/scratch/users/yanlan/Retrieval_0705/Output/AM_PM_ET_210_295_00
0.009 9.351320207155584e-46
restart...
0.015999999999999993 2.4893517358685367e-40
restart...
0.022500000000000003 4.559091577020091e-40
0.14724999999999988 7.1337114653710974e-40
0.20050000000000046 1.9448345322917388e-35
0.23012500000000086 6.255676357750891e-33
0.2542000000000015 1.0414981436169243e-32
0.2678333333333341 1.4382893663348762e-32
0.2779285714285728 1.1800868604256618e-32
0.2890625000000008 5.1891041734404135e-33
0.29816666666666725 1.215942265250417e-32
0.30300000000000166 3.9977759063479765e-33
0.308954545454546 3.9938290064553984e-33
0.31454166666666766 1.2355213760693185e-32
0.3170384615384637 1.0528351228191785e-32
Sampling time (10 samples): 8588.4335 seconds
/scratch/users/yanlan/Retrieval_0705/Output/AM_PM_ET_217_236_00
0.40549999999999964 1.529401336108312e-12
0.35425000000000073 8.509418114748021e-13
0.3355000000000001 1.7335535440001582e-12
0.33562500000000095 1.1352767752973128e-12
0.3334000000000008 5.526768703041806e-13
0.3293333333333333 5.296978960437449e-13
0.327357142857143 8.849761359732957e-13
0.3228750000000013 8.809687276752459e-13
0.32305555555555565 5.032164377482971e-13
0.32324999999999987 3.355323364171779e-13
0.3239090909090911 1.9949117368630462e-13
0.3213333333333343 7.618336936612386e-13
0.321384615384615 3.5195476817579484e-13
0.3201428571428567 1.7470836963947542e-13
0.31930000000000097 6.655069766126766e-13
Sampling time (10 samples): 7779.0501 seconds
/scratch/users/yanlan/Retrieval_0705/Output/AM_PM_ET_223_294_00
0.015999999999999986 1.6768575278408235e-41
restart...
0.021000000000000015 1.8646208038631535e-41
0.13800000000000015 2.47819555129189e-40
0.1854999999999997 6.409406963808072e-37
0.2198749999999998 3.80988043733426e-33
0.24100000000000005 2.1113730166711165e-31
0.26016666666666693 6.339665324008779e-31
0.2472857142857151 2.0618503827496256e-49
restart...
0.27421428571428674 2.8364000580748078e-30
0.2806250000000014 1.6081323520830266e-30
0.28572222222222415 2.4192115921448697e-30
0.29025000000000195 6.224810617952182e-30
0.29331818181818453 3.521996643757799e-30
0.29841666666666705 2.5065596616343552e-30
0.30234615384615365 1.0144795199203282e-30
Sampling time (10 samples): 7899.3743 seconds
/scratch/users/yanlan/Retrieval_0705/Output/AM_PM_ET_230_368_00
0.056999999999999995 8.901931019075176e-35
0.17299999999999935 1.376650310083909e-32
0.22766666666666602 1.7867891131445834e-31
0.2603749999999995 1.0953520315272515e-30
0.2774999999999994 6.5361874876548645e-31
0.2958333333333316 1.7079417772942292e-30
0.3063571428571408 2.6774096184080718e-30
0.3153124999999978 4.763775176257239e-30
0.32422222222222163 1.9144399159876646e-30
0.3290500000000008 5.167926973054656e-31
0.3346818181818181 4.429876650695483e-30
0.3373750000000007 1.1541721504585421e-29
0.342692307692309 2.8806491031877957e-30
0.34692857142857364 3.799355100211176e-30
0.3490666666666681 2.030838246538499e-30
Sampling time (10 samples): 7085.3058 seconds
/scratch/users/yanlan/Retrieval_0705/Output/AM_PM_ET_239_350_00
0.013999999999999988 2.3190374784712376e-42
restart...
0.008999999999999994 4.550044308836874e-46
restart...
0.0115 1.824114575954033e-43
restart...
0.007499999999999992 3.6634017403851006e-47
restart...
0.01249999999999999 3.895360813995444e-43
restart...
0.01150000000000001 3.2265604540550405e-44
restart...
0.012000000000000009 2.319135309473471e-44
restart...
0.013999999999999995 2.9322139944457627e-42
restart...
0.009999999999999993 4.863323936867418e-43
restart...
0.00799999999999999 6.778625644250646e-46
restart...
0.00799999999999999 1.5718757695069176e-45
restart...
0.011000000000000001 9.02750644006693e-43
restart...
0.008000000000000023 6.617067404309119e-46
restart...
0.007499999999999991 8.378593891041563e-47
restart...
0.00999999999999999 1.755948084488468e-45
restart...
Sampling time (10 samples): 7447.9216 seconds
/scratch/users/yanlan/Retrieval_0705/Output/AM_PM_ET_255_315_00
0.033 2.045348317460008e-37
0.1509999999999999 1.5592981828233947e-35
0.14433333333333387 2.479876755193638e-47
0.1482500000000005 1.220731625614099e-50
restart...
0.0600000000000001 1.814397175559848e-51
restart...
0.05700000000000002 1.6420182464953565e-53
restart...
0.05499999999999998 4.349301395055413e-53
restart...
0.06600000000000002 5.367374723508232e-50
restart...
0.05500000000000006 1.981021774864385e-53
restart...
0.05474999999999999 9.477960367735389e-54
restart...
0.057750000000000024 5.865877100600311e-51
restart...
0.06275000000000024 5.05135139789905e-51
restart...
0.05874999999999996 8.163735492738471e-51
restart...
0.08374999999999995 8.539679551326011e-47
0.11000000000000007 5.947575926732218e-53
restart...
Sampling time (10 samples): 8198.8899 seconds
