/scratch/users/yanlan/Retrieval_0705/Output/AM_PM_ET_199_378_00
0.04149999999999999 1.242452555465111e-37
0.057500000000000016 2.407800839781817e-54
restart...
0.05449999999999995 3.226104880458844e-54
restart...
0.0689999999999998 7.664150848208578e-49
restart...
0.08450000000000005 5.895648125448512e-43
0.09949999999999992 4.754412571975403e-50
restart...
0.06750000000000009 3.0100409867039568e-49
restart...
0.07024999999999995 1.0850739982577374e-47
0.1274999999999999 2.2313262366723716e-46
0.1652500000000002 1.2299591824545089e-42
0.1920000000000006 1.2994706238333365e-39
0.212583333333334 6.686952146024259e-36
0.22528571428571487 4.401587595121064e-34
0.23731250000000034 1.5179238913954345e-32
0.24411111111111167 1.788716169094967e-32
Sampling time (10 samples): 7961.7692 seconds
/scratch/users/yanlan/Retrieval_0705/Output/AM_PM_ET_205_351_00
0.017 6.9924223955919e-41
restart...
0.011499999999999998 3.801053541897578e-43
restart...
0.06250000000000001 8.19140336872655e-35
0.12199999999999987 3.8165350110166356e-39
0.16100000000000086 8.315446273901624e-38
0.18962500000000135 1.2547984162591192e-37
0.19990000000000127 4.420742409046342e-38
0.206083333333334 2.163342241697764e-37
0.22457142857142903 1.7692484908975869e-37
0.23656250000000018 1.792952808500732e-36
0.24905555555555545 1.2613485382370037e-35
0.26155000000000034 1.1174142901936738e-35
0.2676363636363632 1.1559711742811514e-36
0.272291666666667 2.7008574181918017e-36
0.2799615384615399 4.760063186981961e-36
Sampling time (10 samples): 7911.9334 seconds
/scratch/users/yanlan/Retrieval_0705/Output/AM_PM_ET_212_307_00
0.03850000000000002 2.2038031934637854e-37
0.04075000000000006 3.1252537478710983e-64
restart...
0.11874999999999994 2.7215783871591493e-43
0.10016666666666671 1.5621142003494235e-61
restart...
0.10950000000000007 7.050019701874293e-58
restart...
0.10216666666666653 2.643746573134573e-60
restart...
0.10183333333333336 1.0061947084539954e-59
restart...
0.09600000000000013 6.060602762857229e-64
restart...
0.10466666666666646 3.1851992806369e-61
restart...
0.1003333333333333 4.665694906357736e-62
restart...
0.11333333333333324 4.248847707489423e-59
restart...
0.10683333333333343 8.556324344857855e-61
restart...
0.11616666666666672 1.1290451875047784e-57
restart...
0.10966666666666645 9.164891759877058e-59
restart...
0.10100000000000006 6.540128747792025e-61
restart...
Sampling time (10 samples): 10819.6895 seconds
/scratch/users/yanlan/Retrieval_0705/Output/AM_PM_ET_218_390_00
0.057 9.81863196429245e-34
0.15249999999999952 7.972463458780107e-34
0.19449999999999953 2.572954113280192e-32
0.21287499999999976 1.4907897966803685e-32
0.22059999999999985 2.64682536861361e-34
0.22958333333333325 1.7362603736150986e-34
0.23678571428571418 6.272888482996065e-35
0.24281249999999932 1.9420634203567047e-34
0.24527777777777743 7.617441242618074e-34
0.25194999999999995 1.1611309268892273e-34
0.25559090909090926 8.18778343844049e-35
0.2601666666666666 2.0105312452922363e-34
0.26842307692307593 1.500005327943536e-34
0.2768214285714284 4.976335938163875e-34
0.28233333333333344 4.043889983010503e-34
Sampling time (10 samples): 7888.7654 seconds
/scratch/users/yanlan/Retrieval_0705/Output/AM_PM_ET_225_309_00
0.016499999999999997 6.20505229830341e-42
restart...
0.05000000000000002 6.173189969064312e-36
0.16799999999999993 9.49620259067084e-32
0.22266666666666668 1.8975285841252626e-29
0.24737500000000057 1.2738522978720352e-28
0.2684999999999993 2.1133287064150837e-28
0.2848333333333328 3.357407233735089e-28
0.2961428571428562 1.378998425725989e-28
0.30612500000000004 2.0175056264522863e-28
0.31305555555555425 1.758654224478452e-28
0.2845999999999985 3.980671451012307e-65
restart...
0.3172999999999986 1.5715879384582278e-28
0.3208636363636343 1.2034588028780137e-28
0.32174999999999854 7.062806813801465e-29
0.32657692307692204 3.5033289071033374e-29
Sampling time (10 samples): 8023.7690 seconds
/scratch/users/yanlan/Retrieval_0705/Output/AM_PM_ET_233_316_00
0.009000000000000001 2.9211425118905382e-47
restart...
0.009000000000000005 1.6237036480973314e-45
restart...
0.037999999999999985 1.7416034711780456e-38
0.1649999999999997 2.5411853524871413e-36
0.19566666666666624 9.890350019710658e-37
0.18449999999999983 2.1058841165456974e-45
0.18389999999999984 4.5013379250429895e-51
restart...
0.13275000000000003 1.5092514063833016e-38
0.09899999999999998 3.938416606197722e-67
restart...
0.07899999999999995 1.7028721717499832e-58
restart...
0.13249999999999984 1.5735944421655695e-36
0.12883333333333327 1.7093144070076956e-56
restart...
0.14000000000000015 1.0261211549127041e-38
0.09750000000000021 9.231131549897445e-75
restart...
0.13775000000000015 5.721453299726126e-37
Sampling time (10 samples): 9110.1006 seconds
/scratch/users/yanlan/Retrieval_0705/Output/AM_PM_ET_243_306_00
0.014999999999999996 1.20125680741765e-43
restart...
0.013999999999999993 6.660776039110124e-42
restart...
0.028000000000000008 9.64321873327021e-40
0.10349999999999987 3.332963480466907e-42
0.1291666666666668 1.1761478593100106e-45
0.1407500000000002 3.9689121427072225e-49
restart...
0.08950000000000005 9.862325162841555e-48
0.15083333333333368 5.187761219480608e-47
0.1818750000000003 9.427686262244429e-44
0.19710000000000033 8.188848086340679e-42
0.20550000000000018 2.9556938837742247e-42
0.19392857142857153 2.916721689306619e-53
restart...
0.19192857142857161 1.3773342728685998e-54
restart...
0.19607142857142879 4.565205103364332e-53
restart...
0.19300000000000037 1.0595146138863804e-53
restart...
Sampling time (10 samples): 8061.0835 seconds
