/scratch/users/yanlan/Retrieval_0705/Output/AM_PM_ET_201_352_00
0.057 2.5766252688757805e-32
0.09024999999999996 7.918968754971182e-39
0.11833333333333339 1.0428203885700118e-40
0.1378750000000004 1.0094594076150232e-40
0.14610000000000029 2.8662854708858105e-41
0.15433333333333446 1.694510800436383e-39
0.16285714285714425 4.044936895133976e-39
0.17031250000000123 2.0995702446981262e-38
0.17350000000000115 4.5258850352366615e-38
0.17550000000000124 1.4620009008188624e-38
0.18027272727272853 2.176714546422333e-37
0.18104166666666766 9.726910216904005e-38
/scratch/users/yanlan/Retrieval_0705/Output/AM_PM_ET_207_359_00
0.01550000000000001 4.608491941561788e-41
restart...
0.022999999999999982 4.555610465965332e-40
0.06950000000000006 1.3889758983543555e-50
restart...
0.07200000000000004 4.884254466125623e-49
restart...
0.07199999999999995 2.710348254573457e-49
restart...
0.055000000000000056 5.1260797413669716e-52
restart...
0.0665000000000001 1.286082176974745e-50
restart...
0.06825000000000003 1.1536805993741212e-50
restart...
0.06324999999999997 9.893915477124202e-51
restart...
0.07175000000000006 9.474446298898962e-49
restart...
0.07350000000000009 1.2014849753926933e-47
0.10399999999999993 1.1688758153702852e-50
restart...
0.06549999999999999 3.175852408157849e-48
0.10016666666666678 1.8119772857690693e-50
restart...
0.06625 6.077302259702629e-49
restart...
Sampling time (10 samples): 7859.6427 seconds
/scratch/users/yanlan/Retrieval_0705/Output/AM_PM_ET_214_339_00
0.042499999999999975 1.4419946964391027e-37
0.18299999999999988 1.588083328482308e-35
0.24200000000000035 8.536343625461665e-34
0.2680000000000002 6.472362916294763e-34
0.29719999999999985 9.438607977276304e-34
0.3123333333333332 1.2008557433378267e-33
0.3275714285714288 2.466745067194377e-33
0.3406875 5.363308857604663e-34
0.3449444444444425 1.754731603186646e-33
0.3523999999999987 2.208980254465839e-33
0.35977272727272835 1.5018340713724233e-33
0.3629166666666667 2.108685824999988e-33
0.3674615384615377 7.022796931505017e-34
0.37028571428571394 1.737668501834623e-33
0.37176666666666525 3.7467785276271945e-34
Sampling time (10 samples): 7732.1174 seconds
/scratch/users/yanlan/Retrieval_0705/Output/AM_PM_ET_220_396_00
0.057999999999999996 3.877793675423192e-34
0.13649999999999993 4.409289698716026e-35
0.19033333333333302 1.754167914991736e-33
0.2187500000000003 4.514150877498994e-31
0.25150000000000095 4.470889681211295e-31
0.2682500000000005 9.175282191403863e-31
0.26621428571428823 1.3435058858368631e-34
0.24993750000000317 7.065910962965607e-42
0.25694444444444786 2.0663844312838715e-38
0.2657500000000047 5.189240926955295e-37
0.2766363636363679 4.739020704277717e-37
0.2857500000000042 1.1258826965601913e-36
0.2930000000000043 6.166387547759768e-37
0.2979642857142902 1.7966259064603248e-36
0.3024666666666706 2.1655780515533215e-36
Sampling time (10 samples): 8078.6228 seconds
/scratch/users/yanlan/Retrieval_0705/Output/AM_PM_ET_227_383_00
0.089 2.9445226448510713e-33
0.11450000000000014 4.0297994074397003e-39
0.15799999999999959 1.455990137178554e-37
0.1870000000000002 9.44051391965366e-35
0.21729999999999977 2.8794913498149596e-32
0.217833333333333 1.7378092388067938e-42
0.21428571428571397 1.5506837286513035e-47
0.2263749999999997 4.708007505726912e-44
0.23649999999999974 3.748964331716184e-42
0.2503500000000001 1.1981229214276233e-40
0.2610454545454545 3.872777259256236e-40
0.2717916666666664 6.6561198081750804e-40
0.2802307692307695 9.32044788248991e-40
0.2873928571428582 5.615215156850447e-40
0.2946666666666684 7.540790606685443e-40
Sampling time (10 samples): 8496.5917 seconds
/scratch/users/yanlan/Retrieval_0705/Output/AM_PM_ET_236_326_00
0.040500000000000036 3.703163370061987e-38
0.14224999999999927 1.997052447937964e-36
0.17866666666666628 4.3981255174088194e-38
0.20037499999999964 7.008811647779993e-39
0.2261999999999997 4.301628725571237e-38
0.2422499999999996 2.2608000062968752e-37
0.25471428571428495 6.843013904434635e-37
0.26325000000000043 2.324496010968171e-37
0.27377777777777634 1.607635718133023e-37
0.27699999999999775 3.152094440877996e-38
0.28081818181818013 3.1087835307506796e-38
0.2820416666666652 5.813196254677899e-39
0.28326923076922916 7.598003536354013e-39
0.28585714285714164 1.4681266839622022e-39
0.2882333333333317 2.1800598070372916e-39
Sampling time (10 samples): 7581.0470 seconds
/scratch/users/yanlan/Retrieval_0705/Output/AM_PM_ET_248_313_00
0.005999999999999994 1.8289229790516455e-46
restart...
0.025999999999999992 2.8254175524920313e-39
0.09950000000000005 5.0591152650119306e-45
0.1669999999999999 5.379300869513188e-42
0.19287499999999988 6.24421821465031e-42
0.2009 1.8151057304617637e-42
0.21266666666666675 5.837099957191681e-44
0.23021428571428595 1.29280901486466e-42
0.24312499999999967 2.574685674724789e-41
0.24938888888888855 5.357208067542096e-41
0.2627499999999982 1.1786046687294723e-40
0.26999999999999935 1.902319973747801e-40
0.27316666666666595 6.5519273483882205e-40
0.2794999999999977 5.795038174442386e-40
0.28446428571428406 3.2178726888322024e-40
Sampling time (10 samples): 8001.1782 seconds
