/scratch/users/yanlan/Retrieval_0705/Output/AM_PM_ET_201_422_00
0.39650000000000035 2.4017367981189456e-12
0.35899999999999993 3.831126278685265e-13
0.3418333333333325 8.989859478952295e-13
0.3443749999999987 7.212477722719108e-13
0.3403999999999995 8.66308405442029e-13
0.3389166666666655 3.5347995756819733e-13
0.340071428571427 3.247709064610614e-13
0.33706249999999943 7.700053032399918e-13
0.3360555555555544 2.3609898839445568e-12
0.33489999999999925 3.6486783389491607e-13
0.3337727272727271 8.580057079845228e-13
0.33254166666666735 1.4573312752174267e-12
0.33423076923077 6.395331132695733e-13
0.3345000000000012 3.4229360493198484e-13
0.3343000000000007 2.2500068769817945e-13
Sampling time (10 samples): 7213.9348 seconds
/scratch/users/yanlan/Retrieval_0705/Output/AM_PM_ET_208_255_00
0.01799999999999999 2.9129466493951807e-41
restart...
0.02199999999999999 1.4125632381396315e-41
0.061749999999999895 2.597073472876361e-50
restart...
0.06375000000000001 9.885288801226186e-53
restart...
0.06575000000000014 1.251549080667143e-49
restart...
0.06724999999999998 2.893570233998578e-51
restart...
0.06900000000000006 1.787113731205985e-52
restart...
0.06375000000000006 4.217047343221722e-52
restart...
0.059250000000000067 6.816978316735617e-53
restart...
0.07549999999999993 1.2709356099052886e-50
restart...
0.06249999999999999 1.0039529453525098e-51
restart...
0.0689999999999998 4.392029059306079e-50
restart...
0.06125000000000002 4.1371883932281966e-50
restart...
0.072 1.1104699424047134e-49
restart...
0.06324999999999996 3.52277236009116e-50
restart...
Sampling time (10 samples): 7093.2252 seconds
/scratch/users/yanlan/Retrieval_0705/Output/AM_PM_ET_214_410_00
0.04750000000000002 5.679226024903651e-36
0.13575000000000007 8.533521053603187e-38
0.17450000000000024 1.0634684542387073e-35
0.1697500000000003 3.7273559504911725e-43
0.1831 1.25152897330143e-43
0.18758333333333302 1.0624953705101457e-43
0.1989999999999996 2.7051165153328463e-42
0.215499999999999 2.7237717479064316e-40
0.22561111111111015 1.2858158926508351e-39
0.22989999999999897 6.676960492153473e-40
0.23177272727272658 5.1891003584730006e-40
0.2294583333333331 1.2798534419851203e-43
0.22819230769230717 2.5188892280789772e-46
0.22992857142857137 3.007964910618787e-45
0.23103333333333406 1.4528356212628616e-44
Sampling time (10 samples): 6878.9336 seconds
/scratch/users/yanlan/Retrieval_0705/Output/AM_PM_ET_221_275_00
0.0195 2.302593384101069e-39
restart...
0.03500000000000002 1.8768465033349688e-37
0.07525000000000001 6.914744840414907e-49
restart...
0.06700000000000003 1.8184642017076644e-51
restart...
0.07750000000000003 1.9073615681119685e-46
0.1375000000000007 2.2040568067936107e-43
0.17875000000000107 2.7475693056606656e-39
0.17930000000000107 1.3807569683879136e-50
restart...
0.08225000000000016 2.792531426038479e-47
0.1073333333333334 2.5306917582066344e-58
restart...
0.08499999999999994 2.136847970382378e-45
0.1309999999999993 9.169489053305239e-48
0.16024999999999942 4.33006144575847e-45
0.14049999999999963 9.08509998465141e-68
restart...
0.09074999999999996 1.953803305071519e-45
Sampling time (10 samples): 6868.1185 seconds
/scratch/users/yanlan/Retrieval_0705/Output/AM_PM_ET_228_291_00
0.015000000000000003 3.5341225486252694e-43
restart...
0.014000000000000002 3.302194415747564e-42
restart...
0.01400000000000002 8.706027565616058e-42
restart...
0.008000000000000021 3.9784588562393037e-45
restart...
0.007499999999999995 1.802371565032569e-46
restart...
0.008499999999999992 2.3486969351842123e-46
restart...
0.010500000000000002 2.7438028383057223e-43
restart...
0.008999999999999996 1.1127222075390708e-45
restart...
0.00799999999999999 1.7185354989528003e-45
restart...
0.01200000000000001 9.271075238314473e-44
restart...
0.009000000000000005 3.991787591407904e-46
restart...
0.009499999999999995 6.58317682716479e-44
restart...
0.012000000000000005 2.0049474687762205e-44
restart...
0.00799999999999999 2.2179853823337636e-46
restart...
0.014499999999999987 1.1058345451486309e-41
restart...
Sampling time (10 samples): 6664.4238 seconds
/scratch/users/yanlan/Retrieval_0705/Output/AM_PM_ET_236_385_00
0.07999999999999996 2.0088130856876916e-30
0.18649999999999975 1.7113544557130942e-30
0.1323333333333333 1.7358603915055682e-59
restart...
0.15149999999999977 3.340872532889705e-33
0.15149999999999997 1.0509507800489076e-40
0.11699999999999956 2.5845331677233325e-74
restart...
0.1277500000000004 5.020811184878986e-40
0.09300000000000029 6.938027939900539e-71
restart...
0.13925000000000015 5.826098657708589e-38
0.17066666666666735 7.66885147865944e-38
0.14750000000000044 5.960909233945402e-54
restart...
0.08400000000000002 2.353105737534833e-50
restart...
0.14449999999999966 1.4061049500427293e-36
0.11766666666666668 1.4010691532923084e-60
restart...
0.1732499999999997 1.1560867393100602e-30
Sampling time (10 samples): 6850.5870 seconds
/scratch/users/yanlan/Retrieval_0705/Output/AM_PM_ET_249_310_00
0.032999999999999995 2.1149542685799317e-38
0.14824999999999974 3.206251389414623e-39
0.18966666666666648 5.979074090778081e-38
0.2172499999999996 2.974695982453558e-37
0.2288999999999998 3.130880411010841e-37
0.24241666666666642 7.485017150533517e-37
0.2514285714285709 2.9842687742933167e-37
0.2568124999999978 4.333261216891679e-37
0.26483333333333187 3.380673033494545e-36
0.26959999999999756 2.827103989843105e-36
0.2731818181818149 3.2069951084315075e-36
0.2737499999999979 4.63679503864084e-37
0.27446153846153704 3.6170691533354575e-37
0.27496428571428416 1.659924080260634e-37
0.2741333333333308 1.4655072334610815e-36
Sampling time (10 samples): 6576.7687 seconds
