/scratch/users/yanlan/Retrieval_0705/Output/AM_PM_ET_200_415_00
0.024000000000000018 6.8482830109549205e-40
0.053750000000000034 5.3980685159204e-52
restart...
0.05500000000000003 1.1613552769979218e-53
restart...
0.05100000000000007 2.0438205680475504e-54
restart...
0.05724999999999997 7.846063802841226e-51
restart...
0.05025000000000004 4.729804800516223e-54
restart...
0.05725000000000003 4.346873191138119e-53
restart...
0.055000000000000056 7.791739866851514e-51
restart...
0.05299999999999992 3.292438037581654e-54
restart...
0.014999999999999958 5.124510061124991e-78
restart...
0.04750000000000008 4.48642936175702e-56
restart...
0.05199999999999999 2.584405428886375e-55
restart...
0.05100000000000002 5.1476946407269623e-54
restart...
0.018499999999999996 1.184811057921431e-74
restart...
0.055249999999999994 1.088373162959108e-53
restart...
Sampling time (10 samples): 8078.4157 seconds
/scratch/users/yanlan/Retrieval_0705/Output/AM_PM_ET_206_418_00
0.4139999999999998 1.3612499918077955e-12
0.3587500000000015 6.062074985671087e-13
0.33916666666666756 7.802507008220403e-13
0.32849999999999985 3.585417821178763e-13
0.32940000000000075 5.542453361876746e-13
0.32566666666666694 7.905795227030085e-13
0.32514285714285684 1.3875460104682275e-12
0.32599999999999996 8.950519118389896e-13
0.3247222222222213 7.876024944626228e-13
0.32320000000000015 5.233918641460746e-13
0.3231818181818199 5.854560837847247e-13
0.32375000000000265 2.3565292029449694e-13
0.32192307692307964 8.322546404281414e-13
0.3235714285714312 3.7176711264203484e-13
0.3227000000000018 1.0460912665662724e-12
Sampling time (10 samples): 7856.1777 seconds
/scratch/users/yanlan/Retrieval_0705/Output/AM_PM_ET_213_374_00
0.065 1.6885728295778063e-32
0.15400000000000022 2.603193248500418e-34
0.19733333333333344 7.46876536819066e-33
0.2248750000000001 1.247207939211862e-31
0.24140000000000036 6.226321559739333e-32
0.2591666666666669 4.529891346232048e-32
0.2720000000000001 6.55312456725881e-33
0.27912499999999973 1.3780050105973075e-32
0.28394444444444333 2.3387200286983423e-32
0.2867499999999999 1.404014316470058e-32
0.2940454545454553 4.056075221457077e-32
0.29866666666666813 2.1396293834270542e-32
0.29965384615384905 1.9924081227320918e-32
0.30560714285714563 6.670825532129772e-33
0.3076333333333355 2.2231587917706927e-32
Sampling time (10 samples): 7547.6992 seconds
/scratch/users/yanlan/Retrieval_0705/Output/AM_PM_ET_220_260_00
0.011000000000000001 2.5435089720549378e-43
restart...
0.02000000000000001 1.3311936148547998e-41
0.038999999999999986 1.1527304459020113e-58
restart...
0.05599999999999992 1.978501291343158e-55
restart...
0.08225000000000014 3.703056738851558e-47
0.1574999999999996 5.431586841942698e-42
0.17724999999999996 1.2542350519583892e-45
0.14919999999999997 5.708310947532413e-75
restart...
0.1492000000000001 8.692385209401199e-76
restart...
0.1492999999999999 2.335649151871805e-74
restart...
0.1492000000000004 1.3023883609203247e-76
restart...
0.14829999999999988 2.5839543056481807e-74
restart...
0.1496000000000003 9.31817240686165e-74
restart...
0.14890000000000012 1.0885895379280337e-73
restart...
0.14910000000000004 6.231469676702203e-73
restart...
Sampling time (10 samples): 9766.7450 seconds
/scratch/users/yanlan/Retrieval_0705/Output/AM_PM_ET_226_396_00
0.048 3.3252119344209457e-35
0.16275 1.5619582165929873e-33
0.2210000000000001 5.067620813411223e-31
0.2548750000000005 5.636957807632293e-31
0.2728000000000013 2.039268140536293e-31
0.2866666666666681 3.9730380787374945e-31
0.2980714285714289 1.7581515351705407e-30
0.3068750000000006 9.78469870422231e-32
0.314111111111112 7.100255659325416e-31
0.3197000000000017 8.594173980226649e-31
0.321227272727273 2.1926908559053776e-30
0.3251666666666654 4.884292875288227e-31
0.3289230769230753 3.954676467074401e-31
0.3323214285714272 2.634181727204071e-31
0.33393333333332964 5.0939527672711355e-31
Sampling time (10 samples): 7911.1929 seconds
/scratch/users/yanlan/Retrieval_0705/Output/AM_PM_ET_235_313_00
0.030500000000000006 6.372080298941002e-40
0.1475000000000002 7.141760035469138e-39
0.19400000000000034 4.154579018474165e-38
0.2197500000000006 8.618475751507236e-37
0.21020000000000044 7.434096573743161e-42
0.2170000000000001 2.6744673812203975e-41
0.22357142857142848 1.864648121062688e-39
0.22262500000000035 4.1011461760488105e-41
0.22233333333333316 1.3377781069849614e-41
0.22385000000000013 8.423893468835377e-41
0.22963636363636364 5.322329578033063e-40
0.23204166666666667 8.941837157176934e-39
0.23915384615384647 1.463478690369543e-38
0.2422142857142863 4.523258491070158e-38
0.24400000000000027 4.035034343454246e-39
Sampling time (10 samples): 7365.2622 seconds
/scratch/users/yanlan/Retrieval_0705/Output/AM_PM_ET_246_311_00
0.02799999999999998 6.466177056890067e-39
0.1452499999999997 4.67944402997074e-40
0.16966666666666652 1.9130550904866853e-41
0.19674999999999962 3.78786442838072e-40
0.2263000000000002 6.868480850496794e-38
0.2516666666666667 5.941306315417276e-36
0.2657857142857155 2.1285491669786878e-35
0.24743750000000048 4.609545462959348e-59
restart...
0.2823750000000013 3.204923332784697e-35
0.2755000000000018 2.5140970538504595e-49
restart...
0.29383333333333417 2.133745317458427e-35
0.27545000000000114 1.5875795549440807e-61
restart...
0.2990000000000013 5.291480830208742e-35
0.3077727272727279 2.357599904488154e-35
0.2961666666666663 2.972725328759338e-57
restart...
Sampling time (10 samples): 8049.0610 seconds
