/scratch/users/yanlan/Retrieval_0705/Output/AM_PM_ET_202_369_00
0.0085 8.273030601254846e-46
restart...
0.009999999999999995 4.195199750001203e-44
restart...
0.04 1.2808718631503706e-38
0.14700000000000013 3.718397839092817e-40
0.19699999999999973 8.770039752077397e-39
0.22625000000000003 2.4033817333354115e-37
0.24280000000000027 6.980406277597346e-37
0.2529999999999994 4.9078872297341414e-36
0.25957142857142806 4.724749953396066e-36
0.26818749999999997 1.8194808720242485e-36
0.27416666666666617 3.340910497751641e-36
0.2798000000000003 4.260123342667239e-36
0.2864545454545463 2.6011067117826468e-36
0.29012500000000296 1.5266437523794583e-36
0.2906923076923106 3.409213470186103e-36
Sampling time (10 samples): 8512.6978 seconds
/scratch/users/yanlan/Retrieval_0705/Output/AM_PM_ET_209_248_00
0.016499999999999966 1.147908084119139e-40
restart...
0.014999999999999986 1.7537837723422416e-42
restart...
0.017499999999999995 2.4504428739838458e-40
restart...
0.012499999999999999 1.3826204368784193e-43
restart...
0.016999999999999973 8.405060504438442e-42
restart...
0.021499999999999988 1.6381888322503352e-41
0.013250000000000019 1.1643200705638122e-81
restart...
0.013750000000000024 1.1541347779337521e-79
restart...
0.012249999999999995 5.190985903425631e-83
restart...
0.012999999999999994 4.880520172463882e-82
restart...
0.01400000000000004 6.143241677190632e-80
restart...
0.013500000000000033 1.72605114286766e-80
restart...
0.012500000000000008 4.9899212049402356e-82
restart...
0.01350000000000002 2.7912565710601106e-82
restart...
0.012750000000000008 2.3119198259830193e-82
restart...
Sampling time (10 samples): 8121.6908 seconds
/scratch/users/yanlan/Retrieval_0705/Output/AM_PM_ET_215_375_00
0.042499999999999996 1.1154892472145257e-35
0.1202499999999999 1.0085279158809144e-38
0.1438333333333336 4.854566248040959e-50
restart...
0.10624999999999989 8.189585337703963e-45
0.10649999999999983 4.0242611646593206e-57
restart...
0.13525 3.392761656795888e-38
0.14183333333333342 3.424087357496487e-52
restart...
0.12575000000000008 2.818200910846868e-40
0.11116666666666677 4.267208686332696e-57
restart...
0.125 2.9382426438178508e-39
0.13300000000000062 1.8977955994048188e-51
restart...
0.07924999999999986 4.2531245201937544e-51
restart...
0.1275 2.6693866996288262e-39
0.15650000000000022 2.9594742982686074e-43
0.1291250000000002 4.841873685390127e-66
restart...
Sampling time (10 samples): 9265.4413 seconds
/scratch/users/yanlan/Retrieval_0705/Output/AM_PM_ET_222_261_00
0.009500000000000019 3.210352678948607e-45
restart...
0.0115 1.1493708826673452e-43
restart...
0.017499999999999995 2.103054642672144e-42
restart...
0.0385 6.653594526935793e-39
0.12874999999999995 4.405104551869792e-49
restart...
0.12524999999999997 1.4068379419665783e-48
0.09533333333333331 2.3765050120079844e-74
restart...
0.13849999999999985 2.891870714241466e-45
0.09366666666666648 3.8952270031181315e-85
restart...
0.14075000000000046 3.576116751975526e-42
0.09516666666666702 1.2990289551826532e-82
restart...
0.15650000000000017 3.039037312347001e-36
0.11499999999999973 2.1499648127542336e-65
restart...
0.05125000000000004 3.006630269450796e-61
restart...
0.1065000000000001 9.259319545645672e-52
restart...
Sampling time (10 samples): 8193.2252 seconds
/scratch/users/yanlan/Retrieval_0705/Output/AM_PM_ET_229_300_00
0.030000000000000006 7.626728644402561e-40
0.10575000000000002 5.2171996556446746e-45
0.0908333333333333 2.8610791418047634e-67
restart...
0.045500000000000006 1.2098308970418486e-61
restart...
0.05600000000000016 6.810406826367092e-62
restart...
0.05549999999999984 4.13061183373549e-60
restart...
0.05275000000000006 2.1388029054993312e-61
restart...
0.06899999999999999 5.838857821269142e-58
restart...
0.04999999999999999 7.178473261927816e-61
restart...
0.04124999999999999 7.23001813756748e-65
restart...
0.044500000000000005 5.2535891502981093e-64
restart...
0.06299999999999996 5.98587827250202e-61
restart...
0.06375000000000035 4.547247824927583e-58
restart...
0.04899999999999995 6.100161170262444e-63
restart...
0.047750000000000015 5.0411458516972714e-61
restart...
Sampling time (10 samples): 7404.8132 seconds
/scratch/users/yanlan/Retrieval_0705/Output/AM_PM_ET_238_273_00
0.020999999999999974 6.866912555700185e-41
0.07525000000000003 1.2000271451679154e-49
restart...
0.06074999999999995 7.59518452206007e-51
restart...
0.06874999999999996 1.9726210095821797e-51
restart...
0.057249999999999995 6.905467517854736e-52
restart...
0.06649999999999992 3.982583421051754e-51
restart...
0.06149999999999996 3.0601360452475517e-52
restart...
0.059749999999999956 2.126466322845632e-52
restart...
0.06499999999999999 1.5218613842738492e-52
restart...
0.07299999999999995 8.811624218601178e-53
restart...
0.06374999999999992 2.19917267097333e-52
restart...
0.07850000000000008 5.482655183403383e-50
restart...
0.06700000000000014 1.5963891610783864e-52
restart...
0.07999999999999995 2.503730261719405e-52
restart...
0.07925000000000004 1.1742097432591378e-51
restart...
Sampling time (10 samples): 8165.0701 seconds
/scratch/users/yanlan/Retrieval_0705/Output/AM_PM_ET_251_328_00
0.03699999999999999 1.5468365165926192e-40
0.12949999999999975 9.530493801012287e-41
0.17600000000000018 4.38283854508635e-38
0.21112499999999992 1.225209436752518e-34
0.2343 7.440404929575621e-32
0.2376666666666667 1.0372528548889807e-33
0.2478571428571425 6.284488516481894e-34
0.25824999999999904 2.337660059423083e-33
0.2653333333333331 5.1644321538746944e-34
0.26680000000000054 7.881651269004332e-37
0.2665454545454539 8.882013729436246e-41
0.27137499999999926 7.641787151394481e-40
0.2787692307692292 5.100009588478837e-40
0.28621428571428414 4.830531728861469e-40
0.2889999999999982 2.393402126110708e-40
Sampling time (10 samples): 8229.5990 seconds
