/scratch/users/yanlan/Retrieval_0705/Output/AM_PM_ET_203_365_00
0.012499999999999989 3.059194131751575e-44
restart...
0.00900000000000002 3.6594109921079915e-47
restart...
0.017999999999999985 2.6817351328574853e-41
restart...
0.02700000000000001 1.5042982138071454e-37
0.13374999999999998 5.018494213657527e-41
0.1905000000000002 1.4031668268206078e-38
0.21937499999999965 3.551137322170242e-36
0.24230000000000004 3.5549970716255234e-36
0.25149999999999995 6.171701917963662e-36
0.25821428571428545 6.201381434600736e-36
0.2660624999999988 1.5574334987055884e-35
0.27011111111110925 4.240312978818476e-36
0.273399999999998 5.394891927173637e-36
0.27886363636363676 1.5590017045316484e-35
0.28104166666666647 8.641648788980417e-36
Sampling time (10 samples): 7377.6558 seconds
/scratch/users/yanlan/Retrieval_0705/Output/AM_PM_ET_210_271_00
0.01650000000000004 4.244553170556595e-41
restart...
0.029499999999999985 9.12427181784376e-39
0.13800000000000015 1.0237730877547664e-36
0.1733333333333337 9.84276849158514e-41
0.1457500000000003 6.563054783051851e-62
restart...
0.15274999999999997 3.491358133445906e-37
0.20300000000000012 1.2308011659140824e-33
0.2263750000000006 1.755652026650602e-32
0.22060000000000082 1.1319410859897397e-40
0.18733333333333413 1.5154295379527138e-70
restart...
0.18600000000000078 1.4202890813623257e-75
restart...
0.1890000000000007 6.705738264675295e-67
restart...
0.1869166666666673 4.645195883678743e-73
restart...
0.18625000000000064 5.17450857349963e-76
restart...
0.18633333333333393 9.473977118289206e-73
restart...
Sampling time (10 samples): 8855.4253 seconds
/scratch/users/yanlan/Retrieval_0705/Output/AM_PM_ET_216_394_00
0.034499999999999996 1.2804968103415298e-39
0.14599999999999963 2.866998456088082e-37
0.19100000000000006 2.6754641845782474e-35
0.22887500000000052 6.863895845297612e-34
0.25499999999999856 4.816026485409609e-34
0.2710833333333323 1.182497117183579e-34
0.2796428571428575 1.3178865260872168e-34
0.28924999999999945 1.767522858256469e-34
0.29166666666666646 3.2795808624232212e-34
0.28985000000000094 2.5770387925588813e-34
0.2945454545454556 1.3958699628333889e-33
0.2982083333333348 4.076041231334405e-34
0.29992307692307646 4.2224292127177675e-34
0.30257142857142866 4.5734724874178346e-34
0.3054000000000003 2.804826430056439e-34
Sampling time (10 samples): 7649.7477 seconds
/scratch/users/yanlan/Retrieval_0705/Output/AM_PM_ET_223_273_00
0.020999999999999994 6.130558355181926e-42
0.06425000000000015 5.207591634848471e-51
restart...
0.057000000000000016 3.9317700387946e-52
restart...
0.056749999999999995 1.704652886573899e-51
restart...
0.06500000000000004 1.2527962608740466e-50
restart...
0.06324999999999996 4.732810855535541e-51
restart...
0.05899999999999993 1.4068324266084363e-51
restart...
0.06049999999999988 1.1361941262366142e-52
restart...
0.06074999999999999 8.671916537909361e-54
restart...
0.05624999999999996 5.908928473883788e-54
restart...
0.049249999999999856 3.1939317879476287e-54
restart...
0.061249999999999985 1.403186510664069e-53
restart...
0.05049999999999993 2.2756243452982043e-54
restart...
0.06049999999999993 2.3557341324531505e-52
restart...
0.042249999999999996 1.2074189980089994e-58
restart...
Sampling time (10 samples): 7528.1951 seconds
/scratch/users/yanlan/Retrieval_0705/Output/AM_PM_ET_230_337_00
0.06199999999999998 1.4383559445987164e-33
0.16474999999999979 2.5584052409155384e-33
0.21050000000000008 4.8774592247648044e-33
0.22124999999999964 5.791128038825218e-35
0.22929999999999995 7.678438943855767e-38
0.243583333333333 7.630030435020347e-38
0.26371428571428607 7.867861982146129e-39
0.27693749999999884 3.497648039189632e-39
0.2746666666666658 1.9755054890058023e-43
0.2834999999999979 6.728846613256627e-44
0.2918636363636339 6.631154924242505e-44
0.2984583333333302 2.1927889823487624e-43
0.3036153846153833 5.526970187628549e-43
0.30717857142857036 2.779663534611915e-43
0.31283333333333185 1.5604562580764844e-43
Sampling time (10 samples): 7986.2639 seconds
/scratch/users/yanlan/Retrieval_0705/Output/AM_PM_ET_239_329_00
0.03900000000000003 6.013749782620397e-37
0.16275 2.9022458228487266e-36
0.17716666666666706 2.336461277125844e-35
0.1928750000000011 1.0921260262656103e-34
0.19990000000000138 4.044739423433629e-37
0.21691666666666745 1.1066046144241697e-37
0.2263571428571439 1.5324169126977448e-38
0.23550000000000149 2.0305448303585517e-38
0.24061111111111277 4.536423002189017e-39
0.24950000000000183 4.171603970007287e-39
0.2610000000000006 1.0016740484932341e-38
0.2648750000000027 2.644027439011558e-39
0.27111538461538776 1.365528351072734e-38
0.2732500000000048 6.748895644772674e-39
0.2791333333333376 1.0697331263798485e-38
Sampling time (10 samples): 8064.7628 seconds
/scratch/users/yanlan/Retrieval_0705/Output/AM_PM_ET_255_285_00
0.050999999999999976 4.337825214341882e-37
0.17424999999999996 1.2273357494087574e-33
0.18666666666666645 1.3826994085377565e-37
0.2142499999999998 6.803870377748975e-36
0.23479999999999973 4.488963980824083e-34
0.2569166666666661 2.550083658986678e-34
0.27349999999999963 3.3040846991712354e-34
0.28687499999999994 9.043658341888083e-35
0.2986111111111109 3.475585344647127e-34
0.30755000000000093 3.562562558731155e-34
0.31618181818181845 7.904885409012763e-34
0.30795833333333356 8.930997648841203e-52
restart...
0.32283333333333286 1.990962970707544e-34
0.3251538461538461 3.7568646738287155e-34
0.3271428571428581 2.881593640370009e-34
Sampling time (10 samples): 7436.2945 seconds
