/scratch/users/yanlan/Retrieval_0705/Output/AM_PM_ET_202_352_00
0.013499999999999998 3.213107299891187e-42
restart...
0.013500000000000005 5.615939755286744e-44
restart...
0.018999999999999993 1.3648950428941506e-40
restart...
0.018999999999999982 3.772106447192919e-40
restart...
0.021999999999999995 1.5540444416746202e-40
0.06199999999999996 1.1094178515977958e-49
restart...
0.0745000000000002 9.36411751704448e-49
restart...
0.06999999999999972 7.485893771264035e-48
0.12999999999999975 2.0275687732382857e-45
0.15987500000000016 4.715540698377471e-42
0.1887000000000011 1.1353902001922748e-40
0.21100000000000027 1.2529906065449123e-39
0.2271428571428575 8.226997289518403e-39
0.2428125 6.268359288472766e-39
0.25383333333333397 1.1975575829797966e-38
Sampling time (10 samples): 7752.6816 seconds
/scratch/users/yanlan/Retrieval_0705/Output/AM_PM_ET_208_412_00
0.3999999999999994 1.2907605127565756e-12
0.3684999999999994 4.1360983146976887e-13
0.351 5.524544235518526e-13
0.34300000000000064 2.3606101893547176e-13
0.33859999999999973 7.285602944752405e-13
0.32883333333333187 2.1458099309897872e-13
0.32614285714285635 1.151561426650313e-13
0.32537499999999786 3.254593018688924e-13
0.3233888888888861 1.0649621722337578e-12
0.3220499999999971 3.6046929123077063e-13
0.3219545454545429 3.9739028157632154e-13
0.3202916666666642 8.783983567511684e-13
0.32199999999999757 5.059486530412614e-13
0.32207142857142645 1.173414374213797e-12
0.3231666666666637 4.57495192539663e-13
Sampling time (10 samples): 7583.5983 seconds
/scratch/users/yanlan/Retrieval_0705/Output/AM_PM_ET_215_357_00
0.004999999999999994 1.1029482266575163e-47
restart...
0.039 7.62849004974759e-37
0.14349999999999996 8.965360052815384e-37
0.21199999999999936 7.838619644346391e-35
0.2423749999999995 1.133674489192505e-32
0.2692999999999998 5.3577239932815595e-31
0.29000000000000087 2.984132527575714e-31
0.3042857142857148 3.2312727696567877e-31
0.31362499999999843 2.5668255456265403e-31
0.32527777777777694 7.484942453721494e-32
0.3287500000000005 2.7478307525609537e-31
0.334136363636363 1.664265183887435e-31
0.33933333333333315 1.4435240639210018e-31
0.34334615384615264 1.6741003732539147e-31
0.34578571428571264 8.966969677031155e-32
Sampling time (10 samples): 7702.5541 seconds
/scratch/users/yanlan/Retrieval_0705/Output/AM_PM_ET_222_243_00
0.3815000000000002 9.366389276463656e-13
0.3387500000000007 1.225726789888097e-12
0.3318333333333336 6.847048230835365e-13
0.3329999999999999 6.759214728129986e-13
0.3299999999999992 7.255749118445793e-13
0.32891666666666747 7.354494634668751e-13
0.32942857142857324 5.395582425143732e-13
0.33206250000000165 1.3270121927942088e-12
0.3310000000000009 6.322677798967687e-13
0.3308000000000017 6.214883963728935e-13
0.33113636363636517 9.733290047987172e-13
0.32912500000000333 2.487127171750434e-13
0.3307307692307721 1.2214985938965525e-12
0.3306071428571449 1.591703710609439e-12
0.33156666666666806 4.086185143660273e-13
Sampling time (10 samples): 7577.1278 seconds
/scratch/users/yanlan/Retrieval_0705/Output/AM_PM_ET_229_283_00
0.018 3.553887414609562e-41
restart...
0.01700000000000004 1.639916933720162e-41
restart...
0.014499999999999971 6.665580120716532e-44
restart...
0.009000000000000005 6.834333391363858e-45
restart...
0.010500000000000002 1.576786270284983e-44
restart...
0.025000000000000043 3.612490004623539e-41
0.10200000000000019 4.264878567342608e-46
0.12583333333333324 7.262690927618065e-46
0.1406249999999995 2.6882025616243756e-46
0.1549999999999998 4.529803576851232e-44
0.1764166666666654 1.519685474681735e-41
0.19757142857142812 5.2192460086057e-39
0.2124999999999995 9.262885422958331e-38
0.22722222222222183 2.9035083704377857e-37
0.23909999999999954 6.755701801280106e-37
Sampling time (10 samples): 7648.5484 seconds
/scratch/users/yanlan/Retrieval_0705/Output/AM_PM_ET_237_382_00
0.08350000000000009 9.23496558162787e-32
0.17749999999999994 2.0223163332103773e-31
0.19166666666666654 2.3122496013779837e-35
0.15925000000000003 4.8307835066354297e-60
restart...
0.17100000000000043 6.0782150848210175e-31
0.17866666666666736 4.70045877461851e-39
0.1948750000000007 6.690006836995648e-40
0.21290000000000067 1.0363927227609609e-38
0.23633333333333395 1.8811711504788042e-39
0.2569285714285727 9.507849140227563e-40
0.26575000000000093 9.607846018745262e-40
0.2760000000000002 5.409967983679338e-40
0.2809000000000014 3.5702742859172093e-40
0.2866363636363641 2.1017290252470557e-39
0.292083333333334 7.011038835565126e-39
Sampling time (10 samples): 7864.7324 seconds
/scratch/users/yanlan/Retrieval_0705/Output/AM_PM_ET_251_311_00
0.029999999999999985 2.8590566045932125e-37
0.07024999999999994 1.4106621197673156e-47
0.1271666666666666 2.1335662764217704e-45
0.15549999999999986 7.305192733889454e-43
0.17229999999999987 3.635169990980304e-40
0.19258333333333333 1.0075372537911896e-36
0.20371428571428565 3.3912737035346327e-35
0.21368750000000034 6.722514081874542e-35
0.2089444444444449 8.615818919666547e-40
0.2198000000000002 3.5957913500718005e-37
0.2069545454545456 1.6840507953888971e-53
restart...
0.20622727272727306 8.054040583587597e-54
restart...
0.2051363636363638 2.6470921749169446e-58
restart...
0.2061363636363638 2.5291800871355883e-54
restart...
0.20727272727272752 6.474641009755642e-53
restart...
Sampling time (10 samples): 7241.9601 seconds
