/scratch/users/yanlan/Retrieval_0705/Output/AM_PM_ET_202_246_00
0.009500000000000005 1.1929924409383465e-42
restart...
0.003999999999999995 2.9236113729598837e-50
restart...
0.004499999999999996 3.2851898038161683e-49
restart...
0.009999999999999976 5.466307175588268e-45
restart...
0.017999999999999988 3.1324545304712013e-40
restart...
0.015500000000000003 2.5557644009527157e-42
restart...
0.00999999999999999 1.8524840207936372e-44
restart...
0.04350000000000005 2.0257302605835108e-36
0.11974999999999998 1.025913071279585e-39
0.13299999999999973 1.9439276827741344e-42
0.13600000000000081 1.9048875561844406e-46
0.143000000000001 8.456365417305688e-49
restart...
0.13699999999999993 3.161543113092866e-38
0.15033333333333343 1.1040405605437884e-48
0.15199999999999977 2.0598681700227563e-59
restart...
Sampling time (10 samples): 8166.8948 seconds
/scratch/users/yanlan/Retrieval_0705/Output/AM_PM_ET_208_274_00
0.020500000000000018 2.3743315529947575e-43
0.04674999999999997 1.6520255548981808e-60
restart...
0.03799999999999999 1.471117024297473e-62
restart...
0.04874999999999996 1.1936371941650166e-58
restart...
0.044000000000000025 8.869738636020588e-60
restart...
0.04775000000000002 8.736442742951546e-58
restart...
0.03549999999999997 2.0269737353778435e-61
restart...
0.03899999999999998 5.683616846992531e-62
restart...
0.03925000000000001 1.1454544501302893e-60
restart...
0.04725000000000001 3.553573961265153e-60
restart...
0.044000000000000095 1.3392986138850502e-61
restart...
0.040250000000000015 1.951615028473821e-62
restart...
0.05174999999999995 4.965019084625308e-59
restart...
0.04549999999999993 1.2690645902332215e-60
restart...
0.03999999999999998 3.058602637286878e-63
restart...
Sampling time (10 samples): 8758.6018 seconds
/scratch/users/yanlan/Retrieval_0705/Output/AM_PM_ET_215_247_00
0.02549999999999999 6.718885466127992e-40
0.03474999999999989 3.8484494713667105e-61
restart...
0.04100000000000006 2.70933653470345e-59
restart...
0.02850000000000001 5.132161366597966e-65
restart...
0.06475000000000024 7.338219201366687e-50
restart...
0.03649999999999996 7.230519408807709e-63
restart...
0.032000000000000015 8.456423826230257e-63
restart...
0.03399999999999998 2.0004082139424746e-60
restart...
0.029499999999999985 1.5503248435562792e-65
restart...
0.03299999999999999 2.4835701223936224e-63
restart...
0.03499999999999999 4.345399326001982e-61
restart...
0.03699999999999996 3.827006868866837e-62
restart...
0.0349999999999999 4.6060509530690673e-63
restart...
0.027749999999999986 4.8450794272094395e-67
restart...
0.06774999999999995 1.2382604433662428e-49
restart...
Sampling time (10 samples): 7975.0938 seconds
/scratch/users/yanlan/Retrieval_0705/Output/AM_PM_ET_221_294_00
0.0185 2.8311152933177923e-42
restart...
0.025000000000000012 5.276819016371186e-40
0.15599999999999992 6.923364703734962e-42
0.1533333333333331 1.2656876546729487e-60
restart...
0.1157500000000002 1.2995010273032803e-44
0.1755000000000005 1.2208539916106721e-44
0.2060000000000005 9.269431387070644e-45
0.23700000000000093 2.5639091793224474e-44
0.2651666666666661 1.6047784093740472e-43
0.28157142857142625 1.513800144172862e-43
0.29024999999999934 5.394570511289535e-43
0.29861111111111005 9.56355855235863e-44
0.30455000000000054 1.3923128867328792e-43
0.3094545454545459 1.4086113025166345e-44
0.3146250000000011 7.705160710384602e-44
Sampling time (10 samples): 8118.6929 seconds
/scratch/users/yanlan/Retrieval_0705/Output/AM_PM_ET_228_310_00
0.04199999999999995 2.885165157415542e-36
0.13799999999999993 1.4588595234666509e-36
0.20100000000000015 1.3284728585697064e-33
0.17437500000000006 6.634425510635953e-59
restart...
0.22300000000000042 4.602208205852177e-32
0.22850000000000073 1.995619897392888e-33
0.22358333333333374 2.4578362269327367e-36
0.234642857142858 1.9099042744630637e-34
0.24418750000000033 1.9607873465618265e-33
0.25422222222222246 6.633770471785376e-33
0.26280000000000103 4.558465701953538e-33
0.2567727272727285 5.850298637998144e-48
0.23879166666666776 3.51262058976431e-72
restart...
0.2393750000000008 7.144372894512458e-72
restart...
0.23862500000000092 5.31268116590953e-75
restart...
Sampling time (10 samples): 8278.1543 seconds
/scratch/users/yanlan/Retrieval_0705/Output/AM_PM_ET_237_278_00
0.03899999999999999 1.6149718354590012e-35
0.09025000000000012 6.836091162859783e-47
0.1331666666666675 3.104447250789411e-45
0.1257500000000003 5.68436515549291e-55
restart...
0.035249999999999844 1.8493559165740555e-61
restart...
0.059500000000000025 7.656815922470726e-50
restart...
0.058750000000000045 1.0413809176009419e-47
0.08983333333333346 3.1792351791600803e-53
restart...
0.06475000000000002 6.37695197131396e-51
restart...
0.0759999999999999 1.050826044748516e-46
0.09633333333333335 2.6129030288038447e-53
restart...
0.04874999999999996 2.1493047356370933e-52
restart...
0.028750000000000085 3.8107373147667835e-65
restart...
0.042750000000000045 3.3600204872620576e-56
restart...
0.04325000000000005 4.2328135250692e-53
restart...
Sampling time (10 samples): 8071.2032 seconds
/scratch/users/yanlan/Retrieval_0705/Output/AM_PM_ET_249_329_00
0.42499999999999993 2.1286325674406644e-12
0.38699999999999996 1.0574110095967915e-12
0.3703333333333324 4.419291181347665e-13
0.3528749999999988 2.975624287457122e-13
0.3396999999999986 7.1432492336983e-13
0.33699999999999675 5.333851119665894e-13
0.3355714285714255 1.1016939716738264e-12
0.33462499999999656 8.743341312187158e-13
0.33505555555555205 9.616464622907952e-13
0.33119999999999783 9.596958277912247e-13
0.3314999999999986 1.2349427715041237e-12
0.33054166666666523 4.184679839256428e-13
0.33165384615384474 2.1362055238894753e-13
0.3333214285714279 3.67164338417994e-13
0.33093333333333236 9.473892636112594e-13
Sampling time (10 samples): 7857.8802 seconds
