/scratch/users/yanlan/Retrieval_0705/Output/AM_PM_ET_200_229_00
0.03800000000000007 1.620842579022288e-36
0.11425000000000034 7.13980277631968e-41
0.11633333333333373 9.365064988466887e-49
restart...
0.06525000000000006 2.408022772619074e-49
restart...
0.06475000000000013 3.621963456033322e-50
restart...
0.07975000000000006 2.1303022823345713e-46
0.10416666666666652 2.4693641081120615e-49
restart...
0.08 4.040518102174685e-47
0.10549999999999961 4.905442848675084e-50
restart...
0.08750000000000005 2.2781484614862163e-45
0.10800000000000025 2.34657272843346e-50
restart...
0.08699999999999997 8.140482352251041e-45
0.09749999999999985 1.193183230380581e-49
restart...
0.07099999999999983 1.1110869547543021e-47
0.11666666666666646 8.494822500560186e-47
Sampling time (10 samples): 8147.7014 seconds
/scratch/users/yanlan/Retrieval_0705/Output/AM_PM_ET_205_416_00
0.3910000000000005 1.3834568231198116e-12
0.3587500000000001 9.287999407832446e-13
0.35266666666666574 8.712574963915929e-13
0.3426249999999998 3.1358715772772066e-13
0.34089999999999815 1.7241089084140206e-12
0.3415833333333324 4.983745190941632e-13
0.33742857142857136 1.139083927284349e-12
0.3335625000000002 1.0771221985504217e-12
0.33155555555555516 5.172678619815954e-13
0.32870000000000016 3.369100385637555e-13
0.32772727272727287 1.193750712786899e-12
0.3263750000000007 4.750085384244791e-13
0.3245000000000023 1.5139674843515313e-12
0.3239642857142877 2.0115341430483475e-12
0.3256666666666692 6.693641540403714e-13
Sampling time (10 samples): 7949.5360 seconds
/scratch/users/yanlan/Retrieval_0705/Output/AM_PM_ET_212_357_00
0.07099999999999997 5.535848639584592e-32
0.14974999999999955 2.974388299253386e-33
0.15266666666666687 4.8037930912448284e-52
restart...
0.16525000000000006 1.112912387434313e-32
0.220333333333334 2.224675075931915e-31
0.23725000000000052 3.5720342925159703e-31
0.26090000000000063 9.553449965901727e-32
0.2765000000000011 7.080916832529656e-32
0.29178571428571537 5.139990996161887e-31
0.30431250000000176 2.653832632909811e-31
0.308388888888891 1.1695729692768143e-30
0.30295000000000094 3.4228636962883966e-40
0.2809545454545467 5.638894459892015e-64
restart...
0.2799090909090915 1.952562942011761e-61
restart...
0.281045454545455 8.738914211707311e-61
restart...
Sampling time (10 samples): 8553.1011 seconds
/scratch/users/yanlan/Retrieval_0705/Output/AM_PM_ET_219_258_00
0.025999999999999985 2.3522615577298286e-39
0.057499999999999885 1.1560383370398965e-53
restart...
0.04950000000000014 4.5144798953409117e-54
restart...
0.05800000000000001 8.300642454797235e-51
restart...
0.055249999999999994 3.9305695315811675e-54
restart...
0.06274999999999994 2.098795355760127e-52
restart...
0.054999999999999945 7.200118151132571e-55
restart...
0.06349999999999999 4.695508893244467e-51
restart...
0.05249999999999999 1.647986612998816e-52
restart...
0.05625 4.704462208480868e-53
restart...
0.05200000000000004 6.181931031299677e-54
restart...
0.04875000000000001 5.373113018017857e-55
restart...
0.052250000000000074 2.920513733086e-54
restart...
0.0509999999999999 6.397396364389117e-56
restart...
0.05549999999999995 6.429219191675225e-53
restart...
Sampling time (10 samples): 8215.2966 seconds
/scratch/users/yanlan/Retrieval_0705/Output/AM_PM_ET_225_356_00
0.03500000000000001 3.6932341429489175e-38
0.1180000000000002 5.2240460778009624e-40
0.1555000000000008 8.749576603394e-41
0.1913750000000011 1.0850179511315886e-38
0.21170000000000117 2.167131715410419e-36
0.22316666666666743 3.2323517202164174e-35
0.23092857142857204 9.813377048122076e-34
0.2284375000000003 3.6574588661293455e-37
0.2308888888888891 4.538703253000195e-38
0.23620000000000022 1.0898477063376925e-35
0.23895454545454578 3.3774568384635043e-35
0.24312500000000067 1.7203194715486198e-34
0.2468846153846156 5.541177603967168e-34
0.24782142857142878 5.596016844839117e-34
0.25156666666666716 1.18109551132099e-34
Sampling time (10 samples): 7798.9520 seconds
/scratch/users/yanlan/Retrieval_0705/Output/AM_PM_ET_233_383_00
0.027999999999999976 6.210446365819684e-39
0.09774999999999992 1.2192529685199926e-44
0.14033333333333364 1.3622220557203644e-44
0.17462500000000053 5.190992985933672e-41
0.19050000000000072 5.105217306229263e-38
0.2118333333333336 4.986825039919316e-36
0.22757142857142945 1.580487782784216e-34
0.23843750000000025 1.5017857286109379e-33
0.24472222222222237 3.183665959950647e-33
0.2527000000000002 6.2905541284757075e-34
0.25918181818181985 8.31796677942324e-34
0.26354166666666956 6.465544644648312e-34
0.26642307692308104 3.3798473646895716e-34
0.2684285714285765 1.2595144107022541e-33
0.26986666666667064 9.088671843037147e-34
Sampling time (10 samples): 7932.2808 seconds
/scratch/users/yanlan/Retrieval_0705/Output/AM_PM_ET_244_264_00
0.12449999999999997 8.060383663663848e-28
0.09649999999999985 5.371893692476992e-50
restart...
0.13825000000000015 2.082194015330642e-34
0.14016666666666672 2.106027810504592e-45
0.15312500000000068 2.263395290246844e-47
0.18230000000000093 3.295420707102037e-43
0.20016666666666758 4.5657922112495235e-40
0.20971428571428616 3.3989920113943205e-37
0.21687500000000007 2.1713132983470653e-35
0.19344444444444484 5.816705828244399e-75
restart...
0.22500000000000137 3.539700984225476e-34
0.20605000000000126 1.144164569803128e-70
restart...
0.23280000000000114 1.6326456123357702e-32
0.24018181818181947 1.6788858663901417e-32
0.2339166666666678 2.788190480931667e-51
restart...
Sampling time (10 samples): 7995.6775 seconds
