/scratch/users/yanlan/Retrieval_0705/Output/AM_PM_ET_204_235_00
0.034 1.4659875829161885e-37
0.051000000000000024 2.6211344789051533e-58
restart...
0.04750000000000001 3.8050728981448187e-60
restart...
0.05249999999999997 5.001358595775231e-58
restart...
0.043999999999999935 2.3099875795452542e-59
restart...
0.05475 2.8989202341434706e-56
restart...
0.056749999999999974 3.2147935376122483e-55
restart...
0.047250000000000014 1.015824915030198e-57
restart...
0.05149999999999997 4.558573091333363e-56
restart...
0.04975000000000004 7.20288364805689e-59
restart...
0.051749999999999914 1.0915529426373065e-53
restart...
0.04924999999999999 4.0010235906072795e-59
restart...
0.04325000000000005 5.0102156442296375e-61
restart...
0.04625000000000001 5.231242573159995e-59
restart...
0.048750000000000016 2.190102731187711e-59
restart...
Sampling time (10 samples): 8051.9577 seconds
/scratch/users/yanlan/Retrieval_0705/Output/AM_PM_ET_210_314_00
0.021 2.607697564433646e-40
0.1192500000000003 1.3639698807416157e-42
0.17516666666666728 1.02357506743127e-41
0.19912500000000077 4.8855631790278385e-40
0.22730000000000045 1.4184882232550318e-38
0.24283333333333373 8.85509863285034e-39
0.25492857142857084 1.763160051560811e-38
0.25731249999999994 4.046330528376976e-39
0.25038888888888866 6.331690544433927e-42
0.23534999999999964 1.1876782646676586e-57
restart...
0.23359999999999967 3.9242925736203714e-59
restart...
0.23394999999999977 2.202566091439926e-58
restart...
0.23479999999999987 4.074329772055893e-57
restart...
0.23254999999999995 4.1959940440876023e-60
restart...
0.23465 6.195871316051803e-57
restart...
Sampling time (10 samples): 7916.8629 seconds
/scratch/users/yanlan/Retrieval_0705/Output/AM_PM_ET_217_255_00
0.02550000000000001 3.9932342335830276e-40
0.09450000000000008 5.670572639946951e-43
0.15483333333333368 7.38643874754525e-42
0.18074999999999988 2.0790653337074658e-40
0.1964000000000004 7.461347932392945e-44
0.16950000000000068 1.0775290670895063e-69
restart...
0.11175000000000011 5.506281665956992e-43
0.08399999999999991 5.314731552426423e-72
restart...
0.11750000000000003 3.144600339950059e-42
0.08766666666666673 6.801429271775657e-73
restart...
0.07400000000000008 3.2325213010171813e-48
0.06233333333333339 4.4939945193842975e-75
restart...
0.10900000000000006 4.8063631747812416e-42
0.1600000000000001 3.521305959418446e-42
0.18525000000000047 1.2181722172503615e-40
Sampling time (10 samples): 8141.3164 seconds
/scratch/users/yanlan/Retrieval_0705/Output/AM_PM_ET_223_313_00
0.051500000000000004 3.908141164167041e-34
0.17200000000000024 2.2860384219721255e-34
0.23083333333333356 1.8222053050275913e-33
0.2571250000000006 1.883019193216901e-33
0.23549999999999996 4.869112839600244e-59
restart...
0.2782000000000011 5.987049208617418e-34
0.23525000000000126 9.484819249231656e-67
restart...
0.23533333333333561 2.8223695120380816e-66
restart...
0.23700000000000226 1.8971557707841076e-63
restart...
0.23658333333333453 2.231827842872907e-64
restart...
0.23691666666666789 9.554511794961855e-64
restart...
0.2361666666666664 6.999300720500626e-64
restart...
0.2369166666666678 3.090409699164448e-64
restart...
0.23533333333333514 9.286191805804714e-65
restart...
0.23275000000000193 1.62827508680628e-73
restart...
Sampling time (10 samples): 9340.3539 seconds
/scratch/users/yanlan/Retrieval_0705/Output/AM_PM_ET_230_393_00
0.017000000000000005 2.868136232036012e-41
restart...
0.02400000000000003 2.3871910130481994e-39
0.04399999999999998 2.042634097603205e-58
restart...
0.03800000000000005 1.745168238495146e-62
restart...
0.03500000000000001 1.3241237242729624e-58
restart...
0.029499999999999988 2.6514731869683436e-66
restart...
0.04049999999999999 4.757566173971951e-57
restart...
0.033500000000000016 5.034123033170437e-62
restart...
0.04099999999999995 9.826072714436578e-57
restart...
0.03450000000000006 2.5889213399266103e-59
restart...
0.03800000000000001 2.785709035873626e-59
restart...
0.026000000000000016 2.9788845631068776e-66
restart...
0.04825000000000005 1.8868713852604434e-54
restart...
0.029000000000000005 6.2971520597148405e-65
restart...
0.041999999999999954 1.1014058871095624e-55
restart...
Sampling time (10 samples): 8089.9325 seconds
/scratch/users/yanlan/Retrieval_0705/Output/AM_PM_ET_239_391_00
0.02749999999999998 8.389650587268313e-38
0.07024999999999994 3.7714382555658415e-46
0.09600000000000004 2.0887654023224063e-50
restart...
0.07174999999999991 3.1392759273831526e-44
0.09166666666666679 9.072859914469831e-49
restart...
0.06874999999999999 1.2359517436616584e-47
0.08833333333333339 1.6239287273051172e-52
restart...
0.0652500000000002 1.192849866752953e-48
0.08450000000000026 8.598001565470823e-53
restart...
0.06774999999999999 7.838889971723061e-46
0.08483333333333341 9.477247390551019e-50
restart...
0.07149999999999998 9.781031041209015e-46
0.09850000000000024 3.388058938007105e-50
restart...
0.07550000000000003 3.586497331214757e-47
0.08683333333333337 1.5235221703472285e-55
restart...
Sampling time (10 samples): 8029.6288 seconds
/scratch/users/yanlan/Retrieval_0705/Output/AM_PM_ET_255_396_00
0.41549999999999937 1.003650428563782e-12
0.3834999999999997 7.823583918336801e-13
0.3686666666666661 4.649582781032829e-13
0.35999999999999954 4.973184702112025e-13
0.3498000000000001 1.0440679694414804e-12
0.3458333333333343 5.863191223244713e-13
0.34500000000000053 5.471168276703191e-13
0.34575000000000017 3.523739296893327e-13
0.3425555555555568 3.7788407499139173e-13
0.341700000000001 4.1324379618508354e-13
0.3389090909090919 5.257322981140021e-13
0.336916666666667 9.650192455515721e-13
0.3346538461538458 1.0329583157651813e-12
0.3328214285714289 6.604224468686695e-13
0.33073333333333205 6.560794839444857e-13
Sampling time (10 samples): 7973.6039 seconds
