/scratch/users/yanlan/Retrieval_0705/Output/AM_PM_ET_200_380_00
0.010000000000000004 9.247233591958717e-45
restart...
0.019999999999999993 1.5965035415565036e-39
restart...
0.032000000000000015 2.8905373342121824e-39
0.08774999999999995 7.009252021962726e-45
0.10766666666666701 1.0939181040193883e-50
restart...
0.07875000000000001 2.717960514744641e-47
0.10349999999999998 1.8475927436161e-53
restart...
0.09199999999999993 4.453413788937709e-46
0.10199999999999977 3.339729762092233e-51
restart...
0.10275000000000005 6.034996259974712e-44
0.12449999999999993 7.591493779931632e-48
/scratch/users/yanlan/Retrieval_0705/Output/AM_PM_ET_206_367_00
0.017 4.632811905042678e-40
restart...
0.024500000000000008 6.266901011744826e-38
0.1445 2.8925564635459507e-39
0.1996666666666663 1.9322775101496114e-36
0.22512499999999994 3.237133332593644e-36
0.24609999999999987 3.7936581624009156e-36
0.25808333333333344 1.51310526534624e-35
0.2669285714285713 1.5159643754475848e-35
0.2796249999999991 7.496638732155429e-36
0.2908333333333317 2.554503890908402e-35
0.2965999999999978 1.2665827217027572e-35
0.30163636363636154 3.298327571367585e-36
0.3029999999999991 7.943208473634306e-36
0.3082692307692292 6.052248177726321e-36
0.3117142857142844 3.653087141574908e-35
Sampling time (10 samples): 7820.1268 seconds
/scratch/users/yanlan/Retrieval_0705/Output/AM_PM_ET_213_346_00
0.40599999999999925 1.9904947085918945e-12
0.3624999999999999 8.610707049827353e-13
0.3431666666666669 1.0405342568121145e-12
0.34025000000000083 3.247201734427462e-13
0.3402999999999997 4.9946405088114e-13
0.33958333333333307 4.658169549872508e-13
0.3398571428571436 6.070777341668404e-13
0.3369374999999995 5.40547025354411e-13
0.33561111111110964 9.315155712410234e-13
0.33529999999999993 3.1708587788523183e-13
0.3348636363636363 1.0192774184240852e-12
0.3342916666666672 4.298357639360326e-13
0.33311538461538615 5.506224322987508e-13
0.333000000000002 1.2540687027961754e-12
0.33266666666666783 1.3222937461567334e-12
Sampling time (10 samples): 7786.0891 seconds
/scratch/users/yanlan/Retrieval_0705/Output/AM_PM_ET_219_409_00
0.013000000000000017 3.41164970551357e-42
restart...
0.01500000000000001 3.5726686056826864e-42
restart...
0.013 3.0216915001932194e-42
restart...
0.01149999999999999 2.676128861681286e-43
restart...
0.018499999999999996 4.730652321303496e-41
restart...
0.016499999999999994 2.5496245127611095e-41
restart...
0.014000000000000012 1.401829691658172e-43
restart...
0.011500000000000017 3.136703947745621e-45
restart...
0.027500000000000004 5.57219054413674e-41
0.04075000000000001 4.891591844752781e-59
restart...
0.05524999999999996 2.7164892673073126e-55
restart...
0.056499999999999946 9.93202994161105e-53
restart...
0.05100000000000003 1.6395350496088447e-55
restart...
0.042749999999999885 4.473739499509019e-62
restart...
0.05925000000000013 4.904135733675421e-52
restart...
Sampling time (10 samples): 7970.0822 seconds
/scratch/users/yanlan/Retrieval_0705/Output/AM_PM_ET_226_370_00
0.06299999999999999 1.3726410330466421e-33
0.15524999999999994 1.4455563921287808e-34
0.2213333333333331 3.0789283709641914e-31
0.24650000000000064 1.5224521798929835e-31
0.2730000000000008 2.7604727504322867e-31
0.260333333333334 5.194613833231229e-35
0.2646428571428565 1.861728763675934e-34
0.27731249999999835 4.433324886751828e-33
0.2885555555555518 8.13413468686658e-34
0.29659999999999714 1.4466901502068516e-33
0.3014090909090894 2.178270246875139e-33
0.3081249999999989 1.5573345310037394e-33
0.3116153846153841 4.18603736242404e-34
0.31642857142857056 1.3634518312817773e-33
0.32159999999999916 3.0212749994756576e-33
Sampling time (10 samples): 7825.7013 seconds
/scratch/users/yanlan/Retrieval_0705/Output/AM_PM_ET_235_289_00
0.017999999999999995 2.550267611500623e-42
restart...
0.014499999999999987 3.9971849545554726e-42
restart...
0.01749999999999999 1.2388199577535285e-41
restart...
0.018500000000000016 7.546782892608686e-40
restart...
0.01099999999999999 3.958828637655387e-43
restart...
0.01649999999999998 2.8356262388303592e-42
restart...
0.023500000000000028 2.519434852253909e-38
0.031999999999999966 6.787801836048462e-64
restart...
0.02800000000000001 3.836232046425588e-65
restart...
0.03100000000000007 1.3608030102783779e-61
restart...
0.03000000000000002 1.0850343876218965e-62
restart...
0.027249999999999986 1.0642723429280446e-64
restart...
0.031249999999999983 2.3585299835423237e-61
restart...
0.025500000000000002 2.0091271469908545e-66
restart...
0.02599999999999997 2.0867308757546224e-66
restart...
Sampling time (10 samples): 8051.8127 seconds
/scratch/users/yanlan/Retrieval_0705/Output/AM_PM_ET_246_290_00
0.026999999999999996 1.0968109530041032e-37
0.08425000000000012 1.2766084569090092e-45
0.12816666666666682 9.465793082369058e-43
0.16224999999999967 1.481335206729002e-40
0.1949000000000001 1.3571568711322638e-37
0.19499999999999998 2.5787719941923966e-42
0.20285714285714296 7.430466379559549e-39
0.21449999999999986 1.7269324806153565e-36
0.21827777777777777 3.2661805171354968e-37
0.20124999999999987 1.8728335469647648e-60
restart...
0.2019500000000001 8.92119601761111e-59
restart...
0.2059000000000003 1.150351687913415e-55
restart...
0.20235000000000042 9.53634149144921e-60
restart...
0.20325000000000068 2.7929079031876394e-60
restart...
0.20334999999999967 2.1499277059896863e-58
restart...
Sampling time (10 samples): 7880.2546 seconds
