/scratch/users/yanlan/Retrieval_0705/Output/AM_PM_ET_200_279_00
0.012 1.472620464106101e-42
restart...
0.021000000000000005 5.8020142093133444e-40
0.14025000000000012 1.0156083538401908e-42
0.20049999999999987 3.849065503251193e-38
0.22549999999999962 5.372030098324157e-35
0.23419999999999971 5.205935104438917e-39
0.1964166666666664 3.4933300748161077e-78
restart...
0.19599999999999979 4.260233380225449e-78
restart...
0.1966666666666664 2.764971748104285e-75
restart...
0.19691666666666643 8.13339776297675e-76
restart...
0.19641666666666643 3.3839438854199657e-78
restart...
0.1962499999999997 3.5602202953035014e-77
restart...
0.1966666666666665 1.7435489594478695e-76
restart...
0.1969166666666665 1.1919426938999073e-74
restart...
0.19641666666666643 1.8164618342858933e-77
restart...
Sampling time (10 samples): 9618.7765 seconds
/scratch/users/yanlan/Retrieval_0705/Output/AM_PM_ET_206_272_00
0.032499999999999994 1.3511046556322636e-37
0.07774999999999996 4.477277887780528e-46
0.13233333333333303 2.5432510638275457e-44
0.1621249999999996 3.256500937894388e-43
0.18530000000000005 6.792653397204728e-41
0.20299999999999943 8.53978135028679e-39
0.21085714285714222 3.209761822551633e-38
0.21618749999999967 7.005215202740869e-38
0.22038888888888866 1.3270794511701476e-37
0.2232999999999995 1.2648449328809582e-37
0.21045454545454503 1.2959756159042249e-52
restart...
0.20972727272727218 5.818923487768714e-52
restart...
0.21495454545454495 7.311047369129761e-45
0.21258333333333296 4.9361424127735146e-46
0.21334615384615335 3.543636120814445e-45
Sampling time (10 samples): 7982.0020 seconds
/scratch/users/yanlan/Retrieval_0705/Output/AM_PM_ET_213_251_00
0.012500000000000004 1.1494210769062967e-43
restart...
0.025500000000000016 6.972419492749971e-39
0.11775000000000006 2.6871906192153763e-41
0.1588333333333329 3.517005389402205e-41
0.18212499999999965 8.264875494821229e-40
0.19349999999999962 1.0412478243661028e-39
0.18074999999999977 1.4323948602982142e-56
restart...
0.09500000000000004 4.338298717076587e-44
0.08583333333333353 3.050596513644779e-65
restart...
0.08974999999999993 4.5844479575603375e-46
0.09499999999999995 6.559624976651383e-61
restart...
0.07099999999999979 5.054571302145554e-53
restart...
0.09524999999999995 4.243700830354836e-44
0.09199999999999989 2.3007253351469855e-60
restart...
0.07624999999999989 5.0148644690815233e-48
Sampling time (10 samples): 8440.6807 seconds
/scratch/users/yanlan/Retrieval_0705/Output/AM_PM_ET_219_305_00
0.034 1.9218884152398967e-39
0.15225000000000002 4.4538799579622835e-39
0.20416666666666658 1.4448626090277352e-35
0.2400000000000001 5.90520183992748e-33
0.22630000000000006 1.7200631868038696e-54
restart...
0.2692000000000008 1.901277439663568e-32
0.28866666666666907 5.451934505370545e-33
0.28042857142857297 3.11876733545808e-48
0.2490000000000016 7.243071560465821e-78
restart...
0.24875000000000047 6.848513854830609e-78
restart...
0.24725000000000208 1.856820536165079e-82
restart...
0.2486250000000021 2.2928550580570896e-77
restart...
0.2485000000000012 8.022872199473203e-82
restart...
0.24900000000000239 3.432589537745184e-76
restart...
0.24856249999999996 5.542396098346123e-78
restart...
Sampling time (10 samples): 9195.2947 seconds
/scratch/users/yanlan/Retrieval_0705/Output/AM_PM_ET_226_262_00
0.024500000000000004 4.805658726159128e-41
0.09474999999999999 5.429013957824966e-47
0.13333333333333397 3.3895308032921164e-50
restart...
0.04899999999999999 3.040041430227816e-59
restart...
0.04224999999999998 2.8647520582027015e-62
restart...
0.09900000000000002 3.9552371987369465e-45
0.16266666666666696 1.5356239159242326e-44
0.13800000000000007 5.685673030798127e-63
restart...
0.06600000000000003 2.1748283073245992e-51
restart...
0.10249999999999995 1.546119934313166e-45
0.10199999999999981 4.768143563983297e-58
restart...
0.047500000000000035 1.2253413349440555e-58
restart...
0.03824999999999994 1.1756063154059499e-63
restart...
0.059250000000000067 4.790468648190298e-56
restart...
0.08225000000000003 6.17849160143466e-53
restart...
Sampling time (10 samples): 8155.4401 seconds
/scratch/users/yanlan/Retrieval_0705/Output/AM_PM_ET_234_301_00
0.03950000000000001 1.0858812027751187e-37
0.051999999999999956 4.276093736249379e-58
restart...
0.04974999999999997 1.620747914269994e-58
restart...
0.05999999999999996 3.5970274508250494e-60
restart...
0.047249999999999945 8.356718720420165e-62
restart...
0.05799999999999999 4.672425896229058e-60
restart...
0.05049999999999996 1.0974103059832058e-59
restart...
0.06900000000000009 1.9973522467356673e-57
restart...
0.07325000000000008 1.3800982382834604e-60
restart...
0.06124999999999994 3.547145399624521e-60
restart...
0.06250000000000017 3.654889546178686e-58
restart...
0.049750000000000086 5.789483482905976e-58
restart...
0.05799999999999998 2.0716238143290464e-58
restart...
0.05349999999999996 1.2807996905834664e-57
restart...
0.05475 3.351526167520254e-59
restart...
Sampling time (10 samples): 8332.6862 seconds
/scratch/users/yanlan/Retrieval_0705/Output/AM_PM_ET_244_324_00
0.045500000000000006 3.273687448275067e-38
0.15824999999999972 9.436464008514105e-37
0.2075000000000002 2.3972600640553815e-36
0.23549999999999974 2.645507781956139e-36
0.2568999999999997 3.674882454951203e-36
0.27050000000000085 7.64503279698285e-36
0.2850714285714278 5.913491753231429e-36
0.29568749999999844 2.8936574072694353e-36
0.30049999999999866 1.6424490628730317e-35
0.3012499999999983 4.580206001345647e-36
0.30236363636363434 8.630357006308628e-36
0.30358333333333226 2.534125795081138e-35
0.30184615384615354 1.0207311521801834e-35
0.3046785714285707 9.778789177680536e-36
0.30793333333333267 2.9520127985315346e-36
Sampling time (10 samples): 7958.9459 seconds
