/scratch/users/yanlan/Retrieval_0705/Output/AM_PM_ET_201_381_00
0.014999999999999987 1.932323387057606e-41
restart...
0.018 3.3851869237658885e-41
restart...
0.015999999999999986 1.1083757808921675e-41
restart...
0.0205 4.259690840031901e-40
0.030999999999999975 1.1980764430487015e-60
restart...
0.03500000000000003 2.5306272726369077e-60
restart...
0.03250000000000002 1.0682601870885342e-60
restart...
0.035749999999999955 1.7093310413227092e-60
restart...
0.028249999999999994 1.0921748364872088e-64
restart...
0.031250000000000014 1.0710656296905985e-61
restart...
0.03299999999999989 1.9195420242100766e-61
restart...
0.028500000000000008 1.888482364247725e-63
restart...
0.026750000000000003 1.511348741371493e-63
restart...
0.031000000000000003 3.755848555054266e-61
restart...
0.03075 2.333270027301958e-63
restart...
Sampling time (10 samples): 8189.2408 seconds
/scratch/users/yanlan/Retrieval_0705/Output/AM_PM_ET_207_412_00
0.444 1.2300458478955833e-12
0.37725000000000014 4.4186977353761095e-13
0.35366666666666635 6.886140824641139e-13
0.34824999999999934 2.7226778559168993e-13
0.34459999999999985 2.911123788011656e-13
0.3393333333333326 9.338769025708138e-13
0.33549999999999897 3.8521937141148764e-13
0.33768749999999986 9.314739249452115e-13
0.3404999999999992 6.304066066600197e-13
0.3399000000000013 1.002239737356406e-12
0.33949999999999897 6.799362457681184e-13
0.3396666666666659 1.0210653945704143e-12
0.3384999999999991 9.285145484061844e-13
0.3367499999999993 5.686700918406168e-13
0.3370333333333312 5.360116750913531e-13
Sampling time (10 samples): 7668.5549 seconds
/scratch/users/yanlan/Retrieval_0705/Output/AM_PM_ET_214_372_00
0.06350000000000001 4.302311755944385e-34
0.18174999999999983 7.283254651705472e-34
0.21816666666666648 5.303331371852197e-32
0.24787500000000018 1.5415085732358097e-31
0.2756000000000007 1.3786765672814911e-31
0.2902500000000018 1.32672794505112e-31
0.2980000000000022 4.0281128399865265e-31
0.3043125000000022 4.989011509379764e-31
0.30950000000000155 2.4748888363371134e-31
0.31125000000000125 2.2847761276692156e-31
0.3151818181818193 4.814094108339796e-31
0.3219583333333331 6.3048246142131215e-31
0.32523076923076966 1.4116933531260879e-30
0.3191071428571429 8.40868217588826e-41
0.30233333333333323 4.895650859887668e-63
restart...
Sampling time (10 samples): 8069.6485 seconds
/scratch/users/yanlan/Retrieval_0705/Output/AM_PM_ET_221_251_00
0.026499999999999996 1.5363517732479535e-40
0.05925000000000003 1.6978017573478113e-54
restart...
0.052749999999999984 1.398724729373884e-55
restart...
0.05100000000000005 6.9996298253328155e-56
restart...
0.05250000000000004 2.1311511654820287e-54
restart...
0.042250000000000065 2.3271941724551945e-56
restart...
0.05500000000000003 7.013222300772437e-55
restart...
0.05449999999999996 1.3554876481084863e-53
restart...
0.043749999999999976 3.6466639688143816e-58
restart...
0.04775000000000006 9.856635289808112e-56
restart...
0.06224999999999999 2.323997387512114e-53
restart...
0.04524999999999987 1.58519780819369e-56
restart...
0.05274999999999994 8.789585977479025e-56
restart...
0.04775 1.852409531695112e-55
restart...
0.056499999999999995 2.2342801035411172e-54
restart...
Sampling time (10 samples): 8126.4816 seconds
/scratch/users/yanlan/Retrieval_0705/Output/AM_PM_ET_228_264_00
0.012500000000000002 1.9244544436698222e-44
restart...
0.02350000000000001 9.428810269809704e-40
0.11724999999999984 9.07648836374878e-44
0.16083333333333397 1.486148384172097e-44
0.18637500000000082 1.0464333578968723e-43
0.20880000000000062 1.6400808091128783e-42
0.23400000000000026 3.636163091896057e-40
0.25185714285714367 3.59503187753197e-39
0.26306250000000125 5.279149779813263e-38
0.2645000000000007 2.0942126108385936e-43
0.24140000000000136 3.704808785480165e-71
restart...
0.24270000000000114 3.759333454323548e-65
restart...
0.2412500000000006 6.520330382338812e-70
restart...
0.24195000000000128 1.2394647428688438e-69
restart...
0.24130000000000051 5.224909055677192e-69
restart...
Sampling time (10 samples): 7287.3873 seconds
/scratch/users/yanlan/Retrieval_0705/Output/AM_PM_ET_236_361_00
0.04700000000000002 1.2180863512172182e-37
0.07700000000000007 1.0542021017143752e-45
0.10650000000000016 7.531550832700186e-49
restart...
0.07225000000000013 5.412388005913316e-46
0.08733333333333333 1.4289268268032908e-51
restart...
0.06849999999999996 1.157848363784558e-49
restart...
0.07975000000000008 2.3680605759386656e-46
0.09366666666666681 8.024007680517647e-52
restart...
0.069 2.5813627125921195e-47
0.08316666666666653 7.573853130988698e-55
restart...
0.07550000000000003 6.688714576888248e-47
0.08900000000000019 2.1750432878510135e-52
restart...
0.07050000000000017 4.3031888128238996e-48
0.09200000000000011 2.666082532461553e-53
restart...
0.06974999999999996 1.2560800229932314e-47
Sampling time (10 samples): 7336.5757 seconds
/scratch/users/yanlan/Retrieval_0705/Output/AM_PM_ET_249_278_00
0.4035000000000002 1.146551487785501e-12
0.35900000000000176 6.236871227364933e-13
0.34783333333333283 7.045263375972348e-13
0.3449999999999999 3.537814349779144e-13
0.34110000000000035 1.8210520187884398e-13
0.3413333333333346 3.189159310256466e-13
0.334500000000001 6.446669312390055e-13
0.3325000000000011 4.0166153635055686e-13
0.33011111111111335 1.8857535456893693e-12
0.33015000000000166 5.679524332374145e-13
0.3300000000000036 1.0262245498598485e-12
0.3292500000000022 1.3379350518209606e-12
0.3290769230769242 1.5186998613463917e-12
0.3266785714285721 1.0495401325826191e-12
0.32636666666666736 1.5508641808650505e-12
Sampling time (10 samples): 6933.6567 seconds
