/scratch/users/yanlan/Retrieval_0705/Output/AM_PM_ET_199_319_00
0.014499999999999989 6.821689013800575e-44
restart...
0.010000000000000007 6.294711246328614e-47
restart...
0.01200000000000001 5.458461828351582e-44
restart...
0.008999999999999992 3.393738024937568e-45
restart...
0.010500000000000008 7.157917531934549e-45
restart...
0.004999999999999993 2.282008631512784e-47
restart...
0.0135 1.8751660306753753e-41
restart...
0.013999999999999988 9.06113704337674e-44
restart...
0.011499999999999991 2.1715896263600028e-44
restart...
0.013000000000000003 4.7450112084546025e-45
restart...
0.005000000000000005 1.764181977738742e-48
restart...
0.004999999999999992 4.016617746470504e-49
restart...
0.015499999999999986 9.987990406946805e-42
restart...
0.010499999999999994 2.3425619364072045e-44
restart...
0.0075000000000000015 6.370633568081435e-47
restart...
Sampling time (10 samples): 6811.7408 seconds
/scratch/users/yanlan/Retrieval_0705/Output/AM_PM_ET_205_292_00
0.013999999999999997 2.5498778195080844e-42
restart...
0.01649999999999999 1.2157052386890968e-40
restart...
0.06800000000000006 5.324771360230479e-34
0.15150000000000008 5.642917417584723e-34
0.18883333333333402 3.3085052496844135e-34
0.17562500000000011 9.848639408818995e-42
0.17220000000000055 3.7517534043787527e-47
0.17716666666666728 3.881020906125109e-52
restart...
0.10099999999999988 1.364287318082796e-39
0.10983333333333324 5.421255454906308e-48
0.12962500000000002 8.503205801078193e-51
restart...
0.1545000000000001 7.54954222325519e-34
0.19716666666666685 1.9208868614624032e-32
0.18562499999999985 7.647130453023165e-41
0.18219999999999995 3.450571625606564e-45
Sampling time (10 samples): 6493.3938 seconds
/scratch/users/yanlan/Retrieval_0705/Output/AM_PM_ET_212_248_00
0.012999999999999994 3.1287057601291956e-44
restart...
0.018999999999999972 2.128774685007702e-38
restart...
0.011000000000000008 5.4407962745966254e-43
restart...
0.019000000000000024 1.3455410037298236e-39
restart...
0.025499999999999995 1.0759938757745638e-39
0.05125000000000004 1.8855026786461875e-53
restart...
0.053999999999999965 6.156276665320162e-55
restart...
0.048999999999999905 7.146960473119297e-54
restart...
0.04875000000000007 3.1842424071879366e-54
restart...
0.054749999999999896 3.6256019824515493e-53
restart...
0.048749999999999974 1.9002564357545427e-55
restart...
0.05249999999999991 7.564953323523136e-54
restart...
0.04700000000000003 1.1255295954644715e-53
restart...
0.050749999999999976 6.654352190802989e-54
restart...
0.05374999999999993 1.1645424874173136e-53
restart...
Sampling time (10 samples): 6612.8209 seconds
/scratch/users/yanlan/Retrieval_0705/Output/AM_PM_ET_218_317_00
0.03199999999999999 1.2841167888191006e-39
0.16399999999999978 2.917656567003028e-40
0.2041666666666674 9.286172179951256e-38
0.22462500000000063 3.221899648963966e-38
0.22300000000000064 1.5969213318622677e-44
0.23091666666666683 1.2251955934619561e-42
0.2235714285714287 5.45911018808948e-49
restart...
0.2302142857142855 3.5443289649853217e-45
0.23606249999999968 4.4769412125098665e-46
0.2361666666666664 3.3865387722155804e-46
0.23499999999999982 3.0400479317747255e-46
0.23495454545454533 4.220744167450375e-47
0.23616666666666677 7.903269196920077e-47
0.23873076923076925 3.231104685328472e-46
0.24075000000000002 5.043011527955888e-47
Sampling time (10 samples): 6401.2807 seconds
/scratch/users/yanlan/Retrieval_0705/Output/AM_PM_ET_224_402_00
0.02199999999999997 1.4577469387841092e-38
0.09700000000000016 1.922429272248194e-42
0.16033333333333344 2.4847784564369267e-39
0.19125000000000045 4.4875058537783325e-38
0.21270000000000072 4.634125174298818e-36
0.23275000000000026 1.0138792485110024e-35
0.24864285714285753 2.618467595449614e-35
0.2601875000000014 1.4997692742213197e-35
0.26627777777777867 4.2387277343802707e-35
0.2715500000000022 5.258195750201631e-35
0.2739545454545465 1.930431973311483e-34
0.27683333333333493 2.2051484391135512e-34
0.2796538461538477 4.864154436704832e-35
0.28278571428571647 1.9168645957487088e-34
0.28470000000000156 7.569328403432975e-35
Sampling time (10 samples): 6305.0988 seconds
/scratch/users/yanlan/Retrieval_0705/Output/AM_PM_ET_232_388_00
0.029000000000000015 6.411850292578776e-38
0.044499999999999915 2.4923856896401354e-56
restart...
0.03775000000000001 5.258113158343753e-58
restart...
0.04000000000000002 9.112892163188943e-57
restart...
0.046499999999999965 2.865658734582804e-55
restart...
0.04700000000000001 6.218674350989435e-55
restart...
0.04199999999999995 1.5215639974298586e-56
restart...
0.04125000000000001 1.0420135678384792e-58
restart...
0.043000000000000066 6.53935941344185e-57
restart...
0.044499999999999984 7.027557047408397e-58
restart...
0.03550000000000002 1.4978645204584747e-60
restart...
0.050000000000000086 3.559609975164577e-52
restart...
0.04799999999999995 2.4652135594212467e-54
restart...
0.044000000000000074 9.549870451064251e-56
restart...
0.039249999999999986 6.085477578185462e-59
restart...
Sampling time (10 samples): 6423.2537 seconds
/scratch/users/yanlan/Retrieval_0705/Output/AM_PM_ET_242_320_00
0.032500000000000015 4.303504980995739e-38
0.09175000000000003 2.5925754419197116e-44
0.17466666666666675 4.42284991884588e-39
0.2213749999999998 4.227970123502255e-36
0.25409999999999966 2.1920712622587673e-34
0.28233333333333255 1.4536031131017513e-34
0.3067857142857131 1.6202658876465555e-34
0.32206250000000003 1.5312776793010929e-34
0.33555555555555544 8.966291521170928e-35
0.3257500000000002 8.743514803900596e-53
restart...
0.31389999999999985 2.0656444089453915e-61
restart...
0.3443000000000004 6.072109115372565e-35
0.35568181818181943 3.7651793417146083e-34
0.362000000000002 3.1547901772090104e-34
0.36984615384615543 1.828871686250356e-34
Sampling time (10 samples): 6736.4440 seconds
