/scratch/users/yanlan/Retrieval_0705/Output/AM_PM_ET_201_230_00
0.03450000000000002 1.9008976461896485e-37
0.15450000000000014 1.4583564881781564e-35
0.16399999999999984 1.0503499829526139e-41
0.19499999999999995 9.103077012617412e-38
0.22610000000000016 1.805156769038375e-35
0.20275000000000018 5.953247401383037e-60
restart...
0.2239166666666667 9.664942812132771e-49
restart...
0.19749999999999995 1.9099695756649067e-59
restart...
0.22175000000000022 1.303910778913219e-48
0.20164285714285715 1.0075146935972617e-63
restart...
0.1985 1.77500862988178e-62
restart...
0.19764285714285712 7.023376298677885e-66
restart...
0.20185714285714315 4.428736708830315e-62
restart...
0.20142857142857148 3.807277711157366e-61
restart...
0.19828571428571437 2.3894192420352508e-63
restart...
Sampling time (10 samples): 9933.1519 seconds
/scratch/users/yanlan/Retrieval_0705/Output/AM_PM_ET_207_239_00
0.033999999999999996 3.921730785763771e-36
0.07550000000000018 1.0824301864479046e-45
0.13216666666666707 2.2194877627285913e-42
0.17175000000000043 7.804676005145373e-40
0.18130000000000074 1.3583517554805976e-39
0.1927500000000003 2.1076806911115414e-38
0.19557142857142873 7.479579944318659e-41
0.18750000000000014 4.102529556302212e-49
restart...
0.09974999999999978 1.9996439105186203e-41
0.1555000000000004 2.7475008727926145e-39
0.1662500000000001 1.015372845122426e-41
0.1634999999999999 7.254566046254614e-49
restart...
0.0894999999999999 3.3466477634925716e-43
0.12149999999999977 1.7730550324459906e-47
0.12949999999999934 8.540466888867253e-53
restart...
Sampling time (10 samples): 7897.3274 seconds
/scratch/users/yanlan/Retrieval_0705/Output/AM_PM_ET_213_408_00
0.09650000000000003 8.702692700903347e-30
0.18324999999999986 1.0186673300862006e-29
0.20800000000000007 5.564473457332762e-33
0.22362500000000046 5.657099911542202e-32
0.24320000000000064 5.347224902194338e-31
0.26075000000000154 4.797986646548714e-31
0.23478571428571562 7.153832343848256e-50
restart...
0.2347142857142872 4.4184783462574045e-51
restart...
0.23207142857142957 3.4273263244909773e-53
restart...
0.23400000000000132 1.602086999061362e-50
restart...
0.23335714285714448 8.069274206971421e-51
restart...
0.2332142857142877 1.0122983021105198e-51
restart...
0.23400000000000218 1.7779997556794036e-48
0.22900000000000184 5.322129149432625e-50
restart...
0.2231250000000017 7.723288030717456e-51
restart...
Sampling time (10 samples): 7645.2504 seconds
/scratch/users/yanlan/Retrieval_0705/Output/AM_PM_ET_220_270_00
0.016499999999999987 2.9702305879037842e-40
restart...
0.012500000000000013 2.7195869650819708e-43
restart...
0.017500000000000005 2.416867119296481e-41
restart...
0.014999999999999989 9.774381046936054e-42
restart...
0.011499999999999998 2.3654673336472353e-43
restart...
0.012499999999999999 6.2574102005360815e-43
restart...
0.014000000000000002 1.7598582097330992e-41
restart...
0.00899999999999999 2.153646897203082e-44
restart...
0.01150000000000001 4.5069274981026775e-42
restart...
0.02450000000000002 1.3874888679137973e-37
0.09424999999999992 3.1588809881766144e-49
restart...
0.09699999999999998 1.9170363083327424e-47
0.16016666666666624 5.5937650650523214e-42
0.1944999999999994 3.539947126493672e-38
0.2164999999999998 9.573181278362243e-38
Sampling time (10 samples): 7787.2625 seconds
/scratch/users/yanlan/Retrieval_0705/Output/AM_PM_ET_227_255_00
0.008000000000000014 4.772039781546256e-45
restart...
0.006 9.646505670331694e-46
restart...
0.03700000000000001 3.049344617862206e-38
0.10575000000000008 4.597393180041908e-40
0.1293333333333335 6.250677182326064e-41
0.14300000000000077 4.951356223523873e-41
0.1594000000000005 2.119659991772008e-40
0.17125 8.520895861974694e-40
0.18050000000000033 1.0352076719543295e-38
0.1870000000000007 5.1447564710472e-37
0.19050000000000059 6.272404201331026e-37
0.19300000000000012 3.774733679928543e-36
0.19781818181818211 8.038155238345156e-36
0.20133333333333367 3.787446162468716e-34
0.2033461538461541 4.702009298947904e-35
Sampling time (10 samples): 8184.5516 seconds
/scratch/users/yanlan/Retrieval_0705/Output/AM_PM_ET_235_323_00
0.04349999999999996 4.8086108050135484e-36
0.14049999999999996 1.281375349725147e-37
0.1896666666666666 2.51890664953459e-35
0.195375 3.2679229480842217e-40
0.21270000000000028 6.132250508021316e-41
0.22725000000000004 9.401183965518344e-39
0.2429285714285717 2.3352960600303403e-38
0.2610000000000009 1.6110621585617247e-37
0.27650000000000047 3.700766899052156e-37
0.2884000000000002 4.640313686246488e-37
0.299545454545455 1.4248879454629567e-36
0.30858333333333426 1.8384947469430638e-36
0.3111538461538479 2.2577402476449264e-37
0.31785714285714517 2.549310046838811e-37
0.3224666666666683 2.005654054488957e-37
Sampling time (10 samples): 7594.6960 seconds
/scratch/users/yanlan/Retrieval_0705/Output/AM_PM_ET_246_321_00
0.04199999999999999 3.202566208187489e-36
0.16799999999999962 1.8025042729030905e-36
0.23299999999999993 5.58269783052623e-34
0.26199999999999946 2.5333931984645e-32
0.2884999999999995 4.483554343209746e-32
0.30449999999999927 3.295391930114632e-32
0.3192857142857135 5.893979845790394e-32
0.32724999999999943 1.242228816052761e-32
0.33472222222222214 1.7036841523976042e-32
0.3400999999999998 5.324087271717839e-32
0.3428636363636336 4.367780960980937e-32
0.34816666666666507 3.414566813283099e-32
0.35176923076922867 2.2439310318502264e-32
0.3569285714285698 3.211780968125592e-32
0.36086666666666384 4.69070581796532e-32
Sampling time (10 samples): 7490.0259 seconds
