/scratch/users/yanlan/Retrieval_0705/Output/AM_PM_ET_201_309_00
0.008499999999999999 1.760745570630412e-46
restart...
0.01699999999999998 5.122154540720783e-42
restart...
0.010500000000000004 9.284282494124068e-45
restart...
0.013499999999999995 1.4524991487184944e-43
restart...
0.009000000000000013 2.3343753287117364e-44
restart...
0.011000000000000018 2.6914887367319704e-44
restart...
0.03549999999999996 4.6879758327409455e-39
0.1417499999999999 7.53628214827382e-38
0.18766666666666668 1.2320398050094684e-35
0.18650000000000025 2.6990446389655296e-49
restart...
0.11150000000000014 4.8807173302660956e-46
0.07550000000000012 5.586190945288138e-89
restart...
0.07516666666666698 1.7491558404638579e-88
restart...
0.07533333333333342 1.6574451622014634e-88
restart...
0.07533333333333356 3.2008306127467656e-88
restart...
Sampling time (10 samples): 8315.2009 seconds
/scratch/users/yanlan/Retrieval_0705/Output/AM_PM_ET_207_310_00
0.015499999999999993 1.0710216436414053e-40
restart...
0.012000000000000004 1.566590874588394e-44
restart...
0.014000000000000012 1.3605543266155947e-41
restart...
0.013500000000000002 1.0685653794607628e-43
restart...
0.01599999999999998 9.795940282397134e-43
restart...
0.015000000000000006 5.806060146839838e-41
restart...
0.011999999999999999 2.8512542521240712e-43
restart...
0.015499999999999996 5.273830330526427e-43
restart...
0.008500000000000011 7.262192451418827e-46
restart...
0.015000000000000003 8.167166226620281e-42
restart...
0.018000000000000013 2.9806580371336106e-40
restart...
0.016499999999999994 3.389803902203783e-41
restart...
0.02300000000000001 3.015586659772829e-38
0.02775000000000001 6.0097768431363756e-65
restart...
0.03075000000000001 1.1845120876441687e-63
restart...
Sampling time (10 samples): 7882.7374 seconds
/scratch/users/yanlan/Retrieval_0705/Output/AM_PM_ET_214_296_00
0.014999999999999996 1.4508627034639733e-42
restart...
0.01550000000000001 7.906692662435028e-42
restart...
0.011000000000000005 3.2257137603805424e-45
restart...
0.009999999999999986 1.3569861805942857e-44
restart...
0.010000000000000009 2.386364753663569e-47
restart...
0.016500000000000046 9.28385981359771e-42
restart...
0.0085 2.3066475764985674e-45
restart...
0.013 7.526138165230925e-43
restart...
0.009000000000000006 7.939382187937896e-47
restart...
0.012000000000000007 2.751155815840796e-44
restart...
0.017000000000000032 4.369828808808998e-40
restart...
0.013500000000000017 6.274696245183899e-43
restart...
0.019499999999999986 2.338583270136145e-42
restart...
0.018500000000000016 7.244295234198897e-41
restart...
0.008000000000000002 1.4830072893978288e-46
restart...
Sampling time (10 samples): 7059.6871 seconds
/scratch/users/yanlan/Retrieval_0705/Output/AM_PM_ET_220_340_00
0.06400000000000003 1.6708392207336364e-33
0.137 4.003802142394752e-39
0.21049999999999996 3.966508281022346e-37
0.25087499999999974 7.643696624825062e-37
0.26869999999999916 5.04896483773025e-36
0.28133333333333277 2.1587353612236624e-35
0.2963571428571414 3.311722501618667e-35
0.3059374999999986 4.011455582755332e-35
0.3143333333333321 1.3635085831884928e-34
0.32519999999999966 2.1852871166028663e-34
0.330499999999999 9.306455837628581e-35
0.33404166666666535 4.68484110604929e-35
0.3359999999999995 9.903163595919953e-35
0.3370714285714271 7.139806483362656e-35
0.34026666666666383 3.395084220269795e-35
Sampling time (10 samples): 7756.8131 seconds
/scratch/users/yanlan/Retrieval_0705/Output/AM_PM_ET_227_325_00
0.04399999999999999 1.3586200984063984e-34
0.16899999999999982 4.543662100012036e-34
0.22466666666666632 6.177437778219764e-33
0.24312499999999923 7.910776462855899e-34
0.2508 7.659726545716466e-35
0.259166666666669 1.8323311695828828e-36
0.2727857142857162 3.963157701193022e-36
0.25387500000000185 6.3423031452660795e-58
restart...
0.25518750000000096 3.2431365533314333e-55
restart...
0.2850625000000017 9.104177925471292e-36
0.2948888888888897 1.520524723297414e-35
0.30115000000000103 2.5833098567240276e-36
0.2981363636363637 4.060648568264858e-46
0.27912500000000073 2.2682744731299785e-67
restart...
0.27929166666666655 1.4539511615827805e-67
restart...
Sampling time (10 samples): 8510.6253 seconds
/scratch/users/yanlan/Retrieval_0705/Output/AM_PM_ET_236_281_00
0.017500000000000005 5.853242424936732e-41
restart...
0.025500000000000026 5.041592391911975e-38
0.05625000000000002 4.582168456162671e-54
restart...
0.05224999999999995 1.3139711510206348e-51
restart...
0.05275000000000003 2.101313355655446e-53
restart...
0.04799999999999999 1.542413121975745e-54
restart...
0.04299999999999997 7.177698228085201e-54
restart...
0.04749999999999998 5.34306768442769e-55
restart...
0.04349999999999999 3.081418017290776e-54
restart...
0.03324999999999999 3.6874996251433444e-62
restart...
0.035250000000000045 1.9787205004197915e-56
restart...
0.04574999999999999 3.5932374322669674e-54
restart...
0.030750000000000003 5.4956456309603815e-61
restart...
0.032249999999999966 4.4511117237148854e-58
restart...
0.029000000000000005 1.1226327884556766e-62
restart...
Sampling time (10 samples): 7704.7747 seconds
/scratch/users/yanlan/Retrieval_0705/Output/AM_PM_ET_247_328_00
0.07850000000000003 1.913150429951444e-34
0.17875000000000021 1.2805873840109856e-32
0.1836666666666671 3.272524098507154e-37
0.1991250000000005 1.9352050245874673e-39
0.2147 7.481049836390672e-39
0.22383333333333325 5.40136502403358e-39
0.23292857142857162 3.984336610214102e-40
0.23606249999999987 2.1513174176094848e-41
0.24405555555555575 3.0459000591212498e-40
0.25374999999999914 1.530995105136476e-39
0.25822727272727214 3.122442707253781e-39
0.26537500000000197 4.980967825251279e-38
0.273769230769232 5.308922663850201e-38
0.27889285714285894 6.973101279356502e-38
0.2847666666666687 4.569818691369494e-38
Sampling time (10 samples): 7622.0567 seconds
