/scratch/users/yanlan/Retrieval_0705/Output/AM_PM_ET_203_417_00
0.39750000000000013 2.114092771393248e-12
0.37074999999999997 7.479762642181903e-13
0.3586666666666655 1.126239596175983e-12
0.35212499999999947 2.1865503102255228e-13
0.34699999999999886 7.373319660316695e-13
0.34099999999999914 7.638095980653353e-13
0.34014285714285647 2.3559256769011267e-13
0.33681249999999935 7.866711881702391e-13
0.3389444444444447 7.325543378837196e-13
0.3375500000000012 6.503664099497766e-13
0.335909090909092 2.6325567279150037e-13
0.33308333333333573 6.315342371857064e-13
0.33080769230769447 1.565503914195973e-12
0.3294642857142883 3.504243167432636e-13
0.32893333333333613 6.794262552628219e-13
Sampling time (10 samples): 7784.6799 seconds
/scratch/users/yanlan/Retrieval_0705/Output/AM_PM_ET_210_304_00
0.008500000000000027 6.297772831665187e-44
restart...
0.008999999999999998 2.6260689856886403e-45
restart...
0.008000000000000004 3.746980123826535e-46
restart...
0.00799999999999999 9.92385615371943e-47
restart...
0.04550000000000001 1.734301655005593e-36
0.15349999999999983 8.040730452532789e-34
0.17066666666666616 2.253054639322126e-36
0.1496249999999994 7.364452555630936e-51
restart...
0.12599999999999972 2.515849393774038e-43
0.11633333333333294 1.3479491195084056e-58
restart...
0.15174999999999975 7.955699653005459e-36
0.18699999999999958 4.1104683053004085e-34
0.18162500000000004 1.1537525445149623e-41
0.1682999999999997 5.156040427766089e-53
restart...
0.15449999999999964 1.4305247756198223e-32
Sampling time (10 samples): 8218.0827 seconds
/scratch/users/yanlan/Retrieval_0705/Output/AM_PM_ET_217_245_00
0.01950000000000001 1.566047014734414e-42
restart...
0.028999999999999998 3.036230691488831e-39
0.08450000000000003 5.828245013451566e-46
0.09533333333333341 6.12829904605377e-54
restart...
0.07925000000000007 3.8181420295532866e-47
0.09250000000000022 8.200564590862888e-57
restart...
0.04425000000000002 2.45930746065215e-54
restart...
0.04100000000000002 1.5645086315688479e-55
restart...
0.05399999999999993 4.549885894336013e-55
restart...
0.05299999999999996 1.5603270625672862e-53
restart...
0.059500000000000136 5.181299476847907e-52
restart...
0.060499999999999984 4.024101853106318e-52
restart...
0.06350000000000003 4.049703172229219e-49
restart...
0.07849999999999994 3.0345807796183748e-46
0.10016666666666665 1.6219043808086206e-51
restart...
Sampling time (10 samples): 7852.3229 seconds
/scratch/users/yanlan/Retrieval_0705/Output/AM_PM_ET_223_303_00
0.06449999999999997 2.1558612010889296e-35
0.186 1.5689448941824666e-31
0.23350000000000043 4.061012955400005e-29
0.26112500000000055 8.618958412663542e-28
0.27930000000000116 2.415939090282709e-28
0.2908333333333341 5.938265758443319e-28
0.2967142857142862 5.8041478742668555e-28
0.299 3.9454518276154788e-28
0.30188888888888954 2.235571103741353e-28
0.30335000000000106 2.842560433299254e-28
0.27995454545454584 1.0575786575050175e-63
restart...
0.30572727272727435 4.464337738305382e-28
0.30766666666667003 1.6058241628811032e-28
0.3080000000000018 2.184500401319293e-28
0.31085714285714416 6.226794537744025e-28
Sampling time (10 samples): 7973.4688 seconds
/scratch/users/yanlan/Retrieval_0705/Output/AM_PM_ET_230_383_00
0.06300000000000004 1.4178430524783476e-34
0.17974999999999983 3.970824580118079e-33
0.22116666666666684 1.069535203143856e-30
0.25337500000000057 2.399498816872304e-29
0.24500000000000055 5.429199776949419e-38
0.24875000000000053 7.306639214563339e-34
0.25607142857142823 2.6453988058432804e-32
0.2648124999999976 6.632719861255664e-31
0.27227777777777445 2.257578636025843e-31
0.2776499999999971 2.1520146719176247e-31
0.28359090909090584 1.2781260680588358e-30
0.28862499999999774 2.117924289051275e-30
0.29203846153846036 7.36992913630642e-31
0.2949999999999967 4.450067705950232e-31
0.2969666666666625 1.254181749540231e-31
Sampling time (10 samples): 7874.9505 seconds
/scratch/users/yanlan/Retrieval_0705/Output/AM_PM_ET_239_379_00
0.029500000000000026 2.932953121488641e-40
0.05800000000000004 8.208148227315546e-51
restart...
0.06250000000000004 1.113062896177385e-50
restart...
0.07050000000000016 1.2817191576432683e-51
restart...
0.05525 3.730722657066161e-55
restart...
0.05049999999999996 9.953792522720917e-59
restart...
0.08200000000000013 1.4808054171490707e-48
0.08916666666666666 4.123250347975591e-56
restart...
0.05750000000000004 3.415472798966545e-54
restart...
0.05575000000000005 1.0581236932573695e-51
restart...
0.05849999999999999 1.0366874255000125e-50
restart...
0.06699999999999993 1.0120733123402412e-48
0.09016666666666674 3.2042201061405544e-54
restart...
0.06350000000000014 7.333307853135385e-50
restart...
0.06600000000000002 7.000000419508628e-51
restart...
Sampling time (10 samples): 7569.6126 seconds
/scratch/users/yanlan/Retrieval_0705/Output/AM_PM_ET_255_324_00
0.08500000000000005 2.0218623590240756e-32
0.20950000000000035 4.975534177127804e-32
0.244666666666667 2.1030831778467895e-31
0.27500000000000024 4.0680132059082e-31
0.29449999999999993 5.34534215743833e-31
0.3025000000000004 1.0733991915307905e-30
0.3133571428571441 5.016974711740401e-30
0.31987500000000096 1.6261557616160064e-30
0.3257222222222226 4.921105082426278e-30
0.32860000000000034 7.626305705931755e-30
0.33581818181818157 2.725453485752711e-30
0.3357916666666658 6.893655873977692e-30
0.3361923076923068 6.2779297829720866e-30
0.33599999999999824 1.9672837089147517e-30
0.3373333333333316 1.7983564134650183e-30
Sampling time (10 samples): 7793.7282 seconds
