/scratch/users/yanlan/Retrieval_0705/Output/AM_PM_ET_200_409_00
0.010999999999999987 1.6402622712544474e-42
restart...
0.011999999999999993 1.0530729667833732e-43
restart...
0.013000000000000006 2.1100354951683666e-42
restart...
0.03250000000000002 5.615566187237506e-38
0.050250000000000065 2.0620640566082614e-53
restart...
0.06324999999999993 2.387449455561862e-49
restart...
0.08150000000000009 3.062256813128712e-46
0.10116666666666686 2.8329536142433945e-50
restart...
0.07524999999999997 5.975148002924616e-47
0.10133333333333328 8.261990125725881e-50
restart...
0.05675000000000007 2.8104685403257364e-52
restart...
0.09375000000000008 5.261603740581417e-45
0.11500000000000003 1.5201971749239503e-47
0.12537499999999963 6.234831589031196e-49
restart...
0.057499999999999996 1.1017158538794311e-49
restart...
Sampling time (10 samples): 8002.1645 seconds
/scratch/users/yanlan/Retrieval_0705/Output/AM_PM_ET_206_382_00
0.016500000000000035 4.786935580412061e-41
restart...
0.0060000000000000045 1.36906036357983e-46
restart...
0.018499999999999985 5.238195680350494e-42
restart...
0.013499999999999993 6.242278979543127e-42
restart...
0.018999999999999993 2.1470903597828507e-40
restart...
0.0245 1.920255614562193e-39
0.0395000000000001 3.1863212344306184e-60
restart...
0.03849999999999996 3.4149881757392465e-57
restart...
0.03675000000000009 1.9506518100140394e-59
restart...
0.04075000000000001 3.768262851668637e-59
restart...
0.04374999999999997 5.826947074898032e-57
restart...
0.046000000000000055 1.3915249437363314e-54
restart...
0.04974999999999995 1.8266068578463998e-53
restart...
0.04525000000000007 2.4963049930530144e-54
restart...
0.045250000000000096 2.677467711291065e-58
restart...
Sampling time (10 samples): 8202.7142 seconds
/scratch/users/yanlan/Retrieval_0705/Output/AM_PM_ET_213_366_00
0.033 5.515055186884632e-37
0.09924999999999995 1.8611186196365264e-40
0.14316666666666633 2.480383677161733e-39
0.1513749999999995 1.0052336940676808e-42
0.16449999999999967 6.684919035920598e-43
0.17024999999999899 6.890377884867508e-45
0.1744999999999992 5.902538623911892e-46
0.18031249999999957 3.177414976915791e-45
0.18661111111111062 3.152024902635328e-45
0.19749999999999937 1.8991589276660034e-43
0.20540909090909037 1.299926130551363e-41
0.21104166666666593 5.550629363047848e-42
0.21649999999999917 3.447877520998457e-42
0.2209285714285704 3.851768085343134e-43
0.22223333333333273 1.6765158132599687e-42
Sampling time (10 samples): 8064.7364 seconds
/scratch/users/yanlan/Retrieval_0705/Output/AM_PM_ET_220_254_00
0.012999999999999986 1.1166874002149708e-44
restart...
0.020000000000000004 3.042178565504035e-39
0.12074999999999984 2.191275738852737e-45
0.17166666666666663 2.5486551562463985e-43
0.15175000000000002 1.2618674029464618e-67
restart...
0.10099999999999999 1.2377136479161327e-44
0.1081666666666667 2.042111582000321e-64
restart...
0.10749999999999985 1.2117858483928347e-43
0.12466666666666679 4.263207596357769e-56
restart...
0.08024999999999992 1.4894204256928274e-54
restart...
0.017249999999999977 9.136552315750312e-74
restart...
0.10250000000000006 6.418497019881354e-45
0.15916666666666626 7.39146630764131e-42
0.18837499999999963 6.485199336193117e-45
0.15949999999999967 7.979252529838526e-68
restart...
Sampling time (10 samples): 8723.5256 seconds
/scratch/users/yanlan/Retrieval_0705/Output/AM_PM_ET_226_390_00
0.019499999999999972 3.9234756686900336e-38
restart...
0.011500000000000002 2.337337422518327e-43
restart...
0.013499999999999998 5.150453417148377e-42
restart...
0.01550000000000001 2.4233929289015735e-42
restart...
0.009999999999999993 4.865110308450691e-44
restart...
0.020500000000000004 1.392683280782047e-38
0.08125000000000011 9.768629055559776e-44
0.11849999999999984 9.539945685898894e-44
0.13250000000000026 7.058305281874756e-45
0.13940000000000058 2.2304129677452442e-46
0.14825000000000071 1.582240972066112e-47
0.15550000000000092 6.479374157274903e-47
0.1616875000000005 6.246198487003812e-47
0.16555555555555615 4.310092863701963e-47
0.16990000000000072 7.167754736080271e-47
Sampling time (10 samples): 8226.1304 seconds
/scratch/users/yanlan/Retrieval_0705/Output/AM_PM_ET_235_307_00
0.06349999999999996 5.251136801224733e-34
0.17974999999999974 4.398860080013634e-33
0.19933333333333314 4.646029083049731e-42
0.1592499999999999 2.4552228192240156e-67
restart...
0.19624999999999962 6.118867854486853e-32
0.23583333333333295 1.0318694685119162e-31
0.18674999999999958 8.542095260536643e-61
restart...
0.2675000000000005 7.887609767822281e-32
0.26570000000000094 2.806434739052091e-39
0.22783333333333353 9.273570154803227e-66
restart...
0.22675 2.7913808200995896e-65
restart...
0.22666666666666788 2.4322326051550846e-68
restart...
0.22775000000000117 4.255491299724175e-65
restart...
0.22708333333333391 1.5408098279529696e-67
restart...
0.22883333333333378 1.0954687298674165e-64
restart...
Sampling time (10 samples): 9275.7863 seconds
/scratch/users/yanlan/Retrieval_0705/Output/AM_PM_ET_246_305_00
0.018000000000000002 4.045195867867807e-42
restart...
0.018999999999999993 2.502220924331564e-41
restart...
0.018499999999999982 4.4186296076301306e-41
restart...
0.012000000000000026 1.5874261863840873e-43
restart...
0.015000000000000003 1.1573278694516117e-41
restart...
0.015999999999999993 4.089503304591072e-41
restart...
0.019000000000000062 6.881671976532368e-39
restart...
0.014999999999999993 7.317073937130194e-42
restart...
0.016999999999999998 1.4916618425274866e-42
restart...
0.008500000000000002 1.1757328118824886e-44
restart...
0.014999999999999996 1.4933150085883754e-41
restart...
0.014999999999999994 4.721624876044418e-43
restart...
0.006999999999999996 4.369667506503431e-46
restart...
0.014999999999999996 1.2056276098942293e-42
restart...
0.012999999999999996 5.699013911258201e-44
restart...
Sampling time (10 samples): 8391.2855 seconds
