/scratch/users/yanlan/Retrieval_0705/Output/AM_PM_ET_201_304_00
0.024999999999999994 1.4565338232515191e-39
0.05999999999999996 4.0276013848891685e-52
restart...
0.06849999999999998 4.594465593000283e-49
restart...
0.0585 1.9433220371398708e-50
restart...
0.06374999999999986 6.439393731115585e-49
restart...
0.06924999999999998 4.975469924647942e-49
restart...
0.062499999999999965 6.14700560133055e-49
restart...
0.07375000000000002 2.1121837282940955e-46
0.07366666666666676 2.239153205257824e-60
restart...
0.07000000000000015 8.993269970213858e-48
0.0946666666666666 7.316398413840428e-54
restart...
0.06425000000000003 1.4124523296543493e-49
restart...
0.05825000000000007 6.006232268555536e-52
restart...
0.06824999999999988 2.0260829690707723e-50
restart...
0.06225000000000004 3.6636144424392317e-48
Sampling time (10 samples): 7752.8436 seconds
/scratch/users/yanlan/Retrieval_0705/Output/AM_PM_ET_207_305_00
0.0075000000000000015 2.0224354890698613e-45
restart...
0.003999999999999995 5.7986060140948915e-49
restart...
0.004500000000000008 5.393489401548664e-48
restart...
0.005499999999999996 1.4204938608288507e-46
restart...
0.005499999999999996 1.8946304622601922e-47
restart...
0.03199999999999997 8.240521188100531e-39
0.10574999999999996 1.8836951861731888e-42
0.1456666666666665 4.857708358568537e-41
0.1626250000000001 6.5348643932057765e-40
0.1663000000000006 1.0538178830152156e-44
0.15858333333333352 2.84686158111598e-51
restart...
0.07375000000000015 5.462966833564245e-46
0.1105 3.893209402295632e-47
0.12274999999999989 8.653250236982944e-50
restart...
0.09174999999999987 8.291606308643179e-44
Sampling time (10 samples): 8285.4178 seconds
/scratch/users/yanlan/Retrieval_0705/Output/AM_PM_ET_214_291_00
0.02049999999999997 4.449200617398444e-40
0.04474999999999994 2.1561627721127776e-53
restart...
0.04900000000000003 1.176184519762077e-53
restart...
0.03874999999999997 1.7517942520530668e-59
restart...
0.05049999999999993 8.045995729160042e-54
restart...
0.04224999999999995 6.800763275555887e-58
restart...
0.03949999999999998 1.2112084616963305e-58
restart...
0.04324999999999995 4.927748532703554e-58
restart...
0.030749999999999975 8.17612977788791e-62
restart...
0.045499999999999936 3.3641185357870945e-55
restart...
0.04650000000000005 5.067465616649815e-55
restart...
0.04449999999999998 1.3965517392841852e-56
restart...
0.046249999999999986 1.528730707693344e-55
restart...
0.03874999999999996 2.9333173451399704e-59
restart...
0.03624999999999991 7.317162739117958e-60
restart...
Sampling time (10 samples): 7751.9068 seconds
/scratch/users/yanlan/Retrieval_0705/Output/AM_PM_ET_220_335_00
0.038500000000000034 1.0610066807610346e-35
0.06825000000000003 6.227315120889538e-54
restart...
0.12849999999999984 1.3818213063328764e-37
0.1338333333333329 2.286092905930274e-50
restart...
0.040750000000000015 1.761491836463723e-60
restart...
0.04324999999999992 1.189442241683173e-60
restart...
0.1252500000000003 1.419873778149881e-38
0.11366666666666687 4.1575313417933953e-53
restart...
0.04124999999999998 2.2950074972571197e-60
restart...
0.042000000000000065 2.5072987122577554e-61
restart...
0.13074999999999998 1.1327909181671436e-37
0.15766666666666698 1.135471175283289e-44
0.15350000000000022 1.092762583882645e-53
restart...
0.15000000000000044 2.695353781259952e-54
restart...
0.13825 1.7426986957193784e-58
restart...
Sampling time (10 samples): 10252.7216 seconds
/scratch/users/yanlan/Retrieval_0705/Output/AM_PM_ET_227_320_00
0.062499999999999965 6.769657936956349e-36
0.15825000000000022 4.351922849935761e-34
0.190166666666667 6.460016345542185e-31
0.16287500000000027 1.1286087345679463e-53
restart...
0.14424999999999988 3.206111363376172e-36
0.17916666666666706 3.144253611933261e-34
0.1932500000000006 5.69198901906118e-33
0.22390000000000104 5.759120486745839e-31
0.2461666666666671 4.682165502366222e-30
0.2629285714285735 2.5989504609804717e-30
0.27375000000000144 7.564662397607345e-30
0.2855000000000014 4.256691898272319e-30
0.2958500000000012 4.325475803337093e-30
0.3041363636363646 2.6133211474807196e-30
0.310416666666669 4.618118325090408e-30
Sampling time (10 samples): 7887.5089 seconds
/scratch/users/yanlan/Retrieval_0705/Output/AM_PM_ET_236_276_00
0.018000000000000006 5.4722342842232176e-40
restart...
0.006500000000000009 4.867347483440243e-47
restart...
0.02800000000000006 2.1942786774206133e-39
0.15274999999999964 1.2577784045963146e-38
0.20116666666666694 9.21601740987734e-37
0.20700000000000038 4.841189572582422e-40
0.21090000000000003 1.056589986651267e-42
0.21683333333333352 3.0330617863606923e-43
0.2292142857142861 4.375121158761654e-42
0.2475625000000008 3.301812162720973e-41
0.25711111111111223 1.8565122157944627e-41
0.2680499999999991 1.1971826922607552e-41
0.2788636363636369 8.417600224935485e-41
0.2878333333333352 3.4969777502476393e-41
0.293769230769233 2.8949348559892977e-41
Sampling time (10 samples): 7779.9967 seconds
/scratch/users/yanlan/Retrieval_0705/Output/AM_PM_ET_247_323_00
0.07050000000000006 4.154442004189869e-33
0.15949999999999986 8.266542204043788e-36
0.21500000000000002 6.795755525567996e-35
0.2633750000000012 2.181766068529296e-33
0.2890000000000007 1.445122833454493e-32
0.31208333333333416 5.8656923737015406e-33
0.3226428571428571 4.7387327527215026e-32
0.33350000000000074 1.4630942508900116e-32
0.34322222222222315 9.618994010248757e-33
0.3498500000000025 3.233256906072792e-33
0.3558636363636376 7.76496340202106e-33
0.3640833333333341 8.787058336904266e-33
0.3679615384615401 6.800740135178593e-33
0.3728571428571445 4.788179422305983e-33
0.37756666666666755 8.889929894086704e-33
Sampling time (10 samples): 7933.1081 seconds
