/scratch/users/yanlan/Retrieval_0705/Output/AM_PM_ET_200_391_00
0.024999999999999998 1.2890333782504884e-37
0.12224999999999997 1.2478683791562739e-39
0.16683333333333408 9.322664915222163e-41
0.15950000000000092 5.117757520303917e-50
restart...
0.08600000000000006 7.255796557061478e-43
0.11300000000000006 4.1809350951599435e-46
0.14437500000000006 2.9120396269614114e-45
0.17090000000000005 3.8492307627276885e-43
0.1902499999999992 4.357050915985894e-41
0.20821428571428502 1.501933084623831e-40
0.2234374999999992 2.2600893092651645e-39
0.23205555555555504 9.117491686784157e-40
0.23929999999999926 8.538417604172603e-39
0.24445454545454495 4.3558922169433155e-39
0.24708333333333327 3.297561642597583e-39
Sampling time (10 samples): 8331.0341 seconds
/scratch/users/yanlan/Retrieval_0705/Output/AM_PM_ET_206_378_00
0.019499999999999993 6.823939047633623e-40
restart...
0.017999999999999995 3.720515770538017e-42
restart...
0.015999999999999993 1.7313676683360448e-42
restart...
0.024499999999999963 3.5125421821900707e-40
0.08824999999999975 9.199015536371793e-46
0.13166666666666674 7.921680724163241e-43
0.16112500000000066 2.711768978615494e-42
0.17780000000000107 1.6776043142316858e-43
0.2048333333333339 6.059274510455297e-41
0.22257142857142959 5.634762904346729e-37
0.24575000000000102 2.104002849699738e-35
0.26033333333333636 1.910181468717811e-35
0.2716000000000037 8.74637153225769e-36
0.28027272727272956 5.676936493029371e-36
0.2889583333333367 5.335244199812294e-36
Sampling time (10 samples): 8237.9890 seconds
/scratch/users/yanlan/Retrieval_0705/Output/AM_PM_ET_213_362_00
0.02149999999999999 3.4619273314662326e-40
0.10699999999999998 2.5616978637317135e-46
0.15216666666666712 1.8898368547080302e-44
0.18987500000000093 9.548443801855325e-42
0.2121000000000009 4.888265422626377e-39
0.22716666666666727 6.859461639771039e-38
0.24478571428571438 4.4106203961232243e-38
0.25212500000000043 9.771847078116355e-38
0.2616666666666659 1.4931582525059127e-37
0.26924999999999893 3.6319513630455864e-37
0.27649999999999886 1.0335662121181235e-37
0.2823333333333308 6.50943186244156e-38
0.28596153846153693 1.1752843332615742e-37
0.2911785714285711 1.109239451253087e-37
0.2940666666666665 1.4328436332738007e-37
Sampling time (10 samples): 8102.0931 seconds
/scratch/users/yanlan/Retrieval_0705/Output/AM_PM_ET_220_245_00
0.02249999999999999 7.431101414590494e-41
0.13149999999999967 5.859729417053596e-42
0.17116666666666647 2.1707790903191208e-41
0.17724999999999982 6.3835527251549e-45
0.17309999999999995 7.602076283569222e-51
restart...
0.05249999999999985 1.9854594425853918e-52
restart...
0.06775000000000002 5.223498572863182e-50
restart...
0.06700000000000003 4.38992673111862e-51
restart...
0.06399999999999993 6.830634460637594e-53
restart...
0.05550000000000004 8.690051108728133e-52
restart...
0.06850000000000002 5.1338160085820485e-52
restart...
0.06324999999999993 2.1994371504414026e-49
restart...
0.06874999999999996 1.0294954112619586e-50
restart...
0.07699999999999999 2.3542811926020243e-49
restart...
0.06725000000000006 1.5573501448457085e-49
restart...
Sampling time (10 samples): 7990.7479 seconds
/scratch/users/yanlan/Retrieval_0705/Output/AM_PM_ET_226_384_00
0.058500000000000066 4.211108096034042e-34
0.1642499999999999 2.757221432129677e-33
0.22633333333333322 2.502907386515107e-31
0.2571249999999995 1.5443752029039933e-31
0.2808999999999993 6.427419796551995e-31
0.29908333333333204 9.747339532480621e-32
0.3091428571428567 5.010075243261885e-31
0.3200625000000008 2.2080714745736375e-31
0.3266111111111117 3.882663020922443e-31
0.33370000000000066 2.717889930659878e-31
0.3389545454545467 4.62099902855534e-31
0.34358333333333574 5.1557858354255125e-31
0.3495769230769256 8.053744874851682e-31
0.354964285714287 2.2452141400144874e-31
0.3567333333333334 1.9828659260709195e-31
Sampling time (10 samples): 8088.0775 seconds
/scratch/users/yanlan/Retrieval_0705/Output/AM_PM_ET_235_303_00
0.03199999999999997 3.249715732623805e-39
0.15624999999999972 1.054656292377775e-37
0.2153333333333335 1.7078594874505047e-36
0.24487499999999973 6.005288507226569e-34
0.26569999999999966 7.692384673665336e-33
0.2817500000000015 3.168385246368657e-33
0.29114285714285654 8.392899741698824e-33
0.29993750000000063 3.88834071762692e-33
0.3064444444444439 3.8304597403555824e-33
0.3133499999999993 3.796764000508562e-33
0.3190909090909103 4.5771126638170875e-33
0.3247916666666675 3.074459989116834e-33
0.32811538461538664 7.52966521590639e-33
0.3282500000000025 4.126438051013862e-33
0.32763333333333444 5.453214729069436e-35
Sampling time (10 samples): 8657.9154 seconds
/scratch/users/yanlan/Retrieval_0705/Output/AM_PM_ET_246_301_00
0.0075 1.0660002935702036e-45
restart...
0.028999999999999998 9.232263712879724e-40
0.16549999999999981 9.266414085635738e-37
0.12199999999999994 3.1213731616941824e-73
restart...
0.15300000000000005 8.584067092564533e-40
0.11100000000000022 5.62867677630283e-69
restart...
0.09825000000000007 1.0545101765799533e-51
restart...
0.07400000000000016 4.063549127863033e-57
restart...
0.09799999999999989 8.509878869448464e-56
restart...
0.061750000000000325 1.7776595995096238e-63
restart...
0.1377500000000002 8.787949650289827e-44
0.11133333333333335 3.423602626363379e-67
restart...
0.09099999999999994 7.487851518111426e-58
restart...
0.09999999999999985 3.013514212015785e-54
restart...
0.08800000000000006 2.8425692028269526e-57
restart...
Sampling time (10 samples): 8163.5121 seconds
