/scratch/users/yanlan/Retrieval_0705/Output/AM_PM_ET_204_301_00
0.01649999999999999 2.5804971952536857e-41
restart...
0.016000000000000004 2.5234289288355468e-42
restart...
0.016500000000000008 6.78980515289218e-41
restart...
0.016999999999999998 1.2621929739848452e-41
restart...
0.020499999999999987 1.4388346108919446e-41
0.01900000000000003 2.5766723832202357e-75
restart...
0.02250000000000008 3.553351943946759e-71
restart...
0.047999999999999966 4.160009189541341e-55
restart...
0.01624999999999999 3.445524097012356e-79
restart...
0.013499999999999998 2.2305161836282972e-81
restart...
0.020499999999999987 3.8409943774358396e-73
restart...
0.019000000000000065 4.2653128883899877e-73
restart...
0.015750000000000035 1.3666745815974387e-78
restart...
0.021249999999999943 1.4656988674567576e-71
restart...
0.02125000000000002 2.824786774873423e-73
restart...
Sampling time (10 samples): 7112.8933 seconds
/scratch/users/yanlan/Retrieval_0705/Output/AM_PM_ET_211_232_00
0.43900000000000006 5.430617958796447e-13
0.387500000000001 4.524793775365278e-13
0.3560000000000007 3.4372737321197857e-13
0.3481250000000005 6.653002235875706e-13
0.3442000000000011 1.0694308088335572e-12
0.34200000000000175 1.2047099848121721e-12
0.33807142857143085 1.6635160077293135e-12
0.3373750000000028 1.00316953770382e-12
0.33522222222222525 8.222778068360924e-13
0.3356500000000041 4.732615800793573e-13
0.333000000000005 8.22938523291096e-13
0.33237500000000486 3.703476149962324e-13
0.3305000000000035 6.372056984469579e-13
0.3310000000000037 3.4414134267221037e-13
0.33056666666667006 2.730892173438145e-13
Sampling time (10 samples): 7426.4413 seconds
/scratch/users/yanlan/Retrieval_0705/Output/AM_PM_ET_217_317_00
0.055999999999999994 1.0831258708235842e-35
0.13249999999999962 1.0363441997032754e-40
0.15566666666666695 7.69558605121006e-42
0.182125 4.2089649043670287e-41
0.19709999999999958 1.1788811532004695e-41
0.19208333333333288 9.082865755300402e-49
restart...
0.08125000000000022 5.975876800189531e-47
0.14283333333333323 2.824272288153875e-44
0.17112500000000033 1.8468245638686474e-45
0.17769999999999983 3.264625228197573e-48
0.1916666666666661 2.5724790847725893e-46
0.2047142857142855 1.4098967198998308e-45
0.2162499999999996 2.341998231943911e-45
0.22611111111111099 1.61655583584041e-44
0.23399999999999996 7.03659586185969e-45
Sampling time (10 samples): 6572.0163 seconds
/scratch/users/yanlan/Retrieval_0705/Output/AM_PM_ET_223_387_00
0.010000000000000002 1.7394683034494792e-45
restart...
0.067 9.249070124150141e-35
0.17574999999999988 1.4734141800889909e-32
0.20350000000000049 2.988011355329054e-32
0.22550000000000028 5.938858833409235e-31
0.21869999999999987 4.3345762838057204e-35
0.23991666666666636 1.119492228695926e-34
0.2568571428571424 7.5180406708754825e-34
0.2758124999999997 1.0862073573373661e-33
0.28922222222222105 7.69587582550176e-34
0.29645000000000005 1.5745074614761965e-34
0.30263636363636237 3.903673888417569e-34
0.30808333333333293 6.4606555540599235e-34
0.3160769230769223 1.6358913770611235e-34
0.3221071428571407 3.288329109068568e-34
Sampling time (10 samples): 6147.8304 seconds
/scratch/users/yanlan/Retrieval_0705/Output/AM_PM_ET_231_318_00
0.067 2.464113923837347e-34
0.13700000000000007 3.674444346861655e-37
0.1091666666666667 1.036371729552728e-60
restart...
0.059500000000000115 7.919895643678477e-65
restart...
0.1357499999999999 3.381267989801161e-38
0.11450000000000024 1.2322557083656375e-62
restart...
0.0822499999999999 2.318342549886598e-52
restart...
0.14199999999999996 2.6835258253158823e-37
0.1315000000000001 4.875851959978334e-47
0.16787500000000039 7.510441910978746e-46
0.20250000000000046 1.3924682832182362e-43
0.2337500000000005 2.1340849911532295e-42
0.21507142857142897 4.6446412615941464e-67
restart...
0.21021428571428613 1.5951778751921747e-64
restart...
0.2092857142857146 1.0110536814597578e-66
restart...
Sampling time (10 samples): 7390.4781 seconds
/scratch/users/yanlan/Retrieval_0705/Output/AM_PM_ET_240_330_00
0.045500000000000033 7.734870204023681e-36
0.1394999999999996 9.13559526929283e-37
0.19299999999999978 5.261788371998013e-35
0.231125 2.9432673286384384e-33
0.25839999999999974 5.888239765647911e-33
0.27008333333333484 6.115531649661999e-34
0.27357142857142835 2.2291183070124497e-34
0.26068750000000035 3.106125018132512e-48
0.2540555555555567 1.1743835657225046e-50
restart...
0.2503333333333339 5.649094345777593e-52
restart...
0.2530555555555553 4.704168485554976e-51
restart...
0.251888888888889 5.746376050135556e-51
restart...
0.2515 1.9792866102017008e-51
restart...
0.252166666666667 1.6749412565018908e-51
restart...
0.25305555555555487 1.0639748658402946e-51
restart...
Sampling time (10 samples): 6303.6763 seconds
/scratch/users/yanlan/Retrieval_0705/Output/AM_PM_ET_257_297_00
0.051000000000000066 2.1972478824227307e-36
0.15274999999999953 1.922752097302282e-35
0.21366666666666614 2.5341838832030984e-33
0.22587499999999955 1.9252484232604556e-34
0.2452999999999995 5.9902829247382065e-34
0.2554999999999997 1.8209847458211245e-35
0.2544999999999998 2.9680095729692804e-37
0.2551874999999995 3.898848785007041e-40
0.25994444444444426 3.187464439774298e-41
0.26490000000000063 1.097803744572208e-40
0.2698636363636371 6.183368553031264e-40
0.27433333333333343 4.3026909962195675e-40
0.27884615384615463 1.5504580355126216e-39
0.28321428571428653 4.867048712986203e-40
0.2880666666666668 2.2702882578427848e-40
Sampling time (10 samples): 6192.7844 seconds
