/scratch/users/yanlan/Retrieval_0705/Output/AM_PM_ET_199_239_00
0.05500000000000001 4.452855475717683e-36
0.1222499999999995 1.511631902816673e-43
0.13816666666666624 1.0082604189044209e-46
0.17112499999999978 2.932756933368402e-43
0.19749999999999915 2.1882780428084913e-43
0.21783333333333263 2.572512453204827e-42
0.230571428571428 3.9209317517119214e-42
0.23556249999999973 4.267811495824257e-43
0.23588888888888843 4.6573291337032674e-52
restart...
0.23255555555555546 9.044273554454091e-53
restart...
0.23238888888888898 9.849946083785258e-51
restart...
0.23433333333333373 9.718909301617942e-53
restart...
0.22766666666666646 1.833932187937492e-58
restart...
0.23622222222222222 4.5738348039019175e-48
0.21874999999999994 1.5490438312138774e-70
restart...
Sampling time (10 samples): 8530.5439 seconds
/scratch/users/yanlan/Retrieval_0705/Output/AM_PM_ET_204_408_00
0.05149999999999996 4.965728170496739e-34
0.16649999999999984 8.028366974043225e-32
0.20983333333333296 2.2106560050728854e-29
0.20400000000000035 8.681726765831886e-45
0.1899000000000003 4.2463792592771984e-54
restart...
0.19129999999999983 1.8333904579490457e-51
restart...
0.19150000000000011 1.0996096436272593e-51
restart...
0.18510000000000068 7.174202162521942e-53
restart...
0.18330000000000085 7.360848323453695e-56
restart...
0.18420000000000017 2.527502118034414e-56
restart...
0.18780000000000033 3.497594419264107e-53
restart...
0.1862999999999997 2.739121303170764e-53
restart...
0.17940000000000042 1.4881616144463242e-59
restart...
0.18550000000000033 1.4381057578293007e-53
restart...
0.18360000000000012 8.803552815534441e-55
restart...
Sampling time (10 samples): 10610.8695 seconds
/scratch/users/yanlan/Retrieval_0705/Output/AM_PM_ET_211_319_00
0.01500000000000001 6.429004715527003e-43
restart...
0.01949999999999996 8.375161377576664e-41
restart...
0.02100000000000001 7.289190578814935e-41
0.09024999999999991 2.6415318899610306e-49
restart...
0.10550000000000012 2.347769530849675e-47
0.1596666666666671 9.027900884719137e-46
0.18762500000000024 1.6545669807603358e-44
0.2009000000000001 4.343478918628416e-44
0.21724999999999947 1.8491965631674315e-43
0.22807142857142837 1.1184830751262957e-42
0.23537499999999958 5.857768826136879e-43
0.24338888888888868 4.9916063528952836e-43
0.2455999999999999 6.8297436752739494e-43
0.24845454545454546 2.1757990991216323e-43
0.24729166666666666 1.34183499143558e-43
Sampling time (10 samples): 9141.6641 seconds
/scratch/users/yanlan/Retrieval_0705/Output/AM_PM_ET_218_242_00
0.022500000000000006 3.142002239496576e-39
0.16074999999999987 1.6165510067938747e-37
0.16533333333333325 4.97026704328048e-47
0.18862499999999985 1.050010910068513e-46
0.21389999999999923 6.388906937577594e-45
0.2335833333333325 6.532710498525893e-44
0.24964285714285647 1.3561515078498304e-44
0.2625624999999994 7.277834777531437e-47
0.2400555555555549 7.237394946862749e-66
restart...
0.24249999999999908 3.6492998095163946e-64
restart...
0.23483333333333298 2.254549087606166e-83
restart...
0.24049999999999924 1.0142847140797665e-67
restart...
0.23972222222222192 6.269865551139386e-67
restart...
0.24088888888888824 2.7446550525206593e-65
restart...
0.23938888888888848 3.5674833965479443e-66
restart...
Sampling time (10 samples): 9895.2331 seconds
/scratch/users/yanlan/Retrieval_0705/Output/AM_PM_ET_224_314_00
0.06400000000000003 1.605470922665393e-33
0.1815000000000004 6.7167904753961045e-31
0.2381666666666671 4.088561219273917e-31
0.2688750000000006 3.2239337345609014e-31
0.29060000000000047 1.497256046799364e-31
0.3067500000000007 3.265042948587089e-31
0.31371428571428644 6.4220777715611885e-31
0.3192500000000005 6.678339206311161e-31
0.3242222222222221 1.6784809080735289e-31
0.3291000000000006 1.8547573807334477e-31
0.31159090909090964 1.2423027952347135e-53
restart...
0.33095454545454533 1.3777695466965747e-31
0.33695833333333325 1.029041264911549e-31
0.32738461538461494 7.766967147112468e-47
0.3106071428571428 5.9658501845727135e-59
restart...
Sampling time (10 samples): 8579.4946 seconds
/scratch/users/yanlan/Retrieval_0705/Output/AM_PM_ET_232_286_00
0.010500000000000008 2.5243644760507647e-45
restart...
0.009999999999999995 5.715546557734597e-46
restart...
0.013 1.0227051006824597e-42
restart...
0.014499999999999997 2.2395706309679603e-43
restart...
0.013000000000000006 2.8722648380717846e-43
restart...
0.00799999999999999 6.214149368174533e-45
restart...
0.012499999999999995 5.461488987413633e-43
restart...
0.017000000000000005 8.790739359825941e-42
restart...
0.011 8.111037358065686e-44
restart...
0.016500000000000004 1.3867967405004573e-40
restart...
0.01350000000000001 3.783705318651314e-43
restart...
0.015499999999999996 1.3834321581383655e-42
restart...
0.0155 4.578989741717174e-43
restart...
0.013 1.0473853634055981e-42
restart...
0.015499999999999996 2.273237068290437e-43
restart...
Sampling time (10 samples): 8359.0677 seconds
/scratch/users/yanlan/Retrieval_0705/Output/AM_PM_ET_241_324_00
0.028499999999999994 2.1904105419823e-38
0.11049999999999983 3.572669287659396e-41
0.14049999999999982 3.6215469561183013e-44
0.1508750000000003 1.0446572148323432e-45
0.15530000000000072 5.481730187630476e-48
0.17200000000000065 1.1486372800300545e-46
0.18878571428571458 1.2156033716441444e-43
0.20581250000000026 5.940699085112219e-43
0.21200000000000027 2.3643433679447144e-42
0.22495000000000004 2.80006269019584e-40
0.2430454545454545 1.3087091394799781e-39
0.2574583333333335 3.122320356705938e-39
0.26930769230769275 3.3092498518646165e-39
0.27821428571428736 3.045914380425556e-39
0.28540000000000076 1.0313801981533283e-39
Sampling time (10 samples): 7655.3297 seconds
