/scratch/users/yanlan/Retrieval_0705/Output/AM_PM_ET_202_335_00
0.05949999999999999 1.5807912026102083e-33
0.1705000000000002 1.5264899880865506e-33
0.14999999999999997 1.3835203819298537e-46
0.14625000000000055 7.768825602292272e-54
restart...
0.14275000000000035 8.944430539234732e-54
restart...
0.13974999999999965 1.1337978703313444e-57
restart...
0.14287500000000014 3.0504321309363986e-54
restart...
0.14612500000000025 1.6253026239674605e-52
restart...
0.1427499999999996 7.661854338473162e-55
restart...
0.14337499999999992 3.387620664084095e-53
restart...
0.14574999999999963 5.49469700068247e-52
restart...
0.14437500000000011 1.4569069969342774e-51
restart...
0.14787500000000023 3.504230692241552e-52
restart...
0.14787499999999984 4.656986107578759e-53
restart...
0.14599999999999946 9.40434331620116e-54
restart...
Sampling time (10 samples): 8054.1641 seconds
/scratch/users/yanlan/Retrieval_0705/Output/AM_PM_ET_208_371_00
0.013000000000000003 9.867087695762165e-44
restart...
0.020000000000000018 1.0492152153011064e-40
0.075 1.7074121220625015e-49
restart...
0.08775000000000004 7.735836692507024e-46
0.10433333333333344 1.0857490012230187e-51
restart...
0.07875 2.0946126273237926e-47
0.10133333333333307 1.1392287966834527e-50
restart...
0.08324999999999998 1.3496625990661914e-47
0.10683333333333307 2.18559623977865e-49
restart...
0.07225000000000013 5.099769588710303e-48
0.10216666666666673 8.833119848345592e-52
restart...
0.07050000000000005 2.8280874593150337e-49
restart...
0.07149999999999992 1.574310150192814e-47
0.09333333333333306 2.0553773806035165e-54
restart...
0.0837500000000001 1.5234477606072887e-47
Sampling time (10 samples): 7712.7779 seconds
/scratch/users/yanlan/Retrieval_0705/Output/AM_PM_ET_215_333_00
0.06000000000000004 1.0387761546352848e-33
0.10300000000000024 1.4109520654203767e-38
0.13066666666666701 1.0879124859830784e-41
0.16612499999999983 7.861167766473505e-40
0.19569999999999949 1.2113272367148247e-37
0.21508333333333235 2.9052080700211327e-36
0.23464285714285668 9.738611843038444e-37
0.24981250000000024 5.598013847661751e-35
0.2610000000000003 6.224347122106644e-35
0.276850000000001 2.0059050722689078e-34
0.2696363636363654 5.006314590282881e-53
restart...
0.28186363636363926 5.46744908856846e-38
0.26579166666666887 9.204664799568829e-53
restart...
0.26387500000000297 3.850009456930977e-59
restart...
0.2650000000000028 7.002260586643806e-56
restart...
Sampling time (10 samples): 8509.5932 seconds
/scratch/users/yanlan/Retrieval_0705/Output/AM_PM_ET_221_391_00
0.06500000000000003 4.885359700630752e-35
0.14449999999999996 9.242365668853651e-37
0.20283333333333364 1.9974989264662057e-33
0.24212500000000045 2.0651647767276104e-32
0.258600000000001 1.5390855532367162e-33
0.2726666666666673 2.268423213624384e-32
0.29078571428571376 1.9583578995311453e-32
0.3042499999999989 1.5369219571426503e-32
0.29694444444444373 1.4982410833587442e-41
0.2711499999999991 2.0279399405786124e-70
restart...
0.2697999999999992 2.416338377800159e-72
restart...
0.2692999999999999 6.128216078340794e-74
restart...
0.2691499999999979 2.986979748902569e-77
restart...
0.2701500000000002 1.8942490417881525e-71
restart...
0.2706500000000001 9.978353629229319e-70
restart...
Sampling time (10 samples): 8756.6105 seconds
/scratch/users/yanlan/Retrieval_0705/Output/AM_PM_ET_229_260_00
0.013999999999999999 7.441021777747362e-43
restart...
0.01750000000000003 8.006230983285508e-40
restart...
0.009999999999999992 8.19477972435451e-47
restart...
0.022500000000000003 1.2916260046869844e-40
0.11074999999999995 6.567256878765396e-43
0.166 7.800995876338097e-41
0.19312499999999996 6.429652706863447e-39
0.19650000000000015 8.299809714850017e-45
0.2139999999999997 3.6594189856407057e-44
0.23314285714285687 7.258502097390828e-43
0.24337499999999995 3.502049166267787e-45
0.22983333333333378 2.917345020786521e-54
restart...
0.22816666666666688 1.0937382254707161e-54
restart...
0.22766666666666682 2.914796493767572e-56
restart...
0.22894444444444445 3.139331618197186e-52
restart...
Sampling time (10 samples): 8351.8314 seconds
/scratch/users/yanlan/Retrieval_0705/Output/AM_PM_ET_237_364_00
0.4119999999999996 1.6701365835480223e-12
0.37650000000000006 5.389379574859496e-13
0.3633333333333328 5.613434935816585e-13
0.3492499999999987 7.825714632123566e-13
0.3481999999999976 4.759837627533891e-13
0.3435833333333306 7.502704723673087e-13
0.3354285714285691 4.20512678285504e-13
0.33393749999999855 6.143039306520374e-13
0.33083333333333254 6.051901621291302e-13
0.33009999999999673 1.2304270541765532e-12
0.3273181818181797 9.950557817813387e-13
0.32949999999999846 3.318547055201354e-13
0.3285384615384597 4.804663537528068e-13
0.328749999999999 6.31145623954557e-13
0.3285999999999994 8.484744414618231e-13
Sampling time (10 samples): 8597.6550 seconds
/scratch/users/yanlan/Retrieval_0705/Output/AM_PM_ET_251_294_00
0.013000000000000003 3.4623158873662913e-43
restart...
0.02450000000000001 9.941813818460616e-38
0.10350000000000002 2.7746117706160824e-41
0.15749999999999997 8.9524424456432e-39
0.18737499999999999 3.5236481301442187e-38
0.20890000000000014 2.0942762950032068e-38
0.22608333333333325 8.421328622087375e-39
0.24171428571428602 5.951625464616668e-38
0.24687500000000043 1.7640446980153107e-38
0.255611111111111 2.1187828107766071e-38
0.2598000000000001 1.373420429063719e-37
0.2671363636363648 8.70475256000671e-38
0.2707916666666689 2.072795804878279e-38
0.2746923076923094 5.686078832596037e-38
0.27700000000000136 2.5659632150591585e-37
Sampling time (10 samples): 8083.3811 seconds
