/scratch/users/yanlan/Retrieval_0705/Output/AM_PM_ET_199_389_00
0.04800000000000006 6.1662771331636e-37
0.1305 4.162644657093571e-37
0.16683333333333406 1.765816751686153e-36
0.18837500000000096 4.679347980936261e-36
0.20060000000000133 1.1784847024594995e-36
0.21508333333333454 6.532139642771262e-36
0.22457142857142998 1.2927526489882655e-37
0.22281250000000138 2.1828003851519274e-41
0.2269444444444459 3.194438879525271e-41
0.2347500000000016 4.242802886100979e-41
0.24027272727272891 1.575203266573929e-41
0.2438750000000011 1.8812799982550216e-41
0.2467692307692312 6.156752234885353e-41
0.2478571428571429 1.7412637604750818e-41
0.2513 2.327207212254121e-40
Sampling time (10 samples): 7809.4741 seconds
/scratch/users/yanlan/Retrieval_0705/Output/AM_PM_ET_205_362_00
0.026999999999999993 1.4132530604939303e-38
0.10199999999999983 4.5470136004683864e-40
0.15083333333333362 2.3034002634814296e-38
0.17700000000000043 7.4544920986922855e-37
0.17030000000000028 1.3845204058249201e-43
0.18249999999999963 2.914200132891671e-45
0.1839999999999994 7.232114285290058e-50
restart...
0.09749999999999982 2.443151433753482e-41
0.13400000000000073 2.5046375536937883e-41
0.15275000000000066 1.143516919816869e-44
0.1707000000000005 3.065504066915538e-45
0.17491666666666666 4.7727911434801936e-49
restart...
0.11100000000000003 8.017693898078265e-41
0.12733333333333374 7.102025475046471e-44
0.137375 4.000329076287263e-48
Sampling time (10 samples): 8626.6813 seconds
/scratch/users/yanlan/Retrieval_0705/Output/AM_PM_ET_212_318_00
0.035500000000000025 1.4334470366053637e-37
0.16474999999999984 1.9310321272074868e-35
0.21466666666666628 6.864815666749148e-33
0.21087499999999965 1.8374621966097815e-45
0.18319999999999964 5.942079159800473e-68
restart...
0.18149999999999997 4.444297136789223e-64
restart...
0.1782000000000002 3.4089502200407187e-68
restart...
0.18399999999999953 6.844027953287522e-65
restart...
0.18459999999999965 1.3234061648780731e-67
restart...
0.18129999999999982 5.185130409415221e-66
restart...
0.18259999999999987 4.536569608705352e-68
restart...
0.18379999999999935 2.8367824343365753e-64
restart...
0.1819 6.28520795709505e-64
restart...
0.18289999999999965 5.291509115522409e-67
restart...
0.1968999999999995 6.293496855302396e-56
restart...
Sampling time (10 samples): 8772.6649 seconds
/scratch/users/yanlan/Retrieval_0705/Output/AM_PM_ET_218_402_00
0.06500000000000003 1.7708256347053637e-33
0.1640000000000002 3.0470059639163506e-33
0.20033333333333345 7.308102797387736e-35
0.23412500000000008 1.4403905253650808e-33
0.25180000000000075 6.154707614963135e-33
0.26616666666666833 2.0543601979607303e-32
0.27885714285714197 9.009674942657999e-33
0.2861249999999987 2.679872157829929e-32
0.293944444444443 2.734131127430202e-32
0.2999999999999984 2.0699857385756543e-32
0.3034090909090895 7.282429175982076e-32
0.3086666666666656 4.7380535151960303e-32
0.3116153846153838 1.5884206454236457e-31
0.31553571428571303 1.0848864607618754e-31
0.31706666666666466 2.4824283557988343e-32
Sampling time (10 samples): 7368.7833 seconds
/scratch/users/yanlan/Retrieval_0705/Output/AM_PM_ET_225_320_00
0.04999999999999994 5.502975671166806e-36
0.17674999999999982 8.88611482048726e-34
0.1673333333333331 6.598877362688087e-56
restart...
0.16474999999999995 1.477057577100366e-33
0.20799999999999993 1.322447460800148e-32
0.23812500000000006 4.5476677609555687e-32
0.25290000000000007 3.1853636926617077e-32
0.22508333333333322 1.0747688729509097e-57
restart...
0.2666666666666653 5.29588197870349e-32
0.25371428571428506 6.502689010781693e-52
restart...
0.26249999999999657 1.8594682017500294e-43
0.24131249999999724 2.3481645475361968e-59
restart...
0.24068749999999686 1.30856757534758e-60
restart...
0.24024999999999613 6.276334769747719e-60
restart...
0.24062499999999679 4.542483389268844e-61
restart...
Sampling time (10 samples): 8742.9264 seconds
/scratch/users/yanlan/Retrieval_0705/Output/AM_PM_ET_233_327_00
0.05999999999999994 2.597098878535838e-35
0.15700000000000017 8.502391603426407e-34
0.1775000000000004 1.1835014916245033e-37
0.19637500000000074 4.1139995322148824e-40
0.19690000000000069 6.695531885403724e-42
0.2044166666666673 1.4911659011145872e-43
0.21464285714285755 9.961413937719234e-44
0.21406250000000057 1.8199147238238042e-46
0.21633333333333377 9.140137705129914e-48
0.22060000000000018 1.3455701697291226e-47
0.22413636363636397 8.582134459834063e-47
0.22958333333333325 1.1828215860931563e-46
0.2337307692307689 1.554139870409079e-46
0.23603571428571396 1.4113250845463303e-46
0.23826666666666674 1.2032585520417386e-46
Sampling time (10 samples): 7407.1926 seconds
/scratch/users/yanlan/Retrieval_0705/Output/AM_PM_ET_243_317_00
0.03299999999999999 1.310055488795286e-37
0.13699999999999962 1.3614581309267286e-40
0.1810000000000001 9.508966530279137e-47
0.14625000000000035 1.2021446292946545e-73
restart...
0.05299999999999995 2.726613395114712e-60
restart...
0.13875000000000018 1.0106674995130661e-39
0.13050000000000003 1.2349500361383657e-61
restart...
0.13400000000000004 7.189242740715636e-39
0.17716666666666667 3.378830395391943e-38
0.2069999999999999 2.5725749610336236e-39
0.22139999999999974 2.566081582902022e-40
0.2361666666666666 2.18023004064038e-40
0.2569999999999995 2.7698985599179455e-39
0.2706874999999986 7.162167528625308e-39
0.2828888888888872 5.786106506394184e-39
Sampling time (10 samples): 7999.4738 seconds
