/scratch/users/yanlan/Retrieval_0705/Output/AM_PM_ET_199_329_00
0.03450000000000004 2.0193128655740216e-37
0.11675000000000008 1.0679751493295214e-39
0.1628333333333333 2.0483913516810713e-37
0.19649999999999954 6.233542840943486e-36
0.21299999999999977 6.74902238980629e-34
0.22566666666666618 5.248795840088317e-34
0.23885714285714263 9.460122545240772e-35
0.24937500000000012 3.308458142069298e-34
0.26461111111111063 9.525362092081921e-34
0.2725000000000001 1.4407018467210229e-33
0.2778181818181836 1.6594501207580184e-33
0.28337500000000054 1.6169677742484582e-33
0.2849230769230763 3.930407900296523e-34
0.28567857142857106 5.344713319309253e-34
0.2884333333333334 1.5219038381835794e-34
Sampling time (10 samples): 8208.6933 seconds
/scratch/users/yanlan/Retrieval_0705/Output/AM_PM_ET_205_302_00
0.014999999999999984 1.663721093719281e-41
restart...
0.006000000000000009 4.3185864764089474e-48
restart...
0.006499999999999999 1.9539521430829143e-47
restart...
0.006000000000000008 1.9010972380558485e-47
restart...
0.009999999999999997 1.2566354634275168e-45
restart...
0.008499999999999983 7.021571738590378e-46
restart...
0.006999999999999981 3.934083034373527e-46
restart...
0.011500000000000007 3.2768611210007905e-44
restart...
0.004499999999999994 1.5923083200262526e-48
restart...
0.003999999999999995 5.7289218387461685e-49
restart...
0.01149999999999999 2.2993109032730072e-43
restart...
0.005000000000000002 8.423342835996373e-48
restart...
0.004999999999999994 1.9007739407370848e-48
restart...
0.00799999999999999 7.258975456615055e-45
restart...
0.0075000000000000335 1.434952143013845e-45
restart...
Sampling time (10 samples): 10691.7122 seconds
/scratch/users/yanlan/Retrieval_0705/Output/AM_PM_ET_212_258_00
0.02700000000000001 3.2512830258203263e-41
0.1437499999999999 1.1462189171242451e-41
0.1876666666666672 3.853719079023782e-40
0.2090000000000003 7.586920623379271e-38
0.22660000000000063 3.204517079457759e-35
0.2463333333333335 3.547262880775302e-34
0.259285714285715 1.8399735627123402e-34
0.2694375000000011 3.469483067385787e-35
0.2767777777777785 7.557167303309148e-35
0.2827000000000021 2.636657559141447e-35
0.2882727272727294 9.279656714802252e-36
0.2925416666666681 1.2252576044098073e-35
0.29638461538461586 1.5018463965038232e-36
0.2984642857142858 8.46633431860003e-36
0.2980666666666667 4.6581209785116774e-36
Sampling time (10 samples): 7610.5212 seconds
/scratch/users/yanlan/Retrieval_0705/Output/AM_PM_ET_218_327_00
0.054999999999999986 6.497522082406129e-36
0.16199999999999995 6.50302782589133e-37
0.20583333333333284 2.2681435302641246e-34
0.24162499999999934 6.599733044938756e-34
0.26910000000000067 8.704748651391532e-34
0.2841666666666686 1.7758437739237706e-33
0.29314285714285937 8.202307469217493e-34
0.29781250000000115 2.76552371002699e-33
0.3020555555555558 1.4570409816539214e-33
0.3062499999999984 1.137723538952956e-33
0.31181818181817955 1.4085541894958678e-33
0.31474999999999925 5.428667115363025e-34
0.31273076923076887 5.243145344839451e-34
0.31503571428571536 1.1362722650781895e-33
0.31573333333333353 2.1227296641867032e-33
Sampling time (10 samples): 7824.1866 seconds
/scratch/users/yanlan/Retrieval_0705/Output/AM_PM_ET_225_257_00
0.02800000000000003 5.695725313578298e-39
0.06225 1.6973101555889984e-51
restart...
0.06574999999999995 4.731684582864465e-48
0.1071666666666665 7.106943636809062e-50
restart...
0.06350000000000003 5.57689591527269e-51
restart...
0.0625000000000001 3.361407650797859e-50
restart...
0.075 1.3233774277964707e-46
0.09383333333333345 2.39531702942881e-54
restart...
0.06649999999999995 1.197915857205713e-50
restart...
0.07225000000000015 8.164838062270042e-48
0.09200000000000001 1.1388484663595998e-52
restart...
0.0682500000000001 4.759353840834457e-48
0.08016666666666636 5.797612010270662e-57
restart...
0.0725 1.885550563648175e-47
0.09983333333333323 6.510825952479973e-52
restart...
Sampling time (10 samples): 8616.2581 seconds
/scratch/users/yanlan/Retrieval_0705/Output/AM_PM_ET_233_256_00
0.033000000000000015 1.1384208558758974e-37
0.15475000000000003 4.818452220780275e-36
0.16716666666666669 5.667821877578566e-39
0.19637500000000002 4.709819798216239e-39
0.2251000000000009 1.0599811072974248e-37
0.2545000000000005 1.0235524350750784e-37
0.28185714285714253 4.3429621519800123e-38
0.30287499999999923 4.585089720890163e-37
0.3143888888888875 3.554517046689525e-37
0.3286000000000001 1.5847085262986788e-37
0.33668181818181986 1.2520680567055999e-36
0.33991666666666737 5.777106479664471e-38
0.3157307692307702 5.527892682434335e-68
restart...
0.31599999999999956 7.038473356625212e-67
restart...
0.31557692307692303 7.100319072756035e-69
restart...
Sampling time (10 samples): 8589.5574 seconds
/scratch/users/yanlan/Retrieval_0705/Output/AM_PM_ET_242_330_00
0.062499999999999965 2.3376888875371475e-33
0.1377499999999998 6.34247802588668e-36
0.18799999999999972 1.935400268799477e-34
0.18962499999999968 4.1425944405675895e-41
0.2090999999999991 8.696565324734864e-42
0.2324999999999996 1.457898059233129e-41
0.2489285714285711 8.919145211076579e-41
0.26468749999999863 4.197943260303187e-40
0.2778888888888871 2.351896469841009e-41
0.28884999999999755 1.6429287883881223e-41
0.2897727272727245 1.0789108899342815e-41
0.29454166666666404 3.24314196380437e-41
0.29988461538461386 1.978852386846259e-40
0.3037142857142855 6.491300108869632e-41
0.30693333333333217 1.422852846753592e-40
Sampling time (10 samples): 7721.1742 seconds
