/scratch/users/yanlan/Retrieval_0705/Output/AM_PM_ET_204_302_00
0.019000000000000003 7.748602825984826e-41
restart...
0.014499999999999985 7.950356635908081e-44
restart...
0.01649999999999999 5.519101260008734e-40
restart...
0.02299999999999999 1.1526654637456386e-38
0.014749999999999996 5.242096871549529e-79
restart...
0.01774999999999999 2.103721682485227e-75
restart...
0.031749999999999994 2.985846849947693e-65
restart...
0.019750000000000066 3.986031844539237e-72
restart...
0.0205 5.1992700129221435e-70
restart...
0.023249999999999965 5.407841576431094e-67
restart...
0.02175 4.698931923055233e-69
restart...
0.02424999999999998 3.1142556096218375e-68
restart...
0.02699999999999997 6.747484024665376e-66
restart...
0.033749999999999974 1.1467928712491269e-60
restart...
0.03449999999999993 1.1826373927383921e-63
restart...
Sampling time (10 samples): 8214.0846 seconds
/scratch/users/yanlan/Retrieval_0705/Output/AM_PM_ET_211_233_00
0.027499999999999997 6.5101233282881315e-37
0.11100000000000002 1.928606035405401e-39
0.17200000000000035 2.2592397308589057e-35
0.21137500000000017 4.6899730909801466e-32
0.2165 1.2913431387937149e-33
0.22416666666666654 2.8206613186729247e-34
0.2399285714285718 5.147256038715411e-35
0.25350000000000095 8.660599386086638e-35
0.2685000000000011 4.768772648417705e-35
0.27425000000000155 7.853964478501575e-35
0.28145454545454557 1.1392808279884717e-34
0.2881666666666665 1.4720255053200667e-34
0.29292307692307606 6.149258270590444e-35
0.2979642857142854 7.888591574476041e-35
0.300166666666667 7.659168977345487e-35
Sampling time (10 samples): 7928.1135 seconds
/scratch/users/yanlan/Retrieval_0705/Output/AM_PM_ET_217_318_00
0.039 1.7942866213217486e-34
0.17400000000000013 2.1164618194149795e-34
0.2233333333333332 2.547419624521796e-32
0.25187499999999974 1.7032757230130576e-32
0.2694999999999993 4.648150982213741e-32
0.28549999999999887 3.814929199364248e-32
0.2979285714285707 3.7977998768472e-32
0.30512500000000037 3.234690879928706e-32
0.3092777777777778 8.11830173924986e-32
0.31569999999999987 1.6765871172943648e-32
0.32227272727272666 1.1016659788909064e-32
0.32720833333333343 2.3153927494618489e-32
0.3303461538461531 1.8655495185277522e-31
0.3336785714285716 6.694716678038542e-32
0.3365333333333321 1.8357320765662823e-32
Sampling time (10 samples): 7678.2309 seconds
/scratch/users/yanlan/Retrieval_0705/Output/AM_PM_ET_223_388_00
0.05550000000000001 7.223679329965921e-34
0.13950000000000035 1.6219903813601456e-32
0.12600000000000056 7.978725681085838e-52
restart...
0.09674999999999999 2.49594755378291e-42
0.06649999999999992 1.3816955531406805e-82
restart...
0.14624999999999966 2.1089747749692354e-32
0.10716666666666652 4.551026856929554e-63
restart...
0.12625000000000014 1.6144249340480005e-39
0.08716666666666632 3.937105115847736e-77
restart...
0.08225000000000017 6.42761997174683e-46
0.06716666666666739 3.9729760805505996e-74
restart...
0.11399999999999974 6.639780558141525e-40
0.08433333333333315 5.5278404125297746e-71
restart...
0.08099999999999993 1.2038534312852254e-48
0.06683333333333323 3.4412062700291845e-75
restart...
Sampling time (10 samples): 7655.9758 seconds
/scratch/users/yanlan/Retrieval_0705/Output/AM_PM_ET_231_319_00
0.03400000000000003 5.028761155994383e-36
0.1269999999999998 6.366659601156633e-38
0.1845000000000004 1.4697752796572083e-35
0.21975 4.145485032970291e-34
0.18640000000000007 7.091229421816155e-59
restart...
0.25110000000000054 1.3483165969130418e-34
0.25600000000000056 4.028218215359052e-41
0.22807142857142942 3.24733018299149e-65
restart...
0.22521428571428648 1.788183606683232e-70
restart...
0.22814285714285734 3.601387774741083e-66
restart...
0.22814285714285767 1.6483901925157473e-64
restart...
0.22992857142857234 4.3026149433916336e-60
restart...
0.22764285714285795 3.1196141557729656e-65
restart...
0.22714285714285753 2.022669498930178e-65
restart...
0.22707142857142942 2.0171237251677687e-63
restart...
Sampling time (10 samples): 10192.3679 seconds
/scratch/users/yanlan/Retrieval_0705/Output/AM_PM_ET_240_331_00
0.04199999999999998 8.110961677413376e-36
0.14524999999999985 1.4152444710877237e-37
0.2031666666666666 7.183515554255072e-35
0.23600000000000004 6.509294836166485e-33
0.24890000000000048 3.051491823356349e-34
0.2569166666666673 1.5021000443169045e-36
0.26657142857142985 1.428332470094823e-38
0.2777500000000002 2.5556281218034384e-38
0.29105555555555374 1.6814170382641454e-38
0.2998999999999987 4.418409086412106e-39
0.3064999999999974 6.320800028403517e-39
0.3135833333333289 1.1678406485355999e-38
0.31915384615384007 8.173658354042755e-39
0.3243928571428518 1.1552424354990527e-37
0.3282999999999936 5.018712494945801e-38
Sampling time (10 samples): 8021.0903 seconds
