/scratch/users/yanlan/Retrieval_0705/Output/AM_PM_ET_202_257_00
0.021000000000000036 2.033459104817274e-40
0.06824999999999999 1.5604489048011162e-49
restart...
0.072 3.405534173020806e-49
restart...
0.07900000000000001 1.2627401217160456e-49
restart...
0.07850000000000003 1.127084087585578e-47
0.10883333333333345 6.721687520758481e-50
restart...
0.07375000000000005 5.397066153490193e-49
restart...
0.07325000000000005 5.585023120651855e-49
restart...
0.07449999999999983 8.631927150787417e-49
restart...
0.07049999999999995 8.224578981657476e-49
restart...
0.08175000000000003 2.296666929405128e-49
restart...
0.07575000000000001 8.722088729794419e-49
restart...
0.07475000000000001 1.1628684407434593e-49
restart...
0.07675000000000012 2.301428237239913e-50
restart...
0.07374999999999995 5.4789416756887464e-49
restart...
Sampling time (10 samples): 8609.1364 seconds
/scratch/users/yanlan/Retrieval_0705/Output/AM_PM_ET_208_285_00
0.021500000000000005 1.1962661769691767e-40
0.14750000000000002 4.188972671331215e-39
0.1605000000000002 8.860883185701335e-43
0.15812500000000024 1.0812620761865118e-48
0.17569999999999947 3.53877671827644e-46
0.18599999999999886 1.1929574341005102e-44
0.2053571428571417 1.3014596689192028e-42
0.21824999999999903 2.493161656301249e-41
0.22888888888888784 1.4554776979513646e-39
0.24324999999999883 6.382143798383668e-39
0.25354545454545396 1.1244446275862295e-38
0.2594583333333339 7.635974529588063e-39
0.2653461538461539 7.233824944306701e-39
0.2695357142857157 1.683876269180736e-38
0.2755000000000015 9.920026705409857e-39
Sampling time (10 samples): 7948.8598 seconds
/scratch/users/yanlan/Retrieval_0705/Output/AM_PM_ET_215_258_00
0.027000000000000007 5.904502600033385e-39
0.10599999999999997 1.4990622074706438e-41
0.0955000000000001 4.2794604939788595e-58
restart...
0.03924999999999979 6.838566773686566e-58
restart...
0.045750000000000075 2.3935470648643937e-54
restart...
0.03349999999999984 4.2967274279060114e-61
restart...
0.037499999999999915 2.6581143955373114e-57
restart...
0.036749999999999915 1.2457858636855513e-55
restart...
0.038999999999999924 4.886976982292049e-58
restart...
0.05975 6.550646206353851e-52
restart...
0.05649999999999998 1.2318839664071314e-50
restart...
0.04900000000000002 9.620926262698463e-53
restart...
0.04925000000000005 3.1237873831472605e-54
restart...
0.04249999999999992 7.638444341132838e-55
restart...
0.03475000000000001 2.0549025316244013e-59
restart...
Sampling time (10 samples): 7727.4814 seconds
/scratch/users/yanlan/Retrieval_0705/Output/AM_PM_ET_221_305_00
0.052999999999999985 1.3890993448589932e-34
0.17449999999999985 3.9894401010735615e-33
0.16216666666666651 1.775695437790607e-47
0.1574999999999996 8.267202627121867e-56
restart...
0.1607500000000002 1.7825702802045643e-34
0.1275000000000006 1.1727734662511378e-54
restart...
0.14050000000000012 8.343559647027056e-42
0.12433333333333349 1.145906024156881e-58
restart...
0.15000000000000002 3.687333215058768e-33
0.123666666666667 6.424904211121008e-51
restart...
0.16350000000000006 2.2277313479623302e-33
0.13166666666666615 1.0947277598188481e-51
restart...
0.12624999999999936 1.1345817211622998e-40
0.13483333333333297 2.507290480012609e-49
restart...
0.13175000000000006 1.5368345239163835e-42
Sampling time (10 samples): 7404.7602 seconds
/scratch/users/yanlan/Retrieval_0705/Output/AM_PM_ET_228_321_00
0.05699999999999998 1.4031442310769972e-34
0.15349999999999986 1.8746069189237146e-35
0.18483333333333296 4.7018848746878e-36
0.19937499999999994 6.777838191881735e-38
0.21869999999999992 2.646555648242949e-37
0.23524999999999985 1.9835004710527203e-36
0.24485714285714325 7.62925504069983e-37
0.2516875000000004 2.4270308884001288e-37
0.2596666666666668 7.002515405915538e-37
0.2630999999999996 1.5866299717035657e-36
0.26136363636363674 2.1491810420881375e-36
0.26312500000000144 1.0079923844031414e-36
0.2645769230769247 5.702268791862863e-37
0.26532142857142954 1.1910346849992674e-36
0.2673 1.2465506117544805e-36
Sampling time (10 samples): 7819.9254 seconds
/scratch/users/yanlan/Retrieval_0705/Output/AM_PM_ET_237_289_00
0.07099999999999994 4.612902194948215e-35
0.17875000000000021 1.8094921136258336e-32
0.1341666666666667 1.1086487393488434e-56
restart...
0.17824999999999988 1.5264716879537865e-31
0.14466666666666705 1.0411677481808452e-52
restart...
0.10750000000000003 1.4237078859521498e-50
restart...
0.09499999999999985 1.8264586210175042e-51
restart...
0.09550000000000013 2.6512718001455045e-52
restart...
0.10625000000000015 1.6268444712431797e-51
restart...
0.18124999999999986 1.3377252912875677e-31
0.14350000000000024 3.5531877955919784e-56
restart...
0.09874999999999992 5.854993843875181e-52
restart...
0.09649999999999988 3.134989590333804e-53
restart...
0.18300000000000008 5.509091587942727e-35
0.13549999999999998 3.3051766283221087e-64
restart...
Sampling time (10 samples): 7838.8464 seconds
/scratch/users/yanlan/Retrieval_0705/Output/AM_PM_ET_250_267_00
0.02000000000000001 1.9463767138269954e-42
0.08950000000000027 6.627624480528193e-49
restart...
0.06624999999999998 3.395604079513082e-51
restart...
0.07299999999999984 5.1913761967981473e-51
restart...
0.08674999999999983 1.1483873403754152e-49
restart...
0.07949999999999997 5.157233993339727e-50
restart...
0.07849999999999996 1.0176538237403848e-51
restart...
0.07925000000000018 1.9939459240580135e-50
restart...
0.08799999999999995 1.2705146527071659e-47
0.13116666666666607 2.4162878991991927e-45
0.14737499999999998 5.763322597395882e-47
0.11919999999999996 1.857360755666829e-86
restart...
0.09299999999999994 1.4014189530164076e-46
0.13416666666666666 2.0400460894207872e-45
0.14049999999999987 1.723087768990865e-49
restart...
Sampling time (10 samples): 8514.7759 seconds
