/scratch/users/yanlan/Retrieval_0705/Output/AM_PM_ET_202_373_00
0.030999999999999993 1.4538201302257841e-37
0.05625000000000001 1.943756773160417e-49
restart...
0.06049999999999994 1.0424484886770295e-50
restart...
0.05924999999999997 1.114142255548016e-49
restart...
0.0605000000000001 1.743913478700551e-49
restart...
0.04550000000000002 4.3343737307463416e-55
restart...
0.06299999999999992 3.1556174502436736e-50
restart...
0.05924999999999999 1.8005888249903276e-52
restart...
0.058749999999999976 8.666856170165568e-52
restart...
0.05849999999999998 1.8901645667753935e-51
restart...
0.05150000000000008 4.116856497742339e-55
restart...
0.04925000000000011 7.922849252614145e-53
restart...
0.04700000000000009 1.1804589528847379e-54
restart...
0.058500000000000094 1.0017966392671731e-51
restart...
0.048000000000000015 6.936638896371153e-54
restart...
Sampling time (10 samples): 8082.7322 seconds
/scratch/users/yanlan/Retrieval_0705/Output/AM_PM_ET_209_252_00
0.016999999999999994 5.053610873562765e-41
restart...
0.01199999999999999 1.4538923094066258e-42
restart...
0.01200000000000001 1.511974968477022e-42
restart...
0.014000000000000002 1.4954671690475155e-42
restart...
0.012500000000000008 4.939688441541403e-44
restart...
0.013499999999999993 8.706304001440353e-43
restart...
0.009000000000000036 7.757077575386883e-45
restart...
0.010500000000000004 2.3867939213148743e-44
restart...
0.014500000000000002 3.452006288027154e-42
restart...
0.01150000000000001 1.0033565081586491e-44
restart...
0.013999999999999995 5.0352437684350936e-42
restart...
0.01149999999999998 2.8578338659607502e-42
restart...
0.013999999999999986 1.5610552396018981e-41
restart...
0.015000000000000001 3.2039025080874353e-41
restart...
0.012999999999999989 7.219534289859475e-42
restart...
Sampling time (10 samples): 7986.8820 seconds
/scratch/users/yanlan/Retrieval_0705/Output/AM_PM_ET_215_383_00
0.05550000000000003 1.0065413108378802e-33
0.1502499999999997 3.982761888362378e-34
0.18116666666666692 1.179095436732218e-33
0.19212500000000018 1.9409266180249286e-32
0.20289999999999983 9.518400037978079e-32
0.20516666666666628 1.538089607371005e-32
0.20799999999999952 7.344340292587607e-32
0.2083124999999992 3.991711039126998e-31
0.21072222222222198 1.1550216563891376e-32
0.2125499999999999 7.253846798934882e-32
0.21254545454545445 5.012001780958725e-32
0.20058333333333317 4.356691066300005e-54
restart...
0.2121249999999999 1.0433331780885097e-32
0.2120384615384614 3.606057658556476e-33
0.21396428571428605 1.1066511179039809e-32
Sampling time (10 samples): 7876.9924 seconds
/scratch/users/yanlan/Retrieval_0705/Output/AM_PM_ET_222_265_00
0.023 4.182180862500689e-39
0.0877500000000002 1.0301328830139229e-45
0.1220000000000003 1.68657956845671e-48
0.15650000000000044 7.762000023303677e-47
0.18120000000000075 2.411402870002965e-45
0.20291666666666736 3.356217674452379e-44
0.22514285714285723 2.056749215449482e-43
0.24056250000000015 3.823213187146169e-43
0.25133333333333285 2.7981554667631653e-43
0.2598499999999991 8.7286596714333355e-44
0.2688636363636349 2.1890121588515836e-43
0.276041666666665 1.0883081383829417e-43
0.28061538461538343 1.2003539775309443e-43
0.2884642857142859 7.316462059355876e-44
0.2911666666666663 5.4900065777103344e-45
Sampling time (10 samples): 7857.6461 seconds
/scratch/users/yanlan/Retrieval_0705/Output/AM_PM_ET_229_304_00
0.032500000000000015 2.216149558496421e-40
0.13049999999999964 3.205701162018543e-41
0.17216666666666716 1.2547629372922855e-38
0.19487500000000046 3.4951422345120442e-37
0.2106000000000001 9.01029153464056e-36
0.2200833333333336 7.095030867527522e-34
0.2280714285714293 7.535401949963295e-34
0.23500000000000063 2.4883915860504366e-33
0.21266666666666723 1.7266641557313866e-69
restart...
0.2357777777777784 1.0834324026912059e-33
0.2180500000000006 1.766410789759787e-63
restart...
0.23895000000000063 4.13962188311283e-35
0.2453636363636374 8.676137874324783e-35
0.2532083333333349 8.623007614940907e-35
0.2584615384615389 1.6462184148851812e-34
Sampling time (10 samples): 8269.4365 seconds
/scratch/users/yanlan/Retrieval_0705/Output/AM_PM_ET_238_277_00
0.017 5.281091807056014e-42
restart...
0.07449999999999991 1.81586826830237e-32
0.08625000000000013 9.037160576600627e-45
0.10016666666666676 7.617313259018908e-55
restart...
0.10175000000000002 1.0976095346488519e-41
0.13016666666666682 7.826110984056932e-45
0.12675000000000083 1.0099783862706709e-53
restart...
0.07599999999999973 1.1558387305285264e-47
0.08499999999999976 9.178182675639061e-58
restart...
0.06950000000000016 6.058290791104717e-52
restart...
0.06174999999999993 5.8726812097905714e-55
restart...
0.06874999999999977 1.3736832441450827e-50
restart...
0.06350000000000017 1.4931856779202163e-52
restart...
0.07349999999999994 5.446183151225124e-50
restart...
0.07625000000000007 1.8549750425456305e-49
restart...
Sampling time (10 samples): 7351.8918 seconds
/scratch/users/yanlan/Retrieval_0705/Output/AM_PM_ET_251_393_00
0.005999999999999995 3.61705149364943e-48
restart...
0.010500000000000015 5.000267839264907e-46
restart...
0.015499999999999996 1.1271236193986512e-41
restart...
0.017499999999999984 5.19966791361281e-41
restart...
0.012499999999999994 9.326804247487666e-45
restart...
0.006500000000000002 2.785733158336141e-48
restart...
0.015000000000000003 3.623127873981497e-42
restart...
0.017000000000000015 6.522495019142235e-42
restart...
0.009000000000000005 8.497597893409041e-46
restart...
0.02849999999999998 1.754004170242909e-40
0.12025000000000023 2.3337518330662177e-43
0.1760000000000009 2.1135780411353934e-40
0.20250000000000049 1.8590390826407014e-39
0.2168000000000007 1.44039510829623e-38
0.22841666666666743 7.660632533327275e-38
Sampling time (10 samples): 7705.6035 seconds
