/scratch/users/yanlan/Retrieval_0705/Output/AM_PM_ET_199_257_00
0.016999999999999998 1.7861637718106928e-43
restart...
0.016499999999999983 6.234050135672461e-41
restart...
0.0455 1.2211701939395602e-36
0.10975000000000001 1.868319469428844e-42
0.08066666666666676 8.748459507099589e-73
restart...
0.1022500000000001 9.452321190133037e-42
0.09300000000000001 6.604199311504921e-61
restart...
0.09275 5.553234017930258e-48
0.07283333333333336 3.79461341176395e-72
restart...
0.07900000000000007 1.3596973223094464e-46
0.11433333333333323 3.9410667674747774e-48
0.16400000000000003 5.595353945540857e-44
0.19000000000000014 9.441381873610264e-40
0.20950000000000008 3.888979473367668e-36
0.22764285714285742 9.2007133001691e-35
Sampling time (10 samples): 9153.7869 seconds
/scratch/users/yanlan/Retrieval_0705/Output/AM_PM_ET_205_234_00
0.013000000000000001 9.285327597108953e-43
restart...
0.02050000000000002 2.6080899644444956e-41
0.08249999999999999 7.499461006115201e-49
restart...
0.08050000000000006 1.7110632203700328e-48
0.11933333333333337 2.084939816343526e-48
0.15037499999999981 3.954787978603984e-47
0.16749999999999987 2.1567746470030536e-45
0.1778333333333333 5.198230461108855e-46
0.1913571428571431 1.2699619752477703e-46
0.20425000000000035 3.593489801354129e-46
0.21016666666666733 2.782242814178979e-47
0.2230500000000005 4.938138768712492e-47
0.23372727272727284 1.3188327743663653e-46
0.24008333333333357 1.3715323908515559e-46
0.24684615384615374 4.7190453653378875e-47
Sampling time (10 samples): 9484.1147 seconds
/scratch/users/yanlan/Retrieval_0705/Output/AM_PM_ET_211_335_00
0.05799999999999999 1.9832416628403504e-36
0.17274999999999993 5.3493719124107855e-37
0.23333333333333367 1.123707171858405e-36
0.2831249999999995 8.026693423784612e-37
0.3068999999999997 9.679451360188207e-37
0.32349999999999884 4.2309343487992325e-36
0.33621428571428574 1.5517455028511722e-36
0.34081250000000013 1.412832059888301e-36
0.34411111111111026 4.921408505012429e-36
0.3493499999999986 5.277306396208985e-37
0.3523181818181811 2.905581512035e-37
0.35808333333333364 5.746144287377108e-37
0.36046153846153917 1.7243820842117064e-36
0.361607142857144 2.572784410933539e-36
0.361566666666668 5.4261838630278735e-37
Sampling time (10 samples): 8706.0361 seconds
/scratch/users/yanlan/Retrieval_0705/Output/AM_PM_ET_218_258_00
0.016499999999999994 1.2530620924749623e-41
restart...
0.021000000000000008 7.902304053508565e-41
0.10674999999999998 9.849530774378211e-44
0.15999999999999995 1.2342525924135593e-41
0.2013750000000003 4.013550648660973e-41
0.21970000000000034 6.48700032196359e-42
0.2119166666666664 2.6040507512778408e-48
0.20814285714285694 1.1895397057629308e-54
restart...
0.22357142857142845 1.6333488442147436e-46
0.22406250000000008 5.426483734982866e-53
restart...
0.23643749999999947 4.4507821095515265e-45
0.2436111111111107 3.278165951043742e-44
0.23639999999999964 3.596286969451361e-52
restart...
0.23524999999999974 7.115319290582822e-53
restart...
0.23234999999999964 7.467172513157661e-54
restart...
Sampling time (10 samples): 8909.2552 seconds
/scratch/users/yanlan/Retrieval_0705/Output/AM_PM_ET_224_330_00
0.04300000000000002 9.716542185456894e-35
0.10800000000000003 6.779540915246419e-38
0.1325 1.5972049068178981e-43
0.15412499999999932 3.0209853727438126e-45
0.18869999999999867 9.458962863416962e-43
0.21024999999999927 2.765183751662151e-42
0.22942857142857126 1.3105804350028908e-41
0.24118749999999992 9.53222374220019e-41
0.2506111111111112 4.74034310156325e-41
0.26040000000000124 6.634544107252839e-41
0.26545454545454555 4.301772888738945e-41
0.27400000000000013 2.529987673439043e-41
0.27988461538461457 9.723474864117528e-42
0.2842142857142859 6.083364098848443e-41
0.28893333333333127 7.475402038832131e-41
Sampling time (10 samples): 9143.9973 seconds
/scratch/users/yanlan/Retrieval_0705/Output/AM_PM_ET_232_302_00
0.019000000000000024 1.471814959086641e-40
restart...
0.05400000000000002 1.2506462690370487e-36
0.16125 4.288877039508443e-34
0.21016666666666647 1.9774261506541672e-32
0.2368750000000004 4.7828533833757017e-32
0.2564000000000004 2.8343245247627404e-31
0.26941666666666714 9.561476257571294e-31
0.2735714285714278 4.380431851531811e-31
0.2831874999999984 4.144377515085868e-31
0.28699999999999787 2.676763394963222e-31
0.2899999999999976 2.0112333956747024e-31
0.2924545454545429 1.4656193069527517e-31
0.286124999999998 6.72781831061986e-47
0.2644615384615365 6.001858923180918e-87
restart...
0.2643076923076893 1.7042883481320914e-89
restart...
Sampling time (10 samples): 9554.6223 seconds
/scratch/users/yanlan/Retrieval_0705/Output/AM_PM_ET_241_356_00
0.4040000000000004 8.906837635201071e-13
0.3662500000000003 9.272892268514668e-13
0.35049999999999915 5.420285575102443e-13
0.3428749999999995 1.6943605032846663e-12
0.3370999999999992 4.636638484598072e-13
0.3381666666666662 7.52849898512714e-13
0.3293571428571431 6.091569071983144e-13
0.32968750000000036 1.1471283533290811e-12
0.3292222222222226 3.9985118596208225e-13
0.32844999999999963 1.0823196107292454e-12
0.3293181818181828 1.203975766410475e-13
0.3318333333333332 1.756189940273233e-13
0.3322307692307696 8.526487280015039e-13
0.3324285714285726 1.2069688820319927e-12
0.3319000000000001 4.657868266576922e-13
Sampling time (10 samples): 8206.9390 seconds
