/scratch/users/yanlan/Retrieval_0705/Output/AM_PM_ET_202_340_00
0.06800000000000005 8.679230691522634e-35
0.19124999999999986 4.3968118555423087e-32
0.24866666666666698 1.3248866126828287e-30
0.27700000000000075 1.3206494947539338e-31
0.2938000000000011 1.0023599580707264e-30
0.30408333333333476 5.6356005875049e-31
0.31142857142857244 1.945442679042727e-31
0.31456250000000135 1.306186654865934e-31
0.3208333333333351 3.345684971993328e-31
0.3231500000000022 2.011043999496838e-31
0.32818181818182 3.4459219151982958e-31
0.32979166666666765 2.7715968178471826e-31
0.33146153846153925 3.3628899891225456e-31
0.3338571428571436 5.2634636320522595e-31
0.33916666666666695 1.8829811195787757e-31
Sampling time (10 samples): 7943.5028 seconds
/scratch/users/yanlan/Retrieval_0705/Output/AM_PM_ET_208_376_00
0.03450000000000007 2.13100609217014e-36
0.09749999999999993 3.23151560796494e-40
0.11283333333333331 3.5111601880340806e-45
0.11675000000000015 2.50208765165475e-49
restart...
0.08225000000000006 2.6767275095332203e-43
0.11233333333333327 4.345095243968546e-46
0.12487499999999974 6.091054840958695e-47
0.1322999999999995 9.029837585811047e-48
0.13624999999999932 1.2094859526090612e-48
0.14107142857142776 1.4217183760692618e-48
0.14281249999999984 1.9053700507382705e-51
restart...
0.09175000000000007 3.135763483771765e-43
0.1256666666666665 5.450763609582914e-44
0.14850000000000005 5.592903832721445e-44
0.15719999999999992 5.025130233902462e-44
Sampling time (10 samples): 7829.6544 seconds
/scratch/users/yanlan/Retrieval_0705/Output/AM_PM_ET_215_338_00
0.017500000000000005 5.941534236518529e-41
restart...
0.014999999999999972 2.2821117404648615e-41
restart...
0.02350000000000005 3.020806087965883e-39
0.10099999999999996 1.2466264891067188e-46
0.16566666666666657 3.964645171174006e-42
0.1950000000000003 7.505491062930998e-40
0.21190000000000042 4.131409283410735e-39
0.22916666666666693 3.638696220784204e-38
0.24564285714285772 3.7881021997784997e-38
0.25906250000000114 6.248236606540756e-38
0.27327777777777884 3.336766416507745e-38
0.2810499999999994 9.916701821154922e-38
0.2860909090909099 1.458746639474609e-37
0.2922500000000008 2.754761532863794e-38
0.2963076923076913 5.816344739086895e-38
Sampling time (10 samples): 7950.2336 seconds
/scratch/users/yanlan/Retrieval_0705/Output/AM_PM_ET_221_399_00
0.008999999999999998 2.596611936499823e-44
restart...
0.012999999999999994 2.962308018632938e-42
restart...
0.05800000000000004 2.6997074276383443e-36
0.13700000000000007 1.9825336722810993e-37
0.1905000000000003 6.0069404767652473e-36
0.21225000000000047 1.010616054107684e-35
0.23120000000000054 9.607103306226033e-36
0.2401666666666671 9.986511753823262e-36
0.25192857142857156 2.05179738192988e-35
0.24537500000000084 1.4896665934642794e-41
0.2523888888888889 2.3254800139427936e-40
0.25785000000000013 1.3087971173175585e-38
0.2637272727272734 7.352687967737215e-38
0.2679166666666687 9.935104678186179e-38
0.27173076923076916 1.0492449363673199e-37
Sampling time (10 samples): 7955.9209 seconds
/scratch/users/yanlan/Retrieval_0705/Output/AM_PM_ET_229_271_00
0.015499999999999996 1.2106352430894828e-40
restart...
0.00999999999999999 1.075966009342127e-44
restart...
0.0255 1.15225804736456e-39
0.08799999999999993 3.4149013343133824e-45
0.12349999999999973 2.3871555271533956e-45
0.1567499999999999 6.448312191585512e-43
0.18159999999999976 2.5257341640139096e-40
0.19566666666666652 7.224361322560358e-39
0.20878571428571405 4.0398655812028575e-38
0.18418749999999984 1.74522424729062e-76
restart...
0.1961874999999996 1.3677035628163464e-62
restart...
0.19199999999999984 9.136400993774979e-69
restart...
0.21193749999999992 9.564626447052063e-44
0.19250000000000003 6.874533079289596e-69
restart...
0.19261111111111107 4.98993862163129e-64
restart...
Sampling time (10 samples): 8238.4154 seconds
/scratch/users/yanlan/Retrieval_0705/Output/AM_PM_ET_237_370_00
0.4170000000000004 9.289897765130017e-13
0.361000000000001 4.998475054300518e-13
0.349833333333334 7.206078839707144e-13
0.3373750000000002 6.670110924826037e-13
0.335200000000001 3.438001380093884e-13
0.3295000000000006 2.9448232665684494e-13
0.32514285714285657 1.0228046434435224e-12
0.3240624999999999 1.218414008741133e-12
0.3222777777777786 5.582907004096968e-13
0.32115000000000143 8.524987916825963e-13
0.31995454545454516 7.461527397941306e-13
0.3213333333333343 1.3923176326032722e-12
0.3221153846153857 5.333377278306342e-13
0.3230000000000028 4.584154908533839e-13
0.32240000000000363 5.980443124050752e-13
Sampling time (10 samples): 7861.4283 seconds
/scratch/users/yanlan/Retrieval_0705/Output/AM_PM_ET_251_299_00
0.015499999999999996 1.149890362110856e-40
restart...
0.060500000000000005 1.6446397451011918e-35
0.16099999999999975 6.710131592227584e-35
0.19900000000000026 8.645377804258848e-34
0.21337500000000043 2.605454677791896e-34
0.19800000000000043 3.617787715845722e-52
restart...
0.18610000000000054 3.896599061324026e-58
restart...
0.1827000000000007 1.2241529185445136e-59
restart...
0.18440000000000023 1.416797666656894e-62
restart...
0.18209999999999987 2.748508181810857e-63
restart...
0.17880000000000038 7.9957133335553e-65
restart...
0.20480000000000068 9.456401255665765e-44
0.17208333333333395 3.1996379115359383e-81
restart...
0.17483333333333387 5.485162956938437e-74
restart...
0.1720000000000006 6.943009679645018e-80
restart...
Sampling time (10 samples): 8129.6448 seconds
