/scratch/users/yanlan/Retrieval_0705/Output/AM_PM_ET_202_359_00
0.03399999999999999 4.1724223710781666e-37
0.14300000000000027 1.0662501164289786e-35
0.20116666666666708 5.0989857102617996e-33
0.2287500000000003 9.684426341427011e-33
0.24090000000000064 8.385467903749402e-32
0.2575833333333335 9.500432119269876e-32
0.2650714285714289 5.756379964175853e-32
0.2728124999999991 2.0532503751627304e-32
0.2772222222222216 1.0214747015978881e-31
0.28094999999999987 7.918935241377503e-32
0.28354545454545527 4.641520805248216e-32
0.28608333333333474 7.890708065689404e-33
0.2866923076923103 4.533734935495372e-33
0.29264285714285937 2.2480584699086118e-33
0.2976333333333346 3.7844833011670396e-33
Sampling time (10 samples): 8660.1506 seconds
/scratch/users/yanlan/Retrieval_0705/Output/AM_PM_ET_209_238_00
0.03500000000000001 6.733322075609993e-39
0.1535 9.58020894069562e-39
0.20116666666666708 2.0187869883792957e-36
0.16812500000000047 2.7723055113871315e-60
restart...
0.16162500000000035 4.039012116364944e-64
restart...
0.17262500000000033 1.037934562872909e-59
restart...
0.18025000000000005 1.502669578756405e-46
0.15950000000000014 2.8180881383350577e-67
restart...
0.16612500000000036 1.3472937843052544e-61
restart...
0.17225000000000035 2.1977308424535747e-55
restart...
0.1686250000000001 1.5708492307407778e-61
restart...
0.1878750000000005 4.0129136897143474e-45
0.16610000000000041 2.0377633780709732e-63
restart...
0.18287500000000056 1.5977974891228136e-46
0.16180000000000042 4.356487683852758e-65
restart...
Sampling time (10 samples): 8349.1942 seconds
/scratch/users/yanlan/Retrieval_0705/Output/AM_PM_ET_215_364_00
0.00750000000000002 3.2710773986670334e-46
restart...
0.00799999999999999 2.796603791150122e-46
restart...
0.04349999999999996 4.394666204447084e-36
0.16275000000000023 1.7670186629943993e-34
0.20716666666666692 7.9546698168004e-33
0.19775000000000037 1.3681734778029005e-44
0.18590000000000056 3.440998218336878e-51
restart...
0.22312500000000013 1.650831547858909e-36
0.19479999999999958 3.5989178896545904e-53
restart...
0.19560000000000027 2.7840861369118386e-51
restart...
0.19690000000000046 2.8635890177383762e-52
restart...
0.19809999999999994 6.009866527389405e-51
restart...
0.19270000000000076 1.791716899295719e-52
restart...
0.1983999999999996 1.6325902347488983e-50
restart...
0.19590000000000035 5.765316172978503e-50
restart...
Sampling time (10 samples): 8225.1052 seconds
/scratch/users/yanlan/Retrieval_0705/Output/AM_PM_ET_222_250_00
0.017500000000000016 5.425979773416838e-41
restart...
0.018999999999999982 1.0158989850669087e-39
restart...
0.011000000000000008 1.2392717754199936e-42
restart...
0.017499999999999988 5.199256803455021e-42
restart...
0.018000000000000006 5.399682600329368e-41
restart...
0.015000000000000008 3.9599805375119544e-43
restart...
0.011500000000000012 1.86328977664473e-43
restart...
0.018000000000000002 9.292454526710047e-40
restart...
0.015499999999999996 5.499662978738165e-43
restart...
0.016499999999999997 5.839426654604051e-40
restart...
0.013 9.375259783087407e-43
restart...
0.020500000000000018 7.321703085632897e-41
0.12525000000000017 2.5597394056361e-43
0.1763333333333337 4.178143703782826e-41
0.16862500000000022 1.1836866241001591e-47
Sampling time (10 samples): 7744.4707 seconds
/scratch/users/yanlan/Retrieval_0705/Output/AM_PM_ET_229_290_00
0.008999999999999996 4.543129991466189e-45
restart...
0.014999999999999961 1.8072749834339608e-42
restart...
0.015999999999999993 2.049317913809698e-41
restart...
0.022500000000000017 1.7009523352746562e-39
0.1152500000000002 4.035462188183057e-44
0.17216666666666725 1.1618980145759613e-39
0.20325000000000126 2.4702027449493833e-36
0.22530000000000142 7.627205773139563e-35
0.24133333333333426 2.917351644431661e-35
0.24914285714285822 6.380202319397261e-33
0.2578124999999995 1.3752246911448446e-32
0.2677777777777768 8.148407540184701e-33
0.2540500000000001 4.1400807590587916e-52
restart...
0.2753499999999997 1.4167107544850137e-32
0.2803181818181827 2.7826577084363816e-33
Sampling time (10 samples): 7656.0796 seconds
/scratch/users/yanlan/Retrieval_0705/Output/AM_PM_ET_237_392_00
0.08200000000000009 3.45769913988025e-30
0.13475000000000023 1.7856781992751106e-43
0.10283333333333344 1.5745565260714349e-75
restart...
0.20025000000000018 4.420453930299574e-31
0.24533333333333357 1.3758120023017204e-32
0.2891249999999992 3.254225005804222e-32
0.30279999999999946 2.9461790254905118e-33
0.313083333333333 3.404553163618352e-33
0.320857142857142 1.63855498890473e-32
0.3275 2.5306387521186716e-33
0.330611111111111 1.4760281055088687e-32
0.3301500000000012 2.930105934104981e-33
0.33240909090909193 2.5878782157389623e-33
0.32312500000000227 4.47636041124434e-49
restart...
0.3329166666666655 1.6485403289482834e-33
Sampling time (10 samples): 7382.9535 seconds
/scratch/users/yanlan/Retrieval_0705/Output/AM_PM_ET_251_318_00
0.040500000000000036 1.537751029747886e-36
0.1297499999999999 1.2440087202337489e-36
0.20366666666666708 9.986405489846907e-34
0.16937500000000044 2.555688589763838e-67
restart...
0.23099999999999998 9.715777789758866e-32
0.2562 1.3064466271003772e-31
0.2716666666666676 2.262644166900779e-31
0.23992857142857285 2.4027176035712534e-67
restart...
0.28042857142857164 8.21045023149854e-32
0.2911875000000004 1.2223160020078897e-31
0.29838888888888865 9.498138283242354e-32
0.29859999999999975 2.9497814182087206e-37
0.27213636363636345 9.200632086446336e-76
restart...
0.2717272727272724 6.77167785690621e-79
restart...
0.27181818181818135 6.297811106719604e-79
restart...
Sampling time (10 samples): 7982.0737 seconds
