/scratch/users/yanlan/Retrieval_0705/Output/AM_PM_ET_201_361_00
0.03049999999999998 1.2253730013165602e-36
0.08574999999999987 6.159623567688595e-42
0.0978333333333332 3.920629422761715e-49
restart...
0.06874999999999995 8.279960828373918e-46
0.09999999999999992 5.391787499771145e-50
restart...
0.07774999999999993 4.7639181089843965e-43
0.10533333333333349 6.311584409468176e-49
restart...
0.07574999999999993 5.473429482329168e-43
0.09949999999999992 6.661572294660424e-47
0.12837499999999955 5.905899829955877e-46
/scratch/users/yanlan/Retrieval_0705/Output/AM_PM_ET_207_368_00
0.028000000000000025 1.0944566679147977e-36
0.028000000000000073 1.4421706899265702e-64
restart...
0.022250000000000044 3.094531837941188e-70
restart...
0.03299999999999991 5.242172131320028e-59
restart...
0.033750000000000044 1.8858906552176284e-59
restart...
0.030999999999999986 9.674472836777754e-62
restart...
0.035250000000000066 4.045619179007516e-56
restart...
0.04125000000000001 1.0802190219197951e-56
restart...
0.039500000000000035 5.100592239377629e-55
restart...
0.02850000000000004 3.9136244334394544e-64
restart...
0.027750000000000007 2.722261164732048e-65
restart...
0.029500000000000005 7.857723548944792e-61
restart...
0.029249999999999974 1.740034355652799e-61
restart...
0.031750000000000084 1.869126672044376e-61
restart...
0.02925000000000001 8.804039160756167e-63
restart...
Sampling time (10 samples): 7920.8081 seconds
/scratch/users/yanlan/Retrieval_0705/Output/AM_PM_ET_214_348_00
0.0545 1.9139074044865293e-34
0.1519999999999998 5.265261884409942e-36
0.1786666666666667 1.853039486556582e-36
0.18400000000000002 1.909163167697711e-39
0.18669999999999992 1.5107788439256202e-42
0.19408333333333352 4.018484505093195e-44
0.20035714285714315 3.3554952464749772e-43
0.20318750000000027 1.0957879409177173e-42
0.2073333333333337 1.0558130904522564e-42
0.21110000000000026 8.722651424112706e-42
0.21709090909090897 9.483673832306955e-42
0.21874999999999972 8.726542348169971e-41
0.22057692307692295 1.2050808974281145e-40
0.22099999999999967 1.7739101823763688e-41
0.22283333333333322 8.840307359156108e-42
Sampling time (10 samples): 7865.1027 seconds
/scratch/users/yanlan/Retrieval_0705/Output/AM_PM_ET_220_405_00
0.013499999999999998 3.2496129443353464e-42
restart...
0.011000000000000006 3.5667047461839945e-44
restart...
0.022999999999999996 3.332069596144423e-41
0.1069999999999997 1.114351745040716e-44
0.15149999999999977 3.2015326519741573e-43
0.1687500000000003 6.246396534996344e-43
0.18470000000000067 1.0944843166475909e-42
0.19708333333333394 9.244742894487654e-42
0.1991428571428578 1.4614831980189358e-42
0.2037500000000005 5.342525190254604e-41
0.2088333333333345 1.740510506844976e-41
0.21380000000000068 8.876116437123047e-42
0.21509090909090972 1.449104642344906e-41
0.21425000000000063 2.2778015343274824e-42
0.2128846153846157 3.816143223182157e-43
Sampling time (10 samples): 8097.6462 seconds
/scratch/users/yanlan/Retrieval_0705/Output/AM_PM_ET_227_394_00
0.019500000000000038 3.8246268332737024e-41
restart...
0.023499999999999997 2.3216044987932583e-38
0.10424999999999991 3.9824842715227435e-41
0.14466666666666644 1.8860321508280313e-39
0.18062500000000004 2.915909961144557e-37
0.20350000000000046 5.808905082231753e-34
0.22658333333333344 1.1893253907653829e-32
0.2445000000000002 1.9391361397325002e-32
0.258812499999999 1.7744039156184763e-32
0.2711666666666653 1.8610093654148673e-32
0.2795999999999992 2.1945902402330893e-32
0.28809090909090806 4.2145297403456135e-32
0.29579166666666673 1.5182759488572695e-32
0.30257692307692224 1.5435216737304593e-32
0.306249999999999 1.374086913390927e-32
Sampling time (10 samples): 7926.1156 seconds
/scratch/users/yanlan/Retrieval_0705/Output/AM_PM_ET_236_335_00
0.06300000000000001 2.3308536408961705e-35
0.17999999999999988 1.575202213578463e-35
0.22683333333333316 2.2195974031911317e-36
0.2555000000000001 2.1555569998298435e-37
0.28080000000000066 1.0438356912665953e-37
0.28483333333333327 2.165278448613889e-47
0.25949999999999884 8.252855429377694e-59
restart...
0.26085714285714146 1.990158140294338e-60
restart...
0.251357142857143 2.1490838218047998e-73
restart...
0.2612857142857137 2.0142907697606672e-60
restart...
0.2565714285714288 5.580953482403792e-60
restart...
0.2559285714285716 1.1379882471171623e-60
restart...
0.2523571428571407 1.86680627347559e-63
restart...
0.2508571428571442 4.9350142407547084e-71
restart...
0.25085714285714267 6.029052649372732e-73
restart...
Sampling time (10 samples): 9919.9721 seconds
/scratch/users/yanlan/Retrieval_0705/Output/AM_PM_ET_248_322_00
0.0505 8.241740277183338e-36
0.18449999999999983 4.9041976730102615e-34
0.2550000000000001 7.989343893717395e-33
0.2975000000000005 3.599422918323183e-32
0.322300000000001 3.947309433600917e-32
0.3324166666666676 5.000620728164139e-32
0.3493571428571444 1.0097610608861385e-31
0.3576875000000005 1.2244245822474303e-31
0.36116666666666813 2.1395268227283087e-31
0.3689500000000009 6.370091775816933e-32
0.37486363636363784 1.01910203042452e-31
0.3803750000000015 1.4507015532233904e-31
0.3852307692307699 9.464711986555814e-32
0.3856071428571438 5.796157634223001e-32
0.38843333333333285 7.335378128290092e-32
Sampling time (10 samples): 7991.1055 seconds
