/scratch/users/yanlan/Retrieval_0705/Output/AM_PM_ET_199_283_00
0.04149999999999998 3.285636941480723e-37
0.13725000000000012 8.621626717247159e-39
0.18383333333333307 1.8545680722676991e-35
0.22237499999999968 2.3413870897597615e-32
0.2484999999999995 9.523474239459728e-31
0.2673333333333322 8.426153681176675e-31
0.2829285714285701 1.4103613787105884e-30
0.2926874999999991 1.961272078512177e-30
0.29805555555555574 8.978433659908387e-31
0.30360000000000087 1.4351125029209158e-30
0.30990909090909297 2.0229104580455982e-30
0.3151250000000025 1.5533312024333463e-30
0.31900000000000145 1.038794358201994e-30
0.32085714285714456 4.77785462772963e-31
0.32466666666666755 1.0228074587384318e-30
Sampling time (10 samples): 8151.4632 seconds
/scratch/users/yanlan/Retrieval_0705/Output/AM_PM_ET_205_258_00
0.01949999999999999 2.0183154773357738e-41
restart...
0.014000000000000009 7.340884211262954e-42
restart...
0.04450000000000003 2.8954026644913455e-37
0.07124999999999995 5.127310801682491e-48
0.12716666666666668 5.473107070202367e-46
0.14887499999999995 1.5376565711257146e-44
0.15740000000000037 1.792384676695143e-46
0.15991666666666748 6.039789673108447e-49
restart...
0.07699999999999993 1.9506603917781078e-47
0.12200000000000014 6.038652374291366e-47
0.14587500000000012 8.16739210798045e-46
0.16200000000000087 2.0343506177795325e-46
0.16400000000000042 1.68865650387424e-46
0.17078571428571457 2.887343492073315e-45
0.17581249999999998 4.669774696268989e-44
Sampling time (10 samples): 7461.5846 seconds
/scratch/users/yanlan/Retrieval_0705/Output/AM_PM_ET_211_369_00
0.04250000000000001 2.899200837515448e-35
0.13349999999999998 3.338416833376507e-36
0.17933333333333326 2.0114584445724863e-34
0.21037499999999912 4.083016913419389e-34
0.23329999999999979 3.414148625889685e-34
0.24249999999999974 7.390700058867693e-38
0.2205714285714286 6.565698313381037e-53
restart...
0.2182857142857141 1.1439049374739682e-57
restart...
0.2201428571428571 3.8828971667256956e-52
restart...
0.24214285714285694 5.425430557458906e-37
0.25125000000000003 8.79418179408735e-35
0.26188888888888784 1.0350783298344183e-34
0.2697999999999997 1.7762682343597846e-34
0.27340909090909177 1.676920625348877e-34
0.2763333333333332 2.211799605874446e-34
Sampling time (10 samples): 7652.1203 seconds
/scratch/users/yanlan/Retrieval_0705/Output/AM_PM_ET_218_283_00
0.0125 1.1427900891775771e-42
restart...
0.02049999999999996 1.4705977491454715e-42
0.09774999999999992 2.3988961148161376e-48
0.13616666666666652 2.4596751001207486e-48
0.16874999999999962 1.5774574700013754e-43
0.1914999999999994 1.0688663732919008e-41
0.20841666666666586 1.82438267959417e-40
0.18971428571428506 3.333791039838702e-66
restart...
0.210714285714285 5.637498401331027e-49
restart...
0.21799999999999908 1.321399349384908e-39
0.22449999999999884 1.6351337839380648e-38
0.22933333333333203 4.847617287868199e-38
0.23229999999999873 6.595691538121804e-38
0.2369999999999986 1.2280814237173136e-37
0.23891666666666533 3.10492973003393e-38
Sampling time (10 samples): 8183.6322 seconds
/scratch/users/yanlan/Retrieval_0705/Output/AM_PM_ET_224_360_00
0.005500000000000008 3.4621001164895227e-47
restart...
0.010000000000000014 1.6509110040930813e-44
restart...
0.012999999999999987 1.275529672774534e-41
restart...
0.010500000000000006 4.467131846536707e-46
restart...
0.044 1.0344752647442544e-36
0.13825000000000015 3.3245990874672135e-36
0.20216666666666727 2.4468786619888136e-33
0.2293750000000005 4.977971663829141e-31
0.2481000000000006 8.89546144980191e-31
0.2626666666666678 4.778327205818887e-31
0.27307142857142974 1.434263713791968e-30
0.28043750000000084 5.36190680890634e-31
0.28805555555555673 2.1079152998382634e-30
0.2945500000000007 6.246669113789686e-31
0.2995454545454549 2.8677887094407676e-30
Sampling time (10 samples): 8142.9002 seconds
/scratch/users/yanlan/Retrieval_0705/Output/AM_PM_ET_232_326_00
0.05250000000000002 2.045384784141472e-35
0.15824999999999953 1.4345456552648902e-36
0.19500000000000065 3.3042079353349703e-38
0.22112500000000065 1.1020896605254096e-37
0.23500000000000043 5.665685582953325e-39
0.24250000000000016 8.632321120887236e-40
0.24514285714285772 1.714169454273428e-41
0.24918750000000056 1.5608482828261717e-41
0.25427777777777794 2.189923863491336e-41
0.25560000000000155 4.669949626629178e-42
0.25522727272727375 2.302583984618734e-43
0.2578750000000022 5.399770354105247e-43
0.2601538461538483 1.2954052274585342e-42
0.26421428571428773 6.894237112167266e-43
0.2673 1.2943600028754286e-42
Sampling time (10 samples): 7769.0909 seconds
/scratch/users/yanlan/Retrieval_0705/Output/AM_PM_ET_242_281_00
0.022499999999999985 3.217229226847107e-41
0.1345000000000002 1.1823709281592936e-41
0.17566666666666683 6.125970439460773e-41
0.20975000000000055 5.222434719393484e-38
0.22010000000000035 1.918067066789648e-40
0.2265000000000005 3.875975124150288e-42
0.23392857142857193 1.069944779363147e-41
0.24456250000000068 6.984745328726817e-42
0.2541111111111113 6.298976717977286e-42
0.25860000000000016 1.7939361738755728e-42
0.26890909090909126 2.3609601843896236e-42
0.27224999999999927 1.6695603917881967e-42
0.27580769230768964 8.927852312371178e-43
0.27878571428571436 1.1418576796767741e-43
0.2815333333333342 3.262091284260206e-44
Sampling time (10 samples): 7796.8116 seconds
