/scratch/users/yanlan/Retrieval_0705/Output/AM_PM_ET_203_236_00
0.01949999999999999 2.132962994133883e-40
restart...
0.025999999999999985 1.1741559803197415e-37
0.07425000000000005 8.03801877208159e-46
0.08949999999999998 4.2068490894666535e-51
restart...
0.07550000000000014 1.681401847598314e-46
0.09250000000000029 5.141804881306009e-52
restart...
0.06849999999999988 1.4977022959050574e-46
0.08533333333333329 5.221405361400818e-53
restart...
0.08375000000000003 6.060575362015713e-44
0.09783333333333342 6.13344345441624e-50
restart...
0.0767499999999999 1.6366227259413538e-45
0.09099999999999997 2.889512925170459e-51
restart...
0.07100000000000013 1.411329973976378e-45
0.08833333333333321 1.4377153284869417e-51
restart...
0.07350000000000007 7.428459393008453e-46
Sampling time (10 samples): 7487.7007 seconds
/scratch/users/yanlan/Retrieval_0705/Output/AM_PM_ET_209_296_00
0.02400000000000001 1.4524869206654504e-40
0.14674999999999983 2.2701288681497061e-38
0.20116666666666663 9.612570842477215e-35
0.22137500000000013 1.5932920912179337e-33
0.23000000000000076 5.145233693824102e-33
0.24008333333333406 5.437361307833368e-32
0.24628571428571547 2.6685803143106083e-32
0.25031250000000155 4.237125278216094e-32
0.2577222222222246 3.6178713237204043e-32
0.26145000000000307 7.471925253748533e-32
0.26668181818182096 8.905423838903941e-32
0.274041666666668 6.162887925737052e-32
0.2811538461538473 5.316964981874334e-31
0.287357142857144 3.4838296327659155e-31
0.27803333333333435 3.7892795618344654e-58
restart...
Sampling time (10 samples): 7887.4571 seconds
/scratch/users/yanlan/Retrieval_0705/Output/AM_PM_ET_216_251_00
0.015500000000000024 4.318711025473952e-43
restart...
0.010499999999999985 1.081900608731076e-44
restart...
0.019500000000000003 7.489614630245787e-43
restart...
0.01749999999999997 4.2497581647310555e-41
restart...
0.015499999999999993 4.612942217643918e-43
restart...
0.01699999999999998 8.300529533457211e-40
restart...
0.018500000000000013 3.222599526851965e-42
restart...
0.011999999999999988 1.0654858609337173e-43
restart...
0.016999999999999994 4.284243068744374e-40
restart...
0.015999999999999986 1.2442488751165384e-41
restart...
0.020500000000000015 1.215189539804834e-40
0.025000000000000012 8.056455290060122e-68
restart...
0.021750000000000047 9.373159139832755e-71
restart...
0.023000000000000003 1.8901309143506206e-69
restart...
0.02625000000000001 4.2223428665803185e-66
restart...
Sampling time (10 samples): 6977.7488 seconds
/scratch/users/yanlan/Retrieval_0705/Output/AM_PM_ET_222_303_00
0.03599999999999995 1.1476500662785721e-38
0.1307499999999999 1.4762184928930563e-38
0.19099999999999948 6.51564964220133e-33
0.21912499999999946 6.761500222713108e-33
0.258799999999999 1.8404548899092267e-33
0.23774999999999843 2.7556647056672054e-59
restart...
0.270166666666666 4.162112493746284e-34
0.24357142857142866 1.5957492746950266e-60
restart...
0.28107142857142897 1.4879577414837758e-33
0.29118750000000115 2.050841047778309e-33
0.27666666666666767 3.2685673925400304e-59
restart...
0.2631111111111125 2.9840651212889516e-63
restart...
0.2971111111111123 1.0304382619371134e-33
0.3048000000000003 1.760569294921171e-33
0.311681818181818 1.4239739514251998e-35
Sampling time (10 samples): 7190.2331 seconds
/scratch/users/yanlan/Retrieval_0705/Output/AM_PM_ET_229_342_00
0.06199999999999992 1.8015753151943658e-34
0.13799999999999968 7.834225794607693e-36
0.19750000000000015 4.6265401705520576e-33
0.21787499999999993 5.020162663631209e-31
0.24520000000000028 9.436123790562972e-31
0.2587499999999991 3.7401550057611584e-31
0.27914285714285614 1.315150448386062e-31
0.28999999999999826 3.7470300977745285e-31
0.29572222222222105 7.66188531066248e-31
0.3069499999999994 2.1574489909806977e-30
0.312863636363637 5.35013123919869e-31
0.31891666666666724 5.768312226190641e-31
0.32003846153846266 8.602475448654548e-31
0.3235714285714304 1.3469765611790725e-30
0.32663333333333566 5.226009635293497e-31
Sampling time (10 samples): 7449.9615 seconds
/scratch/users/yanlan/Retrieval_0705/Output/AM_PM_ET_238_315_00
0.01849999999999999 2.6013052161891382e-42
restart...
0.012 6.080700565533053e-44
restart...
0.015000000000000003 3.8429902751850927e-41
restart...
0.003999999999999995 1.1590856011648246e-49
restart...
0.011999999999999983 9.74450621232744e-44
restart...
0.012999999999999989 5.930561536503131e-43
restart...
0.005500000000000011 7.46857171112542e-49
restart...
0.06599999999999998 4.7787080197924053e-35
0.16174999999999978 1.6297179790642596e-34
0.1476666666666665 1.0146773033701217e-52
restart...
0.1275000000000001 6.936130606872145e-43
0.09750000000000011 9.843275440914753e-69
restart...
0.15050000000000027 1.8869120682422504e-34
0.20950000000000032 8.67644344204161e-34
0.23350000000000018 3.296601345159543e-36
Sampling time (10 samples): 7507.1148 seconds
/scratch/users/yanlan/Retrieval_0705/Output/AM_PM_ET_252_317_00
0.01649999999999999 4.795531712418317e-41
restart...
0.032499999999999994 4.788364998059531e-37
0.1447499999999998 2.9162991791674687e-38
0.1866666666666669 2.4158401645184636e-37
0.21512500000000007 1.0663599766130804e-35
0.23770000000000055 1.6089056584443022e-34
0.2565833333333342 6.579158370026174e-34
0.26957142857142957 1.206156840115699e-33
0.2828750000000007 3.0259687253874117e-33
0.29583333333333356 1.430036492326161e-33
0.301600000000002 8.906092308243705e-34
0.3082272727272762 2.9242042112918634e-33
0.31279166666666974 2.6674514153810336e-33
0.3175769230769261 9.277918150777052e-34
0.3208571428571465 4.913569200027398e-34
Sampling time (10 samples): 6865.9279 seconds
