/scratch/users/yanlan/Retrieval_0705/Output/AM_PM_ET_199_237_00
0.026999999999999996 5.952431913097114e-38
0.14424999999999985 2.3769673304864897e-39
0.19416666666666674 4.3135269184601835e-36
0.23462500000000006 8.587073349898574e-34
0.23119999999999985 5.071812514716614e-47
0.21391666666666653 2.0520674787089157e-54
restart...
0.21391666666666628 3.8064345259340005e-56
restart...
0.21599999999999986 7.341339477310206e-56
restart...
0.21550000000000002 3.653171201095393e-57
restart...
0.214333333333333 4.867055568471538e-56
restart...
0.21483333333333304 5.3918604681318305e-55
restart...
0.2169999999999995 5.0388867191019675e-56
restart...
0.2142499999999999 5.354829636971612e-55
restart...
0.20883333333333293 3.788472722561111e-57
restart...
0.21566666666666642 6.349561757300982e-55
restart...
Sampling time (10 samples): 8082.2432 seconds
/scratch/users/yanlan/Retrieval_0705/Output/AM_PM_ET_204_384_00
0.010999999999999992 2.5068878320940466e-44
restart...
0.03649999999999999 3.3129230325105557e-38
0.11499999999999978 1.656050894302484e-41
0.15000000000000013 2.0566290837733483e-42
0.16100000000000056 1.1687610140075778e-42
0.1515000000000002 5.591069467677825e-53
restart...
0.12200000000000001 6.30354012545223e-42
0.14916666666666661 9.593619884917499e-44
0.14337500000000006 1.9924145743708388e-51
restart...
0.09675000000000014 3.2451178499100055e-43
0.12983333333333338 8.672127539155444e-47
0.14300000000000027 1.2208280026596566e-47
0.1486999999999998 1.5933572539168942e-46
0.14575000000000013 1.9257366730474595e-49
restart...
0.09375 2.1800783740511032e-44
Sampling time (10 samples): 7964.2690 seconds
/scratch/users/yanlan/Retrieval_0705/Output/AM_PM_ET_211_317_00
0.013999999999999988 4.186044227241197e-44
restart...
0.009500000000000003 5.2004599564571655e-46
restart...
0.020499999999999977 4.126929890841383e-41
0.022 3.707646232905538e-71
restart...
0.024250000000000008 2.721453136511165e-67
restart...
0.019749999999999997 1.3324675749335985e-72
restart...
0.021499999999999977 2.4660260095747842e-70
restart...
0.024499999999999984 2.8053230210190356e-68
restart...
0.027 9.096222000234127e-64
restart...
0.02349999999999999 1.1612921908509818e-68
restart...
0.026749999999999996 1.3090171323216314e-64
restart...
0.023749999999999983 1.8216131899022458e-69
restart...
0.03124999999999999 2.0894220079077036e-62
restart...
0.026499999999999968 4.7251965111199514e-64
restart...
0.031999999999999966 2.307682398261984e-61
restart...
Sampling time (10 samples): 8014.4083 seconds
/scratch/users/yanlan/Retrieval_0705/Output/AM_PM_ET_218_240_00
0.018000000000000013 7.714922886363684e-41
restart...
0.015000000000000012 7.500509570988895e-42
restart...
0.02899999999999999 2.778953572807037e-37
0.1482500000000002 4.820036329946133e-37
0.20983333333333398 6.026794752240503e-35
0.24337500000000034 3.219708378739783e-34
0.2622999999999999 5.2199609357935825e-33
0.2814999999999994 1.334196341994722e-33
0.2915 1.3981564059636144e-33
0.29506249999999995 4.583050938401638e-33
0.29833333333333223 4.0284679075595255e-33
0.3080000000000001 3.6710462661256185e-33
0.2835909090909088 5.841497957051784e-71
restart...
0.3113636363636379 7.310627004206014e-35
0.28591666666666743 2.6822117767732456e-75
restart...
Sampling time (10 samples): 8355.8026 seconds
/scratch/users/yanlan/Retrieval_0705/Output/AM_PM_ET_224_312_00
0.08399999999999991 1.1252109216963133e-31
0.15650000000000003 1.1292873809756328e-33
0.2190000000000004 7.577703888424164e-32
0.18500000000000036 1.3902704071370049e-59
restart...
0.19625000000000045 9.545863352850676e-56
restart...
0.17137500000000033 4.1344522010334024e-68
restart...
0.25587500000000063 7.690311662240082e-32
0.2564999999999999 3.980596260519898e-45
0.22883333333333336 1.582830413047963e-57
restart...
0.22375000000000012 4.358870670656941e-62
restart...
0.22741666666666677 3.5548287486530555e-57
restart...
0.22841666666666643 1.0571875786987553e-55
restart...
0.22383333333333313 1.1833757686136224e-60
restart...
0.22633333333333375 1.582761065365659e-60
restart...
0.22666666666666663 5.0962008196704205e-58
restart...
Sampling time (10 samples): 10355.1829 seconds
/scratch/users/yanlan/Retrieval_0705/Output/AM_PM_ET_232_284_00
0.01249999999999999 9.755476127011575e-43
restart...
0.011999999999999997 2.898892417901174e-43
restart...
0.009 7.096948428433248e-46
restart...
0.014000000000000004 1.5340119764350088e-42
restart...
0.009999999999999986 2.961906892684217e-45
restart...
0.009000000000000001 6.751330775835672e-44
restart...
0.011000000000000008 5.557203737116367e-45
restart...
0.019999999999999997 8.784003542474832e-39
restart...
0.021999999999999992 4.856416737997835e-40
0.04449999999999997 1.7440553181756158e-57
restart...
0.05175000000000005 1.0034186482693443e-52
restart...
0.04324999999999998 4.487443931436651e-55
restart...
0.0449999999999999 2.5130056942057483e-57
restart...
0.05375000000000001 2.3206186612855224e-53
restart...
0.05574999999999994 3.924214957679122e-54
restart...
Sampling time (10 samples): 8283.0110 seconds
/scratch/users/yanlan/Retrieval_0705/Output/AM_PM_ET_241_322_00
0.059499999999999935 4.573503940315047e-35
0.15674999999999956 9.412377666474688e-34
0.21149999999999974 3.595197552186431e-32
0.1651249999999997 3.1087250994058935e-63
restart...
0.19062499999999982 2.1293867960913248e-41
0.19599999999999965 2.2503221821399204e-41
0.19966666666666602 3.3781999591279556e-42
0.2167142857142855 6.07472871187847e-41
0.2279374999999996 7.673514997563191e-40
0.2319444444444443 8.2129219633588e-41
0.23830000000000012 6.982497860397171e-41
0.24640909090909108 1.492863800239211e-40
0.25425000000000153 5.627676777743638e-41
0.2611153846153863 1.2922673533417443e-40
0.26810714285714515 3.1109241802743014e-41
Sampling time (10 samples): 7935.3082 seconds
