/scratch/users/yanlan/Retrieval_0705/Output/AM_PM_ET_199_294_00
0.012999999999999998 1.7705260711613468e-42
restart...
0.0145 1.4656613499399495e-42
restart...
0.03199999999999999 9.530751489613579e-40
0.15775 6.198811348200464e-37
0.22233333333333322 5.035478726224051e-34
0.25962499999999994 2.6766455590392137e-32
0.2799000000000007 1.1589459103304085e-32
0.29008333333333286 1.628157644430042e-32
0.3011428571428562 1.0120216219867882e-32
0.30437499999999906 7.183579417177513e-33
0.30705555555555464 8.846798294715479e-33
0.31269999999999937 1.1885836292373105e-32
0.32027272727272543 1.287966196242023e-32
0.32579166666666426 1.4920303949835833e-32
0.3258461538461522 5.120281566934176e-33
Sampling time (10 samples): 7838.0009 seconds
/scratch/users/yanlan/Retrieval_0705/Output/AM_PM_ET_205_267_00
0.016499999999999983 3.1879660682447463e-41
restart...
0.013 2.209315979365426e-43
restart...
0.06550000000000007 4.148454757711868e-35
0.11524999999999991 1.958858708543253e-48
0.08233333333333318 2.3324168905944203e-83
restart...
0.0834999999999997 1.401620716532336e-81
restart...
0.08183333333333348 2.455793521577535e-84
restart...
0.08433333333333307 1.6370321351722694e-79
restart...
0.0836666666666665 5.073949264539026e-80
restart...
0.08383333333333319 1.4623571722234175e-79
restart...
0.08233333333333324 1.3749373309712075e-82
restart...
0.08283333333333294 3.865491928094361e-82
restart...
0.08283333333333326 4.830688842380245e-81
restart...
0.08299999999999991 8.278228072733923e-83
restart...
0.0818333333333334 1.0404557936486474e-83
restart...
Sampling time (10 samples): 11507.6037 seconds
/scratch/users/yanlan/Retrieval_0705/Output/AM_PM_ET_211_378_00
0.05050000000000003 1.3520913216837692e-33
0.15075 2.559142111144661e-35
0.1983333333333329 4.6664097891136245e-35
0.222 4.1965204927574693e-35
0.23690000000000014 2.619876029237962e-34
0.25224999999999986 3.5809328855427144e-34
0.2637142857142864 2.746233020256131e-34
0.2745000000000004 6.973132523319106e-35
0.2802777777777782 1.9881823643226222e-34
0.2843 2.159490967057922e-34
0.28895454545454413 2.2737690060109385e-34
0.2923333333333319 6.228844592424657e-35
0.29646153846153805 4.0893844577696814e-35
0.29971428571428554 5.807782359736432e-35
0.3003333333333326 1.7594367472667038e-34
Sampling time (10 samples): 7968.9527 seconds
/scratch/users/yanlan/Retrieval_0705/Output/AM_PM_ET_218_292_00
0.01100000000000004 4.749430706689697e-44
restart...
0.011499999999999991 9.494759233849455e-45
restart...
0.0145 7.111742926525683e-43
restart...
0.026000000000000002 7.063735611518309e-40
0.04049999999999992 1.2280169930922593e-63
restart...
0.042500000000000045 9.74676811256722e-62
restart...
0.046 3.942712546718042e-62
restart...
0.041749999999999995 2.2385830166385454e-64
restart...
0.04174999999999999 3.5426209065219497e-62
restart...
0.04424999999999999 1.663264939163985e-62
restart...
0.04274999999999988 9.060197133209996e-64
restart...
0.050749999999999976 3.887133283607704e-61
restart...
0.045999999999999985 5.096535667833312e-64
restart...
0.04699999999999998 8.500701217820889e-62
restart...
0.047499999999999994 9.438174972179667e-61
restart...
Sampling time (10 samples): 8777.7381 seconds
/scratch/users/yanlan/Retrieval_0705/Output/AM_PM_ET_224_373_00
0.04800000000000002 1.024377928988973e-34
0.16825000000000026 9.385308243395072e-33
0.23333333333333425 1.334782570342687e-31
0.2630000000000011 1.0148329976864617e-30
0.2826000000000013 2.3389387343729393e-31
0.29416666666666774 7.960867495537092e-32
0.30335714285714444 1.7856115045015376e-31
0.3068125000000009 4.272067408612112e-31
0.31027777777777804 7.848246777003832e-31
0.31384999999999963 1.960628577919493e-31
0.31640909090909053 1.698816359590965e-31
0.32212499999999755 3.78246208986255e-31
0.32484615384615184 2.1833921916899614e-31
0.32967857142856916 9.895603394964851e-31
0.33529999999999704 4.277361589585117e-31
Sampling time (10 samples): 7839.9395 seconds
/scratch/users/yanlan/Retrieval_0705/Output/AM_PM_ET_232_335_00
0.05700000000000001 2.6214457531470204e-36
0.16774999999999965 8.543646219417218e-34
0.21049999999999985 4.854798503725844e-31
0.23412500000000014 1.7552973128597212e-30
0.25560000000000016 1.939296026878798e-30
0.27075 1.0870889552164295e-30
0.2776428571428576 3.1462367633264903e-30
0.28274999999999934 4.97011040423876e-31
0.28622222222222143 8.828457785357852e-31
0.2848499999999993 2.0338665869793235e-31
0.28695454545454546 6.904812863202036e-31
0.2899583333333346 1.2266547723277569e-30
0.29326923076923095 5.15011534582864e-30
0.29542857142857215 3.238901066088992e-31
0.29513333333333325 3.983436942021861e-32
Sampling time (10 samples): 8498.3902 seconds
/scratch/users/yanlan/Retrieval_0705/Output/AM_PM_ET_242_295_00
0.013500000000000003 1.4716005491767924e-44
restart...
0.012499999999999995 3.893899367388421e-42
restart...
0.012500000000000025 9.448300294815392e-44
restart...
0.014500000000000002 2.1909040631527955e-43
restart...
0.013000000000000005 1.6887997622609377e-43
restart...
0.011000000000000001 4.838469510858135e-44
restart...
0.011 2.726140560414089e-44
restart...
0.010999999999999998 1.4914864495187817e-43
restart...
0.01749999999999999 2.371894455540668e-43
restart...
0.01350000000000001 1.0560840529087763e-43
restart...
0.011999999999999997 1.5627613159098243e-43
restart...
0.01449999999999999 2.414872027219618e-43
restart...
0.014999999999999993 2.194980906303444e-42
restart...
0.0145 5.072490727724034e-42
restart...
0.017500000000000047 1.4117376373878475e-41
restart...
Sampling time (10 samples): 7853.9437 seconds
