/scratch/users/yanlan/Retrieval_0705/Output/AM_PM_ET_203_376_00
0.013499999999999991 3.0676877598336435e-43
restart...
0.02550000000000001 5.16147611114464e-37
0.09924999999999985 9.471892219452137e-45
0.14966666666666653 9.256419819058319e-44
0.16587499999999947 8.029182793023496e-44
0.18419999999999973 2.661335475524405e-43
0.18066666666666634 9.109732553331198e-47
0.1882857142857141 3.5531986826776453e-44
0.20468749999999988 1.6126490847463347e-42
0.21299999999999983 4.692281441048797e-41
0.22279999999999964 1.1434510839412557e-39
0.23063636363636325 2.362441227111753e-40
0.23420833333333277 6.562724362976474e-40
0.23846153846153784 3.897140029251342e-40
0.24128571428571355 8.558970266663382e-40
Sampling time (10 samples): 8456.6658 seconds
/scratch/users/yanlan/Retrieval_0705/Output/AM_PM_ET_210_283_00
0.04850000000000001 9.780623332493934e-38
0.14449999999999985 3.43592320975421e-36
0.18233333333333288 1.3948821854814236e-33
0.20887500000000017 1.8766444035081727e-31
0.22530000000000008 2.740684045559435e-30
0.23324999999999974 1.0362160226627406e-29
0.23407142857142835 4.503702088477679e-29
0.23743749999999983 1.4234286522629002e-29
0.24161111111111097 1.1026236628930467e-29
0.24564999999999995 8.16523363924176e-30
0.24581818181818194 1.220257950529299e-29
0.2471666666666664 7.332719830085606e-30
0.2491923076923074 6.1145238593314975e-30
0.2510000000000003 2.2251173280377655e-29
0.2521666666666664 2.493682826546379e-30
Sampling time (10 samples): 9188.1459 seconds
/scratch/users/yanlan/Retrieval_0705/Output/AM_PM_ET_216_405_00
0.03649999999999999 2.4549968013030835e-36
0.08825 1.5096604403814445e-42
0.1416666666666662 5.7109654049371904e-42
0.17187499999999933 4.0602056251977374e-39
0.17989999999999978 1.1185664067783381e-40
0.1936666666666663 1.4837780923896233e-40
0.20078571428571448 5.704431202278089e-41
0.20868750000000028 3.085916586447281e-41
0.2168333333333341 7.526830612334535e-40
0.22325000000000095 3.895394935577167e-40
0.23163636363636475 1.687637185520875e-40
0.2364166666666677 1.610794332553497e-39
0.24073076923076972 3.3094112609243715e-39
0.24414285714285766 2.226194573778831e-39
0.24983333333333432 8.366644380060172e-40
Sampling time (10 samples): 7538.1846 seconds
/scratch/users/yanlan/Retrieval_0705/Output/AM_PM_ET_223_284_00
0.016000000000000004 8.193307251513916e-42
restart...
0.016999999999999998 1.1829851726394172e-40
restart...
0.05400000000000003 3.412903836200994e-36
0.05050000000000002 1.1695180501666943e-66
restart...
0.07050000000000009 5.234951260791727e-55
restart...
0.06175000000000026 2.8640969468583956e-62
restart...
0.055249999999999994 2.4963983745011733e-65
restart...
0.05925000000000006 1.1934299425517973e-59
restart...
0.06824999999999999 5.98355972343457e-56
restart...
0.06025000000000005 1.6140649202128755e-55
restart...
0.07074999999999991 6.2739520680084895e-55
restart...
0.06025000000000002 9.113362413380502e-56
restart...
0.09374999999999996 1.7699624140704465e-43
0.06633333333333322 1.7033193113678977e-80
restart...
0.09200000000000011 7.386065447820677e-45
Sampling time (10 samples): 8428.0131 seconds
/scratch/users/yanlan/Retrieval_0705/Output/AM_PM_ET_230_351_00
0.027999999999999994 2.8264654056216575e-39
0.13950000000000012 6.084703640913701e-38
0.1991666666666662 3.4735203314233043e-36
0.21874999999999978 2.086530029369211e-35
0.2395999999999998 2.0423487630987958e-34
0.25625000000000125 1.4545613471556298e-34
0.2687142857142871 1.9216607782975868e-34
0.27700000000000047 8.004199896408845e-34
0.286 2.3091565326933707e-34
0.295600000000001 4.381858227567497e-34
0.29931818181818237 7.47964123293335e-34
0.30454166666666616 1.3498626239034165e-33
0.3090384615384616 8.25047166864832e-34
0.3124642857142866 2.4991568778030168e-34
0.3151666666666665 3.977009009037927e-34
Sampling time (10 samples): 8432.9901 seconds
/scratch/users/yanlan/Retrieval_0705/Output/AM_PM_ET_239_340_00
0.018499999999999996 8.911149754752311e-42
restart...
0.014500000000000004 7.224128242162499e-42
restart...
0.021499999999999995 1.1011157502174435e-40
0.12300000000000001 1.4597539866133457e-41
0.17149999999999982 1.4589028999035125e-37
0.17524999999999968 4.749976404727818e-44
0.15149999999999983 1.8652775852390199e-65
restart...
0.12425000000000001 7.447729749170194e-40
0.15300000000000052 1.3006301406194445e-43
0.11737500000000044 5.806511644632202e-81
restart...
0.12125000000000001 3.3774430764080602e-40
0.16516666666666707 3.75328174535356e-42
0.1298749999999999 1.6981259758403305e-73
restart...
0.12575000000000017 7.388611677443147e-40
0.1646666666666676 1.0519597575122734e-42
Sampling time (10 samples): 8521.1355 seconds
/scratch/users/yanlan/Retrieval_0705/Output/AM_PM_ET_255_305_00
0.03249999999999999 2.3472952126719408e-38
0.08000000000000002 6.60275735827297e-51
restart...
0.07349999999999983 1.430050900107779e-51
restart...
0.06774999999999994 7.916360900592805e-49
restart...
0.059999999999999984 1.726149062134819e-51
restart...
0.05849999999999996 6.903302885923398e-58
restart...
0.06424999999999988 6.655557073129675e-53
restart...
0.11700000000000019 9.442697205257154e-40
0.12100000000000093 4.9660920781218915e-54
restart...
0.03950000000000001 4.069962936694727e-64
restart...
0.04250000000000005 3.967076469975293e-58
restart...
0.07975000000000008 1.60434308161982e-48
0.061333333333333316 2.0543594130968183e-78
restart...
0.11399999999999996 1.083923765780068e-40
0.13950000000000012 2.327039566288722e-43
Sampling time (10 samples): 8333.3046 seconds
