/scratch/users/yanlan/Retrieval_0705/Output/AM_PM_ET_202_285_00
0.02200000000000001 3.329158779851132e-39
0.06600000000000004 5.822503602274966e-50
restart...
0.06699999999999995 1.0702754913933148e-49
restart...
0.07925000000000014 2.6627515168332096e-48
0.14650000000000016 2.937330252322874e-44
0.18774999999999997 6.531988303253465e-42
0.2053999999999998 4.0824429478047476e-41
0.21841666666666662 1.1468753398485556e-41
0.2252142857142858 2.042764204916318e-42
0.23700000000000007 2.1855890385577896e-41
0.24777777777777799 5.293223245091064e-42
0.2559499999999988 3.412056934072929e-41
0.2618636363636357 5.43434412220053e-41
0.2716666666666634 5.716648089515233e-41
0.27676923076922705 2.422309951851624e-41
Sampling time (10 samples): 8151.3797 seconds
/scratch/users/yanlan/Retrieval_0705/Output/AM_PM_ET_208_319_00
0.04949999999999999 2.641603426947848e-35
0.09275 7.654479561279868e-43
0.11066666666666661 1.6651378455260599e-49
restart...
0.08024999999999996 1.1290615534626778e-47
0.07200000000000008 1.0778071525971991e-70
restart...
0.07499999999999993 3.1271495287418704e-70
restart...
0.07316666666666667 5.700622453114588e-71
restart...
0.0726666666666664 2.1255992413046585e-71
restart...
0.074333333333333 2.2791142259510133e-70
restart...
0.06999999999999988 1.5361076434294264e-72
restart...
0.0750000000000001 2.451811372837103e-70
restart...
0.07199999999999976 1.077974239846312e-70
restart...
0.07383333333333317 2.946600724202295e-70
restart...
0.07733333333333324 7.155632513196689e-69
restart...
0.07166666666666649 9.089231524500194e-71
restart...
Sampling time (10 samples): 11238.2289 seconds
/scratch/users/yanlan/Retrieval_0705/Output/AM_PM_ET_215_289_00
0.01950000000000003 5.050842466364428e-41
restart...
0.016500000000000004 3.862652400946302e-43
restart...
0.013499999999999998 1.5270508770639367e-43
restart...
0.012500000000000004 1.61277582864278e-43
restart...
0.012999999999999992 6.857016047065667e-43
restart...
0.028499999999999973 1.5916221676431773e-40
0.11500000000000006 3.344949964708655e-42
0.13099999999999978 3.125083828738758e-45
0.12875000000000034 4.817463685571043e-53
restart...
0.08675000000000006 9.668159185352417e-45
0.11783333333333308 8.45438894862124e-46
0.13900000000000026 4.791965861276737e-47
0.1487000000000003 1.0081252315873588e-47
0.15958333333333338 2.60714694844167e-49
restart...
0.10724999999999994 5.839944135834078e-42
Sampling time (10 samples): 7738.7189 seconds
/scratch/users/yanlan/Retrieval_0705/Output/AM_PM_ET_221_333_00
0.02200000000000003 8.24400383890044e-40
0.10524999999999983 6.722197423332886e-44
0.1601666666666668 5.649012586316649e-41
0.19425000000000034 7.685013298085328e-38
0.2099000000000001 2.069550839875723e-37
0.23516666666666627 7.306249678250432e-37
0.24792857142857147 7.648218818990597e-37
0.26168750000000046 2.8476376295168716e-36
0.2762222222222192 8.090109895467436e-37
0.2848999999999973 2.3967295592647348e-36
0.2915909090909054 2.2824579129761238e-36
0.2943333333333305 9.067030180890749e-37
0.30057692307692 5.4796279760652015e-36
0.30771428571428383 2.0822015937218882e-36
0.3134666666666634 2.890817794960363e-36
Sampling time (10 samples): 7939.1398 seconds
/scratch/users/yanlan/Retrieval_0705/Output/AM_PM_ET_228_353_00
0.01450000000000001 9.897055977372845e-43
restart...
0.008999999999999987 8.114963723987483e-45
restart...
0.0085 2.9381292237162954e-45
restart...
0.011500000000000008 8.091987574345571e-42
restart...
0.008000000000000004 1.3621794481037347e-45
restart...
0.00799999999999999 5.247952822485565e-46
restart...
0.0125 6.029938116034e-42
restart...
0.005999999999999986 1.5982709724614791e-46
restart...
0.008999999999999996 2.1605060606829075e-44
restart...
0.009500000000000003 4.1993315634824854e-45
restart...
0.0075000000000000015 1.0246942289185904e-46
restart...
0.008500000000000008 9.339683548033077e-44
restart...
0.006499999999999987 2.001947223356184e-47
restart...
0.016500000000000004 1.6553229375348865e-42
restart...
0.007999999999999993 3.303391930897451e-44
restart...
Sampling time (10 samples): 9033.6265 seconds
/scratch/users/yanlan/Retrieval_0705/Output/AM_PM_ET_237_317_00
0.07699999999999997 8.622266196166359e-36
0.13550000000000062 7.977309483175042e-39
0.14866666666666759 7.266477576595579e-44
0.1686250000000011 7.977392755609994e-43
0.19110000000000116 1.583519757125964e-41
0.19875000000000065 4.632600624570191e-43
0.1972142857142862 5.100209974688934e-48
0.196375 2.964344118402375e-50
restart...
0.15525000000000014 6.403806046865538e-34
0.13016666666666657 1.0267113811566126e-55
restart...
0.11099999999999988 1.56586121130521e-40
0.13499999999999993 3.53351154176508e-43
0.1782499999999996 2.4012259270374893e-40
0.1913999999999989 3.814668523101862e-41
0.2078333333333324 8.049400157769905e-43
Sampling time (10 samples): 7254.0086 seconds
/scratch/users/yanlan/Retrieval_0705/Output/AM_PM_ET_250_310_00
0.009499999999999991 4.4442490688658224e-44
restart...
0.018999999999999996 5.992644371607192e-41
restart...
0.063 6.990277146792389e-32
0.06374999999999986 1.3785256773320343e-53
restart...
0.05400000000000006 1.9682474539250033e-32
0.16425000000000012 4.3269001546081545e-29
0.19716666666666663 7.291553863587293e-28
0.15475000000000003 1.0668104155307381e-55
restart...
0.007000000000000009 9.903678409686954e-47
restart...
0.06799999999999999 2.284512013577235e-32
0.18000000000000008 3.300459920159943e-29
0.14800000000000035 1.0691340348622537e-54
restart...
0.06600000000000006 7.538007740910154e-32
0.1697499999999993 3.5158132873451867e-29
0.14033333333333275 1.9439512663537437e-50
restart...
Sampling time (10 samples): 7798.1047 seconds
