/scratch/users/yanlan/Retrieval_0705/Output/AM_PM_ET_202_311_00
0.035999999999999976 1.1534920838927412e-36
0.11325000000000013 4.0087847407111315e-40
0.15500000000000067 4.1438737744930335e-40
0.16100000000000073 2.1883416782865767e-46
0.15900000000000084 4.114212825380642e-49
restart...
0.08774999999999986 7.46375989802256e-43
0.12416666666666647 4.674077215927681e-44
0.15800000000000003 9.873823779847042e-43
0.17579999999999954 2.6620880535645627e-42
0.1897499999999996 1.1076182235295835e-41
0.20314285714285665 1.801640782084726e-40
0.21093749999999953 2.2408353149046135e-40
0.22649999999999978 2.1570109044489404e-39
0.2322999999999996 3.21402318157498e-39
0.23831818181818162 1.2864663886733743e-38
Sampling time (10 samples): 7978.8203 seconds
/scratch/users/yanlan/Retrieval_0705/Output/AM_PM_ET_208_339_00
0.015 6.9217466448243815e-43
restart...
0.06349999999999995 1.699749106491665e-33
0.15249999999999966 3.0096458123808856e-36
0.15483333333333374 7.449001462166772e-49
restart...
0.12450000000000004 2.329806348816933e-40
0.1286666666666666 7.9628170868543515e-56
restart...
0.12399999999999992 4.87659588304268e-39
0.13983333333333414 1.5790362994169952e-52
restart...
0.13150000000000012 6.0126582735693075e-40
0.09650000000000016 4.575038493660983e-68
restart...
0.09900000000000013 4.492275111863311e-71
restart...
0.10266666666666674 1.4399454027417682e-66
restart...
0.09816666666666672 3.910836053983783e-71
restart...
0.09766666666666682 1.7778390503739462e-70
restart...
0.09800000000000011 6.4523617795192524e-71
restart...
Sampling time (10 samples): 9987.2114 seconds
/scratch/users/yanlan/Retrieval_0705/Output/AM_PM_ET_215_309_00
0.028999999999999998 1.4976388060755667e-38
0.10950000000000013 2.6434913287130104e-42
0.17383333333333356 1.2369364080867803e-39
0.19325000000000064 7.528562685707658e-41
0.18790000000000093 8.137247040735006e-46
0.1926666666666671 2.1704543329632103e-46
0.19714285714285798 2.6920025341719226e-46
0.20500000000000074 1.909713986904139e-43
0.21761111111111126 3.061663969003819e-41
0.22249999999999995 1.7636357291814106e-40
0.23009090909090912 2.177490787783882e-40
0.2354166666666667 3.408995348544268e-40
0.23669230769230765 8.367002037907093e-41
0.24042857142857185 3.126461602515961e-41
0.24143333333333292 1.8890188659162494e-40
Sampling time (10 samples): 7754.4894 seconds
/scratch/users/yanlan/Retrieval_0705/Output/AM_PM_ET_221_360_00
0.006500000000000009 1.7718026495748483e-46
restart...
0.05250000000000001 3.6548815207449002e-37
0.09700000000000004 6.808139760823728e-45
0.14383333333333345 5.691358451254507e-44
0.17737499999999984 2.939597047600111e-41
0.2073000000000001 2.7152052317065465e-40
0.22625000000000015 4.1574922254981807e-38
0.23814285714285774 9.652741608820718e-37
0.25181249999999994 4.18180258453699e-37
0.25888888888888845 7.480563536841265e-38
0.26955000000000034 1.1467643734965977e-37
0.27759090909090894 2.1156819336584233e-37
0.28258333333333396 1.9638413073282016e-37
0.2881923076923084 2.399830639439069e-37
0.290714285714286 8.154828636783908e-38
Sampling time (10 samples): 8028.3638 seconds
/scratch/users/yanlan/Retrieval_0705/Output/AM_PM_ET_228_384_00
0.05950000000000005 2.7936816872775675e-36
0.19999999999999962 4.523866644006163e-33
0.2480000000000002 4.764871554432255e-31
0.2736250000000006 2.594899586065745e-30
0.2896000000000003 2.3463592449996955e-30
0.3024166666666661 6.875578584172522e-30
0.3071428571428564 1.4101384905884047e-29
0.31224999999999875 1.2701217839107937e-29
0.3189999999999977 9.03768560504071e-30
0.3238499999999979 1.2613711628279718e-29
0.32840909090909004 1.530233991906931e-29
0.33454166666666585 4.047067389682634e-30
0.336538461538461 8.716334839483308e-30
0.3366071428571438 7.418416145230748e-30
0.33796666666666586 3.411429527889033e-30
Sampling time (10 samples): 8135.5981 seconds
/scratch/users/yanlan/Retrieval_0705/Output/AM_PM_ET_237_337_00
0.05750000000000001 2.665233158921371e-36
0.10625000000000007 1.8250474445638497e-41
0.16700000000000054 1.4241853051146477e-36
0.18737500000000062 3.117463387153079e-36
0.20560000000000064 7.052631205491648e-34
0.22433333333333363 2.604919508477936e-32
0.24549999999999977 6.219836141342925e-31
0.25924999999999865 1.3666788157228424e-30
0.2687222222222211 1.4280856536092917e-30
0.2777999999999987 6.419525443026582e-30
0.28281818181818025 4.093635150219892e-30
0.28808333333333214 2.2019207154391722e-30
0.292230769230768 2.843765856676531e-30
0.29392857142857043 3.496101921199228e-31
0.29599999999999765 3.2493035446939635e-31
Sampling time (10 samples): 7151.6406 seconds
/scratch/users/yanlan/Retrieval_0705/Output/AM_PM_ET_250_390_00
0.385 2.7691483507154394e-12
0.3572500000000018 7.09099761870913e-13
0.35066666666666824 5.14880754887667e-13
0.33650000000000124 3.3309108061405423e-13
0.3331000000000023 3.9401806944651447e-13
0.3278333333333338 1.5036484232181989e-12
0.3304285714285713 3.625914039093081e-13
0.3251874999999993 1.1767835275171734e-12
0.32327777777777666 6.993658443183973e-13
0.32180000000000064 6.282792303968539e-13
0.3200454545454562 5.51342610410771e-13
0.3219583333333361 4.835030865212701e-13
0.3200384615384649 5.285915206650206e-13
0.3192142857142889 8.390094333903738e-13
0.31893333333333695 5.09307209709707e-13
Sampling time (10 samples): 7179.0318 seconds
