/scratch/users/yanlan/Retrieval_0705/Output/AM_PM_ET_202_413_00
0.3854999999999997 7.545506647673836e-13
0.3592500000000005 6.186859746974108e-13
0.3414999999999995 6.587968992221443e-13
0.33712500000000056 6.188328137106842e-13
0.3315000000000004 2.7775597647821933e-13
0.32491666666666835 8.273696250706211e-13
0.3236428571428591 8.268010605337659e-13
0.32287500000000213 5.364373094034661e-13
0.3221666666666683 3.9570591456070143e-13
0.32285000000000036 5.052552671984611e-13
0.3231363636363651 1.1665795870418763e-12
0.32437500000000125 8.024346636648954e-13
0.3236923076923091 1.6800363503286374e-12
0.32153571428571537 4.349314870051175e-13
0.32293333333333313 4.606554179319566e-13
Sampling time (10 samples): 7887.4962 seconds
/scratch/users/yanlan/Retrieval_0705/Output/AM_PM_ET_209_273_00
0.032499999999999994 1.3699095654574994e-37
0.09349999999999987 1.4584152788797185e-41
0.13599999999999976 1.4652251677675483e-39
0.15549999999999956 8.720071333576762e-39
0.16510000000000016 3.3819246974194275e-39
0.17274999999999952 1.657589927394072e-39
0.17892857142857108 1.5855825979733062e-40
0.18024999999999952 2.767811058210896e-40
0.1825555555555561 9.633338407994379e-42
0.18595000000000006 6.138647226746966e-43
0.1888636363636359 1.1912341459493129e-43
0.19204166666666586 3.3341860158223267e-43
0.1958461538461529 2.896167600772848e-42
0.19514285714285626 8.203253417115179e-43
0.195299999999999 1.883489532199471e-43
Sampling time (10 samples): 7807.4499 seconds
/scratch/users/yanlan/Retrieval_0705/Output/AM_PM_ET_215_413_00
0.023499999999999986 1.4407624229229024e-39
0.09125000000000008 7.613131018711585e-41
0.11583333333333322 5.938150352537372e-43
0.152375 5.787527955263919e-40
0.1787000000000002 7.169681597982957e-36
0.20025000000000007 3.654515986363174e-34
0.21678571428571425 5.7536300645880016e-33
0.23162500000000003 5.89286076391912e-33
0.23811111111111116 1.285157738646639e-32
0.24875000000000028 2.9358965593214065e-32
0.2528181818181833 9.72990574627835e-33
0.25920833333333354 2.3978122153252226e-32
0.2618461538461537 7.723649965836997e-33
0.2681071428571442 3.3991727026262525e-32
0.27136666666666776 1.881998769815674e-32
Sampling time (10 samples): 8057.6442 seconds
/scratch/users/yanlan/Retrieval_0705/Output/AM_PM_ET_222_286_00
0.0135 1.8961798805804334e-43
restart...
0.0115 7.952191141255843e-44
restart...
0.05400000000000003 6.087942804819581e-36
0.12525000000000003 1.9829154310910535e-41
0.12433333333333334 1.0257497849995807e-55
restart...
0.07499999999999998 3.946883717398841e-53
restart...
0.07924999999999993 6.818865740149623e-49
restart...
0.08225000000000016 1.8878008543224568e-52
restart...
0.10950000000000001 6.544049372244076e-46
0.10950000000000004 8.178746491730907e-57
restart...
0.09650000000000016 7.220524228758253e-47
0.11066666666666676 3.093202275705872e-53
restart...
0.16099999999999962 3.160056458302529e-35
0.11699999999999962 3.8942356679413403e-63
restart...
0.12474999999999986 7.271383513496023e-42
Sampling time (10 samples): 7805.5124 seconds
/scratch/users/yanlan/Retrieval_0705/Output/AM_PM_ET_229_325_00
0.014499999999999987 1.0448696477428166e-41
restart...
0.006999999999999994 9.974442812681384e-47
restart...
0.010999999999999994 1.7217833418875773e-42
restart...
0.010000000000000002 4.154960588034593e-45
restart...
0.013000000000000006 1.1711766395244785e-42
restart...
0.012000000000000004 1.5409418522932479e-43
restart...
0.010499999999999997 1.4552503648114304e-43
restart...
0.006499999999999995 2.896476937654535e-46
restart...
0.030999999999999982 8.726509322245288e-39
0.10924999999999996 8.904800194285953e-43
0.1256666666666665 2.0935127025444734e-46
0.16087500000000043 3.4992848761222075e-44
0.19390000000000018 6.883595915058325e-42
0.22574999999999995 1.111018979300475e-40
0.24721428571428578 7.247649513093128e-40
Sampling time (10 samples): 7185.5758 seconds
/scratch/users/yanlan/Retrieval_0705/Output/AM_PM_ET_238_298_00
0.008499999999999994 3.2755350684850077e-45
restart...
0.012999999999999996 2.068060825121069e-43
restart...
0.012499999999999995 1.8796456285522334e-44
restart...
0.011999999999999993 1.174818003826421e-43
restart...
0.008999999999999979 4.927717876601378e-46
restart...
0.012500000000000022 5.783597954916406e-43
restart...
0.008000000000000033 2.4216417716607055e-47
restart...
0.020500000000000004 1.4268947397108475e-39
0.11850000000000009 1.2757770130221255e-40
0.16983333333333392 1.7612265977796382e-38
0.1692500000000002 1.4843471702935639e-43
0.19090000000000024 2.4542787576061314e-42
0.2081666666666669 1.4838966955376978e-40
0.21928571428571422 9.477337884579363e-40
0.20025000000000012 8.971941152512187e-73
restart...
Sampling time (10 samples): 8075.1012 seconds
/scratch/users/yanlan/Retrieval_0705/Output/AM_PM_ET_252_300_00
0.01750000000000002 3.6953502184444037e-42
restart...
0.011000000000000006 1.6966063390528798e-44
restart...
0.03149999999999999 1.5403860273753416e-39
0.14150000000000001 3.004367908154317e-38
0.16450000000000062 4.750267535521831e-43
0.15712500000000038 1.7615642591804538e-52
restart...
0.08824999999999995 1.2263830460063213e-46
0.11783333333333335 1.3665497416228447e-49
restart...
0.13649999999999995 4.421840702318075e-40
0.13600000000000054 3.4217386213280714e-48
0.1596250000000003 2.950174961522161e-45
0.17040000000000002 5.164548797660032e-48
0.16758333333333367 3.3201721582434056e-53
restart...
0.14749999999999983 9.196246776750258e-37
0.12633333333333374 1.860710150508708e-52
restart...
Sampling time (10 samples): 7649.5793 seconds
