/scratch/users/yanlan/Retrieval_0705/Output/AM_PM_ET_203_237_00
0.01899999999999998 1.127400982305083e-39
restart...
0.019000000000000006 1.6112428635399621e-40
restart...
0.027499999999999997 4.550523465062081e-39
0.08325 1.134547996234723e-46
0.11783333333333329 8.032607267716333e-46
0.12950000000000025 8.441282018891081e-49
restart...
0.07225000000000009 4.178388952409722e-48
0.1080000000000001 1.0270416792773423e-51
restart...
0.05274999999999995 8.896878474965647e-51
restart...
0.06049999999999984 3.665111988186862e-52
restart...
0.05775000000000006 8.448517500071939e-52
restart...
0.04975000000000003 2.17442689512497e-53
restart...
0.052250000000000005 1.563619996601415e-50
restart...
0.041999999999999954 5.482081571682586e-58
restart...
0.04074999999999985 4.874579270270439e-56
restart...
Sampling time (10 samples): 7571.4291 seconds
/scratch/users/yanlan/Retrieval_0705/Output/AM_PM_ET_209_297_00
0.008000000000000007 6.662618763438549e-45
restart...
0.014500000000000006 1.254757427066565e-41
restart...
0.028000000000000004 1.728650444599416e-39
0.12725000000000017 1.8008371293730763e-42
0.1745000000000004 3.975251330139248e-39
0.2041250000000006 5.775930869335891e-37
0.21790000000000054 7.625215756331854e-36
0.22933333333333347 3.7261120610480786e-35
0.23885714285714316 6.725585752340513e-34
0.21612500000000043 4.968132835953413e-64
restart...
0.2371875 2.2479949173970827e-42
0.21138888888888913 1.8158421002769825e-82
restart...
0.21116666666666678 2.503751287744183e-84
restart...
0.21155555555555583 8.871721836139311e-82
restart...
0.2112222222222223 1.9254637714301097e-84
restart...
Sampling time (10 samples): 7839.2357 seconds
/scratch/users/yanlan/Retrieval_0705/Output/AM_PM_ET_216_252_00
0.02599999999999998 1.1535190653754615e-40
0.06574999999999986 2.939426448242436e-50
restart...
0.07724999999999985 1.458574611837922e-48
0.09433333333333337 1.6654183379280388e-53
restart...
0.07574999999999998 1.285406877181749e-47
0.1331666666666667 2.7552488893987295e-46
0.1613750000000003 6.848333921761712e-45
0.18140000000000023 1.632454526716107e-42
0.1926666666666669 5.856932786436143e-45
0.17328571428571465 7.934550731961334e-68
restart...
0.07899999999999997 7.706868969417111e-46
0.10599999999999984 5.725700242855547e-49
restart...
0.07099999999999998 4.832237672958214e-48
0.10049999999999999 1.246751983495786e-51
restart...
0.0755000000000002 2.1790264451084067e-46
Sampling time (10 samples): 7595.6685 seconds
/scratch/users/yanlan/Retrieval_0705/Output/AM_PM_ET_222_304_00
0.02750000000000002 5.941883834767061e-38
0.06325000000000004 6.6246044023887316e-52
restart...
0.06525000000000004 5.144090726837768e-50
restart...
0.06099999999999992 1.2089663181759034e-50
restart...
0.05400000000000001 8.064195975947524e-52
restart...
0.05999999999999997 1.1879411850023488e-53
restart...
0.08149999999999993 4.677479661187634e-44
0.1103333333333331 3.580127970081871e-48
0.1344999999999996 2.4342059224959026e-50
restart...
0.050499999999999996 5.966425428920025e-52
restart...
0.056750000000000085 5.410696462441958e-52
restart...
0.053750000000000075 7.174126151300875e-52
restart...
0.08274999999999999 5.149288662856408e-44
0.0945 8.37951236111604e-55
restart...
0.055249999999999994 1.0854695962267752e-50
restart...
Sampling time (10 samples): 7781.9840 seconds
/scratch/users/yanlan/Retrieval_0705/Output/AM_PM_ET_229_343_00
0.05550000000000003 1.095469359475175e-34
0.16874999999999976 1.785804477888323e-32
0.22533333333333325 3.3094842137055305e-31
0.2657499999999986 7.823771657795429e-31
0.28119999999999723 5.5720369598278905e-30
0.29816666666666475 8.411002453507293e-30
0.30557142857142694 7.165555725532725e-30
0.3099999999999988 2.4743195445714332e-30
0.31327777777777677 1.3846061924056633e-30
0.31509999999999977 6.132809995991027e-30
0.31731818181818217 4.8741607076670046e-30
0.32208333333333344 7.841925533832797e-30
0.32511538461538636 8.782366701502919e-30
0.3278928571428587 1.4602200996031841e-30
0.330233333333335 6.645284342542655e-30
Sampling time (10 samples): 7568.7525 seconds
/scratch/users/yanlan/Retrieval_0705/Output/AM_PM_ET_238_316_00
0.042000000000000016 3.714323270435776e-36
0.11200000000000017 1.9386081081418445e-39
0.12933333333333397 4.1597766643395164e-44
0.16137500000000035 2.421684608659313e-41
0.16030000000000064 8.181698636232059e-56
restart...
0.055000000000000056 8.435460530113993e-57
restart...
0.0977500000000001 1.680513481051207e-43
0.135666666666667 7.427738932827856e-45
0.16062500000000046 3.457132746548332e-44
0.18420000000000067 7.288524174668743e-42
0.1900000000000005 1.1051606441000881e-42
0.19457142857142945 2.443915037316058e-44
0.20243750000000027 2.7492477845422996e-44
0.20622222222222317 1.898038571527379e-45
0.21405000000000077 6.361386377747551e-44
Sampling time (10 samples): 8182.8357 seconds
/scratch/users/yanlan/Retrieval_0705/Output/AM_PM_ET_252_318_00
0.021000000000000005 3.785647061187359e-40
0.11575000000000012 5.886634914014937e-43
0.1433333333333336 1.473553005316622e-45
0.15975000000000064 6.552835509683067e-46
0.18390000000000062 2.2626983318135818e-42
0.1918333333333339 3.426880001267118e-41
0.19971428571428643 2.3310799542878848e-42
0.21012500000000026 6.6611309531811856e-43
0.2212777777777784 1.8503297249959214e-42
0.223000000000001 1.2873918222600719e-45
0.23000000000000087 1.2777207494663027e-43
0.24150000000000094 5.152031671335787e-43
0.24984615384615474 2.2942541778000732e-42
0.25757142857143045 8.508916369337988e-43
0.2617333333333353 3.1989039210986956e-43
Sampling time (10 samples): 7738.5856 seconds
