/scratch/users/yanlan/Retrieval_0705/Output/AM_PM_ET_200_300_00
0.04499999999999996 1.127034483643897e-37
0.10675000000000004 1.824123032795656e-43
0.09233333333333348 1.742881198260601e-65
restart...
0.08900000000000015 8.047088330311991e-50
restart...
0.10475 1.4204886097193619e-43
0.0926666666666666 4.567301243610702e-61
restart...
0.1279999999999998 3.3625995198507733e-41
0.11449999999999988 5.533781393419693e-59
restart...
0.09250000000000004 3.1344971159796773e-48
0.0846666666666669 1.7527899591303428e-65
restart...
0.1162500000000001 1.5508890237800502e-45
0.11749999999999997 6.353376561889829e-57
restart...
0.07449999999999989 1.965481789426104e-52
restart...
0.08725000000000001 1.1675813730931393e-51
restart...
0.11374999999999996 3.172140742557219e-43
Sampling time (10 samples): 7635.1663 seconds
/scratch/users/yanlan/Retrieval_0705/Output/AM_PM_ET_206_287_00
0.0195 8.38773792320517e-42
restart...
0.012999999999999994 1.453855409313426e-42
restart...
0.021999999999999995 1.8194774683889062e-40
0.12475000000000008 4.115990041155471e-40
0.18883333333333369 2.3880985474438566e-37
0.19937500000000055 2.262863624680799e-45
0.18740000000000026 2.383365097806332e-53
restart...
0.14175 3.774193473819236e-40
0.1945000000000003 1.986199040920741e-39
0.17137500000000033 4.5606803501913955e-53
restart...
0.12425000000000007 3.285144079893946e-39
0.13133333333333333 8.86305736978698e-50
restart...
0.13474999999999995 3.439192062733815e-40
0.16300000000000034 9.257352644574964e-44
0.1512500000000003 3.9299262707403753e-53
restart...
Sampling time (10 samples): 7482.2798 seconds
/scratch/users/yanlan/Retrieval_0705/Output/AM_PM_ET_213_266_00
0.04450000000000001 9.911327667365996e-38
0.06525000000000039 2.8645580082282923e-60
restart...
0.11100000000000021 5.733670011529759e-42
0.11066666666666665 2.0735921909787055e-59
restart...
0.051999999999999914 6.495239594746658e-61
restart...
0.0650000000000001 1.0696644436189436e-56
restart...
0.056000000000000015 2.599313461219588e-58
restart...
0.11425000000000007 2.1981528091540453e-41
0.09483333333333331 5.5797916640068295e-67
restart...
0.06299999999999992 1.9022225290983503e-58
restart...
0.05100000000000008 1.0980553762443355e-63
restart...
0.06175000000000021 1.70860098741532e-59
restart...
0.11424999999999992 1.6228690092836563e-41
0.0934999999999999 3.4157404548535688e-68
restart...
0.08850000000000022 4.60704643532227e-49
restart...
Sampling time (10 samples): 7635.8796 seconds
/scratch/users/yanlan/Retrieval_0705/Output/AM_PM_ET_219_320_00
0.08049999999999999 1.2844255327466115e-34
0.14225 1.9024933794958293e-36
0.1653333333333339 2.8459424811547446e-41
0.18287500000000043 2.270216200301328e-41
0.21180000000000107 1.5341838928435545e-39
0.2344166666666673 1.2722466932731896e-39
0.25028571428571467 1.332568477857722e-39
0.26206250000000014 8.359239196420748e-40
0.2683888888888894 1.1940881455978523e-40
0.26730000000000065 9.031305326812244e-42
0.27177272727272805 2.213600970335858e-41
0.2617916666666658 2.200847262430137e-50
restart...
0.26112500000000005 2.3310745972937034e-53
restart...
0.2646250000000015 9.507162840647927e-52
restart...
0.2737083333333342 9.013220922921284e-43
Sampling time (10 samples): 7552.0162 seconds
/scratch/users/yanlan/Retrieval_0705/Output/AM_PM_ET_226_277_00
0.013499999999999996 4.6335742376494476e-42
restart...
0.02449999999999999 1.2700296784973995e-39
0.1109999999999998 5.770879929833396e-44
0.1718333333333337 4.962593552374519e-41
0.15500000000000014 2.508557265805691e-61
restart...
0.032749999999999974 4.381935686679371e-63
restart...
0.08900000000000022 3.2477833921790647e-47
0.07366666666666696 1.6540144457673986e-69
restart...
0.09100000000000014 1.1861069172992802e-45
0.0693333333333335 5.53671732946376e-72
restart...
0.06550000000000018 5.420958031019166e-55
restart...
0.10175000000000019 3.8692306437388366e-46
0.09283333333333349 7.367618167933711e-65
restart...
0.07775000000000024 3.420788134301319e-48
0.06416666666666693 2.0860110956969873e-72
restart...
Sampling time (10 samples): 9396.9605 seconds
/scratch/users/yanlan/Retrieval_0705/Output/AM_PM_ET_234_316_00
0.008000000000000005 8.663742924456694e-47
restart...
0.011999999999999997 2.6183507741777506e-43
restart...
0.04650000000000006 7.165416715106344e-37
0.13649999999999995 5.209307390468787e-43
0.10183333333333328 7.125051944008934e-73
restart...
0.08075000000000003 2.0645870491933145e-51
restart...
0.14375000000000002 8.082867316387003e-41
0.10183333333333341 7.527413800857936e-76
restart...
0.10350000000000006 2.3950501644474e-50
restart...
0.05074999999999997 6.543725224650749e-63
restart...
0.10474999999999994 1.3037077151754768e-47
0.07166666666666653 8.88362897330111e-87
restart...
0.07225000000000015 4.978384255015455e-56
restart...
0.07300000000000008 4.069883212510549e-54
restart...
0.09374999999999989 3.928624697735017e-56
restart...
Sampling time (10 samples): 8422.2026 seconds
/scratch/users/yanlan/Retrieval_0705/Output/AM_PM_ET_244_391_00
0.019 5.913913415544677e-40
restart...
0.019000000000000017 6.337288409227649e-41
restart...
0.012000000000000005 1.5013470624746825e-44
restart...
0.013999999999999999 1.2628321555827996e-41
restart...
0.018500000000000006 2.7238898191163267e-42
restart...
0.010499999999999994 7.558446971289012e-45
restart...
0.012499999999999995 9.219851612297476e-45
restart...
0.01499999999999999 1.9661271983079437e-42
restart...
0.034499999999999954 7.864755983084392e-41
0.15149999999999972 3.6228602582877e-38
0.19600000000000012 6.190361419338483e-37
0.20125000000000035 1.4455181179651332e-39
0.17259999999999984 6.129708116652523e-65
restart...
0.20690000000000022 2.0791842940290308e-41
0.19200000000000025 1.5638155983873798e-54
restart...
Sampling time (10 samples): 7714.7205 seconds
