/scratch/users/yanlan/Retrieval_0705/Output/AM_PM_ET_203_367_00
0.010000000000000007 2.3058508137474326e-46
restart...
0.0245 6.5150653593798e-39
0.08524999999999996 7.9293341140625625e-47
0.1470000000000001 3.691939592633008e-44
0.18087500000000015 1.141046178939966e-41
0.20850000000000024 7.615854268382028e-40
0.22774999999999965 6.355827754744533e-40
0.23921428571428568 1.7174211787492645e-39
0.25006249999999997 3.632312664016215e-40
0.2572777777777768 1.339120809096271e-40
0.26169999999999877 3.430405978799729e-40
0.2687727272727267 1.131713797414931e-39
0.2716250000000007 8.249008547453182e-40
0.27523076923076856 2.507438169516715e-39
0.2776071428571416 1.1530943084382888e-39
Sampling time (10 samples): 7111.0378 seconds
/scratch/users/yanlan/Retrieval_0705/Output/AM_PM_ET_210_273_00
0.05450000000000003 5.731729364428245e-35
0.14899999999999972 6.462653767770593e-36
0.12816666666666635 9.022583322787095e-53
restart...
0.1295 3.118932836323946e-39
0.15166666666666795 2.273976909347766e-40
0.16337500000000105 5.890283263103387e-43
0.1785999999999999 6.229333813910762e-43
0.1867500000000002 3.093529871177374e-44
0.1757857142857143 9.852893956924224e-56
restart...
0.11325000000000017 2.4928114453581794e-40
0.11316666666666676 3.0641231375326026e-52
restart...
0.11999999999999994 9.770116354140161e-39
0.11516666666666668 4.6457743972674236e-51
restart...
0.15474999999999975 3.880231872437275e-33
0.1833333333333337 3.778091251577287e-33
Sampling time (10 samples): 7715.7760 seconds
/scratch/users/yanlan/Retrieval_0705/Output/AM_PM_ET_216_396_00
0.017 6.590974595262748e-42
restart...
0.06550000000000003 2.1059555269294465e-33
0.18125000000000008 2.581922961039986e-32
0.23133333333333322 2.6862961650112824e-31
0.25600000000000034 4.8607702972709046e-31
0.24650000000000127 1.2488642199289737e-39
0.24166666666666753 3.3189101278354606e-43
0.219928571428572 9.46854245173355e-60
restart...
0.22707142857142962 3.2806754241508534e-54
restart...
0.2199285714285723 1.3116759437212502e-60
restart...
0.22750000000000106 1.204425269266137e-57
restart...
0.21835714285714347 4.8161841210071816e-60
restart...
0.22092857142857236 1.4139038236989333e-59
restart...
0.21792857142857225 1.1647121747951028e-64
restart...
0.2188571428571437 4.677009272374143e-60
restart...
Sampling time (10 samples): 7903.2572 seconds
/scratch/users/yanlan/Retrieval_0705/Output/AM_PM_ET_223_275_00
0.020500000000000004 2.1013791450692112e-39
0.04774999999999999 2.0487701625436036e-52
restart...
0.06574999999999998 8.93768501967675e-51
restart...
0.07500000000000001 2.94733687053135e-48
0.15416666666666667 3.8307467756307843e-44
0.18962500000000104 7.151230777656151e-41
0.21560000000000018 1.39589277848778e-39
0.22941666666666644 1.6887434452194036e-39
0.22928571428571373 9.23964893832159e-44
0.23318749999999913 1.7956500716828782e-46
0.235555555555555 3.8279080128806594e-48
0.2360999999999996 5.856403440507391e-48
0.23554545454545406 1.3132890558981991e-48
0.24033333333333315 4.3305142345835547e-47
0.24623076923076892 3.5238482941090923e-45
Sampling time (10 samples): 7568.6447 seconds
/scratch/users/yanlan/Retrieval_0705/Output/AM_PM_ET_230_339_00
0.037499999999999985 5.575855759664358e-38
0.13624999999999982 9.726502894522839e-38
0.19666666666666696 4.097540979283273e-34
0.22037500000000043 7.000848647754915e-33
0.2302000000000006 5.922201980327749e-35
0.2436666666666668 3.805090082159942e-37
0.2644285714285715 1.5491872249288673e-37
0.2789999999999991 7.722665344564573e-38
0.2873888888888882 7.052922555602483e-38
0.2943000000000001 1.9070040372362856e-38
0.301499999999999 3.9421619049155645e-38
0.30766666666666714 9.129145219379431e-38
0.314192307692307 2.479148712194772e-38
0.316285714285714 9.661337488313664e-38
0.31973333333333104 1.4671659096281753e-37
Sampling time (10 samples): 8092.8202 seconds
/scratch/users/yanlan/Retrieval_0705/Output/AM_PM_ET_239_331_00
0.03449999999999998 2.4269540973385303e-36
0.14824999999999994 1.3049062506443804e-36
0.16766666666666644 5.249649325247327e-41
0.21362500000000006 1.9846385503579828e-39
0.2472000000000003 3.436183500428031e-38
0.26583333333333364 1.5258850179928149e-37
0.28557142857142886 8.5866497926877e-37
0.2979374999999986 7.735530175284841e-37
0.30483333333333235 4.784353721493753e-37
0.31434999999999874 1.0225255466453987e-36
0.31981818181818095 3.198782261938988e-37
0.3263749999999986 4.801249594411017e-37
0.33103846153846134 3.1108644307359357e-37
0.33685714285714435 2.064675486140864e-36
0.34093333333333364 1.348618938130969e-36
Sampling time (10 samples): 8132.9614 seconds
/scratch/users/yanlan/Retrieval_0705/Output/AM_PM_ET_255_296_00
0.016499999999999994 6.996430742969705e-41
restart...
0.050500000000000066 4.2817114484952717e-36
0.17275000000000032 6.526977677140174e-35
0.24100000000000013 9.273077489467195e-35
0.27249999999999985 4.246562768924118e-35
0.28889999999999805 1.9769541465543673e-34
0.3054166666666657 2.0705206308117737e-34
0.31157142857142817 1.4864470227971522e-35
0.3137499999999999 1.6884502387104684e-34
0.3242222222222213 2.0109472786294806e-34
0.3316499999999981 1.7358047673314242e-34
0.33581818181817924 2.006926884044884e-34
0.33704166666666446 6.655918473065365e-35
0.33880769230768965 5.766110959856269e-35
0.33903571428571183 1.0051743687973296e-34
Sampling time (10 samples): 8011.6012 seconds
