/scratch/users/yanlan/Retrieval_0705/Output/AM_PM_ET_203_234_00
0.014500000000000004 1.6489462973920973e-42
restart...
0.02449999999999999 3.129457980460457e-40
0.12625000000000003 1.9269584384111804e-41
0.1870000000000005 2.0168958504360022e-38
0.2037500000000006 4.408211932595121e-38
0.21840000000000073 1.2367684580803222e-39
0.22300000000000025 5.404082606753164e-41
0.22285714285714336 2.821706690355457e-43
0.23043750000000032 1.3765218716814282e-42
0.23411111111111146 2.7289448090722652e-42
0.2392500000000001 9.693323846742302e-43
0.24563636363636362 1.2079970234856434e-42
0.25629166666666797 2.2393787657655033e-42
0.2646538461538478 4.857607697334092e-43
0.2697142857142867 8.801310423377769e-44
Sampling time (10 samples): 7941.1130 seconds
/scratch/users/yanlan/Retrieval_0705/Output/AM_PM_ET_209_294_00
0.01449999999999999 4.3546200861638663e-41
restart...
0.020999999999999994 1.3135097360411097e-41
0.09950000000000002 7.813108756797766e-44
0.15883333333333438 1.711125097743875e-39
0.19075000000000075 2.714893892728326e-36
0.21310000000000032 1.3056728554912324e-33
0.22408333333333338 5.326002412474991e-33
0.2378571428571432 2.0598932742220365e-33
0.24837499999999982 2.2242840393033165e-33
0.2561666666666669 7.06913084229601e-33
0.26360000000000144 2.507735659770248e-33
0.2662727272727275 5.5000544513237825e-33
0.2692916666666656 2.1187462195155096e-33
0.27396153846153626 5.0823551472080245e-33
0.2759285714285698 6.854800442708877e-33
Sampling time (10 samples): 8003.9198 seconds
/scratch/users/yanlan/Retrieval_0705/Output/AM_PM_ET_216_249_00
0.01599999999999998 4.018494557419267e-40
restart...
0.03100000000000005 6.476953952072481e-38
0.08574999999999991 4.9590453541104615e-47
0.11033333333333309 3.3415871755195314e-54
restart...
0.08650000000000005 1.2466639704137922e-45
0.10766666666666638 1.4357381457284632e-51
restart...
0.06225000000000004 5.910555107262466e-51
restart...
0.07999999999999992 2.0343773804032672e-48
0.12483333333333317 4.586730222647132e-50
restart...
0.06799999999999984 8.165184403720201e-51
restart...
0.036999999999999984 1.1094973654545335e-65
restart...
0.07899999999999999 4.041918740461986e-51
restart...
0.06875000000000006 4.082926861687721e-52
restart...
0.11450000000000005 1.6554958253273542e-40
0.15033333333333296 6.998013176603552e-42
Sampling time (10 samples): 7953.9561 seconds
/scratch/users/yanlan/Retrieval_0705/Output/AM_PM_ET_222_301_00
0.02199999999999998 5.801623608632689e-38
0.06899999999999998 1.2654160947263916e-49
restart...
0.06125000000000008 1.203425306784713e-51
restart...
0.07324999999999997 1.795788907773723e-51
restart...
0.05925 9.313101514410779e-50
restart...
0.07175 3.3704618693180604e-50
restart...
0.06075000000000004 6.441148940421663e-51
restart...
0.061749999999999916 3.1505164256226896e-51
restart...
0.059500000000000046 7.624271840538262e-50
restart...
0.06250000000000001 5.02832884748912e-50
restart...
0.05999999999999999 4.2575129465160606e-51
restart...
0.05449999999999997 2.807605985585318e-50
restart...
0.07199999999999998 2.0549497394303222e-48
0.11183333333333331 1.0039462892462025e-47
0.15624999999999972 1.950516846025896e-43
Sampling time (10 samples): 7750.4427 seconds
/scratch/users/yanlan/Retrieval_0705/Output/AM_PM_ET_229_340_00
0.045 2.7262902912095405e-35
0.12475000000000015 4.548641638624699e-36
0.1881666666666673 1.8229434539104164e-33
0.22487500000000035 6.455784074315582e-32
0.24600000000000022 1.6533584199947514e-31
0.250083333333334 2.5220600939502587e-33
0.26064285714285756 2.1268319626804926e-36
0.2761250000000005 2.1478515290322758e-36
0.2905000000000016 1.658984914317978e-36
0.3033000000000002 8.013539589307203e-37
0.31304545454545424 7.622946496783497e-37
0.31950000000000006 6.362956624739014e-36
0.3275384615384627 2.692027594392162e-37
0.3310357142857161 1.262527463611831e-36
0.3362333333333342 9.470996147150163e-37
Sampling time (10 samples): 7776.0893 seconds
/scratch/users/yanlan/Retrieval_0705/Output/AM_PM_ET_238_313_00
0.07049999999999998 1.3638384019927474e-35
0.1757499999999999 3.1887425889764773e-32
0.13516666666666655 1.5828961033412815e-64
restart...
0.17775 2.681676560055233e-32
0.1973333333333332 8.921219946352578e-35
0.16349999999999984 1.1081012860097963e-64
restart...
0.13575000000000012 5.2543169122916044e-42
0.10100000000000013 5.10994599926212e-70
restart...
0.18025000000000016 1.6670701010581845e-32
0.19550000000000034 6.860391411511307e-36
0.14800000000000016 2.1504958831492209e-75
restart...
0.18124999999999986 9.77911835231661e-33
0.2039999999999997 1.3828031689098662e-34
0.20137499999999983 2.2982989717515716e-39
0.17389999999999994 6.451652423473977e-60
restart...
Sampling time (10 samples): 8752.3588 seconds
/scratch/users/yanlan/Retrieval_0705/Output/AM_PM_ET_252_315_00
0.027499999999999997 1.0019539652135667e-40
0.17675 3.4813366927131085e-39
0.2253333333333338 2.2423899035075257e-36
0.25562500000000016 1.1581126903245345e-34
0.27930000000000016 5.454075167298979e-34
0.2969166666666649 4.161417121106408e-34
0.3070714285714291 2.442748223666385e-33
0.3135625 9.849743889206941e-34
0.3226111111111103 5.5272260300646116e-34
0.32555000000000034 5.498333598805095e-34
0.3311818181818194 1.7091940320735954e-33
0.3354166666666681 4.503890822661809e-34
0.33726923076923176 4.708938248245815e-34
0.33775000000000127 1.4339978756530284e-33
0.34053333333333374 4.386559954593327e-34
Sampling time (10 samples): 7325.4590 seconds
