/scratch/users/yanlan/Retrieval_0705/Output/AM_PM_ET_202_409_00
0.05499999999999997 7.092876900932796e-33
0.12700000000000006 2.150511432157933e-35
0.15633333333333385 7.198901037520871e-39
0.19825000000000034 1.2780446637598291e-37
0.21779999999999997 4.5914673311252216e-36
0.2354166666666662 2.4420223037372883e-36
0.2454285714285709 3.989025035609066e-36
0.2509374999999994 1.8934659570339733e-36
0.2521666666666661 7.936715150589929e-37
0.2547500000000001 2.1578566802599467e-37
0.25963636363636167 8.563147326451223e-38
0.2657499999999977 2.9036504943253104e-37
0.2689615384615365 1.468155783430569e-36
0.27096428571428494 1.3801636899121493e-36
0.2713333333333329 6.215436018531492e-37
Sampling time (10 samples): 8126.1979 seconds
/scratch/users/yanlan/Retrieval_0705/Output/AM_PM_ET_209_269_00
0.08749999999999997 1.454126799828316e-29
0.19375000000000028 2.757940158694506e-26
0.22283333333333338 1.9076637100261886e-27
0.24587499999999995 1.3791729802647236e-28
0.2588 8.552697872603296e-29
0.2685833333333323 2.2694466218223807e-29
0.27128571428571396 1.6113364547353268e-30
0.26918750000000014 3.4714154937159196e-31
0.26511111111111146 1.3664397213330125e-35
0.26255000000000084 1.765649032843896e-37
0.26231818181818095 2.696428805585388e-38
0.2621249999999992 1.0704096740658153e-39
0.2545384615384613 5.860750924133393e-45
0.2514642857142851 7.228479937519736e-46
0.2498333333333313 1.8238615888081238e-43
Sampling time (10 samples): 8469.2573 seconds
/scratch/users/yanlan/Retrieval_0705/Output/AM_PM_ET_215_409_00
0.03700000000000003 7.4681821064640545e-37
0.10749999999999996 1.2089526071760214e-40
0.14150000000000024 1.454496087551791e-42
0.1836250000000006 1.2849788527923523e-39
0.20980000000000024 5.578086066781241e-38
0.23158333333333345 7.47424314307951e-38
0.24900000000000044 1.0958046629787746e-36
0.25712499999999955 3.227227327556514e-36
0.26733333333333387 1.3724351388528222e-36
0.2735000000000013 7.336265970146019e-37
0.2798181818181841 2.8175736685271318e-36
0.2867916666666698 9.977268166055912e-37
0.2911538461538486 1.3100153917852946e-36
0.2950714285714315 6.371099613501012e-37
0.29646666666666865 3.4819564730978183e-37
Sampling time (10 samples): 8365.2659 seconds
/scratch/users/yanlan/Retrieval_0705/Output/AM_PM_ET_222_282_00
0.018499999999999996 1.0706950822492014e-40
restart...
0.010499999999999995 6.055316147331679e-44
restart...
0.016499999999999994 2.3878924165763475e-42
restart...
0.01550000000000001 1.768967355826459e-43
restart...
0.016999999999999987 6.610640799063094e-41
restart...
0.025500000000000023 4.6738954426772835e-43
0.14574999999999963 8.069359735236411e-41
0.20516666666666666 3.8806519676877657e-38
0.19687500000000002 1.2104051915703267e-54
restart...
0.16725000000000012 1.258391467181025e-69
restart...
0.2071250000000002 1.6383259390146088e-51
restart...
0.18162499999999984 8.003569796924516e-62
restart...
0.23287500000000005 6.92532499109914e-36
0.20500000000000038 7.494220148402113e-65
restart...
0.2464000000000003 9.398089993281067e-42
Sampling time (10 samples): 8377.2562 seconds
/scratch/users/yanlan/Retrieval_0705/Output/AM_PM_ET_229_321_00
0.05599999999999999 5.855560222203292e-37
0.13899999999999976 1.943865678071723e-36
0.1021666666666665 3.266164834310926e-69
restart...
0.07775000000000004 2.5166323009729484e-55
restart...
0.13150000000000003 9.057772489564488e-39
0.14166666666666636 2.6566690475777244e-51
restart...
0.09399999999999989 2.2628922779729856e-44
0.07933333333333296 1.4153602955125796e-69
restart...
0.12774999999999967 6.759251838676179e-39
0.13383333333333347 7.066044026725921e-54
restart...
0.06974999999999999 2.9024463467768837e-56
restart...
0.10450000000000007 5.658323726231358e-43
0.0903333333333334 4.644335384756912e-65
restart...
0.12399999999999993 2.963388783426803e-39
0.1844999999999999 1.0106840438395126e-36
Sampling time (10 samples): 9025.8025 seconds
/scratch/users/yanlan/Retrieval_0705/Output/AM_PM_ET_238_294_00
0.022500000000000003 1.617907241542721e-40
0.023750000000000018 2.3128380068676253e-68
restart...
0.020249999999999994 1.459398486590541e-70
restart...
0.022749999999999996 3.9217130345388875e-69
restart...
0.017750000000000012 6.486023734207949e-73
restart...
0.021999999999999992 4.21759394396643e-70
restart...
0.015999999999999983 9.984359041497708e-76
restart...
0.018500000000000013 1.8207730698274447e-72
restart...
0.01825000000000003 3.9171193044313405e-76
restart...
0.02250000000000007 7.813220795613987e-75
restart...
0.015000000000000024 1.7708151929559173e-79
restart...
0.017499999999999967 1.5851252349197716e-78
restart...
0.019750000000000004 4.182398282970394e-77
restart...
0.016749999999999984 9.557622575228656e-77
restart...
0.025750000000000033 4.683048461905374e-67
restart...
Sampling time (10 samples): 11620.1399 seconds
/scratch/users/yanlan/Retrieval_0705/Output/AM_PM_ET_252_296_00
0.044 1.1058415085414968e-37
0.13625000000000012 3.271803193899581e-37
0.1630000000000003 1.5696073452612338e-38
0.1911250000000003 2.922102760090869e-37
0.22030000000000033 4.1129135708555065e-35
0.2266666666666672 3.857220832597579e-35
0.23021428571428576 8.305370257592381e-36
0.22993750000000004 2.8335336891329854e-37
0.23400000000000004 9.516807684889684e-39
0.23865000000000014 7.662491780163059e-38
0.24190909090909127 1.750719413233053e-38
0.24270833333333366 1.4240697674520543e-40
0.24723076923076936 3.561908853480547e-41
0.2523214285714301 2.496424266119646e-41
0.25796666666666734 2.1607135432834138e-41
Sampling time (10 samples): 8087.6686 seconds
