/scratch/users/yanlan/Retrieval_0705/Output/AM_PM_ET_200_243_00
0.036999999999999984 8.200934382843908e-40
0.14150000000000001 8.397874388065578e-37
0.19100000000000034 1.4410252300372386e-33
0.21437499999999998 8.921433824814863e-33
0.2380000000000006 3.7127389177520367e-31
0.25183333333333324 2.881588122500363e-32
0.261071428571428 1.7717922060099416e-31
0.2697499999999993 9.604609089037447e-32
0.28055555555555495 6.174955723595232e-32
0.28680000000000144 1.4061806326896606e-31
0.2865909090909124 9.932245188445393e-32
0.29025000000000184 6.020904780824321e-32
0.29450000000000065 9.910227336577692e-32
0.29632142857143035 2.3337480421780265e-32
0.2987666666666669 8.27707638410971e-32
Sampling time (10 samples): 8152.9225 seconds
/scratch/users/yanlan/Retrieval_0705/Output/AM_PM_ET_206_238_00
0.02200000000000001 5.839882034028277e-38
0.049249999999999995 2.2174697148422602e-55
restart...
0.06399999999999996 3.893835850186348e-50
restart...
0.04775 1.7471638817363262e-54
restart...
0.06899999999999999 7.577357683582487e-47
0.10866666666666672 2.783362222387149e-47
0.14037500000000028 3.4192396742803963e-45
0.16620000000000087 5.826522951682129e-43
0.18600000000000091 1.092989817682361e-40
0.1925714285714292 2.7721176320922032e-43
0.19487500000000055 1.4125289317682678e-46
0.19905555555555632 1.904153935551961e-46
0.20464999999999992 2.846476259380237e-46
0.2118181818181816 5.908379153998726e-46
0.22216666666666648 3.983575033702943e-44
Sampling time (10 samples): 8236.6520 seconds
/scratch/users/yanlan/Retrieval_0705/Output/AM_PM_ET_212_372_00
0.04700000000000002 3.351706188405957e-35
0.14324999999999974 7.082499536913763e-38
0.1874999999999992 5.78215328884447e-38
0.19049999999999925 2.88645221412554e-48
0.1695999999999997 2.7905970254254913e-63
restart...
0.16679999999999917 1.8479233699705564e-64
restart...
0.16649999999999987 5.083858505411887e-65
restart...
0.16679999999999992 3.6360660981020805e-65
restart...
0.1619999999999998 8.827109039776184e-70
restart...
0.16779999999999984 9.873924328891966e-64
restart...
0.1679999999999998 1.2970795422919331e-64
restart...
0.17049999999999949 2.382518624734264e-64
restart...
0.17419999999999972 1.6603037858417427e-60
restart...
0.17429999999999968 8.712372382748588e-62
restart...
0.16899999999999987 8.471812126329572e-63
restart...
Sampling time (10 samples): 11318.4527 seconds
/scratch/users/yanlan/Retrieval_0705/Output/AM_PM_ET_219_271_00
0.034 1.750617851412612e-38
0.1309999999999999 4.246928132884587e-40
0.2021666666666673 5.714155955260461e-37
0.24062500000000028 1.2126299119533765e-34
0.23330000000000015 3.5428946425290367e-39
0.21300000000000008 2.5297078022554793e-48
0.20685714285714302 8.979048341479566e-56
restart...
0.20564285714285718 1.2818523847723063e-53
restart...
0.20821428571428552 2.2031387626260987e-54
restart...
0.20678571428571427 1.1357265213719602e-51
restart...
0.20685714285714324 4.712553125918172e-55
restart...
0.20621428571428604 8.625037891841837e-56
restart...
0.21192857142857147 4.421738719757161e-50
restart...
0.2077142857142858 4.2317216049812836e-51
restart...
0.2072142857142857 3.515738853660841e-54
restart...
Sampling time (10 samples): 7889.3762 seconds
/scratch/users/yanlan/Retrieval_0705/Output/AM_PM_ET_225_375_00
0.04300000000000003 1.868282250520742e-36
0.11875000000000009 4.245425087714886e-39
0.15183333333333365 3.1915646608200135e-40
0.16450000000000034 4.944575911317546e-41
/scratch/users/yanlan/Retrieval_0705/Output/AM_PM_ET_234_256_00
0.00800000000000002 4.577511453245286e-47
restart...
0.045999999999999985 3.2248918115901663e-36
0.17374999999999957 1.7528022352754554e-35
0.1621666666666668 1.2089776584574763e-45
0.18487500000000018 4.564042583988307e-43
0.2152999999999999 2.051908010866418e-38
0.23908333333333318 5.8640051934477005e-37
0.25650000000000006 1.0116808815962751e-35
0.2743750000000004 6.674577729464001e-36
0.2942222222222224 3.9693978180279595e-36
0.30565000000000064 5.814780481562973e-36
0.31440909090909336 7.61581377036356e-36
0.3187916666666715 1.896603163081699e-35
0.3261153846153891 3.354218060073315e-36
0.3312500000000054 6.368472854624089e-36
Sampling time (10 samples): 7927.0623 seconds
/scratch/users/yanlan/Retrieval_0705/Output/AM_PM_ET_244_290_00
0.032999999999999995 2.757186391042774e-36
0.09175000000000015 9.464525784241856e-45
0.14466666666666686 5.442427606923739e-44
0.17025 1.2500026662308493e-42
0.17789999999999967 1.0553511741391469e-42
0.18649999999999992 3.8964782823286273e-41
0.18757142857142864 5.110869120227405e-47
0.19718750000000043 4.420593867307199e-47
0.20650000000000038 6.152711455259585e-45
0.20940000000000036 1.755251848080331e-46
0.2184545454545458 6.640442906141873e-46
0.2257916666666674 1.415603844946902e-45
0.22569230769230783 3.2405829394307553e-47
0.2290000000000003 6.74755099084489e-47
0.23433333333333375 5.744401713984014e-46
Sampling time (10 samples): 8355.4952 seconds
