/scratch/users/yanlan/Retrieval_0705/Output/AM_PM_ET_201_299_00
0.016500000000000035 2.8070541601450196e-41
restart...
0.010999999999999982 2.891970152555241e-43
restart...
0.028499999999999994 9.462964908689015e-39
0.13349999999999954 1.2137404867739761e-39
0.18466666666666662 1.0137957947523877e-37
0.19537500000000052 8.240458608214583e-41
0.2159000000000003 2.4669571659631807e-41
0.2337500000000003 2.824522566924807e-40
0.2445714285714293 3.2386361711042857e-40
0.2480625000000008 5.049412228566806e-40
0.2567222222222224 2.6655206222341044e-40
0.2408499999999999 1.9751258765898259e-56
restart...
0.24310000000000015 1.692233176854165e-54
restart...
0.24065000000000056 4.311403310196138e-57
restart...
0.24060000000000037 9.211779662419259e-61
restart...
Sampling time (10 samples): 6810.2240 seconds
/scratch/users/yanlan/Retrieval_0705/Output/AM_PM_ET_207_300_00
0.0235 1.1559380724485554e-39
0.13349999999999987 2.7026711843237865e-38
0.18266666666666667 1.4479125734540595e-36
0.2060000000000005 2.0494837501622376e-34
0.21860000000000018 1.7119368976657675e-32
0.19691666666666666 2.4034621408137273e-57
restart...
0.23683333333333337 2.1717399324863972e-32
0.2473571428571432 2.7943368904445045e-32
0.25462500000000027 1.3907193572188466e-31
0.2329444444444449 2.974639331160473e-59
restart...
0.23572222222222236 6.568567735731037e-54
restart...
0.2335555555555557 4.2750876859493516e-60
restart...
0.24116666666666703 2.1848825537961524e-54
restart...
0.2540000000000008 7.51487139660313e-35
0.23335000000000017 4.140927908725072e-65
restart...
Sampling time (10 samples): 6865.8059 seconds
/scratch/users/yanlan/Retrieval_0705/Output/AM_PM_ET_214_286_00
0.012500000000000013 2.175565033703315e-43
restart...
0.016999999999999998 2.611629022884534e-42
restart...
0.013999999999999993 1.0194583306835925e-41
restart...
0.015499999999999986 1.3502304196423138e-41
restart...
0.02050000000000001 5.806180217206519e-39
0.01900000000000005 4.082047205404838e-70
restart...
0.02200000000000001 6.144420488346726e-68
restart...
0.022249999999999992 1.4164934659692763e-67
restart...
0.019250000000000007 1.8543619411383508e-69
restart...
0.020999999999999994 3.5458455617952947e-68
restart...
0.021000000000000026 2.9965655965701216e-69
restart...
0.03324999999999995 1.3692872718794566e-64
restart...
0.022999999999999996 3.9912048255039433e-67
restart...
0.026749999999999996 1.7232984723792446e-65
restart...
0.018000000000000023 1.0345367753535444e-70
restart...
Sampling time (10 samples): 8945.6448 seconds
/scratch/users/yanlan/Retrieval_0705/Output/AM_PM_ET_220_330_00
0.05800000000000002 7.243457237097116e-33
0.0890000000000001 1.849895933689938e-41
0.12283333333333339 7.767447363689405e-46
0.15400000000000033 1.0978121072318627e-42
0.16770000000000038 3.0056574657939935e-44
0.1841666666666664 1.8906066815361515e-45
0.20757142857142866 1.387809770436682e-43
0.21818750000000003 1.0117660059012697e-42
0.2311111111111108 2.1437951172546675e-42
0.23094999999999954 9.370828469312703e-47
0.23736363636363586 1.5559003614058205e-47
0.24287499999999973 7.33646292168687e-48
0.25050000000000006 7.423640454498998e-48
0.25360714285714414 2.186162941670828e-48
0.25919999999999965 1.8140655195596965e-48
Sampling time (10 samples): 6260.7668 seconds
/scratch/users/yanlan/Retrieval_0705/Output/AM_PM_ET_227_315_00
0.043999999999999984 1.0724709343191925e-34
0.07350000000000001 4.3515638845230217e-57
restart...
0.10874999999999999 1.1141680416540534e-41
0.08133333333333324 7.503278281014124e-72
restart...
0.08349999999999998 1.7938010913605391e-68
restart...
0.07333333333333351 1.1818103968598469e-84
restart...
0.07833333333333349 9.238037198506943e-75
restart...
0.08216666666666698 4.302121824816255e-68
restart...
0.08199999999999998 3.5849019820627284e-72
restart...
0.08066666666666669 1.5459047225952786e-71
restart...
0.08216666666666626 8.253765734115099e-70
restart...
0.08283333333333356 2.1596996223969985e-70
restart...
0.08316666666666671 3.5803370167250204e-69
restart...
0.07916666666666645 3.7744445143473657e-76
restart...
0.08166666666666696 7.20085505721083e-70
restart...
Sampling time (10 samples): 8559.3229 seconds
/scratch/users/yanlan/Retrieval_0705/Output/AM_PM_ET_236_271_00
0.027999999999999994 7.112719339062868e-42
0.14274999999999996 2.7230777078151435e-44
0.19599999999999962 9.39898375885769e-43
0.22849999999999998 1.2696555386845522e-41
0.2313000000000001 1.3252200742647435e-43
0.2430833333333334 3.016111367862219e-42
0.2537857142857141 6.389168344738586e-42
0.2651875000000006 1.5668469948919068e-42
0.2783888888888881 6.983129315965136e-42
0.2886999999999987 5.751359445692556e-42
0.2968636363636345 5.731688376862149e-42
0.3055416666666653 8.168311556903932e-42
0.3116538461538449 4.230206812901516e-42
0.31771428571428606 2.2600451838615692e-42
0.3219666666666672 7.796789958542948e-42
Sampling time (10 samples): 5739.0563 seconds
/scratch/users/yanlan/Retrieval_0705/Output/AM_PM_ET_247_318_00
0.013500000000000017 6.534524077864603e-44
restart...
0.010000000000000002 9.512620637574852e-45
restart...
0.009999999999999988 8.462627284707696e-44
restart...
0.03600000000000001 8.626125666959848e-38
0.03074999999999998 9.262430719210237e-67
restart...
0.03475000000000002 3.616476646856175e-65
restart...
0.034000000000000107 8.82814761241038e-69
restart...
0.04300000000000005 2.890529868008734e-65
restart...
0.03550000000000006 8.961666258196692e-66
restart...
0.030750000000000003 2.666349388446278e-68
restart...
0.031249999999999997 2.4905501594905848e-68
restart...
0.11899999999999995 5.126629151103913e-40
0.15850000000000025 1.640254295874484e-40
0.19112500000000046 9.197694126915693e-39
0.2153 2.1958642106943214e-37
Sampling time (10 samples): 7731.3649 seconds
