/scratch/users/yanlan/Retrieval_0705/Output/AM_PM_ET_203_262_00
0.011999999999999985 1.20281914770511e-44
restart...
0.03849999999999998 1.6690689226275187e-37
0.14875000000000005 3.187900833260316e-36
0.17816666666666706 1.625137370476546e-46
0.13812500000000022 8.610207512338087e-79
restart...
0.1764999999999997 3.1058141898191647e-37
0.126333333333334 2.066261069202067e-73
restart...
0.16824999999999998 8.267624833158611e-37
0.18433333333333346 8.868235530468655e-50
restart...
0.12300000000000025 6.285934932278026e-45
0.08916666666666674 5.06378170473295e-75
restart...
0.17700000000000024 8.196180140055002e-37
0.2230000000000002 3.245936020140867e-36
0.19462500000000021 5.174120385457025e-62
restart...
0.24812499999999973 3.5369582861640173e-35
Sampling time (10 samples): 8232.0108 seconds
/scratch/users/yanlan/Retrieval_0705/Output/AM_PM_ET_209_320_00
0.016499999999999983 9.90843280559783e-42
restart...
0.025500000000000016 1.2353290326059373e-37
0.1437499999999999 4.81788574024489e-37
0.20250000000000046 2.2349582022226906e-33
0.23500000000000112 1.877192250690476e-31
0.2559000000000007 7.155555964627405e-31
0.2719166666666683 3.356574501170034e-31
0.28471428571428714 4.03725747732588e-31
0.2922500000000016 1.8145239726603251e-31
0.29577777777777947 2.336897766216028e-32
0.3010499999999992 6.711592932487138e-31
0.3068636363636365 5.748581484755456e-31
0.3113749999999991 1.9587513407316287e-31
0.3115769230769209 1.29831674995547e-31
0.31457142857142695 4.548610430388191e-31
Sampling time (10 samples): 7903.8273 seconds
/scratch/users/yanlan/Retrieval_0705/Output/AM_PM_ET_216_275_00
0.021500000000000026 3.0475279073411428e-40
0.05799999999999988 1.818924276155204e-52
restart...
0.053999999999999986 3.888506812661777e-53
restart...
0.061750000000000034 2.2041473916901226e-51
restart...
0.05850000000000009 4.677968860454301e-53
restart...
0.061250000000000034 1.296865479685461e-50
restart...
0.05599999999999999 7.474692729023371e-53
restart...
0.06025000000000003 1.2490583195786776e-51
restart...
0.05549999999999995 9.371544076371777e-52
restart...
0.05374999999999997 1.4792110334085686e-51
restart...
0.05850000000000012 2.9820510831040075e-54
restart...
0.05600000000000006 9.903493853484408e-52
restart...
0.06375000000000001 2.0561070630730116e-52
restart...
0.04975000000000013 4.0325444859994537e-53
restart...
0.05800000000000008 4.324032262165795e-52
restart...
Sampling time (10 samples): 8217.9265 seconds
/scratch/users/yanlan/Retrieval_0705/Output/AM_PM_ET_222_327_00
0.046999999999999965 4.9098535903580775e-34
0.11674999999999994 9.119288705959095e-38
0.1643333333333332 6.993909609416487e-39
0.20149999999999985 1.6304387360684931e-38
0.2271 2.8665771792676536e-38
0.2516666666666667 1.8726485404595737e-37
0.2690714285714275 1.2282573572844208e-37
0.27887499999999754 8.198811929289545e-38
0.2904444444444414 3.3027680123194734e-38
0.29624999999999757 4.1303000664429486e-38
0.3031818181818145 1.0135431666938614e-37
0.3073749999999951 9.004104820672093e-38
0.314538461538456 2.478663769736543e-37
0.3161428571428526 3.918068571703458e-38
0.31926666666666187 8.270470144672317e-38
Sampling time (10 samples): 7132.1831 seconds
/scratch/users/yanlan/Retrieval_0705/Output/AM_PM_ET_229_377_00
0.029499999999999964 5.10094024868552e-37
0.10849999999999999 2.911866954312999e-41
0.15883333333333388 1.2598202321005937e-39
0.19037500000000024 1.3560037487358786e-37
0.21890000000000098 1.9126640413761557e-36
0.2375833333333338 2.1578156088881776e-35
0.24557142857142908 3.140436868268729e-35
0.2534375000000007 8.088476747012594e-35
0.2588333333333343 1.0167590975229612e-34
0.26274999999999965 4.478692607151228e-34
0.2667272727272712 1.0498291640053125e-34
0.2671666666666652 3.940295251955247e-34
0.2678076923076907 5.967618319636849e-34
0.26635714285714074 4.289748329981922e-38
0.26389999999999786 4.77473581680466e-40
Sampling time (10 samples): 6945.2921 seconds
/scratch/users/yanlan/Retrieval_0705/Output/AM_PM_ET_238_339_00
0.07500000000000001 5.424461775140189e-31
0.07525000000000014 5.222116436519845e-54
restart...
0.06324999999999986 1.8203241231955616e-57
restart...
0.07024999999999998 4.195659063667627e-54
restart...
0.06625000000000004 4.37093867789865e-58
restart...
0.06325000000000003 4.599753432568215e-56
restart...
0.06000000000000008 2.0290280306365115e-57
restart...
0.06725000000000006 1.9457041281801904e-54
restart...
0.07825000000000001 2.0312347039708337e-53
restart...
0.07424999999999993 2.8448319553692746e-55
restart...
0.06349999999999992 1.7073202966140063e-56
restart...
0.06725000000000035 7.824420140034371e-55
restart...
0.08850000000000005 2.659219139926525e-54
restart...
0.06350000000000017 4.871143165013689e-53
restart...
0.06450000000000027 3.5504427293323846e-54
restart...
Sampling time (10 samples): 7188.3748 seconds
/scratch/users/yanlan/Retrieval_0705/Output/AM_PM_ET_253_283_00
0.40800000000000014 5.818549926156438e-13
0.35524999999999896 6.789694885585401e-13
0.3408333333333328 4.1051366203498897e-13
0.33049999999999957 8.04916308062934e-13
0.33039999999999903 7.485137544457732e-13
0.32991666666666714 2.2118141708314643e-13
0.3275000000000009 3.4605519103229486e-13
0.32937500000000125 9.826401862642877e-13
0.32988888888889045 5.239009524981184e-13
0.3296500000000004 6.629828094134637e-13
0.3284090909090914 6.140616804460633e-13
0.3286666666666658 5.634721954713734e-13
0.32638461538461483 5.445895086879927e-13
0.32439285714285576 9.4203898695654e-13
0.32329999999999826 5.859780552413999e-13
Sampling time (10 samples): 6829.6758 seconds
