/scratch/users/yanlan/Retrieval_0705/Output/AM_PM_ET_200_365_00
0.009500000000000005 1.8241518354693506e-44
restart...
0.0145 1.7871642072189485e-40
restart...
0.010499999999999995 4.774418466137022e-43
restart...
0.007499999999999996 3.66188379622562e-46
restart...
0.009 1.440598856970745e-45
restart...
0.010000000000000005 7.501175760470443e-44
restart...
0.009 2.418257505618428e-46
restart...
0.0075 8.006329175723537e-46
restart...
0.003999999999999995 2.610124655224882e-49
restart...
0.011000000000000001 1.2278119088604315e-43
restart...
0.013000000000000015 1.6853443713140832e-41
restart...
0.019999999999999997 1.3929706074432804e-39
restart...
0.0075000000000000015 1.5621182660788918e-47
restart...
0.01949999999999997 4.7200033525924465e-40
restart...
0.012499999999999976 4.0914817562672354e-45
restart...
Sampling time (10 samples): 8235.6177 seconds
/scratch/users/yanlan/Retrieval_0705/Output/AM_PM_ET_206_352_00
0.053000000000000005 1.5655892189169656e-34
0.14149999999999996 1.060827337518845e-37
0.1840000000000002 4.564548085615429e-37
0.1981250000000005 1.2964131094243902e-37
0.2159000000000005 1.6321098167017562e-36
0.23775000000000018 2.2733494833788772e-36
0.24364285714285752 5.053933760349599e-37
0.25018750000000095 3.768268525306063e-37
0.2523333333333341 2.180109060144254e-38
0.25520000000000137 1.0771098093433871e-39
0.2619999999999999 1.3868249852543257e-39
0.26491666666666636 1.9467807130202935e-39
0.2706923076923078 1.0123053701241663e-38
0.27292857142857274 1.089919651439975e-38
0.2758999999999999 9.923953606341079e-39
Sampling time (10 samples): 8039.3811 seconds
/scratch/users/yanlan/Retrieval_0705/Output/AM_PM_ET_213_331_00
0.018499999999999992 1.0546136606056329e-41
restart...
0.016499999999999994 1.4384135336612717e-40
restart...
0.016000000000000004 2.8376635244583227e-41
restart...
0.012499999999999999 8.091396301736418e-43
restart...
0.00799999999999999 1.0960458332605215e-45
restart...
0.017500000000000005 1.7066131111568128e-40
restart...
0.01949999999999999 7.429659236694698e-41
restart...
0.016999999999999984 7.988114265548898e-42
restart...
0.011999999999999999 2.450031513144952e-42
restart...
0.007499999999999995 9.310185273031513e-46
restart...
0.017999999999999988 2.309058585950945e-41
restart...
0.018999999999999986 2.4980249799174174e-40
restart...
0.0065000000000000014 1.6321974558145755e-44
restart...
0.007000000000000006 2.679478799953812e-44
restart...
0.017500000000000016 2.1382439540901912e-41
restart...
Sampling time (10 samples): 8402.4715 seconds
/scratch/users/yanlan/Retrieval_0705/Output/AM_PM_ET_219_394_00
0.07599999999999996 2.121823878950663e-31
0.1250000000000004 5.982687870773899e-37
0.18866666666666718 1.1131324926730853e-34
0.19575000000000053 2.5087852054027542e-37
0.21780000000000027 1.3777093661184697e-36
0.23041666666666719 1.0072777579565614e-36
0.2502857142857149 1.930154094639774e-35
0.2656875000000008 1.8581490648671464e-34
0.27788888888888863 8.653075534959638e-35
0.28465000000000007 6.959417721898109e-35
0.2936363636363614 1.748383186125714e-35
0.3029583333333315 7.779142544567513e-35
0.30692307692307347 3.97956895867171e-35
0.31274999999999586 1.6642562724109777e-35
0.31546666666666245 6.255991538289225e-35
Sampling time (10 samples): 7910.8095 seconds
/scratch/users/yanlan/Retrieval_0705/Output/AM_PM_ET_226_342_00
0.04749999999999999 2.008294287618427e-34
0.1272499999999998 5.820653453956566e-36
0.1795000000000002 1.1954878765580107e-32
0.2158750000000003 1.6753926543390136e-31
0.24460000000000018 2.693374344980957e-31
0.2660833333333345 1.0436747825696972e-31
0.27514285714285613 3.368173527071176e-31
0.285687499999998 2.8216399961399642e-31
0.2947222222222205 1.1059962390372218e-31
0.29959999999999853 4.543381351633921e-32
0.30149999999999777 1.7503460509053432e-31
0.30366666666666525 9.196407978034948e-32
0.3068076923076913 1.1824838555077386e-31
0.30821428571428544 1.5945384689266135e-30
0.3084999999999992 3.2643350411025103e-31
Sampling time (10 samples): 7608.3110 seconds
/scratch/users/yanlan/Retrieval_0705/Output/AM_PM_ET_235_274_00
0.03199999999999997 4.983533424225149e-37
0.07825000000000008 8.329953621253696e-48
0.13050000000000014 8.731673636838638e-44
0.1538750000000005 6.711413512392141e-46
0.17750000000000063 2.194186674842987e-44
0.1904166666666672 4.352932606688563e-43
0.17300000000000063 6.964972475963994e-62
restart...
0.04024999999999993 1.8421514118809211e-56
restart...
0.05925000000000006 1.9158255171388664e-48
0.06216666666666668 3.0947313613905287e-66
restart...
0.0387500000000001 1.7436796891026389e-56
restart...
0.07049999999999998 9.356759268249111e-49
restart...
0.06249999999999999 1.539142505412263e-49
restart...
0.06600000000000007 2.3403143567496976e-50
restart...
0.058749999999999955 3.157758922408189e-48
Sampling time (10 samples): 8058.6894 seconds
/scratch/users/yanlan/Retrieval_0705/Output/AM_PM_ET_245_395_00
0.42550000000000004 1.0825822916490304e-12
0.374000000000001 5.922256326457498e-13
0.3590000000000001 4.027305893881074e-13
0.3509999999999993 3.4164616102146476e-13
0.34750000000000053 1.880855512868208e-13
0.3475000000000011 4.606829083348184e-13
0.3474285714285722 3.4662863393918066e-13
0.34618750000000026 6.063973736369712e-13
0.34511111111111076 4.452532327587151e-13
0.34415 1.2484659246431115e-12
0.3423636363636369 5.856433896409422e-13
0.3391666666666672 6.607282829830725e-13
0.3371923076923086 1.5034192353922994e-12
0.33650000000000097 9.066275542645839e-13
0.3363666666666661 5.929861009448163e-13
Sampling time (10 samples): 8249.6845 seconds
