/scratch/users/yanlan/Retrieval_0705/Output/AM_PM_ET_202_383_00
0.009000000000000003 1.4838304063141671e-46
restart...
0.022 1.8170191863598158e-41
0.09650000000000009 1.7728406127203215e-45
0.13100000000000026 7.694107755542663e-44
0.148750000000001 8.699178774374835e-44
0.1549000000000006 5.303831591536672e-45
0.16133333333333397 2.7343674289600235e-46
0.1655714285714295 1.8888866216389877e-46
0.16981250000000056 4.635592387198831e-47
0.17077777777777814 3.907374960010117e-47
0.17249999999999993 1.2149804013271425e-47
0.1727727272727265 2.223635060019765e-47
0.17458333333333198 1.5035005529949665e-47
/scratch/users/yanlan/Retrieval_0705/Output/AM_PM_ET_209_262_00
0.01949999999999999 8.449135833515114e-42
restart...
0.0475 1.2402289703068162e-35
0.06699999999999987 4.170502321266331e-49
restart...
0.05550000000000006 2.144847480315708e-52
restart...
0.07024999999999987 3.556688257661839e-52
restart...
0.060249999999999956 6.5997126932445285e-52
restart...
0.05749999999999998 1.1152858631674662e-52
restart...
0.061 1.3056154957527883e-52
restart...
0.06200000000000017 5.117942906756729e-53
restart...
0.065 3.8656684654047495e-50
restart...
0.06475 4.466068488300788e-51
restart...
0.05875 1.8728115561552123e-53
restart...
0.05424999999999999 7.905256453094682e-54
restart...
0.09800000000000005 1.5430169039542924e-46
0.10466666666666682 1.6018815591243212e-55
restart...
Sampling time (10 samples): 7836.7151 seconds
/scratch/users/yanlan/Retrieval_0705/Output/AM_PM_ET_215_402_00
0.06050000000000001 1.0869745421326801e-33
0.18624999999999972 1.2778365909162908e-31
0.23316666666666688 1.078383465995593e-30
0.26350000000000084 2.3564816836231254e-30
0.27960000000000146 4.3743462457630074e-30
0.25316666666666787 5.056356864678023e-52
restart...
0.2915000000000006 2.43047682638717e-30
0.2912857142857149 5.023519553505947e-31
0.2946250000000006 5.866350729597832e-31
0.29400000000000115 2.2312343107951935e-31
0.295800000000001 1.9994637273026386e-30
0.29809090909091035 5.0257078593653845e-31
0.29958333333333514 2.325695395243881e-31
0.3018846153846183 7.230750522190296e-32
0.30471428571428816 4.093125268374551e-31
Sampling time (10 samples): 7870.5223 seconds
/scratch/users/yanlan/Retrieval_0705/Output/AM_PM_ET_222_275_00
0.03150000000000001 6.744936955827233e-42
0.11624999999999999 1.9476518114623732e-44
0.1645 1.5738976790048243e-40
0.1351250000000001 1.9646869201258714e-66
restart...
0.06399999999999986 8.760787374136428e-58
restart...
0.10475000000000005 1.534783883126125e-42
0.08316666666666668 3.692230081359245e-68
restart...
0.07500000000000012 1.963996847465826e-55
restart...
0.10425000000000019 4.538815860865274e-43
0.08616666666666685 5.905569646920914e-68
restart...
0.06549999999999996 1.3049917914320257e-59
restart...
0.10825000000000003 5.155631563135776e-43
0.08883333333333343 6.943231567888847e-70
restart...
0.045749999999999964 4.764425798640928e-64
restart...
0.07349999999999993 2.557503460269015e-55
restart...
Sampling time (10 samples): 7750.8616 seconds
/scratch/users/yanlan/Retrieval_0705/Output/AM_PM_ET_229_314_00
0.06549999999999997 1.9456819555304234e-32
0.1757499999999998 3.299512490756323e-31
0.13116666666666685 6.6233944442373785e-59
restart...
0.09200000000000001 7.035549871998499e-57
restart...
0.1715000000000003 2.8497799838081856e-31
0.17283333333333367 1.2818653094830817e-47
0.15100000000000063 3.505186553649487e-65
restart...
0.1501250000000002 7.717186008492394e-68
restart...
0.15325000000000033 6.460387190524702e-64
restart...
0.15125000000000044 9.55703646647588e-65
restart...
0.14837500000000026 3.0920298219244287e-65
restart...
0.15149999999999997 2.3683635709239144e-64
restart...
0.14812500000000028 1.8891990690984566e-65
restart...
0.14912500000000037 5.613802882136069e-65
restart...
0.14787500000000028 1.0561188551296761e-65
restart...
Sampling time (10 samples): 11353.6358 seconds
/scratch/users/yanlan/Retrieval_0705/Output/AM_PM_ET_238_287_00
0.02050000000000004 5.442119295838897e-41
0.054750000000000014 3.5215084649195356e-53
restart...
0.07124999999999991 2.2276863770509603e-51
restart...
0.06425000000000006 1.1393455862106956e-51
restart...
0.05624999999999994 1.1905953040283345e-54
restart...
0.06475000000000002 1.9367209501956357e-53
restart...
0.04124999999999994 5.6076579757309584e-55
restart...
0.059750000000000074 1.4700558200565435e-52
restart...
0.06499999999999989 2.9844391867086405e-50
restart...
0.05674999999999996 5.065489053177071e-52
restart...
0.06599999999999989 1.8988016243242062e-50
restart...
0.05675000000000001 1.0132003184756343e-52
restart...
0.06849999999999999 4.1836217538093724e-51
restart...
0.06400000000000006 1.1251426159600912e-51
restart...
0.050249999999999934 3.693472323546752e-53
restart...
Sampling time (10 samples): 7249.3742 seconds
/scratch/users/yanlan/Retrieval_0705/Output/AM_PM_ET_252_283_00
0.012999999999999994 1.2064115342049452e-41
restart...
0.012500000000000011 1.5304201490765916e-42
restart...
0.03599999999999998 1.2831499076941875e-36
0.07224999999999994 1.449126021342344e-48
0.1258333333333331 6.289743653248898e-47
0.16612499999999916 7.245824666335964e-44
0.19539999999999905 1.1373331037192689e-41
0.21041666666666534 3.045743451008927e-39
0.21971428571428475 4.858496549466248e-39
0.21912499999999904 4.0040211673118906e-42
0.22172222222222213 8.079182462652583e-42
0.22539999999999996 2.8376493819090006e-43
0.2263181818181819 2.216513860049444e-45
0.2269166666666672 1.323692116525142e-47
0.23096153846153888 1.0159418264259431e-47
Sampling time (10 samples): 7875.4835 seconds
