/scratch/users/yanlan/Retrieval_0705/Output/AM_PM_ET_200_231_00
0.02600000000000002 6.378276758560763e-38
0.13900000000000018 1.3820548008937734e-37
0.19550000000000053 1.0323007846699248e-34
0.22500000000000037 1.0251495801251162e-33
0.2432000000000005 8.252643554377008e-33
0.25316666666666704 8.343571194480337e-33
0.2605714285714291 7.609381313274333e-33
0.2557500000000007 1.0757641207870842e-42
0.22866666666666727 5.425338813320341e-79
restart...
0.228555555555556 2.0626819980352783e-81
restart...
0.228833333333334 8.17047007590099e-77
restart...
0.2284444444444457 3.643050657786435e-80
restart...
0.22900000000000045 3.188746262065707e-77
restart...
0.2284444444444448 1.4190453332461385e-79
restart...
0.22927777777777822 6.478625476712229e-77
restart...
Sampling time (10 samples): 9170.1373 seconds
/scratch/users/yanlan/Retrieval_0705/Output/AM_PM_ET_205_418_00
0.3900000000000004 9.943796894968783e-13
0.3527499999999999 9.52353910864411e-13
0.34133333333333316 6.657896266237419e-13
0.3412499999999997 4.299645091619975e-13
0.33909999999999957 7.878634464961561e-13
0.3354166666666655 1.4295119056028642e-12
0.3338571428571424 7.481876796919391e-13
0.33156250000000065 1.0003152094652284e-12
0.3305000000000014 8.179493781731727e-13
0.3302000000000022 6.129070568508306e-13
0.32940909090909265 8.039666888165601e-13
0.3291250000000036 5.74561444899337e-13
0.3276923076923107 3.646258295134807e-13
0.3261785714285737 4.2134042277868017e-13
0.32456666666666867 8.812190591511164e-13
Sampling time (10 samples): 7963.2932 seconds
/scratch/users/yanlan/Retrieval_0705/Output/AM_PM_ET_212_359_00
0.005499999999999997 6.7642147756792625e-46
restart...
0.04200000000000001 4.856424253320493e-38
0.1759999999999996 1.0097801185445592e-34
0.22050000000000022 5.9715558537785824e-33
0.24162499999999998 4.701200319062095e-31
0.26809999999999934 2.0364383153175043e-31
0.28166666666666657 1.2587370826666812e-31
0.2929999999999999 1.5971244474296165e-31
0.2961874999999986 1.5282341483801416e-31
0.29972222222222084 1.7177507077179204e-31
0.30164999999999925 8.314029954279808e-32
0.3086818181818167 1.0116056327924477e-31
0.30983333333333124 6.123951933538561e-32
0.3134615384615356 1.2511833830592956e-31
0.31710714285714 1.7673835665438525e-31
Sampling time (10 samples): 8661.1929 seconds
/scratch/users/yanlan/Retrieval_0705/Output/AM_PM_ET_219_260_00
0.02949999999999998 2.2752085802211902e-39
0.1417499999999997 2.1352730808099303e-39
0.1503333333333335 2.2967976710744523e-51
restart...
0.07174999999999992 2.2642908671757224e-54
restart...
0.1365000000000002 1.6518934511331162e-40
0.11500000000000034 1.3822652504822536e-57
restart...
0.09674999999999996 1.9055796923054168e-53
restart...
0.10050000000000002 8.374842771462466e-54
restart...
0.11125000000000007 3.45710474276207e-45
0.078666666666667 2.2014892515465018e-80
restart...
0.0778333333333334 1.818913795358519e-79
restart...
0.07750000000000022 3.0233026637302347e-83
restart...
0.07750000000000022 3.5743469128766325e-82
restart...
0.07733333333333328 2.573564544812008e-82
restart...
0.07733333333333355 8.146090137722749e-81
restart...
Sampling time (10 samples): 9147.3953 seconds
/scratch/users/yanlan/Retrieval_0705/Output/AM_PM_ET_225_358_00
0.031000000000000014 1.3399588091094706e-38
0.12375000000000007 2.0394293079314465e-39
0.16933333333333403 3.356941017680924e-37
0.1955000000000002 5.438326066018937e-35
0.20880000000000026 3.7357319211262405e-34
0.22291666666666726 7.625850188344336e-34
0.2327142857142867 1.0227967827225082e-33
0.23237500000000094 1.0361680620114203e-34
0.23400000000000096 5.879801344200993e-34
0.23945000000000077 1.4209013388028847e-33
0.2352272727272736 3.423768696365695e-37
0.2295833333333342 2.0712007293438753e-40
0.23600000000000132 1.888727943910418e-37
0.24342857142857308 6.208883445088954e-36
0.2502000000000015 7.058549995329379e-36
Sampling time (10 samples): 7830.4827 seconds
/scratch/users/yanlan/Retrieval_0705/Output/AM_PM_ET_233_385_00
0.01150000000000001 1.5289998374000867e-45
restart...
0.02899999999999999 7.338924300121615e-38
0.11449999999999991 6.689062346646348e-40
0.1518333333333331 5.113291189307146e-37
0.18012500000000026 3.1064394217837466e-36
0.20060000000000064 3.858720499376969e-35
0.21858333333333346 2.7569946236723737e-34
0.23421428571428568 7.238091317872045e-34
0.24087499999999992 3.733863830020823e-33
0.24688888888888874 1.575644918641036e-32
0.2509499999999987 4.083579986322348e-33
0.25281818181817967 8.052700920296614e-33
0.25312499999999855 2.431330693037915e-33
0.2521538461538457 1.056936260320049e-34
0.25010714285714203 4.888387612143995e-35
Sampling time (10 samples): 7862.5290 seconds
/scratch/users/yanlan/Retrieval_0705/Output/AM_PM_ET_244_272_00
0.3680000000000001 1.238869554509207e-12
0.3385000000000009 6.407625421938653e-13
0.3333333333333333 3.5660136900915184e-13
0.33899999999999997 6.98050136548896e-13
0.33929999999999993 2.778283865638445e-13
0.33333333333333154 4.566593496789261e-13
0.32685714285714196 3.6313573936393374e-13
0.32656249999999903 5.324290142561502e-13
0.3266111111111088 3.535432149133049e-13
0.32689999999999864 3.5359274291752256e-13
0.3237272727272731 5.631404522302009e-13
0.3214166666666682 8.761638703686129e-13
0.3225000000000005 6.502720288959224e-13
0.32332142857142937 8.413547612981425e-13
0.32326666666666654 1.0107378729389892e-12
Sampling time (10 samples): 7903.4740 seconds
