/scratch/users/yanlan/Retrieval_0705/Output/AM_PM_ET_201_389_00
0.03299999999999999 2.1116062950835584e-36
0.1039999999999999 9.415345833791126e-41
0.14816666666666656 4.337960084072721e-40
0.16162500000000002 2.675352568827661e-43
0.1871999999999999 1.810659752698113e-41
0.20799999999999957 7.329233672990652e-40
0.22342857142857103 2.496161643209468e-39
0.2305624999999995 7.311950540005528e-39
0.23433333333333323 7.395033333498174e-38
0.2358999999999998 1.4452321977214614e-37
0.23740909090909088 2.1185152939347815e-39
0.24312500000000042 5.762983483401727e-39
0.24642307692307713 7.987149533400557e-39
0.25064285714285683 6.358418266176419e-38
0.2528666666666658 5.655330630848713e-38
Sampling time (10 samples): 9097.5766 seconds
/scratch/users/yanlan/Retrieval_0705/Output/AM_PM_ET_208_239_00
0.03400000000000003 2.1641253376322474e-37
0.053249999999999964 4.642661398122241e-56
restart...
0.053500000000000034 3.891966332349784e-56
restart...
0.047999999999999925 5.072066456095712e-57
restart...
0.06050000000000001 3.162604718061916e-57
restart...
0.05399999999999991 1.957773980473208e-56
restart...
0.052749999999999984 5.859731220528585e-57
restart...
0.06199999999999993 2.673475139706278e-54
restart...
0.05700000000000002 6.3843541830783244e-55
restart...
0.05624999999999995 4.455574347037693e-54
restart...
0.05050000000000003 2.0728251555238883e-57
restart...
0.05700000000000003 1.5246581264082845e-56
restart...
0.05474999999999996 1.4004944649285998e-57
restart...
0.05350000000000003 1.2522071005534897e-56
restart...
0.05774999999999998 5.364320646313736e-57
restart...
Sampling time (10 samples): 9271.3075 seconds
/scratch/users/yanlan/Retrieval_0705/Output/AM_PM_ET_214_384_00
0.06350000000000006 1.3911229242913437e-34
0.1939999999999998 6.519946527554756e-31
0.23599999999999977 1.2188478862256727e-29
0.2576249999999999 2.048874527395747e-28
0.26960000000000023 4.723785067417712e-28
0.2785833333333336 5.270467329437374e-28
0.2873571428571436 3.1581125755311126e-28
0.29412500000000125 2.7098952464158093e-28
0.2986111111111124 1.5024383620375082e-28
0.29955000000000026 9.870256008072915e-32
0.2809090909090902 4.522540973884032e-55
restart...
0.29527272727272713 6.617852110538053e-33
0.282958333333335 6.311537567817031e-39
0.2835769230769243 6.184656522281731e-38
0.2870714285714298 1.8288913967303147e-36
Sampling time (10 samples): 9015.1257 seconds
/scratch/users/yanlan/Retrieval_0705/Output/AM_PM_ET_221_259_00
0.0175 4.272700684704825e-40
restart...
0.025499999999999974 6.14703001272763e-41
0.11975000000000008 2.3035877156376617e-42
0.17033333333333353 1.1170978263879996e-41
0.20387500000000022 5.84732874808843e-40
0.2221000000000001 4.955588939955157e-40
0.20608333333333323 3.3597784623448035e-55
restart...
0.20024999999999987 1.341567883340039e-57
restart...
0.20125 6.948089822126586e-59
restart...
0.23916666666666664 6.303553827734589e-41
0.21742857142857155 3.9474567301653252e-59
restart...
0.2184285714285715 1.2312832304872002e-58
restart...
0.21514285714285705 3.750525291501799e-59
restart...
0.2165714285714286 2.11650105561726e-58
restart...
0.21592857142857108 6.559738438943478e-58
restart...
Sampling time (10 samples): 9174.7967 seconds
/scratch/users/yanlan/Retrieval_0705/Output/AM_PM_ET_228_275_00
0.013499999999999993 2.9968647890633736e-45
restart...
0.0115 1.8676678795239414e-43
restart...
0.015499999999999993 1.6218223671937097e-42
restart...
0.03200000000000001 1.1205129728912766e-39
0.14724999999999971 1.9896547342985224e-38
0.1911666666666671 4.7341810903526545e-37
0.1747500000000007 9.892546979740706e-49
restart...
0.14899999999999985 3.351650846065554e-38
0.1428333333333334 2.154560733423224e-48
0.156125 6.562456011639608e-50
restart...
0.08375000000000006 3.7551144365935526e-50
restart...
0.09474999999999989 6.234968367981153e-49
restart...
0.10475000000000016 1.6306368347764604e-47
0.12833333333333333 8.704956555524317e-51
restart...
0.10574999999999994 2.468310091530033e-44
Sampling time (10 samples): 8625.2977 seconds
/scratch/users/yanlan/Retrieval_0705/Output/AM_PM_ET_236_369_00
0.08750000000000001 1.531806278836736e-32
0.11649999999999955 2.915870713951346e-44
0.10599999999999973 2.797661225169731e-54
restart...
0.16524999999999992 2.3037143829385144e-31
0.13899999999999968 1.454291210730346e-44
0.1454999999999996 4.787669973158001e-47
0.16970000000000024 8.866340012531921e-45
0.18808333333333255 2.3983927838581033e-43
0.2043571428571425 2.2475815893512802e-41
0.19512499999999974 1.8289963315904443e-63
restart...
0.21587499999999973 9.669029448955146e-39
0.22566666666666646 2.156613612595297e-37
0.22980000000000014 1.9857176683143877e-36
0.23977272727272705 2.3297272410344862e-34
0.24633333333333315 4.028148563067317e-34
Sampling time (10 samples): 8336.9878 seconds
/scratch/users/yanlan/Retrieval_0705/Output/AM_PM_ET_249_294_00
0.03399999999999999 1.0152077116584424e-36
0.13624999999999998 4.850458195763728e-37
0.19616666666666618 3.0347996643019204e-34
0.23412499999999964 1.89617810576096e-33
0.2589999999999997 6.707200729279648e-33
0.27299999999999974 7.790069480151491e-33
0.2850714285714292 4.457272446643816e-32
0.2897500000000006 7.749280529151776e-33
0.29655555555555624 8.902718489793948e-33
0.3030000000000015 2.091922053365699e-32
0.30590909090909235 5.601976506202733e-33
0.3112916666666689 4.62297751698018e-32
0.3151153846153855 8.841554373166921e-33
0.2945714285714298 1.4411368479708024e-73
restart...
0.3188571428571456 2.943737772226486e-33
Sampling time (10 samples): 7766.8142 seconds
