/scratch/users/yanlan/Retrieval_0705/Output/AM_PM_ET_200_348_00
0.012000000000000009 1.8355274525958536e-45
restart...
0.012499999999999994 6.871738303621474e-44
restart...
0.012999999999999996 4.630899766739843e-43
restart...
0.008499999999999995 1.4561465614918073e-44
restart...
0.024499999999999973 8.147671337160757e-39
0.053749999999999964 3.581303152312811e-55
restart...
0.06725000000000003 1.7571361790972784e-52
restart...
0.054750000000000014 4.5205008360173e-55
restart...
0.058 3.784968377020119e-53
restart...
0.05649999999999996 3.481562876179625e-54
restart...
0.061750000000000055 9.319761523192565e-53
restart...
0.06275000000000007 1.327015887072823e-52
restart...
0.06799999999999998 7.617866661373083e-50
restart...
0.06649999999999988 1.6739834189056593e-51
restart...
0.08349999999999988 1.0775007154707819e-48
Sampling time (10 samples): 8905.8870 seconds
/scratch/users/yanlan/Retrieval_0705/Output/AM_PM_ET_206_335_00
0.0375 3.509235320437309e-38
0.13425000000000012 2.047027252608494e-38
0.19016666666666673 4.583243241582424e-36
0.22212499999999966 7.727302651442125e-34
0.2507999999999998 1.4907644762845467e-33
0.2762499999999991 1.9472431521348454e-33
0.29142857142856965 2.262939153810635e-33
0.3014374999999987 4.4104005553014e-33
0.31133333333333046 2.530642802340509e-33
0.3171499999999991 1.1096855349122875e-32
0.3242272727272724 3.661718888461286e-33
0.3277083333333321 1.2106193032820941e-33
0.33165384615384585 1.2344323925404146e-33
0.3338571428571437 2.330676160507149e-33
0.33870000000000017 2.124970971973859e-33
Sampling time (10 samples): 8063.8571 seconds
/scratch/users/yanlan/Retrieval_0705/Output/AM_PM_ET_213_314_00
0.014500000000000002 2.545266104111479e-42
restart...
0.011499999999999996 6.153770620212144e-44
restart...
0.010500000000000006 5.39544716899389e-45
restart...
0.019499999999999997 3.8285559750839624e-40
restart...
0.01199999999999999 1.3725484702805453e-43
restart...
0.024499999999999973 2.5951694849782986e-39
0.08650000000000005 4.912050467113268e-46
0.12416666666666674 5.068140261107354e-47
0.14562500000000012 9.880146587653654e-49
restart...
0.07575000000000004 1.130650821872184e-48
0.15150000000000005 1.003737320650591e-47
0.1951249999999998 6.936072119485909e-46
0.2121999999999995 7.269026157018535e-45
0.2173333333333326 3.4552958372901955e-45
0.2167142857142852 1.1521653584408053e-46
Sampling time (10 samples): 8317.1328 seconds
/scratch/users/yanlan/Retrieval_0705/Output/AM_PM_ET_219_369_00
0.06650000000000007 6.352486019172989e-32
0.14699999999999994 2.6595421220765128e-34
0.19350000000000034 3.1130693664840214e-33
0.2272500000000007 1.9353772708320497e-31
0.24890000000000045 5.356151923998242e-31
0.2620833333333323 1.0921207541271484e-30
0.27128571428571224 1.683992898815831e-30
0.2813749999999983 3.094099631248551e-30
0.28577777777777547 2.972990302538337e-30
0.267049999999998 1.6344123491567638e-59
restart...
0.2903999999999998 8.603122708125516e-31
0.29504545454545467 1.0106427338604805e-30
0.2983749999999997 9.699360810369479e-31
0.29907692307692285 1.204803813599353e-30
0.30064285714285643 1.503710501279231e-30
Sampling time (10 samples): 8211.5421 seconds
/scratch/users/yanlan/Retrieval_0705/Output/AM_PM_ET_226_325_00
0.05400000000000001 4.7551578878938166e-33
0.17974999999999977 1.2284182179698656e-33
0.2238333333333331 3.381163176199819e-32
0.2381249999999998 2.981814282010638e-33
0.2550000000000002 7.248752775821958e-34
0.2644166666666665 3.552765510075575e-34
0.2797142857142849 1.9696186942710943e-34
0.2866250000000001 1.493486667192547e-34
0.292111111111112 8.348710287106666e-34
0.29380000000000206 4.901758984549343e-35
0.28772727272727283 3.523721214108877e-48
0.27016666666666744 5.726268961291945e-68
restart...
0.2692083333333344 1.398774339264242e-70
restart...
0.27050000000000063 4.8394580043147755e-70
restart...
0.264999999999998 2.7823754082997217e-85
restart...
Sampling time (10 samples): 9372.0408 seconds
/scratch/users/yanlan/Retrieval_0705/Output/AM_PM_ET_234_389_00
0.03200000000000003 2.7688276907099674e-36
0.02825000000000008 6.945407563789586e-67
restart...
0.047749999999999806 8.173196396678328e-51
restart...
0.04100000000000006 4.3447713143212465e-58
restart...
0.04525000000000002 2.108204957102812e-55
restart...
0.046999999999999986 4.797545906730144e-54
restart...
0.039000000000000055 2.472906981022931e-58
restart...
0.05224999999999993 2.8062606403233767e-52
restart...
0.04474999999999996 7.77735268075216e-55
restart...
0.04550000000000007 1.76836792912153e-55
restart...
0.03575000000000003 1.4803827527362566e-61
restart...
0.042500000000000024 7.175554331524967e-57
restart...
0.041250000000000064 1.1488603671376663e-59
restart...
0.04274999999999998 1.6998767518563827e-58
restart...
0.039250000000000014 1.7517120919927336e-55
restart...
Sampling time (10 samples): 8131.2658 seconds
/scratch/users/yanlan/Retrieval_0705/Output/AM_PM_ET_245_321_00
0.048000000000000015 3.1485088351529936e-35
0.17899999999999958 3.0632253214146193e-34
0.21916666666666618 1.8205069911930299e-32
0.22750000000000004 5.045173586987431e-33
0.2582999999999998 2.0100432046225732e-31
0.2833333333333341 5.604391529738508e-31
0.3038571428571434 3.6576628746387333e-31
0.3156250000000008 2.9006442960372494e-31
0.3271111111111125 5.8195917179500625e-31
0.33770000000000167 2.674675992052939e-31
0.34550000000000003 5.515727206909119e-31
0.3526249999999997 4.495777309220528e-31
0.35823076923076974 2.6820214280921183e-31
0.36389285714285796 4.658549137177462e-31
0.3654333333333351 4.821687035892876e-31
Sampling time (10 samples): 8060.2249 seconds
