/scratch/users/yanlan/Retrieval_0705/Output/AM_PM_ET_204_297_00
0.02700000000000003 2.879353843708463e-40
0.13225 2.9319668149632825e-40
0.1823333333333332 1.1460061478314337e-37
0.22287499999999996 1.7123369059749354e-35
0.24270000000000005 1.2723556965245492e-35
0.25725 9.037772719065125e-37
0.27221428571428624 9.464312836079726e-36
0.2809375000000017 4.510333505026336e-35
0.2881666666666685 4.354450538656792e-36
0.29245000000000254 2.2803445186882959e-35
0.2971818181818209 7.953529591627516e-36
0.3024583333333357 1.1950626290409096e-35
0.3071538461538486 5.6202582146855126e-36
0.30742857142857377 3.3847919735943485e-36
0.3070666666666683 8.33596163595547e-36
Sampling time (10 samples): 7428.5318 seconds
/scratch/users/yanlan/Retrieval_0705/Output/AM_PM_ET_210_409_00
0.06250000000000001 5.3671195928516845e-36
0.14974999999999988 9.690662746673794e-34
0.19616666666666716 2.6569583858738555e-32
0.18850000000000033 4.994620702847644e-40
0.2069000000000007 1.391245165548465e-39
0.23325000000000046 9.652115755463088e-38
0.25592857142857095 2.4057872619372684e-38
0.26781249999999795 3.612269879053024e-38
0.2807222222222193 8.571809834267193e-38
0.2870999999999983 2.591356925940977e-38
0.294909090909088 8.081629787478625e-38
0.30008333333333115 4.762743305097817e-38
0.30399999999999755 1.0484729334858221e-38
0.3060714285714277 1.8728261509531085e-38
0.3093333333333319 2.185418025955084e-38
Sampling time (10 samples): 7454.6396 seconds
/scratch/users/yanlan/Retrieval_0705/Output/AM_PM_ET_217_313_00
0.010499999999999995 2.4045612434557063e-44
restart...
0.011 2.1339839061817013e-43
restart...
0.007499999999999991 2.1695427204848024e-46
restart...
0.01350000000000003 5.900859226350413e-44
restart...
0.010499999999999992 2.3196412400547945e-44
restart...
0.008999999999999994 5.465842930189968e-45
restart...
0.016500000000000025 9.946537203017807e-41
restart...
0.004999999999999993 3.8679614150602947e-47
restart...
0.006999999999999994 1.0388896982192126e-46
restart...
0.039500000000000014 1.339755715490809e-38
0.1530000000000002 6.116655502001696e-37
0.20000000000000032 4.262189462366972e-33
0.2253750000000004 2.1683245290853002e-32
0.2416000000000002 9.368758887688938e-33
0.2460000000000003 3.5709672972069935e-33
Sampling time (10 samples): 7668.1524 seconds
/scratch/users/yanlan/Retrieval_0705/Output/AM_PM_ET_223_383_00
0.028500000000000015 3.4250655582555457e-39
0.09375000000000001 2.007396293003306e-45
0.15133333333333382 1.0288722825878846e-41
0.17425000000000085 1.3724637003743362e-38
0.18040000000000028 2.6570682161213806e-41
0.18433333333333327 5.665504509795795e-46
0.19735714285714254 2.732255002216419e-44
0.21399999999999939 1.2085571336040899e-42
0.22427777777777774 8.305199547490223e-42
0.23394999999999963 1.7515255671572414e-42
0.2439545454545451 3.730086654157516e-42
0.25162500000000076 3.994109513656592e-42
0.25765384615384784 4.692483124214372e-42
0.2618214285714312 6.131439500346556e-42
0.26616666666666855 4.100143365580375e-42
Sampling time (10 samples): 7623.5680 seconds
/scratch/users/yanlan/Retrieval_0705/Output/AM_PM_ET_231_314_00
0.04750000000000003 1.2312116534676727e-38
0.16074999999999962 5.966761113695188e-36
0.2044999999999997 6.977466816503583e-33
0.22187499999999974 8.492525084742442e-36
0.2200000000000003 7.8163083587047e-43
0.24233333333333318 9.352016351137174e-40
0.2477857142857138 1.93962378198424e-50
restart...
0.2679285714285708 1.1496664406969277e-39
0.2848125000000003 9.90782988753831e-40
0.2619444444444448 1.6042414408687264e-66
restart...
0.298444444444444 1.9883210472766867e-39
0.31309999999999943 1.2395506746435072e-39
0.28727272727272557 1.0340741381796219e-69
restart...
0.3254545454545435 1.0721624654758946e-39
0.308749999999997 5.586968800564378e-63
restart...
Sampling time (10 samples): 8274.7175 seconds
/scratch/users/yanlan/Retrieval_0705/Output/AM_PM_ET_240_326_00
0.04950000000000001 1.9219225992027044e-34
0.10775000000000015 4.597090789505046e-40
0.16383333333333325 7.452830011003433e-41
0.19312500000000035 4.032523885945319e-40
0.21050000000000033 3.772088207411815e-40
0.22924999999999993 4.693081079085913e-40
0.2422857142857144 4.758613630617237e-39
0.25400000000000056 1.5454867967085877e-38
0.2680555555555569 1.4234894363559493e-37
0.2761500000000014 3.0020566729869916e-37
0.2838636363636394 1.6287140659822704e-37
0.29354166666666986 8.934628365277613e-38
0.2973076923076947 1.3188286106818663e-37
0.3035357142857167 7.543789016642559e-38
0.30680000000000174 1.5245493844201165e-37
Sampling time (10 samples): 7498.0433 seconds
/scratch/users/yanlan/Retrieval_0705/Output/AM_PM_ET_257_287_00
0.013000000000000008 1.2485430916069722e-44
restart...
0.012 4.162489560521455e-42
restart...
0.055999999999999994 1.901612065767342e-33
0.15724999999999964 1.248189986906246e-30
0.12866666666666643 4.9981162157401945e-55
restart...
0.059249999999999955 2.2064791189303588e-54
restart...
0.10950000000000022 1.748874102146039e-44
0.10333333333333344 7.800100672001399e-60
restart...
0.10583333333333354 1.1275007340021432e-58
restart...
0.106166666666667 5.218687390149702e-57
restart...
0.09816666666666699 1.095049332898136e-59
restart...
0.10350000000000015 1.6872241807647406e-59
restart...
0.10066666666666692 1.0593479073141135e-60
restart...
0.09949999999999998 1.960191458621633e-61
restart...
0.09849999999999996 1.3747146788965292e-59
restart...
Sampling time (10 samples): 7180.5003 seconds
