/scratch/users/yanlan/Retrieval_0705/Output/AM_PM_ET_199_346_00
0.037500000000000006 7.94395997401107e-36
0.12525000000000014 2.3732700283088845e-36
0.1596666666666672 3.915312668887163e-37
0.1732500000000006 4.6182876653026147e-38
0.17029999999999995 7.668605123790379e-45
0.16133333333333313 7.318729798137884e-55
restart...
0.12349999999999998 1.7128506285898016e-37
0.1464999999999999 1.463556828978686e-39
0.16024999999999967 1.377628808118103e-41
0.1501000000000002 3.4645395504436946e-52
restart...
0.12900000000000011 1.783923331723463e-34
0.15199999999999958 8.994640243645677e-38
0.1726249999999998 2.4040896381745402e-39
0.18849999999999975 2.685890411337919e-40
0.19141666666666599 7.036297207417574e-42
Sampling time (10 samples): 8057.2923 seconds
/scratch/users/yanlan/Retrieval_0705/Output/AM_PM_ET_205_319_00
0.005499999999999995 2.0246885028111368e-46
restart...
0.013499999999999998 2.770027279055059e-44
restart...
0.028000000000000018 2.482378076924531e-39
0.11574999999999994 2.629136128930843e-42
0.1613333333333338 2.16096604815934e-40
0.1865 3.522875309800448e-38
0.20840000000000017 9.631734102258092e-36
0.22941666666666613 4.4220774683375875e-35
0.2483571428571426 5.270728843922289e-35
0.2573125000000015 9.457257977612536e-35
0.2655555555555574 2.5881139974577556e-34
0.27265000000000195 1.16870116550883e-34
0.2785909090909108 2.108820047526998e-34
0.2834166666666688 5.622643210971483e-35
0.28838461538461674 2.3179730883576495e-34
Sampling time (10 samples): 7723.7998 seconds
/scratch/users/yanlan/Retrieval_0705/Output/AM_PM_ET_212_275_00
0.022500000000000003 8.634200651283726e-41
0.029750000000000006 8.601048638759123e-65
restart...
0.026250000000000002 3.7157264774529253e-65
restart...
0.028500000000000004 3.078001030145992e-64
restart...
0.024750000000000015 1.1622376223367717e-68
restart...
0.029999999999999895 3.758862054301177e-66
restart...
0.019750000000000018 2.28554007092378e-73
restart...
0.02824999999999998 9.313137786556886e-67
restart...
0.020999999999999998 4.42041993829785e-70
restart...
0.03174999999999997 8.263561451062303e-63
restart...
0.02174999999999998 7.13694196435829e-71
restart...
0.03775000000000003 4.098492155977769e-58
restart...
0.02899999999999992 1.6674011096857777e-67
restart...
0.028249999999999997 1.7771868516341622e-64
restart...
0.033499999999999974 5.1016760216233984e-64
restart...
Sampling time (10 samples): 7820.5551 seconds
/scratch/users/yanlan/Retrieval_0705/Output/AM_PM_ET_218_344_00
0.0135 1.2493063709449674e-41
restart...
0.029000000000000012 9.988981486678528e-38
0.1237499999999998 7.866390219170212e-40
0.11483333333333316 3.3888213119497076e-55
restart...
0.12799999999999995 8.345720479135916e-40
0.18233333333333376 1.681678887007095e-39
0.2153749999999999 1.8898848407644534e-38
0.2350999999999998 7.977065605328798e-38
0.248833333333333 1.7521040259186098e-38
0.2533571428571433 7.316251433390522e-39
0.2553750000000008 4.0875576314478283e-38
0.2577777777777781 1.0813581023925855e-38
0.2633000000000016 1.5102349957208502e-38
0.26795454545454633 1.950047455540755e-38
0.27183333333333454 5.074499977583229e-39
Sampling time (10 samples): 8210.9292 seconds
/scratch/users/yanlan/Retrieval_0705/Output/AM_PM_ET_225_274_00
0.01850000000000001 8.903657346978414e-43
restart...
0.018999999999999993 3.7344852229633507e-42
restart...
0.011999999999999999 1.7252347684257084e-41
restart...
0.026999999999999986 4.624917614253023e-41
0.1584999999999999 9.2336601002828e-40
0.20683333333333284 5.4044547931526286e-39
0.23924999999999969 4.839426416856304e-40
0.25469999999999954 1.6434966860978447e-39
0.25558333333333233 2.4569016720719343e-40
0.24078571428571263 5.66625286310951e-46
0.25031249999999766 1.3438651314055844e-44
0.2588888888888863 2.2829837043952355e-42
0.268449999999998 8.91260086477656e-41
0.2752727272727253 8.439813532360834e-41
0.2864166666666645 7.735107215238802e-42
Sampling time (10 samples): 7764.7168 seconds
/scratch/users/yanlan/Retrieval_0705/Output/AM_PM_ET_233_281_00
0.02600000000000003 1.8964495279397208e-39
0.034499999999999933 2.638894385366566e-69
restart...
0.05225000000000006 5.899877697612975e-56
restart...
0.022000000000000023 1.456569660512562e-73
restart...
0.034750000000000024 6.858645716888415e-63
restart...
0.04724999999999995 2.6844362967728403e-55
restart...
0.04175000000000001 1.8189661378533187e-62
restart...
0.03900000000000003 1.0790277210435988e-59
restart...
0.03175 5.084127376577329e-72
restart...
0.02575000000000002 1.545082110942564e-70
restart...
0.05325000000000003 1.8465342363009127e-54
restart...
0.04799999999999997 6.518362743981393e-56
restart...
0.058249999999999996 4.737393440382264e-53
restart...
0.045749999999999985 2.2136828314580407e-57
restart...
0.026750000000000034 3.680202476833516e-74
restart...
Sampling time (10 samples): 7502.6154 seconds
/scratch/users/yanlan/Retrieval_0705/Output/AM_PM_ET_243_262_00
0.3835000000000002 9.987353983322104e-13
0.3634999999999999 4.088976604329658e-13
0.34483333333333316 1.181001246156921e-12
0.3378750000000001 9.629805815297447e-13
0.3294000000000012 1.0520160838311147e-12
0.32508333333333445 1.5153206349435949e-12
0.3228571428571444 1.475622542654709e-12
0.32162500000000266 7.29184912525753e-13
0.321833333333335 6.597738619132792e-13
0.32020000000000065 8.175601913107489e-13
0.3211818181818181 1.0857051184704413e-12
0.3218750000000003 5.161892244178039e-13
0.3229230769230764 6.258963058395848e-13
0.32249999999999907 7.564508438506317e-13
0.32199999999999823 1.864139305444385e-12
Sampling time (10 samples): 7764.7941 seconds
