/scratch/users/yanlan/Retrieval_0705/Output/AM_PM_ET_200_333_00
0.04999999999999999 3.5180751750971686e-36
0.1337499999999999 7.579994997141902e-37
0.18400000000000058 2.298434389937249e-35
0.21100000000000027 1.946218012989354e-34
0.23340000000000027 3.1453005114866326e-33
0.24508333333333351 2.3268785743369828e-33
0.2501428571428576 1.1229495419338313e-32
0.2580625000000006 1.6188538863768192e-32
0.25838888888889017 1.3223462434544695e-32
0.2616000000000014 1.0145675098364633e-32
0.254909090909093 2.849811293732286e-35
0.25766666666666704 2.7669414156304145e-36
0.2622692307692309 1.5088898960068738e-35
0.26482142857142904 3.595706667363333e-35
0.2682 9.033812549613045e-35
Sampling time (10 samples): 7945.4167 seconds
/scratch/users/yanlan/Retrieval_0705/Output/AM_PM_ET_206_320_00
0.06399999999999997 3.563645172568689e-33
0.08674999999999992 1.2323741619137371e-48
0.08766666666666653 3.4959056918612964e-62
restart...
0.0968333333333332 2.182057523788843e-59
restart...
0.09033333333333357 2.202762296842822e-61
restart...
0.09333333333333328 5.215426758258775e-60
restart...
0.0856666666666666 1.5936553890979346e-63
restart...
0.08883333333333339 1.4330918060788875e-61
restart...
0.09533333333333331 2.8530149701035547e-59
restart...
0.0959999999999998 9.08721233078824e-60
restart...
0.09033333333333336 3.6735622602712476e-61
restart...
0.08449999999999992 7.4745050674137246e-62
restart...
0.09350000000000004 1.5921984859642294e-60
restart...
0.08033333333333328 3.024923651725271e-63
restart...
0.0873333333333332 2.1854084104063766e-63
restart...
Sampling time (10 samples): 12393.3121 seconds
/scratch/users/yanlan/Retrieval_0705/Output/AM_PM_ET_213_299_00
0.028999999999999946 1.4017945313041563e-36
0.04299999999999999 7.424574231276787e-55
restart...
0.051499999999999935 3.7251582465377228e-53
restart...
0.04674999999999991 5.115012711122173e-54
restart...
0.04899999999999996 2.2611930559056697e-52
restart...
0.052499999999999956 6.149591709528242e-51
restart...
0.056749999999999974 2.392767807044322e-50
restart...
0.06750000000000002 7.303087608896911e-47
0.0931666666666666 2.485827541769272e-50
restart...
0.0605 2.1724988859175606e-47
0.0785000000000001 2.6875294073421443e-56
restart...
0.05949999999999999 7.765120375423255e-48
0.07916666666666661 6.747620602299702e-54
restart...
0.05224999999999987 5.902770245810293e-52
restart...
0.056499999999999946 1.4130067051192288e-49
restart...
Sampling time (10 samples): 7987.3611 seconds
/scratch/users/yanlan/Retrieval_0705/Output/AM_PM_ET_219_354_00
0.013999999999999985 7.675278788743322e-42
restart...
0.011500000000000007 4.092075104998242e-43
restart...
0.004000000000000004 4.532131941483526e-50
restart...
0.012499999999999999 1.356535193879832e-42
restart...
0.004999999999999995 1.9547226435384767e-46
restart...
0.022499999999999996 5.515393870910214e-41
0.1297499999999998 6.843757018195265e-43
0.18916666666666648 8.536150664469327e-41
0.22200000000000034 6.909127452189614e-40
0.23800000000000088 1.7390387565870787e-39
0.25174999999999986 4.259726393441381e-39
0.26328571428571534 2.3321274467881755e-39
0.2660624999999998 1.4202006813545038e-39
0.2697222222222219 4.863987892023474e-40
0.2698000000000002 4.236827367530398e-40
Sampling time (10 samples): 9383.8148 seconds
/scratch/users/yanlan/Retrieval_0705/Output/AM_PM_ET_226_310_00
0.036500000000000005 6.206345835528631e-39
0.16400000000000006 1.3912654123598867e-37
0.21666666666666679 1.3342510280863976e-34
0.2513749999999995 1.2776447477496643e-33
0.27429999999999927 4.0907786907895515e-33
0.29208333333333275 3.957493309634725e-33
0.30357142857142805 1.500851945008174e-32
0.31937499999999996 3.886764072652325e-33
0.3248333333333337 3.76480011594444e-33
0.3301000000000002 1.7947273517561342e-33
0.33554545454545415 5.878503201727605e-33
0.34079166666666666 2.2186967293828965e-33
0.34488461538461496 7.758797206366457e-33
0.3487857142857146 4.449056694101848e-33
0.3516666666666662 4.259866681414926e-33
Sampling time (10 samples): 8032.3697 seconds
/scratch/users/yanlan/Retrieval_0705/Output/AM_PM_ET_234_354_00
0.017499999999999946 5.857200712409802e-42
restart...
0.008499999999999997 8.207942771546365e-46
restart...
0.0275 2.8141064065881984e-39
0.07375000000000007 7.123030305634975e-46
0.1085000000000001 2.385155148395687e-48
0.13050000000000006 5.626615730009801e-49
restart...
0.07500000000000001 6.709789136899112e-48
0.11366666666666647 5.349134474071385e-49
restart...
0.07625000000000011 3.423558014425527e-48
0.09566666666666669 5.8967947174545e-51
restart...
0.020500000000000004 8.767261998778971e-77
restart...
0.021250000000000005 3.3504474917887673e-74
restart...
0.018999999999999986 7.828275096407838e-76
restart...
0.018249999999999936 2.20929219109944e-79
restart...
0.02149999999999997 1.1769497507668422e-73
restart...
Sampling time (10 samples): 7847.7187 seconds
/scratch/users/yanlan/Retrieval_0705/Output/AM_PM_ET_245_306_00
0.07999999999999982 3.1543597126551264e-31
0.1467500000000005 9.405371979152545e-33
0.12250000000000057 2.588788089042172e-55
restart...
0.10799999999999962 1.451457668017234e-43
0.10883333333333303 2.8157722240422428e-55
restart...
0.1449999999999992 1.0295566867993663e-32
0.12499999999999947 1.4346362510970547e-51
restart...
0.11299999999999995 5.56502722028329e-49
restart...
0.16024999999999975 1.7342728344091045e-31
0.11883333333333296 6.830907435030751e-58
restart...
0.10099999999999992 2.1990003434881972e-42
0.11399999999999987 1.5622928839403255e-52
restart...
0.0917499999999999 4.8490925885063667e-48
0.12533333333333313 9.463020602861219e-52
restart...
0.08324999999999984 5.307028529467656e-58
restart...
Sampling time (10 samples): 7735.8058 seconds
