/scratch/users/yanlan/Retrieval_0705/Output/AM_PM_ET_204_298_00
0.020000000000000004 2.9811432684797667e-40
0.10224999999999995 1.2998330436661217e-45
0.14899999999999997 8.706975025872057e-44
0.18537500000000032 2.6589852225656015e-41
0.2069000000000007 7.333794254785733e-38
0.19850000000000045 9.715066532047723e-50
restart...
0.1899166666666674 2.205975883306749e-50
restart...
0.18900000000000056 9.80556714719633e-52
restart...
0.19466666666666707 2.4820081482952123e-52
restart...
0.19725000000000048 2.12718718677663e-51
restart...
0.2179166666666671 1.038192963219935e-37
0.2040000000000003 4.222234625003076e-50
restart...
0.20092857142857198 4.324118737168137e-49
restart...
0.202214285714286 9.549635271801978e-52
restart...
0.19942857142857193 2.53800084836108e-53
restart...
Sampling time (10 samples): 6692.1384 seconds
/scratch/users/yanlan/Retrieval_0705/Output/AM_PM_ET_210_410_00
0.0225 1.3616111275247986e-40
0.11749999999999972 1.0800122504344398e-43
0.16700000000000018 2.6665693895465355e-42
0.19649999999999987 5.1383647761228164e-40
0.21860000000000032 1.598034254979266e-37
0.2242500000000001 4.4461818580519906e-36
0.2307142857142857 1.474759231035781e-35
0.2379999999999996 6.112720830255426e-35
0.24377777777777782 6.082769077024371e-34
0.24880000000000005 2.006365422338013e-34
0.25154545454545474 5.220921591807959e-34
0.2585416666666669 1.3812366178731742e-33
0.2616153846153852 7.399012868759756e-34
0.263285714285715 3.5688333604446414e-34
0.2636666666666659 1.981684213433155e-34
Sampling time (10 samples): 6799.6127 seconds
/scratch/users/yanlan/Retrieval_0705/Output/AM_PM_ET_217_314_00
0.012500000000000006 1.685934673234397e-42
restart...
0.02300000000000001 1.3235606797686811e-39
0.14800000000000005 5.583826249238814e-40
0.2023333333333342 4.323117821859142e-36
0.2337500000000003 6.524719937738355e-35
0.2517000000000009 9.241112542000156e-35
0.26233333333333253 1.815975435365245e-34
0.26821428571428535 1.2300781664255877e-33
0.2723125000000008 2.1720896906988495e-33
0.280166666666666 2.625349945490872e-33
0.264299999999998 5.0816714901115585e-51
restart...
0.28249999999999975 2.8641078410177787e-33
0.27927272727272695 5.822802078206211e-41
/scratch/users/yanlan/Retrieval_0705/Output/AM_PM_ET_223_384_00
0.022000000000000013 1.9746360936559772e-38
0.06550000000000002 1.1609656968117047e-50
restart...
0.06449999999999988 3.6987833739192555e-50
restart...
0.07449999999999994 1.321590576264872e-50
restart...
0.060500000000000026 4.986561337820595e-51
restart...
0.06949999999999995 1.008939794921428e-50
restart...
0.06950000000000002 5.612573655108145e-50
restart...
0.06800000000000002 3.107731155271251e-49
restart...
0.07324999999999998 2.3188655664212717e-51
restart...
0.07324999999999994 3.6797445036880925e-50
restart...
0.06674999999999996 2.4917417807491456e-51
restart...
0.0642500000000001 2.8146726597491727e-50
restart...
0.061250000000000054 1.2402956220774102e-51
restart...
0.0677499999999999 2.847928663982499e-52
restart...
0.06249999999999999 2.642676735772233e-50
restart...
Sampling time (10 samples): 7014.0456 seconds
/scratch/users/yanlan/Retrieval_0705/Output/AM_PM_ET_231_315_00
0.021999999999999995 9.02882196464345e-39
0.13174999999999987 7.825381627832092e-39
0.1661666666666665 3.2015729716558305e-39
0.17575000000000035 1.4573460524585948e-42
0.20470000000000074 7.262225612570935e-39
0.22425000000000056 4.848774601845005e-37
0.239928571428572 3.604591793015928e-36
0.24968750000000056 7.671756858410093e-36
0.25655555555555554 2.0693981260956255e-35
0.23425000000000026 2.1227649766488873e-69
restart...
0.2630999999999986 1.780811985854307e-35
0.2744090909090894 1.2284331481281744e-35
0.28166666666666534 8.536469218813924e-36
0.28996153846153755 1.1264542542882111e-35
0.29578571428571493 1.5834749778352367e-35
Sampling time (10 samples): 7022.5859 seconds
/scratch/users/yanlan/Retrieval_0705/Output/AM_PM_ET_240_327_00
0.03200000000000002 1.8274323278676037e-36
0.10525000000000022 7.978763017138803e-42
0.14533333333333376 7.440915175840097e-42
0.16725000000000104 1.4145814792093967e-41
0.19670000000000076 1.3667846620423848e-40
0.21841666666666662 6.83035026222407e-40
0.22849999999999945 4.80114487794359e-40
0.24199999999999985 3.125939029211453e-40
0.25077777777777716 1.8927577684235447e-39
0.2589999999999993 1.249101124043379e-39
0.2665 1.602106912276565e-39
0.2751666666666665 9.214784829386662e-40
0.27650000000000025 1.4591803180076699e-39
0.27928571428571475 2.205022910226144e-39
0.2816333333333323 2.0663250477121174e-39
Sampling time (10 samples): 7173.1639 seconds
/scratch/users/yanlan/Retrieval_0705/Output/AM_PM_ET_257_288_00
0.041500000000000016 3.9356411644270214e-38
0.10175000000000015 4.463655972416439e-41
0.10000000000000009 1.1951931430014812e-56
restart...
0.06250000000000004 3.0679448562240787e-52
restart...
0.06250000000000008 1.8742636561739584e-55
restart...
0.06050000000000008 9.405566738917151e-57
restart...
0.06450000000000002 1.3307756378271313e-54
restart...
0.04025000000000001 5.764897054747817e-66
restart...
0.06924999999999995 1.342913739842174e-54
restart...
0.06550000000000013 2.225273350577019e-56
restart...
0.05300000000000001 3.62796511846019e-55
restart...
0.06849999999999992 4.015356312026645e-54
restart...
0.11750000000000009 5.772101833510233e-42
0.08900000000000004 1.1255016183551875e-74
restart...
0.06799999999999994 1.8271654584546084e-52
restart...
Sampling time (10 samples): 8095.2743 seconds
