/scratch/users/yanlan/Retrieval_0705/Output/AM_PM_ET_203_319_00
0.009 2.3593010777717815e-44
restart...
0.014999999999999987 1.0007271928734952e-41
restart...
0.0155 4.566023874308606e-42
restart...
0.019500000000000024 6.6813815952978914e-40
restart...
0.030000000000000023 5.4291685410650455e-37
0.13250000000000015 2.184298323884989e-38
0.18049999999999997 8.069805017352827e-37
0.21250000000000024 5.338304154992292e-35
0.22790000000000013 6.667652647388791e-34
0.23200000000000018 5.983421796041981e-34
0.23814285714285735 2.1280918884036987e-34
0.24412500000000045 2.0389031838343596e-34
0.25077777777777766 3.5002312346308923e-34
0.256750000000001 6.316896351145471e-34
0.25827272727272804 1.1293937841677266e-34
Sampling time (10 samples): 8767.4699 seconds
/scratch/users/yanlan/Retrieval_0705/Output/AM_PM_ET_209_408_00
0.03199999999999999 1.3201395379085953e-36
0.14250000000000013 3.3658837002247905e-38
0.1870000000000006 3.6064563292157425e-37
0.20287500000000036 1.5222069825771136e-38
0.2290999999999999 2.2727464273922677e-36
0.2524166666666672 7.595320193030605e-36
0.2724285714285709 2.0899588180001952e-35
0.28487499999999977 2.36613913374936e-35
0.2965555555555546 1.1262157259529627e-35
0.3077499999999992 2.4742588304391264e-35
0.3153636363636352 2.2209967634272e-35
0.323416666666666 1.4817247000851102e-35
0.3271538461538447 1.4256637005360678e-34
0.3287499999999989 5.532664282815034e-35
0.3316666666666641 5.630087924522345e-35
Sampling time (10 samples): 8752.5150 seconds
/scratch/users/yanlan/Retrieval_0705/Output/AM_PM_ET_216_327_00
0.025499999999999988 6.889267280205339e-40
0.12250000000000001 5.773916798898108e-40
0.15249999999999986 4.20326644422e-40
0.15175000000000025 5.389723523956473e-44
0.16320000000000032 1.9698357551674106e-45
0.16450000000000023 7.603892563793516e-51
restart...
0.1175 1.1454083591942471e-39
0.1583333333333332 3.3009385989266133e-37
0.15199999999999977 1.4833612666470406e-45
0.16160000000000027 1.0605100476360639e-47
0.17533333333333428 3.267180572608122e-48
0.181857142857144 4.204808110385361e-49
restart...
0.10525000000000018 1.4316737725855355e-41
0.11350000000000027 5.974721530189354e-48
0.11950000000000018 8.403597520441185e-55
restart...
Sampling time (10 samples): 9002.5254 seconds
/scratch/users/yanlan/Retrieval_0705/Output/AM_PM_ET_222_388_00
0.4150000000000002 1.1073145155399441e-12
0.3550000000000005 2.0385995499827847e-12
0.34999999999999887 1.4647182452619543e-12
0.34274999999999994 5.812730193168209e-13
0.3392999999999998 2.4456631538651206e-13
0.3394999999999991 1.8966290685689908e-13
0.34035714285714186 2.7469222163299134e-13
0.3368124999999998 8.189092740070178e-13
0.33405555555555516 5.791673646142756e-13
0.33449999999999885 2.002696929048834e-12
0.33172727272727376 5.440489455844015e-13
0.32979166666666776 1.1011914149562279e-12
0.33042307692307754 5.516661232887221e-13
0.3302142857142868 4.677266460247801e-13
0.33063333333333467 4.721106265361758e-13
Sampling time (10 samples): 8870.9459 seconds
/scratch/users/yanlan/Retrieval_0705/Output/AM_PM_ET_230_291_00
0.014499999999999996 9.887800959097265e-43
restart...
0.014000000000000005 8.798445135173193e-43
restart...
0.02249999999999998 1.0712893767705767e-41
0.07850000000000013 1.241779966451567e-50
restart...
0.07225000000000002 2.862711631221239e-51
restart...
0.06749999999999999 5.2724018937349935e-52
restart...
0.07099999999999997 2.325230017131255e-51
restart...
0.06175000000000007 2.0868033991709667e-52
restart...
0.03249999999999996 3.1977934931738924e-69
restart...
0.06724999999999999 8.371921518102783e-51
restart...
0.07775 1.56323650458846e-51
restart...
0.06724999999999982 2.400813795701831e-51
restart...
0.06399999999999985 4.312635658475595e-51
restart...
0.0615 7.328654212133868e-53
restart...
0.06674999999999989 6.801883670774019e-52
restart...
Sampling time (10 samples): 8412.0645 seconds
/scratch/users/yanlan/Retrieval_0705/Output/AM_PM_ET_239_281_00
0.022500000000000013 2.696242521554249e-41
0.08600000000000006 2.1404381570987324e-46
0.1406666666666669 8.788236944711445e-44
0.1408750000000005 4.959916151672627e-49
restart...
0.11100000000000007 2.935401192198413e-44
0.1646666666666672 2.7195908189131323e-40
0.14962500000000056 1.6430020344413866e-50
restart...
0.09775000000000009 1.3472430602669184e-44
0.15033333333333354 4.6887881017680316e-42
0.15350000000000047 1.2874690539725939e-49
restart...
0.09200000000000026 1.604514055440071e-45
0.1303333333333335 6.756611578568118e-46
0.14937500000000048 9.827101034378485e-47
0.14780000000000051 7.439296142227585e-57
restart...
0.1179999999999998 6.849333230394256e-44
Sampling time (10 samples): 8747.8045 seconds
/scratch/users/yanlan/Retrieval_0705/Output/AM_PM_ET_254_286_00
0.007499999999999994 1.5781126726702627e-46
restart...
0.01899999999999999 9.238285004918437e-43
restart...
0.015499999999999986 9.644915438982755e-42
restart...
0.010500000000000028 4.427686185202139e-45
restart...
0.012000000000000005 4.7650417839343306e-42
restart...
0.0135 1.2937553666798205e-41
restart...
0.009499999999999963 3.826251848559585e-45
restart...
0.03150000000000002 3.996525299837513e-39
0.15575000000000006 8.55760135488581e-37
0.15066666666666648 5.589074029569152e-50
restart...
0.05699999999999985 3.6880805135425037e-57
restart...
0.1127500000000001 5.666464658447228e-41
0.16966666666666663 1.0190578870201631e-37
0.18000000000000022 5.288501729507017e-39
0.18200000000000002 1.0736721266039637e-43
Sampling time (10 samples): 9019.9513 seconds
