/scratch/users/yanlan/Retrieval_0705/Output/AM_PM_ET_199_288_00
0.03649999999999999 4.3568086714293145e-39
0.14750000000000021 2.0422726349889468e-39
0.15500000000000055 1.7039966570186208e-45
0.1722500000000009 1.5520016376548203e-45
0.1940000000000005 1.7728674461707464e-44
0.21200000000000008 6.711372681953913e-44
0.2241428571428574 4.2275511999052065e-42
0.23637500000000017 4.3084858104499094e-42
0.24722222222222273 2.2215557214558937e-41
0.2546499999999992 6.257091827086979e-41
0.2625454545454526 6.299195889241528e-42
0.2679166666666646 3.160143586301387e-41
0.27323076923076717 1.0837115050426081e-41
0.279107142857142 2.707711833462976e-41
0.28479999999999717 4.845030640126832e-41
Sampling time (10 samples): 8834.8134 seconds
/scratch/users/yanlan/Retrieval_0705/Output/AM_PM_ET_205_263_00
0.020499999999999994 3.642335263222309e-42
0.1434999999999997 1.679089523622841e-42
0.19883333333333306 5.986350139238501e-39
0.2199999999999994 1.1862701229359207e-37
0.1797999999999994 2.036465145786546e-71
restart...
0.1788999999999998 1.888773212531063e-71
restart...
0.17919999999999955 1.5385401576497756e-72
restart...
0.18139999999999992 2.5212601526253485e-67
restart...
0.17979999999999974 5.6916892975728754e-71
restart...
0.18119999999999928 4.8975940526153345e-65
restart...
0.1808999999999991 8.308147884658483e-70
restart...
0.1814999999999999 5.438754974121877e-67
restart...
0.1806999999999993 3.983614468526912e-68
restart...
0.18069999999999967 7.846526403897268e-66
restart...
0.1821999999999994 1.3629060470488773e-67
restart...
Sampling time (10 samples): 8269.3118 seconds
/scratch/users/yanlan/Retrieval_0705/Output/AM_PM_ET_211_374_00
0.04550000000000001 1.3087547971129828e-33
0.095 4.5998605547095436e-38
0.11916666666666698 4.4577435649485685e-39
0.12812499999999974 4.6575321085340284e-42
0.1357 3.530899670689159e-44
0.13499999999999976 1.1055439686544219e-49
restart...
0.08449999999999985 1.0940473286314313e-38
0.10616666666666642 7.312209699530103e-43
0.14362499999999978 1.9034190966954413e-40
0.16549999999999995 9.451271707168063e-39
0.1745833333333338 6.334692830646809e-41
0.19378571428571492 2.6673458942291003e-39
0.20006250000000037 1.52198223477233e-39
0.20527777777777834 2.7539007927143193e-44
0.20165000000000055 5.798245121861737e-48
Sampling time (10 samples): 8017.7073 seconds
/scratch/users/yanlan/Retrieval_0705/Output/AM_PM_ET_218_288_00
0.019999999999999993 8.455078055818508e-40
restart...
0.017 1.2659499907047775e-39
restart...
0.018500000000000023 1.4168493745784117e-41
restart...
0.010999999999999989 4.388655559274611e-46
restart...
0.017499999999999984 1.0405707334225819e-41
restart...
0.020999999999999998 9.461927593029975e-41
0.033249999999999974 2.451865173936842e-65
restart...
0.035 1.7293432116788933e-61
restart...
0.02924999999999997 2.4753406213975364e-67
restart...
0.03724999999999996 2.8731803640847354e-61
restart...
0.034499999999999954 6.815670457104507e-63
restart...
0.028000000000000008 9.79344614619271e-67
restart...
0.030750000000000038 1.9578331205975302e-64
restart...
0.02900000000000001 1.0644565982450227e-66
restart...
0.0392499999999999 2.1922449156685716e-61
restart...
Sampling time (10 samples): 8038.5658 seconds
/scratch/users/yanlan/Retrieval_0705/Output/AM_PM_ET_224_365_00
0.008000000000000005 2.2000985300581845e-44
restart...
0.0315 1.6408845563835957e-37
0.09975000000000037 6.688215382207395e-43
0.134833333333334 9.913459500688751e-44
0.15987500000000035 1.1880383377762509e-42
0.18670000000000048 8.464800533470158e-40
0.21200000000000027 2.913667258298479e-38
0.22692857142857184 2.9377277344391244e-37
0.24168750000000022 1.251184841147071e-35
0.24727777777777782 1.3863638431594625e-35
0.252500000000001 2.0690673976454193e-35
0.25636363636363835 7.75127121971753e-36
0.25791666666666846 3.4464256696308887e-37
0.2597307692307692 6.241590190172077e-36
0.26364285714285957 1.0500011465898512e-35
Sampling time (10 samples): 7994.9387 seconds
/scratch/users/yanlan/Retrieval_0705/Output/AM_PM_ET_232_331_00
0.0565 3.5520707724567203e-34
0.14875000000000002 1.658347064156932e-33
0.18416666666666717 6.584832393690481e-34
0.20512500000000028 6.848833260746801e-36
0.21800000000000072 5.503197318216908e-39
0.23316666666666713 1.1904163388481175e-37
0.2527857142857144 4.975176233578677e-38
0.2715624999999994 7.779287215338408e-38
0.2851111111111106 6.019075952822876e-38
0.2920499999999994 1.8372249435948747e-37
0.3037272727272714 1.0539442166537096e-37
0.31254166666666633 5.3877166758555e-38
0.31930769230769196 1.117326263446159e-37
0.3227857142857152 1.6966163392770594e-38
0.3280000000000001 2.203507136824607e-38
Sampling time (10 samples): 7637.3119 seconds
/scratch/users/yanlan/Retrieval_0705/Output/AM_PM_ET_242_291_00
0.02550000000000001 4.661703541929447e-38
0.11650000000000003 4.724880755281187e-44
0.18433333333333268 4.5317342169378016e-41
0.22687499999999994 6.831065845541208e-39
0.25250000000000006 1.237281355678172e-37
0.2724999999999999 7.2539780491437916e-37
0.28635714285714364 6.329447272938693e-35
0.29749999999999993 2.152086270438229e-34
0.30883333333333224 8.882833248571255e-34
0.3182999999999982 2.2503448203225812e-33
0.3230454545454515 8.53195946578161e-34
0.3269583333333305 3.566393495525549e-34
0.3337692307692281 3.3431514237185714e-34
0.3384999999999984 7.394505070086902e-34
0.34173333333333206 5.83288839421528e-34
Sampling time (10 samples): 7867.9455 seconds
