/scratch/users/yanlan/Retrieval_0705/Output/AM_PM_ET_203_267_00
0.012999999999999998 8.442190444968097e-44
restart...
0.01349999999999999 3.854781125363662e-42
restart...
0.013999999999999997 8.618445835593642e-41
restart...
0.03200000000000002 1.0721351051152744e-35
0.12325000000000014 2.2230105760147737e-36
0.1078333333333336 6.414987948703325e-53
restart...
0.04725000000000003 5.903331936706127e-54
restart...
0.047500000000000084 6.890859575516161e-54
restart...
0.041250000000000016 6.589264439537988e-55
restart...
0.05949999999999994 2.6498355776859237e-51
restart...
0.04425000000000009 7.142472794842166e-53
restart...
0.05299999999999995 2.7771306365034387e-49
restart...
0.04750000000000002 2.5798084018382877e-53
restart...
0.04074999999999994 2.2366255607906787e-56
restart...
0.046000000000000076 5.017361767428201e-53
restart...
Sampling time (10 samples): 6706.9683 seconds
/scratch/users/yanlan/Retrieval_0705/Output/AM_PM_ET_209_325_00
0.017500000000000005 1.4677883717447056e-39
restart...
0.036000000000000004 1.8916995204191073e-38
0.12050000000000004 7.37706021602764e-39
0.14333333333333373 2.6800700288817623e-42
0.15050000000000047 6.84637664650654e-46
0.17500000000000054 2.1453129747329325e-44
0.1901666666666667 4.2477283714475526e-42
0.19914285714285745 1.7006375143903247e-43
0.1946875000000002 2.1322889419839622e-48
0.19983333333333356 6.1951227301345475e-49
restart...
0.11625000000000008 1.2832322203735974e-38
0.15200000000000036 9.556632678506464e-39
0.16550000000000048 2.0843975688026695e-38
0.17310000000000034 8.54761281468537e-42
0.1749166666666669 7.144339336559518e-44
Sampling time (10 samples): 6872.6747 seconds
/scratch/users/yanlan/Retrieval_0705/Output/AM_PM_ET_216_280_00
0.02150000000000003 1.1687750473913865e-38
0.041750000000000016 7.20226035611765e-57
restart...
0.04000000000000004 7.829039426931058e-57
restart...
0.04299999999999993 1.475675229786644e-54
restart...
0.05275000000000005 1.0183346824724111e-52
restart...
0.047750000000000035 1.6935856145060664e-54
restart...
0.03200000000000003 1.2079589647723488e-60
restart...
0.04775000000000008 1.8638982994722454e-53
restart...
0.04299999999999996 5.96308135611787e-55
restart...
0.04550000000000002 1.8655817023715143e-54
restart...
0.05025 4.359435372745967e-53
restart...
0.04625000000000004 1.1697110865040675e-54
restart...
0.04300000000000002 1.7973632688818462e-56
restart...
0.047500000000000035 1.5481149660403014e-54
restart...
0.04775000000000002 2.241158315933281e-54
restart...
Sampling time (10 samples): 6920.3959 seconds
/scratch/users/yanlan/Retrieval_0705/Output/AM_PM_ET_222_332_00
0.06900000000000002 2.7253569795047963e-34
0.16825000000000043 7.399109942269244e-36
0.1285000000000003 3.741561365293284e-61
restart...
0.1294999999999999 5.557540873633477e-38
0.13783333333333317 7.695643532377287e-55
restart...
0.14499999999999974 1.5226997588364053e-36
0.15649999999999997 2.448695723571477e-49
restart...
0.1110000000000001 1.226428391570272e-43
0.09116666666666688 1.1713374933566918e-66
restart...
0.14899999999999974 7.24202652742401e-38
0.09966666666666646 7.511004880155503e-82
restart...
0.11600000000000026 4.64440175112942e-50
restart...
0.14899999999999972 1.1913236981208739e-37
0.19500000000000034 2.567178323190468e-39
0.16912500000000025 1.2521964919409191e-59
restart...
Sampling time (10 samples): 7529.6911 seconds
/scratch/users/yanlan/Retrieval_0705/Output/AM_PM_ET_229_384_00
0.044999999999999936 1.609786927709928e-34
0.12399999999999986 8.411965045344534e-36
0.1490000000000001 3.362626835590231e-36
0.1592500000000004 1.626123724100519e-39
0.17820000000000003 3.32592329762738e-39
0.19016666666666632 2.213281189820613e-38
0.19864285714285654 9.00044433792561e-39
0.20456249999999937 7.044446344229518e-38
0.20883333333333257 7.314835936902515e-38
0.21389999999999915 1.6917455565375834e-37
0.2179545454545449 1.2607011730248334e-36
0.22204166666666622 1.2131370599049234e-36
0.22096153846153802 2.496503276201019e-37
0.22210714285714295 1.971308893509153e-36
0.22173333333333317 1.1942705871474075e-35
Sampling time (10 samples): 6904.3214 seconds
/scratch/users/yanlan/Retrieval_0705/Output/AM_PM_ET_238_344_00
0.08599999999999997 5.429864963524031e-32
0.12750000000000003 4.791114764546003e-38
0.1453333333333335 6.5798945716653245e-40
0.17737500000000014 3.8505735797524287e-38
0.19859999999999997 9.196131190884632e-36
0.2088333333333335 5.536407909218258e-35
0.22085714285714314 8.128878187967909e-35
0.22874999999999973 2.1034083557319737e-34
0.23533333333333287 3.3940581963059696e-34
0.2395999999999996 1.3702345342492173e-33
0.2455454545454542 1.069133064231341e-34
0.25133333333333413 1.8990168622416653e-34
0.25330769230769207 3.841078842411193e-34
0.25707142857142823 1.8115302859371928e-33
0.2606333333333318 3.4597063103338017e-34
Sampling time (10 samples): 7214.3627 seconds
/scratch/users/yanlan/Retrieval_0705/Output/AM_PM_ET_253_295_00
0.04299999999999999 7.88360072730539e-37
0.11674999999999959 1.0153655656241834e-42
0.12249999999999968 2.932660523095438e-48
0.15950000000000003 1.0059873729470634e-43
0.19020000000000004 1.0499216265294435e-39
0.2001666666666666 1.8257553206549519e-37
0.20907142857142857 9.104313663726405e-38
0.2204375000000005 6.09857760248267e-37
0.23655555555555585 6.963553502641163e-36
0.2497500000000003 4.2023681185444345e-36
0.25913636363636183 2.526927042393954e-35
0.26862500000000017 1.4316980661197647e-35
0.2763846153846156 1.0998991865342708e-35
0.2844642857142873 6.946033616423986e-36
0.2890666666666685 4.2564424725464193e-36
Sampling time (10 samples): 7378.1217 seconds
