/scratch/users/yanlan/Retrieval_0705/Output/AM_PM_ET_199_235_00
0.018500000000000006 1.4456823121940737e-39
restart...
0.01549999999999999 8.519040985199455e-44
restart...
0.03950000000000001 1.2412686072797003e-34
0.05525 1.0443178546838269e-50
restart...
0.056750000000000037 1.869103857277269e-48
0.05600000000000005 2.0388634374223646e-74
restart...
0.06399999999999999 5.9602836773945e-50
restart...
0.05575000000000005 4.95057337193349e-47
0.05866666666666669 5.286564730126488e-65
restart...
0.04675 1.9112792787080063e-54
restart...
0.05724999999999996 2.4242170835588116e-48
0.06633333333333363 2.325323350733337e-61
restart...
0.04825000000000001 2.741361232056649e-53
restart...
0.05775000000000007 3.0543395826253337e-49
restart...
0.04724999999999997 6.920564219224484e-56
restart...
Sampling time (10 samples): 9206.7448 seconds
/scratch/users/yanlan/Retrieval_0705/Output/AM_PM_ET_204_382_00
0.030000000000000002 3.3149426684497814e-37
0.08074999999999995 2.8505346860910066e-43
0.12383333333333343 5.985994929130128e-41
0.15025000000000013 2.0169959335792223e-40
0.1654000000000003 3.3349582836321584e-42
0.1791666666666669 5.5656624945428343e-42
0.18085714285714327 1.534722953891102e-44
0.18568750000000078 3.1685347712015996e-46
0.19388888888889005 4.919780950277703e-45
0.2032500000000005 3.5535918174603326e-44
0.2111818181818186 2.590502553581771e-43
0.21762500000000026 1.6974532911783188e-43
0.22465384615384631 5.2768576288794666e-43
0.22817857142857198 1.203331547837452e-43
0.23256666666666734 8.643274744240091e-44
Sampling time (10 samples): 9123.5010 seconds
/scratch/users/yanlan/Retrieval_0705/Output/AM_PM_ET_211_315_00
0.017000000000000005 2.355351637389577e-41
restart...
0.08000000000000004 1.0110834827228682e-33
0.14374999999999996 4.100862784079864e-34
0.17500000000000027 1.6375858036942038e-43
0.1507500000000002 3.093563694551001e-61
restart...
0.15075000000000024 9.642011474407887e-62
restart...
0.15450000000000025 8.107704954326644e-56
restart...
0.15562500000000026 3.209974195992412e-58
restart...
0.161875 1.266321652409267e-52
restart...
0.16087500000000027 1.4290778024201843e-54
restart...
0.15212500000000007 3.5508514060360415e-62
restart...
0.15274999999999997 3.6129008510864255e-58
restart...
0.15575000000000022 6.266810732017936e-59
restart...
0.15437500000000018 9.875496357364416e-60
restart...
0.1466250000000002 2.7934253239744547e-61
restart...
Sampling time (10 samples): 12734.2171 seconds
/scratch/users/yanlan/Retrieval_0705/Output/AM_PM_ET_218_238_00
0.02850000000000002 6.478981959694063e-38
0.12825000000000006 7.528361699724817e-42
0.1920000000000001 3.2111166570281e-40
0.2301250000000001 2.3946662703377574e-38
0.25950000000000034 1.652519368055841e-36
0.2780833333333332 8.216888193105271e-36
0.2920000000000011 1.3711014696109166e-34
0.3003125000000015 2.6496993964264077e-35
0.30850000000000083 9.157558560693137e-35
0.3185500000000022 2.2500269970739315e-35
0.3246363636363668 4.4206690878304195e-35
0.32895833333333646 5.677722673198976e-35
0.3340384615384645 1.7179233942612046e-34
0.3376428571428601 6.969392445752869e-35
0.34310000000000235 1.2359537112375156e-34
Sampling time (10 samples): 8924.8809 seconds
/scratch/users/yanlan/Retrieval_0705/Output/AM_PM_ET_224_310_00
0.055000000000000014 1.1285829688775747e-34
0.1725 1.1674090900853578e-31
0.18583333333333318 6.608382714274163e-36
0.20287500000000025 1.7945276766426717e-39
0.18219999999999995 7.098422929645655e-60
restart...
0.17800000000000063 1.2790706137777826e-61
restart...
0.1849000000000004 1.0365864706433038e-62
restart...
0.17410000000000053 2.1153626017960094e-64
restart...
0.17309999999999992 5.984960551328105e-63
restart...
0.17889999999999986 9.964192895551866e-63
restart...
0.18800000000000028 1.3725844303500955e-59
restart...
0.19300000000000053 6.588270412514155e-57
restart...
0.17379999999999998 9.336492638672646e-66
restart...
0.17170000000000005 1.6068652592302773e-76
restart...
0.17409999999999978 1.2381372700354351e-61
restart...
Sampling time (10 samples): 10720.4706 seconds
/scratch/users/yanlan/Retrieval_0705/Output/AM_PM_ET_232_282_00
0.023000000000000007 1.8193630674000805e-41
0.11950000000000001 1.1353055941526489e-45
0.12700000000000014 5.767540608666331e-52
restart...
0.06375 3.998692073524366e-55
restart...
0.058249999999999996 1.1731439824719965e-54
restart...
0.07549999999999987 4.824738893015426e-53
restart...
0.07975000000000002 3.9643132388983624e-53
restart...
0.06724999999999995 5.287787271683594e-53
restart...
0.08324999999999981 8.654021361520693e-52
restart...
0.062499999999999965 4.0341659963930997e-53
restart...
0.06350000000000003 1.6769978828077256e-54
restart...
0.06650000000000002 6.746291056850567e-55
restart...
0.0590000000000001 2.324469427839475e-58
restart...
0.058249999999999975 7.77386275138338e-56
restart...
0.05374999999999998 1.3693134909733375e-57
restart...
Sampling time (10 samples): 8578.2487 seconds
/scratch/users/yanlan/Retrieval_0705/Output/AM_PM_ET_241_320_00
0.05750000000000002 7.725547288483514e-34
0.10250000000000024 1.9163186529880787e-43
0.17199999999999996 1.1103392533516115e-39
0.20587500000000003 2.1320474390847126e-37
0.2059000000000009 1.2246667020073907e-41
0.2070833333333341 3.7650660445181154e-44
0.22107142857142936 1.0295522354684825e-42
0.23437500000000056 7.192479550203782e-41
0.24633333333333415 4.721933062649784e-41
0.2536000000000003 2.80205084488395e-40
0.26400000000000035 1.5929428634280526e-40
0.27054166666666624 1.112729565512363e-40
0.27742307692307744 2.6750318171463392e-40
0.28332142857142895 2.336783410941085e-40
0.2888666666666659 5.217107908616009e-41
Sampling time (10 samples): 8725.0856 seconds
