/scratch/users/yanlan/Retrieval_0705/Output/AM_PM_ET_204_280_00
0.04899999999999997 2.269980269944077e-37
0.15925000000000006 5.022407937003871e-35
0.20883333333333387 2.1489111720068166e-32
0.23475000000000124 7.345056083169704e-31
0.2571000000000014 9.676202946631647e-30
0.26708333333333434 2.0547550453927302e-29
0.27242857142857263 4.3291462434406983e-29
0.27487500000000176 1.4694125234764076e-29
0.2794444444444459 8.694486624345802e-30
0.28500000000000053 1.5330511546047514e-29
0.2878181818181817 1.3404455880513945e-29
0.2913750000000002 8.26041515826143e-30
0.2930000000000027 1.1238983322094781e-29
0.29485714285714587 1.8913056540129516e-29
0.29626666666666746 1.654325576280541e-29
Sampling time (10 samples): 7435.8170 seconds
/scratch/users/yanlan/Retrieval_0705/Output/AM_PM_ET_210_370_00
0.010499999999999995 1.8104692929000296e-43
restart...
0.013999999999999988 9.571097876768626e-43
restart...
0.016000000000000014 3.371481703651304e-42
restart...
0.011999999999999999 1.5996736179469217e-44
restart...
0.012 6.355838013938446e-46
restart...
0.0175 6.525235086842574e-39
restart...
0.009000000000000001 1.4532114680003764e-43
restart...
0.014000000000000009 1.0119863293629607e-43
restart...
0.012 1.5465858045912696e-44
restart...
0.0105 8.871628498059184e-44
restart...
0.021500000000000005 1.079668850745742e-39
0.022000000000000044 3.5995855119349513e-66
restart...
0.027749999999999993 9.739542469404354e-64
restart...
0.02424999999999999 2.7656131777357895e-66
restart...
0.024749999999999984 5.852928715837696e-68
restart...
Sampling time (10 samples): 7574.0770 seconds
/scratch/users/yanlan/Retrieval_0705/Output/AM_PM_ET_217_300_00
0.03449999999999999 5.229810524732869e-39
0.15375 1.747230108554174e-39
0.2060000000000004 1.654390920099059e-37
0.23900000000000035 1.603832966708347e-36
0.2581000000000008 9.015701738593245e-37
0.27183333333333404 1.8859178106128316e-36
0.2782857142857131 8.095311517172636e-37
0.28862499999999836 3.3547542344098515e-37
0.29599999999999826 1.2748403887284737e-37
0.2981999999999996 4.482655146551987e-38
0.2987272727272719 2.439246842309503e-37
0.30054166666666504 8.690992248716366e-37
0.3023846153846127 1.458858383682392e-36
0.3048928571428543 1.0024049530764402e-36
0.30869999999999703 8.79663565081844e-37
Sampling time (10 samples): 7393.7147 seconds
/scratch/users/yanlan/Retrieval_0705/Output/AM_PM_ET_223_366_00
0.015499999999999996 1.2508162796600425e-41
restart...
0.015500000000000003 2.0643326648901988e-40
restart...
0.021 6.292096305532847e-39
0.024749999999999998 6.480505076665851e-66
restart...
0.024500000000000015 1.859207902081046e-66
restart...
0.017750000000000002 6.342674119891973e-75
restart...
0.02425000000000003 2.763415371378081e-66
restart...
0.023000000000000034 3.663436325225772e-70
restart...
0.024500000000000004 2.080929657599897e-67
restart...
0.023249999999999986 1.2943022447245892e-65
restart...
0.02325 1.0484441475066777e-68
restart...
0.027499999999999993 4.3010699322682366e-64
restart...
0.032250000000000015 3.0035219484866713e-59
restart...
0.021500000000000005 2.7056947593248365e-68
restart...
0.023749999999999966 6.126504848637558e-67
restart...
Sampling time (10 samples): 7668.8592 seconds
/scratch/users/yanlan/Retrieval_0705/Output/AM_PM_ET_231_301_00
0.013499999999999986 7.629692505952731e-43
restart...
0.027999999999999997 1.7538772602387503e-39
0.10649999999999983 1.8892567558793813e-43
0.1638333333333335 3.2687485026591628e-43
0.20500000000000013 5.342868333653038e-42
0.22430000000000025 2.647421165979629e-40
0.20516666666666686 5.549974792440681e-58
restart...
0.1989166666666667 1.2681960894005254e-59
restart...
0.19900000000000015 4.899171689712016e-66
restart...
0.23149999999999998 4.3191786316400126e-41
0.20328571428571438 2.406705565144555e-66
restart...
0.20457142857142854 1.2846190832495937e-62
restart...
0.20350000000000007 6.046523239171747e-66
restart...
0.20364285714285713 3.952447976747168e-66
restart...
0.20228571428571435 1.5849856672979127e-68
restart...
Sampling time (10 samples): 7508.9178 seconds
/scratch/users/yanlan/Retrieval_0705/Output/AM_PM_ET_240_313_00
0.043 1.1288633426427825e-35
0.06900000000000002 1.3441801236366583e-48
0.14183333333333326 3.391494656051812e-45
0.16349999999999956 2.273426871125552e-44
0.18130000000000016 4.4440326157435336e-43
0.18350000000000002 3.33206807309004e-44
0.18907142857142864 1.0889742230215112e-42
0.20462499999999983 3.931920106903235e-40
0.221388888888889 1.1258201980759234e-38
0.23545000000000033 1.8525839830111042e-38
0.24572727272727307 1.6061103559778564e-38
0.252875 4.753118987405592e-39
0.26142307692307754 3.285273120180254e-38
0.2686785714285724 1.2737588534129515e-38
0.27479999999999916 9.505219438354247e-39
Sampling time (10 samples): 7599.9472 seconds
/scratch/users/yanlan/Retrieval_0705/Output/AM_PM_ET_256_329_00
0.012500000000000006 4.340793393573576e-43
restart...
0.00799999999999999 7.362879866849974e-47
restart...
0.013500000000000012 6.146464151889388e-44
restart...
0.018000000000000006 4.667425656677626e-41
restart...
0.009000000000000017 1.2879828852040257e-47
restart...
0.009500000000000017 9.56760842446574e-47
restart...
0.0085 3.506264575699602e-46
restart...
0.014499999999999987 4.312270138283294e-43
restart...
0.006500000000000009 2.146969524236164e-48
restart...
0.00799999999999999 1.0378635449854651e-46
restart...
0.010500000000000002 8.092888518834084e-46
restart...
0.013000000000000013 9.570597633154098e-44
restart...
0.013499999999999993 3.7424645573446614e-42
restart...
0.0155 1.6509682983201643e-44
restart...
0.008499999999999992 6.392007854471231e-47
restart...
Sampling time (10 samples): 8342.1536 seconds
