/scratch/users/yanlan/Retrieval_0705/Output/AM_PM_ET_204_261_00
0.03200000000000002 6.304366106817932e-38
0.1355 6.495735161797305e-38
0.17766666666666675 1.6011145332297685e-38
0.1941249999999999 1.0830713477579038e-38
0.21459999999999982 7.009979681201907e-37
0.23099999999999993 6.399005861653251e-36
0.22785714285714273 2.647952413146775e-37
0.22081249999999997 8.990589134184083e-41
0.22833333333333378 5.67123148046123e-39
0.23470000000000033 1.827473751781631e-36
0.24118181818181827 6.369802407351702e-36
0.24754166666666652 6.255076602379387e-36
0.2554230769230773 4.3702217822818126e-36
0.25850000000000123 8.294977711025254e-36
0.26210000000000017 8.16378536942603e-36
Sampling time (10 samples): 6990.0605 seconds
/scratch/users/yanlan/Retrieval_0705/Output/AM_PM_ET_210_340_00
0.014500000000000018 1.474410022472181e-42
restart...
0.021999999999999995 8.387936833557943e-41
0.1302499999999999 2.3892772705545437e-42
0.19200000000000023 1.3121632164045774e-39
0.23387500000000075 1.6871276812080266e-38
0.25760000000000044 5.572072416049128e-38
0.26950000000000024 1.7082732876362032e-37
0.2766428571428567 1.335313847627493e-37
0.28012500000000085 6.641423301212182e-37
0.28222222222222293 4.936249468447349e-38
0.28145000000000153 1.6294707691671597e-37
0.28200000000000086 1.4437776547986358e-38
0.2804999999999998 1.3749115969227785e-38
0.2826923076923083 2.971035058659098e-38
0.2837857142857152 1.0459257829014331e-38
Sampling time (10 samples): 7125.0897 seconds
/scratch/users/yanlan/Retrieval_0705/Output/AM_PM_ET_217_281_00
0.012499999999999994 2.067085254598938e-44
restart...
0.025499999999999995 9.061185031563879e-40
0.09675000000000007 2.2443213417082244e-44
0.12100000000000004 1.2692694840379324e-46
0.13712499999999922 1.2316302656517609e-46
0.15089999999999962 2.5644067671404106e-47
0.1540833333333325 9.45592738100195e-48
0.16042857142857073 1.907867881370022e-47
0.16549999999999968 1.1141221778225398e-46
0.16638888888888884 3.63698773813629e-47
0.16979999999999937 2.744012735608831e-47
0.17136363636363566 6.90727058307907e-47
0.17424999999999913 1.2366989445786492e-46
0.17515384615384522 2.24872378415793e-48
0.178107142857142 7.782909635317948e-48
Sampling time (10 samples): 7145.0500 seconds
/scratch/users/yanlan/Retrieval_0705/Output/AM_PM_ET_223_339_00
0.058500000000000024 1.0837474106086769e-32
0.14674999999999985 1.354589225403148e-33
0.16900000000000037 2.0188469679289758e-38
0.1951250000000004 1.7885994496662766e-37
0.2304000000000006 1.1529594503486058e-34
0.25766666666666743 5.138702944082858e-34
0.2731428571428584 9.838273725705284e-34
0.28812500000000235 6.232560528125129e-34
0.29877777777778036 9.872006807892266e-34
0.3087500000000014 6.975674553769046e-34
0.31731818181818366 6.802932055708225e-34
0.3249166666666705 7.160399319760252e-34
0.3313461538461556 1.000513104662664e-33
0.33625000000000155 7.391544819147563e-34
0.3400666666666667 2.2223212417251616e-33
Sampling time (10 samples): 7582.5656 seconds
/scratch/users/yanlan/Retrieval_0705/Output/AM_PM_ET_231_282_00
0.012000000000000007 1.2618968355439662e-43
restart...
0.013999999999999995 5.0791190849906093e-42
restart...
0.012000000000000007 6.66262253318512e-43
restart...
0.003500000000000002 7.233524345472003e-51
restart...
0.018500000000000023 7.110355509977663e-41
restart...
0.011499999999999984 1.4593688032993212e-43
restart...
0.008999999999999994 7.248129336830676e-45
restart...
0.016999999999999994 6.058294984418517e-42
restart...
0.017999999999999985 5.679232514257233e-40
restart...
0.015499999999999986 3.0340661776942573e-41
restart...
0.01999999999999999 2.3543844588074118e-39
restart...
0.011000000000000005 8.678814334622552e-45
restart...
0.011999999999999999 1.6061193016171506e-43
restart...
0.019999999999999976 1.2066485015278217e-39
restart...
0.013999999999999999 1.081797140152141e-41
restart...
Sampling time (10 samples): 7224.5302 seconds
/scratch/users/yanlan/Retrieval_0705/Output/AM_PM_ET_240_294_00
0.033499999999999974 3.288921412392445e-37
0.14624999999999988 4.6832161948184105e-39
0.1984999999999999 8.325254867042515e-38
0.2248750000000001 5.120715225686432e-38
0.23780000000000023 3.20110628861782e-39
0.21108333333333348 7.987737425099147e-57
restart...
0.20258333333333353 2.0539592503416015e-69
restart...
0.20433333333333348 2.4611602339903216e-64
restart...
0.21133333333333368 2.899424273592874e-56
restart...
0.2113333333333334 1.0597208271375814e-57
restart...
0.20991666666666667 3.607213376641485e-56
restart...
0.202416666666667 2.5909847171997062e-67
restart...
0.20133333333333348 8.357485729591935e-72
restart...
0.21108333333333357 4.346276637127118e-56
restart...
0.20308333333333337 5.734152526104074e-67
restart...
Sampling time (10 samples): 6812.3517 seconds
/scratch/users/yanlan/Retrieval_0705/Output/AM_PM_ET_256_310_00
0.04149999999999997 1.609630108413152e-33
0.0834999999999998 2.605116524034037e-44
0.11549999999999978 9.854793309566848e-46
0.13700000000000015 2.651810418285642e-47
0.15780000000000083 7.69588118748312e-46
0.17616666666666617 9.523219715938928e-44
0.19228571428571362 8.826761820264813e-42
0.206749999999999 9.190774554707649e-40
0.21738888888888844 4.5270290212391775e-40
0.22149999999999992 5.2142850284482385e-39
0.21813636363636343 1.4069613186587693e-48
0.2022499999999997 4.45277559849237e-78
restart...
0.20212499999999978 3.915289392284681e-79
restart...
0.20258333333333323 2.1366160542560527e-78
restart...
0.2020416666666665 2.626413385033301e-79
restart...
Sampling time (10 samples): 6738.7306 seconds
