/scratch/users/yanlan/Retrieval_0705/Output/AM_PM_ET_200_363_00
0.004999999999999998 6.560856158139328e-49
restart...
0.02050000000000002 3.6519962596089054e-40
0.062250000000000034 1.2008268368244617e-49
restart...
0.058500000000000045 1.3430373709263458e-50
restart...
0.06424999999999993 2.466307266813864e-49
restart...
0.0552500000000001 1.157955026521903e-50
restart...
0.06700000000000007 4.350256482235352e-49
restart...
0.05975000000000003 6.925309096628505e-51
restart...
0.06549999999999999 7.999317774282055e-52
restart...
0.059750000000000004 1.8164107791306925e-50
restart...
0.0720000000000002 2.6523624290885754e-49
restart...
0.052250000000000074 1.7898954479287866e-51
restart...
0.05825000000000004 9.265253986331138e-51
restart...
0.04349999999999996 3.887526375154349e-55
restart...
0.05425000000000004 6.163594549974245e-52
restart...
Sampling time (10 samples): 7948.7662 seconds
/scratch/users/yanlan/Retrieval_0705/Output/AM_PM_ET_206_350_00
0.06400000000000003 3.3273911183882147e-34
0.17449999999999982 7.184211907380239e-31
0.2125 2.585712646700622e-29
0.2465000000000006 3.9585397721565744e-30
0.2648000000000007 1.2793594267088768e-29
0.2824166666666669 1.6586669290259225e-29
0.2930714285714279 4.0297362130187974e-30
0.3004374999999998 1.4654980867083956e-29
0.31033333333333324 1.325828177994976e-29
0.31210000000000143 8.843098193784599e-30
0.3165454545454569 9.361666063368318e-30
0.3192916666666692 1.025333491197544e-29
0.32419230769230917 1.267229124742887e-29
0.3270000000000023 1.0900044821296189e-29
0.32906666666666845 2.937423665724344e-29
Sampling time (10 samples): 8033.4929 seconds
/scratch/users/yanlan/Retrieval_0705/Output/AM_PM_ET_213_329_00
0.015499999999999955 1.326307946005064e-40
restart...
0.014499999999999996 5.497864691384895e-41
restart...
0.008999999999999989 1.1152663026349047e-45
restart...
0.00899999999999999 1.3493875194833972e-43
restart...
0.04100000000000004 1.2749199363385507e-37
0.11749999999999973 8.54056375101145e-40
0.16449999999999995 1.9032895611025246e-38
0.1897500000000005 8.41870168892238e-38
0.19020000000000062 8.599357069068524e-44
0.19033333333333383 1.4312474326396573e-47
0.1971428571428579 3.621132529702429e-48
0.2045000000000004 7.423445259761891e-48
0.21372222222222284 2.369936562876506e-47
0.21925000000000078 1.4185402740223618e-47
0.22531818181818256 6.0928209138159655e-47
Sampling time (10 samples): 8457.4510 seconds
/scratch/users/yanlan/Retrieval_0705/Output/AM_PM_ET_219_392_00
0.048499999999999995 9.920825170121823e-35
0.1527499999999996 1.2192711632843058e-36
0.18466666666666698 4.192163676995831e-36
0.21225000000000038 7.358174744835342e-34
0.23070000000000054 4.762957768602983e-34
0.21058333333333368 1.2662629292655842e-56
restart...
0.24916666666666692 5.4620386594583434e-33
0.26235714285714284 9.741595455640384e-32
0.2744999999999996 1.7708600191019136e-32
0.265833333333333 5.630336280988456e-47
0.24714999999999945 3.381039940831578e-65
restart...
0.2460999999999986 8.6307837749589e-67
restart...
0.24644999999999992 1.0468819507529663e-66
restart...
0.24669999999999945 1.5350992512813975e-67
restart...
0.24494999999999967 2.162664473907425e-67
restart...
Sampling time (10 samples): 9398.7391 seconds
/scratch/users/yanlan/Retrieval_0705/Output/AM_PM_ET_226_340_00
0.04750000000000001 1.5915818576095454e-34
0.15225000000000002 1.1066624674756915e-33
0.20950000000000016 2.0529034521623088e-32
0.24662499999999982 2.735888786933225e-30
0.26889999999999886 1.6187180420552794e-30
0.28808333333333275 1.941563870709686e-30
0.28935714285714226 5.527601398271136e-38
0.2884999999999999 6.510078129993852e-33
0.2942777777777781 4.554654799711427e-31
0.2992999999999998 5.091392615578843e-30
0.3060909090909101 2.148121156726357e-30
0.3107916666666667 8.771686147215167e-30
0.3129230769230767 4.936465549507499e-30
0.3208928571428588 1.0257261838703049e-29
0.32653333333333384 1.4306131840474017e-29
Sampling time (10 samples): 8607.0200 seconds
/scratch/users/yanlan/Retrieval_0705/Output/AM_PM_ET_235_272_00
0.029500000000000047 1.5097847199168304e-39
0.10400000000000022 3.3802768010678175e-43
0.15400000000000022 1.500090668892204e-41
0.17962500000000087 6.1377413270051895e-40
0.1884000000000007 9.874213790369991e-41
0.16233333333333383 6.859198047214687e-68
restart...
0.046750000000000014 6.16495913575746e-63
restart...
0.1117500000000001 1.8587817316791078e-41
0.1068333333333335 3.4691089202178394e-65
restart...
0.1147500000000002 2.694126372565003e-41
0.1608333333333335 5.46187521858387e-39
0.14950000000000038 6.367010544048735e-62
restart...
0.06074999999999992 1.4990259613349648e-54
restart...
0.06500000000000004 1.2034682988133106e-54
restart...
0.06175000000000003 1.336822565777702e-54
restart...
Sampling time (10 samples): 7823.2474 seconds
/scratch/users/yanlan/Retrieval_0705/Output/AM_PM_ET_245_393_00
0.4035000000000007 5.657211860920116e-13
0.3695000000000009 3.232368464078344e-13
0.3570000000000011 4.1509544494043777e-13
0.3525000000000007 5.618296461404467e-13
0.34990000000000165 3.6917889384060007e-13
0.351416666666669 9.351869849194565e-13
0.34764285714286003 7.915825298834288e-13
0.34781250000000213 2.1538434115634777e-13
0.34505555555555634 8.706028167810673e-13
0.34164999999999973 1.7013026824672491e-12
0.34009090909090783 3.128826146122956e-13
0.33895833333333275 7.067205294229822e-13
0.3381153846153848 4.35442107131302e-13
0.33682142857142916 3.290737415164561e-13
0.33579999999999977 9.983034350479035e-13
Sampling time (10 samples): 8021.7235 seconds
