/scratch/users/yanlan/Retrieval_0705/Output/AM_PM_ET_204_299_00
0.04949999999999997 1.270757128900859e-34
0.07549999999999991 1.1777570954321358e-51
restart...
0.07399999999999972 2.0979558252862583e-47
0.10533333333333328 3.3953937035789234e-51
restart...
0.10775000000000004 4.875585480920798e-40
0.1131666666666668 9.232419647684349e-49
restart...
0.08124999999999995 8.690141980265989e-46
0.11316666666666662 5.139404673123648e-48
0.13824999999999973 8.906603878552794e-49
restart...
0.07775000000000006 2.114141074082738e-46
0.11516666666666663 2.248962235608058e-47
0.1363750000000004 1.7513281356163943e-47
0.15460000000000046 7.348908135608198e-46
0.17299999999999988 5.066420481336882e-45
0.18292857142857125 1.6708411299911675e-45
Sampling time (10 samples): 8990.9484 seconds
/scratch/users/yanlan/Retrieval_0705/Output/AM_PM_ET_210_411_00
0.05200000000000003 3.404986475502045e-35
0.0840000000000001 8.012510917778806e-55
restart...
0.061500000000000235 3.2553751335579053e-62
restart...
0.10075000000000008 1.399160994101372e-42
0.14833333333333387 2.584331039579742e-41
0.1893750000000002 8.069612431421988e-38
0.20729999999999982 3.679031788113022e-36
0.22008333333333327 1.86205392331939e-36
0.22535714285714298 4.428193769462676e-37
0.23324999999999993 1.3381520943401085e-36
0.23716666666666683 8.455849121248429e-38
0.2433500000000001 5.980553254960676e-37
0.25059090909090864 7.825412192118844e-37
0.25758333333333366 4.2606523610932846e-37
0.2628846153846154 3.4436812666825396e-37
Sampling time (10 samples): 7328.3357 seconds
/scratch/users/yanlan/Retrieval_0705/Output/AM_PM_ET_217_315_00
0.02399999999999999 1.563756394816694e-38
0.031250000000000014 8.113547472167363e-64
restart...
0.037250000000000005 6.9081934583060585e-62
restart...
0.029499999999999867 3.724409381313117e-64
restart...
0.048999999999999995 1.5722123474369596e-55
restart...
0.023750000000000014 4.784180394632435e-69
restart...
0.035000000000000045 7.0214118534582835e-59
restart...
0.03375000000000001 4.757055143268904e-62
restart...
0.05100000000000007 6.73977280320122e-54
restart...
0.04349999999999998 1.2248366683991168e-58
restart...
0.04350000000000005 1.2470423908399018e-53
restart...
0.029999999999999957 3.6601871102184716e-63
restart...
0.034999999999999906 1.0866721662057663e-60
restart...
0.04275000000000004 4.812402304729652e-64
restart...
0.030000000000000006 7.221507973677341e-63
restart...
Sampling time (10 samples): 6495.8485 seconds
/scratch/users/yanlan/Retrieval_0705/Output/AM_PM_ET_223_385_00
0.07150000000000001 7.938079818581846e-34
0.21049999999999996 6.130489256711071e-32
0.2523333333333332 3.914588265366612e-30
0.2867500000000011 2.926537937512995e-30
0.30489999999999984 8.283031264273296e-30
0.3163333333333311 3.4607904644265976e-29
0.3271428571428533 1.0314449124330685e-29
0.32881249999999757 1.1231473878515713e-29
0.3377222222222202 3.680899102065585e-30
0.3373499999999985 9.14909316016314e-30
0.3381363636363612 1.8739388960314212e-29
0.3401249999999979 1.3668843922164527e-29
0.33903846153846035 8.3150495252748e-32
0.31585714285714184 2.2415941811395703e-67
restart...
0.3157499999999991 9.649482062336184e-70
restart...
Sampling time (10 samples): 6404.0083 seconds
/scratch/users/yanlan/Retrieval_0705/Output/AM_PM_ET_231_316_00
0.015999999999999986 7.063880305379282e-42
restart...
0.01700000000000004 3.375093090731098e-42
restart...
0.06300000000000001 6.101356165188248e-33
0.13174999999999984 5.434886870255687e-38
0.19583333333333341 1.6247331689464846e-36
0.22937500000000033 4.996199950090904e-35
0.25099999999999956 1.5198060653201268e-34
0.20983333333333304 1.6091205707383094e-75
restart...
0.20999999999999974 8.195702517454087e-75
restart...
0.20974999999999966 4.428765016349671e-76
restart...
0.20949999999999974 2.2850219703998593e-78
restart...
0.21024999999999974 2.4326933767874626e-73
restart...
0.2099999999999997 1.236036236517216e-75
restart...
0.21083333333333304 4.2424074566848454e-73
restart...
0.21133333333333304 5.262101852349897e-69
restart...
Sampling time (10 samples): 7780.9317 seconds
/scratch/users/yanlan/Retrieval_0705/Output/AM_PM_ET_240_328_00
0.039500000000000056 6.838347568466125e-36
0.16599999999999993 5.175918999609007e-33
0.1926666666666669 2.597901336894758e-33
0.20274999999999993 3.333465387053354e-37
0.2035000000000004 3.016082322736235e-40
0.22400000000000003 3.5544127769641806e-39
0.23835714285714243 3.6840897195436123e-39
0.2474999999999997 6.965000965746441e-39
0.2581666666666662 4.4705659819877575e-39
0.265999999999999 2.660324140516954e-39
0.2726363636363621 1.739369162756731e-39
0.2791249999999973 1.0387859852924538e-39
0.2848461538461502 3.332054603745084e-39
0.2874285714285674 1.1108266245303354e-39
0.28949999999999637 1.0381430353180096e-39
Sampling time (10 samples): 6277.4112 seconds
/scratch/users/yanlan/Retrieval_0705/Output/AM_PM_ET_257_289_00
0.041499999999999954 3.954259437033057e-36
0.1644999999999996 4.4150674379534436e-35
0.15133333333333293 5.297755657531627e-46
0.18387499999999984 1.1406580683957341e-42
0.21229999999999968 5.086239985629929e-40
0.1964166666666664 5.0484585871613317e-54
restart...
0.194583333333333 9.162730580483257e-55
restart...
0.19508333333333294 4.652110611262806e-54
restart...
0.1899999999999997 2.9233758177233514e-55
restart...
0.1949166666666663 2.2016772572148964e-54
restart...
0.1941666666666663 1.346951939776345e-54
restart...
0.195583333333333 1.1445403027857986e-53
restart...
0.19191666666666654 3.1784770579287497e-55
restart...
0.1939166666666662 7.30508108019918e-54
restart...
0.19508333333333278 6.402039289347347e-54
restart...
Sampling time (10 samples): 6514.4167 seconds
