/scratch/users/yanlan/Retrieval_0705/Output/AM_PM_ET_203_247_00
0.00799999999999999 1.7128536998239581e-46
restart...
0.025499999999999984 1.2745869986098857e-39
0.051250000000000046 3.156714982029561e-54
restart...
0.05149999999999993 1.8278051264525461e-53
restart...
0.04399999999999989 1.0338470400427951e-54
restart...
0.04774999999999993 2.464252614635206e-53
restart...
0.05150000000000006 2.6582842043480303e-52
restart...
0.05124999999999993 1.4340952884267576e-54
restart...
0.05800000000000004 5.826581957382699e-54
restart...
0.057000000000000044 7.283307815904088e-53
restart...
0.04549999999999994 7.721073059177495e-56
restart...
0.05725000000000001 8.014665643339784e-54
restart...
0.05249999999999993 1.39713296596118e-54
restart...
0.0435 5.347022463554038e-56
restart...
0.05124999999999996 2.882930676860089e-54
restart...
Sampling time (10 samples): 8082.0204 seconds
/scratch/users/yanlan/Retrieval_0705/Output/AM_PM_ET_209_305_00
0.011499999999999995 1.396228201213682e-44
restart...
0.02149999999999999 3.454240783854721e-40
0.08725000000000016 3.845270863644396e-45
0.11066666666666655 1.6915692787288327e-46
0.12437499999999999 1.5183125872739978e-47
0.1303999999999995 2.5497035710991617e-50
restart...
0.08675000000000016 5.681103825410791e-46
0.1218333333333334 1.0468306704645785e-48
0.13524999999999993 8.4038915120576e-49
restart...
0.07849999999999997 6.600564648377754e-46
0.10816666666666648 1.4728634156832973e-47
0.12749999999999992 1.5172187594533485e-49
restart...
0.07825000000000004 5.0749980717148365e-46
0.10933333333333328 2.7271612693515833e-48
0.1255000000000001 2.3274351497712933e-49
restart...
Sampling time (10 samples): 10190.4260 seconds
/scratch/users/yanlan/Retrieval_0705/Output/AM_PM_ET_216_260_00
0.014 4.541700819651933e-42
restart...
0.020000000000000007 2.5367108069672838e-39
0.017250000000000022 8.191437888594336e-74
restart...
0.017749999999999964 1.1550959064393496e-74
restart...
0.016499999999999983 8.663923840164105e-74
restart...
0.02575 2.2884619923972598e-65
restart...
0.02000000000000004 4.849317382118692e-72
restart...
0.016000000000000028 1.2504146701543761e-75
restart...
0.026249999999999992 2.221032938990392e-65
restart...
0.02074999999999999 1.334266728123493e-71
restart...
0.023000000000000017 6.634177761542526e-67
restart...
0.01750000000000002 4.186676300381446e-74
restart...
0.02075 1.0394343193066762e-70
restart...
0.033000000000000015 2.7490193394182455e-62
restart...
0.032000000000000015 1.6755547679086974e-61
restart...
Sampling time (10 samples): 8420.6099 seconds
/scratch/users/yanlan/Retrieval_0705/Output/AM_PM_ET_222_312_00
0.06150000000000004 7.668125710886332e-33
0.16724999999999987 1.4407568539259635e-33
0.20333333333333378 2.186656785237831e-34
0.22650000000000026 2.312251565834424e-36
0.18459999999999988 3.1820037031484715e-70
restart...
0.18419999999999973 8.631271749632833e-71
restart...
0.18660000000000024 1.556916117594192e-66
restart...
0.18510000000000026 8.076109610695217e-68
restart...
0.18530000000000027 1.946678615226802e-71
restart...
0.1852000000000008 5.4124229242373646e-71
restart...
0.18420000000000053 1.377546238789985e-72
restart...
0.18860000000000024 6.989634485005751e-65
restart...
0.1866000000000005 7.177520843705418e-67
restart...
0.1846 2.0997284430164704e-69
restart...
0.18900000000000006 2.1406356457385272e-60
restart...
Sampling time (10 samples): 9587.6522 seconds
/scratch/users/yanlan/Retrieval_0705/Output/AM_PM_ET_229_354_00
0.013999999999999983 4.459808540522379e-42
restart...
0.002499999999999998 5.318691275207264e-50
restart...
0.010999999999999987 1.5243877242186948e-44
restart...
0.008999999999999994 3.238534151016195e-46
restart...
0.01599999999999998 1.112267305823829e-40
restart...
0.003499999999999997 6.281289809996283e-50
restart...
0.008499999999999997 3.4734056913871348e-43
restart...
0.008499999999999997 6.897542972706464e-45
restart...
0.008500000000000002 5.3861568237966614e-45
restart...
0.011499999999999988 1.0735137261476632e-44
restart...
0.004499999999999989 2.1080761700961648e-49
restart...
0.00799999999999999 2.7233339817461064e-45
restart...
0.016500000000000004 4.239624471117279e-41
restart...
0.016000000000000042 7.981388382992041e-40
restart...
0.005999999999999999 2.9338908222839624e-47
restart...
Sampling time (10 samples): 8978.8418 seconds
/scratch/users/yanlan/Retrieval_0705/Output/AM_PM_ET_238_324_00
0.057000000000000044 5.122883443842372e-36
0.0945000000000003 1.0255826263252866e-43
0.14083333333333342 2.333481483996004e-43
0.1810000000000011 1.288565179298183e-40
0.19760000000000097 2.8433302591667358e-42
0.19683333333333367 7.241620222400918e-46
0.19964285714285718 1.406272597489915e-45
0.20768750000000014 3.0381340542194445e-44
0.21972222222222323 3.998104091048549e-42
0.2395500000000009 3.1290996601112023e-41
0.255545454545455 3.5216313761146824e-41
0.2641666666666672 2.0420573980060043e-41
0.274884615384616 5.355851907253934e-41
0.28246428571428667 5.407569020250301e-41
0.2883000000000019 7.563235029369138e-41
Sampling time (10 samples): 7841.4268 seconds
/scratch/users/yanlan/Retrieval_0705/Output/AM_PM_ET_252_326_00
0.028500000000000008 4.013308266923889e-38
0.13650000000000004 1.1901750203098439e-39
0.20600000000000054 1.994639864289143e-36
0.24050000000000066 8.136660476150326e-36
0.2592000000000007 3.4489968213461154e-35
0.2686666666666681 5.288304569490432e-35
0.2810000000000009 2.2393096710804943e-34
0.2944375000000011 2.2549637316670533e-34
0.301944444444445 6.595648850760935e-34
0.3047999999999989 4.154008829824024e-34
0.30790909090908963 1.3474735722726593e-33
0.3110416666666669 7.89734504557412e-34
0.3137307692307696 7.694520936596186e-33
0.31546428571428686 1.579405105631205e-32
0.3181000000000009 1.9365254235497118e-32
Sampling time (10 samples): 6696.6099 seconds
