/scratch/users/yanlan/Retrieval_0705/Output/AM_PM_ET_199_253_00
0.010499999999999992 1.051642058944042e-45
restart...
0.009500000000000008 2.7355267029170444e-44
restart...
0.012000000000000016 8.917199530179436e-43
restart...
0.026499999999999992 4.855798907639268e-39
0.05200000000000006 1.9718087922051846e-53
restart...
0.046249999999999965 3.1238550905236924e-54
restart...
0.042250000000000024 6.000783535463527e-56
restart...
0.0435000000000001 2.013873762148526e-56
restart...
0.039749999999999994 1.2221902120622408e-58
restart...
0.04749999999999988 3.1703741685041754e-54
restart...
0.034750000000000114 7.579645200521517e-60
restart...
0.03725000000000002 1.2723788222425255e-57
restart...
0.05100000000000004 3.161419198934298e-51
restart...
0.061250000000000006 4.0695754158043253e-51
restart...
0.03375000000000001 1.3559616865392405e-60
restart...
Sampling time (10 samples): 7941.4274 seconds
/scratch/users/yanlan/Retrieval_0705/Output/AM_PM_ET_205_230_00
0.01750000000000002 2.3043926034721613e-43
restart...
0.04349999999999999 1.0380297063487255e-38
0.13224999999999995 2.0144699963626882e-45
0.11283333333333327 7.263213221139513e-60
restart...
0.09125000000000001 5.236550545197157e-51
restart...
0.08500000000000005 7.360581454500772e-49
restart...
0.07000000000000008 5.159554878480389e-53
restart...
0.0990000000000001 7.732982407402881e-48
0.09766666666666653 6.1304875092334505e-59
restart...
0.09350000000000011 8.154134653648802e-49
restart...
0.09224999999999994 1.0241918657875678e-48
0.0933333333333331 3.215731547330774e-60
restart...
0.07600000000000007 8.099380593992577e-53
restart...
0.08500000000000003 7.946210663595894e-51
restart...
0.07150000000000013 1.8170659806044087e-53
restart...
Sampling time (10 samples): 8302.0047 seconds
/scratch/users/yanlan/Retrieval_0705/Output/AM_PM_ET_211_331_00
0.017499999999999964 2.0653849581051615e-41
restart...
0.010500000000000002 1.5983598990043593e-44
restart...
0.01699999999999999 6.532553745431354e-41
restart...
0.017000000000000022 1.764385482409005e-40
restart...
0.008499999999999997 8.070972190051015e-45
restart...
0.025999999999999995 4.0965855721156075e-41
0.11474999999999996 1.1752696271492784e-42
0.1630000000000002 2.2262826305565425e-40
0.20250000000000004 8.521841969034402e-37
0.22910000000000041 6.470694321886519e-35
0.2420833333333334 2.504619330281733e-34
0.25400000000000045 3.6882516689206165e-34
0.26725000000000004 2.7703174099655294e-34
0.2776666666666661 4.239191208099036e-34
0.2851000000000013 5.698200771397247e-34
Sampling time (10 samples): 8097.1364 seconds
/scratch/users/yanlan/Retrieval_0705/Output/AM_PM_ET_218_254_00
0.024500000000000008 2.0223745023275918e-38
0.04674999999999998 3.2374875103056166e-57
restart...
0.05850000000000002 9.758008169611738e-56
restart...
0.040250000000000015 8.232782050442001e-59
restart...
0.040000000000000015 4.4699323543852695e-58
restart...
0.04799999999999999 3.7817427412899143e-57
restart...
0.060749999999999964 1.2459417866452384e-54
restart...
0.042749999999999976 3.5017827124638384e-60
restart...
0.03975000000000005 2.945139931936167e-60
restart...
0.053999999999999944 4.820121536769064e-58
restart...
0.03974999999999998 2.118030176291292e-60
restart...
0.04325000000000003 1.0545037648643849e-57
restart...
0.05775 7.508297500684132e-56
restart...
0.044500000000000095 5.443175315349187e-58
restart...
0.038499999999999944 8.681613031151313e-59
restart...
Sampling time (10 samples): 9216.7092 seconds
/scratch/users/yanlan/Retrieval_0705/Output/AM_PM_ET_224_326_00
0.038000000000000006 1.5489465295665736e-35
0.13900000000000032 1.5322315493062117e-35
0.19850000000000048 8.993988706620452e-33
0.230375 1.237822306197352e-32
0.2530000000000001 5.403806354024547e-33
0.273750000000001 6.0753206346912854e-33
0.28950000000000065 2.6797132482469734e-32
0.3011250000000011 9.688196592064438e-33
0.30905555555555697 7.6057262962039e-33
0.3146000000000021 3.753467878746405e-32
0.31650000000000206 2.7488109968984885e-33
0.32170833333333587 1.3057137721413034e-32
0.31069230769230927 1.2617543816777777e-47
0.2990000000000006 3.2202817601399114e-52
restart...
0.2990357142857152 9.628794931262684e-54
restart...
Sampling time (10 samples): 9115.5240 seconds
/scratch/users/yanlan/Retrieval_0705/Output/AM_PM_ET_232_298_00
0.009999999999999992 7.604226217747282e-44
restart...
0.01699999999999999 2.27148867069638e-42
restart...
0.011499999999999998 5.596076942959825e-43
restart...
0.009000000000000006 2.4690155472201416e-47
restart...
0.026500000000000013 1.3067873872598555e-41
0.0700000000000002 1.3775383754669435e-59
restart...
0.04700000000000001 6.051917099739869e-63
restart...
0.04474999999999999 1.7700455253411685e-66
restart...
0.05449999999999991 4.481958119703616e-64
restart...
0.04675000000000002 5.3916696050906024e-64
restart...
0.03825000000000011 1.1667166729774775e-65
restart...
0.04374999999999996 1.313895088690752e-65
restart...
0.03875000000000007 7.870059559542287e-64
restart...
0.05825000000000004 5.1497293018395336e-62
restart...
0.05549999999999983 4.216193179111296e-64
restart...
Sampling time (10 samples): 8549.3564 seconds
/scratch/users/yanlan/Retrieval_0705/Output/AM_PM_ET_241_336_00
0.005999999999999995 5.194539532071491e-45
restart...
0.01649999999999999 5.002391224384834e-42
restart...
0.015499999999999996 6.61945619623405e-41
restart...
0.005999999999999998 2.5996648162916765e-48
restart...
0.004999999999999999 2.4412816707080144e-48
restart...
0.02349999999999999 4.326575753336373e-40
0.05624999999999992 2.45237987839405e-53
restart...
0.06000000000000003 2.0204091462716367e-52
restart...
0.06049999999999996 2.1829944275456286e-54
restart...
0.058250000000000024 3.267250612146777e-54
restart...
0.05924999999999999 2.999551360056469e-56
restart...
0.06075000000000005 9.265744105568209e-54
restart...
0.03824999999999999 6.868005013869679e-60
restart...
0.05999999999999993 8.89378416634407e-55
restart...
0.055 1.3939446338054992e-54
restart...
Sampling time (10 samples): 8360.0596 seconds
