/scratch/users/yanlan/Retrieval_0705/Output/AM_PM_ET_204_346_00
0.00950000000000001 1.2338539331872383e-43
restart...
0.01050000000000001 2.9193488661322777e-44
restart...
0.006500000000000009 4.376067414989996e-48
restart...
0.028000000000000032 3.41145440953133e-40
0.1205 1.0102604955935083e-42
0.18000000000000008 4.2805863343636704e-38
0.2146249999999998 1.2169181860974872e-34
0.24560000000000012 1.233022782584887e-33
0.26425000000000054 5.28670101386839e-33
0.27635714285714363 2.7199127281126237e-33
0.286062500000001 6.282279247402342e-33
0.29561111111111116 1.873430296207718e-33
0.30324999999999835 6.27369245117413e-33
0.3095909090909081 2.1548748012322337e-32
0.31066666666666515 3.3782744605183245e-33
Sampling time (10 samples): 8711.4884 seconds
/scratch/users/yanlan/Retrieval_0705/Output/AM_PM_ET_211_279_00
0.015999999999999993 8.777261519748808e-42
restart...
0.01649999999999999 6.854005906923023e-43
restart...
0.014500000000000002 1.4956035673664275e-43
restart...
0.01749999999999999 1.110660831041548e-39
restart...
0.022999999999999986 1.4000044334705095e-39
0.041750000000000016 1.1494870631691168e-57
restart...
0.041249999999999995 1.5758111482448333e-56
restart...
0.053500000000000075 7.502915877287495e-55
restart...
0.0547499999999999 7.841840824608974e-55
restart...
0.052249999999999935 1.4034126391097821e-55
restart...
0.05400000000000007 5.358031772693919e-55
restart...
0.05699999999999992 9.205022518098244e-53
restart...
0.04725000000000005 1.6854855207361453e-54
restart...
0.046749999999999986 5.005577266986097e-55
restart...
0.05700000000000002 1.2938714561477717e-53
restart...
Sampling time (10 samples): 8522.5444 seconds
/scratch/users/yanlan/Retrieval_0705/Output/AM_PM_ET_217_368_00
0.04900000000000001 3.593697265297306e-33
0.14499999999999977 1.8231665447069912e-33
0.20699999999999955 1.1329249689522715e-30
0.24049999999999955 1.9815018803371716e-29
0.26109999999999994 1.5556571854373103e-30
0.2750833333333332 3.870794771087559e-30
0.28621428571428514 2.3690309080432328e-30
0.301374999999999 2.085674551645201e-30
0.30777777777777554 1.694680214147337e-30
0.3138499999999979 1.3879209379855967e-30
0.31886363636363513 2.8777337790428337e-30
0.32166666666666494 3.592272474466635e-30
0.3269615384615384 3.672523453762166e-30
0.33149999999999985 2.497847163146528e-30
0.33446666666666575 1.6165525978700274e-30
Sampling time (10 samples): 7778.6239 seconds
/scratch/users/yanlan/Retrieval_0705/Output/AM_PM_ET_224_274_00
0.016999999999999973 8.777428428574413e-42
restart...
0.02350000000000001 1.7627361319514376e-40
0.11725000000000003 7.990522135474772e-44
0.14833333333333376 4.929885919990174e-44
0.1448750000000004 1.2397459372508997e-50
restart...
0.03724999999999997 2.7887505137230788e-58
restart...
0.04525000000000005 4.287902877781002e-55
restart...
0.03775000000000004 1.878384586281673e-58
restart...
0.04900000000000003 1.2830210113596176e-56
restart...
0.03699999999999997 9.091614874001938e-57
restart...
0.04025000000000004 6.853533771606761e-56
restart...
0.05350000000000001 1.721897944018492e-53
restart...
0.045999999999999965 4.838196921197409e-56
restart...
0.037499999999999985 3.2968859416428516e-60
restart...
0.03725000000000002 7.607245719642746e-61
restart...
Sampling time (10 samples): 7452.3121 seconds
/scratch/users/yanlan/Retrieval_0705/Output/AM_PM_ET_231_382_00
0.016999999999999973 6.015478353607447e-43
restart...
0.08300000000000002 5.552541986394385e-32
0.1832499999999998 5.311196700898998e-30
0.17750000000000005 4.3798669199531017e-44
0.1687500000000003 1.3728653929471744e-50
restart...
0.1882499999999998 5.297181034754541e-31
0.23650000000000024 1.058171816284719e-32
0.23012500000000055 2.5111776715757915e-43
0.2136000000000006 6.141796421434493e-46
0.21516666666666703 3.03389735549096e-47
0.22107142857142942 6.011840211541837e-46
0.22443750000000082 5.55642332082493e-46
0.2340000000000007 5.646442162810643e-44
0.24265000000000064 3.121598784111146e-41
0.2479545454545462 7.214785356865297e-40
Sampling time (10 samples): 7806.9070 seconds
/scratch/users/yanlan/Retrieval_0705/Output/AM_PM_ET_241_280_00
0.012499999999999997 3.944843717703835e-43
restart...
0.013499999999999995 8.001767288076098e-44
restart...
0.009499999999999996 1.431771684124114e-45
restart...
0.009500000000000008 8.645858894030902e-46
restart...
0.0065 7.023966152575528e-47
restart...
0.012499999999999982 4.618971948507996e-43
restart...
0.007500000000000002 1.4527189680019294e-46
restart...
0.00800000000000002 3.379802428314913e-45
restart...
0.015999999999999986 9.48999871126395e-44
restart...
0.013000000000000008 3.069862711598929e-44
restart...
0.01699999999999999 7.008669445202241e-41
restart...
0.009999999999999993 8.731498541035503e-46
restart...
0.0145 1.1287529234498929e-41
restart...
0.021000000000000022 7.0031205139146896e-40
0.023500000000000045 9.352670086949121e-71
restart...
Sampling time (10 samples): 7934.4730 seconds
/scratch/users/yanlan/Retrieval_0705/Output/AM_PM_ET_258_290_00
0.03299999999999998 7.934075318446958e-37
0.1594999999999996 4.039589169807202e-34
0.1323333333333335 2.241746374125523e-65
restart...
0.16050000000000011 3.880440985312017e-32
0.1338333333333336 6.59285520393457e-60
restart...
0.14649999999999994 3.935289242598204e-32
0.12649999999999956 1.1649089503933737e-56
restart...
0.12724999999999942 4.046010708090176e-41
0.08799999999999979 9.923489833097788e-79
restart...
0.10774999999999983 2.34152750895894e-45
0.0801666666666667 5.151262826824466e-77
restart...
0.15650000000000003 5.769522054648938e-32
0.14450000000000024 1.7293285974369207e-52
restart...
0.10099999999999978 1.0016218378613659e-46
0.07833333333333292 5.277726644578565e-76
restart...
Sampling time (10 samples): 7744.0780 seconds
