/scratch/users/yanlan/Retrieval_0705/Output/AM_PM_ET_201_331_00
0.010499999999999985 9.753207939491984e-46
restart...
0.003999999999999995 3.0211595620828553e-49
restart...
0.029999999999999992 2.7948585991583406e-38
0.1250000000000002 4.054149004695456e-39
0.183333333333334 1.2440319191272802e-35
0.22237500000000018 2.8816464179034456e-33
0.23420000000000027 9.357369607281428e-34
0.2412500000000001 7.855098294035707e-34
0.24985714285714303 7.06100242709238e-35
0.25468749999999984 4.015972986276978e-34
0.2614444444444459 2.0982703447570484e-34
0.2675000000000026 1.1352127175833567e-34
0.27218181818181997 1.0251633298073363e-34
0.27716666666666745 1.0860968144986868e-34
0.27826923076923016 4.333881633545284e-34
Sampling time (10 samples): 7724.3453 seconds
/scratch/users/yanlan/Retrieval_0705/Output/AM_PM_ET_207_332_00
0.010499999999999992 2.594144640949885e-45
restart...
0.03250000000000001 1.0829963908272104e-36
0.06249999999999999 1.906644024171709e-47
0.07283333333333337 2.3311218892687876e-56
restart...
0.05474999999999994 5.159414886389011e-51
restart...
0.039500000000000056 2.3305042558497717e-58
restart...
0.06199999999999996 2.8438877674743742e-49
restart...
0.053749999999999964 3.2664772296783405e-51
restart...
0.055750000000000036 1.5186774600349305e-50
restart...
0.06374999999999995 1.392925742662227e-48
0.0819999999999998 3.3624007269323136e-56
restart...
0.052000000000000025 5.356942862709559e-53
restart...
0.05749999999999992 9.307608743199643e-50
restart...
0.060499999999999964 3.3042068610924337e-50
restart...
0.06475 3.313580597875916e-49
restart...
Sampling time (10 samples): 7895.9384 seconds
/scratch/users/yanlan/Retrieval_0705/Output/AM_PM_ET_214_318_00
0.021999999999999978 3.6610568656111165e-40
0.018999999999999954 3.170987294314214e-78
restart...
0.0505 2.1162311735248885e-58
restart...
0.036999999999999963 3.903995973783032e-63
restart...
0.04074999999999998 1.0973306354937106e-62
restart...
0.05325000000000005 2.699577617342138e-54
restart...
0.02899999999999991 5.3492661808093183e-70
restart...
0.027749999999999976 2.440923053296809e-68
restart...
0.03550000000000002 2.372282732395456e-68
restart...
0.049249999999999836 4.502446769806742e-56
restart...
0.05150000000000002 4.124220168720581e-56
restart...
0.05650000000000005 6.802145624760816e-55
restart...
0.025749999999999943 4.6422330798836715e-74
restart...
0.03675000000000003 1.556766839737932e-64
restart...
0.018749999999999937 1.6569964884735859e-74
restart...
Sampling time (10 samples): 7478.3922 seconds
/scratch/users/yanlan/Retrieval_0705/Output/AM_PM_ET_220_367_00
0.06750000000000003 2.2982832557180477e-34
0.15874999999999964 1.6427572092421587e-32
0.1863333333333332 2.4927077804672145e-35
0.20687499999999948 1.0644668983314965e-35
0.22179999999999986 3.28019542523593e-36
0.23216666666666627 1.6700263068591066e-36
0.23842857142857088 5.262769916582733e-37
0.24724999999999983 6.679725855256044e-37
0.24983333333333246 8.439291640765526e-37
0.2545499999999994 9.142646080878424e-37
0.26272727272727237 1.1631977868761322e-36
0.2658333333333337 3.271228115040465e-36
0.2679230769230766 2.4138981865008582e-36
0.27196428571428577 1.1869166793882097e-36
0.275666666666665 7.193099537041247e-37
Sampling time (10 samples): 7222.1956 seconds
/scratch/users/yanlan/Retrieval_0705/Output/AM_PM_ET_227_352_00
0.023499999999999997 1.1206264579995912e-38
0.03800000000000003 2.658455096961188e-57
restart...
0.043750000000000025 2.237401575744636e-56
restart...
0.043999999999999956 2.104194679124707e-54
restart...
0.03650000000000003 3.423249418040914e-59
restart...
0.03649999999999995 1.281284119318177e-60
restart...
0.033250000000000064 3.66116088102329e-65
restart...
0.03724999999999997 8.236400242729151e-60
restart...
0.041750000000000044 3.2616872777788167e-57
restart...
0.033 4.04225559092669e-61
restart...
0.035999999999999976 1.6443835509673046e-60
restart...
0.039000000000000055 5.776435319471748e-59
restart...
0.042500000000000066 5.91808678385534e-57
restart...
0.03874999999999992 8.067875034709432e-60
restart...
0.037249999999999894 9.65197386943394e-60
restart...
Sampling time (10 samples): 7284.3096 seconds
/scratch/users/yanlan/Retrieval_0705/Output/AM_PM_ET_236_305_00
0.022499999999999992 2.6931734040186244e-40
0.08149999999999985 4.0038900268469936e-48
0.13899999999999949 4.7662202144770625e-45
0.17112499999999997 3.1042344193758205e-42
0.18910000000000005 1.4269900090431058e-41
0.2089166666666664 4.2962578958089615e-40
0.22535714285714278 9.884512460581188e-40
0.2323749999999999 3.716979916245723e-43
0.21316666666666687 1.3413206531328387e-63
restart...
0.21366666666666626 5.755767309502993e-62
restart...
0.21050000000000005 3.4259851927349412e-68
restart...
0.20927777777777753 9.696429642997482e-74
restart...
0.21094444444444446 4.383293208701412e-67
restart...
0.20861111111111086 2.1652143792710672e-72
restart...
0.21149999999999958 2.6363671827127107e-68
restart...
Sampling time (10 samples): 8009.2577 seconds
/scratch/users/yanlan/Retrieval_0705/Output/AM_PM_ET_248_292_00
0.02600000000000005 6.798418757844414e-39
0.08250000000000005 4.073922285105357e-44
0.14033333333333303 2.2662189787257193e-42
0.18225 1.1651109650214102e-37
0.21460000000000012 1.0749644509034528e-35
0.23616666666666658 3.447083118184068e-34
0.2511428571428571 1.555284515030559e-33
0.2626250000000009 2.1474690267300516e-33
0.27455555555555694 1.693214909162736e-33
0.2835500000000023 2.0042071277022918e-33
0.29113636363636725 1.0763834794281202e-33
0.29654166666667076 7.421619033632435e-34
0.2997692307692347 2.7927486642671026e-33
0.30182142857143274 7.915249380749541e-34
0.3043000000000048 1.2249645129675728e-33
Sampling time (10 samples): 7299.6338 seconds
