/scratch/users/yanlan/Retrieval_0705/Output/AM_PM_ET_203_382_00
0.01349999999999999 8.118339975981139e-43
restart...
0.01499999999999999 9.109587511092077e-42
restart...
0.009499999999999996 7.333996344948514e-46
restart...
0.0135 7.154705732280823e-43
restart...
0.015999999999999973 4.997165956346169e-42
restart...
0.014999999999999984 3.484443513662681e-42
restart...
0.024999999999999998 9.225284709050749e-39
0.0385 1.1117258359773437e-57
restart...
0.03350000000000003 2.8984849211028305e-59
restart...
0.03525000000000005 1.3012011477514902e-63
restart...
0.021499999999999984 1.4362811638730055e-70
restart...
0.026499999999999992 6.420578147951015e-66
restart...
0.03375000000000002 9.966054561731424e-63
restart...
0.031249999999999903 2.9672201047734765e-62
restart...
0.03524999999999993 4.599411569761735e-59
restart...
Sampling time (10 samples): 7857.4926 seconds
/scratch/users/yanlan/Retrieval_0705/Output/AM_PM_ET_210_289_00
0.005499999999999996 1.109391717416601e-49
restart...
0.019000000000000024 1.6820502893659138e-40
restart...
0.015999999999999986 2.259602691081267e-41
restart...
0.013500000000000003 1.7203270855811744e-41
restart...
0.012999999999999984 6.455097177298244e-43
restart...
0.009499999999999975 1.1831277439536205e-44
restart...
0.013500000000000003 1.2630625822574237e-43
restart...
0.00999999999999999 2.1603572974915143e-44
restart...
0.023499999999999986 2.7199549060945037e-40
0.13175000000000023 7.588333342356053e-41
0.16533333333333342 4.651078177087113e-41
0.19012500000000007 7.830561250497177e-40
0.20950000000000035 2.3626656655506924e-38
0.22491666666666682 7.404501800666043e-38
0.23464285714285762 3.95048588837963e-37
Sampling time (10 samples): 8022.5279 seconds
/scratch/users/yanlan/Retrieval_0705/Output/AM_PM_ET_216_411_00
0.026500000000000003 4.048595363381775e-40
0.13374999999999998 2.9692767212108313e-41
0.18816666666666662 1.2134430370778893e-38
0.2191249999999998 5.315509201164727e-38
0.23609999999999987 4.628315122944647e-37
0.2507499999999994 3.5842791216019905e-37
0.25428571428571206 4.033585212584707e-37
0.2588124999999984 1.633074897624152e-37
0.26222222222221997 9.81500473565537e-38
0.26459999999999867 1.0830255907464488e-36
0.26572727272727176 2.4892552523383124e-37
0.2669583333333318 8.512674172978442e-37
0.2691538461538431 1.6935393915601448e-37
0.2703928571428541 4.633849696708218e-37
0.27286666666666304 1.0724832460604273e-36
Sampling time (10 samples): 7814.1980 seconds
/scratch/users/yanlan/Retrieval_0705/Output/AM_PM_ET_223_290_00
0.018999999999999954 1.5330021914230155e-41
restart...
0.01750000000000002 1.5041335205600588e-40
restart...
0.03449999999999999 1.2923198412422596e-39
0.14224999999999988 9.985248594627072e-41
0.18866666666666765 2.192409433353214e-38
0.18975000000000078 1.3930894017804455e-41
0.19900000000000037 1.549951293402095e-41
0.20108333333333367 3.437448852879457e-43
0.2103571428571429 1.4724913425789005e-41
0.21481249999999985 7.135231249586382e-43
0.22155555555555576 4.9356038943406344e-42
0.2294500000000006 1.5468155070943467e-41
0.23086363636363694 1.8917229614965957e-41
0.23525000000000057 4.309002924384308e-42
0.2384999999999999 1.9388707199435617e-42
Sampling time (10 samples): 8000.7314 seconds
/scratch/users/yanlan/Retrieval_0705/Output/AM_PM_ET_230_357_00
0.031499999999999986 4.7062474050484054e-36
0.06525000000000006 7.061194507090178e-47
0.09199999999999958 1.7415692581949698e-51
restart...
0.0690000000000001 1.0790411849442349e-47
0.09049999999999978 1.0686440663030181e-52
restart...
0.06850000000000007 4.224491421430717e-47
0.0965000000000001 7.915947200522376e-50
restart...
0.061249999999999936 3.338098278481639e-49
restart...
0.04799999999999992 6.91157560464695e-53
restart...
0.07249999999999991 1.7247541508376338e-46
0.09199999999999973 4.1994311338617085e-53
restart...
0.06849999999999995 2.2593308599408882e-48
0.08900000000000019 2.69942076448896e-52
restart...
0.06674999999999995 1.2388077845369418e-47
0.09116666666666655 8.307626472126861e-54
restart...
Sampling time (10 samples): 8053.5570 seconds
/scratch/users/yanlan/Retrieval_0705/Output/AM_PM_ET_239_346_00
0.41699999999999954 5.33842140298964e-13
0.3789999999999992 3.5211961340827253e-13
0.3563333333333328 3.646560488079692e-13
0.3466249999999998 8.285783972042553e-13
0.3410999999999987 1.0063359494446872e-12
0.3372499999999988 4.86193921588669e-13
0.3327142857142847 5.364643772937687e-13
0.331999999999999 3.905855006564783e-13
0.33038888888888895 5.244224980482755e-13
0.3290500000000008 8.401623074544647e-13
0.3289545454545459 5.095471201365118e-13
0.3295416666666679 6.547194393221217e-13
0.32615384615384935 7.170187267027741e-13
0.32764285714286046 7.411254994564468e-13
0.3272000000000028 6.582845772433265e-13
Sampling time (10 samples): 7851.0083 seconds
/scratch/users/yanlan/Retrieval_0705/Output/AM_PM_ET_255_311_00
0.020499999999999984 6.165064845255545e-42
0.12675000000000014 3.637644192758948e-42
0.14483333333333442 8.589269717561547e-45
0.18462500000000084 1.856710965710473e-39
0.2167000000000013 2.034780068390966e-37
0.23925000000000093 7.389018371630983e-37
0.25328571428571506 1.3627722531710797e-36
0.2706875 1.6040216671413053e-36
0.28355555555555606 1.3907481924367104e-36
0.29369999999999963 1.8095267468759222e-36
0.3035909090909073 9.366236806803405e-37
0.3103749999999989 8.443461230735676e-37
0.3173076923076912 1.0044173746633706e-36
0.32192857142857034 1.8748048523121006e-36
0.3257999999999977 2.6151601769545646e-36
Sampling time (10 samples): 8006.1203 seconds
