/scratch/users/yanlan/Retrieval_0705/Output/AM_PM_ET_204_277_00
0.04500000000000007 1.1906592144923065e-35
0.15725000000000047 3.7655522390536332e-34
0.20583333333333345 1.8224326700086553e-31
0.24250000000000027 3.427037013644601e-30
0.2622999999999997 4.427744703309897e-30
0.2781666666666667 1.0829899051828739e-29
0.2815714285714276 1.5523812225184987e-30
0.2902499999999993 5.1670125591389385e-30
0.29488888888888787 3.449512690733367e-30
0.29979999999999846 2.552341250568145e-29
0.30199999999999944 3.0840034681935326e-29
0.30529166666666635 2.4792174137223066e-29
0.3075000000000002 4.559036951803954e-30
0.3087142857142863 1.319105718305729e-29
0.31069999999999914 1.1317991799620174e-29
Sampling time (10 samples): 6607.3750 seconds
/scratch/users/yanlan/Retrieval_0705/Output/AM_PM_ET_210_367_00
0.04849999999999998 3.3069886336170245e-37
0.07674999999999997 1.1443407135233428e-47
0.12133333333333345 2.0901924715931226e-47
0.14062500000000014 3.5292741783997273e-47
0.1658000000000002 1.1884460219841754e-46
0.18125000000000055 2.1097900290921168e-44
0.19457142857142887 6.089555253249055e-42
0.20431250000000034 3.6904074752063477e-41
0.21000000000000027 4.767148429944023e-42
0.21710000000000088 3.142125050956659e-42
0.22272727272727386 2.7815741005816658e-42
0.23079166666666803 2.7478103917769086e-42
0.23692307692307832 4.098729296357715e-42
0.24360714285714472 1.1072626714509575e-41
0.2472666666666682 1.6885357266988115e-42
Sampling time (10 samples): 6277.6959 seconds
/scratch/users/yanlan/Retrieval_0705/Output/AM_PM_ET_217_297_00
0.06149999999999996 2.8334702297395315e-34
0.14049999999999985 7.712841597389037e-36
0.1778333333333334 6.128078657095855e-34
0.19825000000000037 1.802007700888336e-34
0.21390000000000037 3.220970656845394e-34
0.2245000000000002 7.56128237565604e-35
0.22378571428571448 8.908619484894245e-35
0.22425000000000042 2.7817974130249998e-36
0.21761111111111195 1.1181583191256652e-40
0.21020000000000044 2.5404744514884936e-53
restart...
0.21545000000000028 2.535725334736592e-41
0.20227272727272752 2.467491678430499e-62
restart...
0.1999545454545457 1.2134194138979233e-63
restart...
0.21572727272727305 8.133984148196155e-43
0.20416666666666716 8.521975284024124e-64
restart...
Sampling time (10 samples): 6614.2462 seconds
/scratch/users/yanlan/Retrieval_0705/Output/AM_PM_ET_223_363_00
0.023000000000000003 3.7856110467519015e-39
0.06549999999999999 2.4000353657434205e-48
0.1258333333333333 7.15830250066176e-46
0.16012499999999982 1.6148784665118673e-41
0.18640000000000032 2.6465982749877357e-38
0.20791666666666675 3.0616585038004008e-37
0.22400000000000042 1.589069019524781e-35
0.23425000000000049 2.969387738481181e-34
0.24766666666666742 5.6100134539577476e-33
0.25195000000000145 7.943549724986893e-33
0.256545454545455 8.892294108964209e-33
0.26066666666666727 8.524339673075243e-33
0.26346153846153836 1.39850485290767e-32
0.26582142857142865 9.90514851632969e-33
0.2693666666666649 9.534549703979761e-33
Sampling time (10 samples): 6281.1552 seconds
/scratch/users/yanlan/Retrieval_0705/Output/AM_PM_ET_231_298_00
0.02799999999999999 1.885066453374522e-39
0.027000000000000003 4.529263206462456e-67
restart...
0.025000000000000015 2.5267285816299174e-70
restart...
0.023750000000000007 1.5357507356071046e-69
restart...
0.02000000000000002 7.452547918665723e-75
restart...
0.02424999999999997 1.3965078689571613e-70
restart...
0.024749999999999998 1.7656411698287435e-69
restart...
0.02099999999999999 1.251672314631327e-71
restart...
0.02749999999999999 6.195587135439687e-66
restart...
0.02424999999999999 1.0800180261321527e-70
restart...
0.020500000000000063 1.917664444479934e-72
restart...
0.024999999999999994 2.7517800683195947e-70
restart...
0.023000000000000007 1.2581174472779271e-68
restart...
0.026750000000000006 4.594455128308853e-69
restart...
0.023750000000000004 1.6564676014418282e-70
restart...
Sampling time (10 samples): 8039.9578 seconds
/scratch/users/yanlan/Retrieval_0705/Output/AM_PM_ET_240_310_00
0.015999999999999993 1.8451685228394452e-42
restart...
0.010000000000000004 3.470529139700873e-44
restart...
0.017999999999999988 3.1458464757319695e-41
restart...
0.011500000000000015 8.536267561451826e-44
restart...
0.01799999999999999 1.0273578901575079e-41
restart...
0.017000000000000015 3.614281362513894e-41
restart...
0.04050000000000002 8.385173360455257e-40
0.12924999999999995 9.081406678234541e-41
0.18366666666666703 6.172551840745776e-39
0.20500000000000032 7.436988924545681e-39
0.2189000000000006 1.1812240250547687e-39
0.2412500000000003 2.400768624550372e-40
0.25392857142857145 2.0834925788880943e-40
0.26012499999999866 5.757392003727351e-41
0.266277777777777 2.767108913434433e-40
Sampling time (10 samples): 6261.2886 seconds
/scratch/users/yanlan/Retrieval_0705/Output/AM_PM_ET_256_326_00
0.02450000000000001 2.3867519473358654e-39
0.02449999999999999 1.9424710909185283e-68
restart...
0.03175000000000001 1.700416560947221e-67
restart...
0.03 2.6860028977068252e-65
restart...
0.031000000000000038 5.296212903602185e-68
restart...
0.02875000000000005 2.4042526807359786e-69
restart...
0.02899999999999998 2.489837738032045e-69
restart...
0.030749999999999958 5.943470898342722e-67
restart...
0.03150000000000003 3.208233000585096e-65
restart...
0.02950000000000002 1.277402861152789e-66
restart...
0.02500000000000003 1.0463574191175502e-70
restart...
0.025750000000000002 1.0988303545267283e-68
restart...
0.02900000000000002 8.575934196514419e-67
restart...
0.02475000000000002 2.9023240103795897e-69
restart...
0.025999999999999947 1.6547871119288788e-69
restart...
Sampling time (10 samples): 8652.7369 seconds
