/scratch/users/yanlan/Retrieval_0705/Output/AM_PM_ET_199_351_00
0.0245 9.132441880976227e-39
0.1140000000000001 6.186625715182282e-42
0.1616666666666662 3.164214809352292e-41
0.1733750000000003 1.8724414173003157e-44
0.20279999999999976 1.4149753261830728e-42
0.23083333333333275 3.90111665751675e-40
0.2535714285714287 1.6823795772961915e-38
0.2672500000000016 3.84323446512865e-38
0.27466666666666856 3.3716058545157295e-37
0.2831500000000013 1.3566615185827632e-37
0.2893181818181819 8.54113218029682e-38
0.29791666666666483 1.392052398212499e-38
0.3052307692307675 1.3974394765965366e-38
0.30964285714285605 8.167148113075732e-38
0.3126999999999989 8.79396390357952e-38
Sampling time (10 samples): 8024.9705 seconds
/scratch/users/yanlan/Retrieval_0705/Output/AM_PM_ET_205_324_00
0.013000000000000008 1.2538555015294681e-43
restart...
0.008500000000000002 5.341264224018719e-47
restart...
0.023500000000000028 2.2230196331077812e-39
0.09125000000000026 1.3621628953984727e-44
0.15066666666666725 5.845147329397454e-42
0.1848750000000009 6.201270299368782e-39
0.20000000000000123 1.4962736533256434e-37
0.22025000000000106 3.833815411703808e-36
0.2330714285714296 5.616350253926043e-36
0.20825000000000082 6.591662575802836e-66
restart...
0.24056250000000112 2.0834741717169828e-36
0.23616666666666797 9.385565798768348e-50
restart...
0.23322222222222344 8.314167975604447e-56
restart...
0.25300000000000095 1.2214401850602398e-35
0.2606000000000005 1.334413301175191e-35
Sampling time (10 samples): 8281.1516 seconds
/scratch/users/yanlan/Retrieval_0705/Output/AM_PM_ET_212_280_00
0.013499999999999991 2.1877978356526268e-42
restart...
0.020499999999999997 4.109715595356627e-41
0.048499999999999904 1.3782275096400188e-56
restart...
0.04849999999999997 3.8666617244096826e-58
restart...
0.04924999999999998 4.647944492830354e-60
restart...
0.04125000000000006 9.694252733011669e-62
restart...
0.04449999999999995 7.7434835451301466e-59
restart...
0.03899999999999996 1.8854971956612817e-58
restart...
0.04424999999999998 1.6925072732602763e-57
restart...
0.049749999999999926 1.848748534104364e-57
restart...
0.04725000000000005 1.213209810297927e-59
restart...
0.04799999999999999 6.212028986954736e-57
restart...
0.04450000000000007 2.4241530478546135e-58
restart...
0.05449999999999999 1.6984437944479233e-56
restart...
0.044500000000000005 4.320111038852898e-61
restart...
Sampling time (10 samples): 8584.7538 seconds
/scratch/users/yanlan/Retrieval_0705/Output/AM_PM_ET_218_349_00
0.061500000000000006 2.969055896821921e-34
0.16275000000000012 3.7410757433061065e-34
0.2126666666666669 2.063446018596855e-34
0.20925000000000032 7.955245742181832e-38
0.22440000000000024 2.7034457133736135e-37
0.22250000000000023 2.1051502374228672e-40
0.23007142857142882 6.310383119797253e-42
0.23793750000000052 7.823118924751365e-42
0.2378333333333342 5.229341075507627e-43
0.2350500000000006 1.091592198644e-46
0.2408636363636369 1.675540102190544e-45
0.2427500000000009 7.135828176121717e-44
0.2446923076923084 2.3850152212130117e-42
0.24578571428571527 1.1829509348320999e-41
0.24766666666666792 5.990313861279906e-41
Sampling time (10 samples): 7871.1379 seconds
/scratch/users/yanlan/Retrieval_0705/Output/AM_PM_ET_225_279_00
0.018499999999999985 1.1660099899935087e-39
restart...
0.012999999999999992 2.0095631125211984e-42
restart...
0.028999999999999984 3.7323768638232662e-37
0.04950000000000001 1.9679740519438615e-53
restart...
0.061249999999999985 3.086246934745205e-51
restart...
0.06700000000000005 1.0731779207856846e-50
restart...
0.059000000000000094 2.4440057788756753e-50
restart...
0.05750000000000001 3.3315873268012756e-52
restart...
0.08000000000000015 2.7976641975031845e-47
0.13183333333333375 1.3313662267822766e-46
0.17150000000000035 7.06844199590068e-43
0.18710000000000057 9.363401471863214e-42
0.19025000000000042 1.41445400716713e-47
0.20171428571428565 4.270162638961014e-47
0.21337499999999954 1.5286774171098365e-46
Sampling time (10 samples): 8117.1208 seconds
/scratch/users/yanlan/Retrieval_0705/Output/AM_PM_ET_233_286_00
0.00750000000000002 4.250954356246821e-47
restart...
0.014999999999999996 1.0030533324079221e-42
restart...
0.013500000000000019 1.1518635444242757e-42
restart...
0.013500000000000007 2.7660741584726313e-44
restart...
0.01899999999999999 1.7597249618204328e-41
restart...
0.011500000000000003 4.3670424858367424e-43
restart...
0.011499999999999995 4.2548029328621326e-46
restart...
0.01 8.165102359393847e-44
restart...
0.012 1.7448550838553768e-44
restart...
0.019 7.337753989489915e-42
restart...
0.018500000000000013 3.5477864290582856e-42
restart...
0.014 3.1284261797837016e-43
restart...
0.011500000000000002 1.2912280973530537e-44
restart...
0.015499999999999995 5.182406324257927e-41
restart...
0.011499999999999998 4.4120296373882704e-43
restart...
Sampling time (10 samples): 7852.3460 seconds
/scratch/users/yanlan/Retrieval_0705/Output/AM_PM_ET_243_273_00
0.020499999999999994 1.4920994505324267e-40
0.1262499999999999 1.311445020220181e-40
0.17999999999999974 4.3524677689713667e-38
0.21424999999999994 2.1563602351468174e-38
0.2105999999999999 3.033554292410268e-46
0.19416666666666643 8.81591074809189e-59
restart...
0.2014166666666663 2.078460900076577e-54
restart...
0.1931666666666666 7.680059197222466e-57
restart...
0.1863333333333333 1.0951219129172605e-63
restart...
0.18891666666666668 8.285809964777505e-59
restart...
0.18716666666666656 1.744682866479928e-61
restart...
0.1847499999999998 2.3982176925416602e-64
restart...
0.18508333333333324 2.562505068534195e-65
restart...
0.1869999999999999 2.3791261313480644e-61
restart...
0.1861666666666665 2.1478440429233717e-62
restart...
Sampling time (10 samples): 7380.5541 seconds
