/scratch/users/yanlan/Retrieval_0705/Output/AM_PM_ET_202_288_00
0.027000000000000024 3.4899922073269366e-39
0.03250000000000002 1.1927696583191023e-63
restart...
0.027250000000000017 3.1434283923097373e-65
restart...
0.029750000000000002 3.5261638429955895e-65
restart...
0.03175000000000008 1.8101878426337222e-63
restart...
0.029000000000000015 3.1066176317098087e-63
restart...
0.029750000000000026 8.852754732671399e-63
restart...
0.027000000000000017 1.560394252116495e-64
restart...
0.02775000000000001 2.794482086468667e-65
restart...
0.027250000000000024 1.2502522723827482e-65
restart...
0.02875000000000002 2.197798364202098e-64
restart...
0.027000000000000007 1.912158372143244e-65
restart...
0.028500000000000015 1.6989631577505515e-64
restart...
0.027999999999999994 5.476536542766648e-67
restart...
0.03750000000000002 2.016817714207442e-58
restart...
Sampling time (10 samples): 7904.4958 seconds
/scratch/users/yanlan/Retrieval_0705/Output/AM_PM_ET_208_322_00
0.01950000000000002 4.070160112585418e-40
restart...
0.011500000000000014 3.1219111100683464e-42
restart...
0.026999999999999982 1.5620824093493344e-36
0.14375000000000024 2.27741816636122e-37
0.19000000000000092 4.189395998251037e-37
0.21750000000000028 6.169846458691518e-37
0.24660000000000018 5.2497233079821634e-36
0.25658333333333316 9.105548480942657e-36
0.2689285714285718 1.916688383973208e-35
0.27487499999999987 4.7869346622208367e-35
0.2785555555555554 5.880571261888694e-35
0.2836999999999999 2.752284385818471e-35
0.2894545454545469 1.2392882100671493e-35
0.2942500000000005 6.67637944820623e-36
0.29707692307692446 1.058647344266181e-34
Sampling time (10 samples): 7769.6019 seconds
/scratch/users/yanlan/Retrieval_0705/Output/AM_PM_ET_215_292_00
0.031000000000000017 2.78018684990486e-41
0.15674999999999972 4.180559336143892e-40
0.21116666666666636 3.357477021240283e-37
0.22674999999999973 1.767717207804225e-39
0.2226000000000001 1.436941197794277e-41
0.24241666666666647 2.1693259572337335e-40
0.2497857142857146 2.2532933950773138e-41
0.26249999999999846 3.6611682596667724e-41
0.2686111111111087 1.9637465443698987e-40
0.2816999999999983 3.97007245818516e-40
0.2910454545454537 1.3372048589610548e-39
0.3002499999999993 1.0129041888846398e-39
0.3049999999999978 6.371974825278541e-40
0.31057142857142817 2.821990052144491e-39
0.3115999999999998 4.483477164011361e-39
Sampling time (10 samples): 8134.4200 seconds
/scratch/users/yanlan/Retrieval_0705/Output/AM_PM_ET_221_336_00
0.02549999999999997 1.8394441127848877e-38
0.104 9.863369238336122e-40
0.14533333333333318 5.435862558052063e-38
0.16737499999999994 7.654875411243662e-41
0.18790000000000026 2.5962177594505922e-39
0.19583333333333353 2.032022908433957e-41
0.19807142857142895 6.12846562053618e-45
0.20387500000000042 1.566956831486142e-46
0.20938888888888943 5.980228380916661e-46
0.21855000000000005 2.2029194398811745e-44
0.22127272727272726 1.973543015111263e-42
0.22483333333333333 1.8969017786540215e-42
0.22796153846153816 4.492727664028533e-42
0.226535714285714 1.701272279418011e-42
0.23023333333333282 6.524283436859005e-44
Sampling time (10 samples): 7994.9695 seconds
/scratch/users/yanlan/Retrieval_0705/Output/AM_PM_ET_228_356_00
0.01849999999999999 3.574358851999354e-42
restart...
0.029 5.3690282225406126e-39
0.1384999999999997 1.1681861071284182e-38
0.1925000000000003 1.993386978637849e-35
0.2140000000000006 7.101212554082928e-34
0.23250000000000037 1.6966532728878633e-33
0.2467500000000002 5.6989124504668264e-33
0.2580000000000016 6.46460384271435e-33
0.26693750000000127 2.6514678727131806e-33
0.2719444444444451 2.0671609518888694e-33
0.2769 1.7132363265822374e-33
0.27836363636363726 2.641594055901638e-33
0.2822083333333361 1.4833699753627753e-33
0.2853461538461553 2.7768841077285858e-33
0.28835714285714387 4.339571346841686e-33
Sampling time (10 samples): 7972.8386 seconds
/scratch/users/yanlan/Retrieval_0705/Output/AM_PM_ET_237_320_00
0.056499999999999974 1.585214486382878e-37
0.14325000000000018 2.592189189690301e-38
0.16050000000000045 1.5002565111854538e-41
0.2031250000000003 2.0771375561057287e-38
0.2398000000000005 9.354772422684674e-38
0.26133333333333225 6.117509120812693e-37
0.2556428571428587 3.322145531169581e-54
restart...
0.2834285714285714 5.97677042796085e-37
0.29993749999999975 1.7178600704653156e-36
0.30194444444444424 1.6543412441631029e-43
0.2758999999999998 1.468610352474356e-67
restart...
0.27790000000000004 7.130473673962383e-67
restart...
0.2769999999999998 1.251821832627938e-66
restart...
0.27764999999999856 2.3836973281898843e-64
restart...
0.2756999999999994 8.462796913176175e-68
restart...
Sampling time (10 samples): 8741.8316 seconds
/scratch/users/yanlan/Retrieval_0705/Output/AM_PM_ET_250_313_00
0.03750000000000001 7.582507908067422e-39
0.18749999999999986 3.097205949248574e-36
0.24350000000000005 6.828516461051142e-35
0.2721250000000002 9.76273119968428e-35
0.2584000000000005 9.520222398350957e-54
restart...
0.29530000000000006 3.2236486515089144e-34
0.31274999999999836 2.5948382997104392e-34
0.3279285714285703 1.4647465358216576e-34
0.3385624999999988 1.5292921945124656e-34
0.34072222222222043 9.657342471050353e-39
0.30734999999999757 2.369137901031472e-77
restart...
0.30734999999999857 2.0833739278035575e-78
restart...
0.3072999999999981 3.3876496742303527e-78
restart...
0.3072499999999978 9.554027428826535e-79
restart...
0.3070999999999973 8.618122591687691e-79
restart...
Sampling time (10 samples): 8299.5263 seconds
