/scratch/users/yanlan/Retrieval_0705/Output/AM_PM_ET_204_310_00
0.058 6.4956906321344695e-34
0.14674999999999966 1.8173129717537388e-34
0.12300000000000058 1.9952115591944774e-57
restart...
0.15224999999999977 7.004245529398619e-34
0.2131666666666669 2.087287249037822e-33
0.1761250000000001 1.1723959720390069e-55
restart...
0.18650000000000028 4.6362734798611614e-55
restart...
0.1805 1.956848358120841e-58
restart...
0.18187500000000031 1.351646377271389e-57
restart...
0.17562500000000017 5.65372047495925e-60
restart...
0.23962500000000003 2.486986356140693e-34
0.21840000000000018 1.0057741363253524e-53
restart...
0.20139999999999997 8.85619271895931e-62
restart...
0.22430000000000028 5.2191468130610115e-53
restart...
0.2001000000000004 1.3861978599325208e-61
restart...
Sampling time (10 samples): 7927.6481 seconds
/scratch/users/yanlan/Retrieval_0705/Output/AM_PM_ET_211_241_00
0.02249999999999999 1.848417560443092e-39
0.12099999999999995 1.1320434593799394e-42
0.14100000000000024 6.058765040799423e-44
0.16925000000000062 2.8569415226777885e-43
0.17740000000000047 1.7113296128135138e-47
0.1894999999999998 1.496726163658468e-47
0.20571428571428552 3.831974380931821e-46
0.18812499999999982 1.1509664747835658e-67
restart...
0.18881249999999955 3.451053166736172e-65
restart...
0.18618750000000012 5.084639790519094e-67
restart...
0.1878749999999996 8.191062212119382e-66
restart...
0.18443749999999984 3.372941602180831e-69
restart...
0.1873124999999996 2.2781425640447812e-63
restart...
0.18887499999999977 3.817047373110014e-64
restart...
0.19024999999999978 1.752480911673365e-62
restart...
Sampling time (10 samples): 10612.2682 seconds
/scratch/users/yanlan/Retrieval_0705/Output/AM_PM_ET_217_326_00
0.027500000000000004 6.35207421179128e-37
0.12350000000000019 4.182430470743252e-39
0.16200000000000028 4.042896886981472e-37
0.17800000000000027 1.5138621651838806e-36
0.1825999999999998 1.8288165337112243e-36
0.194583333333333 5.880355221656863e-37
0.20207142857142782 5.2357907686795e-37
0.20437499999999917 3.757585202541241e-36
0.21122222222222195 3.049168103288637e-36
0.21489999999999954 1.9360919587527238e-36
0.2182727272727267 5.356248609209499e-37
0.21933333333333258 8.054385578275265e-37
0.22265384615384548 4.548810070290906e-36
0.22410714285714262 2.55268974580684e-37
0.22623333333333298 1.3742176020569128e-36
Sampling time (10 samples): 7651.3786 seconds
/scratch/users/yanlan/Retrieval_0705/Output/AM_PM_ET_223_396_00
0.0064999999999999945 2.013365995007596e-48
restart...
0.013999999999999988 4.725449650634151e-43
restart...
0.022000000000000037 4.562273759184487e-39
0.05474999999999996 7.617984983072023e-53
restart...
0.06375000000000003 6.5445894346889255e-49
restart...
0.0627500000000001 2.3926241093516053e-49
restart...
0.05725000000000003 1.2144575003436148e-50
restart...
0.06075000000000007 2.765688534169381e-50
restart...
0.056 3.162895501156009e-51
restart...
0.062 4.592692834066089e-51
restart...
0.05800000000000007 1.985041153416433e-49
restart...
0.05574999999999997 2.665332160603878e-50
restart...
0.05599999999999997 1.9202194434533856e-52
restart...
0.05174999999999998 1.5840209438310583e-52
restart...
0.05775000000000007 1.2293536403926348e-51
restart...
Sampling time (10 samples): 8098.2262 seconds
/scratch/users/yanlan/Retrieval_0705/Output/AM_PM_ET_231_327_00
0.04750000000000002 1.2073898813360645e-36
0.14499999999999955 6.813688260307468e-37
0.18166666666666628 2.9388078848298695e-36
0.20737499999999937 2.9691708385496252e-36
0.21519999999999911 1.7923431069398374e-37
0.224916666666666 1.4763084896775719e-38
0.23971428571428466 7.042119733189547e-38
0.24774999999999905 1.571541292198382e-37
0.2541666666666661 7.588235545103649e-38
0.2564500000000005 1.0041290643770302e-38
0.2582727272727281 5.611507039032927e-38
0.26287500000000213 9.155364695411883e-38
0.26576923076923364 1.3608776321155604e-37
0.2687500000000035 4.522475291243894e-38
0.26873333333333566 6.128891728875561e-38
Sampling time (10 samples): 8158.5460 seconds
/scratch/users/yanlan/Retrieval_0705/Output/AM_PM_ET_240_339_00
0.4029999999999997 1.7956960399800426e-12
0.37200000000000055 2.480565369015106e-12
0.35750000000000043 3.3010360046226687e-13
0.3517500000000004 4.1887232772433373e-13
0.341200000000001 5.26913290602324e-13
0.3364166666666679 1.0679444408882858e-12
0.33535714285714446 5.635175118250656e-13
0.33218750000000075 1.5379355057026048e-12
0.3297222222222229 1.088048250781631e-12
0.32915000000000155 3.5457308938363014e-13
0.32763636363636506 5.497133501590877e-13
0.3254166666666667 9.872804811425549e-13
0.3271153846153836 3.257705024255889e-13
0.32628571428571385 3.0241312447597114e-13
0.3264999999999982 7.959481727519108e-13
Sampling time (10 samples): 8274.9472 seconds
/scratch/users/yanlan/Retrieval_0705/Output/AM_PM_ET_257_306_00
0.014500000000000023 1.0938534792767711e-41
restart...
0.022999999999999993 1.2231251180562518e-39
0.10700000000000008 2.059103098367302e-41
0.12450000000000032 1.3390848307712062e-46
0.13412500000000066 2.607103657751719e-48
0.15120000000000097 9.066999965166833e-50
restart...
0.09000000000000002 2.439866297820637e-44
0.10216666666666664 6.953692758123273e-51
restart...
0.04574999999999998 7.493825567242033e-53
restart...
0.058999999999999914 9.433084641952962e-51
restart...
0.09325000000000017 2.8469207846847387e-44
0.09216666666666681 8.017339219486373e-56
restart...
0.07600000000000001 9.837900906005533e-46
0.12366666666666654 4.900075888526131e-45
0.12649999999999983 7.373379543296139e-51
restart...
Sampling time (10 samples): 8198.0296 seconds
