/scratch/users/yanlan/Retrieval_0705/Output/AM_PM_ET_203_309_00
0.010499999999999987 1.2982756448732375e-44
restart...
0.023499999999999993 3.0763253986788004e-40
0.021750000000000044 3.826040239638783e-73
restart...
0.05974999999999994 2.4431487353704108e-51
restart...
0.03700000000000002 3.4860764280825636e-62
restart...
0.04650000000000001 3.4879931971260294e-58
restart...
0.03225000000000001 2.6082358982138143e-64
restart...
0.04225000000000001 1.055547374690882e-58
restart...
0.05824999999999992 5.808494304562056e-54
restart...
0.03124999999999999 3.5371217044961074e-67
restart...
0.041750000000000065 1.341234802593043e-59
restart...
0.036999999999999915 2.053740708231268e-60
restart...
0.02275000000000001 2.1998190837094964e-73
restart...
0.02575000000000001 7.469358040559224e-70
restart...
0.02974999999999999 2.65424328950782e-67
restart...
Sampling time (10 samples): 7906.6106 seconds
/scratch/users/yanlan/Retrieval_0705/Output/AM_PM_ET_209_373_00
0.029499999999999995 1.6500740814790813e-39
0.12249999999999986 3.5090962840606025e-40
0.17666666666666667 1.209316652949549e-36
0.20624999999999968 9.953383248669803e-36
0.18610000000000038 6.902418145162949e-56
restart...
0.21869999999999937 8.685521476606083e-36
0.2325833333333328 1.8254018041863016e-35
0.24621428571428566 6.404513540827172e-35
0.25518749999999935 1.0378250850288678e-35
0.25944444444444426 6.933968217458982e-36
0.264650000000001 3.168982445174461e-35
0.26922727272727337 5.432798782788549e-36
0.2724166666666706 2.584464179491436e-36
0.27284615384615674 4.27431026149417e-36
0.2741428571428604 4.612603803457396e-36
Sampling time (10 samples): 7824.2075 seconds
/scratch/users/yanlan/Retrieval_0705/Output/AM_PM_ET_216_317_00
0.02149999999999996 4.9385126018563e-40
0.073 6.962470229200325e-51
restart...
0.07125000000000013 6.507897350200852e-51
restart...
0.06724999999999987 7.043179122887054e-51
restart...
0.08125000000000002 1.2306873446325667e-48
0.11900000000000018 7.438085309860635e-50
restart...
0.078 5.109823587794574e-49
restart...
0.07450000000000004 2.0479313326135452e-50
restart...
0.056999999999999953 4.175739779912616e-52
restart...
0.0754999999999999 2.09231769427061e-49
restart...
0.07449999999999998 2.110585827938637e-51
restart...
0.07425000000000001 1.7149435678435987e-48
0.11600000000000024 1.772217854516088e-49
restart...
0.07875000000000006 1.6654428526644692e-48
0.10933333333333303 2.9854956705080936e-51
restart...
Sampling time (10 samples): 7770.8971 seconds
/scratch/users/yanlan/Retrieval_0705/Output/AM_PM_ET_222_377_00
0.05200000000000001 9.137333994308171e-35
0.14924999999999972 3.8500436926184726e-35
0.19416666666666627 1.3294583505817217e-31
0.23737500000000034 5.525863957896902e-31
0.26550000000000046 4.904857521898244e-30
0.2871666666666673 3.2330474650305206e-30
0.3012857142857157 8.503859439836109e-31
0.3088750000000012 1.1196648744861477e-30
0.31727777777777827 9.43936726749272e-31
0.3215500000000011 2.4920332434956553e-30
0.3273181818181814 1.3489673013646257e-30
0.33287499999999975 3.770173509127129e-31
0.33553846153846023 5.6084721038222444e-30
0.33857142857142736 4.452304698462048e-30
0.34116666666666545 2.1824077617405474e-30
Sampling time (10 samples): 8109.0747 seconds
/scratch/users/yanlan/Retrieval_0705/Output/AM_PM_ET_230_281_00
0.012500000000000004 5.259083999116777e-43
restart...
0.018 9.099584373796361e-44
restart...
0.018499999999999982 1.4710917697563992e-40
restart...
0.01550000000000002 8.813612693424457e-42
restart...
0.020499999999999997 1.1933694301542286e-43
0.07049999999999983 3.0754006497555986e-53
restart...
0.06874999999999992 3.666079727439951e-52
restart...
0.06225 3.2222001212016576e-55
restart...
0.03799999999999996 3.4737795043413875e-67
restart...
0.038249999999999985 4.003828484477859e-67
restart...
0.039500000000000035 6.447668013471534e-69
restart...
0.05424999999999998 9.58030592543305e-57
restart...
0.05850000000000005 4.947771359345107e-59
restart...
0.05375000000000002 3.861706876458421e-60
restart...
0.03774999999999999 6.924226054310376e-68
restart...
Sampling time (10 samples): 8076.5643 seconds
/scratch/users/yanlan/Retrieval_0705/Output/AM_PM_ET_239_271_00
0.02550000000000001 1.289187000875952e-38
0.05475000000000003 3.251136939263094e-54
restart...
0.04924999999999999 5.377721997372541e-53
restart...
0.029250000000000005 2.524280874383629e-65
restart...
0.032499999999999946 3.2531636908395596e-60
restart...
0.03499999999999996 4.767662285267397e-62
restart...
0.030249999999999996 9.007941412259677e-63
restart...
0.038000000000000034 7.870922579988787e-59
restart...
0.03649999999999998 1.5712690023376335e-57
restart...
0.042250000000000024 1.2459099719040735e-54
restart...
0.04075000000000005 1.5157046541457413e-56
restart...
0.03699999999999995 8.221425250016905e-58
restart...
0.043500000000000046 5.65322147474007e-56
restart...
0.043499999999999955 1.2342331658069107e-56
restart...
0.036999999999999894 2.5525349677677195e-57
restart...
Sampling time (10 samples): 7542.5956 seconds
/scratch/users/yanlan/Retrieval_0705/Output/AM_PM_ET_253_396_00
0.37600000000000033 2.103029748083377e-12
0.34950000000000075 8.798519718530249e-13
0.33433333333333326 7.9365048644246e-13
0.33537499999999903 8.974031421770794e-13
0.3303999999999991 6.573458776289582e-13
0.3301666666666662 5.420227314967442e-13
0.3309999999999991 3.5290831024516194e-13
0.32749999999999974 3.536092190651968e-13
0.32544444444444437 4.876038439389381e-13
0.32655000000000184 3.500769546600462e-13
0.32709090909091104 2.890245416013642e-13
0.32612500000000294 8.488684177969376e-13
0.3265769230769248 7.427346337899624e-13
0.3250000000000027 6.406814364637005e-13
0.3242666666666685 7.356725591594544e-13
Sampling time (10 samples): 7682.1820 seconds
