/scratch/users/yanlan/Retrieval_0705/Output/AM_PM_ET_203_337_00
0.019000000000000013 3.7504035326233444e-40
restart...
0.02649999999999999 3.1282541572677733e-38
0.05924999999999993 2.280164081938199e-52
restart...
0.04549999999999996 5.572133601841231e-55
restart...
0.05149999999999999 1.427908810413367e-52
restart...
0.05074999999999999 6.730245268084086e-53
restart...
0.051999999999999914 5.509247886521187e-52
restart...
0.06024999999999998 2.604523082674644e-50
restart...
0.05749999999999999 4.855401406246184e-53
restart...
0.06350000000000004 7.73636518052122e-52
restart...
0.05450000000000001 7.14285710313921e-52
restart...
0.05249999999999998 1.3329576155741606e-52
restart...
0.05399999999999995 6.4823788054886294e-52
restart...
0.06575000000000003 6.094182689638599e-50
restart...
0.04900000000000012 3.79927429937792e-55
restart...
Sampling time (10 samples): 8167.9386 seconds
/scratch/users/yanlan/Retrieval_0705/Output/AM_PM_ET_210_243_00
0.02700000000000001 1.8366201457064217e-38
0.10750000000000012 3.664128160138019e-43
0.15816666666666704 1.2041665892907505e-41
0.18150000000000094 4.072940995859325e-40
0.19520000000000035 5.0405319388812835e-40
0.2059166666666672 9.80999648734997e-39
0.19971428571428596 4.1550738866461164e-47
0.18581249999999977 1.5240054488163462e-57
restart...
0.21107142857142913 3.6401561652840656e-39
0.22206250000000052 5.0165069484089517e-39
0.21116666666666695 4.962710868501191e-51
restart...
0.21627777777777898 6.664633985280809e-45
0.20125000000000115 3.237415191632096e-59
restart...
0.2010000000000017 5.1782083821917334e-61
restart...
0.20190000000000127 2.49402972966026e-59
restart...
Sampling time (10 samples): 7738.9200 seconds
/scratch/users/yanlan/Retrieval_0705/Output/AM_PM_ET_216_354_00
0.019000000000000027 5.104376570388307e-40
restart...
0.0785 2.5486956219887905e-31
0.14625000000000007 9.844994447445943e-33
0.15750000000000025 3.3509469509925567e-37
0.17150000000000015 5.353960061393546e-38
0.1794000000000005 6.985149971866548e-40
0.18358333333333318 2.498413340086768e-42
0.19114285714285711 5.93994674289508e-42
0.19806249999999975 2.1779214207913328e-41
0.2059444444444441 2.277472770107973e-40
0.21179999999999924 7.037100888397754e-41
0.2166818181818174 9.960683365119389e-40
0.2212083333333327 2.2176864950081598e-38
0.2223461538461535 1.103214443112654e-40
0.225678571428571 9.102233621119279e-41
Sampling time (10 samples): 7997.7986 seconds
/scratch/users/yanlan/Retrieval_0705/Output/AM_PM_ET_222_408_00
0.39600000000000046 1.4619129569389464e-12
0.3557500000000008 1.1280711001677005e-12
0.34149999999999986 1.4573784464752519e-12
0.33799999999999986 1.1421062224336882e-12
0.33819999999999995 3.4436505797577916e-13
0.33658333333333273 3.3946678502296563e-13
0.33557142857142847 1.2476659501505151e-12
0.3333124999999989 4.3281755766695996e-13
0.33033333333333154 3.795691863904058e-13
0.32945 5.355247559848254e-13
0.33204545454545337 1.7596173079870975e-12
0.3324583333333325 1.5971485905640477e-12
0.33119230769230623 9.928617967236496e-13
0.3317857142857135 3.8664828472787855e-13
0.33076666666666626 4.854616246282049e-13
Sampling time (10 samples): 7973.2200 seconds
/scratch/users/yanlan/Retrieval_0705/Output/AM_PM_ET_230_309_00
0.03899999999999998 1.3540187040144535e-39
0.16250000000000003 3.1938945843612556e-37
0.21616666666666678 6.153153450488137e-34
0.24800000000000025 3.10054873899318e-33
0.2753000000000012 6.0309837505528944e-33
0.28816666666666835 9.239346892208337e-33
0.29964285714285904 2.7484013008176422e-33
0.2994375000000009 2.022936831365546e-36
0.29461111111111243 5.160896621643311e-36
0.28425000000000067 1.4386385166769222e-39
0.2749090909090925 2.237012912531647e-45
0.27587500000000204 1.1385280980456859e-41
0.28130769230769576 7.498870627773639e-39
0.2867857142857173 4.0836648355115877e-38
0.29250000000000215 1.0921043534941356e-37
Sampling time (10 samples): 7944.3247 seconds
/scratch/users/yanlan/Retrieval_0705/Output/AM_PM_ET_239_301_00
0.021000000000000008 5.9982826358833825e-40
0.03750000000000014 3.5900383403861787e-57
restart...
0.025000000000000043 2.0692780320028943e-70
restart...
0.03825000000000004 1.9147631004484775e-60
restart...
0.03025 2.2903538597232593e-63
restart...
0.027999999999999983 3.823374527291967e-67
restart...
0.04024999999999996 3.945020377403524e-64
restart...
0.02150000000000002 1.108279795205841e-69
restart...
0.017999999999999995 2.446960314442231e-74
restart...
0.03575000000000001 9.151958312457574e-65
restart...
0.021000000000000008 1.2502128110165232e-71
restart...
0.024 4.776446836223052e-69
restart...
0.02025000000000005 2.2827297651325365e-71
restart...
0.035749999999999976 4.89577582979561e-63
restart...
0.017750000000000012 1.0503545678735566e-74
restart...
Sampling time (10 samples): 8206.8182 seconds
/scratch/users/yanlan/Retrieval_0705/Output/AM_PM_ET_254_313_00
0.01849999999999997 2.5908290165705197e-40
restart...
0.03300000000000001 1.328816103738364e-37
0.1489999999999997 1.887670856780454e-37
0.2021666666666661 3.545795624608963e-35
0.2247499999999995 7.131798386977849e-34
0.21820000000000014 2.426768050733923e-40
0.2277499999999998 3.620329322651907e-38
0.2392142857142859 5.896820335172692e-36
0.24650000000000005 1.359140845740297e-35
0.25255555555555437 1.1162359478821704e-35
0.2581499999999971 1.365060308569632e-35
0.2641363636363599 1.2813483486855856e-35
0.26858333333332907 1.7844475609257517e-35
0.2712307692307643 6.437507544169186e-36
0.2743214285714244 2.0694619023599076e-35
Sampling time (10 samples): 7373.6736 seconds
