/scratch/users/yanlan/Retrieval_0705/Output/AM_PM_ET_203_316_00
0.004499999999999993 2.3013689520396286e-49
restart...
0.01599999999999998 1.52838819453855e-42
restart...
0.0145 7.007718819385196e-43
restart...
0.01850000000000002 1.5461678182504724e-39
restart...
0.0165 8.620064785019658e-42
restart...
0.011999999999999993 4.066898745233076e-43
restart...
0.016999999999999998 2.9947825882939047e-41
restart...
0.008999999999999992 7.953842196694939e-45
restart...
0.017500000000000033 2.2175072111646418e-39
restart...
0.013999999999999988 4.323990262462133e-43
restart...
0.02050000000000002 2.882843269005535e-40
0.053750000000000006 2.397957451887695e-53
restart...
0.0440000000000001 9.752986814497015e-60
restart...
0.03925000000000005 7.678781414578012e-61
restart...
0.06425000000000004 5.0178732358414975e-51
restart...
Sampling time (10 samples): 9044.4579 seconds
/scratch/users/yanlan/Retrieval_0705/Output/AM_PM_ET_209_380_00
0.06349999999999999 1.1557383395741604e-33
0.14024999999999954 1.3425273775589378e-36
0.12366666666666574 6.636166319918218e-57
restart...
0.13550000000000006 1.3692204146014838e-37
0.11383333333333343 2.8109250222606547e-59
restart...
0.09300000000000005 4.376123717448724e-47
0.10283333333333321 5.978754450714454e-59
restart...
0.14449999999999996 1.1675453022865236e-35
0.1773333333333331 6.534414402160974e-36
0.15124999999999975 2.415612740700111e-57
restart...
0.15074999999999952 1.0817686237666397e-35
0.15000000000000038 1.9059888739149263e-53
restart...
0.14624999999999952 5.943589749098045e-37
0.11249999999999964 7.558923131566803e-62
restart...
0.12299999999999994 3.5104879400831623e-41
Sampling time (10 samples): 9167.4161 seconds
/scratch/users/yanlan/Retrieval_0705/Output/AM_PM_ET_216_324_00
0.056499999999999925 5.429664595764546e-34
0.15324999999999966 4.623950346242837e-34
0.18983333333333352 5.957140721351818e-33
0.1948750000000004 1.269462777072403e-34
0.20379999999999965 3.4205063773616896e-35
0.20749999999999966 1.1419265547444295e-35
0.2034999999999997 6.601941201847184e-41
0.21187499999999965 9.774498219206897e-38
0.2143333333333332 2.8186613880640752e-39
0.21319999999999995 6.118707196756235e-41
0.21827272727272715 2.534525507822172e-41
0.22158333333333352 1.0616017874314272e-42
0.22400000000000003 2.7410535034095924e-45
0.22485714285714292 3.0941513758643306e-47
0.2259333333333335 7.580931805521905e-50
restart...
Sampling time (10 samples): 8802.0847 seconds
/scratch/users/yanlan/Retrieval_0705/Output/AM_PM_ET_222_385_00
0.08649999999999997 4.276369371057658e-32
0.19425000000000034 3.873585840550904e-30
0.2426666666666668 3.1547081640717648e-30
0.19387500000000027 3.276025617519585e-55
restart...
0.194 8.338606505126824e-54
restart...
0.19112499999999988 4.941223990898948e-56
restart...
0.19525000000000026 3.276116056442966e-53
restart...
0.19412500000000002 9.082984753836954e-54
restart...
0.195875 2.275411625013637e-54
restart...
0.19275000000000012 5.731616685515267e-55
restart...
0.1952500000000001 8.125312695147132e-55
restart...
0.18850000000000014 1.4955204537333302e-60
restart...
0.19324999999999998 1.253068995059183e-55
restart...
0.19612500000000005 4.713607135098996e-53
restart...
0.19375000000000017 1.0226202014122702e-52
restart...
Sampling time (10 samples): 8540.5378 seconds
/scratch/users/yanlan/Retrieval_0705/Output/AM_PM_ET_230_288_00
0.02600000000000002 3.9050407215847426e-39
0.1327500000000001 1.616357132725091e-38
0.16816666666666683 1.7997848338688507e-36
0.18137500000000056 8.743234419454443e-36
0.20170000000000068 2.805990967549819e-35
0.2160000000000001 1.9635671098972698e-34
0.23135714285714262 1.190988929598345e-34
0.24368749999999995 5.654568697287977e-35
0.25261111111110984 1.416031879568742e-34
0.2580499999999992 3.5851640776134737e-34
0.266363636363635 3.508765679845607e-35
0.26883333333333354 6.079878042619696e-35
0.27284615384615163 7.421487120714334e-35
0.2763928571428565 2.4770041982398113e-35
0.28170000000000034 5.246092336774787e-35
Sampling time (10 samples): 9113.4223 seconds
/scratch/users/yanlan/Retrieval_0705/Output/AM_PM_ET_239_278_00
0.044499999999999984 1.9599544071022307e-40
0.09750000000000011 8.3669049249814e-46
0.1335 8.6808352889689545e-47
0.176875 5.944160485084369e-44
0.2033000000000001 3.0069876317967205e-42
0.22316666666666674 3.4998997274940455e-42
0.2390000000000001 3.5479504486234165e-41
0.2579999999999992 4.86853830178369e-41
0.2707777777777764 5.433869045384382e-41
0.28060000000000007 8.927758470591565e-41
0.2859545454545449 9.263324700532274e-42
0.29024999999999934 1.5402710060863846e-41
0.2951538461538453 1.329889677453321e-41
0.29860714285714396 7.96671575816092e-42
0.30179999999999935 1.907490491291541e-41
Sampling time (10 samples): 8704.5767 seconds
/scratch/users/yanlan/Retrieval_0705/Output/AM_PM_ET_254_273_00
0.41199999999999964 3.040895656357616e-12
0.3620000000000003 7.612577554756333e-13
0.349666666666667 6.311075386200872e-13
0.34787500000000016 6.565187740132283e-13
0.34090000000000087 8.233434133772264e-13
0.33591666666666836 5.499717141570899e-13
0.3326428571428579 1.014586643117667e-12
0.32837500000000064 6.872715973901808e-13
0.32766666666666644 9.176719148265605e-13
0.3290000000000011 1.1411982884160093e-12
0.32913636363636456 5.128597368449992e-13
0.3283333333333338 5.795147685446176e-13
0.3293076923076932 1.2299733764969257e-12
0.3281428571428587 8.849317302387652e-13
0.3267333333333352 8.073937505598176e-13
Sampling time (10 samples): 8524.2838 seconds
