/scratch/users/yanlan/Retrieval_0705/Output/AM_PM_ET_202_314_00
0.011500000000000003 5.241175530536889e-43
restart...
0.0095 6.907290186930469e-46
restart...
0.013000000000000001 2.0596745087112163e-43
restart...
0.009000000000000001 3.817040079743067e-46
restart...
0.021999999999999995 1.926524747905551e-40
0.10274999999999998 3.5714066583213867e-45
0.14533333333333304 9.333334843153308e-45
0.18499999999999986 2.469368995873468e-42
0.17899999999999958 6.587182995478608e-51
restart...
0.11149999999999992 7.456245544507517e-45
0.14049999999999993 2.0494790869658083e-48
0.1541249999999999 1.2105788517097335e-48
0.16199999999999992 1.645361475633794e-49
restart...
0.10324999999999987 9.283613980306987e-44
0.13300000000000017 1.5038263045550836e-48
Sampling time (10 samples): 7829.7161 seconds
/scratch/users/yanlan/Retrieval_0705/Output/AM_PM_ET_208_342_00
0.01900000000000001 1.3035660546810073e-40
restart...
0.02100000000000004 4.609973550532134e-41
0.024250000000000032 3.404210965854187e-68
restart...
0.02875 2.9141189974152135e-67
restart...
0.03350000000000001 1.1741988244398755e-61
restart...
0.020500000000000032 8.241214039235724e-74
restart...
0.02200000000000005 1.079953530098533e-69
restart...
0.01799999999999997 1.8516126007663705e-76
restart...
0.02475 9.374247423195077e-68
restart...
0.019750000000000018 3.265715194932201e-73
restart...
0.028250000000000004 1.6531996141780295e-64
restart...
0.03350000000000003 4.6823297433095185e-62
restart...
0.031000000000000014 2.463524294259784e-63
restart...
0.018500000000000048 1.2012544722071726e-76
restart...
0.017750000000000057 1.0337731028173958e-76
restart...
Sampling time (10 samples): 8132.4433 seconds
/scratch/users/yanlan/Retrieval_0705/Output/AM_PM_ET_215_312_00
0.02549999999999998 3.1757143340128717e-37
0.10425000000000001 3.719076831699932e-42
0.14283333333333342 3.4133175214441343e-41
0.16325000000000026 8.696558572730303e-43
0.1656000000000007 3.379598913517162e-45
0.17583333333333356 1.7351142196084858e-43
0.18978571428571525 2.5811506487863143e-41
0.20256250000000034 6.145325449934958e-40
0.20383333333333398 1.1337240469277909e-42
0.20410000000000056 4.9458517085359194e-45
0.21127272727272764 1.4637491800815634e-43
0.2182500000000002 7.232244884183132e-43
0.22457692307692312 4.221800925699872e-43
0.23089285714285743 1.800858785102739e-42
0.2364333333333339 5.2444085312752434e-42
Sampling time (10 samples): 7909.7507 seconds
/scratch/users/yanlan/Retrieval_0705/Output/AM_PM_ET_221_363_00
0.027500000000000004 4.18243873292679e-37
0.0719999999999998 7.02800250917186e-45
0.10466666666666669 4.187886010801482e-47
0.12100000000000001 5.2805128553818975e-48
0.12960000000000008 1.2212709119134737e-50
restart...
0.05849999999999997 5.163630036470524e-47
0.07833333333333328 5.576336113091059e-56
restart...
0.0702499999999998 3.228222841636832e-45
0.10583333333333306 5.482905383304558e-47
0.12412499999999975 9.184582775763959e-47
0.1326000000000005 5.213436521105897e-48
0.14675000000000005 6.859547512169827e-48
0.15892857142857167 2.039589141833385e-46
0.16431250000000008 2.53130366027914e-45
0.17033333333333361 1.2817816582470142e-46
Sampling time (10 samples): 7996.4787 seconds
/scratch/users/yanlan/Retrieval_0705/Output/AM_PM_ET_228_387_00
0.04299999999999997 3.547852526009023e-34
0.18025000000000016 1.2806876548266185e-32
0.23450000000000037 1.6361014081386243e-30
0.24075000000000019 1.445057263914375e-31
0.2627000000000006 1.5818196170825984e-30
0.276916666666665 1.0200039996689974e-29
0.29014285714285504 7.322569156799756e-30
0.30337499999999795 1.931201133721998e-29
0.31116666666666404 5.275415189833754e-30
0.31799999999999873 2.838328930803976e-29
0.32104545454545297 4.7010766479295904e-30
0.3250416666666648 5.345472686449256e-30
0.32953846153846106 1.4416421441873093e-29
0.33178571428571435 3.885315678453772e-30
0.33366666666666467 2.0871651315972457e-30
Sampling time (10 samples): 7603.1423 seconds
/scratch/users/yanlan/Retrieval_0705/Output/AM_PM_ET_237_340_00
0.035500000000000066 6.594956403705024e-37
0.06250000000000001 5.665893025103198e-50
restart...
0.06274999999999994 3.3491095961918108e-49
restart...
0.05825000000000001 7.1904719284257e-53
restart...
0.07000000000000016 5.58396955470222e-47
0.08766666666666695 9.249260676001426e-55
restart...
0.0620000000000001 4.61885192352928e-52
restart...
0.07050000000000005 3.200096260452101e-46
0.08249999999999998 8.537007986618033e-56
restart...
0.057500000000000016 4.522246983359808e-50
restart...
0.05475000000000007 1.2705150843519932e-50
restart...
0.05775000000000004 3.124912894105388e-51
restart...
0.06500000000000003 3.9552826326924644e-48
0.07683333333333331 3.182218978513672e-54
restart...
0.06624999999999995 7.970220549071607e-49
restart...
Sampling time (10 samples): 7047.5993 seconds
/scratch/users/yanlan/Retrieval_0705/Output/AM_PM_ET_250_393_00
0.015499999999999996 2.522423112152526e-41
restart...
0.012000000000000014 4.541107655502912e-44
restart...
0.014500000000000013 3.0939609072173754e-42
restart...
0.010499999999999997 1.6315555087743165e-45
restart...
0.013499999999999986 1.3938441240102332e-43
restart...
0.01249999999999999 2.837883868604424e-44
restart...
0.025000000000000015 2.7557130043366954e-39
0.05000000000000005 3.185621810076101e-58
restart...
0.04625000000000002 1.3011978918560339e-58
restart...
0.04400000000000006 9.124255240465153e-59
restart...
0.06099999999999998 1.1103452509739936e-51
restart...
0.04950000000000001 5.5840575376440075e-55
restart...
0.04025000000000001 9.752882744899848e-60
restart...
0.040249999999999966 2.2625272092875543e-59
restart...
0.018750000000000017 3.6507464926033386e-76
restart...
Sampling time (10 samples): 7322.1784 seconds
