/scratch/users/yanlan/Retrieval_0705/Output/AM_PM_ET_199_394_00
0.027499999999999993 7.860094136638732e-38
0.031749999999999966 6.007998279619836e-63
restart...
0.033000000000000015 1.9030680240255986e-61
restart...
0.028999999999999998 2.332447287858447e-63
restart...
0.026750000000000013 3.2767099140151557e-66
restart...
0.024500000000000004 5.091422701395515e-68
restart...
0.028499999999999966 1.2696941185777663e-62
restart...
0.03624999999999998 1.6366761034837056e-57
restart...
0.03975 2.850469041430982e-58
restart...
0.035499999999999955 4.958482362526178e-59
restart...
0.03400000000000002 1.6580001647431847e-62
restart...
0.0325 2.957551647893926e-62
restart...
0.03274999999999999 2.1092109613560651e-60
restart...
0.03600000000000004 2.934176182747546e-60
restart...
0.029999999999999995 1.9677801310117894e-63
restart...
Sampling time (10 samples): 11235.6551 seconds
/scratch/users/yanlan/Retrieval_0705/Output/AM_PM_ET_205_367_00
0.02549999999999999 2.1720439347693406e-37
0.08425 8.021710666800112e-45
0.13500000000000006 9.276177371733261e-46
0.16337499999999977 2.2582999287726836e-43
0.18769999999999976 1.1483450185385306e-41
0.1992499999999992 4.25789362637143e-40
0.20642857142857096 1.6615248895375543e-39
0.2128124999999997 4.929862374729715e-39
0.2182777777777786 3.260018160774235e-38
0.22110000000000096 1.8885503770244576e-38
0.22581818181818286 7.368677658029921e-38
0.22983333333333467 8.342820914749014e-38
0.23065384615384735 1.7316447767549696e-39
/scratch/users/yanlan/Retrieval_0705/Output/AM_PM_ET_212_323_00
0.02600000000000001 2.052385396943385e-40
0.16374999999999992 4.625407534220546e-39
0.21699999999999947 9.125959823503856e-36
0.2541249999999997 2.8063757449296237e-35
0.2707000000000006 3.8452020579592166e-34
0.2866666666666668 9.153641643979456e-35
0.30064285714285605 1.8698876252506664e-34
0.30887499999999984 4.679213952189416e-34
0.32072222222222235 2.086705204292972e-34
0.3254000000000018 4.2832259513532925e-34
0.33045454545454794 2.6942572535708067e-34
0.3353750000000002 3.7419774661950237e-34
0.3297307692307675 7.422929332852279e-42
0.3294285714285707 9.05508244407424e-37
0.33086666666666514 5.151115440478645e-34
Sampling time (10 samples): 7618.9048 seconds
/scratch/users/yanlan/Retrieval_0705/Output/AM_PM_ET_218_407_00
0.007000000000000009 1.1038430781052752e-47
restart...
0.006499999999999995 9.221867040863499e-46
restart...
0.014999999999999993 3.1528114663332116e-40
restart...
0.015999999999999986 2.1432646249339908e-41
restart...
0.021000000000000026 3.076727795632476e-40
0.09475000000000004 5.609680720884215e-46
0.16433333333333355 1.2946178037137202e-41
0.18662500000000048 1.767305219218036e-42
0.1938000000000002 7.493311547022273e-45
0.20791666666666664 7.858585084690954e-44
0.22614285714285715 4.356270170849759e-42
0.2368125000000005 2.1271750814559676e-41
0.2500555555555562 2.913089266343495e-41
0.25630000000000014 1.9164234942717943e-41
0.2662727272727257 4.5482404326146907e-41
Sampling time (10 samples): 7811.1649 seconds
/scratch/users/yanlan/Retrieval_0705/Output/AM_PM_ET_225_325_00
0.06749999999999998 4.838730498166183e-34
0.11774999999999991 4.799598176902844e-39
0.17183333333333348 8.453111715385437e-38
0.203125 1.1560860272789962e-36
0.2307000000000004 1.1157437378335137e-35
0.2134166666666671 2.4518156126181315e-58
restart...
0.24033333333333337 3.0149956409531945e-36
0.2470000000000001 2.912745174933283e-37
0.2475624999999999 3.692492143731194e-39
0.2480555555555554 9.629450967841228e-41
0.24155000000000004 3.4157027105882426e-46
0.24081818181818201 1.4334909121516612e-46
0.24370833333333378 9.885845693848222e-46
0.24400000000000077 6.356277462468129e-46
0.2465357142857149 1.4388333401856052e-44
Sampling time (10 samples): 8186.8929 seconds
/scratch/users/yanlan/Retrieval_0705/Output/AM_PM_ET_233_332_00
0.07799999999999999 1.4176229246827078e-33
0.14249999999999974 1.2008274836644916e-35
0.1836666666666664 4.60576385403026e-36
0.21862500000000026 1.1294387341286032e-35
0.2454000000000003 1.2723401761126877e-36
0.26516666666666616 8.310424170653063e-37
0.2771428571428562 5.188503000086045e-37
0.29031249999999786 4.622763389546337e-37
0.299999999999997 9.537558592441844e-37
0.30759999999999815 2.6361438500917096e-37
0.31386363636363435 4.449254939493165e-37
0.3177916666666638 3.0023718482094106e-37
0.3204230769230751 2.1654439445057028e-36
0.32599999999999907 1.7904818433910454e-36
0.32859999999999995 3.9410660825124115e-37
Sampling time (10 samples): 7994.5537 seconds
/scratch/users/yanlan/Retrieval_0705/Output/AM_PM_ET_243_322_00
0.04399999999999999 3.6191321936021993e-37
0.17449999999999968 1.988142364939158e-36
0.12666666666666623 2.76522175263061e-67
restart...
0.1785 1.2102245512683303e-36
0.2359999999999999 3.502112438914159e-33
0.25125000000000075 3.6016386362704507e-37
0.20980000000000112 7.821608845227907e-65
restart...
0.20650000000000063 1.1237013369908217e-66
restart...
0.20650000000000082 6.027390775388402e-69
restart...
0.21040000000000078 1.8983529561049074e-63
restart...
0.20890000000000064 1.6989417436034453e-65
restart...
0.20510000000000086 3.3058149262919414e-69
restart...
0.20840000000000056 2.2307937091982768e-69
restart...
0.21050000000000083 1.293524103570471e-62
restart...
0.20900000000000082 1.921115343201498e-63
restart...
Sampling time (10 samples): 10269.6921 seconds
