/scratch/users/yanlan/Retrieval_0705/Output/AM_PM_ET_200_357_00
0.09800000000000002 1.4533537193054988e-31
0.18100000000000016 2.5705832884240413e-29
0.2258333333333339 2.968343124393601e-29
0.23650000000000024 1.423914057148327e-29
0.24450000000000027 1.724455700734923e-31
0.2615000000000009 1.173685700322367e-31
0.27092857142857296 4.128145007755958e-30
0.27706250000000154 1.1237852306631272e-30
0.2838888888888891 1.7132012350052934e-30
0.2892499999999991 3.4962376016261892e-31
0.290499999999999 2.9053470624712014e-30
0.29454166666666565 1.9583423839146155e-30
0.29692307692307573 6.240899217900027e-30
0.29789285714285657 2.2163661602710148e-30
0.30006666666666576 4.81291194842274e-30
Sampling time (10 samples): 7757.1434 seconds
/scratch/users/yanlan/Retrieval_0705/Output/AM_PM_ET_206_344_00
0.004000000000000008 3.219111393432198e-49
restart...
0.015000000000000005 5.813570853472616e-42
restart...
0.02200000000000001 7.493314655358324e-42
0.12200000000000001 2.331869097627957e-43
0.1718333333333327 8.368786666284564e-41
0.21024999999999977 8.700273937337101e-38
0.23450000000000013 2.1079827475860855e-36
0.2553333333333338 3.0995086599575075e-36
0.2717142857142859 3.5786120170263793e-35
0.28562499999999985 4.364067669317554e-35
0.2904999999999989 3.914493579257854e-35
0.294099999999999 4.717111023450737e-35
0.29945454545454436 4.396153530818627e-35
0.3069999999999997 3.785025699685524e-35
0.31126923076922997 1.1396152476535079e-35
Sampling time (10 samples): 7836.3828 seconds
/scratch/users/yanlan/Retrieval_0705/Output/AM_PM_ET_213_323_00
0.029499999999999985 5.885365744419681e-39
0.08349999999999984 3.650333474270055e-47
0.0949999999999998 2.7451456364483835e-54
restart...
0.07225000000000012 2.427999782235313e-48
0.0818333333333333 4.101340381940361e-57
restart...
0.06774999999999995 5.242167092397248e-52
restart...
0.05299999999999994 1.265082367779444e-53
restart...
0.05824999999999992 8.882622599963201e-53
restart...
0.07074999999999988 1.1156905953593687e-48
0.08216666666666647 2.1978741088907892e-57
restart...
0.06549999999999999 6.764450210340239e-51
restart...
0.06700000000000017 7.375911411599732e-52
restart...
0.06299999999999993 1.2647859913764174e-50
restart...
0.05774999999999992 1.0999040041525717e-52
restart...
0.06475000000000002 8.383245042542592e-50
restart...
Sampling time (10 samples): 7865.4222 seconds
/scratch/users/yanlan/Retrieval_0705/Output/AM_PM_ET_219_378_00
0.014500000000000022 3.6858704186484995e-42
restart...
0.05650000000000007 2.5961002390480205e-33
0.16624999999999987 2.6498027877048687e-33
0.22466666666666707 1.0466652458739976e-32
0.25262499999999943 4.310966661083716e-32
0.2838999999999999 4.210981131965401e-32
0.2958333333333332 7.221894376372157e-32
0.3037142857142857 8.688418191855029e-32
0.31093749999999876 5.303801186591532e-32
0.31549999999999884 6.731213391320579e-32
0.3167499999999995 3.8516438198456793e-32
0.32072727272727225 3.5880414538989155e-32
0.3226249999999997 1.3924171439213164e-31
0.3261923076923059 2.842010507360653e-32
0.33114285714285524 9.338215848830866e-33
Sampling time (10 samples): 8696.9888 seconds
/scratch/users/yanlan/Retrieval_0705/Output/AM_PM_ET_226_334_00
0.05400000000000004 1.1316091556597282e-35
0.18950000000000022 9.156200203330853e-34
0.22300000000000045 5.6230028679226864e-33
0.2230000000000005 6.911282960255518e-36
0.23470000000000096 4.0347295923666234e-36
0.2558333333333349 2.7112387251757297e-35
0.2612142857142867 2.424373875158674e-35
0.271750000000001 7.99923090387008e-35
0.27950000000000047 5.601602154983752e-35
0.2879500000000009 2.6196023889323024e-35
0.29040909090909217 4.069511272672569e-35
0.29354166666666864 1.852677868850658e-35
0.29576923076923145 3.3228613737974715e-35
0.2985000000000023 1.0452936171691472e-34
0.2997000000000013 5.379470182802991e-36
Sampling time (10 samples): 7619.7576 seconds
/scratch/users/yanlan/Retrieval_0705/Output/AM_PM_ET_235_258_00
0.06149999999999996 2.8234138640808553e-31
0.12375000000000001 8.046645677020609e-39
0.13333333333333325 2.6394633902309356e-46
0.1727500000000002 1.0609809925852886e-41
0.1940000000000003 6.618565095047201e-40
0.2085833333333334 4.242617390529581e-38
0.22235714285714317 6.074889671138929e-36
0.21487500000000023 1.1728550853328888e-42
0.21616666666666715 1.4732997564582937e-41
0.2156999999999998 6.186730210426836e-45
0.2047272727272726 1.613282383804365e-58
restart...
0.2036363636363636 2.041786104802223e-60
restart...
0.20249999999999985 3.700602313710499e-60
restart...
0.20468181818181788 1.0996999429698175e-58
restart...
0.20468181818181794 1.0996865760920557e-57
restart...
Sampling time (10 samples): 7601.2338 seconds
/scratch/users/yanlan/Retrieval_0705/Output/AM_PM_ET_245_330_00
0.061500000000000006 2.43819060302589e-34
0.1789999999999999 3.0158481553700545e-33
0.21416666666666648 1.5871797686034142e-33
0.21687500000000057 1.2616629755204467e-38
0.21560000000000037 1.3948631122058e-41
0.23100000000000004 7.798005982982502e-41
0.24492857142857152 7.877749319668356e-41
0.2596874999999996 3.125295964378941e-41
0.2672777777777778 6.165172232609177e-41
0.2723000000000012 5.574193369970935e-41
0.27868181818182103 8.551167087855475e-41
0.287166666666668 5.605849455309736e-41
0.2925769230769252 1.426647719274036e-40
0.2963214285714316 1.0229077119537938e-40
0.30146666666666944 7.505422328056264e-41
Sampling time (10 samples): 7585.6452 seconds
