/scratch/users/yanlan/Retrieval_0705/Output/AM_PM_ET_199_332_00
0.015000000000000008 1.052520370594715e-42
restart...
0.009500000000000007 8.710851475839386e-46
restart...
0.06400000000000002 2.291626143767949e-36
0.08375 1.5323517367052283e-50
restart...
0.07700000000000008 1.332644567706449e-53
restart...
0.08050000000000011 3.8042556349380108e-50
restart...
0.08174999999999995 1.230141915321144e-47
0.09266666666666655 5.186578593973452e-63
restart...
0.050749999999999934 7.516517925447066e-64
restart...
0.07074999999999991 2.4856411841451284e-53
restart...
0.07524999999999979 4.242057761091697e-53
restart...
0.08524999999999994 2.2087553560594166e-49
restart...
0.08075000000000018 6.155880611200798e-50
restart...
0.06625000000000002 2.9968938987539953e-53
restart...
0.08075000000000014 8.154702952782921e-48
Sampling time (10 samples): 7939.7787 seconds
/scratch/users/yanlan/Retrieval_0705/Output/AM_PM_ET_205_305_00
0.012500000000000011 3.705515910130361e-42
restart...
0.012 6.9812385605222e-43
restart...
0.009499999999999996 4.3239514344262283e-45
restart...
0.012500000000000013 4.758722576365054e-45
restart...
0.008999999999999992 1.3957903375458423e-45
restart...
0.009499999999999993 1.0306787191707548e-43
restart...
0.008500000000000002 8.244336782437882e-46
restart...
0.011500000000000015 1.606940803699913e-43
restart...
0.021000000000000022 8.659163519257406e-40
0.021250000000000026 1.6936374572503485e-69
restart...
0.024249999999999983 1.228872842321017e-68
restart...
0.025000000000000046 1.7415458452917578e-70
restart...
0.028249999999999994 1.8306391860778205e-65
restart...
0.031000000000000017 2.2367094520836003e-66
restart...
0.021500000000000064 1.7973504554680892e-70
restart...
Sampling time (10 samples): 8878.8954 seconds
/scratch/users/yanlan/Retrieval_0705/Output/AM_PM_ET_212_261_00
0.03699999999999997 6.936334012559616e-40
0.16550000000000023 8.010913957309296e-37
0.20616666666666655 2.969750714382394e-35
0.1602499999999999 2.5133434708820234e-66
restart...
0.16149999999999998 1.1111386935108558e-64
restart...
0.1619999999999998 3.038155310318559e-63
restart...
0.161125 1.893820544328629e-66
restart...
0.1596249999999999 1.490770960177049e-65
restart...
0.16112499999999982 3.2902147294213807e-65
restart...
0.16074999999999995 6.124852903968276e-64
restart...
0.1607499999999998 2.0995305246305863e-67
restart...
0.16100000000000003 2.0907704916466503e-65
restart...
0.1591249999999999 8.118498878817917e-67
restart...
0.15899999999999995 4.722831305380678e-68
restart...
0.15849999999999984 2.5532196040625756e-67
restart...
Sampling time (10 samples): 9948.1850 seconds
/scratch/users/yanlan/Retrieval_0705/Output/AM_PM_ET_218_330_00
0.04050000000000002 6.843903852503073e-38
0.07499999999999987 1.628205011844088e-48
0.11266666666666658 4.179035657329152e-48
0.15274999999999997 3.541494367309424e-44
0.15759999999999905 1.4568499051961348e-47
0.17983333333333193 1.914975447134975e-45
0.2014999999999993 6.413847317846676e-44
0.217187499999999 4.404931714987408e-43
0.23333333333333287 1.9972945702727688e-42
0.24204999999999938 3.150135005994079e-42
0.25263636363636355 4.415665383926371e-42
0.2605416666666667 1.1718489492379369e-42
0.26626923076923104 8.578586120922548e-43
0.27171428571428574 5.380429156806081e-42
0.27476666666666516 3.0137781835714425e-42
Sampling time (10 samples): 7952.1673 seconds
/scratch/users/yanlan/Retrieval_0705/Output/AM_PM_ET_225_260_00
0.003999999999999995 1.004339797666038e-48
restart...
0.01849999999999999 8.680816397070238e-41
restart...
0.013499999999999996 1.0939118895725007e-43
restart...
0.0135 3.730161565510389e-42
restart...
0.009999999999999997 6.474728824163841e-46
restart...
0.013999999999999988 3.3957120530260815e-43
restart...
0.010499999999999989 4.6325529042181466e-45
restart...
0.01499999999999999 4.387724252465555e-42
restart...
0.01300000000000002 3.174509083892445e-42
restart...
0.012999999999999994 2.278345318781189e-42
restart...
0.012999999999999992 8.04281428567718e-43
restart...
0.014000000000000002 2.900354477023756e-43
restart...
0.015000000000000006 5.5461560880585613e-42
restart...
0.015499999999999996 8.22841166677622e-43
restart...
0.016500000000000042 1.7541610654329302e-44
restart...
Sampling time (10 samples): 8021.0964 seconds
/scratch/users/yanlan/Retrieval_0705/Output/AM_PM_ET_233_259_00
0.013500000000000014 4.6248619751460576e-43
restart...
0.01849999999999999 3.6586904873043207e-42
restart...
0.019 1.7344683537052392e-40
restart...
0.022000000000000006 6.416580116854807e-39
0.054499999999999965 1.5713890546163898e-54
restart...
0.05200000000000005 2.005406716053115e-54
restart...
0.05775 8.519024218903232e-55
restart...
0.0619999999999999 4.22796174605835e-54
restart...
0.06099999999999997 2.3187064875943018e-54
restart...
0.0572500000000001 2.7440930869145047e-53
restart...
0.05575 1.0235570559493433e-53
restart...
0.050250000000000024 3.912112967565219e-56
restart...
0.05474999999999999 6.766981833626223e-54
restart...
0.05749999999999995 1.9149098789773698e-53
restart...
0.05350000000000004 1.341762133524703e-54
restart...
Sampling time (10 samples): 8623.6884 seconds
/scratch/users/yanlan/Retrieval_0705/Output/AM_PM_ET_242_333_00
0.00949999999999999 2.670595512871614e-44
restart...
0.011500000000000017 6.95055758041046e-44
restart...
0.018500000000000003 1.0294552067598764e-39
restart...
0.009500000000000001 4.341043218114211e-44
restart...
0.013500000000000005 4.803731142756075e-43
restart...
0.00750000000000002 2.466548920479033e-47
restart...
0.027 9.349428585866878e-39
0.07200000000000001 4.0690254588095756e-47
0.11616666666666663 2.463005507048101e-46
0.14787500000000012 1.4816800081617455e-44
0.17140000000000027 1.687270040637715e-43
0.18625000000000033 1.4938234522048127e-42
0.19678571428571512 1.0476286332435506e-41
0.20587500000000014 8.528072965004173e-41
0.21155555555555589 1.20709620536852e-40
Sampling time (10 samples): 8508.1045 seconds
