/scratch/users/yanlan/Retrieval_0705/Output/AM_PM_ET_200_374_00
0.014500000000000008 2.4479068810808308e-43
restart...
0.023499999999999962 2.566526958497555e-40
0.07274999999999997 8.194842538968146e-52
restart...
0.07875000000000006 1.731242577867454e-48
0.12383333333333323 1.319077081604914e-47
0.14424999999999946 5.709174310737136e-46
0.16009999999999983 4.022786839050993e-44
0.16758333333333258 3.44131092957124e-44
0.17349999999999932 4.78317141986008e-44
0.1798749999999992 3.786196652590292e-44
0.18249999999999925 1.9604381489370402e-41
0.18634999999999916 3.830464136611025e-41
0.18772727272727166 7.632447707739504e-42
0.18908333333333255 3.844235197616283e-42
0.1899615384615375 1.9442357430166987e-42
Sampling time (10 samples): 7885.0238 seconds
/scratch/users/yanlan/Retrieval_0705/Output/AM_PM_ET_206_361_00
0.015999999999999986 6.543266479188798e-41
restart...
0.04450000000000002 6.490003652026674e-37
0.10399999999999986 6.03909357275029e-39
0.1321666666666665 1.9879504284733226e-41
0.16537499999999997 2.686518405918472e-37
0.1654000000000004 1.7527355047370894e-42
0.15725000000000153 4.848270141687557e-51
restart...
0.09150000000000007 6.7694639952323884e-40
0.11099999999999981 3.510761368380104e-42
0.12599999999999978 3.7840360374676057e-44
0.1349999999999991 7.085341340770379e-44
0.14999999999999922 1.2503816991884419e-43
0.1558571428571422 1.531300369175626e-46
0.15449999999999964 5.663160557951497e-52
restart...
0.10700000000000004 1.65022955046703e-39
Sampling time (10 samples): 8022.2925 seconds
/scratch/users/yanlan/Retrieval_0705/Output/AM_PM_ET_213_340_00
0.045499999999999985 2.7394367972294165e-39
0.18749999999999978 4.858314822572418e-37
0.23749999999999985 1.6438608216405194e-34
0.27337500000000037 8.922560457985379e-34
0.2882000000000004 3.4134102489898302e-34
0.2984999999999997 2.3207036101044865e-34
0.30764285714285733 9.406163617505268e-34
0.31618750000000045 2.1249372792200464e-34
0.3181666666666669 3.1871988832790594e-34
0.32040000000000113 1.733716204004172e-34
0.3242272727272739 6.137845158263277e-34
0.3253750000000012 4.885732439135952e-34
0.326692307692309 1.9107037095533044e-34
0.32685714285714357 1.073701678664103e-34
0.32800000000000007 1.9612556135191053e-34
Sampling time (10 samples): 8036.7861 seconds
/scratch/users/yanlan/Retrieval_0705/Output/AM_PM_ET_219_403_00
0.004499999999999995 5.743002480072413e-50
restart...
0.013 5.116321333936207e-43
restart...
0.012000000000000005 1.3971506011877072e-45
restart...
0.024499999999999942 3.749440231118706e-39
0.12349999999999994 2.298321869083498e-40
0.18416666666666603 1.2904669349094994e-37
0.2147499999999997 2.6401778861914113e-35
0.19769999999999974 5.141224485139132e-43
0.20399999999999935 1.7382430070118544e-41
0.20892857142857071 2.4470359696758447e-42
0.21481249999999963 3.780844861873652e-43
0.2217777777777774 8.732419642884119e-44
0.22989999999999983 3.1362108438873598e-43
0.2392272727272726 1.9554308517171794e-42
0.2515833333333339 5.961225861529063e-42
Sampling time (10 samples): 8143.5342 seconds
/scratch/users/yanlan/Retrieval_0705/Output/AM_PM_ET_226_357_00
0.00799999999999999 2.537412014429684e-46
restart...
0.014999999999999994 9.649595278491054e-41
restart...
0.010000000000000007 7.874841847943596e-44
restart...
0.013500000000000019 1.9521582892372927e-42
restart...
0.01299999999999999 1.6661377304560154e-41
restart...
0.014499999999999987 1.1875879311297266e-43
restart...
0.010499999999999985 1.3787628954125376e-44
restart...
0.00799999999999999 2.5688831018875528e-45
restart...
0.006500000000000008 8.992136422085548e-47
restart...
0.0074999999999999945 8.68099266382044e-45
restart...
0.016499999999999994 2.953931858620583e-41
restart...
0.0115 1.7836189776687801e-44
restart...
0.007 1.957718256386428e-48
restart...
0.009000000000000001 3.607695864838644e-46
restart...
0.005500000000000003 4.720244787314517e-48
restart...
Sampling time (10 samples): 8818.0721 seconds
/scratch/users/yanlan/Retrieval_0705/Output/AM_PM_ET_235_283_00
0.0145 5.296584734226168e-42
restart...
0.013499999999999991 2.1987169654838714e-42
restart...
0.0075000000000000015 4.855757135791804e-47
restart...
0.03850000000000004 3.5091753044474916e-36
0.09950000000000007 1.0102846577233017e-42
0.16566666666666677 1.857518520391104e-37
0.19712500000000005 1.0194095117211565e-34
0.19999999999999982 5.701286885163063e-37
0.20699999999999932 3.124920026972606e-37
0.2154285714285712 7.198289864100187e-38
0.2269374999999993 6.524649168907917e-38
0.23505555555555468 5.79672913793495e-38
0.245499999999999 5.069454111777535e-38
0.25522727272726986 1.390608795763167e-37
0.25912499999999755 6.774998081296966e-38
Sampling time (10 samples): 8056.1841 seconds
/scratch/users/yanlan/Retrieval_0705/Output/AM_PM_ET_246_277_00
0.029000000000000026 3.411233167658277e-37
0.025000000000000005 2.0022380957093976e-68
restart...
0.030250000000000016 1.0617974817927975e-62
restart...
0.02725000000000003 2.3286538075566713e-67
restart...
0.025749999999999995 1.3655547155712146e-67
restart...
0.024250000000000015 1.3498335337220225e-68
restart...
0.022250000000000013 5.463104875375168e-69
restart...
0.02200000000000003 8.758892074292498e-70
restart...
0.028250000000000035 1.999882182175541e-65
restart...
0.02025000000000003 1.199962687385842e-74
restart...
0.026749999999999996 9.701068017144362e-66
restart...
0.02975 1.8075028335774466e-62
restart...
0.01925000000000001 3.93522413607885e-74
restart...
0.02150000000000002 4.306536659613473e-71
restart...
0.02724999999999997 1.4751680815884672e-66
restart...
Sampling time (10 samples): 9582.5378 seconds
