/scratch/users/yanlan/Retrieval_0705/Output/AM_PM_ET_199_374_00
0.009499999999999996 1.1708854545717523e-43
restart...
0.011500000000000003 1.884877029378144e-44
restart...
0.01249999999999999 1.8326682900255193e-42
restart...
0.009499999999999998 2.6844913344553197e-44
restart...
0.012999999999999989 1.3687915132025052e-41
restart...
0.004499999999999989 1.7114885511069635e-49
restart...
0.008499999999999992 1.4529604847743932e-47
restart...
0.010000000000000014 7.807488404844494e-47
restart...
0.012000000000000004 7.979383653561878e-44
restart...
0.013000000000000005 9.969906360730696e-43
restart...
0.009999999999999986 2.207606512179752e-45
restart...
0.010499999999999994 3.8217287732673735e-44
restart...
0.01600000000000004 4.112796484067103e-44
restart...
0.013000000000000001 2.7962825529498826e-44
restart...
0.004500000000000001 1.3174364095011833e-48
restart...
Sampling time (10 samples): 7667.0489 seconds
/scratch/users/yanlan/Retrieval_0705/Output/AM_PM_ET_205_347_00
0.050000000000000044 6.154119341828929e-36
0.09200000000000011 1.6078355394581944e-42
0.10533333333333328 1.39933572289294e-48
0.12162499999999982 3.2869109063277784e-50
restart...
0.08500000000000013 4.7509175819789195e-45
0.11266666666666676 1.822242105506933e-47
0.12650000000000017 3.4430000546196447e-50
restart...
0.07150000000000013 8.776103759160267e-47
0.10500000000000019 1.3617080219288862e-50
restart...
0.0747500000000001 9.450530131143324e-48
0.08983333333333338 1.1980645635389678e-53
restart...
0.08025000000000002 8.186267809940154e-45
0.09699999999999974 3.487033358748991e-50
restart...
0.07349999999999983 7.175076821476975e-46
0.09866666666666665 2.781774985158226e-49
restart...
Sampling time (10 samples): 7866.3579 seconds
/scratch/users/yanlan/Retrieval_0705/Output/AM_PM_ET_212_303_00
0.010500000000000011 5.112413949587278e-44
restart...
0.010000000000000007 6.387005504974172e-42
restart...
0.003999999999999997 1.5427035836263512e-47
restart...
0.0515 6.230580855330067e-35
0.16024999999999978 8.511077943266407e-36
0.12883333333333302 4.98669272364669e-58
restart...
0.16474999999999984 7.202398377435311e-38
0.11250000000000013 1.7728123296600273e-75
restart...
0.08400000000000002 1.3084840040920054e-52
restart...
0.16949999999999998 6.442603526566323e-35
0.13016666666666682 6.259078949695241e-65
restart...
0.16675000000000037 7.363781946478042e-35
0.14016666666666674 8.512534985046931e-60
restart...
0.07950000000000007 9.12809805766928e-54
restart...
0.13725000000000048 1.9124026590751395e-37
Sampling time (10 samples): 8720.7495 seconds
/scratch/users/yanlan/Retrieval_0705/Output/AM_PM_ET_218_379_00
0.061500000000000006 5.302587085981421e-34
0.17224999999999976 2.098892233451357e-32
0.1616666666666661 1.1207299835803602e-47
0.16474999999999954 5.341559236149885e-52
restart...
0.08924999999999997 1.382872697426393e-51
restart...
0.14124999999999985 3.154676045295529e-35
0.12199999999999989 5.0377444117661883e-54
restart...
0.1707499999999997 7.374573683984391e-32
0.13366666666666685 3.2057303365992004e-54
restart...
0.09849999999999995 1.5534709071740342e-48
0.11716666666666659 3.7246884911489616e-51
restart...
0.099 5.88044319652481e-47
0.11850000000000009 4.122846674129763e-52
restart...
0.09524999999999992 2.7112002097499007e-53
restart...
0.1549999999999995 3.6430438060945163e-32
Sampling time (10 samples): 8423.6690 seconds
/scratch/users/yanlan/Retrieval_0705/Output/AM_PM_ET_225_305_00
0.0235 3.7432218650639545e-40
0.13349999999999995 2.666415547098846e-41
0.16050000000000003 1.698407900775548e-42
0.18249999999999977 2.3583845658360696e-42
0.20849999999999977 6.261749123326759e-41
0.2246666666666666 3.8735094349331456e-41
0.23999999999999974 4.001551712825421e-40
0.2504374999999999 1.3775741507926506e-40
0.2612777777777776 1.249325319694515e-40
0.26869999999999994 1.8301398919170146e-40
0.27459090909090883 2.7101744543519134e-41
0.2822916666666681 1.0328259447751696e-40
0.2837692307692326 4.027365442689905e-40
0.28664285714285853 3.1188015000541273e-41
0.2908000000000002 3.6977008612377377e-41
Sampling time (10 samples): 7798.4971 seconds
/scratch/users/yanlan/Retrieval_0705/Output/AM_PM_ET_233_312_00
0.059000000000000004 3.963726267112266e-35
0.17600000000000005 1.320946849991284e-32
0.2209999999999998 2.877613263420172e-31
0.23837500000000006 3.2020658807408497e-31
0.24929999999999997 2.876013485780955e-31
0.2610833333333337 1.4833304101394834e-31
0.2589285714285722 1.1449021314988744e-37
0.23199999999999985 2.8093058447509623e-65
restart...
0.23106250000000084 1.9430122247460296e-63
restart...
0.23131250000000012 4.2903200659452505e-66
restart...
0.22806250000000025 2.0357501254835623e-74
restart...
0.23087500000000066 1.3845916037731438e-64
restart...
0.23056249999999995 4.616772305640666e-67
restart...
0.22762500000000038 6.495189482918138e-76
restart...
0.2316250000000003 1.8466871884015202e-63
restart...
Sampling time (10 samples): 8904.5992 seconds
/scratch/users/yanlan/Retrieval_0705/Output/AM_PM_ET_243_302_00
0.012500000000000004 8.978599354014239e-42
restart...
0.020000000000000018 1.0921387785676046e-37
0.019500000000000014 6.699385912695425e-74
restart...
0.014749999999999982 1.3650052062079417e-75
restart...
0.013749999999999995 2.485769279331757e-75
restart...
0.01625000000000004 1.1832242932497059e-71
restart...
0.01874999999999997 1.6355405729006537e-68
restart...
0.016499999999999997 2.269326077300368e-72
restart...
0.016500000000000035 1.3998055876919724e-70
restart...
0.01825000000000001 1.556737758397007e-69
restart...
0.015249999999999988 1.133706196013032e-73
restart...
0.015000000000000046 2.0884406542940883e-72
restart...
0.01225000000000002 1.4143020573032135e-77
restart...
0.018999999999999986 8.008208505931248e-76
restart...
0.014249999999999981 2.4532151826251363e-74
restart...
Sampling time (10 samples): 7807.4266 seconds
