/scratch/users/yanlan/Retrieval_0705/Output/AM_PM_ET_199_298_00
0.011499999999999995 1.5090805847179851e-43
restart...
0.02099999999999997 1.221322880781551e-39
0.05624999999999998 1.052708963416775e-51
restart...
0.06250000000000004 1.0655341900615309e-48
0.09483333333333356 1.149659907543355e-50
restart...
0.04825000000000015 2.4199691956753183e-53
restart...
0.06300000000000003 4.057637280414961e-50
restart...
0.06375000000000001 9.138554344194626e-50
restart...
0.06200000000000003 4.965296219783391e-50
restart...
0.07100000000000001 5.6355407893980695e-47
0.10116666666666678 1.4395515656478622e-48
0.11250000000000006 1.5187983262062255e-52
restart...
0.06799999999999994 6.652845234515464e-48
0.08999999999999998 3.458703630921434e-52
restart...
0.0699999999999999 9.030366496008767e-49
restart...
Sampling time (10 samples): 8419.9727 seconds
/scratch/users/yanlan/Retrieval_0705/Output/AM_PM_ET_205_271_00
0.045 1.1792456144319498e-36
0.10199999999999979 2.1191602514285217e-41
0.12883333333333327 1.4028105852564655e-41
0.15262499999999948 8.144206033226717e-43
0.16129999999999928 1.2656474583816945e-44
0.17099999999999976 7.409529833488053e-45
0.17621428571428546 1.7719237375615088e-46
0.17824999999999946 8.336929034981589e-47
0.18583333333333302 1.2411556019290097e-45
0.19104999999999958 1.5542464128238014e-43
0.19649999999999995 3.26697529576966e-43
0.19775000000000026 6.356091315170022e-43
0.20073076923076952 1.8882776216189504e-43
0.20450000000000032 4.830455080270208e-43
0.20426666666666696 1.6699542636585086e-44
Sampling time (10 samples): 7994.5223 seconds
/scratch/users/yanlan/Retrieval_0705/Output/AM_PM_ET_211_400_00
0.045000000000000026 1.5441390348867706e-35
0.18099999999999955 1.267631443425347e-35
0.24049999999999988 1.2046805709804295e-33
0.26525000000000004 3.1375413216126555e-33
0.2734000000000002 1.402040101629857e-34
0.27491666666666764 7.968309202425941e-35
0.2753571428571443 3.121890438265809e-35
0.2858750000000013 6.17758350650169e-36
0.29494444444444523 1.0959007056509457e-35
0.3 1.384223410779743e-35
0.3081818181818171 1.4449809128646868e-35
0.3127083333333351 3.733961412298185e-35
0.3196923076923106 2.553603361107324e-35
0.3261428571428599 2.3720139272049558e-35
0.329700000000002 2.320197886139265e-35
Sampling time (10 samples): 7775.4031 seconds
/scratch/users/yanlan/Retrieval_0705/Output/AM_PM_ET_218_296_00
0.01649999999999999 2.291945444135334e-42
restart...
0.04549999999999999 1.6485846364535188e-35
0.08149999999999993 7.625378711455607e-46
0.11149999999999963 6.181540730419515e-47
0.15437500000000007 1.1481059051621897e-42
0.18010000000000018 8.745170258123289e-39
0.20166666666666616 1.921414290419919e-37
0.2096428571428569 1.6135887575091258e-37
0.2238749999999997 6.990788355987317e-35
0.23966666666666708 1.0238843967682909e-34
0.24170000000000033 7.10618783360089e-47
0.22150000000000042 3.481981900711361e-79
restart...
0.22100000000000028 7.17201617772699e-83
restart...
0.2214545454545458 1.5573933047175737e-79
restart...
0.2210454545454549 1.4515114539492195e-81
restart...
Sampling time (10 samples): 8522.6482 seconds
/scratch/users/yanlan/Retrieval_0705/Output/AM_PM_ET_224_377_00
0.05150000000000005 3.4434218517201726e-34
0.17650000000000035 1.893056781449304e-32
0.2351666666666669 4.371708566034981e-31
0.2693750000000006 5.058018922082687e-31
0.2934999999999999 8.715821973852014e-32
0.3057499999999997 1.2653442486036458e-31
0.3135714285714278 1.0165773659088955e-31
0.3193124999999987 8.91835298178241e-32
0.3284999999999987 4.3456641755833405e-31
0.33454999999999596 3.0015353094034507e-31
0.34068181818181403 3.023314230158283e-31
0.34479166666666233 1.6235573906675217e-31
0.34719230769230236 2.236631131363998e-31
0.3519999999999956 7.959758203296406e-31
0.3565666666666626 2.599513600480865e-31
Sampling time (10 samples): 8058.7127 seconds
/scratch/users/yanlan/Retrieval_0705/Output/AM_PM_ET_232_343_00
0.05099999999999998 2.1098466070593567e-34
0.1505 3.36532403321682e-34
0.21466666666666645 4.859743323612188e-33
0.2511249999999999 1.0039912886746314e-31
0.2757999999999997 1.5026274893521837e-31
0.2978333333333337 2.5282715179356224e-31
0.3129285714285713 2.733540971899029e-31
0.3240624999999986 6.740568822434125e-31
0.3301666666666647 2.7870779946700593e-31
0.3342999999999968 2.673216227241384e-31
0.3360454545454526 1.0292240636870048e-30
0.34024999999999817 9.80967534894491e-31
0.3455384615384617 9.164144831811195e-31
0.34814285714285687 1.0401262900071653e-30
0.3499666666666664 5.977727049190005e-31
Sampling time (10 samples): 7926.2339 seconds
/scratch/users/yanlan/Retrieval_0705/Output/AM_PM_ET_242_299_00
0.008999999999999992 2.1992854150231032e-44
restart...
0.012999999999999998 3.5682396942487205e-43
restart...
0.014000000000000021 4.971494473241713e-43
restart...
0.006999999999999994 1.9927604803958508e-46
restart...
0.009999999999999997 2.684561475760317e-44
restart...
0.00799999999999999 2.256156910727482e-46
restart...
0.013999999999999997 6.724139921579389e-44
restart...
0.011999999999999993 1.9214477412501664e-44
restart...
0.011499999999999995 9.255017508438188e-44
restart...
0.010499999999999999 2.619834388476046e-44
restart...
0.012499999999999995 1.4291677310909518e-43
restart...
0.017499999999999988 8.485780620509511e-41
restart...
0.012499999999999983 3.189800847409144e-42
restart...
0.016500000000000004 4.8317206358550275e-43
restart...
0.015999999999999986 6.015028206945265e-44
restart...
Sampling time (10 samples): 8083.7895 seconds
