/scratch/users/yanlan/Retrieval_0705/Output/AM_PM_ET_203_377_00
0.027000000000000014 3.378454771898664e-38
0.08650000000000005 2.611680898494384e-44
0.1191666666666667 4.877380101251598e-45
0.1403749999999995 1.567210246500488e-46
0.16039999999999974 6.923029855136644e-48
0.17808333333333223 4.607139615230756e-47
0.19221428571428537 1.4188030525880985e-46
0.2024374999999996 3.077422321371396e-46
0.21027777777777734 5.844190039424086e-46
0.21779999999999922 9.849371922378316e-47
0.22563636363636327 1.037214089410374e-46
0.23216666666666672 4.465502348209926e-46
0.23461538461538473 1.2176603952313982e-46
0.23925000000000032 3.2932293223201318e-46
0.2394333333333336 2.3931220884786238e-46
Sampling time (10 samples): 7875.1462 seconds
/scratch/users/yanlan/Retrieval_0705/Output/AM_PM_ET_210_284_00
0.018 1.988377709944299e-40
restart...
0.022500000000000017 1.1566268310424585e-40
0.13099999999999976 4.613186781470373e-40
0.14549999999999927 3.990721963021349e-47
0.13599999999999904 4.617464956916029e-56
restart...
0.14774999999999983 8.169669117468965e-37
0.2103333333333331 2.0647258063735863e-35
0.19837499999999986 3.862802640024653e-47
0.17080000000000026 3.005077431652119e-65
restart...
0.17574999999999966 6.267265260540685e-56
restart...
0.1808749999999999 4.953456358414042e-50
restart...
0.18187499999999995 1.2741124185948744e-48
0.18309999999999932 4.524859571018347e-49
restart...
0.23724999999999977 8.626434725323354e-34
0.2546999999999992 1.1926747456469965e-33
Sampling time (10 samples): 7839.9036 seconds
/scratch/users/yanlan/Retrieval_0705/Output/AM_PM_ET_216_406_00
0.06500000000000003 7.549655348880468e-36
0.12949999999999964 1.5231782440112193e-37
0.15416666666666645 8.861185373689714e-38
0.17387499999999964 5.3471123497924835e-37
0.20369999999999938 2.9914029363646336e-36
0.22716666666666596 2.14765141910355e-35
0.23842857142857068 8.460997039153933e-35
0.2530624999999991 5.245454337949896e-35
0.2613333333333318 1.381855113997964e-34
0.27359999999999973 2.1004335559028828e-34
0.279636363636363 2.8004249521659624e-35
0.28541666666666454 1.69256436837778e-35
0.29107692307691985 3.357430922081263e-35
0.2952142857142839 2.575048016091942e-35
0.2966999999999981 9.580591301200364e-35
Sampling time (10 samples): 7952.9820 seconds
/scratch/users/yanlan/Retrieval_0705/Output/AM_PM_ET_223_285_00
0.035000000000000024 9.09191273634067e-39
0.12600000000000006 6.249166920615561e-39
0.1649999999999993 2.0201367513246576e-38
0.18762499999999901 3.596191545917857e-38
0.2017999999999993 3.4605426729626303e-37
0.20816666666666617 9.549961981812984e-38
0.21542857142857133 1.1890234720347184e-38
0.21843749999999978 6.978745548969991e-38
0.2201666666666663 1.6977350368691008e-38
0.22249999999999953 1.8826620675206343e-39
0.22663636363636322 7.516552629582941e-39
0.229083333333333 9.118924335303247e-40
0.22915384615384585 7.460463488930528e-40
0.22939285714285707 3.2070425309417276e-39
0.22896666666666668 8.241647670073889e-40
Sampling time (10 samples): 7921.0267 seconds
/scratch/users/yanlan/Retrieval_0705/Output/AM_PM_ET_230_352_00
0.007499999999999981 4.444769793342907e-46
restart...
0.015499999999999996 1.5497307450778092e-42
restart...
0.014000000000000002 4.6882153185406095e-43
restart...
0.029500000000000037 1.5805073560710162e-39
0.07874999999999983 4.768535662691048e-46
0.10400000000000016 1.8095020858090834e-51
restart...
0.08575000000000015 3.4033719288542183e-46
0.10233333333333337 4.2931174902706415e-53
restart...
0.05475000000000006 1.215467702744977e-54
restart...
0.06075 2.9361672001770706e-52
restart...
0.07925 4.7136910070936935e-48
0.08066666666666673 8.007545978746745e-59
restart...
0.05775000000000003 1.5400001385612571e-53
restart...
0.08125000000000021 1.4840672698661788e-45
0.11916666666666653 1.101302679760908e-46
Sampling time (10 samples): 8321.5379 seconds
/scratch/users/yanlan/Retrieval_0705/Output/AM_PM_ET_239_341_00
0.0095 1.3157213025327571e-45
restart...
0.01199999999999999 2.8304292808763326e-42
restart...
0.015499999999999996 9.981100929495536e-41
restart...
0.011999999999999993 3.295412590623483e-44
restart...
0.011999999999999983 3.205595305680861e-44
restart...
0.04650000000000001 1.3338503056277717e-35
0.10875 1.1834422246390093e-37
0.1088333333333334 7.235675471411998e-47
0.12000000000000016 4.448753318914405e-53
restart...
0.09574999999999984 1.0082021602629664e-39
0.10483333333333354 1.5431328267308166e-49
restart...
0.09425000000000022 4.166059938359298e-39
0.11133333333333331 7.542973502746987e-44
0.1393749999999996 1.500255047399436e-42
0.16419999999999987 3.046451378983226e-41
Sampling time (10 samples): 8696.0603 seconds
/scratch/users/yanlan/Retrieval_0705/Output/AM_PM_ET_255_306_00
0.042 1.6147051450887985e-36
0.12750000000000025 8.513487973606867e-37
0.1673333333333339 3.289042800228569e-35
0.1908750000000006 1.8662285565381635e-34
0.20550000000000018 1.679757222849827e-33
0.21583333333333338 6.404384533397395e-33
0.22042857142857158 1.393127613745211e-32
0.21743749999999984 1.3403464527445964e-34
0.2201111111111117 2.9341809067433846e-33
0.22245000000000115 3.3159497178532654e-33
0.22531818181818264 4.7376485388215375e-32
0.22804166666666728 7.725496210805164e-32
0.2308846153846162 1.4623758080100138e-31
0.23117857142857237 2.6852137321476414e-33
0.23113333333333433 3.7287742446757156e-32
Sampling time (10 samples): 7704.1709 seconds
