/scratch/users/yanlan/Retrieval_0705/Output/AM_PM_ET_204_303_00
0.02450000000000001 1.3728205005306383e-39
0.052250000000000026 7.232753818589615e-53
restart...
0.06875000000000003 5.859154608525382e-50
restart...
0.04674999999999995 9.114202027089299e-55
restart...
0.05199999999999998 4.427918510083595e-53
restart...
0.06550000000000004 5.819392555167093e-49
restart...
0.05574999999999998 4.0041783269190837e-53
restart...
0.04600000000000001 3.037302337919152e-55
restart...
0.05825 2.83520935533062e-51
restart...
0.07225000000000009 2.164965815660871e-49
restart...
0.05849999999999999 2.0343182036398408e-50
restart...
0.05374999999999987 2.16626445135638e-54
restart...
0.05175000000000002 6.779146227345612e-52
restart...
0.05600000000000002 9.627955879615873e-52
restart...
0.07375 1.8775000489530394e-46
Sampling time (10 samples): 8370.6291 seconds
/scratch/users/yanlan/Retrieval_0705/Output/AM_PM_ET_211_234_00
0.032499999999999994 3.201998477280171e-39
0.07174999999999981 1.244986609373321e-50
restart...
0.051749999999999935 3.812437250583434e-56
restart...
0.07099999999999997 1.4807249927942835e-50
restart...
0.0694999999999999 2.883850236223942e-51
restart...
0.07525000000000007 3.0346032079770254e-50
restart...
0.07425000000000001 1.103877743511627e-47
0.1381666666666666 1.9744916774638235e-43
0.14649999999999982 4.797950460962488e-48
0.17039999999999975 1.430399338128411e-45
0.1874166666666669 1.259789559589784e-43
0.20192857142857182 3.26098488576863e-41
0.2096250000000006 2.4340507863495618e-40
0.2147777777777789 2.583921657369831e-41
0.21560000000000082 6.046112057389489e-42
Sampling time (10 samples): 7666.7790 seconds
/scratch/users/yanlan/Retrieval_0705/Output/AM_PM_ET_217_319_00
0.061000000000000006 2.1098346315019096e-34
0.1665 1.2913867854044553e-34
0.22149999999999997 3.48645692052362e-35
0.17862500000000003 1.1365086052631646e-63
restart...
0.21075000000000021 3.905728375112571e-52
restart...
0.24300000000000047 3.782931132356149e-34
0.2643000000000007 1.941481125365743e-32
0.23016666666666702 4.661150616537966e-60
restart...
0.28108333333333474 3.9275839556016945e-32
0.27657142857143036 3.6310400055902325e-34
0.2701875000000014 1.5400249680290408e-36
0.2508333333333343 1.3106222922107698e-53
restart...
0.26472222222222336 9.920536740193197e-45
0.24820000000000023 4.0506376489094147e-57
restart...
0.24885000000000113 5.376728465273482e-57
restart...
Sampling time (10 samples): 8635.5745 seconds
/scratch/users/yanlan/Retrieval_0705/Output/AM_PM_ET_223_389_00
0.010499999999999989 1.3686152639349067e-44
restart...
0.023499999999999983 1.3882075655459424e-40
0.07449999999999998 2.7166668256576915e-50
restart...
0.0667499999999999 2.2198367842913707e-50
restart...
0.06875000000000005 8.451522632953351e-50
restart...
0.06824999999999995 1.2193877366084225e-50
restart...
0.07499999999999984 4.005502952669664e-49
restart...
0.06075000000000005 6.595184188939441e-52
restart...
0.07899999999999992 5.731442795668124e-49
restart...
0.06874999999999987 1.4144838415801237e-49
restart...
0.07125000000000013 8.433723671533224e-51
restart...
0.06975000000000006 5.11658111849993e-52
restart...
0.06850000000000002 1.2950770899931445e-51
restart...
0.0640000000000001 1.7898107501421733e-51
restart...
0.06550000000000004 8.467690583680115e-50
restart...
Sampling time (10 samples): 7911.0987 seconds
/scratch/users/yanlan/Retrieval_0705/Output/AM_PM_ET_231_320_00
0.05249999999999998 1.950114043707441e-35
0.05100000000000007 9.748022030163781e-63
restart...
0.07650000000000005 2.563765262469576e-56
restart...
0.05875000000000041 8.39182964611939e-62
restart...
0.08250000000000003 9.648814584021942e-58
restart...
0.055999999999999994 1.2393397148596643e-61
restart...
0.06250000000000028 4.074982723137732e-60
restart...
0.08999999999999997 1.8784001398788765e-55
restart...
0.18299999999999977 1.6296474939113818e-35
0.14616666666666653 7.094686498208054e-58
restart...
0.07374999999999995 1.9113598511238486e-59
restart...
0.06724999999999999 7.944849644304703e-64
restart...
0.042249999999999996 2.5548689332142176e-66
restart...
0.17324999999999965 1.0083369716862387e-34
0.17383333333333284 8.805728418981628e-50
restart...
Sampling time (10 samples): 9447.3759 seconds
/scratch/users/yanlan/Retrieval_0705/Output/AM_PM_ET_240_332_00
0.06149999999999999 1.5887925118538132e-33
0.13449999999999981 7.630389229070812e-37
0.18933333333333432 3.015839112905001e-36
0.20987500000000076 4.4011077749312775e-38
0.22820000000000074 4.273750966050179e-40
0.20833333333333395 4.918016969698684e-54
restart...
0.2075000000000004 1.5863800740850545e-55
restart...
0.20800000000000066 2.937586792589551e-53
restart...
0.21375000000000038 3.5638697143898915e-50
restart...
0.20358333333333367 2.245856223840946e-54
restart...
0.20608333333333406 1.775949436192667e-54
restart...
0.2030000000000006 1.6968695578110768e-56
restart...
0.20691666666666758 2.5063672923900722e-52
restart...
0.2115000000000005 4.516227384159175e-49
restart...
0.20458333333333395 3.441059849631408e-55
restart...
Sampling time (10 samples): 9413.0254 seconds
