/scratch/users/yanlan/Retrieval_0705/Output/AM_PM_ET_198_420_00
0.028500000000000015 1.4338223027462282e-38
0.057999999999999996 8.954692958681661e-51
restart...
0.06275000000000015 3.527342019364762e-49
restart...
0.05774999999999996 1.6417989127521256e-53
restart...
0.057499999999999926 7.436763515347771e-50
restart...
0.06149999999999993 1.096697393229841e-47
0.07799999999999997 6.148183210581263e-56
restart...
0.05900000000000005 3.722151150696518e-49
restart...
0.06950000000000009 2.7556428256792556e-47
0.09049999999999984 1.2254170993839302e-51
restart...
0.04974999999999999 1.4269096467239632e-51
restart...
0.06424999999999999 1.3054602606828562e-48
0.08783333333333343 2.69902542800919e-51
restart...
0.05650000000000001 4.728157489308683e-49
restart...
0.06724999999999996 5.643684475557406e-47
Sampling time (10 samples): 8009.4519 seconds
/scratch/users/yanlan/Retrieval_0705/Output/AM_PM_ET_204_371_00
0.036500000000000005 4.125133166222248e-37
0.08974999999999973 1.1062399349699764e-42
0.11733333333333315 6.384969727068248e-45
0.14687499999999995 1.2548482685799566e-43
0.16340000000000007 1.1562778632399025e-43
0.18033333333333318 1.033974189078902e-42
0.19757142857142876 6.106388876536587e-41
0.2094375 6.012223651438372e-41
0.2175000000000001 1.2388199923524612e-39
0.22355 1.2607129819010766e-39
0.2283636363636364 1.0851895819458745e-39
0.23108333333333295 2.0118732854163686e-40
0.2353461538461528 2.073958034854548e-39
0.24064285714285666 2.398845689986214e-39
0.24296666666666672 1.2091059902136102e-39
Sampling time (10 samples): 7808.4582 seconds
/scratch/users/yanlan/Retrieval_0705/Output/AM_PM_ET_211_304_00
0.00799999999999999 1.9763367292849892e-47
restart...
0.01150000000000001 1.5684281363859003e-45
restart...
0.010999999999999989 1.480472687701371e-41
restart...
0.013999999999999974 3.5663756186371485e-42
restart...
0.012999999999999996 7.1768315004927e-43
restart...
0.028000000000000035 1.9627952446994315e-38
0.08675 1.5671725115732823e-44
0.12133333333333335 3.094052200433414e-45
0.14325000000000007 1.0803036071200983e-43
0.16500000000000015 2.7150004371308203e-41
0.18933333333333258 8.059348173409049e-38
0.2069999999999995 7.528053603814709e-36
0.2174999999999997 4.186174014784181e-34
0.2218333333333327 1.4766829835829327e-33
0.22454999999999942 6.043977024017645e-34
Sampling time (10 samples): 7972.4883 seconds
/scratch/users/yanlan/Retrieval_0705/Output/AM_PM_ET_217_405_00
0.04149999999999994 1.6751663171745855e-36
0.13625000000000007 3.915637388866004e-39
0.1796666666666668 3.1913656641313837e-36
0.20862500000000012 3.0016620373738134e-35
0.22780000000000059 2.850878009033845e-35
0.2392500000000001 1.4603160469264824e-35
0.2437142857142862 8.991051548946654e-36
0.2514375000000005 3.663017214189085e-36
0.254166666666667 1.4691555658732265e-36
0.25454999999999955 9.724291854531731e-36
0.25781818181818134 4.0124546181121544e-36
0.25824999999999937 1.7782744019166215e-36
0.2620384615384618 3.452747397607236e-36
0.2622500000000012 4.502252371256199e-36
0.26513333333333333 1.8788508703043512e-35
Sampling time (10 samples): 7551.3470 seconds
/scratch/users/yanlan/Retrieval_0705/Output/AM_PM_ET_224_299_00
0.009000000000000003 1.5033118015978331e-44
restart...
0.03549999999999999 8.148108167922769e-37
0.05600000000000006 1.5980406341387844e-51
restart...
0.06499999999999996 7.7482293405207e-50
restart...
0.06575000000000003 5.1887398382250566e-48
0.11383333333333351 1.3247296083358868e-46
0.15100000000000077 1.8203497110609525e-42
0.17190000000000052 2.55818520577823e-41
/scratch/users/yanlan/Retrieval_0705/Output/AM_PM_ET_232_271_00
0.017000000000000005 9.369376866844583e-42
restart...
0.028000000000000008 4.9216747371950536e-39
0.12199999999999997 1.6351283795387206e-44
0.14966666666666686 2.6826273556857545e-48
0.17512499999999995 2.1000508828361733e-47
0.18959999999999996 2.0927966030770823e-46
0.20091666666666624 4.896996941842829e-46
0.20685714285714257 3.925449055184655e-45
0.2131874999999996 1.3490620982594898e-43
0.21961111111111112 2.261016588703562e-43
0.22210000000000013 3.063236180396856e-43
0.22431818181818197 2.8810204326462075e-43
0.22824999999999995 5.196440151083052e-43
0.2293076923076921 3.613718555320225e-43
0.23253571428571407 1.2778774623838856e-43
Sampling time (10 samples): 7396.4733 seconds
/scratch/users/yanlan/Retrieval_0705/Output/AM_PM_ET_241_309_00
0.019499999999999986 2.383469505187789e-43
restart...
0.016 1.0602147180485682e-42
restart...
0.02 2.384030659683744e-42
0.13699999999999998 1.1936238382252539e-42
0.22000000000000086 1.2520984664341803e-40
0.24937500000000024 1.1348449425734209e-39
0.2718999999999995 4.696258700542125e-39
0.2901666666666666 1.2128133848219241e-39
0.30128571428571393 3.233868979782066e-39
0.30718749999999917 4.977664732446213e-40
0.32116666666666616 6.999125706132583e-40
0.3252499999999988 1.9114723223729995e-39
0.32786363636363486 9.555776906251792e-40
0.32833333333333087 4.5421874221205404e-40
0.3295384615384601 3.5802171479730713e-40
Sampling time (10 samples): 7210.7659 seconds
