/scratch/users/yanlan/Retrieval_0705/Output/AM_PM_ET_204_253_00
0.04549999999999999 6.368561277354946e-39
0.14875000000000005 1.7939079880460205e-37
0.17616666666666664 1.7556316011835735e-39
0.17262499999999995 3.2788036545989285e-44
0.1804999999999998 1.5222689286057288e-44
0.18099999999999905 1.4508187275269003e-45
0.18178571428571336 3.034290139965869e-46
0.18581249999999913 1.3224696378730789e-45
0.19233333333333244 4.655655803809488e-43
0.1983499999999981 2.1156834816609854e-42
0.2044090909090895 3.3356518254194347e-41
0.20787499999999887 4.796566106736093e-41
0.21007692307692127 5.789540253341744e-41
0.2159285714285701 3.361255811103591e-40
0.2176999999999988 3.8310801252813415e-41
Sampling time (10 samples): 7927.1749 seconds
/scratch/users/yanlan/Retrieval_0705/Output/AM_PM_ET_210_332_00
0.0225 1.0745180409706343e-39
0.14074999999999996 2.1844317912092026e-40
0.2043333333333332 2.59826584991125e-37
0.2435000000000004 3.3573597518778726e-36
0.26690000000000114 2.0448413523272696e-35
0.28433333333333466 1.3481373004156752e-35
0.29585714285714493 3.4980300286963407e-35
0.3038750000000026 2.9000646344339755e-35
0.3116111111111136 1.981039232275466e-35
0.3194000000000033 8.646112272673178e-36
0.3258181818181855 9.591965409306791e-36
0.3303750000000033 4.730932369557206e-36
0.33165384615384874 2.6915920973233187e-35
0.3320000000000036 7.557858881942866e-36
0.3319666666666691 2.412665797769322e-35
Sampling time (10 samples): 7828.2202 seconds
/scratch/users/yanlan/Retrieval_0705/Output/AM_PM_ET_217_273_00
0.041500000000000016 1.7388496215474798e-38
0.14275000000000018 9.739749784475066e-39
0.20033333333333386 2.4158632400650788e-36
0.2203750000000003 2.3949353708924066e-37
0.23860000000000067 4.932129469123791e-38
0.2531666666666671 2.315555943943638e-38
0.26971428571428685 1.597915098871138e-38
0.28125000000000006 3.2937311906309285e-38
0.2927222222222205 3.963654491656836e-38
0.29929999999999923 2.388959988762297e-38
0.3019090909090905 3.405993982483008e-39
0.30612499999999937 9.162407942483434e-39
0.30811538461538324 2.3598113507874154e-38
0.31064285714285617 4.2162924636986677e-38
0.3133999999999983 2.089050279716045e-38
Sampling time (10 samples): 7614.3003 seconds
/scratch/users/yanlan/Retrieval_0705/Output/AM_PM_ET_223_331_00
0.05900000000000004 5.336466343156748e-36
0.14474999999999993 2.5641391241672265e-36
0.19016666666666698 9.707680891092675e-35
0.18687500000000004 1.9982773043583366e-47
0.1833000000000004 1.6714607684722763e-53
restart...
0.14875000000000002 1.0303343626152544e-35
0.21100000000000008 2.603225201644949e-33
0.24250000000000052 2.1789817451010892e-33
0.2101000000000003 3.969068205543569e-56
restart...
0.21110000000000018 4.8834497568940686e-55
restart...
0.25669999999999926 2.141706755580707e-33
0.2521666666666676 2.2462588577311063e-39
0.2647857142857153 2.8459073653180048e-40
0.27793750000000067 1.6663265788582702e-40
0.2861111111111115 2.2224848992083087e-40
Sampling time (10 samples): 8351.2112 seconds
/scratch/users/yanlan/Retrieval_0705/Output/AM_PM_ET_231_274_00
0.013999999999999993 1.707010281376261e-42
restart...
0.008999999999999989 1.7565527326703813e-45
restart...
0.014500000000000018 1.3083011339052306e-43
restart...
0.013500000000000014 2.458352498335103e-43
restart...
0.014499999999999996 6.029464889226239e-43
restart...
0.014500000000000004 1.2138271058721804e-41
restart...
0.014000000000000004 5.853875931857202e-42
restart...
0.010500000000000006 8.320792011169332e-45
restart...
0.01350000000000001 2.670148777687964e-44
restart...
0.010500000000000002 2.8246300105998284e-44
restart...
0.015999999999999993 1.675366597275394e-42
restart...
0.009499999999999998 2.153125360907623e-45
restart...
0.013000000000000005 3.738899616301021e-42
restart...
0.015999999999999993 5.097979040776555e-41
restart...
0.00900000000000001 2.2416039357111713e-46
restart...
Sampling time (10 samples): 7463.7952 seconds
/scratch/users/yanlan/Retrieval_0705/Output/AM_PM_ET_240_282_00
0.05350000000000002 9.902677378332564e-34
0.09700000000000035 1.6437536573783767e-37
0.12033333333333368 5.463987546934201e-38
0.12849999999999984 3.670196837948212e-42
0.14600000000000024 1.0311977888823834e-41
0.15550000000000025 3.65160089898687e-42
0.16485714285714317 1.3844593846819638e-41
0.17018750000000044 3.803571242283093e-41
0.1733888888888893 3.1262183133950482e-40
0.1756499999999998 1.8015635156184144e-41
0.17954545454545467 2.794671866149572e-42
0.1829999999999998 2.2730983774254544e-42
0.18542307692307639 1.692345922556424e-41
0.1879285714285711 2.5123238913589113e-40
0.1899999999999999 9.090409359431031e-41
Sampling time (10 samples): 7889.5360 seconds
/scratch/users/yanlan/Retrieval_0705/Output/AM_PM_ET_256_302_00
0.013499999999999998 4.899771967471695e-43
restart...
0.02000000000000001 4.022762902616472e-40
0.12275 2.484236173195671e-41
0.17283333333333323 2.241974273870611e-37
0.1759999999999996 9.744802807163138e-43
0.18589999999999954 1.4309671444999772e-43
0.20100000000000007 5.0147969309713134e-42
0.2168571428571429 2.3094460165162676e-40
0.22768749999999996 5.290772414267347e-40
0.23650000000000046 4.7941254276446835e-40
0.24480000000000027 1.2543910025810996e-40
0.2499545454545458 1.5784688463400764e-40
0.2530833333333339 9.531947199668736e-41
0.25476923076923075 2.984228698058838e-40
0.2579285714285714 1.071677777460061e-39
Sampling time (10 samples): 6698.3327 seconds
