./Control/Output/AM_PM_ET_219_258_00
1.0721805123235426e-06
5.349770317381566e-07
2.64258094362379e-07
1.2958866896015636e-07
6.653194550646914e-08
3.3772207542344346e-08
1.6995609889116145e-08
8.513375343937e-09
4.254867977450067e-09
2.4582062704555015e-09
1.3639089886787404e-09
7.383129180959395e-10
4.1103828577847743e-10
2.4066127095376297e-10
1.3578996189008912e-10
7.482880613260389e-11
4.058490998066179e-11
2.1769775254080702e-11
1.1585818726274985e-11
6.594240908336659e-12
4.87775948065076e-12
3.1789514549408725e-12
1.9402358710352105e-12
1.1383544276541068e-12
6.508028748776867e-13
3.6544208773933187e-13
2.025669465849707e-13
1.1121531985950974e-13
7.404799009989836e-14
4.815239145800284e-14
2.9608143700984816e-14
1.7577248134668745e-14
1.018988015063538e-14
5.808234619435042e-15
3.2697066445601563e-15
1.8234139948382995e-15
1.009521949361447e-15
5.557677672651121e-16
3.046080231999926e-16
1.6636550239997757e-16
9.060996665558863e-17
4.924156742181559e-17
2.6713741209376346e-17
2.00398547004671e-17
1.3649617228983483e-17
8.726595918908498e-18
5.3643751129775346e-18
3.2113865032330164e-18
1.886531630879918e-18
1.092830698138779e-18
6.263248899960251e-19
3.559812666531658e-19
2.009955359422259e-19
1.128871416225276e-19
6.313048755153616e-20
3.5181544544490765e-20
1.9550018793984143e-20
1.0838251159639918e-20
5.997000331835278e-21
3.313015342354415e-21
1.827907144476852e-21
1.0074719161671971e-21
5.548179772084428e-22
3.0534035173402387e-22
1.6795786472027934e-22
9.235409760907963e-23
5.076930371101115e-23
2.790477322690604e-23
1.5336475196212522e-23
8.428983010078856e-24
4.632933834755392e-24
2.5467923915194203e-24
1.4002632924586678e-24
9.780262363389267e-25
7.30006565542787e-25
4.989517068419369e-25
3.239834689120294e-25
2.0346359848580332e-25
1.5014633841937486e-25
1.2459916202633326e-25
9.004109185937608e-26
6.056402542360202e-26
4.307028544657217e-26
3.485599838200638e-26
2.4928788141131635e-26
1.6260809646294133e-26
9.728865869514332e-27
5.761247620506353e-27
3.383840919154787e-27
2.1821222411265787e-27
1.9618959638348403e-27
1.4760375862851417e-27
1.0192860311501301e-27
6.693311561289714e-28
4.252750439486063e-28
2.6402406950884766e-28
1.6114107773470065e-28
9.707602246781608e-29
5.788729565606551e-29
3.423781834032279e-29
Acceptance rate: 0.0075000000000000015
1.915191575740982e-29
1.1803687583405449e-29
8.068475389968842e-30
5.275931755386832e-30
3.3487846824249966e-30
2.0809058617354054e-30
1.2727339469741916e-30
7.689905093636999e-31
4.601674854917044e-31
2.732354862710211e-31
1.612123164706553e-31
9.461781468175048e-32
5.528841740522732e-32
3.21870165425019e-32
1.867907956826655e-32
1.0810812954491728e-32
6.242460739884283e-33
3.597392287132651e-33
2.0695357998951383e-33
1.1888105178697045e-33
6.820152972449038e-34
3.908344964912076e-34
2.4551541118395125e-34
1.689985708071648e-34
1.1386439601880662e-34
7.618559476683368e-35
5.972059363179358e-35
3.8696434428954664e-35
2.449094739713407e-35
1.5233402738888632e-35
1.1440512847483409e-35
9.284108967673645e-36
6.74475931935702e-36
4.9505002641659274e-36
3.8926794196643796e-36
2.7836805820073825e-36
1.8849404360839018e-36
1.6811726484731625e-36
1.417522011360957e-36
1.0512070622631829e-36
7.281403597660768e-37
4.8349047488171756e-37
3.11970520884577e-37
1.9718556148499625e-37
1.2271549777995343e-37
7.545647600888969e-38
4.595549761421781e-38
2.7772139002314417e-38
1.6676590390560898e-38
9.960751489625686e-39
5.922810432071309e-39
3.5083814295440975e-39
2.071415806900627e-39
1.2195677401055465e-39
7.1628660200110805e-40
5.0431963260433755e-40
4.2689643925235266e-40
3.729588899663255e-40
2.8242349220281435e-40
2.6422924413458254e-40
2.6104205130403632e-40
2.0545921928144222e-40
1.876141415370044e-40
1.4692884149436037e-40
1.241981335210775e-40
1.1885651941866263e-40
1.3109834181969395e-40
1.090844407083724e-40
8.084116746416387e-41
5.623314119180996e-41
5.173393239404723e-41
4.0584780001627564e-41
2.9181354341067484e-41
1.9935237900941442e-41
1.316878561913859e-41
8.495437654232667e-42
5.742705826302815e-42
3.87254484970284e-42
2.536154543799454e-42
1.6263591396402273e-42
1.0265712510807225e-42
6.400734969217748e-43
3.952086850427582e-43
2.420902802291036e-43
1.4732810580151927e-43
1.2656067983739014e-43
1.0622826192388277e-43
7.932109121475735e-44
5.556686534116305e-44
3.9420295380075464e-44
2.7690688240344737e-44
2.3613687033724477e-44
2.5192971100003187e-44
2.1850281596431737e-44
1.6597400655604322e-44
1.175570690461902e-44
8.214752814501265e-45
6.229187145655772e-45
4.4092496686706256e-45
3.996176607810728e-45
Acceptance rate: 0.011
2.4594259365891636e-45
2.2137440380382925e-45
1.7130226134292146e-45
1.5761553392878852e-45
1.2398755529020485e-45
8.970172031127029e-46
6.175246216837932e-46
5.762098497513277e-46
4.720083369879537e-46
3.3876740482245413e-46
2.476683752550976e-46
1.7171867612538318e-46
1.4083729995957545e-46
1.226544920979334e-46
1.0217381857949314e-46
7.696505954983872e-47
7.058048106519522e-47
8.83628796364506e-47
9.139711917076099e-47
8.937016567515005e-47
7.565618687607239e-47
5.931463527328736e-47
5.407341810203496e-47
5.387025161964153e-47
5.043553385883172e-47
3.9854362277377084e-47
3.733809607431001e-47
3.1901745555315767e-47
2.587982209005216e-47
2.5725301671486785e-47
2.529319038281645e-47
2.299876094763195e-47
1.8129725679999e-47
1.5078748709007083e-47
1.5934587293978438e-47
1.4508337413960067e-47
1.5583298615911012e-47
1.456499935229571e-47
1.2186576756147005e-47
1.0422823425359373e-47
1.1335660005804866e-47
9.18329540179199e-48
8.636043845122379e-48
9.7607436502286e-48
7.665467826011322e-48
5.565855903044672e-48
6.369365679020852e-48
5.670829031221337e-48
4.789211065158245e-48
3.59968652479448e-48
3.6776959392716795e-48
2.814330108214726e-48
2.3991845743294915e-48
2.0794583211021396e-48
2.429762080241878e-48
2.3295892375070568e-48
1.867655533926596e-48
1.8628985964429457e-48
2.6026492883348237e-48
2.402641298008084e-48
2.2543092202784084e-48
2.3439832458002174e-48
2.034972141630665e-48
2.3154278548065273e-48
1.8178789502798547e-48
1.5015849704913396e-48
1.544112825389535e-48
1.397447233459151e-48
1.3185246751991712e-48
1.4890148202398998e-48
1.5265475464466476e-48
1.2984016013129151e-48
1.256707600559673e-48
1.2607662680401939e-48
1.2982440283881637e-48
1.1518385231644668e-48
1.0605106327409213e-48
8.42156922037386e-49
8.85525247649552e-49
1.0666238850300043e-48
1.1235820122624124e-48
1.0449655797570813e-48
1.0499967425288057e-48
1.1081795790847912e-48
1.179250873911915e-48
1.1719461719382856e-48
1.2826188282322883e-48
1.2629688018327989e-48
1.4536975876903442e-48
1.3212340593652732e-48
1.3683092142970064e-48
1.4811286286504794e-48
1.3145216357131762e-48
1.1245147935960092e-48
1.3399378623413697e-48
1.429668580134049e-48
1.5354037642228073e-48
1.8695343447588995e-48
1.7088797871195497e-48
1.730089945794427e-48
Acceptance rate: 0.045500000000000054
1.0988509020035445e-48
1.2895271670840399e-48
1.4251700049420144e-48
1.6152274238266562e-48
1.729210151506039e-48
1.8418628375708388e-48
2.4294303145958254e-48
2.841775271060299e-48
3.2818024135969635e-48
3.4754499956750205e-48
3.789201909031758e-48
3.8876444228015183e-48
4.002729860208688e-48
3.915173397842868e-48
3.830747639395681e-48
3.137134267738685e-48
3.6354281261491745e-48
3.664975552380925e-48
3.4375169268745634e-48
4.021152302760027e-48
4.492417945765912e-48
4.55873502138761e-48
6.18594429877625e-48
7.581517377962856e-48
7.414262810634081e-48
7.087312700316612e-48
8.007121865608016e-48
9.067890027963857e-48
1.0154061778582559e-47
1.151343767543116e-47
1.1980482047897289e-47
1.4263956730125737e-47
1.5494121385179786e-47
1.956919621384711e-47
2.3047817766505312e-47
2.380802089841739e-47
3.291821526222234e-47
3.7639613448942703e-47
3.9387817608113144e-47
5.367634557155826e-47
5.615280151113445e-47
5.932945149781079e-47
6.547033402154875e-47
7.359746356137166e-47
8.740377851826915e-47
9.833085067384085e-47
9.84401744656077e-47
1.14286721434251e-46
1.2636274398682003e-46
1.460026679167977e-46
1.7383611713386289e-46
1.87325366629883e-46
1.9558623377849194e-46
2.096551953781813e-46
2.244744638086341e-46
2.0001224767646298e-46
1.953606988628505e-46
2.205897759521412e-46
2.29817951485722e-46
2.595361955232912e-46
2.431626849113873e-46
2.6864535919299825e-46
2.712613466180596e-46
3.007272223512035e-46
3.0955075162583718e-46
3.2504230706427306e-46
3.632214687732327e-46
3.9561209852564884e-46
4.6041654196957894e-46
4.888354246526521e-46
4.720394168384257e-46
4.616538483412148e-46
5.095478988324563e-46
5.879269541573769e-46
6.770929666338304e-46
7.336451382478719e-46
8.379315796244593e-46
8.380359940594112e-46
1.0255619367437087e-45
1.2947772923925969e-45
1.3369386771881515e-45
1.5391189918889176e-45
1.6637938392140696e-45
1.692070240839478e-45
1.5778360499476334e-45
1.497282056138117e-45
1.526569245581019e-45
1.434042628210646e-45
1.588516131510857e-45
1.6848690271441363e-45
1.6949120359663756e-45
1.600555274568169e-45
1.5601254968769734e-45
1.6974897873236242e-45
1.950232418597874e-45
1.999568616293586e-45
2.2375013768497464e-45
2.4019662414336415e-45
2.60875776983481e-45
2.913964550564407e-45
Acceptance rate: 0.08662499999999984
1.879090278374336e-45
1.8862569633688122e-45
2.38083328813875e-45
2.7313982466994667e-45
2.5669269820566495e-45
2.8681262506315416e-45
3.0588001356949935e-45
2.995794863075592e-45
3.585537123576592e-45
3.797116934744783e-45
3.9229070796703717e-45
5.1825465190280714e-45
5.410434804863962e-45
5.771463293123985e-45
6.494729915287806e-45
7.050663975758075e-45
7.472309052122529e-45
9.51117772567034e-45
1.176257392706127e-44
1.3068342159178748e-44
1.2285318106245277e-44
1.2057580288514658e-44
1.1763659479710173e-44
1.151918961785736e-44
1.3864379665454789e-44
1.4628652996706975e-44
1.4401909067359215e-44
1.3655536373084448e-44
1.3378564557710018e-44
1.4419077831869328e-44
1.4786787758763273e-44
1.6389135834546354e-44
1.6001023044263762e-44
1.6351577067540961e-44
1.6639870328891323e-44
1.5574334785001353e-44
1.496684260019586e-44
1.5950313883929693e-44
1.8231514838824434e-44
1.8020299001623494e-44
1.8952549489553407e-44
1.809749783772811e-44
2.066195292257394e-44
2.0823170099748638e-44
2.251981520479391e-44
2.597553936865212e-44
3.2985564286401954e-44
3.516354785834366e-44
3.7134128830169837e-44
3.854249167398557e-44
3.604275872331172e-44
4.0231595719166905e-44
3.8086169491399625e-44
4.526431222734216e-44
4.982493268239069e-44
5.696024290828952e-44
5.462451856014976e-44
5.47827885995002e-44
5.237988879078717e-44
4.492496168727907e-44
5.192955696891531e-44
5.057475002644338e-44
5.788606500638903e-44
5.355590377173781e-44
5.168463961591887e-44
6.025479101675079e-44
6.284497342334849e-44
6.739337500095545e-44
6.409297246982224e-44
6.966819209120825e-44
8.793265107747382e-44
8.132962667248233e-44
8.303921507177609e-44
7.717320799675294e-44
9.848801968964592e-44
9.33744735386605e-44
8.48499280839701e-44
8.525576170509232e-44
8.40367705960798e-44
8.180391501853384e-44
7.556328243427059e-44
8.516470603046759e-44
7.870046609331029e-44
7.116548337014105e-44
6.618378736583261e-44
6.755576173369925e-44
5.676036868828514e-44
6.206304761211088e-44
6.6526181218331565e-44
6.830339403106394e-44
6.910706783608221e-44
5.864404153643626e-44
5.538643353025604e-44
5.638562211719522e-44
5.469419461895012e-44
5.800592810669297e-44
6.650300799502251e-44
7.015674408223335e-44
7.403561147402935e-44
7.208785291098539e-44
Acceptance rate: 0.09810000000000006
4.572134993454257e-44
4.820352767717282e-44
5.014681132386714e-44
4.58568494651345e-44
5.521388849957651e-44
4.933448337134471e-44
4.635730005797962e-44
4.2839801952117146e-44
3.6794334414081006e-44
2.937352606392773e-44
2.4191903085755834e-44
2.0729910781825352e-44
1.820864113575133e-44
1.6772379374866814e-44
1.8578105261080248e-44
2.245064075406062e-44
2.0639796786195282e-44
2.45851971304246e-44
2.2721484472785947e-44
2.0996369725008156e-44
1.7862282240154774e-44
1.7306102402820048e-44
1.6336519792459135e-44
1.646843343189614e-44
1.3428495899555158e-44
1.2770265166633136e-44
1.139045696870977e-44
9.027531406252984e-45
6.708039501369528e-45
4.786117798940156e-45
4.021670547594074e-45
3.5113034751619755e-45
3.6867226096055765e-45
3.3664668964849754e-45
3.708943503618298e-45
3.320618093536628e-45
3.853345551839594e-45
3.154247985092042e-45
3.323032638587084e-45
3.5845938259927313e-45
3.7890530303858897e-45
2.99882209985523e-45
2.1982212233743936e-45
2.0653241153014762e-45
2.1969158863125426e-45
1.9188820426186227e-45
1.6432631858567933e-45
1.769758188837281e-45
1.7418994648343726e-45
1.6038557391452196e-45
1.5244482386482747e-45
1.6152495846373478e-45
1.403992148811932e-45
1.2697215101997495e-45
1.7475381481623047e-45
1.7341555018012213e-45
1.765014175569819e-45
1.7139224681740977e-45
1.768332994030218e-45
1.778906706978864e-45
1.8204726492436383e-45
1.5001860165568766e-45
1.5012108140648806e-45
1.270230294230148e-45
1.2341029560327773e-45
1.1507115897891326e-45
1.2673221469447343e-45
1.3739722756913116e-45
1.4432491888428344e-45
1.288729142698686e-45
1.2997886472509734e-45
1.2027644456680636e-45
1.1697201021607023e-45
1.2891774598906167e-45
1.2171520632970869e-45
1.1657121969350524e-45
1.0863121422378279e-45
1.2931818832692836e-45
1.3690376376458708e-45
1.2225260731676522e-45
1.3661151706269972e-45
1.3195166579880151e-45
1.7414653326809362e-45
1.6143516769424662e-45
1.7553101922469658e-45
1.6065515957007505e-45
1.385498819570937e-45
1.2697358047218294e-45
1.3771905955003117e-45
1.496559461342158e-45
1.4445417975936353e-45
1.3268946823480037e-45
1.1756739001110362e-45
1.1917794610720701e-45
1.097947368630195e-45
1.11319728146018e-45
1.1549179048738597e-45
1.2965977245073218e-45
1.2407890062180367e-45
1.3148994112961603e-45
Acceptance rate: 0.09800000000000021
9.209230973252474e-46
1.2257430481285892e-45
1.40795007583727e-45
1.4462333028780266e-45
1.4948521073994965e-45
1.5824243725103054e-45
1.862700100184779e-45
2.4220162430482198e-45
3.066910665709793e-45
3.241680040008254e-45
4.014019528857089e-45
3.913879058051329e-45
3.938541307595216e-45
4.4739035079788935e-45
5.202761227306485e-45
5.1058876121165035e-45
5.105835673798526e-45
5.833417143901372e-45
7.061715611442332e-45
8.537353028408994e-45
9.498143638030317e-45
9.923153187620853e-45
9.725438714322974e-45
9.195714150069756e-45
1.0477636853922073e-44
1.0213066526191528e-44
1.1662217883981002e-44
1.3100192925579362e-44
1.3550720477168626e-44
1.5181549866267585e-44
1.6862407394584328e-44
1.935267315577459e-44
2.385129965944253e-44
2.3591492566215667e-44
2.5137214904587384e-44
3.141472147816381e-44
2.9511526186421824e-44
3.220244260008779e-44
3.359922799967437e-44
3.9008282262782404e-44
3.7776189320037157e-44
3.836453432740623e-44
3.7213187955129114e-44
3.7276326986638373e-44
3.972009434276846e-44
3.7117080577773263e-44
3.6440877842438116e-44
3.497830870949412e-44
3.959708855498385e-44
3.684591364792399e-44
3.7798492682338813e-44
4.784304854962279e-44
5.357259423865696e-44
5.460817635854048e-44
5.374329820772151e-44
5.918547494368171e-44
6.110197410515851e-44
6.252058277403395e-44
6.058975751575371e-44
7.322934468415112e-44
7.576718357315753e-44
7.771399816221427e-44
8.518896212586539e-44
8.808861786919756e-44
7.505023522917126e-44
7.586535339158417e-44
9.695544807007215e-44
9.332321073677054e-44
1.1394018630977725e-43
1.1642820392003467e-43
1.3903140090977707e-43
1.3558577311532344e-43
1.4554963345730114e-43
1.637445046643434e-43
1.9325123570868737e-43
2.183573073785003e-43
2.3065561189388357e-43
2.5700721126599e-43
3.284520815770264e-43
3.780711929407099e-43
3.936185010729319e-43
3.746419808850257e-43
3.695917182852968e-43
4.536923578259431e-43
4.929969734944801e-43
5.477026867401237e-43
4.991392703483991e-43
5.459440643085608e-43
5.047710736357979e-43
5.2749680184986784e-43
6.52524277424002e-43
6.430614161409425e-43
6.439188946136413e-43
6.778522476413584e-43
7.717013962306357e-43
7.868506645859822e-43
7.803903269563907e-43
8.182358306973744e-43
7.955635871126103e-43
7.815892257872557e-43
Acceptance rate: 0.11964285714285736
5.042898618355394e-43
5.324130416220673e-43
5.37023387207089e-43
7.190449528961281e-43
7.082717648085257e-43
6.1285295069142854e-43
6.373875568792514e-43
6.429161160264316e-43
6.449767676356579e-43
6.173874130611819e-43
6.705811171529802e-43
6.7560088368073855e-43
7.613402977728011e-43
7.839449078885218e-43
1.0836677304279999e-42
1.1404365546874399e-42
1.3561634363610117e-42
1.470571969063719e-42
1.774016675479393e-42
2.0823627515173868e-42
2.1318880364412717e-42
2.395261713880445e-42
2.541377925202046e-42
2.627019002769188e-42
2.5514549118322594e-42
3.010190693457068e-42
3.059957348011715e-42
3.0782910746471704e-42
3.1871115821267576e-42
3.097732557168535e-42
3.412033228680105e-42
3.3902135932456786e-42
2.9596756737931695e-42
2.877294738208466e-42
3.8696439773756465e-42
4.097828406376287e-42
4.892632281464677e-42
4.775721071068804e-42
4.629098173853005e-42
4.656622457496562e-42
4.403744885177054e-42
5.040587345146616e-42
4.9726963085818914e-42
5.2335673496448546e-42
5.728013366057512e-42
5.742521358173527e-42
4.9228318419112294e-42
4.730046634848906e-42
4.9153727873158226e-42
5.891417801419024e-42
6.163329357669189e-42
6.25789805268934e-42
6.026007072701741e-42
6.114455443879335e-42
5.361826917852931e-42
5.921693731566306e-42
5.385572260412822e-42
5.632321603619318e-42
5.938994525268402e-42
6.29533814806074e-42
7.002174751465561e-42
6.380906015462613e-42
5.722368944605798e-42
5.873075751052702e-42
5.4857243260735795e-42
7.073084247366103e-42
7.513353627925515e-42
6.592875937808023e-42
5.6169799174978205e-42
4.8118001730859634e-42
3.803640040895694e-42
3.588118613205085e-42
3.3316548139548675e-42
2.8117730414303612e-42
2.3795106206856698e-42
2.4504189216351763e-42
2.347980954237342e-42
2.0767763095509343e-42
1.795304771659185e-42
1.8416737182874424e-42
1.5998588310285233e-42
1.698375651616164e-42
1.4484856891662022e-42
1.4583745541339487e-42
1.3113545638315836e-42
1.447214948888105e-42
1.2899964644519462e-42
1.1321116976054971e-42
1.00176482535977e-42
1.0244355221195429e-42
1.0938187978456762e-42
1.0837401635851119e-42
1.2925217119686528e-42
1.2764420902682791e-42
1.3693373322626246e-42
1.338499872712699e-42
1.2519589314206762e-42
1.1818645305186212e-42
1.2209946846956687e-42
1.1076647133686246e-42
Acceptance rate: 0.12568750000000056
Sampling time (10 samples): 4313.2466 seconds
