./Control/Output/AM_PM_ET_160_318_00
1.0670690740234573e-06
5.192893672350634e-07
2.6194567648097805e-07
1.3155089047869586e-07
6.402175381981197e-08
3.118250975210655e-08
1.5214291117558965e-08
7.672833979022468e-09
4.37580830471836e-09
2.4016649003981386e-09
1.2879344983442325e-09
6.805129803320494e-10
3.560660201533927e-10
1.8508858647532228e-10
9.579106331281475e-11
4.943337140053983e-11
2.5464303124781347e-11
1.3103877341422896e-11
6.740259527200035e-12
3.4669847139336184e-12
1.7838976107512943e-12
9.18419373080686e-13
4.732060484615325e-13
2.440412972066642e-13
1.2598848297050489e-13
6.51166268605122e-14
3.369584475422911e-14
1.7458495709319405e-14
9.057328737225894e-15
4.705095582806054e-15
2.447485923817839e-15
1.2748549608757242e-15
6.64956301091641e-16
3.473106580049317e-16
1.816498684335666e-16
9.513536760200228e-17
4.9892553447468106e-17
2.620066296668661e-17
1.3777389499938079e-17
7.254281621497303e-18
3.8246258638080035e-18
2.0190378551704624e-18
1.0672213995833182e-18
5.648232038854106e-19
2.9930343123009908e-19
1.5879803520657385e-19
8.43540312539969e-20
4.486284687706163e-20
2.3888069283364718e-20
1.2734487598835568e-20
6.79643394262681e-21
3.631390594525851e-21
1.942451399348734e-21
1.0401736598502461e-21
6.0979902372380345e-22
4.012706636847593e-22
2.5250159825105055e-22
1.5424206972311274e-22
9.226517206096391e-23
5.434453595550998e-23
3.163431338985882e-23
1.8246135528545667e-23
1.0447534265520999e-23
5.947069325847428e-24
3.525730211794225e-24
2.155467647359224e-24
1.2928947917536471e-24
9.360011489899163e-25
6.725128057625538e-25
4.48871149843393e-25
2.865306478695524e-25
1.7754523040432624e-25
1.3002596357368842e-25
1.0191683746017225e-25
7.14442095047485e-26
4.710384882234167e-26
2.98803176403355e-26
1.8461173901460446e-26
1.1190785168869946e-26
7.271854850137318e-27
7.221924065045181e-27
5.6239508619484644e-27
3.942134070028402e-27
2.605649368801273e-27
1.659173953971766e-27
1.0297094210699882e-27
6.2724882769674104e-28
5.088421059870409e-28
4.309264215750203e-28
3.1551930901465265e-28
2.1444928135586984e-28
1.3932859240196107e-28
8.783737634874803e-29
5.42020145322891e-29
3.291792623528795e-29
1.9748428441617506e-29
1.1733937476128077e-29
6.918153423696055e-30
4.053141157642178e-30
2.362251932892573e-30
Acceptance rate: 0.004999999999999998
1.319681130768369e-30
7.640979976503698e-31
4.409618162823947e-31
2.5376965657099627e-31
1.45694528775307e-31
8.34758167219654e-32
4.7743897498081155e-32
3.111417237612783e-32
2.7800395499885355e-32
2.0997510102491052e-32
1.460458321858351e-32
9.673280990416487e-33
6.203663003741109e-33
3.8889166843884104e-33
2.3970851045588867e-33
1.458555392058242e-33
8.785027195530667e-34
5.248231636262389e-34
3.1144659572295157e-34
1.8380401527810348e-34
1.0797408331046089e-34
6.318157346236221e-35
3.684865880429758e-35
2.142998521713059e-35
1.2432667444131138e-35
7.197712346556855e-36
4.1594466168838305e-36
2.399897281119718e-36
1.3827897410902085e-36
7.958005021927238e-37
4.575144741107434e-37
2.627952455521112e-37
1.5083233359600936e-37
8.651307941155689e-38
4.959298945333388e-38
2.8414909892249974e-38
1.6273917220069595e-38
9.317226843770571e-39
5.332807567843385e-39
3.051568575652716e-39
1.7458596127829668e-39
9.986962122331192e-40
5.7123196947774305e-40
3.267097726496488e-40
1.8685138366133542e-40
1.0686311855348526e-40
6.11178828072167e-41
3.4956524268681143e-41
1.9994810069530494e-41
1.143784421698324e-41
6.543602560039836e-42
3.7440598280035555e-42
2.1425374765254357e-42
1.2262525616089332e-42
7.019445805394055e-43
4.018853569166779e-43
2.301349721393237e-43
1.3180999930682553e-43
7.550978649762998e-44
4.326640225299189e-44
2.4796716664830164e-44
1.421465560502205e-44
8.150418685286487e-45
4.674415531044253e-45
2.681517999211917e-45
1.5386579878731968e-45
8.831068240574812e-46
5.069857609962048e-46
2.9113278087768326e-46
1.6722475942536537e-46
9.60783057420254e-47
5.521618666126535e-47
3.1741300474680974e-47
1.8251604920450217e-47
1.0497747983976703e-47
6.039633363301724e-48
3.4757207825391555e-48
2.0007807498248938e-48
1.152059214233439e-48
6.635460740483103e-49
3.822861653738838e-49
2.203065807883357e-49
1.269953650481619e-49
7.322676589173712e-50
4.2235091770750343e-50
2.4366806605679714e-50
1.40619424534549e-50
8.117334537990058e-51
4.6870854439617627e-51
2.7071569232026254e-51
1.5640294751880482e-51
9.038516585523972e-52
5.224802334885915e-52
3.021083879363997e-52
1.747332793422188e-52
1.0108997536026414e-52
5.850053636710801e-53
3.3863399862193645e-53
1.9607393634946938e-53
1.1356052866363292e-53
Acceptance rate: 0.0027499999999999985
6.57787845666584e-54
3.8117876231891433e-54
2.2094724869412396e-54
1.2810472236013835e-54
7.429471138580632e-55
4.309892631552747e-55
2.500865632522791e-55
1.451540578172094e-55
8.427183938317674e-56
4.893840199719276e-56
2.84269757289791e-56
1.6516751652241305e-56
9.599116503256451e-57
5.580203876524942e-57
3.2447450894654803e-57
1.8872192024095503e-57
1.0979305917796175e-57
6.389071246467057e-58
5.766930072292481e-58
4.677292200837515e-58
3.4471895445671e-58
2.4045677889528928e-58
1.6184985178684015e-58
1.0625510958695197e-58
6.8486273520712935e-59
4.352601359674148e-59
2.7358007438173403e-59
1.7043019379683278e-59
1.05398001998308e-59
6.47850994408774e-60
3.961790498648537e-60
2.4122000317537131e-60
1.4632179012422002e-60
8.84705523931639e-61
5.334150705863165e-61
3.208203830732765e-61
1.9253894115065608e-61
1.1533098777058743e-61
6.896672599370261e-62
4.117958414500331e-62
2.455528659817742e-62
1.4624862824539507e-62
8.70117379607783e-63
5.171925116347055e-63
3.071556878590796e-63
1.8227861655716184e-63
1.0809820939271534e-63
6.406754992280348e-64
3.7950952734667264e-64
2.2469715793192533e-64
1.3297982983287197e-64
7.86698096675919e-65
4.652469139404529e-65
2.7506113619503584e-65
1.6257772462192616e-65
1.1055144002534704e-65
8.815581653077463e-66
6.463833302864013e-66
4.5092104857297263e-66
3.0437611801217446e-66
2.0071770284746634e-66
1.300832166940231e-66
8.318486515103344e-67
5.2633478494558187e-67
3.301806399481399e-67
2.0566960328660733e-67
1.2735696026580305e-67
7.847039442423817e-68
4.814336756543307e-68
2.942874801965271e-68
1.7931778691423117e-68
1.0896004936395291e-68
6.604677233704814e-69
3.9948632741998986e-69
2.4117135801382206e-69
1.4535020341983295e-69
8.746856658905225e-70
5.256600102245356e-70
3.155265803602757e-70
1.891904831736926e-70
1.1332950444773894e-70
6.7828121513745394e-71
4.056372517691338e-71
2.4241600484711155e-71
1.4478076794827695e-71
8.642000259137741e-72
5.155805310008508e-72
3.074540747863824e-72
1.832677720503152e-72
1.09202553959099e-72
6.504852233705677e-73
3.873607758852787e-73
2.3061190017754814e-73
1.3726150663520186e-73
8.168246215090659e-74
4.8599629287690925e-74
2.8911548835561577e-74
1.7197028640017852e-74
1.0227930997983503e-74
6.0825051397392e-75
Acceptance rate: 0.0021666666666666718
3.6041744137219444e-75
3.4304193923196605e-75
3.6349324915997417e-75
3.0498382432470783e-75
2.3085066308997596e-75
1.6486010278197798e-75
1.1341506695386677e-75
8.382136170055288e-76
7.613038873589038e-76
5.994573481309715e-76
5.386567876583593e-76
4.666844818862583e-76
3.5932868205198106e-76
2.5942716657553832e-76
1.7986701417420222e-76
1.212882338714994e-76
8.015087814576283e-77
5.216053014065718e-77
3.3540352090256646e-77
2.136078696633405e-77
1.3497475110460695e-77
8.473279563332031e-78
5.290092794630102e-78
3.2873315466310587e-78
2.034598419521065e-78
1.2548823295095888e-78
7.716318456473524e-79
4.732190304120995e-79
2.895316920095562e-79
1.7677813640836243e-79
1.0773572615441874e-79
6.555055181268123e-80
3.982481851423706e-80
2.4163404577241587e-80
1.464358470417201e-80
8.864882759381395e-81
5.361428317963834e-81
3.2397431324826252e-81
1.956138458253567e-81
1.180266823706935e-81
7.116751655217622e-82
4.2887525305322474e-82
2.583162829772191e-82
1.5551276213616067e-82
9.358227852898497e-83
5.6292772962619735e-83
3.385007789931229e-83
2.0348380953988183e-83
1.222861014389905e-83
7.347069594780342e-84
4.413191361317866e-84
2.650353035297488e-84
1.5913914723892127e-84
9.553925763116574e-85
5.734911800218724e-85
3.4420687576191215e-85
2.065701423729155e-85
1.2395884603342985e-85
7.43799256134498e-86
6.92191777830797e-86
5.610024481192166e-86
4.186197749652617e-86
2.9736019941913925e-86
2.0443538459051786e-86
1.3732374094348327e-86
9.065999768485287e-87
5.905752825254525e-87
3.806453337138608e-87
2.432323824668781e-87
1.5432289912017889e-87
9.733057678735174e-88
6.107625567276695e-88
3.816058255950729e-88
2.3753802743539368e-88
1.473796831532015e-88
9.118091056221021e-89
5.6270364793019e-89
3.46489769505421e-89
2.1293316675310958e-89
1.3062640630825712e-89
8.000806402154754e-90
4.8935251955416525e-90
2.989212516671156e-90
1.8238663952787623e-90
1.1116772399395554e-90
6.769502826504258e-91
4.1187510196456613e-91
2.5040292131583915e-91
1.5212803680697614e-91
9.236406975091055e-92
5.6046184111784084e-92
3.3990780928811806e-92
2.060483691505933e-92
1.2485017685227678e-92
7.562030657333462e-93
4.578601798141691e-93
2.7713223249018096e-93
1.6769275439754544e-93
1.0144413477017719e-93
6.1353069704834e-94
Acceptance rate: 0.0021250000000000054
3.6919569290818525e-94
2.232032449196752e-94
1.6432828361959324e-94
1.2009633577969134e-94
8.433582998727783e-95
5.76181568450451e-95
4.184685073696582e-95
3.052364130470713e-95
2.1410780242373877e-95
1.5639652936900426e-95
1.4229162412145382e-95
1.1308115872695497e-95
8.370196013721498e-96
5.92986783465455e-96
4.078076519288347e-96
2.745132819836521e-96
1.8182715517138104e-96
1.1892949764925869e-96
7.701077948819871e-97
4.945935341979211e-97
3.1549145003416196e-97
2.0009622608395235e-97
1.2629128082657672e-97
9.325822770869363e-98
7.102346105435495e-98
5.127054484262486e-98
3.5739145004446305e-98
2.4307121728238856e-98
1.623339321921883e-98
1.3017290197492014e-98
1.0775454217746607e-98
8.170695033639014e-99
5.884096500763421e-99
4.095997473166064e-99
3.410517120355958e-99
2.9062214080245376e-99
2.49644299677907e-99
1.931440054076149e-99
1.4088116984092516e-99
9.894977906161864e-100
6.769751938818084e-100
4.543174543351819e-100
3.6995200060165367e-100
3.381235460848106e-100
2.8780773095961055e-100
3.0743674244952775e-100
2.6222461675037385e-100
2.0740525685407912e-100
1.5326980825268903e-100
1.0863623178345682e-100
7.483540376817426e-101
5.049542908504553e-101
3.35421143830899e-101
2.2907222612865385e-101
1.9845171039072905e-101
1.5437639105980243e-101
1.1307469713057677e-101
7.969942188236907e-102
6.708879285054599e-102
5.815915688255329e-102
4.527056449093608e-102
3.317920215792053e-102
2.3400089776274783e-102
1.960071476396514e-102
1.6608624844036578e-102
1.3515679695350373e-102
1.1674909791430483e-102
9.074484378918974e-103
6.647007106207758e-103
4.687350434305249e-103
3.219352029395753e-103
2.1687063104829344e-103
1.570755782942705e-103
1.1687982753440442e-103
8.330328721257509e-104
5.981065202866271e-104
5.005193243570465e-104
3.932433765950387e-104
3.274828117876522e-104
3.3268255870822794e-104
2.7886620578659084e-104
2.1348501844026365e-104
1.5500663023874362e-104
1.629689537163067e-104
1.549013848568158e-104
1.3416002913089672e-104
1.1653229341112116e-104
9.093536149604034e-105
6.68291464120428e-105
4.726575764824194e-105
3.2552103218301948e-105
2.1985985949838255e-105
1.463027570493066e-105
1.234505214234932e-105
9.633858772012892e-106
8.192828748692814e-106
7.972563549278141e-106
6.5695943952008605e-106
4.98630340648722e-106
3.6032644572318135e-106
Acceptance rate: 0.004000000000000006
2.2250624601560415e-106
1.5427210882179239e-106
2.2716344068271703e-106
2.318148377718132e-106
2.422037515750878e-106
2.2814313389659347e-106
2.059554173510651e-106
1.8707963200918318e-106
1.6415051858141596e-106
1.2890830609271816e-106
9.518916960648254e-107
6.759194567435366e-107
4.671456490128128e-107
3.1653070689390126e-107
2.1126715963989703e-107
1.393488657711604e-107
1.0252574653883602e-107
7.70105371356081e-108
5.5316963604640034e-108
4.3106726480572685e-108
3.1941612837578932e-108
2.2741465995159087e-108
1.5751709581187292e-108
1.6215214001007003e-108
1.4657994217315459e-108
1.1692926114081662e-108
9.39944239177758e-109
7.175414900767254e-109
5.209963132596594e-109
3.899758789178767e-109
3.8193998482959217e-109
3.303217813841374e-109
2.446135316428168e-109
1.973428857283763e-109
1.9460892049158552e-109
1.6234482030280356e-109
1.290908403771177e-109
9.630435926306096e-110
6.89139938672279e-110
4.79285444016355e-110
3.2650916849545524e-110
3.015998154122001e-110
3.123690883671509e-110
2.650438871822426e-110
2.0486155709867607e-110
1.5000950399826023e-110
1.0603610925020831e-110
7.31164799605293e-111
4.94995114721278e-111
4.08177546004542e-111
3.182843032646967e-111
2.6976337457437685e-111
2.142065330452966e-111
1.5950693669738628e-111
1.1406047031513352e-111
7.932289578654586e-112
5.405695748049441e-112
4.70248895629463e-112
4.219772505224295e-112
3.359729899583646e-112
2.531347134829208e-112
2.052363555094546e-112
1.491798039864122e-112
1.0496878513628644e-112
7.217111877199926e-113
4.8770684034941714e-113
3.8337025211164453e-113
3.2342973847685215e-113
2.985051839939484e-113
2.2849937976642437e-113
2.0197303205030108e-113
1.7502787405662734e-113
1.9588971313631438e-113
1.7144332079221478e-113
1.3487933176138668e-113
1.317502778768094e-113
1.2271460480957539e-113
9.95651472014399e-114
7.516063968200098e-114
5.661195505103434e-114
4.324171030209705e-114
3.146629380784535e-114
2.5745636469808147e-114
1.911644992689035e-114
1.5813489442303283e-114
1.2910458916839187e-114
9.784087542514863e-115
7.08507039786437e-115
4.9757348882213365e-115
3.522494330538813e-115
2.9483225751484375e-115
2.266438814180817e-115
1.6565724077280174e-115
1.171098457232141e-115
1.2056424569100048e-115
1.1381219977226092e-115
9.110880741303807e-116
6.888188466257792e-116
5.149575599869518e-116
4.9744521262378926e-116
Acceptance rate: 0.007083333333333325
3.161817594504238e-116
2.565547655497234e-116
1.9385235475056424e-116
1.401746836299522e-116
9.83841454870358e-117
6.758347909161985e-117
4.567820984737369e-117
3.0484627300474908e-117
2.0139700846437455e-117
1.3195635667148388e-117
8.586591127779065e-118
5.555138421912418e-118
3.576219016615791e-118
2.292486970492816e-118
2.060363086857792e-118
1.6458685235131379e-118
1.559265889443946e-118
1.4529866429233528e-118
1.6459485680536486e-118
1.4506121836933962e-118
1.1475981766590886e-118
8.547045633475858e-119
6.124922692223669e-119
4.273447832729085e-119
2.9238006775958315e-119
2.4608243099009614e-119
2.2806998383333255e-119
2.3852473863141593e-119
2.047112305557042e-119
2.1664325735788034e-119
1.825986754358994e-119
1.4112622712336407e-119
1.0363401176172025e-119
7.357724245011562e-120
5.1004182007658073e-120
3.744338297551969e-120
2.8394841218994978e-120
2.0601435835148522e-120
2.4712276059917253e-120
2.3662610398386196e-120
1.9503099753110807e-120
1.4890893017171669e-120
1.0853232218526946e-120
9.590354446036502e-121
8.89652827182677e-121
8.983577041438639e-121
8.124623681228554e-121
6.5190742709933036e-121
4.90114447985773e-121
3.536951074497699e-121
2.481740754211676e-121
1.706081338451431e-121
1.1547733681489563e-121
8.377777934796073e-122
6.574612709479495e-122
5.054866615584097e-122
4.4868326243540685e-122
4.3176137464784175e-122
3.5754786847883637e-122
2.7389809001077934e-122
2.181140777745052e-122
1.8686833398392526e-122
1.7911935409487943e-122
1.4988940089940342e-122
1.2086581118044123e-122
9.382955963471064e-123
6.916514462957396e-123
4.927583395636215e-123
3.632103194874579e-123
3.633289642457227e-123
3.057164103890652e-123
2.8049680963157586e-123
3.009125388332586e-123
2.6057413628837396e-123
2.0468174734928305e-123
1.5203238693285152e-123
1.0890313249012256e-123
7.605231039234206e-124
5.21240903354878e-124
3.5213790471959946e-124
2.8490309423763313e-124
2.324550154017305e-124
1.938142667217778e-124
1.8892384537760453e-124
1.8225655555734676e-124
1.6769067913019741e-124
1.359042436042155e-124
1.235523076896302e-124
1.1040367217512994e-124
1.4288694600070172e-124
1.3709085904556606e-124
1.220189194144686e-124
9.729130049152845e-125
7.296985093104577e-125
6.946759562072764e-125
5.772404336613899e-125
5.780042341522286e-125
6.240342553219906e-125
6.300591542489758e-125
5.329293626492356e-125
Acceptance rate: 0.008785714285714272
3.381542747721803e-125
2.5848880060166616e-125
1.888505382675385e-125
1.6521781810620914e-125
1.3053227494041014e-125
1.2655470177523413e-125
1.168449159087437e-125
9.493227326859923e-126
9.300255006559605e-126
1.0353529591953068e-125
9.096578077961848e-126
7.085874547597397e-126
5.390229786691454e-126
6.484270629715675e-126
6.970820530245985e-126
6.528224461161833e-126
6.009108348747655e-126
5.570064906526257e-126
6.042263499139365e-126
5.745230812926167e-126
6.266113718325683e-126
5.472826844422372e-126
5.0298279899684325e-126
5.976385841777767e-126
5.908778580500199e-126
4.958109190763228e-126
3.834903221559421e-126
3.344857328332552e-126
3.150134189279219e-126
2.5858963641401736e-126
2.6559914213859452e-126
2.2717491795610496e-126
1.7184598953879036e-126
1.612986221382071e-126
1.3770467125088682e-126
1.1971536272235755e-126
1.0700956197008757e-126
8.997016045565531e-127
9.313142901220013e-127
7.973334349159999e-127
6.238709424934917e-127
4.631067364518788e-127
3.791257346676667e-127
2.883531976437367e-127
2.6531510521054e-127
2.3356294186779954e-127
2.1457481562066404e-127
1.769937540544687e-127
1.3692064997850173e-127
1.2213169146997246e-127
1.2622826618311453e-127
1.1734418742472074e-127
1.0742049165398605e-127
9.962468394964748e-128
8.567982611350439e-128
7.567100572363611e-128
7.317170112155542e-128
6.996294790755845e-128
5.813858785727587e-128
4.5978957684879525e-128
4.3706814411484347e-128
3.786223558116812e-128
3.178546140634044e-128
3.1836860553125036e-128
2.9165465961976404e-128
2.3196732906503865e-128
1.9012378340183012e-128
1.719920036567135e-128
1.4319122506990469e-128
1.5453095315661858e-128
1.3720861153763012e-128
1.1090112809365721e-128
1.0853861016577683e-128
9.553549157506305e-129
7.930133870621902e-129
7.563435159679133e-129
6.691507765886483e-129
6.331387617811471e-129
5.189496901575886e-129
3.9663365198695515e-129
3.51355456966377e-129
2.977510445511364e-129
3.107450430841248e-129
2.6986676458705606e-129
2.6181087345734316e-129
2.859076448901552e-129
2.2606763351232436e-129
1.8302170535343766e-129
1.847469536226285e-129
1.8667328081475825e-129
1.8516361044886406e-129
1.7837352370859343e-129
1.6734668842031183e-129
1.789768985222476e-129
1.727562868596288e-129
1.920901431808262e-129
1.9180497453346773e-129
1.7120671563184764e-129
1.460238998690777e-129
1.1751153668241177e-129
Acceptance rate: 0.012812499999999984
Sampling time (10 samples): 4265.6970 seconds
