./Control/Output/AM_PM_ET_189_251_00
1.06386198676214e-06
5.5024839670626e-07
2.550647290610506e-07
1.3034488910277012e-07
7.166144660518629e-08
4.46343315343828e-08
2.5290036967887527e-08
1.3927914874652086e-08
7.45252572958455e-09
3.918380115852296e-09
2.0374385332458785e-09
1.1093049885002649e-09
6.364357466341807e-10
3.53697633398382e-10
1.9257240616189134e-10
1.0340461331909744e-10
5.4993189860803994e-11
2.904892333388755e-11
1.5270656627979204e-11
8.00026880489881e-12
4.1813922878562765e-12
2.1819475713532465e-12
1.279185630807438e-12
7.731192792587043e-13
4.511029962277974e-13
2.570941390559189e-13
1.6789514903690067e-13
1.38707459921389e-13
1.0165581975928615e-13
6.673597643430571e-14
4.12720694948301e-14
2.4596492901773458e-14
1.429851711607348e-14
8.167039070589821e-15
4.60496015215388e-15
2.5713248749214764e-15
1.4250771058491054e-15
7.852156382244586e-16
4.306751773008611e-16
2.3536259196903816e-16
1.2825607836314114e-16
6.973180847876498e-17
3.784474041438513e-17
2.0510310793342312e-17
1.1103792592050924e-17
6.006468765613416e-18
3.2472308035726823e-18
1.7548295708992374e-18
9.480991113056141e-19
5.121866892055739e-19
2.766996975954137e-19
1.4949882982264171e-19
8.078902953680346e-20
4.3670091631426733e-20
2.3613489444429853e-20
1.2773328425144857e-20
6.912515241656749e-21
3.742602725095184e-21
2.0273654818309493e-21
1.0988136720007272e-21
5.958829053607753e-22
3.414254601980655e-22
3.8798821993379e-22
3.7479306667030844e-22
2.860797117860628e-22
2.2224082885691764e-22
1.6003120506791884e-22
1.0979586007347825e-22
1.0207774864222602e-22
7.702536754673292e-23
5.2846533008202385e-23
3.4339677143939843e-23
2.154688294845295e-23
1.3195957481100792e-23
7.939938032225774e-24
4.7139466955093345e-24
2.769731172773867e-24
1.614014489103433e-24
9.343001014626314e-25
5.379013905907242e-25
3.0829606147311877e-25
1.7603912755580397e-25
1.0020512591709335e-25
5.688864121369185e-26
3.222509047515794e-26
1.8219833646710864e-26
1.028493758907811e-26
5.797921572786391e-27
3.264731464496317e-27
1.836561142378978e-27
1.0323190033597196e-27
5.798718627909264e-28
3.255451761221546e-28
1.826824443712355e-28
1.0247749155103707e-28
5.747003182186096e-29
3.2223062435124425e-29
1.8064763231115798e-29
1.012657180681647e-29
5.67648245002423e-30
Acceptance rate: 0.00950000000000001
3.159991225836491e-30
1.7715546905811854e-30
9.932560676416759e-31
5.569550486627e-31
3.123518948752289e-31
1.7520429735134983e-31
9.829520660597423e-32
7.120808036764422e-32
5.191815551982726e-32
3.5379327510513e-32
2.312029142599834e-32
1.46863155771819e-32
9.14047761539713e-33
5.602416712723183e-33
3.393394901014565e-33
2.03615779831303e-33
1.5304814120174056e-33
1.1082660673788997e-33
7.536580635135164e-34
4.926464531800307e-34
3.1343022514373107e-34
2.1182118891571356e-34
1.3693073137076424e-34
8.645914134052977e-35
7.483384009169325e-35
5.84683987763878e-35
4.1586083966844977e-35
2.8020810911469944e-35
1.8229801517975648e-35
1.1573016135612621e-35
7.446553179031387e-36
5.332697682126576e-36
5.0515944182317934e-36
4.2319010443496404e-36
3.124848161057937e-36
3.105902470431826e-36
2.5630157737854536e-36
1.9142482327387158e-36
2.0871643425176485e-36
1.7500136632156264e-36
1.3302528326330103e-36
1.0810948075981257e-36
8.93388040526823e-37
8.126857375524378e-37
6.247020283141772e-37
5.384776286915725e-37
4.959151582180598e-37
4.558660108254341e-37
4.826471754060169e-37
4.50957148621373e-37
3.6912925118388293e-37
3.0285682938071766e-37
2.4754760496951082e-37
1.898778936848213e-37
2.199562392169371e-37
2.0610629545301848e-37
1.608946762062254e-37
1.0799223342521078e-37
9.337424555450228e-38
6.579195453417446e-38
5.3966978331243e-38
5.255018192650193e-38
3.852532986059742e-38
4.2052415046585677e-38
4.4380672609216127e-38
3.5822056989022436e-38
3.5633241443185854e-38
3.210069513040525e-38
2.653237664469537e-38
2.8586849980375145e-38
2.8712057892460287e-38
2.587986587410532e-38
2.216138571647724e-38
1.957857382324747e-38
2.4135448046291293e-38
2.3692479786260636e-38
2.1613821810000873e-38
2.186295350205553e-38
2.1010544992759683e-38
2.1058278271457565e-38
2.13035460060374e-38
2.422316800618251e-38
3.1518051948369326e-38
2.94609367459985e-38
2.620350227415633e-38
3.004204162815696e-38
3.039735278793639e-38
3.615644320764808e-38
3.4748882072237643e-38
4.091783815082132e-38
4.6993408339510085e-38
3.952393116064011e-38
3.400488848801373e-38
3.2305961610919275e-38
3.1846778667236174e-38
3.5626973350052013e-38
3.896728084547763e-38
3.647797088347115e-38
3.7860788841900883e-38
3.7450346499378415e-38
Acceptance rate: 0.0415
2.2215391577146643e-38
2.1524808216334046e-38
2.177989744596698e-38
2.379039231146909e-38
2.423469722694801e-38
2.9247808445692657e-38
2.7649993517094907e-38
2.6504039729055623e-38
2.464072307533618e-38
2.2345687878265597e-38
2.1333973492834733e-38
2.2715104485899638e-38
2.5117889250939165e-38
2.934526520164259e-38
2.6199695683633924e-38
2.613499764383688e-38
2.533921416502606e-38
2.5201172733626175e-38
3.610739876603235e-38
4.873671913718146e-38
5.121314070700384e-38
4.758417395943277e-38
5.513004022169541e-38
6.289942542212889e-38
6.673332570943256e-38
7.431422940932859e-38
7.193585268310324e-38
7.825762829429771e-38
7.88736897253119e-38
9.075659359264779e-38
8.507086580009274e-38
1.0874438153472184e-37
1.2198979366801265e-37
1.1782113902283635e-37
1.2290409332554854e-37
1.3338171740402924e-37
1.5112957713000844e-37
1.9519278541053264e-37
2.5664475368866525e-37
3.773576030706915e-37
3.780991567845778e-37
3.901904214595262e-37
4.721815520539053e-37
4.65991650553774e-37
4.77400721531206e-37
5.738445989823333e-37
7.226041030418271e-37
9.151767697758709e-37
1.2541265686080498e-36
1.2521656245639934e-36
1.5194345847078813e-36
1.7813559151420238e-36
2.0806628399219796e-36
2.2401303304626144e-36
2.2153523357243085e-36
2.906120484994789e-36
3.3245804135671464e-36
3.260571455621396e-36
3.009715797209383e-36
2.8749648004404312e-36
3.168843911745902e-36
3.430997677052445e-36
3.438445024523738e-36
3.569615064999791e-36
3.989415365295671e-36
4.1987739922911975e-36
4.661210942506359e-36
5.42775900971054e-36
5.7890229399188087e-36
5.5391575023471485e-36
5.766875199906418e-36
6.330876025699077e-36
6.975298768321468e-36
6.688220269793889e-36
8.55409812007026e-36
9.726551847404896e-36
1.1734374770454131e-35
1.3721842909325437e-35
1.4679491099262096e-35
1.9064784930618668e-35
2.6186470763847006e-35
3.488239195571794e-35
3.7901224902807137e-35
4.1342668132581395e-35
5.311276752923409e-35
6.7513172498087e-35
7.744949951883351e-35
7.578669032988761e-35
8.74894076395956e-35
1.007351266859132e-34
1.109045484045941e-34
9.564924777104034e-35
1.015661898929731e-34
1.2067319284672696e-34
1.3475813916439564e-34
1.367744779322148e-34
1.5541219414036886e-34
1.6441816616974172e-34
1.7001568359319382e-34
1.580336451698317e-34
Acceptance rate: 0.11183333333333348
9.823164114812239e-35
1.0147519424632376e-34
1.1364205233294259e-34
1.3340235958233819e-34
1.5189154193346572e-34
1.6568514059606867e-34
1.9425044132909704e-34
2.286371641205652e-34
2.920091918246835e-34
3.2637464797665263e-34
3.4366931974355326e-34
3.7013997487554814e-34
4.644903130963464e-34
6.068638862323801e-34
9.890502819523818e-34
1.067731580356521e-33
1.232314881512655e-33
1.368162366228336e-33
1.3438687327357476e-33
1.4054301819071384e-33
1.352030363768507e-33
1.546522707351312e-33
1.586648943639395e-33
1.677315794473853e-33
1.968842044525771e-33
2.7582538510126053e-33
3.667515900304967e-33
3.7591897940440755e-33
3.838257145112968e-33
4.8722323715453075e-33
5.402231413017258e-33
5.254277672860092e-33
5.891605033617948e-33
7.668938454818961e-33
8.232946258321074e-33
8.668823557745963e-33
9.067473782699365e-33
9.531058721098953e-33
1.178283147625738e-32
1.3308715115323766e-32
1.9920078149353364e-32
2.084711514730857e-32
2.783185957259104e-32
2.7071039709604897e-32
3.244446572735513e-32
4.402696144570304e-32
4.8473427536975783e-32
5.010766537574999e-32
5.567641941449439e-32
5.828443553698848e-32
5.932922147730808e-32
6.167544462861135e-32
8.492895922309363e-32
9.034265514217226e-32
1.0692900533339092e-31
1.1997527780889263e-31
1.3128985669458986e-31
1.2079084010965334e-31
1.5152978278780932e-31
1.6072287813739034e-31
1.7936291361021105e-31
1.6970234383845091e-31
1.5579266616322088e-31
1.5154445804709857e-31
1.7615608916638146e-31
1.719620268407631e-31
1.7087520897944115e-31
1.9184471742297308e-31
1.692854991914025e-31
2.010943251442024e-31
2.5166929935166236e-31
2.427860156581546e-31
2.2871049150025115e-31
3.110150503881482e-31
3.2663728854589496e-31
2.917409363143054e-31
2.669781951311966e-31
3.0158891558032014e-31
2.8041677265150975e-31
3.370838002897966e-31
3.703134963557204e-31
3.363086943716499e-31
2.6647545044280484e-31
1.965731616751108e-31
1.3876135698318944e-31
1.3000317070924532e-31
1.2039462407450838e-31
9.881761605989711e-32
1.0263832708486186e-31
9.261033961132114e-32
1.0056799143258207e-31
9.783303075200023e-32
1.0106426418271279e-31
1.0616580735466146e-31
1.385658252225842e-31
1.311922268560739e-31
1.0806771654765297e-31
1.0763032736132645e-31
1.1199976039140613e-31
9.756974481652894e-32
Acceptance rate: 0.14287500000000056
5.982015166540207e-32
6.044939080293945e-32
5.486468718979666e-32
4.0436961167368975e-32
2.855544317878237e-32
1.9586627951588937e-32
1.3154940654821627e-32
8.69585626000544e-33
5.6773555713788526e-33
3.669995630799765e-33
2.353212851169278e-33
1.8988189226204762e-33
1.628851564513833e-33
1.2804139410121133e-33
9.417912618888685e-34
6.645088413529226e-34
4.557203390265065e-34
3.0614995052646126e-34
2.0248018853366226e-34
1.9691154212069125e-34
1.6327527397095524e-34
1.4405195170043933e-34
1.2323759198944566e-34
9.506331541650672e-35
6.916681744139379e-35
4.847060754548229e-35
3.3091602052952716e-35
2.216289439612462e-35
2.2684188415873104e-35
2.0524654722578759e-35
1.7060590352755128e-35
1.3259213573561984e-35
9.695240274144904e-36
6.8191918836411e-36
4.6691647278308676e-36
3.1347864892661536e-36
2.073343350288855e-36
2.5342733080276105e-36
2.4001032610865483e-36
1.946818813245572e-36
1.4602987987518428e-36
1.0448126154300939e-36
7.242897940027493e-37
4.90883266411573e-37
3.2711305713059373e-37
2.1513977273620902e-37
1.4002509273027561e-37
9.036476400000016e-38
5.790771535243e-38
3.6889949413764023e-38
2.3382980261442203e-38
1.475777695238887e-38
9.279459841959293e-39
5.8158381111937595e-39
3.634649239099921e-39
2.4431234231286566e-39
2.5282488704057377e-39
2.1317550156159506e-39
1.635150728981466e-39
1.1899976847129547e-39
1.261940269792596e-39
1.1272382707741963e-39
9.989845341857407e-40
8.260536489056667e-40
6.271263423909423e-40
4.757636730746125e-40
3.4837196809822296e-40
2.4558926829651164e-40
1.7828787075069788e-40
1.2575785509731966e-40
8.638863543491244e-41
5.820353629729694e-41
3.8637369420763303e-41
2.53514163522084e-41
1.6478459118906347e-41
1.7116002892521432e-41
1.4472288493467918e-41
1.1128907768381906e-41
8.101722468479467e-42
5.691442010428665e-42
4.562172578898233e-42
3.556749034493952e-42
3.051419532140103e-42
2.599484993476917e-42
2.7726534530269346e-42
2.3702168938360536e-42
1.834163130364497e-42
1.3409823089922921e-42
9.450853181772116e-43
6.492133612170799e-43
5.432442265478914e-43
4.221492469052596e-43
3.095018067086229e-43
2.3933808183920633e-43
2.48421032580797e-43
2.20122002104239e-43
2.122115115152334e-43
1.796739017708096e-43
1.779901768024973e-43
1.973302010027424e-43
Acceptance rate: 0.11830000000000054
1.2755350631173035e-43
1.207651499750426e-43
1.3278023782290485e-43
1.4288262988879798e-43
1.3756268366136853e-43
1.169160563495797e-43
9.254232006321402e-44
7.265049612247268e-44
5.782252771716828e-44
4.539805674828211e-44
4.203193894064475e-44
3.4077729207185817e-44
3.240585843298181e-44
3.034398618103758e-44
2.5213128041996684e-44
2.728408415582558e-44
2.897483695500352e-44
3.751698709782529e-44
3.415589537266375e-44
3.233396689030454e-44
3.1617235190220585e-44
2.614565782950755e-44
2.1435392701935407e-44
1.655433436948061e-44
1.8786779633814404e-44
1.793588932208554e-44
1.4921800089550103e-44
1.2645170479668554e-44
9.946261043445495e-45
8.417753644417914e-45
6.451278203603375e-45
6.042997215791577e-45
5.111106894576136e-45
4.4766282325017814e-45
3.4886055083679344e-45
2.6394287893514217e-45
2.598463700475975e-45
2.1570729171710447e-45
2.089542741004929e-45
1.7458061924855108e-45
1.5705578734542346e-45
1.641707130006581e-45
1.54061530622544e-45
1.2522127428594161e-45
1.0935831477765241e-45
9.646625144493586e-46
9.522040485904996e-46
8.218400258584326e-46
7.370662125673096e-46
7.221336159660899e-46
6.7379392983094526e-46
6.736227928714143e-46
5.6451352985515686e-46
6.334001144020727e-46
5.890015988189655e-46
5.619341602707078e-46
5.310672011794692e-46
4.333752325035393e-46
4.1365719402246806e-46
4.362299319449966e-46
4.03492734294438e-46
3.7441539799499065e-46
3.3544865862367136e-46
3.4957571322780532e-46
3.25684545901507e-46
3.2546779880539957e-46
2.9980268704196734e-46
2.8013565031308876e-46
2.7925532171464755e-46
2.2906952859837617e-46
2.0437974459825682e-46
2.140761539710726e-46
2.0736571097838293e-46
2.1466550833216013e-46
2.17971642598268e-46
1.940574940699527e-46
1.856539957091787e-46
2.3991557453878925e-46
2.443815314140111e-46
2.2195993677836614e-46
2.0888310525684356e-46
1.8266076560749677e-46
1.6290941758525765e-46
1.758738618189141e-46
2.3006734074126094e-46
1.9694296140377484e-46
1.7311045644398311e-46
1.6599893241908996e-46
1.655847070744217e-46
1.7180466693058318e-46
1.5608079959421733e-46
1.6468244899181487e-46
1.4583723383339461e-46
1.6577779072985316e-46
1.996836426309451e-46
1.791375996659102e-46
1.6976869007517979e-46
1.5974637356991869e-46
1.4390290290259064e-46
1.3509744206809295e-46
Acceptance rate: 0.11116666666666708
9.238467979856318e-47
1.1157047265829648e-46
1.450385127134063e-46
1.4544914777564278e-46
1.572218539108351e-46
1.6584245263956946e-46
1.6255184491633537e-46
1.57300053026903e-46
1.5595761380067467e-46
1.3816043837715799e-46
1.54193512186558e-46
1.6976656342396102e-46
1.6256878322176913e-46
1.6295035356508092e-46
1.7472384931760572e-46
1.5857882558003575e-46
1.9177619825097055e-46
1.8760958005694447e-46
1.8546658495869464e-46
1.6423328905314983e-46
1.5999258318964247e-46
1.6612772727213544e-46
1.6500092657890453e-46
1.978355126120576e-46
2.2415885312917486e-46
2.300236711567173e-46
2.2971896178826067e-46
2.4665941231083746e-46
2.4310710240073248e-46
2.5052304295056348e-46
2.9609513475722807e-46
3.090409092232955e-46
3.628474917673334e-46
4.489769117245397e-46
4.977459198610435e-46
6.320353315965734e-46
7.228199050810147e-46
8.328056195983023e-46
8.214449121931096e-46
7.793546706811134e-46
7.981846171811433e-46
8.528460839819644e-46
1.0064207895515493e-45
1.2322212095174918e-45
1.3306015894563581e-45
1.7301620090869567e-45
1.9113359845564224e-45
2.0883965700221197e-45
1.9356358094923224e-45
2.0163151694710683e-45
2.3212670198733433e-45
2.2963200365050738e-45
3.1381857881036105e-45
3.978249736297573e-45
4.226135568379508e-45
4.6791037631315104e-45
4.4764650366151696e-45
5.0206343011019774e-45
6.07523643599817e-45
7.278999804840101e-45
7.525899563224015e-45
8.515974881442722e-45
8.368610419919151e-45
9.25466152059933e-45
1.071816302393513e-44
1.226750503272267e-44
1.0804851464957385e-44
1.1962121410471411e-44
1.433579551805251e-44
1.355671937487058e-44
1.4414913997448565e-44
1.4013431656581608e-44
1.715490730745263e-44
2.055900121594357e-44
3.277929425919737e-44
3.708040904179841e-44
4.0714292932151544e-44
5.411971550415635e-44
5.448617908634747e-44
4.599069751331388e-44
3.908055687002107e-44
3.646827281517153e-44
4.4488861265746677e-44
4.929740492404343e-44
4.4762571285296205e-44
4.029861672072195e-44
3.879589255574885e-44
4.328215804611444e-44
4.551899142614483e-44
6.07097990659173e-44
5.155305325891747e-44
4.571601615760653e-44
5.578947502010629e-44
6.952929877967968e-44
6.749633714320188e-44
6.00428306748378e-44
5.108020758826222e-44
5.485862504402457e-44
6.069167566657273e-44
5.699389519560797e-44
Acceptance rate: 0.11535714285714313
3.6622267549364723e-44
3.7314715954491395e-44
4.170223299797762e-44
4.806648007324867e-44
4.531240949441276e-44
4.304424040555595e-44
4.962790803858459e-44
5.357955500305577e-44
6.030684782323211e-44
5.632920443873658e-44
4.60262306673185e-44
4.3475889541130585e-44
3.947693005522625e-44
3.463886144404973e-44
4.150013028985772e-44
4.085316291167402e-44
4.17136933288436e-44
4.245981598598709e-44
4.3035109178764633e-44
4.1487491432731115e-44
4.618392973571086e-44
4.1944831520099373e-44
4.1411349841891233e-44
3.6919182253016865e-44
2.949581894327656e-44
3.019549979458661e-44
3.8342605507286073e-44
3.5319031956689548e-44
3.6742422377227934e-44
3.974088345584415e-44
4.088031010862598e-44
5.082511635339508e-44
5.519544654919948e-44
5.129105796132453e-44
4.73864661960624e-44
4.274222290601156e-44
4.4064159306545747e-44
4.4627026639392846e-44
4.3545514584579645e-44
4.993877039487053e-44
5.180100437192245e-44
5.871357290261738e-44
7.862648127861318e-44
8.389883446658526e-44
9.129465812507086e-44
9.208189974040268e-44
8.234581680253549e-44
8.495713376342563e-44
9.579504941905546e-44
9.053201173994118e-44
9.364203808433988e-44
9.32645496176495e-44
1.0250824784908628e-43
1.00365379555641e-43
1.470585943851109e-43
1.6544601120585512e-43
1.693349821033068e-43
1.4233464124210225e-43
1.5584418460846482e-43
1.3782895588175252e-43
1.5768263099117314e-43
1.711247973779917e-43
2.0095290328979392e-43
2.115867403596588e-43
2.0578621771900526e-43
2.0913306906763636e-43
1.9422902735981487e-43
2.0293889388723185e-43
1.8841268983898692e-43
2.409214980021452e-43
2.3384779874683635e-43
2.2536746142169783e-43
2.7941177804771048e-43
2.9357368698579058e-43
2.8485656081063364e-43
2.8034927569725785e-43
2.9852929666786494e-43
3.404524807817036e-43
3.8241548976726865e-43
4.138836837734846e-43
4.274801499922047e-43
3.96944561350485e-43
3.8436182904480505e-43
4.130833642852271e-43
5.784928162462816e-43
5.845247302353594e-43
6.045729145567551e-43
6.482616667809452e-43
7.943072115163763e-43
9.69930271852364e-43
8.875999118722268e-43
8.195258163706184e-43
8.11330780623074e-43
8.061601495947448e-43
7.710993665371628e-43
7.795620732881019e-43
8.703612065023598e-43
9.742961603145979e-43
1.2763059768787727e-42
1.2015295012709269e-42
Acceptance rate: 0.11793750000000007
Sampling time (10 samples): 4192.3468 seconds
