/scratch/users/yanlan/TroubleShooting/Control/Output/AM_PM_ET_172_306_00
1.0651104817049065e-06
5.326681341159562e-07
2.626604547606829e-07
1.2866056613164938e-07
6.2866438870698e-08
3.071138997865442e-08
1.5019115653700354e-08
7.358308174800543e-09
3.6131946800945684e-09
1.7786714194157641e-09
8.77915709472235e-10
4.345032266578582e-10
2.156385278782425e-10
1.2331528834741871e-10
8.954921352033839e-11
5.709600817626839e-11
3.4079315137050566e-11
1.9563016234244177e-11
1.095112852928602e-11
7.036889199267659e-12
6.075429537768876e-12
4.231722048098802e-12
2.6801488270064253e-12
1.6099176474307775e-12
1.1046443858242348e-12
7.307968804773388e-13
4.5217811139201284e-13
2.687070152976905e-13
1.5548356079420729e-13
8.831263076944522e-14
4.948923616447653e-14
2.7456032699828503e-14
1.5116452812120098e-14
8.273843730770004e-15
4.507939251289364e-15
2.447350469924183e-15
1.32495029683925e-15
7.157404764436014e-16
3.859920241697675e-16
2.0789376142192154e-16
1.317294489797956e-16
8.350136463350055e-17
5.0935065224087474e-17
3.027439097405908e-17
1.766457938017447e-17
1.0166757563416465e-17
5.790688841878775e-18
3.2715497099154227e-18
2.206918671775198e-18
1.4672629819308652e-18
9.268293327727141e-19
5.663910746624846e-19
4.183190694134364e-19
2.813072754866596e-19
1.7930784889232376e-19
1.104277162813714e-19
6.640959851366896e-20
3.925391752917249e-20
2.2902842907710107e-20
1.3229159184116106e-20
7.581131133047027e-21
4.366172812241717e-21
2.9636329096047183e-21
1.907342504360854e-21
1.1861058284003751e-21
7.2023771751751755e-22
4.298220303213918e-22
2.531657302233669e-22
1.4760482986222914e-22
8.536795589725028e-23
5.713094644950969e-23
5.051527015114535e-23
4.089829811260334e-23
2.9119030858804533e-23
1.937003988484151e-23
1.2356433147539843e-23
7.662837517060378e-24
4.657037682033825e-24
2.8951199942025232e-24
1.959467169515321e-24
1.3648600494449307e-24
8.98117218900167e-25
5.825142601039073e-25
4.895402579280315e-25
3.847109777676414e-25
2.7123619768429683e-25
2.162189634142979e-25
1.6906952500104689e-25
1.1902286156855423e-25
7.901554719465759e-26
5.053409653795553e-26
3.1498618165978975e-26
1.927011205428247e-26
1.3379206420437494e-26
9.767050959049488e-27
6.636666330582181e-27
5.260218209653259e-27
4.500078686444457e-27
3.347854741770395e-27
2.302173006294205e-27
Acceptance rate: 0.010499999999999994
1.3155297335957163e-27
9.142668598957492e-28
6.040863904978635e-28
3.8614014578373405e-28
2.898478984419655e-28
2.1752897199282493e-28
1.506068620788267e-28
9.937994145937563e-29
7.190507886943374e-29
5.0157549588117367e-29
3.9055412645812627e-29
2.831494618678591e-29
2.2654977191684906e-29
2.1215156452356685e-29
1.7502035936811837e-29
1.7740147132473948e-29
1.4446562023909825e-29
1.0838640427164381e-29
1.013339710964491e-29
8.762685482999636e-30
6.623481700721806e-30
4.6209082783940534e-30
3.0730632042590934e-30
2.217316605846643e-30
1.7452857103688182e-30
1.2900289330840174e-30
1.1202667736146236e-30
1.0937817731629008e-30
8.74377094123444e-31
7.711942844767626e-31
6.0102335238833145e-31
4.634325328238351e-31
3.684034329154626e-31
2.669071045203462e-31
2.177628404647546e-31
1.5708910979036298e-31
1.0694596408243634e-31
8.257843004300131e-32
6.457713041355395e-32
6.270356090100618e-32
6.085690864671365e-32
4.975718288364538e-32
3.724997508898972e-32
2.953199881293684e-32
2.3086610536824893e-32
1.678889208012814e-32
1.2937938465430956e-32
1.310793312288461e-32
1.2003138458383925e-32
9.336981591539572e-33
6.657564811002662e-33
5.197488843356081e-33
4.7570426491829066e-33
3.7396539150284877e-33
2.683830240618935e-33
1.8268212642990533e-33
1.2013051669397084e-33
8.915409577223724e-34
8.868435620591449e-34
6.727964169211299e-34
5.163350130277681e-34
4.205166831980664e-34
4.960117414604782e-34
4.124410908226825e-34
3.256536931959083e-34
2.7071362297505376e-34
2.06487088531426e-34
1.6336074001987212e-34
1.2122766116799984e-34
9.252702583980091e-35
7.907953017665402e-35
5.98005670966877e-35
5.118736063710829e-35
5.280800826186274e-35
4.347997449730036e-35
3.208995679370827e-35
2.5246785743565084e-35
2.0507122522387577e-35
2.0051388839852316e-35
1.7621556562905057e-35
1.571960528529914e-35
1.2297002142605823e-35
1.1411849723561736e-35
1.1104310739761858e-35
9.234053330468842e-36
7.310027463167207e-36
5.576751471670546e-36
4.491961060564218e-36
4.151448491296689e-36
3.944237886627096e-36
2.9074046029789567e-36
2.1009019106517993e-36
2.0124176124369387e-36
1.6855094695296384e-36
1.445924879189293e-36
1.2443756671441567e-36
1.378875400345844e-36
1.3241866426694374e-36
1.161067318055991e-36
8.889011864049523e-37
Acceptance rate: 0.04049999999999997
5.438416877731422e-37
5.775992199656449e-37
5.007348104196645e-37
3.808065337366895e-37
2.7020399046037723e-37
2.6059275736257865e-37
2.5549655158667316e-37
2.4439734017264186e-37
2.8156294995666678e-37
2.3167818266182774e-37
2.051152844528151e-37
1.4738192161586005e-37
1.227619929598471e-37
1.3193655386016074e-37
1.5416439225704057e-37
1.230950809372909e-37
9.756678528712925e-38
1.1798491767861794e-37
1.4132200505287833e-37
1.4015891592975617e-37
1.2388206618727462e-37
1.3336740621628156e-37
1.4558262274669504e-37
1.3782350596822588e-37
1.3472984403672224e-37
1.3707392752293944e-37
1.3677849931992745e-37
1.4481693805820493e-37
1.5226741981950683e-37
1.1990743375735644e-37
1.1323190106597932e-37
1.3218058873499759e-37
1.3723108509910495e-37
1.3393186552045788e-37
1.1485367496038834e-37
1.2832831693079931e-37
1.1847400661596266e-37
1.2581302059332943e-37
1.401889491403907e-37
1.2986362685820922e-37
1.1705198481167805e-37
1.1658402867951527e-37
1.1449914782058547e-37
1.2432096234387748e-37
1.293198736900625e-37
1.3796106123249745e-37
1.2827523737040518e-37
1.201065067972678e-37
1.188482227216813e-37
1.2566851636963085e-37
1.1452731560366944e-37
1.1473115775467874e-37
1.2964271873684687e-37
1.4653106719557048e-37
1.403646596560784e-37
1.5748940709058742e-37
1.4756762233093498e-37
1.3947678921686175e-37
1.4405790137499142e-37
1.906719011984488e-37
1.831214805752171e-37
1.88927560241995e-37
2.1772963363566e-37
2.1828971355884794e-37
2.075654228984587e-37
2.057966161844406e-37
2.7372980328989303e-37
3.0674376084353725e-37
3.465013676666639e-37
3.4781002054158592e-37
3.507190348606563e-37
3.0909885375137905e-37
3.337016418073336e-37
3.063223203369149e-37
3.3710266795968895e-37
2.7891561101353536e-37
3.5201311688203524e-37
4.445289041505136e-37
4.305341449699081e-37
4.4691652560712846e-37
4.3882176752429376e-37
4.696476311907741e-37
5.176512417290169e-37
4.949048888133379e-37
5.2233548156636815e-37
6.479573050066542e-37
6.081042495021195e-37
6.9647328829657e-37
6.708421598892329e-37
6.6798476749466026e-37
6.29621591520799e-37
7.869094051468332e-37
8.318965122303912e-37
1.0723352457785762e-36
1.120931094912922e-36
1.1072119532150164e-36
1.0173571328433423e-36
1.210199175539821e-36
1.4370725013824754e-36
1.1787576587870857e-36
Acceptance rate: 0.09483333333333326
7.448770219081799e-37
9.084107123922779e-37
1.1092639022191785e-36
1.0342698846374809e-36
9.796084407753001e-37
9.086855226403004e-37
8.228894607721808e-37
9.059971729404004e-37
8.612415813101895e-37
9.11615078544581e-37
7.803726043428528e-37
8.58911783689248e-37
7.62111268776269e-37
8.045888947844482e-37
9.10831755592524e-37
9.152962908821037e-37
9.739010500296492e-37
8.515010037399676e-37
1.0101844296406183e-36
1.0465754522135668e-36
1.2233969836309619e-36
1.1786077441283187e-36
1.12537287977441e-36
1.2526305903685333e-36
1.376523159446895e-36
1.2644082289824588e-36
1.0650233743270801e-36
1.1030812193460231e-36
1.1629579829087539e-36
1.1935056521311833e-36
1.4992368053256652e-36
1.5262613652224506e-36
1.5759226403736016e-36
1.5633390611039008e-36
1.540384534457456e-36
1.4519705475901333e-36
1.871661537711164e-36
1.8859528124443046e-36
1.932639833791521e-36
2.7111584481349203e-36
3.147064563493501e-36
3.3335611249973224e-36
4.166477561155124e-36
4.501573744184428e-36
4.295371637663725e-36
4.04326390790061e-36
4.4523093354205385e-36
5.776198103488387e-36
6.840335732378641e-36
6.874775769701916e-36
9.124806111797568e-36
9.394864956487263e-36
9.007334563056273e-36
8.306216027328838e-36
7.25995990926047e-36
6.761206550743303e-36
7.085394863005984e-36
6.80779830472846e-36
6.431802082718199e-36
7.350227833122149e-36
8.193057514671037e-36
7.65050241084788e-36
8.341321835259992e-36
8.724644401054546e-36
8.643296114919141e-36
9.173628889242781e-36
9.265678206007643e-36
8.411859305689902e-36
7.97157910996232e-36
9.664891117527133e-36
9.985486823821675e-36
9.582290456776094e-36
9.585616545885137e-36
8.681851972732533e-36
9.480385969187505e-36
1.278195838267926e-35
1.2233040852612638e-35
1.1786111439868742e-35
1.2029892932933292e-35
1.3222957985240547e-35
1.3157210277494308e-35
1.1617146956261134e-35
1.1486412980848349e-35
1.1340915249371331e-35
1.0346984969250243e-35
8.777523869929467e-36
9.824831149793382e-36
9.472160710902749e-36
9.87917970640775e-36
9.198097428585288e-36
7.986506329643188e-36
9.038625620331047e-36
8.856800269031446e-36
8.794192759716376e-36
9.251437415903543e-36
8.654062519737332e-36
1.0064624682683341e-35
9.04652685986765e-36
9.229119034636334e-36
1.0830844479819497e-35
Acceptance rate: 0.14299999999999957
6.958964756816274e-36
7.922736449933277e-36
8.541093283443335e-36
9.256200220906225e-36
1.0531925784075084e-35
9.845514565328343e-36
1.1490287049699424e-35
1.306686221183062e-35
1.137637290704814e-35
1.0075371681181192e-35
9.41730500489406e-36
9.454506618440624e-36
1.0277722489620828e-35
9.79985346070389e-36
9.403962510338022e-36
8.552866005698028e-36
8.890671038259264e-36
9.96252605897451e-36
1.0445183608475243e-35
1.1589945412218987e-35
1.1392868871542931e-35
1.0259268979454938e-35
1.1342421920500465e-35
1.0415397974490182e-35
8.80917536905707e-36
8.286582502712902e-36
8.487563997307242e-36
7.752299265755399e-36
8.430748157346031e-36
9.08316974627905e-36
8.706547089702489e-36
9.467185040684573e-36
9.343999006585095e-36
1.1649965150264989e-35
1.1486950984319371e-35
1.1475238155286275e-35
1.204141583040161e-35
1.1431538978005206e-35
1.35138070771653e-35
1.3032144001890534e-35
1.1410890289353702e-35
1.0056410696635438e-35
1.1089466042493185e-35
1.1224578721734396e-35
1.0235254938575807e-35
1.1559648961599088e-35
1.3213379133124247e-35
1.364710434614299e-35
1.499401690704695e-35
1.3490060279175829e-35
1.3025390759974036e-35
1.4006122810626098e-35
1.443023061691893e-35
1.4168675342886172e-35
1.4921735401481164e-35
1.892061334935038e-35
1.6940942219468049e-35
1.9580790734049206e-35
1.8344900252216326e-35
1.8682073187299105e-35
1.8230053909946334e-35
1.9675885816020624e-35
1.9231790091007176e-35
2.077529678794396e-35
1.993994707164824e-35
2.0408394905902563e-35
2.080046165253301e-35
2.0520808654716888e-35
2.10022360088509e-35
2.1978484425238233e-35
2.0892160344662203e-35
2.0054498730889557e-35
2.4001763351543392e-35
2.3821190005933332e-35
2.2869306070377535e-35
2.1103924801534762e-35
2.0379348371489136e-35
2.154849751568762e-35
2.1031701081956214e-35
1.8913257144388787e-35
1.8783475549152623e-35
1.9962836166651824e-35
2.1437822943761473e-35
2.025794492460391e-35
2.0340651918060892e-35
1.9294140981022034e-35
2.048775095247081e-35
1.779566381792128e-35
1.6536818132392052e-35
1.5402882413420665e-35
1.474027198640387e-35
1.3671727657120386e-35
1.4618482049491105e-35
1.5224695575272525e-35
1.5886219849305156e-35
1.4912799319184377e-35
1.590502178504818e-35
1.5206507292642173e-35
1.6033441736873114e-35
2.075923475534183e-35
Acceptance rate: 0.17769999999999994
1.3590777476815581e-35
1.3799922654368129e-35
1.4017664272182338e-35
1.40349794611012e-35
1.564853280101316e-35
1.7366124524404922e-35
1.7135551104824525e-35
1.6540569406184357e-35
1.6501203582058936e-35
1.4574761323760167e-35
1.5699569726441001e-35
1.6462613792587386e-35
1.6172844437714766e-35
1.5547101674637945e-35
1.5460646421532174e-35
1.6003169455137138e-35
1.4267111270491202e-35
1.3616275169609233e-35
1.3145882218665747e-35
1.390658083340662e-35
1.3714443796127243e-35
1.2508035835776624e-35
1.5233144065301662e-35
1.374820831513502e-35
1.639729595600709e-35
1.7062031033107522e-35
1.5411198874379846e-35
1.3717974299319572e-35
1.2346406108771965e-35
1.1213759165101385e-35
1.1325508881925899e-35
1.0232628688827984e-35
1.0507688806967188e-35
1.0619179580822378e-35
1.0752896921428796e-35
1.1223867495131222e-35
9.228035313692623e-36
9.747136118857117e-36
9.820582022991127e-36
1.009638425377261e-35
1.1736990077040399e-35
1.0804780271331961e-35
1.203444582081936e-35
1.162250996187854e-35
1.148058367630017e-35
1.1787831150466243e-35
1.1098205954295076e-35
9.993669397897146e-36
1.0067609093658222e-35
1.0476535319659529e-35
1.0678382378334018e-35
1.0750019608849702e-35
1.2672742660962643e-35
1.2484060020461785e-35
1.1817560688736291e-35
1.0294476906274194e-35
1.2338479176763628e-35
1.3453401262435247e-35
1.221608591385235e-35
1.2657049478906767e-35
1.246294372355613e-35
1.219363208750948e-35
1.3725338386295252e-35
1.3596932490905973e-35
1.3493081081741237e-35
1.240690890827626e-35
1.1746113852148182e-35
1.2141207871790658e-35
1.2750932848083298e-35
1.2492167045724496e-35
1.283338391865426e-35
1.2246220095969628e-35
1.1713921437886161e-35
1.239045987306703e-35
1.2036101430541322e-35
1.4130514619717053e-35
1.8782901994248937e-35
1.9865099071270523e-35
1.853129679136302e-35
2.0716313181925295e-35
1.9095720044575383e-35
2.3273957466794686e-35
2.356901561608743e-35
2.289276039622972e-35
1.9544003633736722e-35
1.9567423669789346e-35
2.0151589069392708e-35
1.9470301282727167e-35
1.7644797179143933e-35
1.6686916969323838e-35
1.4503145664645882e-35
1.3911070258267533e-35
1.6391873030160856e-35
1.4688093547910014e-35
1.232048782921004e-35
1.1510722645307463e-35
1.1003740894135177e-35
1.0858262459644863e-35
1.2857908057444303e-35
1.3351618403511884e-35
Acceptance rate: 0.20458333333333328
8.583165079167778e-36
8.260969519168686e-36
8.991154021525052e-36
9.254199580792852e-36
9.4450605813345e-36
9.24300321828213e-36
8.83445530576104e-36
8.45683157171412e-36
8.577017388510762e-36
8.674988768924801e-36
8.123738375865571e-36
9.97399001692598e-36
1.0250544092067184e-35
1.0493827230053259e-35
1.1929286003076711e-35
1.3892559248653465e-35
1.2507821277799643e-35
1.1111506590038642e-35
1.1134722078351162e-35
1.1065783318172164e-35
1.0567788791504488e-35
1.2106238703092084e-35
1.1717394138996642e-35
1.713355982848008e-35
1.9010490819458537e-35
1.8652817543876295e-35
1.8513280270580103e-35
2.1471080980352157e-35
1.9160440307481987e-35
1.7525384717335572e-35
1.56675205458934e-35
1.322651084552691e-35
1.2036389904616136e-35
1.1743684149022192e-35
1.166164274144045e-35
1.1724816687759314e-35
1.436426422638432e-35
1.2929345496691537e-35
1.5626320505220235e-35
1.576578148679298e-35
1.499782588186484e-35
1.528762950567256e-35
1.5092263598942848e-35
1.499935500906748e-35
1.466802771895979e-35
1.3834910840956848e-35
1.3290496590635203e-35
1.3825909035442619e-35
1.3092293423919558e-35
1.829655092305408e-35
1.7896328431657343e-35
1.5637666347967653e-35
1.5894152474134447e-35
1.728307212022475e-35
1.8431038558728195e-35
2.120132963181342e-35
2.2622227587708023e-35
2.1477844875873223e-35
2.339705670648957e-35
2.0688479644450678e-35
1.9250067651021567e-35
1.9556831521366827e-35
1.8344527173827305e-35
1.7438898722925783e-35
1.6520367511753725e-35
1.9242347642882447e-35
2.3645494592843638e-35
2.3100914960140747e-35
2.2863307099240571e-35
2.0602864444994863e-35
1.8753183034969478e-35
1.7682478382112102e-35
1.9458835217197655e-35
2.1436248688577843e-35
2.4326127282177647e-35
2.3538694850642698e-35
2.567931626499071e-35
2.72980706718611e-35
2.500410104219849e-35
2.2278231187163943e-35
2.0303832136650845e-35
2.3242328431646177e-35
2.2420617542194385e-35
2.519588919163277e-35
2.590051769737357e-35
2.598455305746595e-35
3.191272978779597e-35
2.795694301568649e-35
2.6917132860898746e-35
2.439534958391516e-35
2.463063976799335e-35
2.1152836177519344e-35
2.1306542398376757e-35
2.0941524508242216e-35
2.6095960220047425e-35
3.134040492445666e-35
3.3043633004827605e-35
2.793495647561584e-35
2.8408667614245897e-35
3.213697421129577e-35
Acceptance rate: 0.21935714285714294
2.0878309356111796e-35
2.010145664829267e-35
2.0246431861303166e-35
2.064075603627461e-35
1.9971599846049457e-35
1.779607298488944e-35
1.9714266277963897e-35
2.066972026853341e-35
1.9652060356281348e-35
1.9820561805166325e-35
1.9969039156597896e-35
2.0823163803133424e-35
2.0306758675424373e-35
2.1626955793154405e-35
2.181014223954681e-35
2.4173011011482696e-35
2.217948277046403e-35
2.23491477580671e-35
2.271035445503948e-35
2.5645230525938997e-35
2.732007503896951e-35
2.590395223465763e-35
2.944318723042313e-35
3.3448102283849145e-35
4.2248393182496104e-35
3.8646194017332966e-35
4.522867338675394e-35
5.160634079604683e-35
4.8139460148048965e-35
4.947227355518201e-35
4.910037118810266e-35
6.043431046525893e-35
6.249446345877385e-35
6.154924895271597e-35
5.663406353407753e-35
5.623549593819405e-35
6.317875787860828e-35
6.245947137153475e-35
5.945487416482957e-35
5.098118818008861e-35
4.932332217696764e-35
5.324133144900118e-35
5.393835623190801e-35
6.79118312684834e-35
6.535314097373101e-35
7.282446707292482e-35
7.202040719815762e-35
5.846857265324063e-35
5.735558934200902e-35
5.693770607925952e-35
5.723956439155059e-35
5.528275735113103e-35
6.040124379566185e-35
5.296441701005483e-35
5.155943106156994e-35
4.906141582737593e-35
4.415896173730661e-35
5.652793086832609e-35
5.007938075603722e-35
4.5512234750932387e-35
3.9593777541483444e-35
4.0132725024842716e-35
4.069965416359795e-35
4.425351227908142e-35
4.210720435504985e-35
4.148550584125877e-35
4.2863419404198394e-35
3.967351565341644e-35
4.0517908780460275e-35
3.848397364068169e-35
3.87219382979349e-35
3.4790140140008554e-35
3.3211435287395026e-35
3.681220039021848e-35
3.454438910045676e-35
3.3502907770531376e-35
3.3097857425935713e-35
2.963788219655216e-35
2.9852465826715897e-35
2.9614979115737655e-35
2.6351939856598426e-35
2.6153200808934215e-35
2.3892869003245905e-35
2.3800169062904266e-35
2.4838279515961436e-35
2.435100834345112e-35
2.7476297854766365e-35
2.8531496788269105e-35
2.991925913827118e-35
2.930200045149062e-35
3.020870581784421e-35
2.8528659132085696e-35
2.615482346430197e-35
2.51026001498451e-35
2.1971426924141714e-35
2.2563534262142602e-35
2.1532984856300968e-35
2.2953487874856702e-35
2.592613488498557e-35
2.3391169167741775e-35
Acceptance rate: 0.23118749999999988
1.5266547124487555e-35
1.4019990713082568e-35
1.3523047343079435e-35
1.2522987147293886e-35
1.1763265892541709e-35
1.3011810384013442e-35
1.1878167921502117e-35
1.4801166520311958e-35
1.503189960668654e-35
1.479965349577622e-35
1.5993042857806643e-35
1.694024490071182e-35
1.7520713904093574e-35
2.415663960677375e-35
3.2643585442560105e-35
3.401808102460016e-35
3.2251603232769056e-35
3.220234571799734e-35
2.9610268693971257e-35
3.154705546306833e-35
2.9681044170270126e-35
3.352027756988804e-35
2.9304519767022533e-35
3.097433028007548e-35
2.7467130206909e-35
2.7577434864985327e-35
2.9756708470883085e-35
3.1418235401187615e-35
3.0743158408853327e-35
2.736903808399856e-35
2.808837869527561e-35
2.7295381782388606e-35
2.5823922030995843e-35
2.28990997055677e-35
2.1372356117629266e-35
2.348679325811314e-35
2.287342840887985e-35
2.3794924017761717e-35
2.395596913688431e-35
2.2248089169891652e-35
2.4522366807979706e-35
2.488072202494825e-35
2.585950960944348e-35
3.3953547175131234e-35
3.7549099419603513e-35
3.5646068160724396e-35
4.1113733582125333e-35
3.4527253231176346e-35
3.799003552291011e-35
3.342851105637313e-35
4.042187755308512e-35
3.9572602304808433e-35
4.7552608623891787e-35
4.6992930503459617e-35
4.2150052700119295e-35
4.900092820226473e-35
4.951418554653729e-35
4.2854303968261547e-35
4.198799918420818e-35
3.7410328950113877e-35
4.037876147766729e-35
4.0886820333418806e-35
4.304617974532391e-35
4.556934662900295e-35
4.441723234521817e-35
4.2640449775239754e-35
4.431687859216215e-35
4.84108395913319e-35
5.55380830938493e-35
6.29133865753123e-35
5.688210436601705e-35
6.802839334937775e-35
6.127798426853282e-35
5.463167277695061e-35
5.287064533073815e-35
4.959743209726664e-35
4.6512271722675373e-35
4.5054736701267567e-35
4.368605320486828e-35
4.541053974854839e-35
3.812885425092561e-35
4.259637578353347e-35
4.096040237682146e-35
4.0723637597421754e-35
3.747049171650576e-35
3.6118767562066055e-35
3.5239374300536166e-35
3.590903235871067e-35
3.746985360938088e-35
4.815677895575393e-35
4.74461923441173e-35
4.204972677555037e-35
4.0111101185104026e-35
3.62900995551839e-35
4.243076977632231e-35
3.9470921408280097e-35
3.871783418221458e-35
3.8365967464451777e-35
3.8010521961962526e-35
3.523255476070933e-35
Acceptance rate: 0.23788888888888896
2.2708943236795293e-35
3.05291648022147e-35
2.765501171505917e-35
2.533612287976366e-35
2.577476220987891e-35
2.3829236796519798e-35
2.3756137986314852e-35
2.2324511515356756e-35
2.027088173579802e-35
1.987937482562485e-35
1.9096027505406202e-35
1.8881656652083876e-35
1.8203127457259377e-35
2.065607296553903e-35
1.8905300009269155e-35
1.713071353596903e-35
1.7651801516879018e-35
1.6163704781710314e-35
1.4826183989650242e-35
1.415276257269738e-35
1.5958067565615942e-35
1.7580369395463571e-35
1.8785646115515648e-35
2.0210343090829817e-35
2.3082497280405835e-35
2.3324430236272004e-35
2.1987375674615697e-35
2.2514058947097933e-35
2.5009556950717123e-35
2.407142924985785e-35
2.3595796763038747e-35
2.55887291320199e-35
2.75548344380809e-35
2.740408490349489e-35
2.961745727870859e-35
3.1170235365855693e-35
3.1144175527757966e-35
3.0176722874206083e-35
3.1543647158046585e-35
3.4624821112467655e-35
4.4102467787359906e-35
4.0068354136158937e-35
3.6309266014265655e-35
3.716748185594879e-35
3.495024357851993e-35
3.418292273665327e-35
3.1041793602436157e-35
3.9386724898808733e-35
3.403803882474e-35
3.146960652050827e-35
2.916386385454527e-35
2.807202375508362e-35
2.886485199256537e-35
2.4321699626269434e-35
2.5491187614551e-35
2.5905674454672253e-35
2.989952496358983e-35
3.0302475129906803e-35
2.710803995951699e-35
2.67398344964547e-35
2.484922723464551e-35
2.4081165953855265e-35
2.696779485569468e-35
2.4506122063566116e-35
2.3158272262427754e-35
1.9643494801043493e-35
1.9931569916152577e-35
2.0118412668896025e-35
2.0250349208553635e-35
1.7649872455446915e-35
1.735956155632697e-35
1.5558317983858723e-35
1.6309409869942154e-35
1.5591417798415106e-35
1.4966136890915087e-35
1.5659139141505835e-35
1.3716564223007647e-35
1.2571016742658397e-35
1.0944975909185241e-35
1.0096063163514517e-35
1.0958067958077324e-35
1.0254510700621916e-35
1.0762509027147833e-35
1.1268751651025955e-35
1.1900856471631281e-35
1.1376202540124286e-35
1.2787506507020008e-35
1.1628764034450588e-35
1.2405269489020864e-35
1.1552542626378303e-35
1.1870441234642855e-35
1.228847130450144e-35
1.1574835306870188e-35
1.1607888246444693e-35
1.0949280986864029e-35
1.1837312767391876e-35
1.5224318390171298e-35
1.6763959278722428e-35
1.7757890756531866e-35
1.8335011424528095e-35
Acceptance rate: 0.25055000000000005
Sampling time (10 samples): 5192.7928 seconds
