/scratch/users/yanlan/TroubleShooting/Control/Output/AM_PM_ET_207_257_00
1.0606827532302524e-06
4.966011008822316e-07
2.500904685793643e-07
1.2415621793352095e-07
6.123381573017997e-08
3.0120107037036296e-08
1.480785016637977e-08
7.285128519679252e-09
3.589359207221573e-09
1.7718630492966856e-09
8.765947159361737e-10
4.3470644322359564e-10
2.1610413969786393e-10
1.0770106842129634e-10
5.381121403524628e-11
2.6953659243614093e-11
1.3534574736801936e-11
7.0118745647711055e-12
5.339575965461576e-12
3.513561003684698e-12
2.1502219197376753e-12
1.26097438585539e-12
7.194118140764119e-13
4.0277403931220714e-13
2.323800411605959e-13
1.9020095064513838e-13
1.3955139587178476e-13
9.143362300111217e-14
5.6370772540324336e-14
3.3474521442841434e-14
1.938593252030874e-14
1.1030204543884019e-14
9.40389756402135e-15
6.64822703867017e-15
5.9349520944671295e-15
4.28449488673603e-15
2.8113963626141018e-15
1.7479848030192142e-15
1.0501901919749868e-15
8.132975696375931e-16
5.949161667079336e-16
3.9477451960826215e-16
2.479727520045743e-16
1.5041732677496913e-16
8.908476467437227e-17
5.185910456867974e-17
2.980297475240761e-17
1.695949554538779e-17
9.57680450361727e-18
5.37495673668187e-18
3.0019375187578454e-18
1.669969117179027e-18
9.260137193735687e-19
5.121378435054006e-19
2.826354361598908e-19
1.557073266140093e-19
8.565983026797118e-20
4.707071320762267e-20
2.5842269549303382e-20
1.4177591138535032e-20
7.773905186142494e-21
4.260923256945494e-21
3.6373981579030055e-21
2.7125679260037616e-21
1.844319791854868e-21
1.1891343847147197e-21
7.408652471014262e-22
5.317872684516992e-22
3.7754322273076464e-22
2.766041482561304e-22
1.9359240288264625e-22
1.2956761466185447e-22
8.290729115040943e-23
5.148660073207505e-23
3.674248133212198e-23
2.957106669262446e-23
2.282373681167673e-23
1.5903551931701155e-23
1.0457503125396422e-23
6.627287364257941e-24
6.3724283137694084e-24
4.501524631738039e-24
2.9884667937985357e-24
1.908049608114706e-24
1.186187481239037e-24
7.233593069750871e-25
5.226870718517463e-25
4.791102604187321e-25
4.350990068421006e-25
3.284542076838701e-25
2.8524098207165536e-25
2.487239304742238e-25
2.28405718034253e-25
2.304780300440335e-25
1.8925605079345635e-25
1.436152447731714e-25
9.976438001536034e-26
6.582197617198222e-26
4.2648338376471524e-26
3.394961677436469e-26
Acceptance rate: 0.015499999999999988
1.948881090577447e-26
1.428639163907218e-26
1.0541233086342764e-26
9.920326559370485e-27
7.937026617451752e-27
6.996932697753045e-27
7.025179166672697e-27
6.227004168221707e-27
4.685331956624951e-27
3.251072076531065e-27
2.149625042820987e-27
1.5923608122253566e-27
1.1626899118426949e-27
8.660717439848771e-28
6.4457682277970425e-28
4.451460897350109e-28
3.0081899595549105e-28
2.989343803086611e-28
2.422091694345657e-28
1.752656205358308e-28
1.4844055612016396e-28
1.789113150346281e-28
1.5620947966015024e-28
1.1734160796193562e-28
8.162972889949045e-29
5.709489418439362e-29
5.162457588720014e-29
3.940616115636607e-29
2.7685540519826166e-29
2.1773157615940555e-29
1.979099282688993e-29
1.697976409878402e-29
1.3984614874089546e-29
1.2648657549738824e-29
1.0602442864737455e-29
1.1246157364983417e-29
1.0561254648038527e-29
8.1325944842382e-30
8.20513459114737e-30
6.397028724152036e-30
4.7134258074470395e-30
4.0824582294752145e-30
3.922316983502182e-30
3.2719602647140426e-30
3.1248141693318787e-30
2.7386699300789683e-30
2.6788553278401158e-30
2.392709742859471e-30
2.3588990306649716e-30
2.2453605693133137e-30
1.9642159640511914e-30
1.639534211489581e-30
1.5787884423292132e-30
2.2723472920641328e-30
2.456656305362785e-30
2.5880933894187148e-30
2.3286927942194065e-30
1.97068319036057e-30
1.691014666946118e-30
1.4480194159031367e-30
1.1783206318886569e-30
1.0278535520384444e-30
9.012447202171218e-31
8.766888343139443e-31
1.0601053890325865e-30
9.55790464536018e-31
7.624330475520604e-31
8.475661283782115e-31
8.248533109545436e-31
8.125090057649202e-31
7.5282791357044655e-31
8.760160327144746e-31
9.738940039539513e-31
8.413582036859373e-31
7.807282826385401e-31
8.734940686297987e-31
7.486090906633026e-31
8.13702696914372e-31
8.412671167797845e-31
8.240062880623965e-31
9.09887220478454e-31
1.0230183906681674e-30
1.1305291218800614e-30
1.478705882563565e-30
1.6250257627937965e-30
1.5655949084268989e-30
1.9301956167584006e-30
2.358558855447694e-30
2.366067615501343e-30
2.2415756742654393e-30
2.6368973700667244e-30
2.791901085969572e-30
3.4842249914340474e-30
3.608029496281002e-30
4.332617937504447e-30
3.8995362925288506e-30
3.450725904814141e-30
3.377253888736345e-30
3.943419326387855e-30
4.484965436972666e-30
Acceptance rate: 0.07449999999999993
2.7771118855505393e-30
2.894963454519774e-30
2.8015109330534708e-30
2.721932760479939e-30
3.1741065071485364e-30
3.477939115473925e-30
3.774871870838954e-30
3.689853273033836e-30
5.1549193751086064e-30
5.0835401199716374e-30
4.4416988856596776e-30
5.2186094991286194e-30
4.5903433045790336e-30
4.812500965357835e-30
5.31364812547813e-30
6.536360167469357e-30
6.721224221716031e-30
6.941094221108571e-30
9.286693676650454e-30
8.767999230675003e-30
8.65827230285186e-30
8.388824781315312e-30
8.502123065065643e-30
9.08127044622114e-30
1.1190853094531239e-29
1.25219343779663e-29
1.175744452896098e-29
1.201579222710157e-29
1.4384579972102378e-29
1.5508526246336714e-29
1.6987525823205754e-29
1.5177341301803607e-29
1.3230879243152232e-29
1.5835394361042688e-29
1.8876074603515015e-29
2.3543418418110677e-29
2.3591019261313736e-29
2.801320515120621e-29
3.097046630762318e-29
3.186085386301431e-29
4.091712722416218e-29
4.2367972082415816e-29
4.0452422697736306e-29
4.3023856020188386e-29
4.5674911977049187e-29
4.6109049554950655e-29
4.385594854331115e-29
3.8191146122684313e-29
4.0423372544521255e-29
4.033302290269166e-29
5.192962942475071e-29
5.673929483722315e-29
5.463331984325381e-29
5.294092534003998e-29
6.266025132970022e-29
7.748518735457148e-29
7.668838726756654e-29
7.640777290622308e-29
7.437616637660403e-29
7.49511898855979e-29
8.435850286471744e-29
1.0368481476825896e-28
1.0072703612284739e-28
1.1491948098931228e-28
1.2563623174437449e-28
1.2880863840250946e-28
1.4131084249361597e-28
1.522220874083458e-28
1.7127265023518822e-28
1.760950146698705e-28
2.101594584717957e-28
2.187479622783734e-28
2.3515777274907676e-28
2.4391900726647152e-28
2.3745923110445435e-28
2.5973257312268126e-28
3.1560693334167055e-28
3.081437938352757e-28
3.5164252922641847e-28
3.7877907882316225e-28
3.5243793886775067e-28
3.5937962624518956e-28
3.3349308139992533e-28
3.158319122439854e-28
3.849907898268756e-28
4.168056771412662e-28
3.996087430658889e-28
3.778953118737571e-28
4.369377633397372e-28
5.027612098798993e-28
5.579394879824206e-28
5.73155498263413e-28
5.322281205568144e-28
5.2665076311908305e-28
5.781973171182187e-28
6.400086174204771e-28
6.022769112378353e-28
6.463758847353994e-28
6.421256824147316e-28
7.808567131314811e-28
Acceptance rate: 0.1393333333333329
5.041041173973521e-28
5.553748498706009e-28
6.114320779322305e-28
6.006285874909866e-28
5.841875429702055e-28
6.570606058889642e-28
7.023074001577148e-28
7.566904791804967e-28
7.065185768947379e-28
7.154555264258949e-28
7.6978522607516015e-28
8.125404416907101e-28
1.0414510374707493e-27
1.030536963080847e-27
1.2498719127887824e-27
1.3311705901654952e-27
2.1034109277819387e-27
2.1138724547473936e-27
2.0880238867143488e-27
1.8631367605449946e-27
2.172741379278803e-27
2.127054684151477e-27
2.1723053162534715e-27
1.9891188686958513e-27
2.0561608736266996e-27
1.9362235132184628e-27
1.926786007248346e-27
1.9617651247754112e-27
2.121137869275496e-27
2.2203794736272708e-27
2.3336227688993426e-27
2.5815786162737442e-27
2.5334527952610978e-27
2.5656500183307135e-27
3.199602038903513e-27
2.9133391563051345e-27
3.322904565923593e-27
3.683385882971599e-27
3.82448673090858e-27
3.589908649224978e-27
3.584332026998427e-27
3.369723058474818e-27
3.1598560390411145e-27
4.003609890968337e-27
4.1827790751353776e-27
5.2219698120138924e-27
5.471085413402941e-27
5.5310069667581855e-27
5.400873388704165e-27
7.032072260767868e-27
7.43295381435234e-27
7.083737645530286e-27
7.537615129819088e-27
8.014775678694021e-27
7.218850979363264e-27
8.340826256060971e-27
8.091902863957893e-27
8.793920661640302e-27
9.70064268088186e-27
1.0465972401366588e-26
1.2209538044662583e-26
1.1863808701465567e-26
1.2137115830275604e-26
1.273686765216907e-26
1.3089835772756677e-26
1.092506390901555e-26
9.104704794026687e-27
7.93647865000256e-27
6.1578069497129735e-27
5.2987626259539664e-27
4.9364051809063076e-27
3.954390279447747e-27
2.933505665219851e-27
2.0771732219510458e-27
1.5069470847974426e-27
1.2512134014164804e-27
1.0527880295996047e-27
1.1914236753040243e-27
1.2155540524849022e-27
1.1287548177919465e-27
9.035228810932973e-28
6.703536540673916e-28
7.327782654200514e-28
6.448978745768138e-28
5.03351939692603e-28
3.6807734152135236e-28
2.653184021476221e-28
2.0269463537808117e-28
1.4880672606058876e-28
1.0473777150464475e-28
7.16310714758907e-29
4.797958852752344e-29
3.2688938523200566e-29
2.5223450843262928e-29
2.139393545752179e-29
1.887947276344206e-29
1.9141668792423925e-29
1.5934301364408968e-29
1.2095489076851936e-29
8.702389971063877e-30
Acceptance rate: 0.15937500000000016
5.7622026265827166e-30
6.468577301548543e-30
5.5981369854081066e-30
5.216742885441837e-30
4.522733387149773e-30
3.508682806915405e-30
2.5593681779296916e-30
1.7952288123255897e-30
1.3542794743276141e-30
1.028086090623874e-30
7.4012507476422145e-31
5.146355553149581e-31
3.7768097997377065e-31
3.86411518175813e-31
3.319587356019445e-31
3.031480734100673e-31
2.8111448573823474e-31
2.6489496378075018e-31
2.182802822277817e-31
1.643204899479553e-31
1.1703696188007321e-31
8.08127751954922e-32
6.344187509879007e-32
6.159060459592039e-32
5.045382918237312e-32
3.802428019735656e-32
4.4544191959848396e-32
4.17861403478604e-32
3.3867729155744746e-32
3.2146516073962085e-32
2.812918995520954e-32
2.315223160390014e-32
2.0394567250729826e-32
1.692029578822211e-32
1.2876333736768512e-32
9.499273695560392e-33
8.806176381157937e-33
8.023103544249679e-33
6.641397106721738e-33
5.5923094890985514e-33
4.3324752502711657e-33
3.9249349851103886e-33
3.914527178553839e-33
4.6524624584610716e-33
3.5831312032321244e-33
2.675530046437134e-33
2.4682116670238458e-33
2.1847612156067494e-33
1.717404614128781e-33
1.4571359206106392e-33
1.2870079954087768e-33
1.0134581093223681e-33
9.744583950497485e-34
9.017152929085684e-34
7.244123047722355e-34
5.515749931267379e-34
4.622723049169884e-34
3.7172805434805556e-34
3.209591327478059e-34
2.6141598570296457e-34
1.987831774360444e-34
1.435938640672412e-34
1.2499210828947182e-34
1.03511141298458e-34
7.940710969034433e-35
6.618491458658181e-35
5.426644836942881e-35
3.8773953479373785e-35
2.687847382523275e-35
1.8231074909460265e-35
1.370447095440084e-35
1.3755352486553295e-35
1.2165441135662996e-35
1.1337810978347732e-35
9.922331797261303e-36
8.357209091435182e-36
7.118600045873798e-36
5.723752867717983e-36
4.476937809092391e-36
3.3921184415104004e-36
3.961683715161281e-36
3.872293325249217e-36
3.434560388087788e-36
3.0576981669540054e-36
2.6363577689737298e-36
2.7453170432119287e-36
2.4011564543812984e-36
2.6493101232455847e-36
2.2941202951676516e-36
1.965842120339537e-36
2.1575056915729897e-36
1.9029479260717363e-36
1.653376909682583e-36
1.4587547981491997e-36
1.6173829539351045e-36
1.507922634229236e-36
1.3312067482101056e-36
1.1195705490462129e-36
9.154805074537783e-37
1.0278528441733602e-36
Acceptance rate: 0.1357000000000002
6.552421778908602e-37
6.749768102880505e-37
5.3505181424189675e-37
4.326298625013723e-37
3.6886302800056915e-37
2.9093308862817817e-37
3.314296445523798e-37
3.00557879967115e-37
3.111673871868936e-37
2.696150361543041e-37
2.7108109998371797e-37
3.0218068178610675e-37
2.7345428080575412e-37
2.6145317491937334e-37
2.447689825499646e-37
2.276345100558041e-37
2.152949506676e-37
2.0444225819890795e-37
1.9153170291755542e-37
1.6329492277903067e-37
1.2666077495241285e-37
9.891544372490728e-38
7.921340971691826e-38
7.28901579420212e-38
6.96941927984484e-38
8.487167615834632e-38
8.539551318576786e-38
7.767565003284625e-38
6.39635577413571e-38
7.987165575573436e-38
8.202950919262026e-38
9.357872050258198e-38
9.496400506061209e-38
8.405785743132608e-38
8.900828845459782e-38
8.855517369887486e-38
8.764704490555387e-38
8.229459554729742e-38
8.116693846614428e-38
7.880658961161263e-38
8.206738828225074e-38
8.045469429622602e-38
7.257028441644886e-38
7.120233141715966e-38
7.240466018115362e-38
6.138465903764724e-38
5.081768552652614e-38
4.824840762366077e-38
4.357834644299615e-38
3.617776207878611e-38
3.1012087081171895e-38
2.6867251072833145e-38
2.5042629042170306e-38
2.858651903567129e-38
3.006683862009501e-38
2.962094895976068e-38
2.710213301878808e-38
2.690116471405761e-38
2.7265052883167035e-38
2.730300610484195e-38
2.5140521191969923e-38
2.200392265709448e-38
2.1727084883222937e-38
2.6036387855791605e-38
2.4022983874068205e-38
2.311478019931907e-38
2.0561641449982115e-38
1.6347762645402305e-38
1.554639241550403e-38
1.6676651666972354e-38
1.6575401628649707e-38
1.650721234607599e-38
1.5020678463303058e-38
1.3955322332381406e-38
1.3141912257257775e-38
1.581736974835254e-38
1.9082954442804383e-38
1.898659251369556e-38
2.091429099186939e-38
2.0543131860055584e-38
1.4995029467648076e-38
1.2134795084669702e-38
1.1232509447043249e-38
1.0708493001290064e-38
9.519125087526254e-39
8.079408404326983e-39
8.42182309187836e-39
8.981859951116212e-39
8.479154627198215e-39
6.335362845479593e-39
5.9765514347497e-39
8.778323882837356e-39
8.409188531034185e-39
8.071648122187792e-39
6.940144610955293e-39
6.116155861982175e-39
5.624317889894272e-39
6.142865520827055e-39
7.217606299698362e-39
7.285067410509875e-39
Acceptance rate: 0.13424999999999962
4.655821756353342e-39
5.0979676453882734e-39
5.953408949818815e-39
7.261980616688494e-39
6.583485823432537e-39
7.303959459232249e-39
6.099769883812858e-39
6.554609129146844e-39
6.79745115543987e-39
5.776545618521315e-39
6.001087851404955e-39
5.407551654157266e-39
6.099120672450292e-39
5.681311382101377e-39
4.617733224888157e-39
4.85923944891335e-39
6.290398482887187e-39
5.62917891149577e-39
5.547565481167388e-39
5.378160808797521e-39
4.8881976805026546e-39
5.269897901142625e-39
6.368789310115044e-39
7.241901742223139e-39
7.536403978671313e-39
7.344444309436455e-39
7.911249842706351e-39
8.363987217512391e-39
7.852101130368997e-39
7.827935266073051e-39
8.97793915123954e-39
9.951063810240272e-39
9.84489473165719e-39
9.799908345742151e-39
1.1422651420973822e-38
1.1422382522704741e-38
1.1291235972262655e-38
9.677443027956619e-39
8.182758167015525e-39
7.822371401318351e-39
7.207260621373107e-39
8.369446002495359e-39
7.95506769286202e-39
8.736041038860243e-39
8.28745497884617e-39
8.396292330002305e-39
9.960840467212808e-39
1.1557269816250993e-38
1.1044077603037626e-38
1.2070580960460707e-38
1.1696891308874551e-38
1.0115604209822264e-38
1.0773512176925931e-38
1.0970819883676893e-38
1.2029675571743154e-38
1.2649557017185748e-38
1.342283464204471e-38
1.628642564768116e-38
1.6887492054447794e-38
2.1858703107012846e-38
2.368775064578457e-38
2.2596343252498352e-38
2.0931673294897042e-38
2.2081945496967735e-38
2.0103191015072061e-38
1.8090885631120482e-38
1.701748037514733e-38
1.9217794198691328e-38
1.895989410652939e-38
1.9353458287445036e-38
2.129181045141644e-38
2.132881431154746e-38
2.065406857774679e-38
2.1893913546592557e-38
1.9285395311791388e-38
2.2593505174460122e-38
2.368729275067394e-38
2.385716891966874e-38
2.196224142533291e-38
2.3117798061342996e-38
2.2984122609209585e-38
2.7698176616822385e-38
2.846128982060396e-38
2.687464399604352e-38
3.01836042050316e-38
2.9610745519461686e-38
2.483482402679894e-38
2.51664314455566e-38
2.390324609429334e-38
2.487694216225222e-38
2.4551511679836943e-38
2.554291607478768e-38
3.018342387126059e-38
3.0160441017797266e-38
3.4724486835101934e-38
3.322941611475591e-38
3.422453709155174e-38
3.505894247148604e-38
3.382472998346604e-38
4.673633106404595e-38
Acceptance rate: 0.14257142857142785
3.024016783934759e-38
3.255502387458938e-38
3.4037047133239164e-38
3.684215147077202e-38
3.9902692392584623e-38
4.076134548192151e-38
4.622785734975341e-38
4.729654076275667e-38
4.268340398580941e-38
4.579205190266074e-38
4.4652036533803683e-38
4.4435229024007693e-38
4.935826740043847e-38
5.501084050336619e-38
5.418947281679881e-38
5.207576582003674e-38
5.026188752569032e-38
6.161750011557681e-38
6.903991087858366e-38
7.351691899882085e-38
8.024366967420832e-38
9.087862853519461e-38
8.695627847535324e-38
9.469351176791101e-38
1.0379131545599928e-37
1.431877338848853e-37
1.364259025227528e-37
1.405129946155128e-37
1.4734924120664322e-37
1.838459092125996e-37
1.540798465558516e-37
1.368888495098383e-37
1.432306976678003e-37
1.8462556316819878e-37
2.144079904562419e-37
2.011942178394326e-37
1.8907488000821386e-37
1.99124977540906e-37
1.901643782422439e-37
2.0298233864583843e-37
2.1927243137046384e-37
2.0348643659394166e-37
2.137593133449111e-37
1.9398695861916497e-37
1.978975095694035e-37
2.06075624664318e-37
2.1884464993019e-37
1.9245082641727837e-37
1.8065713344373268e-37
2.406716285291339e-37
2.416467257575542e-37
2.5183795523886835e-37
2.7700740816090468e-37
2.736558664832715e-37
2.8039933002372638e-37
2.9253612094723667e-37
2.9440197881193402e-37
4.201707782512454e-37
4.097118067756985e-37
4.196001371824557e-37
4.252722251824412e-37
4.411355956332528e-37
5.666549345916279e-37
6.848778384405796e-37
8.821326241412505e-37
9.756113728191672e-37
1.0292295158676251e-36
1.0804135424825914e-36
9.899370817898299e-37
9.327465121286328e-37
9.968923693053134e-37
1.1052854253993866e-36
1.1097439048253474e-36
1.357633401228312e-36
1.3612235790201038e-36
1.4948790707056706e-36
1.375646023908538e-36
1.3644758075316999e-36
1.593033696729534e-36
1.6684260020171303e-36
1.6888921188443837e-36
1.690074334902383e-36
1.6580477592408663e-36
1.6214457725295546e-36
1.5835191200203855e-36
1.6025857767637487e-36
1.5620327773120005e-36
1.7541055305343402e-36
2.1697056107749076e-36
2.153365222667907e-36
2.260422700959032e-36
2.9156265442916073e-36
2.7765134485641817e-36
2.6704373609105357e-36
3.026716284141938e-36
2.9260147384740423e-36
2.9025228491485117e-36
3.158841272473704e-36
3.472190622958171e-36
3.1972058142591396e-36
Acceptance rate: 0.16481249999999975
2.094414403090555e-36
2.2635744849847357e-36
2.1404161898002294e-36
2.2127462897400058e-36
2.6001935658169204e-36
2.8602920985820992e-36
2.904052899771882e-36
3.063882368436389e-36
2.9712725672303286e-36
3.0581070073660174e-36
3.009891694706627e-36
3.106868708694616e-36
3.0696560623189115e-36
3.180114357152461e-36
3.533968919392385e-36
3.427773070901654e-36
3.617251362260745e-36
3.481895592813692e-36
3.159960501706977e-36
3.61678287955385e-36
4.166990283477773e-36
3.970825840812973e-36
3.58292269186904e-36
4.810924853424431e-36
6.258032559818222e-36
6.937843192264388e-36
6.634853979308247e-36
6.395947419156344e-36
6.149531333347003e-36
6.101740992139981e-36
5.5005806681862805e-36
6.058651719643083e-36
5.9131985567734264e-36
5.996715468549782e-36
6.870237734635532e-36
8.117597096469108e-36
7.809342884694744e-36
8.540369584483652e-36
8.305173594638395e-36
8.514554578979116e-36
8.544894851674102e-36
8.731323113652284e-36
1.0131982769185024e-35
1.0261143787577044e-35
9.326610493724608e-36
1.0254156672848717e-35
9.32700247562656e-36
9.43827085904257e-36
9.953586611315652e-36
9.755138215247038e-36
1.003920969658763e-35
9.093436479571927e-36
9.023437884971647e-36
9.743232174446587e-36
1.1323024349350988e-35
1.2016551234116877e-35
1.2515934728185435e-35
1.2212071948069687e-35
1.4029794012998972e-35
1.4142577980742453e-35
1.39142988235909e-35
1.4672942403080874e-35
1.611465945568453e-35
1.6241529670740103e-35
1.6120765239683854e-35
1.6183688387934953e-35
1.6454599032717508e-35
1.7198644422173465e-35
1.931980114128328e-35
2.410824912704511e-35
2.446040721123048e-35
2.994434673939381e-35
3.222870146733651e-35
3.4618149906037385e-35
3.7838846819018826e-35
3.8038709119127954e-35
3.8666828587602524e-35
3.8954671195030304e-35
4.456053970216876e-35
4.702707583872928e-35
4.4803731361844683e-35
5.042605550471031e-35
4.872087708377266e-35
5.053865654175776e-35
5.174471263138941e-35
5.386509573596239e-35
5.034741639238356e-35
5.967645842680008e-35
5.784673972188401e-35
6.259601521270276e-35
5.752059960110812e-35
5.881236125436374e-35
5.585878364078329e-35
5.5819353899077e-35
5.34741519981595e-35
5.173895872841768e-35
5.966005749141314e-35
6.373237492776685e-35
6.926283090372202e-35
6.189377607663659e-35
Acceptance rate: 0.17788888888888918
4.1371535099515455e-35
4.3793465525645844e-35
3.8823229808107225e-35
3.3937750399677436e-35
3.6649726630783653e-35
3.51772721049664e-35
3.613692967842503e-35
3.7489519334449584e-35
4.4147784969320684e-35
5.381077262928976e-35
6.233868901660604e-35
5.457972730940453e-35
5.247299740130368e-35
5.592120532686019e-35
6.50618804233464e-35
7.256908829248409e-35
7.446144312301959e-35
9.048590629892064e-35
8.164982202603245e-35
8.072478737390604e-35
8.451051252218082e-35
9.137120045929998e-35
9.703676174394124e-35
1.0019624555789365e-34
1.0385845428374713e-34
1.1012592454860857e-34
1.073312309247264e-34
1.04197302461248e-34
1.0711375261922557e-34
1.2063532053424317e-34
1.1799308503900714e-34
1.1427818075586247e-34
1.2293581498571976e-34
1.283602506400085e-34
1.2699133213679877e-34
1.534538571013342e-34
1.5782392069242588e-34
1.65625656905333e-34
1.571768699854469e-34
1.6454821365247164e-34
1.529725236875011e-34
1.4905038894706936e-34
1.3908957377796723e-34
1.2709517403968087e-34
1.2407643046414487e-34
1.211509321919547e-34
1.2442194759452e-34
1.3033819613969242e-34
1.341897227011347e-34
1.6087970755406253e-34
1.4091256331969879e-34
1.418106205286021e-34
1.675209345387146e-34
2.1632947315701985e-34
2.5788818851448423e-34
2.4311936396970336e-34
2.1757002920723576e-34
2.208263889843848e-34
2.2905258602291606e-34
2.119459949092535e-34
1.919542504282712e-34
2.1129280382175016e-34
1.8781444937487378e-34
1.7989288238116323e-34
2.0401685521952458e-34
2.0089775627944826e-34
1.8633323137038989e-34
1.9520566358038092e-34
2.0394426414507032e-34
1.974211232703238e-34
1.9218660499915338e-34
1.745283843444546e-34
1.682485182818368e-34
1.6310943869373783e-34
1.709887862606277e-34
1.8661846299354987e-34
1.896426403219605e-34
1.8355995160738328e-34
1.4307820268877184e-34
1.4625876744791461e-34
1.5581297609651546e-34
1.5524300165538192e-34
1.4563109505619014e-34
1.6848078654095864e-34
1.5735367617728754e-34
1.6285467517737305e-34
1.6247971154083434e-34
1.634392805182734e-34
1.661836090416726e-34
1.6712312968804979e-34
1.8153565509058549e-34
1.7595794908740526e-34
1.5640551286882226e-34
1.4335559606732741e-34
1.616647341273337e-34
1.656837699714882e-34
1.6497943530700775e-34
1.6762527601575308e-34
1.6886296678855225e-34
1.8007524956178922e-34
Acceptance rate: 0.18785000000000004
Sampling time (10 samples): 5475.2304 seconds
