/scratch/users/yanlan/TroubleShooting/Control/Output/AM_PM_ET_181_308_00
1.0833770560282001e-06
5.366006657666944e-07
2.905864989587634e-07
1.5773559872979528e-07
7.865359681879638e-08
3.899737281879872e-08
1.928792521884947e-08
1.014114967935559e-08
6.253643092145847e-09
3.716427555841441e-09
2.0985200177560517e-09
1.1496179787434429e-09
6.928499650778948e-10
4.1484352386084493e-10
2.37463537800565e-10
1.3217408343588247e-10
7.221612191699097e-11
3.895477413346655e-11
2.0823349269341187e-11
1.1058873834491106e-11
5.845531562561905e-12
3.0793491174365853e-12
1.6182261356273934e-12
8.489578352393973e-13
4.448843729175215e-13
2.3297827222681873e-13
1.2196724779916318e-13
6.384864893588046e-14
3.343012006988838e-14
1.7509755337561233e-14
9.175745794736751e-15
4.811418305072352e-15
2.524741792873195e-15
1.325887792761021e-15
6.968992008990538e-16
3.666306160009299e-16
1.930638126595635e-16
1.0176551060217624e-16
5.3695651739887604e-17
2.836122786772276e-17
1.4995635148412723e-17
9.313374084138885e-18
7.597373732866847e-18
5.325958016503627e-18
3.4603943056018615e-18
2.311408046213223e-18
1.4736921857732406e-18
9.046792348054595e-19
5.412815363822114e-19
3.1794964429638063e-19
1.90452678763175e-19
1.1831800297426485e-19
7.150082677906024e-20
4.834897066192e-20
3.951760358161344e-20
2.798234296607783e-20
1.8412985924826432e-20
1.1591038517648812e-20
7.08481420723285e-21
4.241169733065527e-21
2.747451394958672e-21
2.072834050310885e-21
1.4167012177615684e-21
9.188996430665467e-22
9.957139049467118e-22
7.301178533519427e-22
5.1700331046864915e-22
3.6293434761445003e-22
2.3887858071718876e-22
1.4928895230432967e-22
1.2215152205342488e-22
9.561661389008422e-23
7.113441010972329e-23
5.0175977361441435e-23
3.319325478857333e-23
2.109742503348993e-23
1.3049847969000917e-23
9.357983641529693e-24
6.993486954387683e-24
4.790499398274608e-24
3.1187173002164636e-24
1.9640582031132955e-24
1.208480383664627e-24
7.309852857848351e-25
4.364490056975715e-25
2.5795717803535596e-25
1.512319399366677e-25
1.2202319652731305e-25
9.475438686404927e-26
6.648862942307571e-26
4.406381150068517e-26
3.70575446210915e-26
2.7076688563053604e-26
1.8397479004473125e-26
1.1959079267295363e-26
7.546660539894538e-27
4.6625482408294496e-27
2.8355952622485314e-27
1.703704727787068e-27
1.0138786072233928e-27
Acceptance rate: 0.012999999999999998
5.674463244362632e-28
3.762263476744132e-28
3.364033092510355e-28
2.5135896941235964e-28
1.7350762942881427e-28
1.1422324115327038e-28
7.286855274763755e-29
5.421130986315664e-29
4.607824129798002e-29
3.402989118307854e-29
2.646842523507546e-29
1.928563680387578e-29
1.3146134180291991e-29
9.050501527666237e-30
8.773072128829956e-30
7.97120286947943e-30
5.908715355292862e-30
3.771109882197367e-30
3.2609747511147614e-30
2.5497054930305014e-30
1.811661643835315e-30
1.3288569825756534e-30
1.2326449776591871e-30
9.500663977645486e-31
6.663928852232853e-31
6.639001454223611e-31
5.829059486543957e-31
5.267903663158903e-31
4.201756730169486e-31
3.023409762275464e-31
2.15240049507593e-31
1.4888105372270974e-31
1.1731865270749345e-31
8.974710909162094e-32
6.320885117191344e-32
5.52304444402146e-32
4.0474940735435963e-32
2.77721102879288e-32
1.831783756146114e-32
1.1759116555715721e-32
7.401808497047435e-33
5.1909875723171804e-33
3.5259063884375815e-33
2.3114178607313045e-33
1.4781938109926605e-33
9.282879851198225e-34
5.749195756679514e-34
3.522103588549836e-34
2.1389624326615815e-34
1.2897528369831943e-34
8.855040394482103e-35
6.959640974564966e-35
4.992288622501503e-35
3.396109828856355e-35
2.2318029268941491e-35
1.4315546408891146e-35
1.0173484173530297e-35
7.145210296772628e-36
4.79903271578803e-36
3.1278459518599265e-36
1.99523500316009e-36
1.2524126702282484e-36
7.764031603647143e-37
4.7657353076148114e-37
2.901966820731744e-37
1.7554595400647262e-37
1.056089584151502e-37
6.324077079755999e-38
3.7720775932200484e-38
2.2423106416982498e-38
1.329059074276645e-38
7.857678215879138e-39
9.011909556667426e-39
7.868197457601361e-39
5.974942160844945e-39
4.21991945715858e-39
3.026034067977544e-39
2.314686798684071e-39
1.6423643249121133e-39
1.1133144786305645e-39
7.3193804356415745e-40
4.7079162041103406e-40
2.979032728474436e-40
1.8613294795990784e-40
1.3427847608294615e-40
1.3442899888477108e-40
1.1673709453756848e-40
8.862401114372767e-41
6.269447668202812e-41
4.246385570601326e-41
2.7927790181276776e-41
2.12006162111053e-41
1.7871562896615677e-41
1.3111399687791743e-41
9.093515470373885e-42
6.082252117379897e-42
3.9666035906294176e-42
3.85163659215647e-42
3.2253303984251144e-42
2.4637602682015574e-42
Acceptance rate: 0.016000000000000018
1.441705580881577e-42
9.150069529136093e-43
5.7374506278375e-43
3.563043943667736e-43
2.4742299944889977e-43
2.430046651465826e-43
2.1843370658019893e-43
1.6905560328110517e-43
1.3608090048115446e-43
1.1080496277608751e-43
7.695852143892052e-44
5.272304240195871e-44
5.031886518862204e-44
5.096007100631984e-44
4.84899784495972e-44
3.8523844452833396e-44
2.8062373115630884e-44
1.9424248298064998e-44
1.671111340264498e-44
1.363579121383417e-44
1.0071912497974318e-44
7.016807829486353e-45
4.7189371356561026e-45
3.0960887691916236e-45
1.9946386854171333e-45
1.5644986567210668e-45
1.4328472990972896e-45
1.1687302107241174e-45
8.866368062991332e-46
9.400793410691485e-46
7.923993300460729e-46
5.966241696305309e-46
4.2211376230876135e-46
3.1488124145813615e-46
2.265092146664024e-46
1.5578627657773377e-46
1.3220844196548528e-46
1.181979755452425e-46
9.71004305522619e-47
8.406450283186111e-47
6.582719523907645e-47
5.638715071317199e-47
5.331153162803253e-47
4.663708253738156e-47
3.582127891126914e-47
2.7915317063666e-47
2.363750238776376e-47
2.0229965681091897e-47
1.7249494556189643e-47
1.5660771401903778e-47
1.1092618854813663e-47
1.0983248741150121e-47
9.612734490346009e-48
9.670434853003122e-48
7.904539986774982e-48
6.246674955585129e-48
4.6958202960083174e-48
4.441089826573108e-48
4.402868486937762e-48
4.3624552120261324e-48
4.4694631725236993e-48
3.732837695513953e-48
3.4056552090056357e-48
3.0793757392213134e-48
2.9242281440993185e-48
3.01431527861805e-48
2.6011699368105952e-48
2.0357457749418364e-48
1.716420524800914e-48
1.4188037096934054e-48
1.4106497941521296e-48
1.2945556692750547e-48
1.2076154340110098e-48
1.137447634324444e-48
1.5267295845174513e-48
1.7900631101336293e-48
1.65714730425527e-48
1.60898834937001e-48
1.607253525240812e-48
1.4997007589191587e-48
1.327927284887671e-48
1.2002824020626505e-48
1.186074227003754e-48
1.2258625741954112e-48
1.2214361276052895e-48
1.3035596101922619e-48
1.6547720241361736e-48
1.6804921910253438e-48
1.6492204087902495e-48
1.2955800271309921e-48
1.3922142883195074e-48
1.3415379733694862e-48
1.4544759294707897e-48
1.639846890894006e-48
1.4113556364991127e-48
1.3086322204828836e-48
1.2940325331007931e-48
1.2099120632378738e-48
1.1697765897089451e-48
1.0842064686036388e-48
Acceptance rate: 0.03450000000000005
6.79881450791135e-49
6.5083432261582235e-49
7.191197243805817e-49
7.866588088961858e-49
1.0727667841326532e-48
1.2282988388545013e-48
1.222560516091902e-48
1.500444652967265e-48
1.4349272272008668e-48
1.5057270565415194e-48
1.435483376635081e-48
1.462917081340698e-48
1.4815034166499523e-48
1.515090725036987e-48
1.582253512808664e-48
1.674470252747402e-48
1.5119451652650173e-48
1.3334403150195457e-48
1.177719277490048e-48
1.1424396562093969e-48
1.1648762593341236e-48
1.230304919021095e-48
1.153948469806279e-48
1.2060658124391956e-48
1.0090821706634338e-48
1.1480326830138525e-48
1.0236236456745348e-48
8.87919366684034e-49
8.812095504678441e-49
8.272094908243115e-49
8.228168404460531e-49
8.258292941119636e-49
7.888647926784188e-49
7.678473219135175e-49
9.10846348638921e-49
9.49402759750986e-49
1.3000279438245323e-48
1.1702397819134527e-48
1.2836756076766138e-48
1.3625293774776358e-48
1.1862370441591083e-48
1.088799458600927e-48
9.754369776576354e-49
9.728526310477435e-49
9.998207728303901e-49
8.906455198567387e-49
9.00311417597149e-49
8.197071785250104e-49
9.050018111553055e-49
1.0668922759012554e-48
1.0460424145993481e-48
1.2233019190440074e-48
1.2253572491379873e-48
1.2458930179892728e-48
1.3623096011700878e-48
1.427205979774957e-48
1.933721967629108e-48
1.9506822551304126e-48
2.017531325212484e-48
1.920489571007209e-48
2.179215119268241e-48
2.120312980407174e-48
2.3468882577245387e-48
2.276386869236011e-48
2.0585290791995646e-48
1.8340278650879793e-48
1.626609698699669e-48
1.63575016401061e-48
1.6752211693928863e-48
1.8005805201509835e-48
1.7762686469489825e-48
1.615333584085578e-48
1.724142871580151e-48
1.524188442140148e-48
1.546072923508695e-48
1.6563717571303498e-48
1.9114401474752418e-48
1.7061302163390537e-48
1.4659513370799335e-48
1.3791858813383804e-48
1.4203488723237467e-48
1.2714794545585562e-48
1.4044932627487614e-48
1.4328802433440394e-48
1.3733482415251134e-48
1.5278167955691228e-48
1.8007981417581108e-48
1.8820843861163817e-48
1.876468668615523e-48
2.228454914507056e-48
2.3104483126701314e-48
2.3067992078136242e-48
2.6700283452182003e-48
3.220494001322782e-48
3.387242655637689e-48
4.193757927047628e-48
4.5902281740204363e-48
4.7684420395855346e-48
5.730872579635663e-48
6.687397143694377e-48
Acceptance rate: 0.062249999999999986
4.329895950572872e-48
5.3544675909122716e-48
5.759136834080917e-48
6.115272174888821e-48
8.720283503846405e-48
1.0256212984700198e-47
1.129546445221248e-47
1.2210494840546907e-47
1.3062762633158256e-47
1.2928149533156168e-47
1.1644432107473515e-47
1.1199310847564517e-47
1.4428104907682932e-47
1.4973997751273306e-47
1.4588364638599457e-47
1.623219766903705e-47
1.7379038373405815e-47
1.9302995570952875e-47
2.220182555258143e-47
2.3565675953533196e-47
2.332975005146601e-47
2.2301332044776054e-47
2.347771958664243e-47
2.0042822844971158e-47
2.1001247150514875e-47
2.501861719586586e-47
2.3860806844355573e-47
2.0529472775678147e-47
2.8489620133383695e-47
3.158001745104111e-47
3.50088529352128e-47
3.169060587677015e-47
3.219758864811919e-47
3.226177978741915e-47
3.806312286322233e-47
3.893511727505345e-47
4.41603618873933e-47
6.0479449603341205e-47
7.103410792906573e-47
7.063603880682967e-47
7.296685949532394e-47
7.245094632515384e-47
7.68793195270293e-47
1.1022242276473705e-46
1.1383825264965616e-46
1.6243953659509379e-46
1.881468812374604e-46
2.139111906732499e-46
2.2975254525843422e-46
2.1853001594651654e-46
2.1765524070083122e-46
2.0262013776281956e-46
2.3624705020180242e-46
2.4391853374405993e-46
2.6594951086981514e-46
3.1448371254556538e-46
3.689532118832792e-46
3.867053395147807e-46
4.450212866418727e-46
4.559560998924471e-46
5.424611843963327e-46
5.735103110050488e-46
5.359181156914621e-46
6.564169869646604e-46
7.320527568942224e-46
7.359247144724042e-46
7.538019792824562e-46
8.300886955266613e-46
9.958140780237884e-46
1.0696256288580802e-45
1.0964069631889392e-45
1.1726662508973382e-45
1.5081749694858546e-45
1.6245645219453072e-45
1.59968511489241e-45
1.5469191149864568e-45
1.624752261000147e-45
1.7884520597020518e-45
2.030388633183303e-45
2.1885165299499524e-45
2.4676429868040046e-45
2.7426081638141894e-45
2.758515226909023e-45
2.6925709065303817e-45
2.926543842405027e-45
2.673099298169775e-45
2.7830498176959274e-45
2.646559785375651e-45
2.3726885727490115e-45
2.3320557905883736e-45
2.4085040313729998e-45
2.1170948758985144e-45
2.4468421566434472e-45
2.7291023526822566e-45
2.8760925728517577e-45
2.789610987853504e-45
2.4766778601246885e-45
2.4069798598576503e-45
2.947353764371399e-45
3.281215472246006e-45
Acceptance rate: 0.08590000000000007
2.2016229511371517e-45
2.5349227042455933e-45
3.18206527593866e-45
2.7809773716970907e-45
3.0147422382045714e-45
3.0702833429218585e-45
3.5375588425478255e-45
3.6895070132244766e-45
3.899836814755254e-45
4.390652332995887e-45
5.287852488076961e-45
6.116068587923838e-45
6.465301478069971e-45
6.179772886680626e-45
8.51863363151687e-45
8.234037409638474e-45
9.483448250128688e-45
1.0730810095001928e-44
1.1337352395097525e-44
1.1028329943901527e-44
1.0879826263040794e-44
1.146415585963534e-44
1.1409252576575127e-44
1.0662359706149773e-44
1.295754061670206e-44
1.3027628785487592e-44
1.321050577174568e-44
1.6114129736841825e-44
1.5164346083399314e-44
1.7875629878250558e-44
1.8882907892944016e-44
1.988177761090513e-44
1.9960660440846775e-44
1.8095186913015095e-44
2.2261014457405312e-44
2.363969880553212e-44
3.0880187878129193e-44
3.3069480372153827e-44
3.1204998498536966e-44
3.2182467489654235e-44
3.341367789793141e-44
4.502203591403032e-44
5.284657949842891e-44
5.546817799563923e-44
5.215470254059973e-44
5.304968109145294e-44
5.20367322897917e-44
6.620073718188131e-44
7.679155725655208e-44
7.737411251090629e-44
8.311471962023497e-44
9.210287476848519e-44
9.30947604843485e-44
8.714592495961307e-44
8.003182232650699e-44
8.048715161893156e-44
1.025929247560103e-43
1.0157837453172086e-43
1.1593014334097592e-43
1.4444644213761842e-43
1.869738267857033e-43
1.952776397849775e-43
2.0750655673269647e-43
1.855930838305438e-43
2.425135432352837e-43
2.7155674111059612e-43
2.7917429628702177e-43
3.0572860129216057e-43
3.403501616801215e-43
3.699459510110051e-43
3.5455083439681646e-43
3.879341048845225e-43
3.781519226433997e-43
4.066097559107178e-43
3.834935611969755e-43
4.483875841478453e-43
4.8028132513642635e-43
4.474058866660388e-43
5.057776646463433e-43
5.23870732322461e-43
5.171805500571295e-43
5.254030150417509e-43
5.746109763378131e-43
6.483377331764172e-43
7.42670427915281e-43
8.34267048737903e-43
7.92824810721472e-43
8.69386121779706e-43
9.854813453529143e-43
1.2273189085196296e-42
1.360342383411773e-42
1.2088658470666187e-42
1.1102962554926636e-42
1.2722306975944918e-42
1.3685013799539688e-42
1.1659186008064455e-42
1.0643164247084102e-42
1.3529683887701172e-42
1.3881819123406104e-42
1.2962167013583547e-42
Acceptance rate: 0.09975000000000012
8.498460252679089e-43
7.91569464312823e-43
8.288278692462784e-43
9.304921202547273e-43
1.0239844587593988e-42
1.1855734165568176e-42
1.2142334484537919e-42
1.3157284126933673e-42
1.21222238233265e-42
1.4134036757189993e-42
1.9501489369563715e-42
2.171634749993164e-42
2.2986634869676974e-42
2.5257391362461828e-42
2.7866700756201627e-42
2.962836669925971e-42
3.3657201331139657e-42
3.83594653485399e-42
3.908392987973375e-42
4.5007965628565624e-42
4.965692979637884e-42
5.437917800955161e-42
6.482765758572181e-42
6.108078870650928e-42
5.4196508697941977e-42
5.0676997402552855e-42
5.6049553797471405e-42
5.4155545217616616e-42
6.774511599620393e-42
8.45594251946139e-42
9.723269324569393e-42
9.052759219971785e-42
1.0824573943865581e-41
1.0655065706121342e-41
1.0131547024729205e-41
1.166338581312426e-41
1.359678916566684e-41
1.5444756464093353e-41
1.5831779953758965e-41
1.657559183064599e-41
1.594627557387763e-41
1.49998356448596e-41
1.3973121889513907e-41
1.5225879283110683e-41
1.8394610425716523e-41
1.9512635364516868e-41
2.5773102310759635e-41
2.564071657172405e-41
3.038375665568207e-41
3.082127405662414e-41
3.1351546286701804e-41
3.3672899429892537e-41
4.054216571271099e-41
4.73683351866623e-41
5.47219910625811e-41
5.191122520053051e-41
4.668530409843797e-41
4.798538849448127e-41
4.657958182201558e-41
5.470702897263101e-41
5.267679268241284e-41
6.087674303612437e-41
7.066114359450567e-41
7.76663782995886e-41
8.781759792038504e-41
9.229623452778964e-41
9.622543950915285e-41
9.172102299558187e-41
7.909888359714998e-41
7.95836692449888e-41
9.839958198122233e-41
9.18922758335609e-41
8.485918968266277e-41
9.161944177889424e-41
1.041644537158052e-40
1.0413869690937789e-40
1.1246314294167102e-40
1.129765275863661e-40
1.3818653291965953e-40
1.3305741639327626e-40
1.3022812782770958e-40
1.5063866223850144e-40
1.6247427717146667e-40
1.7443935951871165e-40
1.6723058496361937e-40
1.5495056744469602e-40
1.8098752334300396e-40
2.036544082967314e-40
2.0140198934758283e-40
2.299478542370862e-40
2.354419455168317e-40
2.626921028911177e-40
2.372975765566163e-40
2.2224345749041694e-40
1.9890591120059187e-40
2.016361942611423e-40
1.8795666167093526e-40
1.7230701454865129e-40
2.003483254629763e-40
2.10760636161946e-40
Acceptance rate: 0.10807142857142867
1.4338917517867928e-40
1.64851762544925e-40
1.5283247262524303e-40
1.6364783175963936e-40
1.422122102784446e-40
1.3266589233776943e-40
1.6724986646939496e-40
1.7882246984285966e-40
1.683717217042763e-40
1.6916086186910295e-40
2.4572185013245687e-40
2.730370312770793e-40
2.8673373582364607e-40
3.1046145018869195e-40
3.448297093576398e-40
3.542776191220971e-40
3.5867443986815382e-40
3.913613323805605e-40
4.950610508895655e-40
4.261597684159093e-40
4.524518588444028e-40
5.522358191788783e-40
6.468848177715276e-40
6.516563467859011e-40
7.508636645969536e-40
8.191535438543574e-40
8.386153765746994e-40
7.681152880528768e-40
8.172940313617653e-40
7.733361378215028e-40
7.760965658381964e-40
8.560950743183977e-40
8.075775586609941e-40
6.959055481264247e-40
7.659942036147434e-40
7.1308930709502165e-40
6.638156979480541e-40
7.119146275636716e-40
7.103408645555572e-40
8.468014509232433e-40
8.075998737112062e-40
8.684295854101316e-40
9.356248560290233e-40
9.48171406845485e-40
1.0104786186943021e-39
9.336777359483608e-40
9.00038653665381e-40
1.0737458041710916e-39
1.2577550315074868e-39
1.3022530636966552e-39
1.2037544160174934e-39
1.2840887854394443e-39
1.3500359422860369e-39
1.3146884259869932e-39
1.1420282809138792e-39
1.4278871350232929e-39
1.5822555807455698e-39
1.938090822629877e-39
1.7826966142887237e-39
1.8323904698383165e-39
1.9029912895974715e-39
1.6108378857417663e-39
1.4356284273661386e-39
1.6005957463192627e-39
1.509978073689305e-39
1.3878462697571545e-39
1.2388460945143209e-39
1.2766264678943973e-39
1.3414779181786181e-39
1.391749908236538e-39
1.674317691020182e-39
1.7872421159367534e-39
1.819794799796332e-39
1.9983474450776997e-39
1.9371509510106653e-39
1.8084395746174444e-39
1.716723149248284e-39
1.6802044752473542e-39
1.4836679910893642e-39
1.8463769412253032e-39
1.7823410505737144e-39
1.7482106925271237e-39
1.6776548551751004e-39
1.8865263981804324e-39
1.8859692953702787e-39
1.9406845634090618e-39
2.277871238451772e-39
2.1800415660874545e-39
2.2442679574663512e-39
2.2885182715851633e-39
2.3696774804059248e-39
2.2808802469269674e-39
2.0684815423926075e-39
2.1696730122620887e-39
2.69718567189604e-39
2.9672741644060715e-39
2.9269157035331384e-39
2.8740069720595937e-39
3.320878323885233e-39
3.7907621458191104e-39
Acceptance rate: 0.11656250000000003
2.484134232004757e-39
2.6840507226437595e-39
2.659476480890565e-39
2.7670867257503568e-39
3.250093202306258e-39
3.097123609981866e-39
3.02658706506337e-39
3.281692904205065e-39
3.3441992858806135e-39
3.36794228923434e-39
3.3665389464807763e-39
3.876612636464153e-39
3.77865417591779e-39
3.808524743875651e-39
3.643823961252916e-39
3.787452699879957e-39
4.113582926013635e-39
3.8572243492631883e-39
3.838348959881656e-39
3.549161223947792e-39
4.179105990233457e-39
3.913864265393933e-39
4.0283021403486936e-39
3.7516453693564975e-39
3.6825827525006276e-39
4.191211054106875e-39
4.320745651081072e-39
4.040863052238801e-39
4.0747713958782385e-39
4.3877893825636654e-39
4.94035233408445e-39
5.329223747716795e-39
6.215057814987893e-39
6.614442818435101e-39
6.009115533361955e-39
6.317108492104331e-39
6.899834685631872e-39
7.589911807861242e-39
8.302063305551103e-39
8.842918304626965e-39
8.933624742735434e-39
8.890390846691343e-39
9.315318130004626e-39
8.981815492483602e-39
8.110274638534668e-39
7.630988068818327e-39
7.253462330051809e-39
7.590992129330424e-39
7.607305299849814e-39
7.561798036676384e-39
7.628213784702738e-39
7.895591254550156e-39
8.288894657483787e-39
7.888997398518712e-39
9.326967182631287e-39
1.1359645367586167e-38
1.2676339906845204e-38
1.2740424190210355e-38
1.3075156272643268e-38
1.626795717657885e-38
1.6666221674202597e-38
1.7165390952855e-38
1.5829922895107202e-38
1.6386110805391132e-38
1.436078342888567e-38
1.3840340925531105e-38
1.5532492966688417e-38
1.7250302671371527e-38
1.686212805975781e-38
2.1775530565435096e-38
2.1837860844497322e-38
2.2448506665969873e-38
2.3057106920022433e-38
2.4295516587624626e-38
3.002307789697669e-38
2.859028444207185e-38
3.5422953846088507e-38
3.883767915976857e-38
3.968796662312024e-38
4.1569377837290287e-38
4.5597150865681924e-38
5.069322846223939e-38
5.396005934299234e-38
4.898972551116835e-38
4.484539240175635e-38
4.3682689215257116e-38
4.978673516136052e-38
5.986785640884257e-38
6.540552729449731e-38
6.789758503458464e-38
6.662592404426949e-38
7.032294891561073e-38
7.030816209682648e-38
6.760632760876412e-38
6.489064604102193e-38
8.426657833288466e-38
8.383882492308251e-38
9.499615661040448e-38
9.375246636756923e-38
1.0627170800034734e-37
Acceptance rate: 0.12161111111111103
6.993832043764831e-38
6.246172147989653e-38
5.635893300781378e-38
5.696474133570077e-38
5.463909964001846e-38
5.552779682318317e-38
5.591907271554724e-38
7.058061819991228e-38
9.022394173770895e-38
8.506651508343952e-38
8.265347770612656e-38
8.312734374476559e-38
8.561201621604091e-38
8.440301201079901e-38
8.165776454973836e-38
1.0167001794487627e-37
9.360201393570875e-38
8.754669544889948e-38
8.927324366916049e-38
9.49642015771653e-38
1.0369412507103839e-37
9.828049787430458e-38
8.752345327113753e-38
8.842359840851775e-38
1.0021558810399246e-37
1.1092613564100796e-37
1.1789242689350916e-37
1.0917707998879605e-37
1.3507977488737476e-37
1.6824550513587456e-37
1.7937354689517397e-37
1.8767249831787044e-37
2.0126697701599353e-37
2.5668990098205134e-37
2.6044188550688905e-37
2.6421347013836047e-37
2.3890242394552676e-37
2.510680044085668e-37
2.703733118809492e-37
2.527534507756953e-37
2.732363529862439e-37
3.199541480002898e-37
3.2942082698319827e-37
3.30644622211636e-37
3.2861761980180185e-37
3.0801502347518747e-37
3.253625188491942e-37
3.639191114607064e-37
3.6238447177601104e-37
3.4824475854524784e-37
3.441901420651987e-37
4.4972314036865174e-37
5.00467407832853e-37
4.467939028966317e-37
4.348058509617652e-37
5.155771525288752e-37
4.843273796034713e-37
4.874716388368824e-37
4.9729681942817225e-37
5.654446186984523e-37
5.177991735106483e-37
5.1339096915539996e-37
4.695549028075788e-37
4.391576322148034e-37
4.755990917420492e-37
4.664693447865583e-37
4.712533216972945e-37
4.831219630254321e-37
5.587775796807594e-37
5.079972384192956e-37
4.7612931095445245e-37
4.190040146703423e-37
3.9750823678539605e-37
3.43329246218165e-37
3.6049612606018087e-37
3.6688769526746176e-37
3.3789894134130058e-37
4.619487808350259e-37
4.3682724106431025e-37
3.9505392969941965e-37
3.239828930546847e-37
3.385551034165649e-37
3.78157385019568e-37
3.9872933463787235e-37
4.553192964788925e-37
4.5375025921811014e-37
4.889264301476597e-37
4.841411359990698e-37
4.429266535037916e-37
4.6616548285467054e-37
4.896499374888848e-37
4.435918958725843e-37
5.5068854824572e-37
5.609285319962865e-37
5.610394855685767e-37
5.349717680713047e-37
7.596529163693612e-37
8.501214541178138e-37
9.935024464202497e-37
1.306840016240939e-36
Acceptance rate: 0.1261000000000001
Sampling time (10 samples): 6128.4676 seconds
