/scratch/users/yanlan/TroubleShooting/Control/Output/AM_PM_ET_215_315_00
1.0588514499124157e-06
5.023617274827555e-07
2.409638901466407e-07
1.1589256769900143e-07
6.106352325219773e-08
3.165107242601897e-08
1.616608659337971e-08
8.18786491719065e-09
4.500898384237472e-09
2.6004772038512e-09
1.3505957479942063e-09
6.966214465922431e-10
3.577169704768399e-10
2.3808900091470547e-10
1.4492539912935026e-10
8.397086301605805e-11
4.719313247440203e-11
2.599450711427803e-11
1.4120343674869933e-11
7.594843920556203e-12
4.05592034387842e-12
2.154735080145919e-12
1.1403554399510058e-12
6.018398145800589e-13
3.169999890683012e-13
2.0626972233259916e-13
1.333991360016703e-13
9.879025060830075e-14
6.51128050738751e-14
4.0325987834957e-14
2.403757920381547e-14
1.396711519463816e-14
7.970922435257514e-15
4.489462845970856e-15
3.4887026613309673e-15
2.5045541411438445e-15
1.6385720812005236e-15
1.016911010843724e-15
6.101984436215948e-16
3.5778678931156284e-16
2.0632524061566687e-16
1.1751588312151707e-16
6.630205386456104e-17
3.7132563827749835e-17
2.0675460478923824e-17
1.1458828323118074e-17
6.3271404256149444e-18
4.18492764092446e-18
3.42932022140861e-18
2.420840586755886e-18
1.5850156517088663e-18
9.919735314843253e-19
6.025691139300126e-19
3.584160346348325e-19
2.0992024341949344e-19
1.21513103577577e-19
6.969916703749826e-20
3.9691094930839645e-20
2.2471822354898574e-20
1.6048455107880502e-20
1.1046277020547699e-20
7.164600337996784e-21
4.475850790529736e-21
2.9506246692261942e-21
1.8742224830769886e-21
1.1553711628203588e-21
6.972980580970711e-22
4.142955116865469e-22
2.4322361876126825e-22
1.4146078430295342e-22
1.0277384265571027e-22
7.622488341084174e-23
5.185534994578598e-23
3.35396847835494e-23
2.0989958109236193e-23
1.2836555207827074e-23
7.71848572426207e-24
4.5816900016082576e-24
2.692507397532929e-24
1.5696911755500532e-24
1.0122998372074125e-24
7.570187561661054e-25
5.193042363796073e-25
3.3868080375739453e-25
2.137042720812269e-25
1.317586769627694e-25
7.986337014260075e-26
4.778376072310853e-26
2.830118054920351e-26
1.6626811798110803e-26
9.704148100752723e-27
6.76963537500799e-27
4.943031200484144e-27
3.357283928774043e-27
2.1818165333553294e-27
1.3765712543452852e-27
8.503753155065499e-28
5.171161936309742e-28
3.1067329738499376e-28
1.8487059098847603e-28
Acceptance rate: 0.008500000000000013
1.077875501664232e-28
8.57987557982456e-29
7.285402736942062e-29
5.755766588676942e-29
4.2732644536749807e-29
4.097909855838542e-29
3.531866255092815e-29
3.3391119346941387e-29
2.4951618307646874e-29
1.7246377807036984e-29
1.1375046322896387e-29
7.27252694372784e-30
4.547984388299487e-30
2.7978214193381644e-30
1.765532362508381e-30
1.7394823983127903e-30
1.3702106320035936e-30
9.766984922357162e-31
6.578551462979265e-31
5.1016129696969355e-31
3.6310535450135413e-31
2.444894227546511e-31
1.588349627902163e-31
1.0065100963288115e-31
6.262745850322315e-32
3.8430898293586614e-32
2.493993368160886e-32
2.3376268342096318e-32
1.8121357406817904e-32
1.7193282350705987e-32
1.4874468997211582e-32
1.1143902327029945e-32
7.753381489474193e-33
5.1568827998842894e-33
3.487984538174365e-33
2.388172901770648e-33
1.5724677642376283e-33
1.31643546657588e-33
9.726474178499414e-34
6.7213967250779584e-34
4.455485385175548e-34
2.871079452970473e-34
1.8127264179203923e-34
1.564075134891044e-34
1.2371241576166e-34
9.871341973162741e-35
7.448864653644102e-35
5.699610771069049e-35
5.430750645715522e-35
4.442444444498227e-35
3.354949325652309e-35
2.353134964767409e-35
1.577799913832642e-35
1.4242085223952763e-35
1.2053914879823633e-35
1.0031211196258357e-35
7.328602629202229e-36
5.674267668873185e-36
4.594945386493129e-36
4.998421255327089e-36
4.273645407278229e-36
4.543599292315073e-36
3.842935544866913e-36
3.079951266964905e-36
2.182396341649276e-36
1.4755591287802164e-36
9.66938507290615e-37
6.196824712638721e-37
3.905943171840862e-37
2.430612515926784e-37
1.4972547699269743e-37
1.2232892383371058e-37
9.337396127067738e-38
6.612408271121923e-38
4.474089101581924e-38
2.9361767069913423e-38
1.885274854274708e-38
1.1908915478872036e-38
7.428167052133825e-39
4.587068196278061e-39
3.0381638025053064e-39
2.6394426780473655e-39
2.002504981001938e-39
1.557711445761735e-39
1.201577691825638e-39
8.575059696096775e-40
5.839203821590516e-40
3.853700862330328e-40
2.487223525659831e-40
1.5787746327612753e-40
9.89326300021657e-41
7.677774128502425e-41
6.72896349358194e-41
5.13579977759951e-41
3.6472968580893917e-41
2.478212935028e-41
1.6344018450081785e-41
1.2522643576618167e-41
1.0132099390696392e-41
7.437332964509101e-42
Acceptance rate: 0.012500000000000022
4.393478093487924e-42
3.0118329535031075e-42
1.999738878415275e-42
1.2979217663906524e-42
8.282675909586832e-43
5.216981522219267e-43
3.252161249018296e-43
2.0104190424303936e-43
1.2342600573708521e-43
7.534039408087877e-44
4.576565909007553e-44
4.611004378848138e-44
4.2860389381243176e-44
5.110005575198164e-44
5.008972283855515e-44
4.028528083970424e-44
2.954205852297281e-44
3.038592179051654e-44
2.5378144611152704e-44
1.8989955093717865e-44
1.3368899571452437e-44
9.053864399683411e-45
5.969741827798714e-45
5.424073312704242e-45
5.1754781425270416e-45
4.731864702894412e-45
3.700835447587619e-45
2.840730141361964e-45
2.1226902275016873e-45
1.4944661347033603e-45
1.0129145364013682e-45
6.686914092776841e-46
4.3302656538280114e-46
2.763355566648125e-46
1.7432727737139266e-46
1.089643482487088e-46
6.7596386179288555e-47
5.258836770749357e-47
4.915912059339002e-47
3.889692632868663e-47
2.834751939705095e-47
1.9671065915831495e-47
2.2028650344402405e-47
1.8953670452389768e-47
1.4802594008149383e-47
1.459088838743432e-47
1.340307916532554e-47
1.0613751364665505e-47
7.745121995211723e-48
5.382612478793046e-48
3.6820355843862053e-48
3.77250806537335e-48
3.228025405308216e-48
2.4553274657304662e-48
1.7514415855965326e-48
1.1998762237518873e-48
1.2320611310777634e-48
1.101697704264664e-48
8.564885455793627e-49
6.191409651587619e-49
4.2805351562811055e-49
3.0222418009327447e-49
2.4052612121553843e-49
2.203576069586698e-49
2.5720589919667963e-49
2.2432780247755935e-49
1.9327968011495673e-49
1.5868617477609613e-49
1.4282676992377559e-49
1.1151900803458132e-49
9.33822551790121e-50
7.3726468625035425e-50
6.038883023829744e-50
6.489050209123616e-50
6.879832644878076e-50
5.753611850265173e-50
4.336254771557656e-50
3.0819893716888877e-50
2.599525224399786e-50
2.1067689034981193e-50
1.562027396654274e-50
1.2888815435243488e-50
9.807989866256599e-51
7.015396397481003e-51
4.8246993978965545e-51
3.22946049062746e-51
3.201867211239922e-51
2.765218256479749e-51
2.1208993067758094e-51
1.5249464936175167e-51
1.2061348576324685e-51
1.5248807982364442e-51
1.7712202145542554e-51
2.010351078636756e-51
1.629525364591563e-51
1.4877243836552983e-51
1.2792425710100385e-51
9.7988810853908e-52
8.787841461257426e-52
7.266572803445977e-52
Acceptance rate: 0.01483333333333334
4.547418479872225e-52
3.537003840193192e-52
2.5286417610874432e-52
1.7405207575717115e-52
1.4491821546949546e-52
1.3143337621576226e-52
9.892766095362028e-53
7.041394134343007e-53
4.833789950512492e-53
3.235452311330222e-53
2.596691861197633e-53
2.1865807207880595e-53
1.6684195791903688e-53
1.1980150024544304e-53
1.2911471134008814e-53
1.1550881673854378e-53
1.0070472255291964e-53
8.425514849351125e-54
6.375717328160035e-54
4.771709086629038e-54
4.0413181221525205e-54
3.6967914045729027e-54
3.946662210572011e-54
3.328173657312518e-54
3.0824521035097526e-54
2.537123109518874e-54
1.8134756509695495e-54
1.660499616247212e-54
1.5451607324871916e-54
1.3319240522517663e-54
1.2565769721585733e-54
1.0087506710702086e-54
1.1126061878578461e-54
9.508054867863048e-55
7.154900577154514e-55
5.511712150380973e-55
4.459530744693225e-55
3.3189345778244e-55
3.359027473151531e-55
2.8507270233041727e-55
2.2179401099556067e-55
1.6240462096511413e-55
1.1674547375025884e-55
9.484273379760346e-56
7.07804540307302e-56
5.990880923764348e-56
5.717472654458118e-56
5.189305735058808e-56
4.099353998402113e-56
3.0121990899191226e-56
2.1171329753932043e-56
1.4440122775941852e-56
9.638498960189478e-57
6.329749852898614e-57
4.1045912561398356e-57
2.634919788287878e-57
1.6776097605669465e-57
1.0608483884761858e-57
6.670037965754119e-58
4.1733971984601304e-58
2.6003850114821892e-58
1.8796738902672666e-58
1.5885503303837547e-58
1.212699759722559e-58
8.739002017253008e-59
6.0680462346265454e-59
4.1058851541612605e-59
3.4722083356056293e-59
2.9856940367117284e-59
2.3539833212211674e-59
2.1168416838320737e-59
2.5533619270665206e-59
2.5597850659679625e-59
2.1167830184352013e-59
1.5985435234200325e-59
1.4763188397140546e-59
1.5207631194074463e-59
1.2718081578523837e-59
9.665407470939214e-60
6.951693512714569e-60
4.824122669844321e-60
5.062263182359826e-60
4.377635768231205e-60
4.1658469841787044e-60
4.791716124493781e-60
4.1754296481497193e-60
3.5863551376590426e-60
3.107615804164071e-60
2.5807574498348296e-60
1.9794462102341095e-60
1.4326645653040087e-60
9.989465243037439e-61
1.0590250475332035e-60
9.854899254917486e-61
1.1087879495495773e-60
1.0673518504442341e-60
8.47879622967295e-61
1.077015508288205e-60
1.195132077786594e-60
9.255077531887906e-61
Acceptance rate: 0.016750000000000008
5.683824408641392e-61
4.0868000831440475e-61
2.838233008656123e-61
1.923508836700718e-61
1.4635693499280184e-61
1.478187770701064e-61
1.2275494152449071e-61
9.31123962917649e-62
6.699134699330683e-62
9.253820168492262e-62
1.095778198088191e-61
9.937534075077364e-62
8.700166646209749e-62
6.786529907983972e-62
5.818512148661703e-62
5.205313123497641e-62
4.1048119355491285e-62
3.02539992673316e-62
2.1378203619199456e-62
1.4678217987915888e-62
9.870241135154077e-63
1.0166453735932317e-62
8.936106320115019e-63
8.061396035528913e-63
7.341671217693149e-63
5.071444235353001e-63
3.4262885263072446e-63
2.276554676772023e-63
1.4931757411585686e-63
1.2140515685514348e-63
1.1036427336883917e-63
8.811878813158187e-64
6.547322573285595e-64
4.6541235746783145e-64
3.2107605272251674e-64
2.16775075710302e-64
1.439969186555305e-64
9.444959900153317e-65
6.1327275092770094e-65
3.949325996519987e-65
2.5259162424798178e-65
1.6062532857209625e-65
1.1382344532764766e-65
1.2447902970815724e-65
1.103373503434572e-65
8.656617511448223e-66
6.370300155603292e-66
4.5022820538674304e-66
4.1284820652518175e-66
3.364410715382981e-66
2.531628721060974e-66
1.8158013767262428e-66
1.3295058476479112e-66
1.2838827244759113e-66
1.0515154583173825e-66
8.747374932444852e-67
7.098235916850359e-67
5.330308526265512e-67
3.8192468386826404e-67
2.6519017782680793e-67
1.8004234924103546e-67
1.2019169169249406e-67
7.919472949074784e-68
5.1640825643210926e-68
3.7268630148251274e-68
3.1025892660003087e-68
2.3644502571408083e-68
1.7108145223973495e-68
1.1963607673427547e-68
8.166861745967294e-69
5.47613030048851e-69
3.6216014525483915e-69
2.3690692955011714e-69
1.5360484225153337e-69
1.0762541302589511e-69
8.519636334760978e-70
6.311945348910558e-70
4.4863302302533124e-70
3.099494470603402e-70
2.4581089415727443e-70
1.9034550770593295e-70
1.3918636445220212e-70
9.808409343877835e-71
6.735998698419915e-71
4.539016153915884e-71
4.106538104353884e-71
3.678113890646737e-71
3.761682417051065e-71
4.255671709509062e-71
3.718693316315785e-71
2.911252946663915e-71
2.1439841114596366e-71
2.0467096895878666e-71
1.7433988806406293e-71
1.4529041980916353e-71
1.208572179433248e-71
1.3620098539252346e-71
1.1891936159476509e-71
1.3331325918174963e-71
1.1630419565363422e-71
Acceptance rate: 0.016799999999999954
7.282489407558091e-72
7.37049325695688e-72
6.589547537442182e-72
5.802602574628105e-72
5.862913338711045e-72
4.560684214754123e-72
3.6304310060998887e-72
3.036776437417492e-72
2.156097943636674e-72
1.48987632557497e-72
1.1702086158963647e-72
9.324747974395356e-73
6.946566536775421e-73
5.070306186706487e-73
4.740768701612737e-73
3.8409617283602673e-73
3.673491234112031e-73
3.233877265822651e-73
2.545005096152806e-73
1.882416505529629e-73
1.3385625268984558e-73
9.26297759287678e-74
6.283910447273599e-74
4.1989008427810976e-74
2.8628016722685176e-74
2.2091953340776063e-74
1.6149089914358113e-74
1.1395053828492388e-74
8.490771174984255e-75
6.888902980344994e-75
5.190240659519197e-75
3.7372707645722684e-75
2.731199272307469e-75
2.777587801987889e-75
2.4720648466795683e-75
1.9578910649714906e-75
1.4547062701340904e-75
1.038131653774664e-75
7.205845454627717e-76
4.9015972191388356e-76
3.283352027615187e-76
2.1730192288059504e-76
1.424303972300403e-76
1.75236241864154e-76
1.9468811856912492e-76
1.5937443432532848e-76
1.1898070025407096e-76
8.520605973481909e-77
5.930667248925256e-77
4.043515268803573e-77
2.7139994612561887e-77
2.7682551399984045e-77
2.6057218840462667e-77
2.5523201072440058e-77
2.2752593056609573e-77
1.7673238894064595e-77
1.282052944467823e-77
1.024736041578903e-77
9.264550680877358e-78
8.982817891831744e-78
8.407808737583032e-78
6.831961499587314e-78
5.158636987617604e-78
4.970379919994685e-78
4.466338659853207e-78
5.013313299772951e-78
4.457640103482086e-78
3.7536912889051987e-78
3.403224506096139e-78
3.911864388860756e-78
3.6486345445678805e-78
2.961398721554761e-78
2.2354748806301864e-78
1.6139540550750324e-78
1.1670684495882977e-78
8.240446100397592e-79
5.681767930625486e-79
4.162723419708997e-79
3.6443111172909376e-79
2.86815858314964e-79
2.1264223874063053e-79
1.5173817610095046e-79
1.0544272354506438e-79
8.191628653179412e-80
6.270793455431732e-80
4.570186291314381e-80
3.2237815467299335e-80
2.2217986737339503e-80
1.504891992244178e-80
1.0057052296500758e-80
1.0068124222069503e-80
9.27932978850402e-81
7.496601386635228e-81
5.648133901713027e-81
4.0753628914922216e-81
3.295726989938679e-81
3.6339557648434165e-81
3.828076049479963e-81
3.2789354864481264e-81
2.865276814437448e-81
Acceptance rate: 0.01800000000000002
1.8606522752613265e-81
1.7314267513012773e-81
1.5258574423959315e-81
1.5849538466432005e-81
1.5176972265954556e-81
1.4479942401371942e-81
1.590913662680059e-81
1.385597846481274e-81
1.0889184064522798e-81
8.074003797379716e-82
5.766703301039108e-82
5.22489844123938e-82
4.7142777232327356e-82
3.2825347319471976e-82
2.7085498557346495e-82
2.1760297997066563e-82
2.166046971132151e-82
2.3703294795758582e-82
2.2518939942005105e-82
1.8476353275550065e-82
1.4059840668079398e-82
1.0219099335863445e-82
7.201691172489006e-83
5.0164093724920145e-83
3.9937834308727756e-83
2.9863088598508024e-83
2.1459602331277052e-83
1.5003788843081707e-83
1.2283708788724606e-83
1.2981136183407063e-83
1.110035815313837e-83
1.1385037959541765e-83
1.341495029037072e-83
1.6239918503000207e-83
1.5020079134415556e-83
1.2384533440491655e-83
1.0893146106016044e-83
9.593133095276495e-84
8.649149960653159e-84
8.61802413605623e-84
7.229364487888337e-84
5.574802118666525e-84
4.0891407138185536e-84
2.9771420904536796e-84
2.242922145284902e-84
1.727290263675583e-84
1.6196653673165664e-84
1.3224900699409013e-84
1.0045412233991109e-84
7.298547387645116e-85
5.145653850336371e-85
3.5499980703108504e-85
2.4094441893133825e-85
2.0971789445691096e-85
2.0632108179687523e-85
1.9858765561332376e-85
1.5824787780108958e-85
1.1851536579245424e-85
8.532852659489706e-86
6.1207304186732334e-86
7.817671294332445e-86
8.528678223360987e-86
9.890139344725565e-86
9.051718013180733e-86
7.570351832082826e-86
5.922501546228231e-86
4.837772319076582e-86
3.688891004599702e-86
2.6883280110801912e-86
1.9002237136497453e-86
1.313976717227316e-86
8.936972159193095e-87
8.22173875899822e-87
7.578246130918465e-87
5.793809143791658e-87
4.230346519218904e-87
3.6612598436912855e-87
3.848651242080991e-87
3.2087598855902013e-87
3.2558745738014443e-87
3.3195387065836153e-87
3.2643194816174424e-87
2.786274714105182e-87
2.1724239277183716e-87
2.1427040890091846e-87
1.8925712073943631e-87
2.121867126096859e-87
1.960641522424133e-87
2.1376688491492226e-87
1.8797903951010375e-87
1.6271559264421808e-87
1.4442646802149018e-87
1.3503566723059747e-87
1.3373322541710332e-87
1.1269278001587096e-87
1.134772225931568e-87
1.0527438181381685e-87
8.604940496649097e-88
6.590012687632952e-88
4.8200955398284714e-88
Acceptance rate: 0.02014285714285713
3.026095442855709e-88
2.1281211087293256e-88
1.613730277033836e-88
1.2705103694521123e-88
9.458321963775025e-89
6.79024349485159e-89
4.7524375628589814e-89
3.264341541797441e-89
2.565954119057485e-89
2.4181961517130767e-89
2.309559877217423e-89
1.9069918454895005e-89
1.4609099615653469e-89
2.5316842087872104e-89
2.6199356213841695e-89
2.1729488652287573e-89
1.7601571483171792e-89
1.511412068545303e-89
1.1836631409513705e-89
1.0821413069800518e-89
9.243394059617456e-90
7.219021068761553e-90
5.349846306315924e-90
3.950142445701515e-90
3.4733777096277818e-90
2.800602167931603e-90
2.1166895745099933e-90
1.5359180844999812e-90
1.0837285736937235e-90
7.492299032589117e-91
5.522904075295454e-91
4.926418871541146e-91
5.479962643050505e-91
5.202774411112463e-91
4.2878723253480664e-91
