/scratch/users/yanlan/TroubleShooting/Control/Output/AM_PM_ET_223_292_00
1.074369784488038e-06
5.646255139060973e-07
3.215176061132844e-07
1.822827786979796e-07
9.75915063146484e-08
5.076927997336737e-08
2.5996609008604497e-08
1.7905170657232966e-08
1.1582545136728031e-08
6.9362843269981955e-09
3.934821105405486e-09
2.1622622611402433e-09
1.1645336289973077e-09
6.188847832281384e-10
3.259357315032232e-10
1.7058508425886765e-10
8.889513349880625e-11
4.6189114977364426e-11
2.395302163453908e-11
2.1202966180987494e-11
1.4874206690583248e-11
9.440614110389176e-12
5.671383922334086e-12
3.2926128430135878e-12
1.8683693750347263e-12
1.0432979860411998e-12
5.758190930259764e-13
3.1506170804732776e-13
1.7126101003895723e-13
9.262940150239651e-14
4.9908283016714447e-14
2.681127626639986e-14
1.724860470038395e-14
1.100902962667582e-14
6.712209460415402e-15
3.972054915849555e-15
2.302250264853133e-15
1.3144621785928065e-15
8.490593798214554e-16
5.73298518526573e-16
3.634519451636041e-16
2.216009126660034e-16
1.3161162076557853e-16
7.671976118106038e-17
4.410871409204072e-17
2.5094690462233622e-17
1.4161140938342996e-17
7.940010272576701e-18
4.4290844728323666e-18
2.46043366280981e-18
1.4147125143342495e-18
9.089256067558908e-19
5.620874096551503e-19
3.3869593178010823e-19
2.003226448908878e-19
1.2538634154396374e-19
8.021844893588884e-20
4.956430340757128e-20
2.989630092839983e-20
2.0905885263413853e-20
1.454822209277662e-20
9.498363003318207e-21
5.9599203329018615e-21
3.64032619364568e-21
2.6818058477941085e-21
1.854187619300056e-21
1.2083443130739532e-21
7.585339722629378e-22
4.641111992269963e-22
2.7875101141153467e-22
1.6510542234202063e-22
1.1676341460953782e-22
7.784406144807891e-23
4.970032608463701e-23
3.082472054151328e-23
1.8726861563449926e-23
1.1203567985895585e-23
6.62406567164628e-24
3.880300922179788e-24
2.256215645299413e-24
1.3039904371487534e-24
7.499165687838614e-25
4.294999231609333e-25
2.4514240779200075e-25
1.3951388436762276e-25
7.920562992000309e-26
4.487425243198701e-26
2.537918406487508e-26
1.8803230547438918e-26
1.2982502145041714e-26
8.517759560824026e-27
5.405282069252071e-27
3.350937939147822e-27
2.041971042888378e-27
1.2281243077043428e-27
7.31105123453301e-28
4.316742543444382e-28
2.5318556764920694e-28
1.4993149455281207e-28
1.1016083291703002e-28
Acceptance rate: 0.007999999999999955
6.267290294841477e-29
4.215540056296364e-29
3.109530112131878e-29
2.2142365137125616e-29
1.4859298303930967e-29
9.602783463226544e-30
6.046630256348377e-30
3.736135542964254e-30
2.275749966955222e-30
1.3708579699713386e-30
8.18483450253714e-31
4.851825252339314e-31
2.85911947477704e-31
1.6765731726363776e-31
9.790788347442537e-32
5.69761705425273e-32
4.348284785208212e-32
3.18135586972808e-32
2.1767529813857672e-32
1.428685021095241e-32
9.712212331959068e-33
6.484640119767268e-33
4.420604978355889e-33
3.964246389657621e-33
3.0126462027331907e-33
2.110009571404264e-33
1.4077400271358368e-33
9.095133946935245e-34
5.744120640707871e-34
3.5670952724832483e-34
2.1866627828204825e-34
1.3268269444388811e-34
7.985037678793175e-35
4.77329461014934e-35
2.837504076507296e-35
1.6788927483025347e-35
1.3680019224915849e-35
1.0474853918703541e-35
7.38718204995866e-36
4.9610044972035606e-36
3.8000987711550354e-36
3.0464986225206555e-36
2.2036751552723627e-36
1.5045453690840633e-36
9.898909730890553e-37
6.40221243991722e-37
5.6349942902374346e-37
4.2935090025037904e-37
3.0626938280575735e-37
2.1779793962388703e-37
1.4729041995579857e-37
1.0631575093253562e-37
8.426287957310006e-38
6.072791688852409e-38
4.1438730001344146e-38
3.8840559311885376e-38
2.96126454631706e-38
2.4439579223206275e-38
2.2435284190082034e-38
1.9073040686816682e-38
1.5915382303018393e-38
1.5053621231974697e-38
1.3335072620303582e-38
1.3685251932330894e-38
1.1408845408945073e-38
8.361140011891286e-39
6.81304751349826e-39
7.076424008010425e-39
5.931131700879979e-39
5.95575048855147e-39
5.2413375902475476e-39
3.8005712808877086e-39
3.074290195237531e-39
2.912501908065349e-39
2.605952876269952e-39
2.3682336785421874e-39
2.308646255389854e-39
2.11655485338298e-39
2.2895405841902514e-39
2.1919159078105594e-39
2.5109942865101526e-39
2.4739008170894516e-39
2.460099662720696e-39
2.2127096076474907e-39
2.4683971603320607e-39
2.0724839533315635e-39
1.5480423530153607e-39
1.1697112106235714e-39
1.1948442767744829e-39
1.1285838657623733e-39
1.1963279648147356e-39
1.0046814155364653e-39
9.526044157677113e-40
8.28781944975134e-40
8.284167509172083e-40
8.617582746472079e-40
8.538665389050499e-40
7.366364022276616e-40
7.439258390046542e-40
6.830727858848548e-40
Acceptance rate: 0.031249999999999983
4.2375202901084264e-40
3.986492623228997e-40
3.5366071850847262e-40
3.1014899807690374e-40
3.7680522746453004e-40
3.631344151445353e-40
4.2477574449227625e-40
3.705621964511407e-40
4.210791620542062e-40
4.40563832301025e-40
6.7362349687269835e-40
7.077196299041056e-40
8.644654571309756e-40
1.1213780274774728e-39
1.0600787985603187e-39
1.093176538983684e-39
1.0940822599138271e-39
1.1324758215893152e-39
1.072173242076875e-39
1.0524633386614722e-39
1.4367952030032998e-39
1.5457364466136107e-39
1.4168048965780489e-39
1.4946094085857032e-39
1.7527705145092762e-39
1.7313873923979416e-39
1.8037071461665814e-39
2.080027777967208e-39
1.9337981826300413e-39
2.2612889834674472e-39
2.5524819455386146e-39
2.6042261879744254e-39
2.692059173184071e-39
3.440852024013119e-39
4.533577084534862e-39
4.1431328290639315e-39
3.911096585317905e-39
4.1785346306943996e-39
5.753772191399812e-39
5.66001149206124e-39
5.585985668766042e-39
5.4279012915854886e-39
6.17741517288641e-39
6.579858344915823e-39
8.211734025889003e-39
1.0508616585329602e-38
1.212491955187161e-38
1.3406038301975467e-38
1.3780801209736105e-38
1.2823191554675252e-38
1.3680540685331702e-38
1.6561234099222133e-38
1.694587801120338e-38
1.7035907043249236e-38
1.9168181452652604e-38
1.9867909438319534e-38
1.9934912514005318e-38
2.3728292265990485e-38
3.4420664314450765e-38
4.560838555041124e-38
4.3095867341977606e-38
3.83846628618034e-38
4.1836863217609525e-38
4.664187603941025e-38
4.927941733752786e-38
5.645100879935171e-38
6.646364927390649e-38
8.863066283117605e-38
9.117959827700709e-38
8.933763842714969e-38
9.720121906144047e-38
1.0072028828683998e-37
9.916612654053115e-38
9.750171250546711e-38
1.1512832023612903e-37
1.1517790789216558e-37
1.2446917830897945e-37
1.4200917490326587e-37
1.7039856774416813e-37
1.8497782379052507e-37
2.2508742868103145e-37
2.3682379586350374e-37
2.7659734130064907e-37
2.684239989663861e-37
3.1816178857161383e-37
5.0755951186766755e-37
5.965386466313232e-37
5.975179300762559e-37
5.9856124022241496e-37
6.720658051402081e-37
7.905861384391448e-37
7.00283764336377e-37
7.507559442725028e-37
7.934257810124072e-37
8.361688595196824e-37
9.935076748451193e-37
9.808011763835236e-37
9.43166718178146e-37
8.887249041618409e-37
9.784499096432581e-37
Acceptance rate: 0.11116666666666687
6.189767472996813e-37
7.4846763480028366e-37
8.992451592827917e-37
9.125355021225507e-37
9.560323051754866e-37
8.98212949227415e-37
9.295999517441147e-37
9.394235335255132e-37
1.0528271833314868e-36
1.0873446509294082e-36
1.1792393842025793e-36
1.346564080354726e-36
1.5464979728224234e-36
1.588308936670012e-36
1.688161692290972e-36
1.6184543340127156e-36
2.002181885093726e-36
2.4184561748796117e-36
2.5682229757225323e-36
2.698206587022927e-36
2.719569559912571e-36
3.100697329784792e-36
4.022477933586309e-36
3.5581282541288526e-36
4.618687252627991e-36
5.0104541824031036e-36
5.2639041292505135e-36
4.8201977532934696e-36
5.585515074768484e-36
6.585522960759101e-36
7.3327873232752e-36
9.864936530484537e-36
1.0023327208566763e-35
1.0448123175662539e-35
1.0738815342643001e-35
1.362991707267643e-35
1.4669130962807855e-35
1.7939313695355497e-35
2.0526585822600324e-35
1.923105646896331e-35
2.229727315023093e-35
2.1961030057448864e-35
2.2422846554631863e-35
2.6153400116955465e-35
3.144235559787925e-35
3.4034293400163697e-35
3.410187334114115e-35
3.2579670741187703e-35
3.6812780119470586e-35
4.1977276235780363e-35
4.4127002955413585e-35
5.134060471761094e-35
5.106783551671809e-35
5.286888311149099e-35
5.194438277311972e-35
5.514610964811879e-35
6.616257460244894e-35
7.125427818798719e-35
7.588131553142151e-35
7.08457756109761e-35
8.127047271126515e-35
1.1957535733801772e-34
1.419817596909739e-34
1.3682389400390166e-34
1.3075700312921275e-34
1.4368544780938601e-34
1.4064514258539517e-34
1.621112078128733e-34
1.8433466813282117e-34
1.8213138766236694e-34
1.7734398481162731e-34
1.869600332987257e-34
1.5853800401640696e-34
1.9353269651815837e-34
2.121082872100162e-34
2.2182265180172485e-34
2.4760004335861525e-34
2.702920839031307e-34
3.4960823567660674e-34
3.7544424539706047e-34
4.072246758748482e-34
4.099152098391008e-34
5.399997852504741e-34
6.2709555252826746e-34
6.65169559660221e-34
7.802357965495688e-34
8.814332990115063e-34
9.60677346247449e-34
1.0400611445954044e-33
1.159518310326261e-33
1.1545623820397672e-33
1.3069301718825769e-33
1.4719951245116334e-33
1.528273532678084e-33
1.5898407680394757e-33
1.6154201645956564e-33
1.6853759061646704e-33
1.7215642917839485e-33
1.6492746712826314e-33
2.0707971862353327e-33
Acceptance rate: 0.15600000000000025
1.342441775970385e-33
1.41544679694861e-33
1.9695397663615293e-33
2.2590020097992946e-33
2.4740952648613155e-33
2.543564513338394e-33
2.5810353554355234e-33
2.8037236102081086e-33
3.453740813522849e-33
4.029058548307595e-33
4.5572538081184184e-33
4.682870253469758e-33
4.9913829046009045e-33
4.6522847058360424e-33
4.792931438836742e-33
5.5813239154892206e-33
5.557775490693061e-33
5.890389881812117e-33
7.186195491756371e-33
8.982005585983923e-33
8.84246107145806e-33
1.3561976218279924e-32
1.7077686262326662e-32
1.7556567079755473e-32
1.7905189309546242e-32
1.6261336521198853e-32
1.6928845641279453e-32
1.6032599042806917e-32
1.441644517356382e-32
1.3470340178576113e-32
1.3522937189553419e-32
1.2664000288162815e-32
1.2629655227221235e-32
1.1142399050651028e-32
1.0142078017770583e-32
1.2823212388324536e-32
1.287185019376872e-32
1.2115502146504704e-32
1.2376403516962145e-32
1.1666467930745562e-32
1.2762192972531225e-32
1.1082466382163999e-32
1.1809873574981117e-32
1.2652530194618441e-32
1.2179734609580252e-32
1.1893844736648454e-32
1.3276008055147407e-32
1.411991354466039e-32
1.4871633355525557e-32
1.2475878529401242e-32
1.1536175527237063e-32
9.560254228239817e-33
8.694905151102002e-33
8.968647168353775e-33
9.145991907775489e-33
9.678011449810265e-33
9.177266538002731e-33
8.066011691391129e-33
6.289313892868087e-33
5.171036154963839e-33
4.8522525657314946e-33
4.9127257024432794e-33
4.1769300462314074e-33
3.801857871510968e-33
3.0010215531777822e-33
2.1122850569362518e-33
1.660811910582017e-33
1.914203925752013e-33
2.0524640057740764e-33
1.4064536828681642e-33
1.160996268521407e-33
1.030794588841916e-33
1.3094386401213996e-33
1.3969139290904774e-33
1.2899564095446828e-33
1.394006863395471e-33
1.2773717582555254e-33
1.0973117573841793e-33
1.079085322680786e-33
9.130160553301687e-34
8.50859487946342e-34
7.860053379066708e-34
7.851074842918023e-34
7.357757966377683e-34
5.95689527933523e-34
5.013624465838709e-34
4.28091208235573e-34
4.81152526586688e-34
5.140789481770389e-34
6.044870278471899e-34
5.472666720575476e-34
5.185811012239923e-34
5.939375048576616e-34
6.993265954847967e-34
7.398236600620792e-34
6.2407539943954995e-34
4.843450693913946e-34
4.134299084542519e-34
3.7324846284932933e-34
4.886735535773436e-34
Acceptance rate: 0.1589999999999998
3.032803819705374e-34
2.972121654606325e-34
2.6179872563785946e-34
2.3629033236259832e-34
2.1295783401835154e-34
1.8216156642990583e-34
1.6726151060400499e-34
1.7060471335357808e-34
1.411577502385821e-34
1.401180925436602e-34
1.2364055507767373e-34
9.876776717660214e-35
8.0624507391519e-35
8.69270204120909e-35
9.555171903453164e-35
9.753902428162936e-35
9.450840122518522e-35
9.819307026534097e-35
1.1242080747047974e-34
1.4204259169702264e-34
1.3982353083266752e-34
1.1596047484908522e-34
8.842796366246445e-35
6.995569947326928e-35
5.70213893452279e-35
5.505536752494447e-35
5.263952971600375e-35
4.955242467281261e-35
5.929009193428111e-35
4.7992206220704215e-35
5.370754251996573e-35
4.759145248767361e-35
4.0980079019074286e-35
4.3282348985253017e-35
4.2865851707152994e-35
4.178293853618681e-35
3.701827954639071e-35
3.1907243744015247e-35
3.100889769381038e-35
2.9542341783110975e-35
3.286749223208689e-35
2.9160474909488393e-35
3.093477697115295e-35
2.698162787288852e-35
2.2115943843778956e-35
2.1672888439219324e-35
1.8492985860702517e-35
1.6499128211475165e-35
1.5767283146757207e-35
1.4905288538143783e-35
1.9374228968439688e-35
1.737225858905776e-35
1.540072107942308e-35
1.5652874805248262e-35
1.533561538191925e-35
1.403283313503314e-35
1.2053551062976476e-35
1.089079677667938e-35
1.0739219411195293e-35
1.1335526682767999e-35
1.365220628094541e-35
1.1907445577395785e-35
9.671158458412137e-36
7.630024986776879e-36
7.040746990716852e-36
6.331180331288666e-36
6.532181959572935e-36
6.766950148998588e-36
7.431227355197293e-36
7.21144107312437e-36
6.051440005412439e-36
5.252389786989835e-36
6.819375245127565e-36
6.809008851732265e-36
6.236496620465274e-36
5.312466403469339e-36
6.434151561705407e-36
6.566629032639709e-36
5.75179853873788e-36
6.866158006730352e-36
6.667344245814647e-36
6.779270532417965e-36
6.428487303648507e-36
6.093826942051462e-36
5.874386523985529e-36
7.021952529485785e-36
6.44152235489889e-36
5.106492251297151e-36
6.019098418246358e-36
7.909109257671581e-36
8.205288675851989e-36
6.589995029158064e-36
6.534372536770208e-36
5.678452247447922e-36
5.245015708638712e-36
6.870164854294543e-36
8.411080385781936e-36
1.031075981782487e-35
9.677517529447176e-36
8.767730862781878e-36
Acceptance rate: 0.15141666666666656
5.533757473297758e-36
5.1712482239567404e-36
5.489332630408825e-36
4.912400277159218e-36
4.705451800862633e-36
4.9325698833943734e-36
5.862172956419285e-36
5.2003972533675894e-36
4.883365106418287e-36
6.070107635860474e-36
6.505796520421037e-36
5.62285652863253e-36
4.7349688103120305e-36
4.8172500140259896e-36
4.8683151030733075e-36
4.4302406438265765e-36
4.351583147092657e-36
4.585404698567898e-36
3.969190077714972e-36
4.630004998512262e-36
5.7235107227253925e-36
5.651072981376907e-36
6.291015584133912e-36
6.573998056581394e-36
6.603644896691556e-36
6.147046416531494e-36
6.076556185430426e-36
5.149623132082102e-36
5.16421748008365e-36
5.862535643513903e-36
5.1507743952912946e-36
4.026581544489287e-36
3.5829610118800605e-36
3.6714458134573484e-36
3.4313334204391134e-36
3.972068027437076e-36
3.8889467688926236e-36
3.204393971222044e-36
2.936029582088165e-36
2.5547408164281207e-36
3.0851409567226005e-36
3.080598037188731e-36
3.1711285553117386e-36
2.7811579963085008e-36
2.3592910113244026e-36
2.1314724824276488e-36
1.707919261025886e-36
1.528417547285433e-36
1.784323560657609e-36
1.817662428268889e-36
1.5541120239158023e-36
1.4912696925570535e-36
1.3245374538515249e-36
1.2932012693101382e-36
1.4279197787409168e-36
1.3816232910327443e-36
1.4514189673392849e-36
1.5085188140292283e-36
1.5107851397143305e-36
1.2511863020489288e-36
1.0081707171938888e-36
1.0658351314355323e-36
1.032939680505598e-36
1.0938373018611655e-36
1.0245511222474181e-36
1.0646282042130475e-36
1.2452685386809296e-36
1.173726263910083e-36
1.4923214085410493e-36
1.672493926372537e-36
1.8365263453379208e-36
1.7963609767344464e-36
1.666063592817458e-36
1.5563532798593294e-36
1.5480888367750916e-36
1.4303256281982574e-36
1.6758854376061823e-36
1.825770428855201e-36
1.8113692651278967e-36
1.81810882136542e-36
1.896011218126957e-36
1.755129270531453e-36
2.029478044057947e-36
2.1301593114217094e-36
2.2554160793176188e-36
2.1245477614893724e-36
1.8799079718310738e-36
1.600713967948326e-36
1.4696677998179915e-36
1.5835228488158304e-36
1.60767898866476e-36
1.5359584289285368e-36
1.4282552561522879e-36
1.4041485988265843e-36
1.4652141444487364e-36
1.5459215108581547e-36
1.7291670309858628e-36
1.76841248714519e-36
1.628528980476257e-36
1.6521873327029193e-36
Acceptance rate: 0.16821428571428496
1.0779101834580182e-36
1.3446997604174239e-36
1.5073235940123036e-36
1.4800435660187134e-36
1.756553902960628e-36
2.154674109981505e-36
2.1870094186423228e-36
2.348001193464511e-36
2.194415788265028e-36
2.093766463439497e-36
2.0779859196927636e-36
2.4805662332698553e-36
2.5382431133515128e-36
2.4588788960594676e-36
2.6162256859147788e-36
3.272408994796314e-36
3.165073389658299e-36
3.134387371593742e-36
3.264149868589871e-36
3.5518051507291414e-36
3.336331670513806e-36
3.206370626332671e-36
3.9982534671061654e-36
3.7971876417791224e-36
3.766082851033315e-36
3.627673064671375e-36
3.268654349287163e-36
3.5746931010996866e-36
3.5203828029641644e-36
3.382424974374422e-36
3.392764576382831e-36
3.6373267211664464e-36
3.577930170477921e-36
3.764291922326739e-36
4.2927259359511046e-36
4.5561814245647516e-36
4.3302890319834396e-36
3.6559288478000856e-36
3.726476077499939e-36
3.688694813777062e-36
3.4784837867968553e-36
3.176348678717068e-36
3.393234289844474e-36
3.4054518986407625e-36
3.452928471907567e-36
3.271688259837619e-36
4.17140947552614e-36
3.955547378072951e-36
4.1165381566091504e-36
4.509468745058115e-36
4.407272096882748e-36
3.780328923147415e-36
2.961272620506121e-36
2.5866195776234327e-36
2.3322247653067127e-36
2.189890328301179e-36
2.3675748422272156e-36
2.5777575931234792e-36
2.7538552005223258e-36
2.844871523708048e-36
3.048216961936254e-36
3.031211712305682e-36
2.8088493228506223e-36
2.8198503216536307e-36
3.128767043390502e-36
3.228953582438144e-36
3.513242823482116e-36
3.387729462128421e-36
3.225162205766168e-36
3.1488495353956915e-36
3.2830639939888266e-36
3.798841158055862e-36
4.53060583894592e-36
4.247884195907349e-36
3.8648595880392136e-36
4.2343077538453835e-36
5.3113119284236115e-36
6.028397123355869e-36
6.23273525975378e-36
6.965430830931036e-36
8.085396054224577e-36
7.190908484433161e-36
7.445607289744181e-36
7.291154838877595e-36
6.828818686443481e-36
7.505671195957618e-36
6.656565822292119e-36
7.806531048174374e-36
8.053073238009183e-36
8.973150660810133e-36
9.088091199906412e-36
9.464371055882395e-36
1.102641088746475e-35
1.1599090424309295e-35
1.11084616834311e-35
1.3960733823151865e-35
1.3710136867397743e-35
1.1886646304017417e-35
1.4633632338533396e-35
1.310395590838133e-35
Acceptance rate: 0.18399999999999914
8.477372183901886e-36
8.16778991328144e-36
7.742150658361989e-36
6.612985966720075e-36
5.945712084385564e-36
5.108051601086633e-36
5.170603802873857e-36
5.192913897965573e-36
5.2071911174868396e-36
5.428273971066557e-36
5.3034701049318275e-36
5.038492255178548e-36
4.398652304061219e-36
4.319522168262895e-36
3.810834053808329e-36
4.084444694376504e-36
4.0084550204639733e-36
3.8786171974744943e-36
4.476795556262058e-36
4.110882191277718e-36
4.68929189577331e-36
5.4906714223601504e-36
6.0910977660308e-36
5.415356260283778e-36
4.908538202597891e-36
4.957467871174573e-36
4.876909143568405e-36
4.477594434853489e-36
4.319612618485322e-36
5.0212117403935835e-36
5.9514322139120535e-36
6.814975407404477e-36
6.041608788849023e-36
5.4033142506732706e-36
5.982511081596405e-36
5.467804922244455e-36
6.12015619097954e-36
5.1834297382132226e-36
4.9288317355915574e-36
5.520633009843513e-36
5.7415618510147475e-36
5.6277241790120345e-36
5.255638523613854e-36
5.138377361520997e-36
4.686637907985243e-36
4.334520320595359e-36
4.1019931044033486e-36
3.78579492255861e-36
3.630985670208768e-36
3.507246380096576e-36
3.5833779933510453e-36
3.549532062251494e-36
3.0073398280288148e-36
3.4601689412426755e-36
3.877626800059707e-36
4.013591336391166e-36
4.54582073865495e-36
4.069509316117708e-36
4.004997945440277e-36
4.1448566573877626e-36
3.397794258642523e-36
3.714147328944735e-36
3.4679621931199966e-36
3.40180682225352e-36
3.3992827918753974e-36
4.236695986250862e-36
4.0810589947333026e-36
3.7668969483719534e-36
4.7400764164671716e-36
4.8450898793056804e-36
4.7667570653697263e-36
4.7156857078296776e-36
4.953885351478406e-36
4.9561169127556196e-36
5.111814374076723e-36
5.4125193968597394e-36
5.232928176150732e-36
5.704592650354962e-36
6.49339078392643e-36
6.498251858543058e-36
6.748653262601504e-36
6.413924750398432e-36
5.894041519612694e-36
6.344843674602509e-36
6.419785952315596e-36
6.679116850790115e-36
6.481081484675094e-36
7.252148656137668e-36
6.560957634025293e-36
6.129534890670121e-36
5.574351701722737e-36
5.687842988849291e-36
5.460375912218671e-36
5.5703452671094054e-36
5.572395286914739e-36
5.42902052737321e-36
4.928997342644423e-36
4.779989117150268e-36
4.654221406350798e-36
4.6723515833297935e-36
Acceptance rate: 0.2017777777777768
3.1138258059274594e-36
3.5396562330490086e-36
3.354532648937923e-36
3.3764373971112546e-36
3.501991470200086e-36
3.928761049563792e-36
3.526228385772442e-36
3.5358014503529144e-36
3.551873537777732e-36
3.6255192769512104e-36
4.26523608606838e-36
4.096395456460508e-36
3.4671112503200757e-36
4.756188968716128e-36
4.5413713766147163e-36
4.797968885320406e-36
4.880830285275833e-36
4.4929796866275346e-36
4.257917621789649e-36
4.371680812286564e-36
3.6613917802013795e-36
3.67720438434483e-36
3.8819973287314924e-36
4.191403591202668e-36
4.6535852465513486e-36
4.650477842937122e-36
3.885443834919202e-36
3.50008767136406e-36
3.0979191833865235e-36
2.7463260582685518e-36
2.550260302458792e-36
2.3288795010966648e-36
2.467670041228185e-36
2.28854914637449e-36
3.1176396482111774e-36
3.060367017017818e-36
2.8997566134597058e-36
2.879486005941168e-36
2.8087475880103618e-36
2.8112168100968616e-36
3.248232318899101e-36
3.3746807274590936e-36
2.980202391726275e-36
3.000599118724461e-36
3.1183805741281965e-36
3.148829624179614e-36
3.388683356205874e-36
3.3828645434778306e-36
3.19635735009117e-36
3.1760893887631006e-36
2.8938450925850245e-36
2.8447220061384214e-36
2.7445034743179828e-36
2.82233172441744e-36
2.9421981457180706e-36
2.69085188375728e-36
2.685189153412467e-36
2.7555750539440314e-36
2.3540767870639667e-36
2.1313024089063093e-36
2.029674174641351e-36
1.9755329117537728e-36
1.877572214647923e-36
1.789356363119842e-36
1.8375703742684038e-36
1.722159830794694e-36
1.812959602032408e-36
1.8167608806748767e-36
1.8840471258126546e-36
2.469230716508735e-36
2.555640572469737e-36
2.4505556304615922e-36
2.4209318150545184e-36
2.413016124992927e-36
2.120764274070094e-36
1.94907275903999e-36
2.0408774325473294e-36
1.8729876289325048e-36
1.9192862304746027e-36
2.348797691542526e-36
2.2465344636499596e-36
2.6556915327092138e-36
2.7830258831970234e-36
3.075115524419881e-36
3.3074164299637715e-36
3.7733806060385186e-36
4.231616456339036e-36
3.954381647577812e-36
4.2789979317399215e-36
4.0003920348428984e-36
4.5494933683389526e-36
4.9033702089378954e-36
4.839865926377547e-36
5.202865203793348e-36
4.812318318053134e-36
5.067593224782538e-36
5.2820350321199185e-36
6.54702606026664e-36
6.873140266335774e-36
6.597759347530444e-36
Acceptance rate: 0.21779999999999908
Sampling time (10 samples): 5377.9690 seconds
