/scratch/users/yanlan/TroubleShooting/Control/Output/AM_PM_ET_258_311_00
1.0687902904654977e-06
5.288796345421299e-07
2.6877703577167e-07
1.3429680933981844e-07
6.652817248603235e-08
3.282970475876705e-08
1.6179479105400144e-08
7.975242906937962e-09
3.935456391284538e-09
1.9451783964207858e-09
9.6335775619663e-10
7.545522836643601e-10
5.434996079594698e-10
3.43227988217141e-10
2.029049748626569e-10
1.1539986986340606e-10
6.402988292047371e-11
3.4939434448543205e-11
1.8844493999577203e-11
1.1967308326587468e-11
9.74241095730845e-12
6.627821545891293e-12
5.110372354071856e-12
3.618955065471485e-12
2.318970276331212e-12
1.3507842283861301e-12
7.573825646502454e-13
4.195746090954494e-13
2.303588181033822e-13
1.256170828680123e-13
6.814477906209464e-14
3.681928866825394e-14
1.9832372058981752e-14
1.065713222227695e-14
5.716335974622484e-15
3.0619871358931057e-15
1.6658619505915832e-15
1.1497442950133085e-15
7.37215886955275e-16
6.361421012253937e-16
4.770513837002233e-16
3.206667566732441e-16
2.0301303613686112e-16
1.2379825693538188e-16
7.359816824711428e-17
4.2965970604001265e-17
2.8825434693385975e-17
2.0234203634112477e-17
1.3189936627929437e-17
8.223690933087949e-18
4.978411217264736e-18
2.95185856137595e-18
1.723712396691483e-18
9.949398056754652e-19
5.691335351911308e-19
3.232471026890607e-19
1.8254563835306266e-19
1.0261141396096233e-19
5.746141789500407e-20
3.207801724397378e-20
1.7861868176403817e-20
1.1601672519888517e-20
8.070403431089655e-21
5.27236241274986e-21
4.106924892989734e-21
3.1770620990226365e-21
2.204154389747435e-21
1.4399607533224196e-21
9.057118026171986e-22
5.550906045406299e-22
3.338887698417812e-22
1.9803055148902264e-22
1.1982973786855125e-22
8.718345549885861e-23
6.718461384332775e-23
4.573805701939368e-23
2.9262583485851945e-23
1.9863930380218414e-23
1.303814685747565e-23
8.447536540485294e-24
6.067216013280988e-24
4.146157413078844e-24
2.8667624594039052e-24
1.8389330586894123e-24
1.147024649830318e-24
7.012113572560864e-25
4.222740679375789e-25
2.5136335205637815e-25
1.4826226285363957e-25
8.680775608996502e-26
6.458685275489066e-26
4.339711897019285e-26
2.7991234888631995e-26
1.7560146699220783e-26
1.3479023444476385e-26
1.198014003838538e-26
8.986749590646899e-27
6.2050223527504505e-27
4.0792055621791825e-27
2.5964312785480926e-27
Acceptance rate: 0.012000000000000007
1.4613811632452284e-27
9.197339723380675e-28
7.169032464032122e-28
5.052865849228935e-28
3.3696081841916787e-28
2.1683697017743345e-28
1.361202295163109e-28
8.391381375144954e-29
5.102210231338886e-29
3.395800039138814e-29
2.3925623415235523e-29
1.5976302713727657e-29
1.930176160814116e-29
1.7189049757665593e-29
1.3480661634277385e-29
1.125060367563989e-29
1.0802515619113819e-29
1.0406754984293768e-29
9.195034181240518e-30
8.100456516820248e-30
6.209245575913436e-30
4.6921504786937354e-30
3.5321720984211626e-30
2.6886657083147978e-30
2.058815443548047e-30
1.4480561291414992e-30
1.1693156574528884e-30
1.2106140718403003e-30
9.947668195565115e-31
8.002761969495848e-31
8.478527776493512e-31
7.624229938753712e-31
5.654168565520633e-31
4.717217395617423e-31
4.246107154531205e-31
3.6403533673765193e-31
2.797289710889477e-31
1.9374678091280587e-31
1.6738152965900998e-31
1.3503912886181042e-31
1.3074172524039136e-31
1.133038522485876e-31
1.0980176741881897e-31
1.171603898339483e-31
9.562015068172131e-32
7.715862893179367e-32
8.892588637637963e-32
8.110551786720005e-32
7.236816419285018e-32
6.159195224143268e-32
5.17526761669485e-32
3.974014813307268e-32
3.2980847799864493e-32
3.398885007763394e-32
3.825786427661946e-32
3.938229065176164e-32
3.3543145723142026e-32
3.3300699383795543e-32
4.091564785346199e-32
4.0812217260467004e-32
3.790941514480586e-32
3.5088157007939085e-32
3.406406274402218e-32
3.804551112500585e-32
3.343909924182252e-32
3.526338229131555e-32
3.4027154596729536e-32
3.4410698762084914e-32
3.4244508304892886e-32
3.9993165104643255e-32
4.968119819230031e-32
5.451572967885348e-32
5.19360480431195e-32
5.383996457619403e-32
5.748619632612813e-32
7.465811555697223e-32
7.684629366168818e-32
8.202082044091173e-32
7.153427578777726e-32
7.353849941942896e-32
7.88670352433875e-32
8.085799217920287e-32
7.662098778841867e-32
7.87552161574919e-32
8.626681220834635e-32
8.294394643233256e-32
8.043438816690044e-32
7.935750271750187e-32
7.857503291164051e-32
7.682750561370931e-32
7.425330251540714e-32
7.507580115607865e-32
7.727269440870722e-32
7.92695091247193e-32
9.772929287579004e-32
1.0213638014686879e-31
1.3137341068713212e-31
1.4073498443037732e-31
1.5922595520171495e-31
1.5173690582911196e-31
Acceptance rate: 0.0835
9.293455210408747e-32
9.827632392924736e-32
1.1729820417369515e-31
1.2563829843691396e-31
1.3867999725332479e-31
1.8137976287616433e-31
2.0461129919332666e-31
1.8281068241264131e-31
2.226787833634606e-31
2.5348641255997146e-31
2.900192916823744e-31
3.0268056395595342e-31
3.409516481257445e-31
4.533587377073753e-31
6.824672493568938e-31
7.339370659012414e-31
8.4524949025621e-31
9.050902405366388e-31
7.5780544778891785e-31
5.677682434348102e-31
4.7443261064162505e-31
3.942904747518721e-31
2.9440747084059517e-31
2.0705670191999605e-31
1.797556506415975e-31
1.6930382142276218e-31
1.3414931078454336e-31
1.2043910029945761e-31
1.0524537444509112e-31
9.197017967895261e-32
8.230921109537254e-32
6.379607823077839e-32
4.5913308127739957e-32
3.15820514713627e-32
2.707115272514288e-32
2.8031817078106166e-32
2.012331095245899e-32
1.3824084413937976e-32
1.6442081482703863e-32
1.5540573512182768e-32
1.245204262834274e-32
9.139275826741328e-33
6.371043033519285e-33
4.293523483115685e-33
2.8251989121224843e-33
1.8264049276675225e-33
1.1744941109282038e-33
7.930823355221837e-34
7.771453760783065e-34
6.911094323667833e-34
5.3082041017764284e-34
3.807338847217508e-34
3.1953980033358977e-34
2.4630533941993224e-34
1.770837932458215e-34
1.2194844793365954e-34
8.15608229378729e-35
5.341113669814725e-35
4.358880167682473e-35
3.3245216552178756e-35
2.376596247053933e-35
1.631225723759794e-35
1.0888488326474433e-35
7.122446543199961e-36
4.588096482508612e-36
2.920334258215767e-36
1.8410510550831102e-36
1.151587411937333e-36
7.1565846349242416e-37
7.179726158586849e-37
6.428424363974943e-37
4.917844010655736e-37
4.238022388745797e-37
3.611873339331355e-37
3.914843607425108e-37
3.6713559010309627e-37
2.825796474495849e-37
2.9186389822554147e-37
3.2694813834034575e-37
2.8131062387161116e-37
2.1518947833238753e-37
1.5437841843812746e-37
1.299548420871534e-37
1.1427487368131152e-37
8.839027340892479e-38
6.38515536927337e-38
4.999674478699735e-38
4.1065900367122545e-38
3.0691687804355206e-38
2.1721646098309817e-38
1.4837896459262175e-38
1.398723550447408e-38
1.4526013258746352e-38
1.2404204024793084e-38
1.2371821093063134e-38
1.0129967101012694e-38
8.304411098993681e-39
6.23710955063468e-39
4.430641513229642e-39
3.035857386803045e-39
Acceptance rate: 0.0760000000000002
1.8211967747097894e-39
1.2432932452120812e-39
9.772349190432671e-40
7.322770748094376e-40
5.19664700587666e-40
3.5595593738737543e-40
3.2769707797476306e-40
2.6509630474502307e-40
1.9683264492518694e-40
1.5799860850844215e-40
1.4912747173364467e-40
1.195049017074658e-40
8.82946246176855e-41
6.573804840753392e-41
5.229259506530976e-41
3.707791140191154e-41
2.533310769697337e-41
1.690486905983799e-41
1.2947827948686634e-41
1.3506411181606575e-41
1.1287200323965253e-41
1.0884073271102557e-41
9.148032190512984e-42
8.161574582299935e-42
6.381633721869982e-42
4.6535881088662073e-42
3.581614607728897e-42
3.135008985937693e-42
2.7619596232824054e-42
2.385811921218778e-42
2.170429981823713e-42
2.1440376340255925e-42
1.785976380599811e-42
1.502682964771465e-42
1.1425144000773242e-42
8.198197223173632e-43
5.667728879538751e-43
4.379927746590109e-43
3.061560489119693e-43
2.7460951340722424e-43
2.171712915836773e-43
1.7411775401343629e-43
1.3249951868146098e-43
1.1047236668196184e-43
8.751606971734892e-44
8.295611415203336e-44
8.299634223316774e-44
7.019583398996641e-44
5.249617091357818e-44
4.977407918679821e-44
4.711232065397361e-44
4.702455626926885e-44
4.214731868949953e-44
3.267598542273069e-44
2.4548176361140094e-44
1.886268122422928e-44
1.56516803659856e-44
1.2286647568294867e-44
1.0073981095606973e-44
7.657065666537787e-45
5.89557258754538e-45
7.22089370886438e-45
7.635006223511809e-45
8.489013588540153e-45
8.00561462749983e-45
8.674411561991021e-45
6.7562569608131e-45
5.026211383691681e-45
4.04520881743279e-45
3.0298158758964774e-45
2.909594610566007e-45
2.6219785250771066e-45
2.2272118616847476e-45
1.7506364271593424e-45
1.9008319950219232e-45
1.657953818991773e-45
1.2875445563687109e-45
1.0965110707382912e-45
1.1045389926996018e-45
9.157257418934987e-46
7.687599746956603e-46
5.855517463347573e-46
4.218060636721008e-46
4.082930693233148e-46
3.33633638332247e-46
2.7895665123865282e-46
2.855739721185215e-46
2.932075385558959e-46
3.4151279936367062e-46
3.777951735040896e-46
3.898938251946347e-46
4.398448136844844e-46
4.611351910307561e-46
4.247722462469123e-46
4.7869055262658266e-46
4.770953548846121e-46
4.630717483939481e-46
3.913933109388662e-46
3.883813379238703e-46
3.889730516529226e-46
Acceptance rate: 0.07075000000000027
2.477746041756199e-46
2.276608358672034e-46
2.5498728387216886e-46
2.2768065618290834e-46
1.9686245384213043e-46
1.6073876222855403e-46
1.356481934076562e-46
1.2300187888612569e-46
1.1061562747795171e-46
1.2728744590951917e-46
1.1021887976542696e-46
1.1015483609265078e-46
1.0938285068230589e-46
9.775736120651335e-47
9.772217888878042e-47
9.346900734136172e-47
1.0551707411392848e-46
1.0417013583461547e-46
1.2207206742374336e-46
1.1023475321758179e-46
1.2943197772575181e-46
1.3593564551988387e-46
1.2769123963449442e-46
1.1707712895094604e-46
9.700446679291586e-47
1.0815153078253269e-46
1.0184703838525062e-46
1.0891848608924693e-46
1.0926020234740632e-46
1.1590591147252831e-46
1.0874016658542665e-46
1.1252901458624907e-46
9.906156241602736e-47
1.1752924198771873e-46
1.2981711719189668e-46
1.5359878140133049e-46
1.847013073855043e-46
2.0335138763311203e-46
2.5660645131977762e-46
2.3874737014812397e-46
2.2885076628108764e-46
2.258514556847255e-46
2.0668194629959992e-46
2.664382872682444e-46
2.8478680557700397e-46
3.011370886634729e-46
3.3185905517847736e-46
3.648580539762426e-46
3.967994170125698e-46
4.682993773566553e-46
5.106139560846051e-46
5.533508002102497e-46
6.030760281080076e-46
7.035477967254998e-46
9.235086157059491e-46
1.2563639368629855e-45
1.6053563527636538e-45
2.3712135607219672e-45
2.4849201735628856e-45
3.2887991263571584e-45
3.79084423117877e-45
3.85932267828289e-45
3.825184925904508e-45
3.8505581668763204e-45
3.695969221139606e-45
4.9482978611568176e-45
4.885705396287617e-45
6.040913557387621e-45
6.332046918819741e-45
6.344376669597268e-45
5.904468953761846e-45
6.09041737490411e-45
6.277394186762018e-45
5.906973575342516e-45
5.812313267255544e-45
5.559084724589577e-45
5.5482289084333214e-45
5.394905632618705e-45
5.864573005622694e-45
6.691358531955259e-45
6.448824329233438e-45
7.207251027382573e-45
7.564411122520124e-45
8.69971243079985e-45
8.377851058601281e-45
9.625686846102672e-45
1.0391160815032504e-44
1.1916595524519922e-44
1.2251661113194146e-44
1.6585362762873357e-44
2.0573628797203536e-44
2.077631452933738e-44
2.356962650760367e-44
2.413336867106068e-44
2.5194807854233383e-44
2.5704201557842203e-44
2.8213636836853525e-44
3.383157155849429e-44
3.7544865197326314e-44
3.5106224880283106e-44
Acceptance rate: 0.08760000000000011
2.252497623142844e-44
2.562572500699353e-44
2.6926083322727635e-44
2.616138607964945e-44
2.678824844332663e-44
2.9781766884138627e-44
3.562651663413527e-44
4.4162751133061743e-44
6.026016304501661e-44
6.862765392047553e-44
6.163193232124165e-44
6.840350845358642e-44
7.670370822330031e-44
8.406915280972162e-44
8.476321566525958e-44
7.799410554633995e-44
7.603057588070858e-44
8.165329045246274e-44
9.181264653778026e-44
1.0222242557052121e-43
1.0771212620610187e-43
1.197225404054409e-43
1.314632566535327e-43
1.318780784003495e-43
1.5526508829910698e-43
1.4766520921056055e-43
1.6843972023421251e-43
1.8754995363533447e-43
2.1131853755981047e-43
1.9769898442710226e-43
2.0449629110966595e-43
2.0808358996226123e-43
2.2141817043340924e-43
2.518485786304505e-43
2.8098010226356494e-43
3.255185291165531e-43
3.851788681909859e-43
5.403826594889476e-43
5.278650896554356e-43
5.401381164393659e-43
5.81207298208408e-43
6.729096978207616e-43
6.162785045848272e-43
5.928461616276162e-43
6.041991404215895e-43
7.268136442327582e-43
7.266278710294331e-43
7.122874439682034e-43
8.333189562594748e-43
1.1075785592420991e-42
1.083191225825463e-42
1.1767900323820057e-42
1.3749039955031172e-42
1.4213503764478205e-42
1.6808706224343212e-42
1.498025384321297e-42
1.3694931292080224e-42
1.3853953591559027e-42
1.4533146425198487e-42
1.5935545338180145e-42
1.5101705767441015e-42
1.4423236170201723e-42
1.5587387645119857e-42
1.6865512940304844e-42
1.8740047496097115e-42
1.8426738669596155e-42
1.795805603420913e-42
1.7060949880947625e-42
2.5263649034997218e-42
3.101838198841369e-42
3.348431078425694e-42
4.000603734310806e-42
3.83350878850753e-42
3.786990039059949e-42
3.529109296579461e-42
3.66815068264214e-42
3.1159324382603604e-42
3.012417176994447e-42
3.4751518327088025e-42
3.835638050831948e-42
4.279476925843749e-42
4.672308587663926e-42
4.011297551227734e-42
3.781585088570489e-42
3.8869478737254967e-42
4.880371072334872e-42
5.3562682851848795e-42
5.788470485180463e-42
6.478643609583049e-42
6.874204887553563e-42
6.989739843124816e-42
5.6141802411783056e-42
5.056719433663281e-42
4.2761263931969655e-42
4.353363760406025e-42
3.961620761689364e-42
3.955664566525905e-42
4.1013813035974085e-42
5.1816382018353934e-42
5.933433231130553e-42
Acceptance rate: 0.10658333333333352
3.787941512249137e-42
3.385903277433625e-42
2.9233941717922327e-42
2.4792892767339704e-42
2.399630373153387e-42
2.0192141447448735e-42
1.8458050626829133e-42
2.0180034702893562e-42
2.059523549099639e-42
2.219848796226921e-42
1.9425487571960227e-42
2.1092772842078557e-42
2.1973710731071455e-42
2.0530077797614407e-42
1.9552717186169677e-42
1.584903409807694e-42
1.187083482394157e-42
9.529002752558518e-43
7.777475649669427e-43
6.453269501267681e-43
7.161287870502825e-43
6.739703757527283e-43
6.62470813338744e-43
6.0290541194069974e-43
5.339405978828157e-43
5.169666281786126e-43
5.302300264893257e-43
5.0696962081485375e-43
4.43313078557806e-43
5.000298667233944e-43
4.4359594642615434e-43
5.131962295711757e-43
5.385021938221495e-43
6.188813156598906e-43
5.949485992007168e-43
6.264196749654247e-43
8.513045406440866e-43
8.031556333506518e-43
7.082617380221333e-43
6.236741131193583e-43
8.149813892547968e-43
6.8452422022580165e-43
7.519843974723432e-43
8.484716208926312e-43
6.268837810481766e-43
4.470771556627071e-43
3.1101528914420548e-43
2.74703316772934e-43
3.02813371278672e-43
2.6464027742877656e-43
2.086979738905907e-43
1.5528141323667348e-43
1.112924198435429e-43
7.771167642922687e-44
5.690567993297551e-44
4.509674972203025e-44
3.750287794645383e-44
2.941943845398759e-44
2.229244785451953e-44
1.7783990398566661e-44
1.6981419874598218e-44
1.3991425467131315e-44
1.2363935770782832e-44
1.1542073043727204e-44
9.41128024024965e-45
7.502254201216337e-45
6.080010923261353e-45
4.600960665860111e-45
3.654248346992397e-45
3.4014396582337123e-45
2.5748152728124762e-45
2.1242400428879124e-45
1.7759417706211786e-45
1.3684385204135617e-45
1.0041847646315018e-45
8.869804431104538e-46
7.576553045813339e-46
5.908521317540446e-46
5.245559999684756e-46
5.116791222184232e-46
4.360050894069057e-46
3.3961004013158627e-46
2.5098109027961035e-46
1.7919207926293586e-46
1.2485889113658985e-46
8.544080567371648e-47
8.414803788889751e-47
8.803387610847568e-47
8.360611007543398e-47
6.879307453773996e-47
6.564296071562096e-47
6.09037374196168e-47
4.884898951663325e-47
3.951500699145878e-47
3.8532399722037184e-47
3.6517947220591613e-47
3.5711294420261933e-47
3.7852957907729687e-47
3.0168711059665493e-47
2.645634509457278e-47
Acceptance rate: 0.10100000000000012
1.6789293357194577e-47
1.3579120563665045e-47
1.4752251146287515e-47
1.5438271629433844e-47
1.5163390993431022e-47
1.2573348126186852e-47
9.628291037200671e-48
6.900741312985159e-48
6.471812402835609e-48
5.76209892444511e-48
4.795225481467849e-48
3.9738325107871306e-48
3.651155893531012e-48
3.061486019157868e-48
2.366078394865024e-48
1.7783887179639955e-48
1.6634591691339278e-48
1.4750754389991102e-48
1.3807253749985982e-48
1.4413420173147237e-48
1.4832454225286154e-48
1.392344847205195e-48
1.2607795956250843e-48
1.0611237175627168e-48
1.0193224886820523e-48
1.1322520985056438e-48
1.1050771156089845e-48
1.0616788608155134e-48
1.0287153847575278e-48
9.886802801871772e-49
8.571738633405552e-49
7.09766127687447e-49
6.035001612266655e-49
6.00351706523543e-49
5.164484101579207e-49
4.316952011744979e-49
3.827518575905783e-49
3.517620786114838e-49
3.5072821094378e-49
3.2570868485409007e-49
3.3811172152129653e-49
3.756076833644802e-49
3.876303156807294e-49
3.504997341442761e-49
3.428141844530376e-49
3.1249921790389354e-49
2.6049121640561698e-49
2.7767395707722386e-49
2.7090650613642455e-49
2.401403580939565e-49
1.9350843797687485e-49
1.692803591961207e-49
1.6878265704573174e-49
1.4540579207951551e-49
1.2657200564883934e-49
1.2474885269719653e-49
1.38386090123789e-49
1.7598017930530576e-49
1.692504706861333e-49
2.048643772719734e-49
2.06762721454313e-49
1.9892766752098486e-49
2.02776180156449e-49
1.8771283226420184e-49
1.9463563936949233e-49
2.0191767842671003e-49
2.2103758346389402e-49
2.020568439304488e-49
2.357222086641793e-49
2.7663083235277357e-49
3.1519686121597663e-49
3.016523455277335e-49
2.965639462468877e-49
3.352484728076776e-49
4.179905181158733e-49
3.979194871588655e-49
4.16995776927014e-49
4.037307078891955e-49
4.501371484101348e-49
4.143034476494879e-49
4.1558918464709545e-49
3.851894369195365e-49
4.126994718055053e-49
4.130898169711295e-49
4.0355031884781105e-49
4.180940994071208e-49
5.344089074493012e-49
5.608218861522604e-49
6.232429264517691e-49
6.51420929977102e-49
7.921322913069318e-49
9.662066901520096e-49
1.0246696580579931e-48
9.941117826096963e-49
1.1395680930422015e-48
1.1628864371886141e-48
1.194637504876974e-48
1.066600460372633e-48
1.1371192580453157e-48
1.1714986809910813e-48
Acceptance rate: 0.10968749999999995
7.803933025359669e-49
8.533951734460793e-49
9.320444879001874e-49
8.862449846300793e-49
8.894903609935956e-49
8.795313942264615e-49
8.883895700372934e-49
9.248337671707554e-49
8.40454630895986e-49
9.755197345747507e-49
1.0788760056103344e-48
1.1828324053692662e-48
1.2036437578232405e-48
1.703169105797272e-48
2.1536477649687918e-48
2.1500571225964382e-48
2.0615561355745894e-48
2.2219924297820256e-48
2.3326366526159572e-48
2.4643023837942563e-48
2.443837528708212e-48
2.7612039892339335e-48
2.8548635203114844e-48
3.2081349093811933e-48
3.1787730627287396e-48
3.2227178868253973e-48
3.5257619214531795e-48
4.118968425489357e-48
4.4607651123843015e-48
4.5740223229073223e-48
4.640451668835071e-48
4.6214967390391605e-48
5.704294265273961e-48
6.708868556900557e-48
6.51287065950181e-48
8.376801024202021e-48
8.578085693635089e-48
8.662689642415107e-48
8.782172283391057e-48
8.623596921877445e-48
8.434904350364798e-48
7.767566712024932e-48
1.002877316658304e-47
1.0747414772135057e-47
1.0373189260754404e-47
1.2427307929750713e-47
1.3847666074328599e-47
1.5089176722985966e-47
1.327990930334028e-47
1.2559808494452826e-47
1.2772965343734388e-47
1.4546697729509963e-47
1.7937910547063608e-47
1.8921343636483706e-47
2.0566327073792345e-47
2.713702665807708e-47
3.068624979195878e-47
3.109194469691928e-47
2.87853048800577e-47
3.221437562627291e-47
3.6219045730544825e-47
3.83742708797723e-47
4.388248630421876e-47
5.086209313915847e-47
5.111834617729749e-47
5.969548884481377e-47
5.8170926451222255e-47
6.740424957023556e-47
6.009345453280756e-47
5.582139096684973e-47
5.322351553064646e-47
5.287085331775675e-47
5.572332618732758e-47
5.095742657897805e-47
5.585989575043421e-47
5.222262323006796e-47
4.808610166491004e-47
6.100439627690888e-47
5.871158696616645e-47
6.510405686883284e-47
6.185349205931821e-47
6.918518573087886e-47
7.102012991634765e-47
7.029997473231766e-47
7.176634741429e-47
7.587504275814978e-47
7.24449706970243e-47
7.254128174382045e-47
8.471416793935824e-47
8.921228089794748e-47
9.511828669909504e-47
9.624647793964848e-47
1.0820349533990518e-46
1.4839000111002066e-46
1.5889251445784164e-46
1.6473047978500072e-46
1.4779884867492298e-46
1.3966502660805567e-46
1.3925582384867318e-46
1.5167649103043586e-46
Acceptance rate: 0.13644444444444434
1.0579628983642896e-46
9.78045979888455e-47
1.2508487950476267e-46
1.1763741872755656e-46
1.1003910418417495e-46
1.156309393177626e-46
1.262668967861202e-46
1.2044780604511893e-46
1.2597327667325007e-46
1.475804402229827e-46
1.6621500112036615e-46
1.5730664731572936e-46
1.5417088082926487e-46
2.4999565729246898e-46
2.532176925935719e-46
2.6727824159207653e-46
3.514235527792054e-46
3.951895334685182e-46
4.273690624194753e-46
5.335177750938676e-46
5.084137479514374e-46
6.078571564717742e-46
7.279643421654737e-46
7.766715925809215e-46
8.720555641256648e-46
8.711675489597941e-46
8.995842868886515e-46
8.535092722939284e-46
8.190684663516201e-46
9.056586359243476e-46
9.925606907334014e-46
9.633398988211557e-46
9.619216300575521e-46
9.548281045991905e-46
9.924120579866257e-46
1.0203830086413562e-45
1.0308655160992208e-45
1.063348175918905e-45
1.112644249267236e-45
1.2087324129820884e-45
1.1717710638794204e-45
1.4386281943026366e-45
1.5310329852706203e-45
1.5867024905311636e-45
1.646861126991527e-45
1.6734788751989593e-45
1.8667588592385078e-45
1.9804898119099366e-45
2.0240179066225017e-45
1.809132896226937e-45
1.816478603522071e-45
1.9013729531206257e-45
1.9507179580200536e-45
2.342801138294014e-45
2.496159802530157e-45
2.3711262380152765e-45
2.3380548460917996e-45
2.4000990584454012e-45
2.175500969237313e-45
2.1360335553818256e-45
2.1226149131683756e-45
2.2118745587790904e-45
2.0253707723487438e-45
2.0616094806531842e-45
2.2058235066696328e-45
2.021267376161712e-45
1.7987795782637573e-45
1.840729525073087e-45
1.742395132260478e-45
1.5748937919724635e-45
1.8614214926490457e-45
2.421307965656032e-45
2.8070800924016095e-45
3.046966185935074e-45
2.887071528184282e-45
2.81421692723743e-45
2.7996230081435833e-45
2.4815319540947615e-45
2.6802414310261974e-45
2.524836854799758e-45
2.559085613495077e-45
2.6105428414953814e-45
2.9226438569234314e-45
3.262847097905491e-45
3.086141884024405e-45
3.086155954584131e-45
2.8016000494537578e-45
2.601375065709717e-45
2.6627723725130005e-45
2.6861257804151098e-45
3.2733816781101307e-45
3.110281410328868e-45
3.05260713191163e-45
4.1838222041672957e-45
4.716384422204697e-45
4.904432940554352e-45
4.857884594124701e-45
5.1409902914829226e-45
5.30276313584537e-45
5.661741082660306e-45
Acceptance rate: 0.15599999999999956
Sampling time (10 samples): 5140.9786 seconds
