/scratch/users/yanlan/TroubleShooting/Control/Output/AM_PM_ET_169_422_00
1.0768539592674536e-06
5.301465143465284e-07
2.679305750611082e-07
1.3330659861442517e-07
7.04551765123679e-08
3.824758394893604e-08
2.0150498632836852e-08
1.0435217388032439e-08
5.348634326205985e-09
2.724397239620221e-09
1.3825627174430993e-09
7.001736620672734e-10
3.5425797138920277e-10
1.792105456927443e-10
9.069339091428364e-11
6.033123653607497e-11
3.7595900029699975e-11
2.217557910373166e-11
1.2647094131698097e-11
7.054431035516239e-12
3.874882138489154e-12
2.1051613211530764e-12
1.1345683951440951e-12
6.078560998178898e-13
3.242304762036742e-13
1.723772509485141e-13
9.142219897515104e-14
4.8401295720417485e-14
2.5593033576339513e-14
1.3521510095257952e-14
7.140208391067657e-15
3.769596671431838e-15
1.9900849641733658e-15
1.1755918391293077e-15
8.569022575399686e-16
5.646162874488199e-16
3.516929394556111e-16
2.1143626724317854e-16
1.2408558382065274e-16
7.157583464777016e-17
4.076154440743209e-17
2.2988005883310458e-17
1.2866675992655436e-17
7.15887809839667e-18
3.964298694016519e-18
2.1869554151555523e-18
1.2027849940023104e-18
6.989332265408831e-19
4.1680801068562436e-19
2.442306763713849e-19
1.412395023852265e-19
8.085920794536381e-20
4.5927135681702146e-20
2.5922561418905266e-20
1.736631666382519e-20
1.1293062401247568e-20
8.69488741060742e-21
6.95374597979844e-21
5.245648273627405e-21
4.079510133021127e-21
3.3105995636031544e-21
2.4375787668217974e-21
1.7680402141178592e-21
1.4117105767877212e-21
9.939321112787475e-22
6.545447329891635e-22
4.398000424672803e-22
3.2588970162164957e-22
3.6081655578211997e-22
3.1061525833405425e-22
2.8333835299343994e-22
2.1242631875665705e-22
1.627747921659939e-22
1.2431193229926955e-22
8.879653298822604e-23
7.279561467230927e-23
5.365718115058782e-23
3.6448477005892905e-23
2.3589174803871866e-23
1.4788071363638462e-23
1.0806375868461648e-23
1.026218714791677e-23
8.336787898144979e-24
6.997871494853173e-24
5.871723709719892e-24
4.556862227829069e-24
4.868935653304055e-24
4.2820072693625455e-24
3.187316372661041e-24
2.1859439717059523e-24
1.7468560389621305e-24
1.4431604614425657e-24
1.1948968073523653e-24
8.44787272138425e-25
5.63048631685207e-25
5.863153767930258e-25
3.7826957355342463e-25
2.3752821377770505e-25
2.4258370063096174e-25
2.0875182987024436e-25
Acceptance rate: 0.02099999999999999
1.1996552718452465e-25
8.681492491286328e-26
5.879829835727852e-26
3.8216445548077476e-26
2.4154110741997562e-26
1.49619110657136e-26
9.128906850742926e-27
5.5731748539629704e-27
4.0525193400694706e-27
2.7571869618548583e-27
1.799931131669321e-27
1.1461779814116766e-27
8.896435205295996e-28
8.532262496583373e-28
7.969140417592981e-28
6.793289852564782e-28
5.385255065975456e-28
4.829268648444862e-28
3.8971178616159636e-28
2.8859770420486634e-28
2.274586723034588e-28
1.860093995941026e-28
1.9895627796848355e-28
2.491266783320233e-28
2.1847468393570945e-28
1.644391236325438e-28
1.279278253090957e-28
1.2677023276604955e-28
1.2703836495340408e-28
1.1049187937155238e-28
1.042919036911089e-28
1.2737183742119912e-28
1.461147840083264e-28
1.8383714102322684e-28
1.5340084939386984e-28
1.50218266827626e-28
1.1992690505740294e-28
9.276029403255253e-29
8.373595604247996e-29
8.116603266581306e-29
8.160076248149258e-29
8.976868336814691e-29
7.60902784850294e-29
7.24851233810682e-29
6.84199929820363e-29
7.242476164317278e-29
6.936291632826521e-29
5.721265351159174e-29
3.6513240791550307e-29
3.242113066665122e-29
3.244002446717009e-29
3.293650615281993e-29
4.749348784397152e-29
4.182007209567831e-29
3.461097340523644e-29
2.6268134681881014e-29
2.6234489233551385e-29
3.555287027785543e-29
4.060980918446083e-29
3.4386478671686073e-29
2.6900688807864703e-29
2.1103841739817813e-29
2.2626111281064398e-29
2.2571258691506688e-29
1.9546004217248394e-29
1.4732235359930053e-29
1.417505553948289e-29
1.2815966760535058e-29
1.0750778251806113e-29
1.1215029699400142e-29
1.0619222923950745e-29
8.42513381707955e-30
7.292914870884737e-30
6.2821175870599986e-30
6.926734514222536e-30
6.134310082721494e-30
6.454541809087884e-30
5.92622634920828e-30
5.966668476096156e-30
5.5642685865434685e-30
4.566267540634498e-30
4.077183536877892e-30
4.332258857160618e-30
4.9162882239741746e-30
4.696385308832643e-30
4.269144448487795e-30
4.0430401003745136e-30
3.4363002626193596e-30
3.3569849896955596e-30
3.393675933602548e-30
3.5257986492475124e-30
4.2585601349073055e-30
4.265507762841831e-30
4.7685532798902706e-30
4.9422703899548386e-30
4.8822215434408e-30
4.334650185468941e-30
4.117405477619417e-30
3.459877666925966e-30
3.978942798732354e-30
Acceptance rate: 0.06799999999999999
2.368224647931999e-30
2.5018321304872188e-30
2.515411445378158e-30
2.2672260637891705e-30
2.135835653047182e-30
2.149581194305163e-30
2.105736845617836e-30
2.1494419942078426e-30
1.881289195484561e-30
2.5163813344485322e-30
2.3165429684422275e-30
2.942560068696911e-30
3.26129348689375e-30
3.0712302068814417e-30
3.1223373276477697e-30
3.06424115188451e-30
2.9020710361869583e-30
2.516402994737031e-30
2.87972180660625e-30
3.5807568888710974e-30
3.83704569258981e-30
3.682062338824386e-30
3.039568114859855e-30
3.274813564446324e-30
3.6293009167988664e-30
4.156010877697768e-30
4.3133761935526826e-30
4.501182969863552e-30
4.988560391542953e-30
5.5585492260757065e-30
5.611011419862533e-30
5.249064422661618e-30
5.150077688459579e-30
4.8400582143093275e-30
5.635181311520631e-30
6.972199797324972e-30
7.112786027607618e-30
7.026915400056508e-30
6.844624637013304e-30
7.403643076102268e-30
7.300849481358579e-30
8.320569203438245e-30
7.525647879167097e-30
8.004155317551604e-30
7.861400611351278e-30
8.302689092784993e-30
9.027400677124326e-30
1.0646866645756239e-29
1.0708431686180965e-29
1.2281877077416569e-29
1.372874932221874e-29
1.5842603336970397e-29
1.899592051103456e-29
2.2477428152607841e-29
2.82356394201119e-29
3.10840880466862e-29
3.283713020524544e-29
3.106664282783521e-29
3.5905421113684845e-29
4.229402124313588e-29
3.5977295326382023e-29
3.4938713078743155e-29
4.289969325470948e-29
4.9936023714050224e-29
4.9363002754427416e-29
5.278789335826185e-29
6.7688001174601e-29
6.854049965105209e-29
7.28475021094954e-29
7.393339222630925e-29
7.581173532236789e-29
7.516285881285417e-29
8.799746252939567e-29
8.23764175023841e-29
9.264694950925406e-29
1.0246125558230398e-28
1.1279159530828924e-28
1.2342246630239265e-28
1.3009957562008788e-28
1.1788705584597296e-28
1.359341685669212e-28
1.7404353299647094e-28
1.6228533556966692e-28
1.6266484634374808e-28
1.793653777781634e-28
2.0111719128096058e-28
2.243163649471008e-28
1.9608331073733347e-28
1.8903840789192323e-28
1.8267741115106665e-28
1.9695528179195337e-28
1.85895315472218e-28
1.8276625162985255e-28
1.7227604987537838e-28
2.065549973899806e-28
2.470910875672521e-28
2.573665779542699e-28
2.8478629934383414e-28
2.6167522200789225e-28
2.497325027722154e-28
Acceptance rate: 0.13999999999999935
1.528094706528586e-28
1.6501786593192906e-28
1.8970908904913678e-28
2.0713178553335754e-28
2.3790170742900965e-28
2.779503938286737e-28
3.389748378714188e-28
3.32335858820481e-28
3.8237594480136096e-28
3.2864200426139567e-28
3.5806521448172946e-28
4.1400794751465775e-28
4.34218598149926e-28
4.716718315359144e-28
5.2942227492993395e-28
5.21459137088542e-28
5.031799894562699e-28
5.0757976748222835e-28
5.704463010533689e-28
5.394984853730932e-28
5.965638081430018e-28
7.197865208688593e-28
8.0142688017937e-28
1.0718788468137453e-27
1.0892969133134175e-27
1.1424283840505384e-27
1.1963191462333194e-27
1.4970942161976097e-27
1.5115922734376237e-27
1.60585526060563e-27
1.3579680909016755e-27
1.647911651041531e-27
1.4691477996883826e-27
1.418552419905239e-27
1.4700181343785534e-27
1.5060037878042712e-27
1.4719774247043869e-27
1.412589566325318e-27
1.2326203541565944e-27
1.3676803759395855e-27
1.1445919558662447e-27
1.2606448587401705e-27
1.345474638147268e-27
1.380047939086042e-27
1.2201859890197573e-27
1.0643109036108211e-27
1.0063524625171901e-27
9.62498478883402e-28
1.1707748725435732e-27
1.0971380695250532e-27
1.0214221552037683e-27
9.965345336496133e-28
1.1500628837299392e-27
1.201937117786257e-27
1.1959553809303844e-27
1.5252083195130825e-27
1.9482605242687474e-27
1.9861990991517325e-27
1.994939363528347e-27
2.0548448149565734e-27
2.0028886192847553e-27
1.9054710662859922e-27
1.731733332939782e-27
1.712019095043521e-27
1.770584446771647e-27
1.8348154526048238e-27
1.7794567113708105e-27
1.92828127066831e-27
2.06234682800558e-27
3.2473776353038006e-27
3.163604142304233e-27
3.5820547957416446e-27
3.606775906628128e-27
3.762872963930578e-27
3.52775173203511e-27
3.738114627736747e-27
3.722726492086575e-27
3.591655302056266e-27
3.37440558805879e-27
2.9792211768769703e-27
2.725448013918638e-27
3.1933633417112313e-27
3.093237121894111e-27
3.336341487585061e-27
3.6180836798944584e-27
3.659719915145641e-27
4.288900998081024e-27
4.143762249663491e-27
4.261934928868801e-27
4.084739583487059e-27
4.015363886323351e-27
3.3835017978763784e-27
3.0299618500119885e-27
3.202841480928586e-27
3.195005477542887e-27
2.9704521256150903e-27
3.0145298681554035e-27
3.0050549056054352e-27
2.9175046099223214e-27
3.332105573582169e-27
Acceptance rate: 0.16874999999999962
2.080996051778224e-27
2.3252180007635475e-27
2.0721100975408043e-27
2.0794331827528124e-27
2.0538076135309133e-27
2.5069787774357815e-27
2.474423738760479e-27
3.676435716177736e-27
4.090090727949514e-27
3.958563478473151e-27
3.376497143575914e-27
3.683535441445184e-27
3.291360763168446e-27
3.798045862053062e-27
4.183359499613593e-27
4.4872213494916966e-27
4.198232537707069e-27
4.0181427357635015e-27
4.141136088561618e-27
3.955043882235905e-27
3.7304780326859616e-27
3.400544092527743e-27
3.359950188840807e-27
3.26963182694366e-27
3.7532619367812794e-27
3.436718185863387e-27
3.555736900670858e-27
3.512168765601635e-27
3.409613311416877e-27
3.2146786459416816e-27
2.911466174502907e-27
2.966403440322771e-27
2.8199503624351022e-27
2.290285267057233e-27
1.7186145244493062e-27
1.2296206795113353e-27
8.522066494357773e-28
5.773679407137157e-28
3.8457124909631043e-28
3.0422280605557715e-28
3.1248080429754294e-28
2.6238637651980322e-28
3.0333513473087916e-28
3.6041697467640406e-28
4.002891652436141e-28
4.166339923263224e-28
4.517384995766088e-28
4.774280862680949e-28
6.283470937396116e-28
6.007349964242037e-28
5.766484539174298e-28
6.03155804695491e-28
6.595177112176566e-28
6.707481360250339e-28
5.615016917789134e-28
4.289583557638119e-28
3.107030311184277e-28
2.173421839435109e-28
1.4835008706297347e-28
9.943437118579205e-29
6.572219351564013e-29
4.2961586639309625e-29
5.332409011591958e-29
6.950774806312633e-29
7.258577345774788e-29
6.86907664472565e-29
6.974228099675825e-29
7.472205479915872e-29
9.010165253221191e-29
9.081883871421944e-29
7.391256700786022e-29
5.563490057408859e-29
3.9947064701987326e-29
3.332416885638955e-29
2.495700736877235e-29
1.78633184804396e-29
1.3865191914327946e-29
1.1398603579699121e-29
8.631826660755982e-30
6.223641333638154e-30
4.8297079176495365e-30
3.5752841613017384e-30
2.5036075642632057e-30
1.852061106886655e-30
1.4548092830031054e-30
1.0732901939660649e-30
7.609820780440602e-31
5.249727528857737e-31
3.5498963410687206e-31
2.364223077235521e-31
1.5558810417653305e-31
1.0141327029728575e-31
6.558343791005371e-32
4.21351950505552e-32
2.6920985827866536e-32
1.711921653085331e-32
1.0841952058324623e-32
8.300564134365859e-33
6.074375620416031e-33
4.2854204020176954e-33
Acceptance rate: 0.15899999999999975
2.6412571325138025e-33
1.8026673699673264e-33
1.4293792723966388e-33
1.1260972309562245e-33
8.329367031245067e-34
5.919922798687314e-34
4.119940260614043e-34
2.8027559271219785e-34
1.8761993697778282e-34
1.3513734037358965e-34
1.214478608961643e-34
9.653293953327712e-35
7.180650696323369e-35
5.124112596231754e-35
3.5541184067991725e-35
2.41480038438329e-35
1.6152371101047487e-35
1.0672684423980236e-35
7.127734919436179e-36
4.9237831610313384e-36
3.4846674197703555e-36
2.8706924975412318e-36
2.180932508733141e-36
1.578402665403627e-36
1.1060093448549531e-36
7.573519322696741e-37
5.097528525916272e-37
3.385562611889055e-37
2.2248127534074696e-37
1.4494671149098361e-37
9.376092218204044e-38
6.028809424194482e-38
3.8568133749375006e-38
2.4565532040263073e-38
1.558757875340317e-38
9.858155122927663e-39
6.216583218186211e-39
3.91015499293482e-39
2.4538454032043014e-39
1.5368037090373746e-39
9.607267458189207e-40
5.996140711368848e-40
5.394398097025394e-40
4.612100475867493e-40
3.5794176004741454e-40
2.9193888806297296e-40
3.246978390908904e-40
2.9351856029068255e-40
2.4147313883002637e-40
1.9448085342441454e-40
1.460216449559425e-40
1.0497912536423285e-40
8.540543335768718e-41
8.077046409178104e-41
6.218674336999827e-41
4.947686091424265e-41
3.689011273340437e-41
2.6404615408263994e-41
1.9626354989328313e-41
1.5734164777972013e-41
1.4822206361645176e-41
1.437776651843459e-41
1.3496667930003873e-41
1.525746658760905e-41
1.4509031121907875e-41
1.1878536831636617e-41
9.009412646741633e-42
6.523353894686764e-42
4.7337485514832037e-42
3.452943322970157e-42
3.102366702259544e-42
3.457548005342774e-42
3.3479157887362285e-42
2.76451971849936e-42
2.353340794474377e-42
2.010887664867314e-42
1.5623539525705348e-42
1.149034211649505e-42
9.24820775376516e-43
6.452918401244877e-43
4.5241786615159324e-43
3.564493407079645e-43
3.481012814831009e-43
3.0503217599649533e-43
2.954437058561861e-43
2.5223770699245506e-43
1.9596902552076465e-43
1.4417180341148498e-43
1.2175433100763707e-43
1.0962645960349162e-43
9.110148895345836e-44
9.320515253791617e-44
1.0334669127447017e-43
9.622170158193297e-44
1.046256723969853e-43
8.860215830713974e-44
7.381417934503572e-44
5.97599821836768e-44
5.149004470779367e-44
4.845589305671139e-44
Acceptance rate: 0.1371666666666658
3.3346864899888523e-44
4.137362462327502e-44
3.7563834611378053e-44
3.1973472021559023e-44
2.8521523724509206e-44
2.268854795958378e-44
1.6945802231586212e-44
1.6276506860870038e-44
2.067142695573113e-44
2.233174307083998e-44
1.7107261238752233e-44
1.276420941618715e-44
8.877044496798134e-45
6.05734388551598e-45
5.628249899959614e-45
4.5693743198104827e-45
3.455462510800309e-45
2.5010341380663886e-45
2.2798045791212852e-45
2.2873175816863416e-45
2.1728781498689496e-45
2.3130105592538332e-45
2.0362504316856372e-45
1.747144739876781e-45
1.403274559284176e-45
1.2815537276789959e-45
1.5309662353996453e-45
1.643203024809815e-45
1.8611372810166417e-45
1.8942333587241734e-45
2.1448754783569012e-45
2.0297131547337948e-45
1.861282599457579e-45
1.7909906091594032e-45
1.6097387514721973e-45
1.5284406487380068e-45
1.4863432682070025e-45
1.408501283862362e-45
1.6679086245440632e-45
1.5880498033173095e-45
1.614748381804639e-45
1.764190750336436e-45
2.016774628574504e-45
2.3812169836924185e-45
2.5830169337122003e-45
2.3516939408608582e-45
2.736647439472484e-45
3.2819762480714633e-45
3.831497304049786e-45
3.185032555785173e-45
3.928079189415551e-45
3.3160057161952933e-45
4.4468826098057565e-45
4.47670949308752e-45
4.907987194531387e-45
5.190455064020822e-45
5.2613259198285605e-45
4.9949979147310194e-45
5.876240119391053e-45
6.834965571304319e-45
7.069820714486543e-45
7.284017066921976e-45
6.393734420505919e-45
6.678082973177898e-45
7.18078589470185e-45
6.314779562876507e-45
4.999109561038432e-45
3.730187249911036e-45
3.3121911189177775e-45
3.055082798819998e-45
2.7879967271239936e-45
2.2562728513020408e-45
2.182374568825644e-45
2.440343577379363e-45
3.102330541167582e-45
3.4224457453773606e-45
3.2029123796179816e-45
2.6699362853683178e-45
2.6699501819872938e-45
2.946256654637182e-45
2.903511619997686e-45
2.7817218910802308e-45
3.456907257322312e-45
3.917198564207706e-45
4.997072012916794e-45
4.4600959981002345e-45
3.462236583657119e-45
2.5535637970230673e-45
1.8208629059730402e-45
1.267719824083715e-45
8.670387026528712e-46
5.8490287510776736e-46
3.902901230392727e-46
2.5813150037576127e-46
1.6947710126694885e-46
1.1058844612708536e-46
7.178586952744961e-47
4.638949333228274e-47
3.4822558702944354e-47
3.6629434547349015e-47
Acceptance rate: 0.12778571428571353
2.374740633080406e-47
2.45094550781004e-47
2.6106827318429447e-47
2.753904733283331e-47
3.033161734057916e-47
3.598715776202424e-47
4.2148621504871236e-47
3.914667555922467e-47
3.189770773447186e-47
3.4042728000608367e-47
3.671546030845151e-47
5.0438841168096185e-47
5.292922607071842e-47
4.790694018384271e-47
4.2779157617842e-47
3.5844345691949655e-47
3.790280964694698e-47
4.436934691212742e-47
5.052165640720564e-47
5.009290414648888e-47
4.997639873716695e-47
4.51062205517884e-47
4.757319607969585e-47
4.1648978153996583e-47
4.0724901306238055e-47
4.292040891250479e-47
4.206295514960367e-47
5.042046539564046e-47
5.756436012307578e-47
5.464699132736107e-47
5.170503756859634e-47
5.788381826307676e-47
6.564636976642034e-47
6.229761908360981e-47
6.864553120303134e-47
6.646600104130961e-47
6.288832682148247e-47
6.024588170795637e-47
6.656180782183472e-47
7.999212440248086e-47
7.009938395480785e-47
5.553946661969736e-47
5.379642110884205e-47
5.49993327154645e-47
6.347131670941234e-47
8.239583202339186e-47
1.0852812135082807e-46
1.0825915349205112e-46
1.079955457042034e-46
9.76934974367294e-47
7.823630583225883e-47
7.848075539801363e-47
7.3884862097119e-47
7.266158392263387e-47
7.319265544374644e-47
8.487809371762128e-47
9.79771578120822e-47
9.695525626265363e-47
9.749288654217845e-47
8.917051751658583e-47
7.303521992817402e-47
7.043750512364702e-47
8.667532183299816e-47
8.528961436992929e-47
8.269644151286481e-47
9.166839532810427e-47
8.426425047309971e-47
7.304599493549536e-47
5.673194622137357e-47
4.813990030155498e-47
6.013641955937002e-47
4.501271114868368e-47
4.267538086958676e-47
4.311743543290059e-47
3.9003975584262056e-47
4.130582903372886e-47
5.400015773024698e-47
6.145096647085718e-47
5.502098708606097e-47
4.661561635430262e-47
3.8683419146708366e-47
2.9780140241450836e-47
3.130129714035122e-47
2.8396839848869166e-47
2.621947109811216e-47
2.1678931601829216e-47
1.665671802499095e-47
1.3580568111724895e-47
1.151358438777129e-47
1.1673224160186134e-47
9.888988522114675e-48
8.323205385103885e-48
7.084297569741859e-48
6.928960164104924e-48
9.11392358407831e-48
9.631177946342837e-48
9.897204048535066e-48
8.759738749449061e-48
7.485387180234433e-48
8.396519705210336e-48
Acceptance rate: 0.12375000000000018
5.369458687200995e-48
4.6518628048921396e-48
3.888915496970393e-48
3.0258278754278234e-48
2.2867984015999884e-48
2.0232864094578905e-48
1.6363756963612397e-48
1.4340566854253296e-48
1.3156028684704739e-48
1.1266474402078883e-48
1.0389275295222994e-48
1.1718158738118795e-48
1.2845581116028515e-48
1.4713525490552717e-48
1.3731527698746735e-48
1.316960305461426e-48
1.561848620381253e-48
1.4199897776603345e-48
1.530677583785128e-48
1.4510269671518375e-48
1.3553673647738569e-48
1.317055495861396e-48
1.2772742600614267e-48
1.2490879628486868e-48
1.0416909806212395e-48
9.874178897669467e-49
8.699656704487395e-49
8.240259310937994e-49
7.096316877420112e-49
7.132347630250069e-49
6.312713302593398e-49
6.847085707067593e-49
6.260649527548834e-49
5.8397584315966585e-49
5.1687711445623184e-49
6.074423866945356e-49
6.0420551616502446e-49
6.523799323425248e-49
6.288575346590254e-49
5.7896684919424404e-49
5.134811829868815e-49
5.190888222646982e-49
4.630415372096104e-49
4.2569296478563336e-49
4.252161860479826e-49
3.770775296233349e-49
4.4887827000842474e-49
4.259124387564929e-49
3.778747616844062e-49
4.157218491983326e-49
4.417086859353236e-49
4.381187492211981e-49
4.5129661099498116e-49
4.886441392540991e-49
4.310811889933623e-49
4.0628692694825666e-49
4.047311981500934e-49
4.125991199653323e-49
5.475055618429385e-49
6.677736423923802e-49
6.258139146690536e-49
6.5681218538143235e-49
7.10687558677325e-49
7.142570336344388e-49
6.756639746980597e-49
5.583750253806305e-49
5.575237141762631e-49
5.764457426105149e-49
5.572230417534882e-49
5.7962304210863244e-49
6.601710770950162e-49
7.180926292297049e-49
7.673752047945007e-49
7.914184319152681e-49
7.67779233200372e-49
7.595786562486164e-49
6.649039874992054e-49
8.610515128796488e-49
9.467193506132708e-49
9.841181532599606e-49
9.228830862601696e-49
1.0195471590925111e-48
1.1302398886475532e-48
1.0511336655354463e-48
1.017634576918003e-48
9.282422657144846e-49
1.096082118136478e-48
1.1951836761135272e-48
1.2024254853082737e-48
1.278307618946722e-48
1.2930833085783226e-48
1.2153537866751209e-48
1.1624093857386375e-48
1.1836138468375951e-48
1.377173183684853e-48
1.2912582656632737e-48
1.3666802356647041e-48
1.4068200474810374e-48
1.5959411766681167e-48
1.3847395752378435e-48
Acceptance rate: 0.12183333333333346
9.148755806233279e-49
9.763671687817489e-49
9.473299324458818e-49
9.07345364569875e-49
1.4032815758805553e-48
1.6214743089281473e-48
1.8778746008460144e-48
1.6893889345912246e-48
1.7466657152816903e-48
1.7273949564689904e-48
1.7066860001458572e-48
1.8607613601036896e-48
1.792092522854052e-48
1.8239231810505216e-48
1.7228412433138737e-48
1.7768691737570307e-48
1.8660087206392347e-48
1.8468920572090167e-48
2.0459878809133115e-48
2.3764874454149116e-48
2.903391316377883e-48
2.785943688673654e-48
2.28547884876968e-48
2.239230873651977e-48
2.2295083253341914e-48
1.9541146618456722e-48
2.299763326018153e-48
2.3675199803947612e-48
2.395384201386842e-48
2.4139305233339548e-48
2.673702999458135e-48
2.6686078485506917e-48
2.663845953205615e-48
4.024695977832768e-48
5.4089734446501536e-48
5.615544369181351e-48
6.291066557839301e-48
7.564719653723907e-48
8.800008521574484e-48
9.575646073714329e-48
9.443349275360267e-48
1.1191925240583176e-47
1.1201927849141295e-47
1.1530195103585855e-47
1.2183149005502245e-47
1.4972334486629268e-47
1.7579273346997259e-47
2.1160946948179613e-47
2.0963205587383838e-47
2.4360258029283405e-47
2.4988854076937067e-47
2.4450287914311513e-47
2.3779303773274925e-47
2.8129029829829476e-47
2.995753943540268e-47
3.2819881686419964e-47
3.3339749483485464e-47
3.4634039411349705e-47
3.737292893628366e-47
4.089204388111277e-47
4.532307310698084e-47
4.755994880156833e-47
4.2972062478024966e-47
3.6713426705168186e-47
3.379602259922686e-47
3.2279970026517934e-47
3.028103741701486e-47
3.328899568948194e-47
3.1550061554053083e-47
3.596863562550866e-47
3.54782090498415e-47
3.6910185062680415e-47
4.300303685836542e-47
4.86193669858243e-47
4.842685047138634e-47
5.401025098947729e-47
5.635653367307689e-47
6.171527387138393e-47
6.767615771269586e-47
7.412346663448748e-47
8.408470649626223e-47
9.278939000217697e-47
1.223458110419418e-46
1.753019162911709e-46
1.9496300740955743e-46
2.43547455971162e-46
2.5780891751327972e-46
2.953314086589798e-46
3.1717247596274022e-46
3.5871471380571355e-46
4.419897909221263e-46
4.297311954726064e-46
4.4611594505869834e-46
4.633404204610604e-46
4.7553495836573325e-46
4.727388673320949e-46
5.065022726699532e-46
6.609642062887671e-46
7.029637019645444e-46
9.542625694985934e-46
Acceptance rate: 0.12644999999999984
Sampling time (10 samples): 5413.7140 seconds
