/scratch/users/yanlan/TroubleShooting/Control/Output/AM_PM_ET_168_426_00
1.0677205835161454e-06
5.046326282845343e-07
2.407939034390537e-07
1.1540049363738596e-07
5.55108448455716e-08
2.6799923963599792e-08
1.3848847838930303e-08
7.423714268283982e-09
3.90014269703634e-09
2.0236672559509092e-09
1.0417986879380708e-09
5.336645932831858e-10
2.725340686881085e-10
1.3893347577241198e-10
7.076586356662445e-11
3.603760944034823e-11
2.1183731903078492e-11
1.203816718194337e-11
7.211094930388216e-12
5.14971713275003e-12
3.4404127919163588e-12
2.126824092426789e-12
1.2568155802602566e-12
7.215133167565762e-13
4.060995485802574e-13
2.2537543322915564e-13
1.2379372928544476e-13
6.747436124688681e-14
3.656271297610676e-14
2.7684123509752032e-14
1.8892128347992165e-14
1.2018257415021105e-14
7.641420357901079e-15
4.6441572121485974e-15
2.740555497133101e-15
1.9583074128041865e-15
1.2532073517068556e-15
8.061719448456921e-16
4.953462526231794e-16
2.9536075918544224e-16
1.7246638803739126e-16
9.918181298013659e-17
5.638714185583873e-17
3.1775873626271215e-17
1.778349296735751e-17
9.898296201183691e-18
5.48533288911056e-18
3.0291131619185158e-18
1.6679848701645303e-18
1.2101133383900545e-18
1.2200751238754079e-18
1.0101701356581675e-18
6.950261897192302e-19
4.272999560239066e-19
2.5648536193540324e-19
1.5130416804719746e-19
8.809926589326061e-20
5.857018962669319e-20
4.635094080256912e-20
3.028786005688007e-20
1.9001644978057257e-20
1.159790201390701e-20
6.941233191942457e-21
5.627293326079965e-21
4.0724357621529266e-21
2.7602777259513182e-21
2.042079664134116e-21
1.3813249112731997e-21
8.887185479147452e-22
5.533880456786233e-22
3.555300322079226e-22
2.7841845579155483e-22
2.514646025068456e-22
2.0101240364982767e-22
1.6907140365721395e-22
2.0989621181333667e-22
1.7677093410269298e-22
1.3010777063608516e-22
1.1624867055981693e-22
9.591592284314918e-23
7.359408222617627e-23
6.680832386182976e-23
5.586781882754551e-23
4.104623246697348e-23
3.048812103679071e-23
2.307609365887531e-23
1.6760646963226768e-23
1.271926774976752e-23
9.396214809826904e-24
7.120735176843609e-24
5.077236347553761e-24
3.398592953841844e-24
2.597642297457835e-24
1.766828306204438e-24
1.5049126101844011e-24
1.270926103417858e-24
1.1628954460863907e-24
8.834592829460433e-25
6.144541844391209e-25
4.05904356854073e-25
Acceptance rate: 0.021499999999999988
2.3662311243520193e-25
2.0352540215514842e-25
1.7865548371777008e-25
1.3370208565311365e-25
1.0149037160431538e-25
8.718886488321158e-26
7.189717783143343e-26
5.0863639360440067e-26
4.08582896137991e-26
3.2187424853319765e-26
2.9257515759676243e-26
2.3295099283271063e-26
1.7162852198701525e-26
1.4555704493368036e-26
1.1995170256803486e-26
1.0284393566020691e-26
7.95867374770219e-27
7.640470572247294e-27
8.281358786352308e-27
7.514551515819142e-27
5.691610620631424e-27
4.326176793475364e-27
3.14400322484201e-27
3.137650594811077e-27
3.2038304839566855e-27
2.7360749863973843e-27
2.343189101567168e-27
2.064554297927988e-27
1.637048300897727e-27
1.3643253657211545e-27
1.2462791627563216e-27
1.1132223478817122e-27
9.941708142407799e-28
7.392323330581719e-28
7.34020110005068e-28
6.570663798797414e-28
6.487816386113884e-28
6.025251064264478e-28
5.9611835770971405e-28
5.685638594405594e-28
4.8485763740093585e-28
5.713602733270004e-28
5.731789251145057e-28
5.077010643916212e-28
5.451311465460214e-28
5.5049084390654275e-28
6.5528044017117975e-28
6.922149364901344e-28
7.90205071561216e-28
7.87712921632955e-28
6.119866076122704e-28
5.338078573725528e-28
5.401707781865363e-28
5.050248395428129e-28
5.18010860040149e-28
5.410880002611483e-28
5.737451410195257e-28
5.983058860124822e-28
5.958388321874436e-28
6.948484324167125e-28
7.277270803492874e-28
6.834102820613994e-28
6.970851515603514e-28
7.1439884987950695e-28
7.512037078633261e-28
7.91105284128044e-28
7.6019663206748505e-28
8.329256478509808e-28
9.245045321866495e-28
1.1620572365589484e-27
1.279303907041855e-27
1.109353611133898e-27
1.4351914767134966e-27
1.5186454046576599e-27
1.4892785665749234e-27
1.6590993943684416e-27
1.646888958152971e-27
1.81575158948027e-27
1.712391088719455e-27
1.9431412951605775e-27
2.0557768563744544e-27
2.111859997778015e-27
2.292687384928315e-27
2.6293340194045725e-27
2.7882441912310133e-27
3.277314273226108e-27
3.314598094093403e-27
3.2061861422745407e-27
2.650376960709581e-27
2.3242194125945367e-27
2.9589140949762977e-27
3.325588313361745e-27
4.023715448590797e-27
3.781980873939244e-27
4.2910696200362846e-27
4.220922945602338e-27
4.149444215373367e-27
4.1337847323190886e-27
3.848118678764472e-27
3.3915750540597855e-27
Acceptance rate: 0.09100000000000003
2.098322543810214e-27
2.1105907869568153e-27
2.071867508885883e-27
2.0883615259466582e-27
2.0810463310735995e-27
2.3152703295955622e-27
2.1240955991176324e-27
2.2209728891239332e-27
2.6891480306995436e-27
3.4319148779162716e-27
3.82456986933825e-27
3.980904774297373e-27
4.290633304691422e-27
4.2150399280849134e-27
4.783911671852097e-27
5.0587158469582654e-27
8.23130603496513e-27
7.253437796438924e-27
7.186808757896111e-27
6.471521978450909e-27
6.332896312934166e-27
6.2754839468841324e-27
5.337833276133752e-27
4.35295795335848e-27
4.066194777737842e-27
5.929145035092656e-27
6.209499426062934e-27
5.7902813291892094e-27
5.984832710093874e-27
5.931104391186471e-27
6.124352412889945e-27
5.743825961484033e-27
7.439473344582104e-27
8.552686728348885e-27
1.0211229459512096e-26
9.123452825393885e-27
9.268438882220745e-27
1.0379111109339227e-26
1.4102829473660054e-26
2.1270477843336248e-26
2.5480768744047796e-26
2.88102134472187e-26
2.826604342124359e-26
2.925952143062044e-26
2.750747309245353e-26
3.2391953021216415e-26
3.648444904437881e-26
4.02406929457721e-26
3.736999669055863e-26
3.7438614866195933e-26
3.7144450430533434e-26
3.7493111586604066e-26
3.286405081982443e-26
3.367670318424393e-26
2.900997462854258e-26
3.0214229218212274e-26
3.0499122656417696e-26
2.9164746873816876e-26
2.765831306612354e-26
3.036282348437629e-26
2.73915533741254e-26
3.0812736875265953e-26
2.685970236546702e-26
2.7559801349823457e-26
2.655423743755779e-26
2.9095863197994816e-26
3.1380412215838993e-26
3.0885968543362986e-26
3.7506206763193556e-26
3.7017541145528524e-26
3.8751003905827095e-26
4.2311700198208683e-26
4.6258550576141855e-26
4.961106258684191e-26
6.085880655417173e-26
5.605373484229446e-26
6.740192749813394e-26
6.903602659916656e-26
7.03039290120966e-26
7.160502275058526e-26
8.063430627172245e-26
8.529270066066432e-26
1.2518449983646047e-25
1.330336680057988e-25
1.2395413688681842e-25
1.3969987704455632e-25
1.5616751769114966e-25
1.6040302681767728e-25
1.4330062049371932e-25
1.3745620009483311e-25
1.3304941268757051e-25
1.2946023221561604e-25
1.539922736080812e-25
1.6070178032160947e-25
1.723304024729608e-25
1.7451974629198421e-25
1.955617189577922e-25
2.1162515584944342e-25
2.021916241834642e-25
1.8597146799438971e-25
Acceptance rate: 0.13983333333333345
1.157155116329956e-25
1.0689967378685348e-25
9.891750834847982e-26
1.0346311530829933e-25
1.0229641129694808e-25
1.138073247126161e-25
1.4325699412305803e-25
1.5998969901802423e-25
1.781764731222185e-25
1.6149844787656148e-25
1.2112849046223487e-25
1.171811084509784e-25
1.5021810145515835e-25
1.8055820846666223e-25
1.5546791689998059e-25
1.5920594913057906e-25
1.4774167691967713e-25
1.4062109126028226e-25
1.5633909184903834e-25
1.9637152826488763e-25
1.882393158622755e-25
1.984188038688996e-25
1.8486560612208752e-25
1.9187450699973362e-25
1.879945603420988e-25
1.9248015912472411e-25
2.1797319152057776e-25
2.332948384444192e-25
2.6465655898768055e-25
2.833305650043038e-25
2.932052699876815e-25
3.469833938505744e-25
3.479972577073058e-25
3.435563686178819e-25
3.2807730930289616e-25
3.38395590864994e-25
3.4661485938042077e-25
3.7242065822817945e-25
3.6849656755158227e-25
3.194000865112111e-25
2.707757596526781e-25
2.6977542591654087e-25
2.415060467439517e-25
2.3488457331700735e-25
2.6742187588024044e-25
2.8676717234241775e-25
3.144421275382213e-25
3.2444626821999612e-25
3.218799564751098e-25
3.662587637726445e-25
3.838837486335356e-25
3.5435980951137223e-25
3.251353477661016e-25
2.589028998446869e-25
2.5522327597941918e-25
2.7717288444590125e-25
3.1951601475360385e-25
3.2929702092236656e-25
3.389368179990417e-25
3.3460155708005036e-25
3.6911254347378684e-25
3.6835652358470113e-25
4.404424253958245e-25
4.0962687239597726e-25
4.828935318399611e-25
5.242027345256791e-25
4.929795249687499e-25
4.868564579007285e-25
5.190161449456516e-25
4.614659708297659e-25
4.09434314059487e-25
4.183793836219482e-25
4.747429370713593e-25
5.895226041954349e-25
6.133805742299709e-25
9.600991819870831e-25
8.823257992555859e-25
1.2305932303461649e-24
1.182668872339295e-24
1.1850183267078689e-24
1.1391244403291416e-24
1.2702105991069142e-24
1.3823647463802402e-24
1.5028440979116484e-24
1.4834081219056142e-24
1.4212156670887385e-24
1.5800784225061785e-24
1.7031569920817164e-24
1.7824865274307124e-24
1.9410050103329703e-24
1.900531545949607e-24
1.8127317986384323e-24
2.3435388754274084e-24
2.9053255996337136e-24
2.700216997836522e-24
2.5676066806280747e-24
2.3788069500733126e-24
2.1735816188773196e-24
2.091625394590363e-24
2.1750258641356827e-24
Acceptance rate: 0.15462499999999976
1.3987503805730642e-24
1.599257217333289e-24
1.5263784325771287e-24
1.528324401170653e-24
1.5131853057292536e-24
1.5931691537524593e-24
1.6005723382460691e-24
1.8187927063404865e-24
1.927076752641556e-24
1.6825620632701802e-24
2.3387037550277187e-24
2.3371388076122154e-24
2.4128420979570446e-24
2.620599985397549e-24
2.3846218637820994e-24
2.2361592109516695e-24
2.2181527732372023e-24
2.4065866064076167e-24
2.9776679733164847e-24
2.7589154108556666e-24
2.7888506453755167e-24
2.9825272192260514e-24
2.873970638797413e-24
3.4700954815028105e-24
3.839758076745727e-24
4.051545023000361e-24
4.019583038527086e-24
3.2920965187893033e-24
2.453732694225839e-24
2.6378050919012435e-24
2.4985276533506383e-24
2.5471421318127773e-24
2.8694663706453765e-24
2.9774599544897277e-24
2.7869254437191176e-24
2.281304200455997e-24
1.8199917825949915e-24
1.8964543776639096e-24
1.8689700564839866e-24
1.8707655593581098e-24
1.673659721611201e-24
1.5244113114305664e-24
1.5543744289865526e-24
1.5207549587749296e-24
1.3893806341630722e-24
1.3369052586980658e-24
1.3141464526965559e-24
1.505177126810505e-24
1.5994663499381247e-24
1.4763534677292589e-24
1.6769375288489265e-24
1.5598818291933298e-24
2.070742607603133e-24
2.1220566521270982e-24
2.0576608546196017e-24
2.1375381852433553e-24
1.833621553825274e-24
1.766553672391566e-24
1.7126121614538093e-24
1.5135982656005028e-24
1.5976778840295867e-24
1.4461644634274338e-24
1.2987383173388547e-24
1.3104133684491505e-24
1.4166239186004311e-24
1.5356533581117011e-24
1.672511806682881e-24
1.8768308962439703e-24
2.0283546743452154e-24
1.758277582044233e-24
1.6264344037641898e-24
1.6895560779483264e-24
1.7154746470068663e-24
1.7182356942356184e-24
1.7002353288828138e-24
1.871077448769038e-24
1.6960511957742687e-24
1.5351477992701605e-24
1.546999118926114e-24
1.6249060137832812e-24
1.4355877418558541e-24
1.329033919828553e-24
1.423591777742758e-24
1.5181733934410689e-24
1.5286952594232046e-24
1.6136428795287875e-24
1.5305916894904221e-24
1.4087190072083167e-24
1.3095819768617301e-24
1.3066349702955798e-24
1.4555796017648487e-24
1.706184082107511e-24
1.6423540930231489e-24
1.472593779649097e-24
1.3218109730172098e-24
1.518633069124923e-24
1.778926020338798e-24
1.8524516137849858e-24
1.7967010793515983e-24
1.767069391355434e-24
Acceptance rate: 0.1645000000000004
1.1547304635840626e-24
1.1771976948237636e-24
1.1440398319019864e-24
1.2790395275732998e-24
1.4002690206236896e-24
1.3193576696606805e-24
1.2595682815161238e-24
1.3433973144711266e-24
1.4600297126092492e-24
1.3860164740392265e-24
1.4122899456057438e-24
1.4781494400899741e-24
1.4485050176071097e-24
1.3258566640422367e-24
1.4721742811452124e-24
1.369724749392347e-24
1.310137112734965e-24
1.397939490744651e-24
1.4575549225057617e-24
1.243552963280982e-24
1.1092171535828702e-24
1.1257008679062256e-24
1.2717762852471324e-24
1.1109773593702161e-24
1.21956576598314e-24
1.277788329856219e-24
1.142719572636222e-24
9.467518874420882e-25
8.443203766162078e-25
7.962266711153656e-25
8.194563641699289e-25
8.607134033562658e-25
9.324514269255226e-25
9.576233401121145e-25
1.130920091789695e-24
1.1839351011585159e-24
1.0772018763891522e-24
1.0780964490848578e-24
1.2726504186247127e-24
1.806094552181993e-24
1.839238115943797e-24
1.8921134028719464e-24
2.1253318589360274e-24
2.444681996032326e-24
2.1240944289319605e-24
2.0286255654167378e-24
1.809377363402739e-24
2.1808017301650185e-24
2.157815982632579e-24
2.1455767360786776e-24
2.4179733329902334e-24
2.2900518601386812e-24
2.3147822409193105e-24
2.486121581638807e-24
2.5608634690184804e-24
2.7803780288022174e-24
2.8974056488648366e-24
3.172405505950772e-24
2.7224392396071627e-24
2.495157395233572e-24
2.4619704402835077e-24
2.625999710202672e-24
2.7863706780122796e-24
3.0012775880323873e-24
3.528722580425677e-24
3.414545225600701e-24
3.8188341626962055e-24
3.973008939358691e-24
3.971455189404316e-24
4.6253376412397966e-24
4.741731874881265e-24
4.638690837075886e-24
4.489688573134737e-24
4.7907894144733715e-24
4.617363324336465e-24
4.8031654080284886e-24
4.7020675879329414e-24
4.6123377742032715e-24
4.801453913523737e-24
4.594257805937611e-24
4.405063270979626e-24
4.2430327442050764e-24
3.8753617975042454e-24
3.4046593288695065e-24
3.1944845998993844e-24
3.609144292182905e-24
3.253210721199678e-24
3.0702909951315698e-24
2.8073104152230154e-24
2.8667261277584298e-24
3.08532934952151e-24
3.055346503005029e-24
2.858035243662058e-24
2.9456937078859e-24
2.9749015767233387e-24
3.3640033187531086e-24
3.524705679243348e-24
4.1751973377718394e-24
4.62736573522654e-24
4.969042434959946e-24
Acceptance rate: 0.17800000000000046
3.224768579543133e-24
3.0651443478120783e-24
3.1992385765020546e-24
2.9822794194229952e-24
2.9510797960923293e-24
3.6391919480940886e-24
3.586262634749259e-24
3.1368346564031963e-24
3.2431737402789054e-24
3.0418020661529897e-24
3.3744704332208986e-24
3.031993451952912e-24
3.1431714681708143e-24
3.593643779147702e-24
3.479892957345875e-24
3.1915461309396074e-24
3.887780716546948e-24
3.2333316807271714e-24
2.6191479774472607e-24
2.6299680476908595e-24
2.4236826282350062e-24
2.850977087070022e-24
2.61322783597624e-24
2.783403162554251e-24
2.7035187454365325e-24
2.8287856199721447e-24
2.7183209813816763e-24
2.6933874663330126e-24
3.068948246360919e-24
3.1150869339928795e-24
2.7263718580816535e-24
2.7560811874185638e-24
2.7190935031686735e-24
2.5598295573984287e-24
2.58990049618173e-24
2.2668248444877046e-24
2.0420605834840663e-24
2.47243171471136e-24
2.4591870408532305e-24
2.071650425646557e-24
1.9245370785978935e-24
1.7452724592419574e-24
1.5369548584759487e-24
1.4352053122212257e-24
1.6824029731147456e-24
1.8018236466274425e-24
1.9717585112465576e-24
1.848572481442551e-24
1.6835759311686832e-24
1.9305450986286328e-24
2.173396829019728e-24
2.27273657559629e-24
1.9238803999828158e-24
2.1121273819345245e-24
2.132377733033737e-24
2.0587741740427387e-24
2.0095450594891866e-24
1.9875421472340073e-24
2.0383579072573263e-24
1.9593154523908672e-24
1.7945689804739023e-24
1.8357394143406746e-24
1.706164737995775e-24
1.6467245600703302e-24
1.8713357042546255e-24
2.2088593457341045e-24
1.8876952050959474e-24
1.9607071300644922e-24
2.0322289459104224e-24
1.9031587597580983e-24
1.86777685819458e-24
1.8702676365312208e-24
1.8281679692237426e-24
1.7317719697220443e-24
1.5998337543724584e-24
1.7284202987241282e-24
1.6731944992448447e-24
1.4930493182674992e-24
1.2922365032028655e-24
1.3416389497104356e-24
1.3499719366044417e-24
1.2495633750244116e-24
1.0572083984111845e-24
1.1555050801513014e-24
1.2587492536620398e-24
1.2056032459943742e-24
1.1535944744834792e-24
1.1159443108925845e-24
9.831347526162106e-25
9.214052438872294e-25
8.547527039151183e-25
8.91373458876559e-25
9.374835881400536e-25
1.071910296881624e-24
1.1035276786638116e-24
1.3587678991445797e-24
1.3829410232526347e-24
1.689730662922226e-24
1.767849731681653e-24
1.8522997686104583e-24
Acceptance rate: 0.18492857142857203
1.210471896886337e-24
1.040069696922888e-24
1.0199763251400802e-24
9.886325568623115e-25
1.1446406987493962e-24
1.0819607537148365e-24
1.1899511030174004e-24
1.3122044439876344e-24
1.507500896883165e-24
1.8570581910765468e-24
1.851771040782628e-24
1.8361734271017496e-24
1.718783364101217e-24
1.5489442862897096e-24
1.4742990198002501e-24
1.5304728243017086e-24
1.594103839218141e-24
1.607751777079021e-24
1.5805622487424332e-24
1.6070365208386704e-24
1.481633255393211e-24
1.583404275278875e-24
1.53015198803584e-24
1.6231161238982334e-24
1.7645738121027758e-24
1.8016779173356793e-24
1.724366152914722e-24
1.8301433980245014e-24
1.799230670057252e-24
2.0270675182802642e-24
2.3910525951276423e-24
2.5114573519027686e-24
2.488966059415271e-24
2.2884094531699674e-24
2.3056251446498534e-24
2.284550204495124e-24
2.2669279821471665e-24
2.17167990142479e-24
2.3376222115588563e-24
2.109581292596896e-24
1.9073819634389193e-24
2.059678188819919e-24
1.897153944139129e-24
2.041417048534639e-24
1.8642197639935765e-24
1.8191355605606972e-24
1.7373775109487097e-24
1.5779917990755805e-24
1.5171314193000436e-24
1.5219405662351097e-24
1.3644309556950065e-24
1.3549951399724144e-24
1.4546240521849711e-24
1.5361659865649324e-24
1.5792289577458877e-24
1.6255962282537094e-24
1.502360665650082e-24
1.5830633878559482e-24
1.558833211054639e-24
1.719717611846583e-24
1.7957612529294374e-24
1.733694402801655e-24
1.661077837558624e-24
1.858783539213803e-24
1.838219528028467e-24
1.8634420909775196e-24
1.9953145579013264e-24
1.998134986329942e-24
1.9993972382010197e-24
1.8989290712979307e-24
1.75884374155441e-24
1.7386627471985926e-24
1.5809838285303601e-24
1.737025101376475e-24
1.6083763501444034e-24
1.819679832815448e-24
1.7668809985824213e-24
1.6176907818808862e-24
1.5252067477957327e-24
1.463934659921132e-24
1.4888876568539592e-24
1.40622857937429e-24
1.5083616053919713e-24
1.4207610345424842e-24
1.3225905381196542e-24
1.3086738099117747e-24
1.4500312387481246e-24
1.4577057346549985e-24
1.4337361447660744e-24
1.2843400836543476e-24
1.128606967238042e-24
1.274774030677628e-24
1.228270406167351e-24
1.1812605570757631e-24
1.2700854400222535e-24
1.2515461314944323e-24
1.2134295082698271e-24
1.371507680316597e-24
1.3467138597822429e-24
1.4418109995863865e-24
Acceptance rate: 0.19118750000000037
9.57494185876985e-25
9.118755086431388e-25
8.83186392306208e-25
8.935532536754955e-25
1.0691079719503443e-24
1.030794518303782e-24
1.0311066928464326e-24
1.0990911107000562e-24
1.1137836561242529e-24
1.3137145752108046e-24
1.3144271290472699e-24
1.5893161075006912e-24
1.7473594544149937e-24
1.792573226842064e-24
1.8772858569030267e-24
1.872529867554736e-24
1.898589576213609e-24
2.288116597992484e-24
2.2269828907109278e-24
2.09199632536496e-24
2.128399442759328e-24
1.8581014573248828e-24
1.7865824211801546e-24
1.8318726578111585e-24
1.638043727852549e-24
1.870912978768924e-24
2.0766564702158194e-24
2.1603978376695956e-24
2.0704444668159606e-24
1.9627621799338242e-24
1.829887246415253e-24
1.872246499507924e-24
1.9462684525369462e-24
1.8221730774660116e-24
1.7390367207773424e-24
2.1168457763259173e-24
1.8237105478335555e-24
1.6631556952660444e-24
1.7675200436436936e-24
1.764878694345175e-24
2.110251667741691e-24
2.266115149538258e-24
2.460386281587114e-24
2.3938438739085824e-24
2.598915302615513e-24
2.6320073335102647e-24
2.742725643516027e-24
3.213847883156992e-24
3.0754248629189147e-24
3.0698929857784133e-24
3.0390790868082055e-24
3.318959366127557e-24
3.6333666033016245e-24
3.58964806722105e-24
3.639616114529012e-24
3.621086477012343e-24
4.208232990734017e-24
3.525080898528643e-24
3.2442026544411638e-24
3.721415183107139e-24
3.795559305362534e-24
3.756158562475915e-24
3.621285294935647e-24
2.987270639954307e-24
2.6438369117186883e-24
2.541400631380384e-24
2.9127512535639033e-24
2.7726313706670374e-24
3.4136302901630475e-24
3.418512240407295e-24
3.180665992238281e-24
3.1297395277164994e-24
3.0403116722898926e-24
2.522490140712866e-24
2.297602188129667e-24
2.0337088845861286e-24
2.107172349032458e-24
2.1710317694179118e-24
2.530686517451857e-24
2.324077301329287e-24
2.2050259743281875e-24
2.0636961462306585e-24
1.9782775828542206e-24
1.6718653745940037e-24
1.6031602082174972e-24
1.6747599243872317e-24
1.7153025487054894e-24
1.7177623091984298e-24
1.7671685062125293e-24
1.6974451313353433e-24
1.5461358448224528e-24
1.6666138831445928e-24
1.8543787544862765e-24
1.7509332673638456e-24
1.73763482536638e-24
1.719840496572857e-24
1.8980446846770254e-24
1.774447536738384e-24
1.7925479083520205e-24
1.8152885431706284e-24
Acceptance rate: 0.19761111111111118
1.1975813139994022e-24
1.1934624345700904e-24
1.2010656098984177e-24
1.354757025617004e-24
1.3447786151228654e-24
1.3003698098274105e-24
1.3740559871563189e-24
1.5662829132471204e-24
1.5360582294665561e-24
1.6568224805970384e-24
1.4846646020448445e-24
1.1960545936239889e-24
9.076663243221248e-25
6.629566107692747e-25
4.715211192227839e-25
3.2888313751595476e-25
3.6771712417775924e-25
3.495647301025601e-25
4.1031750586012193e-25
4.511428577684236e-25
4.22866184597782e-25
5.137270475761802e-25
5.295319940831324e-25
5.435915766962975e-25
5.934007967863359e-25
6.622359849778154e-25
7.01669630252268e-25
6.918657672700879e-25
8.394126299151785e-25
8.299524853955377e-25
8.1472148111875775e-25
8.052094673607414e-25
7.7453705562011e-25
7.877226515422685e-25
8.24311191125549e-25
9.000930922882642e-25
9.411096667985248e-25
8.524273320446853e-25
8.488416698708906e-25
8.040712483083711e-25
7.237234838787009e-25
6.748297339412321e-25
6.631894620665614e-25
7.2055761009469945e-25
8.066155584301291e-25
9.21760650441075e-25
1.232835781782077e-24
1.3252418271195449e-24
1.450927923522378e-24
1.3302585623905607e-24
1.216802840791918e-24
1.5226989239412515e-24
1.4693153034516113e-24
1.2156143313910102e-24
1.197189839809869e-24
1.0817125767183957e-24
1.0082610529593568e-24
9.771126014489842e-25
1.061646435803144e-24
1.0716065455390699e-24
1.1548180183869418e-24
1.141952017445359e-24
1.1891247842506854e-24
1.2612382642003676e-24
1.298761778504213e-24
1.322283548765222e-24
1.2118378050949322e-24
1.2050156496688218e-24
1.1515458808498862e-24
1.2335767790275485e-24
1.5336472421442846e-24
1.501915553576032e-24
1.3698651671172388e-24
1.1464295240338566e-24
1.0960223912898814e-24
1.0337460715214798e-24
1.1469272774433235e-24
1.0663767941787159e-24
1.2096185399286512e-24
1.1321753618605005e-24
1.0701641168203472e-24
1.0818785425106899e-24
1.0006712620096352e-24
1.0249910718836018e-24
9.513640594851189e-25
9.053667277207845e-25
7.8088798416274025e-25
7.402537618760344e-25
6.765525293515197e-25
7.11150993186204e-25
6.432326784646746e-25
7.051898205870148e-25
8.471818560166205e-25
7.999356497114385e-25
7.664504397657167e-25
6.498367844236538e-25
7.139311422213755e-25
6.372707316624056e-25
5.931133271951276e-25
7.013980492905007e-25
Acceptance rate: 0.19800000000000023
Sampling time (10 samples): 5319.0860 seconds
