/scratch/users/yanlan/TroubleShooting/Control/Output/AM_PM_ET_163_273_00
1.0839198179713042e-06
5.63233098986213e-07
2.897661988173311e-07
1.373289667685481e-07
6.551733615568102e-08
3.143119340355388e-08
1.5153920734674896e-08
8.231867908513712e-09
5.655461154524599e-09
3.6711975657636975e-09
2.179403527025695e-09
1.2330184679874187e-09
6.7763634061718e-10
3.655074425397983e-10
1.9468556736939672e-10
1.0280347955157071e-10
5.3958025207256323e-11
2.820135316830617e-11
1.469659749825775e-11
7.643863937315998e-12
3.970725421479109e-12
2.340878396848254e-12
1.3716985940441496e-12
1.075335273092186e-12
8.327493133050848e-13
5.582887468018506e-13
3.481045377415827e-13
2.07897988269626e-13
1.4441587433541177e-13
1.0116447676443998e-13
6.49323080619373e-14
3.963832742239781e-14
2.343276345813809e-14
1.3550831077594757e-14
9.054644703509309e-15
6.402037257215049e-15
4.154025010080209e-15
2.8177752648158395e-15
1.97814017665443e-15
1.2816448434865502e-15
7.920964209671767e-16
6.422163394353276e-16
4.558337458355433e-16
2.957812148025044e-16
1.8340095873144962e-16
1.1036879234873982e-16
9.212350498660672e-17
6.910467414019676e-17
4.656223957483663e-17
2.926998646572179e-17
2.2685326799344026e-17
1.767523509680439e-17
1.5264894157712745e-17
1.3795858296904022e-17
1.2733983139132154e-17
1.0635702663524236e-17
8.032218330497914e-18
5.475634561234072e-18
3.4239860295604323e-18
2.198054269809187e-18
1.4910365432824653e-18
1.0792477359422547e-18
7.943995533910081e-19
5.360544627514779e-19
3.4385890850647873e-19
2.4489679815302914e-19
2.0814653474441053e-19
1.888488405944381e-19
1.8828920562815885e-19
1.6610923668814723e-19
1.2275846867681458e-19
8.331311362500855e-20
5.3787649322429063e-20
3.542286047296418e-20
2.4754275202839634e-20
1.9154802504308034e-20
1.858023817535818e-20
1.472470447821212e-20
1.0397124830118952e-20
6.894039547973063e-21
4.3946412686841284e-21
2.7271453038339396e-21
1.6598960019458049e-21
1.3157251640427899e-21
9.489725651421343e-22
6.384145080809131e-22
4.1150969555243517e-22
3.0093894445772516e-22
2.680695314918689e-22
2.5936507540813727e-22
2.4135500073974264e-22
1.9533843243151235e-22
1.7137018123432573e-22
1.2767806345420547e-22
8.859274290450082e-23
6.983160726684085e-23
4.935156807037827e-23
6.04532264482087e-23
5.536262306167792e-23
4.210655383629577e-23
Acceptance rate: 0.034
2.5111103977622694e-23
2.2510314469230235e-23
1.857966750609248e-23
1.350671201508642e-23
1.073484610639635e-23
9.741858988027851e-24
9.249332327254177e-24
7.85471508143934e-24
7.816297448218078e-24
6.454622470025533e-24
6.376361841975661e-24
5.958368540381115e-24
6.199952871230847e-24
5.897423544451078e-24
4.69534594337396e-24
4.514021580722237e-24
3.882295769303664e-24
3.1450998692436267e-24
3.045754549042451e-24
2.9041813197347037e-24
2.3631918933567625e-24
2.115775007277167e-24
1.7808259140868022e-24
1.3529054914395395e-24
1.234192269271446e-24
1.2147388391091524e-24
1.3926731912826744e-24
1.743892576783179e-24
1.680934558767342e-24
1.6479737310628796e-24
1.754210417266848e-24
1.783601352662802e-24
1.4940728574100557e-24
1.4628840542717696e-24
1.5598676561510596e-24
1.4535534971133232e-24
1.3491008928011995e-24
1.6688800307585842e-24
1.4570180762547758e-24
1.839684508773891e-24
2.0459648359751355e-24
2.3367079813322695e-24
2.167087372265011e-24
2.3877360902016974e-24
2.2447115871579906e-24
1.9024362769252815e-24
1.4524897780420136e-24
1.0244035277484938e-24
7.622140376137368e-25
7.459067333255024e-25
5.917778014433742e-25
4.585773076682713e-25
4.026985491099336e-25
3.63987313716555e-25
3.510567469632088e-25
3.6897354722500915e-25
3.310624954818869e-25
3.3072015636820457e-25
3.2517656714537034e-25
3.4686163880893412e-25
3.1374284839499116e-25
2.4109717568010395e-25
1.7110006410571818e-25
1.1576814170154372e-25
9.042802346426183e-26
9.278460778905715e-26
7.399637677320326e-26
6.574436839283995e-26
7.477827710149626e-26
6.081023242703478e-26
5.86532196322053e-26
5.1642996439887685e-26
4.048643001564628e-26
3.883773043696448e-26
4.045869555343146e-26
3.9979919220811096e-26
4.851710815765583e-26
5.185439225246038e-26
5.865623267454664e-26
4.7998213449899544e-26
3.6960145143866167e-26
3.5183226434592546e-26
4.5115756612009276e-26
4.496143294497218e-26
4.919704663498092e-26
4.8249121656421996e-26
4.3153878994643896e-26
5.37466915556985e-26
5.202270972796182e-26
4.8422562886444143e-26
4.2369549022122104e-26
4.043418457994207e-26
4.4916776615923324e-26
4.676365069207495e-26
4.738740020006876e-26
4.4928452680118216e-26
4.3153152497363024e-26
5.654983803556156e-26
5.0016646405166e-26
4.8900695262500715e-26
Acceptance rate: 0.09124999999999985
2.867787675264607e-26
1.9306335500198354e-26
2.0880157874094615e-26
1.855934885941525e-26
1.4877975425184645e-26
1.0875791664058629e-26
8.283365440410016e-27
6.680082045459505e-27
5.4738276438963704e-27
5.096728045120368e-27
3.587043009184751e-27
2.4266264217214727e-27
1.853982290112606e-27
1.6100687978140487e-27
1.5609619368642564e-27
1.9546449650329743e-27
1.683597191285995e-27
1.606975759021037e-27
1.5495511461675042e-27
1.620617030191211e-27
1.3999481551279707e-27
1.6501005647912198e-27
1.3883126054083028e-27
1.2661778866940066e-27
1.0601289777864365e-27
8.153133060963585e-28
7.326484127809852e-28
7.440949770859988e-28
6.310894272417376e-28
6.349544905843413e-28
7.352561766854694e-28
7.357516822950977e-28
7.463035954874872e-28
6.105004768150869e-28
5.6987423408999875e-28
4.503799720916898e-28
4.157266425625767e-28
3.3925665053244023e-28
3.350073971804791e-28
3.157278131702152e-28
3.7261220391571586e-28
3.5374547364755414e-28
3.022571597462933e-28
2.2947329933089266e-28
2.858098930756106e-28
2.510567738725696e-28
1.9661563571520655e-28
1.9964703524964124e-28
1.8174505134615324e-28
1.7605858177902837e-28
1.7981343493970137e-28
1.340597123474452e-28
1.684505281997891e-28
1.9024407209364754e-28
1.9004212708603146e-28
1.8941991008426574e-28
1.71906071242291e-28
1.498144159035648e-28
1.315877285841847e-28
1.1043224389886279e-28
9.918549497128618e-29
8.078276881103602e-29
7.760409691178928e-29
7.398893701936221e-29
9.098564805154452e-29
9.613595918883619e-29
1.1090773927992847e-28
1.136982052467945e-28
1.199789965090498e-28
1.1240017936893285e-28
9.868500459758245e-29
8.932008296318798e-29
9.509065932395002e-29
9.326938819325238e-29
9.244497034789861e-29
9.696410432094555e-29
1.0601826933464075e-28
1.1739761542116507e-28
1.2781268853989173e-28
1.2443724863400669e-28
1.2704348550021262e-28
1.556600343540145e-28
1.7431141972557324e-28
1.603052827989286e-28
1.3394856923335277e-28
1.3007832029147822e-28
1.4585333310255318e-28
1.7136785995232715e-28
1.8850002387465185e-28
2.2854207938325027e-28
2.411082026030151e-28
2.2454915493047646e-28
1.9241101880674359e-28
1.7135840187916266e-28
1.5751007229387329e-28
1.6527132551706314e-28
1.3804522402051549e-28
1.280999869798851e-28
1.361256361781878e-28
1.2187080752473815e-28
Acceptance rate: 0.11716666666666664
7.718866907470321e-29
7.789662849009754e-29
7.935754448741277e-29
8.472187932449688e-29
8.513216951656538e-29
8.173071846178826e-29
6.442301310238879e-29
6.784307986605575e-29
5.782667584888324e-29
5.816623239758882e-29
5.0329185639030463e-29
4.5182493383195004e-29
4.2142031443366073e-29
4.1198144516255923e-29
4.200949594665667e-29
4.8037432974575474e-29
5.124718920848184e-29
5.912492302282884e-29
5.124095703213409e-29
4.641758712109779e-29
4.26995976408437e-29
3.795441028645238e-29
3.9004937047713016e-29
4.185399894055164e-29
4.9654267940521606e-29
4.400240690417914e-29
4.2663471289210566e-29
3.991074880450629e-29
3.6897941708904255e-29
3.208305010182314e-29
2.832130353924202e-29
2.747007890431457e-29
2.7995505364635414e-29
2.4650530638021725e-29
2.538391308781797e-29
2.147779199008976e-29
2.031212245478215e-29
1.9714819375742122e-29
1.9931269724559198e-29
2.2279487951425583e-29
1.9300733879536456e-29
1.7642389205815547e-29
1.5420168670354112e-29
1.637334833318934e-29
1.7036406825132721e-29
1.6886447445692795e-29
1.586601885637403e-29
1.42886251915136e-29
1.3657427664711112e-29
1.504888261741004e-29
1.514700209560236e-29
1.6740570429332885e-29
1.9715445658160312e-29
2.164012984735526e-29
2.0222319385439994e-29
1.8345808351270775e-29
1.8855290353657239e-29
2.1349850069530845e-29
2.518390019595253e-29
2.121200808668911e-29
2.8599397491343335e-29
2.937185407472527e-29
2.716754342662442e-29
2.5226512452992277e-29
2.2468998850591773e-29
2.1851267384244602e-29
2.2282108676226577e-29
2.172527681698218e-29
2.5189483814970302e-29
2.7149394112599394e-29
2.842115616874443e-29
2.602500496139786e-29
2.5520782509354655e-29
2.357874586620097e-29
2.1985869149009627e-29
1.9501748473630672e-29
2.108483407629254e-29
2.1600388366952253e-29
2.3085845711985092e-29
1.8759203184504103e-29
2.4840041549699915e-29
2.2489181465685274e-29
1.8762613727109648e-29
1.6888207266807642e-29
1.8320683490291276e-29
1.9317126524805218e-29
2.0016063467445317e-29
1.898362919091206e-29
2.4841834185190707e-29
2.5119080260139643e-29
2.5032526688074603e-29
2.5250790468027507e-29
2.671533011107416e-29
2.5811119665922274e-29
2.536486323135228e-29
2.5764467773821975e-29
2.6704810613605013e-29
2.4765382706837864e-29
2.910505918949941e-29
2.655707469167368e-29
Acceptance rate: 0.14387499999999992
1.664228192107972e-29
1.3818364544766214e-29
1.3341756355243028e-29
1.639835198027097e-29
1.9653987753678313e-29
2.0453853143711268e-29
2.0363322016991587e-29
1.7969507612075766e-29
1.594086382879484e-29
2.0417867058319753e-29
1.8762887501851155e-29
2.0550526894431235e-29
1.9819634638992196e-29
2.053386450619331e-29
2.1522427926671468e-29
2.2681748883071965e-29
2.243323927559228e-29
2.0787675968674925e-29
1.9702244155900456e-29
1.7606680999376768e-29
2.3431171308040618e-29
2.4584195256730003e-29
2.8788733113126226e-29
2.728648647101985e-29
2.8580476147366316e-29
2.811940700591254e-29
3.1795272199886435e-29
4.390478746290339e-29
4.59261208978724e-29
4.7557464271943324e-29
5.678884181128691e-29
6.173123789621614e-29
6.166184241932012e-29
6.979418098660442e-29
6.949386451101832e-29
6.762618249725828e-29
7.571425078774914e-29
8.006747579218594e-29
7.937979705506217e-29
7.467174084564961e-29
7.102123208310275e-29
7.464530141104192e-29
6.662488312139858e-29
6.497467557812898e-29
6.2828902569416e-29
6.886441158544258e-29
6.772306051393903e-29
6.345248772201671e-29
6.606597569954639e-29
7.0595302935649e-29
7.033576089851358e-29
6.557078793705752e-29
6.694258924904797e-29
6.653345023844533e-29
6.91753249851421e-29
7.268322101290189e-29
7.433874519979295e-29
6.946063723911017e-29
6.148807273025452e-29
5.570307566815734e-29
5.362302377124517e-29
5.955478806976285e-29
5.636133044802718e-29
6.01279299641611e-29
6.111842259808977e-29
5.860731391693864e-29
6.185071391508417e-29
6.558567431676934e-29
7.5360831118519e-29
7.13343523598702e-29
6.690834512727401e-29
6.442631284012355e-29
7.692843999151511e-29
7.003373702721118e-29
5.589969526418398e-29
4.161528650000685e-29
2.9672129383028304e-29
2.726001316138464e-29
3.690031169962537e-29
4.0048145126702916e-29
3.7388351784417705e-29
3.5555669156508e-29
3.0174730183751894e-29
2.6888544150619977e-29
2.6096280435318335e-29
2.6090932850956973e-29
2.8363927258555486e-29
2.9415484818702333e-29
3.377135465673752e-29
3.1012403008812404e-29
3.1171983548416715e-29
3.221694378926375e-29
2.832832909835667e-29
2.765221092387631e-29
2.606558072142218e-29
2.591639739329432e-29
2.4662303072826537e-29
2.3640341832813117e-29
2.1907368213410543e-29
2.1767444791950571e-29
Acceptance rate: 0.1652999999999998
1.3920588782751508e-29
1.661817946523487e-29
1.4804639619556518e-29
1.5013738753564176e-29
1.4635803941530402e-29
1.4234753847996528e-29
1.6684191056860235e-29
1.5350542631326426e-29
1.5036536062420801e-29
1.4529334915911117e-29
1.310449189706643e-29
1.3391888807725915e-29
1.2548542527871262e-29
1.2714658899426506e-29
1.211947096089885e-29
1.3782888040557124e-29
1.2617231430047447e-29
1.2347952338088491e-29
1.451076247487821e-29
1.7945254803009174e-29
1.818235381080577e-29
1.82003759639703e-29
1.7589819488100086e-29
1.6757556518370137e-29
1.6016050412129083e-29
1.5897530394641256e-29
2.084572242209662e-29
2.1967596290151093e-29
2.3462236085910915e-29
2.1624940250101068e-29
2.322327577571102e-29
2.373946739996555e-29
2.9392024658113183e-29
2.7777983290180565e-29
2.613301381277045e-29
2.531269900015776e-29
2.5015209093493335e-29
2.2778176537788782e-29
2.559781418733962e-29
2.3223142635475923e-29
2.4572916818635227e-29
2.4475148893301384e-29
2.6369422287863333e-29
3.469606895400023e-29
3.743235031178916e-29
3.7454059493928094e-29
4.081666847499266e-29
3.937482731068182e-29
4.6083390307328524e-29
4.0731496298784947e-29
4.3798804885340393e-29
4.288768728039767e-29
4.6443720724830305e-29
4.707573162920284e-29
4.781023761364176e-29
4.3473604111248774e-29
3.9698598712645943e-29
4.209381042023692e-29
3.8228986642757987e-29
4.1003139518414706e-29
3.717067365608033e-29
4.1182083477626905e-29
4.3334575731449664e-29
4.130071343564906e-29
4.217419952662382e-29
4.066693685189652e-29
4.3873572149114716e-29
3.979057494175514e-29
4.0248425546409845e-29
4.1690132237087626e-29
4.634124893463675e-29
4.3946951385667025e-29
4.093376781405693e-29
6.015306807114326e-29
5.644706537798296e-29
6.087010459074374e-29
5.946047731822196e-29
5.983300026752156e-29
6.486162777339031e-29
7.418534671205701e-29
7.308115619133143e-29
8.443612667603099e-29
1.0247122529095132e-28
1.0399014355153254e-28
1.0429278488860145e-28
1.0635417159325496e-28
1.1121590917388983e-28
1.0084530095420209e-28
9.290973992300956e-29
8.874647064790043e-29
9.456767095725142e-29
8.655823903975078e-29
9.403867746210132e-29
8.781516694557692e-29
8.038874006616267e-29
7.46992078709434e-29
7.636703476079505e-29
7.077606661312705e-29
7.630365385348726e-29
8.247494747099526e-29
Acceptance rate: 0.19016666666666548
5.30020526509196e-29
4.6460315487394647e-29
4.6907702667546995e-29
4.417137657607682e-29
4.0420767543982946e-29
4.1221547236613784e-29
4.533891667926634e-29
4.5263204062820217e-29
3.912112598586405e-29
3.699254513896557e-29
3.946185057218211e-29
4.5130227557404026e-29
4.1390660299479823e-29
4.9245182477287457e-29
5.007814480667801e-29
5.0179288877406865e-29
4.899804271183552e-29
4.6433258350819044e-29
4.382832994600634e-29
4.2340841380082874e-29
4.8839179401496173e-29
5.101889680389886e-29
5.804435802341956e-29
6.868024058304836e-29
6.84605557750738e-29
6.902834258235878e-29
6.36536152027386e-29
5.727770482487922e-29
6.386486448930801e-29
5.744677754650756e-29
5.386901733555263e-29
5.825077534621258e-29
5.539946518569464e-29
5.594759401361679e-29
5.567567408108212e-29
5.403682795062776e-29
4.9814288697249945e-29
4.444894108099657e-29
3.790819822296758e-29
3.593251808453205e-29
3.43945128539306e-29
3.917894089672936e-29
4.8705393782633364e-29
4.9046817079479967e-29
5.0126162825503555e-29
6.357864689453587e-29
6.60136144326729e-29
6.775040941241557e-29
6.036264554816608e-29
5.739089793979858e-29
6.558632592102922e-29
6.752199954642649e-29
6.560887990726176e-29
6.436603714968892e-29
5.619947424461331e-29
5.246046050376019e-29
4.752355198984715e-29
5.498741016623616e-29
5.920083358397191e-29
6.271995626608122e-29
6.512087619957279e-29
6.546857129121297e-29
7.137353382750059e-29
7.615648266536345e-29
8.072830086573071e-29
8.273242883619052e-29
9.608064181813365e-29
8.307241846600514e-29
8.930051309099968e-29
8.190720558276738e-29
8.343785700989785e-29
8.33343689699588e-29
9.311755685612998e-29
1.142211882337862e-28
1.3999409690932869e-28
1.4328858301516401e-28
1.3547641601545895e-28
1.484849064886949e-28
1.767471866205973e-28
1.6762049609045063e-28
1.4619713719665618e-28
1.4643923766301076e-28
1.4185511223118863e-28
1.542288163571747e-28
1.3876886905293735e-28
1.6627342781510433e-28
1.6700422906393124e-28
1.9483382559132711e-28
1.801893511505148e-28
1.7558451367298156e-28
2.0653703434924806e-28
2.318694211764178e-28
2.263016143153544e-28
2.3663617398145797e-28
2.1451134842813822e-28
1.9229429288033277e-28
1.7611409279761182e-28
1.7199867916945093e-28
1.5954526620599105e-28
1.533646997200748e-28
Acceptance rate: 0.20528571428571324
1.0030264123192332e-28
1.0747533681358075e-28
1.0115796328348174e-28
9.496096532023865e-29
8.987746252138156e-29
8.408413655217212e-29
7.261894466567463e-29
7.280057138279878e-29
6.234272642237638e-29
5.571654820554349e-29
5.099704942940228e-29
4.528364913443495e-29
5.082237029631355e-29
6.232026389358989e-29
7.079359016849468e-29
7.429236361399727e-29
6.88568164513823e-29
8.344967864053065e-29
8.719731560133026e-29
9.687832201971524e-29
9.905148482706102e-29
9.942295624164959e-29
9.410285829163911e-29
9.358565858854699e-29
1.0229572076648026e-28
1.1916306690043237e-28
1.1074294605332286e-28
1.1112897681054337e-28
9.922899310925349e-29
1.062305647287105e-28
1.0754801699893271e-28
1.0790306745682316e-28
1.070815920487359e-28
9.996365851563699e-29
9.974461356087535e-29
8.611889960008105e-29
7.752620252872286e-29
7.316749105369032e-29
6.85180799893917e-29
7.448981190307956e-29
7.469322103938163e-29
7.783852595152868e-29
7.49504992145129e-29
6.715356841763306e-29
6.438429681274903e-29
6.081932176137974e-29
5.496368171351276e-29
5.179172391707418e-29
5.402505494528383e-29
5.735612292057978e-29
6.836738741665612e-29
6.985327605662364e-29
5.855424551660515e-29
5.485361596332426e-29
4.659154806391749e-29
4.8039067420269604e-29
5.233358109467382e-29
5.628858089430309e-29
5.460839172716539e-29
4.929124107339853e-29
5.053611853989192e-29
5.137410938360199e-29
5.000868016333151e-29
4.7169275652588823e-29
5.52221358521849e-29
5.278084634250783e-29
5.188284816258344e-29
4.7675220685436607e-29
4.36347248850951e-29
4.091748484468472e-29
4.487548725111472e-29
4.3223922968587014e-29
4.8876733845215057e-29
6.244895856413503e-29
5.962538094360538e-29
5.574530376118594e-29
5.563894147025946e-29
7.15098601412191e-29
7.942353077905041e-29
8.108955417160052e-29
8.002417058244799e-29
7.260261642408013e-29
7.149940606967807e-29
6.655538668947494e-29
6.488720665984017e-29
6.426932636280357e-29
6.354162649702793e-29
6.236009029488517e-29
6.094235011655556e-29
5.823931942996902e-29
6.079449461906952e-29
5.952613114171645e-29
5.822306417916643e-29
5.404016187470414e-29
7.078903321084674e-29
7.320947325633244e-29
7.537651133162293e-29
7.507841353851945e-29
9.38296833352947e-29
1.013701609636554e-28
Acceptance rate: 0.21774999999999886
6.523207318650454e-29
6.535269719430333e-29
5.767082694009022e-29
6.125572660783354e-29
6.481824022268546e-29
6.239902412769136e-29
6.465971257904051e-29
5.720862349282648e-29
5.518932370152581e-29
6.091570840505605e-29
5.53535759361629e-29
6.160941249299062e-29
6.418468314044972e-29
6.056445758744247e-29
6.131608904633873e-29
7.268442550402383e-29
6.899341121466681e-29
5.9371795491273e-29
5.17462164014137e-29
5.372312281560457e-29
5.255721544039388e-29
5.369420914517594e-29
4.7970265282445277e-29
4.477496296755845e-29
6.127555224008886e-29
6.383080559505764e-29
5.994278704068766e-29
5.902679347719185e-29
5.69664453983848e-29
5.180967727320761e-29
4.4538571867942375e-29
4.336269176442938e-29
4.169351128333219e-29
3.852012438362194e-29
4.330740407159477e-29
3.8346587027555657e-29
4.288675159777162e-29
4.398210506880242e-29
4.292100233274181e-29
4.273895163863888e-29
3.9920667622809786e-29
4.16202755071943e-29
4.184953788273309e-29
5.812860025750825e-29
6.003318022291396e-29
5.888432812310512e-29
7.264929370238e-29
6.598093491606122e-29
6.841667190762075e-29
6.876368242655916e-29
5.982649344663689e-29
5.907993291891591e-29
6.216887142963989e-29
6.80172036233579e-29
6.765862553289195e-29
6.259431571182383e-29
6.217101327755707e-29
6.03706529411846e-29
5.713425991522775e-29
5.296785169685195e-29
5.393436207447464e-29
5.33182642622057e-29
5.204637905388361e-29
5.391938137592194e-29
5.358304285933857e-29
5.079574888213679e-29
5.175713353543623e-29
5.100752310439355e-29
6.226597554209407e-29
6.189574392857074e-29
6.08673790337476e-29
5.567019022094054e-29
5.068450051276095e-29
4.828385884684768e-29
4.478846753839353e-29
4.3332994619817833e-29
4.1879367560540576e-29
3.720805812822139e-29
3.5552273308740797e-29
3.558874943859089e-29
3.7630260836395684e-29
4.42095913278984e-29
4.327798901712001e-29
4.8500950120678346e-29
4.388049794769485e-29
4.287828514720823e-29
4.247248541065813e-29
3.9342743598862996e-29
3.767962490003956e-29
3.5015351864408207e-29
3.206557852763291e-29
3.2550601374374486e-29
3.195224253487989e-29
3.329534161422208e-29
3.134858957753168e-29
2.629025202921537e-29
2.4603425567278673e-29
2.2192390769775072e-29
2.4061254256567884e-29
2.2549831261171188e-29
Acceptance rate: 0.23027777777777717
1.4655891207413473e-29
1.530125308415858e-29
1.5437849055744142e-29
1.5005195899509514e-29
1.7317245699497687e-29
1.6051102067134972e-29
1.8764426497219124e-29
1.9188749355717777e-29
1.9187960114334606e-29
1.8180387607492808e-29
1.9512250604993414e-29
1.8138585187797597e-29
1.7106433026369604e-29
1.9075356171829177e-29
1.9057801071378238e-29
2.2951211437287476e-29
2.7922661277490776e-29
2.646356415537545e-29
2.66282169629965e-29
3.0504623017828824e-29
3.2661127985467085e-29
3.327547760350644e-29
3.5391991499831306e-29
4.0435088962327574e-29
4.124426838806696e-29
3.871151374481562e-29
3.482228687733698e-29
3.4971477258780215e-29
3.406861127592613e-29
3.3765227282542523e-29
3.5159963748741387e-29
3.210730913175214e-29
3.2014970850852214e-29
3.3789942574149816e-29
3.30600556133221e-29
3.4577195868254015e-29
3.4982383679061504e-29
3.531691662728501e-29
3.597321151963098e-29
3.3900530975100965e-29
3.409957005813114e-29
3.810384753015846e-29
4.1859159202449774e-29
4.1711547189327584e-29
3.9468607721965346e-29
4.316761613529491e-29
4.498712552119648e-29
4.971120869467371e-29
4.8195089766713037e-29
5.087924427208849e-29
4.910962430275843e-29
4.628022091639107e-29
4.487622952604342e-29
4.2681450387997377e-29
4.4726124561587886e-29
4.289424705296033e-29
4.296407606894499e-29
4.33000310062321e-29
4.069258995892532e-29
4.4174731084169755e-29
5.815655303523275e-29
5.164043293677631e-29
4.865961685166675e-29
4.938482357977905e-29
5.632050225261984e-29
5.574506933959612e-29
5.510276755375328e-29
6.364911023840191e-29
6.250744296121792e-29
5.967775458790746e-29
6.084548871627341e-29
5.597928707002961e-29
5.401432635978883e-29
5.706069342706914e-29
6.4085224046081e-29
5.986472588589236e-29
7.792712413203125e-29
8.567821025727784e-29
7.912017932899919e-29
7.970597198550027e-29
7.782283900830045e-29
7.037211150674146e-29
6.41315743745853e-29
8.316719037721699e-29
8.276948054700872e-29
7.474926313408071e-29
6.922984468148341e-29
6.501587965000321e-29
6.824291341185394e-29
6.916000133264618e-29
6.544395903523012e-29
7.451548117784123e-29
8.025372769278083e-29
7.98863175970532e-29
8.459642730799755e-29
7.511168435601407e-29
6.894884344423245e-29
7.30817114888245e-29
7.003398285846121e-29
6.598725020247058e-29
Acceptance rate: 0.23924999999999946
Sampling time (10 samples): 5297.4379 seconds
