/scratch/users/yanlan/TroubleShooting/Control/Output/AM_PM_ET_237_279_00
1.0684782842294185e-06
5.819367228669352e-07
3.04210342127757e-07
1.612977539401921e-07
8.349512312630095e-08
4.2488141340291435e-08
2.1420096216022674e-08
1.0744145848125137e-08
5.3754241187771195e-09
2.686737241271003e-09
1.3429186756982913e-09
7.634238741855835e-10
4.5940623843816975e-10
2.6328624130135107e-10
1.7241251879688264e-10
1.0928021444577181e-10
6.500163479906842e-11
3.7229407865027625e-11
2.080738032480933e-11
1.1436429404220387e-11
6.211980835909128e-12
3.345440881526137e-12
1.7903852688961673e-12
9.53716472050264e-13
5.062864000946359e-13
2.6808563120650923e-13
1.416953483587516e-13
7.479627271327514e-14
3.94488382793197e-14
2.0795437744136737e-14
1.0959783522636729e-14
5.776085349620627e-15
3.0446863795895194e-15
1.6054400002140981e-15
8.469187559427845e-16
4.470228717205873e-16
2.3609918878944317e-16
1.247860582182827e-16
6.600384512682916e-17
3.4940118776610735e-17
1.8511779403187838e-17
9.816443609256988e-18
5.210187504538229e-18
2.767925640450515e-18
1.471852207495344e-18
7.834078614183097e-19
4.1737787604915935e-19
2.2258267811613486e-19
1.188161275218752e-19
6.34866337653136e-20
3.395565593899421e-20
1.8178760525510682e-20
9.741763608780532e-21
5.225531414131056e-21
2.805697707661107e-21
1.5078789070345945e-21
8.11156348241327e-22
4.367694816748911e-22
2.354000164520257e-22
1.2698835131218273e-22
6.85679282250657e-23
3.705734905784105e-23
2.0045651610221084e-23
1.0853124049315869e-23
5.881313112394302e-24
3.189884210533783e-24
2.0661878124340626e-24
1.2917324880206559e-24
7.880242177784513e-25
4.722497408593022e-25
2.7923406187776957e-25
1.6339553815990235e-25
9.482633950495884e-26
5.466807958372608e-26
3.134637442178175e-26
2.3552504074117723e-26
1.9720609808251035e-26
1.5542052024815326e-26
1.1090294867651744e-26
7.493644171465222e-27
4.8361993835806315e-27
3.5563692475264304e-27
2.4437072918922533e-27
1.7137779866185125e-27
1.3706963724714073e-27
9.750125394404525e-28
6.507826220298131e-28
4.174123183250545e-28
2.605611252956934e-28
1.7119832093772906e-28
1.432307133781727e-28
1.0436085359409951e-28
7.077346309092304e-29
4.5937534953570136e-29
3.491943729696521e-29
2.524775170395502e-29
1.6571471106163702e-29
1.0510717498798753e-29
6.520439396349311e-30
3.9790982991513194e-30
Acceptance rate: 0.008499999999999997
2.2318204324092397e-30
1.3383025521803675e-30
9.954896261550557e-31
6.852392391367631e-31
4.501972204408354e-31
2.8674925083821486e-31
1.78668281708273e-31
1.0952028244903864e-31
8.64677197882337e-32
7.702170996592153e-32
6.952353191011959e-32
5.277627525221227e-32
3.682943498660789e-32
2.4454967159393073e-32
1.571588556308827e-32
1.3796466290479669e-32
1.0770641627540454e-32
8.661124723922635e-33
6.24169500293022e-33
4.233154689294114e-33
2.7626074133792312e-33
2.3266750519973642e-33
1.9006578813143883e-33
1.5116699539250106e-33
1.2099584980829657e-33
1.1255247906497994e-33
1.1287213334943054e-33
1.1437745910112976e-33
1.07863381748068e-33
8.193879774282546e-34
5.530259690154547e-34
3.3189872090736726e-34
3.319569257999406e-34
3.0526974741449638e-34
2.341593325642308e-34
2.0524074364530796e-34
1.5239253750663783e-34
1.1527221777602796e-34
9.93040632696344e-35
7.88722733335039e-35
7.652496915052596e-35
6.878922263674839e-35
5.871478444986018e-35
4.719036389612316e-35
3.725436162202956e-35
3.310328401328409e-35
3.759052706643674e-35
3.3857730029970754e-35
3.115488777284998e-35
2.486510645878908e-35
2.388303383927422e-35
2.3688451910131792e-35
2.1011119680342925e-35
2.11335669808711e-35
1.7904012343541352e-35
1.5108208476244266e-35
1.3677384817507852e-35
1.5153469313443645e-35
1.4459781305251088e-35
1.4862150717749879e-35
1.990502266268036e-35
1.621115946405425e-35
1.3453979470135503e-35
1.1637210679082728e-35
1.1830831019858318e-35
1.1054399369445102e-35
1.158238120953539e-35
1.5956479998985894e-35
1.9451119900740053e-35
2.4767714433162663e-35
2.4382672257162985e-35
2.2191143816950666e-35
2.162964281345114e-35
2.0371641667243647e-35
2.0722010127300108e-35
2.2132815440715025e-35
2.370034726474891e-35
2.2417873682412364e-35
2.1066785882519503e-35
2.1485508360878098e-35
2.2075938135544116e-35
2.7428979594754e-35
2.9904942984495434e-35
3.2111491020782666e-35
3.6974816370159877e-35
3.895508372685055e-35
3.900225326237444e-35
3.8342983261285507e-35
3.6152428212847685e-35
3.584288920313156e-35
4.736571975925335e-35
5.068915079992842e-35
6.122266797449086e-35
7.54772512322265e-35
7.76982735504124e-35
8.78871537114476e-35
1.0163273121661144e-34
9.790866913882698e-35
8.937166914813037e-35
9.222300762157623e-35
Acceptance rate: 0.07600000000000003
6.015301978158309e-35
7.155826974089262e-35
7.111383388465513e-35
7.675524498589927e-35
8.479162400768876e-35
1.5205689015657616e-34
1.6877273560317742e-34
1.9376177769556e-34
2.549400757344796e-34
2.6211281123511674e-34
3.1879820579107466e-34
3.411157940653536e-34
4.370501258509199e-34
5.299149538715961e-34
5.423385945504103e-34
5.595038842150005e-34
5.869163751963716e-34
6.5405589866698375e-34
8.253238926583542e-34
9.054568751146542e-34
1.0722944485746578e-33
1.0486982221467763e-33
1.1071661298828193e-33
1.5395504388965685e-33
1.6393164283227145e-33
2.3691523734088398e-33
2.6889931658721405e-33
2.7848488478904423e-33
2.293057273308388e-33
1.7054296457326526e-33
1.1973715969963089e-33
8.101015341412632e-34
5.341521187251209e-34
3.4560780552073694e-34
2.2041500767380164e-34
1.739048007361425e-34
1.7352587304986025e-34
1.9928664090831333e-34
1.5183204896544983e-34
1.0825774393902935e-34
7.405668957195141e-35
4.924769662024129e-35
3.208548652985504e-35
2.0582855434641806e-35
1.4494876237299678e-35
1.2172381576103433e-35
9.164049196386159e-36
6.492466540700927e-36
4.425298726947836e-36
2.936818331003087e-36
1.9113480095690034e-36
1.2256324232439407e-36
7.768386346332694e-37
4.878070877815373e-37
3.117924460105868e-37
2.502568784729874e-37
1.8312963849029648e-37
1.4030900884527182e-37
1.1267279147205874e-37
8.295251157208832e-38
5.802734248119943e-38
3.924859821202858e-38
3.0396068460826e-38
2.3432202781893434e-38
1.8346378169461442e-38
1.3377105411493988e-38
9.934505834000626e-39
8.22601099185672e-39
6.841583654008651e-39
5.1377943461982924e-39
3.641627552498136e-39
2.487019047067715e-39
1.655156996637339e-39
1.0808368712110726e-39
6.956512524255071e-40
4.426671870252188e-40
2.791148965542633e-40
1.934677446823934e-40
1.8150280787037274e-40
1.8081942726627038e-40
1.477224193647432e-40
1.1001377685262826e-40
9.59084766835968e-41
8.825599653362908e-41
6.942542992967949e-41
7.728480150880191e-41
6.671768079410429e-41
5.148966156848722e-41
3.7655659951735427e-41
3.294729961071469e-41
3.3353494295826177e-41
4.0624711181275e-41
4.293487121500784e-41
4.4452629606389855e-41
3.9067866755487267e-41
3.1297105332623323e-41
2.3273273661363897e-41
1.8899001267495873e-41
1.4071003116795136e-41
1.1909204739483667e-41
Acceptance rate: 0.0799999999999996
7.360302903635962e-42
6.071943459157633e-42
5.2823807252304164e-42
4.3830787515767526e-42
3.349111336580452e-42
2.9176674739994486e-42
2.5856306320554743e-42
2.2937880091542528e-42
1.7568914658291263e-42
1.2650118034298694e-42
8.752762378971289e-43
6.022950807578617e-43
4.683898324328606e-43
3.8480736908803755e-43
3.4291198664624595e-43
3.1729316129985753e-43
3.2135774990862346e-43
3.216701086238798e-43
2.616565330286745e-43
2.535732197243925e-43
2.5503816436419485e-43
2.183828464304672e-43
2.149859482918781e-43
1.817597791973384e-43
1.4489989696537516e-43
1.2704614572663487e-43
1.182654153462032e-43
1.0363885353237763e-43
1.0777732588538733e-43
8.603621595192343e-44
6.050337562266025e-44
5.446152892940449e-44
5.037767016131844e-44
4.732078949467407e-44
4.2239475358389697e-44
3.745036949699463e-44
3.2359807647902933e-44
2.600706406083259e-44
2.309352516269363e-44
2.535607944925684e-44
3.0058913564227646e-44
3.702609591464483e-44
4.076849478175695e-44
3.731784293694098e-44
3.886616141643324e-44
3.3763306329210467e-44
3.2900223597645343e-44
2.435393380564136e-44
2.1953176644491038e-44
2.418375037431968e-44
2.56066287332892e-44
2.431054118134286e-44
2.2244664262689267e-44
2.2110689832726473e-44
2.428891536527571e-44
2.535045401599345e-44
3.0541817640865775e-44
3.337877247533026e-44
3.725819742619251e-44
4.010760285084672e-44
5.19207989229406e-44
5.563041451793482e-44
5.001642402329825e-44
4.893721633663887e-44
5.374320782300134e-44
5.704123851643441e-44
5.2836045837554e-44
6.080722537825628e-44
7.319876557080157e-44
8.0295413906292415e-44
7.89339065014207e-44
7.634745294619191e-44
6.722216365306337e-44
5.193315029548401e-44
5.018473303640495e-44
5.570677857187864e-44
7.74637926427469e-44
8.315394798397197e-44
8.736175797083511e-44
9.430136440302753e-44
9.615478893551315e-44
1.0905518127725334e-43
1.3291716629807602e-43
1.2142538079207498e-43
1.0439888175857306e-43
9.268711471322273e-44
1.1076098231058553e-43
1.1120475784766995e-43
1.2160437957478145e-43
1.1100839500722431e-43
1.058761458719943e-43
1.039707277155966e-43
1.2074243596618306e-43
1.090132937258679e-43
1.2253168055830074e-43
1.2961951865923464e-43
1.238798841084604e-43
1.0203108950489223e-43
9.384676747887108e-44
1.145863493363508e-43
Acceptance rate: 0.08474999999999976
7.571902221663454e-44
9.481686105245127e-44
1.1578986678663378e-43
1.2908609193551244e-43
1.13984032994855e-43
1.2304046121612025e-43
1.2839649134077475e-43
1.2627507315478747e-43
1.5677744621753688e-43
1.6411946360523818e-43
1.320445409306885e-43
1.4505392618580049e-43
1.4094408638397644e-43
1.5488592346555768e-43
1.506629792343838e-43
1.4179265122377183e-43
1.3466345135254469e-43
1.3562830934113871e-43
1.2415080490155458e-43
1.0667803628426546e-43
1.0499275143860028e-43
1.2812300562626166e-43
1.1999594145565491e-43
1.3172606566974979e-43
1.4229542065563146e-43
1.4389831302139566e-43
1.4917095886456538e-43
1.5280056902233234e-43
1.329329161163548e-43
1.4812305491595964e-43
1.2703279608166485e-43
1.315700118357095e-43
1.4197540015957477e-43
1.5533464790834377e-43
1.6561105001534648e-43
1.917713299292819e-43
2.390298113731877e-43
2.4678258624220815e-43
3.726407219080925e-43
4.569988385744069e-43
5.099100467669968e-43
4.895253608628308e-43
4.992207114096636e-43
4.569361576100298e-43
4.991412016892356e-43
4.850127562024114e-43
4.902394861574732e-43
5.23739719965721e-43
5.281845514804734e-43
6.4357746393795416e-43
7.474023996611724e-43
7.793057035828334e-43
7.333794415128075e-43
7.344884691702696e-43
8.160214012025174e-43
8.216813947171482e-43
7.688948687051772e-43
8.61138613130689e-43
1.1368968568394617e-42
1.2463239291350664e-42
1.3410914459546314e-42
1.3137233201452392e-42
1.4969243775090977e-42
1.844518805398236e-42
2.0181529860241647e-42
2.7618704597276032e-42
2.507647838349843e-42
2.813095953653241e-42
3.520922271064004e-42
3.4657375378116044e-42
3.993170639293354e-42
4.4580232623679126e-42
5.048082649350538e-42
4.7599278469250535e-42
4.852409012109077e-42
6.661379583355303e-42
7.48522239208141e-42
8.536993150920205e-42
1.1044627183471153e-41
1.0840498499165924e-41
1.1823013950680936e-41
1.2381243152748135e-41
1.389583317965504e-41
1.546958259620943e-41
1.8382781821220532e-41
1.8425028570206475e-41
1.9102437031259705e-41
2.432041359372879e-41
2.3219335422198783e-41
2.823476565610156e-41
3.410472522381511e-41
4.131440829720735e-41
4.723836660340906e-41
5.026162571447105e-41
6.253181423101449e-41
6.426590610812287e-41
6.573796185781204e-41
6.79009598255304e-41
7.467446282756385e-41
8.229237866724033e-41
Acceptance rate: 0.11199999999999996
5.291275310466294e-41
5.728934007825839e-41
7.532987910504338e-41
7.824223523788992e-41
9.66134939460949e-41
1.2118848086282874e-40
1.444470615362763e-40
1.9018429179350853e-40
2.4756364607724206e-40
2.5359030891739747e-40
3.040178011361734e-40
3.7317970429887595e-40
4.194705572162964e-40
5.116152771991603e-40
6.287490069373155e-40
7.565957704180383e-40
7.835583204396225e-40
8.60083553956761e-40
8.577680326880106e-40
9.450770269718874e-40
1.153224654670669e-39
1.2059523268687877e-39
1.4005705137685563e-39
1.488545672875245e-39
1.4249819669326095e-39
1.4102822182719051e-39
1.5023248279400948e-39
1.6345775311592033e-39
1.8438865387431755e-39
2.1557671751977387e-39
2.2049049509050518e-39
2.1574603110700855e-39
2.282852972684204e-39
3.0216248857221964e-39
3.258611588656516e-39
3.9436304474619693e-39
4.273131255306894e-39
5.3039205859961154e-39
5.653448090641073e-39
6.375644796759807e-39
7.714896732822217e-39
8.837349665472972e-39
9.750339985879365e-39
1.058532744728966e-38
9.684900465385437e-39
9.062988243370446e-39
9.67822786245878e-39
1.0259704671987473e-38
1.1525703590353506e-38
1.226640557389595e-38
1.4940838653808912e-38
1.6333983208902994e-38
1.6067886110907306e-38
1.7809828969671825e-38
1.9094226231674396e-38
1.862255529258181e-38
1.858071221195367e-38
1.9082232188514644e-38
2.326752865571511e-38
2.7576754927553443e-38
2.854755357154954e-38
2.9913942926356394e-38
3.342942849203455e-38
4.0599764787028867e-38
4.546817081646073e-38
4.811429784510196e-38
5.014089967930957e-38
4.888397855698832e-38
5.438571995490076e-38
5.916669329068891e-38
6.634853436029464e-38
7.653295386149227e-38
7.510270401897682e-38
7.798722046377853e-38
8.141109903962078e-38
9.398698983437066e-38
8.917467258830973e-38
9.963495212029471e-38
1.1163354791494908e-37
1.337630703620327e-37
1.442698500825885e-37
1.799973930861765e-37
1.910280240296531e-37
2.7117158695715846e-37
3.2114141697311944e-37
4.063914531944998e-37
5.62454084953491e-37
5.87686635810257e-37
6.160201878938244e-37
6.553356355553281e-37
7.403165052266809e-37
7.451088696485548e-37
7.722662818419534e-37
8.219829240802785e-37
8.373696760241645e-37
9.196411913850338e-37
9.237479779111168e-37
1.0157217254355733e-36
1.0249574927238294e-36
1.2487469457917353e-36
Acceptance rate: 0.14225000000000027
8.055149282709577e-37
8.123572119644492e-37
8.728975610357891e-37
9.65376217986162e-37
9.455777387612592e-37
9.535356600631195e-37
9.61207301027683e-37
9.229764274277485e-37
8.491288888278986e-37
8.658889620216906e-37
1.0030220690980486e-36
1.2312259424950995e-36
1.2160567771969357e-36
1.3118955644570709e-36
1.5910445240152442e-36
1.9299069207663407e-36
2.2604498023369445e-36
2.7346797393935317e-36
2.797710589647053e-36
3.7215358280647876e-36
4.3837604925704815e-36
4.28849276386093e-36
4.18419865696922e-36
4.077314151334003e-36
3.853530925084741e-36
3.725926694184107e-36
3.768898484360548e-36
3.7755920437573556e-36
3.590798121948563e-36
4.070173649230121e-36
4.61028550854049e-36
4.622900837431445e-36
4.6573736003323315e-36
4.5947522529759915e-36
5.177933195773215e-36
5.542630530613445e-36
5.316200155381198e-36
5.204119794953845e-36
4.841753737492961e-36
6.106827441671409e-36
7.75631470407445e-36
9.16060171100865e-36
9.572653590116448e-36
9.203597534185411e-36
9.302961073965021e-36
1.0115307310101103e-35
1.0261201784748253e-35
1.0963275827026687e-35
1.0623351461777503e-35
1.1637606861155814e-35
1.5116389394091732e-35
1.436543356704274e-35
1.3947027391200865e-35
1.4721992587719612e-35
1.4889756736034625e-35
1.5452393663038838e-35
1.9435464445828337e-35
2.12811544286412e-35
2.0602295216377034e-35
2.1469957981252294e-35
1.9612196995046803e-35
2.0584949215080078e-35
2.0043215988347512e-35
2.1615623579888331e-35
2.1639947714692895e-35
1.9468400149810677e-35
1.9281229942196265e-35
2.1307806264445466e-35
2.8217475136462803e-35
3.677707608535734e-35
3.933076026924583e-35
3.7485179156475576e-35
3.6335910872078137e-35
3.2113952299072877e-35
4.252236523398234e-35
4.399286539471472e-35
4.894464681456783e-35
4.370465294766517e-35
4.150678258596239e-35
4.590863487552756e-35
4.6483214720187057e-35
4.762957673035964e-35
5.624176779007015e-35
5.81024707647691e-35
6.547692612958718e-35
6.788893436605055e-35
7.126318237221448e-35
6.607668097283735e-35
7.063892960531558e-35
6.438971902502079e-35
5.984284610410415e-35
6.398426715488936e-35
6.519518078238622e-35
6.504286115322768e-35
7.322732414496696e-35
7.172720758958762e-35
8.002837485010129e-35
8.237302879449104e-35
7.487164223322672e-35
7.212221123039266e-35
Acceptance rate: 0.1672857142857139
4.7457088402431905e-35
4.884324520007561e-35
5.703535788227762e-35
6.408702372792473e-35
7.361794439635488e-35
8.593370882446996e-35
8.098572173691108e-35
8.957369161241891e-35
1.0171546754591286e-34
1.034135758853465e-34
1.063612785281012e-34
1.1055507556420488e-34
1.0508021977427166e-34
1.0467512915938427e-34
1.1980851450243072e-34
1.2523109645453085e-34
1.2617517656552318e-34
1.4351625733379324e-34
1.4465833022152151e-34
1.6307858761816549e-34
1.6794905528692243e-34
1.6310618730295855e-34
1.626953291250237e-34
1.8631587718668956e-34
2.0906331777924055e-34
1.99104328885959e-34
1.922544747471185e-34
2.0446360759001297e-34
2.540180587152152e-34
2.5261191675130936e-34
3.137475756287906e-34
3.5029447729918847e-34
3.5578007790151013e-34
3.456859001564688e-34
4.087564341403333e-34
4.492305291729798e-34
4.318205130810456e-34
4.569118304245092e-34
4.354464704059587e-34
4.7078796316706325e-34
4.80925819284105e-34
5.829518037482479e-34
5.794890322317813e-34
5.886777959883745e-34
5.6010543896603704e-34
5.2798687861888526e-34
6.5902425082512e-34
5.934169381763894e-34
6.273582431053737e-34
6.423296467239904e-34
6.117944664791488e-34
6.570642083508339e-34
5.869710961731987e-34
5.101777059004663e-34
4.863642510184277e-34
4.355763230788943e-34
4.2726230335333694e-34
4.765905001457821e-34
4.65577472569407e-34
4.29486851432391e-34
3.82101207546115e-34
3.924509070681829e-34
3.872088711056752e-34
3.491216654206927e-34
4.221391774656991e-34
4.268259210899177e-34
4.300892332337411e-34
4.4108041659998604e-34
4.200599020091198e-34
4.773185348092711e-34
5.019923180090954e-34
4.999685467076407e-34
5.2659440038354735e-34
5.999451116078398e-34
6.143343033273597e-34
5.808576602343928e-34
5.7652222362816124e-34
5.717306749195181e-34
5.778472046199218e-34
6.214166571132095e-34
6.4122857558513085e-34
7.036951240615904e-34
6.134831558145381e-34
7.219965311183431e-34
7.287263500423379e-34
7.123143815929664e-34
8.033415799653337e-34
8.657144694844037e-34
8.697239629561493e-34
8.906412719141689e-34
9.203454188406547e-34
8.795240029797166e-34
9.174521563050105e-34
9.323101434512142e-34
9.425289913128162e-34
1.0645004841475913e-33
1.0850746355205751e-33
1.0613610769256499e-33
1.0188496432894525e-33
1.0239067027435916e-33
Acceptance rate: 0.1913749999999998
6.778021978712854e-34
7.29333969917532e-34
6.737656888918984e-34
6.124918434877811e-34
5.926673967331101e-34
6.110060640029987e-34
6.418491197782231e-34
6.015305810991517e-34
5.4654017504673415e-34
6.531316537237807e-34
7.746256916426465e-34
8.975274452657247e-34
8.69917682380972e-34
8.743483219641302e-34
8.67726280781586e-34
8.096037866183794e-34
7.397188176973293e-34
7.677132888939364e-34
8.124668593266034e-34
9.086210661180475e-34
9.606257417775805e-34
1.061400744715307e-33
1.0167174002657542e-33
1.0643783083623218e-33
1.0127323845438297e-33
9.863121312469712e-34
1.042590951619041e-33
1.0620778803356527e-33
1.010476679148645e-33
1.0193662351068795e-33
9.60676704568932e-34
1.0105822738066554e-33
1.0868319772734513e-33
1.1250317644008935e-33
1.0409625212618243e-33
1.0597269151435838e-33
1.1742583182377546e-33
1.2388695866508954e-33
1.2386233330736265e-33
1.4202950323399985e-33
1.878646917481916e-33
1.5875286200292854e-33
1.726764464432233e-33
2.0402052886101127e-33
2.101713258671996e-33
2.0991777859446304e-33
1.944956070526581e-33
1.8831798370032375e-33
1.9666988675697016e-33
1.9958721526499136e-33
2.0679779241754377e-33
2.208772160709356e-33
2.11359897146535e-33
2.057280940558307e-33
1.9683701796303124e-33
1.989420246296977e-33
1.7564885390281748e-33
1.929128426516204e-33
1.8771612250833294e-33
1.6705380588280002e-33
1.4698211329375501e-33
1.3891332965196715e-33
1.5425894202224035e-33
1.9186353537783495e-33
1.8994868676969014e-33
2.005222883915839e-33
1.9799346266146857e-33
2.0154516834314874e-33
1.8620171287109975e-33
1.881618123665435e-33
2.177706477048135e-33
2.194382543587839e-33
2.1441476878612355e-33
2.273416230052548e-33
2.36560001427699e-33
2.1426338241931666e-33
2.0165133648512002e-33
2.0556038234220963e-33
2.4508839640281538e-33
2.4139296901043674e-33
2.2155453672235573e-33
1.9076801411679815e-33
1.7980439809216967e-33
1.9722621514108175e-33
1.8354640946899874e-33
1.7422981527187133e-33
1.8878913987940913e-33
1.6274147292195248e-33
1.5562994204594428e-33
1.5038251646359645e-33
1.5233094136805895e-33
1.3460868142436612e-33
1.3583228546110688e-33
1.4911799215861993e-33
1.4270020563498347e-33
1.3719169484158446e-33
1.6879053225577442e-33
1.9659976921756914e-33
2.0483102748526563e-33
1.8463094712488497e-33
Acceptance rate: 0.2052777777777784
1.2097485346588195e-33
1.1446796247429844e-33
1.1529245738609624e-33
1.2068435274883414e-33
1.1579091776756734e-33
1.0783521781425792e-33
1.1945052248717965e-33
1.110207616699288e-33
1.0545105289026287e-33
1.0942855895280299e-33
1.0446065057521406e-33
1.2325164269071277e-33
1.4165233689181802e-33
1.338957068079973e-33
1.6111618668378733e-33
1.5498162329137828e-33
1.5438712028423944e-33
1.5342026327727096e-33
1.6481245800557285e-33
1.8008338162310716e-33
1.7288125111584507e-33
1.7159374023669488e-33
1.6906209348066646e-33
1.8124502167059964e-33
1.7933455245391126e-33
1.9484694820287288e-33
1.7864123851306555e-33
1.8295225241369532e-33
2.053033431187916e-33
2.0204362162352356e-33
2.7816897395875998e-33
3.305334298492291e-33
3.339947593366546e-33
3.2171286242363735e-33
3.07572392999799e-33
2.704825018146067e-33
2.504999762376971e-33
2.5477979164558464e-33
2.9118602181400044e-33
2.8012311126703873e-33
2.7028266637217237e-33
2.5298400978073872e-33
2.305636860826604e-33
2.51747847603067e-33
2.8758538546240024e-33
3.1068119827039686e-33
3.073854739601762e-33
2.920428409092165e-33
2.6671435383023477e-33
2.555935166474963e-33
2.795452292587656e-33
2.6698891635798598e-33
2.7237867403305057e-33
2.9170592506495955e-33
2.8647075401325547e-33
2.6720279826523e-33
2.754501770522522e-33
2.6278259940935015e-33
2.395606435557632e-33
2.1382474342590953e-33
2.4469432200318048e-33
2.507048777041104e-33
2.3794364410645724e-33
2.2379454678452843e-33
2.0005643559362944e-33
1.763414815678636e-33
1.84120213966151e-33
2.7214608345308786e-33
2.8450506039508486e-33
2.6548734586586126e-33
2.4754013887671844e-33
2.5443857069786692e-33
2.7338126283643266e-33
2.4596460476324564e-33
2.228028861729159e-33
2.0270403909482726e-33
1.9149659633428513e-33
1.9679994921143326e-33
2.19034274107476e-33
2.4678132763401208e-33
2.4409113624937923e-33
2.2775469400313146e-33
1.9692581133481353e-33
1.8723314917929257e-33
1.702884998963874e-33
1.5965347272733137e-33
1.6024749639693844e-33
2.1074147007907086e-33
2.0657324137153492e-33
1.966553724352432e-33
1.8155270708025535e-33
1.614289576825539e-33
1.8318990163968238e-33
1.80898992778089e-33
2.067316654849528e-33
2.004913574973041e-33
1.915739750544634e-33
1.803596800515549e-33
1.6607349508840786e-33
1.7363687262230456e-33
Acceptance rate: 0.22150000000000006
Sampling time (10 samples): 4982.3528 seconds
