/scratch/users/yanlan/TroubleShooting/Control/Output/AM_PM_ET_227_304_00
1.0788609674512504e-06
5.596399024081489e-07
2.974753057695385e-07
1.5253354414977885e-07
7.687599208122348e-08
3.8406383829012936e-08
1.910365960872062e-08
9.484562827522167e-09
4.930234209143806e-09
3.384853245709361e-09
2.067331446765467e-09
1.1898471282638205e-09
6.61444341829663e-10
3.597021960012145e-10
1.9276820046006722e-10
1.0227388124359167e-10
5.3882443146911614e-11
2.8248056996800122e-11
1.4758160832704318e-11
7.692147234240009e-12
4.002985783036912e-12
2.081163351612322e-12
1.0814763220309516e-12
5.619196108732593e-13
2.920122742242179e-13
1.5180814871301123e-13
7.896474764192434e-14
4.110332433201143e-14
2.1412877453458907e-14
1.2684809072270897e-14
7.459576811177822e-15
4.292515209562565e-15
2.4318968295249362e-15
1.4266856738110786e-15
9.132202837409962e-16
6.03956680970121e-16
3.8714460446275365e-16
2.371846192126495e-16
1.5142518448620154e-16
9.290740120749218e-17
5.5370490614708044e-17
3.2333839069758776e-17
1.8602194844818456e-17
1.0582561462004167e-17
6.38141390387792e-18
4.911114520773615e-18
3.441835253454131e-18
2.3091323463024795e-18
1.465341698172743e-18
8.975308878701347e-19
5.365438845897691e-19
3.1516622734394497e-19
1.827122614128199e-19
1.0485938701259604e-19
5.970397842533347e-20
4.3495284412488015e-20
3.66804585156691e-20
2.6922279496490713e-20
1.8093541649775464e-20
1.1553954430702492e-20
7.137216983997275e-21
4.308196976163691e-21
2.557016692175928e-21
1.4984019780324769e-21
8.694008177924183e-22
5.005003644340949e-22
2.863180880951345e-22
1.629533356853685e-22
9.235191655743889e-23
5.2157054056989085e-23
3.305920484056594e-23
2.793625819657063e-23
2.0281661020293674e-23
1.3639125461888835e-23
8.759791995007163e-24
5.45689112721275e-24
3.326716207053126e-24
1.995918699182239e-24
1.1829307742833324e-24
6.944033970277265e-25
4.045162454295655e-25
3.107091907590835e-25
2.3695118168489563e-25
1.6433829082374923e-25
1.0794805338968938e-25
6.846440469233269e-26
4.237739900154399e-26
2.6947488834695544e-26
2.190078095891898e-26
1.5725686449668477e-26
1.0567497521856138e-26
6.814937859777359e-27
4.273973654293189e-27
3.630727049176994e-27
2.693260743204117e-27
1.8469014116632918e-27
1.2082921093333161e-27
7.662064046549044e-28
4.7524631932921775e-28
2.8998261139634055e-28
Acceptance rate: 0.008499999999999973
1.6264545045927833e-28
9.752078381992511e-29
5.795758283963567e-29
3.4198961689269235e-29
2.0061413397680981e-29
1.1710858783559975e-29
6.808280702796811e-30
3.944425940213573e-30
2.2785224870324033e-30
1.3129022460074792e-30
8.585126517711759e-31
7.58406267320312e-31
5.705247183658164e-31
5.165631831128176e-31
4.170270726025084e-31
2.774706467545773e-31
2.0093998620685416e-31
1.6277495961974415e-31
1.1774256586372315e-31
8.003348061545663e-32
5.230933926033175e-32
3.328202914918237e-32
2.0766872407838534e-32
1.276842266833617e-32
7.761161056800162e-33
4.8832565128824116e-33
4.021768407905968e-33
2.9400015202792875e-33
2.014721677893834e-33
1.3259090821228827e-33
8.488276641630643e-34
5.3266172167608855e-34
3.2926519816768767e-34
2.011677565888123e-34
1.2176589636789644e-34
7.314956526877968e-35
4.367126636808239e-35
2.5937441076157776e-35
1.5337735973320625e-35
9.036163982026086e-36
5.30675398823106e-36
4.072875974554435e-36
3.004123046018443e-36
2.075339424791377e-36
1.3762213510323408e-36
8.874979221268663e-37
6.033387554396092e-37
3.969084656305241e-37
2.5458915670710422e-37
1.9064339106978616e-37
1.3702543779564674e-37
9.330286135756223e-38
6.133977417403462e-38
4.105101941171496e-38
3.130872754258952e-38
2.2098697699917887e-38
1.4886168425010083e-38
9.720049642421799e-39
6.207504168059549e-39
3.8992271960359295e-39
2.4182150107652542e-39
1.4846363768625744e-39
9.040573143552714e-40
5.468338738455004e-40
3.289168443667078e-40
2.429010240899766e-40
1.7285761308935968e-40
1.3732586562186078e-40
1.0707367449609735e-40
7.695362675595174e-41
5.253569242039044e-41
4.5164476484352284e-41
3.7024830326655323e-41
2.7255687587017164e-41
1.8895648344248673e-41
1.2608779130550665e-41
8.727579145277178e-42
6.204901883042202e-42
4.350967332146115e-42
4.006205858549265e-42
3.182903125801478e-42
2.4988678022953292e-42
2.059965990563871e-42
1.5214964636603177e-42
1.0583283856702048e-42
7.0854985975563576e-43
5.811921352173155e-43
4.2894741733170855e-43
3.2531272537055194e-43
2.4582183105629368e-43
1.7347076295758982e-43
1.1732920590724276e-43
7.710303124629602e-44
4.962586064299069e-44
3.1444493653338713e-44
1.9683058791170515e-44
1.2201809353934667e-44
7.504601627075837e-45
4.5856293026754214e-45
2.7867619603523944e-45
Acceptance rate: 0.010249999999999993
1.7776155868027656e-45
1.9232012127739037e-45
1.543184943273652e-45
1.2087373683213575e-45
1.2574231888365248e-45
1.0935612897845016e-45
8.33290122894994e-46
5.921602861270227e-46
4.247826379423944e-46
2.930627893011752e-46
1.9557926786262586e-46
1.2749207692424677e-46
8.1671658189730445e-47
7.420464137624294e-47
7.704110998924543e-47
9.093043353574775e-47
8.214783618534756e-47
6.3819685872943305e-47
4.592067243132669e-47
3.1542871577976344e-47
2.5795573854479107e-47
2.0783470788950788e-47
1.526689257388342e-47
1.0629486326117426e-47
9.052082592984669e-48
9.524591507442695e-48
9.632948384634195e-48
8.160146286098707e-48
7.448110918600705e-48
6.38657093980891e-48
5.331938685706238e-48
4.35130466805999e-48
5.593780513250009e-48
5.079772170519644e-48
3.5273651478422366e-48
2.3693461148636617e-48
1.829276892327722e-48
1.2564119532172577e-48
8.977457309527918e-49
7.550402794745676e-49
6.288953022620578e-49
5.470281705386675e-49
4.8924599675254666e-49
3.907220580198324e-49
3.163717408325448e-49
2.3363486686078265e-49
1.6355541429375063e-49
1.1057303805003436e-49
8.215223578612288e-50
6.685538717361472e-50
5.121705762810665e-50
4.303575123601215e-50
4.235231900863874e-50
3.4786412743221475e-50
3.2027213512792697e-50
3.03756938468804e-50
3.041227096280108e-50
3.0059412322651374e-50
2.3247498120259306e-50
1.6754395496578941e-50
1.3060602244366622e-50
1.0929850515863738e-50
8.795980470290594e-51
7.488499299307064e-51
6.9545099762837e-51
5.50527595783158e-51
5.712474656425126e-51
4.7427597542366215e-51
3.978072846858784e-51
3.187400948583162e-51
2.595183193195839e-51
2.955958429054754e-51
2.9424435936395455e-51
2.9050708123044314e-51
2.6484552331908227e-51
2.5358087798490765e-51
2.1580075785801965e-51
1.9767868671258033e-51
1.960586532105331e-51
2.3050464756358714e-51
3.258668214589145e-51
3.160346289356339e-51
3.342439866743982e-51
3.983497976522415e-51
3.519422104724434e-51
2.616458441820553e-51
2.1166227566617446e-51
2.330142626858386e-51
3.101940593441219e-51
3.267646745076892e-51
2.9088143033502766e-51
2.4232234308099315e-51
2.5018078549394798e-51
2.3140880392878845e-51
2.214494587858481e-51
2.3638602726112527e-51
2.05518756743841e-51
1.970592701381612e-51
1.8254472993951333e-51
1.5900180584980654e-51
Acceptance rate: 0.028333333333333342
1.0087668146905553e-51
9.855106867654565e-52
9.994014355626324e-52
8.01324868268656e-52
8.428996733802198e-52
8.708208240514579e-52
7.703571369142043e-52
7.960069248052464e-52
8.915605847464698e-52
8.630846162752975e-52
8.369425639989758e-52
8.458341154958837e-52
7.178216517281744e-52
7.053421450162786e-52
7.248310264645235e-52
6.909001253200931e-52
6.16627033472181e-52
6.730955765707391e-52
6.759089684653269e-52
5.5805013148753576e-52
4.477883548448089e-52
4.192939946605516e-52
4.226687903667822e-52
3.660915197110675e-52
3.947939186562354e-52
4.646965254207365e-52
6.0918567574855894e-52
6.506840845804779e-52
6.3150368677191895e-52
6.943692452025138e-52
6.6653532163208345e-52
6.3870565276341945e-52
6.064830618552143e-52
5.336369476093977e-52
5.939072053503338e-52
5.93690360203284e-52
6.710115539400647e-52
6.0830278300358454e-52
5.5665429705029474e-52
6.827628116482836e-52
6.334333071870605e-52
7.069636188922174e-52
6.810215023308988e-52
6.794810495536182e-52
5.611248849384138e-52
6.083875770382437e-52
6.087676826477797e-52
7.059090561206002e-52
6.242343049629088e-52
6.891241525989218e-52
8.60816019071938e-52
8.39780715225229e-52
7.751913766556806e-52
8.90376221777736e-52
1.0137261116215289e-51
1.2802413832320631e-51
1.3231942767301648e-51
1.3551971272973897e-51
1.1189706318437114e-51
8.62041696135042e-52
8.517539219406737e-52
9.571076524391138e-52
7.94673521209487e-52
7.606524794994266e-52
7.07681682722517e-52
6.566459829268742e-52
7.548572254469141e-52
7.217364064573765e-52
5.847403106012683e-52
5.386055879277251e-52
5.487687315811102e-52
5.261766403195559e-52
5.974874452629454e-52
5.116346276699057e-52
5.376163440830709e-52
4.913190008655325e-52
6.988961874809302e-52
6.640366115745286e-52
7.097810302214196e-52
6.603261216891821e-52
7.292239686198049e-52
7.883121171816351e-52
8.246970223938733e-52
7.290716595538036e-52
7.838245339092826e-52
7.83907559022184e-52
8.009396214758087e-52
9.008883572945146e-52
8.373624382436811e-52
8.223264744595071e-52
9.161319273033244e-52
9.330288129483024e-52
8.793657154715222e-52
8.146298667899412e-52
7.364528979004589e-52
7.162074612293316e-52
6.902807984296568e-52
6.2642933182862416e-52
7.284769654006022e-52
8.73820183175855e-52
Acceptance rate: 0.04950000000000006
5.824361983906665e-52
6.736831037899213e-52
6.076842382169703e-52
6.20455660089177e-52
6.89464239815724e-52
8.484028777825806e-52
9.628730166851132e-52
1.0360085950742842e-51
9.59392307888804e-52
1.2383111836432875e-51
1.530448271910455e-51
1.5180323214997038e-51
1.520524514417289e-51
1.6201073903079974e-51
1.8049947097955585e-51
2.068512325372705e-51
2.1386120211288672e-51
2.126397666338867e-51
1.6795993221647666e-51
1.5229056466431763e-51
1.49894497112534e-51
1.4583717171300382e-51
1.2694008920361284e-51
1.5045705946092835e-51
1.6605458427850615e-51
1.4732567853211594e-51
1.605694942039129e-51
1.7045970467351736e-51
1.8297566122234613e-51
1.8967807971021808e-51
1.5945575392282464e-51
1.6743377491563286e-51
1.6062416219802865e-51
1.8382016205933945e-51
1.684034320240163e-51
1.6379836378205755e-51
1.6003795594544476e-51
2.055003529723525e-51
2.151878849834441e-51
1.7637184308243902e-51
1.4457248058914273e-51
1.3582559264850804e-51
1.5203018301620855e-51
1.8386546134609803e-51
1.8527686305539935e-51
1.5637690612066768e-51
1.3956766413815258e-51
1.2382755349525567e-51
1.019752048615316e-51
1.1439493078814472e-51
1.2072061216993337e-51
1.0457197303855766e-51
9.938789426453832e-52
1.0271755932541453e-51
9.310713098851788e-52
8.40463044837132e-52
8.333977030047503e-52
7.655954738850053e-52
7.952635277805997e-52
7.842963108572474e-52
1.0054528387942185e-51
1.1059502911320613e-51
1.1495697544325784e-51
1.0811737456442285e-51
1.1346090066707466e-51
1.240634619778434e-51
1.0690663940776454e-51
1.2587831933600447e-51
1.4602869865058603e-51
1.5645786260541854e-51
1.6970780103891303e-51
1.4944865531377006e-51
1.1177211304893325e-51
1.0862176143633443e-51
9.881163761464501e-52
9.969154020375875e-52
8.040445892652066e-52
6.767138115237306e-52
7.43440140785592e-52
6.793329335049555e-52
6.272826987653994e-52
6.422510739410785e-52
5.7294844964342834e-52
5.09368632689187e-52
4.7231738964636596e-52
3.738880041605578e-52
3.180937511618999e-52
2.8287183474830734e-52
3.218786000908967e-52
3.0987491243735306e-52
3.2888256203331473e-52
3.192740714120851e-52
2.703910870370074e-52
3.1390190209817902e-52
3.686004902761477e-52
3.5368414905337606e-52
4.1405105475807466e-52
5.265059194824146e-52
5.165872381292542e-52
4.2725691961559095e-52
Acceptance rate: 0.059100000000000125
2.834419475170922e-52
3.382266836147418e-52
3.251190078233069e-52
3.22125471619394e-52
3.680657726474988e-52
3.855988142648248e-52
3.46919396220503e-52
3.009808427736498e-52
2.8629885590659967e-52
2.8888831359105025e-52
2.8215966389664897e-52
2.248211825226105e-52
2.330686469901345e-52
2.2466009316137566e-52
2.4331197963459924e-52
2.1050412159886802e-52
2.1043022319839027e-52
2.048906251096788e-52
1.6917099552315283e-52
1.583532499774964e-52
1.5973716325383646e-52
1.8311974755997413e-52
2.4101360381960294e-52
2.7172036933603193e-52
3.0306996195765644e-52
3.587610776550653e-52
3.407186130960269e-52
3.7790913690526e-52
4.0450695823157635e-52
4.207766597047125e-52
3.698722615544599e-52
3.60551216562196e-52
3.2081001986102635e-52
3.572393264061775e-52
3.874115994488271e-52
3.2545484132299432e-52
3.6229646137774015e-52
3.7903598096330856e-52
3.736180733415291e-52
3.6127276009586306e-52
3.756718001217333e-52
4.066645684206892e-52
3.63904512357921e-52
3.213930629394718e-52
3.846065684862038e-52
3.6716518803701706e-52
3.395334552241343e-52
3.6575690029705504e-52
3.584307414632613e-52
3.818611016071411e-52
5.600666876340533e-52
6.243668041323671e-52
6.2221586061885905e-52
6.885797376525149e-52
6.513532566509052e-52
6.794851829528417e-52
5.875621715035945e-52
6.108677210369675e-52
5.3834233115945556e-52
6.2651604267980675e-52
7.350339372491612e-52
6.094463530897345e-52
6.057265141308007e-52
7.848957715066241e-52
7.935555914534084e-52
6.809812459086155e-52
6.4564795663225374e-52
5.466326471398284e-52
4.7898685542818175e-52
4.880803599671074e-52
5.231025301341113e-52
4.4887576067011214e-52
4.94182244378008e-52
4.280219095064604e-52
4.358313180466572e-52
3.382248718174931e-52
4.475629332227401e-52
5.8424113821499764e-52
5.918587356425803e-52
5.8284921171967175e-52
6.16428888307008e-52
5.817650405023367e-52
5.394972267469765e-52
6.347048331402735e-52
6.839076042858191e-52
8.164454466173783e-52
8.795311531647978e-52
1.0730917484804534e-51
1.328240742726087e-51
1.2026611628784166e-51
1.097167044639157e-51
1.1612967717853997e-51
1.0715231132823017e-51
1.0911006096404887e-51
1.1858947207804573e-51
1.2050569890195599e-51
1.2334248911716305e-51
1.343104250751273e-51
1.2205018856710959e-51
1.0906559421791144e-51
Acceptance rate: 0.0662500000000001
6.976423483017183e-52
6.1601706915480685e-52
6.101979997725542e-52
6.1317262089416194e-52
6.412277871185474e-52
6.386861101826209e-52
5.600910428465695e-52
5.6416850531707195e-52
5.962270920564421e-52
5.969378687979575e-52
5.79318089238096e-52
4.797404438298759e-52
4.1682582168704434e-52
3.978148365154846e-52
5.04033288643546e-52
6.2885657865255565e-52
5.9967157060236805e-52
4.596870314091415e-52
4.185265383894967e-52
4.679758679850115e-52
4.910914514280672e-52
4.4737470227678435e-52
4.881517438816047e-52
4.412724020717247e-52
4.6055861225764344e-52
5.161450858922848e-52
5.607200294484843e-52
4.58621804984788e-52
4.159095537050791e-52
3.605778002082482e-52
3.12963994286558e-52
4.3162198269573945e-52
5.571468850261174e-52
5.532858887730709e-52
5.649040955841172e-52
5.378505089660992e-52
6.1700121428102405e-52
6.565463230871171e-52
6.578395090380228e-52
6.844317680071649e-52
7.628146799947971e-52
6.6551922584767665e-52
8.308231825223025e-52
8.123431830696185e-52
8.819883081999019e-52
9.181199713435781e-52
8.19545922708004e-52
7.258732553247653e-52
7.009532478738245e-52
8.264454910247186e-52
8.730278260448324e-52
8.609358939481388e-52
1.0584017215522876e-51
1.2446925892864895e-51
1.1963809114432363e-51
1.0090852911586026e-51
1.0839575931998661e-51
1.3698494734706157e-51
1.380112787018672e-51
1.3041366870146823e-51
1.255657740828167e-51
1.1550395891868461e-51
1.0148157488831854e-51
9.711941292167435e-52
1.0239233376958947e-51
1.1173395029123739e-51
1.181320802028652e-51
1.1137891371733561e-51
1.1728686022354477e-51
1.1102008865747931e-51
1.092903001112893e-51
1.026963409164617e-51
1.0318713157580602e-51
9.719093730484276e-52
9.995093230660554e-52
8.733666040667486e-52
1.0195413846748055e-51
1.016494642552302e-51
1.0000548331940783e-51
9.232075307900234e-52
1.1520456119546501e-51
1.1364764441092332e-51
1.2464304024230345e-51
1.1755325475780149e-51
1.1077866543009542e-51
1.009904468049077e-51
8.737455189660105e-52
8.928901411034218e-52
9.035266695327071e-52
1.0145685596976576e-51
9.152418792682053e-52
8.505790854597677e-52
7.714750270166236e-52
8.091003574699987e-52
8.884591605957457e-52
9.357825699533253e-52
9.585107753855391e-52
9.702697565233851e-52
8.661072834893389e-52
9.560353175322748e-52
Acceptance rate: 0.07157142857142877
6.531849116419022e-52
8.882365498102305e-52
9.726873560347502e-52
1.0653228166631441e-51
1.0342551866291678e-51
1.2082643104329964e-51
1.3314477704839826e-51
1.1675559845906873e-51
9.727413415477724e-52
9.152702046363582e-52
9.153403903936163e-52
9.206880455315185e-52
1.063372250761698e-51
9.94506336618377e-52
8.870717848245991e-52
9.207307396833205e-52
9.581507274518073e-52
7.50447596509116e-52
8.499443746298211e-52
9.945382029290009e-52
1.0875349389210767e-51
9.804419664214147e-52
8.013218395892702e-52
7.643705450972018e-52
6.925257341154248e-52
5.6993100070379615e-52
8.560410729284284e-52
9.099597502642496e-52
7.887078929031023e-52
7.129308531956658e-52
6.215590931548328e-52
5.75349325493529e-52
6.5743855043231305e-52
6.258403167573598e-52
6.550752204482841e-52
7.1983034788836e-52
7.222507124306927e-52
8.694826232285553e-52
9.384280353571456e-52
8.818201978337385e-52
8.742616787483194e-52
8.02289430346088e-52
7.0946354512292e-52
5.592628767563027e-52
5.470481876862916e-52
4.935637450068985e-52
5.132909071815656e-52
4.8989883552289394e-52
4.270102435897298e-52
4.515561549993561e-52
4.735162036808835e-52
5.0431627599370465e-52
4.628709957525091e-52
4.271499374065427e-52
4.1220889068602596e-52
4.144956371809682e-52
4.602442576725114e-52
5.010911793492155e-52
6.0283328812882e-52
5.729426380221088e-52
5.745273410246272e-52
6.128858760475405e-52
7.770482166954909e-52
9.127376049162518e-52
9.273092525879265e-52
9.724597110494575e-52
9.176010512318931e-52
8.947416560181993e-52
1.0141921131762222e-51
9.1610145622519e-52
8.777577826975151e-52
8.673507022223464e-52
8.210428646652044e-52
8.892144549990735e-52
8.601340169863051e-52
9.889031846603475e-52
9.85361831996468e-52
1.0240314248795724e-51
9.986472407168331e-52
9.924765937626948e-52
1.0513292642524062e-51
1.123236949413203e-51
1.2077938994707194e-51
1.2876316526512094e-51
1.234617078795091e-51
1.3669640078897306e-51
1.2436574742136337e-51
1.0948609533088895e-51
1.1321859367010413e-51
1.249560916232567e-51
1.1244754552554841e-51
1.1420311865867402e-51
1.2627367347385957e-51
1.3031539770146227e-51
1.1396909344647846e-51
9.87795662793132e-52
1.0070104326929736e-51
1.0242932014446398e-51
8.83004123734189e-52
9.453999376445191e-52
Acceptance rate: 0.07462500000000005
6.127341108794696e-52
6.693455280633726e-52
7.28673823732843e-52
8.492547534924442e-52
8.563495917569027e-52
8.438231179880631e-52
8.803710601290197e-52
7.795948708911863e-52
7.215784305247021e-52
6.28785744722962e-52
5.0186556364098786e-52
5.378231127514963e-52
5.1511432113802576e-52
4.813068205728065e-52
4.0464600518492236e-52
4.19888313195847e-52
4.336726790232883e-52
4.513380220799646e-52
4.314365928674242e-52
4.062013591600368e-52
3.789017084913737e-52
3.649306862039755e-52
3.453814180049746e-52
3.874154765893183e-52
5.473562344272192e-52
6.02697468207792e-52
5.97262226220226e-52
5.907183952083472e-52
6.845193798577286e-52
6.715736442574816e-52
7.638670563338324e-52
7.764115977952915e-52
8.401841877033535e-52
1.0775635226092691e-51
1.250968269989356e-51
1.2195574919662808e-51
1.137523714711028e-51
1.499352967949437e-51
1.499717702087437e-51
1.4442105615169475e-51
1.3257184396814324e-51
1.4748671623890955e-51
1.66361236543312e-51
1.7931882316458523e-51
1.8558805526740974e-51
2.2772425347808878e-51
2.3120729535419316e-51
1.9620851884709886e-51
1.8679323468106165e-51
2.1521015910898886e-51
1.9512564992709093e-51
2.126922027645907e-51
2.0361028599946508e-51
1.742079289976101e-51
1.6575072066854513e-51
1.664571416816804e-51
1.703684179675456e-51
1.561551150776535e-51
1.7595050007808897e-51
1.929429140637833e-51
2.770719536667436e-51
2.8163507401336104e-51
2.8255137190107046e-51
3.018747928832036e-51
3.028566187164161e-51
2.5706422246863033e-51
2.3951807985041943e-51
2.5855685516056725e-51
2.580155647387416e-51
2.6806603148350773e-51
2.9850338379808825e-51
2.875669457397284e-51
2.796730956963428e-51
2.672827231596346e-51
2.2887336630572198e-51
1.9066823373747886e-51
1.6915343672009137e-51
1.7439930885086983e-51
1.6201006293502685e-51
1.642008002801127e-51
1.3540422819894468e-51
1.0978897771375618e-51
9.298438436134835e-52
8.256451005633045e-52
7.699024234486221e-52
7.095138633447324e-52
6.759320562412397e-52
6.5804351088292865e-52
6.77122545382235e-52
6.6053152063841e-52
6.2769915697023636e-52
6.76601799349737e-52
7.254660070160264e-52
7.739755076268178e-52
6.989137103205978e-52
8.116231931248181e-52
7.319217101935456e-52
5.927058111561411e-52
4.50747010729526e-52
4.20625942160229e-52
Acceptance rate: 0.07650000000000007
2.771744390046668e-52
3.3131250473590056e-52
3.660043649064121e-52
3.2702075856588532e-52
3.064798878640192e-52
3.216398738915617e-52
2.7969127399992843e-52
2.2042270651461547e-52
2.1575656232894203e-52
2.1034984267111072e-52
2.0149961847705995e-52
2.350818677283459e-52
3.01091512743728e-52
2.281096953245126e-52
1.980804515287374e-52
1.829107098044994e-52
1.8864191443478926e-52
1.748659990222471e-52
1.4332535550685062e-52
1.6115318606129774e-52
1.6098927332958906e-52
1.4008641110256014e-52
1.7654744240329416e-52
1.760257118078996e-52
1.6779563879701596e-52
1.6730301383581177e-52
1.714656756945893e-52
1.6389698980997404e-52
1.4506445458383488e-52
1.4234721477499065e-52
1.5103108377874315e-52
1.668442013399091e-52
1.5376848014074292e-52
1.607243975921125e-52
1.7249474232764214e-52
1.5341912786395947e-52
1.678421440374319e-52
1.852974266863788e-52
1.6897134977288e-52
1.3744655313521697e-52
1.458662826031563e-52
1.434183814614259e-52
1.2093896694354847e-52
1.2215868431474906e-52
1.0513419970612964e-52
9.882808258341749e-53
8.416588272412408e-53
8.287134187155414e-53
7.494946715114459e-53
6.345755870207038e-53
6.924860200859423e-53
7.506290394293699e-53
6.597354346795989e-53
5.266770177605511e-53
5.282243196705461e-53
5.335571574546051e-53
4.985513161189806e-53
4.4645660510182625e-53
4.439627811411676e-53
4.186820696926689e-53
4.510003943647261e-53
4.231067212255912e-53
4.875570489353883e-53
6.395057143037181e-53
6.629640921917323e-53
7.360493342916136e-53
9.44517574580572e-53
1.0199810645235495e-52
8.955973675393986e-53
8.210915726627401e-53
6.986586560459793e-53
7.163636574393237e-53
7.74093345651194e-53
8.075331299822847e-53
7.203883652849186e-53
7.601844716548867e-53
7.122090072044992e-53
7.553533731453428e-53
7.029102787949788e-53
8.416749958779937e-53
7.54566175846622e-53
6.260617470599764e-53
5.588733943558511e-53
5.12277500959364e-53
4.425045741359654e-53
4.062148231422673e-53
3.7598523982609e-53
3.205103791609308e-53
3.142680052709404e-53
2.6503400865941545e-53
2.42813996319186e-53
2.557721800963684e-53
2.33948227638023e-53
1.9985444532632475e-53
1.5971618605126138e-53
1.9106301688610118e-53
2.076304689927175e-53
1.980657377252419e-53
1.9319729623697367e-53
1.9098246307295618e-53
Acceptance rate: 0.07530000000000013
Sampling time (10 samples): 6879.3500 seconds
