/scratch/users/yanlan/TroubleShooting/Control/Output/AM_PM_ET_206_285_00
1.0587773612992774e-06
5.319697537881821e-07
2.7656458385499414e-07
1.4974930436819245e-07
8.01357089522795e-08
4.167584376494715e-08
2.1335832317347156e-08
1.288948380211782e-08
7.3896352031209085e-09
4.069397523183302e-09
2.187333237059839e-09
1.1576856350456768e-09
6.065163008800644e-10
3.155942860309048e-10
1.6346549021465756e-10
8.441299672564337e-11
4.3507138327173574e-11
2.239909889068878e-11
1.1526023638509904e-11
5.930658430855967e-12
3.478539788508364e-12
2.1788585323798367e-12
1.2982980281370828e-12
7.495914580105935e-13
4.69313832056898e-13
3.003650453877096e-13
1.821903369695525e-13
1.0684319075216858e-13
6.124356134777742e-14
3.4541745068598264e-14
1.9251757902935982e-14
1.0634597049373703e-14
5.834586058561068e-15
3.184266677917916e-15
1.7307168849526918e-15
9.376702953942434e-16
5.067428661742073e-16
2.7332643921409076e-16
1.4720680909488633e-16
7.919279280023813e-17
4.256823753465753e-17
2.2868417695268115e-17
1.2280813120700034e-17
6.59377615525462e-18
3.540143981149717e-18
1.9008202691373904e-18
1.0207988916193787e-18
5.483490913894998e-19
2.946625510787053e-19
1.5840609154034997e-19
8.519656053751598e-20
5.203965697919782e-20
3.1069175688901646e-20
1.8243259447236078e-20
1.0578684205699287e-20
6.075087001201312e-21
6.059051722668302e-21
4.8005103352353365e-21
3.3557950295416903e-21
2.194885547994374e-21
1.452024348364778e-21
9.78197414241862e-22
6.263433485594927e-22
3.880168320334021e-22
2.3489997052306476e-22
1.4531651878747904e-22
9.380589021006102e-23
5.850960439374058e-23
3.5634242456065e-23
2.1328055371426216e-23
1.259853804424301e-23
7.366304418311833e-24
4.272272327926757e-24
3.159725997030612e-24
2.1444289276454276e-24
1.3567856138589057e-24
8.365190343500562e-25
5.06183303366825e-25
3.0200965213126544e-25
1.7823600362860523e-25
1.0428429724510667e-25
6.059282827192769e-26
3.500715938115535e-26
2.0130596852527113e-26
1.1530857031241315e-26
6.583335631753649e-27
3.74829353748778e-27
2.1291635100439036e-27
1.691440500374878e-27
1.2633154537113708e-27
8.683324235204038e-28
5.682366677600162e-28
3.600320695358541e-28
2.2298295899913327e-28
1.3580202772643505e-28
8.165159398026675e-29
4.860135268051824e-29
2.86965327038918e-29
1.6832965418823043e-29
1.0112896862343314e-29
Acceptance rate: 0.008499999999999992
5.67437481491058e-30
3.4139467605383576e-30
2.0345766965418645e-30
1.2032943711441964e-30
1.1032832159927366e-30
9.070821446896464e-31
8.727068085651791e-31
7.207756306152918e-31
5.817832787399986e-31
4.219096165852268e-31
2.8666241535383077e-31
2.3961043142462572e-31
1.866430119212869e-31
1.8661400462608127e-31
1.446501897026203e-31
1.0202677700839842e-31
7.078409257434207e-32
7.19586847211944e-32
5.738619356112825e-32
4.119015218169513e-32
3.26383692860582e-32
3.1348572283117065e-32
2.4498383977355653e-32
1.9306750259730034e-32
1.4754767955765184e-32
1.1852336891254569e-32
8.553795090990279e-33
5.815479695479714e-33
3.806451176908309e-33
3.815434031252063e-33
3.445549177296726e-33
2.6314961017019147e-33
1.8509185886990776e-33
1.274656935151915e-33
1.3686460557785037e-33
1.0812208759776597e-33
8.654498632915846e-34
6.376451153956701e-34
4.398285231234748e-34
3.4765753426278384e-34
2.495653055828167e-34
1.695336848829107e-34
1.1113208478511587e-34
7.857179437463993e-35
6.249224894626553e-35
4.5052990828576754e-35
3.071139508858688e-35
2.128098443871943e-35
1.5246770062535216e-35
1.0357870656180022e-35
6.7971173002889e-36
4.6613027015831664e-36
3.9888517467305505e-36
2.988206165314014e-36
2.1520264217150062e-36
1.483101988550649e-36
9.834935905278614e-37
6.351049628261553e-37
4.0227380218124665e-37
2.510907485947575e-37
1.5494046959016396e-37
9.47372156048795e-38
5.749570146878707e-38
3.46792795630197e-38
2.6231585750538295e-38
2.1373960334061304e-38
1.566640435817207e-38
1.0822140562206276e-38
1.3840331082805516e-38
1.4141615275231478e-38
1.146003276358008e-38
1.0147002721347396e-38
8.217170012082366e-39
7.551689324787968e-39
6.941444342915619e-39
5.785089412221213e-39
4.6356904856796166e-39
5.053923766085455e-39
4.4773775778711784e-39
3.868670855707598e-39
2.5358109695053837e-39
2.1497891411202388e-39
1.9523635273745088e-39
1.8448203430897914e-39
1.6182792106964113e-39
1.2907140479470507e-39
9.1875892923777e-40
6.271948205258642e-40
4.487003051572327e-40
3.061302168051117e-40
2.023642787270068e-40
1.469061520548192e-40
1.1456122027324366e-40
7.741227231785773e-41
6.306933777640506e-41
5.272030000117578e-41
3.7920332819521704e-41
3.3446993814800594e-41
2.851436450403235e-41
2.273424092561861e-41
Acceptance rate: 0.019499999999999972
1.3707536753998275e-41
1.2120967068449228e-41
1.2893413930422142e-41
1.1045576002009977e-41
9.55612785605127e-42
8.699619072603603e-42
1.1359454032980378e-41
1.0800339980858315e-41
1.0439850817692226e-41
9.070273270494089e-42
8.316275857522697e-42
7.571595290377878e-42
7.466403522193787e-42
6.941145439375513e-42
5.4590555677100716e-42
5.90664210459269e-42
6.352757244021208e-42
5.93585907132748e-42
5.982210657393441e-42
5.470001047697141e-42
5.08460578794742e-42
4.382523396177981e-42
4.980440678632052e-42
4.590346758724763e-42
3.857797074367924e-42
3.884485498630274e-42
4.2597914293756516e-42
3.676196600546575e-42
3.796756273303872e-42
3.3233279091048265e-42
3.205456857264264e-42
2.967879210509457e-42
4.0293402016691723e-42
4.8915408394315335e-42
5.1581667549823416e-42
4.9906943009625684e-42
4.803013892929734e-42
5.17718280869258e-42
4.982422352389172e-42
4.256780095929284e-42
3.50193952916667e-42
3.354405198158847e-42
3.4852527626494e-42
3.552046180620651e-42
3.7173726834855544e-42
3.9464045996888055e-42
4.09475826690721e-42
4.937659466398045e-42
5.4586561267314656e-42
5.36055211626807e-42
4.9520599868651894e-42
4.5834153825616614e-42
4.3938882270124437e-42
6.29743462525442e-42
6.077987732677608e-42
7.131775193733181e-42
7.791730114112776e-42
8.876019567418973e-42
9.109470437006234e-42
8.623722897473347e-42
1.0587947307740047e-41
1.2617819696693033e-41
1.432105812932898e-41
1.653771652191862e-41
1.965192681128465e-41
2.1479626005084935e-41
2.303048678494887e-41
2.734114114583014e-41
2.954529303333701e-41
3.077373262239834e-41
3.1766761249173027e-41
3.396231062595509e-41
3.503271804424223e-41
4.1850590378620404e-41
4.661243559735834e-41
4.736874554520255e-41
5.065610053359274e-41
4.823315544768915e-41
4.885180299439657e-41
4.76704958193874e-41
4.922173537292941e-41
4.983271347409872e-41
4.761120307988671e-41
5.145983086800809e-41
6.504743212864787e-41
7.80346067594252e-41
7.240008141108602e-41
7.323458937227136e-41
7.444094486176152e-41
8.405722539583769e-41
9.767241976768225e-41
1.0369872290461137e-40
1.1549312467939738e-40
1.0367670584162882e-40
1.0677060561570251e-40
1.1524552947289389e-40
1.2562231574625431e-40
1.5265429259332926e-40
1.6443525193473496e-40
2.2539753314492744e-40
Acceptance rate: 0.08049999999999997
1.4586079952705222e-40
1.6927492179832998e-40
2.1177385475290694e-40
2.183891071456156e-40
2.011217553403347e-40
2.7436441065569556e-40
3.774791771086567e-40
3.836152887359396e-40
4.35954672090949e-40
6.1804407909934196e-40
6.508433690179813e-40
6.9078231893398824e-40
7.693396450676476e-40
7.934755738708526e-40
8.756056997761485e-40
8.189420723952736e-40
8.057730094780329e-40
8.049858719149117e-40
1.0722197438369807e-39
1.6284194742429056e-39
1.6544400867583936e-39
1.970181829606242e-39
2.223750257802687e-39
2.428351993603056e-39
2.8207095726921558e-39
3.1585201793292577e-39
3.5301972367914725e-39
3.564591102861993e-39
3.332014897259782e-39
3.290113902962256e-39
3.391311672596045e-39
3.3149060826762724e-39
4.389265961310013e-39
4.7917010263169976e-39
5.6542834541453745e-39
6.400560755724546e-39
6.334317451679833e-39
6.805823755430775e-39
7.696697897551778e-39
7.32292830432243e-39
7.386731774004815e-39
8.263237273247031e-39
8.124634677560344e-39
1.0683144590329956e-38
1.2077015493825246e-38
1.2112952937858858e-38
1.349641701732998e-38
1.6430936758951222e-38
1.6442203122114605e-38
1.620123417176005e-38
1.8443499928149318e-38
2.3223427330238117e-38
2.4043306857911107e-38
3.0905631512980866e-38
3.626754819524023e-38
3.634670228711122e-38
3.3672645929042335e-38
3.8991945108382473e-38
4.085680125434975e-38
3.964380999916085e-38
4.445766156444487e-38
4.3887879249157336e-38
4.112168599919094e-38
4.4057894724189905e-38
5.214061408916775e-38
6.050544622327022e-38
7.611297139763913e-38
8.037408120605195e-38
8.933173268319078e-38
9.088324408422031e-38
9.221380968870884e-38
8.715095713039982e-38
8.491743314311143e-38
1.0064277552910165e-37
9.515062992772572e-38
8.008891362406018e-38
7.999413298467563e-38
8.572146706711781e-38
1.1365298799620545e-37
1.0866987065713462e-37
1.0449226903035442e-37
9.749938011924208e-38
1.0015019900278353e-37
1.0955369068979638e-37
1.2009777597434115e-37
1.174656986531844e-37
1.1348956186009212e-37
1.4103814051769057e-37
1.3332884284424943e-37
1.1245163480758469e-37
1.1019518127782183e-37
1.169998549448789e-37
1.0995441908193888e-37
1.1354790623566407e-37
1.1818085124563748e-37
1.3515801379376047e-37
1.424623891502352e-37
1.4960820195513709e-37
1.5115162304987166e-37
1.66607491519578e-37
Acceptance rate: 0.11512499999999999
1.0426779272268463e-37
1.2062117239372152e-37
1.472402464636143e-37
1.5593564622044593e-37
1.8378334715886349e-37
1.9932430281111446e-37
2.0635486113957034e-37
2.488007532993705e-37
2.8061636542453065e-37
2.4967070819445334e-37
2.9351970736837427e-37
2.997043123367952e-37
3.002542720265073e-37
2.7937790781698467e-37
3.133900604563785e-37
3.93672757722312e-37
4.006899727155348e-37
5.5592646119679215e-37
6.514862953766119e-37
7.720116974827192e-37
9.148838006192029e-37
9.407331928897199e-37
1.1064891044957015e-36
1.1236731058579231e-36
1.3314782876174275e-36
1.4170383213891881e-36
1.7189655750815e-36
2.089313358073612e-36
1.955494714181832e-36
1.830935619196872e-36
1.9996485576508076e-36
2.1178861784774832e-36
1.987980585432328e-36
1.8005928930262218e-36
1.6811230631245358e-36
1.7743104702987295e-36
1.870454446058063e-36
1.96664164537948e-36
2.0798202586852287e-36
2.1838954179287754e-36
2.278221946192467e-36
2.425776637703938e-36
2.813292766164159e-36
2.8658873751021307e-36
2.713917762158802e-36
3.092722515512878e-36
3.176956540556954e-36
3.1154485090020787e-36
3.10159474830314e-36
3.418086434239677e-36
3.983707056593176e-36
4.5480733340942444e-36
4.413209024610478e-36
4.937695943348269e-36
5.401390773244328e-36
4.999685141177173e-36
5.4234688544809343e-36
5.9550874187376985e-36
5.6979711869250244e-36
6.328495994733082e-36
8.030942683987083e-36
9.564470715324991e-36
9.806466559294329e-36
1.0657401129397194e-35
9.940055876499179e-36
1.0432516958159834e-35
9.395477250090003e-36
9.499365535769759e-36
1.1845092360125652e-35
1.2678573852527687e-35
1.5169135156655931e-35
1.5755898572070696e-35
1.9216982952704243e-35
2.267006759037044e-35
2.5713483296461847e-35
2.596075464617032e-35
2.8267176256462776e-35
3.263621251595719e-35
3.89863993125532e-35
3.959125878417382e-35
3.980191566717628e-35
3.972608961110522e-35
4.2751573289964836e-35
4.2803043912459146e-35
4.1485955660671213e-35
4.5428967466586934e-35
4.800603473968179e-35
5.009080618217279e-35
4.987576170480763e-35
5.127334964318383e-35
4.6518598716952095e-35
6.170539182963695e-35
5.381334408889841e-35
5.198942859750778e-35
4.7501540790508483e-35
4.704002015363377e-35
4.5924407695027057e-35
5.040978259750568e-35
5.726575966176743e-35
6.143753004299321e-35
Acceptance rate: 0.1667
3.904998161840113e-35
3.654182732761843e-35
3.451505525488576e-35
3.0854444450092366e-35
2.998955295643859e-35
3.7602559174083443e-35
4.0559477912514295e-35
4.129722609762312e-35
4.414978512616535e-35
4.2840954544337434e-35
4.4999396064240646e-35
5.293886402589343e-35
5.177191360836777e-35
5.241507908248282e-35
5.297711511524657e-35
5.867612691938976e-35
5.342582815279355e-35
4.928073494523542e-35
4.619372008953488e-35
4.777664527046453e-35
4.836246149411094e-35
5.071084539382271e-35
4.837982238688854e-35
4.7597581122987347e-35
4.467818952182277e-35
5.001690394442415e-35
5.177851506853935e-35
5.045800203785927e-35
4.779311908059502e-35
5.416663948195822e-35
5.26364073658571e-35
5.541953575463892e-35
5.021318434069373e-35
5.67735261280765e-35
6.061713042255036e-35
6.179499471564362e-35
7.053649552946466e-35
7.015651610626306e-35
8.046992291861597e-35
8.440738226728414e-35
8.729426046883743e-35
9.548017420920117e-35
9.613926033214022e-35
9.085798737935614e-35
9.69176844661481e-35
1.1651540109122603e-34
1.0628331962138756e-34
1.1060236332046502e-34
1.042712273832398e-34
1.2918383905067756e-34
1.3011300953577405e-34
1.253784017580665e-34
1.153870090248779e-34
1.1282344403139847e-34
1.1773992494219078e-34
1.2187377469188172e-34
1.1060878469197817e-34
1.2356285831085534e-34
1.3431375597357832e-34
1.3781675232321188e-34
1.458460821349509e-34
1.7354430766621797e-34
1.7737247725143302e-34
1.7500276170606084e-34
1.7646671950041012e-34
2.3499441827872515e-34
2.6740459550947845e-34
2.4268162078621435e-34
2.48049358870737e-34
2.2958482773360423e-34
2.445664444030793e-34
2.2784384296137192e-34
2.2999103121915977e-34
2.146495908518582e-34
2.2338382307400065e-34
1.9519091203919565e-34
1.8740701573960767e-34
2.0052884916034928e-34
2.199395984405487e-34
2.0529066039543275e-34
2.1355648378329705e-34
2.187836764451912e-34
2.238105608436075e-34
2.5678662966686245e-34
2.7453521493527995e-34
2.880178127009813e-34
3.0444275965578516e-34
3.362612645058347e-34
3.25188149570263e-34
3.166723595997918e-34
3.1543296143806723e-34
3.121339559394412e-34
3.3125655391004575e-34
3.387824965370518e-34
3.4670609242675634e-34
3.559648194639101e-34
3.4697794952282398e-34
4.205715381268163e-34
4.926996507397896e-34
4.825846592691051e-34
Acceptance rate: 0.19891666666666652
3.1061940578040053e-34
3.1892278263511262e-34
3.9679135792896906e-34
4.477026873162469e-34
4.718178323574229e-34
5.6534048343540655e-34
7.63560221859175e-34
8.478758984766711e-34
8.632353504341218e-34
8.60597569573945e-34
8.560066173358039e-34
7.526220783600726e-34
8.333343079390396e-34
8.423066818035754e-34
7.809461278337459e-34
9.27435367403092e-34
1.0661164594235418e-33
1.010560621034541e-33
1.3869069749754038e-33
1.5763279644726378e-33
1.5927747467223642e-33
1.4240132462537922e-33
1.5409388893636773e-33
1.67555883815473e-33
1.6888274717651483e-33
1.571193687814528e-33
1.4947475089045712e-33
1.6104206603256655e-33
1.4063383260455313e-33
1.2434571331414842e-33
1.2840929426676257e-33
1.2819215651789059e-33
1.3577291726482833e-33
1.3262342851848123e-33
1.3795545959226237e-33
1.2857558821613134e-33
1.486608054253008e-33
1.4649325212528076e-33
1.2610837318667038e-33
1.1515496892982694e-33
1.1727822605561174e-33
1.2911075829182441e-33
1.420937659667551e-33
1.7691583008862955e-33
1.5822093255010397e-33
1.4993116602576889e-33
1.4451811426920604e-33
1.447309591786882e-33
1.447700290218716e-33
1.4374043082800438e-33
1.3216009698071913e-33
1.2915586452440118e-33
1.2398102805990934e-33
1.3004279378623316e-33
1.4275949906934298e-33
1.382612752571588e-33
1.166764231484262e-33
1.1547183024619574e-33
1.2790731746579434e-33
1.3629627231279171e-33
1.337710782900055e-33
1.581091906232962e-33
1.5802266881421546e-33
1.675127965123234e-33
1.785442926213656e-33
1.8360670238559162e-33
1.6698596765203528e-33
1.560234298629637e-33
1.4599020723852411e-33
1.3602098932708252e-33
1.3000439548556504e-33
1.2833963227129534e-33
1.1750432754917835e-33
1.1006442694756452e-33
1.0772907558446093e-33
1.0819368870877111e-33
1.1318690874302399e-33
1.17487577933315e-33
1.2922781221951855e-33
1.208753987643342e-33
1.2470783502192347e-33
1.228557147003487e-33
1.0428784783224967e-33
1.0246361974956841e-33
9.805281978087414e-34
1.1406207780648646e-33
1.0972038374198992e-33
9.738719257984863e-34
9.744187377687482e-34
9.628580744623078e-34
9.703376007781974e-34
9.566930158700602e-34
9.094879421184706e-34
1.0761984835111967e-33
1.085921967731634e-33
1.1416423405431945e-33
1.1165015628977423e-33
1.012093836012269e-33
9.996478306883208e-34
1.0621988006012458e-33
Acceptance rate: 0.2252857142857146
6.803713439739588e-34
7.123739284064975e-34
7.0531242611882125e-34
7.955574941450142e-34
7.5325356434790035e-34
6.836129528944006e-34
7.132354222383198e-34
8.12189750737647e-34
7.171666244576315e-34
7.941965394367629e-34
8.329286557010119e-34
1.0351646195324664e-33
1.0381944060743662e-33
9.330226949110891e-34
8.605529886768887e-34
7.83702749657725e-34
7.241951132925615e-34
7.125005773717542e-34
7.303627969744513e-34
6.532184933463058e-34
6.8042210322360784e-34
7.96354792142782e-34
8.1292762072055e-34
9.403169993163262e-34
9.588304757820531e-34
9.092769753960435e-34
9.897358467695326e-34
9.080597297619102e-34
8.126540196971022e-34
8.375380235846458e-34
7.883265694656184e-34
7.49258284560207e-34
8.08993651105336e-34
8.100183591214249e-34
8.96631725458895e-34
8.509070109841156e-34
7.676692384202969e-34
7.179337721511712e-34
6.760670515532331e-34
6.870494346089714e-34
7.046606637462702e-34
6.518475460312291e-34
6.064136347829603e-34
6.1844534780836146e-34
6.2512029170600965e-34
6.877908807530376e-34
6.488426574627248e-34
6.256204742976465e-34
5.939325064618895e-34
5.210246939431851e-34
5.1077053033125446e-34
4.99991796364588e-34
4.916308861577432e-34
5.2545580955851276e-34
4.964035172582589e-34
4.776831601773136e-34
4.814541955334635e-34
4.398378128942459e-34
3.912577838824436e-34
3.5937385652271635e-34
3.475427998851163e-34
3.2296309398062113e-34
3.4682191531838453e-34
3.332815675247215e-34
3.0190148873498464e-34
2.8720608541008363e-34
2.788243688931204e-34
2.6349824547052084e-34
2.7715123756778276e-34
2.6492596100198867e-34
2.691015180306655e-34
3.0177395323086794e-34
3.061388555167105e-34
2.93045759764923e-34
2.730378651034578e-34
2.811682347776183e-34
2.86773879402774e-34
3.1385399651714818e-34
2.694496141121002e-34
2.983038314306599e-34
2.7060103395794786e-34
2.970133470916134e-34
3.2690476227387246e-34
3.6553783578052825e-34
3.491581951099343e-34
4.081331314322078e-34
4.473293498238486e-34
3.948372879919451e-34
4.530159026500575e-34
5.764121213757746e-34
5.658946162314424e-34
5.8270214169390615e-34
7.6131035298520345e-34
9.893874300405676e-34
1.0672497051129598e-33
1.0612734045260726e-33
1.0933451216328883e-33
1.1023546258178643e-33
9.004005519002767e-34
8.425388200350086e-34
Acceptance rate: 0.23987499999999987
5.466679724705726e-34
5.311201725743348e-34
5.5055157497151e-34
5.286621164479009e-34
4.940555828963471e-34
5.041813796633719e-34
5.673867058705191e-34
5.500730162742913e-34
5.1158292923850944e-34
5.072495352794548e-34
5.260526586368056e-34
5.495971281122362e-34
5.60207628737017e-34
5.774441578643823e-34
5.725153607263053e-34
6.7095591334115085e-34
6.409200171030559e-34
7.1460759467758255e-34
7.76378322287396e-34
9.204397596820662e-34
1.0169003509783817e-33
1.0762848453860982e-33
1.0499525008603968e-33
9.845137332811648e-34
1.0373101654636077e-33
9.786788635148467e-34
9.927384572678713e-34
9.14596483769946e-34
8.509407320191929e-34
8.388181957475196e-34
8.584062574929799e-34
9.077115752719267e-34
8.091427336258446e-34
1.0827754662554709e-33
8.983219041598322e-34
8.264803924324595e-34
8.271443938125728e-34
8.854295855043847e-34
9.80067573729716e-34
9.56805577632355e-34
9.462496830148862e-34
1.0465627275604888e-33
1.100465011263036e-33
1.1495406761267123e-33
1.0679645908144446e-33
1.0998045014440925e-33
1.1886080758969517e-33
1.256967980688922e-33
1.5252853353091168e-33
1.3652262958781637e-33
1.392123260441327e-33
1.2410776285502478e-33
1.4119401722719927e-33
1.3253135201365227e-33
1.54173621429738e-33
1.3509151556493363e-33
1.3011029777151361e-33
1.1611985782722144e-33
1.1248483871134125e-33
9.772971667792263e-34
1.1083577507546555e-33
1.0374340193603152e-33
9.704643512446562e-34
8.921447664289487e-34
7.166305931351872e-34
6.5775693662245505e-34
5.70307554491519e-34
6.527825589897721e-34
6.4466636955661576e-34
5.805753256891392e-34
5.634496806203743e-34
5.415804638941499e-34
5.429411664920298e-34
5.790750779786949e-34
6.26812512792316e-34
6.377280488867123e-34
5.8474688195977346e-34
6.12227716733131e-34
6.061639108226171e-34
5.797059946515918e-34
5.626312191769449e-34
5.805410737120837e-34
6.26444375193969e-34
8.2463832230171e-34
7.841269301256223e-34
8.50101759815223e-34
8.768578635157375e-34
8.626368259735649e-34
8.703517160284996e-34
8.657795693388248e-34
7.55566075387586e-34
6.775643451745799e-34
8.220568532456982e-34
7.512253080618605e-34
7.108919901051208e-34
7.957456730371197e-34
7.493869769255836e-34
9.347073763779439e-34
9.835131807610314e-34
1.0851454263628363e-33
Acceptance rate: 0.247722222222222
7.215161551977779e-34
7.728973637447604e-34
7.675424200113212e-34
8.046424913485767e-34
8.095816080046475e-34
8.010874338398414e-34
8.834746287418643e-34
8.798216627249992e-34
8.404373934980713e-34
8.929554941776284e-34
9.672781539978719e-34
8.825503245328228e-34
9.169938216347522e-34
1.0182849444215383e-33
9.72681215289234e-34
9.994692497199433e-34
8.728551453256923e-34
8.29876810846068e-34
8.293848263446744e-34
7.7966150969834e-34
7.630146423212117e-34
8.545385231268092e-34
8.130678140902406e-34
7.083288948915683e-34
6.600063612472418e-34
7.179971509631884e-34
7.2018630117540796e-34
6.719214281705391e-34
6.9127480848693605e-34
6.7096792211547965e-34
6.429803987506607e-34
5.486289092614168e-34
6.011064533419552e-34
5.3205336410903785e-34
5.408359176997897e-34
6.4019291960210035e-34
6.516276736595134e-34
6.1432208667313104e-34
6.523808785627816e-34
6.557456807718416e-34
6.0317666886982185e-34
5.927454869304837e-34
6.685163861173328e-34
6.3299047996682194e-34
6.9269640365825835e-34
7.784950828667539e-34
7.042091375038596e-34
7.2157384399573665e-34
8.76069950779591e-34
9.219305793346727e-34
9.885522273222621e-34
9.945240160037457e-34
8.704209863634781e-34
7.77106879222503e-34
8.328223644811247e-34
8.236147241909506e-34
1.012098710369593e-33
1.0711521278270398e-33
1.0899667532148899e-33
1.0655902343682723e-33
1.0787410816737566e-33
1.0303493643733482e-33
9.816999839354262e-34
1.0389002679949538e-33
1.0499351387863491e-33
9.968531043314802e-34
1.0563971847913206e-33
1.042969517909779e-33
1.0139397860662859e-33
1.0968868864796389e-33
1.1165348757275669e-33
1.0961175983952964e-33
1.0303650540197788e-33
1.0326876750450187e-33
1.0307388371797636e-33
1.0505396742564693e-33
1.006132522871218e-33
9.562617282284966e-34
8.958523680940773e-34
9.947989202708737e-34
9.590560831317605e-34
9.305801052858864e-34
8.96148678290566e-34
8.6556583030047e-34
1.008965743737279e-33
9.658975841778227e-34
8.494239866914031e-34
7.929338556893814e-34
7.2707240318827915e-34
7.534860955216713e-34
7.758627568467234e-34
9.076992828051779e-34
8.212245650932666e-34
7.679207200241018e-34
7.69202413827843e-34
7.847494558804694e-34
7.903899781002982e-34
7.406427086236849e-34
7.46511789602214e-34
6.893881938879415e-34
Acceptance rate: 0.2613500000000005
Sampling time (10 samples): 5171.3684 seconds
