/scratch/users/yanlan/TroubleShooting/Control/Output/AM_PM_ET_200_388_00
1.0879745087528078e-06
5.532398531979707e-07
2.688997635164937e-07
1.2836225344986625e-07
6.156729920512546e-08
2.9658082844181156e-08
1.434591504371878e-08
6.966941222647063e-09
3.396465574723241e-09
1.6619862906765704e-09
8.161831762680932e-10
4.0221088257038795e-10
1.9887195939388987e-10
9.864982862826509e-11
4.9087822010118104e-11
2.449963629449479e-11
1.2263374017244831e-11
6.155778279852794e-12
3.098410278959479e-12
1.5636521954585777e-12
7.911355530809155e-13
4.01270459875832e-13
2.0401718830842164e-13
1.039702138990854e-13
5.3104894955398484e-14
2.7184154805473547e-14
1.3945250426971899e-14
7.168706005414224e-15
3.692624182827002e-15
1.9058395415931558e-15
9.855359030985409e-16
5.105901353070543e-16
2.6501233863427496e-16
1.3779522451334322e-16
7.177250754139825e-17
3.744727170183187e-17
1.9570561449663947e-17
1.0244506101743794e-17
5.3711542727180855e-18
2.820446759335904e-18
1.4832940152375144e-18
7.812347545525714e-19
4.120664525269872e-19
2.1765630671546893e-19
1.1512798495495953e-19
6.097951907362077e-20
3.234213880510171e-20
1.7176067176016295e-20
9.133515124623456e-21
5.32186276197886e-21
3.746960522016242e-21
2.5693397551295043e-21
1.6798222454939721e-21
1.0165616933844749e-21
6.031733434197089e-22
3.5269898757976075e-22
2.0394799342436887e-22
1.311259675113089e-22
9.814300100642358e-23
6.669105579012821e-23
4.289884603760372e-23
2.6641214621784165e-23
1.6147981536800637e-23
9.616623164091194e-24
5.6514033981918894e-24
3.936063939917275e-24
2.6197225133525896e-24
1.6675374862552486e-24
1.0303700142417917e-24
6.233936240541826e-25
3.7132578377457857e-25
2.1855725030235382e-25
1.2744255930196433e-25
7.37601498316292e-26
4.243289588199922e-26
2.4290198912810584e-26
1.38477528988029e-26
7.867646940070048e-27
4.4572697776694724e-27
2.519123569666131e-27
1.5373879830793004e-27
1.2261469760840953e-27
9.006442038549331e-28
6.11892205725659e-28
3.9672885018527597e-28
2.4937550285132187e-28
1.5335200758064936e-28
9.278359365203574e-29
5.544359551314143e-29
3.2808729803434e-29
1.926325322634987e-29
1.1238431041596386e-29
6.522362506776732e-30
3.768859907766323e-30
2.1698340300029788e-30
1.2453812145063094e-30
7.129201645940391e-31
4.07203316876388e-31
2.321428429664106e-31
1.3212737542924448e-31
Acceptance rate: 0.006499999999999995
7.365603992892497e-32
4.183035236000093e-32
2.3731082575696279e-32
1.3450992978413368e-32
7.61835327068236e-33
4.3121085435050304e-33
2.439414923708785e-33
1.3793971892500134e-33
7.797157689401576e-34
4.406139994577446e-34
2.4893357391861723e-34
1.406167516748e-34
7.942214325159437e-35
4.485566707352826e-35
2.533275237872616e-35
1.4307149695335271e-35
8.080612365186339e-36
4.564246772150241e-36
4.502735516723241e-36
3.5521270735662934e-36
2.5358588316565605e-36
1.8159454594193138e-36
1.5178531442720805e-36
1.1165096308831472e-36
7.673342649188425e-37
5.056237688670175e-37
5.334894878182608e-37
4.90046730029557e-37
3.767008059770706e-37
2.7802314072218583e-37
2.2543924503549795e-37
1.6367399162758987e-37
1.1178540497926155e-37
7.34480418227852e-38
4.6990902852104387e-38
2.948769659777921e-38
1.8235022278065465e-38
1.1148363694949284e-38
6.753936832085298e-39
5.3684866415383e-39
4.90202905400301e-39
3.7221030980238444e-39
2.4632035300899006e-39
1.58578464348579e-39
1.0007400215835632e-39
6.2209667821346305e-40
6.190764237861889e-40
5.0034994391967745e-40
3.6397892646629865e-40
2.496067027251959e-40
1.6484730586850792e-40
1.060712837381547e-40
7.53826541653348e-41
6.420274199806773e-41
4.799781824640159e-41
3.4923524517340974e-41
2.6980164333970843e-41
1.9188309344705763e-41
1.7966186403232e-41
1.5382952260398808e-41
1.2066137451602477e-41
8.963192527212378e-42
6.202207540651592e-42
4.92853394345623e-42
5.5808212719543415e-42
4.9407458237493487e-42
3.770337530330825e-42
2.6672258237831567e-42
1.8021486616271546e-42
1.355457476578561e-42
1.1719353626132144e-42
8.437700547843584e-43
5.7186284724371e-43
4.5387587129575835e-43
3.883763468409543e-43
2.929231448887382e-43
2.929687576454819e-43
2.638824366885091e-43
2.194527610699933e-43
1.5904863433695437e-43
1.0929291110979264e-43
7.254041122888997e-44
6.363650793517269e-44
5.507141868665888e-44
4.1719390814956654e-44
3.1081521752811525e-44
2.798759222834273e-44
2.1583665840915219e-44
2.2433405851381545e-44
2.266261508880647e-44
2.1560133527062378e-44
1.6933952287272364e-44
1.2716217584878534e-44
9.154085438061274e-45
6.765318483701124e-45
5.0178565008696676e-45
3.721149506212131e-45
3.2922566184478165e-45
2.6428438719751417e-45
2.4012019185597647e-45
Acceptance rate: 0.013499999999999998
1.4206047033296096e-45
1.5405204992274896e-45
1.4542782390473068e-45
1.9456052039170987e-45
1.8421005239286452e-45
1.416512670920991e-45
1.0685948104358747e-45
1.1228121630852005e-45
1.1286396728869608e-45
9.398884198261978e-46
8.769614458208023e-46
8.364750176050674e-46
6.649114061250884e-46
6.017822881519366e-46
5.7149101185105375e-46
4.29553873598343e-46
4.589698085835057e-46
5.069097096818252e-46
4.522789762187399e-46
3.4073712826439866e-46
2.8946108955323546e-46
2.2082192073542772e-46
1.5729382373064238e-46
1.5967821258226432e-46
1.654362654118654e-46
1.6595240419321438e-46
1.693724616884759e-46
1.5336138327970924e-46
1.2828427340493373e-46
1.2414797260528669e-46
1.2358822152548308e-46
1.1883730866480137e-46
1.3120460241836942e-46
2.0358462408240006e-46
2.013380455297842e-46
2.203486885559609e-46
2.6619173580510872e-46
2.8940154024869238e-46
3.532479982557213e-46
4.086287073608588e-46
4.514653036076681e-46
4.810644134279968e-46
4.253972024462333e-46
3.832476945018993e-46
3.990521300362954e-46
3.43217516669953e-46
3.4790854489853896e-46
4.197630540197029e-46
4.4474049899256285e-46
4.6698946108541834e-46
4.475656457913275e-46
4.389904721905098e-46
5.36852582999663e-46
5.922887198129565e-46
6.3362945831143514e-46
6.192970723687766e-46
6.4691613430396294e-46
7.752526706850487e-46
1.0360728216431398e-45
1.1068320828527144e-45
1.160321995240025e-45
1.1985009579310694e-45
1.1863270666317046e-45
1.1690439255057737e-45
1.3443912584336367e-45
1.2296952900623794e-45
1.334701993348145e-45
1.3572630683853618e-45
1.5155862030098983e-45
1.5585864604143822e-45
1.697725766531312e-45
1.7022713794092545e-45
2.0546612640694754e-45
1.738419939839459e-45
1.892658671972979e-45
2.0083404454238865e-45
2.5199620495175235e-45
2.5534974815408792e-45
2.9374520936188436e-45
3.463318749702993e-45
3.5767762030128373e-45
3.9424568105118e-45
3.729230434706054e-45
3.604785023073105e-45
3.637419397376453e-45
4.27423490806712e-45
3.834166226149981e-45
4.258780696439182e-45
5.112729903553896e-45
5.138258999182898e-45
4.36928700436579e-45
4.7480606548202604e-45
5.856923240705605e-45
6.019435215903712e-45
8.029565229980288e-45
9.491138057970821e-45
1.3144158002017695e-44
1.4029068543296909e-44
1.3312467298266833e-44
1.446516095100144e-44
Acceptance rate: 0.0643333333333333
9.538126237679732e-45
1.1071680582578477e-44
1.092946583363698e-44
1.0870634044914904e-44
1.1115238822092059e-44
1.1476469180441248e-44
1.3215042932372925e-44
1.4252849266073336e-44
1.3184472014022364e-44
1.6058961613285915e-44
1.5816199810861394e-44
1.454774345404298e-44
1.6150585950909246e-44
1.7097775255464019e-44
1.8584654429418233e-44
2.178164146179288e-44
2.3504379367204867e-44
2.53193343210802e-44
2.6820347666757123e-44
3.040971965795157e-44
3.7289564200630877e-44
4.3147509162539336e-44
4.2763063290869456e-44
5.928543046820345e-44
6.875319955004035e-44
7.834791960349159e-44
8.421530712525524e-44
8.488060475125733e-44
9.457153908511013e-44
1.1223261662877007e-43
1.3050852015133563e-43
1.6145759959254865e-43
2.013998608850054e-43
1.7888257572617846e-43
1.9735725484745027e-43
2.1291592935230335e-43
2.430455383484642e-43
2.336222101259873e-43
2.2787589481744994e-43
2.2868313062573465e-43
2.011438857894741e-43
2.1543948281164403e-43
2.0600714912735858e-43
2.6721468406919073e-43
3.0755329381304966e-43
3.608172841657039e-43
4.046933137752827e-43
3.720501856634679e-43
4.0772435284410534e-43
4.231265549433954e-43
4.211772288312539e-43
5.388770299231006e-43
5.3508579279609575e-43
5.277903514647665e-43
4.5471500274506925e-43
5.33666925114429e-43
5.6605154503134045e-43
6.16811201357107e-43
6.639944554985504e-43
6.730468242551684e-43
7.88814136022194e-43
7.246296321801564e-43
8.075402081469678e-43
8.74590504841638e-43
1.0911378144335555e-42
1.0892531985230468e-42
1.1966735684334059e-42
1.5579660769205323e-42
1.9133556262337055e-42
2.1381970047207314e-42
2.712703083108165e-42
3.001268992447801e-42
3.4850358776117876e-42
3.896658514557105e-42
3.7054776333644e-42
4.3145641049714204e-42
4.905705998875629e-42
5.674014259247138e-42
6.048206275729191e-42
5.7482760376662e-42
6.804183037854441e-42
7.587571879228074e-42
9.435517930925737e-42
1.37867930018104e-41
1.466972028205092e-41
1.5145300967058443e-41
1.529748738002045e-41
1.5722893224825704e-41
1.682554243652272e-41
1.866661989867661e-41
2.0701087123664458e-41
2.2581516631646355e-41
2.7390345110139565e-41
3.3270417686482493e-41
3.6751613022633526e-41
4.4290793823084415e-41
4.974125473587142e-41
5.27738840047695e-41
5.32488907139524e-41
5.56284120512907e-41
Acceptance rate: 0.10337499999999947
3.5422858675829877e-41
3.7025982218668136e-41
3.515204384040756e-41
3.6300271765669685e-41
3.670175540062095e-41
3.8326181530763514e-41
3.883552889193829e-41
4.2198235054442375e-41
3.953252831685226e-41
4.4194737461777297e-41
4.5799694614724585e-41
6.338442695536046e-41
9.041842025939316e-41
1.1976653289853318e-40
1.2753822158262432e-40
1.3761558027088152e-40
1.24661856274567e-40
1.6569368462011423e-40
1.8213446841537165e-40
1.916155964532396e-40
2.168240204445607e-40
2.442307149901344e-40
2.8134967003019925e-40
3.065924760237179e-40
3.6090447785651763e-40
4.359281517660485e-40
4.8096889254683436e-40
5.751510747861765e-40
6.501854481870656e-40
6.562639205355528e-40
7.416166093615683e-40
8.08276853827566e-40
7.67413177804553e-40
8.625017790591011e-40
9.065141716651878e-40
1.0975196966722537e-39
1.0763494807463004e-39
1.2908394231212441e-39
1.5716446025480015e-39
1.4279380007011276e-39
1.4869368527666194e-39
1.6658428386418203e-39
1.641624860110826e-39
1.982845939256441e-39
2.1596189119006128e-39
2.258433948720197e-39
2.5427543158425302e-39
3.3552038824081206e-39
4.043576766928792e-39
4.310872030185969e-39
5.078389330195303e-39
5.39248489897307e-39
5.2616466950238235e-39
5.8353964075643204e-39
6.443521035961787e-39
7.638341356792773e-39
7.948260217887638e-39
9.702418110653365e-39
9.553087670563927e-39
1.0531314382788143e-38
1.2810917380707575e-38
1.6905749998455687e-38
1.8328144751154572e-38
1.740791345791509e-38
1.6980309732748517e-38
1.8994263606725257e-38
2.0406378278987662e-38
2.263400476851389e-38
2.530045413701141e-38
2.624728496985549e-38
2.7447098714855206e-38
2.907090884194875e-38
3.344529960428479e-38
3.589938682163724e-38
3.5568579552405595e-38
4.0775871909835057e-38
4.413856533473599e-38
4.6981598851864606e-38
4.5508828046809353e-38
4.4298468898130286e-38
6.06517659710337e-38
7.088868221793449e-38
8.443775074464458e-38
8.692440678908517e-38
8.685286812673685e-38
9.345436905459246e-38
9.537784473397625e-38
1.0445866244397555e-37
1.0840362533459955e-37
1.2037069211649952e-37
1.1586976390256022e-37
1.5369324964622618e-37
1.5989337723359001e-37
1.5508126539975676e-37
1.7911751783238753e-37
1.9282008855055994e-37
1.9908423937084986e-37
1.8240298076886053e-37
1.8476364611669357e-37
2.0895171205961978e-37
Acceptance rate: 0.12829999999999925
1.333115411752101e-37
1.4573583889092762e-37
1.68311582716126e-37
2.022311894002956e-37
2.1841783465154657e-37
2.397651498435189e-37
2.296736278252493e-37
2.7902090645386187e-37
2.6561666746004782e-37
2.6037501827614886e-37
2.1736161949149924e-37
2.345020030731812e-37
2.1936961689236605e-37
2.6419716608523286e-37
2.703697912191841e-37
3.0505524363973592e-37
3.0163287758101517e-37
3.064278046870963e-37
2.8831680114301935e-37
2.754056565152674e-37
2.8194188481805747e-37
2.9838992114748895e-37
3.0116504643132436e-37
3.6210948259225617e-37
3.7844183781587285e-37
3.514121669344148e-37
3.321896586390659e-37
3.483482713217357e-37
3.3439252304437583e-37
3.499919013214181e-37
3.896376651312433e-37
3.781334798955043e-37
3.824057541674422e-37
4.06030130477597e-37
3.888690789729744e-37
4.372040943548527e-37
4.4865145670061165e-37
4.3433808760423005e-37
4.862680533489924e-37
6.971734370837374e-37
7.4424996074368516e-37
7.883661852119348e-37
8.457888058337955e-37
8.466776705160075e-37
9.20428145197649e-37
9.296573512974978e-37
8.270809648702172e-37
7.510066784657076e-37
8.754088439079016e-37
9.1062996848029e-37
8.172861942887656e-37
8.631737747560027e-37
8.939745035561902e-37
8.324634628444291e-37
9.068258535414116e-37
9.332887619337929e-37
9.42035701848354e-37
1.171109695270256e-36
1.184333514699837e-36
1.4316412582472605e-36
1.3101134329286564e-36
1.3654301298618913e-36
1.298296442308871e-36
1.5619201170504473e-36
1.9892533982673565e-36
2.211239965194531e-36
2.0925287118146814e-36
2.5717459408771152e-36
2.6764152852739814e-36
2.92851282445007e-36
3.0832668001479697e-36
2.9877868600202292e-36
3.069138031186018e-36
3.031870761649814e-36
2.709726512394918e-36
2.7725367286020234e-36
2.8748350501742368e-36
3.007753490668937e-36
3.239898562940979e-36
3.8287323006519976e-36
4.642079650240478e-36
4.7123241618210194e-36
4.578102066806779e-36
4.793205103139264e-36
5.225260004130241e-36
4.875589529884155e-36
5.5855934617000193e-36
5.946280963120259e-36
7.975902545785105e-36
8.264751374119374e-36
8.612040000479943e-36
7.567956457480722e-36
7.454720206647148e-36
7.107246339168764e-36
8.260442295322416e-36
8.217416752963223e-36
8.037955181040206e-36
7.542503175896407e-36
9.022596611162737e-36
8.516274745162204e-36
Acceptance rate: 0.1545833333333331
5.67491702579751e-36
6.09369371809492e-36
5.4497431035643806e-36
5.948248520319526e-36
6.962367898950502e-36
6.918980586165152e-36
7.166785166930807e-36
7.134513046008081e-36
7.045629235837699e-36
7.085911363644889e-36
7.178463968489279e-36
9.557062163072707e-36
1.0292873630526819e-35
1.2007929475167285e-35
1.0605962056706274e-35
1.1035413703717912e-35
1.1477661450617129e-35
1.1654687172688361e-35
1.2336652549009456e-35
1.1914739341036232e-35
1.3568902471089702e-35
1.3367391502669887e-35
1.3630900450720616e-35
1.3423933918976578e-35
1.3601157290818618e-35
1.4910866443827134e-35
1.6295863083020406e-35
1.569614363301427e-35
1.4910651258949846e-35
1.5515964689935376e-35
1.6686612337974703e-35
1.6709576873853773e-35
1.5354773695455593e-35
1.5396819607055525e-35
1.5636735037876583e-35
1.6618028900539376e-35
2.066639009866754e-35
2.1125106179658292e-35
2.0498645588979393e-35
2.157354680522677e-35
2.0243750519028506e-35
2.2051667005856118e-35
2.1619981025654003e-35
2.2511764883316024e-35
2.1432311390657368e-35
2.3674423662063295e-35
2.4481757458196894e-35
2.6216331012528733e-35
2.646578142703056e-35
2.69636938027841e-35
2.5766005237100484e-35
2.5932084070934666e-35
3.0489771256158374e-35
3.4703979449023644e-35
4.2069060321359895e-35
4.729209063057225e-35
5.202027200491651e-35
4.912134042094151e-35
5.090523701043227e-35
5.315888911872565e-35
4.945661325069953e-35
5.521915973255292e-35
5.738127761690918e-35
5.984787385779098e-35
6.445011186976591e-35
6.032670370602181e-35
6.379492067754376e-35
6.5508303220889e-35
6.527072362592284e-35
6.139081792735345e-35
5.556614394094733e-35
5.653558727454178e-35
6.653921058276255e-35
6.471270331690299e-35
6.533677902045684e-35
7.558237253069229e-35
7.572756943218493e-35
7.196857934246271e-35
7.399333386352529e-35
7.253986600900371e-35
7.204792937066445e-35
7.043907766642033e-35
7.036012856546552e-35
6.850156671805033e-35
6.769106009669678e-35
6.831626139564352e-35
8.24102970155923e-35
8.030047742613236e-35
7.133417519547851e-35
7.380674450964195e-35
7.012636759702831e-35
6.971675299023142e-35
7.146248629968066e-35
6.841103350370053e-35
6.895777958819719e-35
6.795991514258391e-35
7.354511092163847e-35
7.42594395660306e-35
8.125252281203319e-35
8.192478779321178e-35
Acceptance rate: 0.17578571428571438
5.340132939942367e-35
5.482619924337798e-35
6.624802321205195e-35
7.871283236518532e-35
7.512035503082907e-35
7.439189273794573e-35
8.41690647019492e-35
9.82346613229008e-35
9.561657829520035e-35
8.9021023498096e-35
8.79680955722113e-35
9.166179273317673e-35
9.780255956250947e-35
1.0016575782278827e-34
1.0146944954250413e-34
1.06419972414953e-34
1.0480763142856922e-34
1.1047787611553203e-34
1.2958381579676277e-34
1.2993246323367232e-34
1.3432238071484261e-34
1.4536066751092611e-34
1.5589507611619972e-34
1.4922792067212904e-34
1.3483721942364383e-34
1.4360358841742985e-34
1.452048511540487e-34
1.6061029062463487e-34
1.8873138624149612e-34
2.385956236871796e-34
2.2426770855385084e-34
2.3022255694388434e-34
2.3190542992493776e-34
2.17203799656795e-34
2.0515186658466378e-34
2.3899282919268602e-34
2.6987633052499816e-34
2.5467671662138483e-34
2.577325020707657e-34
2.2560088449855505e-34
2.175043807588255e-34
2.165546958662719e-34
1.9490307729605916e-34
1.855093219705786e-34
1.7497190215884632e-34
1.6136076318014285e-34
1.7610232101787162e-34
2.039923829912518e-34
2.257297018865437e-34
2.4561525330400687e-34
2.439235428545091e-34
2.787035302278217e-34
2.4791798794000583e-34
2.911978559487528e-34
2.8570394010424686e-34
3.0746935872261274e-34
3.460813109001607e-34
3.346534414718683e-34
3.691725375614151e-34
3.4651791148162337e-34
3.444106202413178e-34
3.3268225109771728e-34
2.9276150077631917e-34
3.0792249196723188e-34
2.9775717852135057e-34
2.7725528621603695e-34
2.4604185853176855e-34
2.5402858904751154e-34
2.536432665236931e-34
2.5708865871233573e-34
2.566098200416277e-34
2.6826918052682564e-34
3.25905830601866e-34
3.174374560438994e-34
3.081740952867581e-34
2.8625227762177528e-34
2.935140787355337e-34
3.301163828319398e-34
3.5121385868043288e-34
3.4372325046341616e-34
3.566471971302396e-34
3.617733234884837e-34
4.325501853461519e-34
4.096905892949657e-34
4.078410493266496e-34
4.850749934637247e-34
4.166568286019319e-34
3.621731426050369e-34
3.4711061952953864e-34
3.0372257315228293e-34
3.1791674230709384e-34
3.358427527571723e-34
3.979387306154728e-34
4.0809890598345794e-34
4.385784040056954e-34
4.770515103517117e-34
4.102005681476367e-34
5.086918174028596e-34
4.7368899219238725e-34
4.905859867105019e-34
Acceptance rate: 0.19062500000000052
3.2255058719307596e-34
3.661383324413482e-34
3.839886808904814e-34
3.6607541976618712e-34
4.228427526705254e-34
4.564694448774066e-34
4.74411623887101e-34
5.403254047733338e-34
5.545126781153159e-34
4.951124454684913e-34
4.581288780392924e-34
4.532271950776591e-34
5.07240414657567e-34
5.383383713166259e-34
7.4357775503484995e-34
6.402565573317194e-34
5.825688570019761e-34
6.9105054639681896e-34
6.338383410650464e-34
6.466358459958709e-34
5.549895426766985e-34
5.453378787523267e-34
5.2027053675862165e-34
4.908979408790537e-34
4.519401296613868e-34
4.3096272174008925e-34
3.7651138683947906e-34
3.5868636283382055e-34
3.393268102105068e-34
3.447674082398633e-34
3.168581594886958e-34
3.2289192389997696e-34
3.0369604525838108e-34
2.8904766462735523e-34
2.6930233161132982e-34
2.543543676304214e-34
2.929407006807094e-34
2.933464438325184e-34
2.6356035465005627e-34
2.118684753207174e-34
2.509135332972191e-34
2.3424621258169843e-34
2.1637283843629624e-34
2.1556762451538045e-34
2.120915520726393e-34
2.093786954809054e-34
2.08080668289416e-34
1.7555616432953986e-34
1.9345479340283558e-34
2.087778731974771e-34
2.009935086006636e-34
2.119476692049013e-34
2.399354730459368e-34
2.3517946751105956e-34
2.2150635607252678e-34
1.9845078567679518e-34
1.9548114656535566e-34
1.8429793348051568e-34
1.8496498048804785e-34
2.2252447637391793e-34
2.4852959691734626e-34
2.250273543950333e-34
2.2734581534299342e-34
2.6290296548772803e-34
2.358962294321879e-34
2.1448675679629795e-34
2.0328121167253068e-34
2.256169526024709e-34
2.2187176602314964e-34
2.055331658627972e-34
2.210565664797461e-34
2.125077128216958e-34
2.364388430729758e-34
2.7864654769701682e-34
3.083051282825178e-34
3.104893397827488e-34
3.359450789381127e-34
3.667466610741813e-34
3.6140168257929486e-34
3.3516919079660307e-34
2.910517682702288e-34
3.128225897616514e-34
3.2394174369237795e-34
3.040286799991244e-34
2.8796429950701294e-34
2.6654732981770205e-34
2.729825160079196e-34
2.605952154491719e-34
3.212290235577837e-34
3.01327841204947e-34
3.0322972184363594e-34
2.7300628305749316e-34
2.903564087575969e-34
3.027803893980603e-34
3.0740804638949715e-34
3.404340769282976e-34
3.3248311993545473e-34
3.4115875029569147e-34
3.570003619865823e-34
4.471383581322782e-34
Acceptance rate: 0.20000000000000054
2.979102450314315e-34
3.5172945517767504e-34
3.0106995443143285e-34
2.988421333965348e-34
2.673148802315862e-34
2.1318044437776828e-34
2.1078168600956447e-34
2.2394013061361e-34
2.1465947662261958e-34
1.9359335924337406e-34
1.842290548880567e-34
1.969624211300512e-34
1.9559835200648123e-34
2.0039121506876464e-34
1.944604062934302e-34
1.7859737302591725e-34
2.217122284755092e-34
2.1330213430857396e-34
1.9163632055130941e-34
1.9804217156161447e-34
1.939412645730638e-34
1.98692548001672e-34
3.076350353553592e-34
3.46682060843817e-34
3.4637523584615034e-34
3.4570207488833717e-34
3.0993619100335467e-34
2.773890369309544e-34
2.5029556176827453e-34
2.239919647484043e-34
2.0619687031210834e-34
1.959994646092657e-34
1.9155637462958413e-34
1.8779037709324025e-34
2.0670836601121023e-34
1.6661424501874167e-34
1.5427691547147653e-34
1.6503240736092855e-34
1.6147724036072987e-34
1.507186960188793e-34
1.5788495421013926e-34
1.5774557342230307e-34
1.5059960484968451e-34
1.4840398804236286e-34
1.3314941066128633e-34
1.1271082874554706e-34
1.0204685500961414e-34
9.831068185353608e-35
9.78772303862876e-35
1.1537179569062401e-34
1.0851587285100876e-34
1.3452804664821924e-34
1.460463036453766e-34
1.4169569482968875e-34
1.485777361270047e-34
1.3476405751299878e-34
1.3103703719650967e-34
1.260773312403711e-34
1.503642500209327e-34
1.4011027417985697e-34
1.3352177174422204e-34
1.5397384130314958e-34
1.5696289612747812e-34
1.4723025166042956e-34
1.443088412446405e-34
1.5335937747395707e-34
1.3760589376672337e-34
1.368330681299185e-34
1.2896855096838423e-34
1.5213218353770204e-34
1.5795988874563741e-34
1.4406323367153783e-34
1.5785046762810084e-34
1.4773404876744097e-34
1.42183928943867e-34
1.4989318826376116e-34
1.7073817070566525e-34
1.7308424432496907e-34
1.6042112276888613e-34
1.5504913324177404e-34
1.5581754452467055e-34
1.606343495616041e-34
1.580925650707027e-34
1.5221756779015317e-34
1.4837778879486305e-34
1.6473839971294402e-34
1.73286701843318e-34
1.5072204125049347e-34
1.505951693092203e-34
1.558630830450473e-34
1.4152779144609148e-34
1.5048903440055636e-34
1.5937654986336114e-34
1.4759301748193948e-34
1.4006145900390146e-34
1.4731203780981913e-34
1.4612676683047438e-34
1.5596742268315234e-34
1.4306920417150456e-34
1.2492554177415088e-34
Acceptance rate: 0.20985000000000179
Sampling time (10 samples): 5194.1839 seconds
