/scratch/users/yanlan/TroubleShooting/MC_ETwd/Output/AM_PM_ET_197_337_00
0.0804999999999999 4.976880271399043e-32
0.20974999999999988 3.863990894908638e-31
0.26766666666666633 9.379924420362518e-32
0.29099999999999987 9.600374618106582e-32
0.3131 1.2572857017600008e-31
0.31483333333333274 2.1429202512274616e-34
0.29885714285714304 8.199063505177328e-39
0.29568749999999916 1.815064077285567e-36
0.29238888888888853 2.58861755431407e-34
0.29474999999999935 1.1596601448600091e-32
0.29781818181818026 1.1740435225581288e-31
0.3045833333333335 1.0812297014155382e-30
0.3106923076923083 1.1207384282242601e-30
0.3158571428571436 1.0436052552752433e-30
0.31946666666666634 1.971159378674428e-30
0.3214375000000001 1.0552287303110507e-30
0.3230000000000007 1.2576221213204395e-30
0.3243888888888891 3.8358122902890188e-31
0.32794736842105326 4.527409053416599e-31
0.32892500000000224 2.1748464969690097e-30
Sampling time (10 samples): 11141.2061 seconds
