/scratch/users/yanlan/TroubleShooting/MC_ETwd/Output/AM_PM_ET_202_357_00
0.026999999999999993 3.366296686671135e-41
0.06849999999999985 4.9580115902330885e-57
restart...
0.04900000000000006 6.642447164124426e-61
restart...
0.0664999999999997 1.715642125029416e-53
restart...
0.047999999999999945 2.5740078924132597e-58
restart...
0.054250000000000055 1.9199125263192577e-57
restart...
0.03900000000000008 2.184707617741096e-60
restart...
0.03999999999999992 1.2250189797590298e-65
restart...
0.06625000000000004 1.0114113515156758e-51
restart...
0.06850000000000014 8.437607833106751e-52
restart...
0.05450000000000002 1.6802238906752862e-54
restart...
0.05450000000000004 9.035343480057906e-55
restart...
0.05399999999999995 1.2016661126089331e-55
restart...
0.051499999999999956 4.7058035922236055e-56
restart...
0.04900000000000002 5.155314599084431e-58
restart...
0.04950000000000002 2.935602332773427e-56
restart...
0.05225000000000003 3.0488334880342312e-56
restart...
0.05974999999999993 1.2183492833461212e-56
restart...
0.049499999999999995 1.9193203065798498e-56
restart...
0.05675000000000006 5.632792148759326e-57
restart...
Sampling time (10 samples): 11121.0560 seconds
