/scratch/users/yanlan/TroubleShooting/MC_ETwd/Output/AM_PM_ET_169_399_00
0.011499999999999995 8.328999098368721e-44
restart...
0.010499999999999995 1.980398900812374e-45
restart...
0.013999999999999997 6.759372970131034e-43
restart...
0.020500000000000008 1.2848829038746793e-39
0.031249999999999997 8.390803440096888e-64
restart...
0.015749999999999993 1.0865695828652314e-72
restart...
0.016750000000000036 1.2770819875720453e-73
restart...
0.03574999999999998 6.947370439638941e-60
restart...
0.017500000000000043 1.5417917827913247e-72
restart...
0.028250000000000008 1.9671827320831032e-61
restart...
0.017000000000000074 9.742186328425252e-72
restart...
0.019000000000000003 3.360190735115998e-71
restart...
0.013999999999999978 4.2454211125153495e-79
restart...
0.023250000000000017 1.3130433415590638e-67
restart...
0.02450000000000001 1.8153057194885232e-65
restart...
0.018000000000000082 4.3316198359801375e-69
restart...
0.01925000000000003 1.3495568516880702e-70
restart...
0.025750000000000002 2.914343620013479e-65
restart...
0.017250000000000067 1.033463145947335e-73
restart...
0.018750000000000006 1.9513995558123082e-71
restart...
Sampling time (10 samples): 11174.4865 seconds
