/scratch/users/yanlan/TroubleShooting/MC_ETwd/Output/AM_PM_ET_232_329_00
0.047 2.1281669582865856e-35
0.14350000000000002 1.679915976395621e-37
0.18816666666666712 3.217309624263974e-39
0.21325000000000036 1.7297171917649233e-39
0.23630000000000068 1.6418201162120447e-38
0.2555833333333344 4.891129337823118e-39
0.2653571428571439 1.5056412148839345e-38
0.2755000000000028 1.0159617757807586e-38
0.28055555555555783 2.381599291871688e-38
0.28960000000000236 1.1934555101682556e-37
0.2983181818181824 1.171114742599058e-38
0.304041666666669 4.812072997222583e-38
0.3090384615384634 3.039857745869523e-38
0.3136785714285731 6.215285593561616e-39
0.31840000000000035 1.6808119164043657e-38
0.3210937500000005 1.0094300152749744e-38
0.32491176470588196 1.1505597061470439e-38
0.32711111111110974 1.7317933752853784e-38
0.3284473684210517 1.3678347586385946e-38
0.3292249999999979 4.751586619985786e-38
Sampling time (10 samples): 11198.8266 seconds
