/scratch/users/yanlan/TroubleShooting/MC_ETwd/Output/AM_PM_ET_219_348_00
0.039000000000000035 7.886413647065199e-38
0.11675000000000031 2.4913625384906337e-40
0.13533333333333356 3.922185707082805e-42
0.13925000000000035 3.487899244254045e-44
0.14120000000000008 2.421666921588606e-47
0.1450000000000003 2.6583292121836466e-49
restart...
0.07425000000000002 2.8632244123524234e-46
0.10949999999999985 1.2858304805069753e-48
0.134375 3.7832470057659307e-48
0.1452000000000003 1.6364554845252274e-48
0.14858333333333376 1.292943402519117e-55
restart...
0.09125000000000029 1.2173329489497409e-42
0.1216666666666669 3.9568498650734364e-46
0.1431250000000004 1.0206311000511509e-47
0.15520000000000023 2.301553745079378e-48
0.16266666666666627 1.822651466818276e-48
0.1688571428571419 1.6270083718741267e-48
0.1580624999999989 2.5280483268514056e-69
restart...
0.08074999999999995 1.7997781676413362e-45
0.10249999999999988 1.3709316690243572e-48
Sampling time (10 samples): 11704.8977 seconds
