/scratch/users/yanlan/TroubleShooting/MC_ETwd/Output/AM_PM_ET_170_395_00
0.019500000000000003 9.156046050568127e-40
restart...
0.014500000000000025 1.7608780621689657e-42
restart...
0.009499999999999993 2.540489878585344e-45
restart...
0.013499999999999988 4.739564709266929e-43
restart...
0.01150000000000002 1.5951630504431507e-43
restart...
0.015 1.1342727741489446e-44
restart...
0.014999999999999982 1.7507941896530093e-42
restart...
0.015000000000000008 1.5719321234848532e-44
restart...
0.0155 1.2160500270755198e-40
restart...
0.01100000000000002 1.319368355229551e-43
restart...
0.016499999999999997 2.920316800068068e-41
restart...
0.017000000000000015 1.9217141477201558e-41
restart...
0.008500000000000013 6.137284438512931e-45
restart...
0.022000000000000002 1.5268360687707342e-40
0.02300000000000003 5.479352348701592e-70
restart...
0.01950000000000004 3.780432859427747e-73
restart...
0.018500000000000023 1.502711453075939e-70
restart...
0.02275000000000001 1.3525412363495924e-70
restart...
0.012999999999999992 7.413909867238736e-82
restart...
0.016249999999999997 1.6638446102550835e-75
restart...
Sampling time (10 samples): 11304.7979 seconds
