/scratch/users/yanlan/TroubleShooting/MC_ETwd/Output/AM_PM_ET_194_333_00
0.008499999999999992 1.9792153030099826e-46
restart...
0.031999999999999994 4.97918287231567e-38
0.062499999999999806 2.245804036461572e-59
restart...
0.037249999999999985 4.8033281764012875e-65
restart...
0.06549999999999992 2.065499988574108e-57
restart...
0.06799999999999988 3.347815299457786e-55
restart...
0.054000000000000034 1.4024490035059451e-59
restart...
0.11750000000000013 4.2253899729828416e-43
0.08066666666666648 1.600571283734812e-80
restart...
0.06050000000000001 3.316580381737081e-58
restart...
0.06499999999999997 2.171068805104303e-61
restart...
0.07574999999999993 2.7103818318035523e-53
restart...
0.05875000000000002 5.7461000071802166e-58
restart...
0.04925 3.9836614514178885e-62
restart...
0.06675000000000018 2.329592790795215e-56
restart...
0.041500000000000065 3.6606122410013917e-65
restart...
0.13499999999999984 7.537516394205377e-43
0.15216666666666667 3.95723357229178e-51
restart...
0.12099999999999997 8.989661738448842e-46
0.08333333333333302 1.6176705732920686e-84
restart...
Sampling time (10 samples): 12114.8213 seconds
