/scratch/users/yanlan/TroubleShooting/MC_ISO/Output/AM_PM_ET_206_379_00
0.010000000000000002 1.3026787878532047e-44
restart...
0.0285 1.4556793441690885e-38
0.10225 3.9249699720610996e-43
0.14300000000000088 1.6542442138385852e-43
0.15687500000000032 6.1693492240339086e-43
0.17020000000000016 2.554559447803707e-42
0.16875000000000007 1.3019162691735545e-46
0.16985714285714315 6.918295644845921e-53
restart...
0.09799999999999985 2.8371934772088663e-42
0.11183333333333315 6.882866662908877e-51
restart...
0.08525000000000013 1.860586242425207e-42
0.10383333333333357 1.0349184677557014e-48
0.1138750000000002 1.9850198630689727e-52
restart...
0.09774999999999993 6.1765120628048e-44
0.13033333333333322 9.210239049829102e-48
0.15024999999999958 4.852825405254925e-49
restart...
0.10400000000000018 1.247617713717707e-41
0.11833333333333344 1.1090808562701228e-49
restart...
0.09099999999999998 1.8340100964324118e-42
0.1108333333333334 1.6060167841528321e-46
Sampling time (10 samples): 11217.6711 seconds
