/scratch/users/yanlan/TroubleShooting/MC_ISO/Output/AM_PM_ET_170_395_00
0.025000000000000005 6.178827442917236e-40
0.12974999999999992 1.9397696133980263e-40
0.17600000000000007 6.881699950351354e-37
0.19862500000000063 4.868698493707902e-35
0.1982 1.0783207685689792e-47
0.19575000000000026 3.153926143173093e-49
restart...
0.1497500000000004 1.253932458346249e-38
0.14483333333333334 9.448076250091072e-53
restart...
0.14199999999999988 2.078793901096693e-38
0.14483333333333304 8.650807274022888e-51
restart...
0.1415000000000001 1.26154625773318e-38
0.14816666666666753 6.4571165567927846e-49
restart...
0.13749999999999996 3.9310196551506955e-39
0.1845000000000009 4.009011352608218e-37
0.18787500000000057 1.5024685960786436e-44
0.1784000000000008 1.4971487975829499e-53
restart...
0.13749999999999993 4.054648811135486e-38
0.19000000000000025 2.520158856259172e-36
0.2162500000000001 1.475122690617205e-34
0.18900000000000006 8.28588770220606e-57
restart...
Sampling time (10 samples): 11020.3985 seconds
