/scratch/users/yanlan/TroubleShooting/MC_ISO/Output/AM_PM_ET_197_337_00
0.01950000000000001 1.0521581562502285e-39
restart...
0.01299999999999999 2.1631160994511952e-40
restart...
0.015499999999999996 3.4830991919585827e-41
restart...
0.01749999999999998 4.710013549866077e-41
restart...
0.009999999999999986 9.792070648992678e-42
restart...
0.010999999999999992 4.10522994828746e-43
restart...
0.012499999999999994 1.2830018225669597e-42
restart...
0.0085 9.729069230845997e-45
restart...
0.010499999999999994 1.6279770761063179e-43
restart...
0.02149999999999999 1.169026890883565e-38
0.07 1.22225350996819e-50
restart...
0.11199999999999988 8.859390044816991e-41
0.15333333333333332 7.383804835733641e-39
0.1842499999999996 1.1647897056539713e-37
0.20040000000000013 4.39187573105222e-37
0.20983333333333348 2.5139201316102066e-37
0.21792857142857133 2.3243958297578836e-36
0.22774999999999965 1.0867555145361721e-36
0.24022222222222167 2.4805967012213878e-36
0.24774999999999928 6.772425756408515e-37
Sampling time (10 samples): 11472.1585 seconds
