/scratch/users/yanlan/TroubleShooting/MC_ISO/Output/AM_PM_ET_225_393_00
0.012500000000000006 2.926839652659995e-42
restart...
0.011999999999999999 6.699300277480367e-41
restart...
0.009000000000000006 5.7782433828577595e-46
restart...
0.019000000000000003 9.14202083576686e-41
restart...
0.0125 4.227203460920752e-43
restart...
0.013000000000000003 1.5467368047305097e-42
restart...
0.012 1.6778179156342684e-41
restart...
0.009499999999999977 4.545014047065823e-44
restart...
0.005499999999999997 6.399280284353757e-48
restart...
0.0105 1.1452504390641204e-44
restart...
0.011000000000000008 5.3931834125600084e-43
restart...
0.011499999999999986 3.3647334053861745e-42
restart...
0.015000000000000005 2.0219604781923284e-41
restart...
0.012000000000000004 2.5313916808211227e-42
restart...
0.009499999999999995 3.907008407343087e-43
restart...
0.009999999999999998 4.108237362725054e-45
restart...
0.008499999999999992 5.655739826631315e-45
restart...
0.014000000000000005 6.588671562366666e-42
restart...
0.01250000000000001 3.368881653068346e-43
restart...
0.01249999999999999 4.502327451925426e-43
restart...
Sampling time (10 samples): 11563.7864 seconds
