/scratch/users/yanlan/TroubleShooting/MCMC0/Output/AM_PM_ET_225_393_00
2.3587700309439208e-07
4.408499792835123e-08
8.345794079808769e-09
1.6087704796827073e-09
3.1602476758937475e-10
8.236170591985942e-11
2.009499150552529e-11
4.671228377006381e-12
1.804739431536259e-12
6.016165358388112e-13
1.9841564096602746e-13
7.016330058043013e-14
2.028728300228454e-14
5.399781194374865e-15
2.0801117435813953e-15
6.867272900919399e-16
2.3135067487151717e-16
6.777958155629888e-17
1.8594239597944065e-17
4.920782656805184e-18
1.2749983298020334e-18
3.2616880362702827e-19
8.280559409409722e-20
2.0931661562948504e-20
5.280159705380805e-21
1.3312667442350267e-21
5.800624940155076e-22
2.1333196925140914e-22
1.2078386711016103e-22
4.9432043381883515e-23
2.2053944696912693e-23
7.647024740712877e-24
2.3907659491844313e-24
9.798317214667795e-25
3.3801622258447544e-25
1.060896952766402e-25
3.162996990979481e-26
9.14017205152625e-27
2.5882909114527006e-27
7.230295351303328e-28
2.0009981582582492e-28
6.777744154502362e-29
2.3667328345092832e-29
1.6928013628530416e-29
7.336681232960183e-30
3.20148596257482e-30
1.4589480734319435e-30
6.0675690897205185e-31
3.6110960355760273e-31
1.4343909639083478e-31
5.819651920509949e-32
2.2067860179837596e-32
1.2969734420562457e-32
6.836874217173052e-33
2.883189946940732e-33
1.0304924273267316e-33
3.4023033212490394e-34
1.7943366540069038e-34
1.1424317715995467e-34
6.983070586424787e-35
3.196004497010031e-35
1.595622090497759e-35
8.577381461528714e-36
5.704582244098596e-36
3.194765166661758e-36
2.226698623000515e-36
1.2428333973317223e-36
1.3072523553543244e-36
8.484679019370824e-37
5.904435429629607e-37
5.3900274185143835e-37
3.7499856990291043e-37
2.0774110926890175e-37
8.420494570793352e-38
5.566759212765095e-38
3.776799301030828e-38
3.2021641331707874e-38
2.097477471665892e-38
1.4524845486768993e-38
1.0594216934754763e-38
5.105230615900039e-39
2.603183816310185e-39
2.0297569634666758e-39
1.864424473308779e-39
1.8115389538853265e-39
8.748389483010593e-40
9.34982581268874e-40
6.194509864517439e-40
4.126278860090838e-40
2.9627889383388053e-40
1.4052869524359163e-40
9.850130759378982e-41
1.0454547964354697e-40
9.650213182678908e-41
7.75094403855255e-41
6.601304768708726e-41
6.07337966668108e-41
4.085034171477616e-41
4.319878163905985e-41
3.253880411508612e-41
2.829090246691162e-41
2.22024282957881e-41
1.922454361664338e-41
2.440695706917601e-41
1.7325579248613304e-41
1.0768558970052711e-41
7.53486203911559e-42
7.126512606313127e-42
5.491053769869621e-42
4.078171750340322e-42
4.6378878457726666e-42
3.360666102427953e-42
2.665583989591776e-42
1.9743973447230752e-42
2.9371002814836914e-42
3.1414332206955394e-42
3.3472215234545345e-42
3.351722313544537e-42
3.005241681036662e-42
3.1854782314137945e-42
3.152043285319751e-42
3.248853075587023e-42
3.4089846242830224e-42
3.649625730341005e-42
3.513605638061981e-42
2.94340513540818e-42
2.874831906091405e-42
3.097270052291296e-42
2.8536673400794464e-42
1.6607341693433873e-42
1.9853696857690553e-42
1.4800958106729044e-42
1.2362982268922983e-42
1.0566354727253753e-42
1.196007234531092e-42
1.1041695075003778e-42
6.000914631172192e-43
5.455919880840323e-43
3.685665372272912e-43
2.5060153820170312e-43
3.5036303310866075e-43
3.426125434147606e-43
3.3178335356949548e-43
3.4674931836757915e-43
2.9793964239984733e-43
4.507003021707761e-43
4.802920138479638e-43
4.529756987768663e-43
3.3107611009522482e-43
3.246741825097027e-43
3.1698197189264464e-43
3.0819569932199325e-43
4.539387520111221e-43
5.066899043811889e-43
5.2125739527012275e-43
4.062793671531554e-43
3.4174349903214678e-43
3.691360243020015e-43
3.841097708792187e-43
5.221241668652349e-43
6.195518316689201e-43
4.243001173813682e-43
3.7146112938367624e-43
2.700532681185679e-43
2.7250056967577168e-43
2.6196258611261107e-43
2.5867896913798496e-43
1.999246623502549e-43
1.9148782784534853e-43
1.7948091562196007e-43
1.6245562264079282e-43
1.7059530913529203e-43
1.604576367413251e-43
2.1736270747255075e-43
2.6144624687590228e-43
2.2451883563331754e-43
2.365801374660094e-43
2.572649998675655e-43
2.7031270280804243e-43
2.010525912537808e-43
1.5458441456889856e-43
1.078620586253235e-43
9.459853813346504e-44
8.255125680943519e-44
1.0437045149159797e-43
1.7043419464292343e-43
1.560994967496808e-43
1.529518190841414e-43
1.5622186672495326e-43
1.6352209159712682e-43
1.806096063474452e-43
1.9395000468460557e-43
2.259721072550295e-43
2.2338147331690203e-43
1.748180125159097e-43
1.5416131396699745e-43
1.9026874247051016e-43
2.193623477244861e-43
1.9522475827679752e-43
1.8065466704109545e-43
Acceptance rate: 0.12149999999999994
7.173421805849259e-44
1.0234721715865422e-43
1.0242476851246903e-43
6.613528534526192e-44
6.936577781577759e-44
5.91937521842994e-44
9.112053456607037e-44
1.0048541463942271e-43
8.716019504225366e-44
6.724972501992667e-44
8.372959967534869e-44
1.081119873619938e-43
1.118036430759482e-43
8.950606650573073e-44
9.062827801686675e-44
8.252366006889577e-44
7.029167660837068e-44
1.031991116732504e-43
8.226151546145523e-44
8.269896625352154e-44
8.82005214123344e-44
8.839609737520349e-44
8.184773753092697e-44
8.279113323991891e-44
8.892638412868245e-44
8.780417749005863e-44
9.444237482442629e-44
9.816637414203795e-44
9.110324624456099e-44
1.2383909279196395e-43
1.2824105506433592e-43
1.4727820754350939e-43
1.4983202927254961e-43
1.8234065188880524e-43
2.381941249215358e-43
2.432327257540017e-43
2.486010979809964e-43
2.45824082878484e-43
2.3585107196525614e-43
3.4243984841401744e-43
3.735628097960273e-43
5.30389699729685e-43
3.4324405279194537e-43
4.08779651728082e-43
3.2893256662139408e-43
3.042814835249564e-43
3.450358061057036e-43
4.491564701451898e-43
5.775482599546808e-43
5.299833437672305e-43
3.9169181961077716e-43
3.963819187197344e-43
4.285796006887674e-43
5.6321522644843345e-43
4.646637361945164e-43
5.484316996666251e-43
6.818062257255881e-43
8.553110113239759e-43
8.778997408376296e-43
7.734636184278773e-43
8.263999040122072e-43
6.7416260153769665e-43
8.824875048342711e-43
7.34804961758721e-43
6.413592070543143e-43
5.925527771646991e-43
6.828472646531637e-43
6.5899780928383085e-43
5.0633947508527186e-43
5.59566757695754e-43
5.912264689358458e-43
5.823782252710186e-43
4.603151520399107e-43
4.549417827245449e-43
4.072298703454189e-43
4.480238591626335e-43
4.372235973679442e-43
3.8854446266401995e-43
4.484358996070649e-43
5.671387378865464e-43
5.333265208890548e-43
6.156584058855337e-43
8.176309704322934e-43
1.0122475193969333e-42
1.3382456605381455e-42
1.4387098627793785e-42
1.4516367043602842e-42
1.5088959716697972e-42
1.451819720310265e-42
1.5316722014308974e-42
1.0872972161686594e-42
2.252346925915174e-42
3.752311566548038e-42
3.1099056147193675e-42
2.741039856873183e-42
2.7051723248654054e-42
2.7714062604342258e-42
2.9831941292144605e-42
3.1220143683485036e-42
4.1352751837228945e-42
4.087603192593125e-42
4.5764804978419524e-42
4.3589606595336945e-42
4.068333397601501e-42
3.7067619415305364e-42
5.0434614798656856e-42
6.053445786599848e-42
5.5198001506255395e-42
6.025249141221492e-42
5.485813676715232e-42
4.5542423245926076e-42
5.449111428099152e-42
5.795927029499732e-42
4.617888803645904e-42
5.351106365224615e-42
7.581827594558227e-42
8.507644153873383e-42
6.89147756479926e-42
7.472031449712001e-42
7.551566557136885e-42
9.108354620582605e-42
9.780965147838686e-42
1.1894749008620588e-41
1.5308661971365867e-41
1.5933928664298396e-41
1.8382034083087276e-41
1.7512296925336168e-41
1.5066062299259303e-41
1.7264234929348528e-41
2.500362365249869e-41
3.0824313548712376e-41
4.3038628464362684e-41
4.367562527312186e-41
4.926560969966621e-41
5.650663045200936e-41
6.289447116357115e-41
7.10778062067231e-41
6.383273484482428e-41
6.74407130897717e-41
6.324182490180413e-41
7.28803784390477e-41
8.797313481959226e-41
7.052299472855836e-41
9.577036431982667e-41
1.0515293303799929e-40
1.0526655666646872e-40
1.0117975274615965e-40
1.2187501319000087e-40
1.3624109944512945e-40
1.1286176596772329e-40
8.223882949105324e-41
7.676080488619145e-41
7.100163904844525e-41
8.140557326410121e-41
1.1152158592603162e-40
1.4313140654513362e-40
1.5229667849050973e-40
9.62690240783869e-41
9.800211561760542e-41
1.1012880064483396e-40
1.7514487181773344e-40
2.1995056516538358e-40
2.270167648700583e-40
3.7481490436422866e-40
4.505333223871829e-40
4.6694422385827226e-40
4.35859489863361e-40
4.979659476002833e-40
5.558368025282117e-40
5.506592765707258e-40
8.25454037668027e-40
6.951948841601724e-40
6.65705140235407e-40
1.0150351804326464e-39
1.1041547393417585e-39
1.0399606433711536e-39
8.896134259678546e-40
9.214102614600055e-40
8.907442627285334e-40
8.494216296763761e-40
6.474226819484645e-40
6.567346596535165e-40
7.018852515623251e-40
7.249529436473697e-40
8.723309919364089e-40
7.79275373233209e-40
9.665116243560499e-40
1.0618767553010985e-39
1.0550521050645205e-39
1.184517023250577e-39
1.1515627384144042e-39
7.815815345998769e-40
8.307948008658373e-40
1.2673744851741954e-39
1.1787172782665833e-39
1.1243231706528243e-39
1.1591075555730689e-39
1.1695660359525007e-39
9.746195007464649e-40
8.099633641237364e-40
Acceptance rate: 0.17049999999999932
3.0901546785145017e-40
2.9572975274918567e-40
2.9530854053031212e-40
2.8232988105321175e-40
4.823236292765987e-40
5.322214266263919e-40
5.681003632621753e-40
6.815390952185822e-40
6.388800075273595e-40
5.400545383009265e-40
6.702497903020039e-40
7.2339115215094005e-40
8.342278634908775e-40
1.0986602849094346e-39
1.1417052607658835e-39
9.685208795047063e-40
7.966875683011721e-40
7.630004350054361e-40
8.654455137175387e-40
9.093570863652609e-40
9.482393840707162e-40
1.1002856616861948e-39
1.731288244019676e-39
1.9401635391508657e-39
2.0829960375615334e-39
1.9387369857882893e-39
2.5788082895084133e-39
2.5451340245675386e-39
2.4579173081481058e-39
2.7157405293982047e-39
3.373913220045583e-39
4.091740700057979e-39
4.3499631902526035e-39
4.200016764199887e-39
3.315528438810096e-39
3.3419675577598324e-39
3.382440059450677e-39
3.307882529019389e-39
3.1856062459549436e-39
2.9020174403970532e-39
2.6138000628095816e-39
2.816159021052849e-39
2.973598656745055e-39
2.943440193448075e-39
3.359190692223383e-39
4.511638804669511e-39
3.382477225645666e-39
3.857304268348772e-39
4.56762373449361e-39
4.901689777800618e-39
5.057155409647288e-39
5.1586368591663365e-39
5.768754177769755e-39
6.711498043194005e-39
6.524490736913518e-39
7.517436786778575e-39
8.53910559609016e-39
1.2459333685396204e-38
1.4048760029040382e-38
1.5062037476970906e-38
1.8247817375565837e-38
2.1220982493455123e-38
2.1781722368607787e-38
2.453360197310815e-38
2.9158305593823113e-38
2.6935657887348586e-38
2.570098757658609e-38
2.7828266871775315e-38
3.4827512300442373e-38
3.5194614801625557e-38
5.119551920251037e-38
5.679620364129337e-38
7.031843375873611e-38
5.330025075548208e-38
4.6623197946617087e-38
5.378093921654621e-38
5.419323828234697e-38
4.2681053781293755e-38
4.938463877129238e-38
4.777903126829321e-38
4.983283408510499e-38
4.310103457785966e-38
3.984302569024432e-38
4.5571846239412423e-38
4.738509209466563e-38
3.6906407620196695e-38
3.343340823667864e-38
3.944568144964304e-38
4.5415603176508543e-38
4.1048076704759903e-38
4.056635941672951e-38
4.474061067598843e-38
4.5525684156371285e-38
5.64312945964798e-38
5.093460486439144e-38
5.221302406371239e-38
7.979631018442524e-38
8.792376770029845e-38
1.1691777838580353e-37
9.31537214894273e-38
7.647088277214489e-38
7.074133618861634e-38
6.66570738812027e-38
6.267079294057182e-38
7.413688249589051e-38
8.562576602504802e-38
1.4640185806553796e-37
1.2716021833420396e-37
1.443927114343748e-37
1.2927911158364206e-37
1.478596124441428e-37
1.3961616675471786e-37
1.3144658025894104e-37
1.3612309679638e-37
1.6260642491238675e-37
2.265504500807487e-37
2.423113021364195e-37
2.1660487103104177e-37
2.1346057391055693e-37
2.4531438907655156e-37
2.7328392445085862e-37
2.714189932358035e-37
2.7562875368670647e-37
3.782612303127695e-37
3.364354216992317e-37
2.909185654784868e-37
3.0496582081168695e-37
2.5424888636266884e-37
2.3966870435931288e-37
2.5040490320884264e-37
3.075154524148617e-37
3.5410322012331817e-37
3.670897970127085e-37
3.7587687901407927e-37
3.9505106931381506e-37
3.6350016813858824e-37
3.782624485999071e-37
3.1635493536119366e-37
3.4041449812803336e-37
4.994184120126891e-37
5.95175576374765e-37
5.116895884799809e-37
5.7365643752098125e-37
5.14366151858267e-37
5.627900817839238e-37
5.677590930483623e-37
6.3477602180287915e-37
7.832942743150301e-37
1.0428983241295904e-36
1.1937487199810888e-36
1.2656687809571928e-36
1.2688466339988036e-36
1.3360517611985328e-36
1.3485841348808557e-36
1.7113008236737702e-36
1.7925652186860378e-36
2.0058676957875875e-36
1.642666109734054e-36
1.6650500064861935e-36
1.3391513187943003e-36
1.5765229242082204e-36
2.196085812796697e-36
2.045050593296706e-36
1.830131399854986e-36
1.7432899169886112e-36
2.0273826564231897e-36
2.3509442878285275e-36
2.7195444328565942e-36
3.509246585477822e-36
3.917096828704917e-36
4.211281078677058e-36
3.8671787967437735e-36
4.80177222357222e-36
4.299959078258111e-36
3.6945403292925495e-36
4.5004498026279415e-36
3.853096186169095e-36
4.462380661465226e-36
4.056232143488513e-36
4.579130420022419e-36
5.434930044153059e-36
5.8900889767597326e-36
6.174154794395128e-36
7.244789251589432e-36
8.481901430745611e-36
9.937132728064451e-36
1.1997141059145173e-35
1.323421380396764e-35
1.4166397744645737e-35
2.0273886907550025e-35
1.8727834985219185e-35
1.8229357235684928e-35
2.565005755069893e-35
2.727363539736734e-35
3.6761914704172135e-35
3.323774883258972e-35
3.4092662357187404e-35
3.5475999044437927e-35
4.4375150309566476e-35
5.331754517229793e-35
Acceptance rate: 0.19991666666666588
2.3896499911689032e-35
2.5822734575868533e-35
3.9086486944145987e-35
4.142558337825414e-35
4.298344225943776e-35
4.09806969773691e-35
4.1062865052194996e-35
4.591657213270213e-35
3.686406531253388e-35
3.4931508191682916e-35
5.574442962552296e-35
6.153353154386868e-35
9.352110000637647e-35
1.0736313980172513e-34
9.70547231688154e-35
8.034685627098329e-35
7.992886594769139e-35
7.58163667549358e-35
6.911080270302295e-35
5.770949584240196e-35
6.075975691492709e-35
5.882065887575933e-35
5.56177611261267e-35
5.993735056668623e-35
8.947935599945497e-35
8.679844703288949e-35
9.514824027627774e-35
1.1720543051506485e-34
1.1904494039067203e-34
1.3297552763897621e-34
1.3684387345150917e-34
1.1818924076186486e-34
1.0913089608520995e-34
1.1238407117440057e-34
1.2923022931931133e-34
1.655500081377301e-34
1.943829878969414e-34
1.8294081821045685e-34
1.7718224224639934e-34
2.080079633794159e-34
2.843036426596411e-34
2.9073166286147798e-34
2.700732344009146e-34
2.4119400106116415e-34
2.4906910449240105e-34
2.1605353921729353e-34
2.680983656062503e-34
2.7084018560292267e-34
2.999189715538714e-34
2.1594138625505863e-34
1.873335273424556e-34
1.9479941397098145e-34
1.9779502207808247e-34
1.626238668148839e-34
1.900458768193596e-34
1.6967251754355392e-34
2.6803902712062737e-34
3.2901217010068e-34
3.316244172673255e-34
4.309399386850001e-34
3.957277503266729e-34
4.8561306819712895e-34
5.708286877134883e-34
7.119838049977879e-34
5.574490256691867e-34
6.061877434189135e-34
7.032893892593673e-34
9.574504371088617e-34
9.043257129214166e-34
8.512009734564046e-34
6.248712975246366e-34
6.383208297903264e-34
6.0510622930871405e-34
4.844553015051682e-34
3.99271101241241e-34
3.989921700379695e-34
3.978063993319773e-34
4.349009800464197e-34
3.4329433002774745e-34
3.613747019685055e-34
5.2176524847724e-34
5.9060514070761526e-34
5.435865422454759e-34
6.014727672810296e-34
4.801091331286089e-34
4.090511981910241e-34
3.534822336269947e-34
3.538303439732026e-34
3.5346659177450163e-34
3.5002685146544573e-34
3.2374031928019225e-34
3.5224065724273183e-34
3.7101463930434315e-34
4.382791886242009e-34
5.535224202330653e-34
4.5377084001415305e-34
6.0347644368396875e-34
7.402548073069339e-34
8.315412579025625e-34
8.007335947209494e-34
7.923012335564226e-34
6.953624915554034e-34
5.268895262029954e-34
5.128191915585846e-34
4.9096494894149784e-34
5.320738630568605e-34
4.461587748349404e-34
3.949689365143442e-34
3.106537436436196e-34
2.978176307290118e-34
4.141547949392605e-34
4.13342135877028e-34
4.25468709214999e-34
3.949596862751745e-34
5.681188838201406e-34
6.7432892960486415e-34
7.676932589555313e-34
8.80552599945686e-34
1.2082859599584545e-33
1.1182880370477775e-33
1.2700697026631302e-33
1.3810752793917217e-33
1.657682551458301e-33
1.437421903989643e-33
1.3949778967596165e-33
1.2176925233597631e-33
1.4323550276872704e-33
1.5488966210030305e-33
1.669810443044707e-33
1.2907414127535327e-33
1.5086521950486146e-33
1.8585210028419527e-33
1.7169741362009793e-33
2.1001177795556998e-33
2.504102797288501e-33
3.061992661343852e-33
3.058795176922459e-33
3.0411659387350124e-33
2.4954238532233553e-33
1.966754109267252e-33
1.8274121312071897e-33
1.4974222648805602e-33
1.4245308621903746e-33
1.680021742990444e-33
1.4224712077222515e-33
1.399932429797925e-33
1.1056065386943004e-33
1.0905332555743707e-33
9.93480840111323e-34
9.122559176077615e-34
1.231601682457271e-33
1.1846057593803609e-33
1.2623158707359388e-33
1.2887199719512586e-33
1.0881084183318448e-33
1.6586273359663355e-33
1.5320300861082382e-33
1.2648210789460448e-33
1.268576520871367e-33
9.29352119731488e-34
1.0025455077892679e-33
9.259783802208297e-34
9.447755085816163e-34
1.024169900149073e-33
8.335223204862649e-34
9.018840287960296e-34
1.338427539881373e-33
1.3780830691047264e-33
1.494277620937708e-33
1.5062166447332767e-33
1.3976368027250608e-33
1.5145536178387548e-33
1.6477496026305668e-33
1.461250113435352e-33
1.3348588484579705e-33
1.845185339315291e-33
2.3551989282515472e-33
2.264064780679233e-33
1.8937503217861917e-33
1.6594892274273475e-33
1.70218992471423e-33
1.3115388196944664e-33
1.3322645619233793e-33
1.2146478187182369e-33
1.2786763909692034e-33
1.5120935826659851e-33
1.9147116081457967e-33
2.106476761081202e-33
1.7203780407454914e-33
1.7485313204273772e-33
1.82035602291219e-33
1.984727707692411e-33
1.9256769783422944e-33
1.9717830574786905e-33
1.785791822052269e-33
1.6020830650983972e-33
1.5768295195756397e-33
2.2241369450580664e-33
2.181165204032173e-33
2.25099754483143e-33
Acceptance rate: 0.21543749999999945
8.906390549117905e-34
9.12717555828113e-34
9.321555031240018e-34
9.255725008100743e-34
8.195919481226747e-34
7.889368653894198e-34
6.756580397488619e-34
6.367062224311632e-34
6.580864236344338e-34
6.31904758155224e-34
6.095970238839565e-34
6.785080303368986e-34
6.471759727337142e-34
6.008204622000034e-34
5.349978781309531e-34
5.404743458177826e-34
5.329878317876646e-34
6.722737512105653e-34
5.228167709462417e-34
4.299310261449404e-34
4.26141050547462e-34
6.4963085806594045e-34
6.219026123232173e-34
4.795414061424512e-34
4.151109409322549e-34
4.236262915977247e-34
4.4382729475834595e-34
4.715264554264617e-34
5.3268037608723604e-34
4.043501473469275e-34
3.429767411401163e-34
3.9509760135737616e-34
3.563055051711612e-34
3.7807941891134415e-34
3.616766170866275e-34
3.0579745290341213e-34
2.855471658617929e-34
3.381688437545703e-34
3.2136109344207207e-34
4.012738989988369e-34
3.5487022467483757e-34
3.3169829204224713e-34
3.1201757585433013e-34
3.875847405773384e-34
4.018513844039116e-34
3.997698055505879e-34
4.007808748169467e-34
3.7145300642508303e-34
3.353804671529567e-34
3.867036645482447e-34
3.733833632768129e-34
3.59629175302856e-34
3.2629940278090256e-34
2.8857171536496197e-34
2.681177022893041e-34
2.993959852889584e-34
2.8455630356393906e-34
3.872449809336477e-34
4.1648703404237085e-34
6.373533918522165e-34
6.4237257024467015e-34
6.31308120549842e-34
7.960915561449534e-34
8.050920516192388e-34
9.609007699295029e-34
7.49509600180544e-34
5.672770897280459e-34
4.500168677814939e-34
4.261531007761998e-34
4.233671206501404e-34
3.6170936950647716e-34
3.974629078039418e-34
4.101034251718663e-34
3.7260588197721597e-34
3.5437592305883167e-34
4.097255828389104e-34
5.870256327634156e-34
5.679013675224366e-34
5.426194145818029e-34
5.74255302021578e-34
5.863086726779291e-34
4.097991091877674e-34
3.6761185531379145e-34
3.3396723822988127e-34
3.929729785622774e-34
3.3724150048154397e-34
3.2246900128587237e-34
4.060118647666343e-34
4.695466966039154e-34
5.234615687103276e-34
5.365045114853179e-34
5.108457681750901e-34
5.777103898682367e-34
6.754626913677618e-34
7.457189770821842e-34
8.431166177909704e-34
6.949257280451274e-34
5.696772622054354e-34
5.461760577767777e-34
5.030545063046836e-34
4.323848819554219e-34
5.0317784399527214e-34
4.575713128950946e-34
6.963270629700143e-34
6.900927357554616e-34
8.273535667872974e-34
9.52852282028892e-34
9.794867507656707e-34
1.311011395433759e-33
1.3448525997608764e-33
1.546673489579994e-33
1.325789588088557e-33
1.4238990667605617e-33
1.660419005449641e-33
2.217326670312765e-33
1.816898758679893e-33
1.6445051967133486e-33
1.7832544280217805e-33
1.9054341428438792e-33
1.9391814159362462e-33
1.8020976868021104e-33
1.756829277474254e-33
1.9456854002001056e-33
2.719323352952607e-33
3.2963664451874095e-33
3.071707503584676e-33
3.143436656426545e-33
2.5766369501840646e-33
2.3636328562905804e-33
2.8098448159466825e-33
2.236592262091281e-33
2.094509588575505e-33
2.2716493847775725e-33
2.9620152094862926e-33
2.0943913573897614e-33
2.428623153940183e-33
2.5789205223243675e-33
2.846778462889727e-33
2.5177027489972287e-33
3.243503404068863e-33
2.8867225957349486e-33
3.773398892974689e-33
3.8329970053012675e-33
3.1952746375143775e-33
2.9483183144770623e-33
2.299679223246024e-33
2.06893239476413e-33
1.9237391743113467e-33
1.636545360760963e-33
2.0448399362097406e-33
2.857679875812736e-33
2.441743383899306e-33
2.6171809644727002e-33
2.4439947077639924e-33
2.4262599379015776e-33
2.3298026164790734e-33
2.28120798684279e-33
2.1147228392002434e-33
2.3063034354830627e-33
2.3525547809819376e-33
1.9311376397176498e-33
1.6277322416617554e-33
2.2357468020024126e-33
2.5245956549138798e-33
2.429583013230863e-33
2.027480666005092e-33
1.8864803804568777e-33
2.042174374301843e-33
1.632853570962992e-33
1.2839747397686168e-33
1.6888382517977488e-33
1.372692385283587e-33
1.1565687185329643e-33
9.75658001785751e-34
8.632058324188927e-34
7.4013017836073335e-34
7.913939857915607e-34
7.533834107868968e-34
5.425930235320554e-34
6.7973700185056655e-34
7.159287672115826e-34
8.391917818698221e-34
1.029213329874813e-33
9.984578149813363e-34
1.3239900709434782e-33
1.3020199854177767e-33
1.3130010946415331e-33
1.094423587077592e-33
9.580482358305222e-34
8.89887303931087e-34
9.537254024676852e-34
8.825106681079473e-34
9.542062511419613e-34
1.0356829774561778e-33
1.1562528432942098e-33
1.104617049761081e-33
9.289575363267525e-34
9.94118371936044e-34
8.673554257580603e-34
8.808232995868083e-34
Acceptance rate: 0.23450000000000046
3.648353144084819e-34
4.1413129808071735e-34
4.2212757764926e-34
4.407380863496671e-34
4.341305795218025e-34
3.734568633690722e-34
3.008668731481993e-34
3.1028107057436734e-34
2.9645683475318296e-34
2.7701918398384065e-34
2.6773837710531963e-34
2.662236984967481e-34
2.971421823328743e-34
3.75469887577636e-34
4.057025903776334e-34
3.5347337743999124e-34
3.873197483034344e-34
4.736296742549834e-34
5.649118852093618e-34
6.1978363014438325e-34
7.375454888852183e-34
6.839876217730943e-34
5.225212090636871e-34
5.42625745993446e-34
7.705498393357236e-34
8.54038531894682e-34
9.321934120523275e-34
8.838995828887833e-34
8.168524670600406e-34
9.781684657870905e-34
9.626301437595023e-34
9.027218685363137e-34
8.744925799030628e-34
1.0109267265133258e-33
8.091679215011319e-34
1.0561973851060917e-33
8.867864615639776e-34
1.2450934376705782e-33
1.1219700344264622e-33
1.0780145992465803e-33
1.038157666779287e-33
1.1527543096190772e-33
1.1710627961942597e-33
9.912219639453144e-34
9.38416433318272e-34
8.095421118193465e-34
8.232603748932405e-34
1.0631176120608333e-33
1.1003969610412172e-33
1.2620011108302803e-33
1.343514545828962e-33
1.3667976589153117e-33
1.4446346796727173e-33
1.587528340491777e-33
1.429455298388997e-33
1.4311530438874866e-33
1.3807702890750562e-33
1.5314792838820178e-33
1.3766882998990446e-33
1.5649597226032657e-33
1.9220022891932346e-33
1.608404273271759e-33
1.3798778306382627e-33
1.4492484809445743e-33
1.6500808338786876e-33
1.5151941500483055e-33
1.695342921035256e-33
1.3035235246353983e-33
1.30398378549966e-33
1.3260496882234637e-33
1.1847370213800344e-33
1.1216571235685517e-33
9.726756552065758e-34
9.333986644515908e-34
9.569054041024734e-34
9.45862587653621e-34
8.843135299806098e-34
7.6019877600107275e-34
8.561475823608539e-34
9.605802335081279e-34
1.2529950164736932e-33
1.297959486171276e-33
1.8502101741134027e-33
2.7948376571720546e-33
2.662882026594857e-33
2.801969628171369e-33
2.5403623294392606e-33
2.4654456578825216e-33
3.135407739205901e-33
3.61785908934763e-33
3.3012539530028726e-33
3.157334463505333e-33
3.6466512877067564e-33
3.857626561486945e-33
4.1689476235781753e-33
3.398387021438585e-33
2.9882560345234977e-33
2.7789652592195446e-33
3.324934764405115e-33
4.445026431353431e-33
3.509083984820541e-33
3.503018045709017e-33
4.8633365316368795e-33
4.943595842520923e-33
4.049107623032361e-33
4.4617592244265285e-33
4.326488173723274e-33
3.644630765308109e-33
3.680408378829818e-33
3.466714092391234e-33
3.6042536981392755e-33
3.488004612434132e-33
2.951252307915782e-33
3.626779991767116e-33
4.068955678200862e-33
3.910961835025634e-33
4.7782246449440416e-33
4.8029195024178464e-33
5.9825241253007945e-33
4.7018550074293864e-33
4.939796479224914e-33
4.35431547542155e-33
4.1123869884545556e-33
3.0756329815277005e-33
2.4719857688007562e-33
2.226343665082261e-33
2.3378066802347245e-33
2.751115718333065e-33
2.5150008672287073e-33
2.7222058218523912e-33
2.963181993027823e-33
2.6532135623365497e-33
2.4707239534422962e-33
2.6257795959742776e-33
2.2311740341675628e-33
2.4973101348357014e-33
2.3269924705253087e-33
2.991608602132468e-33
3.1886824233856125e-33
3.553728164741965e-33
3.545102049895144e-33
3.514211578004707e-33
3.347967152768812e-33
3.31145870190145e-33
3.1014112570900357e-33
2.6808058788566417e-33
2.999900391208698e-33
3.579112401522557e-33
3.8739655776209107e-33
3.4598974460985546e-33
3.598107588118205e-33
4.02049069317622e-33
3.8414066051855824e-33
3.9667373794891754e-33
4.027845089291e-33
4.424709801973256e-33
4.1445785946854624e-33
4.248222776692798e-33
4.621552962234776e-33
4.306253475942525e-33
5.816129668047705e-33
5.5402152898852624e-33
4.903672357847905e-33
4.420450693311443e-33
4.5372581486606614e-33
3.850432160747339e-33
4.118794652421253e-33
4.686558914186872e-33
4.4953000304897675e-33
3.8838720113062736e-33
4.327893357739903e-33
4.271772173513853e-33
4.1166599198126606e-33
4.4896697423020014e-33
4.026484052434949e-33
4.1436557864354135e-33
3.640505516372556e-33
3.379260196059234e-33
3.3032824542966045e-33
2.679923066094482e-33
2.9254400163493302e-33
1.939521978827138e-33
1.8473512449147572e-33
1.5863738533538678e-33
1.4611250927745801e-33
1.3827316073625654e-33
1.1894168116091792e-33
1.1588634750557279e-33
9.609701352427135e-34
7.768881828965041e-34
9.124683690939511e-34
1.0388354900198633e-33
9.465643944444399e-34
1.0771372354388118e-33
9.394469419795311e-34
1.0453029102638915e-33
1.1031142343760988e-33
1.4126776397696997e-33
1.4334958888915143e-33
1.249730499036388e-33
Acceptance rate: 0.24791666666666703
5.52223005497573e-34
5.667869614712619e-34
7.474697098437417e-34
1.1346958982847412e-33
1.287135034877886e-33
1.7390625539755428e-33
2.1268398503593818e-33
2.0719290040833907e-33
1.9552404603369573e-33
2.691254337682321e-33
2.2791845532158526e-33
2.0891012243643705e-33
2.2850079113317382e-33
3.1673352221760156e-33
3.7017955074815945e-33
4.4583177946297686e-33
4.9918101630910814e-33
5.2306919774593374e-33
5.081243909462698e-33
4.4912778243086354e-33
4.860716890735866e-33
5.5303793786370896e-33
6.013559317483239e-33
4.836485440600053e-33
5.437375260660199e-33
4.1520550352322465e-33
4.7818841232591535e-33
4.628204932862844e-33
4.112391365855965e-33
3.109414786285681e-33
3.3581489173628635e-33
3.8472119809001975e-33
3.3533136659167627e-33
3.956998020027126e-33
3.581063030454453e-33
3.2626224631619456e-33
3.6246765168563824e-33
3.176468513850612e-33
2.5778065661170096e-33
2.5769608659682662e-33
2.21150945820238e-33
2.0797073993632515e-33
1.7688543198460656e-33
1.651473434932045e-33
2.1777306605041514e-33
2.2230398266845945e-33
2.6211400611900198e-33
2.3789078656169473e-33
3.453970219146394e-33
4.799202408214562e-33
4.7525916539557776e-33
5.521462681746571e-33
5.780333123232465e-33
5.40076275920437e-33
4.9557361098626826e-33
4.5796074220697596e-33
4.6107255276050905e-33
3.7549341837164445e-33
4.7104594118523326e-33
5.0537567749308365e-33
5.475544672556005e-33
5.6286190762909994e-33
6.343768269411391e-33
6.329641681250632e-33
5.691501486627454e-33
5.332359856102096e-33
6.173194562955607e-33
5.5830955545250795e-33
6.742530334920226e-33
7.979273330069004e-33
7.013255998591974e-33
6.580675617467835e-33
6.8561945536458e-33
6.578141098347866e-33
6.628660840271507e-33
6.778768906717621e-33
7.864385519433601e-33
7.635134297247793e-33
6.952573876842137e-33
6.72322105226567e-33
5.604817526080715e-33
5.392143934244328e-33
5.611154677486386e-33
6.340766102087928e-33
6.068141230841355e-33
4.678576310733311e-33
4.5205301170075866e-33
4.199366611051665e-33
3.581172548893833e-33
3.7508106036637575e-33
3.51915382305172e-33
3.604222138411469e-33
3.4537151703657966e-33
4.464607281323542e-33
4.8870473131992406e-33
4.577883813883533e-33
4.115591772138542e-33
4.654794270181614e-33
4.417946415559873e-33
3.622532092251647e-33
3.0398888568060187e-33
2.543827327300913e-33
2.5435687162939672e-33
2.739335636499169e-33
3.1682846840427674e-33
3.71597479577546e-33
3.695132551066991e-33
3.326493397630369e-33
3.681586964881097e-33
3.705504623869126e-33
3.546913888440288e-33
3.379897723151233e-33
2.9772161058885513e-33
2.684026704718057e-33
2.3952738183307433e-33
2.440171306417973e-33
2.310566413211253e-33
3.153218702238336e-33
2.8831556587922008e-33
2.9885432587507566e-33
3.0522623248422006e-33
2.9976423189501227e-33
3.2808177634078065e-33
3.0472352843594043e-33
3.231273634447364e-33
3.0628437777242148e-33
2.9462681589248143e-33
2.951465678741926e-33
2.7692167749473924e-33
2.6206065496866694e-33
3.472470916174333e-33
3.813782079386831e-33
4.362546954639606e-33
4.665395774934465e-33
3.766270773722083e-33
3.557141330213802e-33
3.2097362932262545e-33
3.313715574666457e-33
3.637770680942854e-33
3.584675268988127e-33
2.926560032433791e-33
3.117780668852325e-33
3.583906369735858e-33
4.162255942029515e-33
4.595922798381785e-33
4.766851561552534e-33
5.431494077073654e-33
5.0201896220440214e-33
5.1407112346551225e-33
4.2631816563620084e-33
3.750584516957266e-33
4.152197465386898e-33
6.151616582287843e-33
5.2032033674892e-33
4.483607955439502e-33
4.577787681744533e-33
4.332349272293686e-33
3.975296648644915e-33
5.110868019899034e-33
5.4282254029088654e-33
5.545983862645772e-33
4.57854946976128e-33
4.3230848302993126e-33
4.4516980393220936e-33
4.1272358485078944e-33
3.7115978539215775e-33
2.6659951728492665e-33
2.4640765065977856e-33
2.3199814842971126e-33
2.5085170124189587e-33
2.197463025978511e-33
2.0846638543838936e-33
1.9456377909574447e-33
2.32079516682153e-33
2.0014078191257286e-33
1.9191942495177715e-33
1.7664420939124628e-33
1.870406206010226e-33
1.963503814912112e-33
1.812678554716694e-33
1.404534965199006e-33
1.2389000245581496e-33
9.801610903377829e-34
8.949767577191919e-34
1.3152118782112764e-33
1.4357882597505821e-33
1.4042338948370426e-33
1.3436664024725228e-33
1.286487093004183e-33
1.2915981050096564e-33
1.267759014594648e-33
1.4966564908784134e-33
1.763995164269346e-33
1.938374253609225e-33
1.747299008389026e-33
1.6616982252182327e-33
1.4598471068980805e-33
1.1102383682086243e-33
1.2658331123553087e-33
1.4329704444957048e-33
Acceptance rate: 0.25828571428571506
6.747053057591995e-34
7.652153475141903e-34
6.903303542156115e-34
6.9302809841987085e-34
7.641759034854913e-34
9.803907236044906e-34
1.0579654949869995e-33
1.1285179241640796e-33
9.105487407392872e-34
6.510523427606152e-34
5.811816706799432e-34
6.61690220520747e-34
5.978242232177424e-34
6.29418006293624e-34
7.034167209318642e-34
6.557951876895071e-34
7.460322974325303e-34
7.967488997409614e-34
1.2611247107856032e-33
1.2271515830416613e-33
1.1083405072895253e-33
9.908978732976669e-34
1.2439065991725615e-33
1.4088338917836684e-33
1.4421969939297154e-33
1.1520720983745292e-33
1.0198627402842257e-33
9.37721554341044e-34
1.0503669168917713e-33
1.2583994669342017e-33
1.285913459213554e-33
1.6043363110019195e-33
1.959959661389778e-33
2.2976376333058408e-33
2.095781584005398e-33
1.761627756489692e-33
2.1002322746635494e-33
1.8208790524832572e-33
1.334423199862947e-33
1.6674073673417172e-33
2.295114000591738e-33
2.025952025830334e-33
2.101483747527192e-33
2.1843927061699915e-33
2.5398557564932487e-33
2.2272487732497277e-33
2.0521288774125044e-33
2.2175500094690676e-33
1.9599317411972306e-33
2.3198246945621996e-33
1.7680592547939018e-33
1.8156528841953464e-33
1.5990686206989353e-33
1.5676343510903975e-33
1.1028727122203888e-33
1.0945056196555922e-33
1.0144801544630863e-33
9.893300432255462e-34
1.1997418966228838e-33
1.2906659493787352e-33
1.3836062826632608e-33
1.2684536823602295e-33
1.4149508445057198e-33
1.5398408575570463e-33
1.752757429222635e-33
1.4693260950023183e-33
1.4380047536103788e-33
1.479434473825565e-33
1.485935859165463e-33
1.2781374224119257e-33
9.857818066471517e-34
1.0396997440491198e-33
1.1608620206937745e-33
1.057004100755545e-33
1.1752528972405986e-33
1.5080612712902262e-33
1.5980744298309695e-33
1.5717731398113187e-33
1.6761441577966265e-33
2.1294235027607824e-33
1.755072303349935e-33
1.4899665972366704e-33
1.4467395647524108e-33
1.1397691578694883e-33
1.3245083409920028e-33
1.804955060599151e-33
1.7232532230694415e-33
1.629657699491252e-33
1.3020846351102131e-33
1.2768829014570874e-33
1.2360294503112696e-33
1.2048056272535251e-33
9.30684403422955e-34
1.013070029059695e-33
1.0925581328382006e-33
9.408113206037838e-34
1.0455749786667652e-33
1.0121194841570595e-33
9.527134015865882e-34
9.656802949794972e-34
7.512286644221521e-34
6.269847034351056e-34
6.3189056686406876e-34
5.679801468099649e-34
7.33589965905031e-34
8.32553509831202e-34
7.521300363156552e-34
6.270002454553823e-34
6.3020324666110255e-34
5.665471740193439e-34
5.861110435955592e-34
5.642200638081385e-34
7.402177640828396e-34
6.967596100188349e-34
6.7266728092169625e-34
7.14065342737174e-34
9.264157453812485e-34
1.0656920557639523e-33
1.0430266519312622e-33
1.0993531081680377e-33
1.0913184538340842e-33
1.1543012993499484e-33
1.0543915652144165e-33
1.108125118397876e-33
1.0980780433899637e-33
1.0598698603607298e-33
1.2318776914909674e-33
1.1367630429044106e-33
1.013367616465838e-33
1.1011582001258794e-33
1.1812489484774777e-33
1.262445101049423e-33
1.2980066374558661e-33
1.7828253159217268e-33
1.9243967803050336e-33
2.3579378608679003e-33
2.3117156062785078e-33
2.332353039340924e-33
2.0043121553492353e-33
2.630745433678245e-33
2.3921130761471267e-33
1.9679094178199084e-33
1.9029585177638234e-33
1.8077547409085476e-33
2.363306660654889e-33
2.246033549777873e-33
2.2676990230593767e-33
1.821607662765506e-33
1.624497742445525e-33
1.8417637318226008e-33
2.1891634001746065e-33
2.6811692448103582e-33
2.3477962449521635e-33
2.2061275262489555e-33
1.9433666248891785e-33
1.7850448322800004e-33
1.63088345395126e-33
1.9505432397157633e-33
2.3166533035144313e-33
1.8941451731709294e-33
1.987592293943235e-33
1.6106907807435707e-33
1.3805260844301956e-33
1.692749530656126e-33
1.8148658222706583e-33
1.6770454664487134e-33
2.255881385645798e-33
2.001111455964383e-33
1.8052398205054565e-33
1.940399361086282e-33
1.874740419219766e-33
1.5038467158115812e-33
1.3221693588065747e-33
1.2451469344503095e-33
1.460818763516014e-33
1.368533111127177e-33
1.3041473993347455e-33
1.6721375340317315e-33
1.7248037748310872e-33
1.4575113899168433e-33
1.4392229280328245e-33
1.536975673098962e-33
1.4380654523773198e-33
1.5337595710922772e-33
1.3709055820722188e-33
1.565441621047319e-33
1.3040204376701113e-33
9.50981131259929e-34
5.703957531405837e-34
6.168296015779906e-34
5.241638730884178e-34
4.9231948786597265e-34
5.781267843947069e-34
5.921193685763395e-34
8.000876629840907e-34
9.379423333332198e-34
1.0332440903580088e-33
9.312559673342504e-34
9.497648909707318e-34
1.2289162026940383e-33
Acceptance rate: 0.26868750000000025
5.856288139756895e-34
7.349477090448975e-34
6.015241051678241e-34
6.3081798491022225e-34
7.523988643779893e-34
6.456298872204073e-34
6.863049139146513e-34
7.112924230798951e-34
9.011509117461392e-34
1.09354390358255e-33
1.0997443340870843e-33
1.4780167711082452e-33
1.5046403971093192e-33
2.171416933958755e-33
1.969657588574626e-33
1.7465527176298822e-33
1.3684791974438449e-33
1.1435604401010522e-33
1.0816217042886562e-33
9.747600879844567e-34
8.454070764014993e-34
8.421204249269393e-34
9.614713277282755e-34
9.311900228546733e-34
1.3564271717396695e-33
1.1416960752206102e-33
1.1246550943257896e-33
1.0072154294113979e-33
1.0052046007585728e-33
8.242799709990962e-34
8.924781765688151e-34
1.0012281137005418e-33
1.398509892915802e-33
1.2231994970868108e-33
9.278435596778243e-34
1.0559444136177917e-33
9.952130733424157e-34
1.1445825761567592e-33
1.2590596424555421e-33
1.4478585560879215e-33
1.214591304769755e-33
1.0311139429817737e-33
9.823144719573821e-34
9.691227297371883e-34
8.58155667516251e-34
8.328595847880688e-34
7.082845035678318e-34
8.1518023519462e-34
8.932429399641071e-34
9.711823174243552e-34
8.533518552948924e-34
7.822699935262203e-34
7.526415260570437e-34
7.842066994661998e-34
6.0686714044985775e-34
5.360325332112693e-34
5.315140977119592e-34
5.860293511067012e-34
8.581002522757545e-34
8.989889523449262e-34
9.247542430462795e-34
8.79407357880589e-34
8.930892916431724e-34
1.1802207511343855e-33
1.2169121415061679e-33
1.5412730583824606e-33
1.3446197573087133e-33
1.3155955172226371e-33
1.4749965713047106e-33
1.7096967022123126e-33
1.419764259796284e-33
1.391435383555971e-33
1.4252886647236669e-33
1.66596477821775e-33
1.4808476145812705e-33
2.0508420784087903e-33
2.014944052167662e-33
2.027793734837525e-33
2.2462729467056637e-33
2.042787486128444e-33
1.8366173825834975e-33
1.6119302040211407e-33
1.4135106022404683e-33
1.3517368758753864e-33
1.3155844972512482e-33
1.24867960623755e-33
1.6274400090787396e-33
1.6823251830815364e-33
2.0388252137969048e-33
2.722869755461454e-33
2.3558607108324794e-33
2.4365860241488642e-33
2.889807313510129e-33
2.978815850013689e-33
3.0633112373261494e-33
2.4620309907081704e-33
2.4673249779071664e-33
2.1931841760091583e-33
2.4898872230880266e-33
3.0111443649503367e-33
2.9410641577530667e-33
2.54479503833863e-33
2.2602427974430275e-33
1.9538484055068386e-33
1.7398891441509207e-33
1.8020608624481098e-33
2.200552970802589e-33
2.0420146083884177e-33
1.9131544474672618e-33
1.6523024384089744e-33
1.3903354031561916e-33
1.5825286648798537e-33
1.5297676001205719e-33
1.524101584843449e-33
1.540878122766157e-33
1.4245760273472751e-33
1.344630637112353e-33
1.3262478972065823e-33
1.4615207231804247e-33
1.4127028684188562e-33
1.3556098958359885e-33
1.6339323709066434e-33
1.6614567778703368e-33
1.5203209906119637e-33
1.6392493278610188e-33
1.6785775899085984e-33
1.9890369912210556e-33
1.78322793251637e-33
1.5441226587712124e-33
1.4886287053506656e-33
1.728627672032118e-33
2.0852823694255178e-33
2.3104623493379486e-33
2.8825427503380506e-33
2.5605193356597292e-33
2.873414315765441e-33
2.5938970582914485e-33
2.8388870175307214e-33
3.425095818939761e-33
3.653870340694128e-33
2.9354235074685423e-33
3.4221764967338616e-33
3.9900890735382905e-33
4.33405447597617e-33
4.934877731505692e-33
4.395393305029832e-33
4.2219542157729085e-33
3.444353803938845e-33
3.1220075648114615e-33
2.5363637678802106e-33
2.385990291468661e-33
2.9473712848639763e-33
2.8792177969880317e-33
2.8492268615934e-33
3.7970280355622136e-33
3.173032406455909e-33
3.270181453374999e-33
3.716744977652669e-33
3.100251969023453e-33
3.267542271770926e-33
3.240395469663356e-33
3.252117980811583e-33
3.374265930631615e-33
2.8936829782153678e-33
2.9986789474985582e-33
2.2905299582231282e-33
2.7618234919713032e-33
3.173399152938052e-33
2.657005584035943e-33
2.6126854096108113e-33
2.313034937251663e-33
1.8443314285820207e-33
1.5993267246943663e-33
2.023111517384855e-33
1.862440705285098e-33
1.4031534463315696e-33
1.4081482197788913e-33
1.9398769411888134e-33
2.4107775471164523e-33
2.9572459977944733e-33
2.8302715616691276e-33
2.415219001307673e-33
2.5514102398831787e-33
2.640826168321602e-33
2.2490254010484296e-33
2.2005705767462793e-33
2.3036262077034228e-33
2.957633725992957e-33
3.143873173780183e-33
3.220838335611317e-33
2.957102076249701e-33
2.48542032191818e-33
2.658643980585316e-33
2.201038938865929e-33
2.5411351457426188e-33
2.8857634277835728e-33
2.8803782421182673e-33
2.916350124952055e-33
2.436885907263341e-33
1.8458397002644837e-33
Acceptance rate: 0.27766666666666734
8.32099949503883e-34
9.092686854771845e-34
1.0064204368248053e-33
1.073184400423965e-33
1.0950614942525576e-33
9.170750260638028e-34
9.503617796423385e-34
1.0019172065714157e-33
8.426283907874652e-34
9.051011557102497e-34
7.96854305068975e-34
7.390075317609315e-34
7.303827817374308e-34
7.0418954996542795e-34
6.387894629279013e-34
6.696728942707704e-34
6.0498867494646645e-34
8.132129382316675e-34
6.911908978054768e-34
8.219237540534732e-34
7.641305282856893e-34
7.387359660855685e-34
6.540210220627588e-34
5.6375475394740545e-34
5.41954183813995e-34
5.245178295554548e-34
6.5325039272384735e-34
7.235401952137884e-34
8.224080868229934e-34
8.766359364961407e-34
9.175096559992078e-34
1.0376576326814134e-33
8.836588425210159e-34
9.289879068872541e-34
9.300019602805365e-34
7.916062141694251e-34
7.840433397587944e-34
9.122526812776575e-34
7.587427288205513e-34
8.542526396793053e-34
6.91310729559099e-34
7.82089103027996e-34
7.0196193761565985e-34
7.1419453873515175e-34
6.874872909492889e-34
6.938421400401398e-34
5.972350196238484e-34
6.26318444029911e-34
6.68097748768461e-34
6.7432356411991534e-34
6.337978364753691e-34
6.597730260145478e-34
7.214452530922546e-34
8.045622454483305e-34
7.919068077062149e-34
9.753171779052424e-34
1.0637154668374324e-33
1.1457798363632425e-33
1.4253597073978899e-33
1.3134844494474887e-33
1.3335376244164145e-33
1.243030376241637e-33
1.2031290524569032e-33
1.245842418287499e-33
1.3548264908098659e-33
1.2785415669301846e-33
9.817243649591527e-34
7.944900744127803e-34
9.808119912494986e-34
1.173457426517305e-33
1.2042399042187404e-33
1.5136755096115026e-33
1.6195803763541068e-33
1.6698773010002747e-33
1.3252861520122695e-33
1.3623521298484026e-33
1.2613622726577815e-33
1.369659948149134e-33
1.6906900470692413e-33
1.8276101965130358e-33
1.4156909334919736e-33
1.3293832525763662e-33
1.308671388459743e-33
1.284491497429518e-33
1.1641261723599679e-33
1.01355269638854e-33
1.1582375710305611e-33
1.0908921640136657e-33
1.1572802305421702e-33
9.620105464644865e-34
9.03391890690515e-34
8.519219349688596e-34
9.264392226785905e-34
9.622122136482629e-34
9.594303331412606e-34
8.310080353633005e-34
7.200966314102319e-34
7.227126481714033e-34
6.321474223621733e-34
6.823698332973551e-34
6.783869664881588e-34
8.227103861014863e-34
1.089321651302413e-33
1.2647636083600648e-33
1.37991796579783e-33
1.1904204382837682e-33
1.0903370500010824e-33
1.4484339163432295e-33
1.5103849475805465e-33
1.5102168337193002e-33
1.577403178348027e-33
1.6598318021822488e-33
1.918518659018207e-33
1.7106522542384444e-33
1.9017373301001195e-33
2.041558561892041e-33
2.3100574507486116e-33
2.0014630170730647e-33
2.0176376034822593e-33
1.7842682589875412e-33
1.699731721452301e-33
1.438695573236949e-33
1.42529965428692e-33
1.2064198670976308e-33
1.1293379024283016e-33
1.466648262259517e-33
1.2994058520559973e-33
1.16751682110377e-33
9.97927876261916e-34
1.0398876047800931e-33
8.901375724750457e-34
9.52615020881816e-34
1.0609544503553003e-33
1.1334725365554321e-33
1.094314658255398e-33
1.3358083132532409e-33
1.4149629972090602e-33
1.4188466933708332e-33
1.982414317900195e-33
2.5907755699610768e-33
2.2790943856158093e-33
2.5514208777372994e-33
2.625193060535022e-33
2.4156301066939407e-33
1.9950400856939785e-33
2.3125199165332094e-33
2.225027742402738e-33
2.1947899514985532e-33
3.1977710544204606e-33
3.27323300351461e-33
3.4826282288099395e-33
3.395997638790024e-33
3.7168306527758435e-33
3.6928174924151316e-33
3.3963745163966886e-33
2.9237186785063484e-33
2.486201972713708e-33
4.030606601850744e-33
2.77972037650145e-33
2.2144259169279117e-33
2.183310496803375e-33
2.5259876551077122e-33
2.8211528817429818e-33
3.304535544622769e-33
3.918144071414894e-33
3.6074414849045325e-33
3.519047469035526e-33
4.1585399558396786e-33
4.5664940610912075e-33
6.0103126565759037e-33
9.034707929756521e-33
7.555113976525137e-33
7.560917635575007e-33
9.299692243145143e-33
7.84961419305814e-33
6.075330127078304e-33
5.664231342658556e-33
5.178474017020418e-33
4.18000727054253e-33
3.8960253292025056e-33
4.452317543854613e-33
3.7390562609902156e-33
3.6468414831489084e-33
3.277406604434395e-33
2.6027549499107905e-33
2.336906242392081e-33
2.423771536595336e-33
2.0221861854672347e-33
2.384164600694059e-33
2.973534999928853e-33
2.772830515599452e-33
2.563741391817746e-33
2.3373887382744295e-33
2.7205371760799118e-33
2.178722269384685e-33
2.261717120071543e-33
2.598411257963095e-33
2.4977024698291946e-33
2.811360699961252e-33
3.331562335986992e-33
Acceptance rate: 0.285475
Sampling time (10 samples): 11018.2173 seconds
