/scratch/users/yanlan/TroubleShooting/MCMC0/Output/AM_PM_ET_169_422_00
2.3326507702961958e-07
5.5452836735507316e-08
1.49518761494203e-08
3.4088574162422254e-09
7.969750077911969e-10
1.7993287338674513e-10
3.963786576387264e-11
8.663761419766273e-12
1.8935425302221215e-12
4.1545480381558374e-13
9.169628736533715e-14
2.0381324191451173e-14
4.564590404360326e-15
1.0302873310458342e-15
2.343788168147251e-16
5.3733930976565724e-17
1.5464690380217967e-17
5.2630721958024026e-18
1.7234962296173443e-18
6.773516838975903e-19
2.14681062540598e-19
6.212411150825946e-20
1.7135050136017428e-20
4.5953286615657065e-21
1.8846951080771474e-21
7.932717385701302e-22
2.6471195755100845e-22
9.786772521246079e-23
7.760686052257492e-23
4.1510402937488096e-23
1.5174240913103757e-23
5.6571271484882066e-24
2.2980847468266876e-24
1.129670939517385e-24
6.579787057894287e-25
6.203221104371508e-25
2.6805982619965823e-25
1.381207960228032e-25
8.045713589187476e-26
3.099011320847377e-26
1.0368276388995826e-26
3.234581911611515e-27
1.1382112524392879e-27
5.211140774646966e-28
1.8867151902125408e-28
7.507066307828215e-29
3.034751283408732e-29
1.0512554110007323e-29
3.377878029163022e-30
1.0391590162804587e-30
3.1096334797871373e-31
9.133998121821067e-32
4.342503301277922e-32
2.2035706323860962e-32
8.332832146434258e-33
3.7347985588222576e-33
1.4419523051197262e-33
8.003323955090075e-34
4.162322603851001e-34
1.7043479433912398e-34
8.733778896039043e-35
3.7865813094950325e-35
1.891622153254435e-35
7.834933984792565e-36
3.1863815820814655e-36
1.135235307982029e-36
3.779242248271859e-37
1.208110571145802e-37
3.761169386478238e-38
1.1498298363921082e-38
3.469822074981629e-39
1.0372132122932563e-39
3.0788350414372644e-40
2.2359244407092576e-40
1.3110066059289328e-40
5.420470746117917e-41
1.9689073922688734e-41
9.993745188241398e-42
5.279057732932715e-42
2.8230993545589428e-42
1.1861377764083566e-42
4.361504673114828e-43
1.4974758712907444e-43
4.934028782705092e-44
1.5823955419588088e-44
4.9807449976420905e-45
1.5467444087701892e-45
4.755770196332384e-46
1.451373962248864e-46
4.404318410199082e-47
1.330779409764748e-47
1.2052582770911445e-47
1.0405488318788335e-47
7.296140325539306e-48
5.192516657794906e-48
3.850053877760476e-48
2.4281090558924962e-48
2.0338758202410635e-48
1.4078192864435883e-48
8.313324523221538e-49
6.29864985471665e-49
5.025227124105192e-49
4.351280447924077e-49
4.96078325158426e-49
4.680842834332314e-49
3.029409338946099e-49
2.280756924816568e-49
1.991329529061151e-49
1.7393809133472205e-49
1.3452201353551966e-49
1.0811403533022252e-49
7.804623066084405e-50
5.796982551849879e-50
4.66514058012658e-50
5.247697766927737e-50
4.434234063439212e-50
3.216255237412798e-50
2.5911062740583635e-50
2.920253605507713e-50
2.668867677295041e-50
2.410273260940122e-50
1.5832753666178758e-50
1.0060208095619756e-50
6.509604326817589e-51
4.8984394426837e-51
4.1318490078986765e-51
3.3691487136359057e-51
4.6182430191783835e-51
3.440824752743973e-51
2.43813377875082e-51
3.17267958140816e-51
3.01063722503307e-51
3.108262781209019e-51
3.777406965568719e-51
3.29493355100628e-51
3.382039879251367e-51
4.2330971543562266e-51
3.6790141392030647e-51
2.8302230819986846e-51
2.015774944629966e-51
1.2222796525937114e-51
6.549555845107126e-52
4.0934507176660916e-52
2.636426727588846e-52
1.841073868111878e-52
1.0203313258131102e-52
7.149784970167904e-53
3.9424841065156225e-53
4.71384274484861e-53
4.1030316604225015e-53
3.03055141831413e-53
1.586567726544119e-53
1.6867717097122162e-53
1.6097596156516624e-53
1.789135559851406e-53
1.2585617615640642e-53
1.1707353999989885e-53
8.947081160260727e-54
8.505213632739705e-54
8.038025851675394e-54
7.615453185458635e-54
9.00674866694198e-54
8.575466637094675e-54
7.054638648191457e-54
4.4511593186500196e-54
6.117863313555089e-54
4.064270424804584e-54
2.0752484262336464e-54
2.663223156909042e-54
2.798040590795152e-54
3.592239032943045e-54
3.1165498887679823e-54
2.630020052472486e-54
3.725064807817887e-54
2.5552933311404133e-54
1.9423546177826317e-54
1.0198479788230743e-54
4.223102320622235e-55
2.7921385761576714e-55
1.949065603641403e-55
1.830913307217392e-55
1.5857177392071734e-55
1.5590053881415877e-55
1.3748997716259263e-55
1.2962499136107634e-55
8.58075091502152e-56
4.895671152718789e-56
3.2367963527881798e-56
2.9743086230143537e-56
3.0728069497261963e-56
4.002014148701782e-56
3.0428706419443753e-56
1.979232745314781e-56
1.5689368582552423e-56
1.7322325800589116e-56
1.9713512255521327e-56
1.741359560786733e-56
1.368394316099096e-56
1.572361937195796e-56
1.694505557331164e-56
Acceptance rate: 0.07049999999999997
5.996329699073579e-57
6.126485275270177e-57
4.1706635005319905e-57
3.1167783199503065e-57
2.2834980361985552e-57
2.4920981260222166e-57
1.4046001625176684e-57
9.653938367741458e-58
7.167803811126852e-58
5.583968712007947e-58
5.347216691517643e-58
4.012241621371848e-58
3.2071020964042064e-58
2.0833301058043848e-58
1.3905535273973653e-58
1.1130946554301722e-58
1.026233663161813e-58
9.283085563170126e-59
7.284572131155634e-59
7.009433313659692e-59
8.470043122250535e-59
9.09536872471181e-59
5.249073750699285e-59
4.351297941868405e-59
3.8000205126034354e-59
4.613857116110201e-59
5.1187551717743675e-59
6.077701751265683e-59
6.153373125017711e-59
4.430873579534421e-59
3.4353055125682633e-59
2.9440678873036964e-59
2.749109969247792e-59
3.0034812951569846e-59
2.972185897436767e-59
2.065067286184345e-59
1.6938941903553316e-59
1.3915145569497779e-59
1.6059079170827133e-59
1.4506795151237395e-59
1.9034530230373695e-59
2.034159473527951e-59
1.3709877217390357e-59
1.1597299637593717e-59
9.315257840430278e-60
8.032096485520255e-60
6.624637986991402e-60
4.6177403045487684e-60
4.8004366149055353e-60
2.522497347995877e-60
1.4977936800747873e-60
1.4858990110760062e-60
1.251859965805829e-60
1.4387184237624442e-60
1.094315680948764e-60
1.3274745992462385e-60
9.858934056474891e-61
9.620814741957828e-61
8.22455526174681e-61
4.217429458270557e-61
3.251680020463692e-61
2.5333856734977284e-61
2.009417277878222e-61
1.1193166130082187e-61
9.498388278423479e-62
8.124097954928017e-62
5.862327605847272e-62
3.8210384001384e-62
1.8321016684794417e-62
1.4848358213603277e-62
8.750802186615288e-63
4.0758001036571824e-63
1.7073090037708164e-63
1.02364745924958e-63
5.3311823182781244e-64
4.3543208664798996e-64
3.8864174478142846e-64
2.85147447977253e-64
2.5687669553612394e-64
1.3999200837955417e-64
1.2643237696275248e-64
1.0858797308569376e-64
6.955657331263475e-65
5.712573252496971e-65
4.566720192426352e-65
3.5957104907071166e-65
3.1861801485691697e-65
3.1382704865011216e-65
2.4781067158141007e-65
2.357508098463431e-65
2.182359488973458e-65
1.8169261535767841e-65
2.2631848062885543e-65
2.5678141858937852e-65
2.2196218300792385e-65
2.1507857649113714e-65
1.7697897580190365e-65
1.7007627762704609e-65
1.1836271250802875e-65
7.242433280691744e-66
7.168231495097597e-66
6.256165846424321e-66
7.077908179939856e-66
5.021168107302289e-66
4.178291863615578e-66
4.195455344542189e-66
3.428482458378781e-66
3.461971314316012e-66
4.2640328601817794e-66
4.006354965836352e-66
2.3196098950538158e-66
1.9004192405765922e-66
1.1177969822159935e-66
8.465878655870077e-67
7.731616624639457e-67
7.692778327488463e-67
5.563496932096597e-67
7.66686093122978e-67
7.890062309278453e-67
8.453777313394839e-67
9.034634939447295e-67
6.596133422347817e-67
5.2431196098304633e-67
2.5925183107099957e-67
2.522248392038321e-67
2.148799099723499e-67
2.135191819520769e-67
2.8186126203025016e-67
3.150217463799806e-67
2.980686687496228e-67
2.496447992661382e-67
2.5537866118674196e-67
2.5431071922500504e-67
3.14911837808313e-67
3.0781051930144065e-67
2.6442768810752925e-67
2.555605511169913e-67
2.2055008717675715e-67
1.7164147015057835e-67
9.966241295845011e-68
6.5020456255886315e-68
7.208666683228689e-68
9.385774938642634e-68
1.0522939855669562e-67
1.1182051310527163e-67
1.3864218375273572e-67
8.138144634743367e-68
7.71110847561534e-68
1.0602769328137187e-67
9.329175684041516e-68
9.180658244338926e-68
5.022760690246296e-68
6.1426301681337566e-68
5.399206118904559e-68
5.923741719085488e-68
6.620145587994311e-68
4.769212486471464e-68
4.3106180912068765e-68
3.6967813854413845e-68
2.726659077089533e-68
2.59412541366607e-68
2.2354594759573502e-68
1.1771097680294542e-68
5.868311775851301e-69
3.9380204813659673e-69
2.986244689466821e-69
1.9974844459260007e-69
2.2470684443656718e-69
2.0995759387959856e-69
1.914000715678287e-69
1.7479258533888303e-69
1.6349094415719964e-69
1.9859103041873807e-69
2.3471820663698154e-69
2.151773313158943e-69
1.2193061223574546e-69
5.704280350350314e-70
3.533351836139198e-70
3.972999224632694e-70
2.4034996268630486e-70
1.465006747033578e-70
1.4715502398898663e-70
8.762862209309924e-71
9.325257837370434e-71
6.526983252492723e-71
8.53297371352283e-71
5.369879046645904e-71
5.28996713622661e-71
3.3815847837671516e-71
2.3006349171765446e-71
1.577152097195648e-71
1.4786244618835484e-71
1.5602679805312363e-71
1.7045150550029625e-71
1.573265988067794e-71
9.783140903069026e-72
6.395362971831995e-72
6.953283332550341e-72
4.803473743143562e-72
4.3067351877148933e-72
Acceptance rate: 0.08699999999999977
1.781033393159166e-72
1.9508905191475502e-72
1.7711911964714665e-72
1.2957870365887706e-72
1.6029223335584545e-72
1.9900653725949807e-72
1.8188650578872787e-72
1.0714865497182406e-72
9.778840077926567e-73
8.786955739483665e-73
4.930915279085283e-73
5.0418758707750676e-73
3.5227025941757427e-73
5.456296019693826e-73
4.317497850111115e-73
4.25589301303368e-73
4.3291957689036754e-73
3.8667590248573234e-73
3.8793337784573445e-73
2.4076532614661405e-73
1.882917452807475e-73
1.107116750941699e-73
1.2544105821334119e-73
1.304404169621721e-73
8.267390795370194e-74
7.299418020775697e-74
7.603657790694834e-74
6.249881505849057e-74
5.79021036044804e-74
5.2519552761592415e-74
2.98513466661733e-74
1.4114148016202798e-74
1.2392817774349316e-74
9.984901823134559e-75
6.437919343621749e-75
4.2746896546885723e-75
3.6353140511911126e-75
2.212807620913e-75
1.0762289582148067e-75
8.599490236899396e-76
1.1953397690110565e-75
1.1217714223371186e-75
1.1294341497880647e-75
8.776783411824201e-76
5.201691901964495e-76
4.981588747744263e-76
3.695346040338556e-76
1.778535324050655e-76
1.9667930042638693e-76
2.293787888207793e-76
1.9187044022362363e-76
1.9862832132286377e-76
2.0982635829687677e-76
2.120405254356789e-76
1.574947216712481e-76
2.2881179031869398e-76
2.7029194900752377e-76
2.8545190223659865e-76
2.377053095006078e-76
1.6784563899076854e-76
1.530234720894092e-76
1.7520718132770462e-76
1.448577910518242e-76
1.5857087169083207e-76
1.409848921953904e-76
1.1812269727777511e-76
6.93662895138731e-77
4.804021428331388e-77
3.767062883163973e-77
2.1951262812489857e-77
1.7244512097849585e-77
1.3116683704327368e-77
1.0319663105441325e-77
7.585205884803098e-78
8.769290748922062e-78
5.99528147532487e-78
6.28617922690597e-78
6.109692924138898e-78
4.69070274260585e-78
4.172915278909233e-78
3.6127387516792205e-78
2.6908252779299127e-78
1.8975064891236652e-78
1.3053814548488879e-78
9.404000968807048e-79
6.825301251356302e-79
4.00616264137955e-79
2.7673741517732496e-79
2.6981129364109746e-79
3.9792107692613914e-79
4.737962502235454e-79
4.232458786846728e-79
3.136625923327367e-79
3.605230792063987e-79
2.9968919147685634e-79
2.3547478024368573e-79
2.0125339664489072e-79
1.3223409880877377e-79
1.491386392335498e-79
1.0490907095612343e-79
8.164738527467477e-80
6.894243064962495e-80
5.583146003981009e-80
4.782831503239581e-80
3.613333559001777e-80
3.269492708792524e-80
2.565419845630718e-80
1.735152165660817e-80
1.1787349460839696e-80
1.701286973667786e-80
1.934932843956827e-80
1.447828312840224e-80
1.3987698250442092e-80
1.1121798731416906e-80
1.3630899651595518e-80
1.2280813681121552e-80
1.0821485781390541e-80
6.836644975936941e-81
5.425199485686273e-81
3.1636738967161516e-81
2.0471665991912206e-81
1.2481756142253724e-81
7.65427937463458e-82
6.010495293816416e-82
5.401811788012641e-82
5.79679428547856e-82
4.530048253717869e-82
4.2154597651070074e-82
4.3412057277044655e-82
4.88432099468401e-82
4.699085795922945e-82
3.850512405470371e-82
2.3040397772685517e-82
1.570205205986924e-82
8.066547528564224e-83
3.691740353997395e-83
1.9474235650550643e-83
1.3095655011878838e-83
1.3212658160080973e-83
1.7036118672404218e-83
2.128130485426262e-83
2.2506009388810117e-83
2.086365294700413e-83
1.7578813013430914e-83
1.6340129782076594e-83
1.6092273994933624e-83
1.2316304861360832e-83
1.3617560890819843e-83
1.3294101641112275e-83
1.3572313733688525e-83
9.44498381461677e-84
7.546409059529906e-84
5.509156426772552e-84
5.095093737528978e-84
