/scratch/users/yanlan/TroubleShooting/MCMC0/Output/AM_PM_ET_195_418_00
2.4365290146810776e-07
4.3691840435617226e-08
1.2123784428960765e-08
2.7996715410049818e-09
6.085565340620201e-10
1.298434557762753e-10
2.7617582564110337e-11
5.895477096313378e-12
1.26703794761317e-12
2.7456670753538564e-13
1.0033276694873473e-13
3.029339680928257e-14
8.187092655110724e-15
2.099615799930005e-15
5.236873481503307e-16
1.2863235607096215e-16
3.1335987750706525e-17
7.603558687124598e-18
1.8427275567984977e-18
4.468499261451251e-19
1.0855474665538712e-19
2.6441440202692332e-20
6.461295430401729e-21
1.5846103145729183e-21
3.901288379420071e-22
9.643849229383376e-23
2.393835633226987e-23
5.967095945298269e-24
1.917590166291369e-24
7.389657068681334e-25
2.4137213359212517e-25
7.296048746041869e-26
2.548224799691875e-26
1.6600896159074678e-26
6.464007352025209e-27
2.1492361961102648e-27
6.626057705509015e-28
2.4808931870462507e-28
1.4627579435137072e-28
6.249114390508815e-29
2.394642595337548e-29
8.008578441932569e-30
4.364631283845206e-30
2.199768978283204e-30
8.748747224259208e-31
4.3245001199539995e-31
1.963296204644716e-31
7.129671516975317e-32
2.349887622336578e-32
7.343971952537793e-33
2.2211484616731842e-33
6.573957106272075e-34
3.3033545218425945e-34
2.5311345125486795e-34
2.980864566380261e-34
1.651610524401704e-34
6.521047469461831e-35
2.864492971026134e-35
1.3617670170747936e-35
8.886118510367564e-36
5.4815633709181565e-36
4.364729969685788e-36
1.949531018405996e-36
7.218646376601857e-37
3.484894642701546e-37
1.6133590175679904e-37
8.621605756823435e-38
4.315183715179623e-38
2.909378777386856e-38
1.2264810657428156e-38
4.4676630006857484e-39
2.4509393602513805e-39
1.1511796905590599e-39
4.921172641365592e-40
2.958763039860962e-40
1.2321916352914987e-40
4.491021977137353e-41
1.6651342012257842e-41
1.1941876231370074e-41
1.3028810398291308e-41
6.973087421798932e-42
5.88925062692183e-42
3.629547559259914e-42
1.5376828586346724e-42
6.379819186343576e-43
6.6390280966220465e-43
4.671611860414276e-43
3.450396273696549e-43
2.2384743167664014e-43
1.768892183901283e-43
1.327897966781568e-43
1.0753832083785699e-43
1.0735533039813752e-43
6.675938991569466e-44
5.307947267271641e-44
4.799220017192145e-44
4.573131076532359e-44
3.9963788561840473e-44
2.760565048816394e-44
2.1323851134276708e-44
2.2590346867624574e-44
2.1826762213679527e-44
1.4761750040237682e-44
8.229097235561189e-45
7.961238242394803e-45
6.185685645481239e-45
4.4719408823902776e-45
3.1356950541539904e-45
2.1855708489222372e-45
1.6396021904940994e-45
1.4976570123178703e-45
1.8678485056309837e-45
1.2490620266335e-45
1.7304328812192458e-45
1.964417863631234e-45
1.6634736340845407e-45
1.2202174838617165e-45
8.176617052954131e-46
9.966334726272725e-46
1.1231287668187543e-45
8.495611621667032e-46
8.891383235458128e-46
6.101551205145854e-46
5.288469064962631e-46
5.1477867326001685e-46
3.753092501887246e-46
8.11404014638022e-46
8.282884549735886e-46
7.121162555174822e-46
6.469539194254327e-46
4.593548110867339e-46
4.46058907060963e-46
7.452938853334316e-46
7.043052504673695e-46
7.312482700070607e-46
6.987114978486329e-46
7.588707453077342e-46
4.5107620265973764e-46
6.86167644075732e-46
5.600635062457875e-46
4.880819457732788e-46
3.4805150279583783e-46
2.5971048077366343e-46
3.3123138938688843e-46
2.2362703090988644e-46
2.0544087155462553e-46
2.7734951230520255e-46
2.0115134999280634e-46
1.9021558330072748e-46
2.1447220880980934e-46
2.650919909965187e-46
2.7598826260573563e-46
3.602136569094887e-46
4.653513050678283e-46
3.9930699230259885e-46
4.129989875975551e-46
3.668580286044488e-46
2.9431171476123083e-46
2.9994578821175682e-46
2.6255568455423452e-46
2.3329312647009026e-46
2.6209881786685226e-46
2.9920740639196616e-46
2.3655482861940217e-46
2.667727476141071e-46
3.348241575773002e-46
3.0754948365687686e-46
4.0506696408946576e-46
3.7387827442301754e-46
3.8619021150808156e-46
4.179421154722838e-46
4.782129206076475e-46
5.704837163785131e-46
6.292900903424853e-46
6.778840299292065e-46
5.8710147820443975e-46
4.362355676135859e-46
5.4168487147324526e-46
4.560990591451996e-46
4.430371637036358e-46
4.872319519888578e-46
5.422617491617534e-46
7.538214212747858e-46
1.24062886363384e-45
1.5562996411584662e-45
1.3926381410105963e-45
1.3650281307119831e-45
1.2847061741122166e-45
1.2383889960940246e-45
1.4838256639482888e-45
2.1260533213935642e-45
2.5635031120534154e-45
2.5299812639749943e-45
2.7507702145454407e-45
2.4261823536471095e-45
2.5407152651817598e-45
2.7555103095433237e-45
3.613077922385898e-45
4.6039534565531407e-45
5.1516404549261105e-45
Acceptance rate: 0.13374999999999998
1.88690404892674e-45
1.9772875115576645e-45
2.562728548800281e-45
3.3936020288818814e-45
4.268194727361498e-45
7.321323646854115e-45
7.443553244275076e-45
7.359277666574408e-45
9.182701754632169e-45
1.1571117145868808e-44
1.5221356436675532e-44
1.6830951995979882e-44
1.762812619864026e-44
1.9950616227545443e-44
2.0984448020188935e-44
2.3183756911526205e-44
3.132962737973132e-44
2.3869061969293293e-44
2.993299290122288e-44
2.689563909175162e-44
3.2407999518901245e-44
2.875562327730139e-44
2.4037400494829006e-44
2.686822364255241e-44
2.773296499565228e-44
2.354545439428559e-44
2.0258414922607087e-44
2.401358334302662e-44
2.3980620784600706e-44
2.5671407962334913e-44
2.77098436692656e-44
2.2078831403413257e-44
2.742265578987577e-44
2.7504077018628613e-44
2.358537300551505e-44
2.7457704961028903e-44
2.1697789213987814e-44
2.535372962286259e-44
1.9726275201239516e-44
1.6898010181394174e-44
1.455005514774608e-44
1.438497518819081e-44
7.60912996147267e-45
5.131995782727142e-45
3.9697603776006405e-45
2.1808542013728623e-45
2.537011275341114e-45
2.402822151417649e-45
2.4040298737041157e-45
1.7865644667303995e-45
1.8628903320699326e-45
2.6557222586789907e-45
2.286373490563272e-45
1.683343955949316e-45
1.3042452334673142e-45
1.4096623867780606e-45
9.70256954035804e-46
9.85524504141422e-46
6.454967493781855e-46
6.380067471227154e-46
6.343150061914066e-46
7.731041447684027e-46
8.020368739633006e-46
5.269546693154602e-46
4.86623867189377e-46
3.4900073372963494e-46
2.858165714856954e-46
3.4209794355067413e-46
3.600142805227165e-46
3.532112087236422e-46
3.3239138576771697e-46
4.383172706162793e-46
4.103896102506676e-46
3.876726773967244e-46
2.7505435342608274e-46
3.0273198465572184e-46
2.655194666606349e-46
2.4156125624900628e-46
2.1775065769425898e-46
2.44692196471161e-46
2.8640551843624066e-46
3.3933268160618068e-46
2.3712139508903582e-46
2.84507555230029e-46
3.2701375290897074e-46
3.758168135188101e-46
5.322928732371046e-46
5.8304854516709114e-46
6.123101787709184e-46
7.184410337161918e-46
6.40703951071419e-46
7.990828690985927e-46
8.64779915163126e-46
7.328538597026974e-46
7.95592385929802e-46
9.227778357146267e-46
7.691844539339946e-46
1.0455459555215965e-45
1.0012249295904149e-45
1.0260729972623528e-45
1.06740573509386e-45
1.3759996320599875e-45
1.2583507081026049e-45
1.3011348907991919e-45
1.8516372557653458e-45
2.6884465941669902e-45
3.19741704447916e-45
2.755663477965834e-45
4.1034177034159655e-45
4.2201266607030216e-45
4.643737276745937e-45
5.94399044463352e-45
6.667508877230596e-45
8.497922940250995e-45
7.640803066531575e-45
6.895693257264465e-45
6.246193157221055e-45
7.711212299075802e-45
7.69796379748762e-45
7.816511363449687e-45
9.529368567178688e-45
1.4140760861473355e-44
1.6797680832487463e-44
1.9631419557682136e-44
1.5793514052889102e-44
2.1005082424506621e-44
1.8877647058254632e-44
1.457032681274171e-44
1.4348956307712867e-44
1.4161235702894264e-44
1.5391157383996081e-44
1.3058730508726306e-44
1.6710193928773148e-44
1.5724358924627138e-44
1.7680368487580337e-44
1.4620265713589708e-44
1.3914490300547407e-44
1.4384925491794037e-44
1.7009170893488094e-44
1.5299653445732001e-44
2.1772177690284444e-44
2.542211118198218e-44
3.0218494407896054e-44
3.1870922018847037e-44
3.2013935964509505e-44
3.442928422259392e-44
3.871036122676427e-44
4.462103784379106e-44
3.599075457588419e-44
3.7027954386821186e-44
7.389840619295714e-44
6.743177148255532e-44
6.495741481983237e-44
6.299456489005821e-44
7.396200809136046e-44
6.579408821532704e-44
6.697889944907057e-44
6.008312569090558e-44
8.356658346726198e-44
6.863408379256677e-44
6.028039020539391e-44
6.002531299710005e-44
5.477173337723504e-44
4.935642521673897e-44
4.974079018891867e-44
3.275616470096703e-44
3.1860494267864765e-44
4.331269926876913e-44
5.547853211465775e-44
6.947639347435767e-44
8.947720985328474e-44
1.0693910017599129e-43
1.2001131809091472e-43
1.2574393928779898e-43
1.2362374993354173e-43
1.4550764723906502e-43
1.5303108345825861e-43
1.369823836275908e-43
2.13863973641457e-43
2.350521086514903e-43
2.415627051202811e-43
2.55479591389403e-43
2.424481695842209e-43
1.9745539987236264e-43
1.8709826326695212e-43
1.626532019167358e-43
1.193100733053837e-43
1.1397609860802842e-43
1.1565630353561819e-43
1.112028321633332e-43
1.2417718231835947e-43
1.09662659631418e-43
1.3088684839610526e-43
1.5692926960151206e-43
1.5147150597661446e-43
1.4112194467841302e-43
1.4025912315813036e-43
1.5807060111459533e-43
1.379042136145217e-43
9.948316646411475e-44
Acceptance rate: 0.1718750000000002
4.0312653304170126e-44
4.3503924617796734e-44
4.944317556566845e-44
5.352088567339846e-44
5.577262400611792e-44
7.840151973601699e-44
9.951279731283658e-44
1.0365158262111982e-43
9.807394415601057e-44
1.0028501730002743e-43
1.0616576024283345e-43
1.345699008624191e-43
1.1634396369320078e-43
1.1149127841750692e-43
1.2845443791986389e-43
1.3821097042390422e-43
1.4696794458121063e-43
1.681155386485845e-43
2.0679000455584958e-43
2.115842294331078e-43
2.117205941192707e-43
2.4324134173538295e-43
2.6704493850637043e-43
2.650290321795078e-43
3.2433105388892855e-43
3.3931012020181573e-43
3.596218840948368e-43
4.1608196439646204e-43
5.036182520286688e-43
5.311368376086525e-43
5.1794879132834855e-43
5.890930234208424e-43
5.961047301535545e-43
8.13696700852502e-43
7.423097643316998e-43
1.1073160568985344e-42
1.0102421093694576e-42
1.2744444296113668e-42
1.1521308979190359e-42
2.0454335772593863e-42
2.199215420988761e-42
2.1670366670521568e-42
3.295619663253044e-42
4.284441124875316e-42
3.877991477153815e-42
3.769950356858867e-42
3.891781882939113e-42
2.7669558950332398e-42
3.4550227944014275e-42
3.580768667351321e-42
3.816992884058279e-42
3.743393130230722e-42
3.226334702725631e-42
4.014907286621221e-42
4.4005452323352146e-42
4.425747502186705e-42
4.4160833150040735e-42
3.518786121827029e-42
5.207320442704229e-42
4.9722099649501886e-42
5.167074374199576e-42
4.996677426228461e-42
4.878610838409128e-42
4.799994611031385e-42
4.718363840452103e-42
4.7053348985634214e-42
4.809111776424679e-42
4.487386579498998e-42
5.1636551703298e-42
5.609001314103625e-42
6.309145554377791e-42
7.859832422260981e-42
7.720490953302213e-42
9.335219751703186e-42
1.177074123015081e-41
1.8861553402261216e-41
1.8850404919177777e-41
1.9628665228018668e-41
2.4491936232086845e-41
3.1337138199014145e-41
3.592463420135773e-41
3.943638693806258e-41
4.2133383247820094e-41
3.627612990437684e-41
3.3006307307698676e-41
3.91911684546391e-41
3.7928212140318713e-41
4.163198635461259e-41
4.688514385732546e-41
4.64093129484596e-41
4.92074176417125e-41
5.479322564969818e-41
5.24749906846034e-41
6.086293488065262e-41
7.443322851018118e-41
8.165582157407036e-41
9.263806023519933e-41
8.945585601449818e-41
9.345381574430584e-41
1.2619619412340414e-40
1.4399881246312016e-40
1.8529299567395245e-40
1.5233237247476233e-40
1.4503580924649038e-40
1.949309624289651e-40
1.8895618353995508e-40
1.968485994238922e-40
1.976428094332578e-40
2.1255156860484858e-40
2.0575900786943836e-40
2.2893111479322615e-40
2.0589346989466553e-40
2.054038035185158e-40
2.7406985136854165e-40
2.5354590306547315e-40
3.992912636537068e-40
5.523517104936947e-40
5.802338595118096e-40
6.330299918971093e-40
6.792459592617616e-40
7.494818645376245e-40
1.155007282459919e-39
1.2807219830823308e-39
1.2924656295264549e-39
1.0387693194365667e-39
9.583714722685746e-40
1.0488794384355078e-39
1.0652839510624062e-39
1.0053432784765775e-39
8.705648672087803e-40
1.0027695025757532e-39
9.772470347535323e-40
1.3235082655710216e-39
1.181541961056558e-39
1.1231405957128044e-39
8.939335656440422e-40
1.1402862443295302e-39
1.1711530182690453e-39
1.2927075979074872e-39
1.1304638225844739e-39
1.3116787934733332e-39
1.5651397732046632e-39
1.3831380793718686e-39
1.7556017812779713e-39
1.7481968350219524e-39
1.9893796294639238e-39
2.4766362692366473e-39
2.247743301520799e-39
2.288495853821897e-39
2.2556607640953258e-39
2.292204792217105e-39
2.4151030855213762e-39
1.9868903183100675e-39
1.8150799633949476e-39
1.9206326723907582e-39
1.897909744063276e-39
1.9736260181826997e-39
2.6627206951194728e-39
2.689425134259833e-39
2.44769308976797e-39
2.0075281046437944e-39
1.998764426216969e-39
2.4237882813417964e-39
2.628204601669436e-39
3.0356010340873455e-39
2.7735619226507867e-39
2.4035149060607454e-39
2.3405306790931845e-39
2.524817787253562e-39
2.2289043543159072e-39
1.8512607909493602e-39
2.619187909050261e-39
2.5042829554167416e-39
2.8190708339298703e-39
3.376893490259445e-39
3.518554884319948e-39
3.160475589158975e-39
2.7094181972445962e-39
2.040814008556569e-39
1.953149923606662e-39
1.8981476460204873e-39
1.8381016430346005e-39
2.1056940072255832e-39
3.106049442379897e-39
3.596368919898492e-39
3.5178107908049506e-39
3.743203433986844e-39
3.762323211899734e-39
3.792094122459442e-39
3.332015715373347e-39
3.5319616145531404e-39
3.059417986549471e-39
3.3723229076016666e-39
4.1138434896370627e-39
3.9150334924198364e-39
4.596080550026983e-39
4.4269998966716426e-39
6.28624207150688e-39
6.0017046378962e-39
7.252133331817478e-39
Acceptance rate: 0.21141666666666678
3.570165913582081e-39
4.2389166258165536e-39
3.5498806295856045e-39
3.491316462787919e-39
3.864580494086641e-39
4.172284595592379e-39
4.791971662915567e-39
6.201855220956091e-39
6.910377453838604e-39
8.086462986311767e-39
9.282967584077319e-39
1.0188336231092072e-38
1.1303490739471448e-38
1.2484077827165077e-38
1.6693192198270193e-38
2.175474949659582e-38
2.540572450850477e-38
2.6964369180761036e-38
2.752380205897621e-38
3.450119758653233e-38
4.3198174673514014e-38
4.3728608916672917e-38
5.19328333360007e-38
5.545641284916163e-38
5.289856671832012e-38
6.615263663704561e-38
8.561833778237189e-38
6.767219162346209e-38
6.165303333182318e-38
6.058766290933127e-38
7.971444575945825e-38
8.360560335215506e-38
7.033862144091133e-38
8.290792748699407e-38
8.875992316253522e-38
9.185591764484528e-38
8.177875788308193e-38
7.632307192379639e-38
8.295706731658412e-38
7.27761804609267e-38
7.202001412813811e-38
8.663443420988569e-38
9.281641902568411e-38
9.134876808056414e-38
8.985751952846539e-38
1.0479125164510907e-37
1.3331225860836315e-37
1.4875774477097462e-37
1.29517201686325e-37
1.3892872236343151e-37
1.4206284774330961e-37
2.0636098069894748e-37
1.8172793252428037e-37
1.6171572993413027e-37
1.9884673026803626e-37
2.1264171781849297e-37
2.344398744392345e-37
2.2752301405417308e-37
2.0324713702420023e-37
3.254389037473968e-37
3.833754524910613e-37
4.280945606765923e-37
3.975864400204515e-37
2.970927190166681e-37
3.3072397725090705e-37
3.6606104983429957e-37
3.4895703042986728e-37
3.7569675422932196e-37
3.5188789420571398e-37
2.961943056275017e-37
3.5080912799853686e-37
4.1636038834829395e-37
4.295452658926212e-37
5.075295592532154e-37
6.058381652626809e-37
9.843904367132005e-37
1.3669556965608366e-36
1.3459267730076134e-36
1.624873923634458e-36
2.22468150202741e-36
2.6656484714541133e-36
2.714055268889784e-36
3.018830643226146e-36
3.9806357721505796e-36
4.835486770943393e-36
5.222227434526253e-36
5.22607379023064e-36
5.927389258214196e-36
5.323009935613778e-36
6.171434340032632e-36
6.653557437559114e-36
5.685955427604858e-36
6.878009085961902e-36
6.970237229372779e-36
7.116004375176864e-36
9.945658152376326e-36
1.2248068345667073e-35
1.37915816060251e-35
1.1952613503822444e-35
1.3077099890790082e-35
1.552220979937158e-35
1.9110434689026782e-35
1.9027954956711396e-35
1.9409977268260116e-35
2.1707822896118702e-35
1.974367589171428e-35
2.632104281577009e-35
2.684926919933455e-35
2.7124382772174086e-35
3.413807540264767e-35
3.5029148321797974e-35
4.364712204827109e-35
3.6603456279387213e-35
3.8671284580715733e-35
5.385007146956193e-35
6.561557627779417e-35
6.281116893719804e-35
4.657907649203771e-35
5.674795803139637e-35
5.647912310643897e-35
8.589742482558513e-35
8.637020663254339e-35
1.0143387619815298e-34
1.0399881992189672e-34
1.0113145434783526e-34
1.1898376789091424e-34
8.300298605877419e-35
7.130675101392629e-35
6.702421901821849e-35
8.429580428490621e-35
9.792489469467042e-35
1.4198872926878343e-34
1.3685463184375326e-34
1.2746051728624875e-34
1.270812541840051e-34
1.1678674401209868e-34
1.5641626231259055e-34
1.7654856920434782e-34
1.784137223116203e-34
1.638366475297274e-34
1.9814185749342277e-34
2.272103199493497e-34
2.3179512287740407e-34
2.3119196949632562e-34
2.8459819601067234e-34
2.7420885509890524e-34
2.521171343883742e-34
2.537979884268156e-34
2.934336667484732e-34
2.462260440543805e-34
2.1801534227377846e-34
2.1359429462878547e-34
2.129812229849636e-34
2.458876454750199e-34
2.920410847053767e-34
2.8762555449923317e-34
3.915992242728752e-34
5.958802053278678e-34
6.136665372017804e-34
5.285391523919404e-34
5.319044148916779e-34
5.646900072890933e-34
5.970803421579761e-34
5.626705397817764e-34
7.142757230706243e-34
1.0691402073604587e-33
1.0398731056653785e-33
9.601026742415532e-34
7.543825336921364e-34
8.697995987419958e-34
1.0326912817713268e-33
8.134776001779112e-34
8.296262667176764e-34
7.281604673506694e-34
7.810119514708745e-34
1.0162533935319036e-33
1.13790547424712e-33
9.377613462473435e-34
9.329984114021162e-34
7.182122625629215e-34
6.599921502883405e-34
9.316235851716518e-34
1.0212888793656124e-33
8.993603296994082e-34
9.470841859953155e-34
9.6109279626727e-34
1.0352331877629601e-33
1.1426061270621964e-33
1.1905743286418825e-33
1.1697813535330725e-33
1.207155930551126e-33
1.0214266396854826e-33
1.0206952955969237e-33
7.833572996327409e-34
8.93369677759114e-34
9.207042278273665e-34
9.407060833955639e-34
7.890793082882577e-34
8.360843475944608e-34
1.1449811684861195e-33
Acceptance rate: 0.2330624999999995
5.115101492298039e-34
7.7025066143207914e-34
6.376544162620029e-34
5.717171381152333e-34
4.837815470497817e-34
4.272970522616497e-34
5.28395353103275e-34
5.407210977068129e-34
5.375253242043257e-34
4.824141054520661e-34
5.213668210201222e-34
8.41843346792527e-34
8.500723102368621e-34
1.039320349201452e-33
9.733009333380416e-34
1.424259306084281e-33
1.4399816184476657e-33
1.4755654984116855e-33
1.3106603373667078e-33
1.4376325150216884e-33
1.3430966874177022e-33
1.6446852798748773e-33
1.4517921552082213e-33
1.5042125286861878e-33
1.701058796044841e-33
1.9080631067326e-33
2.1504320551251615e-33
2.5239584937877365e-33
2.4666559005116594e-33
3.0419020594433906e-33
3.257336890987978e-33
4.0002594529409586e-33
5.20847465402936e-33
4.2497182362033754e-33
4.0906527698745965e-33
4.439947717494276e-33
4.815863338971997e-33
7.959173733082932e-33
7.536619036823218e-33
8.414773707721023e-33
8.363410811200508e-33
9.41790339334465e-33
9.654387789770064e-33
7.990012262860829e-33
7.672968694639015e-33
9.334830183357302e-33
1.1389650891097968e-32
1.0173760082680826e-32
9.061843740407557e-33
7.890522570880378e-33
7.924883219165475e-33
8.132550383888027e-33
8.07146160454918e-33
8.953924761220966e-33
8.652043341702334e-33
1.0828787046548971e-32
8.432693463551828e-33
8.244757358659863e-33
7.7322905042158e-33
6.824281104994622e-33
6.851969606636907e-33
7.555686719693711e-33
6.767873698062907e-33
6.288687555994686e-33
6.257023848354164e-33
7.289046172162217e-33
9.941626381418323e-33
7.228179292092142e-33
5.900790959732919e-33
5.347630331419856e-33
5.1037561757027715e-33
5.1429352263764866e-33
4.01859299964761e-33
4.14099343192073e-33
3.7257950421598444e-33
3.2749620934005054e-33
3.329534475247262e-33
3.267495120140022e-33
3.095535037602983e-33
4.282842973849743e-33
5.583307615917807e-33
5.2712522513097686e-33
5.1458422446334036e-33
4.8499145127368243e-33
5.386949198985807e-33
4.729360183280536e-33
3.9710986889385385e-33
4.249163896971744e-33
4.859630373906177e-33
4.5152021805752766e-33
5.7876030805448166e-33
4.660910154596963e-33
4.439270542249885e-33
4.869054215798897e-33
3.838145905956432e-33
3.811247849762024e-33
3.749507643920952e-33
4.02534850475341e-33
3.833176459100453e-33
4.0030697166082514e-33
4.521863024833935e-33
4.391456249889987e-33
4.232389196296091e-33
4.536517780516524e-33
5.6123898715261274e-33
5.1813016543429613e-33
6.476091938777333e-33
5.128871130448052e-33
4.997505431662862e-33
4.164647817695105e-33
5.31482123828572e-33
4.534953996059495e-33
4.0601824355783036e-33
4.539664254438108e-33
4.827135681133245e-33
5.34394357152132e-33
6.266164931912069e-33
5.671300488577471e-33
7.431300327827483e-33
9.023310809429461e-33
7.510195615251409e-33
7.321341881772479e-33
7.557359158856822e-33
7.226290066570918e-33
6.801057166548447e-33
5.8743693428699116e-33
5.103830289814945e-33
4.6706032090827516e-33
4.398064404636947e-33
3.902210419704308e-33
4.25423189856746e-33
4.454361645610558e-33
4.420179179330286e-33
4.1959225857752754e-33
4.2515029358430047e-33
5.1336857341924834e-33
4.473076603675947e-33
4.141202618529662e-33
4.1081582432055856e-33
3.271979525887375e-33
2.6389906310000132e-33
3.091880185015212e-33
3.0478544637123667e-33
2.5062546319951115e-33
2.3473114646446826e-33
2.1467508244275623e-33
2.0773465402030863e-33
2.4708786924470828e-33
2.92062036765493e-33
2.4171366281178493e-33
1.9969128975702367e-33
2.0820668868892806e-33
1.47531093377623e-33
1.754647475117852e-33
1.632497255627044e-33
1.5473722795079175e-33
1.3325105908513997e-33
1.4110857202020608e-33
1.134661214032367e-33
1.1674137816364843e-33
1.167595489679841e-33
1.168961916951225e-33
1.2164896235389978e-33
1.252702394599464e-33
1.608699208855505e-33
1.1827615774064983e-33
1.4076320589091442e-33
1.1299822028157264e-33
8.213491487086977e-34
1.0318278922843573e-33
1.297595822235536e-33
1.1679436719476122e-33
1.1823226269741051e-33
1.1463859744611424e-33
1.0277900115680165e-33
1.0624294077573209e-33
1.2124870728229971e-33
1.3774144789620241e-33
1.2947442634951153e-33
1.891998797715029e-33
1.9592101738424622e-33
2.2254571284449593e-33
2.1770514280033197e-33
1.8480403310929463e-33
1.472376741813263e-33
2.1971801827180295e-33
2.3762687789116334e-33
2.1459821252011405e-33
2.4518458151888636e-33
2.8741642622702435e-33
2.9854378334606955e-33
3.0295117978162365e-33
2.8494734623284985e-33
2.5181549007706744e-33
2.6851180664380837e-33
4.4338019649226585e-33
4.7918992619858075e-33
4.76873840283585e-33
5.235806479797325e-33
4.505074634681818e-33
Acceptance rate: 0.2529499999999987
1.910742963160081e-33
1.9684584762647258e-33
2.1491128765243003e-33
1.9638267180594568e-33
2.3868345353152447e-33
2.0508310484144596e-33
2.0587310637517427e-33
2.64663333399215e-33
2.9983603088417993e-33
2.6741489522993574e-33
2.98188426597132e-33
3.270444045642641e-33
3.2471493122183994e-33
3.502646006036704e-33
3.690886084936441e-33
3.866687588421414e-33
3.791577751967666e-33
3.0101866200216346e-33
3.152656823821013e-33
2.5640058059317377e-33
2.59269231942177e-33
2.4230936857866326e-33
2.2035723540018337e-33
2.760373356182098e-33
2.6645283173909632e-33
3.09304295303731e-33
2.804725231075943e-33
2.5389644321082955e-33
2.7324927270361396e-33
3.50851358735486e-33
4.084059632815092e-33
3.530031344446729e-33
4.30671107248574e-33
4.30420992796828e-33
4.227366862852219e-33
4.352444820757462e-33
4.410458565237775e-33
4.485824969394449e-33
5.333158078792743e-33
5.213070426164646e-33
5.197167479317908e-33
5.470409410698128e-33
5.0262697802330916e-33
5.8842018821245004e-33
5.2065628796374466e-33
4.940685079670801e-33
4.033698868346895e-33
4.4683954955509946e-33
4.5410595771026325e-33
3.306891205341609e-33
2.5730005269722275e-33
2.6266630965821084e-33
2.4450822434690418e-33
3.216775833801757e-33
2.82051434030492e-33
2.803216483742267e-33
2.268636258748252e-33
2.3535027337168337e-33
2.441904060589449e-33
2.329944735044597e-33
2.650876127399934e-33
2.1413408083274727e-33
1.891225249285268e-33
2.653133497389849e-33
2.720712506222722e-33
2.7926873402767397e-33
2.1903638583877534e-33
1.8115359707646742e-33
2.225722575638995e-33
1.909368839256813e-33
1.9441879067865752e-33
2.3575589060069725e-33
2.9346274993979317e-33
2.549145694580195e-33
2.4591724078482043e-33
3.3971228831446346e-33
3.5091006171178585e-33
3.595736996681513e-33
3.590544935439311e-33
2.9179932148065586e-33
3.620452106199292e-33
3.2120091932834406e-33
2.7885628507646166e-33
4.660889213534247e-33
3.8559581551289034e-33
3.05010827389253e-33
2.5516578152535904e-33
3.012090770465943e-33
3.386940227359547e-33
3.3592468320468295e-33
3.8611592248284236e-33
4.4131887824258694e-33
4.9438178618780536e-33
4.3336046045455716e-33
3.951728243374984e-33
3.9096582719813215e-33
3.0098352938201493e-33
2.9091692442492864e-33
2.4055928170250143e-33
2.535546482084324e-33
2.5621016525426065e-33
1.9007947438360214e-33
1.6802257628766323e-33
1.6853719872104457e-33
1.8877148380470884e-33
1.933994012602782e-33
1.906123207469105e-33
1.9000212442431373e-33
1.6619922352482407e-33
1.94182759855511e-33
2.1037512984325306e-33
1.9429488225426213e-33
1.8717528235854056e-33
1.683701330240777e-33
1.5184481174749478e-33
2.417301625062283e-33
2.3726059753823565e-33
2.581236797417497e-33
2.6285287628470516e-33
2.8038039854095586e-33
2.6442553952302724e-33
2.5754910368733908e-33
2.7145314113135377e-33
2.9754411481698883e-33
2.6989909662051094e-33
2.249573303568561e-33
2.0673794723344543e-33
1.9163218668130144e-33
1.9767591722050145e-33
2.9189099105421123e-33
2.4957236931062208e-33
2.778887888815715e-33
3.28905858172824e-33
2.982412877634364e-33
3.061074959696823e-33
3.85336101070192e-33
3.320186030532733e-33
3.075283044275777e-33
2.727719561182217e-33
2.8257080507279418e-33
2.8486456681703883e-33
3.114106773651072e-33
2.4477700051499838e-33
1.9407740638570425e-33
1.6584079230212364e-33
1.836792974103331e-33
1.5855405326772713e-33
1.7435874050548524e-33
1.8951467455491673e-33
1.8487183473424657e-33
1.7683661911700062e-33
1.8209376736205424e-33
1.785090539357449e-33
2.092941706370683e-33
2.184191353333414e-33
2.134924246744372e-33
1.736416588442766e-33
1.678605708734179e-33
2.9293081834333367e-33
3.50017355161098e-33
2.9188740840450643e-33
2.9242576752989673e-33
3.047051951638602e-33
2.5457538112351397e-33
3.1377637726954094e-33
2.4500857786342955e-33
2.4040250538881453e-33
2.3927177562348274e-33
2.6194944370790377e-33
2.1709922930407038e-33
2.1422205404259054e-33
1.632985534166443e-33
1.6266329437404752e-33
1.875963586947158e-33
1.7925833508593613e-33
1.7297449298611982e-33
1.3225436060334994e-33
1.661544075606954e-33
2.0941134549655433e-33
1.7136676977388147e-33
2.2794350505629408e-33
1.6904555789575786e-33
1.6857461295763476e-33
1.5633607756621253e-33
1.6951388374761298e-33
1.8393188651737443e-33
1.9446459767468293e-33
1.831141817559153e-33
1.6164288221219457e-33
1.5089090733616692e-33
1.4197595377173604e-33
1.2562358623936773e-33
1.3268926909263709e-33
1.0787737447139552e-33
1.266393952274127e-33
1.390444523802846e-33
8.611994162042469e-34
7.025985418927157e-34
8.535902975298337e-34
8.187314747992437e-34
Acceptance rate: 0.26333333333333203
3.450059601328097e-34
3.5047806304269194e-34
5.2019714704559855e-34
5.042055512961316e-34
4.639120033277595e-34
5.783352856939022e-34
4.773682228365476e-34
4.860107184474699e-34
6.0110074117667445e-34
5.433255647998467e-34
6.991544717008598e-34
1.0191864282641395e-33
8.686138113662335e-34
1.112102276856545e-33
9.973085724293494e-34
1.0816462105856067e-33
9.928704140865617e-34
1.0778190190511674e-33
1.0088643524001228e-33
1.2828060783878097e-33
1.4822777568856253e-33
1.3900095538396754e-33
1.3665011216147745e-33
1.3023833504019435e-33
1.4451338919236316e-33
1.3736916422174881e-33
1.3505076894388007e-33
1.4441583344961283e-33
2.0190623930643445e-33
2.008087279707844e-33
1.715328541696461e-33
1.5955208650953557e-33
1.5364933542515887e-33
1.5079050382261398e-33
1.5676069670030245e-33
1.5434099840892464e-33
1.801713099178146e-33
1.4471029300493857e-33
1.064752194777698e-33
9.23820437565911e-34
8.54282149263002e-34
9.75445883936476e-34
1.0540416340199637e-33
1.3620981239918375e-33
1.3244259442176274e-33
1.3205865628072875e-33
1.519317800269751e-33
1.6201226078179245e-33
1.8742746042828018e-33
1.802004180124154e-33
1.7769537162977593e-33
1.5321456834451608e-33
1.4395846574150105e-33
1.7717152910353615e-33
1.7716215349063248e-33
1.5277719506747824e-33
1.987909985943223e-33
2.2910367385026352e-33
1.817486942245194e-33
2.059871322724171e-33
2.1107101561869834e-33
2.4429142003950643e-33
2.6660324007810808e-33
2.2789014985898807e-33
2.8412825517269532e-33
3.256104185247462e-33
3.3227227916865606e-33
2.174437084433932e-33
2.088648435816875e-33
2.269171669062212e-33
2.816092958632289e-33
2.2195812369579875e-33
2.528094965367401e-33
2.218549279629246e-33
2.1022533943132626e-33
2.137820314054564e-33
2.4664288129767086e-33
2.4804022946841596e-33
2.4388906211832597e-33
2.8498883794555094e-33
3.868867909537586e-33
3.9095963846435344e-33
3.3939092300202025e-33
3.0395601675898172e-33
2.512132306514205e-33
2.9719918612920758e-33
2.591276335946499e-33
2.6327546377504275e-33
2.5873215749919374e-33
3.102862526556412e-33
3.174989235673795e-33
3.1484426013229516e-33
3.505777578834399e-33
3.614585275631838e-33
2.8893534358065923e-33
2.3306691845564048e-33
1.8200473950196554e-33
1.773225714392647e-33
1.7886086438297436e-33
1.5141613460996856e-33
1.5330478239693441e-33
1.411096506070431e-33
1.758303482912512e-33
2.169734678992968e-33
2.159699361149142e-33
1.976262110984708e-33
1.9722853186636643e-33
1.7843462597313664e-33
1.412972133966569e-33
1.4880147369137188e-33
1.3365941027945476e-33
1.6314893990717476e-33
1.4079758421560976e-33
1.6615816906489827e-33
1.322185815506527e-33
1.3455706116868528e-33
1.224645432339823e-33
1.3485047472172247e-33
1.2600771167802107e-33
9.096088783950074e-34
9.425847195528073e-34
1.1209970632684271e-33
1.3431841891405787e-33
1.4546820161256523e-33
1.8981788915719805e-33
1.660483341549656e-33
1.426197822909735e-33
1.5641442461172988e-33
2.0010422214465455e-33
2.3951422781084093e-33
2.1962562619806538e-33
2.4712731664640684e-33
2.9966528062660575e-33
2.9099354257123726e-33
2.7733284723076896e-33
2.8606118693588054e-33
2.7544844849005746e-33
3.2861799403575526e-33
3.5473022404369256e-33
3.708128164868123e-33
4.2637922544372044e-33
4.4577823310083913e-33
4.370467047082114e-33
3.9351298380559755e-33
3.4959386598526524e-33
3.508829938280757e-33
3.744351636315982e-33
3.815811597141524e-33
3.714846991087232e-33
3.950513720794132e-33
3.687237317082392e-33
3.0630204527590136e-33
2.884552324679381e-33
3.153959218940072e-33
3.092568554184026e-33
2.2720040383198457e-33
2.132408020819923e-33
2.0884806335228095e-33
2.059512383876206e-33
1.8500024535443266e-33
1.5895450267236967e-33
1.4501226649964067e-33
1.4711965563455666e-33
1.1000131622090015e-33
1.3279701356676659e-33
1.3297912879036737e-33
1.1908891980997896e-33
1.259852721068421e-33
1.1846348507747589e-33
1.0223850429164598e-33
9.559917805935905e-34
1.0339046111324275e-33
1.0222261165264674e-33
1.0327405671348732e-33
9.966242457551425e-34
1.008070545575337e-33
1.414792934404446e-33
1.614994563931843e-33
1.9500337373004257e-33
2.1083501205990584e-33
2.149570401851994e-33
2.025393057990104e-33
2.0397942160366045e-33
1.932335496951085e-33
2.1423430847961554e-33
2.2893469313491696e-33
3.40151835093159e-33
3.4299261165167066e-33
2.333131183490938e-33
2.5211775341720236e-33
2.3161003440830345e-33
2.2663971457521204e-33
2.2615373833633826e-33
2.2198280603678434e-33
2.006842208259789e-33
1.7465975335471275e-33
1.727443795469527e-33
2.0650920561247722e-33
2.0812618116803706e-33
2.1419511192932206e-33
Acceptance rate: 0.2686785714285684
9.949966471680804e-34
1.4607310482198444e-33
1.5364666839073412e-33
1.8128660652272833e-33
2.182994040851898e-33
2.4266344770571954e-33
2.321640004947432e-33
3.0762941038448856e-33
3.4555556603972066e-33
3.8185888732418196e-33
3.2071370051045246e-33
3.6196436491908673e-33
4.075154947709626e-33
4.632012900957863e-33
4.9175324134119845e-33
4.588113249982375e-33
4.3149951426578584e-33
3.730316512030511e-33
4.116432319558207e-33
4.919703278128335e-33
5.3563172314649546e-33
4.543234772772561e-33
4.765851422270982e-33
3.893915124064537e-33
4.040814905315562e-33
2.82290984715885e-33
2.9945067692963453e-33
2.5119516744449742e-33
2.6081000240422468e-33
3.1538630005586956e-33
2.987697841079732e-33
2.6544549194592364e-33
2.9314822102826297e-33
3.306987728141266e-33
3.976693331235387e-33
4.072120111180365e-33
3.816052318027541e-33
4.1937616376003485e-33
3.941700103155e-33
3.9174396251757286e-33
3.653651487954407e-33
2.5436616426709537e-33
2.6488640152894927e-33
2.7673372679968767e-33
3.2922535981003165e-33
3.1310014204305996e-33
2.7598428394298517e-33
2.482689787433354e-33
2.173603622517116e-33
2.034524347897745e-33
2.1031762358264785e-33
1.7967078324155316e-33
1.6880107580448535e-33
1.392243354945881e-33
1.5883338034825853e-33
1.6529017053299903e-33
1.8991924877580296e-33
1.9346820876324948e-33
2.120281959792307e-33
1.8120419865384044e-33
1.8463743901960124e-33
2.4972998543594188e-33
3.310525195833232e-33
3.100074241140919e-33
2.7108185615094872e-33
2.09824909274966e-33
1.961311960900964e-33
1.8967403094737964e-33
1.854725517978207e-33
2.5276935005757372e-33
2.4241736915480868e-33
2.1521699696542103e-33
1.8396142165765133e-33
1.8439137930612804e-33
1.5372670488877459e-33
1.8150664202711733e-33
1.9859198743186757e-33
1.9786098277844606e-33
2.2913944635818577e-33
2.458583949758166e-33
2.205980167497596e-33
2.3114977356659698e-33
2.3641001261016493e-33
3.209130278244597e-33
3.539070086862884e-33
3.4225878116968895e-33
3.261041699358746e-33
3.052873944789758e-33
2.5784009120196966e-33
2.7428885427225725e-33
2.7111339036314298e-33
2.4681619728538587e-33
2.1230592682245877e-33
2.3356841779527968e-33
2.1177510494697557e-33
2.680340535673916e-33
3.0342738905324383e-33
3.5160465926217104e-33
2.9037824422985706e-33
2.745667111589191e-33
2.945924495219297e-33
2.9174290257475433e-33
2.3832686451640994e-33
2.4706995275995967e-33
3.0372556198186015e-33
2.7443713222672193e-33
2.4641902977142606e-33
2.2758657110187745e-33
2.3432803260038817e-33
2.0035584385232838e-33
2.0738465165434205e-33
1.995563875049655e-33
1.815320543178927e-33
2.0578798659571262e-33
2.062988128789697e-33
1.774088977491063e-33
2.0126527758668038e-33
1.856078126247798e-33
1.8855111829196578e-33
1.8086981334860434e-33
1.6605775624205025e-33
1.5489848821795034e-33
1.862205927464126e-33
1.726754373803118e-33
1.3461035224264307e-33
1.3328599131028719e-33
1.0242395330997675e-33
1.0572546697368034e-33
9.77107184973251e-34
7.6422441137134186e-34
7.074016024392589e-34
6.9418657125306645e-34
5.171990256846277e-34
5.579037684348355e-34
6.969021596098491e-34
8.958950906171888e-34
1.06177860490141e-33
1.0069203148007816e-33
8.495112200644774e-34
8.90477302916586e-34
9.224128969429424e-34
9.274889078428452e-34
8.634481635587056e-34
1.2501497587920092e-33
1.1664049371280647e-33
1.2526597762504973e-33
1.3737041415052984e-33
1.4587818352447593e-33
1.9927069789855295e-33
2.1666007974560486e-33
2.1952223737723822e-33
2.2411537824157365e-33
2.480173246614554e-33
2.6587038121852823e-33
2.627624145864095e-33
2.4646291744936568e-33
2.253704935262586e-33
2.5661607625826617e-33
2.361337606180027e-33
2.3254745538212265e-33
2.370802186505198e-33
2.5747200999926503e-33
2.5954541938041628e-33
3.277513031050509e-33
3.1212218480971784e-33
2.63321396051126e-33
2.1468635748024866e-33
2.5173716487703656e-33
2.1362888177035366e-33
1.4680309115266823e-33
1.3458674387454084e-33
1.3470157199293647e-33
1.2794581990421132e-33
9.766608803360795e-34
1.1824247522125148e-33
1.0399470028319364e-33
9.932110757441494e-34
1.1013579548956791e-33
1.422532109542797e-33
1.2167749801795243e-33
1.2043549905654973e-33
1.2739583077790521e-33
1.2199750453857553e-33
1.3932048991829319e-33
1.7605276857193737e-33
2.004985076132684e-33
2.3041261390799365e-33
1.8791544841682194e-33
1.7793488894777795e-33
1.699289344249665e-33
1.2545498377850758e-33
1.2099790156597869e-33
1.2785594957341424e-33
1.1450512408082013e-33
1.2858916638360549e-33
1.5960552958859458e-33
1.710943684567938e-33
1.4527824882025842e-33
1.5236104636554647e-33
1.6234860152192814e-33
Acceptance rate: 0.27415624999999977
7.0529169584883215e-34
7.45604691099399e-34
7.428074940987797e-34
6.859501313552052e-34
6.221267606667311e-34
4.973219935581686e-34
5.229279290481436e-34
5.095518464105026e-34
6.025749126106451e-34
5.32412721203543e-34
7.187414329859981e-34
8.582219528684788e-34
8.494210337972327e-34
8.29362321420902e-34
8.351297809433852e-34
6.884821357481102e-34
9.125184757132612e-34
1.1541350167773188e-33
8.691904434900271e-34
8.247661621739028e-34
1.0150599114774607e-33
9.864623035981413e-34
1.028528197374556e-33
1.2139406493704239e-33
1.3335128139196624e-33
1.3713581635164076e-33
1.2070222525970238e-33
1.1253806328409367e-33
1.0389299754890112e-33
1.109068942360254e-33
1.211797476577626e-33
1.1100735107929442e-33
1.2651227811662546e-33
1.2122009278613613e-33
1.2049315455296364e-33
1.0412126807703225e-33
1.3313923623666192e-33
1.1982068629041372e-33
1.016633746921247e-33
1.328946621112895e-33
1.0959458471684016e-33
1.1261812519128293e-33
1.0645664992915799e-33
1.1509674909823399e-33
1.0103864851989096e-33
1.3968632864458818e-33
1.3893831559997535e-33
1.1065791360582347e-33
1.2218256267262182e-33
1.4887025336940172e-33
1.5997026668156604e-33
1.8543478401610093e-33
1.877737060209504e-33
2.107364398276655e-33
2.079600561688101e-33
2.8654399729793208e-33
2.8461149093122017e-33
2.6885167386686406e-33
2.5168960449145937e-33
2.277136799801387e-33
2.720600955385187e-33
2.2461816084450677e-33
2.494056845259006e-33
2.826857451639965e-33
2.3708508175234644e-33
2.0761296112092132e-33
2.146583111215513e-33
2.3917586205134723e-33
2.332817064097886e-33
2.40660047620761e-33
2.5045865624625243e-33
2.677233308327015e-33
2.6900153740990384e-33
2.344177644103369e-33
2.3804730437191577e-33
2.4999116312889032e-33
1.9247005927224247e-33
2.0474723693818243e-33
2.1558403595419176e-33
1.83306789356339e-33
1.697026508902941e-33
1.618009847397887e-33
1.585542047645772e-33
1.4333285989370776e-33
1.4175817580989186e-33
1.3069317073406602e-33
1.6437351843522822e-33
1.8194797683861854e-33
1.8206917211298996e-33
1.8445822230033885e-33
1.7076295506350356e-33
1.895546785362064e-33
1.2926774970674913e-33
1.3168063252125637e-33
1.0329102678863065e-33
1.0563964669780343e-33
1.3477503573449738e-33
1.5408176868774253e-33
1.1255345490274489e-33
1.0098800372855344e-33
1.100476060241819e-33
1.1388049134820226e-33
1.0509402257749959e-33
8.816651481299185e-34
8.197634714742973e-34
8.187371775537532e-34
7.094475465498936e-34
6.576177275120007e-34
7.866508123459568e-34
7.999862378249828e-34
6.068642827202166e-34
6.336986063405947e-34
6.8205543411832456e-34
8.822595049561546e-34
7.145702524128196e-34
7.2172185925347325e-34
7.99753292890875e-34
7.5925394227956005e-34
6.832104146633332e-34
5.660038308560709e-34
6.635473434518754e-34
6.4969991016280514e-34
5.516777930304708e-34
5.595944478562078e-34
5.97516891748647e-34
5.614115305109139e-34
6.1178169237151026e-34
6.398961168903284e-34
7.112276154573585e-34
6.858274326998816e-34
5.843465670821032e-34
5.823375070851033e-34
5.677368771216248e-34
6.257917874505781e-34
4.960857736582929e-34
5.097978771124323e-34
5.785959591385415e-34
6.0830246951653085e-34
5.922714287955509e-34
4.455167920373173e-34
4.341161997288853e-34
3.294010502999308e-34
3.6497050685915786e-34
3.3653469391331475e-34
3.0967931184826546e-34
2.4587002481397166e-34
2.353377049295447e-34
2.9979983221730073e-34
2.689533327189959e-34
2.8843854967630634e-34
2.8877152383686415e-34
2.382267916646616e-34
2.513058910588682e-34
2.6014881843439534e-34
2.831649637039462e-34
3.29055924155541e-34
3.902485421019468e-34
3.670777485934243e-34
3.4767889255871133e-34
4.178586285770733e-34
3.7487662033493867e-34
4.462270769713362e-34
4.0574827436256805e-34
3.2996891100449556e-34
3.024999982454194e-34
3.8139155469714827e-34
3.986389718538234e-34
4.237287114551328e-34
3.162570941545754e-34
3.1213426086354367e-34
2.6357668861200638e-34
2.581892639045986e-34
2.3685766285001314e-34
2.1668534602682175e-34
2.543964785436301e-34
2.0343339436096363e-34
1.8984705105147914e-34
1.9000163538832038e-34
1.884681453725896e-34
2.6460107237088484e-34
2.3400623205125883e-34
2.1413094971797503e-34
2.6399084635247186e-34
2.8228236336355952e-34
2.886035236582644e-34
2.5562755108772423e-34
2.676692672346806e-34
2.4251407614035203e-34
2.3046481394740033e-34
2.0591486630157294e-34
2.4569411083508243e-34
2.3485099844491493e-34
2.6130386274459548e-34
2.495739725262296e-34
2.7436392282692803e-34
2.4254668188533115e-34
2.4277168343901273e-34
2.291836645164386e-34
2.0196788374167888e-34
1.81279801418313e-34
Acceptance rate: 0.2809166666666661
8.30345411225459e-35
8.415152945923692e-35
9.966778648639681e-35
1.19202944345622e-34
1.241912437607538e-34
1.3185707921968266e-34
1.426804753116343e-34
1.8229503744625949e-34
2.0507555439900674e-34
1.9179489144628654e-34
1.8597306483984852e-34
1.5847861966717294e-34
1.958505549243521e-34
1.769577227575854e-34
1.9072230428081388e-34
1.6536233145567354e-34
1.5995158828523616e-34
1.3477155621027429e-34
1.3838086125066612e-34
1.512172937433172e-34
1.6126059493074286e-34
1.7010958339996925e-34
1.381607798881376e-34
2.0098327201542726e-34
1.950001637611556e-34
2.255362606151034e-34
2.352780171488325e-34
2.5237060656900265e-34
2.440524719468397e-34
2.610326562782174e-34
3.196622892741491e-34
3.4810837422888924e-34
3.564469240499587e-34
4.361288952736708e-34
4.414375018971936e-34
4.049184535980967e-34
4.319531578802839e-34
4.2762489660447575e-34
4.8186989231496724e-34
5.9994232627318336e-34
5.561821784064411e-34
7.778161894117229e-34
8.426393506471364e-34
7.238290287193935e-34
9.141342730258841e-34
1.2275366716504017e-33
1.6803485243870037e-33
1.61390264394978e-33
1.3633389772465986e-33
1.389042211384534e-33
1.5983289823983846e-33
2.068540663779248e-33
1.9533465899618178e-33
1.921209567567266e-33
1.8172683880869133e-33
2.293902952201359e-33
2.120810840091215e-33
2.1568299629441768e-33
2.824936724548796e-33
3.3064403095693134e-33
3.7268126942212065e-33
3.11170062499959e-33
3.881199326690164e-33
3.566565215895216e-33
4.169311421237973e-33
3.626198864281851e-33
3.448445487927411e-33
4.327060887528379e-33
4.436586842806023e-33
4.413946722389656e-33
3.358872075090665e-33
3.124847472178692e-33
2.4749836342806773e-33
3.3096037129653584e-33
3.4081989078441546e-33
3.262392146802638e-33
3.3503062863486604e-33
3.6753190355061e-33
3.655138190175437e-33
3.542367495715389e-33
4.478219705968721e-33
4.48038611810834e-33
6.0222812767672176e-33
6.000660824753202e-33
7.428022709244301e-33
7.136300155439715e-33
7.23259405926557e-33
6.932506511152024e-33
6.755393624935476e-33
5.4613235284998556e-33
4.849130555590807e-33
4.566477213872934e-33
4.626691952908718e-33
4.393702370193433e-33
4.336114364892987e-33
4.072348829137547e-33
3.607165146167411e-33
3.486968362095409e-33
3.5859566814626164e-33
4.195578447250713e-33
6.227523732316564e-33
5.9993022736026004e-33
5.374675118669603e-33
5.172062869100322e-33
4.901228905540868e-33
6.1426136027765915e-33
5.727184418499418e-33
8.025586946561343e-33
7.778091145414181e-33
8.087824958704432e-33
9.146350720834451e-33
7.30861464044257e-33
7.707317241800978e-33
7.902889331376385e-33
8.062128947210962e-33
8.963950101643503e-33
9.27906556414195e-33
9.354465690144123e-33
1.4269142915938377e-32
1.4442219691640055e-32
1.4831904162535235e-32
1.3312531833838295e-32
1.3728518137420342e-32
1.1083373872052016e-32
1.1141840991598943e-32
1.0087891456812533e-32
8.31063320563447e-33
8.487674037470923e-33
1.0386394551414112e-32
9.67759734471684e-33
1.0421009809095614e-32
9.484776594708134e-33
9.588802483298522e-33
8.163445250520377e-33
8.141776846436169e-33
1.2108990933373426e-32
1.233202029638847e-32
1.2563371036960342e-32
1.230906172428797e-32
1.1705331600403228e-32
9.401536207489879e-33
1.1235313190452381e-32
1.231910448742189e-32
1.0810898913589726e-32
9.043801429683908e-33
7.386907353234731e-33
6.796448421649346e-33
8.043185085632929e-33
7.056242175183193e-33
5.469019751171953e-33
4.625631554608962e-33
4.268413609559579e-33
4.775768271668762e-33
3.397188101723479e-33
3.125723071063718e-33
3.104670913020502e-33
3.247930947758798e-33
3.228069342500706e-33
3.2314542042625426e-33
3.934908598323661e-33
3.3948844267497025e-33
3.062800327282399e-33
2.7149570617962355e-33
2.5375478094924347e-33
2.299054425081738e-33
1.881857377467014e-33
2.5767322535585075e-33
2.871412235885367e-33
2.4219064197186004e-33
2.1341585429846438e-33
1.8781935226860388e-33
2.1435124960501474e-33
2.4188594136870942e-33
2.751831640687656e-33
3.518171545605588e-33
3.180838317186572e-33
3.0348148031512687e-33
2.677329800563962e-33
3.4220974023054194e-33
3.3207474611549005e-33
2.908738060962061e-33
3.6887617849590475e-33
5.39025112251612e-33
5.4893691249633706e-33
5.717337176075224e-33
6.726808868587403e-33
6.539885054490483e-33
6.300590689470763e-33
6.455404927820025e-33
7.129061994727749e-33
8.423048515370328e-33
7.354519056903707e-33
6.218334572054918e-33
5.487460699115752e-33
5.949786661976479e-33
4.5046210421423946e-33
4.231382641381651e-33
3.98920447557062e-33
3.432452055014459e-33
3.242865776916985e-33
Acceptance rate: 0.2868999999999991
Sampling time (10 samples): 9617.8633 seconds
