/scratch/users/yanlan/TroubleShooting/MCMC1/Output/AM_PM_ET_189_323_00
0.04099999999999994 7.249783386182069e-34
0.09400000000000008 1.0226453424089161e-39
0.13783333333333317 8.412349824145337e-40
0.16424999999999992 1.309792069570021e-38
0.18460000000000026 4.859328141773497e-37
0.19625000000000026 2.486250776737084e-36
0.2056428571428574 4.251957339685613e-37
0.21668750000000023 3.2135644045256456e-36
0.22200000000000086 5.1432953156453325e-36
0.2293500000000008 4.541837833278642e-36
0.23318181818181896 3.476868044458958e-36
0.23741666666666747 2.5586309723069182e-36
0.23942307692307774 1.2288164208071547e-36
0.2422857142857157 1.2690033939080105e-36
0.24363333333333526 7.457578301358626e-36
0.24656250000000177 5.656587229066663e-35
0.24814705882353086 8.546342942793835e-36
0.2501111111111127 4.3162864999810756e-36
0.2502105263157912 1.5473086071105377e-35
0.2513250000000031 1.1136092616674289e-36
Sampling time (10 samples): 10792.2835 seconds
