/scratch/users/yanlan/TroubleShooting/MCMC1/Output/AM_PM_ET_210_238_00
0.04549999999999999 1.0152866900346985e-38
0.12624999999999983 2.0150338259236804e-39
0.18350000000000063 2.596222123734427e-36
0.15350000000000055 1.1186632617479404e-61
restart...
0.11224999999999995 7.092319153652262e-42
0.1286666666666667 1.0978863986060669e-46
0.13724999999999976 1.563966013711609e-49
restart...
0.08500000000000005 6.6288351708185e-47
0.06733333333333352 7.144850852399636e-72
restart...
0.07033333333333325 5.4828686822405315e-70
restart...
0.07516666666666677 3.499135893483595e-66
restart...
0.0721666666666667 8.185551728709749e-68
restart...
0.07116666666666685 1.0842340091908332e-67
restart...
0.06900000000000003 7.68605104500346e-71
restart...
0.07000000000000024 1.565988608043802e-68
restart...
0.06516666666666646 2.306194249368888e-71
restart...
0.06649999999999959 8.907608242867498e-72
restart...
0.06850000000000013 2.0390590925465765e-70
restart...
0.06466666666666687 1.4078204910502615e-72
restart...
0.06566666666666639 2.968932531472869e-72
restart...
Sampling time (10 samples): 14684.3882 seconds
