/scratch/users/yanlan/TroubleShooting/MCMC1/Output/AM_PM_ET_166_266_00
0.03900000000000003 5.1775824212874284e-36
0.09775000000000011 5.712586432502705e-43
0.11933333333333349 1.0293960831175153e-45
0.15000000000000033 4.487210921958434e-44
0.16980000000000042 3.541528056074284e-44
0.18124999999999966 1.55392486441254e-44
0.18971428571428553 3.7583049701695995e-45
0.19743749999999985 2.1840275194849293e-44
0.20844444444444463 1.1587677461005826e-44
0.21514999999999995 1.1697839743140353e-44
0.2200454545454548 2.8285403268767156e-44
0.22541666666666665 8.225698002811424e-45
0.2296538461538464 3.522179152394851e-45
0.230678571428572 2.1831280122714672e-45
0.23023333333333384 8.599954267045753e-46
0.23215625000000029 3.9646756974101215e-45
0.2314705882352945 1.834362486632739e-45
0.23330555555555596 9.637765176945167e-45
0.23800000000000052 3.6439716989375147e-44
0.24105000000000054 7.965557003462615e-45
Sampling time (10 samples): 10583.3661 seconds
