/scratch/users/yanlan/TroubleShooting/MCMC1/Output/AM_PM_ET_179_234_00
0.02500000000000001 3.039863359779188e-39
0.1487499999999999 3.7015927085937626e-38
0.19833333333333306 8.667172876590797e-37
0.16899999999999976 1.0386564104143155e-58
restart...
0.14499999999999996 8.833873448019516e-41
0.1076666666666668 1.4855970198562164e-72
restart...
0.10274999999999997 1.6105159410383488e-46
0.09949999999999985 2.0839901416524936e-61
restart...
0.13824999999999985 5.2574654306012116e-39
0.11749999999999967 1.0725835714876061e-61
restart...
0.09549999999999997 2.847277186655518e-49
restart...
0.06025000000000007 1.5183254500191343e-58
restart...
0.06849999999999988 2.2469911942813423e-52
restart...
0.08274999999999996 1.878034470228553e-54
restart...
0.07599999999999996 9.738011082651676e-53
restart...
0.10674999999999994 1.4238089893305683e-45
0.10799999999999983 5.304459603137555e-58
restart...
0.06050000000000012 4.278929042321824e-58
restart...
0.06149999999999999 3.9646568770705773e-59
restart...
0.0757500000000001 1.0892471302010651e-51
restart...
Sampling time (10 samples): 11410.8392 seconds
