/scratch/users/yanlan/TroubleShooting/MCMC1/Output/AM_PM_ET_197_337_00
0.09950000000000003 3.3285848341316293e-31
0.21150000000000005 6.392275186926328e-28
0.25466666666666654 9.232402377171495e-29
0.2779999999999999 3.745144206779836e-28
0.2892000000000028 1.5240012999382712e-28
0.297416666666667 2.911771214318868e-28
0.31100000000000105 9.43903882757941e-29
0.3176874999999995 1.2862728582199948e-28
0.3238888888888864 8.302956460204058e-29
0.325199999999999 1.7073941605702347e-28
0.32809090909090816 4.9187337689230996e-29
0.33058333333333345 1.2252337955516794e-28
0.33349999999999946 2.855735984867724e-28
0.3356428571428579 5.615604578849925e-29
0.3374999999999997 7.927189978175209e-28
0.33803124999999956 1.191742058536902e-28
0.3398823529411758 5.4014342003046195e-28
0.34283333333333477 1.6181675497883014e-28
0.34405263157894916 3.5704252380887537e-28
0.34605000000000075 7.019357151155427e-28
Sampling time (10 samples): 10806.9686 seconds
