/scratch/users/yanlan/TroubleShooting/MCMC1/Output/AM_PM_ET_161_346_00
0.06099999999999998 3.9240056751596154e-33
0.1680000000000001 5.364559475784323e-32
0.2251666666666669 4.7028697434543545e-30
0.250000000000001 7.262108780846447e-29
0.2618000000000009 2.2686063233307132e-29
0.2668333333333344 1.406345764595937e-29
0.270214285714286 5.140888010451554e-30
0.2643750000000007 4.051646720153934e-32
0.25905555555555676 6.608490925466535e-35
0.25810000000000016 5.821152704750068e-36
0.25840909090909203 5.017367580983268e-35
0.2594999999999995 9.789287756430221e-36
0.25865384615384635 1.4028775273055792e-36
0.263357142857145 1.2569730456634541e-36
0.26640000000000025 7.893713267795683e-37
0.26706250000000065 2.809050995347784e-36
0.2675294117647062 8.906844373801168e-38
0.27011111111111336 2.1310372687960934e-36
0.27018421052631825 1.2898298773241703e-36
0.2713500000000027 1.9019387964824386e-37
Sampling time (10 samples): 10454.1539 seconds
