/scratch/users/yanlan/TroubleShooting/MCMC1/Output/AM_PM_ET_219_348_00
0.009499999999999991 3.9587678561839875e-46
restart...
0.01649999999999999 3.1607239414709805e-41
restart...
0.022500000000000003 6.87124390646585e-39
0.1092499999999999 8.574052399493071e-41
0.16616666666666743 7.692852064439685e-39
0.1990000000000007 1.3805686795712386e-37
0.21020000000000036 9.458322384659733e-37
0.2210000000000003 1.9938091566216667e-37
0.22907142857142884 6.059440651691021e-37
0.23737500000000034 1.4776051616121707e-37
0.24394444444444524 1.1749555247934416e-37
0.24820000000000086 1.978308662841479e-37
0.2499545454545464 2.9516843277173106e-37
0.25112500000000315 2.0249827777231966e-37
0.2529615384615403 7.581242219949313e-38
0.2539642857142878 7.90041418884237e-37
0.25510000000000216 2.2836177867575433e-37
0.25612500000000377 1.1786104084628127e-37
0.25661764705882706 9.675227953004679e-38
0.2586944444444485 2.1679030306387964e-36
Sampling time (10 samples): 10522.5951 seconds
