/scratch/users/yanlan/TroubleShooting/MCMC2/Output/AM_PM_ET_169_422_00
1.1860670917514551e-06
5.283151488493537e-07
2.4258370632709097e-07
1.131297853054757e-07
6.210193692758932e-08
3.6145361129703716e-08
1.9874300883119862e-08
1.0594254924470175e-08
5.544759220721593e-09
2.869221165702101e-09
1.4741257355347006e-09
9.136013312594875e-10
6.193236683884452e-10
3.796761623890939e-10
2.2055565054185298e-10
1.24004797922535e-10
6.825038996578136e-11
3.702096698741666e-11
1.9876314894279602e-11
1.0593181355648019e-11
5.615632531685173e-12
2.9654270113229177e-12
1.5615702688396753e-12
8.206839798390546e-13
4.307274292272225e-13
2.2586707246464682e-13
1.1838419710376527e-13
6.20379322854997e-14
3.251244482922225e-14
1.7043391834798552e-14
8.938107999234732e-15
4.6900172465433016e-15
2.4625679020212136e-15
1.2939697136893027e-15
6.804753551078618e-16
3.5816048107095086e-16
1.8868604551549892e-16
9.949808625237302e-17
5.251885052279016e-17
2.774924792145238e-17
1.4676767913790722e-17
7.77067219974837e-18
4.118507060776187e-18
2.1851277342351783e-18
1.1605695739467692e-18
6.170543511140119e-19
3.2842275910077996e-19
1.7498452343184975e-19
9.332993578774467e-20
4.983048060287932e-20
2.6632955997438617e-20
1.4249213306750942e-20
7.631437375213726e-21
4.091308230295048e-21
2.3936492247780045e-21
1.5322737611107912e-21
9.467784706760216e-22
5.709267188193645e-22
3.3825637887650546e-22
1.977654734083892e-22
1.1444766400681766e-22
6.569887013171267e-23
3.7471584019962836e-23
2.1260380899304446e-23
1.2010975732928807e-23
6.761626616552387e-24
3.7953604280418996e-24
2.1251930923678236e-24
1.1875836339893578e-24
6.625181261652591e-25
3.6908197262794e-25
2.4659431590536714e-25
1.662568481201426e-25
1.0692336292175905e-25
6.665363115958351e-26
4.0646454068587776e-26
2.438755647541014e-26
1.4452045162101403e-26
8.481539187060448e-27
4.9391767344332185e-27
2.858289614944768e-27
1.6455808243379742e-27
9.433599227085803e-28
8.267243710925393e-28
6.46090370695652e-28
4.4719157051184455e-28
2.935442567760831e-28
1.86178723773597e-28
1.3897495079034077e-28
1.0043105974404746e-28
6.774453224355694e-29
4.379757895293519e-29
2.751639898469492e-29
2.1788721540510005e-29
2.1327927018998272e-29
1.5992199480434636e-29
1.0942521171073138e-29
8.768892491426099e-30
7.005652889136456e-30
4.863414506200681e-30
3.122734323868565e-30
1.9555750917235867e-30
1.2024962152287e-30
7.292506500262285e-31
6.024454856477155e-31
4.384047588743862e-31
2.9820089809244114e-31
2.2004466858014644e-31
1.8006263920583818e-31
1.3344490465651614e-31
9.182583784172092e-32
6.040338671543751e-32
3.855326746211383e-32
2.4083593678769358e-32
2.073484309057009e-32
1.6181920388116146e-32
1.1475228374270599e-32
8.650258024877301e-33
6.27919798419121e-33
4.112158329273041e-33
2.5603326043045284e-33
1.5712449094797227e-33
1.1068051294134376e-33
8.957533786115183e-34
7.419544518863195e-34
4.880728593983227e-34
3.027851402016963e-34
1.8540748317371524e-34
1.3216182575211521e-34
1.1391445808612888e-34
8.517733064219184e-35
5.918427265242189e-35
3.9324646413055434e-35
2.5356247590638874e-35
1.6002324833324041e-35
1.0831119308178268e-35
7.536249459604003e-36
5.0158838964837214e-36
3.240199510740831e-36
2.636633297101108e-36
1.9985027351660906e-36
1.4021874152879183e-36
9.390185511955968e-37
6.224709479720145e-37
4.6145201313068985e-37
4.663693908691978e-37
4.081826774309718e-37
3.599089965800239e-37
3.0001294519182128e-37
2.2172720394591843e-37
1.5353839781029344e-37
1.0207484753910304e-37
7.78007070687478e-38
5.487620728149875e-38
4.6627145277438797e-38
4.685457155281469e-38
4.5994310259411667e-38
4.0774599457676997e-38
4.3581729636208054e-38
3.597183859058071e-38
2.4343261584618334e-38
1.5918308057668797e-38
1.0180828936968622e-38
6.404480485411324e-39
5.476897289549653e-39
4.7817779275309035e-39
4.4207286736486824e-39
3.584601719761636e-39
3.604036441491629e-39
3.119520076105084e-39
2.357547211147978e-39
1.9655927640853138e-39
1.4591764659489626e-39
1.0166228543816306e-39
7.736429361718852e-40
5.853895099592723e-40
4.126462390736479e-40
2.9121756151412202e-40
2.0564772310024952e-40
1.6093693435024524e-40
1.458063683527351e-40
1.258206038316903e-40
9.499956194589072e-41
6.546572576529308e-41
4.3959168458114987e-41
3.4778103930748e-41
2.549400769602452e-41
1.8188460420644712e-41
1.4650030671818328e-41
9.994250126406712e-42
6.972855861694968e-42
6.776072700440875e-42
8.747345715247736e-42
8.096154512021096e-42
6.445248848821229e-42
4.687454369956788e-42
3.234166501173759e-42
2.024464462238495e-42
1.4130814619941113e-42
1.087186348076294e-42
9.296780495006883e-43
8.093468512100407e-43
6.3856564608789584e-43
4.6469660181368444e-43
3.3923401831116036e-43
2.714929285594407e-43
1.9831017184109846e-43
1.933325791107712e-43
1.5646298966539922e-43
1.1697895316190377e-43
8.222304132043508e-44
7.316456407274239e-44
7.000023314944197e-44
6.945205905042623e-44
4.669687866225117e-44
4.208115439584214e-44
4.183611843946453e-44
3.418876729430863e-44
2.529236668243005e-44
2.2147754648229715e-44
1.5644844006089097e-44
1.0619228787186376e-44
7.013233914337823e-45
6.598768935974336e-45
5.2248088687015374e-45
3.802924739083556e-45
2.6332679369005126e-45
2.6934144664066936e-45
3.596723379897367e-45
3.2119888270715166e-45
2.7223026105584557e-45
2.1798640247342025e-45
1.757411559477822e-45
1.4890717786472597e-45
1.282433976985604e-45
9.94291019044041e-46
9.246944417072944e-46
7.987698163683617e-46
6.9196213187314444e-46
6.814614453721446e-46
6.5346676010259965e-46
6.94525139176202e-46
6.893923360192882e-46
7.0697343324067e-46
6.136748551586752e-46
5.676294543717174e-46
5.0015002945993115e-46
4.1720208602636384e-46
3.0439747511081093e-46
2.2198811433781e-46
1.6769534893732954e-46
1.3288196537517299e-46
1.1368045147697588e-46
1.2067896362742757e-46
1.06184141073867e-46
9.808481901282957e-47
8.085889116283029e-47
6.036596113209133e-47
4.258983342396222e-47
2.8971610867053904e-47
1.9212624643680748e-47
1.9133265837997795e-47
1.8287028833217397e-47
1.413266947309053e-47
1.3704993308381649e-47
1.27002087896178e-47
1.0368743750609029e-47
8.191961947263936e-48
7.673939776655729e-48
9.672085315721747e-48
1.1018503735538902e-47
1.0445485210972388e-47
9.682366935532269e-48
1.0499618209601883e-47
9.213186050705434e-48
9.27385484808465e-48
9.044861851121835e-48
7.322766078118387e-48
6.337995202304918e-48
5.915062487910542e-48
4.75215755349238e-48
3.506863290687188e-48
2.4609586887688098e-48
2.2078467545352166e-48
1.9259662188273135e-48
1.4840809316069787e-48
1.5088077203436136e-48
1.4184636701664974e-48
1.1407029093916098e-48
8.428370253319944e-49
7.392066000706429e-49
8.288107953913372e-49
7.599225872228546e-49
7.079272442492991e-49
9.228179829849194e-49
8.551819402904862e-49
7.21365369613058e-49
5.489055931142523e-49
6.013557870204572e-49
5.73267117106866e-49
6.295849289433117e-49
6.63590284219916e-49
5.727419051875626e-49
5.195438753903484e-49
4.9345777755373325e-49
4.663037295638798e-49
3.73681378245742e-49
3.029773200437088e-49
2.529248578276546e-49
2.1871286690457004e-49
2.0958045385966128e-49
2.2247410574731246e-49
1.8988176187124767e-49
2.0856001640637318e-49
1.916922188119358e-49
1.5825504469540064e-49
1.5827590606104085e-49
1.3606379279465989e-49
1.3304285440105972e-49
1.2541790030912378e-49
1.278752028904231e-49
1.169736494910955e-49
1.1717335678681483e-49
1.1934684567707749e-49
1.404559145934726e-49
1.3781385956716974e-49
1.306295858330186e-49
1.4936337026419278e-49
1.7030541890807908e-49
1.528731363328775e-49
1.6106888414600083e-49
1.7787568804832722e-49
1.6917903280192113e-49
1.4032499989771368e-49
1.3166332300370096e-49
1.054795582204959e-49
1.3014230499211486e-49
1.2272191341281318e-49
1.5009524658796974e-49
1.6508645464212627e-49
1.5574670734312273e-49
1.8802440922172575e-49
1.7292163673145404e-49
1.4819582658446803e-49
1.783648959530855e-49
2.0404299519441697e-49
2.593215145421699e-49
2.403372739382196e-49
2.2112579579944518e-49
2.0390796449793133e-49
2.4635880196679995e-49
2.270672739964117e-49
2.502798763526492e-49
2.4446607688285983e-49
2.4880705901298594e-49
2.3271895376989433e-49
2.7660029463033174e-49
2.5857303738183557e-49
2.7108340118050566e-49
3.0117305811215365e-49
3.339359464721989e-49
3.403635065601553e-49
3.720812295939245e-49
3.5503328054602854e-49
3.4017118784794454e-49
3.3193009527291637e-49
3.930783681920443e-49
3.969709977561142e-49
4.702749790507589e-49
4.8060899798472405e-49
5.425596340442597e-49
4.997493428190102e-49
5.2593230114232456e-49
4.907376188220728e-49
4.373831761255847e-49
4.5082474704294035e-49
4.460038751478387e-49
5.703346532087235e-49
6.114766230072086e-49
6.471717473255743e-49
8.354478905479969e-49
8.916262892076968e-49
7.562367562050808e-49
1.0268388051017082e-48
1.009879240198254e-48
1.0778337155448844e-48
9.90726413240313e-49
1.062584450877742e-48
9.63991129993587e-49
9.967799601156825e-49
9.01585861380038e-49
8.371296520850847e-49
1.0024458260717778e-48
1.073130192661661e-48
1.0607931206989402e-48
1.0688399596000776e-48
1.076654730634623e-48
1.2820292608875704e-48
1.1928031106219871e-48
1.405034549087591e-48
Acceptance rate: 0.09549999999999982
1.0045202768970349e-48
1.0918830929918523e-48
1.3399376885216424e-48
1.339535801642054e-48
1.4742515124220838e-48
1.393206889241615e-48
1.2371777561145083e-48
1.306834423669346e-48
1.40475065580734e-48
1.3833642722953365e-48
1.5496408079131136e-48
1.586748390779309e-48
1.6270329164417232e-48
1.441233965591852e-48
1.3171737410525186e-48
1.2618947664248298e-48
1.322758436111784e-48
1.3599436479303112e-48
1.369741683832547e-48
1.6957971182943994e-48
1.6940213402006565e-48
1.5473306090498162e-48
1.5880410838848854e-48
1.369749152493635e-48
1.4129973127979066e-48
1.323548802403952e-48
1.3887512052152738e-48
1.3605857536198946e-48
1.3627620792225958e-48
1.6047987461296322e-48
1.451242778348057e-48
1.6045602334127742e-48
1.3495515108199815e-48
1.8769690927203808e-48
1.676719499891415e-48
1.686405296580734e-48
2.1400615331200452e-48
2.161321806285721e-48
2.1373708969615306e-48
2.350476484943673e-48
2.9871907313728936e-48
3.7017266778362997e-48
4.233579720095277e-48
4.454355426453319e-48
4.954136469877085e-48
4.8389632860597364e-48
5.821172966493654e-48
5.34873011942794e-48
5.312285039315258e-48
4.854416810750164e-48
4.02041300050402e-48
3.7826123241404843e-48
4.65913647504922e-48
5.949781987280345e-48
6.06906990575782e-48
5.0583763337180074e-48
5.789088786434267e-48
5.865919838580669e-48
6.607181901377973e-48
6.783719909189166e-48
7.122169489434698e-48
6.051843661274047e-48
6.891789280284461e-48
6.681692835803444e-48
8.071684756014702e-48
7.377551914394205e-48
6.677266751227896e-48
5.3125419857765574e-48
5.37411403316309e-48
5.210058752191225e-48
6.293318992975001e-48
7.03268567109073e-48
7.376324431351835e-48
9.035539251275311e-48
8.622667622189241e-48
8.559630443224e-48
7.041889974264419e-48
6.063827615011594e-48
5.4219935532330616e-48
5.273717093746267e-48
7.056641606070855e-48
7.464392612313225e-48
7.51079586970658e-48
8.413360151817976e-48
8.458922327388815e-48
8.512682663105326e-48
1.0669236007478112e-47
1.118189535629887e-47
1.452377384500655e-47
1.5073182269279775e-47
1.6094852002434162e-47
1.6347022177990087e-47
1.387719823699882e-47
1.5373005415645038e-47
1.6347528102204299e-47
1.7985716891806062e-47
1.8931788583366087e-47
1.972210411837504e-47
1.8503855860892888e-47
1.8083353582117776e-47
1.6719280728161113e-47
1.5085709298539878e-47
1.5105312884540905e-47
1.6860855590011926e-47
1.614675455907536e-47
1.7293245914536226e-47
1.6070133428258644e-47
1.4774871328223744e-47
1.7765683016728566e-47
2.3886048464791897e-47
2.2613008995355676e-47
2.3618663327022644e-47
2.3898194670419186e-47
2.5621648339993533e-47
2.4178772286508117e-47
2.3411314025650456e-47
1.9871524353391278e-47
1.8195303099522843e-47
1.8829773554613053e-47
1.8865955372943238e-47
2.0293701537337613e-47
2.1614711822798668e-47
2.0360601746531656e-47
1.9602298053425866e-47
2.211211305055366e-47
2.0715241601696766e-47
1.680882873978805e-47
1.7865315575603244e-47
2.0703465980406075e-47
2.2389313557522664e-47
2.3389825690250395e-47
2.0869273632240164e-47
2.2723059622696116e-47
2.696851092849917e-47
3.8522800249949137e-47
3.8713603954085534e-47
3.2883080319554705e-47
2.768141182321073e-47
2.923390775661583e-47
3.2732164830836327e-47
3.015645334590168e-47
2.7819527095422363e-47
2.701069975775375e-47
2.453119374983832e-47
2.2671830252834723e-47
2.2137321895082445e-47
2.408583000730856e-47
2.585348436733073e-47
2.569097786722564e-47
2.206393470397682e-47
2.278881170109791e-47
2.396822972468894e-47
2.7086108270939175e-47
2.752259113006648e-47
2.317719861129547e-47
1.7849978846588915e-47
1.4176527109719263e-47
1.337549287374935e-47
1.1553964715637182e-47
1.0021099396863638e-47
9.498455006633425e-48
1.1924593692409658e-47
1.0839623695618824e-47
8.552210781962069e-48
9.53348273524169e-48
8.970076723728021e-48
8.291308420721665e-48
7.295139634951739e-48
7.811190504399872e-48
7.791573299247638e-48
8.627924427027997e-48
8.299009796652034e-48
7.468446547992352e-48
6.26261894926686e-48
5.3027666772944423e-48
5.3714257298198486e-48
4.5229608446112985e-48
4.323966188437991e-48
3.471293626628964e-48
3.769984100793343e-48
3.4884823738136906e-48
3.6546568661371426e-48
3.3191403584863576e-48
2.875312048264141e-48
3.1135989429557114e-48
2.743954135044321e-48
2.186276408457876e-48
2.1052712918469293e-48
2.180838510265906e-48
2.141961747617501e-48
2.1825456357247117e-48
2.3903767686705027e-48
2.1694363414481738e-48
1.8752633016696465e-48
1.7540617331832863e-48
1.6425748407800426e-48
1.432746318840877e-48
1.3450474272340346e-48
1.264842817805568e-48
1.1931744920169277e-48
1.2740205147988718e-48
1.2512928660806993e-48
1.0748654380907149e-48
8.821842966996064e-49
9.508177085253545e-49
8.842716290469513e-49
1.0134902910005393e-48
9.064424836554135e-49
8.902517663380682e-49
9.081894432250576e-49
9.320557953013445e-49
8.813410725764898e-49
8.626437697785588e-49
7.626161666900267e-49
8.548723749331136e-49
7.565707592891492e-49
6.22168386665316e-49
6.025006151585647e-49
5.442953402762646e-49
6.408551680614163e-49
6.3563758402148244e-49
5.7058252998375596e-49
5.241188389373152e-49
4.6289065933995305e-49
4.5523318877014395e-49
4.9361376508559034e-49
4.6597635553925684e-49
4.535407372890288e-49
4.02635535163018e-49
3.7102888494667636e-49
2.941718828033483e-49
2.797028332833138e-49
2.660513791544465e-49
2.387200971873288e-49
3.194375127881915e-49
3.645077865489095e-49
3.1209564223730288e-49
2.4334116127344025e-49
1.9842419110231877e-49
1.775042285794435e-49
1.7020169073091873e-49
1.5372136755698775e-49
1.675884529985661e-49
1.98630224180194e-49
1.905978890873581e-49
1.87330357604244e-49
1.834211578618495e-49
2.1955102620856933e-49
2.1749531070512705e-49
2.076860052476476e-49
1.85194855192328e-49
1.6799166208951357e-49
1.654585962022705e-49
1.5982183914285263e-49
1.4465974618439763e-49
1.1488800656293776e-49
9.11479651904696e-50
7.91191190688795e-50
7.279759202872965e-50
7.127368650780174e-50
6.322982266041233e-50
7.44034452756716e-50
7.746621198068589e-50
8.422229704421633e-50
9.38205170419664e-50
1.152256940434084e-49
1.3472369772029285e-49
1.2847420729260247e-49
1.247508325951436e-49
1.3088539519225096e-49
1.4958083306003468e-49
1.5638445691964528e-49
1.943018414735741e-49
2.5112768563161047e-49
2.3750645477745424e-49
2.8089282760528533e-49
3.0610132659734844e-49
3.402884600301243e-49
3.9606438596186054e-49
4.4443247263213055e-49
4.8789848236243995e-49
4.5744407018177515e-49
5.211210113184737e-49
5.870483730409351e-49
7.568716265213155e-49
7.918680799358731e-49
9.675615211867817e-49
9.468290081466148e-49
8.979411389636835e-49
1.0400090126791173e-48
1.123704310505018e-48
1.4474079336867882e-48
1.5024340966085663e-48
1.5180879126833643e-48
1.5785361309778324e-48
1.7629716390476732e-48
1.9935910783284096e-48
2.0233227738499435e-48
2.1193592750589955e-48
2.1112821498277725e-48
2.592174718838855e-48
2.4593071460278783e-48
2.4871239812945342e-48
2.900337114926755e-48
3.1168039243455494e-48
4.2035542245748943e-48
4.1104749478407136e-48
3.810224539919929e-48
3.3277907509757285e-48
3.2814880304268706e-48
2.876387922597421e-48
3.3424084021006945e-48
3.193282468707548e-48
3.473525678908042e-48
4.382395445671402e-48
4.6773080710035696e-48
4.1985879966656405e-48
4.259655864740811e-48
4.386200344594581e-48
5.071544421645624e-48
4.8576482953535406e-48
4.630421447119315e-48
6.169391355211424e-48
6.918703278781011e-48
8.59735079119325e-48
8.512729907779829e-48
8.990888486586605e-48
1.0058086428710923e-47
9.761093553014828e-48
1.0540708092023851e-47
1.0388862919025962e-47
9.746817144676274e-48
9.87115889846211e-48
8.99742344718041e-48
1.0015916098206962e-47
1.1208941587713561e-47
1.314070179600039e-47
1.2694302854037984e-47
1.3943105435777687e-47
1.4323706594318817e-47
1.696840085457827e-47
1.715934896295442e-47
1.992856744019918e-47
2.625870807762253e-47
2.5153717351755803e-47
2.510397561206611e-47
2.7407495265310614e-47
2.8984902029815145e-47
2.8642618989547956e-47
2.82354830687358e-47
3.4036236494614564e-47
3.9621570105727463e-47
3.920166085744272e-47
3.678020152467218e-47
4.410918236524464e-47
5.392713520182707e-47
6.494760783740644e-47
6.618867749826994e-47
7.169630728249875e-47
8.20339600955496e-47
8.630372513983312e-47
8.565343170074015e-47
9.05446818645211e-47
9.530831340599546e-47
1.0572797129997908e-46
1.2563676988681415e-46
1.1981955714928912e-46
1.3522454142078402e-46
1.3712861239327706e-46
1.448015288878663e-46
1.5639527523866396e-46
1.8288803607488345e-46
2.2496041579534643e-46
2.2962211348122873e-46
2.554917801730852e-46
3.1954102665830367e-46
3.987626960525334e-46
4.141717156494786e-46
5.995257744940857e-46
8.888247091309423e-46
8.44210045350883e-46
9.400378592750268e-46
9.442315035334654e-46
9.213184370660576e-46
1.1699019607758727e-45
1.3299562146426997e-45
1.3108409267951249e-45
1.5493718666279643e-45
1.57967053430606e-45
1.6426650831929487e-45
1.668448367484865e-45
1.832453704581905e-45
2.2186590423950703e-45
2.308065282098089e-45
2.862463821653956e-45
3.050827255226921e-45
2.921167115392957e-45
2.8674240283806474e-45
2.8969169899297173e-45
3.2209120548522094e-45
Acceptance rate: 0.15875000000000028
2.2112185379547227e-45
2.7546985904016032e-45
2.606407004178695e-45
2.63455471769976e-45
3.199052570676908e-45
3.9274614136629076e-45
4.346898961711696e-45
4.137472081292919e-45
4.722001409566353e-45
5.2838760694150125e-45
4.9381431517855887e-45
4.687832857461254e-45
5.4935902276075384e-45
5.242956858626851e-45
5.960808730989361e-45
7.042416627553237e-45
6.858123041425384e-45
8.22720780977423e-45
1.0818434297941302e-44
1.0396481670649566e-44
1.0824869177810944e-44
1.0489182702970098e-44
1.0472598409352527e-44
1.0892342528423345e-44
1.3375738874797275e-44
1.2816655745052527e-44
1.1280494755567127e-44
1.0795508863549586e-44
1.0469489550548255e-44
1.0376100566401557e-44
1.1526358915742485e-44
1.12812741332938e-44
1.2300322858565915e-44
1.3802203233413511e-44
1.315987725237207e-44
1.333578830622768e-44
1.5659420902723664e-44
1.5433365237164298e-44
1.5463652473773723e-44
1.6028259459046741e-44
1.8594098954171043e-44
1.7814910559308938e-44
1.745039926091123e-44
1.6780413668965077e-44
1.9270955703130903e-44
2.3746223048900053e-44
2.729520629009645e-44
2.8778624653915606e-44
2.878982482856784e-44
2.8060138458883913e-44
2.459335420865556e-44
2.2345823728367992e-44
2.2771728489723005e-44
2.8020562789566796e-44
2.9421175905071667e-44
3.1103867451258586e-44
3.6402836094359896e-44
3.1167866061517146e-44
2.835177277537395e-44
2.847652866539202e-44
2.8293104480392436e-44
2.7284335289405165e-44
2.373532191743354e-44
2.6157274193955097e-44
2.875195712755637e-44
3.3943293006792375e-44
3.7363199963417277e-44
3.811897478171694e-44
3.9979230253814664e-44
4.730390547802964e-44
5.485755245105392e-44
5.010348081880308e-44
5.772787845380202e-44
5.97634359729129e-44
6.646532960519221e-44
6.591366856654367e-44
7.084196817120919e-44
7.177267804605259e-44
7.802848291211206e-44
9.531138196591873e-44
1.1744232802467556e-43
1.2992963826721104e-43
1.3275911164398082e-43
1.5345859745951354e-43
1.4834141992107154e-43
1.5826292110806199e-43
2.082330272120776e-43
2.2447511121934473e-43
2.243291678364842e-43
2.2868932272110554e-43
2.291931313678007e-43
2.2927324608590706e-43
2.189160698725835e-43
1.9766765672546734e-43
1.9847858261593774e-43
2.191603064009066e-43
1.970222811817809e-43
1.900570608438623e-43
1.6974901197091526e-43
1.5691650392566844e-43
1.458765083046749e-43
1.4269209187054786e-43
1.2842527283362535e-43
1.2365618001952336e-43
1.4433116140054147e-43
1.6741072872719158e-43
1.7513851648959678e-43
1.6075616633787258e-43
1.6044315373218307e-43
1.4322410330758346e-43
1.2314469255328689e-43
1.5979908658916979e-43
1.5736193980637687e-43
1.6449821300379383e-43
2.008905092658378e-43
2.19967235993943e-43
2.4814268206847873e-43
2.31119706457265e-43
2.2189399695442543e-43
2.460866162543814e-43
2.7957444431047085e-43
2.8033879888201177e-43
2.991875630637626e-43
3.1560032961750136e-43
4.128088000329554e-43
4.7278822153051935e-43
4.469539236672076e-43
4.944554872938231e-43
6.809912838166052e-43
5.996577848602076e-43
6.386557394325439e-43
5.803558741548177e-43
5.5429794054136055e-43
5.451992090616539e-43
4.816191757733467e-43
4.847291009704797e-43
5.11716853271612e-43
4.651520687462531e-43
4.499095591494483e-43
4.022073231422825e-43
4.4747782054381176e-43
4.875665621564816e-43
5.742626498914823e-43
7.53168145246958e-43
8.258491969125404e-43
7.780168346483922e-43
7.759475290109879e-43
8.59427175854656e-43
1.0131453920275787e-42
9.439420202519894e-43
1.3669487306992703e-42
1.4082542893104829e-42
1.2690711347507623e-42
1.27512650577958e-42
1.396900760497175e-42
1.4730882439321314e-42
1.5220150067504388e-42
2.1400379998044487e-42
2.2447109656566067e-42
2.5545501179037718e-42
2.4507662526549944e-42
2.391470283259161e-42
2.3985560673261388e-42
2.5581498389766676e-42
2.3738455479730993e-42
2.4402283833945493e-42
2.766894790644439e-42
2.9628349143183955e-42
3.138959914089458e-42
3.625064103009648e-42
3.8259728269591944e-42
4.1400466730763113e-42
3.8191798865258845e-42
3.469047923600141e-42
2.9506736749750345e-42
2.6895495211166156e-42
2.5379717720097247e-42
2.6107219684481552e-42
2.5805354956323572e-42
3.153137257538766e-42
3.476282777595889e-42
4.114672065509614e-42
4.7402951391031274e-42
4.657494530437566e-42
4.1604781588653795e-42
4.5092164705689073e-42
5.1348577707314845e-42
6.156674885273532e-42
7.081559436917001e-42
8.002685138876049e-42
7.669727013859744e-42
7.372087251823372e-42
9.080192859215046e-42
8.376569473047211e-42
7.637869167937165e-42
7.826299024516407e-42
7.394248582989249e-42
7.587291075646323e-42
8.015134242524344e-42
8.729294701943316e-42
9.535059207563413e-42
8.922878352411644e-42
8.601064845023848e-42
8.294753737406207e-42
8.264455463291715e-42
7.735328819220602e-42
9.576217320875003e-42
1.0108356220171429e-41
1.0726806173777621e-41
9.92218390167304e-42
1.2148167290944152e-41
1.2577534957341756e-41
1.063778110635995e-41
1.0590047990697764e-41
1.3612246308711784e-41
1.3095702939404152e-41
1.8686850295883658e-41
1.7094267010398508e-41
1.6909344685640848e-41
1.5380142875652521e-41
2.0338069545293034e-41
1.630762600162839e-41
1.610068416661803e-41
1.4095133749143454e-41
1.2028589746877746e-41
1.3563177505668007e-41
1.31171181464126e-41
1.175239340804732e-41
1.223902022591065e-41
1.0036163496460337e-41
8.700802409158432e-42
8.0554306710403e-42
9.35495900458146e-42
8.463552598888552e-42
7.808145520794219e-42
7.466357726395892e-42
7.226153909499471e-42
7.513095686254092e-42
8.817003124797026e-42
7.983032528654348e-42
7.07877791102999e-42
6.758873478849439e-42
7.799880539724809e-42
7.674865811144579e-42
9.960493146138504e-42
1.0707689668627392e-41
1.1193653826967876e-41
1.2636582479692585e-41
1.429380817890488e-41
1.4361313843401174e-41
1.268551025257491e-41
1.4790880133949392e-41
1.781179798916643e-41
1.6179692257833548e-41
1.515610824839879e-41
1.5335359994745728e-41
1.4013946331762843e-41
1.3400827081546452e-41
1.3651653809358696e-41
1.5325126152709467e-41
1.5106225633114187e-41
1.6398763721006363e-41
1.7092616871852172e-41
1.7958062805703837e-41
1.8643024536530922e-41
2.050832140635089e-41
2.754790628106603e-41
3.060292415841765e-41
2.8718190195850574e-41
3.0571188224095887e-41
2.8764982395507557e-41
2.741435539033452e-41
3.212744836691485e-41
3.345546067662709e-41
3.185491480195339e-41
3.3089046945255863e-41
3.7292027334845156e-41
3.714390831798503e-41
3.354308951319504e-41
3.7844479512526216e-41
4.2123586763718636e-41
4.667507578569661e-41
5.017466358014695e-41
6.263527466067991e-41
6.84617382831629e-41
6.52433251963713e-41
9.677411835052228e-41
1.0080624517275163e-40
1.0747433335698995e-40
1.2554664663540937e-40
1.2414773248337601e-40
1.2097989677689197e-40
1.09630314773755e-40
1.2316550758607441e-40
1.131019570733351e-40
1.0302993144455646e-40
9.896583562464994e-41
1.236695185997791e-40
1.471652499343263e-40
1.3418121348758995e-40
1.2027206939097913e-40
1.1937477492067956e-40
1.4277883369846342e-40
1.7405144376549618e-40
1.7222691861268727e-40
1.6475977603245916e-40
1.543510305042747e-40
1.3517831789495367e-40
1.5025929521764542e-40
1.5978763582042206e-40
1.8485126373307816e-40
1.8906618061593715e-40
1.9270391173241564e-40
1.9020467253589643e-40
1.8619654920127062e-40
2.2095262703187024e-40
2.3960830106920007e-40
2.1207341710894057e-40
2.1530276436441035e-40
1.9419447714692907e-40
1.9633358083663032e-40
1.819019701672874e-40
1.6799093157493803e-40
2.1022265467380356e-40
2.4439380822273327e-40
2.660699762636683e-40
2.6961939775593638e-40
2.636882287837882e-40
2.4346450038964264e-40
2.6592577223925515e-40
2.3700581030385988e-40
2.381891424091944e-40
2.5653048425849688e-40
2.8179811749138726e-40
2.409989489798206e-40
1.9027201636859647e-40
1.4316672252349387e-40
1.1438329746595673e-40
1.2247291050414518e-40
1.165083924087654e-40
1.1165837441291532e-40
1.002047449288081e-40
1.1418054660945528e-40
1.1444002900183081e-40
1.0381374285515959e-40
1.2232101307359498e-40
1.1138865733858377e-40
9.868802585763236e-41
8.742038075889607e-41
9.883508369063646e-41
9.36796755941159e-41
8.647303409430846e-41
8.414544735690576e-41
9.06379994356236e-41
9.440828632389106e-41
9.448694595848473e-41
9.930185293479564e-41
9.316640569553546e-41
9.221024912326508e-41
8.666843401195943e-41
8.202452908549106e-41
7.48660674305286e-41
9.348645057977726e-41
9.074164063482663e-41
8.466887663925119e-41
8.603894759156881e-41
7.966629196143928e-41
9.126948989090019e-41
1.1081214544832857e-40
1.1951207976366711e-40
1.0623079657498644e-40
9.260283156115155e-41
8.374121758435913e-41
9.088668619262472e-41
1.0647971763104007e-40
1.0151026972162245e-40
1.1356213302347882e-40
1.0595860019375444e-40
9.477728461426511e-41
8.386110215516525e-41
7.67030633683724e-41
7.342604905970889e-41
6.564012036727984e-41
6.587115197973848e-41
6.190929890831453e-41
7.003893607286771e-41
6.936433396823252e-41
6.710477485945925e-41
6.033810862768397e-41
5.490251416916376e-41
5.983924663988236e-41
5.755507454513423e-41
6.691588030173211e-41
6.485507716885486e-41
6.564007806166466e-41
5.027729172506016e-41
5.498413264675028e-41
4.966717768762074e-41
4.668708134479231e-41
4.831042625682439e-41
Acceptance rate: 0.209
3.402963054690333e-41
4.0597654021129473e-41
3.914595397770814e-41
3.4906649841609415e-41
3.631190902534964e-41
3.5874506297503585e-41
3.748200474424245e-41
3.650298990185534e-41
3.4128401458045625e-41
3.8805155591161144e-41
4.3116592837156965e-41
4.774080373594987e-41
4.794949275974359e-41
4.379608515954022e-41
4.776215829889858e-41
4.501181500850537e-41
5.299409046705763e-41
5.363988826209628e-41
5.952176299917927e-41
6.80347753329604e-41
6.470197974637086e-41
7.235676336240102e-41
6.818416696742474e-41
5.85587366730188e-41
6.070420180058352e-41
6.16529903779719e-41
6.268950512343835e-41
5.537018973928848e-41
6.449101197159991e-41
7.041949871142e-41
6.675302055913876e-41
5.708901698787689e-41
5.690540467063243e-41
5.362510905219103e-41
6.426526429183877e-41
7.928732617128548e-41
7.543494013715247e-41
7.143447268714979e-41
6.109781763522948e-41
6.096725239116302e-41
5.146710152178938e-41
4.465779383369596e-41
4.3071743113238457e-41
3.3760818516761776e-41
3.675324616888186e-41
3.1656981632484093e-41
2.8296309305095363e-41
3.3358686494694713e-41
3.0851357072246315e-41
2.9759490080462513e-41
2.839086517020786e-41
2.827532220070645e-41
3.272853572481985e-41
3.019747538297449e-41
3.0757842753176163e-41
3.2875698513904934e-41
3.2271020169911377e-41
3.0510800200954627e-41
2.8454389939466294e-41
2.4050426120247395e-41
2.302235928114724e-41
2.3773054754666165e-41
2.0650796166672984e-41
2.3400875556352856e-41
2.1200502419299306e-41
1.759955083047602e-41
2.162680061522164e-41
2.6195282899637126e-41
2.9460705404439086e-41
2.780207225254228e-41
2.8766804850443436e-41
2.845143649211451e-41
2.764057732610138e-41
2.6176131409340923e-41
2.8029473484849203e-41
2.96992424669265e-41
3.404664720209399e-41
3.7733189854344664e-41
3.4944484987488497e-41
3.550502805758698e-41
3.9343536379375533e-41
3.27324921608675e-41
3.304564719636557e-41
2.8450516335419323e-41
2.55427753488147e-41
2.6202545994763756e-41
2.6924651305128326e-41
2.748650085003725e-41
3.0239355975888324e-41
3.283018360174683e-41
3.3463054814763856e-41
4.211602817043064e-41
4.3711008261106735e-41
5.117213363317689e-41
5.203541775571013e-41
5.6260256557453e-41
5.41130013880223e-41
5.784464351835218e-41
5.461168454204151e-41
5.557649162106511e-41
6.657387250240012e-41
8.027034989182044e-41
8.073762295536783e-41
8.737174932794904e-41
9.088593265740406e-41
8.697918864896941e-41
9.877518879285395e-41
9.872638907571716e-41
9.042483745137082e-41
8.161576181492653e-41
8.718288751315695e-41
1.2176339181655569e-40
1.417141147057425e-40
1.2802683562549117e-40
1.2622586581574064e-40
1.2831048596846875e-40
1.2011302953315328e-40
1.1023458810704561e-40
9.64183015990246e-41
1.0245757371592844e-40
8.884538620005359e-41
9.775850775838752e-41
8.706024821132845e-41
8.504851188953983e-41
7.746992929685293e-41
9.519742781750733e-41
1.0630781674687196e-40
9.484822556865886e-41
9.381671869634252e-41
9.921987219147261e-41
9.410639473685116e-41
9.923822602571223e-41
1.1820267316285385e-40
1.2668566580403303e-40
1.2871886366672243e-40
1.3791519456738439e-40
1.2622627824966997e-40
1.143073702568634e-40
1.2250445069250427e-40
1.2672587968720606e-40
1.2331050874807052e-40
1.161819894366239e-40
1.0756765991642814e-40
1.0962158700518266e-40
1.0927277256257004e-40
1.0749533679849334e-40
9.995009782746045e-41
1.0345301868956397e-40
1.0446892618262468e-40
9.431688336896555e-41
7.459451907574546e-41
7.328961843124841e-41
7.169111159629628e-41
7.76015335665486e-41
8.079824202024564e-41
8.45053258602418e-41
8.419591059227233e-41
7.203981086650156e-41
5.710680583862787e-41
4.3214873534853395e-41
4.3039036722954214e-41
4.926054749117688e-41
5.04289536764961e-41
5.644858658700975e-41
5.418481015336012e-41
5.987229344135886e-41
7.657011487892546e-41
9.243392551517468e-41
9.077196361452432e-41
1.0331611774165127e-40
1.013909951294595e-40
9.092802930058417e-41
8.293414271843544e-41
7.333211653289792e-41
7.369810381183228e-41
6.923768580496534e-41
6.181629958221178e-41
6.067577957766881e-41
6.140981266191828e-41
6.366269038941808e-41
5.776225344017903e-41
4.869075177986346e-41
4.839248295622949e-41
4.648495434288693e-41
4.599881068707946e-41
4.83961044214485e-41
4.534368880608334e-41
4.2742374526243856e-41
4.091080164529208e-41
4.2452887524690586e-41
4.605323945834061e-41
4.2494211332722083e-41
5.131105894268911e-41
6.086205728691905e-41
6.3853482399327e-41
5.419501695797584e-41
4.981956007262946e-41
5.287195548412601e-41
5.706686803645691e-41
5.699444689754385e-41
5.191833229014177e-41
4.784649907946397e-41
4.072765624309403e-41
4.687394802862731e-41
4.606282370327312e-41
4.4780143096865675e-41
4.0193198690900825e-41
3.7113237926440366e-41
3.5853988668854616e-41
4.547920767454191e-41
4.768986993171288e-41
5.282034892637206e-41
6.451192251673735e-41
7.219565822075694e-41
7.435103828425953e-41
6.562933761946097e-41
6.481090058499748e-41
8.958398568404585e-41
1.2075769264040903e-40
1.145392324142384e-40
9.986762963465283e-41
9.100430880914392e-41
9.983000712962366e-41
8.875110148330547e-41
7.763517186446288e-41
6.432957787992194e-41
6.27949754544098e-41
6.467115163139662e-41
5.900040966827482e-41
6.44751449985031e-41
7.126615707875534e-41
7.253830495149873e-41
7.721959293955994e-41
8.074222073363048e-41
8.047527929539922e-41
7.867588870832113e-41
6.790305523611831e-41
5.641040333295835e-41
5.14199984360966e-41
5.367987499008546e-41
5.816886156692877e-41
7.648695199359068e-41
7.873356030132658e-41
8.643971290753681e-41
9.406957557711774e-41
9.367438315342978e-41
1.0014869150255263e-40
1.2065511293841334e-40
1.1948473154592517e-40
1.155550244505322e-40
1.1671590646170822e-40
1.1595616345090665e-40
9.664553157074181e-41
1.1130218638292484e-40
1.1067159211347965e-40
1.1157589185582902e-40
9.89975410698156e-41
8.936419865282187e-41
9.012198222740991e-41
8.870723543725922e-41
1.1684945449242016e-40
1.2805023941597155e-40
1.39104622281162e-40
1.3520805334825257e-40
1.497701722423744e-40
1.3808683963054014e-40
1.2347336077045266e-40
1.3310895639908567e-40
1.5679657302791512e-40
1.3457234213515413e-40
1.1645058921954529e-40
1.0385370951934113e-40
1.2155982212283034e-40
1.2530100617331452e-40
1.5463673531669295e-40
1.4367924310482139e-40
1.4536579175112375e-40
1.5663119486113177e-40
1.5427822959773918e-40
1.600194761418751e-40
1.4067734960089067e-40
1.3909295536683631e-40
1.1731605759893469e-40
1.0972131852764731e-40
1.176866174627154e-40
1.127668308754935e-40
9.634825488896916e-41
9.391943659607934e-41
1.0281312379186246e-40
1.0636142958679121e-40
1.099259147825339e-40
1.225941719214896e-40
1.2621367615647711e-40
1.0726002341840846e-40
8.795405694132269e-41
9.180983232213736e-41
9.411984335117667e-41
1.0085308230536492e-40
9.247782095052885e-41
9.691593681205304e-41
9.994209407659416e-41
1.0582849506160712e-40
1.1267919577513195e-40
1.2185791880748014e-40
1.1762371079443863e-40
1.1279838097665963e-40
1.0811190702164872e-40
1.1612847884201427e-40
1.076610703283851e-40
1.0872687638563591e-40
1.1475114432937806e-40
1.1990597291113999e-40
1.1950985291969384e-40
1.0439660638759468e-40
1.0402953777640616e-40
1.0190904607068092e-40
8.940117154124942e-41
8.6776766774382e-41
1.055562641198575e-40
1.0796748238277687e-40
1.1044124409152063e-40
1.1521858435671217e-40
1.270088048301391e-40
1.4237496247737258e-40
1.6460048633206193e-40
1.6946405396665414e-40
1.832931393061386e-40
1.9967591504643195e-40
2.4049892465561366e-40
2.3522884143590858e-40
2.2001818376609416e-40
2.2034324611787825e-40
2.1761970966810507e-40
2.075169928653625e-40
1.854597522611504e-40
1.6829755500611126e-40
1.8847763471166008e-40
1.8174515437981396e-40
1.7799262007592165e-40
2.491122725954967e-40
2.4322071400147934e-40
2.2802223533427083e-40
2.400227429490337e-40
2.2876677459585435e-40
2.21443494144623e-40
2.574460961800046e-40
2.2634295714625357e-40
2.436786162225408e-40
2.282689291703637e-40
2.1151891148776557e-40
2.3758108818478727e-40
2.296316021982992e-40
2.412791204228201e-40
2.4513335318161905e-40
2.3061589190932696e-40
2.3047816784300745e-40
2.2005797701116083e-40
2.569160517063364e-40
2.822024753633692e-40
2.6842142167995914e-40
2.5509268759051394e-40
2.256729133024502e-40
2.268133660000664e-40
2.170804816568633e-40
2.3086780786079213e-40
2.048609945668515e-40
1.924040160968324e-40
2.144867443231817e-40
2.2908763365118e-40
2.6139115470641313e-40
2.713128796953092e-40
3.705072342010738e-40
3.324949827360153e-40
3.222196434800463e-40
3.1571053923340738e-40
3.082405104733357e-40
2.714658619331016e-40
2.4383148349286887e-40
2.52869728393515e-40
2.7213528310563107e-40
2.7347958208010544e-40
2.4782474556531434e-40
2.664447373606577e-40
2.610373446409494e-40
2.4535067299611033e-40
2.5070703779931107e-40
2.1601589820273298e-40
2.0548635104884753e-40
1.8198518238119244e-40
1.7301760808699143e-40
1.6688565532466146e-40
1.8121022783389244e-40
1.5772846401462732e-40
1.7800120765502284e-40
1.6811489522635974e-40
1.6316688231440588e-40
1.6555601916731513e-40
1.6586752871912275e-40
1.5202754983091303e-40
1.3394559761217084e-40
Acceptance rate: 0.24368749999999983
9.058774943089971e-41
1.0422886464185718e-40
1.1270104059448697e-40
1.008164088734747e-40
1.145914760109621e-40
1.2201230706034973e-40
9.953654459709144e-41
9.713169707738331e-41
8.631844005737001e-41
7.210288531977088e-41
8.83307926271245e-41
1.0364457549524043e-40
1.040647530622621e-40
1.0005028880663953e-40
9.216910954597604e-41
7.532864873682882e-41
6.630953270765895e-41
6.176998979865724e-41
5.752480488081891e-41
6.403738699810428e-41
5.865102833707006e-41
7.110844468714775e-41
8.846371101906603e-41
9.20889570084387e-41
8.987058241009345e-41
8.405269030123705e-41
7.864419318794614e-41
7.162915988388429e-41
8.829810330416783e-41
1.150813324973666e-40
1.065123694707313e-40
8.377834017169251e-41
7.99847705665678e-41
8.610654630792246e-41
8.643586944528476e-41
9.153739750165368e-41
9.507861202473735e-41
9.04838360007905e-41
8.146921668704657e-41
7.402218310383973e-41
7.737349685290758e-41
9.105712317282234e-41
8.760041455935995e-41
7.585663719080998e-41
8.223691105818864e-41
8.067547510160853e-41
9.45813463306071e-41
9.231785408376914e-41
9.227018113156399e-41
8.897716424854794e-41
8.77312962321482e-41
8.543637334416669e-41
8.977375394310098e-41
9.18243751705738e-41
8.992944273447624e-41
9.336372853626872e-41
9.729542248739257e-41
9.08062693660423e-41
8.149060775757321e-41
9.18395102906796e-41
9.022204988533242e-41
8.911668451885561e-41
7.525696568586641e-41
8.458853184792411e-41
7.975029879331244e-41
9.063904307506177e-41
1.0293187898722055e-40
9.711704272112478e-41
8.613228030996802e-41
9.006208034133024e-41
8.036691202007196e-41
1.0322359218530595e-40
9.442498057993501e-41
9.563166213929435e-41
1.2168580875761743e-40
1.2556961840841382e-40
9.679214342778353e-41
8.397696393283162e-41
8.246856456540473e-41
8.384949116423865e-41
8.528154025981716e-41
7.947556328271469e-41
7.595697381018597e-41
7.004678011733596e-41
7.628292011103791e-41
9.509175877591552e-41
9.672741540814455e-41
1.0402308132668051e-40
1.1617531168481225e-40
1.134763664764479e-40
1.1673278598180745e-40
1.2548142848917508e-40
1.0606693294413518e-40
1.2215291117735783e-40
1.3360612297884757e-40
1.5898298964805127e-40
1.5041158013544686e-40
1.3234882540835474e-40
1.1317475890871554e-40
1.2950036523456137e-40
1.2484444810526728e-40
1.5353584265636867e-40
1.7547468544885065e-40
2.114896449977231e-40
1.9759218458481326e-40
2.22476479245292e-40
1.953353194532314e-40
1.9134704737180025e-40
1.882689393066709e-40
1.7996081273152096e-40
1.6124985198012443e-40
1.479152087578663e-40
1.4463900522294116e-40
1.578850500090171e-40
1.436847061243104e-40
1.4529768071355903e-40
1.2736871897006573e-40
1.211228548921327e-40
1.2985199812970843e-40
1.1750667961497774e-40
1.1502418441525695e-40
1.206649654535178e-40
1.2329053938129669e-40
1.2975248771304453e-40
1.2761423452102009e-40
1.205600894242855e-40
1.2256786164143124e-40
1.1000739989922122e-40
9.96130026969578e-41
8.481059497360776e-41
9.58415124271926e-41
9.550817024666633e-41
1.1996269383206279e-40
1.1898578829010856e-40
1.1373576448343665e-40
1.1040990654693531e-40
1.1502964098562737e-40
1.1307318182993034e-40
1.1040429647545256e-40
1.088766772815119e-40
1.1704746400585385e-40
1.181788508960117e-40
1.280532786869442e-40
1.1809958898509962e-40
1.1349964212322179e-40
1.0721750248407888e-40
1.0180491162838931e-40
1.032308779957506e-40
9.170372279070235e-41
9.159618065410316e-41
8.790096857071878e-41
9.991039560540867e-41
9.70376063395918e-41
8.256447819173305e-41
7.142199454441258e-41
6.810568192401919e-41
6.254261447092031e-41
5.620106851641101e-41
6.599858851780145e-41
5.621668281290121e-41
5.687806739905278e-41
5.09342117027871e-41
4.806131916142048e-41
4.2442565926580334e-41
3.672161551450389e-41
3.756969935763064e-41
3.843075795963814e-41
3.3548955924862734e-41
3.0055405299122416e-41
3.468921619827872e-41
3.542436188603315e-41
3.796249568782684e-41
4.893557009059953e-41
5.239227081887786e-41
5.324083032837037e-41
5.03656833252965e-41
4.647336927572473e-41
4.806677588465121e-41
4.761001753043393e-41
4.667689190498628e-41
4.4793457654732004e-41
5.010019791027616e-41
5.157660670043281e-41
4.915983256562251e-41
4.807513148229934e-41
4.1873487158718585e-41
4.0104786518466236e-41
3.3201244544085594e-41
3.206853937858182e-41
3.40264219770866e-41
4.389265750711459e-41
4.093945047380473e-41
3.7889322023013315e-41
3.2778315192509267e-41
4.101117308580199e-41
4.3412503740132945e-41
5.071216775066686e-41
4.953274054029762e-41
4.893243402662315e-41
6.015567980635565e-41
6.988059204431491e-41
7.920754093068042e-41
7.674397743897348e-41
7.85854176750827e-41
9.292411041789813e-41
8.765855365016191e-41
8.143015784953883e-41
9.320882997379968e-41
7.948226217905431e-41
8.150351722667409e-41
9.222820498947133e-41
9.506563414796335e-41
8.831184187875583e-41
8.487600450981641e-41
1.107842633345643e-40
1.0896592939529254e-40
9.223498005385674e-41
9.647542173739196e-41
1.1131493772433465e-40
1.1513809628104512e-40
1.8496259937701434e-40
1.9763748028361165e-40
1.841733124980975e-40
1.9061351305330467e-40
1.7564563871925212e-40
1.993103170495607e-40
2.400333339787623e-40
2.4381580545495498e-40
2.4881263415977187e-40
2.349782212128248e-40
3.15260097186106e-40
3.00726078749817e-40
2.9380922097168056e-40
2.915566655120998e-40
2.4583737612349823e-40
2.144263540527049e-40
1.8857123325021644e-40
2.154541212081657e-40
2.4728365530578826e-40
2.4343986877116483e-40
2.6167441945417136e-40
2.622035646423815e-40
2.407248065864828e-40
2.1140983408141743e-40
2.0148571102431248e-40
1.943960019768379e-40
1.7636799902723229e-40
1.6467741967167603e-40
2.2601500422041416e-40
2.1272754113740322e-40
1.947628091383293e-40
2.1473527741678248e-40
1.891759636908265e-40
1.5708548708170679e-40
1.5624680802748126e-40
1.7169804644025639e-40
1.6979852430392483e-40
1.5633135591165533e-40
1.806720114257473e-40
1.804548846183028e-40
1.8436120771502e-40
1.7801401332390086e-40
1.674109437963085e-40
1.8481732281661387e-40
1.7188149240719025e-40
1.6590242450650584e-40
1.6907457866804327e-40
2.0829469608107135e-40
2.375069666172119e-40
2.4361684158140973e-40
3.064868626729825e-40
2.964373833999269e-40
2.732006138186253e-40
2.8510932720804094e-40
3.3164972932769474e-40
3.208434267657687e-40
2.7255445749843015e-40
2.6625888765119054e-40
2.533280206367331e-40
2.8290968943467722e-40
2.7240181620392717e-40
3.1075998791624196e-40
3.2809511108220638e-40
3.1710437158542358e-40
2.9423066718887805e-40
2.621015421505116e-40
2.1835049459116757e-40
2.134788500151015e-40
2.2999864912136937e-40
2.721524616776336e-40
2.5327554230262782e-40
2.1937069401968772e-40
2.349764926740343e-40
2.5144001752002526e-40
2.5180192971896643e-40
2.8153115010051746e-40
3.274737088401103e-40
3.3031471898394235e-40
3.1393377690432075e-40
2.8144721243305017e-40
2.810055471155689e-40
2.61000144480483e-40
2.5441390035416593e-40
2.977700069732787e-40
3.5716993513884103e-40
3.592482609843778e-40
3.8273526727653685e-40
3.580727131136871e-40
3.34643769263957e-40
3.6675731808243377e-40
3.54225367519209e-40
3.7143877948612565e-40
3.853880452901875e-40
3.424921484602156e-40
3.892660685970306e-40
3.956376102885486e-40
3.1815414792974503e-40
3.223868163429941e-40
2.8348920316903437e-40
3.21284647189079e-40
3.226510602733903e-40
2.799782182879841e-40
2.237079186808478e-40
2.0108474610735577e-40
2.083952158072301e-40
2.2896021098761087e-40
2.34291333188032e-40
2.277588971798724e-40
2.0908356105447144e-40
2.037978837253162e-40
2.0039864475074356e-40
1.6131142880606435e-40
1.8906937118941273e-40
1.9812740888690294e-40
1.8741376957493303e-40
1.778799039189009e-40
2.1607898948512734e-40
2.251329574935636e-40
2.5401968514347544e-40
2.593444341995311e-40
2.521285058674343e-40
2.64960466632346e-40
2.633475197090493e-40
2.396647374793169e-40
2.820238366002493e-40
2.7407538173352836e-40
2.600152824285035e-40
2.670626778273054e-40
2.9960503652796146e-40
2.9422011550044365e-40
3.3216159146590464e-40
3.1301035648320154e-40
3.4776909953636695e-40
3.501484320027399e-40
3.669960421071543e-40
4.1397159380026996e-40
3.7124283340309605e-40
3.559861989266764e-40
2.7948570248038516e-40
2.5267785293610708e-40
2.723115813633032e-40
3.062475648223672e-40
3.6977133609048766e-40
4.0383052130352914e-40
5.084198945322744e-40
6.051710916649504e-40
5.894760782791208e-40
6.126434258285617e-40
5.7824756941676646e-40
6.061073481643452e-40
6.080053495588812e-40
5.002388634290528e-40
5.214713124419442e-40
5.187837719795353e-40
5.733605290588987e-40
5.46484959574959e-40
5.541554516128812e-40
5.946638228890218e-40
5.0910691007958945e-40
4.8399713074153296e-40
4.291692630329223e-40
3.7710933767253515e-40
4.724667809726897e-40
4.215631934089609e-40
3.6205610618146886e-40
3.838749500527839e-40
3.672967358854121e-40
2.970872343554257e-40
2.790475104631502e-40
3.417381165413971e-40
3.030208638921343e-40
2.7045998921478637e-40
2.547932321385402e-40
2.4318391212510777e-40
2.523260702045419e-40
2.8446479140745365e-40
3.007796784694545e-40
2.9025789376933157e-40
2.7218276252616164e-40
3.190047191685233e-40
Acceptance rate: 0.26225000000000037
2.308829997890514e-40
2.2307013687515083e-40
1.9020582161788157e-40
1.955733520575424e-40
1.90158174154988e-40
1.5889695068496219e-40
1.4662403896620023e-40
1.3281968006408377e-40
1.2954441557830204e-40
1.167520964905193e-40
1.287835674675314e-40
1.208131233792084e-40
1.182427301650318e-40
1.3540324100505025e-40
1.33153482176706e-40
1.3137706162407413e-40
1.2609820293477188e-40
1.4357715638842307e-40
1.736433484723882e-40
2.0202235361318835e-40
2.068747161983518e-40
1.8314128525412452e-40
1.5703365852909327e-40
1.4778474969493952e-40
1.2597416946578165e-40
1.0379530670585752e-40
9.786152733947399e-41
9.854130997229488e-41
9.030100083787605e-41
9.963470825602167e-41
9.395546344166333e-41
8.088054308443056e-41
7.320149484325075e-41
7.537602724991805e-41
8.093637908696542e-41
8.542184744920298e-41
7.687074069363498e-41
7.525380273441895e-41
6.764123058878538e-41
7.467138531828804e-41
8.428597514593138e-41
8.933091257814359e-41
1.025397555216347e-40
8.81619312916608e-41
1.0863542935797272e-40
1.0034878968139061e-40
9.11732302912612e-41
1.021063108777997e-40
1.0170821220749594e-40
1.2738313237243401e-40
1.2265102223170224e-40
1.033138837793347e-40
9.433753640250585e-41
9.332388140990898e-41
9.852335294942851e-41
1.0106637723955933e-40
1.0948967478833424e-40
1.1405950738594543e-40
1.0622474070240997e-40
1.242037130741281e-40
1.2117061898826761e-40
1.13431879471258e-40
1.0765839299860822e-40
9.732342273063555e-41
8.480630623889475e-41
1.0673345554590582e-40
1.048582158961421e-40
1.0170765354291745e-40
9.521127905254046e-41
1.1558488635782977e-40
1.17723420050253e-40
1.3431051268805024e-40
1.4220241309417197e-40
1.46686123405787e-40
1.7194152684478738e-40
1.9677070739694065e-40
2.0918960644191927e-40
1.8443521326904354e-40
2.0406655719700348e-40
2.3839935061282154e-40
2.1489793583057464e-40
2.4530561432836962e-40
2.519311818225088e-40
2.3466434044888547e-40
2.4372337757326884e-40
3.568695429111773e-40
3.5243976432779807e-40
3.6714790801404524e-40
4.753467688501729e-40
4.651446315658919e-40
4.759911061876884e-40
5.3089209525799155e-40
5.106887514470221e-40
6.935647744410975e-40
6.746998520414549e-40
7.104891134989413e-40
7.452952987978819e-40
6.392912512559939e-40
5.799502680925132e-40
5.276565410867414e-40
4.7075560276050655e-40
4.651736148818649e-40
4.469458345640371e-40
4.086307599150952e-40
4.660735493662631e-40
5.521581554003616e-40
6.551083935308624e-40
6.329221712973223e-40
6.2979048559963725e-40
6.027047214751694e-40
5.506132904489315e-40
5.939785081143481e-40
5.598908251874996e-40
5.398575097998671e-40
6.957336815542539e-40
7.051976277234727e-40
7.76217437373541e-40
7.2420547426372415e-40
6.881768702841867e-40
7.203979066320933e-40
6.974874796940958e-40
6.699734989787705e-40
7.159811418558586e-40
7.0122527593350914e-40
6.433715368541139e-40
6.477427783953615e-40
6.400222263535722e-40
5.588591822533323e-40
4.70196646957136e-40
4.200810685089869e-40
3.8572843390526224e-40
3.911064519330553e-40
4.093953687960275e-40
4.3900748631239226e-40
4.473113837974651e-40
4.823090879257984e-40
5.495107766038657e-40
6.50985155934471e-40
6.031120104881217e-40
5.5988915129237e-40
5.71574928167255e-40
6.003213251331861e-40
6.711214379901597e-40
6.054953372913048e-40
5.937950903598232e-40
6.986441460911491e-40
7.591460587078988e-40
6.956414230073015e-40
6.380813935024643e-40
6.297897915140289e-40
5.832623275193421e-40
6.015500874041805e-40
5.817613089240844e-40
5.4821245025424695e-40
6.312250796219881e-40
5.949148126217239e-40
6.205087086992025e-40
5.847690337686009e-40
5.431754221834929e-40
4.548268546702676e-40
4.3225401941393305e-40
4.750099309110236e-40
4.676048952789246e-40
4.532275307501337e-40
4.270309073740065e-40
4.277258708336407e-40
4.700580360883807e-40
4.365530157070591e-40
5.60686162091646e-40
4.81162528531946e-40
4.184235798092275e-40
4.446530443757496e-40
3.89266610499206e-40
3.1835247211822115e-40
3.311172051725686e-40
3.008432676994788e-40
3.0268791397916517e-40
3.1750756382267648e-40
3.499818985187018e-40
3.506147763340752e-40
4.0272832986454085e-40
3.72673421757229e-40
3.997209614237419e-40
3.59966941574831e-40
3.478636627874582e-40
3.308330740768887e-40
3.0063975372167397e-40
2.9110251353032107e-40
3.6535583351399167e-40
3.6549838892902986e-40
3.996084636576652e-40
4.037594533362638e-40
3.982584486063774e-40
4.125113981716131e-40
4.78668320356093e-40
6.5946823729365645e-40
6.256147818519539e-40
6.419905584271325e-40
8.018754258276792e-40
7.759852465443702e-40
7.074809231518646e-40
8.903787298099942e-40
8.056841163890336e-40
7.760787509772915e-40
6.736670592538764e-40
7.15218014082492e-40
6.828599261795455e-40
7.114212231060006e-40
6.518577994567405e-40
5.982229972075642e-40
5.249084383698342e-40
5.562326220381135e-40
6.76033439077218e-40
6.280424794270768e-40
6.796819921889998e-40
6.826673512356377e-40
7.092706094600369e-40
6.328756116504437e-40
7.836320934522069e-40
8.53454693254784e-40
8.921447718176782e-40
8.434085736364105e-40
8.392082506708879e-40
7.946433129861653e-40
7.606321767615784e-40
7.578372380026957e-40
7.241804622117771e-40
6.89698315712873e-40
6.741483296713784e-40
7.036881712803247e-40
8.338065121357774e-40
8.739119607353375e-40
8.725427692094549e-40
7.395378499439807e-40
7.353697251525305e-40
7.923067835498036e-40
7.582663559768969e-40
7.606759200345857e-40
7.158378653863849e-40
6.760987722444546e-40
6.708480552659538e-40
7.220334842055945e-40
6.6589207084245705e-40
7.137455932773271e-40
6.370740793639481e-40
5.84682495369832e-40
5.241227545238953e-40
5.159315710628911e-40
5.473233886251637e-40
5.333214358894321e-40
5.142398292280059e-40
5.023745645957286e-40
5.420658062797305e-40
4.808333673372526e-40
4.9249557877848135e-40
5.2916883614711856e-40
5.232487143910748e-40
4.761121724866422e-40
5.687047181177777e-40
6.116022869739191e-40
6.4300241054380475e-40
6.887436447224034e-40
6.796821775208649e-40
7.000548323702264e-40
7.1860487885028945e-40
6.714572569657574e-40
6.6936595621453805e-40
6.022472222560469e-40
6.623913436646286e-40
6.655002124666819e-40
6.227398787948955e-40
6.824458880084958e-40
7.545246557691871e-40
7.1199476433408554e-40
7.777892595157066e-40
7.87820216864126e-40
7.523407550786205e-40
7.755255800534805e-40
7.610231289545342e-40
7.100120523557507e-40
7.2973093058557775e-40
6.7721210089860895e-40
6.445933093737884e-40
6.837171253761216e-40
7.810924045048135e-40
6.9766742511557435e-40
8.053813569507718e-40
7.3074845719132945e-40
6.3413752324778585e-40
6.1082493578756655e-40
6.55928694095878e-40
6.5888539437180025e-40
7.259834385242165e-40
6.528258771492899e-40
6.525645786763026e-40
6.368596756385902e-40
6.365154937893712e-40
7.098427639687665e-40
6.600986512063335e-40
6.462107914734545e-40
6.852565664864919e-40
6.107376175695252e-40
5.70692823003684e-40
5.162608711246981e-40
4.954664633372377e-40
4.6400422450859215e-40
4.8385347813918624e-40
4.9792622023384264e-40
4.918557223892326e-40
4.94968843434554e-40
4.366752797223956e-40
4.436013326672738e-40
5.940532980129167e-40
6.073682311451924e-40
5.846268672132682e-40
6.0315284276204324e-40
6.80854648744397e-40
8.10192747848417e-40
7.951048914164943e-40
8.670328229337122e-40
8.197139236480503e-40
7.649487707723728e-40
7.572803923903249e-40
6.982058262730442e-40
6.732894641070732e-40
6.138406980098803e-40
6.415951350926935e-40
5.586217209142901e-40
5.6801376775151126e-40
5.396586655666166e-40
5.42401494561603e-40
5.718694758034142e-40
6.406501587620703e-40
5.964972944151492e-40
5.899505228937454e-40
5.89429695163358e-40
6.13194286951469e-40
5.494284945193315e-40
5.066640362667953e-40
4.7328295066055025e-40
5.041070857110092e-40
4.686513485022541e-40
4.968917327008309e-40
4.282368827923531e-40
4.591452304900711e-40
5.685812336718044e-40
5.13399726651638e-40
4.814395854378608e-40
5.0963765808619575e-40
5.4424352212491184e-40
5.455392190766603e-40
5.3379092290579995e-40
6.586997197439158e-40
6.681261958018971e-40
6.6621383343828344e-40
6.1781457625086685e-40
6.583250988190333e-40
6.8252623265111975e-40
7.0430089437721485e-40
8.50061412219233e-40
8.804853000920385e-40
8.036685512620148e-40
7.1692291638499895e-40
6.606780732794797e-40
6.576580555427047e-40
6.463130184118376e-40
5.701051568340052e-40
5.90858634392525e-40
6.1628287063911596e-40
5.9544581877536555e-40
6.151918944383024e-40
6.2116388543702825e-40
5.911735992783693e-40
6.281833689120894e-40
6.455760799152499e-40
6.310742002536851e-40
6.3265816282269815e-40
5.740792171420011e-40
5.323663216839141e-40
4.949876059207799e-40
4.585096520465156e-40
4.9837832232369875e-40
5.2936759640487795e-40
4.52837803241877e-40
5.859574115539107e-40
5.3050016753721536e-40
6.4766020353079755e-40
6.695336466761683e-40
6.453939166681644e-40
7.170342757501046e-40
5.5368111294374285e-40
5.828161348883002e-40
6.7861598144719534e-40
7.195963298911309e-40
7.308051946319001e-40
6.202378188274406e-40
6.415244751105401e-40
5.58628923131621e-40
5.10632295018974e-40
4.249209953477352e-40
Acceptance rate: 0.2744583333333336
2.991381551942208e-40
3.4683907143301183e-40
2.9828737822830114e-40
2.960121762791722e-40
2.9386319154851652e-40
2.839511247811143e-40
2.459185815306191e-40
2.6754156983507884e-40
2.226367334921473e-40
1.981357266224866e-40
1.931986938963272e-40
1.7238530620326437e-40
1.840230790432076e-40
1.7634747572422733e-40
1.8768678250319124e-40
2.2425284010729276e-40
2.243996941019676e-40
2.0101310464076546e-40
1.8610509555941924e-40
1.8431142799424414e-40
1.5588884718810125e-40
1.4387528046972995e-40
1.4353619271047037e-40
1.5663268520326159e-40
1.4889737034848266e-40
1.3057837751598058e-40
1.2662316160718432e-40
1.2982366039648563e-40
1.1368668291471714e-40
1.1311047942043488e-40
1.251258577350678e-40
1.29376384818459e-40
1.3205747841796294e-40
1.3586958923644823e-40
1.5250636063858325e-40
1.6041523359664605e-40
1.4442424884053871e-40
1.644927655875065e-40
1.6621847466812517e-40
1.5909459154509922e-40
1.5362769549849111e-40
1.4834620166983899e-40
1.5631813614320302e-40
2.0224183761090945e-40
2.097342442507443e-40
2.6085124043782205e-40
2.542694379832622e-40
2.603743284089921e-40
2.4825398943972144e-40
2.4532642801128798e-40
2.294851829487519e-40
1.9547596450628923e-40
1.6803660020369385e-40
1.6422691173670294e-40
1.7338378561452415e-40
1.8347605307229051e-40
1.7845536210825507e-40
1.831014136590515e-40
2.084725358624027e-40
1.8783732076374808e-40
1.758354562406732e-40
1.6678726656560036e-40
1.5172154593677042e-40
1.5572338959094683e-40
1.340184890920793e-40
1.2406691939888975e-40
1.2803053021063721e-40
1.1872427767191096e-40
1.3200745807921904e-40
1.2823134864375164e-40
1.5097994691283632e-40
1.873530036902363e-40
2.0223720219842442e-40
1.9006462967999977e-40
1.899371968183911e-40
2.003918906472285e-40
2.1859704533328357e-40
2.33469090085401e-40
2.2089402126326813e-40
2.136021788034502e-40
2.075069913589855e-40
2.312549080712129e-40
2.2141291480661403e-40
2.245837735434749e-40
2.5670197769152834e-40
2.4352028750539793e-40
2.9811411422801873e-40
3.0270685072780013e-40
2.9214036356096417e-40
2.696238843473449e-40
2.625749846295562e-40
2.723660067808093e-40
2.805200759672103e-40
3.0687685118299035e-40
2.711535538814755e-40
2.808864629865375e-40
2.729129732101272e-40
2.7950980009215525e-40
2.557014044010636e-40
2.9787846658237186e-40
2.8295700061903377e-40
2.4214889237498093e-40
2.4335309808784587e-40
2.4297950090105944e-40
2.5105100930991554e-40
2.6836328524418024e-40
2.4889139796526975e-40
2.3408114836348414e-40
2.522061740780011e-40
2.5519381864248485e-40
2.5467310232707102e-40
2.350218831335582e-40
2.346786413612376e-40
2.43980945181602e-40
2.6119033208902753e-40
2.9038973410095264e-40
3.092119864963362e-40
2.8268176448287176e-40
3.025438822272518e-40
2.946505205664189e-40
3.0360042947073945e-40
3.0394001167648417e-40
3.0725572937436575e-40
2.773490555647735e-40
2.2946245030416925e-40
2.354842421900994e-40
2.520744101122383e-40
3.1029839634523627e-40
3.152195417517143e-40
3.1177418952430986e-40
2.8327070179138217e-40
3.129477852040917e-40
3.391837623931055e-40
3.3636200229654303e-40
3.736011604668404e-40
3.702756126557276e-40
3.1389856370935734e-40
2.9158370668435064e-40
3.165266124367282e-40
3.3087270304155845e-40
3.14693090612761e-40
3.217544373023494e-40
3.173251254145495e-40
2.8651563209797485e-40
2.920655257623449e-40
2.869602133461459e-40
2.8449696340466018e-40
2.417331927462325e-40
2.37176500067925e-40
2.456046813902169e-40
2.2164886487153877e-40
2.3556715181825245e-40
3.077092866738691e-40
3.607955967364054e-40
3.5168288562252864e-40
3.540968191543445e-40
3.7197829919567385e-40
4.699986301420311e-40
4.9683048142388e-40
4.365067092774603e-40
5.0275895574682015e-40
4.806910873188456e-40
4.6107523049986656e-40
4.325476350743495e-40
4.9224134857849665e-40
5.121874792588295e-40
5.474070198246494e-40
5.435360065646235e-40
6.1230857724984795e-40
6.268621076425718e-40
6.612368281998289e-40
6.5194825728513255e-40
5.771269519837633e-40
5.105917053035796e-40
4.925527727907161e-40
4.79566234987833e-40
4.411443214132665e-40
3.705821975053648e-40
3.8270400655343e-40
3.681927724615115e-40
3.7792906307748214e-40
3.5851281134365508e-40
3.3168353243393965e-40
2.783475178900481e-40
2.2656231401917785e-40
1.9261274879514177e-40
1.786542282213887e-40
2.1251717711258437e-40
2.106721451196067e-40
2.176822545736553e-40
2.118011481027141e-40
2.226437271353223e-40
2.041004165137292e-40
1.7415854693537527e-40
1.5042002344376014e-40
1.5088889428159336e-40
1.896792159520644e-40
2.0410325774230146e-40
1.8989534904418065e-40
1.5897605622657128e-40
1.5841192637491977e-40
1.5122664162590126e-40
1.4366561228925087e-40
2.0523492571628087e-40
2.18649215976447e-40
2.3388721141621143e-40
2.770000757434617e-40
2.478953801510523e-40
2.699834017984527e-40
2.9850961843008796e-40
4.097471942599469e-40
4.19802783920277e-40
3.950867715586889e-40
4.047273607339657e-40
4.585174313191987e-40
5.4295393866720534e-40
5.0317144318325e-40
4.7685559463094705e-40
4.138170105943312e-40
4.084584704648905e-40
3.93600569834827e-40
4.1603551346863935e-40
3.981619509608375e-40
3.67779598894549e-40
3.158131665475456e-40
3.3610684630740916e-40
3.3905001454423225e-40
3.474039648643526e-40
3.834473448750974e-40
3.747522835988993e-40
4.497230960902976e-40
4.6142158375715775e-40
5.1809087231372906e-40
5.041450336742766e-40
4.713182619840282e-40
4.210935156169794e-40
4.418436421460092e-40
3.840585581690077e-40
3.826032419477915e-40
3.819780475238746e-40
3.48064226212159e-40
4.052279001166121e-40
3.864507912572695e-40
3.381476255119669e-40
3.1447097405054317e-40
3.341854142328868e-40
3.837646717782118e-40
3.909913424530106e-40
3.8156862167082105e-40
4.590774000577779e-40
4.626232879733653e-40
4.253464420971088e-40
4.20904253740586e-40
5.170672946408966e-40
5.093729674338339e-40
5.596508727121272e-40
5.326898723888316e-40
5.7149402156514494e-40
5.591925471078738e-40
5.435304255698572e-40
5.4607299401929025e-40
4.928537517248517e-40
5.408425534305439e-40
4.5405462212569394e-40
4.722103872320499e-40
4.458431510186234e-40
4.5387622021650884e-40
4.637769457331981e-40
4.4163194079761274e-40
5.046705077293654e-40
4.9635621543342016e-40
4.760343538875929e-40
4.017863679004711e-40
4.285016246100796e-40
4.742625153664637e-40
4.854759165797355e-40
5.735690261886784e-40
6.362621838941718e-40
6.863923089225337e-40
6.759753411016895e-40
7.3401918639740085e-40
6.715915415984109e-40
6.818573904345356e-40
6.515358845311456e-40
7.359266390607392e-40
8.19837580178814e-40
7.462595617754398e-40
5.8072495662709945e-40
6.119130650776761e-40
5.7594103087296886e-40
5.427080881938899e-40
4.978181126935298e-40
4.415901744745621e-40
4.433461305048403e-40
4.246577754015768e-40
4.600055298623923e-40
5.872559840280665e-40
5.662202136884023e-40
5.262582820211536e-40
4.70709967478282e-40
4.6224083346185436e-40
3.7751682693903485e-40
3.847241543044786e-40
3.64772440966579e-40
3.081368405499886e-40
3.0170577240439e-40
2.875501838488942e-40
2.7224325597902905e-40
2.967477917227604e-40
2.9971852572661713e-40
3.53037663427541e-40
3.7990552475266105e-40
3.3708379510280518e-40
3.2057952521707633e-40
2.7627739627858708e-40
2.528541318792163e-40
2.6580373771793404e-40
2.9298402288333382e-40
2.7582322576715916e-40
3.1277663151564992e-40
3.1886947569903876e-40
3.945959883183591e-40
4.3443178671081384e-40
4.3354655726561266e-40
4.6184967070669e-40
4.179608644243569e-40
3.8758851406838755e-40
3.44339702335832e-40
3.3490979919577798e-40
3.20093725133543e-40
3.1794356925444194e-40
3.6225170212560507e-40
3.727523719913888e-40
3.4772507795417212e-40
3.08425521712814e-40
2.5516953412105957e-40
2.4756189168882894e-40
2.0839625462630486e-40
2.1071368541501738e-40
2.3522580653889923e-40
2.4287803444850832e-40
2.226109304577633e-40
1.9585325405709866e-40
2.022400481746014e-40
2.1637257729698027e-40
2.819560937700297e-40
2.4529430690847057e-40
2.6030037378294915e-40
2.5563897195923316e-40
2.4132091435465187e-40
2.556626987492977e-40
2.7226969879925316e-40
2.612590912066054e-40
2.6313881670639057e-40
2.6188631887316296e-40
2.2942076083008343e-40
2.2996148236546918e-40
2.271408506514565e-40
2.6939554809862792e-40
2.9971264682182054e-40
2.9688659221943757e-40
2.745223250526038e-40
2.6278857625112264e-40
2.3340725086716937e-40
2.68309591403602e-40
2.569782592669824e-40
3.20557347759541e-40
3.2962865750015382e-40
3.3258821911176337e-40
3.5820923303888277e-40
3.424884362804276e-40
3.1275560050414325e-40
2.7581531556370832e-40
2.6456953383203765e-40
2.3921613948591584e-40
1.988386643178122e-40
1.7798947207244382e-40
2.538443295829663e-40
2.324881269614608e-40
2.5906312622199634e-40
3.0152335096734933e-40
3.043467253416323e-40
2.9050547578602605e-40
3.09801497793906e-40
2.9610735318556445e-40
2.8672858417276257e-40
3.1972441869908448e-40
3.517650674322981e-40
3.2479036583741702e-40
2.757265210342794e-40
3.202500841100099e-40
3.957151734958879e-40
3.7432730685492935e-40
3.463295745525212e-40
3.2167244325280898e-40
3.0014367980907207e-40
2.741249925183278e-40
3.76159819536479e-40
3.6415743758742008e-40
3.725575086251388e-40
Acceptance rate: 0.2849642857142864
2.6913285299349345e-40
2.905176590156104e-40
3.1703712427244243e-40
3.2611416495796266e-40
3.51366353676126e-40
3.4134509085500334e-40
3.847751375567354e-40
4.214755936583808e-40
3.989213937623806e-40
3.378498970186165e-40
2.736294663712755e-40
2.8416719368568944e-40
2.594362412076773e-40
2.610503966655346e-40
2.2694881750409416e-40
2.176686990477871e-40
2.389398037925544e-40
2.525357010914732e-40
2.3482811318464095e-40
2.2741227548282718e-40
2.2938400942221017e-40
2.162788109019222e-40
1.993334876257311e-40
1.8692609899697014e-40
1.7216122502201967e-40
1.6355514361941095e-40
1.5276628436822207e-40
1.396098424958764e-40
1.3896938911932469e-40
1.3078785597045182e-40
1.3117555684275636e-40
1.226745921550477e-40
1.359357834114207e-40
1.3246740803229157e-40
1.328860663124187e-40
1.2899573146951296e-40
1.1588011483433092e-40
1.1947373162719734e-40
1.446648126484221e-40
1.5493218721260512e-40
1.5570837473820485e-40
1.4683323669117502e-40
1.428950754138509e-40
1.2021707662568279e-40
1.4309386999049665e-40
1.3285697756966213e-40
1.223544357212566e-40
1.3026928398573581e-40
1.1821075016868591e-40
1.0801510631896787e-40
1.0145496628948825e-40
1.0778938104929931e-40
1.0084494541401175e-40
9.739448612456338e-41
9.68558852413221e-41
9.833665251896305e-41
1.0829893659815586e-40
1.3012382238159967e-40
1.1775179304238104e-40
1.0851378000921128e-40
1.1647161272812831e-40
1.0532461861605998e-40
1.0573904191859358e-40
1.1310226007930426e-40
1.1419744194241198e-40
1.1229771197692163e-40
1.2227444685577877e-40
1.2819547219284438e-40
1.2016203841831905e-40
1.123753351968386e-40
1.0445769224356001e-40
1.0795747420824407e-40
1.3544181314640576e-40
1.966659862378394e-40
1.9460284528200173e-40
1.6929820296649361e-40
1.4282274708288254e-40
1.3148648907562596e-40
1.3634725909212668e-40
1.5859243406360594e-40
1.665718077244006e-40
1.645133640976539e-40
1.6830254505450974e-40
1.5280444317606011e-40
1.3380690306163507e-40
1.4399732057252521e-40
1.3115830991302382e-40
1.1842717280596281e-40
1.3923679817308526e-40
1.3918094876115152e-40
1.3046368347985193e-40
1.2327086589714274e-40
1.297800056847593e-40
1.477049832292222e-40
1.3744868585805727e-40
1.5911783012762434e-40
1.756543671007343e-40
1.9450021413236478e-40
1.7959258322110103e-40
1.7140758931365478e-40
2.1831133285748773e-40
2.348322807350481e-40
2.3714733983938936e-40
2.3972702916209264e-40
2.368894311150756e-40
2.315983789040423e-40
2.2129208351254645e-40
2.4179019949590926e-40
2.176808014563383e-40
1.8735575318486065e-40
1.8285112221577528e-40
1.9668514016588478e-40
1.8146440098606898e-40
1.678508659755972e-40
2.0411496990943102e-40
1.889581442995969e-40
1.7608655818299777e-40
1.9007955155024047e-40
1.995242642932215e-40
2.2257689233945097e-40
2.7403298610413388e-40
3.4016286013234214e-40
3.3755691259159565e-40
3.0497638168479697e-40
2.698018052412318e-40
3.022128810401941e-40
2.9727688239525383e-40
3.470217993774081e-40
3.1372602509207923e-40
3.0779162545022633e-40
2.9524752603926323e-40
2.8418172167624352e-40
2.693932587288837e-40
2.457214984014289e-40
2.529886473909165e-40
2.4203835304784133e-40
2.8283827493606237e-40
3.076474976217102e-40
3.363282403055384e-40
3.441883490467404e-40
2.9706580513353564e-40
2.6542961771695642e-40
2.450524702241617e-40
2.4751880472021295e-40
2.8807883580001516e-40
3.5681314257810673e-40
3.366451321390715e-40
3.359957000523631e-40
3.3550583724706875e-40
3.919838631696684e-40
3.688120791456208e-40
3.999621662731851e-40
5.006841113907956e-40
4.543325232637177e-40
3.5956372592660153e-40
3.0453886388532353e-40
2.8269197473781774e-40
2.4631550891706887e-40
2.463690899664381e-40
2.703207235817755e-40
2.6043914660941804e-40
2.5581970058695294e-40
2.3251227096701132e-40
2.2538846668682944e-40
2.936188775243998e-40
3.07266787302034e-40
3.915634366355415e-40
4.045490406013641e-40
3.850800535912465e-40
3.6626932481654243e-40
3.8719781902214466e-40
3.580590688108111e-40
3.6120612161234293e-40
4.020161576931852e-40
3.760874762500636e-40
3.683327851655668e-40
3.4125193430635633e-40
3.4573362304727285e-40
2.7824562369860324e-40
2.5296001532998193e-40
2.4647212070330334e-40
2.9436244120824486e-40
2.452825983233161e-40
2.556090759627777e-40
3.2732938427490583e-40
3.3572871332014557e-40
3.593629402693872e-40
3.632812862213024e-40
3.1555365446288206e-40
3.486796476059455e-40
3.438559636465706e-40
3.1167024587320782e-40
2.8313632321563423e-40
2.6755144974375753e-40
2.7133944539872695e-40
2.931592038780542e-40
3.0380117913279976e-40
2.6095653938160716e-40
2.3005643466852586e-40
2.4982828086380416e-40
2.370438587813889e-40
2.3038277962650946e-40
2.1922903760400607e-40
1.9261627424625847e-40
2.2726521010938568e-40
2.052884211890779e-40
1.8261928904241103e-40
1.7490703140060194e-40
1.758897102717548e-40
1.6567392276241909e-40
1.612152919683817e-40
1.521153094953628e-40
2.273701662451901e-40
2.2959761454325573e-40
2.1559566355444723e-40
1.9809551884431576e-40
1.8434108396660133e-40
1.7720865417000053e-40
1.6239449357546222e-40
1.5648916998672784e-40
1.6012233803041562e-40
1.4561510927361659e-40
1.789087088564898e-40
1.9491281872830273e-40
2.1048213246011127e-40
1.961938831735834e-40
2.1634796837152407e-40
2.206549197909312e-40
2.1558545539832013e-40
2.107331349549112e-40
2.466872621973692e-40
2.5765966648680454e-40
2.321003330915406e-40
1.974105983351568e-40
1.9980480291164383e-40
1.9825097663137967e-40
2.1513832097936e-40
2.299239850903556e-40
1.9012256560671405e-40
2.0675135896128423e-40
2.0573483916694037e-40
2.6436521438733126e-40
2.513942630163316e-40
2.4606862479232173e-40
2.258110035164753e-40
2.17057160307002e-40
1.9191461122093125e-40
1.6235952735267127e-40
1.4470905915722829e-40
1.5907820294927705e-40
1.7226640646155284e-40
2.1060084433495285e-40
1.9921198285531108e-40
1.8490437736789603e-40
1.6365239302213516e-40
1.8818627932450323e-40
1.7689877631438277e-40
1.9367472533759973e-40
2.305781079402458e-40
2.23864540260946e-40
2.4346182913132654e-40
2.2528700198950546e-40
2.3062564882738966e-40
2.1364577540684515e-40
2.058577813946957e-40
2.220232759607424e-40
2.1730223904049174e-40
2.0161115255501842e-40
2.3172200789510748e-40
2.352370635646183e-40
2.7010608574851127e-40
2.915975361580436e-40
2.860304577160477e-40
3.0399102326675005e-40
3.1865755151503364e-40
3.0333765842607325e-40
2.866578671235754e-40
2.7472583360536172e-40
2.6233444344181405e-40
2.5829883660792553e-40
2.6580545421352675e-40
2.7263584231861185e-40
2.929720651950588e-40
3.1780540896293344e-40
3.5311457990794925e-40
3.591723030487872e-40
3.3292391612205717e-40
3.2964349749265204e-40
3.252822028744518e-40
2.4886492296017164e-40
3.3911821054550015e-40
3.280065503795886e-40
3.1444764317696488e-40
2.6936266390779006e-40
2.7619076913545548e-40
2.6244303791563163e-40
2.8658914851083997e-40
3.185326657856807e-40
3.478583898536035e-40
3.4322320670093767e-40
3.140233163282688e-40
2.7686289560270128e-40
2.4072009859322227e-40
2.5770702621698404e-40
2.608829160774154e-40
2.4222383793623187e-40
2.357598664713931e-40
2.242827759374482e-40
1.9657105726935036e-40
1.882547772175018e-40
1.8899216628337706e-40
1.8198860072192437e-40
2.2627167311697287e-40
1.887084133007213e-40
1.898653958921085e-40
1.7811285208337321e-40
1.714607162925252e-40
1.713976075587408e-40
1.5085248304041136e-40
1.7506412215370392e-40
1.6995938728181284e-40
1.7764541313182121e-40
1.9829129132431555e-40
1.958631449278089e-40
1.9748343991523964e-40
1.8594255650580823e-40
1.823103198406551e-40
1.8734599431522012e-40
1.9277642776294583e-40
1.7575462463577867e-40
1.7016219843711063e-40
2.002000811950144e-40
2.017797875773319e-40
1.7958741974160399e-40
1.805246275548943e-40
1.909835681726158e-40
1.91298387659777e-40
2.142063968428837e-40
2.4570197988326594e-40
2.4021318708795464e-40
2.354530178272712e-40
2.4282084846390455e-40
2.5505138207611295e-40
3.170510540044899e-40
2.907133346230196e-40
3.4415301265815604e-40
3.5633128973601097e-40
3.732537165973707e-40
3.5962898172577167e-40
3.2874391022181417e-40
3.3766668019954286e-40
3.777722971993335e-40
4.2055450511291e-40
4.022447367223012e-40
3.82336329437517e-40
4.504804592024749e-40
3.793326689474149e-40
3.731043044574046e-40
3.748327405415238e-40
4.1259786797488656e-40
3.756598134274188e-40
4.137347336608481e-40
3.943467153483936e-40
3.7411928900428245e-40
3.842027282637955e-40
3.4313015366706796e-40
3.800564040585921e-40
3.788246702099294e-40
3.7904151413873645e-40
3.3740123411576154e-40
3.3751556297610545e-40
2.8623858273755772e-40
2.795712843609851e-40
2.8572687869578484e-40
2.5906730814240502e-40
2.1478854914350533e-40
2.153888829407645e-40
1.948429392937434e-40
1.9091178299193255e-40
1.6935084196419107e-40
1.9255901131638835e-40
2.0570687690308002e-40
1.7951378218345695e-40
2.062344829306615e-40
1.9398673551286786e-40
1.7636626910684703e-40
1.8998868894827875e-40
2.118594542894825e-40
2.4202801415139805e-40
2.8755954601549722e-40
2.9246045199293313e-40
3.3115098762230434e-40
3.4040888191711853e-40
4.06638975669032e-40
4.424377596194857e-40
4.49787231783547e-40
4.118194694080662e-40
4.456073512450373e-40
5.464933545287538e-40
6.270848273804803e-40
Acceptance rate: 0.2917187500000007
4.401100746744272e-40
3.840964359617493e-40
4.0232453288121636e-40
4.11314235956181e-40
3.9819946076558355e-40
3.884819521614658e-40
4.1854294682156445e-40
3.811020919245766e-40
4.329277800131342e-40
4.209892968261248e-40
3.586726117967554e-40
4.643172737322703e-40
4.433391560351934e-40
4.1789985150880035e-40
3.9981748046274355e-40
4.524393658071044e-40
4.280252982739606e-40
3.963233538635991e-40
3.821935906074435e-40
3.698982428591888e-40
4.364664831743331e-40
4.481071496836071e-40
4.550807871015642e-40
4.354131899310035e-40
4.353221532808895e-40
3.834872974192466e-40
3.6966623591323886e-40
3.5354101455873594e-40
3.205408027204345e-40
2.782223760350363e-40
2.5061221292779333e-40
2.413343788859288e-40
2.3119644203847443e-40
2.5495859102819025e-40
2.542759545489137e-40
2.641622823514179e-40
2.616471606169196e-40
2.7420603117490406e-40
2.863235740867873e-40
3.041618272997919e-40
3.3693485786316023e-40
3.1619763115217447e-40
3.77083760413101e-40
3.524055558669082e-40
3.943344418940288e-40
3.607533911240435e-40
3.471835048069399e-40
3.739643837887251e-40
3.6893365402927964e-40
4.065301764934161e-40
3.6265946162552732e-40
3.915484960241173e-40
3.985915542011584e-40
3.4154025896955998e-40
3.821000825480125e-40
3.2892758973408946e-40
2.8787015810654305e-40
3.035201906172883e-40
2.9268303467761664e-40
3.0521568454438325e-40
3.069205156323074e-40
3.136700682995047e-40
3.137871560100881e-40
2.765997516636678e-40
2.603357505825289e-40
2.4187132516931917e-40
2.3261163242014325e-40
2.3094557975869194e-40
2.480316540421214e-40
2.429662411816197e-40
2.7784219681825406e-40
2.717915640204609e-40
2.8099924951431062e-40
3.140331879180493e-40
3.8196424681836116e-40
4.066399301551534e-40
3.773203309996668e-40
6.255957282856951e-40
7.025652961462826e-40
7.79494168722694e-40
7.232350277562403e-40
6.1424368800928385e-40
6.5102201520714e-40
6.943380629040143e-40
6.963904027402331e-40
7.030383436636983e-40
7.219346302762332e-40
8.486405557854856e-40
7.412375922569366e-40
6.262131817269609e-40
6.535677030096762e-40
7.153607953000506e-40
6.823381724865141e-40
5.9551175525274686e-40
4.946331336107571e-40
5.249177272805104e-40
5.1633880734988834e-40
5.2210135514759745e-40
5.080179052585501e-40
5.561828995119084e-40
6.0642808146300066e-40
5.930487548422198e-40
5.535883147137521e-40
5.6217006781933494e-40
6.55054462513206e-40
6.261018302545027e-40
5.213417124691749e-40
5.080839762127687e-40
5.290181834844297e-40
4.871349035512881e-40
4.919667439041348e-40
4.92736378335248e-40
4.676877009248595e-40
4.3267890164602675e-40
4.582323839753122e-40
4.542194498887853e-40
4.329124908524771e-40
4.878117184317026e-40
5.188903064454643e-40
4.914746887757723e-40
5.118214466479992e-40
5.07441047117369e-40
5.000343280595044e-40
4.757386258526998e-40
4.44259766328806e-40
4.890369111545309e-40
5.1411310325809e-40
4.8401922521647055e-40
4.683010777887874e-40
4.437158407661205e-40
4.598888989094166e-40
4.530087892503055e-40
5.480269558491426e-40
4.956825276050731e-40
4.558360396737443e-40
4.928176508527953e-40
5.731079732638306e-40
5.350284849808612e-40
4.891490416287947e-40
5.9225888440564964e-40
5.888874215032805e-40
6.07770912456551e-40
6.257420317626657e-40
5.5662821731144285e-40
5.753406785476049e-40
6.027437428150397e-40
5.5867139795297955e-40
5.691499483918148e-40
5.997155756400329e-40
6.1349217618265945e-40
6.104195754559973e-40
6.586934272394201e-40
6.134616274377552e-40
5.685425225747348e-40
5.366545804652281e-40
6.823313600914048e-40
6.5750604403862145e-40
6.623126614045352e-40
7.130593700181357e-40
6.8833362115397386e-40
7.505429395899793e-40
7.758616060052588e-40
6.86233487013767e-40
7.427080468041296e-40
7.790609096599068e-40
7.661269224643154e-40
6.591655141349026e-40
5.976535067730499e-40
6.129614492898678e-40
6.026390137818872e-40
5.716841571441698e-40
5.701205779269257e-40
5.2500757817701376e-40
5.481914037845289e-40
5.163795758921798e-40
6.085464033327968e-40
5.191227310805766e-40
4.857504520910416e-40
4.273020802065242e-40
3.9604266856504355e-40
3.718584162611533e-40
4.058044466124429e-40
4.376319157860597e-40
4.0685483402071544e-40
4.349976611839661e-40
4.6909356428922224e-40
5.157950716709531e-40
5.847352541854912e-40
5.248019376230193e-40
5.514315566286082e-40
5.302210664365086e-40
4.741932143757657e-40
4.672940003107022e-40
4.369204652984017e-40
3.945610942872018e-40
4.551418656835819e-40
4.9370405328477655e-40
5.520242802250898e-40
6.415792840383896e-40
7.528750660542817e-40
8.018520753327784e-40
8.556514605858172e-40
8.484726849652345e-40
7.480566238678637e-40
7.523205025063886e-40
7.167013063636057e-40
7.307167724205387e-40
8.023692650868125e-40
8.012886746198066e-40
1.135750388264992e-39
1.1319716841414913e-39
1.0164667299717866e-39
9.490682329063487e-40
1.1919195264562668e-39
1.2119739049974213e-39
1.1756089851997946e-39
9.263803933495476e-40
9.259792156231505e-40
9.587937751311931e-40
9.106073334856684e-40
8.447770289912592e-40
7.69171920173954e-40
7.052599865127883e-40
7.210524332404202e-40
6.636474745159995e-40
6.261057845856395e-40
6.3924512853686185e-40
6.542735221106098e-40
6.880732749114605e-40
7.290708448221864e-40
7.409339276867984e-40
7.920278582626241e-40
8.689066764289188e-40
9.029492047963745e-40
8.161943948577327e-40
7.917189229731378e-40
1.0020828727960312e-39
1.0403748616994601e-39
9.287681985437222e-40
8.636257087917968e-40
8.45649307652789e-40
8.730815510843561e-40
8.417591779353678e-40
7.0178622266973466e-40
7.087253517204131e-40
8.305510966595027e-40
7.940709477944246e-40
7.716305152104384e-40
7.679936622763908e-40
7.516575856626878e-40
7.1276024354112694e-40
6.9111120271573825e-40
7.202843395991618e-40
6.746181108058791e-40
6.4426223255268895e-40
6.258065964272891e-40
5.22142314786e-40
4.749051898443162e-40
4.224208338257656e-40
3.444220290413217e-40
3.1299719675926342e-40
3.581671246218005e-40
4.553098251408077e-40
4.504655212450979e-40
4.386892416411748e-40
4.730326360013782e-40
4.180659167737267e-40
3.848723089600256e-40
4.19039646007533e-40
4.024631096352768e-40
4.659994888510979e-40
4.290463662259554e-40
3.866305105133768e-40
4.324248103098762e-40
4.332233721471738e-40
4.5233824080048415e-40
4.279707739009395e-40
3.872380215216208e-40
3.94751929946248e-40
3.640109167735527e-40
3.5777024592629474e-40
3.5150473018226947e-40
3.690391851834909e-40
3.5856982753265448e-40
3.461704789057507e-40
3.1945650950886677e-40
2.9023460852833507e-40
3.293346386071592e-40
3.3660937620724634e-40
3.3327064693548927e-40
3.1005564135924416e-40
2.8152740829216267e-40
2.9027892624230412e-40
2.617892745691596e-40
2.966959936333735e-40
2.754267133702401e-40
2.5685296838596513e-40
2.4023244851010135e-40
2.337702755668217e-40
2.2511145988279054e-40
2.2037797440468263e-40
2.5605375785955903e-40
2.759538872483582e-40
2.8286688439901114e-40
2.6574348410816125e-40
2.5737375490430114e-40
2.445038797215759e-40
2.1346925793413123e-40
1.9791743823351857e-40
1.8817971097177314e-40
2.049500472159878e-40
2.0930554109420355e-40
2.028786744859723e-40
2.090344075036939e-40
2.2200583568872075e-40
2.287759431015341e-40
2.5180916738856745e-40
2.6139773045278854e-40
2.6831711658827806e-40
3.1765973626028124e-40
2.9602312886989527e-40
3.1704460806776258e-40
3.282096297762733e-40
3.517588616156165e-40
3.2498614320911506e-40
3.3304124810798906e-40
3.1366008932728666e-40
3.159789042211515e-40
2.6556260451969357e-40
2.699573677962571e-40
2.376595825890612e-40
2.543701046207541e-40
2.2929342305590544e-40
2.3375573241401584e-40
2.2259202307896026e-40
1.9846296191602237e-40
2.0946594812242795e-40
2.6716779436286243e-40
2.919704832028232e-40
2.837700876335603e-40
2.6092311436910235e-40
2.9260473306360055e-40
2.7263796130231063e-40
2.7420059009152917e-40
2.514305216886984e-40
2.683808269863496e-40
2.7221076626415572e-40
2.5346721370644356e-40
2.9331505724069506e-40
3.0303769316344705e-40
2.8942985636883716e-40
3.0012553730979734e-40
3.449306779793107e-40
4.2876114099683e-40
4.387567892653006e-40
4.0136589234621745e-40
3.761779874521235e-40
3.4189414013624478e-40
2.8400853816623904e-40
2.6372975799238474e-40
2.2667809625843395e-40
2.323350833731884e-40
2.5785160518004736e-40
3.2947015629713984e-40
3.329529749647649e-40
2.6632130268735736e-40
3.1123085367939842e-40
3.006465220050686e-40
3.491774515135302e-40
3.963988233114645e-40
3.793984739493127e-40
3.711408179946003e-40
4.681181307392196e-40
4.3243251198278055e-40
4.756308331774884e-40
4.801519929908746e-40
5.847188407380196e-40
6.049633879407221e-40
6.057428189820533e-40
6.219354320164884e-40
6.496541454171231e-40
5.955298378178788e-40
5.678373655813939e-40
6.31576152879328e-40
6.09870613720909e-40
6.252898705219916e-40
5.162474683245763e-40
4.7536523135239095e-40
4.761643103253851e-40
4.121296467588451e-40
3.540922635258641e-40
2.9615174331589197e-40
3.252757077812723e-40
2.9680531669548694e-40
2.7800118758029892e-40
3.456044474903281e-40
3.904744790921819e-40
3.708616552977359e-40
4.010862906908398e-40
4.059115291154811e-40
Acceptance rate: 0.2989722222222228
2.9099714443669356e-40
2.8393073777725825e-40
2.740119953746226e-40
2.7375180067636595e-40
2.9684190426993488e-40
2.867374354585897e-40
3.0073884521586023e-40
4.105512859788207e-40
4.7255025171380116e-40
3.973031143383428e-40
4.435326322976656e-40
4.8814244655974286e-40
4.506414469230848e-40
4.018181515341e-40
4.060363250838238e-40
3.046380603523145e-40
2.777306907265511e-40
2.786978215174703e-40
3.850597596873134e-40
3.440358217680521e-40
3.4549464013247836e-40
3.3232735613882607e-40
3.0730873585855834e-40
3.1029815927491156e-40
3.010464851414586e-40
2.7125087590148546e-40
3.0243583691132055e-40
3.190952631753844e-40
3.3357408671262424e-40
3.3894464784865788e-40
3.206755248661082e-40
3.1423551267267654e-40
3.1966894108539e-40
3.240936007778671e-40
3.1087921150910733e-40
2.9163919085125274e-40
2.9418585163699636e-40
2.6529136125954715e-40
2.4678698212941355e-40
3.0902642505373924e-40
3.5596664589842563e-40
3.327702741888085e-40
3.3794617176068102e-40
3.054896038080629e-40
2.864798325640666e-40
2.874786819740887e-40
2.5235361857983507e-40
2.2727639841070946e-40
2.1631077222658755e-40
2.2231033374396506e-40
2.344966204081473e-40
2.1962598257938857e-40
2.0021965929818838e-40
1.92829280789943e-40
1.7360429104311774e-40
1.6590109892837702e-40
1.5248750219342917e-40
1.4577173366665685e-40
1.467557912517173e-40
1.5341023496161486e-40
1.4254442011690475e-40
1.3765869632778966e-40
1.4362340287412978e-40
1.3084656899298291e-40
1.320120951594858e-40
1.2468335054754577e-40
1.2830292732035093e-40
1.3577821811966576e-40
1.4235072555668706e-40
1.5546201533216333e-40
1.6307378123054371e-40
1.5550654621176894e-40
1.9061594777064475e-40
1.8360588443575507e-40
1.6781229151211642e-40
1.6829535294054931e-40
1.6501254854780477e-40
1.6034748506234278e-40
1.5361796533822807e-40
1.7270152843627167e-40
1.755677028194346e-40
1.911556231263012e-40
1.729839728844733e-40
1.5712956736511066e-40
1.659242875763747e-40
1.6694911432932902e-40
1.730914087282674e-40
1.7434236818666256e-40
1.8126357027277955e-40
1.7281668901590428e-40
1.6143226759273717e-40
1.5135258231386436e-40
1.5653958983005196e-40
1.7963612164401682e-40
1.9019567647719545e-40
1.5574970665449127e-40
1.2601097522809161e-40
1.3731206395186692e-40
1.2780238578190411e-40
1.4099034466666906e-40
1.3001469433258618e-40
1.4825536927696822e-40
1.4548218134004195e-40
1.3060872182585976e-40
1.0744281403049534e-40
1.0127650711926233e-40
9.691838660787943e-41
1.0035998823190137e-40
9.250486164508769e-41
1.0447984131628515e-40
1.0500262863673146e-40
1.2986942095439056e-40
1.2889211545739633e-40
1.4552595585445028e-40
1.4983490915317388e-40
1.4536825288125571e-40
1.470599629365524e-40
1.392544013213169e-40
1.4619253772796804e-40
1.6591725343228664e-40
1.5176881990587358e-40
1.8093483627127918e-40
1.7391535882913349e-40
1.8108914394457107e-40
2.2275751867554725e-40
2.4672038477171886e-40
2.1867520638691134e-40
2.2215809026790135e-40
2.0595136707394166e-40
2.0615038998713737e-40
2.473521561355375e-40
2.275390864114431e-40
2.316376348198306e-40
2.3624930627409357e-40
2.46966760987797e-40
2.2783191783429987e-40
2.225045618172159e-40
2.1161401431451456e-40
2.1317206030311424e-40
2.113610784267745e-40
2.256961982567304e-40
2.5097033239809516e-40
2.8759295411289368e-40
2.7047416761704756e-40
2.7309715358457252e-40
2.606243286410859e-40
2.6231370126065754e-40
2.6816935957120095e-40
2.4346347156224024e-40
2.4640820784630122e-40
2.35735789923717e-40
2.062418870600008e-40
1.8040592690929505e-40
1.8364776041570585e-40
1.662918378200724e-40
1.5183136126079304e-40
1.5063389217591262e-40
1.3332673634088814e-40
1.3043687491316307e-40
1.2818939292293806e-40
1.1380799182092e-40
1.2710377327825513e-40
1.2651438862867458e-40
1.3987875845376643e-40
1.5677143599108677e-40
1.5309011094769429e-40
1.5407342780617234e-40
1.433637262096007e-40
1.3589402029523817e-40
1.2756904864149905e-40
1.1104575828583351e-40
1.0038016577621844e-40
1.0204664269756862e-40
9.984394955290799e-41
9.173480488387976e-41
8.211274667295174e-41
9.077930527022475e-41
8.371824538712141e-41
8.829308543734248e-41
9.751112705290242e-41
9.762681539622715e-41
1.0268532311765136e-40
1.2874191224670393e-40
1.2617441477995503e-40
1.2713055663228266e-40
1.1864265884334626e-40
1.2511986472232436e-40
1.273570112202676e-40
1.1299765359285101e-40
1.0966422850711698e-40
1.3905563314290163e-40
1.4025713001546234e-40
1.4882945751844269e-40
1.4713323947527139e-40
1.3794457902100366e-40
1.4312739131608392e-40
1.3609938305106405e-40
1.226033216015995e-40
1.12213511498479e-40
1.0499448158695566e-40
1.1270642755961304e-40
1.2157878470177911e-40
1.2885135370513467e-40
1.2015085264523092e-40
1.1600945946173228e-40
1.1566519777186112e-40
1.1282020522537466e-40
1.1575495940079317e-40
1.1682747880927822e-40
1.164746022651161e-40
1.1586319238186054e-40
1.1272116431776628e-40
1.0959941469013737e-40
1.017184848927468e-40
1.1290282067212955e-40
1.2382576711588586e-40
1.2716411603213934e-40
1.2058192868992455e-40
1.268840466355163e-40
1.2462537404193905e-40
1.1720863374793627e-40
1.1373692176307151e-40
1.0274782086103171e-40
9.877849460860735e-41
9.887545982483349e-41
1.0226180099331865e-40
9.262485936654788e-41
9.460690897588372e-41
9.411235657163897e-41
8.439938317990197e-41
7.989097095934365e-41
7.358040706406042e-41
6.889562889506937e-41
6.270021179863675e-41
5.879366341267734e-41
6.243065113079168e-41
7.901896898976864e-41
8.199434402069582e-41
8.587998026274886e-41
7.688576322850359e-41
6.967411163692453e-41
7.719525733755548e-41
8.116621282969931e-41
7.965197686117673e-41
8.497362865631157e-41
8.162840791304697e-41
8.782884390959386e-41
8.791148859484447e-41
8.043492173552385e-41
7.622725705452464e-41
6.810231207428822e-41
7.498678708059106e-41
8.598245203639725e-41
8.118410867047147e-41
7.582538256448282e-41
8.270347245962778e-41
7.679380625473008e-41
7.005451524030728e-41
8.696846445489926e-41
9.235827093145674e-41
1.1139570777682384e-40
1.123048185722151e-40
1.0881563664721816e-40
1.2392983422554162e-40
1.2729331416587665e-40
1.219873325125518e-40
1.1166734494799483e-40
1.1277153059317359e-40
1.0925861160666316e-40
1.0123664145814011e-40
8.344660865990525e-41
7.933408948209421e-41
8.361824853665109e-41
8.466090044537306e-41
8.391860068963003e-41
8.259259940041754e-41
9.086497153329405e-41
8.712619128051484e-41
9.64043597645442e-41
1.1221385870855613e-40
1.1756691767835403e-40
1.126406530764603e-40
9.510569100937823e-41
9.063398524762592e-41
8.726207465472588e-41
8.258007969900546e-41
9.661585758715034e-41
9.49411001704487e-41
1.190180775330877e-40
1.210972252300533e-40
1.321070849605716e-40
1.2922684882966216e-40
1.5124754526133244e-40
1.5595419767529268e-40
1.4501934686273162e-40
1.3895666718277427e-40
1.4662199804622859e-40
1.5022774466078148e-40
1.7021188567474333e-40
1.5603926979990321e-40
1.4919557496337532e-40
1.3549927657354275e-40
1.2614803605295038e-40
1.1260952393471224e-40
1.103055515180732e-40
1.0237313584996395e-40
9.588978421885273e-41
9.469815609869304e-41
9.285928200765638e-41
9.068256143187005e-41
1.0235959189744192e-40
1.0925046932284787e-40
1.3725154515065837e-40
1.2207037853670005e-40
1.2023544575576075e-40
1.2200020481815624e-40
1.379562958404809e-40
1.3012010421434727e-40
1.1267156187701485e-40
1.1057492466787342e-40
1.195266953445777e-40
1.2607880888490236e-40
1.2517622926710741e-40
1.1208543577893151e-40
1.1083325860809195e-40
1.0821439770046705e-40
9.94985446202807e-41
9.75723341420118e-41
8.099652800190321e-41
7.008272518361602e-41
7.376641562247156e-41
7.944975881176719e-41
8.804805333228746e-41
7.833765561597308e-41
8.350621694997833e-41
8.308606017277365e-41
8.065667879986868e-41
7.244203067889831e-41
6.903304883011431e-41
6.889593781269465e-41
6.316925390530423e-41
5.568394878991854e-41
5.445605472197687e-41
6.028424170500071e-41
5.838191922275866e-41
6.454706346587952e-41
6.393044870492378e-41
5.309230266328751e-41
6.716357207106823e-41
7.443041706919753e-41
7.121409848285179e-41
7.548861827700862e-41
7.390286925920355e-41
7.324671317388669e-41
6.868719624123361e-41
6.63775371297195e-41
5.937756818683827e-41
6.332396161191303e-41
8.467514992498269e-41
8.500230956145354e-41
8.467594782037971e-41
8.59840642204828e-41
8.667393113020278e-41
9.98846942764532e-41
9.913861476153387e-41
8.64279261639176e-41
7.98981104844064e-41
7.133940159747643e-41
6.639193783667413e-41
7.27737828692311e-41
6.496892251414487e-41
6.728746089062532e-41
5.997313500850007e-41
5.340804447974181e-41
5.034705819874142e-41
5.320486759425866e-41
5.124130292947393e-41
5.043147579671441e-41
5.054067201206605e-41
4.971455047983651e-41
4.556493099330451e-41
3.704927935110143e-41
3.7206280521471037e-41
3.9174584552859046e-41
3.665299379169688e-41
3.371607056435762e-41
3.345999630818736e-41
3.5964008195229556e-41
3.433080845891523e-41
3.5202633457359433e-41
3.4752888914680087e-41
3.082137567648458e-41
2.944895140516947e-41
3.2434171963121873e-41
2.8695371158506473e-41
3.0589360308045944e-41
3.1432966471661063e-41
3.285817858853721e-41
3.034610362277304e-41
3.560518139612147e-41
Acceptance rate: 0.3040500000000025
Sampling time (10 samples): 11576.6959 seconds
