/scratch/users/yanlan/TroubleShooting/MCMC2/Output/AM_PM_ET_181_290_00
1.191332625077341e-06
5.961783219208957e-07
2.940951585329514e-07
1.4411156733419913e-07
7.044072312594666e-08
4.4529912587888816e-08
2.601829337569048e-08
1.4401237418823938e-08
7.7324820749027e-09
4.375086971503531e-09
2.4059043540915094e-09
1.2944169550584971e-09
6.865728229170468e-10
3.607038032106612e-10
1.882742070497319e-10
9.783776948353402e-11
5.0690854998583806e-11
2.6212921976581847e-11
1.3539392390870492e-11
6.989268038296578e-12
3.6074745766464525e-12
2.0251865422558085e-12
1.1941386989779887e-12
6.845233042112835e-13
4.845839980458856e-13
3.2193560247602125e-13
1.9969641126022547e-13
1.1886935973394026e-13
6.886588083014559e-14
3.915130759554335e-14
2.1956091625553605e-14
1.2188346539158177e-14
7.365889797853351e-15
5.031655586392253e-15
4.172774091199967e-15
3.1206013350471065e-15
2.0854579012982565e-15
1.31121222786434e-15
7.937410589211047e-16
4.683616104602648e-16
3.557026081710546e-16
3.3218152357632914e-16
2.651225854442105e-16
1.8401478871206028e-16
1.1888203792145266e-16
7.354633843303946e-17
4.42095903755099e-17
2.6041391526810477e-17
1.511238583476243e-17
8.671378463756578e-18
4.9320856846733135e-18
2.78588611260373e-18
1.5649084592738482e-18
8.751254997023351e-19
5.240784789443197e-19
3.510350968128646e-19
2.2340678480295216e-19
1.37545098388973e-19
8.27523995846618e-20
4.895631584297054e-20
2.8596721197491947e-20
1.6540315530586074e-20
9.492642403646873e-21
5.4139394719052934e-21
3.072078380505723e-21
1.7359669685471468e-21
1.1559991749866848e-21
8.709304364579078e-22
5.9652636801149865e-22
3.869497822129131e-22
2.423733213244073e-22
1.4817893413364664e-22
8.900498007251567e-23
5.2752325722006295e-23
4.371033422031793e-23
3.4247257729178e-23
2.4023705444997663e-23
1.585644704093041e-23
1.376020842375763e-23
1.0143130232244798e-23
6.89790689750642e-24
4.951569315703735e-24
3.517031846590715e-24
2.3433228267957202e-24
1.5456609019381449e-24
9.83090528036426e-25
6.097528489617986e-25
3.7133267278054797e-25
2.230282855352503e-25
1.4180363903231213e-25
1.0641927064692839e-25
7.336509777579436e-26
5.702734382661175e-26
4.105249953320134e-26
2.8657129271661496e-26
1.8960168464424616e-26
1.2114091583587202e-26
7.554040476381712e-27
4.627323382679981e-27
2.7963953753649426e-27
1.6721338974531267e-27
9.914576052316632e-28
5.838453811624296e-28
3.4187659756927327e-28
1.9925095386045004e-28
1.1566936803835976e-28
6.692489681370812e-29
3.861223941727542e-29
2.2223352952784092e-29
1.4971742489499594e-29
1.0878834843293235e-29
7.401916136217165e-30
4.8341055572516424e-30
3.0703373804201916e-30
2.351476709576908e-30
1.8716762895566656e-30
1.3813520445091532e-30
1.1109327784535305e-30
7.980846889027244e-31
5.40237966997269e-31
3.5211972681614225e-31
2.6410275795208414e-31
1.8845359128669586e-31
1.2714152426025652e-31
9.264629769096307e-32
7.070599130585288e-32
4.9265359680291914e-32
3.276546357136266e-32
2.1126265251578058e-32
1.332442760249444e-32
8.266853812079704e-33
5.064508531209278e-33
3.0717928699070494e-33
1.8481814693747034e-33
1.1423509180421293e-33
8.491814977590726e-34
7.6169132391000265e-34
5.809245604668277e-34
4.087813662722221e-34
3.5403042168500894e-34
2.761544763179417e-34
1.968698046038932e-34
1.3318334845419715e-34
8.706952619302092e-35
5.557226163117054e-35
3.4846567585852084e-35
2.155651767255559e-35
1.3193797691488638e-35
8.006486971780798e-36
4.824732008706591e-36
2.8905654009023416e-36
1.7233653012956344e-36
1.02324789891419e-36
6.054184937273003e-37
3.571223817837707e-37
2.101085579664485e-37
1.2333479824188969e-37
7.225529046938018e-38
4.2257533300745925e-38
2.4676424603104726e-38
1.4390786195108644e-38
8.382646559070396e-39
4.877907151441122e-39
2.8359307942299474e-39
1.6474609614472016e-39
9.563884469741714e-40
5.548694636653603e-40
3.2174976957551824e-40
1.864861905498617e-40
1.080446225536485e-40
6.257660902655756e-41
3.6232246000548467e-41
2.097358763166634e-41
1.2138427954269172e-41
7.023939663215049e-42
4.063895965773093e-42
2.351047596153541e-42
1.3600336319556142e-42
7.867170194079115e-43
4.550702339348576e-43
2.6323203361885503e-43
1.522678165967752e-43
8.808348688630808e-44
5.095715139387715e-44
2.948130629455746e-44
1.7057892239759842e-44
9.870671529791018e-45
5.712364264606083e-45
3.306265301631714e-45
2.4783714219308662e-45
1.7406404752566142e-45
1.1736254140051774e-45
7.695447918150497e-46
4.94489465178079e-46
3.129279240831446e-46
1.9568498829542514e-46
1.2120969595389187e-46
7.449910465019235e-47
4.549673924105872e-47
2.7636081238413137e-47
1.671078743576745e-47
1.0065356852588933e-47
6.04237960583711e-48
3.6168248865101235e-48
2.159483185145821e-48
1.2865064017217081e-48
7.64945351607735e-49
4.5405157845506e-49
2.6910555611814164e-49
1.5927877722311622e-49
9.416219323066485e-50
5.560787360694067e-50
3.7082524790858035e-50
2.9501962326562135e-50
2.1501744000648856e-50
1.4885153153876853e-50
9.962337078981946e-51
6.510617059646437e-51
4.1803780989216045e-51
2.6479935032800122e-51
1.659446773151528e-51
1.0309823837709557e-51
6.359909744104048e-52
3.900108378619271e-52
2.379750687636864e-52
1.4458958054357241e-52
8.752942266237084e-53
5.281982095529662e-53
3.178657338827801e-53
1.9082886411275392e-53
1.1432069025854504e-53
6.835880503036634e-54
4.080809308021258e-54
2.43254720511648e-54
1.448137995366943e-54
8.611011582105225e-55
5.115033094108795e-55
3.035575225697416e-55
1.8000090332953422e-55
1.0665659834916753e-55
6.315596065191795e-56
3.737534903868374e-56
2.2106914366500876e-56
1.306976992021762e-56
7.723734042132227e-57
4.5627508248564926e-57
2.694541778674747e-57
1.5908118396912643e-57
1.1567640683010107e-57
9.225578885894434e-58
6.760250393254747e-58
4.7114422746563145e-58
3.1766247695542033e-58
2.0921709102817533e-58
1.354130334090804e-58
8.647546234026172e-59
5.463965046935518e-59
3.4228403868803874e-59
2.1290655951628644e-59
1.316503791092713e-59
8.099976428991464e-60
4.9624013525068153e-60
3.029036346480773e-60
1.843035510168776e-60
1.118294181175787e-60
6.768929192047522e-61
4.088380649652931e-61
2.4646645400680897e-61
1.4833110838335734e-61
8.913639858256962e-62
5.349295203054634e-62
3.206404395304535e-62
1.919882218193594e-62
1.1484538237681335e-62
6.864010251987294e-63
5.277337143765515e-63
3.795893587312499e-63
2.619028689141462e-63
1.7564172216711675e-63
1.1539178379137569e-63
7.520629489579154e-64
4.889839852307418e-64
3.258019495921674e-64
2.6959684346237927e-64
2.0221449257588762e-64
1.4339128424109126e-64
9.805397035333861e-65
6.537266873247022e-65
4.2778005534260375e-65
2.7595774370869088e-65
1.7602679442523454e-65
1.1126972998349926e-65
6.981400452818186e-66
4.3532550994239674e-66
2.7003036438332063e-66
1.667527343321269e-66
1.0258080227449223e-66
6.289470915749982e-67
3.845044669984807e-67
2.344674552428127e-67
1.4265552914120161e-67
8.662262357590787e-68
5.250576086671722e-68
3.1775970366390725e-68
1.920346371413463e-68
2.019535085819848e-68
1.7763292351068917e-68
1.432087291899115e-68
1.1344478292887349e-68
9.829140347303144e-69
7.566879778023574e-69
5.461838917552959e-69
3.785791364087942e-69
2.5520916104110755e-69
1.6859813626531098e-69
1.0968567478788367e-69
7.05077305481877e-70
4.488964112904699e-70
2.8355693305536818e-70
1.7794982528021738e-70
1.1106246708297985e-70
6.899306141768235e-71
4.268728355319732e-71
2.631969525138093e-71
1.617879755704004e-71
9.918747062155403e-72
6.066658629290746e-72
6.750821695798766e-72
7.185665898774799e-72
5.850275422729923e-72
5.174271198765755e-72
4.391032969441652e-72
3.35135723727967e-72
2.410117886859221e-72
1.854134268304963e-72
2.0082419998438661e-72
1.902543088594533e-72
1.530992387147194e-72
1.1360406794958507e-72
8.030318367000295e-73
5.4960781447640825e-73
4.5583005180517884e-73
4.201537432913537e-73
3.674270431592487e-73
3.9631495662396044e-73
3.7506498239486863e-73
3.019282624869988e-73
2.7720282276265058e-73
2.1897262009642468e-73
1.6089827981523844e-73
1.1308700882528146e-73
7.713194290713575e-74
6.182948966881543e-74
5.242917266347649e-74
4.0393656203791285e-74
2.7601781955207957e-74
1.845181807938205e-74
1.2133580566767515e-74
9.619091020636594e-75
8.443188194977576e-75
7.7712853245052375e-75
5.052500065238171e-75
3.2509243893828555e-75
2.0741421413277523e-75
1.3141230506192533e-75
8.27730163221227e-76
5.187784549889784e-76
4.383250378030737e-76
2.757972736965412e-76
1.7270944164078455e-76
1.431661085902902e-76
1.1890513702864257e-76
9.327000747433081e-77
6.8357085216542935e-77
7.765406450263216e-77
6.227296933653068e-77
4.623646760574077e-77
3.489430216546711e-77
3.5542659462481834e-77
3.123892359029777e-77
2.859812369609081e-77
2.274343238108385e-77
2.11205206932383e-77
1.798385259860542e-77
1.390319804993223e-77
1.0108595218165304e-77
7.794016479238462e-78
6.179973577396818e-78
5.703330737951242e-78
4.956674766264882e-78
3.8461714025810283e-78
2.87720206036366e-78
2.0526298717271294e-78
1.7050149178702844e-78
1.4502025829582224e-78
1.2593330278741927e-78
1.235480787479498e-78
9.763064137188455e-79
6.736006249145103e-79
5.504897045486794e-79
Acceptance rate: 0.020999999999999987
3.6799046522631376e-79
3.01812061818126e-79
2.8923790782900216e-79
2.9973800717084793e-79
2.79145198006845e-79
3.0254589652537286e-79
2.6784775844705904e-79
2.1001359980489355e-79
1.5418890766679202e-79
1.3717794670685137e-79
1.1462434630641997e-79
8.755293433017845e-80
6.327884405952216e-80
5.681891401645192e-80
4.561889103620742e-80
3.397286435588683e-80
2.5040467463019393e-80
2.5177646224023192e-80
2.8060837361189468e-80
2.756056183041354e-80
2.3046530230033342e-80
2.1435156873956016e-80
1.8597301301972578e-80
1.4449915049848088e-80
1.4739400009347913e-80
1.3431690495602747e-80
1.3005881257412666e-80
1.2086929438454887e-80
9.712993902287667e-81
7.242628713452108e-81
5.159660475929433e-81
3.5645964153533063e-81
2.7370678964723606e-81
2.263335494507523e-81
2.0028024313085538e-81
1.813098886630643e-81
1.5860343550557468e-81
1.4269841186016784e-81
1.8108562476185628e-81
1.7328257162313564e-81
1.4121694882242318e-81
1.0621334594147345e-81
7.612917378391617e-82
5.284225580176469e-82
3.584847206264334e-82
4.040074472467657e-82
3.5623168081306836e-82
2.794725165054709e-82
2.8493363831748784e-82
2.682835537755947e-82
2.938480707560796e-82
3.1274869308295466e-82
3.232577764260907e-82
2.92550603906453e-82
2.4171609852313205e-82
1.8563655887694924e-82
1.3490432208823162e-82
9.45807076824645e-83
8.868752747289622e-83
8.186707904180495e-83
6.571988021669197e-83
6.320028997387985e-83
5.723769394500639e-83
4.5697684741377046e-83
4.164730334035558e-83
3.946182018490519e-83
3.9201881579998425e-83
3.309918287992941e-83
2.5629458991257906e-83
2.1198106481863166e-83
1.7199150849660337e-83
1.5612230876729785e-83
1.2203846137824654e-83
1.111558627260563e-83
1.100944807023825e-83
1.2252137633182418e-83
1.2935120817236193e-83
1.1554540261000566e-83
9.008049539364105e-84
8.882568267870143e-84
8.82445854232613e-84
7.312366792227523e-84
6.0819844810637e-84
5.194273531546453e-84
5.02392542087814e-84
5.557584283869941e-84
6.413619068962582e-84
6.675576875277918e-84
6.262246094287374e-84
6.012227977005141e-84
5.135212802518609e-84
4.546684041353061e-84
4.0552416362629127e-84
4.693365332161875e-84
4.238238369211574e-84
3.4330114583628096e-84
2.741372982778286e-84
3.070296342548877e-84
2.5491089200314364e-84
2.5791295696637094e-84
2.36607409284828e-84
2.998192679460635e-84
2.561210611435604e-84
2.0603073304731263e-84
2.4162669564542653e-84
2.684593265337938e-84
2.9473381463684115e-84
2.758218639857343e-84
2.908966669203811e-84
2.6590979852537946e-84
2.217101760990921e-84
2.1403914023504317e-84
2.7052442714120114e-84
3.0915626844082894e-84
3.468170948967593e-84
3.5377151303341614e-84
3.5842876943659103e-84
3.05250775449476e-84
2.64214141288565e-84
2.226405545105609e-84
2.2453911881875847e-84
2.199855592304962e-84
2.3627012631585138e-84
2.299479728233565e-84
2.7171772024340415e-84
2.7408704127022677e-84
2.831483703408097e-84
2.8936821921491925e-84
3.0402491243363405e-84
3.2473679338299175e-84
3.234326558143554e-84
3.777848224455096e-84
4.0507680326484543e-84
3.6149819589110636e-84
3.4642482988201124e-84
3.675203805952154e-84
4.170269995873961e-84
3.7342819348992515e-84
4.015100015206045e-84
4.215954931305951e-84
4.175543013945554e-84
5.020992883162899e-84
5.779583024418601e-84
5.663876771129165e-84
5.870152384863334e-84
5.290168330681636e-84
5.4355144232923365e-84
5.735394238231269e-84
6.667682017359468e-84
7.894252125360017e-84
7.379446037706879e-84
1.0781715766860571e-83
1.3678517611447986e-83
1.4038859677543448e-83
1.7144125935753235e-83
2.0035719042613495e-83
2.479316865131846e-83
2.4388692611996295e-83
2.5473864700744574e-83
2.6215427608282947e-83
2.5733910818155335e-83
2.6248806599407467e-83
3.350215066486253e-83
3.747619002512889e-83
3.716516947434142e-83
3.607766755861827e-83
3.5419673486146444e-83
3.2994082384987904e-83
4.251379131702518e-83
4.428322629772188e-83
4.909027199394201e-83
6.945257733133213e-83
7.131756487514296e-83
7.993871189547398e-83
7.82918080914406e-83
7.436216467789245e-83
8.563742280793737e-83
9.127164740843707e-83
9.117266109523032e-83
1.0009267678841063e-82
1.1391134903551183e-82
1.3945624292585484e-82
1.4765944631142347e-82
1.4879686750006948e-82
1.5920792668041194e-82
1.613342880766031e-82
1.6614381541677332e-82
2.0448104132898244e-82
2.3529873668106673e-82
2.5862768760476133e-82
3.387192196245778e-82
3.2497582615972935e-82
3.602685106930281e-82
4.6045079543887533e-82
5.1837300492074596e-82
6.197607576830052e-82
7.34798101621943e-82
7.445177842438044e-82
7.274695363982669e-82
6.70809859224323e-82
7.005660109963112e-82
7.82624829290465e-82
7.931077145725921e-82
7.901254524916119e-82
7.664692889162886e-82
8.334857326800554e-82
9.467269883535181e-82
1.3204261181829192e-81
1.3098375161823566e-81
1.4459187041116043e-81
1.5708248302600035e-81
1.7881930347243508e-81
1.9310439645079768e-81
1.9239496268890442e-81
2.0127148119955137e-81
2.297605012514237e-81
3.027211302738608e-81
3.7751095460348057e-81
4.603622931567366e-81
5.152869735902321e-81
6.458393063948858e-81
7.10989896389652e-81
8.40461833357778e-81
8.672681329530553e-81
8.30168904822959e-81
1.0483809117129683e-80
1.2766948470762092e-80
1.2525781112561902e-80
1.627546740491801e-80
1.735184112693786e-80
1.6578293070229525e-80
2.295079155004946e-80
1.99469905741781e-80
2.592095113907948e-80
3.1400641825238787e-80
3.3382550896485212e-80
3.608702569554645e-80
4.44282879196489e-80
4.2786084097883274e-80
4.7887861790726175e-80
5.538988192704113e-80
6.155739551196302e-80
5.7514913693915825e-80
5.917298029142526e-80
7.758831367453493e-80
9.218749287266025e-80
8.349926087659735e-80
8.505440089050535e-80
8.313465276258088e-80
1.008760593122973e-79
1.0982660962922475e-79
1.1409460236228921e-79
1.4550756252706648e-79
1.7917540338742906e-79
2.148952038680387e-79
2.184308326485207e-79
2.6755329177664828e-79
2.707418814216495e-79
2.995923614905217e-79
2.883999823540125e-79
3.0113523439037325e-79
2.748539762966873e-79
4.758341184187953e-79
4.9773105092267987e-79
5.650300116958925e-79
7.724167909458463e-79
8.002338586139566e-79
8.462040682590546e-79
9.619130716678784e-79
9.003442899004858e-79
9.334609016230496e-79
1.0006336982258061e-78
1.3167225489066783e-78
1.4132877057429362e-78
1.6861138100735357e-78
1.8747861626085779e-78
2.192433699976379e-78
2.195289430724669e-78
1.982865747911643e-78
2.2874030380998263e-78
3.152818746988524e-78
3.617647260062562e-78
3.6232100761284317e-78
3.607459216948102e-78
4.762373055202932e-78
5.120258316584225e-78
5.245473347673068e-78
4.714076088127969e-78
4.51201266450174e-78
5.212254230240352e-78
6.313264568915058e-78
6.502568343076818e-78
6.764630053140376e-78
6.960361818345157e-78
9.059321060223598e-78
8.620047963584352e-78
1.0262174641940269e-77
1.021338360831664e-77
1.0674664211434822e-77
1.1082349762175558e-77
9.819580611592357e-78
1.0984869975263853e-77
1.2253916816903495e-77
1.236727271425839e-77
1.308141741743871e-77
1.2933796508940845e-77
1.3631587407146357e-77
1.5212946239135187e-77
1.7683429694775164e-77
2.021853935191988e-77
2.2486155913403054e-77
2.3848314881229104e-77
2.500000326023561e-77
2.4242355237460334e-77
2.2607293484471425e-77
2.3133659484874226e-77
2.6058934974527828e-77
2.742141053335376e-77
3.0912824040998996e-77
4.15117374356018e-77
4.854902840187737e-77
6.553639317061462e-77
6.566914347567779e-77
7.342077071422321e-77
8.251223693601521e-77
7.805731026255782e-77
9.40963049181401e-77
1.0195284388962166e-76
9.942527830364677e-77
1.3133918398066558e-76
1.4497850218809766e-76
1.576150354881058e-76
1.8904205604871077e-76
2.3026581141590184e-76
2.56756500813047e-76
3.0812621848877146e-76
3.5128735240109305e-76
3.340342987494912e-76
3.4025851574329136e-76
3.2944314762371426e-76
3.470839674723143e-76
3.830453564695024e-76
4.237412967135294e-76
4.739896468206497e-76
5.235735001820978e-76
5.698673213086892e-76
5.915539113609536e-76
6.151515025497783e-76
5.642445806909165e-76
6.123498141658736e-76
7.945382535062901e-76
8.910372627437446e-76
9.857935171330925e-76
1.098288831305258e-75
1.1669815354531433e-75
1.0014814308017973e-75
1.0123383916185395e-75
1.159174792517177e-75
1.0354373826303961e-75
1.1190291622250433e-75
1.1150768906503178e-75
1.3136561921077342e-75
1.2051806781664247e-75
1.352228667440637e-75
1.404593157931798e-75
1.6398387288321369e-75
1.9638509583552655e-75
2.0132456626044627e-75
2.1676266095610304e-75
2.5360057322201355e-75
2.9533276480238864e-75
4.191113791007364e-75
5.088310952710366e-75
4.939965279837074e-75
4.97556048116452e-75
4.768583325468985e-75
5.09300142152801e-75
5.29741499704037e-75
5.490233652603955e-75
5.762522681704814e-75
6.846154113516211e-75
7.534118624339876e-75
7.157715616390116e-75
6.816869250387143e-75
7.756868146059125e-75
8.480287421864379e-75
9.405799717892646e-75
1.1175101046046317e-74
1.1471187289456146e-74
1.1395222100697246e-74
1.4444701250474172e-74
1.6337563541644406e-74
1.5160356692376455e-74
1.813734629549914e-74
2.012462749712353e-74
2.424205149369296e-74
2.3427555638772424e-74
2.590799616472778e-74
2.3595939230582853e-74
2.3227456596324566e-74
Acceptance rate: 0.11450000000000027
1.6041989219324155e-74
1.886304296843141e-74
2.536333442117155e-74
2.655962294333338e-74
2.835014920177097e-74
3.741773166082065e-74
4.762329148855042e-74
5.0878900818399144e-74
5.499591890291042e-74
6.1745145198780456e-74
5.504438906324849e-74
5.942732792625743e-74
5.713305363439873e-74
5.7980292182568086e-74
6.791208739451933e-74
7.382501837580035e-74
8.441421918751985e-74
9.259271864309125e-74
8.706298014788872e-74
1.0352817917648102e-73
1.0238774748332754e-73
1.1248483510599306e-73
1.2696765383905574e-73
1.5253543997167757e-73
1.7424403820178617e-73
1.8655052372553757e-73
1.645677227131846e-73
1.9936893757338466e-73
2.1342961709400187e-73
2.799127920038463e-73
2.8163066902139916e-73
2.676073656545659e-73
3.0396601376728016e-73
3.386527048360965e-73
3.1510033657169995e-73
3.266816785165433e-73
3.598849853457101e-73
4.1051635585233797e-73
3.9622730582597806e-73
4.044745458995031e-73
3.793634985229816e-73
3.7808565005141744e-73
3.956692772239706e-73
4.1975686437902335e-73
4.529942903755895e-73
4.9105264119824765e-73
4.8675538131106136e-73
6.292469512582291e-73
8.2275717321314e-73
8.169459940800001e-73
7.664318733317617e-73
9.543234605445284e-73
1.2083070214381785e-72
1.655113140754229e-72
2.0157841287411822e-72
2.0388891240630728e-72
2.3434698346477714e-72
