/scratch/users/yanlan/TroubleShooting/MCMC2/Output/AM_PM_ET_233_390_00
1.1997082492820549e-06
6.344551086808627e-07
3.277612199822605e-07
1.6398638735692584e-07
8.131985901234594e-08
4.0162736015239184e-08
1.9807391778511852e-08
9.769437949306877e-09
4.823366173917751e-09
2.385160530277044e-09
1.1817550179369251e-09
5.867820296307788e-10
2.9202796827278523e-10
1.4568124977159937e-10
7.285014749356854e-11
3.651816356553998e-11
1.834996006905525e-11
9.242710667756826e-12
4.6664659021744135e-12
2.361484898842764e-12
1.197767926558508e-12
6.088798632926859e-13
3.1020038064688683e-13
1.5837436329102835e-13
8.102877599943672e-14
4.154183119523089e-14
2.1340486822596758e-14
1.0984392388496591e-14
5.6647648534662675e-15
2.9268698482621365e-15
1.51503484789744e-15
7.856371630278285e-16
4.081169093211601e-16
2.401542668596743e-16
1.4417056897548732e-16
8.439318105418356e-17
4.8524804219048616e-17
2.7535604197917853e-17
1.547013167810466e-17
8.624851129607904e-18
4.779621776882215e-18
2.6361311706881603e-18
1.448417077854773e-18
7.934218585521942e-19
4.3357292244765216e-19
2.364723692558239e-19
1.2877532926823526e-19
7.004259377203999e-20
3.806170090037286e-20
2.0668567797320183e-20
1.7237069308551614e-20
1.3032550639449029e-20
8.93782030725367e-21
5.7600632469908324e-21
3.572410406690469e-21
2.1585978631017685e-21
1.280128632396973e-21
7.486351741668274e-22
4.331418959805406e-22
2.485060742169844e-22
1.4162177889663158e-22
8.027292681458459e-23
4.529889651961544e-23
2.5469922141103797e-23
1.4277864428950022e-23
7.983941596464535e-24
4.455260917726871e-24
2.481891918435976e-24
1.3806199374544874e-24
7.671049962791186e-25
4.258107679915554e-25
2.3617732123769575e-25
1.3091430601776762e-25
7.253070537754843e-26
4.016922146192781e-26
2.2240574141409956e-26
1.2311712140595064e-26
6.81467048267562e-27
3.771856893519719e-27
2.0877377657691404e-27
1.1556610275790828e-27
6.397929865674001e-28
3.542593563999128e-28
1.9619698454503327e-28
1.0868433452224174e-28
6.022240100650292e-29
3.337929189027837e-29
1.850692581353441e-29
1.0264519046221757e-29
5.695057536662822e-30
3.230664849451722e-30
2.1523769157349807e-30
1.3804770589929312e-30
8.625710292218463e-31
7.286890884723728e-31
5.782433296080043e-31
4.112841559284128e-31
2.7534187476154445e-31
1.7740265529639572e-31
1.1133208398142418e-31
6.854724503265101e-32
4.1600950265369795e-32
2.496628723377203e-32
1.4850419039725636e-32
8.76989456413795e-33
5.148502306363802e-33
3.007693456086192e-33
1.7498352011650083e-33
1.0144934614786837e-33
5.864304676486744e-34
3.3813199010048976e-34
1.9454267202606023e-34
1.1172085116527999e-34
7.227647959513966e-35
5.200490201692165e-35
3.52075017703332e-35
2.2933944614133844e-35
1.4548300860185374e-35
9.052837420251114e-36
5.551845014251812e-36
3.36642281756077e-36
2.118983757080275e-36
1.764832188499704e-36
1.2959551858535041e-36
8.897680989539944e-37
5.859180498523252e-37
3.7505149034814047e-37
2.3522275936253355e-37
1.4527985012579218e-37
8.866757030478822e-38
5.360674879642198e-38
3.2162527643724036e-38
1.9175542121898234e-38
1.1372853863549404e-38
6.715479952623616e-39
3.950579667897329e-39
2.31663398939595e-39
1.3547593955168616e-39
7.903838094549221e-40
4.601742506198355e-40
2.674432701373632e-40
1.5519081439271821e-40
8.993142016095203e-41
5.205263260188572e-41
3.0097118540544796e-41
1.73866229755119e-41
1.0036076447562144e-41
5.789160341306799e-42
3.3374101098384386e-42
1.9230081662143205e-42
1.1075457029020149e-42
6.376455273627395e-43
3.669943747313592e-43
2.111663453883616e-43
1.2147747691275624e-43
6.987006921731515e-44
4.01816506707574e-44
2.3105791087935117e-44
1.328569454558428e-44
7.638897271515047e-45
4.3920934343514643e-45
2.525326066383985e-45
1.452037806384402e-45
8.34952388670024e-46
4.801498817371952e-46
2.76140806573566e-46
1.5882896288848069e-46
9.1365091588671e-47
5.25639494278141e-47
3.024530239258773e-47
1.7405833889518373e-47
1.0018507274406851e-47
5.767484494764418e-48
3.3208457915353766e-48
1.9124634851451898e-48
1.4361238417655894e-48
1.0278603517767097e-48
7.004867337190592e-49
4.621502266785212e-49
2.9797907754561684e-49
1.888726974102366e-49
1.1815181596110198e-49
7.314658416993756e-50
4.49054178637085e-50
2.7378252371317737e-50
1.6596469596632757e-50
1.0012024204374356e-50
6.015040048655255e-51
3.6009798051157825e-51
2.1492065948353833e-51
1.2793386103569336e-51
7.597827504082002e-52
4.503128841714769e-52
2.6641994850329017e-52
1.573758784098486e-52
9.28342191495106e-53
7.1180682892755205e-53
6.398283441429428e-53
4.944853332564306e-53
3.539307545267009e-53
2.4183597879441624e-53
1.6019137937902991e-53
1.0378401458124707e-53
6.613413621403967e-54
4.160597000151474e-54
2.5910014587890127e-54
1.600292543682793e-54
9.817050567520145e-55
5.988230840512772e-55
3.635250960116929e-55
2.197834643792182e-55
1.6659246230738516e-55
1.3640515678365511e-55
1.0094873183546788e-55
7.054661384491036e-56
4.751588114012133e-56
3.1193412513938133e-56
2.0096177291767108e-56
1.276230039834425e-56
8.013946118192756e-57
4.9868565234564173e-57
3.0802378704315305e-57
1.8908772469679715e-57
1.1547532067776922e-57
7.021012394136164e-58
4.252732705017127e-58
2.56754423058192e-58
1.5457341423900867e-58
1.1712935172732061e-58
1.033894375073741e-58
7.960979656516172e-59
6.241775808645703e-59
4.75066668811908e-59
4.281886555951803e-59
3.651539266013283e-59
2.7668808638412394e-59
1.9658403818777288e-59
1.3413141450408814e-59
8.901552336765943e-60
5.789621930544098e-60
3.708583372570111e-60
2.347407508817888e-60
1.471717373460212e-60
1.3395065201884128e-60
1.1381084615336622e-60
8.618292950717708e-61
6.126744850091331e-61
4.185275118736453e-61
2.937703272403203e-61
2.3057293975047825e-61
1.6744703490544045e-61
1.1603131785783073e-61
7.792169550035403e-62
5.1170809947364125e-62
3.3045948969988944e-62
2.1066346008669814e-62
1.3291997812791625e-62
8.316952831491804e-63
5.168267737646507e-63
3.1931636551119674e-63
1.9632576616135943e-63
1.202046793313014e-63
1.089110273165976e-63
9.82500286699372e-64
1.3282309241430046e-63
1.1571315209907425e-63
8.395767612345042e-64
5.8216631076145255e-64
3.915529536407838e-64
2.5765461488988345e-64
1.667864563757973e-64
1.0659951574782318e-64
6.744457241437675e-65
4.232137146765178e-65
3.390110142527689e-65
2.8958101108324356e-65
2.206228008797121e-65
1.7612725818611438e-65
1.3531615599522956e-65
9.73130972188989e-66
6.71484667108531e-66
4.747812319693589e-66
4.2126029779251715e-66
3.1476924368620576e-66
2.2266043982990287e-66
1.5199789903348113e-66
1.0697885691016884e-66
8.271571470934989e-67
7.13814782015814e-67
5.443466098361239e-67
3.9007204764089757e-67
2.687168782895979e-67
1.8015573645857992e-67
1.2114140452620696e-67
8.498594649674716e-68
5.772113674517211e-68
3.831085815873256e-68
2.4994867734160847e-68
1.6092302077253986e-68
1.025208548007304e-68
6.475864192774859e-69
4.061847177201684e-69
2.532730747512969e-69
1.57139866458706e-69
9.707993520802447e-70
5.975485971311046e-70
3.666295526931024e-70
2.2431944881169707e-70
1.3691108953673072e-70
8.338105436367507e-71
5.068273469837193e-71
3.075450374422518e-71
1.863345505505169e-71
1.1274151112919306e-71
6.813047114216179e-72
4.3866879943040347e-72
4.1787469019470846e-72
3.3642542050825196e-72
2.4932822590405317e-72
1.7588714224948746e-72
1.2008744162773333e-72
8.01081945942886e-73
5.2521965464713735e-73
3.397827182398362e-73
2.1749821590399548e-73
1.3803053903655309e-73
8.697868957401573e-74
5.448425453339681e-74
3.395816172074132e-74
2.1074041334229032e-74
1.3029812678092796e-74
8.030194051468694e-75
4.934997923023942e-75
3.025301373549911e-75
1.850531215445926e-75
1.1297376069425533e-75
6.885011486127292e-76
4.1894591282868765e-76
2.5457019610668504e-76
1.544952069009851e-76
9.365578606143433e-77
5.671716118265633e-77
3.4316062430074637e-77
2.0745397466332973e-77
1.2532038262700719e-77
7.565334757534571e-78
4.564244454743397e-78
2.752131120262347e-78
1.6586381461234942e-78
9.991650411384608e-79
6.016511752952327e-79
3.621525308853622e-79
2.1791808918812042e-79
1.8134287648182083e-79
1.5600191097250497e-79
1.13790017725722e-79
7.910755518255992e-80
5.355351587550983e-80
3.555537713120671e-80
2.32583910493296e-80
1.5038053069279255e-80
9.632306449978697e-81
6.122498464540409e-81
3.866740261377229e-81
2.4289249829103277e-81
1.518732591363278e-81
9.458567668170501e-82
5.870491847313793e-82
3.6326018096786677e-82
2.2418872469878584e-82
1.8553016035554672e-82
1.4305987763194556e-82
1.037734925554392e-82
7.240503152130802e-83
5.626559132628714e-83
4.9894598556011256e-83
3.906602537494078e-83
2.8607177964048906e-83
2.088312923607041e-83
1.5050401337086896e-83
1.0458665376893785e-83
7.0851275414851355e-84
4.710561741680821e-84
3.0871600642718223e-84
2.0004400935504388e-84
1.2844620607618075e-84
1.0240466986880635e-84
7.547053253940294e-85
5.267184667841816e-85
3.580441353590469e-85
2.3872749857222525e-85
1.5684240126313885e-85
1.0185598410335232e-85
7.608578591628128e-86
5.804808754473139e-86
4.188706309769404e-86
2.9153392619282365e-86
1.978440835991733e-86
1.31783571447456e-86
1.2833210926135613e-86
Acceptance rate: 0.010499999999999995
8.357448570346007e-87
6.846624510413666e-87
5.083083109939458e-87
3.6064998003140075e-87
2.4818830732122017e-87
1.6709043644687197e-87
1.1065306327614411e-87
8.840460230712372e-88
7.90174116654165e-88
6.225513115986316e-88
4.5842552011276907e-88
4.887129454118114e-88
4.543402216460219e-88
4.0061878983477687e-88
3.1857932543831445e-88
3.0735148472436825e-88
2.3605662760719875e-88
1.7983165952382024e-88
2.325739329965182e-88
2.2505869839954877e-88
1.9706729283633956e-88
1.6358918928670147e-88
1.1975440217770831e-88
1.2712106827667397e-88
1.465750802092796e-88
1.2828895428618418e-88
1.081967999465167e-88
1.2916152066899256e-88
1.1297310307335662e-88
9.512837925225118e-89
7.887754895445134e-89
9.536884559872593e-89
8.700463856608347e-89
6.933728783472302e-89
6.037180078005806e-89
6.260495056557125e-89
5.713308550255639e-89
4.739015448310629e-89
4.370224068341546e-89
3.417286798371371e-89
4.054791835497732e-89
4.66750488722409e-89
4.2664211653941616e-89
4.430383122870658e-89
4.190120582885132e-89
3.888885969478893e-89
3.689367419473723e-89
4.197924553986658e-89
3.795351369816693e-89
4.1666702221936134e-89
4.3975577507256246e-89
3.826983806278618e-89
3.4560758102202516e-89
2.9148819120462208e-89
3.423531946339789e-89
3.881804233657978e-89
3.491951527553939e-89
3.1913427035286985e-89
3.0891582316185303e-89
2.5335438182798837e-89
2.7226045071633415e-89
2.808593472862053e-89
2.6580514368571315e-89
2.4540097515534e-89
2.3001521673560155e-89
2.124687254539365e-89
1.8572374934861514e-89
1.4711531193767524e-89
1.4996458656980045e-89
1.259162293302904e-89
1.4144623062130812e-89
1.4006924345909134e-89
1.3531748312935122e-89
1.1287719610913801e-89
1.2891210848287555e-89
1.3552054006079684e-89
1.2459780896710156e-89
1.0960811807333017e-89
1.231399280366041e-89
1.2241476979667353e-89
1.1185365976965275e-89
1.0110175369858956e-89
8.84551889946613e-90
1.0168479758445284e-89
9.162834465792582e-90
8.577076295653882e-90
9.18843165960031e-90
9.369069372961209e-90
1.0884399886543972e-89
1.08219769494871e-89
9.069534286940348e-90
6.945909728335356e-90
6.725469755714272e-90
6.5963228293122e-90
7.175064274386195e-90
7.957310061144396e-90
7.565447028284665e-90
9.193475625538902e-90
8.843889841010363e-90
7.905342907591618e-90
7.284495019063609e-90
7.0284651302569036e-90
7.0835256887340815e-90
6.9248093141868575e-90
8.902044669189882e-90
1.2050061668707382e-89
1.2851160079956526e-89
1.3336769232739186e-89
1.7978237083570803e-89
2.008497072049639e-89
1.8637585061804568e-89
1.958681235404895e-89
2.172991646267463e-89
2.340394703355294e-89
2.3720447352052337e-89
2.642746500076278e-89
2.897289307809604e-89
3.1249424695558853e-89
3.237207912824626e-89
3.5402258214157085e-89
4.2166784080227765e-89
5.517020444869472e-89
5.176678754696022e-89
5.621930017496397e-89
5.4961858248443696e-89
6.242512801074626e-89
6.540618170482511e-89
7.280182488287764e-89
7.401078134516643e-89
7.76013588016032e-89
7.847377712262797e-89
7.317388412745912e-89
8.508559036858667e-89
8.948839278378177e-89
9.198204706586847e-89
1.0860000274334406e-88
1.204110676089539e-88
1.0729621187008484e-88
1.0990938891300302e-88
1.0525739374332282e-88
1.2070597755245619e-88
1.4909603064437372e-88
1.472538205998339e-88
1.4417188698357298e-88
1.6625696492893195e-88
1.4693767294011957e-88
1.874435851463911e-88
2.1489479200959722e-88
2.550990100073944e-88
2.802456227545251e-88
2.947307919584915e-88
3.2227647563480964e-88
3.10184935116746e-88
3.3761615671085134e-88
3.723887480125895e-88
4.7059239542482954e-88
4.911297095531541e-88
4.761348650458241e-88
4.996424914771445e-88
6.375662683603476e-88
7.911378166434123e-88
1.00758210394371e-87
1.1208233939180163e-87
1.1448519069095886e-87
1.2650793792342795e-87
1.5070156310473702e-87
1.3393753984236653e-87
1.6973767149258082e-87
1.8700830622616697e-87
2.1826007193655224e-87
2.861696657157585e-87
2.7811851337907816e-87
3.864662176363584e-87
3.744004507010868e-87
3.7093356499240566e-87
3.879941686583801e-87
4.9503626148109875e-87
5.892569987208272e-87
6.606004490412873e-87
8.183683891792603e-87
1.0047522959446467e-86
1.1871425389383254e-86
1.2788236259248752e-86
1.6780746648696452e-86
2.124058582125671e-86
2.4871270580347428e-86
2.68379004144995e-86
2.7717071711771407e-86
2.9662160949785546e-86
3.368846867070736e-86
3.773117837426439e-86
4.288560009743973e-86
4.2276216608445874e-86
4.90484786020663e-86
6.302317439723943e-86
7.022003695272712e-86
8.051430829024382e-86
7.9747944569485e-86
8.295745237670996e-86
9.98703748873005e-86
1.0044262516496327e-85
1.1046566053030065e-85
1.0391603819247513e-85
1.1476968079212049e-85
1.1316890749682116e-85
1.1053626058490852e-85
1.1212504597227087e-85
1.4768800786606156e-85
1.5468612227792829e-85
1.5537081031748826e-85
1.724040157151065e-85
1.879620677827415e-85
2.1325632151925725e-85
2.5024401186838344e-85
3.339263801834312e-85
3.6268084382518546e-85
3.915633767978051e-85
4.5499234105117215e-85
4.2896293679024725e-85
5.392512783189599e-85
6.706091844776066e-85
1.0026886172281545e-84
1.386625138244125e-84
1.6613724537381758e-84
1.5355284265484524e-84
1.3252670391337263e-84
1.4421210525675154e-84
1.3324595328295117e-84
1.0830046640496224e-84
9.837250477410222e-85
1.0907276775615852e-84
1.1713142264840482e-84
1.069315290081023e-84
1.2492768324787437e-84
1.2454766871950101e-84
1.3696296972694316e-84
1.4182463764139674e-84
1.2807396939511337e-84
1.2445042178515687e-84
1.4052801044155114e-84
1.4487819072829215e-84
1.5098892064502703e-84
1.6594092843715494e-84
1.8054949082960658e-84
1.7561132591676408e-84
1.518558759253338e-84
1.7319053331883997e-84
1.774790804319231e-84
1.623041387355089e-84
1.5023237882199572e-84
1.3204032030060275e-84
1.4454152372494022e-84
1.4288287163045957e-84
1.3181823855327943e-84
1.205079771927019e-84
1.2035039427285445e-84
1.0758076001040939e-84
