/scratch/users/yanlan/TroubleShooting/MCMC2/Output/AM_PM_ET_215_367_00
1.2085223345561926e-06
5.46434917460634e-07
2.6714203107659613e-07
1.4017346006377467e-07
7.171125077269534e-08
3.620579516746567e-08
1.8150983730266272e-08
9.06653307511435e-09
4.521587646409647e-09
2.5899193788854186e-09
1.572611498063468e-09
8.274749182362963e-10
4.3160746017185606e-10
2.238132754464339e-10
1.1561087207309442e-10
7.809363992351564e-11
5.166557387512492e-11
3.1641777136654837e-11
1.869266246801469e-11
1.068545215566349e-11
8.476615445318422e-12
5.827418673997497e-12
3.6653521336619574e-12
2.1924126628409833e-12
1.2767195234218678e-12
7.297234840485588e-13
4.09963854669365e-13
2.2746506018390016e-13
1.2504226846476396e-13
6.825790787896918e-14
3.706107185138048e-14
2.0039496348134492e-14
1.0801112860605697e-14
5.80739708518599e-15
3.1165745250602047e-15
1.6701593730708192e-15
8.940991801957669e-16
4.782929202035491e-16
2.5573621305587925e-16
1.3670087913365138e-16
7.306457170899933e-17
3.9053700863935085e-17
2.0878083881990663e-17
1.116444420396708e-17
5.972272330701337e-18
3.1961732612059455e-18
1.711340930920641e-18
1.1507776517579406e-18
8.082123891644508e-19
5.273280697418427e-19
3.291386437341691e-19
1.9948580537060743e-19
1.2377063639194316e-19
8.429960338531135e-20
5.415753222532408e-20
3.3531607752227575e-20
2.024330612407614e-20
1.2000508678870353e-20
7.55337361017339e-21
5.651557479307325e-21
3.845954690011839e-21
2.4668769127230827e-21
1.529569427043707e-21
9.263311828333614e-22
5.514481050508203e-22
3.2404554708135568e-22
1.8850950371130976e-22
1.087919495898187e-22
6.238413554826567e-23
3.558629574733575e-23
2.0212782660680948e-23
1.143996001157147e-23
6.455595176750533e-24
3.6338957443557585e-24
2.0413025710239565e-24
1.1446864651489686e-24
6.4096224762630945e-25
3.5846685913580114e-25
2.0027419578762173e-25
1.1179868547074913e-25
6.236630765661985e-26
3.4771405060279277e-26
1.9377744795762472e-26
1.0795349362822085e-26
6.012582258325541e-27
3.3481895674139524e-27
1.8642905789392735e-27
1.0380020040823465e-27
5.779460318745481e-28
3.2181165580323816e-28
2.303568588051807e-28
1.9407296137047292e-28
1.4192209035768623e-28
9.64784451980572e-29
6.273590448086115e-29
3.959862559434712e-29
2.4469844247100148e-29
1.4883965317659296e-29
8.943842258484534e-30
5.323081054087948e-30
3.1437734487320478e-30
1.8450278908863233e-30
1.0771893931031169e-30
6.26169155753334e-31
3.964526000054324e-31
4.038251350200198e-31
3.2089565379783373e-31
2.2916917828731507e-31
1.5420740624211017e-31
1.4260788371868582e-31
1.2033201810789667e-31
8.994137561408192e-32
6.222221508799601e-32
4.1087746449094174e-32
2.6303940943491553e-32
2.2883007565509822e-32
1.8535054681461758e-32
1.340327398594153e-32
9.107218586654113e-33
5.9499551890443886e-33
3.784044718260224e-33
2.3600710956776353e-33
1.4504289807137764e-33
8.812317439597865e-34
5.3054170481462225e-34
3.1705394654222216e-34
1.8832126628655859e-34
1.1129089724348667e-34
6.54882894517507e-35
4.1163326299508153e-35
3.2141761205367037e-35
3.369651449147767e-35
3.2944479799916927e-35
2.6010394160412504e-35
2.0111317499948832e-35
1.425140772539722e-35
9.595419943228177e-36
6.696326372573649e-36
4.994161511558024e-36
3.4702330213831375e-36
2.8975014303657847e-36
2.2530496632608694e-36
2.4681212095747752e-36
2.6706022799647677e-36
2.1946576556425804e-36
1.609153125152043e-36
1.1082727059001686e-36
7.337570620402742e-37
4.72818806360091e-37
5.5889185153265345e-37
5.132056217662975e-37
3.967560557500866e-37
2.8204123229598866e-37
3.2307694301745228e-37
2.9001854095800016e-37
2.5796248728709713e-37
1.9687092791083946e-37
1.390569543090643e-37
1.2076158228027656e-37
1.0454625507357536e-37
9.033772740968092e-38
7.555724750391234e-38
5.785334935313339e-38
4.0980185806007987e-38
2.9450124872499323e-38
2.2219779653546748e-38
1.8145230770298426e-38
1.331750607036211e-38
9.818780220633204e-39
8.429941762578566e-39
7.547192034884234e-39
6.518740086173253e-39
5.00363067027336e-39
5.017974386242898e-39
4.5669140686603917e-39
4.267342883138007e-39
4.2998061754468687e-39
3.5681507043591416e-39
3.666868509571952e-39
3.0960560716443224e-39
2.3160100571753355e-39
1.6941300351658124e-39
1.5045999068346e-39
1.1652234638974598e-39
9.874247628693935e-40
1.1254983791074955e-39
9.910098662167132e-40
9.334518337186253e-40
8.880497964741325e-40
1.0095327965636107e-39
9.693907077752219e-40
9.28851712695865e-40
8.169037742730112e-40
8.774875070325972e-40
8.45992137908719e-40
8.370321934210447e-40
9.647727863301282e-40
7.633752458973325e-40
7.240585394758334e-40
5.8328395338445e-40
7.169866651349182e-40
7.49617143204893e-40
6.665459923456572e-40
6.171685603598572e-40
5.520200509804083e-40
5.929707602371088e-40
6.046208498335494e-40
5.6483388471348366e-40
5.219935936534947e-40
4.6272504075920804e-40
4.7252292401650695e-40
4.116171776611716e-40
4.054720155779136e-40
4.047507784982996e-40
4.369094883118102e-40
4.260393968292269e-40
3.6732484007113486e-40
3.4405850779240886e-40
3.175413510513439e-40
3.252576363780797e-40
3.468006758942537e-40
3.1365915783951692e-40
3.7219787195259946e-40
3.700640167783693e-40
3.417749276503341e-40
4.706608171269987e-40
4.891070193915226e-40
4.260078657765671e-40
4.239740073142916e-40
3.773292224086456e-40
3.7982121362620534e-40
4.297210848712785e-40
4.3279306110626515e-40
4.575874472320227e-40
4.908322478368983e-40
5.127616717695169e-40
4.52673891665484e-40
4.395593631065454e-40
4.513915091204832e-40
5.26512633689607e-40
6.091354021069659e-40
6.7991611937835245e-40
6.585880319429128e-40
6.277152008584949e-40
5.577794352937352e-40
6.568808126707617e-40
7.024039708544525e-40
5.6848274341460465e-40
6.006731200890802e-40
6.472929688699383e-40
6.200428881197749e-40
7.218617214885021e-40
7.071131681367474e-40
6.846520020168555e-40
7.075463669463156e-40
7.554639310476008e-40
6.814729462653197e-40
8.225966097335735e-40
8.359212993624664e-40
7.915132218459434e-40
8.476574126845783e-40
7.93061830230583e-40
7.485580730310167e-40
6.415749979643605e-40
6.506299699962063e-40
7.507770192627938e-40
7.964146724897633e-40
8.701661609115558e-40
8.033300072350191e-40
1.0398926631296377e-39
9.860207689566905e-40
1.0500651992180104e-39
1.2145379450729185e-39
1.648684949367311e-39
1.887110283835274e-39
2.0216839876419855e-39
2.15496681380999e-39
2.3186712146215006e-39
2.8418627214302175e-39
2.717972227067636e-39
2.4348059878574522e-39
2.449420454199312e-39
2.8414347376690922e-39
3.209458128131618e-39
2.9900516777774176e-39
2.977093940938789e-39
3.4417012296704324e-39
3.4284623227348705e-39
3.601059119779238e-39
4.073342632945459e-39
5.072520188994236e-39
5.71964960714767e-39
6.399337685551211e-39
7.261156870995649e-39
6.688441565476951e-39
7.801095195086946e-39
8.420097167855733e-39
7.957633527114096e-39
8.170742990058858e-39
7.794381878053022e-39
8.613899072812038e-39
8.779336357801454e-39
9.330231618034365e-39
9.554559566093922e-39
1.0651655334263216e-38
1.0914711127441103e-38
1.1548878228188851e-38
1.1161615301172639e-38
9.976033788661846e-39
9.929385158211529e-39
1.1009680097457671e-38
1.2484872110916152e-38
1.273245336916275e-38
1.2731287221615966e-38
1.4167933073771843e-38
1.4502904383378306e-38
1.653326185966012e-38
1.7441074101447463e-38
2.2095128551998888e-38
2.3824245788208597e-38
2.633488475414192e-38
2.749350248179527e-38
2.8892725495866215e-38
3.412201454239751e-38
3.44260973416266e-38
3.8018722626987056e-38
4.2613892318904425e-38
5.584008125007243e-38
6.350624066863809e-38
6.429027230056195e-38
6.611754610091888e-38
6.147071569317222e-38
5.544220179238463e-38
6.668317469083866e-38
7.60804719699028e-38
7.425155975328984e-38
7.675185595672566e-38
7.026790301432683e-38
7.03441248544213e-38
7.553107836415373e-38
1.0490120996134817e-37
1.0331289238084317e-37
1.0280925630882405e-37
9.66654890493757e-38
1.1216720550514937e-37
1.1422525112117513e-37
1.2765697225602257e-37
1.4545868121114706e-37
1.669180131335549e-37
1.9019501625360225e-37
2.1311522916730693e-37
2.18628584327392e-37
2.408014433916507e-37
2.8013015422570956e-37
2.931081121973708e-37
3.6235710671717285e-37
4.427973001835455e-37
4.30233331542828e-37
4.869012895090913e-37
5.796625029556928e-37
5.986172328046826e-37
6.821766963711055e-37
6.477759293587573e-37
7.208979349891646e-37
7.4981143047970695e-37
7.596701138329974e-37
7.5731133208305e-37
8.809403778323458e-37
8.07197501271952e-37
8.721062372498499e-37
8.164331315084268e-37
8.279804082863762e-37
8.750281512860612e-37
8.489502900505579e-37
8.235423909984041e-37
8.991204987962353e-37
8.473180965627943e-37
8.157435906765627e-37
1.032258370304615e-36
1.1023112455909318e-36
1.0681110049204769e-36
1.303802192096819e-36
1.172339510924591e-36
1.084130820066492e-36
1.2290383830679788e-36
1.2413693194407922e-36
1.1802539868735306e-36
1.365096415051549e-36
1.469622052403012e-36
1.7070708864341368e-36
1.7976830914895593e-36
2.127242991928732e-36
2.5633784767961697e-36
2.9372412632199498e-36
2.8786046584978883e-36
2.866144160245147e-36
3.0452643906040975e-36
3.053870384563624e-36
3.821305999917182e-36
4.202444696417627e-36
Acceptance rate: 0.19625000000000006
2.965521919527319e-36
3.192239622407371e-36
3.018175653485801e-36
3.134729296099875e-36
3.0432493057813664e-36
2.7303732657160926e-36
3.1667596034119313e-36
3.583492514779575e-36
4.103920641724287e-36
4.725588021061917e-36
5.1570765096440624e-36
5.2517411068101864e-36
5.3621005976786455e-36
5.1934698601987856e-36
5.806441703772356e-36
5.9357640686192324e-36
7.118421776196432e-36
1.0169809253335493e-35
1.0595679627019889e-35
1.084101953343797e-35
1.3058047174783993e-35
1.4066533845255378e-35
1.533860395601109e-35
1.6970891422804698e-35
1.9305704768841194e-35
1.9659782504879138e-35
2.2047262963702554e-35
2.2060337095781277e-35
2.185420846786415e-35
2.8567230621045165e-35
2.8916515962308447e-35
2.862603059284937e-35
3.9696279235256754e-35
4.3639185314253636e-35
3.819451939458238e-35
4.891905726914949e-35
6.04857610375044e-35
7.654716585626823e-35
7.61914773867704e-35
8.290316701026376e-35
8.897356756301094e-35
9.323502878175939e-35
1.0667921147742544e-34
1.0825307645821698e-34
1.0023859587384945e-34
1.1079928078436163e-34
1.1746357906144409e-34
1.2942131083137752e-34
1.3364325346470594e-34
1.2696099129559388e-34
1.4565338314355273e-34
1.4292350150589049e-34
1.4482989673005462e-34
1.5657685925175546e-34
1.863188854093982e-34
2.1683055484052655e-34
2.1271136112966453e-34
1.9483145613194023e-34
1.9745671019334667e-34
1.9896791168476403e-34
1.9126628590071395e-34
2.4138125972930585e-34
2.5600032692093967e-34
2.971704482546079e-34
2.871592657948381e-34
3.2924744723215387e-34
3.2154087063704466e-34
3.422407501602442e-34
3.3292040152659827e-34
3.108184792472418e-34
2.94708535344409e-34
3.189679047547909e-34
3.3211913132149065e-34
3.440212627409591e-34
4.4691798331611544e-34
5.294077078635113e-34
5.7591288732517615e-34
6.36533613645325e-34
6.794385939121995e-34
6.7793285384140005e-34
6.165730047096363e-34
6.75218805170192e-34
7.825119251797359e-34
9.079937404050131e-34
9.037782788115496e-34
9.665706038672148e-34
1.0775321956006688e-33
1.1889145971010263e-33
1.2708838205599027e-33
1.4740626094145787e-33
1.4510847206861172e-33
1.664040382739126e-33
2.2959300113833294e-33
2.4422058966333326e-33
2.7031912130571628e-33
2.6823912903540257e-33
2.618642639355227e-33
2.7243179218060905e-33
2.582414663247131e-33
2.567181055183473e-33
2.6559547259380797e-33
2.8635832905050505e-33
3.115790385724604e-33
3.180132371777051e-33
3.139885831871842e-33
3.1572751431995464e-33
3.185192969084675e-33
3.0507317332394493e-33
3.4164372201090644e-33
3.8986250784404e-33
3.153676681887781e-33
3.712306034010177e-33
4.502744309991914e-33
5.1119750844348124e-33
5.774627649502283e-33
6.769679593592672e-33
6.604408113114129e-33
7.78697476824581e-33
7.724568595675565e-33
9.198230564767858e-33
8.145813256897782e-33
7.956105066309995e-33
8.292753771221114e-33
9.203226727943353e-33
8.23569453348522e-33
7.587485477764428e-33
8.787760050719466e-33
8.774021361031794e-33
1.0602472741926243e-32
1.3181463595771425e-32
1.3774669666852434e-32
1.6129240938268135e-32
1.6830428651596923e-32
1.609869208132793e-32
1.6030549712510662e-32
1.6391080323923222e-32
1.6216874027080295e-32
1.5690833235766737e-32
1.5815870417234368e-32
1.6781064529911303e-32
1.6621666960806535e-32
1.6313499089904682e-32
1.6290455610051847e-32
1.566267375804712e-32
1.7476554715846686e-32
2.1503445868230802e-32
1.9717468654092358e-32
2.0448382977435057e-32
2.5547319148747637e-32
2.758378954058655e-32
2.754723625071079e-32
2.688691446170441e-32
3.2108750593758357e-32
3.1725267508578185e-32
2.773253482714072e-32
2.8160338852395397e-32
2.737494017147483e-32
2.8084103866601356e-32
3.148215426879243e-32
3.2911819520000545e-32
3.143979480811967e-32
3.6524616635961377e-32
3.56681510845142e-32
4.667014793226222e-32
4.685297063912965e-32
4.632813360073442e-32
4.6898189971661304e-32
4.5997451318176234e-32
4.0752010046476564e-32
4.3433789686906243e-32
4.840051726550668e-32
5.34764114615533e-32
5.015764423398291e-32
5.623503471449577e-32
6.47976490829467e-32
7.018396270498489e-32
6.970657674820522e-32
6.874373934702553e-32
7.321110397441672e-32
7.429089075448294e-32
7.946147382629457e-32
7.607805051192565e-32
7.340800537674266e-32
7.089856641879156e-32
6.470631162161644e-32
5.916384516680927e-32
5.911554220875324e-32
6.241891085746431e-32
5.756345934349462e-32
6.064346895501674e-32
7.199279754489248e-32
8.634263798244344e-32
8.545638269386343e-32
9.527342418697423e-32
1.074903121436737e-31
1.3146505720684137e-31
1.4023825831303782e-31
1.3455137886585524e-31
1.3218674100261367e-31
1.2238720793834848e-31
1.0598266009101534e-31
1.0431697513650954e-31
1.2032280418754985e-31
1.2433038456834113e-31
1.456473642006405e-31
1.255711343003574e-31
1.3118610566987395e-31
1.4315666148740848e-31
1.5881379401624016e-31
1.6744695094518662e-31
1.5913626366482221e-31
1.5271676762682724e-31
1.442287097710425e-31
1.502794465302895e-31
1.3712340892133686e-31
1.520968592915961e-31
1.501119791322958e-31
1.4138074073089856e-31
1.7729192930455463e-31
1.6436447821144488e-31
1.9151976741377309e-31
2.0898094666587904e-31
2.5854480425106105e-31
2.7244147491293745e-31
3.244181013095171e-31
3.3738487069370753e-31
2.8436051710318023e-31
2.7364362735616155e-31
2.5604601428548844e-31
2.4446101600017127e-31
2.2651316531220938e-31
2.5674526310314605e-31
2.3427201979519765e-31
2.138049716665202e-31
2.2809577639087205e-31
2.2795259463007945e-31
2.1476104260134837e-31
2.0159143780811114e-31
2.3510530539308745e-31
2.643113907017938e-31
2.4071978511973527e-31
2.1290954742344564e-31
2.063653084688556e-31
2.329993719737499e-31
2.447579393458463e-31
3.141574271955572e-31
3.6613890378309957e-31
4.942782220366529e-31
4.391374616668137e-31
4.330459242413375e-31
4.251672281900636e-31
3.858536197793328e-31
3.5360113182883472e-31
3.213287325399466e-31
3.0580770448387404e-31
3.1160443063914836e-31
3.198435409714107e-31
2.851088160272e-31
3.0427913712195073e-31
3.2821734899532143e-31
3.513974286116588e-31
3.573220876896995e-31
3.364377347218092e-31
3.525019224067467e-31
4.4491576481838975e-31
4.225049702574687e-31
4.152740728492959e-31
4.004324472441006e-31
4.381730584723984e-31
4.220812415232301e-31
3.871272726817096e-31
3.435771619684369e-31
2.8899514610340207e-31
2.892046315898788e-31
2.8845348130008846e-31
3.2092046842444318e-31
2.9885259201562405e-31
3.3397990066064026e-31
3.6534632899560924e-31
3.890875923120057e-31
3.989529220797503e-31
4.335825545031898e-31
4.473226525660647e-31
4.602154016806121e-31
4.858652122700613e-31
4.801148677311323e-31
4.577600959763814e-31
3.9938092979818195e-31
3.989260700727388e-31
4.220666495909053e-31
3.5532940074887826e-31
3.481189674430711e-31
3.1764327763048606e-31
3.260966435495828e-31
3.2772151487874525e-31
3.5508235863190384e-31
3.6129187674644528e-31
4.108075187431852e-31
5.6877099738014184e-31
5.120890407409038e-31
4.511123327163743e-31
4.243619615619896e-31
3.9025520542876313e-31
4.188248621904578e-31
4.203151386451059e-31
4.961864174378367e-31
4.738789774448158e-31
4.979454512997059e-31
4.4338212484938705e-31
3.843189126268343e-31
3.5279616711832962e-31
3.297189806721476e-31
3.336592948306215e-31
3.048237566850943e-31
3.1465040028530915e-31
3.388929577212469e-31
3.1997943258194715e-31
3.1931059992476517e-31
3.062342777438491e-31
2.86564645464821e-31
2.6326146726348746e-31
3.047215911249032e-31
3.0254131038478523e-31
2.9518207316536852e-31
3.325192411882522e-31
3.574189713193252e-31
3.614576712857051e-31
3.514754223288353e-31
3.51853947129911e-31
3.5312364701549444e-31
3.5013628291979826e-31
3.020831962051472e-31
2.754839411758874e-31
2.913027603555332e-31
3.01498324591526e-31
3.3336259379988676e-31
3.134847730171655e-31
3.226010335324974e-31
3.499280479753213e-31
3.653216311012151e-31
4.029361810866158e-31
4.3256253884212995e-31
4.414486883432334e-31
3.7937950902303174e-31
3.4335467251656953e-31
3.2767949706806045e-31
3.463352834971174e-31
3.4194458850074368e-31
2.9179133213626145e-31
3.099154577154034e-31
2.913635789620577e-31
2.6364893496682612e-31
2.4614900442008728e-31
2.1470019028795833e-31
2.582184100471909e-31
2.5203767079564155e-31
2.9545041271497274e-31
2.9603750059991603e-31
2.9387891571035465e-31
2.869367216562476e-31
2.8876515509115963e-31
2.711801063421554e-31
3.4845767707440102e-31
3.4774805894243807e-31
3.615111624020971e-31
3.8495823588504053e-31
4.1035860157940015e-31
3.581826620704487e-31
4.414733970741012e-31
3.906539526942836e-31
3.559484455829166e-31
3.5672770904184337e-31
3.780729513406079e-31
4.763740154843106e-31
4.525834434848994e-31
4.165398156233688e-31
4.296732699703869e-31
4.564741858230336e-31
4.765354767988684e-31
4.354870066007234e-31
3.9433798298438583e-31
3.902465838982347e-31
4.403982341720292e-31
4.529257467946743e-31
4.735625833632408e-31
4.398746474812641e-31
5.162745108298003e-31
5.309104790462258e-31
5.425196775939899e-31
6.003078231795648e-31
5.9336135463349785e-31
5.87362337594339e-31
5.330514657981754e-31
4.641380675909257e-31
4.138906931354491e-31
4.219928374650072e-31
4.700497602996031e-31
4.326984286442501e-31
4.437202502544823e-31
4.8710954073353895e-31
Acceptance rate: 0.277625000000002
3.3940377625626346e-31
3.6007828886057014e-31
4.36367344713806e-31
4.470139718237455e-31
4.416508863656088e-31
4.878072476775772e-31
4.354887425620264e-31
3.6264706754136095e-31
3.208010619412595e-31
3.452568979254433e-31
4.079343774438785e-31
4.539416013168503e-31
5.391896001393999e-31
4.698953051422778e-31
5.290851544417842e-31
5.405396234522325e-31
5.640911228252787e-31
5.934593592383127e-31
5.715603931233888e-31
5.6834594529008875e-31
4.507987544914947e-31
4.859536110606444e-31
4.399812113173507e-31
3.5542997992438666e-31
2.6963608075387077e-31
1.9656381149943414e-31
1.3941027966614298e-31
9.690939623497194e-32
6.634308984412913e-32
4.487521161001974e-32
3.0061755953502476e-32
2.2235572474145284e-32
1.902307507937308e-32
1.4919514907112125e-32
1.1116099530207655e-32
9.238423886860044e-33
7.128776149592935e-33
5.256754168009275e-33
4.55050508711639e-33
3.7106377614702235e-33
2.831895050013985e-33
2.0733648415944836e-33
1.4754411109578772e-33
1.0284575960653326e-33
7.057242842001133e-34
4.783461973426528e-34
3.2103868022203564e-34
2.137240214185949e-34
1.41324165124512e-34
9.291837517526864e-35
6.079516741058808e-35
5.226628219929163e-35
4.298080959575286e-35
3.2976588962910306e-35
2.423469109134508e-35
1.729570382633887e-35
1.208432202986684e-35
8.30872621422403e-36
5.641521237460846e-36
3.792159623279726e-36
2.528125044349916e-36
1.673909129127914e-36
1.1019230995835792e-36
7.2181197187009244e-37
5.007397015359884e-37
3.6005822279284016e-37
2.530061230034015e-37
1.747438660723436e-37
1.1908743911876552e-37
8.029744332953801e-38
5.36744767503226e-38
3.562124446706284e-38
2.349752395551846e-38
1.5420461820990115e-38
1.4666943209408994e-38
1.5946794670732393e-38
1.2402492963970635e-38
1.1218689048501342e-38
9.353143023931637e-39
7.23821659402637e-39
6.572335842198974e-39
5.3992060803953026e-39
4.142884051246237e-39
3.04657858207967e-39
2.1763227387347622e-39
1.5222948783531496e-39
1.0479863603522284e-39
7.125226590177012e-40
4.796190101122015e-40
3.202098827393622e-40
2.123287136907817e-40
1.3998440554227453e-40
1.036521016162644e-40
7.441460063224688e-41
5.866961478187226e-41
6.160931508534496e-41
5.605921693379044e-41
4.549846472233677e-41
3.650592216321674e-41
3.003670154898788e-41
2.3078460380847463e-41
1.7215927748637115e-41
1.3551682463261215e-41
1.013530002712802e-41
7.328510631041711e-42
8.061773942424712e-42
7.139702825634536e-42
6.570554198891976e-42
5.440237418269243e-42
5.6079340282498435e-42
5.860570246227098e-42
5.880604690922751e-42
5.064814688133447e-42
5.5961820048133873e-42
5.637720216499522e-42
4.792124208645921e-42
4.724860667660112e-42
4.3607889133940906e-42
3.5241624331564494e-42
3.207599907143034e-42
2.484624689290364e-42
1.8398295389307727e-42
1.765475515033183e-42
1.692778042923363e-42
1.892061602368105e-42
1.7019223252003863e-42
1.3743186561231214e-42
1.0447844913499271e-42
7.642157047939927e-43
7.227846484254791e-43
5.623867236061851e-43
4.587318538400886e-43
3.872150197724625e-43
3.676635214188529e-43
3.756059080645932e-43
3.899142637263289e-43
3.365799750575156e-43
2.9294684744519468e-43
2.4334766143646553e-43
1.965420942607755e-43
1.9213523198209153e-43
2.01420540457316e-43
2.03563454575027e-43
1.7376413014478106e-43
1.4876792383749878e-43
1.8597087462589933e-43
1.844785078887285e-43
1.562063103160955e-43
1.221591561456512e-43
1.0884660796579705e-43
1.2166330316618387e-43
1.1937249279501863e-43
1.3068295463227422e-43
1.5130350258897488e-43
1.197914732304573e-43
8.657191721633656e-44
8.075153231784402e-44
9.04229742470774e-44
8.828350208795591e-44
1.0189542588446081e-43
9.564705934003091e-44
7.736515729201864e-44
6.6476792093694e-44
6.423204966100279e-44
6.353904324708247e-44
5.376242307128072e-44
5.329775187407381e-44
5.081880899649113e-44
4.919212251964222e-44
4.320347690709702e-44
3.629953596425241e-44
3.0613899259381807e-44
2.869806257753251e-44
2.3686235662103433e-44
2.0189455358551907e-44
2.0078012563196878e-44
1.7270406150695702e-44
1.6603578457282714e-44
1.5996219012916042e-44
1.501036598976869e-44
1.5357847656420197e-44
1.3221043969739036e-44
1.0812480547494744e-44
9.684761010853238e-45
8.577059202247362e-45
6.716357546793322e-45
5.4488348892568224e-45
5.347949960919508e-45
6.039345981048114e-45
6.457508567192802e-45
6.585349877243631e-45
6.651489115999497e-45
7.968634521822828e-45
1.0616415733644463e-44
9.875244912184013e-45
8.07229345895934e-45
7.411960915961186e-45
6.745236350042049e-45
6.964636523791658e-45
8.54975733198568e-45
9.185580296400828e-45
1.0603324283017184e-44
9.186108884302019e-45
8.66841211113359e-45
9.139440075350193e-45
8.986340585001847e-45
7.677471201144321e-45
6.768028666450597e-45
6.404561092892715e-45
5.68211237730589e-45
5.145776063388448e-45
4.893709660608233e-45
4.2960939806479125e-45
4.115718020831344e-45
4.271021810171725e-45
3.8504128911299915e-45
3.3302479634649077e-45
3.1637599661127065e-45
3.202810067043889e-45
3.16454496221343e-45
2.9911727137803723e-45
2.4075180510491982e-45
1.995530849731374e-45
2.1768178335613257e-45
2.3647774631906242e-45
2.6089115540101382e-45
3.3110211744679216e-45
3.4641508923768554e-45
3.112842879952579e-45
2.905295211145149e-45
2.8388089846893426e-45
3.0237372774709916e-45
2.9020892071119645e-45
2.7796202749772065e-45
2.734043786990439e-45
2.827473191592016e-45
3.0501973994375246e-45
3.224515001999964e-45
3.137168355261588e-45
3.013988377765862e-45
3.2804409374163866e-45
2.854209826340349e-45
2.945826242743954e-45
3.530240596462338e-45
4.1476534208927983e-45
4.8863970060732116e-45
4.626309949164414e-45
5.4919659779860064e-45
5.391870233345887e-45
4.6697572874174695e-45
5.150380508091384e-45
5.494102830109326e-45
5.685522020352897e-45
6.155086763665471e-45
5.77765996484891e-45
4.8139035389626495e-45
4.2290182099981114e-45
4.2622507689383086e-45
5.1586625581492024e-45
5.464517008134035e-45
5.314939248965067e-45
5.653631056255893e-45
6.969520248356848e-45
8.600517641027026e-45
8.529466668527458e-45
8.748425330666444e-45
1.0308139642279566e-44
1.063269843924413e-44
1.4104556916308625e-44
1.4839140904919955e-44
1.565678676337001e-44
1.636273929714444e-44
1.6802903059637946e-44
1.8291284501636402e-44
1.6865512602142603e-44
1.829338400719685e-44
1.745344895841565e-44
1.9925302411858677e-44
2.495569458493422e-44
2.4352995163775767e-44
2.2101208255252578e-44
1.9779823487289934e-44
1.9594427631425475e-44
1.8155533908411676e-44
1.778708878334659e-44
1.741846916903984e-44
1.8658050254905095e-44
1.9564477872620763e-44
1.9736475588432128e-44
1.891585439444326e-44
2.1750180924582408e-44
2.374921257579437e-44
2.02967952287929e-44
2.3644437462918485e-44
2.546631667582324e-44
2.3603729251369156e-44
2.2545523643811806e-44
2.022288638170557e-44
2.0003142634522308e-44
1.9394546793793873e-44
1.8557159341586835e-44
2.0127147247130427e-44
1.8820390878760422e-44
1.67180094576163e-44
1.4520967880095595e-44
1.3783002784216365e-44
1.3706246418478214e-44
1.2340516487330775e-44
1.346711057576581e-44
1.6042623050657627e-44
1.7949904306098162e-44
1.7075774072007439e-44
1.8163605537980178e-44
1.9643301312454976e-44
1.7388747217064772e-44
1.5046705327150797e-44
1.703006421978585e-44
1.7133855258411816e-44
1.8767560886872711e-44
1.8191767432226255e-44
2.0136411792266954e-44
2.0414437812679635e-44
1.9256668996700484e-44
1.9426725133710867e-44
2.115291252889205e-44
2.4017952099201803e-44
2.2139235203355497e-44
2.277887712399018e-44
2.182188460927861e-44
2.310873384834845e-44
2.313123302265133e-44
2.3790349006644447e-44
2.5158393038244397e-44
2.3750335735101776e-44
2.1054995302509505e-44
2.2197261779137021e-44
2.446560761678379e-44
2.319412818805593e-44
2.2625258651273815e-44
2.537865828458041e-44
2.5122722447379376e-44
2.6084354130017313e-44
2.597766104184914e-44
2.23642235178364e-44
2.1357373818368671e-44
2.3656486799670203e-44
2.276102052300758e-44
2.421503138342019e-44
2.7247455011395896e-44
3.080774455382764e-44
3.372905699348237e-44
3.527119122336934e-44
3.091633345046561e-44
2.6542879124021056e-44
2.4737735748704994e-44
2.592134657666249e-44
2.750428761646991e-44
2.9165363774594047e-44
2.3923928891273027e-44
2.3660547883776903e-44
2.620986393040878e-44
2.577940981502655e-44
2.5059382511192253e-44
2.417844523208149e-44
2.603683789217893e-44
3.3541569498470543e-44
3.561617164338223e-44
3.331355879142483e-44
2.803688758914086e-44
3.2571974190212396e-44
2.9879678447405285e-44
2.94529837931771e-44
2.736020896226209e-44
3.0886084802600743e-44
3.049238859408853e-44
3.2193718309906875e-44
3.534830597625842e-44
4.1718073059327164e-44
3.7569640330473886e-44
3.6195486108253404e-44
3.861667647829074e-44
4.584858794529257e-44
4.3449601527849316e-44
4.499610806357651e-44
5.025693500086497e-44
4.636472432959243e-44
5.438428573361935e-44
5.967822059359295e-44
5.370547238635634e-44
5.477734815099038e-44
6.005989543580251e-44
6.216883540622104e-44
5.515853050711666e-44
5.205251866309835e-44
4.956567045596555e-44
4.856498611700881e-44
5.207989490855531e-44
4.904032827735046e-44
5.033585664650799e-44
4.967913642773847e-44
Acceptance rate: 0.24558333333333487
3.530262518173105e-44
3.3760509582491625e-44
2.961591948601333e-44
3.2311459559002417e-44
3.835830191087235e-44
4.302027906272936e-44
4.768164744657518e-44
5.802725159637885e-44
5.00367839548045e-44
4.811644499212011e-44
4.982638784569791e-44
5.344533553591763e-44
4.577523754059851e-44
4.2538827427125305e-44
4.226558027203408e-44
4.773694855569132e-44
5.832024107658953e-44
5.334697697436245e-44
4.86732389463632e-44
5.034774712613148e-44
6.227881157790071e-44
6.473501315496583e-44
5.765280395982572e-44
6.658299626651997e-44
6.927074567947848e-44
8.382911569053796e-44
8.553261111586345e-44
8.673454198121705e-44
9.18990348758792e-44
1.0348343462168394e-43
1.1299838781949116e-43
1.0820161545887385e-43
1.0519159283782272e-43
9.3691948067826e-44
1.3293121819995222e-43
1.3309178798873856e-43
1.1606769851804122e-43
1.3031608018325862e-43
1.271178976179521e-43
1.1500235554862887e-43
1.0494527707258407e-43
1.1597957853450985e-43
1.0528216436282063e-43
8.868629166788787e-44
9.388916016251304e-44
8.983128449552616e-44
8.722871629034286e-44
8.198755415625915e-44
8.951595385232734e-44
1.145342546623102e-43
1.2730092760711603e-43
1.225503536564876e-43
1.21652627330713e-43
1.0497891577479052e-43
1.0929312677028614e-43
1.063964074748704e-43
1.0515527255025836e-43
1.1216768376611307e-43
1.3371692452872986e-43
1.784264113086173e-43
1.9135439912812532e-43
1.9605635652184356e-43
1.8893204629367416e-43
2.0339777638817037e-43
2.0824332897808443e-43
2.081251607407157e-43
1.9658993231647395e-43
1.713246265571088e-43
1.7381711990447583e-43
1.692890436575501e-43
1.711848294440072e-43
1.6866699459044993e-43
1.6910708314135585e-43
1.80530495236388e-43
2.3767264194132367e-43
3.3736000789467814e-43
3.6248693684724305e-43
3.3550495188080088e-43
3.217704643332798e-43
3.697803720198843e-43
3.578293868063545e-43
3.0199359148391007e-43
3.3925759005431216e-43
3.685635407385144e-43
5.137838918582018e-43
6.8799314403477026e-43
6.018043189834237e-43
5.578640032545347e-43
5.066054149723249e-43
4.412670736637562e-43
4.390704794581119e-43
4.769008666378178e-43
5.22267424376217e-43
4.85455817489323e-43
4.415398578966672e-43
3.9688128043794166e-43
3.909420369625875e-43
3.621027789455039e-43
3.1073480465088277e-43
2.917267483645227e-43
2.828523290993705e-43
2.720289600599396e-43
2.9777654748309895e-43
2.9143543224580887e-43
2.473829084435913e-43
2.9214207395257885e-43
2.7005003930688465e-43
2.5476865218108833e-43
2.9693302682130517e-43
2.2180820520389197e-43
2.309399406007547e-43
2.6107300792658275e-43
2.5345358844463055e-43
2.418598064540355e-43
2.782243382574633e-43
3.3974158453777302e-43
3.774300063313973e-43
4.2430313114431236e-43
3.7725282446502695e-43
3.658790437537104e-43
3.536670568688322e-43
3.9188768452034704e-43
3.649968104816963e-43
3.4763067316103017e-43
3.093362259510149e-43
2.9761708600216967e-43
3.4570746229616646e-43
3.3633665266852726e-43
3.2075047739873097e-43
3.752872050459237e-43
3.550393293129631e-43
3.4365124555318585e-43
3.4966107919020183e-43
3.432626606492557e-43
4.238935656315452e-43
4.289423167668681e-43
4.605200152081629e-43
5.129831049192545e-43
4.800032008967256e-43
4.3141705162497575e-43
4.88091201846193e-43
5.3029226165181465e-43
5.919794923137336e-43
5.714708296886125e-43
5.952228848409299e-43
5.5770284918639375e-43
4.629621321218177e-43
4.469196593674945e-43
4.5224830061743436e-43
4.365507575599294e-43
4.621341494030534e-43
6.285965381939217e-43
5.545176254264866e-43
4.95437396757477e-43
4.753383298285871e-43
6.100125066329951e-43
5.413347156990943e-43
5.7313395348005374e-43
5.824436593755448e-43
6.1830598757412086e-43
6.171351411824711e-43
5.4697709205817754e-43
5.7381335676200824e-43
5.261780970810423e-43
4.561379629885324e-43
3.885030033582604e-43
3.525087907047732e-43
3.5673151758983197e-43
3.1617065001215448e-43
3.4659759821774724e-43
3.5644384063610003e-43
3.712338932657859e-43
3.5654227624021872e-43
3.740377793532149e-43
3.785327822463676e-43
3.961650035165322e-43
5.326587703059435e-43
5.584808336563797e-43
5.87679646599942e-43
6.389815577051396e-43
6.111815941677469e-43
7.019031018385244e-43
6.9028569204694566e-43
6.2194985989411345e-43
5.720120850152146e-43
5.9376594351079195e-43
5.596072892549829e-43
4.785389768073868e-43
6.381487369305614e-43
6.2001706468873414e-43
6.3654250745872056e-43
6.9039731585639095e-43
6.9653453458187826e-43
6.005387383196616e-43
5.73664366888401e-43
6.160155428536513e-43
5.3859955279881766e-43
5.050830086011443e-43
5.298620753001256e-43
6.301245673328847e-43
5.890140059167514e-43
5.441824666419445e-43
4.879324998153973e-43
4.864389559350081e-43
4.663058679655443e-43
5.0503415283066294e-43
4.7976013344902414e-43
5.174989313640756e-43
5.1640823453091e-43
6.663574049279404e-43
8.59022792348987e-43
9.003745807980051e-43
9.247344021953305e-43
9.083491140598032e-43
8.509630912180253e-43
8.864179588511576e-43
8.808521750484535e-43
7.485385837852683e-43
7.236863450792079e-43
7.320594238677608e-43
6.6881241478328495e-43
5.4154400926752095e-43
4.762430206396255e-43
3.966411874025856e-43
3.816311164559735e-43
4.098004293902238e-43
4.144214498243573e-43
4.0360308431274166e-43
4.013628690706883e-43
3.94079369280285e-43
4.9050754482443125e-43
5.8872588002574655e-43
6.901333761193574e-43
6.0300514643536855e-43
5.29853446138886e-43
5.582635374517042e-43
5.995270380081073e-43
5.81355955565859e-43
5.958079559881654e-43
6.0817435980651844e-43
6.385883312729852e-43
6.151737506134159e-43
7.008261927970079e-43
6.872712489409246e-43
6.237461096889846e-43
6.326656909428477e-43
6.211457528374296e-43
5.790504275728459e-43
6.131643208495712e-43
6.3519077686667085e-43
7.196908480404759e-43
7.815437607430524e-43
6.915345827223777e-43
7.730628053707561e-43
7.022658070446258e-43
6.9344405932529195e-43
6.359598301576606e-43
7.445711509921576e-43
8.178795005518337e-43
7.775995013781933e-43
9.160768057172243e-43
1.1134530629061431e-42
9.443154273395541e-43
9.467929577797659e-43
9.838633661338721e-43
1.0461930084822935e-42
9.979127278317407e-43
1.0035831549701405e-42
8.491528766170983e-43
8.597169427767809e-43
7.794374058109642e-43
7.127952797436706e-43
8.328435796639362e-43
8.114975228247706e-43
7.558293292888625e-43
8.787826265487014e-43
8.21463129639077e-43
8.632316709741025e-43
9.045015537722966e-43
9.555515595037155e-43
1.1094798061025324e-42
9.8452386395367e-43
8.592613167333029e-43
7.942504635773463e-43
8.064299860466289e-43
8.064012447490296e-43
8.72837344951613e-43
9.725023359430508e-43
1.1737100558965286e-42
1.260336796707793e-42
1.204556107043775e-42
1.1851918860643325e-42
1.2971271060917455e-42
1.765930677762745e-42
2.1777605976455425e-42
2.5220380378703877e-42
2.627905404867228e-42
2.9588570614796236e-42
3.162882581190486e-42
3.129063931641289e-42
3.008826928779476e-42
3.047106135221601e-42
3.2595400998001315e-42
4.164778514866091e-42
4.320822323800059e-42
3.875184768087789e-42
3.8601851480763653e-42
3.263501744765931e-42
3.005812895962761e-42
2.645903194138757e-42
2.1413098969138824e-42
1.7493963061420106e-42
1.608467283684193e-42
1.5856459250626865e-42
1.4928677001217812e-42
1.401855632330639e-42
1.4675824568614898e-42
1.5724420885684407e-42
1.577392916322364e-42
1.627083901855943e-42
2.2090814638368426e-42
2.426091079624951e-42
2.4293682415397564e-42
2.351824501464972e-42
1.9939795479006766e-42
1.6831067685411718e-42
1.473088510442837e-42
1.470050004174614e-42
1.4617144107218188e-42
1.3474014825655718e-42
1.1810155703886799e-42
1.1608958797250647e-42
1.2578678075232889e-42
1.2887920518779825e-42
1.316332454827745e-42
1.4133826278962716e-42
1.5521566286116404e-42
1.6015840162840993e-42
2.0034187211085067e-42
2.008442198231374e-42
2.014714368325059e-42
1.740753977402665e-42
1.841462461315226e-42
2.011720999883727e-42
2.2641827219731907e-42
2.3063521951404778e-42
2.0111232613261097e-42
1.899416793484601e-42
2.3592664140477314e-42
2.343562050453672e-42
2.0335722117285274e-42
1.8144719190159875e-42
1.7058997218982415e-42
1.867777521674006e-42
2.2128243073471852e-42
2.8006541265694383e-42
2.845979104224071e-42
2.5745123031351213e-42
2.292177719057274e-42
2.0407439405609926e-42
1.8176716582426777e-42
1.80825499716504e-42
2.021948122682955e-42
1.9456611339253243e-42
1.832119085942568e-42
2.1298979453398567e-42
2.4212100377678423e-42
2.474218812835258e-42
2.275796292305784e-42
2.1007491005119366e-42
2.4748713289458554e-42
2.304747662582471e-42
2.3176234667114838e-42
2.63537712751463e-42
2.361271589078761e-42
2.6013580614623715e-42
3.0198839122535083e-42
3.0997338454620444e-42
3.23044189955384e-42
3.738729043242702e-42
4.0411726315327894e-42
3.5568170633004104e-42
3.14212775220806e-42
2.914023682362773e-42
3.8137840089207136e-42
3.8484650138929725e-42
3.824564211907888e-42
3.604930675782069e-42
3.5449647813032424e-42
3.455303419906139e-42
4.174477230417528e-42
3.43698243794736e-42
3.441461219361688e-42
3.2107517270929374e-42
2.7994502934664968e-42
3.085622467842282e-42
3.312702309665854e-42
3.24898040393674e-42
3.2082790065337624e-42
3.427699083452444e-42
Acceptance rate: 0.243062500000001
2.4018516355956296e-42
2.281268959536946e-42
2.3261895154771006e-42
2.3632659399245398e-42
2.4739094880324645e-42
2.3374974879615416e-42
2.5715421308025268e-42
2.5305520223571696e-42
2.3643832694036622e-42
2.962023397055996e-42
3.494636214802817e-42
3.2177753221912724e-42
2.9936150577811304e-42
3.619022717903944e-42
4.0999510032760824e-42
4.3166773951670216e-42
4.0636057223520756e-42
3.5510629706645556e-42
3.7868875978571036e-42
3.934765132211148e-42
3.4840578476191133e-42
2.965412645390674e-42
2.7980345217559865e-42
2.8498172721020158e-42
2.6119831883131033e-42
2.627170691323957e-42
2.2838838491658817e-42
2.16653931086692e-42
1.8967257071543303e-42
1.930343485548287e-42
1.876519208224204e-42
1.6696752617172257e-42
1.9354611166337842e-42
1.7790694373267223e-42
1.6370387073408713e-42
1.514705925118586e-42
1.3908253360392408e-42
1.3825657538719965e-42
1.3076193151399651e-42
1.3682364001991687e-42
1.4159718159815605e-42
1.3444328475624164e-42
1.1830442087990577e-42
1.1484092475484864e-42
1.0515894878626685e-42
1.145874080648787e-42
1.2299629459541944e-42
1.1954643940312454e-42
1.039384463075833e-42
1.0969220479785987e-42
1.1540329177549617e-42
1.1099477106646768e-42
1.2420132964727876e-42
1.5331830390934755e-42
1.8558370245566265e-42
1.8893248438831375e-42
1.9109557683658632e-42
2.072353650159547e-42
2.2030947955215414e-42
2.6459642665832222e-42
2.5785453776243103e-42
2.5666417770553593e-42
2.5459192900108693e-42
2.878922425157615e-42
3.6206001789346764e-42
5.525611174746267e-42
5.6357602407064393e-42
5.800959219110513e-42
6.161553081546002e-42
6.716963374470852e-42
7.695136945651931e-42
8.035154238578244e-42
7.915276216379726e-42
8.828836777951529e-42
8.446255506060548e-42
8.104685176281345e-42
1.0022336958737582e-41
8.687046045186562e-42
6.967542822928151e-42
5.331683294321079e-42
5.744532463978041e-42
5.026435730471525e-42
4.842632013610307e-42
4.9864860591567044e-42
4.412159105399145e-42
3.933441899317331e-42
3.5888362964499064e-42
3.662946901433024e-42
3.2368930477540816e-42
2.9506833321568734e-42
2.907339207242929e-42
2.9160266511973894e-42
2.81069458526814e-42
3.210943796982876e-42
3.0005127548394236e-42
3.485965461015824e-42
3.4744221407061945e-42
3.701350152770946e-42
3.9507983580967624e-42
4.059849900147769e-42
4.1525302857137084e-42
5.6729224950437994e-42
6.587498641327739e-42
6.986417176758415e-42
7.845247691177382e-42
8.721982564182394e-42
8.768402104952704e-42
8.664685248892627e-42
8.634064313785024e-42
8.662216998637278e-42
9.370416906122544e-42
8.223873884073781e-42
7.707369072808961e-42
8.406330215216847e-42
8.492362606747856e-42
7.45523155284675e-42
6.712979122445642e-42
6.984741105204618e-42
6.857420151955437e-42
5.848849927463593e-42
5.5044940101647695e-42
4.945584833589932e-42
4.9764522504613823e-42
4.338394663744988e-42
4.2130761453879117e-42
4.579952675582563e-42
4.056409433727911e-42
4.781483828603053e-42
4.719732701813671e-42
4.130622418266008e-42
3.598797676995554e-42
3.6622357115740046e-42
2.9845603584113897e-42
2.757003055674733e-42
2.8928910652233064e-42
2.6988524492402387e-42
2.4831609477516868e-42
2.553913943495553e-42
2.4009299362285395e-42
2.5388875091696823e-42
2.509094330746271e-42
2.6030307504317443e-42
2.8177138445008654e-42
2.6816795303022496e-42
3.0476411178754655e-42
3.186362470746479e-42
2.8660077727919036e-42
3.034249931857407e-42
3.3299940196772043e-42
4.069972399900332e-42
3.9539719264723676e-42
3.7114465189712174e-42
3.214595887632236e-42
2.9779810264491124e-42
2.8313678943632374e-42
2.6633154173851202e-42
2.377068547369058e-42
2.2530323306006312e-42
2.1669183720029165e-42
2.3394875306983294e-42
2.914372124977895e-42
2.8965609821368587e-42
2.954877503372726e-42
2.8586649920151245e-42
2.837309061609769e-42
2.5253530327843355e-42
2.700137373143565e-42
2.383021963223104e-42
2.186356738478418e-42
2.071048549826725e-42
2.1142782918236754e-42
2.073636135887753e-42
2.0964716782122217e-42
2.0670731425784e-42
2.1078727468107388e-42
1.8411959117592898e-42
1.6629361744733813e-42
1.787339514323083e-42
1.9482357418068772e-42
1.9922676660910936e-42
2.1297760761368945e-42
2.7442841916202265e-42
2.6278469686412977e-42
2.504846867144826e-42
3.0442835097372826e-42
3.3314902334450447e-42
4.114856769165227e-42
4.788891170188492e-42
5.4573980391903215e-42
5.4258856131062095e-42
4.730327389890558e-42
4.555900267856041e-42
4.046569393129276e-42
4.0310551934847206e-42
4.784701781795221e-42
4.4642254570266636e-42
4.404524514402539e-42
4.112734821266769e-42
3.834093894423219e-42
3.1644270038709916e-42
2.9913541272405853e-42
2.5169647002383816e-42
1.9866044087372457e-42
1.9642115856182384e-42
2.0810622736814775e-42
1.866978692110924e-42
1.965788348492587e-42
1.8313452251764e-42
1.517919508594408e-42
1.6285948072884678e-42
2.0246794458410446e-42
2.1033812551965078e-42
2.3261358793125605e-42
2.2910821431201667e-42
2.0971727988260008e-42
1.717414119510833e-42
1.4978498609748533e-42
1.470896363993212e-42
1.63897125054981e-42
1.775120476887581e-42
1.781506595267074e-42
1.628280793344428e-42
1.6232178278220178e-42
1.6486124634472605e-42
1.546812193109399e-42
1.52249197655823e-42
1.6069111441549517e-42
1.8224312285773057e-42
1.8210686571647617e-42
1.9312186733056024e-42
2.0524649481991675e-42
1.801528792873571e-42
1.9746826133431763e-42
1.9421820144126435e-42
2.2920479844751704e-42
2.4429746681380678e-42
2.6798635537288102e-42
2.3442724507583593e-42
2.4755385197437892e-42
2.5711693162302867e-42
3.058859423364388e-42
3.1057952545353597e-42
3.102971855169779e-42
2.9352440392476694e-42
3.202574565358452e-42
3.1277915776069325e-42
2.82830137424841e-42
3.2181174283527574e-42
3.239027472066866e-42
2.88097981297596e-42
2.57006321575729e-42
2.503503733432674e-42
2.5454873176060625e-42
2.1532598702363478e-42
2.3465796726610783e-42
2.5594360575690264e-42
2.2696622605207493e-42
2.143482517755723e-42
2.483011965848276e-42
2.556400447011589e-42
2.2753667036056132e-42
2.5124259245340317e-42
2.4034471193413894e-42
2.288016647092033e-42
2.166947335859621e-42
1.8535471399340315e-42
1.8213079738037818e-42
1.883965723289836e-42
1.58647314481893e-42
1.5767705213686216e-42
1.593532957279342e-42
1.6522640346469362e-42
1.7022046394620944e-42
1.8429494199607235e-42
1.6516599760111766e-42
1.8226261958986324e-42
2.0179074691533484e-42
1.8216425501008717e-42
1.7025434488672775e-42
1.6513384834743134e-42
1.6358045450796464e-42
1.704165037926313e-42
1.707834045087516e-42
1.790584685403027e-42
1.5373483509959743e-42
1.6691684629697436e-42
1.7457398297908963e-42
1.5883019926336995e-42
1.5726479557978213e-42
1.9251541517964892e-42
1.9752539523997298e-42
2.1204806383060158e-42
2.1854229465550937e-42
2.339813514537228e-42
1.8936941512047762e-42
2.0298995313273356e-42
2.008434145212484e-42
2.082570459263931e-42
2.072956612115645e-42
2.1313779018508798e-42
1.776790322057791e-42
1.736864117841762e-42
1.673139201812268e-42
1.8916845762349337e-42
1.8933215212900925e-42
1.9365628402531555e-42
1.7305854466298093e-42
1.70575993905594e-42
1.6743515055744943e-42
1.6933359684685483e-42
2.1388059015343324e-42
2.2548246160720887e-42
2.299609973749523e-42
2.6250414391427427e-42
2.734966981153719e-42
3.2257385951295175e-42
3.528047323305598e-42
3.591386403656672e-42
3.388714870963796e-42
3.323372422506577e-42
3.29431253499334e-42
3.397585829876987e-42
4.545144360361518e-42
4.896711192062706e-42
4.876125100848257e-42
4.5697029103258394e-42
5.118617680359384e-42
5.1214124234554475e-42
5.263239247530326e-42
6.58464312650929e-42
7.779884317089658e-42
7.936448936874196e-42
8.324718773483438e-42
9.535866212431165e-42
9.729859539233007e-42
1.0105256787214818e-41
1.1427182481099422e-41
1.1532054900168662e-41
1.1384208179469546e-41
1.1280236521614292e-41
9.887175286513287e-42
8.726856104305921e-42
9.705230773293563e-42
1.1177233745414043e-41
1.1345352644920924e-41
1.1325365530936188e-41
1.3069481424786867e-41
1.1332481894354205e-41
1.0398898054238398e-41
1.105816857478201e-41
1.2788922420793218e-41
1.2258516768734573e-41
1.1979435146161255e-41
1.0703558604854058e-41
1.02296757224635e-41
1.2253619277359011e-41
1.1176939873687844e-41
1.0459837303423809e-41
1.2943017794409563e-41
1.4169942009061246e-41
1.3945340445989517e-41
1.428036699956674e-41
1.230136598927531e-41
1.424309353965114e-41
1.3203680392896518e-41
1.1287783561336378e-41
1.167260292081752e-41
1.0772737668337101e-41
1.0496941850943463e-41
1.028666161046765e-41
9.162965756493254e-42
1.1363744974343584e-41
1.0245784946784496e-41
9.800156079446212e-42
9.973276995183943e-42
1.1482620548305623e-41
1.3729678413833732e-41
1.2867631191143145e-41
1.080959479956744e-41
9.860704079137557e-42
1.0840048869226295e-41
9.996341652895923e-42
1.0604280491963098e-41
1.2080967066358762e-41
1.1328241944537495e-41
9.910875784513526e-42
1.0890369335860447e-41
1.0922077010126854e-41
1.1861716363498406e-41
1.262410743946214e-41
1.1482026618782952e-41
1.151958905035509e-41
1.3694502696135556e-41
1.3942546736350453e-41
1.5498281010900885e-41
1.5401315679274164e-41
1.4367574879309092e-41
1.3368591231956758e-41
1.3861389166535608e-41
2.115717236292573e-41
Acceptance rate: 0.2446500000000006
1.4444410864914873e-41
1.462744092195216e-41
1.566862213880918e-41
1.857897530383949e-41
1.755784869044051e-41
1.5504329890614797e-41
1.5809633652904246e-41
1.4645083866676335e-41
1.2882857423869672e-41
1.5181486296528964e-41
1.5176853685256198e-41
1.6613199486456707e-41
1.6625429522051394e-41
1.53257123256049e-41
1.5095710996402817e-41
1.309139745312365e-41
1.267902934661214e-41
1.1150656439797305e-41
1.2349916723482041e-41
1.2216899878686111e-41
1.4912242626255278e-41
1.4444245392122603e-41
1.6866007669906532e-41
1.5339922138800783e-41
1.8160286430850798e-41
1.8820471621899017e-41
1.7925724487932947e-41
1.7656975810601914e-41
2.0881129274928595e-41
2.3628824596267316e-41
2.37140658498148e-41
2.2644852204985045e-41
2.1798812955931544e-41
2.3271330758779344e-41
2.422512285912212e-41
2.321391357026118e-41
2.4975803175688807e-41
2.878878861207325e-41
3.4805833840733534e-41
3.4445930241597466e-41
3.889925115229611e-41
4.713652600901189e-41
4.979756637665438e-41
4.400624379817928e-41
3.7873370280634366e-41
3.390356131573592e-41
3.535363258433615e-41
3.2734374725043524e-41
2.993983827026115e-41
2.8258708934982206e-41
2.9421505887662075e-41
2.778869150265777e-41
2.5437835225478274e-41
2.4422104792438917e-41
2.8622231689766813e-41
3.027644285160915e-41
2.849579994392518e-41
2.550878337179827e-41
2.3219878391013816e-41
2.2910249202316998e-41
2.6023558232591113e-41
2.5501758972746325e-41
2.3512522694750267e-41
2.277100459280411e-41
2.1335486261754946e-41
2.0616631931121797e-41
2.2297278918908527e-41
2.535623444298574e-41
2.4628982312846017e-41
2.674239393994232e-41
2.6426461814968095e-41
2.744735444002341e-41
2.9077736162929524e-41
3.2476684538240297e-41
3.6901629377415493e-41
3.538490853463672e-41
3.489871418312088e-41
3.3313613988948396e-41
3.2643934951052056e-41
3.0982179711712805e-41
2.9519413570279313e-41
2.839865864645038e-41
3.2982489453870823e-41
3.365879517437038e-41
3.389202784928041e-41
3.5943446884926544e-41
4.2994918484065937e-41
4.4947999348017605e-41
4.21849175267132e-41
4.1416505005134935e-41
3.8092774586352676e-41
4.0599409717178536e-41
4.339688530967466e-41
3.986800715027483e-41
3.9676880023770043e-41
3.59941961414419e-41
3.656195022293042e-41
3.273788675192112e-41
2.9022878286197843e-41
3.347367855510252e-41
4.4542616153143884e-41
5.861378033980879e-41
6.290301463744651e-41
6.43492549602459e-41
7.204357140856655e-41
6.960714191182531e-41
7.674075095265803e-41
7.62836769913789e-41
6.755657060281398e-41
6.193916708382581e-41
6.055066506250171e-41
5.832482424887236e-41
5.248041123474183e-41
5.741792931821453e-41
6.158214299437603e-41
6.556292284109888e-41
7.614583469553674e-41
6.918283712458202e-41
8.306746218953532e-41
7.676511572307702e-41
8.263433332789411e-41
7.44725019829178e-41
8.859275701934674e-41
1.041877873786155e-40
9.700240085868214e-41
9.006680483967696e-41
8.74431207534598e-41
8.834047244348227e-41
7.784564141696552e-41
6.986790978864585e-41
6.552341077575738e-41
6.066801333112715e-41
5.5294099335462e-41
5.883940973253863e-41
6.618582408201326e-41
7.10964858692955e-41
6.588331654531706e-41
6.235255231020038e-41
6.533919051605645e-41
6.655365436216773e-41
7.159948092099828e-41
7.980564464408288e-41
7.776631534141009e-41
7.362502742402487e-41
6.919529821273157e-41
6.415960631173936e-41
6.306289786124349e-41
5.72489573523593e-41
6.042922776256589e-41
5.644259194616882e-41
5.584075022316715e-41
5.845704995384341e-41
5.890498766217664e-41
6.030433304683955e-41
5.854633433546341e-41
5.231958845348097e-41
5.040258165777419e-41
5.025288720816249e-41
5.117287114516577e-41
5.621831384532592e-41
5.725366768011398e-41
5.403426755992637e-41
5.088001126682002e-41
5.141615597992915e-41
4.757514082378105e-41
4.4504242858429944e-41
4.841550820493561e-41
5.665953871504324e-41
5.793843114141343e-41
6.033310864112664e-41
5.724186409079502e-41
6.004378106590937e-41
5.056145899842425e-41
5.246203089778376e-41
5.722557646455974e-41
5.726924692109698e-41
6.135697551893822e-41
6.063499795411514e-41
5.633469270098457e-41
6.628130734265293e-41
6.013015174757531e-41
6.608917203228781e-41
7.69529527480124e-41
8.105184511821482e-41
7.114085894242002e-41
6.914759608474164e-41
6.459182606052226e-41
6.058768964149061e-41
5.303797923719255e-41
5.208502408507028e-41
5.828149347454874e-41
5.65473483353117e-41
4.967243783869722e-41
4.5089625724982486e-41
5.702399018119231e-41
5.717649629693228e-41
5.265823241669686e-41
5.086540642815275e-41
4.705200734214039e-41
4.216292939233792e-41
4.5059122512614684e-41
4.725784180744255e-41
4.428203412004132e-41
4.505316851486006e-41
4.5061277393732087e-41
4.729212531669169e-41
4.5678903113248277e-41
4.3748374089483895e-41
4.284169220147985e-41
4.493779117692617e-41
4.597336195871093e-41
4.319044041955598e-41
4.5296943125813736e-41
6.162187016244592e-41
6.129501798828082e-41
5.406787849920855e-41
4.773755416463449e-41
4.730931444886576e-41
4.524827202519228e-41
4.5585869231084134e-41
4.667528627728343e-41
4.868181310932734e-41
4.854704878650518e-41
5.157499748313417e-41
5.531171208318398e-41
5.151034341747819e-41
4.8609783003605e-41
5.312078435165998e-41
4.977080537946375e-41
5.043335453619903e-41
4.997087933769346e-41
5.542989751704887e-41
5.17667989429627e-41
5.386018008533088e-41
5.682177692260029e-41
5.722680542068486e-41
7.108455345218288e-41
6.771340255822329e-41
7.32109190324337e-41
7.319729933076819e-41
6.939612915408834e-41
6.182899524594617e-41
5.917262116056267e-41
6.119784436886123e-41
6.083243707073919e-41
6.679251333366249e-41
6.571158455236218e-41
6.306923861521033e-41
5.93423465346884e-41
5.926512903565104e-41
5.560209115614688e-41
5.527736915716938e-41
5.76434725894477e-41
6.132832972419281e-41
6.168690095103263e-41
6.971121480646409e-41
7.158557366927893e-41
7.892134429797087e-41
8.025650803670425e-41
7.642852544050641e-41
8.001739231312101e-41
7.889772261136349e-41
8.300424268225267e-41
8.876172031910991e-41
8.369533980095315e-41
8.26477334247308e-41
8.170910137061764e-41
8.59346764315339e-41
7.802357112313312e-41
8.152534738781773e-41
7.884991528741757e-41
8.384001442941014e-41
7.934222555410066e-41
8.003078548284878e-41
8.795131528070079e-41
8.905929929202718e-41
8.978058356415071e-41
8.873183112391624e-41
8.485819284783941e-41
8.699980205682357e-41
6.987494711455014e-41
7.794744282386933e-41
7.945487442354723e-41
8.868438211010898e-41
1.0057802236725042e-40
1.0653168377488691e-40
1.0255342570015398e-40
1.0714351277491569e-40
1.0948447448215503e-40
1.0390425456383498e-40
1.1641129372557306e-40
1.0518976616771415e-40
1.1379879217457098e-40
1.2471332269048363e-40
1.196647397156848e-40
1.1080975064136806e-40
1.0959521454658178e-40
1.2274768431240579e-40
1.1976558301441788e-40
1.3623148841381072e-40
1.3768130717777047e-40
1.1926338630492146e-40
1.085536630250821e-40
1.1544285477870645e-40
1.198333152776769e-40
1.1648024417550576e-40
1.1296386853106578e-40
1.1224868502418865e-40
1.0761977013832165e-40
1.1486032112799304e-40
1.024918780486167e-40
1.093378425176274e-40
1.0851799739210634e-40
1.0741611561077163e-40
1.0230770555103634e-40
1.082087563255111e-40
1.3922996735306986e-40
1.4706427396323179e-40
1.530806600195161e-40
1.7736882856744896e-40
1.909631901248058e-40
2.0407704830343015e-40
2.3283042866663394e-40
2.1340002708393868e-40
2.1119825131451246e-40
2.059350846702223e-40
2.0420965274769834e-40
2.3306741812256654e-40
2.5768967065414817e-40
2.183094030831974e-40
2.253510057414947e-40
2.112456696485711e-40
2.090808898825023e-40
2.4722422383791933e-40
2.4786704527369828e-40
2.5046744305020895e-40
2.6572915485695885e-40
2.4475268619730975e-40
2.142298052458262e-40
2.1640964689927853e-40
2.517887344745319e-40
2.6274508272056437e-40
2.4805160563554874e-40
2.499005167123998e-40
2.584456570546991e-40
2.5386387778152724e-40
2.435753616599844e-40
2.8947440918519196e-40
2.8905310653676406e-40
2.63379446995715e-40
2.5155237674337867e-40
2.573908691121582e-40
2.574092967089466e-40
2.259481808502861e-40
2.167063820553317e-40
2.0468629089005688e-40
2.282872412046572e-40
2.511581404190086e-40
2.3567869569895233e-40
2.206850292947525e-40
2.136276150691268e-40
2.0378529546329003e-40
2.1556089123807938e-40
2.3494513961595656e-40
2.456120483397591e-40
2.5743690090499513e-40
3.0179172098876983e-40
2.973902376795036e-40
2.6917548740773195e-40
2.8966543918005317e-40
3.4299439428327658e-40
3.918868074995094e-40
3.8425806042919534e-40
4.219374620568506e-40
4.325369111918379e-40
3.979199397691087e-40
4.19843204750267e-40
4.526686391500875e-40
4.292491585210922e-40
3.6716423716489345e-40
3.5987078651643863e-40
4.284934127174817e-40
4.268682117891891e-40
3.9395939510781925e-40
4.306749221088863e-40
4.2318602197480184e-40
4.431725011936362e-40
5.446605946877153e-40
5.391696864998655e-40
4.980034391952882e-40
5.868943129990166e-40
5.666140593298032e-40
5.146835387187471e-40
5.080313595573144e-40
4.820654948846731e-40
4.7771042899534155e-40
5.114217623059455e-40
4.892359814240527e-40
5.885636605827035e-40
5.484467696016597e-40
Acceptance rate: 0.26241666666666785
3.940342623900396e-40
4.092102391733886e-40
4.440385350822244e-40
4.891440855106675e-40
5.690954480152374e-40
5.884869807978642e-40
5.9645839490584656e-40
5.112596523237776e-40
5.525883744714639e-40
5.690083809012624e-40
5.969178641132509e-40
6.882532447674234e-40
7.638848530661511e-40
8.14860416085077e-40
8.65979304487305e-40
7.417662276341587e-40
7.78356369960811e-40
7.159632060210416e-40
7.1106350753869896e-40
7.313128989733154e-40
8.031966863534666e-40
9.722846530988265e-40
9.643007567907315e-40
8.923725454219815e-40
7.95079873883268e-40
6.98419712610839e-40
7.278041572247539e-40
6.6395765809464466e-40
7.123663190591084e-40
7.596108176245369e-40
7.1771988167157984e-40
6.6814654441526726e-40
7.0097141706302505e-40
6.270516144312017e-40
5.930906359683961e-40
6.946522516183141e-40
7.96294275487123e-40
8.455445855494138e-40
8.367168528069256e-40
8.599992300067296e-40
7.794757052767515e-40
7.89764358119408e-40
7.180825978323628e-40
6.611027561755877e-40
5.811631019188635e-40
5.210845375910116e-40
5.239303316398461e-40
4.748723434807657e-40
4.560543428686228e-40
4.4587087149525334e-40
4.8240629498759195e-40
5.1186494989544095e-40
5.1068465297005675e-40
4.539879041465469e-40
4.2931277060763125e-40
3.950402399630973e-40
4.2115869759708085e-40
3.954586275292311e-40
3.725447563144235e-40
3.76313700514925e-40
3.267509707136637e-40
2.9988225489271345e-40
3.5440576142190918e-40
3.6090742881579114e-40
3.940870446127043e-40
3.789674992858569e-40
3.226278365741113e-40
3.1093697369152287e-40
2.9983431934954587e-40
2.991981269045548e-40
2.8484469295644212e-40
2.8110097663989828e-40
2.9589797868022347e-40
3.1991090137755072e-40
3.574170247039024e-40
4.1018881889449924e-40
3.754695620363044e-40
3.1950930768867165e-40
3.172572649134186e-40
3.377568769124745e-40
3.7803255488933344e-40
3.9337448684127625e-40
4.8182192524766615e-40
4.974648128301833e-40
6.19884344006833e-40
5.69763978273974e-40
5.501840072216268e-40
4.854612584970422e-40
4.975423447230293e-40
4.975648230465116e-40
5.1496810823768155e-40
5.7467001995678215e-40
5.537513788497471e-40
5.849924057229524e-40
5.28570748589291e-40
5.160019952632849e-40
5.096327648798281e-40
4.614865643047042e-40
4.7223894264017316e-40
5.281442051164578e-40
5.336821835251148e-40
5.153628576240935e-40
4.639781925518575e-40
5.518707100688166e-40
5.624041066729008e-40
5.0451287476772856e-40
4.52723139132065e-40
4.092843165071804e-40
3.3460400991027333e-40
3.4405655582377234e-40
3.458091740701594e-40
3.861931939152761e-40
4.2537408927795155e-40
4.16514488978944e-40
4.314359788383486e-40
4.995924923325282e-40
4.838842491544727e-40
4.383921601512246e-40
3.980656410817017e-40
4.170487281691405e-40
4.2802426836526605e-40
4.052847406660054e-40
4.09732044080653e-40
3.951266522574798e-40
4.443142967261578e-40
5.154656456039344e-40
4.9492612886734175e-40
5.043445510577726e-40
5.220479311887847e-40
5.388856864941359e-40
5.86422959558089e-40
5.8220144280476626e-40
7.42297412581713e-40
7.521603279399413e-40
7.993147389393799e-40
7.878000937756424e-40
7.474366746349178e-40
6.945823865704413e-40
7.079559679579709e-40
7.973238144895733e-40
7.054992688316249e-40
6.625755825507678e-40
5.969655174590558e-40
6.9385068445143945e-40
6.8975804871124474e-40
6.246409539686985e-40
7.560634625113126e-40
8.5458379435841e-40
7.975989582516812e-40
8.790995247342532e-40
8.698991003907586e-40
9.21954454307517e-40
9.269877734113188e-40
1.0751690345481905e-39
1.0984016592491209e-39
1.04893481567808e-39
1.1544562145279088e-39
1.2109740944559273e-39
1.2756836599363377e-39
1.2590198445409089e-39
1.2348836836887878e-39
1.2637022072385477e-39
1.266746373381297e-39
1.2020529227099994e-39
1.0737758798348349e-39
9.770603709274606e-40
8.580851056068588e-40
8.09232918338739e-40
7.320800438574802e-40
7.230531921730385e-40
6.76490860789209e-40
6.67803946111408e-40
5.885384700431163e-40
5.031804469596505e-40
4.3994917941029654e-40
4.6802174583559844e-40
5.360954773446272e-40
5.6359635389393675e-40
5.470977300747213e-40
5.6842573931455e-40
5.2535347847178345e-40
4.9558561078148656e-40
6.556891095932421e-40
6.170248932423509e-40
6.9109028905949695e-40
6.287417303328298e-40
6.0958834085865414e-40
5.548470516704185e-40
4.849642433206868e-40
5.022857751637717e-40
5.66869570541452e-40
5.566930121636037e-40
5.2729437232661436e-40
5.132341257185288e-40
5.630910841344393e-40
5.7736702593576705e-40
5.601507658280984e-40
6.409352770969559e-40
7.1637450322821375e-40
6.781589304101406e-40
7.419640776944663e-40
7.176705263140429e-40
7.79113475525756e-40
6.85175974874119e-40
6.103877944807414e-40
6.717421737153208e-40
6.798641598489563e-40
7.50067112153485e-40
7.96512882137395e-40
9.317394997182582e-40
8.517712112757201e-40
8.924260792100791e-40
7.657352713661167e-40
7.32012657405925e-40
8.471249121920497e-40
8.613885802912441e-40
8.560571996304917e-40
7.769107146791929e-40
6.5463587978437605e-40
7.193290551078857e-40
7.3405927138021304e-40
8.286794325911398e-40
7.979487409932332e-40
8.155279807865982e-40
8.358542458832721e-40
1.0232470132322416e-39
1.0420683714473625e-39
1.0954032952011798e-39
9.966718455556764e-40
9.100703239430914e-40
8.39516354191275e-40
8.588870025032083e-40
9.089993526216232e-40
8.988451597830205e-40
8.536238242770655e-40
8.77684898594161e-40
8.01867006584759e-40
9.834170821118015e-40
9.803056799796001e-40
9.10995394410338e-40
8.624828541628702e-40
9.405924516929093e-40
9.915910953649735e-40
1.1923966316201415e-39
1.1537237116298785e-39
1.0609770990698833e-39
1.0794699791333288e-39
1.2818542591293808e-39
1.359501664204274e-39
1.2330869486007657e-39
1.1848619265860637e-39
1.0925369426731473e-39
9.326704383610476e-40
9.553548420414144e-40
8.9089291404693e-40
8.189806920125144e-40
8.818301999093908e-40
8.156272882520264e-40
6.907851209876645e-40
6.4464168975863345e-40
6.445216423098889e-40
8.002541500290042e-40
7.703761806022673e-40
7.870337512634365e-40
7.289892485620667e-40
7.201527945393739e-40
6.280271635249847e-40
5.836059929777655e-40
5.412392413839026e-40
5.407810511655754e-40
6.404203014921384e-40
5.897276313421469e-40
5.73167979132463e-40
6.895760105545618e-40
6.715019393263571e-40
6.249647833134362e-40
6.079955450680059e-40
5.632306073043591e-40
5.0167129582944466e-40
4.865925594004585e-40
5.594081482672693e-40
5.978818827193069e-40
5.456992789416762e-40
5.2555145927787046e-40
5.802244049296505e-40
5.436615464870373e-40
6.011363729330079e-40
6.224881850974777e-40
7.367611365409416e-40
8.292759803856422e-40
8.903144971932872e-40
9.155157973241632e-40
9.168931268920034e-40
9.001829640482682e-40
9.168010210903835e-40
9.685507172917475e-40
1.1115842452820575e-39
1.0076474802190933e-39
1.0662199667811263e-39
1.0814967060951124e-39
1.2102395012590675e-39
1.2503652069682356e-39
1.1359722308864627e-39
1.1415859976380316e-39
1.1125609469201963e-39
1.1345851981415982e-39
1.1834903691292977e-39
1.218843200071763e-39
1.2583200118798359e-39
1.2221832498854006e-39
1.1273684557544361e-39
1.0606347362230268e-39
1.079884554100081e-39
1.0880282045709856e-39
1.3516250896068312e-39
1.395037009172173e-39
1.2471592617311106e-39
1.1193093176019331e-39
1.0931722230431914e-39
9.870174406889775e-40
9.434725043425769e-40
1.0190665803175087e-39
1.0882472552325851e-39
1.0509155794641914e-39
1.0592746454904995e-39
9.861588496361975e-40
9.194936904099753e-40
9.256419326903755e-40
7.918596637589303e-40
7.1006241030124e-40
7.23337901176407e-40
6.402770607882756e-40
7.398585797891493e-40
7.145137011654408e-40
7.246377713408036e-40
7.902412941144875e-40
7.204279827097388e-40
7.891402475081843e-40
7.550998223694974e-40
6.573358733997353e-40
5.970290537591187e-40
5.690006560403522e-40
6.2121249303017e-40
5.855954455876042e-40
6.045620285754893e-40
6.941847141768337e-40
7.066895421687955e-40
7.935195752365534e-40
8.176293736386364e-40
8.830197531072113e-40
9.487082201579219e-40
9.476886781390504e-40
9.02801173320011e-40
8.72344440931214e-40
8.033783978747361e-40
7.66694974406505e-40
8.049991609901274e-40
8.513833649038329e-40
8.344346901564234e-40
7.579652708488718e-40
7.0956277648414396e-40
6.013408810277612e-40
5.532490334178401e-40
4.950334095673782e-40
5.228598148343706e-40
5.067862508692093e-40
5.070263350556066e-40
4.987557128320825e-40
4.427458982618426e-40
4.210286824891339e-40
3.9004468331408025e-40
4.4340388806270915e-40
4.228490546109419e-40
4.99618864415686e-40
4.717483522819776e-40
4.6484214401284236e-40
4.469655870734401e-40
4.199752893275692e-40
3.8747219192890344e-40
3.832970273232874e-40
3.3961376766485514e-40
4.21203704124157e-40
4.117895420793632e-40
3.8643330602005615e-40
3.3897416118206422e-40
3.5380624680863814e-40
3.0024188629147166e-40
3.084413756582609e-40
3.2477205100813666e-40
3.0360520129029455e-40
3.901746645082348e-40
3.90249470826546e-40
3.6459902850363937e-40
4.23969866645094e-40
4.28176151521812e-40
4.130961948115817e-40
3.520971244614403e-40
3.529700010133932e-40
3.452361279837624e-40
3.4996955687684694e-40
Acceptance rate: 0.27232142857142844
2.481037739314248e-40
2.8001993975987736e-40
2.9438966912424576e-40
3.0005557422994566e-40
3.1037748394659127e-40
3.0025949718170674e-40
2.8399576868063714e-40
2.8569794474916e-40
2.4614219420493107e-40
2.2592198703565186e-40
1.976860579697757e-40
1.9448870838294713e-40
1.8121395295395126e-40
1.895692390921283e-40
1.745295879429813e-40
1.712195441084156e-40
1.7155004989268807e-40
1.7760172484913187e-40
1.920899922994303e-40
1.9745605749977684e-40
2.34457900362861e-40
2.5109435134429344e-40
2.3243562214823915e-40
2.1556487075227583e-40
2.560786152520941e-40
2.4647587180533714e-40
3.1879265258558007e-40
3.5595476208249135e-40
3.9708467287696996e-40
4.726162231078787e-40
4.199989225694707e-40
3.790727845217356e-40
3.714017292599197e-40
3.8689531998774506e-40
3.922401860113415e-40
3.920953401663664e-40
3.820952008481508e-40
3.849231420257452e-40
3.55775857995071e-40
3.4691726887099624e-40
3.3446910949634333e-40
3.0295000224236205e-40
2.920561807357645e-40
2.930603512712706e-40
2.6104375975302022e-40
2.8459394190650897e-40
3.1616995536689022e-40
3.034112614927868e-40
2.7514843017165382e-40
2.4895256878607563e-40
2.2272996241746635e-40
2.4299221931716127e-40
2.305931797143648e-40
2.438949314360035e-40
2.3314331776357024e-40
2.191916373271018e-40
2.1237439255709755e-40
2.2629376767390217e-40
2.5426243654039475e-40
2.8142821966890904e-40
2.831625564969044e-40
3.989975449034961e-40
3.706148430550155e-40
3.918809722553579e-40
3.6522722795575546e-40
4.001193059602956e-40
4.3647960618212014e-40
4.74412760418737e-40
4.541616256218513e-40
4.676100970067687e-40
4.379512693916696e-40
4.1445886853782846e-40
4.384365557445465e-40
4.609012710557331e-40
4.967687416026331e-40
4.35688861622065e-40
4.892630692149114e-40
4.2009385871959595e-40
4.724823040718348e-40
4.953393995330728e-40
4.5360099989416565e-40
4.351509062307427e-40
4.522597258466725e-40
4.342810463094224e-40
4.671725834860781e-40
4.949351776461093e-40
5.498080109404268e-40
5.1447149754716944e-40
4.388120617773804e-40
3.947339976878987e-40
3.694401023107882e-40
3.901432610031831e-40
4.313043842570556e-40
4.805707263896733e-40
5.7361783432128795e-40
6.365337745138289e-40
6.116948585603058e-40
5.2954986287631516e-40
4.783496739077322e-40
4.745043626065897e-40
4.842906025892682e-40
5.117281134159885e-40
4.967530137337899e-40
5.479337604165915e-40
5.1182094008172706e-40
4.995511044767969e-40
4.753219310285239e-40
4.727923931528279e-40
4.231262747680627e-40
4.131367647178003e-40
4.070236552975049e-40
4.176072125114737e-40
3.904870135250579e-40
4.216305414009665e-40
4.914439327823287e-40
4.358895832779699e-40
4.9836755093798745e-40
5.168612991002587e-40
4.9180815830387134e-40
4.693701632377298e-40
5.1132813107683525e-40
5.119730137608775e-40
4.755204727120756e-40
4.805031403875034e-40
4.739691644688311e-40
4.651145990879058e-40
5.212763830595521e-40
5.7523728713087116e-40
5.674110826184515e-40
6.2789687543239675e-40
5.648699920406387e-40
4.9995107688113365e-40
4.296879851890445e-40
4.434333535476732e-40
4.2471366164484045e-40
4.022779168715218e-40
4.1404106511365635e-40
4.4908112489138625e-40
4.359476563180532e-40
4.453717774220915e-40
4.5520890686599685e-40
5.037660612239032e-40
4.9202852415313195e-40
5.2613535511079775e-40
4.691463123233388e-40
4.645889305199763e-40
4.545915322799285e-40
4.137832947825694e-40
4.349243141530905e-40
4.175011193228821e-40
4.205704859976873e-40
3.838824054366266e-40
3.813805056364259e-40
4.430180811639907e-40
4.60406158382796e-40
4.684250291441794e-40
4.964701681867095e-40
5.416865477299125e-40
5.6866511096662325e-40
6.035899314036826e-40
5.715656386800813e-40
5.771857615635212e-40
6.103566932339969e-40
5.256315011872342e-40
4.346083888590753e-40
4.161359368561688e-40
4.200953826642721e-40
4.183625980222982e-40
4.437910737793221e-40
4.91143393183167e-40
5.054016357526823e-40
4.877446191289665e-40
4.0217549398095114e-40
3.6675186045659705e-40
3.4323189322176144e-40
3.346732713979056e-40
3.220512451938909e-40
3.553001089628243e-40
3.805518003332882e-40
3.6454108118129018e-40
3.739005848301639e-40
4.3578490184861155e-40
4.4891149753856855e-40
4.4959663249335185e-40
4.9228030049544645e-40
4.476196805752994e-40
4.915040668880568e-40
5.064510454592431e-40
5.651008036004946e-40
4.946677535465944e-40
4.883743689100774e-40
4.986925766189703e-40
5.04975898662869e-40
5.567544377789097e-40
5.1208233090974305e-40
4.849669722469206e-40
4.706750998366963e-40
4.834463596032844e-40
4.6904237556377525e-40
4.635127481695701e-40
5.55605858610156e-40
6.159159152027158e-40
5.623638142896052e-40
5.0901634698468326e-40
4.582118112266789e-40
4.415378408401728e-40
4.9626568062964025e-40
4.794654985810966e-40
5.553193485702817e-40
5.346098761732609e-40
4.735956121915013e-40
5.23435789016855e-40
5.918388962763156e-40
5.910287327897822e-40
5.442990260862833e-40
5.54333636564813e-40
5.3493448135870436e-40
5.259505192851542e-40
4.998250739628449e-40
4.7856323387456355e-40
4.9227225603675725e-40
5.388943477578589e-40
4.678348117905595e-40
4.410367239276559e-40
4.795200983825785e-40
5.036473150226854e-40
5.38458050201519e-40
4.956398695902269e-40
4.941264914691863e-40
5.477313133749881e-40
5.771292780565048e-40
5.949596202366498e-40
6.1754469525167194e-40
6.212836796209235e-40
6.239444274419116e-40
5.566571361280872e-40
6.27493200087994e-40
5.520529047367215e-40
5.509006996543238e-40
4.954872191663444e-40
4.7411568468282395e-40
4.890512338544724e-40
5.246384980253569e-40
5.0441264722715185e-40
4.743070496983973e-40
4.798704574006156e-40
4.7117014304750164e-40
5.2608051499316565e-40
4.929913134521808e-40
4.6012732609189975e-40
5.253153283141845e-40
5.218539176593138e-40
5.678256207730625e-40
5.735605878939645e-40
6.2450646561824614e-40
6.109867058398047e-40
5.43908001432194e-40
5.405949772458523e-40
4.990274525467724e-40
5.743806540790704e-40
5.569654892786732e-40
5.337705488269205e-40
5.881527178351699e-40
5.667437887203785e-40
5.407972298464878e-40
4.666787259311641e-40
4.915501818031043e-40
5.339942483029776e-40
5.08309749063095e-40
4.5979980399635525e-40
4.5962246222566505e-40
4.425052442652746e-40
3.931024716779758e-40
3.656856316607262e-40
3.970017884384933e-40
3.835102231349842e-40
3.749825437080174e-40
3.3971086962993565e-40
3.6582454172587648e-40
3.224970259535871e-40
3.340018707529957e-40
3.3195455116618667e-40
3.473493248469393e-40
3.6083233744173783e-40
3.406021033205544e-40
3.1251818813187373e-40
2.8576647867890283e-40
2.940723641409022e-40
2.8943413816234248e-40
3.441752680333194e-40
3.396879701607097e-40
3.797086937975477e-40
4.695050383420318e-40
4.876144645724641e-40
4.4981204499874875e-40
4.652904046260809e-40
4.896536297362955e-40
5.764794742186963e-40
6.236833702231221e-40
5.673539138696997e-40
4.992427053202038e-40
5.500990852398665e-40
5.9643022572932045e-40
5.943952698723999e-40
5.466569354566883e-40
5.290149446668972e-40
5.143629812045301e-40
4.636634839914905e-40
4.410893081410456e-40
4.148943213968037e-40
3.903881653832651e-40
3.853946888037313e-40
4.3452634757057375e-40
4.220831384798394e-40
4.01194018719211e-40
3.889458445461277e-40
4.87566250338994e-40
5.876493936738053e-40
6.471491291573573e-40
5.9715313216093634e-40
5.998636643244891e-40
5.339205029715483e-40
4.891964135687444e-40
4.452332745239202e-40
4.2229926009647826e-40
4.538838831949985e-40
4.9939287340344455e-40
4.668454238898269e-40
4.488788433890918e-40
4.884880304422499e-40
4.748888591887936e-40
4.515843138787976e-40
4.735616686024024e-40
5.231544013197881e-40
5.007559172720908e-40
4.548508526647443e-40
4.365693571129208e-40
3.994043705273606e-40
3.5904932107673536e-40
4.0694824112967406e-40
4.532495522053533e-40
4.7627705899988166e-40
4.3809847853725265e-40
4.6193051455239774e-40
5.428599179478424e-40
6.473030424330524e-40
5.873895629753849e-40
5.90197537001136e-40
5.320277388695244e-40
5.449049440322387e-40
6.200123224480909e-40
5.848093099351616e-40
5.9982401804043925e-40
5.824484753790067e-40
5.5251360200242916e-40
5.4792513638155505e-40
5.557725241206314e-40
5.786675625275313e-40
5.556643744090684e-40
6.680555385897594e-40
5.700389460400975e-40
6.236265798577218e-40
6.860821220828491e-40
6.573158952787939e-40
6.888856220679536e-40
7.001230719601421e-40
7.932156875385836e-40
8.828176311222213e-40
9.327308306758102e-40
9.343799807341922e-40
8.853319233460337e-40
8.065850419806375e-40
7.836691739055983e-40
7.571686110771224e-40
9.242667077939266e-40
1.042733426343017e-39
1.2677066884695574e-39
1.2650133349423034e-39
1.1887614118985336e-39
1.1202953426235738e-39
1.2445364385697718e-39
1.1992800315806616e-39
1.0772472567352228e-39
1.0023674913264563e-39
1.130196686597531e-39
1.245038356900908e-39
1.1945501963567129e-39
1.3161097616212534e-39
1.3879133638543922e-39
1.4598920206729362e-39
1.4832991708112343e-39
1.4811143820110436e-39
1.475239077339702e-39
1.4595145033197998e-39
1.5504862771092934e-39
1.5642740256760888e-39
1.4956175971048633e-39
1.811082142224798e-39
1.6946970869698405e-39
1.470699955378278e-39
Acceptance rate: 0.279718749999999
1.0649970366396006e-39
9.904526026860444e-40
9.963229959538383e-40
8.844098316098506e-40
9.08302324786074e-40
9.854457319092793e-40
9.488740237569129e-40
9.50828798485047e-40
1.1006520709537638e-39
1.1836883566756967e-39
1.2122971698758111e-39
1.1244632889602235e-39
1.001039393495837e-39
1.1315688503772676e-39
1.1219920786426684e-39
1.1575045575803718e-39
1.2304103565638269e-39
1.437770552377571e-39
1.472094894179389e-39
1.2819613620341035e-39
1.1632151985757397e-39
1.2934800804687676e-39
1.3693544209998975e-39
1.6119026766494038e-39
1.6716283931681586e-39
1.937177821747787e-39
1.8075474942820184e-39
1.8866535735661627e-39
1.5840180282986764e-39
1.5801191826754905e-39
1.6081297421264635e-39
1.5616156776396207e-39
1.3918656461802933e-39
1.4031533689803065e-39
1.3800360335555707e-39
1.3709995127535402e-39
1.3232713597833704e-39
1.2848071446651746e-39
1.2142750401405183e-39
1.2015759536555354e-39
1.2760096425645532e-39
1.135050071964409e-39
1.3405153909646043e-39
1.5048880871574668e-39
1.4345536558502855e-39
1.5337952887873117e-39
1.4393759237570446e-39
1.3133527632736608e-39
1.5002912661939473e-39
1.5139547343205185e-39
1.512190768851605e-39
1.461641309046898e-39
1.3419748005082471e-39
1.2692414785170921e-39
1.1785770016897121e-39
1.1358083688664146e-39
1.1168978184709158e-39
1.0864005272915559e-39
1.1316218945475923e-39
9.57380847209573e-40
9.136743038425527e-40
8.24152708111076e-40
9.395009015785407e-40
9.203577687699437e-40
9.276926633762977e-40
9.49550726993984e-40
1.0901704556965889e-39
9.553761463333204e-40
8.754392020330679e-40
7.266458194291603e-40
6.15197340053075e-40
6.263055299423299e-40
6.133468829220774e-40
6.8177269598919974e-40
7.676036687151912e-40
7.461586457323985e-40
7.478694600995176e-40
7.899505258424505e-40
8.390901249090493e-40
8.059766240598237e-40
8.763684698116259e-40
9.01787501555904e-40
9.861902718544389e-40
8.743457883538333e-40
9.392371105238832e-40
9.410667294072324e-40
9.995588093299459e-40
9.512059292808985e-40
9.788585448753403e-40
9.595975416333374e-40
8.470975228815284e-40
8.631487381203825e-40
8.340132701996498e-40
8.230326860446701e-40
7.8608859689874e-40
8.967488243103565e-40
8.472094059022192e-40
7.607635493989071e-40
8.11562539623132e-40
8.433910217581386e-40
8.728512594270227e-40
1.0772959764618861e-39
1.1503774221053177e-39
1.0758797721722438e-39
1.1316137798861167e-39
1.0017264664894073e-39
8.809309919687382e-40
8.436437300248672e-40
7.945044163546892e-40
7.472571200253248e-40
6.425564828552291e-40
6.417881007918775e-40
6.590724801617217e-40
7.109202843159541e-40
6.59257696733996e-40
6.545779672070506e-40
5.622839819971856e-40
5.500827954307733e-40
5.841423081521649e-40
5.420179920733407e-40
5.416991920336169e-40
6.088309036752821e-40
6.700017857278139e-40
7.830691143485856e-40
6.683338906777609e-40
6.084846079717346e-40
5.9659642114464045e-40
5.886936241933271e-40
5.5112274185447366e-40
5.614636876167647e-40
5.0368769965965525e-40
5.090692618920237e-40
5.296950186621809e-40
4.972460628469266e-40
4.527161500010715e-40
4.667423393040158e-40
4.766148885219587e-40
4.497505253510097e-40
4.44212034544926e-40
4.205813922330839e-40
3.744409241176898e-40
3.6207042264284873e-40
3.329747304053778e-40
3.5026589520874142e-40
3.78626600813543e-40
3.955886588775485e-40
3.778150448462093e-40
3.811281460446117e-40
3.892528481894556e-40
4.151034426289522e-40
4.140988231196707e-40
4.750773753441231e-40
4.783145988933331e-40
4.739978094874647e-40
4.801576892438999e-40
4.786309553000003e-40
5.409590821750638e-40
4.732821717065746e-40
4.387864621209564e-40
4.369978305755948e-40
3.941153349815563e-40
4.081533363479283e-40
4.145417747000841e-40
5.373806524148071e-40
5.5458267839972e-40
5.560539543285559e-40
5.353624235860287e-40
4.570836227826268e-40
5.177839037185511e-40
5.145074918391418e-40
4.880023230779557e-40
5.765777056510185e-40
5.970812118620029e-40
5.435470054924488e-40
5.0647655978110715e-40
5.155678935949801e-40
4.801148932298019e-40
5.201348661366857e-40
5.054656941557188e-40
5.510222202233023e-40
6.689810301856748e-40
7.398107451901262e-40
6.6559877579017085e-40
7.384810294862075e-40
8.187152305470896e-40
8.638580580365377e-40
8.256264421098275e-40
7.900327456037143e-40
7.920910177096357e-40
8.202050666442256e-40
8.824956332594748e-40
9.098851037319517e-40
8.905545146190755e-40
8.376831553880333e-40
8.719530689878594e-40
8.637966777177933e-40
7.630637507569683e-40
8.102305638370089e-40
8.505785044084825e-40
9.791456014436965e-40
9.915492183311253e-40
9.535218744569702e-40
8.3488005470635e-40
7.848676176810922e-40
8.360711241459795e-40
1.1113525950403335e-39
9.889407226424744e-40
9.573032767639645e-40
8.52104696411791e-40
8.093970411732253e-40
8.097871535290588e-40
8.321109929329482e-40
8.62709285559649e-40
8.794666321612797e-40
8.447925027873286e-40
1.0679864337889175e-39
1.1626975987911259e-39
1.036750149691233e-39
1.1086223146563862e-39
1.1735921732878016e-39
1.2236470514720814e-39
1.513761510757578e-39
1.4537687549405862e-39
1.4539984523016422e-39
1.313022708104153e-39
1.567867311958316e-39
1.5427697678115777e-39
1.5167132131621805e-39
1.4118901842022968e-39
1.331405947775481e-39
1.4185334212355216e-39
2.1048793361038133e-39
2.2404171718096274e-39
2.4090754811084947e-39
1.9216820841687747e-39
1.8223469457874214e-39
1.7182822447841052e-39
1.7369905639841195e-39
1.858094106238122e-39
1.7108626422405132e-39
1.6268346629662475e-39
1.5582086967370176e-39
1.564743177441292e-39
1.3506374703068337e-39
1.3926224378061963e-39
1.3897713324963964e-39
1.4214992280743626e-39
1.3190552342636188e-39
1.1975620801635307e-39
1.2646652034911115e-39
1.2347250909568488e-39
1.2300874057043465e-39
1.1551611572275633e-39
1.1639211609224769e-39
1.0850193261586894e-39
1.1343139015206396e-39
1.1365945590069343e-39
1.251982184403042e-39
1.1675330083253948e-39
1.1859999437052276e-39
1.2540277929915389e-39
1.3750439185294249e-39
1.4006961935573635e-39
1.4271600175401814e-39
1.4161698388922884e-39
1.3341372792779721e-39
1.284219696171666e-39
1.3453655415284461e-39
1.5710019674568475e-39
2.130057716119337e-39
2.234665458532814e-39
2.670568390747635e-39
2.6968370926238903e-39
2.6813715884011824e-39
2.5167998778716204e-39
2.6859913177500364e-39
2.4411441953151654e-39
2.1004205377645577e-39
2.32574122030314e-39
2.3356010969024873e-39
2.5493819786619533e-39
2.483647034457113e-39
2.2193150262660036e-39
2.2609877162535986e-39
2.464508551073608e-39
2.7009624966087132e-39
2.5640866727073708e-39
2.9186845002274497e-39
3.1631505746786925e-39
2.9191647728385622e-39
2.924484430318881e-39
2.843880078397755e-39
2.9738702933723995e-39
3.641472615551372e-39
3.170647151455101e-39
3.3188969951579585e-39
3.0389271683924926e-39
3.015880299651898e-39
3.578076970230048e-39
4.080380621004258e-39
4.501818914411727e-39
4.415661834529966e-39
4.318744046290842e-39
4.000625357571066e-39
3.540462918990541e-39
3.332953598817066e-39
4.034658584954198e-39
4.0508199554364244e-39
3.3215025038969164e-39
4.039313865183062e-39
4.32548064973758e-39
4.061482278165661e-39
4.0202566601937064e-39
3.575458224057982e-39
3.133496949947191e-39
3.4881796999680195e-39
3.30520825175378e-39
2.982513599651052e-39
3.1154220617238826e-39
3.3237858871642816e-39
3.1386129271142675e-39
2.9529627880420085e-39
2.8517446066321192e-39
2.826852295611716e-39
3.1272800101292054e-39
2.904252814277992e-39
3.2663383207927124e-39
3.194194558502271e-39
3.1182568234794975e-39
3.4664692825519146e-39
3.7202876193613186e-39
3.282774073685006e-39
2.651155664200667e-39
2.3814256040650778e-39
2.2217520112205388e-39
2.2401015496281422e-39
2.8798601869140165e-39
2.720070902661132e-39
2.6844792478522223e-39
2.442945611786213e-39
2.742846055779725e-39
3.1277664910405755e-39
2.899644808768706e-39
2.7194037714717405e-39
2.3763939274165783e-39
2.1876096294097425e-39
2.2156595574236902e-39
2.3500640157140247e-39
2.3073196964854472e-39
2.2018748576986146e-39
1.951025952106526e-39
1.861496737118137e-39
1.655389180565985e-39
1.5711739571667465e-39
1.3661994101226e-39
1.1514864066259537e-39
1.2306277316769695e-39
1.2197107290867004e-39
1.2173598957948954e-39
9.953679302061979e-40
9.17539602933395e-40
8.330379288020868e-40
8.62964663031786e-40
9.02794899059842e-40
8.741785067932179e-40
8.217312444153601e-40
6.979929187861541e-40
7.713498680695382e-40
7.440267135091077e-40
6.6043481537099015e-40
7.124189844311684e-40
8.142104167028834e-40
7.118678146381888e-40
5.953624937998394e-40
5.482619303966437e-40
5.1401128352196394e-40
5.15600305503487e-40
4.832441845908462e-40
5.077865767586538e-40
5.538728272284194e-40
7.114769034290941e-40
7.526819202146651e-40
8.881424316455471e-40
9.995541403639395e-40
9.286506205689822e-40
8.721707959335123e-40
8.252675826583521e-40
8.789470000425346e-40
8.180412542504234e-40
7.820573059757714e-40
7.59106747238283e-40
8.036880606543672e-40
9.25558808733735e-40
9.712498574067684e-40
9.679743347713259e-40
1.0401156892942877e-39
1.0597303857674413e-39
1.0694241458635123e-39
1.1032390277028127e-39
1.31660154566178e-39
Acceptance rate: 0.2797222222222209
9.200583787372557e-40
9.425662605798428e-40
9.64640833669849e-40
9.370006179640564e-40
9.518155835775449e-40
9.742436771352622e-40
8.338969967506877e-40
7.771058933853512e-40
8.733584357667828e-40
8.117501966626259e-40
7.891675789459396e-40
9.033733624977491e-40
8.412486817679867e-40
7.644185606329489e-40
7.373480347780161e-40
6.389206865121602e-40
6.111020938200809e-40
6.223421549355604e-40
6.463577835931535e-40
7.846053041208804e-40
8.341287032340613e-40
8.619654598686747e-40
8.66533953199344e-40
8.766912504019968e-40
8.955289778601208e-40
8.368801494890679e-40
8.480172390345815e-40
9.930924990487018e-40
1.0729755273503396e-39
1.1178408501560362e-39
1.0571454711883268e-39
1.1984207512554756e-39
1.0607929267698513e-39
9.941621883081552e-40
1.0636374699651545e-39
9.726209444186846e-40
9.32068741034806e-40
9.039932685276442e-40
9.257736831226102e-40
8.76064936694019e-40
7.400499932246785e-40
7.181760540296871e-40
5.962398586371661e-40
5.967870358116897e-40
5.896466049439062e-40
7.080515590310175e-40
7.433092075404266e-40
8.001025908527979e-40
9.594033622894221e-40
9.05226925558541e-40
9.083847675181968e-40
8.603986616019236e-40
8.754767170341231e-40
9.91438985062315e-40
1.1026123004188742e-39
1.1435371553752038e-39
1.0853006192850116e-39
1.1773662622845013e-39
1.3989572386389996e-39
1.697696817585816e-39
1.8305790825458986e-39
1.9956274903049998e-39
1.947187990358415e-39
1.7467139268307416e-39
1.634110111999033e-39
1.5990060260983242e-39
1.5309072643026684e-39
1.3343580538081016e-39
1.2529922314742293e-39
1.1862446641784416e-39
1.3564825182300497e-39
1.5912057650278425e-39
1.51493896732728e-39
1.570759841522071e-39
1.550357001761351e-39
1.4914542625988943e-39
1.5295086596074867e-39
1.4681608401238368e-39
1.5467444714409868e-39
1.627242403357286e-39
1.515959555829547e-39
1.490826700223431e-39
1.3607361627678163e-39
1.3690089014280774e-39
1.2232918834883566e-39
1.2203076275787692e-39
1.1385321897413287e-39
1.1856139117280877e-39
1.1422019393771388e-39
1.1058030353677176e-39
1.1035721887482483e-39
1.140168958430123e-39
1.0556372723818007e-39
9.12450840635952e-40
8.470954858524831e-40
7.196588090860458e-40
7.10581255858171e-40
7.30901909613695e-40
6.9622567658744055e-40
7.350232681508884e-40
7.623987823938154e-40
6.784398867205539e-40
5.9200982876725805e-40
5.8399819007545055e-40
5.850615032968089e-40
6.916455513465873e-40
5.968967191679684e-40
5.723137653982788e-40
4.988500729782312e-40
4.5174688856530695e-40
5.173916226159957e-40
5.400719856139726e-40
5.680938993303541e-40
5.825682167998268e-40
6.561296099387114e-40
7.214604543230609e-40
7.2581545917890745e-40
7.372384976991415e-40
8.017427110235165e-40
7.579977818666203e-40
6.997151748539694e-40
6.58797875481519e-40
6.191611541682317e-40
6.244598312168934e-40
6.519275276352438e-40
5.990047605705591e-40
6.43894788635018e-40
6.389950022581088e-40
6.961277399555404e-40
8.764616586205113e-40
9.072393343524478e-40
8.953926520267746e-40
8.81374738162014e-40
9.144114996009116e-40
9.001938211940483e-40
7.66642655495409e-40
8.284625931879542e-40
8.4969199954131e-40
9.769842605864017e-40
1.0593957680401357e-39
1.0615717287930062e-39
1.1457510113116487e-39
1.2181362612919297e-39
1.1746666205394882e-39
1.228616414220932e-39
1.1745366388776815e-39
1.139738125620569e-39
1.1418051740262054e-39
1.1208954786479642e-39
1.0248869038924995e-39
1.0181736624675343e-39
1.3252801984316534e-39
1.190488700760209e-39
1.1263354486475282e-39
1.1019889456733982e-39
1.1582297110127654e-39
1.0908640397002253e-39
1.0142538434561256e-39
9.230406900503926e-40
1.067288076099656e-39
1.1039678014056585e-39
1.097679949040942e-39
1.1025893535355833e-39
9.75829029168589e-40
9.026575277952528e-40
1.1053358408334352e-39
1.1224907405300674e-39
1.2303676124314098e-39
1.2137147216599645e-39
1.1904791991946098e-39
1.0375121492063816e-39
1.0652300732721024e-39
1.0101842761975092e-39
9.949554526918167e-40
1.0628193657387682e-39
1.0189187318010385e-39
1.089326077874228e-39
1.1910321349563404e-39
1.1534505116783032e-39
1.1536745309128401e-39
1.1831358055760762e-39
1.247333861507648e-39
1.2927327216285916e-39
1.213058007446868e-39
1.3549333846311856e-39
1.4279717673455467e-39
1.3248872051855214e-39
1.1430899463058076e-39
1.113853245040628e-39
9.371503146577495e-40
8.657869445924725e-40
7.898638970102247e-40
7.356058442565042e-40
7.676657225531826e-40
8.253888839337909e-40
7.497040477439968e-40
6.957030932295431e-40
8.210960393590425e-40
9.036465310451997e-40
9.097307318648486e-40
8.543969461046855e-40
8.343590562217393e-40
9.269332337744194e-40
9.702271152852165e-40
9.687146444245402e-40
8.812111049336345e-40
7.529455979502221e-40
7.702551816823747e-40
7.97390509887044e-40
7.318730287578803e-40
7.1208002156852246e-40
7.07357765777507e-40
7.083323680712153e-40
8.342238800327193e-40
8.757080304725545e-40
8.980090840189872e-40
9.306751015279506e-40
9.166653405669924e-40
7.9764082049844e-40
9.340121393413434e-40
1.1307197621355246e-39
9.860484831873849e-40
1.1227994102661759e-39
1.120601077088019e-39
1.0732884032354406e-39
9.917140282094203e-40
8.453609522829703e-40
9.432336147746763e-40
9.128936029811118e-40
8.078636251769424e-40
8.198629958923146e-40
8.299968399120692e-40
8.282953335009768e-40
9.249059244651365e-40
1.0085050282948035e-39
1.2076502082980817e-39
1.1932492424437661e-39
1.118340515340744e-39
1.2338863525356484e-39
1.284029102902092e-39
1.1515945489241849e-39
1.1117461666111391e-39
1.2994029690349273e-39
1.2288671474327965e-39
1.0083981940119038e-39
9.471792924459377e-40
1.0247408895051192e-39
1.0559399293927383e-39
1.127309360723756e-39
1.108767005593531e-39
1.2494494506172102e-39
1.4537633752747964e-39
1.421131283053846e-39
1.2655574423391294e-39
1.2811846655962033e-39
1.5095849884193472e-39
1.59186036361088e-39
1.7067521326121033e-39
1.597757537857752e-39
1.6619034136240236e-39
1.534690175734827e-39
1.232423362792304e-39
1.108385756509123e-39
1.085425056615782e-39
1.1424236148011639e-39
1.1198635335010907e-39
1.053940269748929e-39
1.0632931994981005e-39
1.1519850870855159e-39
1.2175946578884375e-39
1.1278109212947919e-39
1.2049290364229849e-39
1.0266401835609634e-39
9.86980462220674e-40
9.78668653156098e-40
9.357619053285085e-40
8.240679843522e-40
7.988770058296878e-40
7.217923390000923e-40
6.876415249965026e-40
8.486440125371196e-40
8.520779589068841e-40
8.409834176604425e-40
8.533871343688338e-40
7.892010715716145e-40
7.693004235012614e-40
8.42448016375137e-40
7.443406508431522e-40
7.461456289721315e-40
7.396398829917776e-40
7.294409713164529e-40
6.4497382604838615e-40
5.8888791702071945e-40
5.690243488443099e-40
5.415857010766105e-40
5.281882628423638e-40
5.585754402996207e-40
5.528159200896363e-40
5.792496915867949e-40
5.8608772580452766e-40
5.7561737840790825e-40
5.858306825299924e-40
6.071473173921058e-40
6.27937517183724e-40
7.0172199629824754e-40
6.317327922628403e-40
5.439834479707358e-40
5.0991171079589235e-40
5.315405493176568e-40
5.260763507834418e-40
5.34827194994878e-40
4.924588850293959e-40
5.426283747219851e-40
5.836220662601355e-40
5.653268947072594e-40
5.987511371603403e-40
5.261866342421897e-40
4.648297367986429e-40
5.036149391238875e-40
4.711708621776426e-40
4.451724836634566e-40
4.368068768614036e-40
4.9070575614131345e-40
4.7854589156189025e-40
4.147777793822437e-40
4.109471855288755e-40
4.359907847502033e-40
4.145945711608306e-40
3.257699730963789e-40
3.4984758182943607e-40
3.556705668685909e-40
3.2974139836251398e-40
3.3068812164172434e-40
3.4744439581408975e-40
3.356199247973503e-40
3.7354008543211734e-40
3.6611648151460746e-40
3.755975789106422e-40
3.905892255600067e-40
3.7908613123586915e-40
3.4078001103598217e-40
3.0297346356597127e-40
3.2822461178655594e-40
3.529084748832649e-40
3.9016598831553385e-40
3.5664537310012244e-40
3.877197350022707e-40
4.655335468066522e-40
4.652881876600384e-40
4.746249175688794e-40
4.4935645759252365e-40
4.625766506809134e-40
4.752007756089e-40
4.869585077981807e-40
4.521878490072208e-40
5.308168529426218e-40
5.281181006037368e-40
5.5002538476264604e-40
5.285128114363198e-40
5.294051977199246e-40
5.314545466599774e-40
4.792621776870498e-40
4.6150662747502885e-40
4.985971161668991e-40
5.1037742722799686e-40
5.921975617634732e-40
5.93077503845333e-40
5.8685924991203595e-40
6.384349357049439e-40
6.08580473283273e-40
7.3323175313222105e-40
7.392049570656035e-40
7.325241056566517e-40
6.7638161772889096e-40
6.566524394595891e-40
5.973148415752541e-40
6.4559070458712824e-40
6.333139535497764e-40
7.0458529563857764e-40
6.418721485064861e-40
6.8701607609774875e-40
8.435527399375885e-40
8.29581295673603e-40
8.253830717614816e-40
8.346662342129959e-40
8.008195538261121e-40
7.836908048710647e-40
8.705618028870735e-40
8.710404493227622e-40
8.316744866692095e-40
8.175503251019414e-40
7.651156473775194e-40
8.296433665667912e-40
7.450365383419675e-40
6.932861718171586e-40
6.449128488914484e-40
5.960260842496821e-40
6.971023018094987e-40
7.444995456154394e-40
7.2322409663408274e-40
Acceptance rate: 0.2815749999999976
Sampling time (10 samples): 10593.1632 seconds
