/scratch/users/yanlan/TroubleShooting/MCMC2/Output/AM_PM_ET_194_333_00
1.2356892190781856e-06
6.541689106295048e-07
3.354657222343407e-07
1.6662339974773992e-07
8.22163962954895e-08
4.045815005491959e-08
1.9897942265671806e-08
9.79278219130017e-09
4.826433768992843e-09
2.383249463301659e-09
1.4347253321129892e-09
8.187705993716481e-10
4.526469841381655e-10
2.6394230031814905e-10
1.6582045998736371e-10
9.794245191190196e-11
5.5761850009018755e-11
3.100101918978022e-11
1.695817819575753e-11
9.17113462910927e-12
4.919177271612133e-12
2.6227144224296917e-12
1.5465876612554468e-12
8.940677032156483e-13
5.05793138448606e-13
2.817988414356017e-13
1.5526249342995528e-13
8.483734759418729e-14
4.606580206495762e-14
2.4893506173258907e-14
1.3402779806119342e-14
7.195783322840376e-15
5.165884052506535e-15
3.4686077089130646e-15
2.5408249765876457e-15
1.7900768510461935e-15
1.1592842651113637e-15
7.149144279323514e-16
4.2714078254812134e-16
2.6181307162348733e-16
1.55929561749033e-16
9.101273628081929e-17
5.234314110529458e-17
2.976976604976193e-17
1.67862746648189e-17
1.0628748541832321e-17
6.886549388116097e-18
4.272710222666004e-18
2.575743631263105e-18
1.5215097635631685e-18
8.854129810227525e-19
5.094247121109216e-19
2.9052123481033853e-19
1.645290271276561e-19
1.1433611988708483e-19
7.893716339287755e-20
5.11782259255165e-20
3.1905789396799967e-20
1.9369190985835683e-20
1.1536572755316455e-20
6.774362951573464e-21
3.93476959784104e-21
2.519061093245032e-21
1.6110012568704467e-21
9.9750577653071e-22
6.038252825725239e-22
3.5950175574621074e-22
2.916322617367344e-22
2.117147800661898e-22
1.7198040602285542e-22
1.2247047561937579e-22
8.478429148246782e-23
5.652564620522363e-23
3.6090541672548186e-23
2.2384571189604146e-23
1.3599746731161018e-23
1.0378268366625429e-23
7.922812028707481e-24
5.4877021213280085e-24
3.904758537106018e-24
2.601912870655829e-24
1.664489259211114e-24
1.03576355908789e-24
6.318466240998398e-25
4.941998975367209e-25
3.537294890277341e-25
2.3697863533299364e-25
1.5237399479379092e-25
9.528410619674354e-26
7.777949355952994e-26
5.838121510183458e-26
4.025166577884801e-26
2.6399160601456736e-26
1.6755679343266232e-26
1.0392716986075956e-26
6.3375154905034025e-27
3.814837552852371e-27
2.3625882164806114e-27
1.6129306058355918e-27
1.052922336281201e-27
6.670565342634349e-28
4.136689178049091e-28
2.5248309413883056e-28
1.522271615254532e-28
9.089793038690646e-29
5.385645306726825e-29
3.170740343713353e-29
1.8569443061387835e-29
1.082747156404547e-29
6.289921238885588e-30
3.6424794259429145e-30
2.1036977952081066e-30
1.2121904724407459e-30
6.971077642015443e-31
4.002113541690373e-31
2.738345696499008e-31
1.896832622727362e-31
1.2545427375259212e-31
8.045500974666343e-32
5.047739082314551e-32
3.1156664146371663e-32
1.899097885049128e-32
1.30884102749651e-32
1.0546677325293753e-32
9.584286765031534e-33
7.770741741691714e-33
5.769331621477669e-33
3.989099381121825e-33
2.6403405970231832e-33
1.8629921458662485e-33
1.3687614214593102e-33
9.413468741774314e-34
6.2127861827841856e-34
3.987014688127349e-34
2.5073773949147274e-34
1.6497650584226917e-34
1.5123255669939872e-34
1.1643432371041494e-34
8.236379976256893e-35
5.542077327052786e-35
3.6083675151732214e-35
2.6332595687514865e-35
1.8776388143346042e-35
1.270600562554389e-35
8.30939081596969e-36
5.305359946194257e-36
3.3279467115189634e-36
2.0594819683083348e-36
1.260997624762723e-36
7.655130770412698e-37
4.614774267814018e-37
2.765838291534424e-37
1.6496347979253716e-37
9.798449305210252e-38
5.799593837048966e-38
3.4223438323484694e-38
2.014253669228337e-38
1.1828209589222166e-38
6.932103828505383e-39
4.0556512172298575e-39
2.3691837102386055e-39
1.3821655046134906e-39
8.054056559952541e-40
4.688392875152182e-40
2.726729121650446e-40
1.5845879578906987e-40
9.202150731629214e-41
5.340705166834265e-41
3.097973792962502e-41
1.796208941412958e-41
1.0410293807431794e-41
6.031432738120707e-42
3.4934243423101365e-42
2.0229047337499056e-42
1.1711452953862526e-42
6.779126692251523e-43
3.9235503703610005e-43
2.2706007825415534e-43
1.313925586798685e-43
7.602921166237043e-44
4.3992664000492917e-44
3.059995336785634e-44
2.3240437473761895e-44
1.643389637819117e-44
1.1121833330985236e-44
7.307095611943556e-45
4.6996903919692114e-45
2.9747722547351333e-45
1.859748917398824e-45
1.1512545971189842e-45
7.06987282133703e-46
4.3130440068209685e-46
2.6167307405024756e-46
1.5801869414860104e-46
1.1071881716696894e-46
7.66344259490497e-47
5.119201679773469e-47
3.3357512473129856e-47
2.1342280581034877e-47
1.3465195514092957e-47
8.402406008265254e-48
5.1969364494041007e-48
3.1910915039460995e-48
1.9476502659122122e-48
1.1827098449854384e-48
7.151085098622123e-49
4.307843673180326e-49
2.586793614336164e-49
1.5490297415721418e-49
9.25351543102761e-50
5.516101063134653e-50
3.282060959018058e-50
1.9495980341006274e-50
1.1564045869653318e-50
6.850345882553866e-51
4.053367076967353e-51
2.395936835930257e-51
1.4149452616143974e-51
8.349339716563985e-52
4.92324554298557e-52
2.9011641365310068e-52
1.7086202749899855e-52
1.0057711333170289e-52
5.917773102967849e-53
3.480532989351026e-53
2.0463604974362114e-53
1.202780088274512e-53
7.067650777131348e-54
4.152066167538241e-54
2.4387540154196912e-54
1.4321855332500514e-54
8.409497289343512e-55
4.937318942612099e-55
2.8984963793999568e-55
1.701468838788512e-55
9.987421671714802e-56
5.86230949831981e-56
3.4409414286524894e-56
2.0196943429569746e-56
1.185495719581754e-56
6.958665741510682e-57
4.0847816596556514e-57
2.3979131666363725e-57
1.407745906792757e-57
8.265049483962967e-58
4.852894451437504e-58
2.8496661877953604e-58
1.673509487325909e-58
9.828934917497425e-59
5.773400039125995e-59
3.391613562587796e-59
1.992659127170324e-59
1.1708839020461998e-59
6.88098955776694e-60
4.04432563960827e-60
2.3773945194879824e-60
1.3977128378278898e-60
8.218597582369996e-61
4.8332797740678836e-61
2.842836574520717e-61
1.6723561664595024e-61
9.83951444490364e-62
5.7901200597872635e-62
3.407778805722596e-62
2.005977206321594e-62
1.1810060629402455e-62
6.954253210324498e-63
4.0956397675538836e-63
2.412495229979186e-63
1.42129805896977e-63
8.374874854306427e-64
4.9356730263091886e-64
2.909308074849061e-64
1.7151758840437835e-64
1.0113547833214455e-64
5.964507552469238e-65
3.5182125610103667e-65
2.0756120349540973e-65
1.2247489635053293e-65
7.22811277548169e-66
4.266579243702883e-66
2.5189054334027276e-66
1.4873772410134325e-66
8.784310373499481e-67
5.18885475511594e-67
3.065580110243308e-67
1.811469945357396e-67
1.070599120559192e-67
6.328486836539348e-68
3.741537295254039e-68
2.2124701038888644e-68
1.308524330718059e-68
7.740395740985644e-69
4.579535205260895e-69
2.7099195917065966e-69
1.6038659101258236e-69
9.494153133869765e-70
5.6210933594378056e-70
3.328600043182524e-70
1.971417162099068e-70
1.1678078767434354e-70
6.918947840174111e-71
4.10000453634875e-71
2.429987682323941e-71
1.440452981451024e-71
8.540222832066102e-72
5.064239501551657e-72
3.0035440279931783e-72
1.7816742821509247e-72
1.0570535032145054e-72
6.272487195375235e-73
3.722687269370837e-73
2.209770044290049e-73
1.3119315158089859e-73
7.790199853319326e-74
4.626570450321827e-74
2.748164333960437e-74
1.6326720161696602e-74
9.701250538872544e-75
5.765391496454538e-75
3.4269043739083193e-75
2.0372628064908955e-75
1.2113337086349116e-75
7.203640179197796e-76
4.284611705810525e-76
2.5488364189467304e-76
1.5165030206854102e-76
9.024334890866048e-77
5.371029297751741e-77
3.1972015837450512e-77
1.9034982591688904e-77
1.1334560931192894e-77
6.750352601378331e-78
4.0208469502107303e-78
2.3953983181904774e-78
1.4272723093630744e-78
8.505593637040975e-79
5.0695673711942927e-79
3.02207637680022e-79
1.8018060105551062e-79
1.0744308638115991e-79
6.407912296298838e-80
3.822276272099634e-80
2.2803148422086747e-80
1.3606128587866822e-80
8.119721611869727e-81
4.846344854043393e-81
2.8930363519971883e-81
1.7272677543136406e-81
1.0314102320265246e-81
6.15983386274031e-82
3.6793589161347526e-82
2.198065867975498e-82
1.313331748294575e-82
7.848256304939858e-83
4.6906897486540505e-83
2.8039149737355383e-83
1.6763217310721073e-83
1.0023378246369513e-83
5.994250372561887e-84
3.5852501337035604e-84
2.144705534269359e-84
1.2831555983393006e-84
7.678108101402825e-85
4.595070519898071e-85
2.7503819563007763e-85
1.6464802399958873e-85
9.857857424036624e-86
5.902973770802662e-86
3.5352595244997225e-86
2.1175500858671054e-86
1.2685507366330258e-86
7.600524626258904e-87
4.554499895091619e-87
2.72960018897581e-87
1.6361323090713816e-87
1.2595549663327554e-87
1.018044226613049e-87
7.593488570879898e-88
5.397426754733194e-88
3.7152800058084895e-88
2.4995473889831853e-88
1.653129343337946e-88
1.0789609493705481e-88
6.968429134943798e-89
4.4622266252669756e-89
2.837264161759096e-89
1.7933915373067415e-89
1.1278919609776523e-89
7.06299619575677e-90
4.406493572195146e-90
2.7402417430556638e-90
1.6992223584117505e-90
1.051050648972519e-90
6.486846394985883e-91
3.995643175949039e-91
3.424109034411018e-91
3.188637288325629e-91
2.5592412454054313e-91
1.9037778480535424e-91
Acceptance rate: 0.007999999999999985
1.1864566006912213e-91
8.314757468384353e-92
5.671730860473067e-92
3.7932065991876316e-92
2.4990146068522925e-92
1.6270662261271645e-92
1.0493472409488815e-92
6.71511308686066e-93
4.2694548687455384e-93
2.6997041964521975e-93
1.6991568530083918e-93
1.200625805365328e-93
1.523460973805465e-93
1.373390912110946e-93
1.0869070893646616e-93
8.026941562328737e-94
5.679002770263643e-94
3.902287632887249e-94
2.625440727375128e-94
1.738455304951338e-94
1.1369027758107624e-94
7.361386396872565e-95
4.727860006227987e-95
3.0160430877893035e-95
1.9131217339032228e-95
1.2076654858932329e-95
7.591797306082898e-96
4.755290431839974e-96
3.2620250150134762e-96
2.4361075964927707e-96
1.7372116733708152e-96
1.201001959291903e-96
8.120523639467175e-97
5.558047192239237e-97
3.78796643865402e-97
2.5342648668723976e-97
1.6715870857963982e-97
1.0902650214547494e-97
7.046855852241639e-98
4.520796573468336e-98
3.092973136116948e-98
2.3447254274078886e-98
1.6890561965861915e-98
1.393338313811001e-98
1.0927961359965492e-98
8.039794902672715e-99
5.681076731946894e-99
4.909136492749789e-99
3.9518637779133506e-99
2.9528301908063553e-99
2.1082317937367665e-99
1.4598055385084872e-99
9.88822908096404e-100
6.588128833920495e-100
4.3333427751965827e-100
2.8211619631428396e-100
1.8213833552252158e-100
1.1677890733149534e-100
7.443840283725196e-101
4.7214740180344516e-101
2.9820132738677164e-101
2.511725083809439e-101
2.1677999457749447e-101
1.683839281771847e-101
1.2326855911224049e-101
8.68798569249068e-102
5.9639826055236556e-102
4.015613360714894e-102
2.6641040542234873e-102
1.747028907611531e-102
1.1349544959154836e-102
7.316662738412938e-103
4.686598958259621e-103
2.9856889787486997e-103
1.893287234382528e-103
1.195778568120158e-103
8.486033332328549e-104
7.134684673517841e-104
5.4699995598424516e-104
3.9748278233768934e-104
2.788929615612945e-104
1.9092071928702478e-104
1.2833370953433642e-104
8.506124779119417e-105
5.5756786389344074e-105
3.622078260015297e-105
2.3355970373802777e-105
1.4967297024931992e-105
9.5412554577437e-106
6.054974964754508e-106
3.827626807205204e-106
2.41143453959662e-106
1.5147167551406912e-106
9.489642095760412e-107
6.928079023716432e-107
5.727483357319181e-107
4.354625654314013e-107
3.1500050302277893e-107
2.204664718516235e-107
1.507286404531982e-107
1.0126491931006456e-107
6.712049851567247e-108
4.40138283877257e-108
2.8611237826197954e-108
1.84652038808752e-108
1.184530440575359e-108
7.559783566259783e-109
4.803529231282511e-109
3.0405825827253666e-109
1.9182722877082198e-109
1.206693979137894e-109
7.571219970928157e-110
4.739607779443988e-110
2.9609742749137057e-110
1.846441668672566e-110
1.149545212575019e-110
7.146223430706433e-111
4.436588706263607e-111
2.7510501244496866e-111
1.7040138096685923e-111
1.0544262208758688e-111
6.518781036386619e-112
4.026784218204388e-112
2.4855545003008575e-112
1.533166647974692e-112
9.715295854408935e-113
7.495278020361688e-113
5.478347787869197e-113
3.8654219258209925e-113
2.660583023334968e-113
1.7979831556026277e-113
1.1980257099235982e-113
7.89400196543637e-114
5.1546916359105755e-114
3.3409622732538844e-114
2.151946619791309e-114
1.3787813247806647e-114
8.794121795798263e-115
5.587138021499556e-115
3.537570759400631e-115
2.319659601720842e-115
1.9581513274125488e-115
1.5091971025013202e-115
1.1030507871395033e-115
7.786663568683371e-116
5.363768111850561e-116
3.628274673930142e-116
2.4202352323490983e-116
1.596630602365269e-116
1.0438876680769213e-116
6.774656605725766e-117
4.3694574553683856e-117
2.803391174354236e-117
1.7905330190040342e-117
1.139168618859569e-117
7.223008583781449e-118
4.566184379408297e-118
2.8790276441316873e-118
1.8110236643362188e-118
1.1368377659353305e-118
8.36350297952978e-119
6.648204726576241e-119
4.9554173513857114e-119
3.5468722482380756e-119
2.7691735888170064e-119
2.6573142918079285e-119
2.2224572720997742e-119
2.0247129183050898e-119
1.8846617274242196e-119
1.5431560101719933e-119
1.187956076568414e-119
9.97748472319214e-120
8.341173154127723e-120
6.403149047790367e-120
4.6732663370710725e-120
3.298716929917301e-120
2.6989705039315485e-120
2.1021300660770433e-120
1.5484364128434797e-120
1.1000488353377934e-120
7.619462100949914e-121
5.485579518643973e-121
3.8991616592584235e-121
2.701982269017624e-121
1.8375862503596983e-121
1.2318676992817041e-121
8.16476323604462e-122
5.362059234684575e-122
7.693591380537403e-122
7.238141665716701e-122
5.80149701740188e-122
4.350356320664747e-122
3.666526999886414e-122
4.177111659137143e-122
3.9516324307624356e-122
3.232300493585654e-122
2.4531715323130623e-122
1.922005961150653e-122
1.5400074186792245e-122
1.1549050900516456e-122
8.30915992066277e-123
5.8107675881589685e-123
3.980581455461038e-123
3.2486540287511834e-123
2.5385610976073325e-123
1.875423632305707e-123
1.3360386134150588e-123
9.278675470920194e-124
6.583856619220566e-124
5.888413147131622e-124
4.6913444892707656e-124
3.507744384705382e-124
2.9904763455793297e-124
2.3518972419734287e-124
1.744941298985522e-124
1.2792765032516342e-124
9.708143167057756e-125
7.888546738995291e-125
6.013560393706264e-125
4.375595513205761e-125
3.0858049821562637e-125
2.1280047842777106e-125
2.0975129077967042e-125
1.8457648552040653e-125
1.459303033580794e-125
1.0453219492136423e-125
7.251773839565167e-126
4.940435030267544e-126
3.3191041992689224e-126
2.2053057899261426e-126
1.4521749722802584e-126
9.491852711046418e-127
6.1657518170336004e-127
3.984119332683575e-127
2.7013764356605403e-127
2.120033058173982e-127
1.571976310232062e-127
1.1620637451262937e-127
9.067477126173404e-128
6.70005840338379e-128
4.778017691996729e-128
3.3233824766271967e-128
2.269305810059021e-128
1.5277081029101148e-128
1.0169707377352822e-128
6.708504746634166e-129
4.3922236998204834e-129
2.8576858971053653e-129
2.4530845371338183e-129
2.001347373548527e-129
1.519568631506033e-129
1.160288607920097e-129
8.915564250600338e-130
6.526857169763305e-130
4.626438159029779e-130
3.2047560126153416e-130
2.518568907023422e-130
2.820800360952122e-130
2.4808828871029764e-130
1.963591471512833e-130
1.464678942925035e-130
1.1347250312945437e-130
9.44792700337514e-131
7.260810905257479e-131
5.597670358968474e-131
4.700775297711603e-131
3.6303224445691725e-131
2.7650541240490146e-131
2.020811199878709e-131
1.4312420089793718e-131
9.91139016798735e-132
6.748816640829774e-132
4.5355228075794327e-132
3.566481472299295e-132
3.222222180182306e-132
2.7343372894081048e-132
2.1246320575794695e-132
1.5675364251723207e-132
1.1177516251450741e-132
7.780385517766017e-133
5.3194905601112826e-133
3.586997252985118e-133
2.3923445486840183e-133
1.581417171556388e-133
1.037698211022573e-133
6.767264742697889e-134
4.390126335763891e-134
2.8352113946849974e-134
1.8238969613154017e-134
1.169329418971264e-134
7.474365092856826e-135
4.765003324522247e-135
3.030619384400772e-135
2.168721687554302e-135
2.5089051172419107e-135
2.6895034456347156e-135
2.3307779731063043e-135
1.8330872884892367e-135
1.3635101893726565e-135
9.781911828458728e-136
6.8419719399694834e-136
4.696861409246778e-136
3.503715516410705e-136
2.5379953017125104e-136
1.7877022703428997e-136
1.895394446005482e-136
1.7297460997405353e-136
1.3974002707435812e-136
1.0568186310974169e-136
7.668402475544945e-137
5.408687605006642e-137
3.7369938066353555e-137
2.95118426012143e-137
2.6096256354789117e-137
2.0723470132200403e-137
1.5514337660608164e-137
1.1183167808570778e-137
7.851662731539874e-138
5.406990632313634e-138
4.640023804215323e-138
4.48285694412023e-138
3.722467562599105e-138
2.8618455395695614e-138
2.099749560865525e-138
1.4930519520819333e-138
1.0380719761250074e-138
7.096712443879174e-139
4.788463060676663e-139
3.1973681470330403e-139
2.1168273883811335e-139
1.3915723341884235e-139
9.09370010965954e-140
5.91253186725167e-140
3.8274700586045907e-140
2.4683442102502095e-140
1.5865783977875286e-140
1.4862744878603923e-140
1.4015990521641433e-140
1.1516543373730562e-140
8.80487669872088e-141
6.439606739457402e-141
4.5703640383424397e-141
3.174205499917269e-141
2.168823237174091e-141
1.4631185334262036e-141
9.770239088465837e-142
6.470096401102826e-142
4.255077029012983e-142
2.9320364538091138e-142
2.1894864285462883e-142
1.5767569488365234e-142
1.1070163526707514e-142
7.627718298143345e-143
5.180596790046317e-143
3.4787179379723037e-143
2.314497525480429e-143
1.5282517541788823e-143
1.3234105412787266e-143
1.062441811566778e-143
8.016265729106326e-144
5.814609321781649e-144
4.1043068160138224e-144
2.8399226146821325e-144
1.9354344001674153e-144
1.3033627372230387e-144
8.693105784493406e-145
5.752453277271055e-145
3.7815236400446266e-145
2.472051234782975e-145
2.1148332852848204e-145
1.781176983339183e-145
1.3824196376301858e-145
1.0217117258592611e-145
7.309406583061172e-146
5.109330566663423e-146
3.510066077266175e-146
2.3792044503400757e-146
1.5955173849495107e-146
1.367942858135506e-146
1.0724658324125464e-146
7.978752687073744e-147
5.735017601723542e-147
4.023210857390219e-147
2.7718094502650784e-147
3.235384874008881e-147
2.9049132026076024e-147
2.3340448500279313e-147
1.7632557366036284e-147
1.2808251989353361e-147
9.054918623447856e-148
6.275624162272446e-148
4.284046869989504e-148
2.8898788905107703e-148
1.93079893749867e-148
1.2798803164928091e-148
8.428335014438502e-149
5.519431331425441e-149
3.5972961088339326e-149
2.3349043609451134e-149
1.5100928523128482e-149
Acceptance rate: 0.010999999999999977
9.471416499333996e-150
6.094710091749975e-150
3.911817584084967e-150
3.6536232114815287e-150
3.287064964545306e-150
2.65656039185628e-150
2.0022956024819043e-150
1.710809405631473e-150
1.355963167889605e-150
1.0163841195465307e-150
7.347488274088757e-151
5.1784249347720564e-151
4.282712702245582e-151
3.697733387770056e-151
2.9130959840924354e-151
2.175648445715122e-151
1.5690840031193572e-151
1.104097815329452e-151
7.6284146087891095e-152
5.196959898902567e-152
3.5012207368366796e-152
3.262063114092638e-152
2.6726330491246442e-152
2.044565694354663e-152
1.4987485421896254e-152
1.0671349378134268e-152
7.439640226762441e-153
5.104486703581479e-153
3.4588347286036e-153
2.3203679959300211e-153
1.5439078992800077e-153
1.0202812076631603e-153
6.703701915497064e-154
4.382999117091685e-154
2.853540106276818e-154
1.8509405634792317e-154
1.1967274656197448e-154
7.715395774618923e-155
4.9615958709589e-155
3.1834946083759864e-155
2.038491325847155e-155
1.3029395201131804e-155
1.4758855197274338e-155
1.4090906993738384e-155
1.1687891736470418e-155
9.010794983005637e-156
6.641928933229155e-156
4.7495139599211e-156
3.3228712130936436e-156
2.286786032264124e-156
1.5536818363986448e-156
1.044809289018272e-156
8.929375563716266e-157
7.002969776205449e-157
6.266908367741465e-157
5.2743621363502875e-157
4.1014339857140956e-157
3.040787391075069e-157
2.183671996254988e-157
1.5328076479565483e-157
1.0577100789924917e-157
7.202517235380718e-158
4.852957801006111e-158
3.2417795362740107e-158
2.1500784065166245e-158
1.4174622702722203e-158
9.296997062231472e-159
6.070972957804206e-159
3.949215442473131e-159
2.5604032124913665e-159
1.6551006974176141e-159
1.0671000443554218e-159
6.863960140075145e-160
4.4059518711600397e-160
2.822877718808707e-160
1.805558657964872e-160
1.1531033221116569e-160
7.353995489669025e-161
4.684155309648334e-161
2.980164122259997e-161
1.8940568216933103e-161
1.202619362331238e-161
7.629222373731952e-162
4.835933966101503e-162
3.0630675944707826e-162
1.9388063442108965e-162
1.2264139735996588e-162
7.753283741035838e-163
4.898910309093318e-163
3.0938280965255996e-163
1.952953721714483e-163
1.232258129185697e-163
7.7721129271083e-164
4.900234132064163e-164
3.0884924601132125e-164
1.9459829754562007e-164
1.2257568142778487e-164
7.718833237312604e-165
4.8594786137577835e-165
3.058625976064996e-165
1.9247272730629789e-165
1.210946923815019e-165
7.617291449281448e-166
4.7907293496055607e-166
3.01254779354288e-166
1.89409948749207e-166
1.1907294360834297e-166
7.484615336311042e-167
4.704097410658031e-167
4.157544975831956e-167
3.5025540408016354e-167
2.7288928907898588e-167
2.027962844295831e-167
1.460110690281417e-167
1.0277105146792549e-167
7.111690653217001e-168
4.856675364713033e-168
3.2819147525772498e-168
2.1987835996409703e-168
1.4626492027464232e-168
9.671423343183955e-169
6.36236979515701e-169
6.21820787955299e-169
5.2264234825669905e-169
4.067851557090908e-169
3.021785370007585e-169
2.1755059780725105e-169
1.5314563638166692e-169
1.060043250445133e-169
7.241794610922186e-170
4.895747364280543e-170
3.9859372344871815e-170
4.715118448348967e-170
4.277661462230022e-170
4.2326140726002145e-170
3.578631196019461e-170
2.795498085744821e-170
2.758963681811551e-170
2.3725646237045833e-170
1.8711378314437664e-170
1.4973602146330684e-170
1.1647470201286423e-170
8.651774026143704e-171
6.230219669464835e-171
4.790540748352775e-171
4.475000717157383e-171
4.160217309594513e-171
3.5923282370977934e-171
2.8401456758625376e-171
2.13198564637039e-171
1.546682881162081e-171
1.0952856333239298e-171
7.618126440642716e-172
5.225684441777457e-172
3.5452938072119846e-172
2.3838226892542e-172
2.689383064111072e-172
2.681591054321399e-172
2.2765638915220816e-172
1.7834338672461375e-172
1.4404970396255207e-172
1.1533883919517169e-172
8.729024951446041e-173
7.727490219215754e-173
6.538049800875475e-173
5.112686776821824e-173
3.8123959237771244e-173
3.411584646157559e-173
2.9991380923921966e-173
2.3954748973640105e-173
1.792396187609186e-173
1.2690026939838262e-173
1.4375845978213561e-173
1.3340804354495589e-173
1.2010137790535487e-173
9.714637590726442e-174
7.4002939910138625e-174
5.424976297845049e-174
3.872303002768094e-174
2.71045574004198e-174
1.8690453503722796e-174
1.2737334176071458e-174
8.598156587614158e-175
5.75879813483827e-175
3.8319098465878045e-175
2.535653920211235e-175
1.6699405601648956e-175
1.0952845392676463e-175
7.158072225849323e-176
4.663345995735015e-176
3.0296353531684273e-176
1.9633988192926032e-176
1.2695997546777897e-176
8.193395308083747e-177
5.278193182455414e-177
3.3947316432765964e-177
2.1801672460907855e-177
1.39828610663734e-177
8.957260476252868e-178
5.731558462101046e-178
3.6637787370972815e-178
2.493156795075741e-178
1.8184832017265398e-178
1.2937567193635393e-178
9.036095081409287e-179
6.222137571331877e-179
4.236524292421754e-179
2.8583555758272362e-179
1.914032635584713e-179
1.2736117459976927e-179
1.346084414787875e-179
1.1732689920949821e-179
9.337380335660521e-180
7.0468394320088135e-180
5.136291959309395e-180
3.6529350245336307e-180
2.551039559116967e-180
1.756666933427856e-180
1.1962452102982681e-180
8.072761174991906e-181
5.407247887443111e-181
4.1290958305254354e-181
3.506274523892994e-181
2.751004189463384e-181
2.0578720021152407e-181
1.4910490702550306e-181
1.0559866134353421e-181
7.351857808694802e-182
5.0508832524246494e-182
3.4334815498455876e-182
2.3139248118827335e-182
2.0601959765421518e-182
1.9624621601450068e-182
1.6347925212751428e-182
1.2688628595233068e-182
1.178816872820475e-182
9.702268536308468e-183
7.477631120518338e-183
5.53007287527983e-183
3.975590128851025e-183
2.799768716038295e-183
1.9410859294385263e-183
1.3293386518931214e-183
9.014439130168208e-184
6.063504433398646e-184
4.0511128982164404e-184
2.6911875929617364e-184
1.7790640253735478e-184
1.1711331978001123e-184
7.681115886706894e-185
5.0215893227974236e-185
3.273561137554712e-185
2.1286311896824474e-185
1.3810169787175578e-185
8.941647745349146e-186
5.778879055476292e-186
3.72866718734519e-186
3.1482907536002426e-186
2.5130909775119813e-186
1.9017523054635428e-186
1.3896816600911805e-186
9.907656264829124e-187
6.935550809912154e-187
4.787062527077871e-187
3.2673935371756994e-187
2.210005151060052e-187
1.48364160328652e-187
9.89764316961062e-188
6.56769163934684e-188
4.33809424033767e-188
2.8540103081253692e-188
1.871116925538664e-188
1.2229706147122704e-188
7.971734594433472e-189
5.183715089052458e-189
3.3635020839183715e-189
2.1782096280348644e-189
1.4081464626736254e-189
9.08883288880938e-190
5.857928589290909e-190
3.7706095401885386e-190
2.424153873987811e-190
1.5568055165254288e-190
9.987882020240744e-191
7.641445256150634e-191
6.124307053843948e-191
4.6483398226709955e-191
3.4050001278177076e-191
2.4327104911715024e-191
1.706187453945244e-191
1.1797139540207525e-191
8.06538941239128e-192
5.4638766770860245e-192
3.673620628436511e-192
2.4543381004358148e-192
1.6309312993330691e-192
1.0787711273213213e-192
7.106934532198004e-193
4.665671926416799e-193
3.0535660022957843e-193
1.9930360618827826e-193
1.2976863903398523e-193
8.431028297261579e-194
5.466932848877942e-194
3.5386915012106044e-194
2.2869204750929203e-194
1.475813127047006e-194
9.511318887103224e-195
6.1225091380618035e-195
3.936779160895316e-195
2.528802139601133e-195
1.6228778357030677e-195
1.896321073644456e-195
1.8300003303734164e-195
1.5368667700335016e-195
1.2003766574614858e-195
8.966531148680007e-196
6.49855690279897e-196
4.60840129449348e-196
3.214762074507488e-196
2.214019228099733e-196
1.509226481617192e-196
1.0201900725800325e-196
6.848186210074905e-197
4.569952133847681e-197
3.034332149494175e-197
2.005997330578325e-197
1.3211651015364539e-197
8.672531969495935e-198
5.676310484780334e-198
3.7056187015781815e-198
2.4135182602125047e-198
1.5686989081368447e-198
1.0176954165886117e-198
6.591198096541587e-199
4.262333060773575e-199
2.7524968237116604e-199
1.7752374439404786e-199
1.4729522329607525e-199
1.1918702107571738e-199
9.10834739299408e-200
6.708240967735574e-200
4.814667299897852e-200
3.3904253930292465e-200
2.75451872978865e-200
2.2659835048246083e-200
1.749403601476354e-200
1.2973782400256922e-200
9.358514787773744e-201
6.615564351020059e-201
4.605142859703286e-201
3.1670915130169153e-201
2.156978650444851e-201
1.4573038208733705e-201
9.780206418850936e-202
1.0842043989114025e-201
9.956076878890444e-202
8.169043187699145e-202
6.298006026606885e-202
4.66716134295909e-202
3.3653315236632525e-202
2.3785606451846903e-202
1.6556799714441757e-202
1.5036945204561965e-202
1.227009834603024e-202
9.429313801446689e-203
