/scratch/users/yanlan/TroubleShooting/MCMC2/Output/AM_PM_ET_216_354_00
1.1678888713088753e-06
5.548741513009994e-07
2.8035010084280793e-07
1.4169287557830168e-07
7.074655769035188e-08
3.511347347565564e-08
1.7381838362751645e-08
8.598088921143511e-09
4.2549617178201315e-09
2.1081019284846588e-09
1.0461410596806345e-09
5.201396155730504e-10
2.5915645080429115e-10
1.2940960626168493e-10
6.476823379426557e-11
3.2490960099635023e-11
1.633697396873348e-11
8.233522812453084e-12
4.15906909784694e-12
2.1056722322642742e-12
1.06845190096721e-12
5.433410006020957e-13
2.769018910444747e-13
1.414155916324771e-13
9.679827152936272e-14
7.232122214635991e-14
4.962297476642798e-14
3.146302590215902e-14
1.9010701672435467e-14
1.1136775606476072e-14
6.387046421586359e-15
3.607648083853234e-15
2.3328673587814683e-15
1.4164264913903542e-15
8.35296116197698e-16
4.826941064009437e-16
2.748519638614753e-16
1.6254248367450044e-16
9.775083671785868e-17
5.740905781085318e-17
3.314743160839963e-17
1.8898325777127668e-17
1.1527934908354266e-17
1.0682441563547458e-17
7.901186155515977e-18
5.289920950366242e-18
3.349031114321487e-18
2.0462675171819723e-18
1.220210661144042e-18
7.149653438612903e-19
4.1346256586945106e-19
2.367069794676463e-19
1.344488155694602e-19
7.588829733540133e-20
4.2618365779616154e-20
2.3836141923670858e-20
1.3286748167192782e-20
7.385959598896007e-21
4.096506033239126e-21
2.2678475790996758e-21
1.2535832911380659e-21
6.920755054306883e-22
3.8169599945398443e-22
2.1034540595928686e-22
1.1584425688737822e-22
6.376851243861291e-23
3.5090037650215035e-23
1.9304352389518237e-23
1.0618479339749975e-23
5.84038680093581e-24
3.212366124583586e-24
1.7670165969633854e-24
9.721046318196597e-25
6.145848873735058e-25
4.719066328442166e-25
3.2746873358782913e-25
2.1464992917319027e-25
1.3567115820999465e-25
9.167848533476161e-26
7.576305425699868e-26
5.464385512133808e-26
3.671421355479084e-26
2.911581441729145e-26
2.0607481055471753e-26
1.370544984863264e-26
8.765530142215056e-27
5.458343747335928e-27
4.973156527240392e-27
3.733642718297218e-27
2.696903522940862e-27
1.8341748276054545e-27
1.1921769712038569e-27
7.5181864996764175e-28
4.64035459491978e-28
2.818705244299786e-28
1.6912855806603882e-28
1.0050440256297552e-28
6.958857044932666e-29
4.9454645490761897e-29
3.3108333226908623e-29
2.1340565404767288e-29
1.3401350154146253e-29
8.257760115747094e-30
5.736861266098125e-30
4.347758218432788e-30
3.0258465430513183e-30
2.2119373992085583e-30
1.573675447443877e-30
1.0564704892566064e-30
6.83443773475968e-31
5.954414004685816e-31
4.5467834908034174e-31
3.1840333453193173e-31
2.1015493395717205e-31
1.3449476458178126e-31
1.1663191666754296e-31
9.158906131495687e-32
7.484785571883984e-32
5.995807591291095e-32
4.2562859548370086e-32
2.8606845701469713e-32
2.247638623503792e-32
1.9400573890015712e-32
1.7134789251855082e-32
1.3051265881157333e-32
1.0226638905454864e-32
8.853375105390312e-33
8.039225832164669e-33
7.770619249605853e-33
7.213109564265664e-33
5.2738882560906505e-33
3.616579268080639e-33
2.3823397460528584e-33
1.5267757404979376e-33
9.591962941115369e-34
5.9364007148287675e-34
3.6313676883796845e-34
2.2007972916614652e-34
1.481071498649931e-34
1.7101990274062494e-34
1.450382898661638e-34
1.06994354342895e-34
8.278495187209492e-35
6.951771817420914e-35
5.150895448222542e-35
3.569234569363646e-35
3.2383087729439244e-35
2.452373875549812e-35
2.0938147578651785e-35
1.6488434144584842e-35
1.1835651792700102e-35
8.052593503742933e-36
6.242092529685659e-36
5.6120395760027215e-36
5.1240017269611105e-36
4.116907490209758e-36
2.9902286462870878e-36
2.2054185486027244e-36
2.4992904645031317e-36
2.1875142062764352e-36
1.6488650856397636e-36
1.154472754234395e-36
1.0520593273117117e-36
9.622634815711073e-37
9.330843340676743e-37
8.303948700225263e-37
6.4712168756359645e-37
5.158864599394972e-37
3.899345088765231e-37
3.160207882024122e-37
2.5022682660847976e-37
2.0599654977590655e-37
1.7079856331600887e-37
1.2969936503468213e-37
9.808390088140469e-38
6.910773983713371e-38
6.050919383963246e-38
4.910091544222149e-38
4.325857325470858e-38
5.1851102468223e-38
4.661373340579809e-38
3.820334096523709e-38
3.512020670735348e-38
3.0024242121908504e-38
2.2611886398673588e-38
1.5915013678423786e-38
1.0740139930793754e-38
8.834649892058683e-39
7.463127762142691e-39
6.885182215946377e-39
5.902793398780223e-39
4.4890257159585806e-39
3.2913046204018617e-39
3.3543230929364414e-39
3.644995651402096e-39
3.3676993728064916e-39
2.6338061062274247e-39
1.8767805804873697e-39
1.5759628541405836e-39
1.231792375859477e-39
1.003780254259491e-39
8.842813171008442e-40
9.465198435050004e-40
1.1878534764854633e-39
1.0720914150643063e-39
9.353709202444924e-40
1.0041202840906832e-39
8.62991719280622e-40
8.536775036269542e-40
7.329724654503965e-40
5.554054056647837e-40
5.1329251224913955e-40
4.398439589142025e-40
3.875649089083244e-40
2.9881733888694206e-40
3.3158355927763894e-40
3.496180923890199e-40
3.092445426089826e-40
2.958168261389451e-40
3.390696919506648e-40
3.85622415341579e-40
3.345520087457072e-40
2.4978482622412047e-40
2.490587215220329e-40
2.054109206444658e-40
1.528278633566514e-40
1.4044510386597364e-40
1.3997046694902923e-40
1.4960860334115818e-40
1.5218260903700346e-40
1.334799274663393e-40
1.2918644496367157e-40
1.141230562570363e-40
1.047618298660743e-40
1.0893067518985344e-40
8.992833736116125e-41
7.924342496674378e-41
6.521391419218523e-41
6.16222503387718e-41
5.31958633275278e-41
4.621835192848364e-41
3.580162810858301e-41
4.222119904903886e-41
5.007020517322269e-41
3.776507920211949e-41
2.5797382605225685e-41
2.0138443398515906e-41
2.0579459027063755e-41
1.7428624303388933e-41
1.318231991207623e-41
1.1370065448714603e-41
1.191711575803406e-41
9.886698610764181e-42
7.57161092866911e-42
5.961523926578899e-42
4.540674046633733e-42
5.181145219059472e-42
4.986152039536884e-42
5.23875404170972e-42
5.822951901134333e-42
5.052533024101283e-42
5.959351139120917e-42
5.427809596313012e-42
4.258305239408832e-42
3.0958683528237325e-42
2.845130722704554e-42
2.513214504886785e-42
2.4837151822637756e-42
3.0199025878693313e-42
2.911874071425104e-42
3.6797959793905596e-42
4.379070776348534e-42
5.5100785940716684e-42
5.720178358060337e-42
5.97615805316181e-42
6.901611632428432e-42
9.103597321182831e-42
8.883535342861368e-42
9.738766558633864e-42
8.083407773284766e-42
6.070558326815348e-42
5.2127917172522974e-42
4.859414199948624e-42
4.630874624409239e-42
4.2348230255827924e-42
5.4269407583959986e-42
5.7214871011470135e-42
4.363593339629958e-42
3.463765388568223e-42
3.955928080640683e-42
3.60742168120603e-42
2.8405995211183087e-42
2.7911632197297992e-42
2.7369977813166113e-42
2.9649862948573436e-42
2.962713718324315e-42
3.050802450970658e-42
2.9158859556538105e-42
2.924149197343705e-42
2.5881224167946513e-42
2.2201465826478764e-42
1.7092483282700985e-42
1.4776732647864255e-42
1.5421989761700132e-42
1.4930432080940107e-42
1.5031941998311333e-42
1.3270110101460481e-42
1.4341849538797668e-42
1.4929661871265518e-42
1.607901775456121e-42
1.6440444848901178e-42
2.059115050725099e-42
1.9913109592078814e-42
1.8173460572329694e-42
1.502084804675792e-42
1.4022625938610184e-42
1.6046104097945394e-42
1.6131652006075033e-42
1.8071835977421706e-42
1.766491556683746e-42
1.6782174418834296e-42
1.627791586202414e-42
1.3582648541705245e-42
1.5707056551614852e-42
1.5170222022929432e-42
1.6866999699988548e-42
1.5610467010585523e-42
1.5693151085522166e-42
1.612859564690494e-42
1.3729617976812378e-42
1.793995152744795e-42
2.1068160472680723e-42
1.9723951991720017e-42
2.0297605334841205e-42
1.8323413199346454e-42
1.724539057443514e-42
1.6259257644170108e-42
1.2646819779145303e-42
9.202133534314547e-43
6.906249783851024e-43
7.834319117791945e-43
7.495997388516774e-43
6.716768016635828e-43
6.4795388098460964e-43
6.8263619462605145e-43
5.74131985885643e-43
5.432554152643437e-43
4.952272305173485e-43
5.069572957146648e-43
4.7288064296428496e-43
3.783539083420331e-43
3.0947622800912275e-43
3.0320875909643732e-43
3.324625737868136e-43
3.2083945942665645e-43
2.9751504332270407e-43
2.754635294923083e-43
2.6223701522371156e-43
2.3465810013250016e-43
2.2118028294254655e-43
2.2542829178897703e-43
2.1424543906735883e-43
1.8020730650717366e-43
1.8813614256289895e-43
2.3837028883163546e-43
2.6650088444111444e-43
3.0304155096899245e-43
2.3477868127299726e-43
2.051953743875471e-43
1.8755470338016084e-43
2.003010822568967e-43
2.5801974516585758e-43
3.0138672182385225e-43
2.41760737916929e-43
2.4709494527946123e-43
2.5344662181798927e-43
2.682319232898616e-43
2.838268134082961e-43
2.7441778877838056e-43
2.3824220696878837e-43
2.503543197277643e-43
2.8843078340360515e-43
3.37284575664767e-43
3.13589752567385e-43
2.9710010902592984e-43
3.0476974802396944e-43
3.004943671381887e-43
2.85710143050257e-43
3.027779285462482e-43
3.1940725613690947e-43
2.708038945426272e-43
2.744461411566921e-43
3.314089890538462e-43
2.8514550912390553e-43
2.765942373662191e-43
3.1562708523511597e-43
2.814673181378583e-43
3.1940373859583653e-43
3.2552077252785833e-43
3.954134386139429e-43
Acceptance rate: 0.09825000000000021
2.6517588401832463e-43
2.9234425359455284e-43
3.18531950195974e-43
3.464665275538702e-43
3.4758988332607384e-43
3.1162300921012966e-43
3.686374699161899e-43
3.656913665288492e-43
3.0830798166071224e-43
2.6446471618430458e-43
2.874052641564653e-43
3.019705071678068e-43
3.668694487892812e-43
3.4120456226169815e-43
3.2962316535701692e-43
3.245436074536367e-43
3.2876729270748242e-43
3.608150112763558e-43
3.725104988498841e-43
3.4560854625705124e-43
4.481067919349039e-43
4.58558977846438e-43
4.3179469188619775e-43
4.33434585363725e-43
6.030343142813125e-43
6.236091040955208e-43
7.1442555955449444e-43
7.825209740090289e-43
8.805662137658927e-43
1.0451262792527593e-42
9.850386394107241e-43
9.610918422175358e-43
8.757940394977187e-43
9.77741300757124e-43
1.2215090248351777e-42
1.35426171346927e-42
1.5468079104717956e-42
1.6455379782864106e-42
1.6468823588853827e-42
1.6802082917052266e-42
1.7916757143409337e-42
1.6452199259869273e-42
1.6893414569062058e-42
1.7145776940757612e-42
1.5606811438298683e-42
1.6080317452731524e-42
1.4295504301946807e-42
1.96724113383727e-42
2.0286448822933752e-42
2.2047998196613725e-42
2.3472803191379876e-42
2.2504902616727184e-42
1.9588591785423613e-42
1.846978112746285e-42
1.8595156642582622e-42
1.8235084376576207e-42
1.9232139230468592e-42
1.9597549105357415e-42
2.1971314198835663e-42
2.1707191079257295e-42
1.7961646656726356e-42
1.7920032005809886e-42
2.0726611896692214e-42
1.9391961155153733e-42
1.8513976459696654e-42
1.8462862743549484e-42
2.1521429982229513e-42
2.025224881042884e-42
2.030807283275875e-42
2.0589295741045668e-42
2.0638289844898732e-42
2.189442691762549e-42
2.8270950688719756e-42
3.102546841373125e-42
3.795228957270397e-42
3.6672158448570626e-42
3.826358841213173e-42
4.7169972084348e-42
5.098766181222849e-42
5.4723975417425095e-42
5.6780583216494515e-42
6.403559771854749e-42
6.888415278252042e-42
8.821898844420947e-42
1.0202287400609098e-41
9.916830848514303e-42
9.248666499832544e-42
9.737517991959405e-42
1.1241277424302462e-41
1.047396240509006e-41
1.0294008197830191e-41
1.17578116555118e-41
1.3049993167605577e-41
1.4364245311418994e-41
1.2984956722153203e-41
1.2883929717113274e-41
1.39229770258846e-41
1.427253712063813e-41
1.3988929515872972e-41
1.4162929767425388e-41
1.2698891372202903e-41
1.365543961139358e-41
1.4183302226037606e-41
1.7555831163999166e-41
1.5610854718763397e-41
1.7499731657380471e-41
2.2904547545606056e-41
3.0544872155454444e-41
3.13061547508317e-41
2.884974138280816e-41
2.287532942937745e-41
2.2042408326570968e-41
2.747853826869846e-41
2.805762557246831e-41
2.8506187980144574e-41
2.77603381789225e-41
2.9905626972032985e-41
3.089487249496304e-41
3.6566261664839577e-41
3.6637145082475386e-41
3.420148063098565e-41
3.9012074821220547e-41
3.953249503559006e-41
3.894093224451774e-41
3.95659089417094e-41
4.0693196747569126e-41
3.4382481635719525e-41
3.7315961206274014e-41
3.991416986342327e-41
3.841861108801766e-41
3.15664124816109e-41
3.148503090769045e-41
3.493899079824231e-41
2.895491880975205e-41
2.603021118712649e-41
2.3480209257819254e-41
2.033760177152495e-41
1.9034162915700335e-41
2.0954577250778836e-41
1.9343606957962784e-41
1.8190297311627577e-41
2.0278049017865692e-41
2.699429452872486e-41
2.540543929396907e-41
2.5540047997540033e-41
2.2684520731354153e-41
1.800517006730807e-41
1.7159014800779897e-41
1.5192189358373321e-41
1.431488566651623e-41
1.5417292323746748e-41
1.7679236324915264e-41
1.6101098052165164e-41
1.6950958309055895e-41
1.9104390965385408e-41
2.016531254732499e-41
1.6829464565279478e-41
1.3259908078603154e-41
1.403206879311885e-41
1.2721437052118877e-41
1.1743146054051986e-41
9.434135199290532e-42
7.2473884540521e-42
7.571393596009078e-42
1.0109616271940413e-41
1.0581630035064659e-41
1.1336933978579403e-41
1.1190184916712688e-41
1.1660959779884097e-41
1.0825417017449673e-41
8.766621156417863e-42
7.933869673000921e-42
1.1608567499302208e-41
1.0886967795846363e-41
1.1319385743363026e-41
1.1941484056747214e-41
1.2120341499580664e-41
1.0323755482495851e-41
1.0805276682771878e-41
1.0287194291650211e-41
1.016978586470585e-41
1.0483006067696517e-41
9.297122965262181e-42
9.054987164587548e-42
1.1042672547838585e-41
1.3629695785539488e-41
1.3290774038759702e-41
1.204854153635701e-41
1.0526002309488695e-41
9.091976364944769e-42
9.257305101659256e-42
8.667840549543534e-42
1.216680464804447e-41
1.2806277741815172e-41
1.2109804503016603e-41
1.2806954144405156e-41
1.3238431460943623e-41
1.270811393403101e-41
1.261316776253238e-41
1.6323022093358432e-41
1.8856188027514226e-41
1.9681954457046343e-41
1.9122079106320088e-41
2.1862972144733443e-41
2.390338881737522e-41
2.0778099337813496e-41
1.741435402666614e-41
1.4035372085192507e-41
1.070600087554662e-41
9.019775632020425e-42
9.881838895107308e-42
9.25962216840663e-42
7.915173277171946e-42
6.95407145576041e-42
6.004097393952251e-42
6.556734493107358e-42
7.237213009115421e-42
7.108516899996858e-42
9.11507456669117e-42
7.893028846826404e-42
7.299679837375378e-42
7.121488353245146e-42
6.165767516115135e-42
6.248765390209487e-42
5.720506322102231e-42
5.341105220534271e-42
6.378600893684006e-42
8.424621622720298e-42
8.275759137723723e-42
8.060576964953026e-42
6.628267445405844e-42
5.102863543164161e-42
4.843088031358721e-42
4.265648532200908e-42
3.2214060132419995e-42
2.662470611485191e-42
2.2487718901398187e-42
2.647202222160717e-42
2.8411957778724436e-42
2.4697360852118473e-42
2.4078845060433005e-42
2.3262552300366557e-42
2.395590411115272e-42
2.9571200158677936e-42
2.8433940876217607e-42
2.9588067368892237e-42
3.2291329371095185e-42
3.6642453892905533e-42
3.895719335490629e-42
4.392452685689571e-42
4.909665047986444e-42
4.8768635654494745e-42
4.7045684373671496e-42
5.522590758302317e-42
5.6902787719890334e-42
4.844526433768955e-42
4.3426158912086974e-42
4.234758049443643e-42
4.141434291887034e-42
4.567145934042597e-42
4.356789493634283e-42
4.470581752560115e-42
4.076640685564602e-42
3.5847562797154365e-42
3.193247868462523e-42
3.563828722843036e-42
3.33729534780907e-42
3.247228677876246e-42
3.587315175343711e-42
4.3216489270710884e-42
4.231437950632813e-42
4.4147504859461585e-42
4.638711729184605e-42
4.3205099533288176e-42
4.991962522933746e-42
4.353894962166675e-42
4.3738301963070146e-42
4.493193206559454e-42
4.584313242542799e-42
4.764321147283398e-42
4.500211477561039e-42
4.316622872513481e-42
4.271679902025989e-42
4.945851629577083e-42
4.253867119349406e-42
3.330630664408649e-42
3.0888790596342594e-42
3.628059926002936e-42
3.6489787776127235e-42
3.621106603494638e-42
4.337735534870725e-42
4.401744699528491e-42
4.8496753767627696e-42
5.589501860919993e-42
5.946991260218114e-42
6.51278751928235e-42
6.801156284738792e-42
6.450399339145866e-42
6.980925795806493e-42
7.346797684601905e-42
8.040680675620155e-42
8.847120747287751e-42
1.011011771155585e-41
1.1857685857264183e-41
1.312356795850485e-41
1.446072401986823e-41
1.4538880756570707e-41
1.4744586796572585e-41
1.476565330797047e-41
1.439015810201249e-41
1.5018150240203553e-41
1.7208967859207342e-41
1.6143481958112636e-41
1.8428162318799782e-41
2.147242513177206e-41
2.2548214614621363e-41
2.342693628356647e-41
2.315482394485614e-41
2.772446686324391e-41
2.539236863558211e-41
2.372398219153214e-41
2.3943917339044004e-41
2.328844275276285e-41
2.3399226139536236e-41
2.5483365038111717e-41
2.234875441872654e-41
2.288483179431567e-41
2.1380502159953025e-41
2.0260944345990996e-41
2.3841998311475333e-41
2.1018138193073938e-41
2.416232181167987e-41
2.5743277650186864e-41
2.5999087990120355e-41
2.4033996191161343e-41
2.503436241810993e-41
2.4806200720984226e-41
2.446385376085488e-41
2.465024351335239e-41
2.5914816624847924e-41
2.6956932006202015e-41
3.488270293684047e-41
3.76095324162774e-41
3.9269630605024064e-41
4.3685039701340324e-41
3.9649766886298327e-41
3.5549032804394754e-41
3.40993032074828e-41
3.8707528603152026e-41
4.1885726466357565e-41
4.605312363919088e-41
6.105859410058005e-41
7.221312155068256e-41
8.402432485296966e-41
1.018873516821585e-40
9.610199235918958e-41
8.626593170306417e-41
8.037242364123239e-41
7.357447004687154e-41
7.331060484341663e-41
7.343753464877755e-41
7.245678099307702e-41
8.417447841491893e-41
8.217842832688625e-41
7.547319954115922e-41
8.079298746241157e-41
8.914884421762891e-41
8.902332817711559e-41
8.612416852588023e-41
8.071754338079102e-41
9.691002009138957e-41
9.66243719387681e-41
9.444905405223426e-41
9.037667824043737e-41
1.092940134032138e-40
1.1009080771326794e-40
1.0395414311570102e-40
9.88653818321159e-41
8.589431423184417e-41
7.418964471405529e-41
7.597587588936787e-41
9.653181091307692e-41
9.033763561311698e-41
9.192971845451283e-41
1.019886296554542e-40
1.1424202557858756e-40
1.3052125622200263e-40
1.2476382889642301e-40
1.2769152631034893e-40
1.320673244271067e-40
1.4529338031078419e-40
1.281544640449423e-40
1.449989986258146e-40
1.5058232019977955e-40
1.5156148369354614e-40
1.58290102868026e-40
1.6602327593957293e-40
1.6087308246232013e-40
1.6044918914861474e-40
2.1294408019638578e-40
Acceptance rate: 0.17525000000000032
1.4055873737024683e-40
1.420021825125688e-40
1.6226112185884192e-40
1.509292089367133e-40
1.3687733731462734e-40
1.4071618679781601e-40
1.5168131578602204e-40
1.3650924946235558e-40
1.6083153555083759e-40
1.5290802871518927e-40
1.3328163266537646e-40
1.431499515624886e-40
1.453408902752932e-40
1.738626938365393e-40
1.8376616135480433e-40
1.8833861349181337e-40
1.8888229281059445e-40
1.99333486819069e-40
1.9192392084997677e-40
2.0942705818710536e-40
2.2197665821713244e-40
2.5699113507781015e-40
2.5128862171988065e-40
3.3137771975553203e-40
2.8881629331154122e-40
3.118067791518898e-40
3.257482426772436e-40
3.26806390060668e-40
4.120126471561044e-40
4.4760783092417735e-40
4.674457936578636e-40
4.410667688502314e-40
4.331854203714014e-40
3.5570026025408424e-40
3.2157564963961048e-40
2.9641154269269928e-40
2.7180805365234097e-40
2.6352207642403827e-40
2.4011078188870284e-40
2.5636345288790665e-40
2.8848778581799887e-40
2.9757219361857942e-40
3.377603793131071e-40
3.115323345112221e-40
2.840056076299778e-40
3.011745527664959e-40
2.5759730680321583e-40
2.375747907655876e-40
2.380767129108716e-40
3.4383394775175554e-40
3.860064535631122e-40
3.787667473356094e-40
4.812221005216888e-40
5.706225394610076e-40
6.493572761359325e-40
6.845815061414155e-40
6.32386429990004e-40
7.0436369745984706e-40
6.741798546691191e-40
7.038716842349119e-40
6.6746444509796e-40
8.756896886687768e-40
8.696784067853768e-40
1.0690396263257856e-39
1.1887415239330704e-39
1.570983149578156e-39
1.5952191101181163e-39
1.74614394983175e-39
1.8159688819542958e-39
1.6977491419961816e-39
1.744953329944254e-39
1.7360438559559762e-39
1.778710393478437e-39
1.9323022151845287e-39
1.812118005122368e-39
1.9734899589605178e-39
2.182519821822079e-39
2.116262203863999e-39
2.18235903329583e-39
2.5223371413813318e-39
2.940785109012193e-39
2.943121321178726e-39
2.4968330627981375e-39
2.3768503504737735e-39
2.3449858428330476e-39
2.562082741043399e-39
2.5311545364143862e-39
2.3855770205860997e-39
2.5997574681286387e-39
2.526066705918698e-39
2.5183744375440265e-39
2.7228081064083272e-39
2.832336024620178e-39
3.1127264320391424e-39
3.30068261129325e-39
3.5184130544894045e-39
3.8593639583025454e-39
3.6845535264940315e-39
3.631199508261602e-39
3.734280788200951e-39
3.386240317534641e-39
3.7060953869066146e-39
3.7715576603438045e-39
3.5477777444481547e-39
3.304211325541583e-39
3.0091841151341654e-39
3.053460494565475e-39
3.2947819262050955e-39
3.603348913932702e-39
3.509531574656346e-39
4.0348704392650576e-39
4.000148364837256e-39
4.361897161556351e-39
4.0487393983357215e-39
3.8909440985637804e-39
4.420511414422406e-39
4.944986852785157e-39
4.709890638767462e-39
4.047379756827472e-39
3.76341944230032e-39
4.379090078752373e-39
5.047226082873588e-39
4.342107071520975e-39
4.459200419856135e-39
4.670735356976979e-39
4.0701391787234035e-39
4.2095376852373536e-39
4.6214863069172635e-39
5.0511753507771674e-39
5.318725138704559e-39
5.315341176194766e-39
4.6503715049433665e-39
4.6172320163444405e-39
4.895729689047762e-39
4.270715974657602e-39
4.5290971936794245e-39
4.2784356503146895e-39
4.103202039000673e-39
4.377758269190105e-39
4.6894707449233206e-39
5.2847182515310827e-39
4.931294976916281e-39
4.8413858439035724e-39
4.033901847423946e-39
3.9448347646520965e-39
4.7352171899838535e-39
5.894299779170617e-39
5.656393377506042e-39
5.908120918733733e-39
8.79431415703686e-39
7.610189182650074e-39
8.492738869811226e-39
8.102558320548423e-39
8.057915741478997e-39
7.468548449982909e-39
6.493579358731025e-39
7.30243456927863e-39
7.200449060026299e-39
6.92377685976698e-39
6.899225617295771e-39
6.714966304741646e-39
7.201174363513159e-39
7.026937550345193e-39
7.412869714619e-39
7.514039914059185e-39
6.62916371905804e-39
7.039095355975604e-39
8.097678869272279e-39
8.465019406133473e-39
1.0047666905575392e-38
9.622675725898353e-39
1.0864705103870297e-38
1.0016419385765834e-38
1.1448719000218889e-38
1.2410919657722433e-38
1.225518354970888e-38
1.2686470492772474e-38
1.4079485968671258e-38
1.4509572748113842e-38
1.408874947817396e-38
1.4247564272606072e-38
1.431075486026411e-38
1.584511212787226e-38
1.4865524442778213e-38
1.427999559743088e-38
1.6027701022636863e-38
1.622092173391659e-38
1.7137622443029032e-38
1.5799135962686923e-38
1.6050325292490654e-38
1.6225634922549e-38
1.6321920784844486e-38
1.713248622379135e-38
1.9565084928133532e-38
1.8475145549863696e-38
1.8457072817510338e-38
1.7367504428361533e-38
1.719063312762536e-38
1.7900505847306867e-38
1.585735386801959e-38
1.8682480528730922e-38
1.8252938822179058e-38
1.7625419139760408e-38
1.6555430587575072e-38
1.738740761522258e-38
2.2274793732190988e-38
2.2804182719089986e-38
2.249985405987736e-38
2.495314697807487e-38
2.5511511993950924e-38
2.6774175136624293e-38
2.688875266714768e-38
2.5457076822638897e-38
2.6847767435172115e-38
2.89166704655706e-38
2.424219823223533e-38
2.3272607290941297e-38
2.3731364855461995e-38
2.564185108700691e-38
2.1869595597177626e-38
2.189641493991578e-38
1.9038732047604478e-38
2.0886748053116864e-38
2.0332102117676176e-38
1.7106176637635986e-38
1.7945741370092816e-38
1.9662700798035306e-38
2.078635570363203e-38
1.7744381326117184e-38
1.8233582179396166e-38
1.8290380870764162e-38
1.3500153694657113e-38
9.690854148270045e-39
8.43031505680327e-39
7.231639252078918e-39
7.299035585173378e-39
8.777452539948056e-39
1.218546798141866e-38
1.2969433503416275e-38
1.3422480319365936e-38
1.313779699620188e-38
1.388107006768976e-38
1.3617846997947683e-38
1.3899674936966343e-38
1.5653371479574981e-38
1.4592288054357895e-38
1.7481807618389867e-38
2.2508138521046456e-38
2.57168455595358e-38
2.42575289875073e-38
2.2134115536963116e-38
2.1203829856705032e-38
2.107875168243302e-38
2.3352994432883078e-38
2.6064766305844817e-38
2.571318610542241e-38
2.249542924532237e-38
2.0666751812623456e-38
2.06764342379227e-38
1.7902949550565441e-38
1.5929804223622727e-38
1.6430619953181333e-38
1.457117564913649e-38
1.4737762493846448e-38
1.485928295978218e-38
1.4288132648544145e-38
1.515857465990827e-38
1.5119024983595748e-38
1.7917133141524086e-38
1.7277518283263322e-38
1.650137285947568e-38
1.527275433259341e-38
1.7036603552780338e-38
1.9188322755938133e-38
2.393204930366644e-38
2.4144996050382067e-38
2.4046238286736917e-38
2.2555339762742244e-38
1.9809755474454492e-38
1.714246921690441e-38
2.0976612320098425e-38
1.9125339498004024e-38
2.0350853516295612e-38
1.9893175710142126e-38
1.8082436535254825e-38
1.7636770224566506e-38
1.9216924697300407e-38
1.704834986929177e-38
1.7228570637301267e-38
1.6714945941301255e-38
1.479303086783489e-38
1.275774947264777e-38
1.2930004191911813e-38
1.3157522924917325e-38
1.1555993255944736e-38
1.0709281042385407e-38
1.044883543958158e-38
8.260721574386207e-39
7.094283520959e-39
8.626815114142581e-39
7.229068328296086e-39
7.016567406321907e-39
7.667393440004343e-39
7.332199500351786e-39
7.046129940180339e-39
7.99939262176285e-39
7.698031638843788e-39
7.120580588097722e-39
6.306724035631763e-39
5.358906524271544e-39
6.2138413616928e-39
6.11476680810391e-39
5.217902296378735e-39
5.3030260888746735e-39
5.094570884182663e-39
4.532418343684324e-39
3.92142867614958e-39
3.6153975762911986e-39
3.9639886124118654e-39
4.065262929939018e-39
4.453907657002121e-39
3.984619589046352e-39
4.786551999847654e-39
4.159509430675869e-39
4.6137898851113255e-39
4.170421235255658e-39
3.83101087222285e-39
3.756097887783511e-39
4.267182679858716e-39
3.747114137467089e-39
3.867577592224737e-39
3.355635830608928e-39
3.833872458259296e-39
3.6023411868190206e-39
3.89356211479912e-39
3.8783124305070783e-39
4.061118061116664e-39
3.572186135180855e-39
3.627544749747251e-39
3.6210377111999515e-39
3.50416254354853e-39
3.6842610229353936e-39
3.73307503639243e-39
4.751773665839884e-39
4.861101057950403e-39
5.0756151445799525e-39
5.100604633219695e-39
4.608933865250306e-39
3.938870735874088e-39
3.553155110297772e-39
4.146589487443537e-39
5.2315540764937375e-39
5.749286633161104e-39
6.4057789272316e-39
5.706196964054557e-39
5.1530908896810956e-39
4.9384918319431174e-39
4.893999864341069e-39
6.219966010986898e-39
5.995259384669699e-39
5.812574245705885e-39
5.128831290017181e-39
4.5687860380527685e-39
4.530196510017784e-39
4.303758111735526e-39
4.4273800189478444e-39
3.990693205591595e-39
3.098066029104955e-39
3.0570948470005307e-39
2.9291213703333368e-39
3.176432918459262e-39
3.233638164733664e-39
2.7777273736301114e-39
2.975208624787459e-39
3.055310554287185e-39
2.915806380436353e-39
2.7939113012594427e-39
2.99211045925996e-39
3.434169504333901e-39
3.506685380345335e-39
3.1299507075810306e-39
2.618687854863912e-39
2.4077481982897364e-39
2.2753382962100388e-39
2.2905944811395025e-39
2.901896401058868e-39
2.7424082001948402e-39
3.100685487994639e-39
3.177913253560193e-39
3.1340030951358447e-39
3.193856785657128e-39
3.3291418536983795e-39
3.0767996238279894e-39
3.12873224651128e-39
2.885607521006118e-39
2.941396379096685e-39
2.7197579672506195e-39
3.052518558990518e-39
3.1054076676960163e-39
3.218320235969593e-39
Acceptance rate: 0.22016666666666693
2.2374389675108438e-39
2.0060847453873145e-39
1.7081180455247012e-39
1.68240088156823e-39
1.4316429516837188e-39
1.3695340086747292e-39
1.4029967292424732e-39
1.8833332338001413e-39
1.8332274356463868e-39
1.9453507430630085e-39
2.0806048390745404e-39
2.2071772328828042e-39
2.466138519603186e-39
2.6260878076188762e-39
2.55669994858513e-39
2.2097484229882695e-39
2.1433698594915388e-39
1.87073655595529e-39
1.7765660105157414e-39
1.854800749912175e-39
1.7174981239937684e-39
1.4528460433930403e-39
1.4266744414681365e-39
1.5470086043914633e-39
1.5500539439927268e-39
1.9117151510648678e-39
2.2703839567583413e-39
2.6002609225689218e-39
2.8139627436619023e-39
3.318428391495231e-39
3.14323808240892e-39
3.315855315726912e-39
3.524711117478854e-39
3.415389470424604e-39
3.459950649946012e-39
3.672690467734795e-39
3.713265942350783e-39
4.07468156395137e-39
3.928937829973636e-39
3.383939051774455e-39
3.5041888131784683e-39
3.358706066654579e-39
3.380694457577193e-39
3.3181344366034105e-39
3.3001439526469207e-39
3.295546170722882e-39
4.3606037180160295e-39
4.69786633953797e-39
4.532332729162352e-39
5.271458796003177e-39
5.1864846737422966e-39
6.421969439350123e-39
6.589050140188954e-39
6.823467135890577e-39
7.806959675367447e-39
7.329672242749473e-39
8.474659284355226e-39
9.305635016670853e-39
8.740252749406124e-39
9.975165957088355e-39
1.1212178398076836e-38
1.0869551894437943e-38
1.0875420407851077e-38
1.1994514553929607e-38
1.1572841508874529e-38
1.189646147063492e-38
1.5468942986450384e-38
1.634097884060401e-38
1.544395695247859e-38
1.7042919652810232e-38
1.6260861676563212e-38
1.5663978344440994e-38
1.407645540613437e-38
1.5940645587100734e-38
1.4747803849163761e-38
1.2932740664191748e-38
1.2360109369650122e-38
1.1253875835885102e-38
1.0965455010659209e-38
1.0557918996915085e-38
1.055858071415415e-38
1.0155485819752362e-38
9.254038388238192e-39
9.012591858245804e-39
9.795709450886764e-39
9.43341369105022e-39
9.753518266600567e-39
1.347530674049911e-38
1.296565444985525e-38
1.316082493390819e-38
1.2349096875034355e-38
1.4084874280752575e-38
1.3346687859771063e-38
1.6796496225698265e-38
1.8893223632608886e-38
1.5782463911301163e-38
1.4938157237924696e-38
1.2361579404069257e-38
1.0784421107250268e-38
1.1008481672789013e-38
1.250877277189638e-38
1.4442947614830822e-38
1.4192283600334043e-38
1.245962359518825e-38
1.1460698451391474e-38
1.1336708568371194e-38
1.1694303093075084e-38
1.254558620671642e-38
1.1891329687589662e-38
1.2987537589156948e-38
1.3813063318699711e-38
1.431834760334994e-38
1.3436389015844275e-38
1.2258539807437753e-38
1.261889502460147e-38
1.4211526238460104e-38
1.2792691197473198e-38
1.3174266249427958e-38
1.297439454710644e-38
1.3256605715765166e-38
1.1549922006910159e-38
1.1395409337365637e-38
1.0231871524233318e-38
1.0159923653959179e-38
9.723929160537072e-39
1.0855002234805097e-38
1.0742167910753633e-38
1.1566328866513515e-38
1.148346260133031e-38
1.36603105652417e-38
1.4308222550593804e-38
1.5413425643212076e-38
1.4705443026783763e-38
1.4242001726986957e-38
1.51468695602782e-38
1.5683033829445465e-38
2.1945944604583483e-38
2.0351015531375958e-38
2.5400912773671926e-38
2.6215372961224143e-38
2.682765026459215e-38
3.065927835642333e-38
3.218597082563788e-38
2.820475476097437e-38
3.184496979262684e-38
2.9532809457687414e-38
2.56475848783874e-38
2.729395156085448e-38
2.991700228362935e-38
2.754562355694642e-38
3.1530124017967557e-38
3.5640831782391067e-38
3.3510713936038103e-38
3.026695484972372e-38
3.4825135579989887e-38
3.8637892916468144e-38
3.7958720456274246e-38
3.7515351630580904e-38
3.5481700963447626e-38
3.00569065743997e-38
3.0678371206781877e-38
3.012584227747002e-38
2.958384295676684e-38
2.666795800895945e-38
2.834316080033846e-38
2.933280784239204e-38
3.3715858068482584e-38
3.4071763440998355e-38
3.0775029497739696e-38
2.900552521794507e-38
3.436886298523168e-38
3.566720527889759e-38
3.352917053505916e-38
3.318002085486686e-38
3.527201393320723e-38
3.174762606148482e-38
3.116384262355359e-38
3.465749698713281e-38
3.403174984094627e-38
3.277681617634936e-38
4.546293739739438e-38
4.6150482435414286e-38
4.282127248820839e-38
4.846498790075702e-38
5.049171277505714e-38
4.915062626695418e-38
5.894959327651454e-38
7.000086510525512e-38
6.771066510299963e-38
7.518096521350152e-38
9.375768991604644e-38
1.0239783615935636e-37
1.039458286446999e-37
1.1241471234933372e-37
1.3151701132382576e-37
1.1084755515972029e-37
1.124232259365438e-37
1.1651360302649402e-37
1.0981206755110979e-37
1.0157437050011372e-37
1.082961497178369e-37
1.1296541913839525e-37
9.709589358634946e-38
8.93301636363964e-38
1.010851854173086e-37
8.819148146378878e-38
8.671416244051928e-38
7.25812792565769e-38
6.46188582112765e-38
5.753626745684269e-38
5.248328530140225e-38
5.289813776110867e-38
5.432081196085186e-38
5.100261107541784e-38
4.1910657227690535e-38
3.9380448318226386e-38
3.990704901374717e-38
4.460195109360136e-38
4.357728367249158e-38
4.69395504811093e-38
4.747745578882975e-38
4.334614372289031e-38
4.368656164288755e-38
4.266143377083992e-38
3.8568292332804926e-38
3.7372668429854447e-38
3.6113939446822976e-38
5.332279870512964e-38
4.2168412302396214e-38
4.171031370794331e-38
3.883578628451574e-38
3.54210005571567e-38
3.5451306778077005e-38
3.3466801819189303e-38
3.0500646599164653e-38
3.1065899434467115e-38
3.2893284625165105e-38
3.1917104332186535e-38
2.7630408924918545e-38
2.59833370114516e-38
2.6468254239210496e-38
2.697712717846507e-38
3.144250004138431e-38
2.8744203349287765e-38
2.683540606204126e-38
2.526342189599333e-38
2.965299723194994e-38
2.985076447848933e-38
2.4496362780741264e-38
2.603410929176928e-38
2.936535645362531e-38
3.637192842715132e-38
3.642562904968134e-38
4.309564649147096e-38
4.6674582201441285e-38
4.723775397950409e-38
5.772219491577699e-38
5.168756464184479e-38
4.611754381810103e-38
4.292376024552848e-38
3.661314913441384e-38
4.2264208812245045e-38
4.4203945919395545e-38
4.5698685128508426e-38
4.880812164361283e-38
4.569415568388551e-38
4.479287817483422e-38
4.233054748625177e-38
4.0909743084170963e-38
3.9627018690894726e-38
2.9505791557373715e-38
2.8862005055433873e-38
2.7294433084863246e-38
2.6642774812298005e-38
2.517532227784558e-38
2.2991123461298782e-38
2.1100414779699943e-38
1.711459448156413e-38
1.3261192175698786e-38
1.2503395146304784e-38
1.311031855167596e-38
1.3437175865853218e-38
1.426176613169086e-38
1.4864723593809659e-38
1.5943826248963689e-38
1.3887741047532126e-38
1.3053238268690308e-38
1.4254676058037276e-38
1.2818126262503224e-38
1.2664454039512592e-38
1.1336400615164028e-38
1.15837591472663e-38
1.1702087694394676e-38
1.1081585514431415e-38
1.1985986658241581e-38
1.3234990133224423e-38
1.3819310762244842e-38
1.457633119258058e-38
1.3999229408520972e-38
1.3368517142632153e-38
1.296369105318838e-38
1.7286959055907148e-38
1.9163171121272992e-38
1.9828448897792112e-38
2.0036198419024718e-38
2.2047588167761208e-38
2.345073781209205e-38
2.4019571117245254e-38
2.3622846740038727e-38
2.87857261341589e-38
2.895320835126763e-38
2.5883339707081907e-38
2.63008460705584e-38
3.261769519496732e-38
3.033911354886903e-38
2.8615835992843387e-38
3.354750743375791e-38
3.965000691668109e-38
3.936785867569748e-38
4.327085709006635e-38
4.850647259347877e-38
5.524536691494458e-38
5.26575544146335e-38
4.5458384892491275e-38
4.342752205721886e-38
5.201629872992214e-38
5.163925033708719e-38
4.961236952302712e-38
5.025611120133367e-38
4.430062686865559e-38
4.87235780008965e-38
4.859069727724962e-38
5.055316502104582e-38
5.918280142573398e-38
7.071204038413491e-38
6.96663904607676e-38
7.040090749596302e-38
7.190312308403423e-38
7.646030058897158e-38
6.945047284508464e-38
6.94513675996174e-38
7.240824324893689e-38
8.275178790981643e-38
7.421368962165106e-38
8.118751127188257e-38
8.447247577911554e-38
8.295859798883844e-38
8.056516181790855e-38
1.0287876419729976e-37
1.0081783749250506e-37
9.85187948812206e-38
9.159116755269634e-38
9.032713712957394e-38
8.882355892448151e-38
8.81800125687688e-38
1.0342571026960276e-37
9.46386932807803e-38
8.878788145731731e-38
7.907932580913793e-38
8.08475691592986e-38
7.866392362716215e-38
7.313262327090921e-38
7.430619636507106e-38
6.910400632339855e-38
8.122114065969694e-38
7.759435767706007e-38
7.135903400892569e-38
7.191506940796636e-38
6.994649057259075e-38
6.396155274229836e-38
6.793591437880486e-38
6.424043297251579e-38
6.183069925118391e-38
5.807611872156585e-38
5.224594904045313e-38
4.70851244478994e-38
4.3524842321895193e-38
4.909110604650726e-38
5.636949379826189e-38
5.925085944066736e-38
6.064614068068209e-38
6.661965605947556e-38
6.707094502566166e-38
5.558768261922213e-38
4.882964568675014e-38
4.743876086398164e-38
4.5127066243761044e-38
4.5060630556512637e-38
4.245167493627071e-38
4.4707026706415694e-38
4.141713049762574e-38
5.198087623885908e-38
5.40167108285074e-38
4.864048206940301e-38
4.70818723593712e-38
4.4898410787787834e-38
4.83417691809207e-38
5.234233539049826e-38
6.044820808480791e-38
5.726027560082719e-38
Acceptance rate: 0.25312499999999943
3.998645858000331e-38
4.2080248920431994e-38
3.841575776228117e-38
3.5291706385360125e-38
3.332768467067312e-38
3.4166990869948053e-38
3.637473102053112e-38
3.3520549930176215e-38
4.1410622169418487e-38
3.82930353621163e-38
3.961427488979022e-38
3.3293138269651073e-38
2.6206536300776964e-38
2.1899038892350114e-38
2.3317869608895797e-38
2.391340409875873e-38
2.8418819401492473e-38
3.323026907942132e-38
3.424594899242352e-38
3.0917440925921476e-38
3.0129942262617703e-38
2.994738194962004e-38
3.147015950084882e-38
3.63508795768424e-38
3.911136013007988e-38
3.583303531357398e-38
3.571243859207849e-38
3.4299318942261103e-38
3.0871202053835397e-38
3.41700495576955e-38
3.2783865000674584e-38
3.599348675149743e-38
3.459261025178666e-38
3.2488669944165057e-38
3.19240560542856e-38
3.222153512407918e-38
3.0231947914635683e-38
2.988315596107948e-38
2.895146383777803e-38
2.737893990246598e-38
2.6983097327023626e-38
2.517851424103918e-38
2.1120814592378913e-38
2.1957678059948395e-38
1.921382463555638e-38
1.709203069293058e-38
1.4887514636997753e-38
1.753674356465742e-38
1.7864578308951237e-38
1.599050358292364e-38
1.6912880841799864e-38
1.4296347043828552e-38
1.7003594651242342e-38
1.9214430502021947e-38
2.061603268334894e-38
2.2420634304754376e-38
2.1968776251161215e-38
2.25258395512486e-38
2.2250759275045895e-38
2.2363285359023745e-38
2.999826871603828e-38
2.960148864840886e-38
3.093681900315785e-38
2.8698899306802805e-38
3.0084467758420143e-38
2.7118967094311254e-38
3.280014066371943e-38
3.1682622812560017e-38
2.894031008383171e-38
2.692432282056879e-38
2.69529001316366e-38
3.180582590364463e-38
3.2283471761667006e-38
3.2099988065190784e-38
2.943596189913549e-38
3.055840596799908e-38
3.01514679689274e-38
3.2082197644284286e-38
3.3110472065299074e-38
3.035736691556336e-38
2.397595656722611e-38
2.1631912615677509e-38
1.9853546810940035e-38
1.8403726771348856e-38
1.6676775935796173e-38
1.6690970511740855e-38
1.4165164293687368e-38
1.5950360087715722e-38
1.614738657290875e-38
1.9246134632701628e-38
2.1991620058748533e-38
1.921932795102685e-38
1.7956007476166946e-38
1.7696732116177753e-38
1.8120913849077553e-38
1.7172753266756305e-38
1.7499718482651036e-38
1.7654888254476147e-38
1.7033878944102742e-38
2.0161124878512194e-38
2.0311353244983184e-38
1.9083065905445186e-38
1.842022136669138e-38
1.6698473248449027e-38
1.4797738494966882e-38
1.621952480124338e-38
1.691647950918357e-38
1.5524684903669444e-38
1.5427516915334246e-38
1.4500357734233342e-38
1.2779673981298805e-38
1.2322555469885228e-38
1.1009557772114018e-38
1.1194022381428174e-38
1.0079842288100254e-38
9.600281278394215e-39
8.605451602623635e-39
8.624643617685245e-39
8.509637101128553e-39
9.660864189337792e-39
1.1537903678318201e-38
1.135656157582817e-38
1.0773863432014066e-38
1.0732129643310626e-38
1.2125691357550315e-38
1.2963083393699703e-38
1.1729526059119313e-38
1.3498293714713627e-38
1.2536637508367024e-38
1.2227903818626055e-38
1.2095860115207188e-38
1.3433127233351194e-38
1.4046789105347753e-38
1.5394702132100132e-38
1.5520729177499592e-38
1.4993891008163986e-38
1.326457129401719e-38
1.4203565419342724e-38
1.3170975292010282e-38
1.641634282802856e-38
1.48701599863044e-38
1.4142217419790332e-38
1.5458456894148136e-38
1.6571860081819915e-38
1.5922372905094953e-38
1.420166829654012e-38
1.2727430239839338e-38
1.4578379752248665e-38
1.402505672614903e-38
1.5496707752939495e-38
1.6057217260737207e-38
1.6362745808374446e-38
1.696512293168222e-38
1.6287342279604413e-38
1.5912840920984668e-38
1.5026290645751553e-38
1.455421673324822e-38
1.4281080505107602e-38
1.676828409745088e-38
1.9688261809336373e-38
1.7252843929549766e-38
1.6954822705483846e-38
2.0064607871736193e-38
2.409433902797981e-38
2.2910413769775218e-38
2.0544609467174955e-38
1.963838961039209e-38
1.7827054466444808e-38
2.1878431427610585e-38
2.2522694855703607e-38
2.7239015127730363e-38
2.8770589781282127e-38
2.940965249726225e-38
2.6991183629983306e-38
2.657388731538623e-38
2.544268313523528e-38
3.238538147060271e-38
3.97563092783811e-38
4.766730723573829e-38
4.958776789750782e-38
5.109272949334947e-38
4.860189268387111e-38
4.5904164454430227e-38
4.918927436955512e-38
5.044320364734195e-38
5.755328747454017e-38
5.841252347802122e-38
5.326138326663346e-38
5.826492831002582e-38
5.508348427434904e-38
4.804233920589637e-38
4.4847466126240784e-38
4.3749952869010907e-38
4.0923270577872186e-38
3.586219015040553e-38
3.7232427816317795e-38
4.216290244014671e-38
3.275741346648516e-38
3.404059547700298e-38
4.19924565218905e-38
4.1516966547844216e-38
3.500279163604823e-38
3.045241410434378e-38
3.0969541571531727e-38
3.2067858717103544e-38
3.05056766431279e-38
3.374257179033262e-38
3.9532618385854624e-38
4.284151641383834e-38
4.2662152206398683e-38
3.925524373656545e-38
3.0514788629544525e-38
2.7235632145377004e-38
2.478597104954474e-38
2.3866743251423955e-38
2.1966944192873133e-38
1.823601838513875e-38
1.7960245442392995e-38
2.0698287005567358e-38
2.28698533513733e-38
2.2014655945738138e-38
2.2361567256607322e-38
2.4479420930784536e-38
2.5340310374520787e-38
2.448700883116207e-38
2.6127093697028245e-38
2.278014500506335e-38
2.325258397491575e-38
2.4568450190578343e-38
2.302407023876815e-38
2.2163050032085884e-38
2.1292277774148e-38
2.3306534826740561e-38
2.2156893626848909e-38
2.1601285828225141e-38
1.800590070265685e-38
1.5309687961941376e-38
1.4604182891484443e-38
1.7524740643688959e-38
1.7505989937831625e-38
1.6191493236978678e-38
1.5954099741233674e-38
1.595476891423342e-38
1.483970105705639e-38
1.4550510871237114e-38
1.62363227452068e-38
1.5715619719763917e-38
1.3577142504088347e-38
1.291284797340629e-38
1.2011132789879405e-38
1.3872652387900196e-38
1.4552307305758016e-38
1.4128794273907297e-38
1.2320115930959288e-38
1.0195880117307868e-38
9.602949250703707e-39
1.0186167506625552e-38
9.593587736990172e-39
1.003106847746292e-38
9.796456772267377e-39
1.0093169061586444e-38
8.074665269114858e-39
8.34092209622473e-39
1.1000356705333866e-38
1.123622722084928e-38
1.3307413929618754e-38
1.2943291192556473e-38
1.1800528599747798e-38
1.265489516650059e-38
1.296958069062512e-38
1.5164319116965274e-38
1.5115547068489066e-38
1.3625695130749934e-38
1.5111705825443925e-38
1.680546282983546e-38
2.2002508486540538e-38
2.6201060989461454e-38
2.4635682179140393e-38
2.3952704445870367e-38
2.2127646154875976e-38
1.9703486470633431e-38
2.0328381956942353e-38
2.2953102902996486e-38
2.6350104848483384e-38
2.3515097448107044e-38
2.2388291080180853e-38
2.1618634823337713e-38
2.491637681260218e-38
2.3587818900211994e-38
2.4015308807037747e-38
2.4774715114779953e-38
2.3149398336235955e-38
2.2621273771306338e-38
2.0810730709373721e-38
1.7466832841599834e-38
1.5117229249475114e-38
1.4544699052289287e-38
1.371411823732351e-38
1.2426632633543438e-38
1.167568897932261e-38
1.151038877028838e-38
1.0063365989306611e-38
9.060394489078792e-39
8.383399207953909e-39
7.768502694078187e-39
7.689683708490253e-39
8.733954085874032e-39
1.19834038798613e-38
1.021592815708158e-38
9.000075633401069e-39
8.873045049792182e-39
8.348791014963542e-39
7.585122831433165e-39
8.573785575304379e-39
1.1698443776877741e-38
1.0700144521799002e-38
1.1422796774714186e-38
1.3574136346869923e-38
1.5538155752193542e-38
1.838800713519856e-38
1.7504806623719238e-38
1.775686981961928e-38
2.080210778933544e-38
2.2120646187302193e-38
2.2593750979205162e-38
2.0395812827089197e-38
2.094498303601269e-38
2.2573510395288853e-38
2.4914437594705615e-38
2.356809682747954e-38
2.568695770915319e-38
2.876271186778676e-38
4.0519390114792055e-38
3.9598729353224703e-38
3.979248276479599e-38
3.9024684368603054e-38
3.553373117477642e-38
4.177178243495198e-38
3.980409344221807e-38
4.191862068256419e-38
4.5658017156110776e-38
4.5827206368846153e-38
4.17551246107792e-38
3.882130187539863e-38
3.253124162849367e-38
2.764831427756912e-38
2.558902083878572e-38
2.2084954476285213e-38
1.9316768043917002e-38
1.6539295095019036e-38
1.6725196299474794e-38
1.468275302765383e-38
1.3817871638177173e-38
1.572748167368568e-38
1.8209312678334071e-38
1.8772018264623644e-38
1.845089185463585e-38
1.69967187842912e-38
1.5004429041972823e-38
1.3663717169053388e-38
1.2772363331905201e-38
1.2290202753940062e-38
1.3936901028515477e-38
1.517290690211996e-38
1.4625015653802021e-38
1.3910025066593804e-38
1.3441171837832107e-38
1.3971857407670866e-38
1.4493942834304306e-38
1.3778408090064196e-38
1.37656848440614e-38
1.180468280663581e-38
1.191925122879906e-38
1.1450661147235854e-38
1.1081131718514842e-38
1.0667922566831404e-38
1.0570128196202714e-38
1.1605758231918802e-38
1.2266225334041943e-38
1.4054807608092136e-38
1.4015209571459575e-38
1.4828499704341458e-38
1.2591991793495933e-38
1.1543771938465647e-38
1.1027729347780601e-38
9.348926342372305e-39
1.0046398377407886e-38
8.774921015310647e-39
9.954883900634987e-39
1.0325169287266695e-38
1.008027278021606e-38
1.0751724804352688e-38
1.0806614755563516e-38
1.3028478050463835e-38
1.5354334116856915e-38
1.5693301444809248e-38
1.7720731221263292e-38
1.940577864426418e-38
1.9430797417057358e-38
1.9025889642758962e-38
Acceptance rate: 0.2631999999999998
1.3669662970604367e-38
1.300258499795199e-38
1.2742954074799621e-38
1.1951415955687656e-38
1.268172049855471e-38
1.3734304564154628e-38
1.494419219858341e-38
1.558040091451466e-38
1.5206466087398097e-38
1.3573290509295785e-38
1.298557597522603e-38
1.228376276579872e-38
1.1613741135310588e-38
1.1462756417667347e-38
1.1512243745973336e-38
1.1390255728556393e-38
1.2012682231261525e-38
1.2994834565333556e-38
1.3173101291081332e-38
1.608975406479963e-38
1.7394165666984475e-38
1.9089989796634753e-38
2.0279361424192023e-38
2.1286415528137115e-38
1.946811131642936e-38
1.852631681603419e-38
1.759768448308841e-38
1.8110161080843397e-38
2.0713417587227405e-38
2.562297933035471e-38
3.6776006659351286e-38
3.600446639554016e-38
3.573271063960066e-38
3.589629059292737e-38
3.296500471055183e-38
3.47093725161061e-38
3.3384195940122003e-38
3.380215727176608e-38
3.28882593481657e-38
3.0529330163705894e-38
2.705092423998271e-38
3.0721581294228636e-38
3.0708400509722265e-38
3.089340217004241e-38
3.155035544148244e-38
2.99716349722868e-38
2.6731247619984746e-38
2.5549977090731114e-38
2.40355289354349e-38
2.0068503497492467e-38
1.8415045255957167e-38
1.856682131118338e-38
1.9503835601801862e-38
2.5674287343507e-38
2.1844033397381345e-38
2.214007986653623e-38
1.8576709504383783e-38
2.1385614769296975e-38
2.2001396178976169e-38
2.0849953437405607e-38
2.329128489644651e-38
2.3470370328097746e-38
2.504219772597421e-38
2.7272390532165264e-38
2.5507373727843693e-38
2.8520407823213027e-38
2.503111122040229e-38
2.53066181404229e-38
2.5001465981675106e-38
2.3128401796816363e-38
2.0821285133635963e-38
2.4259064858757554e-38
2.3580851783182437e-38
2.7988774298440135e-38
2.9475587694364574e-38
2.42596502358013e-38
2.519344435461461e-38
2.6835197644024515e-38
2.4455722253932076e-38
2.311675602460035e-38
2.364419736450276e-38
2.1866673158071168e-38
2.1170469592234735e-38
2.429839289386444e-38
2.1775188401779332e-38
1.956449389776732e-38
1.7576948667732538e-38
1.70010585145864e-38
1.809939645557557e-38
1.8955145145379307e-38
1.9967234995453615e-38
2.2546887690711192e-38
2.528022589743291e-38
2.6588114936360154e-38
3.070643105437193e-38
3.019233171634219e-38
2.594703641055626e-38
2.511968812117505e-38
2.3714301237224014e-38
2.1612309665089493e-38
2.0720180489033485e-38
1.954490153624164e-38
2.3876750564455915e-38
2.58970758937525e-38
2.7416789088791645e-38
3.035072162042984e-38
3.2536218914691285e-38
2.9929186040743413e-38
2.6548637674760866e-38
2.677011808565281e-38
2.520395192171875e-38
2.469494558228015e-38
2.240283442583068e-38
2.2547977692482053e-38
2.9911054182019145e-38
2.7066091747145843e-38
2.890035664114156e-38
2.877042790576774e-38
2.6333439037384047e-38
2.4998853061383795e-38
2.477728584308451e-38
2.574820350255057e-38
2.602913842596083e-38
2.740315957381424e-38
2.5938072837035013e-38
2.714938504557854e-38
2.619962158593968e-38
2.629174468434289e-38
2.459849749113526e-38
2.24761563847825e-38
2.7016465002916474e-38
2.602359915189378e-38
2.3282681961196578e-38
1.856678612200257e-38
1.9408508128954386e-38
2.1915900029544951e-38
2.0459428917444547e-38
1.7440528918072485e-38
1.7953104583161884e-38
1.6998615799683872e-38
1.7584864711662577e-38
1.74944848331584e-38
1.7327819980323434e-38
1.7910679719440738e-38
1.8369084420693248e-38
1.5991614151503146e-38
1.7284221751185051e-38
1.6416803297582045e-38
1.6065897964742487e-38
1.7317149971205325e-38
1.783064540258261e-38
2.1078795957571832e-38
2.3197938738385128e-38
2.37641525546189e-38
2.359316906437007e-38
2.5493797128866015e-38
2.66200515368654e-38
2.7071368800069823e-38
2.374571180171777e-38
2.252482927917604e-38
2.149962113206949e-38
2.132127198221215e-38
1.7916999570542174e-38
1.6221552263829076e-38
1.4620583833399183e-38
1.1376289266515855e-38
1.1107342702624156e-38
1.0171136356337305e-38
8.884432197588257e-39
9.94311610388966e-39
8.821254410865513e-39
8.08196669854421e-39
7.821028473864439e-39
7.11325216774147e-39
7.105972693504037e-39
6.782309660591752e-39
6.327413983680656e-39
6.83936906465121e-39
7.402190862586608e-39
7.727321364476018e-39
8.280911654785237e-39
9.102811096512977e-39
8.181928879109118e-39
8.719806427770998e-39
9.548084692856394e-39
9.491530203951483e-39
9.732897930980732e-39
1.0507780337556372e-38
1.0781663328401878e-38
1.0682700063541919e-38
1.1525748011881323e-38
1.3025498789294618e-38
1.2160290524037837e-38
1.0993064396737714e-38
1.2427434860640763e-38
1.21296027108016e-38
1.3275583836462577e-38
1.245157993555864e-38
1.048820383394049e-38
9.618901818893143e-39
8.701279534226409e-39
8.628030830786636e-39
7.549750781912419e-39
7.482999761824088e-39
7.58914666634132e-39
7.275981104658849e-39
7.195890271498032e-39
7.280552085300943e-39
7.734465774200185e-39
8.059846861719599e-39
7.394299015054008e-39
8.001409000785027e-39
8.500231676862069e-39
1.0708300655261121e-38
9.805991648577938e-39
1.1183292022648584e-38
9.653726423300605e-39
8.118813516249181e-39
8.334903022167933e-39
8.655624930915528e-39
7.882170354405549e-39
6.445361933400291e-39
7.04067316959863e-39
6.612615931305975e-39
5.7300529616460835e-39
5.99978176600425e-39
6.016401937261969e-39
6.520745274250917e-39
5.984700252910605e-39
5.5387284673705776e-39
6.27343109726804e-39
5.894322331192602e-39
5.641051640368325e-39
5.752351034520147e-39
5.1453861538911177e-39
6.485524140237081e-39
6.415225319682067e-39
5.532060498988991e-39
5.0616980520130375e-39
5.09491559046675e-39
4.9899539146016976e-39
4.836131158652533e-39
4.702841624918586e-39
4.5012710610266275e-39
5.2860190718927795e-39
5.5186414092745463e-39
5.289419310348179e-39
5.901091496114042e-39
6.079675082401779e-39
6.256841054007897e-39
6.357118249019033e-39
6.255214801700938e-39
6.192267238950026e-39
5.984066944933775e-39
7.024663373814697e-39
7.215727513879295e-39
8.196997141075259e-39
7.150079384147103e-39
7.823968273271849e-39
7.850211164502106e-39
7.391890937494432e-39
8.086146435997016e-39
8.20969614040695e-39
8.120055682649003e-39
1.0212898985321586e-38
1.0656865863589998e-38
1.1273517399489831e-38
1.2839906143367741e-38
1.330121205505593e-38
1.3544978717065798e-38
1.2992510693256975e-38
1.364135109998899e-38
1.3307311861471333e-38
1.1965792666087277e-38
1.0304791819778906e-38
9.594220333761808e-39
9.12442213366962e-39
9.075667309221592e-39
8.971397831431065e-39
1.0456132883521562e-38
1.0448562081640207e-38
1.2318547891334127e-38
1.0890148375875897e-38
9.891035682117038e-39
9.619776754878276e-39
8.795534055502116e-39
8.098288315424339e-39
7.995851938714278e-39
8.648307560700771e-39
9.073605271257416e-39
8.5729384906882e-39
9.319855401021846e-39
1.0470259088440992e-38
1.0405926440569802e-38
9.89453771932303e-39
9.608866980305932e-39
1.0118843067590127e-38
9.681213153540014e-39
1.026320510263633e-38
9.532150255992465e-39
9.162630198370811e-39
1.0954794287359052e-38
1.102520746598732e-38
1.028479278571907e-38
1.1797951926601434e-38
1.1966259038308628e-38
1.186513752921972e-38
1.1316201105085271e-38
1.21994944461965e-38
1.5460954555348639e-38
1.5221395351024682e-38
1.511738200691715e-38
1.4758757877905472e-38
1.6118286891780785e-38
2.276407362277213e-38
2.087638311021256e-38
1.9000843160743897e-38
2.0012660053690615e-38
2.0258115152567108e-38
2.148832608207557e-38
2.0271352311835814e-38
1.757273475535786e-38
1.5847980239892772e-38
1.5572503121945257e-38
1.5623371570331602e-38
1.6755745525871608e-38
1.5636686318693393e-38
1.842728710304282e-38
1.7027327604938198e-38
1.5524043541956406e-38
1.4341216796219416e-38
1.4113202622526729e-38
1.4822670769221905e-38
1.5316553395820693e-38
1.454865103717674e-38
1.341264723769157e-38
1.3656796216878632e-38
1.3235658920969606e-38
1.2386475133607943e-38
1.4517893926976543e-38
1.5254146977558369e-38
1.532622219720656e-38
1.4967700785378188e-38
1.5831286281932457e-38
1.6841380246745765e-38
1.493450751592087e-38
1.450884254906388e-38
1.4631843629679438e-38
1.5712790296580098e-38
1.7428203841703012e-38
1.988849738172201e-38
1.9525442943073074e-38
1.8749397879448947e-38
2.0061940710131707e-38
2.1879134408140746e-38
2.464990646442195e-38
2.6408366971255917e-38
2.510982535166571e-38
2.3447258247496008e-38
2.5337141421425633e-38
2.1969632043736793e-38
2.856321422151561e-38
3.137128753673911e-38
3.243131213977434e-38
3.58915633449562e-38
3.3424224206221787e-38
3.6155676142724045e-38
3.9582005261612723e-38
4.5078172580628076e-38
4.428196731331746e-38
4.4429848420974224e-38
4.3848917184205187e-38
4.735318076242997e-38
4.61917861818128e-38
4.121984385445644e-38
4.1509773861998955e-38
4.4519171645048756e-38
6.253712113030881e-38
6.203626051585965e-38
6.181693321316647e-38
6.049934578695957e-38
5.971478129464245e-38
5.897545154346419e-38
5.131241434988321e-38
4.27074830922488e-38
3.853805704449101e-38
4.098617086431669e-38
4.146026459877281e-38
4.0538544140600364e-38
4.0039760668666294e-38
3.9624524603065453e-38
4.0642082915699323e-38
3.636493059327416e-38
2.96799051100998e-38
3.103557847751617e-38
3.4234574858930724e-38
3.2368724019941384e-38
2.817390141194972e-38
2.70817917042889e-38
2.727105545014509e-38
Acceptance rate: 0.274458333333333
1.903386077250638e-38
1.6124276372233165e-38
1.455570374375225e-38
1.5105324544677153e-38
1.7991018183969322e-38
1.5698853169933557e-38
1.377499096596992e-38
1.4549433688940283e-38
1.5515147896429487e-38
1.6029908404256305e-38
1.8796298073254526e-38
2.2375515430365177e-38
2.196735149767012e-38
2.3011518463920172e-38
2.280709293783519e-38
1.9931708169489258e-38
1.9914845420299897e-38
1.8444380985313304e-38
1.732704837846373e-38
1.562096372873819e-38
1.4365027113599706e-38
1.472119674125437e-38
1.5228267170924533e-38
1.571571751725708e-38
1.4266512064909826e-38
1.458518238633726e-38
1.4916755555985824e-38
1.462611403212213e-38
1.8376387179063722e-38
1.9304939856072484e-38
1.874547559195021e-38
1.889841517038416e-38
1.8280713633441912e-38
1.8070947378501797e-38
1.8201002467908968e-38
1.8148505455193611e-38
1.8786963772067897e-38
1.9839489910739973e-38
2.055780072157507e-38
2.2019862646314415e-38
2.2394970608799982e-38
2.171783947621367e-38
1.9739334742192342e-38
1.9219937388658824e-38
2.2771894205545855e-38
2.189428551053435e-38
2.0713364254142532e-38
1.9526536535995602e-38
1.6521817031976685e-38
1.3159134763713447e-38
1.0083303973904614e-38
8.88040504339295e-39
1.0252492780614982e-38
1.1734242401417492e-38
9.988937617406485e-39
8.252577100244136e-39
8.639071210501423e-39
8.825890020590542e-39
9.93319482691181e-39
9.809867676277229e-39
8.915672904879625e-39
1.081624811391995e-38
1.0336585633220556e-38
9.841201911790167e-39
1.0273154566624617e-38
9.57597024386487e-39
8.610889414162835e-39
7.413670342264994e-39
6.438431043063799e-39
5.5011934074910103e-39
5.4235736332772616e-39
5.5302365879878546e-39
6.358085015434495e-39
6.819359889627375e-39
5.731773237574095e-39
5.329447213937006e-39
5.615920498367959e-39
6.748404251669671e-39
5.8189696033595674e-39
6.14946739491361e-39
6.62173216069195e-39
6.708197547418876e-39
6.621304025609608e-39
6.91200177483998e-39
7.423652529130862e-39
6.586976223530084e-39
7.50743704510407e-39
8.265702580001967e-39
8.510069852009564e-39
7.643844872792739e-39
8.672445362559802e-39
8.202453404401396e-39
7.409565393039788e-39
7.159205884935858e-39
6.569802763336395e-39
5.681605540816332e-39
6.55890153486219e-39
6.520955225015796e-39
6.20398763891243e-39
5.922936761236882e-39
6.895694477811123e-39
7.040025746152197e-39
7.940879035401293e-39
8.739684505084863e-39
9.47208586245907e-39
1.0027026964509447e-38
8.944612025674767e-39
9.925857575624779e-39
1.0025342635453061e-38
1.0769943575124249e-38
1.1180099093304928e-38
1.1009599556477575e-38
1.270653641101237e-38
1.1994736127207302e-38
1.3087640606181777e-38
1.3904792436789248e-38
1.276255318811369e-38
1.1217070549162813e-38
1.1212007167492994e-38
1.0527911102065958e-38
1.18223539650181e-38
1.0640038886078129e-38
1.0974996911110888e-38
1.1477028705282451e-38
1.0071053262053745e-38
9.7629050673245e-39
1.0868079874023651e-38
1.2140032748858525e-38
1.0925099775366092e-38
1.089815205058398e-38
1.0599252701054455e-38
1.1291041615317763e-38
1.1083615056473683e-38
1.1232284894503583e-38
1.0394337161048398e-38
9.016186045899516e-39
9.378070621736624e-39
8.575913779450642e-39
7.779020873701282e-39
8.420307060291927e-39
7.75057827649566e-39
7.33707678115946e-39
6.294983916056628e-39
7.355859730888988e-39
6.896047791591863e-39
6.519192555120239e-39
5.887984106352103e-39
5.637882059376428e-39
5.79834432388367e-39
5.3379456672569346e-39
6.05066116634998e-39
6.388354431554848e-39
6.085574821373302e-39
5.494510381738271e-39
6.005123690719161e-39
6.347448851185564e-39
6.216605754513216e-39
6.178982932320629e-39
5.679325464475649e-39
5.402815441294974e-39
5.3422612736227953e-39
5.043476227261824e-39
5.343458027855993e-39
5.447984663205626e-39
5.0866489605622554e-39
4.482294173691779e-39
4.134939942493621e-39
4.14008591311941e-39
4.043344263836288e-39
3.9957941911242276e-39
3.823862506802794e-39
4.168176795562084e-39
4.0711039444944554e-39
4.236081682847847e-39
3.789535723631001e-39
3.577527168304775e-39
3.6136638224807145e-39
3.238126152139601e-39
3.165813189296898e-39
3.232335931134368e-39
3.373931942450579e-39
4.106390255865423e-39
4.172134237317502e-39
4.329576536492725e-39
3.9460308751338016e-39
3.553098258233678e-39
3.335441145921826e-39
3.060830329438398e-39
2.6817789094709734e-39
3.189435588292266e-39
3.649505846940826e-39
3.937944577870938e-39
3.830964452697012e-39
4.312622011687965e-39
4.749431258496133e-39
4.679039861568429e-39
4.1917890149995344e-39
3.9210703824968e-39
5.301998617793623e-39
5.378514169946377e-39
4.8717391783198875e-39
5.355593140987658e-39
5.0528624398718646e-39
5.2847711452290233e-39
4.9258421790539444e-39
3.983710519166481e-39
4.021503951580716e-39
4.3573919600671326e-39
4.260001249928099e-39
4.063130132811743e-39
3.9449622100442284e-39
4.103274591827338e-39
4.600310394009957e-39
5.1103173518242155e-39
5.1508824575647674e-39
5.817390385985733e-39
5.56834744324835e-39
5.487054188830988e-39
6.250237385436223e-39
6.083756458078488e-39
5.935865487830075e-39
5.545899595720846e-39
5.901320239255647e-39
5.8368578510252446e-39
5.242023977289276e-39
4.936409261216991e-39
4.29661428409335e-39
3.938037804087478e-39
4.1237060807142315e-39
4.7213193246741254e-39
5.2385640733726375e-39
4.2664633668286147e-39
4.1821120432257994e-39
4.4720890598972516e-39
4.569118949173402e-39
4.7534974692366703e-39
4.72080248790834e-39
4.6812176234666894e-39
4.4955715081253775e-39
4.4152970690807514e-39
4.2553740725889036e-39
4.215219973643008e-39
3.661776293348489e-39
3.207183862697155e-39
3.0934559492991947e-39
3.192510302132756e-39
3.074363356211024e-39
3.3911911983868314e-39
3.2988417075255036e-39
3.573188164281477e-39
3.5554292191081734e-39
3.671385978353373e-39
3.3214091910630864e-39
3.8151634297933575e-39
3.8428882836954095e-39
4.3813797771902756e-39
4.609234977815987e-39
4.9905480789324764e-39
4.89891763268957e-39
4.608531570196125e-39
4.724938256136724e-39
4.91785246854139e-39
5.526244978926584e-39
5.004469407607336e-39
4.5646760624649765e-39
5.491722486946838e-39
5.11687530760331e-39
6.512278976595443e-39
6.505301728072421e-39
6.405354885493428e-39
6.648234857693428e-39
6.074124725632721e-39
6.742211265407081e-39
5.762268656689925e-39
5.695336966874945e-39
7.242523613432745e-39
8.538898070673337e-39
8.741242140435515e-39
9.20946570287276e-39
9.630071194024236e-39
9.153896676951338e-39
9.366503685640105e-39
8.469531759333251e-39
9.71798877478853e-39
9.619868713030292e-39
9.879398895562029e-39
1.0269023383287281e-38
1.3864696602188638e-38
1.6303250105969168e-38
1.6314350496248446e-38
1.445713770607943e-38
1.361579668830672e-38
1.2482144506411676e-38
1.151350662105023e-38
1.0777400834239595e-38
1.2745583675162318e-38
1.2929331528346877e-38
1.3027216227366996e-38
1.2315374049189483e-38
1.086658073450663e-38
1.0728138745774368e-38
1.0546544363353247e-38
1.034493339563407e-38
1.1242355853138343e-38
1.1857059561781341e-38
1.2045755224804597e-38
1.2250613112581497e-38
1.0945449353866939e-38
1.0657970365814765e-38
1.0389654678585612e-38
1.0212963399400285e-38
1.0375101728273842e-38
9.680816259550605e-39
9.234301465097032e-39
9.176290950511126e-39
9.453425161141794e-39
1.0032054218334998e-38
1.0050245859046327e-38
8.922560051035747e-39
8.23216633878655e-39
1.0249161938711483e-38
1.1698967779771761e-38
1.2197036552329342e-38
1.0600930509338649e-38
1.0842764621049928e-38
9.435593798548683e-39
7.846131264490799e-39
7.044989984819607e-39
7.882253352789041e-39
7.98834569475413e-39
7.698104685036028e-39
8.43784828976128e-39
9.43200370217815e-39
9.144688630772792e-39
9.685362763319944e-39
9.288636844351798e-39
9.647305956711759e-39
9.526789429321972e-39
9.606740507980574e-39
1.0053795083618409e-38
1.0195083385386306e-38
8.922729464676064e-39
8.333469984689726e-39
7.981814899515266e-39
9.591723429166541e-39
8.221230178420662e-39
8.495905718046537e-39
8.54306569213624e-39
7.563282240859101e-39
7.148279900433934e-39
7.816720461600245e-39
8.477961181352336e-39
9.870223343066868e-39
1.0510032995252739e-38
1.3060834348393414e-38
1.5381041838201264e-38
1.6623734259204694e-38
1.7100063312284684e-38
1.6858041801156076e-38
1.5666521380844304e-38
1.4751143557880698e-38
1.5757976686301534e-38
1.605283579213044e-38
1.456337024396006e-38
1.4447938438646877e-38
1.669556896115702e-38
1.5756467648044558e-38
1.694525391698156e-38
1.5081348930778615e-38
1.4909409565087786e-38
1.4363197874213336e-38
1.3456262375993906e-38
1.5658359528218504e-38
1.4881349673548007e-38
1.6082803630919474e-38
1.6393167512675412e-38
1.891698711386437e-38
1.8201091177359901e-38
1.825374480108728e-38
2.1536928900879428e-38
2.3699384646312536e-38
2.2922024958757754e-38
2.04421686395777e-38
1.881251658529951e-38
1.752604323697669e-38
1.9547089193580983e-38
2.1173685344864504e-38
1.8890224074938842e-38
1.6708046011369785e-38
1.6915240561131051e-38
1.649493808929863e-38
1.6235313277868345e-38
1.5479514779682648e-38
1.2949183592966167e-38
1.4497478844573318e-38
1.5827718874261743e-38
1.447211437944058e-38
1.2476449984400315e-38
1.3036529222575478e-38
1.5548798149513897e-38
Acceptance rate: 0.27457142857142874
1.1513498141130768e-38
1.1126824327475599e-38
1.014898966628152e-38
9.152161607101477e-39
8.695856947349238e-39
9.426498654061661e-39
1.0598943498637497e-38
9.942363725314942e-39
9.876217315178016e-39
9.241198153125006e-39
8.518172249382583e-39
8.444196450251404e-39
8.361311893353678e-39
8.203179497747506e-39
8.291860371444675e-39
9.340642219461353e-39
9.884213301727933e-39
1.1113193598199e-38
1.1927985309053338e-38
1.2113029308088123e-38
1.1040435384376653e-38
1.1496561245461703e-38
1.2276694811976227e-38
1.134640954326547e-38
1.2046768404497152e-38
1.1765446326922193e-38
1.2306799506942935e-38
1.2440817828752023e-38
1.1502717094680497e-38
1.164000494682255e-38
1.1022673303380754e-38
1.0509827383390336e-38
1.0731660369823864e-38
1.0519255355749672e-38
1.2245842061316523e-38
1.2280575393964468e-38
1.224525302219575e-38
1.596454401922961e-38
1.6159344392406174e-38
1.4820727793472866e-38
1.628237090099952e-38
1.413634616158036e-38
1.3280697422312723e-38
1.3836360504945053e-38
1.696093466994364e-38
1.8069168924211454e-38
2.112252461324082e-38
1.945015444275435e-38
1.9797502928386678e-38
2.2611467605784248e-38
2.1205327484544316e-38
2.0037137065841697e-38
1.8648830567160326e-38
1.8011494818972636e-38
1.6909356178204622e-38
1.7647111524933766e-38
1.8771747923876401e-38
1.7937670357522898e-38
1.5990182343109247e-38
2.1006552761882935e-38
2.1830524986984672e-38
2.1439970620272772e-38
2.2327750783842655e-38
2.1608173338464223e-38
2.073291717399754e-38
1.8583479430572344e-38
1.848682153440753e-38
1.6748622266520143e-38
1.6791156754214285e-38
1.5689977940458272e-38
1.3352421237553923e-38
1.287572714058104e-38
1.2561839240878547e-38
1.337263285108093e-38
1.2199754280190388e-38
1.3523733406903672e-38
1.227461691084948e-38
1.2575753267062436e-38
1.4974368478270772e-38
1.5727346324305598e-38
1.529281666837246e-38
1.4139722058246567e-38
1.549788678268626e-38
1.7946903818464537e-38
1.6443407477301667e-38
1.499891640573415e-38
1.4321543730881056e-38
1.4283351272432728e-38
1.3678687339608775e-38
1.5313716552910098e-38
1.6693845327848535e-38
1.5948098333756675e-38
1.4192984087401505e-38
1.4143714607810577e-38
1.682093798568736e-38
1.7663712654547481e-38
1.6819470039568452e-38
1.4734352127558712e-38
1.2017542917412875e-38
1.1496049592863134e-38
1.3329994088755948e-38
1.3263733005322436e-38
1.3116287601645085e-38
1.4471565856780733e-38
1.4983728255553083e-38
1.543886425469177e-38
1.5693637265565846e-38
1.5892839385574736e-38
1.571011939261439e-38
1.71483127866655e-38
1.7596766120980382e-38
1.8647013454873347e-38
1.9605077370826025e-38
2.0918015294034633e-38
2.2562189966034965e-38
2.392188111574896e-38
3.082729707603357e-38
3.1132237301447785e-38
2.957296000025848e-38
3.0687297498739283e-38
2.954491943640711e-38
3.9439286839152026e-38
3.441325682512681e-38
3.0286932052024934e-38
3.0591569750081625e-38
3.132610236887392e-38
3.1075968100956625e-38
2.8948399873093315e-38
2.7225937969854855e-38
3.332436253989581e-38
3.39807846524009e-38
3.231335933621392e-38
3.9110284382826224e-38
4.02808755331474e-38
4.3873205908086033e-38
4.0255701977658107e-38
4.6394685173922283e-38
5.069667825835843e-38
4.530289706067438e-38
4.6489662787308465e-38
5.585896512139474e-38
5.778521490236937e-38
6.507968345067623e-38
5.744127521104991e-38
5.104274556158124e-38
5.420302902072772e-38
5.374956213486204e-38
5.164642984598868e-38
4.723733649111763e-38
4.871151003590393e-38
4.297748866910244e-38
4.01765166965494e-38
3.5091172117486766e-38
3.0429168921680533e-38
3.2451670496002845e-38
4.06412929646158e-38
4.393777785032908e-38
4.6500244562079e-38
4.766884137502576e-38
4.79664395524721e-38
4.844624992842977e-38
4.633470412584542e-38
4.2814176617860373e-38
4.2520826007752225e-38
3.7430890404961143e-38
3.7153789171246494e-38
4.3463491163933937e-38
4.1786413054152854e-38
3.995565810078739e-38
4.2315989888611377e-38
4.396765818949852e-38
4.175183036865285e-38
3.626810649256072e-38
3.9817122196792464e-38
4.156930522533638e-38
3.7323015449615276e-38
3.6656448031261605e-38
3.3888757155655163e-38
3.4395785796574463e-38
3.042668651274955e-38
2.935363799480329e-38
3.001752545034817e-38
2.946402818842326e-38
2.868721887295407e-38
2.741723637801592e-38
2.732677067865136e-38
2.319868496118991e-38
1.9628316245683247e-38
1.9932828265073172e-38
2.32539182463541e-38
2.2500478738532487e-38
2.9381394107766647e-38
2.8739325344939287e-38
2.557311081051208e-38
3.1418562815952814e-38
3.4386834376314277e-38
3.499149627200103e-38
3.6084632338737763e-38
3.2959230303668174e-38
3.6778316420593564e-38
3.608157031000328e-38
4.3545157736844105e-38
4.293380420567458e-38
4.302651745165377e-38
3.972012153712922e-38
3.7363927546446226e-38
3.5569172542007676e-38
3.0801030827737286e-38
2.8177219318091476e-38
3.0776719821891635e-38
2.8975893097686724e-38
2.701857505088277e-38
2.591871190224322e-38
2.5916700690388495e-38
2.915993030814135e-38
2.802936429122506e-38
2.660101044908398e-38
2.58352496901087e-38
2.304706494792351e-38
2.140056697771302e-38
2.0307421203777323e-38
1.725374243440884e-38
1.6732100781904365e-38
1.5981918802838366e-38
1.6086627988377117e-38
1.6760878709547917e-38
1.735235966009134e-38
1.985554769550252e-38
1.9814360074811727e-38
2.395604346192248e-38
2.3366520017214175e-38
2.093842966178605e-38
2.0458862977085648e-38
1.9636700690266766e-38
1.7702458949603438e-38
2.0072753501630582e-38
1.965592352434069e-38
1.891496182308027e-38
1.8396085302702742e-38
1.7594465335238778e-38
1.7772053870439368e-38
2.0006711804245522e-38
2.174191320713454e-38
2.3063544510308968e-38
2.3663561603925384e-38
2.7098644237677404e-38
2.8625098687690107e-38
2.6905198816547796e-38
2.5976399976895523e-38
2.7102595098391935e-38
2.6789300483049353e-38
2.8883974779228197e-38
2.943556917839737e-38
3.029345000729424e-38
2.983900008403496e-38
2.81527312143555e-38
2.797130035364169e-38
2.7931772821945244e-38
2.6975835326960806e-38
2.727172391776079e-38
2.3938563790566913e-38
2.2887105935797617e-38
2.2546417931217815e-38
1.9813575587344053e-38
1.9589921056847454e-38
1.896233345760329e-38
1.8673398595527144e-38
1.9420719141099772e-38
1.9012795162215392e-38
1.953334535401344e-38
1.9203477059919326e-38
2.1538095027228558e-38
1.9123718546449573e-38
2.0458788582235155e-38
2.1218722704542373e-38
2.5830681063345407e-38
3.018813786886682e-38
2.99245011160739e-38
3.2469040934891143e-38
3.7386811105332507e-38
3.810097826705932e-38
4.0499194716615347e-38
3.704738150866373e-38
4.0689786338580065e-38
3.7267454342022006e-38
3.677771871579544e-38
4.1277759395079824e-38
3.936634641844915e-38
3.093195043595217e-38
3.6103337821538964e-38
3.93248195896931e-38
4.428728549712392e-38
4.400678543836696e-38
4.153265948626315e-38
3.9993872177635085e-38
3.7448159613585183e-38
3.9835540557272096e-38
3.8887598784992774e-38
4.3029747327141077e-38
4.703882126929004e-38
4.436245375352668e-38
4.032452475465075e-38
4.0610277262725594e-38
4.0796761879114273e-38
3.335986945528683e-38
3.0443422875671285e-38
2.709303670468753e-38
2.6994757584747563e-38
2.53157509521996e-38
2.423692102006991e-38
2.375502246462101e-38
2.447511328742642e-38
2.2904346458390503e-38
2.1664268210365994e-38
1.8997142829975096e-38
1.8190684386176963e-38
1.6944616483585943e-38
1.76714911676731e-38
1.8184647181125735e-38
1.7321361850982349e-38
1.4602372616617173e-38
1.405421180567815e-38
1.429869077375488e-38
1.3614321671444803e-38
1.4243880256371734e-38
1.355464854798042e-38
1.4612798367101746e-38
1.526713043559988e-38
1.4510024319493265e-38
1.3497664103015208e-38
1.3141610972921483e-38
1.315335113016186e-38
1.3577718495158944e-38
1.4938727405954577e-38
1.550064443239301e-38
1.575255316421274e-38
1.7100371658074755e-38
1.6581581067580254e-38
1.4854061263085676e-38
1.4153373219758925e-38
1.2687387146664955e-38
1.3612795450274817e-38
1.5787728148520533e-38
1.3866579406573236e-38
1.364130122935592e-38
1.5558444954092353e-38
1.5547824057178537e-38
1.6305785516372456e-38
1.4941742883139488e-38
1.4459205693528898e-38
1.506838170120538e-38
1.4947173691357722e-38
1.3078221112384237e-38
1.3687239518026413e-38
1.3213453413957674e-38
1.1295226326109528e-38
1.0860206144963741e-38
1.0259878686591656e-38
1.0066647137998273e-38
1.0838974509187824e-38
1.0894848638112981e-38
1.1062411592117595e-38
1.3388664959839802e-38
1.5887028130067638e-38
1.4872960272176574e-38
1.489130446175326e-38
1.4808735632256027e-38
1.7941048443221467e-38
2.026849631104358e-38
1.7895563609768842e-38
1.7038955957690264e-38
1.8224574013044577e-38
1.8287477630383812e-38
2.241353375572211e-38
2.045142181281636e-38
2.347361080050116e-38
2.845231817638905e-38
3.0186821979008695e-38
2.809223262497989e-38
2.771295982869855e-38
2.5820989641519357e-38
2.9687044538510904e-38
2.778740525193508e-38
2.556159977127014e-38
2.3559826562985203e-38
2.3170347678577783e-38
2.344114587273044e-38
2.3055875301556288e-38
2.3116993966130548e-38
2.171872101950262e-38
2.4930150889146087e-38
2.3045718121071612e-38
2.0302103257848713e-38
2.113092052812e-38
1.9201878026772215e-38
2.0698758542317005e-38
1.9406213801685272e-38
1.8966673229807693e-38
1.8553676822448683e-38
2.0638183245803168e-38
Acceptance rate: 0.2768437500000015
1.5017672464031357e-38
1.5794499568157492e-38
1.4336489390344573e-38
1.5232301469263878e-38
1.4698096218162108e-38
1.4020479936150145e-38
1.411480679414691e-38
1.4110481996411797e-38
1.3366737204214328e-38
1.2456188176471807e-38
1.2426106222246896e-38
1.1913784204299789e-38
1.2309689743765216e-38
1.1825184679954955e-38
1.2656017807762356e-38
1.2846893667721175e-38
1.2866121014140312e-38
1.3016598698488712e-38
1.2917871025470262e-38
1.4219213825533447e-38
1.9233912903642072e-38
1.6825508630004167e-38
1.8583057737482734e-38
1.6469076182539955e-38
1.487716500123062e-38
1.747537483421359e-38
1.52580607183514e-38
1.4687663769465482e-38
1.406259110232037e-38
1.5379143190561567e-38
1.532102826150936e-38
1.5080192650898916e-38
1.3203646697757926e-38
1.5468666032740505e-38
1.5955885094704498e-38
1.6599800246673656e-38
1.5237498141809295e-38
1.5985017901885521e-38
1.620652035341623e-38
1.4937148167714215e-38
1.5541450093170158e-38
1.3667308792574142e-38
1.3781976163365435e-38
1.662560762453278e-38
1.5281577781923925e-38
1.7116130234047625e-38
1.9846220432476098e-38
2.0051018078918624e-38
2.0722565712782027e-38
2.00855339795653e-38
2.116277241581155e-38
2.021530023465337e-38
2.0236479826364272e-38
1.9510646739777673e-38
1.7330622344790693e-38
1.8647141155405683e-38
1.8327278861430567e-38
1.6375995481266528e-38
1.5410572161948528e-38
1.5659232771403149e-38
1.4838298881562745e-38
1.455736759903341e-38
1.6069107732900977e-38
1.4606517234752834e-38
1.2851494703708685e-38
1.1687102608451687e-38
1.034291852113722e-38
9.529665506096865e-39
9.94296451661459e-39
1.1281000485878871e-38
1.1930541035865987e-38
1.0272872774956199e-38
1.0249637821151031e-38
1.0915335877485374e-38
1.1419638544615868e-38
1.0425778742849049e-38
9.273001404311717e-39
9.074935546124972e-39
8.193977287566428e-39
8.277126543136148e-39
8.813154920102358e-39
8.620156054063963e-39
9.24155131764797e-39
9.146644096997281e-39
9.510033208873238e-39
9.910200661762569e-39
9.284933261360921e-39
8.711379713487739e-39
8.639278689859435e-39
8.498803679416611e-39
1.1087125134446675e-38
1.1247315336188449e-38
9.858258307763032e-39
1.1100364574533244e-38
1.0991202204734171e-38
1.1208548264770246e-38
1.4084337664515905e-38
1.3440515805884913e-38
1.3098977590629671e-38
1.3640020829940854e-38
1.3124072510691966e-38
1.7693346019054028e-38
2.1478782178733342e-38
1.8988724987619857e-38
2.008504372171941e-38
1.9213326648716737e-38
1.9642333022578558e-38
1.9384193736400138e-38
1.8791258040516925e-38
2.157350465739576e-38
1.8733053342169428e-38
1.7628893350458535e-38
1.6420071231289654e-38
1.537243055479236e-38
1.458932100310018e-38
1.4274887797709437e-38
1.4858551627016565e-38
1.2730085833387984e-38
1.405102345016663e-38
1.397922301923162e-38
1.542687943124655e-38
1.5411302574792533e-38
1.4321751444381075e-38
1.3954383224070266e-38
1.2945755687644253e-38
1.4139422962946082e-38
1.259287490240989e-38
1.1962714967404383e-38
1.1342680031411788e-38
1.191566526776787e-38
1.1408221212220235e-38
1.3054070767664343e-38
1.223813161404367e-38
1.430608405054309e-38
1.6164854242817733e-38
1.840869971612202e-38
1.756628228309654e-38
1.9302484076290737e-38
1.7071214138860268e-38
1.7024849439304264e-38
1.6055929313589398e-38
1.4601826368089618e-38
1.3700261022140857e-38
1.4787499361556342e-38
1.518509487667196e-38
1.5991806330308543e-38
1.6402507502709495e-38
1.555388674123009e-38
1.7900605735247212e-38
2.262174986807621e-38
1.9934002944678495e-38
2.216131938339899e-38
2.6603503163881205e-38
2.8594610712646024e-38
2.6783349804425033e-38
3.087546574255804e-38
3.342214611110876e-38
3.2246824755633094e-38
4.0900848250566004e-38
4.049565358494164e-38
4.5458288201213343e-38
5.142833739709284e-38
6.25074635306232e-38
8.064322612377796e-38
8.298400918972249e-38
7.890281862803694e-38
7.479995902677906e-38
7.294633376126949e-38
6.700010529053694e-38
6.521127009321019e-38
6.177085074581486e-38
5.806824595860865e-38
5.335339704657551e-38
5.148105809831893e-38
4.838468685185771e-38
4.5679356550050965e-38
4.06271880361204e-38
4.0463259823300227e-38
4.1638488474926193e-38
3.677468518295925e-38
3.447381601695308e-38
3.2029030028013897e-38
3.3637236043798097e-38
4.032936979925053e-38
4.1627033391760187e-38
4.083951999427709e-38
3.5690189885504245e-38
3.809942825618412e-38
3.8106780143116264e-38
3.6725651941426207e-38
3.541257673233479e-38
3.7838607724359766e-38
3.958553696222512e-38
3.8702283071185246e-38
3.677253894835642e-38
3.7862017524081865e-38
3.7646710410109334e-38
3.562810822757075e-38
3.644653880756685e-38
3.8102815217946814e-38
3.4427752138170405e-38
4.372941492717791e-38
3.9903474382302895e-38
3.619387020243169e-38
3.5830495042173587e-38
3.441959847302179e-38
3.2578891437566116e-38
3.394022505245487e-38
3.237758129922429e-38
3.3010436151074705e-38
3.3844233243279233e-38
3.9250594556592474e-38
4.4977728482492397e-38
4.3487008097322293e-38
4.1022984210358427e-38
4.0607741409433453e-38
5.329799362762461e-38
5.244927595151983e-38
4.869109241589973e-38
4.3563832715226905e-38
3.890942360940995e-38
3.543787278631057e-38
3.1482872296275334e-38
3.3924644322237793e-38
3.7067689871048794e-38
4.5105587936159896e-38
3.961288718435539e-38
4.143295041669698e-38
4.1416487826055473e-38
4.05142832195741e-38
3.7216122972904217e-38
3.40002487735824e-38
3.338550171730853e-38
3.044563531373627e-38
2.728037152752671e-38
2.8260220407284415e-38
3.229404538829465e-38
3.018546288973556e-38
2.7954585061879024e-38
3.2126055780122097e-38
3.2840966815103363e-38
3.525202596825468e-38
3.771002366795971e-38
3.886989380394888e-38
3.862151593119278e-38
3.552995635653162e-38
3.16975776847172e-38
3.528869718670422e-38
3.3631235088885085e-38
3.265299218212496e-38
3.0202130977781617e-38
2.5939893090259277e-38
2.6422484810555563e-38
2.630932263484585e-38
2.689418806824e-38
2.983951024647712e-38
3.047737074703039e-38
2.802963324518521e-38
3.235885988962031e-38
3.9040634465361316e-38
3.2394794128349766e-38
3.029526357991147e-38
2.60027568207649e-38
2.5456962231186116e-38
2.400820033960395e-38
2.514533891117101e-38
2.543679425850336e-38
3.1568841109509565e-38
2.940844379149868e-38
2.801038988196469e-38
2.986895842518571e-38
3.1390592810347976e-38
2.937119922933039e-38
2.858693584544502e-38
3.027243648503703e-38
2.7298874694003424e-38
2.586529212283987e-38
2.909034126029214e-38
2.9846097337858597e-38
2.8642246066361103e-38
2.483862066011731e-38
2.2777014449418441e-38
2.2781467547399346e-38
2.3499048572091082e-38
2.1199084990698307e-38
2.170203380908257e-38
1.918637931749928e-38
1.673634734166365e-38
1.369626780336817e-38
1.1111709899149974e-38
1.0493639721584897e-38
8.853083536195732e-39
1.0249604926533792e-38
1.0490972045161933e-38
1.2012684353155107e-38
1.0241774054165563e-38
8.929853982001338e-39
9.161747016722211e-39
9.482829501730169e-39
1.0894563113751116e-38
9.991508774316305e-39
9.735134010130932e-39
7.843592189837123e-39
7.152074018149507e-39
6.254106172892248e-39
7.082662638633105e-39
6.841046459061577e-39
6.942322275895969e-39
7.273666113884189e-39
8.818013280357106e-39
1.0072052666467787e-38
9.82380914845346e-39
8.949287233242873e-39
8.817237564443052e-39
8.487335933577652e-39
7.18749767919512e-39
7.08631941152441e-39
6.188672684177611e-39
7.144570467619244e-39
7.825380048009299e-39
7.252948853554452e-39
6.522798293277e-39
6.032459076712246e-39
7.125683155960895e-39
7.23283590517648e-39
7.540102528804449e-39
8.395829493696064e-39
7.175635340302885e-39
6.383122484874191e-39
5.473058132188031e-39
5.665090094509492e-39
6.298589036409382e-39
5.838773177838857e-39
5.740558502594988e-39
4.6035749344271336e-39
4.675245644306514e-39
4.7471913923669656e-39
5.147258148546722e-39
5.8323760948754256e-39
6.0509671675337e-39
6.694749656134757e-39
6.456280465502333e-39
5.978737793985008e-39
6.074428004311324e-39
6.742048575471533e-39
6.66335731297163e-39
7.015799747137066e-39
6.985563068608566e-39
6.344528257020988e-39
6.030784459501496e-39
6.263846106037344e-39
5.6730819422704816e-39
6.15786857160792e-39
6.579837444032154e-39
6.384112957701321e-39
7.389397920192889e-39
7.363403675108925e-39
7.358705187802979e-39
6.259351771883791e-39
5.983535319326291e-39
7.523676477884966e-39
8.831474350738098e-39
8.618117869508669e-39
8.992006299747069e-39
1.0376464537015691e-38
9.566397863471946e-39
9.189284699757475e-39
7.957593209170314e-39
8.766512940731216e-39
8.461304726632455e-39
8.355612510063676e-39
7.042648115189524e-39
6.899153388708841e-39
7.386636844756849e-39
6.91842701480951e-39
6.289228442862822e-39
6.722725409925265e-39
6.689349091276363e-39
6.321610586742322e-39
6.148172254294276e-39
5.277357087627142e-39
5.343462714007815e-39
4.9321427127871795e-39
5.030479557537404e-39
6.946505209764817e-39
8.746391413383798e-39
8.452263285877718e-39
8.569276931717456e-39
8.52773414444058e-39
8.026364380547452e-39
7.921138021878351e-39
6.915330316455444e-39
6.468704168692926e-39
6.48943771133892e-39
5.8583792002876555e-39
5.181652707203088e-39
5.0096279824976104e-39
5.3138420036477225e-39
5.0892645018141355e-39
4.843070247779805e-39
Acceptance rate: 0.28208333333333424
3.5483761118232205e-39
4.085540357029592e-39
4.253113898234844e-39
4.018009935439963e-39
3.948046305066739e-39
4.3903024665796195e-39
4.894100352354305e-39
4.498519682051525e-39
4.587268590417515e-39
4.388145265998995e-39
5.557258649151128e-39
5.686139679423092e-39
5.346585174306986e-39
5.314725226167235e-39
5.1777341991726297e-39
5.4853479634499056e-39
5.4439719299513416e-39
5.4990656921080183e-39
5.854371577374948e-39
5.7495488160505e-39
5.426671053856218e-39
5.666356428294742e-39
5.425473873806395e-39
5.248910838806488e-39
6.796428045624933e-39
6.812616629946385e-39
6.39335931429714e-39
6.529609795229857e-39
5.654192670326154e-39
5.7626669735740594e-39
5.1939581805543157e-39
5.2231767694732074e-39
4.944560976145863e-39
4.7861057248956897e-39
4.1776778188165254e-39
4.301281420927253e-39
4.2766937120428276e-39
4.204121106524691e-39
4.4691233437645606e-39
4.4905916650977906e-39
3.952900652623607e-39
3.308220316464375e-39
2.768469135815086e-39
2.7828672241933495e-39
2.679151981989528e-39
2.552715328115605e-39
2.48098581536026e-39
2.532528909630789e-39
2.7171528622115508e-39
2.5358090552250714e-39
2.5518178389944726e-39
2.7699290934674758e-39
2.6724708807383206e-39
2.914045424033116e-39
2.9469647970786055e-39
3.209875312041558e-39
3.5196903053991455e-39
3.87421345571942e-39
3.744945161711761e-39
3.3683155868398834e-39
3.5510478043130065e-39
3.715150298702421e-39
3.15196589601033e-39
3.165377280712564e-39
3.4897206346783e-39
3.4711342396019766e-39
3.435728911704302e-39
3.511632651184519e-39
3.4214176968768024e-39
3.384676617289434e-39
3.12587879162292e-39
3.256115214236493e-39
3.045733287164802e-39
3.150600927668079e-39
3.155812634054867e-39
3.1784245878758457e-39
3.8754397326332584e-39
4.302640606624553e-39
4.525928192273265e-39
4.007433551191709e-39
4.54457737410065e-39
4.4653787230143164e-39
4.6765767590023755e-39
4.281493539474477e-39
4.502571462980969e-39
3.821274679553852e-39
3.5789062170455276e-39
3.249522145649416e-39
3.186266122932733e-39
2.9301081058682775e-39
3.116646730820703e-39
2.6251543913470773e-39
2.6109370863427568e-39
2.5999593053245863e-39
2.1483109693764936e-39
2.0901038931134095e-39
2.3626320782689633e-39
2.2332256590497994e-39
2.1960408799560573e-39
2.608570370590129e-39
2.5151455607596153e-39
2.6721782800560804e-39
3.218766131857931e-39
3.9854227473339556e-39
3.8753717483687416e-39
3.9236486107660844e-39
3.993823377245804e-39
4.1172814088930686e-39
4.156650237032566e-39
4.385878135988972e-39
4.519536980648746e-39
3.873189748329303e-39
3.850297651504026e-39
3.353138991504831e-39
3.644559233284268e-39
3.219276976988385e-39
3.941569321270145e-39
4.846003260889828e-39
5.1485205551644766e-39
6.007395057188863e-39
8.555670421651681e-39
8.383497617299879e-39
8.627059579276032e-39
8.138133539625075e-39
6.788052179203635e-39
6.116269046643297e-39
7.061708037018816e-39
7.654681193602557e-39
6.970116747689154e-39
6.107757443405693e-39
7.498626414360151e-39
1.1635867592543742e-38
1.0071941427250674e-38
9.903378614363847e-39
8.745034627367086e-39
8.1780431446107e-39
7.419550653576542e-39
8.545984035025704e-39
8.917078504877556e-39
8.489360059182379e-39
7.679038532847182e-39
7.751239192242926e-39
7.612791094384192e-39
8.408377071477037e-39
7.99102258644873e-39
7.913201384113943e-39
8.305872288541726e-39
7.731145798963286e-39
7.549233413757027e-39
6.340480975569998e-39
5.17583952115217e-39
4.502156618159887e-39
4.77123468560301e-39
4.955530831238993e-39
4.675877286116338e-39
4.512911345124929e-39
4.6830650804572894e-39
3.9465545324657346e-39
3.9426472252165026e-39
3.985758532038329e-39
4.008036696959078e-39
4.079832806883657e-39
4.040927047225421e-39
4.4119843466473664e-39
4.09807957264896e-39
4.017848677208358e-39
4.1626180463146166e-39
4.403613113979975e-39
4.224127859910702e-39
4.750282393069513e-39
4.880422597409734e-39
4.681163494785677e-39
4.1952301951799174e-39
3.900276214220408e-39
3.6071484085340903e-39
4.1021484309466776e-39
5.004542116268192e-39
4.743349796534712e-39
4.68644617445025e-39
4.8039767097612435e-39
5.117528191219364e-39
4.988766909726121e-39
4.994251158089765e-39
5.030360070241961e-39
5.7072916880381386e-39
4.965195344574657e-39
4.999514688025261e-39
6.003931969235416e-39
6.242678865716862e-39
6.485699919728725e-39
6.198485227014388e-39
5.8059123199355113e-39
5.625101336582629e-39
5.7850061828010714e-39
5.393374473520799e-39
5.794506479661471e-39
5.7001350438014094e-39
5.204761142818048e-39
4.843862266803887e-39
5.2593406271280865e-39
6.366253606965093e-39
6.781380606393146e-39
6.105195094506491e-39
7.189874473510487e-39
7.784072448163829e-39
9.771104696571922e-39
1.2376654300545092e-38
1.1531396689436788e-38
1.1021927615376508e-38
1.0461055207464941e-38
1.0464142896361276e-38
1.1158966240570884e-38
1.2725579646932886e-38
1.5109607072383046e-38
1.3395579185238815e-38
1.121237219506225e-38
1.2954628510561355e-38
1.251939142309088e-38
1.0931765793335918e-38
1.0902365123614059e-38
9.740401270966422e-39
8.207230904950322e-39
8.413436471668423e-39
8.88431408229441e-39
8.330237027021961e-39
7.878263110198285e-39
8.300007868539645e-39
7.643137696231675e-39
7.828962161215088e-39
8.166111717697897e-39
8.551940221694826e-39
9.686695358553211e-39
1.186042459552861e-38
1.1651412716733992e-38
1.5332613069801324e-38
1.6110099889500317e-38
1.6107889855603112e-38
1.5381767857968792e-38
1.84093658489054e-38
2.041134024809238e-38
1.970195030733398e-38
1.9463219330841928e-38
1.9172362509772794e-38
1.8558247868232598e-38
1.7697448534822605e-38
1.6528187924886838e-38
1.7625667988606987e-38
1.9057157435670337e-38
1.8447878391148432e-38
2.042770434495268e-38
1.9416767985810885e-38
1.7336147740342066e-38
2.1565155016579956e-38
2.1197031953603594e-38
1.9810461315792712e-38
1.9372939786306507e-38
1.805660947982822e-38
1.6992190618833373e-38
1.7507599166876386e-38
1.5519985609493507e-38
1.432791435984482e-38
1.65115778659434e-38
1.6500284649812284e-38
1.6783751697894453e-38
1.6543741647699346e-38
1.581061879263897e-38
1.7560199875320072e-38
1.887471021099994e-38
1.779313459601673e-38
1.8697809897953203e-38
2.0341489286142666e-38
2.39087059872739e-38
2.483001818099381e-38
2.3195379558144063e-38
2.351074806921636e-38
2.4916793387634714e-38
2.2968985074826363e-38
2.655615745944427e-38
2.5704743084446143e-38
2.3665905679943825e-38
2.1705520109068598e-38
2.5024018600348306e-38
2.4099930258686933e-38
2.662412623070733e-38
2.2997904285376864e-38
2.0806513841447262e-38
2.1943179591027806e-38
2.499543643652308e-38
2.3409985992276011e-38
2.667326022714732e-38
2.42828310396893e-38
2.3833315566612177e-38
2.0832211232587384e-38
1.824776254950155e-38
1.750671121856845e-38
1.5150351408922758e-38
1.419693812469215e-38
1.3437387015780196e-38
1.2618958069835905e-38
1.1786891997509572e-38
1.2429041038438697e-38
1.2262681388270802e-38
1.164116404467803e-38
1.1625790607129338e-38
1.1990555046731412e-38
1.1026730275304078e-38
9.553234935497277e-39
9.846900577827663e-39
9.758361055786188e-39
1.0039960705361193e-38
9.67038824553261e-39
8.738057032330974e-39
9.239872891923858e-39
8.400492332697847e-39
8.056343594721895e-39
7.238296240469532e-39
6.019783009892996e-39
5.0135152789872726e-39
4.507250599162891e-39
4.659190613307857e-39
4.65278587063724e-39
4.187551981576816e-39
4.3642846739655605e-39
4.092670750640032e-39
3.964673657313088e-39
4.631382012810761e-39
4.406054238396341e-39
4.159871049098917e-39
4.7142375268135125e-39
4.275344232579221e-39
4.346505452407299e-39
4.204056253978946e-39
4.181954190730625e-39
3.796309018933437e-39
4.721187195280093e-39
4.901225312526315e-39
5.899397412501897e-39
5.5536844402160854e-39
6.128322421071623e-39
5.789845216838311e-39
5.575128723327647e-39
5.080768500869613e-39
5.363106290917861e-39
5.6140267108318376e-39
5.5339792155239323e-39
6.807599792853549e-39
6.558847256220673e-39
6.33492800927795e-39
5.5764031015123605e-39
7.433828730065463e-39
7.342263201855906e-39
6.746751420358533e-39
7.382692530904006e-39
6.994411349560055e-39
7.3117531009497e-39
6.365042082079192e-39
6.570947276452391e-39
6.14301946152373e-39
7.087138844113723e-39
6.846452676598981e-39
6.934940251954998e-39
6.75080589950426e-39
7.227850789198549e-39
7.423205823622652e-39
7.676205019321061e-39
7.24967684229508e-39
7.541502231169365e-39
7.954454900776466e-39
8.139250959723935e-39
7.525656386708904e-39
6.731367768099237e-39
6.037876918555618e-39
5.493783451440167e-39
5.1978270887687846e-39
4.94228236682043e-39
4.870234079127217e-39
4.878748105571458e-39
4.6034959998454104e-39
5.2070685679437484e-39
5.5334652843540654e-39
4.7427764903748625e-39
4.6443508471981826e-39
4.476715281338315e-39
4.4295356238346106e-39
5.5660984585296766e-39
5.718439116612505e-39
5.884235786991508e-39
6.066741305585538e-39
5.7869135889312265e-39
5.785004550339279e-39
5.931124659926643e-39
5.53867164795347e-39
6.095536182299669e-39
5.784346107036521e-39
5.464824596405483e-39
4.702865977809214e-39
5.191442770122805e-39
4.742844990657936e-39
4.418313278700924e-39
3.807065702723768e-39
Acceptance rate: 0.2849000000000017
Sampling time (10 samples): 10528.9009 seconds
