/scratch/users/yanlan/TroubleShooting/MCMC2/Output/AM_PM_ET_168_426_00
1.194233615660382e-06
5.862953375597572e-07
2.9246233439993334e-07
1.4434351671686093e-07
7.090988220149655e-08
3.47815221566326e-08
1.7063742598189077e-08
8.381513195404635e-09
4.124353492346236e-09
2.0339183017234567e-09
1.0054258773815757e-09
6.49973014504507e-10
3.874751647270866e-10
2.2078533629452755e-10
1.2233753896365707e-10
6.65512947691282e-11
3.574994067046894e-11
1.9034606484158484e-11
1.0070876857450842e-11
5.304246053613529e-12
2.7846914323294757e-12
1.4586326926049229e-12
7.628629572400087e-13
4.3431194478846493e-13
2.8207156366367856e-13
1.7244989316875065e-13
1.015858784697076e-13
5.837914654004042e-14
3.2971455750897707e-14
1.8387692614384655e-14
1.0158176131304501e-14
5.571679910861161e-15
3.039176558372284e-15
1.6506803837142269e-15
8.935513705606991e-16
4.824442256992345e-16
2.5995636916837223e-16
1.3985690876933773e-16
7.515592951287758e-17
4.035284382728407e-17
2.165352574507146e-17
1.1615014576638852e-17
7.718837830141548e-18
5.161366581900703e-18
3.2613609397291425e-18
1.98825166068208e-18
1.1827884328329994e-18
6.913361766248385e-19
3.9880475566343696e-19
2.2774769394140465e-19
1.290400254308822e-19
7.265688779670488e-20
5.047348086718976e-20
3.332904795668216e-20
2.742990400061311e-20
2.020115610082058e-20
1.358738952273325e-20
1.2597428552971958e-20
1.0685705736445032e-20
9.973353474941841e-21
8.203986473051826e-21
5.848439924227637e-21
3.874492433564955e-21
2.455406921931369e-21
1.510783275761579e-21
9.103078193636519e-22
5.40062853759194e-22
3.1663436669395774e-22
1.8392774468754717e-22
1.0605419326715474e-22
6.078734028483679e-23
3.4671711959124714e-23
1.9696320784686596e-23
1.1151642286298786e-23
6.296171044012814e-24
3.546460898912942e-24
1.9936927748575896e-24
1.118929099356602e-24
6.271100669905559e-25
3.510590712558323e-25
1.963342564816762e-25
1.0971448879925075e-25
6.687485683282682e-26
4.4440634436430757e-26
2.840028069896871e-26
1.767134613767584e-26
1.0785511648926991e-26
6.834911362810275e-27
5.245210925636236e-27
3.689412572309103e-27
2.448718477775312e-27
1.5661987196328532e-27
9.764893922518304e-28
5.976150572746583e-28
3.606428714423776e-28
2.152726884264606e-28
1.3996553627337086e-28
9.785237271030749e-29
6.483572015915967e-29
4.14916246934953e-29
2.591671257946978e-29
1.5903010874791334e-29
9.627332906793784e-30
5.7668682342690945e-30
3.425349939216895e-30
2.020637891009902e-30
1.1852675162957592e-30
6.919891215292145e-31
4.0240543088444335e-31
2.3322443760365297e-31
1.3478641451413375e-31
7.770682673459055e-32
4.4705730048936866e-32
2.567348785270705e-32
1.4720824129460546e-32
8.429416238703965e-33
4.821263876839615e-33
3.861868428549212e-33
2.7775600325950766e-33
1.881509930716372e-33
1.3082134594538929e-33
9.657018214541905e-34
6.8844204771424455e-34
4.641932597678609e-34
3.0195142898246615e-34
1.9157070887917198e-34
1.193365925753562e-34
7.331130224022311e-35
4.4548607662119473e-35
2.683541927229623e-35
1.6050790585511239e-35
1.0962555526967374e-35
7.513836322320367e-36
4.948688607800163e-36
3.1714907850311314e-36
1.992719632945433e-36
1.5217005735767835e-36
1.0408612449246647e-36
9.34611208614546e-37
7.46057581593229e-37
5.3835307325238805e-37
3.6689287997552603e-37
2.410320084532999e-37
2.1967164333076627e-37
1.7765127107787793e-37
1.2919626936470291e-37
9.684274046999486e-38
7.359868880060572e-38
4.755184162209814e-38
3.338558123793042e-38
2.3806182093315537e-38
1.6881747653613647e-38
1.298033214643122e-38
1.2813191840430131e-38
1.1673624428265406e-38
9.158380519194014e-39
7.70106037079382e-39
5.8691324818596154e-39
4.7508514723500994e-39
4.880588870535174e-39
4.332688996162549e-39
3.35206356324408e-39
2.7054437400715554e-39
1.9337223538942125e-39
1.292501442101635e-39
8.722359009479201e-40
6.605355033662962e-40
4.108033206137762e-40
2.529031678472864e-40
1.6771662338747963e-40
1.3601907854554986e-40
9.95411727429256e-41
9.14289721142053e-41
8.667808959103826e-41
6.649736748298207e-41
4.724173681035286e-41
3.136554998881141e-41
2.2943190597696837e-41
2.0084310531605135e-41
1.7886372024977009e-41
2.028399477802645e-41
2.0543177443477052e-41
1.853891373501341e-41
1.9255923531457032e-41
1.6782770499862435e-41
1.4476453149913753e-41
1.2036486136025398e-41
9.079287711290517e-42
6.39877659770158e-42
5.340040698560725e-42
4.8660037240708245e-42
4.042059877559548e-42
4.035920827639782e-42
4.818148189564817e-42
3.345188859059661e-42
3.614966124323075e-42
3.264473240994217e-42
2.9273433048730545e-42
3.677602916192776e-42
3.888036829293149e-42
3.6992254361441846e-42
3.735252207581121e-42
3.713309535735155e-42
3.22786170651961e-42
2.5197062154937714e-42
2.2260015721259914e-42
2.11300513824059e-42
1.9103671934850828e-42
1.4672319863409083e-42
1.472368092406939e-42
1.5460540582750097e-42
1.324426895224508e-42
1.3998703701454058e-42
1.0360717867538691e-42
8.8592686711592e-43
8.830153925727989e-43
9.506772795373985e-43
8.424841944195169e-43
7.641127717040941e-43
9.075046142848093e-43
7.840099682333223e-43
7.32042685634502e-43
6.253557237013993e-43
5.855814584208412e-43
6.462197959349075e-43
5.908167405561855e-43
5.2776820133288515e-43
6.101970887503609e-43
8.805169221063404e-43
8.474123876964927e-43
8.141226890566135e-43
6.782827305339759e-43
6.478734627554752e-43
6.8531750428427036e-43
6.070345383196883e-43
5.238968255064971e-43
5.187853472838115e-43
5.081777553269773e-43
4.5760918707927686e-43
5.034129265907146e-43
5.49971205917146e-43
6.006453286847441e-43
6.360121621560145e-43
5.832655996977571e-43
5.5501498507046865e-43
5.353912964122148e-43
6.5231585360790524e-43
7.5878618835488e-43
8.641640884515534e-43
9.797417600558145e-43
1.025306109104801e-42
9.480829638863186e-43
1.160884600107293e-42
1.1974645407679585e-42
1.1944813460918623e-42
9.897269206695685e-43
9.438313778061414e-43
9.432974641361351e-43
9.813032297764862e-43
1.2527134223251846e-42
1.975192364064751e-42
2.0829143326802985e-42
2.494397931032899e-42
2.384184398007827e-42
2.1966742734282924e-42
2.190854372817832e-42
3.161894674756177e-42
3.5213782897965216e-42
4.3047354096333354e-42
3.6433074858369175e-42
3.849525523658574e-42
4.111912950436899e-42
4.324674696959068e-42
5.5910449422140345e-42
5.5521835390357345e-42
4.739627256019307e-42
4.437689210485972e-42
4.041534621922914e-42
5.0723022538397094e-42
5.441841189592514e-42
6.200588475591264e-42
6.713614400285761e-42
5.6629882633606886e-42
4.2899116577257714e-42
4.226463410610111e-42
3.6386829502836744e-42
2.785952296341156e-42
2.0007189793594165e-42
2.071955463090221e-42
1.9725930318847853e-42
1.5831762468200003e-42
1.9628242780393117e-42
1.8551879119910072e-42
1.62201325859836e-42
1.2418701089866172e-42
1.0259960285487406e-42
9.501097404663942e-43
9.788044009614785e-43
1.1297373844914534e-42
1.025589083026555e-42
1.0955883853497949e-42
1.0167172882850627e-42
8.079136908028688e-43
7.238205836190282e-43
6.84844881317964e-43
6.480069491953524e-43
6.366306639911059e-43
6.09092880059569e-43
5.8148802122974565e-43
5.858840208755492e-43
5.25976346640985e-43
4.885473931739235e-43
4.290929851249988e-43
4.4952885915801496e-43
4.074413039255738e-43
3.7833976823862945e-43
3.0203448431695947e-43
2.6636394841715373e-43
2.3422216843047328e-43
2.1707544486836186e-43
1.9475270652666e-43
1.7496086384891884e-43
2.2000101879692597e-43
2.209315270471048e-43
2.1544077792033264e-43
2.2951619342317327e-43
2.1155804332721988e-43
1.6800835344231278e-43
1.4591177945963134e-43
1.2894914223471983e-43
1.539430796129545e-43
1.4186423245337732e-43
1.203386235044158e-43
1.0728402045526507e-43
1.2661912633733267e-43
1.2938744711852272e-43
1.2429210254606914e-43
1.309537756764419e-43
1.1178043229696394e-43
9.957250715208539e-44
1.099632007432698e-43
1.0919631947989437e-43
1.1630142684327028e-43
1.0350732401616205e-43
8.533383367722622e-44
9.120730897228783e-44
8.824068964934766e-44
9.479340072954395e-44
1.099632820902817e-43
1.163924530267056e-43
1.1295501434273876e-43
1.0297334849143027e-43
1.0904431222546199e-43
1.0566859261981441e-43
1.123959732901484e-43
1.1579770320351386e-43
1.0708119145512663e-43
1.1398807976750165e-43
1.100967357323163e-43
1.0234817475597248e-43
9.352609304905873e-44
8.812482106524357e-44
8.213322409829936e-44
8.790004710629649e-44
9.568896023290985e-44
8.777963865489497e-44
8.909375327722964e-44
8.88934207144242e-44
8.70839683264492e-44
8.798780886165702e-44
7.675672338442727e-44
9.515832041752112e-44
9.38789710259365e-44
7.863492535482228e-44
8.540320227217681e-44
7.228999412978432e-44
8.371736853843769e-44
8.149693650393611e-44
8.133569607014013e-44
7.728251003316441e-44
6.655156688453367e-44
5.852850854817739e-44
5.498476249568695e-44
6.966953785650559e-44
7.38934765784323e-44
1.0388469126214569e-43
1.0558096087128216e-43
1.1636901849644002e-43
1.0902281744079385e-43
1.2484980731578444e-43
1.102871476121474e-43
1.3033175247436237e-43
1.4410967868418002e-43
1.585654536022576e-43
1.6826090088020347e-43
1.849227440322026e-43
1.7060321079170679e-43
1.489328004464149e-43
1.925501642985897e-43
2.3962936066525186e-43
Acceptance rate: 0.13875
1.6050798953776161e-43
1.6719115046231e-43
1.3929637885049192e-43
1.5048400930335963e-43
1.3819795119434636e-43
1.3569393118181207e-43
1.920560573794702e-43
2.688997285191827e-43
2.735429458380937e-43
3.1502055419175875e-43
3.1332207027310155e-43
3.1974497380185467e-43
2.6991746313590584e-43
3.0922142730881926e-43
2.8466269753884635e-43
2.3683837436239285e-43
2.30824393435397e-43
2.467185554273168e-43
2.5519577709061875e-43
2.697841780201454e-43
2.915282745422296e-43
3.158336617260711e-43
3.0043130802166694e-43
3.663718642063168e-43
3.803570551306157e-43
4.117693642313632e-43
4.385557449234371e-43
4.114848713994308e-43
3.3211785084259032e-43
2.697849424080017e-43
2.66223670018924e-43
3.0769252614905117e-43
3.4697042741699816e-43
3.1746000638237164e-43
3.87392976807094e-43
4.477887433975295e-43
4.225585393395502e-43
4.056397971035222e-43
3.461061376579902e-43
3.171461461449744e-43
2.854514542386703e-43
2.4304029560321456e-43
2.8226319700897436e-43
2.8899327012025576e-43
2.617774739483053e-43
2.79835309202853e-43
2.551075141952863e-43
2.661261601266782e-43
2.4863383361041735e-43
2.751314759723597e-43
2.744014807197929e-43
2.393437952989518e-43
1.8680312483796e-43
1.7268269401506762e-43
1.6908490831040512e-43
1.888738675596421e-43
2.2130372638569066e-43
2.4184522542429215e-43
2.0906846762678385e-43
2.4958220229581174e-43
2.45277059122717e-43
2.02510178405527e-43
1.5359753899492835e-43
1.1907382831528565e-43
1.2841106484168323e-43
1.3502017430500488e-43
1.2001644368714504e-43
1.0454610395878336e-43
1.1275537374060625e-43
1.2645863821079505e-43
1.0967986328540614e-43
9.14177825516828e-44
1.1258350352929012e-43
1.3439193330835413e-43
1.2103342124810931e-43
1.0797823691338906e-43
1.2528626953553656e-43
1.2090116166981534e-43
1.0156223757070893e-43
1.0536824648676427e-43
9.668802740431538e-44
9.098051348785792e-44
8.217103127159799e-44
6.546122019138721e-44
5.255484716484072e-44
5.827130076663359e-44
5.264600499915554e-44
4.948022468227973e-44
5.621502402578735e-44
5.222779255800953e-44
5.410137125806621e-44
5.002592244334887e-44
4.1631858467877385e-44
3.3475217010534206e-44
3.7484409947400873e-44
3.313254995670744e-44
3.217895980931209e-44
2.7793828973790124e-44
2.0787404585301637e-44
1.7533546451013686e-44
1.6421110853574808e-44
1.6981053228935144e-44
1.4070819707522535e-44
1.0715422286296287e-44
9.4088886818352e-45
8.969377180959633e-45
9.24060813697023e-45
7.803763260708911e-45
7.295821111748782e-45
8.773247620101121e-45
8.503206968966638e-45
7.684803330479478e-45
7.55224965723361e-45
7.763912054184597e-45
7.161961949239646e-45
6.446548494183333e-45
5.730072909267374e-45
5.597391311046204e-45
7.003713643842808e-45
6.66973510756121e-45
6.400087446636125e-45
7.955793794947191e-45
1.0376171293294801e-44
1.1615445563776997e-44
1.254513236853199e-44
1.1039228490864148e-44
1.2166034877004507e-44
1.21984903688143e-44
1.1289656862417153e-44
9.52105807132365e-45
1.0401237606352748e-44
1.07084943432406e-44
9.268404111372116e-45
1.1622824474460613e-44
1.211143338001182e-44
1.3719087594144715e-44
1.4159483100403808e-44
1.2958852492794478e-44
1.1363612459994774e-44
1.0983580407203873e-44
9.799465829510014e-45
9.566864239699924e-45
8.621265190436172e-45
1.293949519457676e-44
1.326190755244634e-44
1.1109934772814244e-44
1.0480191450436837e-44
1.0539731613570342e-44
1.2191070053082158e-44
1.3647830943764553e-44
1.2727539746196183e-44
1.509838159788993e-44
1.4087487895238892e-44
1.3099958017237557e-44
1.6110845205802615e-44
1.5063565438860479e-44
1.4594234663340038e-44
1.6600099986660548e-44
1.8145992635392213e-44
1.7545684648895274e-44
1.7070164251766155e-44
1.5311026336841998e-44
1.656156831157396e-44
1.7410866471151023e-44
1.737904305127185e-44
1.8294961240041956e-44
1.6113593639317992e-44
1.4711880510674465e-44
1.7063913677461626e-44
1.9733538680972022e-44
1.6421360758710625e-44
1.4233533504752967e-44
1.4496002598813678e-44
1.4154588793985632e-44
1.2763288312019863e-44
1.2475577215209387e-44
1.3867729293999388e-44
1.4541392037509937e-44
1.4182432564571103e-44
1.6349369880216786e-44
1.9367769424843224e-44
1.7104121754970386e-44
1.7176593513261058e-44
1.7439309329286585e-44
1.5405524417202006e-44
1.3394296881463514e-44
1.1852335912572503e-44
1.1649987609986772e-44
1.0819488286127581e-44
1.2288853101036484e-44
1.1867364008245383e-44
1.0131670166234326e-44
8.567927574310849e-45
9.64195669929178e-45
1.0841840198790801e-44
1.126480635155668e-44
1.04857957006167e-44
1.3739704346840462e-44
1.256138173401385e-44
1.3486028439987762e-44
1.276979458815113e-44
1.3114517061069555e-44
1.2270131542683314e-44
1.2064171492607047e-44
1.193430294555144e-44
1.1645088237388876e-44
1.357858231310944e-44
1.6425905112000461e-44
1.67881131055567e-44
1.7198605764620822e-44
1.839989231143941e-44
1.6995700572004887e-44
1.6510366178054377e-44
1.4918920297417959e-44
1.4935552720602536e-44
1.8118399880671466e-44
1.8749602688542854e-44
1.875456883531682e-44
1.8307122759484314e-44
1.9409226490931303e-44
1.9154339536555108e-44
1.6219881179335372e-44
1.8070160275098865e-44
1.6549610182134534e-44
1.5137330906985603e-44
1.4323978252231465e-44
1.6011398391161022e-44
1.8341948377299458e-44
1.8687359408137179e-44
1.902154598707642e-44
2.0251102950710613e-44
2.4462994037766983e-44
2.1812803813439824e-44
2.744492210408606e-44
3.4432569087113466e-44
3.4228521148362846e-44
3.8919432137742484e-44
4.042266562627711e-44
4.14112542369539e-44
5.162736712967772e-44
5.045500971407971e-44
4.684344738275317e-44
4.727224033955809e-44
4.286897578699206e-44
3.7516549408736873e-44
3.894417248389801e-44
4.4483136483743526e-44
5.260241631974428e-44
5.294506829561158e-44
6.027492247709806e-44
6.611953177407423e-44
6.407420963807392e-44
6.963171186263548e-44
7.839069931349842e-44
9.759626995495753e-44
1.0727422842599384e-43
1.0251383623994796e-43
9.597343320145287e-44
9.770789230939308e-44
8.964215454942061e-44
8.845160579562319e-44
1.0251596987451716e-43
1.082737655908711e-43
1.454330479528047e-43
1.7675063948866034e-43
1.7340198813324443e-43
1.7518287550534835e-43
1.8162982524516257e-43
1.7858728952311623e-43
1.7985290419849143e-43
2.008145745262328e-43
2.1268594101699292e-43
2.85431551235187e-43
2.7094312418583057e-43
2.9203153598653695e-43
3.1669479170369516e-43
3.0202764506616726e-43
2.83778380529567e-43
2.896199002057833e-43
2.9852467438017802e-43
3.3903278998591462e-43
3.7343809267303626e-43
4.0160434267817946e-43
3.989523685567248e-43
4.770248354900135e-43
4.892690709044329e-43
5.730545780834528e-43
5.342925274772161e-43
5.568469117818269e-43
5.334841500588185e-43
6.888020666514998e-43
7.882214982429914e-43
8.674818622802551e-43
8.429296933893381e-43
8.639893226446017e-43
7.190213600259975e-43
8.752400731311243e-43
8.189121796030605e-43
8.851804317932417e-43
8.120222860110768e-43
7.64339385452246e-43
1.243194985958238e-42
1.9280740552189682e-42
2.231815557886493e-42
3.254194258531367e-42
3.453726278469167e-42
4.319927369869388e-42
4.8012860653627706e-42
5.239760962999127e-42
5.742236708014282e-42
5.577983302878336e-42
4.93795837072022e-42
5.255601820711202e-42
4.717132087898257e-42
4.970948037858869e-42
5.054926849301591e-42
6.084771546168433e-42
6.46933392471315e-42
6.281403703968581e-42
5.839873283117572e-42
5.6198458512102025e-42
4.9941488009337243e-42
5.880450437615437e-42
5.05003650612144e-42
5.611173860429835e-42
5.814451135836987e-42
5.88133741726472e-42
5.6460717443041003e-42
6.209156875427834e-42
7.755766314208695e-42
7.997949820746085e-42
8.602878515143916e-42
1.0519223846814664e-41
1.2466141261441662e-41
1.301204395870617e-41
1.2067837402308507e-41
1.3134347525081315e-41
1.2839629966875975e-41
1.5841122895250816e-41
1.6119345237450817e-41
1.7606241672670393e-41
1.6118482261417785e-41
1.6846450025847243e-41
1.714080551995944e-41
1.8829717983934403e-41
1.7379210661453917e-41
1.5485258468824062e-41
1.513137377886237e-41
1.4358146430264514e-41
1.4675091287247284e-41
1.3237517613502945e-41
1.3915851296393823e-41
1.491770501521033e-41
1.7984585658891881e-41
1.7447742707978033e-41
1.739315718694776e-41
1.730566163775377e-41
1.4391099975018145e-41
1.2947548754847074e-41
1.2605076344591624e-41
1.3250131348043867e-41
1.4491973725981513e-41
1.3999707853846394e-41
1.5553376217519363e-41
1.6810860879580066e-41
1.6842090175605297e-41
1.5700514131595107e-41
1.403988786229296e-41
1.3185368810246552e-41
1.336938977609867e-41
1.3614622536470558e-41
1.329409383276194e-41
1.0844190129686564e-41
1.177710882358747e-41
1.1225793035660004e-41
1.2063553228285916e-41
1.1348702145675345e-41
1.1456396961630131e-41
1.1946194433441555e-41
1.477918551795495e-41
1.7926414088236527e-41
1.8732741505187862e-41
1.9733664897702153e-41
2.1884432096679793e-41
2.1550049244562992e-41
2.061219863588006e-41
2.122191508010601e-41
2.26823397432686e-41
2.715057424816025e-41
2.897117051480001e-41
3.094058872372039e-41
3.6405780158639753e-41
3.5813350342032705e-41
3.311065357074336e-41
3.544805367272482e-41
3.5629295031412695e-41
3.631291870034945e-41
4.4524065711138596e-41
4.173241484731063e-41
4.5487290172037767e-41
Acceptance rate: 0.20962500000000012
3.034023626355284e-41
3.2294684442493453e-41
3.785021632110162e-41
3.3021912191950566e-41
3.287162760397288e-41
3.5504693432248376e-41
3.669787817338085e-41
3.940268793463842e-41
5.900059870064209e-41
7.480026694765152e-41
8.531885777618399e-41
9.189154089156744e-41
9.855247573116251e-41
8.403244311153932e-41
6.986307308516543e-41
7.108759538861848e-41
6.280348516422184e-41
5.159460254208446e-41
4.934162628218978e-41
4.847740070671764e-41
4.994578643169876e-41
5.200610818987004e-41
6.371683238616247e-41
7.102894282955464e-41
8.087089488878622e-41
7.706057684459052e-41
7.219874140471059e-41
7.368418126235864e-41
8.299063189657041e-41
8.514080058114637e-41
9.521639709694385e-41
8.571471584270832e-41
7.715336895291228e-41
6.90371456575253e-41
6.575894865627429e-41
7.693926073195787e-41
8.82926967239663e-41
9.32779172835085e-41
8.265278903287885e-41
8.01734494119843e-41
8.469166540129119e-41
8.312410409347241e-41
7.646847066085717e-41
7.174992423256209e-41
8.314479089637227e-41
8.657378549493485e-41
9.17182761554357e-41
9.415228661153772e-41
1.0044125376297425e-40
9.329985173098288e-41
9.422659290365249e-41
9.590536267950455e-41
1.0479625497079297e-40
1.2279074339008724e-40
1.1449389357446948e-40
1.4507890845797211e-40
1.6414518549752095e-40
1.910857838570744e-40
1.7611063273484744e-40
1.5073930838696102e-40
1.4822975397617807e-40
1.6037871843788215e-40
1.5698045605574052e-40
1.559849602906927e-40
1.642800074410221e-40
1.4104928713662706e-40
1.8628125854465827e-40
2.0184308203163152e-40
2.2470860796168492e-40
2.562225503995518e-40
3.023774265120806e-40
3.2838076465511553e-40
3.707659711530517e-40
3.775211122772348e-40
3.4850521682503863e-40
3.4438758945001024e-40
3.3955859676133445e-40
3.0459411236895193e-40
3.1276333114963888e-40
3.5357006312559648e-40
3.5190255788917255e-40
4.210822314737826e-40
5.115613597255158e-40
6.549026859501612e-40
6.394236216008524e-40
7.596519777382888e-40
7.1613549573233636e-40
6.780163738792393e-40
7.0866321981157024e-40
7.074160761428264e-40
6.884429075553169e-40
6.273888536030066e-40
6.0908443219999074e-40
5.415273822538984e-40
5.2152517982363845e-40
4.608022657369296e-40
4.837353155412747e-40
4.510841551085423e-40
4.221760314957316e-40
4.902633417823219e-40
4.208463811720147e-40
4.716793862887718e-40
5.218128748335914e-40
6.0547493571836194e-40
5.428149800965109e-40
4.928132693129513e-40
5.228023719015692e-40
5.7169405992160064e-40
6.036931609598835e-40
7.454689263810438e-40
8.155552436159591e-40
7.902998613971189e-40
9.481279471957182e-40
9.178705019415307e-40
8.78902595976933e-40
8.108462839187233e-40
9.751808615618072e-40
1.1724178324193871e-39
1.2445644384787037e-39
1.1524573980047813e-39
9.722444152234604e-40
9.697445566744537e-40
1.255471044037013e-39
1.3140143601796945e-39
1.2119653309908799e-39
1.0922765251594172e-39
1.1810120685653983e-39
1.3838007410256185e-39
1.6447838200194423e-39
1.9489554507609208e-39
1.8246511547013304e-39
1.8858568243675803e-39
2.4030064255209878e-39
2.4034396610100816e-39
1.9955403303819608e-39
1.7867503271911762e-39
1.854941112878523e-39
1.846330056265692e-39
1.7157024852418307e-39
1.4907633305420466e-39
1.569367949057262e-39
1.915448717043424e-39
1.7028075870318535e-39
1.5577675966112716e-39
1.768421550032538e-39
1.591862463301091e-39
1.4691836133791027e-39
1.4806913732969382e-39
1.74478362417997e-39
1.9358472013400182e-39
1.854738358304312e-39
1.825792974857338e-39
1.8191749297814398e-39
1.6249097287724222e-39
1.3604369832638184e-39
1.2427940753946417e-39
1.16568169500151e-39
1.1362527533748461e-39
1.3430070977086228e-39
1.2830331400795588e-39
1.3298393871335232e-39
1.3754217008585628e-39
1.3931231833902191e-39
1.5043943090955702e-39
1.6527467934289792e-39
1.916835189095478e-39
1.7782865255489732e-39
1.6714940861588393e-39
1.6136210492385766e-39
1.7929997004845447e-39
1.7355975499979128e-39
1.709133798646174e-39
1.593442905695157e-39
2.1355918783717757e-39
2.1635764583007297e-39
1.8535385344718567e-39
1.9077937597197413e-39
1.5929464093465773e-39
1.498941912457149e-39
1.3563030835393454e-39
1.5084495357202787e-39
1.3943681034622962e-39
1.261118526365789e-39
1.024526905191222e-39
8.533121415748667e-40
9.641226884724993e-40
1.0611703724579504e-39
9.368522163567584e-40
8.803137992341156e-40
8.50844639076295e-40
8.983572611884578e-40
8.787816289232274e-40
9.470384185099532e-40
8.518504242418604e-40
8.487792553253742e-40
8.567870067880363e-40
8.77058054167214e-40
9.399461155388977e-40
1.0064738359878689e-39
9.628065090010013e-40
8.134162873981711e-40
7.650451554495943e-40
6.581317554083878e-40
6.204098852930696e-40
7.851488289989088e-40
1.0138308615662855e-39
1.088116030073951e-39
1.42173231028387e-39
1.3936029436651713e-39
1.4951743484574048e-39
1.5023543733076653e-39
1.4410568077136795e-39
1.4482637853870433e-39
1.226701642016725e-39
1.2797047459240935e-39
1.1094225580963313e-39
9.270607709773921e-40
9.076316547520415e-40
8.235371496291965e-40
1.05784729087214e-39
9.12026813399817e-40
8.890805236375462e-40
8.72710645100548e-40
7.586410318659873e-40
6.897866923991493e-40
8.467432017311877e-40
8.949932753038663e-40
8.266243034504635e-40
7.472634521154309e-40
6.6430661367746415e-40
7.227683077793661e-40
6.872161122137176e-40
6.825086901140468e-40
6.186115809956533e-40
6.051597581800114e-40
6.065072350197048e-40
5.468721275767758e-40
5.094750364418857e-40
5.052427001049796e-40
4.3573622211414175e-40
4.323916077247342e-40
4.245378928103919e-40
3.513092514938576e-40
3.268884569267162e-40
3.514312421934873e-40
4.199900915855413e-40
4.3432308389407685e-40
4.1395826530883715e-40
4.289486430425578e-40
4.211088737039768e-40
4.484356467292817e-40
4.621871377943911e-40
4.895688301639274e-40
5.457826597989496e-40
5.683865237897496e-40
5.480494315672352e-40
5.001473771957458e-40
4.865673395300993e-40
4.891168280520027e-40
4.523054267682197e-40
4.9126795273538826e-40
4.891053333120292e-40
5.5069995192257724e-40
5.916687707883105e-40
5.706508484853184e-40
5.805332486739447e-40
4.851578366146004e-40
4.340516175744673e-40
4.458862618504774e-40
4.615549876224246e-40
4.986006736062112e-40
6.3979214534594e-40
6.169500210682878e-40
6.271528611383178e-40
5.364146115322921e-40
5.332225000853237e-40
5.241930706952313e-40
5.8056295566185025e-40
5.9151708115151705e-40
6.943072549035101e-40
7.606629690828881e-40
7.152302867989134e-40
7.002895010362931e-40
7.43521888696442e-40
7.156362890180495e-40
7.442155440376013e-40
6.980493293864213e-40
6.926764167131285e-40
7.777022998387268e-40
7.105552690946248e-40
6.5518291579878516e-40
6.564175437054172e-40
6.4553135813277144e-40
5.688652535121387e-40
5.4053001954005985e-40
5.130368174248811e-40
4.795616446571954e-40
5.10704809907131e-40
4.849901446891507e-40
5.923236265618817e-40
6.732931362473566e-40
6.3630118984434745e-40
6.270726876429882e-40
6.533984837142312e-40
7.52199272783334e-40
7.676784241552139e-40
1.0266544527754734e-39
1.0886216137167857e-39
9.623038332393586e-40
9.878434481813847e-40
1.0194763662093111e-39
9.105778472555651e-40
9.561506533152038e-40
9.315517607952469e-40
8.262092716435113e-40
7.805023563104488e-40
7.545937901153674e-40
7.496549896524518e-40
7.20716860475864e-40
8.181800557156483e-40
7.806474151159069e-40
8.214862874414148e-40
7.922304027859039e-40
7.1410855079970354e-40
8.749681321218268e-40
8.470734138118013e-40
9.191109718483484e-40
1.0383880177560516e-39
1.1405638552115075e-39
1.1930971376694373e-39
1.1817073699962972e-39
1.457023261878498e-39
1.3529270454723319e-39
1.311328869730608e-39
1.1678255417056833e-39
1.0976047347141006e-39
1.2807683117740463e-39
1.348134959765563e-39
1.4861033327095354e-39
1.4395657485535549e-39
1.4413116566217284e-39
1.620347730886672e-39
1.7167182372539083e-39
1.6935344031225324e-39
1.768274819918026e-39
1.771064848437011e-39
1.908660916369679e-39
2.398038559412681e-39
3.0614797700712335e-39
3.0635336825922053e-39
3.473776322308385e-39
3.4721475978579886e-39
2.8433693674003796e-39
2.5526641489205013e-39
2.465206856020917e-39
3.0425275111233585e-39
3.3789818194694474e-39
4.102655827499511e-39
4.4561444874400183e-39
4.217008858968732e-39
3.918400800877615e-39
3.966025500792961e-39
3.728643323866558e-39
3.318837678182225e-39
4.314054138919382e-39
4.272770196435475e-39
5.193144616921548e-39
4.7448079447653594e-39
5.0471688560494067e-39
5.338578062794411e-39
5.272136043447531e-39
6.000015052700601e-39
6.432256435050285e-39
6.932031142661681e-39
6.839326036310058e-39
6.526267445318258e-39
6.619209076164355e-39
6.425934487103194e-39
6.21717018685395e-39
6.408796350250861e-39
6.960902854302255e-39
7.127204030243109e-39
7.0661307642273e-39
6.989789129206446e-39
7.735703977639887e-39
8.978227144099666e-39
7.427165225279338e-39
8.848283872660417e-39
8.049758326159383e-39
7.687897284618263e-39
9.355079440679023e-39
8.094104254301172e-39
7.905096272615014e-39
7.679838034088123e-39
8.42241024559103e-39
7.823822473872141e-39
7.571299392146873e-39
7.717777346160558e-39
8.008183813315468e-39
7.347986943875403e-39
Acceptance rate: 0.2537500000000007
5.163938769955013e-39
6.380731965129986e-39
6.66235444336015e-39
6.523157718877787e-39
5.8690812985417575e-39
5.973403446403073e-39
6.107245195227421e-39
5.646079590186254e-39
4.780264416256597e-39
5.050868809261309e-39
5.961064265989353e-39
7.203037807765964e-39
7.932565564197055e-39
8.143673389871524e-39
7.974598270576302e-39
9.275931416385029e-39
8.898617650696166e-39
9.160289707161295e-39
1.0150107368281382e-38
9.549632128239778e-39
1.0711422795774372e-38
1.0859970369747058e-38
8.489841508296163e-39
8.702218082128812e-39
7.841368388111617e-39
7.722298236395915e-39
7.948218646751258e-39
8.105983951198796e-39
1.0286021717925549e-38
1.1289811502692553e-38
1.1858670851000945e-38
1.045396301273536e-38
1.0317604173553649e-38
1.0709350546827942e-38
9.847130494076992e-39
9.833852755259982e-39
1.1194156569231419e-38
1.0712144137384204e-38
1.0379897769702136e-38
1.1491213680843229e-38
1.280331375540214e-38
1.2539138739962905e-38
1.2011805838976105e-38
1.0431560098440172e-38
1.0591420484658676e-38
1.0920205366489985e-38
1.413124465859738e-38
1.2654180117110742e-38
1.2187822348123162e-38
1.1499611548571181e-38
1.141700456197393e-38
1.2048588664214977e-38
1.4291964978064917e-38
1.337105510452401e-38
1.554752120346414e-38
1.7210235409381105e-38
1.8677479602733052e-38
1.773824891120702e-38
1.8063332624841538e-38
1.7019255943189924e-38
1.6401049409703502e-38
1.4626739870927432e-38
1.6050023943235956e-38
1.468233369771403e-38
1.5456333553273932e-38
1.4976852396436282e-38
1.593550163652475e-38
1.6195673046835023e-38
1.485886110792638e-38
1.3786956869324694e-38
1.3059394939478132e-38
1.463544959136696e-38
1.4525859522527537e-38
1.3096059206661637e-38
1.320830855414827e-38
1.3903918957063595e-38
1.3400987938034144e-38
1.1468499777683466e-38
1.1533094008593315e-38
1.2593732654719457e-38
1.3012195895286372e-38
1.2868144232085025e-38
1.185165875852633e-38
1.1482839569389565e-38
1.0997943638458303e-38
9.739191302476252e-39
8.284287507666508e-39
7.78694038415127e-39
7.487530867471022e-39
7.822028354029793e-39
6.758875824758385e-39
6.326191848457688e-39
5.399215274277697e-39
5.125701172118717e-39
5.824241112791702e-39
6.40252899715688e-39
6.555284620510811e-39
7.943933878780271e-39
9.153503389803143e-39
8.955206566193422e-39
8.550142165115362e-39
9.94199755188365e-39
8.97879252324753e-39
1.0440673025850342e-38
1.0625124674524803e-38
1.0281675190720876e-38
9.754434374270304e-39
1.1096083853939795e-38
1.1335054741036741e-38
1.3582166666472643e-38
1.316060675161528e-38
1.360983709466878e-38
1.258648852088452e-38
1.497179347658901e-38
1.3667043874094665e-38
1.557199946581412e-38
1.698441621898981e-38
1.6283597070652825e-38
1.5948525975629108e-38
1.8393329906504493e-38
1.8526862257077006e-38
2.0465416636256466e-38
1.8164668076766697e-38
1.565617840097371e-38
1.688224074324204e-38
1.6043256792992676e-38
1.3678667078043147e-38
1.413158036102912e-38
1.8500785539094311e-38
1.8069572548003476e-38
2.091240435744768e-38
2.3681860388398174e-38
2.1426096917830151e-38
1.7687164901342975e-38
1.965335558404355e-38
2.0189719783915917e-38
1.983886581101972e-38
1.887707431341674e-38
2.046937623799888e-38
1.947799810535483e-38
2.1914297799495334e-38
1.9282205106009087e-38
1.704648512436227e-38
1.725318947584267e-38
1.628284521027872e-38
1.943291520703059e-38
1.8050668749599754e-38
1.5774268863199584e-38
1.7221751634798163e-38
1.646745006065481e-38
1.627833116437408e-38
1.8802264599092017e-38
2.055302715218667e-38
1.9758400443551326e-38
1.9876679537677872e-38
1.8191472419253638e-38
1.6179103481875954e-38
1.4472096316202612e-38
1.526720151174538e-38
1.5836940130225557e-38
1.5084977362088223e-38
1.605492314504026e-38
1.8700343016593897e-38
2.437415235458757e-38
2.45299997214064e-38
1.956543388188625e-38
2.0495804535257967e-38
2.0900110595963545e-38
2.024592194613186e-38
2.2620397009370498e-38
2.6006331310276387e-38
2.577079622388602e-38
2.4940527416803624e-38
2.2327477458429324e-38
2.517162709109044e-38
2.7938633945296567e-38
3.624760179188928e-38
3.3805904388936683e-38
3.3167153858427847e-38
3.7881942062431535e-38
4.177246547567728e-38
4.277126000452282e-38
4.760133504595519e-38
4.791959873815002e-38
4.2061163694178547e-38
4.3413586015359943e-38
4.849912135815455e-38
4.650956343332198e-38
5.082251986411445e-38
4.807540621871093e-38
3.991209902973953e-38
3.6020409625025065e-38
3.3663827065460366e-38
2.8820020593861373e-38
2.5792587449687287e-38
2.944500863710722e-38
2.8205392152585225e-38
2.9486454346560685e-38
3.304415986613117e-38
3.0771290418358737e-38
2.723634451608461e-38
2.3426507823845511e-38
2.212042716889324e-38
2.2859763493149516e-38
1.8952038404884554e-38
1.802509959962135e-38
1.566427099531964e-38
1.5086817039484623e-38
1.4226745304741885e-38
1.4587289009964937e-38
1.659247932891969e-38
1.4640131543890844e-38
1.5478237908011516e-38
1.376419593242007e-38
1.3545059377313604e-38
1.1755535760846895e-38
1.0105510741709115e-38
8.879855339275047e-39
7.870721788455556e-39
7.427023396012531e-39
8.039673784534887e-39
8.773624027434932e-39
7.955850146850945e-39
7.820501567612059e-39
8.385888978243934e-39
9.918158462479141e-39
8.662181542231195e-39
9.806864685609706e-39
9.703695811709006e-39
9.912356704661906e-39
9.164863730050746e-39
8.94348425810514e-39
9.632005181605747e-39
8.960203596802706e-39
8.062493925237567e-39
7.956657175923719e-39
7.799726504328373e-39
7.382911070365835e-39
6.921075961677512e-39
6.341202682414916e-39
9.158013105924177e-39
9.459249768683446e-39
1.0252478701866668e-38
9.642899029718442e-39
7.937511399785133e-39
6.972763382061056e-39
6.980238656757569e-39
8.600284260108077e-39
1.0775593869078467e-38
1.1288703172976129e-38
9.022484763720643e-39
9.003538469474185e-39
1.0884106871243972e-38
1.0295079817212275e-38
1.0809302996771862e-38
1.2838126770300333e-38
1.5392416639980717e-38
1.352892611459859e-38
1.076835833634176e-38
8.666043939693501e-39
1.0950454585983804e-38
1.0564012191979681e-38
9.127366608043899e-39
8.921500608081594e-39
8.276428157588245e-39
6.806441980665315e-39
5.995019369323741e-39
5.5984138505558736e-39
5.941855544449944e-39
5.5899726346381315e-39
5.7789399112073646e-39
6.75622519938403e-39
6.490848532928131e-39
5.461533184445213e-39
5.300078058794535e-39
5.4108443880859935e-39
5.5956500302503614e-39
4.753635980973518e-39
4.627998324507445e-39
4.8121710907086155e-39
4.0677375682742166e-39
4.777096861157859e-39
5.6045650492397593e-39
5.3504976754653855e-39
4.8524153711546205e-39
4.305814429956107e-39
3.626708613233263e-39
2.964151887753446e-39
2.2905629053769828e-39
1.706543359330544e-39
1.3795062423357926e-39
1.597014292252442e-39
1.1921228140025085e-39
8.670776646918066e-40
7.523674075900018e-40
6.555815812273896e-40
6.2093409175846335e-40
6.477047759501371e-40
5.725963192236262e-40
6.293172818421571e-40
6.207116076207386e-40
6.4449818710705804e-40
6.0920688559969205e-40
6.095284172421261e-40
6.1894151562143156e-40
5.687307409422752e-40
4.6972446959759925e-40
4.752744687191578e-40
5.844835154690333e-40
6.192504560673284e-40
5.9212733272210814e-40
5.9361021182424055e-40
6.275168726455125e-40
5.700522953637347e-40
6.0447649945970334e-40
5.89373338947111e-40
6.237432973728222e-40
6.802238523605528e-40
7.0579120001078095e-40
8.647400190490992e-40
8.41224666281564e-40
7.328013570434398e-40
6.677687933993607e-40
5.7837605605639356e-40
4.627846582745545e-40
3.6446689721653537e-40
3.320594630625242e-40
2.718837672550686e-40
2.1733373775849044e-40
2.1768455238225836e-40
1.9088851841678696e-40
1.6515218778420215e-40
1.5905001567696254e-40
1.4510848867454499e-40
1.7548208384874822e-40
1.4585964844626392e-40
1.211313227359219e-40
9.856248927897581e-41
9.099792086669275e-41
9.183681260858904e-41
8.319365830393115e-41
6.451171340122862e-41
6.967293528201881e-41
6.081874596894011e-41
6.957392970285379e-41
7.208827430656877e-41
6.057815741536315e-41
5.467738299591568e-41
4.593328529042719e-41
4.673289014544399e-41
5.431669129440038e-41
5.232510944124179e-41
4.3311524621640356e-41
4.0919739510732457e-41
3.0639711064304066e-41
2.828547860604499e-41
2.3100315655176703e-41
2.2168582306926864e-41
2.415864457481087e-41
2.9291741650128624e-41
3.38668482991685e-41
3.158132825399846e-41
2.641705045223724e-41
2.4624012733345626e-41
2.5261332553201586e-41
2.0013762194799075e-41
1.8816427126123007e-41
1.729583841553844e-41
1.619392209486197e-41
1.5563356190531355e-41
1.3964203606003098e-41
1.6473652416396377e-41
1.779057475622864e-41
2.392837978577446e-41
2.1753594816473607e-41
2.1739463293995644e-41
2.199025680589275e-41
2.1022363389833698e-41
2.075498364947899e-41
1.7547714054559291e-41
1.3856256756721998e-41
1.3882773029873724e-41
1.2683277757227903e-41
1.1532018019096088e-41
1.0618047205627679e-41
9.222183496031611e-42
9.1120026702055e-42
9.664828015143534e-42
7.893673554413948e-42
7.409613820498636e-42
6.067833643411824e-42
5.384080246210928e-42
5.270687088992537e-42
5.45155816825756e-42
6.09131852459188e-42
6.725952593913456e-42
6.046556861965261e-42
5.085878832635027e-42
4.782917910921775e-42
4.486402447977649e-42
Acceptance rate: 0.25775000000000137
3.06860656351589e-42
2.765921309764876e-42
2.8050457461028885e-42
2.7856942919994904e-42
2.7557876720393084e-42
2.9387700941138247e-42
3.331541305644889e-42
3.171023669138917e-42
2.7634518171695728e-42
2.7851251765985726e-42
3.037672093275651e-42
3.136267913324841e-42
2.9866115729645855e-42
3.009226280345435e-42
2.949089220285089e-42
2.8448611471077926e-42
2.4315457836738544e-42
2.381603826728864e-42
2.28925830413454e-42
2.5417316447762708e-42
2.4729754383324775e-42
2.2586336593299786e-42
2.2740586503386126e-42
2.3737201779391275e-42
2.2078298029400272e-42
2.5510291762542154e-42
2.4866074577574984e-42
2.0481338344847645e-42
2.2679940704600233e-42
2.8409196089388194e-42
2.8881223036987784e-42
3.1259762701493945e-42
2.915505366136838e-42
3.616973265961972e-42
4.147937351879234e-42
4.578447754455836e-42
4.241971345985908e-42
4.323596631578505e-42
4.4677394661435315e-42
4.648082365387214e-42
5.950590074298773e-42
6.261621906130495e-42
7.028101554500138e-42
7.115553174237198e-42
8.158114476481775e-42
8.17856073599634e-42
7.024266156762127e-42
6.97653222264223e-42
6.326529966906207e-42
6.452538780147004e-42
6.288182987407472e-42
6.963792127603563e-42
7.105336552704446e-42
6.93143068659057e-42
6.97419322885478e-42
6.643713794621826e-42
6.904971336056495e-42
8.898941205452983e-42
8.531172288318393e-42
8.481378683516871e-42
9.350589859915596e-42
9.82374946676188e-42
9.535616412416876e-42
8.707372561822285e-42
9.051381946964178e-42
9.726676493014425e-42
9.243128368894214e-42
8.96429057277305e-42
8.060659804025768e-42
9.210154446090393e-42
8.467406264407507e-42
1.1363280259686409e-41
1.1970399489878483e-41
1.1215419144675241e-41
1.5956513448941357e-41
1.5709229071219887e-41
1.5410849403588766e-41
1.597042858911852e-41
1.5873274033467467e-41
1.6740516661007572e-41
1.6480334323319884e-41
1.6889246206422751e-41
1.7874584999819675e-41
1.9075249940567132e-41
2.1256055267346896e-41
2.0279650448650407e-41
2.694622175080464e-41
2.7596025981387753e-41
2.7392714362073043e-41
2.890123519626403e-41
3.2126800872817637e-41
3.2093610720172456e-41
2.771283343925906e-41
2.4297313777401464e-41
2.0907031963069193e-41
2.0549740195460017e-41
1.946313619434687e-41
1.772768312517939e-41
1.8491285138588724e-41
1.6885995206566708e-41
1.5222891348286554e-41
1.5746345479883142e-41
1.7933054665504998e-41
2.2136922099363802e-41
2.118798770526581e-41
1.958707745002296e-41
1.9089876232589825e-41
1.7727375328473963e-41
1.8042768028743542e-41
1.961702826409277e-41
1.7437574152522015e-41
1.8428489695032555e-41
1.6309753776199145e-41
1.777523680512054e-41
1.7856787552325832e-41
1.6854629094248793e-41
1.805676985469886e-41
1.634722576693885e-41
2.04237636628085e-41
2.1640195106442867e-41
2.058595598142213e-41
2.1505998000354025e-41
2.0700821087424907e-41
1.9356490058941675e-41
2.0880889059470063e-41
2.3017767674451264e-41
2.032352577383327e-41
1.9901249127294437e-41
1.9527833890526735e-41
2.0513718339525489e-41
2.2730169013374972e-41
2.2640356291387457e-41
2.1919231193683285e-41
2.3670474855312823e-41
2.341076256601683e-41
2.5104385583829075e-41
2.2509466471745095e-41
2.159053173887454e-41
2.0173732213755696e-41
1.8227362892100155e-41
2.0762107088106463e-41
2.5249288792909727e-41
2.8491299968666853e-41
2.520951825832371e-41
2.0662759856487499e-41
1.7879226501688016e-41
1.754710821342192e-41
2.0469272096099276e-41
2.2420439985861698e-41
2.2064370625742409e-41
2.0990131692157532e-41
2.2633165615170897e-41
2.2867017248984968e-41
2.304494558323505e-41
2.443941234453088e-41
2.3264796109135566e-41
2.4295835433012107e-41
2.601796157720668e-41
2.618215897217469e-41
2.837415023808117e-41
3.033757536918207e-41
3.3763116017957753e-41
3.0183632211375183e-41
2.5511799953561804e-41
2.911675810271041e-41
3.429651449922671e-41
3.110783501550158e-41
3.3424233658984244e-41
3.5784350391621513e-41
3.6564102638008236e-41
3.121814975729184e-41
3.244177780773671e-41
3.23006671152071e-41
3.487691218180453e-41
3.771336982543422e-41
4.032370880001034e-41
4.86562249565692e-41
4.458768522188161e-41
4.991794437844841e-41
4.611649324794923e-41
4.2093715389226734e-41
3.705828040935248e-41
3.486627321038316e-41
3.306458606646044e-41
3.26780517999028e-41
3.235279308098254e-41
3.079006910159126e-41
2.6006836065161873e-41
2.3577289316926235e-41
2.110836566418797e-41
1.9136066636885656e-41
2.241570628057345e-41
2.28760740571521e-41
2.1021444502644783e-41
2.1131137664456238e-41
1.9274089231717104e-41
1.8182437743049478e-41
1.7728557028923426e-41
1.710667182756062e-41
1.4728306401341337e-41
1.405422410115376e-41
1.424980172555683e-41
1.6471746339172651e-41
1.5366173604013283e-41
1.3820639431416104e-41
1.439438249084997e-41
1.691032205789606e-41
1.6763044670144379e-41
1.670670431151674e-41
1.3919696491895118e-41
1.3491667366092374e-41
1.3707154483893455e-41
1.5921399189378107e-41
1.5772664646539965e-41
1.5594772330342465e-41
1.4848229052688542e-41
1.2622804352605237e-41
1.2413387666127943e-41
1.364818628058043e-41
1.3206001026367366e-41
1.2102933289663418e-41
1.3072163771468243e-41
1.3197232810461517e-41
1.4203597621703803e-41
1.7852603126441662e-41
1.7228343123781626e-41
1.590117110411534e-41
1.9211728602553985e-41
2.117196476495465e-41
2.0185069302615753e-41
2.0940001205416424e-41
2.2153242849880685e-41
2.3322128577221333e-41
2.4640386789623065e-41
3.0038474311033963e-41
3.263915355372742e-41
3.580070541442694e-41
3.3140321654329186e-41
3.8134715340144586e-41
3.8826996742986267e-41
3.4253886558206473e-41
3.021170639161388e-41
3.1188148873763335e-41
3.5102799445229535e-41
3.268300631443874e-41
3.470663936895935e-41
3.5277547643753146e-41
3.716321460994358e-41
4.2693029213863403e-41
4.307445440755279e-41
4.0813349209594103e-41
4.11588467444268e-41
4.188664921157488e-41
5.576524548389047e-41
7.225758053147907e-41
8.0944372976941e-41
7.469844674484052e-41
7.960338347316295e-41
7.737294141986184e-41
8.37540249505057e-41
7.681689627380968e-41
8.173472405675383e-41
8.574044020866244e-41
8.368633628242936e-41
8.464525332904267e-41
7.751140399001246e-41
6.423784095622988e-41
7.006411043677899e-41
7.728571420603717e-41
8.002271577604995e-41
8.846014154160619e-41
9.463741810545425e-41
1.070764718812108e-40
1.1333803937410138e-40
1.325908703557488e-40
1.3790040103954782e-40
1.3213567250745625e-40
1.3267122823797326e-40
1.5105771732919545e-40
2.0277806679358724e-40
1.7277609846077114e-40
1.5699595594326225e-40
1.4311886245681645e-40
1.4069949061079598e-40
1.319719019190165e-40
1.1830001717557563e-40
1.0674881998737074e-40
1.018933948157043e-40
1.038225227687917e-40
1.1797168881341261e-40
1.2860569264133102e-40
1.271862483370575e-40
1.2138573835172911e-40
1.1724906978283098e-40
1.0587375553800074e-40
1.0635993497476124e-40
1.1424568348546317e-40
1.1050017950924224e-40
9.918207805483652e-41
1.0631989778577109e-40
1.0981045764420612e-40
1.2462377433686893e-40
1.0690222666678241e-40
1.2275377454853037e-40
1.1498994853064192e-40
1.074145220853455e-40
9.68563261029831e-41
8.481272045655375e-41
8.806264677859361e-41
9.146886757922211e-41
7.782227011810869e-41
7.045392396187142e-41
5.791648836443599e-41
6.229537684464615e-41
5.54168809263166e-41
4.939923241663132e-41
5.039348056572014e-41
5.877136080653797e-41
6.958270824068832e-41
6.52463777597985e-41
6.573975482980622e-41
7.52324250501365e-41
7.735348860747603e-41
6.893052018785995e-41
6.176693082657873e-41
5.681718049155871e-41
5.252547464047181e-41
5.66363917034459e-41
5.42245916869591e-41
5.006802224809303e-41
4.797665740911987e-41
4.737950898912901e-41
4.360684183665494e-41
4.3667951130673877e-41
4.941937251446413e-41
5.380333353668268e-41
6.277132782523557e-41
6.002061348618189e-41
6.109938674593147e-41
6.159360081486646e-41
6.111669269268943e-41
5.345052701141616e-41
4.5910195268224095e-41
4.4585998063205913e-41
4.313666360042657e-41
4.414140942094466e-41
3.8670792467969735e-41
4.849473892011344e-41
5.81469107432942e-41
5.19932871247337e-41
4.2514648189339495e-41
5.344117082096572e-41
4.959612389106108e-41
4.280986483125363e-41
4.0598726156270815e-41
3.60740654594283e-41
3.564755701147448e-41
3.6959028438227713e-41
4.1221710287894966e-41
4.417632542178679e-41
4.2741409009543565e-41
4.03366793066401e-41
5.075551698693108e-41
4.611847510780292e-41
4.707518835532994e-41
4.580601026841527e-41
4.81155824080996e-41
4.682707775310984e-41
4.966244274201805e-41
5.636324357378722e-41
5.652440859594546e-41
5.578633143769159e-41
5.484152551880386e-41
5.802620367264376e-41
5.622367303016462e-41
6.002470492994781e-41
5.526218333192564e-41
5.268790964793445e-41
5.350989341600061e-41
5.118491308508615e-41
4.738189718347298e-41
4.763813482715541e-41
4.450235564572061e-41
3.7772808169062254e-41
3.2497879122079387e-41
4.0535206952771193e-41
4.051593001227988e-41
4.1694138786055263e-41
3.9303452900299356e-41
4.003341845647744e-41
4.770294363474927e-41
5.41740100681098e-41
5.670789185796592e-41
6.096117371077143e-41
5.730591804763118e-41
5.700351058070503e-41
6.108748231342363e-41
6.661078460734894e-41
7.387782751687982e-41
7.716083878177156e-41
Acceptance rate: 0.2682999999999999
5.391604092963176e-41
5.684967614309796e-41
5.86943406238076e-41
5.722671012447645e-41
6.424622452665265e-41
8.610064977626726e-41
9.21215475374283e-41
9.644872900098007e-41
1.0091896942366773e-40
1.0246832442562307e-40
1.1024824654419092e-40
1.2745588667133192e-40
1.3674927239868171e-40
1.4692321572054613e-40
1.349974411706096e-40
1.4165977057679472e-40
1.502727911887442e-40
1.4800513132444047e-40
1.3046909309426297e-40
1.4181706740437096e-40
1.4923178583473593e-40
1.570039077127546e-40
1.4847699733490881e-40
1.8762850660993066e-40
1.9150404808792133e-40
1.7023881541941423e-40
1.6844068886464728e-40
1.825411715082155e-40
1.8273042136415666e-40
1.852125994447336e-40
1.9695868416017094e-40
1.7789032214569402e-40
1.632136598276143e-40
1.4515148837070957e-40
1.3346524781389818e-40
1.5321114662234088e-40
1.6294139057032865e-40
1.579728609311685e-40
1.5214089532275606e-40
1.336748710988995e-40
1.352594387141338e-40
1.4498988482552362e-40
1.2073678696338648e-40
1.2455905620081873e-40
1.303666547088698e-40
1.2564133676611954e-40
1.206603583846729e-40
1.0446420102580765e-40
8.827785001971804e-41
1.2473516384213936e-40
1.2084594752776574e-40
1.2925530617667215e-40
1.5308784801476724e-40
1.5841978117792186e-40
1.4256213539961377e-40
1.1863340435192684e-40
1.032645298051714e-40
9.513683046681125e-41
8.358963799959701e-41
9.38002939309063e-41
9.178029628841289e-41
8.247185996342632e-41
9.006704294355986e-41
8.521020438232306e-41
7.374341762284857e-41
7.311191242226664e-41
7.973206663121433e-41
7.655189734905568e-41
6.636315970797977e-41
6.887540796678006e-41
6.05059435072184e-41
5.951108606685577e-41
5.996454596945306e-41
6.337647448057661e-41
5.826468538251951e-41
6.02700934043896e-41
5.826431175029929e-41
5.833033832853335e-41
5.040013122810577e-41
5.086087075145208e-41
4.842728750258881e-41
4.775498118456282e-41
5.916973557552738e-41
6.756675430036506e-41
6.324494006745166e-41
5.666763311683581e-41
5.023609989146172e-41
4.718785192923311e-41
4.60568228294601e-41
5.440975779302152e-41
6.396416560047156e-41
6.023232813998588e-41
5.258865166926655e-41
5.239124320795448e-41
5.169642428514686e-41
4.553803121879015e-41
4.783512487494566e-41
5.790175390720212e-41
6.081650335255393e-41
7.136549311245836e-41
7.146282905486525e-41
6.872152982733491e-41
6.629569676711561e-41
6.686400906925151e-41
6.819980990027052e-41
7.868798656876649e-41
8.096951200701009e-41
8.322055838499355e-41
7.313603352781173e-41
6.646009655047681e-41
6.127611704728869e-41
6.637987129235841e-41
7.477752846554519e-41
7.30336064406532e-41
6.80653271403545e-41
6.226090121128403e-41
5.791652281219077e-41
5.469979478417028e-41
5.86986828452924e-41
7.010705079137598e-41
7.901787590628016e-41
7.906953604041612e-41
8.833931840785359e-41
8.955044922373346e-41
9.281179005518082e-41
9.802972032594502e-41
1.0571046896126887e-40
9.094450275444317e-41
9.740261227928558e-41
9.304583026651759e-41
8.826672762163039e-41
9.858452895312146e-41
1.0856972141075193e-40
1.0677893152173442e-40
1.1362981359434537e-40
1.1699986113888745e-40
1.0270550760313518e-40
8.871773603059092e-41
1.1278950506313856e-40
1.1989523202300396e-40
1.0642061723973933e-40
1.0160189947208964e-40
1.0121224560544684e-40
1.0039882700428538e-40
9.19639169760478e-41
1.0195350782133777e-40
9.814939407268249e-41
8.794704606931077e-41
7.746454654708872e-41
6.666394328546403e-41
7.670808346479239e-41
8.860459874065042e-41
1.0103906378754385e-40
9.73882640225964e-41
8.854307668611702e-41
9.079407676577604e-41
8.879464454374577e-41
1.010620597528351e-40
1.0516648438770117e-40
1.0205935533711912e-40
1.0039315622129455e-40
1.1431152502065925e-40
1.1172518835471976e-40
1.1395687538125844e-40
1.2122606049746898e-40
1.1611053374393888e-40
1.1397238233113858e-40
9.83718047142469e-41
9.208312281553218e-41
9.457960279666932e-41
9.418234713202436e-41
8.702842164975914e-41
9.047682341884367e-41
8.169228869281165e-41
7.818944899829602e-41
8.136920927243757e-41
8.534264899783328e-41
9.355699746287082e-41
9.793961138453933e-41
9.450654240924116e-41
9.828800684354613e-41
8.670239595702257e-41
7.377822551180967e-41
7.016301795294193e-41
6.620932169760858e-41
6.205328795000541e-41
6.167311919980615e-41
5.287814168704201e-41
5.253278657221792e-41
4.992868182994405e-41
4.667179967050436e-41
3.9760472914585125e-41
4.64316062623981e-41
4.431169927031487e-41
5.142641605043296e-41
5.35176916541284e-41
5.805910179836398e-41
6.030958111156925e-41
5.522789099470678e-41
5.501089734778615e-41
5.238159792980899e-41
6.324383357683039e-41
6.249015214869689e-41
6.595911870732132e-41
7.911762242353911e-41
7.916442068286066e-41
7.474225423025381e-41
6.663390332342869e-41
6.013703724450529e-41
6.887146501167361e-41
6.720561617876683e-41
6.362717997934572e-41
6.701357331553879e-41
7.753652656909807e-41
6.776427195614119e-41
7.078988396363573e-41
8.537671602572692e-41
9.123439031687846e-41
8.565674499678592e-41
7.892772821903522e-41
7.468806895625106e-41
6.988137647755885e-41
7.734838944237102e-41
7.976154304466447e-41
8.260423052835835e-41
7.853579970328685e-41
7.394920660922008e-41
8.234210719423721e-41
7.859301850930422e-41
7.568978930821913e-41
7.81202722581672e-41
9.59271949568722e-41
1.096018448221444e-40
1.0929980787621396e-40
1.0596899147465431e-40
1.0442677728753446e-40
9.593384189127707e-41
9.585839292567513e-41
9.134069944755534e-41
1.0202207978710484e-40
1.0097440812855188e-40
1.0538783137293735e-40
1.0716430489447827e-40
1.0249291448780083e-40
1.1170316482493793e-40
1.1811316121466525e-40
9.900317652527475e-41
9.042101954256324e-41
9.959614776614702e-41
1.1975806241075668e-40
1.306366227141449e-40
1.3220565961281702e-40
1.267000859004583e-40
1.600889201713139e-40
1.7139657177194064e-40
1.5262423931409227e-40
1.638626259862851e-40
1.5776157904546914e-40
1.5099440532132458e-40
1.2962021016290316e-40
1.283950105798014e-40
1.2167173158301438e-40
1.1668789755924253e-40
1.2914472165001098e-40
1.5894847741314716e-40
1.5289722522138027e-40
1.4876151098819252e-40
1.4863430872085647e-40
1.3302643242229937e-40
1.2080191136310157e-40
1.1630909366562761e-40
1.3194352085336225e-40
1.4579942671606608e-40
1.5213466769925113e-40
1.3817930428109008e-40
1.2851406115511549e-40
1.0840870487897863e-40
1.135126921350861e-40
1.3011144798764289e-40
1.1663422894686657e-40
1.017127546064794e-40
9.501254508920827e-41
1.0009779875729889e-40
9.660073764695687e-41
1.0065623260119899e-40
1.1131509867267693e-40
1.1724252976266502e-40
1.1677147943380122e-40
1.237906828321233e-40
1.2957212619725552e-40
1.2127248420570275e-40
1.3684726567210787e-40
1.298470434120706e-40
1.4003651494106316e-40
1.2888803852098223e-40
1.1975403710473588e-40
1.0891933222525226e-40
1.0301051958205874e-40
9.563021324717619e-41
8.701190644034004e-41
8.896732846350696e-41
8.451253472204903e-41
8.387012242606275e-41
8.001179978942829e-41
9.457721426965806e-41
9.746496118752809e-41
9.340929368277417e-41
9.031749130745437e-41
9.052916644137664e-41
8.406749666686669e-41
7.561276469272494e-41
7.350162658355969e-41
6.608768712097015e-41
6.805160981971183e-41
6.457993664679292e-41
5.633111596816078e-41
4.664368852898016e-41
4.66699746852359e-41
4.767721831633689e-41
4.3799662523232144e-41
3.65196978974918e-41
3.1061947384402294e-41
2.8797968696618597e-41
2.8204019229543474e-41
2.7691485503355783e-41
3.3028641921736155e-41
3.497924229896373e-41
3.622311966661902e-41
3.3778305937865297e-41
2.9136547314413975e-41
2.906988969958276e-41
2.9808664592815905e-41
2.9882805808198357e-41
3.023646821807265e-41
2.9539169485660595e-41
2.93781233349495e-41
3.2845179817059705e-41
3.091146069489057e-41
2.7701363310512954e-41
2.9687952977167255e-41
3.0930945623220636e-41
2.8144301302589766e-41
2.5520987786277824e-41
2.757433683777095e-41
2.8488331196030047e-41
2.743416526186137e-41
2.5641276400585706e-41
2.5326858719204997e-41
2.6212095577479827e-41
2.4268980512596744e-41
2.2793937162886682e-41
2.2767549301177267e-41
2.1227360165601557e-41
1.887425411564612e-41
1.804900597909703e-41
1.9927486719810329e-41
2.522952632784469e-41
2.3229192450037815e-41
2.0966530221175183e-41
1.9044473582872416e-41
2.2786945461651425e-41
2.344957054792331e-41
2.3223388638908373e-41
2.502721971558165e-41
2.369680522490941e-41
2.4051352945051983e-41
2.2881878078138526e-41
2.3594042327448813e-41
2.0869204507956213e-41
1.9691354839791906e-41
1.7687158495974494e-41
1.5545356482857284e-41
1.6382048977040927e-41
1.530669497193283e-41
1.3046701423280525e-41
1.1148718037042994e-41
1.1148361955174475e-41
1.1450738558497326e-41
1.0623509011445254e-41
1.0919952639003316e-41
9.319053050034308e-42
8.768903125013133e-42
8.707798738653112e-42
1.0209374253774978e-41
1.0092227950083652e-41
1.2265237006815903e-41
1.1445060082673189e-41
1.0894702392858293e-41
9.780103464089313e-42
8.885772231499152e-42
1.014650240502077e-41
1.0423002952543438e-41
1.0758548917836286e-41
1.168766397837305e-41
1.2493770435887458e-41
1.290333726412446e-41
1.2706145806885365e-41
1.4286039662078875e-41
1.2663330810546449e-41
9.940321144258022e-42
Acceptance rate: 0.2727916666666642
6.967769408441012e-42
7.573410475136099e-42
7.717743263568898e-42
8.186424139022992e-42
1.0161958558467987e-41
1.0644726915459495e-41
1.1437828363328042e-41
1.0956802957030744e-41
1.1849715975478208e-41
1.4753743491747642e-41
1.489387632697839e-41
1.5284408097356518e-41
1.363856240495662e-41
1.5340242717918497e-41
1.9283191955260308e-41
1.9839640239513006e-41
2.0075757529558172e-41
2.3222098191522557e-41
2.346477328032436e-41
2.3310651891749334e-41
2.1288789343540406e-41
2.2516056646802529e-41
2.1587581161658399e-41
2.1625029918659282e-41
1.9155946293602012e-41
1.733754526571014e-41
1.9079306293309728e-41
2.0351299882761481e-41
1.8826676538678728e-41
1.7551843456414714e-41
1.603942709863228e-41
1.4374110719517545e-41
1.9560791604199287e-41
1.7586031417298727e-41
1.8218669855202855e-41
1.7861433685456764e-41
1.8304638657632472e-41
1.8298849208539183e-41
2.0520434906669376e-41
1.953325192452625e-41
1.7598613819569747e-41
1.8166122134624398e-41
1.972931599836627e-41
1.8477299614438907e-41
1.6970184714097864e-41
1.6273882576075307e-41
1.3525847249604334e-41
1.1754460391412926e-41
1.1257483733497761e-41
1.136093820077494e-41
1.1098276958757464e-41
1.126125276469545e-41
9.885168174475596e-42
9.471497759077616e-42
9.162186955578433e-42
1.0468818766498727e-41
1.0516968875463032e-41
1.0802140540466028e-41
1.0671143944632959e-41
1.0871322288012958e-41
9.442308086673457e-42
9.598066749921197e-42
1.1070450430934944e-41
1.208602268850993e-41
1.1950389169829005e-41
1.1626006264356276e-41
1.2469854742588807e-41
1.4804949907696923e-41
1.737161672867197e-41
1.8306823411068302e-41
2.2366951942728267e-41
1.965172449773919e-41
2.1247234008397852e-41
1.980433076584151e-41
1.9756886977463738e-41
2.1008974463628604e-41
1.924469800671883e-41
2.453520485170387e-41
2.8312048193101715e-41
3.3642603879871106e-41
3.979092737650608e-41
3.8224191939944873e-41
3.627468918627914e-41
3.499115742100501e-41
3.3406830352167926e-41
3.340335000329441e-41
3.871504832426231e-41
3.3973725743926955e-41
3.154428937555616e-41
2.765088051406443e-41
2.749495396963787e-41
2.717792763108938e-41
2.9799172034901813e-41
3.6037907114258346e-41
3.705438818253037e-41
3.778286513041946e-41
3.8641203851820924e-41
3.787128096641463e-41
3.7211239164780625e-41
4.032675862847991e-41
4.28710056012343e-41
4.145972301010494e-41
4.149472814797498e-41
5.291643491603987e-41
5.102728489744811e-41
4.2459277053711294e-41
4.050827919300751e-41
4.248862212963499e-41
4.1670493784430335e-41
3.6153174196194746e-41
3.311780530173651e-41
3.3846612997638195e-41
3.3558590846397396e-41
3.0646553156318917e-41
3.115150957969658e-41
3.2830288639904333e-41
3.419389256665923e-41
3.272912872491695e-41
3.474411742839796e-41
3.246856016339312e-41
3.6609944778326074e-41
3.281234132746698e-41
3.1600189723776673e-41
3.2564669493845154e-41
3.506700290460474e-41
3.026996180791032e-41
3.2285093286921013e-41
3.286391814662276e-41
3.106010639958852e-41
3.1131882501518344e-41
2.958359431940863e-41
2.9361497608542894e-41
2.9842228520438565e-41
2.789960976341365e-41
2.669993468595077e-41
2.2853595009637415e-41
2.625418066502942e-41
2.798692023193154e-41
3.1716418671193335e-41
3.2887712819334966e-41
5.060133111746487e-41
4.773321841929308e-41
4.494407389757566e-41
5.12893115410671e-41
5.76208709172832e-41
5.559223725822113e-41
6.558933704561675e-41
7.045918104624025e-41
7.65964648034861e-41
7.660989756275812e-41
9.391745932237016e-41
1.0299510962160271e-40
9.177814105798757e-41
8.290351524933689e-41
8.678919344412298e-41
9.764370842910238e-41
1.1366504627423278e-40
1.0395607964948832e-40
9.653834160643421e-41
8.797206142081001e-41
8.421296714935804e-41
1.150150853022947e-40
1.1114129561528585e-40
1.1447482192801602e-40
1.1934757844778924e-40
1.05485071508908e-40
1.0053017411868362e-40
9.875210423603712e-41
1.2007290843382015e-40
1.280674485974822e-40
1.1961761604316064e-40
1.0600705169703713e-40
1.285231714916242e-40
1.372673327689946e-40
1.518627332508401e-40
1.4939713052456753e-40
1.4691268803439485e-40
1.3847047904287369e-40
1.334972220632345e-40
1.117942647457716e-40
9.111709667773516e-41
9.148635724336698e-41
9.66063373039002e-41
9.660033751477627e-41
9.221104584770905e-41
8.542927822971567e-41
8.304745984540743e-41
8.152815990499113e-41
9.94916999939389e-41
1.019358732919643e-40
9.115242599057936e-41
9.226719242535224e-41
9.819432369601434e-41
1.042769667148226e-40
9.020627038567562e-41
9.751649382029418e-41
1.095107813580182e-40
1.1588283872478888e-40
1.1982634785832779e-40
1.1525949360563995e-40
1.204281397994979e-40
1.0755089625804042e-40
1.0316741032829587e-40
9.558112618404151e-41
1.0590675194816172e-40
1.0580840525339569e-40
9.813949585829254e-41
8.160627696437016e-41
8.737754869203073e-41
8.399699450132018e-41
6.834341939055986e-41
6.246587457292494e-41
5.849831924210422e-41
5.772670982890426e-41
5.665759196862139e-41
5.93621028787424e-41
6.31535325946461e-41
7.079633111086693e-41
8.665344697616204e-41
8.06915739055537e-41
9.250852051015571e-41
1.0751659630622558e-40
8.840682638376164e-41
9.48724577144492e-41
1.0235845038791888e-40
1.1905992212411914e-40
1.3989715566175073e-40
1.5878558560326584e-40
1.5696227876679211e-40
1.4846443058881159e-40
1.692041983295096e-40
1.7076789168271316e-40
1.5902287046348665e-40
1.7395695032536246e-40
1.9941036728111002e-40
2.1831096919475702e-40
2.471910083064324e-40
2.4583876986873275e-40
2.2542168897545625e-40
2.3347198317817145e-40
2.1124379563506334e-40
2.3969550222222785e-40
2.33506284896915e-40
2.6970065146185125e-40
2.6476237040123137e-40
2.4188978351672353e-40
2.2537183219706934e-40
2.231243773821877e-40
2.245380836197779e-40
2.2074416595490016e-40
2.0201318253018654e-40
2.1577020950778904e-40
2.0432016295019324e-40
1.9550306589666772e-40
2.1066129007512698e-40
1.814356483348075e-40
1.6440131290140473e-40
1.7939075111645964e-40
1.865445719513514e-40
1.8669414813687422e-40
1.7049905896835237e-40
1.8886237245038323e-40
1.8056755595180089e-40
1.5876490850802181e-40
1.3886300173168574e-40
1.1779878327944867e-40
1.225666559133897e-40
1.2579382901804058e-40
1.4072627704709943e-40
1.4367024233413787e-40
1.4079195613614904e-40
1.343327042741224e-40
1.149938420277976e-40
1.0263735961045812e-40
1.1066791832055744e-40
1.1049668991802047e-40
1.0117131121542784e-40
1.1157359014202732e-40
1.1522460839646553e-40
1.1331174565954844e-40
1.1039521682132684e-40
1.1001616366454363e-40
1.036785667990927e-40
1.0070374959574307e-40
1.0354497225777383e-40
1.5175350046316435e-40
1.7304648453715996e-40
1.7943560423048247e-40
1.7836024771501919e-40
1.9711427885402443e-40
1.9371663084536994e-40
1.8986057844734402e-40
1.7821708525539663e-40
1.8085295395600766e-40
1.6723577802926028e-40
1.5834240852056491e-40
1.5567936153622138e-40
1.712128987507497e-40
1.7075180733333026e-40
1.6730989984824277e-40
1.7468844853039389e-40
1.7090007915802138e-40
2.0341643632701317e-40
2.2980515201761817e-40
2.2822598929417857e-40
1.893000392228618e-40
1.7281289850243091e-40
1.738913020262377e-40
1.730589022405365e-40
1.5768572294043334e-40
1.5464694473591263e-40
1.7911854399817297e-40
2.021191734844258e-40
1.8805602389378998e-40
2.225057049889196e-40
2.226761441358998e-40
2.609870248515793e-40
2.6202336628765026e-40
2.6845662231070573e-40
2.5392543242901354e-40
2.3052542554518656e-40
2.5996922466432976e-40
3.20564017094061e-40
3.2524084059698056e-40
4.0943285094942595e-40
3.9720478770430275e-40
3.897786573232108e-40
3.936651164806047e-40
4.087008098906704e-40
4.079986383272058e-40
3.924339270769793e-40
3.94758461815792e-40
4.1127627203775155e-40
4.029306219973268e-40
3.88533614981521e-40
3.686629989294048e-40
3.235897081065631e-40
3.694665518106204e-40
4.015818124440287e-40
3.684996234895133e-40
3.4643792698624987e-40
3.39844754422305e-40
3.3722658522402128e-40
3.2122466104461576e-40
3.4450775654977657e-40
3.474774369252108e-40
4.400092101281042e-40
4.103513546687462e-40
4.2310012784827154e-40
3.6461609797569296e-40
3.749651943843911e-40
3.5174218596288667e-40
2.8772740361524122e-40
2.9632048316793043e-40
2.8668348613699886e-40
2.8964479112566524e-40
2.9259215346716688e-40
2.731861619158623e-40
2.3124975087636445e-40
1.8881007902983062e-40
1.7560689535396497e-40
1.8045854349009964e-40
1.6943181641034513e-40
1.5120720653201458e-40
1.672559668772118e-40
1.6808281014799313e-40
1.6437346947987702e-40
1.5285543267600629e-40
1.368045729922459e-40
1.2966593768741339e-40
1.6386854163729303e-40
1.4997140513863563e-40
1.3756604203718268e-40
1.3592577677751393e-40
1.4766085178703472e-40
1.4481259203882598e-40
1.3282472614233719e-40
1.2137152251619656e-40
1.1419636814518216e-40
1.0583131457379878e-40
1.0171782487425835e-40
1.2624217026192236e-40
1.3945908225392447e-40
1.4980655082832903e-40
1.6238447173629546e-40
1.554630869120756e-40
1.4574703270503396e-40
1.2458696675191464e-40
1.0766202280952497e-40
9.31063759085573e-41
1.31760384438744e-40
1.5807624728728605e-40
1.7056746449490725e-40
1.8451382290388328e-40
1.8135837445677645e-40
1.584572010216102e-40
1.4059020327807977e-40
1.3871981116087004e-40
1.2601284714078092e-40
1.1359092323431977e-40
Acceptance rate: 0.2776428571428562
8.024648240366863e-41
7.966944262763507e-41
6.885484768568878e-41
6.622413663133144e-41
6.833092477747571e-41
6.578473129457219e-41
7.814350110622708e-41
7.878020144074117e-41
7.482878000337844e-41
6.978113016866368e-41
6.646362974730861e-41
6.735279429201422e-41
6.418093609832178e-41
8.397534271023105e-41
7.489161802091032e-41
6.96408563568917e-41
6.5774466984477e-41
8.702972603796749e-41
7.746204874864074e-41
7.306638631618308e-41
7.926987391595239e-41
8.044181132642037e-41
8.509014370888181e-41
8.291785531983117e-41
8.696600590137411e-41
8.959229055435985e-41
9.677498559666415e-41
1.001262932410194e-40
1.1315343636969705e-40
1.198402622944197e-40
1.0975195419542663e-40
1.0509131374724107e-40
1.12359639842347e-40
1.2643389441581316e-40
1.2489497914050215e-40
1.189616439606152e-40
1.263105666921269e-40
1.2751109336650007e-40
1.278183404306244e-40
1.311030601023759e-40
1.2954003762648137e-40
1.1697324846489752e-40
1.0768414662316556e-40
1.1249197580982092e-40
1.1378207458336791e-40
1.036868737362855e-40
1.0197646060448822e-40
1.1654759253612327e-40
1.2629953491067777e-40
1.4031875751256068e-40
1.6599257163080368e-40
1.4504033637956513e-40
1.3787828092407702e-40
1.5571240674316741e-40
1.6406336544903007e-40
1.7212861608569461e-40
1.918974993593505e-40
2.0236218787944733e-40
2.2033886754793637e-40
1.979347499812926e-40
1.84285015009045e-40
1.8692643345638174e-40
1.9374752028504463e-40
2.0632778693203542e-40
2.065738359309602e-40
2.0351206752401086e-40
1.7268825425498502e-40
1.7828907523249346e-40
1.7812013676572152e-40
1.88809641684542e-40
1.652313601824706e-40
1.6108652971930807e-40
1.5280741459047934e-40
1.4307284088598977e-40
1.7557503108776101e-40
1.7953057166157316e-40
1.846733546218383e-40
1.86949098398126e-40
1.9054881874804573e-40
1.8591545352973466e-40
2.0205283089242715e-40
1.7430529439492616e-40
1.6493045483510149e-40
1.6678368124707756e-40
1.6900742974248071e-40
1.4693995457728515e-40
1.5157557244454847e-40
2.040978448029928e-40
2.3032059505666862e-40
2.174905921172416e-40
2.033532402102753e-40
2.141771153429185e-40
2.0898798441699625e-40
2.126653077147296e-40
2.1667103002907685e-40
2.0446911076654115e-40
1.6593638040604276e-40
2.2310242035333026e-40
2.2257918364286392e-40
2.0530815417242064e-40
2.090783548222513e-40
1.9974803777147944e-40
1.7648797594540303e-40
1.6108718746154556e-40
1.8244156765010906e-40
2.1414578564127248e-40
2.0623680525071665e-40
1.897859694861474e-40
2.106015280633819e-40
2.0504210218950104e-40
1.9595498824862033e-40
1.900039080307891e-40
1.9769369143734526e-40
2.1918922032450372e-40
2.344303467782938e-40
2.1863089768432063e-40
2.081509684024251e-40
2.2310630282692625e-40
2.2734168217589853e-40
2.2685242523494127e-40
2.3815847003323635e-40
2.3250634545660083e-40
2.2357562684498072e-40
2.086742488409835e-40
2.101386432912936e-40
2.000390234173372e-40
1.881927307837889e-40
1.8476040139751844e-40
1.910799418939833e-40
1.7753919647300255e-40
1.6334133201595671e-40
1.3929940031061364e-40
1.1836736020530765e-40
1.2054035051082945e-40
1.3387433281868306e-40
1.3764938857258768e-40
1.6605985422524284e-40
1.9143689653197628e-40
2.3089341118415288e-40
2.923030262634428e-40
3.1875586418317136e-40
3.1974671350962717e-40
3.5152003472689864e-40
4.226173673247028e-40
3.9852383923664585e-40
3.5268926433811003e-40
3.188686805521541e-40
3.239572132911192e-40
3.0461915610328007e-40
2.986416371206688e-40
3.4048368227715305e-40
3.050315028896915e-40
3.1995128528549673e-40
2.9329123398121195e-40
3.0965511538038837e-40
3.3111414081949927e-40
3.065108543191132e-40
2.9678666473142634e-40
2.8509484711602353e-40
2.8613842714015483e-40
2.8530515598133344e-40
2.887065633868745e-40
2.8800521136548397e-40
2.793146248166901e-40
2.843556972980678e-40
2.4894025797427637e-40
3.103702345034251e-40
3.0198317611840277e-40
3.2998167745970927e-40
3.990765899717085e-40
4.5868843149022406e-40
4.6453634244403855e-40
4.004255887551995e-40
3.682370496382787e-40
3.745134236721236e-40
3.3549662894261255e-40
3.094078280895085e-40
2.8266782548544824e-40
2.8133918007508013e-40
2.675864472796755e-40
2.4160620765456506e-40
2.426667448637438e-40
2.4562259837150766e-40
2.3397877562067457e-40
1.8992519283138604e-40
1.9427023597222794e-40
1.7671822773210889e-40
1.676424862466373e-40
1.65025980961779e-40
1.69279100812704e-40
1.945472864539292e-40
2.3280722687280774e-40
2.742173016929591e-40
2.9108886393164635e-40
2.641711993223844e-40
2.66771237824363e-40
2.5712077045827846e-40
2.5346637675969185e-40
2.5670798497700883e-40
2.555828311556937e-40
2.4680585598632386e-40
2.452248742896757e-40
2.692837273184672e-40
3.0748246027449046e-40
3.359543773349783e-40
3.228746297305923e-40
2.969114773497581e-40
2.9362326441074187e-40
2.7016141918005565e-40
2.5452006380349505e-40
2.404892278158806e-40
2.111151738540242e-40
2.0517853522360255e-40
2.112589782794212e-40
2.2205604954634396e-40
2.2288006379349048e-40
2.3182375360740468e-40
2.4785098423586087e-40
2.4300811061221334e-40
2.2786254742077902e-40
2.0854364541858137e-40
2.5282180342386264e-40
2.559498489843164e-40
2.3894227179841975e-40
2.0916340407079006e-40
2.024847123085586e-40
2.165182656313841e-40
2.442440218153135e-40
2.173780569618473e-40
2.3264283053754277e-40
2.625964348205751e-40
2.5910135337144935e-40
2.870039258774224e-40
3.23200889584887e-40
3.036207480062194e-40
2.716797034898939e-40
2.5483910055967747e-40
2.5857507231802285e-40
2.191510310300921e-40
2.566337099613484e-40
2.74225291509786e-40
2.7122666166888146e-40
2.5931625670804404e-40
2.8391108495502383e-40
3.99550813919785e-40
4.1236368643505335e-40
4.197811681105874e-40
4.1319599766865835e-40
4.384167508002603e-40
4.42356330615654e-40
4.134942852599947e-40
3.5556275272899533e-40
3.6013699709656256e-40
3.321223946629203e-40
3.8138356939940546e-40
3.591888010894787e-40
3.236682442386189e-40
2.7502027284186122e-40
3.0453842868118095e-40
2.7675035680375276e-40
2.5700956310345178e-40
2.411486718254895e-40
2.2321911667822516e-40
2.1685553824267966e-40
1.9764834900614307e-40
1.8038826443246647e-40
1.7471938709128739e-40
1.8714835885114122e-40
1.9125808300868114e-40
2.010178412496701e-40
2.069790675347781e-40
1.8597637818900247e-40
1.724790349790429e-40
1.7338747967449663e-40
1.8119393614445338e-40
2.007569837116982e-40
2.1185707981706002e-40
2.0965993080789446e-40
2.440592053103523e-40
2.940002941259435e-40
2.954457437487922e-40
3.1213283764102653e-40
2.7578444188759924e-40
2.322790035564692e-40
2.3122702399462414e-40
2.268203098587977e-40
2.124543819328705e-40
2.1132537720759164e-40
2.266836049172324e-40
2.2408558290272678e-40
2.1611000128415664e-40
1.984159694438502e-40
1.924612085385076e-40
2.016014077648382e-40
1.828893062947033e-40
1.9118869960026394e-40
1.8328196459228982e-40
1.6288123157842707e-40
1.6250085598685069e-40
1.5515524760055596e-40
1.5272789250794832e-40
1.4726333203375955e-40
1.4699246729030319e-40
1.558076464329479e-40
1.551628421477866e-40
1.5057315355344715e-40
1.3959356313006891e-40
1.4537473277995144e-40
1.4403642022850392e-40
1.5719199455730069e-40
1.721970149402273e-40
1.8182544706707078e-40
2.264482776204269e-40
2.2586076989292603e-40
2.1391820980149935e-40
2.0785941178737964e-40
2.1090647474261662e-40
1.981105520523034e-40
2.0094424105318746e-40
2.0484680843018517e-40
1.9655483607239755e-40
2.2814061987974734e-40
2.1856903891215423e-40
1.9976218953821035e-40
2.070343019002419e-40
1.8974174281534756e-40
2.04663683517987e-40
2.038708849158455e-40
2.0188742417207466e-40
2.502132391920328e-40
2.8386839732085257e-40
2.771519398944273e-40
2.6548578307107406e-40
2.701344765289916e-40
2.8756616204135465e-40
2.871727776614778e-40
2.7296420094555513e-40
2.5501751652179114e-40
2.3245885388478127e-40
2.369247727745387e-40
2.323294683855688e-40
2.3342951605831487e-40
2.7527690006410413e-40
2.674638689574496e-40
2.5835347568721047e-40
3.1106455021774434e-40
3.234870324154004e-40
2.8074733604696234e-40
2.9228524568300385e-40
2.673749054541585e-40
2.365797661159491e-40
2.1416037101718126e-40
2.0455594767862222e-40
2.006445451322795e-40
1.8636437751189057e-40
1.7729720004725639e-40
1.8130887129593894e-40
1.7411849017003652e-40
1.885077212509105e-40
2.1085058592649437e-40
2.069958073095833e-40
2.298942600361833e-40
2.2609239703616245e-40
1.8897580767686375e-40
1.7262292543584443e-40
1.6430110618019507e-40
1.6795319740526819e-40
1.5124250822705505e-40
1.5376368870367751e-40
1.7334688540646168e-40
1.88730382152042e-40
1.6904884049141194e-40
1.5826269923666083e-40
1.451402926298378e-40
1.5083896051990372e-40
1.4131786529968229e-40
1.3878044108948133e-40
1.351438103319112e-40
1.3452982476361128e-40
1.2689857885957481e-40
1.0127308517244715e-40
9.496315430260206e-41
9.221798384137718e-41
8.061587559708796e-41
7.668092007885447e-41
7.474876626123026e-41
7.541400691678277e-41
7.338045519954863e-41
7.027761826614603e-41
7.664987180441512e-41
8.221936458472766e-41
9.181355421682247e-41
8.531373911708593e-41
8.893640302012068e-41
9.735085554760908e-41
1.0481242079240961e-40
1.0453669788384643e-40
1.137581019789965e-40
1.3145366807091282e-40
1.5112341482780417e-40
Acceptance rate: 0.28384375
1.0801723123333659e-40
1.2263653935866535e-40
1.2905839849601886e-40
1.3544060578689962e-40
1.3936042971895157e-40
1.2872358108568563e-40
1.2682607799753588e-40
1.1583138201158547e-40
1.0646262512328114e-40
9.953337080325835e-41
9.650924217970828e-41
1.0799314469703526e-40
1.0104180897692245e-40
9.920068615262508e-41
1.1890899472678434e-40
1.2778308628029595e-40
1.0797196338828731e-40
1.1431199589970592e-40
1.206565268325422e-40
1.2212529204657009e-40
1.2177314429913332e-40
1.3225427375216164e-40
1.2700278297821216e-40
1.1637346356550331e-40
1.06509520623643e-40
1.2361466886351825e-40
1.2522280376977737e-40
1.124306096421361e-40
1.0592415576528325e-40
9.090772553788417e-41
9.094885068827094e-41
8.805296197874958e-41
8.270135666829105e-41
7.547507407146159e-41
7.194526630799072e-41
6.731341262461278e-41
5.941853626608508e-41
5.672950860805481e-41
6.093504124861451e-41
6.465820433621163e-41
6.031941022132467e-41
6.032373875813159e-41
5.916937401582691e-41
5.643250144118693e-41
7.198620879806042e-41
7.311275924090568e-41
6.960729648695355e-41
7.371812803034605e-41
6.477133804977977e-41
6.297531232500093e-41
6.817502875853346e-41
6.459124130040805e-41
6.676967142063147e-41
6.878066184297027e-41
7.109232327168729e-41
6.979888859580227e-41
6.88500902606389e-41
6.957855084231892e-41
7.02613414432874e-41
6.699769871285167e-41
7.573516491749139e-41
7.120569440494642e-41
8.191990010107472e-41
9.63085609324769e-41
8.337332299050083e-41
7.675572701935189e-41
9.211605428670043e-41
8.970555780721717e-41
7.647337359762054e-41
7.490234696220189e-41
8.018412348197816e-41
8.720657279253162e-41
8.442833209607113e-41
8.183760195408149e-41
7.793646053893785e-41
7.133730988546985e-41
5.767460679345474e-41
5.536880597536673e-41
5.017313729964143e-41
5.415088124666782e-41
4.800727150532363e-41
5.322935146082844e-41
5.044069722448949e-41
5.488889782019256e-41
5.677510498554397e-41
5.378498987125656e-41
5.111476520961752e-41
4.5519281494273026e-41
4.975599522728327e-41
4.826251041182041e-41
4.837748140560009e-41
5.566668268917941e-41
5.298766395010544e-41
5.508433721528447e-41
5.92072719892291e-41
7.893513084882728e-41
8.978570442597091e-41
9.640746566516694e-41
9.248260748925556e-41
9.299731006163477e-41
1.0519645771643546e-40
1.0822066859820948e-40
1.0713013797155885e-40
1.1225343186616874e-40
1.2124483193574234e-40
1.2197959374378157e-40
1.1695081231952735e-40
1.1357280819122758e-40
1.1205231439706475e-40
1.2212684889450849e-40
1.2855397301274066e-40
1.1672526403497147e-40
1.1956313550902644e-40
1.258968650360557e-40
1.3545316981592936e-40
1.2173418673613565e-40
1.2245482616611502e-40
1.1696861524244572e-40
1.1265406751876298e-40
1.0985306980472086e-40
1.0124512391603592e-40
1.1224253848679002e-40
9.885056025146152e-41
9.741628770172125e-41
9.649744425953568e-41
8.639529736469839e-41
8.301475567472679e-41
8.130876734084896e-41
9.07603212259822e-41
1.0078155291452777e-40
1.002015455441161e-40
1.0667098496070203e-40
1.0919039887598466e-40
1.1836928260997195e-40
1.2760032314661897e-40
1.1860285925902653e-40
1.2163955383967702e-40
1.155983350053606e-40
1.1634305897433187e-40
1.168412175545555e-40
1.204167153957883e-40
1.3206432155350009e-40
1.2468351110972827e-40
1.4966197046644194e-40
1.6180474692922771e-40
1.902675889728935e-40
2.0047410060219704e-40
1.904860821809274e-40
1.719985246161161e-40
1.7178683323607085e-40
1.6675716789653947e-40
1.7201543784556832e-40
1.7476616960881515e-40
1.7542734741661041e-40
1.8884223542671565e-40
1.7777049950349907e-40
2.2315690695380852e-40
2.286096336414909e-40
2.2545261274170794e-40
2.1631530225159553e-40
2.078973989317874e-40
2.2677875797064476e-40
2.759355940035302e-40
2.727234556065569e-40
2.9813117078813536e-40
2.969301652196605e-40
2.7628766553295958e-40
2.728963672074344e-40
2.416933766026662e-40
2.3229003801123425e-40
2.6627175287333736e-40
2.3985368750726588e-40
2.2771737092669023e-40
2.019464421334445e-40
1.9040932505967114e-40
1.865493569060614e-40
2.1741721470142287e-40
2.2036854953655975e-40
2.1469697695746334e-40
2.4636183622538424e-40
2.8240301293124184e-40
2.7910472195764956e-40
2.6809954797577977e-40
2.979172332500499e-40
4.290490782948175e-40
4.432451131295762e-40
4.662881032357207e-40
4.179581051774214e-40
4.106424466172644e-40
3.660761006193021e-40
3.3665719910537715e-40
3.1988074074837182e-40
2.8953049020344243e-40
2.913961138472685e-40
2.695865183753211e-40
2.8557056009633963e-40
2.7918170998355037e-40
2.837063106481087e-40
2.689093225775049e-40
2.912465679533812e-40
2.7336940545337303e-40
2.78681884768393e-40
2.5144481861712513e-40
3.02373092266621e-40
3.2759835978666485e-40
2.972723494720084e-40
2.772609451688278e-40
3.2887309506552374e-40
2.935787070936548e-40
2.962352795113902e-40
2.6017103973726674e-40
3.017335911426367e-40
2.9496901513581766e-40
2.752663285104762e-40
3.295746692087585e-40
2.8862298356000832e-40
2.6000801014119735e-40
2.1995207874147933e-40
2.010900545366706e-40
2.349606723187162e-40
2.2644849113229513e-40
2.153498100570051e-40
1.9611061825778764e-40
1.6587042002923757e-40
1.446158933542537e-40
1.429866683503664e-40
1.2122302937723355e-40
1.084309293619898e-40
1.098581265801742e-40
1.1148636542207028e-40
9.397724979213987e-41
7.404761465091192e-41
7.055611729680317e-41
8.051699900225161e-41
8.322128392590775e-41
8.282173142252295e-41
8.496082370394797e-41
8.097047765868018e-41
8.889414156930818e-41
8.78011357429758e-41
1.059656730321654e-40
1.0474656389665657e-40
1.1530528225940445e-40
1.215365617941476e-40
1.2041281198705398e-40
1.1160625227285032e-40
1.0887887002462608e-40
1.0561998457457606e-40
1.0616910885787666e-40
9.979584513412932e-41
9.929356209002613e-41
1.0237288832434937e-40
1.0871014770080434e-40
1.0357653135225502e-40
1.0473982447831474e-40
9.43450444118962e-41
9.140196535344655e-41
8.939689684223579e-41
8.997739926045905e-41
9.370097044224187e-41
8.053951362221077e-41
7.200555274493681e-41
7.673352825710121e-41
7.376341785571164e-41
9.335187026850948e-41
9.658443827731869e-41
8.955940463942018e-41
9.221422693238173e-41
1.0090831354192709e-40
1.355944232502665e-40
1.481752292977979e-40
1.2728533517139189e-40
1.1883759050085748e-40
1.2003150295741264e-40
1.132721275330495e-40
9.985166019667274e-41
9.294850889106098e-41
1.0756195828713012e-40
1.0014965255695926e-40
9.579442739959e-41
8.980919921142094e-41
7.949647548168221e-41
8.309244548014695e-41
9.082181268944737e-41
9.797432166950772e-41
1.0501741501624713e-40
1.0886657930068398e-40
1.0952221907119638e-40
1.1442344227309384e-40
1.0968651639860448e-40
9.777829538109153e-41
8.957856140617733e-41
9.927135257993617e-41
1.1317718118451587e-40
1.173957055821697e-40
1.3517138072440908e-40
1.2768095094398955e-40
1.3861995579783516e-40
1.4693433251781194e-40
1.8837860182137565e-40
1.8215539428938776e-40
1.9458320881471334e-40
1.687545728833506e-40
1.5275388202535392e-40
1.5362958836819902e-40
1.3801214559326726e-40
1.2947622865455206e-40
1.506050967781696e-40
1.728241804388961e-40
1.9431089704727924e-40
1.922928842653718e-40
2.1347263341884407e-40
1.8587026415906005e-40
1.756407427647626e-40
1.8357400340163013e-40
1.7238825119877023e-40
1.79923663179705e-40
1.7444046837607593e-40
1.954341715599177e-40
1.843606566256431e-40
1.6912527579743297e-40
1.4507301723392643e-40
1.4045123659708556e-40
1.5637249140268182e-40
1.924994010879736e-40
1.7681234229368108e-40
1.6000689392793396e-40
1.5167794715758068e-40
1.548126243677985e-40
1.419392203591052e-40
1.469158311563524e-40
1.4713910390349979e-40
1.4515385535479229e-40
1.4578772195747015e-40
1.534191730502832e-40
1.5321822762477055e-40
1.552587084916365e-40
1.4618242118158955e-40
1.3261245133368666e-40
1.3458913640453681e-40
1.5188343082249495e-40
1.540905681174534e-40
1.5619397991953689e-40
1.4592751890273885e-40
1.3887178412356548e-40
1.3689876782221441e-40
1.510529843635513e-40
1.5140035007151367e-40
1.56542290432917e-40
1.572376288448227e-40
1.6241219695826041e-40
1.903523699680833e-40
1.7543710779558722e-40
1.7243505292101941e-40
1.5419888067491346e-40
1.3216512241543673e-40
1.3498626929173252e-40
1.3577075903557945e-40
1.3731664061211702e-40
1.2561654292197991e-40
1.2001593080915923e-40
1.205191085757046e-40
1.3805151252353001e-40
1.2838087526057877e-40
1.2340416671711065e-40
1.1738024769352076e-40
1.1529710383903398e-40
1.0443782879228504e-40
1.1190203738084853e-40
1.1114156641206294e-40
9.463580019370283e-41
9.475272628272267e-41
1.0604603127243717e-40
1.1955737382062533e-40
1.1438904215261926e-40
1.0527142540225655e-40
9.283076064816812e-41
7.978188512298897e-41
8.703512749672649e-41
8.214238112125475e-41
9.543498048877984e-41
9.173540045060547e-41
9.581111061605853e-41
9.274324558597082e-41
9.383592451776215e-41
8.624612867363622e-41
9.042644725132154e-41
8.661731188555978e-41
8.802763259289152e-41
1.0037533474450364e-40
1.0239475368558482e-40
1.0025233092003868e-40
1.0184955498474753e-40
9.906283943330669e-41
1.0672748896496229e-40
1.3350815719744916e-40
1.4274908893370297e-40
1.6870405956373673e-40
1.9824000351975396e-40
1.889458861585359e-40
Acceptance rate: 0.28797222222222363
1.520153948169059e-40
1.844364328372422e-40
1.671140677341732e-40
1.6122920607542818e-40
1.7693227691279804e-40
1.6816964334948637e-40
1.972103979667988e-40
1.7828735568295424e-40
1.6079841763903207e-40
1.4500595116903547e-40
1.3783360509417674e-40
1.326261296744694e-40
1.1242189610013917e-40
1.1029042825413838e-40
1.1576018973746033e-40
1.2591874294103722e-40
1.3917367303160119e-40
1.2615904259778905e-40
1.373748471013352e-40
1.5273457449706723e-40
1.7253450854120217e-40
1.760125063111244e-40
1.749742051490691e-40
1.6915147519330193e-40
1.5740063357627556e-40
1.6339224270717058e-40
1.778006250619899e-40
1.7500972781692673e-40
1.5822742255056829e-40
1.5153056047168007e-40
1.4546188870895914e-40
1.4232974460762092e-40
1.5357289974543437e-40
1.3928721045216336e-40
1.2041925963383607e-40
1.2088114017327415e-40
1.285044862802066e-40
1.3879699397816892e-40
1.4107299598864169e-40
1.4747091443789478e-40
1.5182225109337807e-40
1.4737132980161069e-40
1.3724945195101017e-40
1.3427523821124343e-40
1.1988117343726746e-40
1.2239423241608472e-40
1.2368090780786472e-40
1.2312501114451132e-40
1.3473839153261249e-40
1.1892202674328317e-40
1.1871579025701996e-40
1.1301310463241464e-40
1.1863077738631338e-40
1.0895016641958762e-40
1.1775605762589978e-40
1.034033518060411e-40
1.019859548552984e-40
9.88272819671274e-41
1.149127992847566e-40
1.1836004699225732e-40
1.137355197806209e-40
1.1458549353537324e-40
1.4034489194134554e-40
1.4462372698725486e-40
1.4850839866761591e-40
1.540358530708363e-40
1.6958499908331158e-40
1.7568414924635361e-40
1.6949090096627718e-40
1.7880698360756322e-40
1.951550978280421e-40
1.8768455738567755e-40
1.961598190953104e-40
1.926079142115497e-40
2.1090587304843585e-40
2.6420003276269454e-40
2.466391369276515e-40
2.33318875985984e-40
2.021755533914584e-40
2.068764418353347e-40
1.9327941668217323e-40
1.836526612295515e-40
1.5990405257598343e-40
1.5276021490390939e-40
1.4425976482945646e-40
1.3616533360823185e-40
1.6461149928428916e-40
1.6753777128036208e-40
1.6965826748113667e-40
1.6855134867855954e-40
1.6195813728541263e-40
1.5905521642677908e-40
1.911599648749709e-40
2.1181698588243928e-40
2.2220675482578763e-40
2.449333901662423e-40
2.218128666517413e-40
2.3116335345547003e-40
2.4403030425485753e-40
2.485522892430208e-40
2.350657707424625e-40
2.3324862591826445e-40
2.356428981156383e-40
2.5533690534968037e-40
2.7879824366309707e-40
2.6158593792993116e-40
2.6209318846827398e-40
2.7500767000490103e-40
2.8836251885286697e-40
3.2253180600225135e-40
2.9560675909122892e-40
3.465977959490019e-40
3.6461243963640513e-40
3.2917643751276528e-40
3.155917099958436e-40
3.4851663629440025e-40
3.492335391654122e-40
3.536672782128284e-40
3.813795036296917e-40
3.665461014091602e-40
3.694445331088674e-40
3.9967833690700006e-40
3.869029467678848e-40
4.000397494643391e-40
4.080111250241782e-40
4.034350353897576e-40
3.731967119923771e-40
3.49167465429308e-40
3.5964363230397845e-40
3.354287823190087e-40
3.383526757863199e-40
3.24601301948146e-40
3.1908111507871544e-40
3.1196532039274847e-40
2.9031866796868075e-40
2.950835130943679e-40
2.943980433108467e-40
3.045923025545241e-40
3.045547435275698e-40
3.1060505826557767e-40
2.970529067508201e-40
3.0049369811983318e-40
3.031441712221196e-40
3.1075712576256025e-40
3.290980288603247e-40
3.1786756569184348e-40
3.0174998116352894e-40
3.09371535144352e-40
3.1650940662151884e-40
3.99847590680391e-40
3.9038682169790264e-40
3.6437776374184695e-40
3.784814633761978e-40
3.4300860647323795e-40
3.9190797971872336e-40
4.625927727042797e-40
4.631127788632784e-40
4.273844672022016e-40
3.915348723087816e-40
4.064426750421268e-40
3.77876557144245e-40
3.333820347863198e-40
3.5150464188375055e-40
3.7871920031948544e-40
3.5497974165710643e-40
3.695988134379325e-40
3.7145291631068625e-40
4.023721792358852e-40
4.0407043709272755e-40
3.9779082904544145e-40
3.2369636828975762e-40
3.009451083812003e-40
2.843105897769765e-40
2.7030109274968272e-40
2.3106397195655817e-40
2.142672144184743e-40
1.8736484128310876e-40
1.966046891965818e-40
1.86494374230104e-40
2.1240065979304523e-40
2.032041122545734e-40
1.998148373039767e-40
1.86986695046799e-40
1.7986088106750979e-40
1.842655252877237e-40
1.7800169286821803e-40
1.5714699089420459e-40
1.3659862705874826e-40
1.240949921298526e-40
1.157524796615437e-40
1.041054956802712e-40
8.919250823001067e-41
8.624490194564666e-41
8.300829897676865e-41
7.598294159231938e-41
7.008877893554207e-41
6.129985143776527e-41
6.667719066681054e-41
6.542714122316404e-41
6.55792345094712e-41
7.16924206582103e-41
6.906651407838514e-41
7.107044727813529e-41
6.976007685832267e-41
7.88567713406523e-41
7.957388126551486e-41
7.804602883211888e-41
6.94749016894191e-41
7.445985093267696e-41
7.415459069078181e-41
6.728208811461572e-41
6.388787613703517e-41
5.646380636335925e-41
5.760783229508058e-41
5.575735388788283e-41
5.040496271141237e-41
4.863625318885458e-41
4.979357322372645e-41
4.425123773217677e-41
4.392718482689838e-41
4.3651870502833417e-41
4.349185311019905e-41
4.505266187720048e-41
5.090193598640477e-41
4.91228071862086e-41
5.526895982845084e-41
5.596958200573614e-41
5.593305422608528e-41
5.483318387798678e-41
5.840917702490771e-41
6.046194835569897e-41
5.876305162924656e-41
6.087349415239766e-41
6.826653247856637e-41
9.036838171417117e-41
1.1329794523704807e-40
1.1099536057438461e-40
1.1875700886492085e-40
1.2281133317101573e-40
1.1279775274736731e-40
1.2664404382232253e-40
1.3017169438661188e-40
1.500093095264957e-40
1.6703484537116529e-40
1.6888913717400957e-40
1.6533206272168453e-40
1.69441144280967e-40
1.7708730138241839e-40
1.6971492179760425e-40
1.7209881753340065e-40
1.7782402484293274e-40
1.6576951412324538e-40
1.6127087816468197e-40
1.683075126681977e-40
1.774779301529386e-40
2.0094834337093642e-40
2.4585118975891857e-40
2.3730406304463935e-40
2.353911746841723e-40
2.1976354459796132e-40
2.11462318107571e-40
1.8079464058963621e-40
1.825214978231108e-40
1.7384216807991074e-40
1.6710713168392668e-40
1.5857178692177555e-40
1.4089160402170224e-40
1.2536257092916118e-40
1.3437480380287035e-40
1.4547182138090752e-40
1.551384251151058e-40
1.5269519877862311e-40
1.6671013370121206e-40
2.0283578421009997e-40
1.8259151995705252e-40
1.7045374933050786e-40
1.724609639050964e-40
1.6654503051285447e-40
1.9366939025332177e-40
1.831347052004612e-40
1.7233412872453055e-40
1.5973801006713033e-40
1.6750916200161429e-40
1.7282540367133524e-40
1.6641365953304189e-40
1.7739371994116393e-40
2.00600648664403e-40
1.9557437106575573e-40
1.958296437818133e-40
2.040944713427275e-40
2.014663847526845e-40
1.901141264551717e-40
2.10392352948901e-40
2.135632252505912e-40
2.4114460757267e-40
2.6884063385459976e-40
2.4475338534946296e-40
2.2275998231286785e-40
2.2997559296564948e-40
2.133559214215532e-40
1.9627057611750655e-40
1.780582766017414e-40
1.643713247215918e-40
1.5948370848528806e-40
1.5874346923899207e-40
1.4023093576978242e-40
1.238968852665058e-40
1.2632691559164097e-40
1.5174111534016118e-40
1.4495646430960168e-40
1.4727893894495581e-40
1.4241496044224483e-40
1.344962756049919e-40
1.3773234958124831e-40
1.271823188128845e-40
1.1850961897709216e-40
1.019501950209944e-40
9.937462843318337e-41
8.930221282760563e-41
1.012302222942757e-40
1.0664667959829217e-40
9.68874975291865e-41
9.26006405542629e-41
8.183229398580325e-41
8.774101373068734e-41
1.102996415553895e-40
1.123436574664321e-40
1.02989392846462e-40
1.109871774397058e-40
9.96092647704374e-41
9.069548609429159e-41
9.122725470556685e-41
8.350800719863675e-41
7.19104124830102e-41
6.900488617585756e-41
7.19621162622234e-41
6.348305987424923e-41
6.665204577884864e-41
6.692386083115722e-41
6.258080845818131e-41
6.480137884087598e-41
6.439208238897517e-41
7.119860606084203e-41
7.851682635873713e-41
7.99840044939991e-41
8.07547370014313e-41
7.263483896026369e-41
7.090671103273404e-41
8.384427571598236e-41
8.729209741720822e-41
8.898537336296036e-41
8.898943607151237e-41
8.9253414365907e-41
8.977204264040832e-41
1.2422967422870112e-40
1.1780871389343658e-40
1.3514100232255003e-40
1.3322409489043465e-40
1.2645599803220088e-40
1.1518410417240814e-40
1.0009326807155293e-40
1.147838044254795e-40
1.2709046435933388e-40
1.1342399773438355e-40
1.1010244846339122e-40
1.1499502261925791e-40
1.0753833116335875e-40
9.932449042803656e-41
9.690616657319888e-41
8.679698330906553e-41
8.179064039276619e-41
7.610620872745019e-41
8.082058356026428e-41
1.0542615760190794e-40
1.2970460453295062e-40
1.434217435273728e-40
1.3277414591761983e-40
1.2971321012020108e-40
1.4342913180602048e-40
1.4024039541820979e-40
1.345101660698444e-40
1.3782501630986623e-40
1.3770506728399885e-40
1.1429149040437366e-40
1.224680317183143e-40
1.2927835258139948e-40
1.2951997572840112e-40
1.2537234919224372e-40
1.1631409800618758e-40
1.1256937812283194e-40
1.1166224692990636e-40
1.137699714481189e-40
9.325614116674506e-41
9.677757206057644e-41
1.01664485944033e-40
9.96331285756372e-41
9.164188358569044e-41
8.558839686454473e-41
8.362884435039161e-41
8.984278796369852e-41
Acceptance rate: 0.29109999999999936
Sampling time (10 samples): 11444.3100 seconds
