/scratch/users/yanlan/TroubleShooting/MCMC2/Output/AM_PM_ET_204_228_00
1.19706773992139e-06
5.180160057461869e-07
2.5234586418151973e-07
1.3823554615723149e-07
7.259538328743591e-08
3.730384147789715e-08
1.8939981315868135e-08
9.551352048826371e-09
4.7989101587089016e-09
2.4067949941178186e-09
1.2063903961975764e-09
6.048446740808418e-10
3.034925968361884e-10
1.5246370041862223e-10
7.67032487630275e-11
3.865177106883497e-11
1.9511365909877385e-11
9.86744794114779e-12
4.999701048267396e-12
2.5381584173771692e-12
1.291026704076642e-12
6.579524822429108e-13
3.3596470139160017e-13
1.7188050766161616e-13
8.81019035099466e-14
4.524387925977487e-14
2.3277656391225045e-14
1.199807813920311e-14
6.9774545624589565e-15
4.137129082751883e-15
2.393406065789364e-15
1.4596084649423855e-15
9.631662676267277e-16
5.991048293456693e-16
3.5917859713142536e-16
2.1005280182722061e-16
1.2069142221846598e-16
6.84492064289181e-17
3.8439516864831364e-17
2.429150267675312e-17
1.5622221774650103e-17
1.0293481798977547e-17
6.886150841201231e-18
4.3498282326805976e-18
2.649961866387413e-18
2.171633745050876e-18
1.6534639029750563e-18
1.1252510135361956e-18
7.20313085558045e-19
4.755742647675523e-19
3.196713182074857e-19
2.399541830677451e-19
1.6265397019324093e-19
1.082522830795297e-19
7.04893053381772e-20
4.403574424593145e-20
2.675442408445437e-20
1.5935840699452116e-20
9.353304024312402e-21
5.428367949430434e-21
3.1228527983282637e-21
1.7839858219702792e-21
1.0133901050163975e-21
5.730080986763523e-22
3.2277540018489136e-22
1.8125121924965968e-22
1.0151580045053897e-22
5.673466162800241e-23
3.1650674578581684e-23
1.763068018803512e-23
9.80885043523448e-24
5.451609920281894e-24
3.0274016600988945e-24
1.680055449816214e-24
9.318494372760033e-25
5.35022069284287e-25
3.1922044778339414e-25
2.0254118200899993e-25
1.279539731300157e-25
7.885865509447823e-26
4.7811202559696025e-26
2.873292978167161e-26
1.7062909567003284e-26
1.003813047540045e-26
5.861201039586366e-27
3.401438470827031e-27
1.9640385202680474e-27
1.1293224932264861e-27
6.470860956119814e-28
3.6967685009942496e-28
2.106666971187408e-28
1.1979730004551672e-28
8.386258772011865e-29
6.085925663543823e-29
4.449012782671659e-29
3.184071215405275e-29
2.1390380924799176e-29
1.3810763306992286e-29
8.67859501198632e-30
5.8249266983130805e-30
4.338457115922266e-30
2.9869816993249352e-30
1.961862230074344e-30
1.2488999342440485e-30
7.7761491943710264e-31
4.762787073280594e-31
3.5212627891809023e-31
3.389267358692537e-31
2.6386116058079307e-31
2.0432400547276613e-31
1.808887025004273e-31
1.3616553627876372e-31
9.503524535194971e-32
6.650965874956401e-32
4.6332043372299286e-32
3.2817871346916847e-32
2.424014178693665e-32
1.6894207140118186e-32
1.2058037645686023e-32
8.129914204251374e-33
5.284790174311238e-33
3.3493940303641985e-33
2.9780339443773465e-33
2.0344476079595824e-33
1.5530250972718674e-33
1.4075572280106507e-33
1.1496455480596271e-33
8.369499656645371e-34
5.721334969050566e-34
5.099331134901296e-34
4.3798735062397125e-34
3.576495244500349e-34
2.6673295387174054e-34
2.212381655276541e-34
1.9706111280627394e-34
1.6070453766394256e-34
1.1714778616699758e-34
8.027764167814283e-35
5.29039586430808e-35
3.39411211417088e-35
2.135479231660409e-35
1.3239096056591941e-35
1.1353826766654342e-35
8.49602982005874e-36
5.9203210332988776e-36
3.94892997588091e-36
2.8875094182717582e-36
2.163400030405352e-36
1.5096704121368347e-36
1.2288739933051425e-36
9.267340444366999e-37
6.5333161057718354e-37
4.392983718893306e-37
2.8634781257193465e-37
1.8256477118795496e-37
1.144911157538969e-37
7.089179329942725e-38
4.345510568738678e-38
2.991393494752077e-38
2.0034562259353559e-38
1.303334327501334e-38
1.2764852626419374e-38
1.1080652113453115e-38
8.188782665701607e-39
5.423828666043766e-39
3.8364782112885505e-39
2.826843122759162e-39
2.43083682548747e-39
1.8306910546036203e-39
1.2802787973379287e-39
1.0613043908268701e-39
1.040711091355709e-39
8.304991769700103e-40
8.075352717525843e-40
7.451527059716812e-40
5.802227734443376e-40
4.52715847867986e-40
4.115609798107846e-40
3.411535939984524e-40
3.6731482972638883e-40
3.0401895072695713e-40
2.252014474275386e-40
1.5399058681723452e-40
1.0312516377299835e-40
1.0358188478324077e-40
8.569582620025483e-41
6.35156852377185e-41
5.269958755040568e-41
4.709237105885376e-41
3.3030454812316264e-41
2.58439846288899e-41
1.9393473239349164e-41
1.6537020331270235e-41
1.5724171049261865e-41
1.3188091556749663e-41
1.1888527801653492e-41
9.465113231494505e-42
6.8859305095766e-42
5.925013903850437e-42
4.4870124636716576e-42
3.183490124078649e-42
2.0658378940132746e-42
2.180121088097132e-42
1.8436483622929617e-42
1.7379725447086327e-42
1.4236113319913141e-42
1.052801356322521e-42
1.1716011986195866e-42
1.0735878167000265e-42
8.661770420265543e-43
9.585966986256427e-43
9.380650372788483e-43
8.101696065140442e-43
5.674552259334366e-43
4.575635731197519e-43
3.755486338653932e-43
2.9654556436829843e-43
2.4486288249514865e-43
2.1030709129228336e-43
1.8000905510120563e-43
1.83622488658153e-43
1.503312644290903e-43
1.5620005503118434e-43
1.4525969213889396e-43
1.1909229754766772e-43
1.1255587039788131e-43
1.138234328879103e-43
1.1171562501797857e-43
9.794112246992976e-44
9.99485675105956e-44
1.0544195200578988e-43
9.860900230132757e-44
8.422322977197515e-44
7.910975100030893e-44
8.829809903139831e-44
7.653922550716214e-44
9.010161949138573e-44
1.0318171712896772e-43
1.0255589847847304e-43
9.694685609696264e-44
1.0396319372383363e-43
9.985674894999757e-44
1.1432554517346058e-43
1.2051603860109562e-43
1.195233043482616e-43
1.222615881835538e-43
1.208273563265317e-43
1.1118435061349458e-43
9.688870090144341e-44
8.38686251308063e-44
8.125923010139605e-44
8.462803566942673e-44
9.249037599118154e-44
9.73871319305916e-44
8.705182613278702e-44
7.339922819784858e-44
6.943984841117573e-44
8.512752441727865e-44
7.593791765463932e-44
6.396669165853485e-44
6.440331892341858e-44
5.795509854678853e-44
5.543572491730525e-44
6.350171424953341e-44
6.391320095492023e-44
6.048447946262631e-44
6.555632653616604e-44
6.718467740175843e-44
6.659719439954259e-44
7.037939127793965e-44
7.523989196997731e-44
6.903886055204859e-44
6.857286926666059e-44
6.907452305276757e-44
6.287613453842294e-44
6.851144549645235e-44
7.434469289848639e-44
6.728461896102026e-44
8.112396068995215e-44
9.337497766797893e-44
9.671378009697566e-44
9.645598075911913e-44
8.305741040584574e-44
7.948441282815365e-44
8.205926433340748e-44
8.456410060523852e-44
7.588118335231332e-44
9.822834727872713e-44
1.1530818530009476e-43
1.0700895802398994e-43
1.1015780049282083e-43
1.2519901462842349e-43
1.4939536758063922e-43
1.5104152047288609e-43
1.6363565524577865e-43
1.667561724897629e-43
1.891532533440303e-43
1.855932351381161e-43
2.015321447583108e-43
1.9055311910237564e-43
2.1407289832035045e-43
2.8025760394397252e-43
2.411957239079654e-43
2.5804593469534e-43
2.752494745387594e-43
2.838755557669857e-43
3.229338667570184e-43
3.2010647515495154e-43
2.9276726074150597e-43
3.4629877829993063e-43
4.196714524361464e-43
4.797424138544566e-43
4.4813687927442275e-43
3.891550892748981e-43
3.5220463087245475e-43
4.0043426179965136e-43
3.7508899729440195e-43
4.329974312516085e-43
5.494420385348185e-43
5.221633842367387e-43
5.178663198861035e-43
5.3581986692928544e-43
5.808266897502372e-43
5.968298097747755e-43
5.702107807796454e-43
5.853691803787226e-43
7.069518548941425e-43
8.98641247569141e-43
8.730337208491851e-43
8.77285367397811e-43
9.162063773055027e-43
8.716700580199108e-43
9.352376066727973e-43
8.29700073007744e-43
8.902590709231487e-43
1.0597351698818732e-42
1.3845110459585295e-42
1.6418552927771097e-42
1.5676090677927777e-42
1.6303768646463622e-42
1.8140160108699613e-42
2.2981379469903284e-42
2.1704014243201543e-42
1.965435988057862e-42
1.6475089946533374e-42
1.691282437113203e-42
1.9394693416407384e-42
2.0237057826229888e-42
2.291038164404419e-42
2.5591185048236973e-42
2.5219327299900586e-42
2.8604204807252974e-42
3.5990957705874185e-42
3.351360467233091e-42
3.219833191136069e-42
3.809196417892965e-42
3.620197883522717e-42
3.081984479046907e-42
3.24190118377955e-42
3.5660813541054837e-42
4.079782883295724e-42
3.9811364210414575e-42
4.101526817408519e-42
4.206640405478835e-42
4.256500571563636e-42
4.23848905787897e-42
4.878877949830013e-42
5.176691761119988e-42
6.467131530275205e-42
7.509300925478483e-42
8.681063794038345e-42
8.029545514045877e-42
8.590143884498699e-42
8.392757676787689e-42
8.611254818112542e-42
8.61424848402504e-42
9.573785278009989e-42
9.930156683620115e-42
1.085191911852129e-41
1.1162735311578095e-41
1.2540634643813765e-41
1.4674151292018564e-41
1.4825347496431548e-41
1.7474024586607924e-41
1.8583357508405665e-41
1.7585272262627792e-41
2.2227627192660394e-41
2.480004653138136e-41
2.2451150552260063e-41
2.459181453468402e-41
2.948516371875261e-41
3.4073473930345114e-41
3.6978614887719696e-41
3.801166976888863e-41
3.773985417869267e-41
3.7373268402165095e-41
4.141346629841149e-41
4.255150007543553e-41
4.834701966818147e-41
4.879444836198371e-41
Acceptance rate: 0.17874999999999974
3.3626491818301357e-41
4.089035887981851e-41
4.1896775614027747e-41
4.134582475768151e-41
3.8937873048966164e-41
4.603495789257022e-41
5.217475955185606e-41
4.927973773609066e-41
5.136751885352414e-41
5.660470509826615e-41
5.737619854916282e-41
4.872607890793473e-41
4.2711814327357543e-41
4.192909334123127e-41
4.4708024549053724e-41
5.770212521927661e-41
5.508163937603947e-41
5.660626039493584e-41
6.451924603047919e-41
7.845929751832982e-41
8.001771893351226e-41
7.862776579547104e-41
8.171342253920439e-41
7.138576297047994e-41
7.714904152543915e-41
8.363084073639227e-41
9.190304166781166e-41
1.0586935517723633e-40
1.1031367567054856e-40
1.3152479864975036e-40
1.5692138236025471e-40
1.462493216059889e-40
1.4273025718349317e-40
1.3130430962738442e-40
1.5377047724128017e-40
1.648856619766064e-40
1.7766742003891683e-40
1.705000306364579e-40
2.2217601745668535e-40
2.26129726635407e-40
2.1752276263023743e-40
2.3956362523411045e-40
2.861306411451421e-40
3.0686176292197546e-40
3.273976812309973e-40
3.4927217425173713e-40
3.519936241184764e-40
3.3401208678720822e-40
3.436848015884419e-40
3.383874024580785e-40
3.5274073815163683e-40
4.043794131246544e-40
3.75573593470431e-40
3.3141617850189216e-40
3.4658110062226472e-40
3.9424193064407535e-40
3.866061045666361e-40
4.258709751078427e-40
4.739756710743433e-40
4.522360292823838e-40
4.451994171154843e-40
4.501695672908876e-40
5.32166873467042e-40
5.2567397301812605e-40
5.117710449210817e-40
5.295821015470749e-40
4.604828554126101e-40
5.101755472512189e-40
4.926301986803522e-40
4.7984839748746936e-40
4.640783922985542e-40
4.458524821700862e-40
6.080639041103576e-40
7.588328837354835e-40
6.6390034262092385e-40
6.6612124719426845e-40
8.528544725854296e-40
1.0972882425886408e-39
9.539068842231353e-40
1.1546678023603999e-39
1.351308864672336e-39
1.1958168725072849e-39
1.2325161201924407e-39
1.0933373774659147e-39
1.2000354671650918e-39
1.5793345989942406e-39
2.1630875676356977e-39
2.347166752661639e-39
2.6246123578578437e-39
2.4004937269445624e-39
2.3695697263476307e-39
2.205952705907026e-39
2.239189607909297e-39
2.4163604366262625e-39
3.032953651455061e-39
3.091835641222511e-39
3.711096958395308e-39
4.6330337537793e-39
4.8444025284837076e-39
4.608642862780512e-39
5.278425845665369e-39
5.80689047724143e-39
6.482297544874915e-39
6.290475710861768e-39
7.765640092482045e-39
9.203849136030334e-39
1.1334060020436603e-38
1.176943057801456e-38
1.1571825894104692e-38
1.1367390405676535e-38
1.1673038883302974e-38
1.1228219610441232e-38
1.1789762177556704e-38
1.2553578596749276e-38
1.136034760570548e-38
1.0697685559008135e-38
1.1750466918115164e-38
1.2119744910341118e-38
1.3643977852760842e-38
1.4829867358748638e-38
1.717941593853137e-38
1.77458553997162e-38
1.7830817202710728e-38
1.8065088518801116e-38
1.7472042740459904e-38
1.6668975122198396e-38
2.0854903035799856e-38
2.2552776966838148e-38
2.5613577736708204e-38
3.0059105817701167e-38
3.303796928202984e-38
3.5870342368507694e-38
3.318138997312562e-38
4.036534894446932e-38
4.329308036706196e-38
5.332752855901919e-38
5.405690897007393e-38
5.788230024539796e-38
5.657144453493575e-38
5.537364528114959e-38
5.534506862334265e-38
4.971421528762926e-38
4.736949701856958e-38
4.574444329118818e-38
5.631679579473405e-38
6.606557796493836e-38
5.71158733302722e-38
5.360617575566627e-38
6.039693498386087e-38
7.054696565783164e-38
6.731531484529135e-38
6.728431145962422e-38
7.332078427702735e-38
6.890435240903217e-38
6.122470245552976e-38
6.861954820231245e-38
6.58424715614339e-38
5.729339951138763e-38
5.575088188887518e-38
5.601907332227598e-38
6.955364171773301e-38
6.693177271079523e-38
7.292014683701137e-38
7.380859526077857e-38
8.021135068779211e-38
7.893082277066938e-38
8.129975483163828e-38
1.0002487711903818e-37
8.842110293881498e-38
1.0419943591623366e-37
1.0467790635592685e-37
1.3461267166009437e-37
1.2700538812233976e-37
1.5271268405845186e-37
1.419080851783402e-37
1.6455565644956922e-37
1.5739723766065373e-37
1.6136679087219994e-37
1.7216959147884403e-37
1.884017478721794e-37
2.184233686130979e-37
1.9467158702783337e-37
2.0222394303056485e-37
2.05241829468291e-37
2.1619704486559652e-37
2.0874641898140984e-37
2.250827644658495e-37
2.160839544578402e-37
2.156247364712398e-37
2.2717243417017864e-37
2.5208994098276792e-37
2.2912108430089624e-37
2.2992768517408022e-37
2.63212303120356e-37
2.2484572728943814e-37
2.24306656594784e-37
2.379694042843946e-37
2.4386292744026077e-37
2.813306669753108e-37
2.529672148169535e-37
2.3927157173329115e-37
2.4622088558084323e-37
2.1426645788944054e-37
2.3550559901412317e-37
2.821318714869754e-37
2.495691399415483e-37
2.4367265020108694e-37
2.4110917939658575e-37
2.7188054115916715e-37
3.469115039750029e-37
3.517685099727167e-37
3.4356821269385907e-37
3.7255201161602702e-37
4.185855869184331e-37
4.387703800754349e-37
4.163409297806406e-37
4.012757113316941e-37
3.7139885048074976e-37
3.4749499033155874e-37
3.5596338700675486e-37
3.3133128784709758e-37
3.40141720751609e-37
3.187375056501703e-37
2.8121652837975298e-37
2.5267445000422426e-37
3.3182762393630047e-37
3.4804798659722128e-37
3.19457980553496e-37
2.8592210155405014e-37
3.822691057669489e-37
5.232858003033438e-37
5.340948308108641e-37
4.824533210683202e-37
7.032322151280274e-37
6.383792811881115e-37
6.152925104863136e-37
5.589927871272068e-37
7.262039240268522e-37
8.584980139880961e-37
8.957924761681769e-37
8.678584524329913e-37
1.0071943234096863e-36
1.0743239990827095e-36
1.0585771532713678e-36
1.0900625280624971e-36
1.1603069478108074e-36
1.2453803022529781e-36
1.2274091279156677e-36
1.2524501815989514e-36
1.2836814765959598e-36
1.2481424360446485e-36
1.449909503634906e-36
1.552860898838214e-36
1.548755287105522e-36
1.3664954214896294e-36
1.1618526259732518e-36
1.4217516008176875e-36
1.3211329639165967e-36
1.44261383714405e-36
1.3914481940041783e-36
1.608723379310113e-36
1.4776997208092817e-36
1.4364176888613656e-36
1.5388623447448818e-36
1.3300723591988682e-36
1.2581948454444002e-36
1.2622887774336146e-36
1.172503499363115e-36
1.0913169756080582e-36
9.98731694134164e-37
9.302384748356866e-37
9.534274354787771e-37
9.788969916438933e-37
1.0311292971720044e-36
1.026321618534119e-36
9.998537817134821e-37
1.0275201777680723e-36
9.245688400915563e-37
9.074846631121804e-37
9.075265681098937e-37
1.0441133233670707e-36
9.493064661528872e-37
1.0350198251891098e-36
9.283155166159509e-37
9.66059370058216e-37
9.147013257201525e-37
9.223542320784317e-37
8.784128337716008e-37
8.059834477023057e-37
7.776575983473956e-37
7.383723258168964e-37
8.12740451595634e-37
8.947958807535337e-37
1.0320383224137672e-36
1.0730245352889058e-36
1.0328572509017733e-36
1.12748562091845e-36
1.3529332919261979e-36
1.416843390200804e-36
1.4168967596867055e-36
1.3291708031537141e-36
1.3092042751943497e-36
1.3537978424503825e-36
1.56652761734134e-36
2.2338088761727677e-36
2.1121423541106716e-36
2.0118690951343018e-36
1.957136632793018e-36
1.890474368667854e-36
1.904034035256956e-36
1.9182205025823924e-36
2.0817966259297597e-36
2.01707333036703e-36
1.9003789989305174e-36
2.4348304006505335e-36
2.522189790327205e-36
2.9650277646487454e-36
3.181348638948112e-36
3.12820906391522e-36
2.7105397183051375e-36
2.8334253536448523e-36
2.8808813878966604e-36
2.636332661334e-36
2.8204651679126013e-36
2.631914572532815e-36
2.0626002326353625e-36
2.194370230242089e-36
2.252957579824133e-36
2.75561339701702e-36
2.7835538597221283e-36
3.336198600282329e-36
3.291032797741246e-36
3.1781038236431216e-36
2.7888539094215254e-36
2.531242629417635e-36
2.3607662544033464e-36
2.0825622016745956e-36
1.7579034906921946e-36
1.815948355931277e-36
1.9841852406276106e-36
2.197073829693068e-36
2.0317244954754113e-36
2.0552362118685614e-36
1.9080312367722642e-36
1.6609051187625123e-36
1.598550945883229e-36
1.5059420548485068e-36
1.4291138549205e-36
1.4010876741897626e-36
1.3234938050365117e-36
1.1611723578175689e-36
1.286726020014006e-36
1.4588183464843467e-36
1.5737578228790337e-36
1.2802529714145864e-36
1.3745340925586237e-36
1.4945251486192919e-36
1.652954696190603e-36
1.9788711423437903e-36
1.8257273403687743e-36
2.1721499251843555e-36
1.9712127931613497e-36
1.6128258087960724e-36
1.4664829053958101e-36
1.3277776421941114e-36
1.300913094783228e-36
1.3791664068307513e-36
1.3106210148765157e-36
1.2045655714426537e-36
1.2917129653436105e-36
1.2221235417651464e-36
1.0982404594614327e-36
1.2946278287293543e-36
1.0877415336481441e-36
1.0459131826478863e-36
9.143505321979688e-37
8.959570642964752e-37
8.704821980789412e-37
8.655106052242945e-37
9.797949886981162e-37
1.015289999559616e-36
9.96085747776598e-37
9.04912796609698e-37
9.461299100145806e-37
8.343392224377976e-37
7.070064368674734e-37
6.6975473204068535e-37
6.343402592582187e-37
5.693595979171902e-37
6.071182209486472e-37
5.72425276389624e-37
5.292396920108519e-37
5.2457915229672785e-37
5.928391689620716e-37
5.429607409358682e-37
5.654563509143633e-37
5.287253158850662e-37
5.1793801696854105e-37
4.580152408198399e-37
4.823968985604498e-37
Acceptance rate: 0.2946250000000009
3.319075627830254e-37
3.579194995413486e-37
3.669288578914948e-37
3.8629288324548165e-37
3.9819820731678145e-37
4.0789306184546644e-37
4.393181494837832e-37
4.5347547910378064e-37
5.978736820923572e-37
6.589991858124614e-37
6.896133231545762e-37
7.556100897215282e-37
9.59817796308626e-37
1.3125224496056454e-36
1.4442438529134623e-36
1.4075428610033255e-36
1.3659857042926437e-36
1.2233425635050728e-36
1.0085353006690102e-36
1.2314990818816958e-36
1.1774835739468123e-36
1.0021513344648926e-36
9.472918816438985e-37
9.049169870894051e-37
8.529978309235599e-37
7.885006225576042e-37
7.006833571496036e-37
6.720821827684785e-37
7.404304399116959e-37
7.060365630804057e-37
8.81328962943156e-37
7.904037610430215e-37
7.77153839209492e-37
8.501366646982127e-37
9.03065998273635e-37
8.688898409190963e-37
8.586826595515492e-37
9.477409955606699e-37
9.227300554082344e-37
9.509532945880487e-37
1.0510911061216875e-36
9.731643250843663e-37
1.0002075816242753e-36
1.0879173549861315e-36
1.0257351558723139e-36
1.2041648269127097e-36
1.2977629867743875e-36
1.1631084070940921e-36
1.13690585711522e-36
1.1034297269822751e-36
1.2111468188543895e-36
1.383463590526627e-36
1.3511085617851112e-36
1.2151195290820394e-36
1.2076217786442156e-36
1.1500739931052774e-36
1.2172903783655875e-36
1.2516963878653614e-36
1.2955180453120505e-36
1.281510919684724e-36
1.4512865596852184e-36
1.333140969239099e-36
1.2447532234733414e-36
1.1819125328542673e-36
1.1970813042621797e-36
1.251979031404214e-36
1.0963504361198596e-36
1.0702881471790327e-36
1.1139322388206578e-36
1.0195801102569062e-36
1.3132073998043923e-36
1.2112805601081887e-36
1.244671859919194e-36
1.1993830568523586e-36
1.0202570955862846e-36
9.383935388811152e-37
8.623121180764037e-37
7.775156390125804e-37
7.931404998385888e-37
8.285921500133163e-37
8.42635410903396e-37
7.048335900877847e-37
6.240452789313116e-37
6.067344764635178e-37
6.205163674843529e-37
7.026690461732645e-37
7.018731183051109e-37
7.1353586808370665e-37
7.589922828757288e-37
7.819500899654674e-37
7.0657601494215035e-37
7.025334355126643e-37
7.673703315492422e-37
7.257186048703182e-37
6.769099132437736e-37
7.76772389226566e-37
7.988802520884932e-37
7.34569813134816e-37
7.492712943738436e-37
7.44325852216066e-37
7.971569087853182e-37
8.030524465244976e-37
7.4674269978389515e-37
7.073456877180926e-37
8.151895112168642e-37
8.496127687025156e-37
7.437630639511303e-37
7.020094492408335e-37
7.762366534318886e-37
7.717783290552113e-37
7.2513592616055865e-37
8.956216109550387e-37
8.351189864155362e-37
8.040562708232018e-37
7.745686079507293e-37
7.293090827516384e-37
7.325992801260165e-37
7.452761036168062e-37
7.130712106703717e-37
6.695806697807154e-37
6.746936967367321e-37
6.506464269456284e-37
5.864796142275961e-37
6.010085243729009e-37
5.563960224889657e-37
5.060035436368451e-37
4.57453807932702e-37
5.355163155994946e-37
4.929468311476417e-37
6.540545945312262e-37
6.687409380223566e-37
7.424162335771685e-37
7.407128774779253e-37
7.020447635589876e-37
6.839364381311768e-37
8.576780911358682e-37
8.200957721908461e-37
7.851224073332633e-37
8.323182201961473e-37
8.81287803566042e-37
8.61974190646849e-37
9.557248557685629e-37
9.290060411259065e-37
1.268480137740649e-36
1.5826565256678032e-36
1.709349836505445e-36
1.913617797474568e-36
1.830303155243213e-36
1.6676906704198998e-36
1.6943058194970383e-36
1.8096903345847526e-36
1.8855589230941242e-36
1.9708374813767426e-36
2.0782011754609855e-36
2.3988652622576653e-36
2.3528208613160507e-36
2.2973353581641156e-36
2.5245795746158537e-36
2.510586853405851e-36
2.1218265998747745e-36
2.5769502602606276e-36
2.810876300110658e-36
2.4899042917936088e-36
2.693192394837698e-36
2.4976558095682218e-36
2.483765911056779e-36
2.4746687183403508e-36
2.5527799250538558e-36
2.55023297848207e-36
2.5172585704129664e-36
2.8708698378756314e-36
2.8413653238389034e-36
2.632809759372641e-36
2.6049597872623192e-36
2.9314163175451546e-36
2.788316956034967e-36
2.468290548204695e-36
2.5156802529141818e-36
2.4460510817852017e-36
2.4197486566318434e-36
2.4806432815767587e-36
2.7976460017741436e-36
2.6983487825907278e-36
3.095248891144191e-36
2.8414849149076807e-36
3.297832676458893e-36
3.274086169776252e-36
2.9715339041055762e-36
2.968681456807258e-36
2.6363940205974125e-36
2.5666460306036713e-36
2.4481893857939327e-36
2.454172142793615e-36
2.3669133594354157e-36
2.2569820130421964e-36
2.4454777878690073e-36
2.6274928153348903e-36
2.5720478251602222e-36
2.3821305890006513e-36
2.2134018215668717e-36
2.1298185120398136e-36
2.0663419836504926e-36
2.2787653006916928e-36
2.3805587147001935e-36
2.7551777870220518e-36
2.454759053722147e-36
2.7026764357335188e-36
2.6474156217441164e-36
3.512335613781964e-36
3.4056008510705264e-36
3.285589448817144e-36
3.3431817800411855e-36
3.0078607429943214e-36
3.098212784266916e-36
2.780699960633796e-36
2.500028240694937e-36
2.5261883209905588e-36
2.2143476716692135e-36
2.0017035411528836e-36
2.0405244272254498e-36
2.082692411755301e-36
2.0158898242890537e-36
1.9087729788449053e-36
1.7576781611604465e-36
1.821435519779965e-36
2.1018358495701944e-36
1.950495135856414e-36
1.8282652669283046e-36
1.765211410476011e-36
1.6414856446927795e-36
1.904480715824184e-36
1.927628630534813e-36
2.0263187628170605e-36
2.1041864826358556e-36
2.010316245197415e-36
1.9663962290511894e-36
1.903951432442167e-36
1.8860244463491475e-36
2.0132390470191652e-36
1.8698739320948565e-36
1.7795943753947426e-36
1.6527796196803116e-36
1.798903627976267e-36
1.9609903506051528e-36
1.8298901351445926e-36
1.8075316989642728e-36
1.4877260001352392e-36
1.5532572562462813e-36
1.5345589224317235e-36
1.3491151608154395e-36
1.3222925950543345e-36
1.5878564523795307e-36
1.6859827624711748e-36
1.6501710815996464e-36
1.6716213178823514e-36
1.562635543189085e-36
1.521539475921711e-36
1.685040934627645e-36
1.8409340234580323e-36
1.8227254067575277e-36
2.0320621343004243e-36
2.2172565545084923e-36
2.366196583160223e-36
2.4749305679593714e-36
2.6325438122960957e-36
2.5511107176044373e-36
2.461830736213438e-36
2.217363771868087e-36
2.0748615147302263e-36
1.8900294486470055e-36
1.8030156052519465e-36
1.926478827059838e-36
2.0919473494952494e-36
2.029094000899004e-36
1.8104867985469123e-36
1.616901751163508e-36
1.8114296942814378e-36
1.828011956534545e-36
1.793649866749148e-36
1.9147119965711052e-36
1.9903368323383735e-36
1.9586963816165752e-36
2.2384351595855423e-36
2.335403267457525e-36
2.1166414594852625e-36
2.065318356527542e-36
1.8691024198220025e-36
1.5929287152430217e-36
1.5779880953498007e-36
1.6742689706003473e-36
1.709033844337472e-36
1.6992074318424084e-36
1.5407740003905044e-36
1.4311301955770714e-36
1.3186760628555591e-36
1.542451126566441e-36
1.6184834836285343e-36
1.5456022545777735e-36
1.61830947263651e-36
1.7057793630589722e-36
1.7126830491664717e-36
2.132798808636031e-36
2.076942494793171e-36
2.188022980387328e-36
2.2655906186744565e-36
2.0776241072350942e-36
2.007027073080341e-36
1.8740684053120944e-36
1.6466668389358387e-36
1.5009817531826144e-36
1.3729945458303875e-36
1.7009824327904754e-36
1.4864193223083067e-36
1.4598908125991129e-36
1.2973163319508137e-36
1.178526100852052e-36
1.0816237203825894e-36
1.084880866935205e-36
1.3543016604317956e-36
1.56086490061279e-36
1.3822122998271294e-36
1.293283460368956e-36
1.3236827226677379e-36
1.4113764803073944e-36
1.3976579958043958e-36
1.3279660572753834e-36
1.4798794690222658e-36
1.5897722552187087e-36
1.5553303084522067e-36
1.5661383343766272e-36
1.5008412564384735e-36
1.6736366939837785e-36
1.4576070809005622e-36
1.5132425165003364e-36
1.631489065149581e-36
1.955987335632857e-36
1.892690161721745e-36
1.813556539723637e-36
1.8116908893604156e-36
1.6976085740234142e-36
1.9382472997739943e-36
1.9724268233689224e-36
2.0334740246250972e-36
2.0834645296990248e-36
2.6879526904363806e-36
2.6991461698914576e-36
2.467675064659118e-36
2.498008014232532e-36
3.015383128899608e-36
3.516303428474497e-36
3.8851052192475954e-36
3.762724538435186e-36
4.036617843309642e-36
3.952992295290546e-36
4.222242512427718e-36
4.0145097645505974e-36
4.290481767241534e-36
4.2981250462605174e-36
3.974293618441525e-36
4.13728289740196e-36
4.1048256096021516e-36
4.348053595783987e-36
4.220069743173645e-36
4.289743772905052e-36
5.0633825232205696e-36
5.0212915709349045e-36
5.7365285974495146e-36
5.3189171590693015e-36
5.7088274844197144e-36
5.305803138757735e-36
5.60953553268025e-36
4.93137040844776e-36
5.405415311136458e-36
6.536939663773905e-36
5.9465353738137214e-36
5.357452834835577e-36
4.513464093233573e-36
4.431100188744513e-36
4.228379957851616e-36
3.7478684710973364e-36
3.429963539635527e-36
3.241567689898892e-36
3.46042333524761e-36
3.870184574879388e-36
4.173508806489889e-36
4.5899064712721426e-36
4.359912821985078e-36
4.5412210228820774e-36
4.6916458480707594e-36
5.1510293143913334e-36
4.850225731818086e-36
3.7886235303177126e-36
4.381604525767398e-36
4.259472306692842e-36
4.314474375429409e-36
4.293790159942001e-36
4.824053611240023e-36
5.5892619547370506e-36
5.96330996590857e-36
6.210542027293357e-36
Acceptance rate: 0.3366666666666687
4.660326407629133e-36
4.5993587630645593e-36
4.28731961858239e-36
4.233497077679149e-36
4.644770571616877e-36
4.65339060356745e-36
4.3521303552213675e-36
4.140593363327568e-36
4.476395732263551e-36
4.26779905519393e-36
3.6874380119116466e-36
3.8582804663225077e-36
3.827654958620839e-36
3.6235408879393294e-36
3.307266700557797e-36
3.429075026116257e-36
3.280084391441515e-36
3.25225356116878e-36
3.403735122443633e-36
3.6051821756648534e-36
3.2590043039383134e-36
3.3422138177241516e-36
3.340365694090875e-36
2.9680705177883574e-36
3.474132118090941e-36
3.53102341080406e-36
3.542763436139988e-36
3.3253316841955865e-36
4.157280524823415e-36
4.076139575246313e-36
3.731421890731382e-36
3.657722263723482e-36
3.66678788942558e-36
3.5078895769334624e-36
2.9293838541538412e-36
3.359527275374346e-36
3.186906656033832e-36
2.9960958018812393e-36
3.099867022313824e-36
2.8695950289485682e-36
2.4998649342916753e-36
3.000251486501444e-36
3.583761363964435e-36
3.461322407533021e-36
2.9276414045349644e-36
2.908839685555016e-36
2.4796769901405755e-36
2.4689723475144567e-36
2.4607131197097673e-36
2.40180766018031e-36
2.4753796964211583e-36
2.324672372150591e-36
2.6322249688017754e-36
2.3940813685195392e-36
2.2484564069425804e-36
2.115483831422851e-36
2.2869237346039557e-36
2.138025656878369e-36
2.0285267761076445e-36
1.809094946834999e-36
1.88980176730395e-36
1.8589824512316145e-36
1.7667967264022523e-36
1.7020544144328636e-36
1.9203611658737585e-36
1.987669978057276e-36
1.8904866007829117e-36
2.2646097561630156e-36
1.9838424204251555e-36
1.7825540564743982e-36
1.5937245021032172e-36
1.4536019173481055e-36
1.3002026284792571e-36
1.497315678639445e-36
2.044927442521377e-36
2.2904091195563112e-36
2.189458547677149e-36
1.898794146305839e-36
2.2559942202757117e-36
2.077972427502295e-36
2.1661744810193148e-36
2.2215863838688578e-36
2.255740699762481e-36
2.45479646272533e-36
2.5893245348509494e-36
2.8416182259664372e-36
2.7346280291761734e-36
3.0156380134015474e-36
3.027806167122469e-36
2.9897970801371127e-36
3.019867606020696e-36
3.381175964934743e-36
3.4591688761288116e-36
3.346982625104723e-36
3.672912107940524e-36
3.270924593959388e-36
3.131762583979889e-36
2.9516233879944805e-36
2.7647252609602423e-36
2.6258356054857293e-36
2.768338723477769e-36
2.768991486067608e-36
2.71097259396387e-36
2.739334415516286e-36
2.856155883936049e-36
2.7469906826885187e-36
3.266580360679835e-36
3.325098026211316e-36
3.317701661408728e-36
3.160698095167935e-36
3.366033370801449e-36
3.2150373549652937e-36
2.835214719366938e-36
3.7911122091152834e-36
3.7678676322628726e-36
3.6645673561321396e-36
4.11101735480389e-36
3.9434647099395164e-36
3.675372528900965e-36
3.18292227205707e-36
3.2138617320479596e-36
3.1531747473891315e-36
3.385734431756614e-36
3.1671178303518843e-36
3.5623488883362496e-36
4.275413939135512e-36
4.5412919878619436e-36
4.717136880916868e-36
5.101565468585079e-36
5.22544221384344e-36
4.738620444171004e-36
4.597282422192044e-36
4.684955199860213e-36
4.17068626065533e-36
4.596367386972829e-36
6.191225679839348e-36
7.384507714298289e-36
7.938522151986502e-36
8.27220583888579e-36
8.049157998344311e-36
7.389288013058232e-36
7.240036968612674e-36
7.109512875859605e-36
6.712406493250393e-36
6.041732405898497e-36
6.08397897917576e-36
6.435137402681673e-36
6.072824626909941e-36
5.709983482342811e-36
5.2573280726959316e-36
5.884303735660345e-36
6.243631168975879e-36
6.650975493224036e-36
6.869123161695445e-36
6.690655252709096e-36
6.022277943507507e-36
5.48704604431805e-36
5.579417544385425e-36
6.291126974874178e-36
6.928860625751885e-36
7.477998625794484e-36
7.040490969034725e-36
7.343543479603365e-36
6.858987935180503e-36
6.855526482189602e-36
7.67187056787525e-36
7.870150086162759e-36
7.61293671973302e-36
5.893498256444268e-36
6.479379052924884e-36
6.952133608255965e-36
6.914118391766362e-36
6.936579995033414e-36
6.960347429636747e-36
6.536508847849846e-36
6.388077525990912e-36
7.081464999362904e-36
7.560656102817813e-36
7.707639351609073e-36
8.14561691690855e-36
8.653073898879778e-36
8.800467637118983e-36
9.033085830101478e-36
8.359222010577752e-36
8.45815263028902e-36
7.653457232679639e-36
7.354971870409352e-36
6.838688068483864e-36
6.454056344575883e-36
6.19200077564578e-36
6.82554392121882e-36
5.7929249643416646e-36
5.58542174312879e-36
5.9271033036455285e-36
5.6595663272735444e-36
5.364888862154414e-36
5.696081423263842e-36
6.161956635080797e-36
5.7941579250795803e-36
5.469097666808487e-36
5.128060546056217e-36
4.8968104702794e-36
5.441061260391769e-36
6.992659803744029e-36
6.989957620542252e-36
7.97860551279089e-36
7.795430904175255e-36
7.672768700144271e-36
8.350156597630597e-36
7.51225778985005e-36
7.399094633405345e-36
8.781061649575746e-36
8.182297987531493e-36
7.713618133468142e-36
7.802320795658879e-36
7.723211676114426e-36
8.570760489206163e-36
7.785381541214113e-36
7.351132527504282e-36
7.28137618710328e-36
7.103181336736879e-36
6.609773665170102e-36
7.09607470173817e-36
7.052375293930802e-36
6.682837073188738e-36
6.693840062173524e-36
5.9082450276029425e-36
6.123733830064882e-36
5.655282408647326e-36
6.218373733625448e-36
6.157422537922401e-36
7.903964081508387e-36
7.023667754023062e-36
7.275116558340479e-36
7.547044331257697e-36
6.872835194941307e-36
6.098251344381115e-36
5.669336206667553e-36
6.243174923369537e-36
6.664755251695056e-36
6.0125270628877976e-36
5.724930576513822e-36
5.8097151545705614e-36
5.794620271798663e-36
6.539380951864624e-36
5.8177942929504276e-36
5.7337685359515414e-36
6.548970452751051e-36
8.604564356061732e-36
8.097119285335064e-36
7.553573852767628e-36
8.641468231164186e-36
8.72108853532713e-36
1.0645477947338986e-35
1.0380015114696699e-35
1.0741749836344739e-35
1.0860487815109077e-35
1.0689324035175926e-35
1.0667213176478494e-35
1.1086889971693757e-35
1.1428627950816671e-35
1.0126169976275346e-35
9.425438462781604e-36
9.281846841834344e-36
8.578513742272874e-36
1.008473317858511e-35
8.841900317112412e-36
8.609689136361656e-36
8.21021814864599e-36
7.15272517025247e-36
6.589991511032008e-36
7.72463505485901e-36
7.13557922331308e-36
6.902597693370397e-36
6.424514276965102e-36
6.488348930906038e-36
6.802521735836759e-36
7.124131050392889e-36
7.449644759269999e-36
7.278712810745775e-36
7.573070679649356e-36
7.727789409472816e-36
7.219297131147112e-36
8.560440021518682e-36
7.558216342915836e-36
7.72178270474132e-36
7.849457521723594e-36
7.602657390871981e-36
8.840981643627508e-36
8.206618320944756e-36
7.329995332476801e-36
7.198723266959461e-36
7.81366713942491e-36
8.317396935123694e-36
7.922720140576437e-36
7.979061724901157e-36
7.903705364991368e-36
8.993327267054182e-36
1.0239674652411825e-35
1.0098173542948396e-35
9.133076629059794e-36
9.358957947127688e-36
8.93739492349314e-36
8.779509460580047e-36
8.30939106053229e-36
9.767903478627827e-36
1.0332781548142287e-35
1.230763184407819e-35
1.0883967906798553e-35
1.0481636535441757e-35
9.608735256706633e-36
9.085639147920754e-36
9.096552032793619e-36
1.0323269956058039e-35
1.014870442619949e-35
1.0434349907466255e-35
1.0320713973899755e-35
9.993206508453147e-36
9.300950317262168e-36
9.312528766126938e-36
9.68636734924598e-36
9.551854222911391e-36
9.586830858447681e-36
8.744579171411615e-36
8.161239544896668e-36
7.88363236551873e-36
7.246911684147312e-36
6.712735312503375e-36
6.617470432792974e-36
6.616033582565105e-36
6.393725352662417e-36
6.292715796538425e-36
5.891136157140602e-36
5.684878064781059e-36
5.827385591618027e-36
5.947009637992643e-36
6.310663746506897e-36
6.882590301275642e-36
7.173436314500733e-36
6.716305375160685e-36
7.419243846199405e-36
7.271801609809967e-36
6.673326551038473e-36
7.147204262239747e-36
6.64065877260666e-36
6.284217275248382e-36
6.028356843769628e-36
5.650002208717905e-36
5.1589391314853255e-36
4.807420923491366e-36
4.3967903995589586e-36
4.5974421458524664e-36
4.801245642625528e-36
5.624774911717216e-36
5.701772187063571e-36
5.103329778245047e-36
4.780130860243758e-36
5.311062923809679e-36
5.543134092702179e-36
5.1450562957080694e-36
5.545496894765589e-36
5.0856770599037185e-36
4.520239417181141e-36
4.950816366122853e-36
4.796106393016071e-36
4.758387028376271e-36
4.225683738466873e-36
4.730880058972081e-36
5.0105084941906817e-36
4.871851028049035e-36
4.89001446964535e-36
4.649538243511843e-36
4.596186890973448e-36
4.7755738569181486e-36
4.550076247302476e-36
4.595751698532846e-36
5.859133061257428e-36
5.755092704092361e-36
5.472053146377776e-36
5.474412872536815e-36
5.0767298014600195e-36
6.065309174418574e-36
6.701786272753899e-36
8.491999196251984e-36
8.50025982354987e-36
8.453123218395564e-36
7.798476939955402e-36
8.71518871266678e-36
9.52646280850649e-36
9.089274487115075e-36
9.551490616257643e-36
9.585608787365375e-36
9.883778239220187e-36
9.238828008655587e-36
8.235394189880618e-36
1.0389369821506262e-35
1.0090271367885727e-35
1.1023987780447919e-35
1.0678048516032216e-35
1.0323032045217508e-35
Acceptance rate: 0.3640000000000024
7.30825960176079e-36
8.782375818658087e-36
7.719910260900195e-36
9.44223965499913e-36
1.0981796136421852e-35
1.2408066893768277e-35
1.3433015981503778e-35
1.6390719924225112e-35
1.7106987217995042e-35
1.8566224668570522e-35
1.884625607326484e-35
1.723426184644637e-35
1.719035498416679e-35
1.5404671382755262e-35
1.4984779191048356e-35
1.418501641053852e-35
1.3839292963336654e-35
1.4154076390037694e-35
1.3691136560282117e-35
1.5289407439227258e-35
1.4848924241995653e-35
1.471565578942383e-35
1.6458113320927987e-35
1.8488732198212823e-35
1.808272909743206e-35
1.7507930065890223e-35
1.614748061483915e-35
1.5268260919133452e-35
1.4602600367433154e-35
1.3822188311191698e-35
1.3238906729455507e-35
1.275462117301293e-35
1.3408621876890957e-35
1.3244223872393613e-35
1.305760446651545e-35
1.2497584336824103e-35
1.385222693333728e-35
1.341408209486905e-35
1.3350882899534615e-35
1.3161124570650263e-35
1.279479147645896e-35
1.1825800952020354e-35
1.3085164732280742e-35
1.2844208756847992e-35
1.3113938498328507e-35
1.2277188383379648e-35
1.1670737789221454e-35
1.0416518977248127e-35
1.0949534644420454e-35
1.262531132898526e-35
1.1229028555721949e-35
1.060908589102364e-35
9.83906783465727e-36
1.0612604922853878e-35
1.1319925237608326e-35
1.2224680744009105e-35
1.2002797084175421e-35
1.1460857839404934e-35
9.998284685476774e-36
9.964058719829961e-36
1.0871062306100985e-35
1.1143474948567625e-35
1.2557387229930222e-35
1.0911396664196926e-35
1.1139339984955997e-35
1.352401410467334e-35
1.415077617885712e-35
1.287413403636925e-35
1.337944146139971e-35
1.4259297006916504e-35
1.7315388120201527e-35
1.5979655679107443e-35
1.3981119970033656e-35
1.2787172796076962e-35
1.1991095937206638e-35
1.0433448335309022e-35
9.886269550550092e-36
1.0890048655253142e-35
1.0902267354551754e-35
1.0484300626577746e-35
1.1008552419434705e-35
1.1466254871319338e-35
1.0467905203861105e-35
1.0113935452664053e-35
1.1613929031652065e-35
9.902593262807699e-36
9.91310635514825e-36
9.044249135220532e-36
9.358371649662875e-36
8.912660026736753e-36
8.670089784597988e-36
8.528150329424075e-36
9.087135537967252e-36
8.193403832997305e-36
7.558003817642035e-36
6.762683879575726e-36
6.349435495309781e-36
6.271400848942805e-36
5.8384451958718354e-36
5.420560076020822e-36
5.041297587554538e-36
4.868648942613462e-36
4.6080671861443936e-36
4.44242891027393e-36
4.401745148930334e-36
4.2628396929411234e-36
4.230930509064233e-36
4.179170110417115e-36
3.5199925852849516e-36
3.1560222628370915e-36
3.4928710107789585e-36
3.768116820631724e-36
3.6807474893779415e-36
3.806035119362612e-36
3.884609318829885e-36
4.678919423360182e-36
4.0894970383278535e-36
4.0656033302362286e-36
4.314972861709546e-36
4.3128316309667056e-36
4.3031826253697855e-36
5.014760194543807e-36
5.1765235411510683e-36
5.041162018935171e-36
5.3749513632935333e-36
4.6168038972907214e-36
4.4246599961442635e-36
4.2294440489208346e-36
4.308814010151052e-36
5.30317183015839e-36
5.52810169787233e-36
6.17938110771648e-36
5.7677322297199736e-36
5.284873602996976e-36
5.671715571736485e-36
5.8740775236866204e-36
6.23130884241424e-36
5.984482035871081e-36
5.459998600987245e-36
6.356068022605516e-36
5.959207642050751e-36
6.747714462359331e-36
6.175129243529244e-36
7.226069598156638e-36
7.539434584180193e-36
8.206760110287262e-36
7.93850857864522e-36
8.082659552695708e-36
8.085318919214926e-36
8.855155443740552e-36
9.616056244235574e-36
9.015489945092657e-36
9.521857714858909e-36
8.663804171705328e-36
7.409398435820172e-36
6.303135545001377e-36
5.6554745409978816e-36
4.991357651222847e-36
5.408741908251116e-36
5.9000735270323155e-36
5.893148715772327e-36
5.6999789117555025e-36
5.925418530342761e-36
6.215210958498983e-36
6.958389129118682e-36
7.054801861377528e-36
7.39819665559395e-36
7.405471205083166e-36
6.908135532790474e-36
6.82517664248433e-36
7.375900888441864e-36
6.831062746446562e-36
6.811400695692724e-36
7.1440122416062e-36
7.052030054964276e-36
6.861145656961694e-36
6.568542124057219e-36
6.890516495880669e-36
7.002305542413677e-36
6.12770445788137e-36
5.9103981358974794e-36
5.5050916206146944e-36
5.083567207292366e-36
5.0502265661897945e-36
5.380766573572153e-36
5.7737605004503184e-36
5.027806790842304e-36
4.968800144975389e-36
4.427047513499839e-36
3.8830937785038514e-36
3.71309325191131e-36
3.6651394816144145e-36
3.3964327515059275e-36
3.23562992931643e-36
3.099730612593616e-36
3.660407755577109e-36
4.112640556257634e-36
4.7639863983615194e-36
4.1755120091731396e-36
4.1019431429064e-36
5.0419662004417155e-36
5.2151574808745595e-36
6.562501841540504e-36
6.829777491552571e-36
6.342031325149551e-36
6.12738390652481e-36
5.749116906678668e-36
5.038077177157687e-36
5.2223880032568656e-36
6.060708909477377e-36
7.618017275480776e-36
7.18883866891438e-36
7.702766862243824e-36
7.645267963241767e-36
7.74926185706172e-36
8.24480249790069e-36
8.359722637709716e-36
8.830098186217294e-36
7.985594187517606e-36
7.813915667640701e-36
8.64186599204697e-36
7.816578579041664e-36
8.002105129210134e-36
7.587872810361769e-36
7.86405446847878e-36
7.940732844095331e-36
9.168422803856438e-36
8.825464777517941e-36
8.598259812310871e-36
9.393719978708471e-36
1.0422265123168699e-35
1.1745290875374045e-35
1.0489545959162595e-35
1.0185638097320777e-35
1.1521154070005953e-35
1.168536769677618e-35
1.206472383701032e-35
1.2096459847041513e-35
1.1147957579037292e-35
1.1995509651994003e-35
1.1734025814133004e-35
1.1233936439122204e-35
1.0518462248117798e-35
1.2417283292311855e-35
1.2559007171602128e-35
1.1489290996204712e-35
1.0844212193225674e-35
1.0974580686511976e-35
1.1309080478623248e-35
1.243846975657468e-35
1.0986080184914936e-35
1.0346043289404992e-35
1.1107278925805299e-35
9.822977657204074e-36
9.200444521274429e-36
1.0213966742204609e-35
1.0994535241217007e-35
1.0454314512815729e-35
1.0157392890582374e-35
9.120529811505054e-36
8.622752443708242e-36
9.040172816157142e-36
7.808204427807978e-36
7.253195125500553e-36
7.0424333601007e-36
6.99042105863474e-36
7.102998379758081e-36
7.169853005733216e-36
6.607959602192147e-36
7.024996829661663e-36
6.691716011330255e-36
7.310834208677541e-36
7.385005182588462e-36
8.57242522166177e-36
8.856223087558675e-36
8.264881774764766e-36
7.662039834386513e-36
6.35584580356945e-36
6.760647654173002e-36
6.198669044912872e-36
6.050365614894008e-36
5.932473870229841e-36
5.829121029150911e-36
5.977994483611265e-36
6.064408105315102e-36
6.80181708235616e-36
6.902849497134719e-36
6.808399920939853e-36
6.539707582230732e-36
6.192854508462398e-36
5.529616569810529e-36
5.292512182429103e-36
5.511452310662316e-36
5.438927269967618e-36
6.125321818644013e-36
5.7166995447636016e-36
5.6118140294648493e-36
5.155714603521422e-36
5.0413472022685034e-36
4.709046886221062e-36
4.752439732264469e-36
4.580024720556302e-36
4.3850123295866066e-36
4.5504241351583105e-36
4.795295471973617e-36
4.564072901195169e-36
4.270934196325509e-36
4.156328403663955e-36
4.0366789454650984e-36
3.5035222730348064e-36
3.2583320689770874e-36
3.1174939778382935e-36
2.8767722647082328e-36
2.6255662114001726e-36
3.637629901944162e-36
3.460373898785536e-36
2.9649067485930204e-36
2.918998616909166e-36
3.358369012128001e-36
2.9901905744519436e-36
3.0252156537865476e-36
2.6758300706359844e-36
2.716378594686031e-36
2.75005388959791e-36
3.072880311072711e-36
2.9902523073580382e-36
2.739486095936926e-36
2.6082829569921247e-36
2.5555941298148053e-36
2.7795236715269002e-36
3.411406178768009e-36
3.364007798558554e-36
3.013604865647518e-36
2.7025655313257452e-36
2.6739572713309462e-36
3.217051993599758e-36
2.9435567672467252e-36
2.936547461525132e-36
3.144485707737179e-36
2.7743819739140083e-36
2.559486247763292e-36
2.3693512281912296e-36
2.2306534341505572e-36
2.4735766494506713e-36
2.430178604696684e-36
2.3839078126924167e-36
2.7757479488432506e-36
3.0427657278083625e-36
2.8842864305076562e-36
2.9376737019104334e-36
2.8497325151084985e-36
2.5858442609749783e-36
2.442541482336825e-36
2.35941299843822e-36
2.5399538139545336e-36
2.387947984490892e-36
2.377348429971311e-36
2.6207954704437243e-36
2.518122945528968e-36
2.4386079143658627e-36
2.5014635645895583e-36
2.995319865368846e-36
2.9691174142391914e-36
2.8475547238688947e-36
2.7279423937577327e-36
3.07965703499572e-36
3.512981886347448e-36
4.539038428812934e-36
4.519050220828835e-36
4.8270118766934204e-36
5.042432314591373e-36
4.8749402149135486e-36
5.1887387122674114e-36
5.022834899127457e-36
5.4106113191409976e-36
6.645906734348756e-36
6.702970503748035e-36
6.45220954170516e-36
6.252202461519513e-36
6.033442327893262e-36
5.779794372001823e-36
6.17389665705131e-36
7.191900308133565e-36
7.403342927311255e-36
7.859587288138907e-36
7.275956727780487e-36
6.479552801557434e-36
5.758185648368854e-36
5.650241816270991e-36
5.44388227616187e-36
4.776972480946767e-36
4.824725829032842e-36
5.18407124536938e-36
5.329401442430965e-36
5.580721110649014e-36
5.989512211525064e-36
5.519441963573601e-36
5.153689448018437e-36
5.547802733853387e-36
5.2995545542980556e-36
Acceptance rate: 0.38084999999999875
4.0476620919893676e-36
3.796513059836201e-36
3.8751688354751226e-36
3.457654460160088e-36
3.587024532926354e-36
5.738442786378161e-36
6.76707255194622e-36
6.944530235245053e-36
7.365450213851102e-36
7.153146224561226e-36
6.436104576233614e-36
6.565348567757098e-36
7.206609119333811e-36
7.297977277246457e-36
7.17508825062574e-36
7.180046023362916e-36
7.061560083571786e-36
6.674300172627711e-36
6.324473824792232e-36
6.337637186804702e-36
6.707530498942311e-36
7.671671379680305e-36
7.616224081473853e-36
7.525028870932756e-36
7.425895690547549e-36
6.763515313988337e-36
7.559866799660938e-36
7.262381221948469e-36
7.595076172459022e-36
9.6354261107493e-36
1.0564537099997529e-35
1.0047758163815825e-35
8.961021975227832e-36
8.25247043702548e-36
8.08020255605292e-36
7.128176675148666e-36
5.946032335010842e-36
5.877033891687721e-36
5.529154820329963e-36
5.977693316542603e-36
5.6731328914144476e-36
4.9702071450796e-36
5.0370198028250065e-36
5.0603501480112796e-36
4.654568747383319e-36
4.2011990165107074e-36
4.3499001235914016e-36
4.1512132748162304e-36
4.24000841898123e-36
3.972765027815161e-36
5.0535493604886586e-36
5.318555197860231e-36
6.127935050518126e-36
6.586166781509712e-36
6.541292642698237e-36
6.555642241042061e-36
6.440772387696799e-36
5.9452530262870634e-36
5.419415178081689e-36
6.862266769799897e-36
7.062099417737747e-36
6.93649784213963e-36
6.403849638701295e-36
6.373511946166313e-36
6.3343585257934e-36
5.809316785824686e-36
5.931816836001246e-36
5.348319405484727e-36
5.159572307994895e-36
4.933690482598217e-36
4.3311050830770245e-36
4.8782721283834716e-36
4.4153380840589535e-36
4.629260357930794e-36
4.5317164466094034e-36
4.1245059575138015e-36
3.873282245059822e-36
3.8368249487011866e-36
3.764529580360215e-36
3.4012222586857384e-36
3.15828797277223e-36
2.9129902065645932e-36
3.134316147704572e-36
2.9030540100741656e-36
3.4728953804772425e-36
3.372167119521627e-36
3.1965484247993773e-36
2.9000401437592746e-36
3.315921368838943e-36
3.616252896916225e-36
3.767547142477584e-36
3.8969662394214196e-36
3.6083845550841376e-36
3.6180928996347885e-36
3.195165462012881e-36
3.4457014863660265e-36
3.964581868487372e-36
3.5694489828504045e-36
3.11308759138281e-36
3.061882338499011e-36
3.2026111791555726e-36
3.1823623529486086e-36
3.6020771001451845e-36
3.4407354448080305e-36
3.513166380282343e-36
3.5156554351262376e-36
3.42723789257931e-36
3.726386909991231e-36
3.64721643239613e-36
3.636696586429073e-36
3.406112760089237e-36
4.486523264109947e-36
4.921130094430759e-36
4.868630487834241e-36
5.178882157613324e-36
5.158960438767179e-36
5.840084326994446e-36
7.28538254914191e-36
8.254189805753117e-36
7.725521650761937e-36
8.714132291814613e-36
8.734461978111093e-36
8.276419948680196e-36
9.19616420513294e-36
9.130740290037161e-36
9.429292979695742e-36
8.966317104730198e-36
7.948633415215329e-36
7.726601611750866e-36
8.192251876892534e-36
8.502715202645191e-36
8.83169219808848e-36
8.042914463083171e-36
7.02357295470232e-36
6.747065282071106e-36
5.936551751256388e-36
5.9067547778646664e-36
6.380698335798669e-36
7.018353653891679e-36
7.048821065177473e-36
7.177481811441782e-36
7.147438558070161e-36
6.994726888595364e-36
7.105506132234842e-36
6.401137456724104e-36
7.169253446129867e-36
8.939927226791576e-36
8.653282858037636e-36
8.233903158434392e-36
8.320162514822341e-36
1.1242633573226263e-35
1.1524304033658105e-35
1.1793893361463979e-35
1.1964743083761451e-35
1.2020303019264883e-35
1.2234210767446027e-35
1.3722695898194469e-35
1.1236501940115391e-35
1.0687469314924711e-35
1.1247090774158927e-35
1.0644320923708857e-35
1.0531621103818904e-35
1.0360739749545698e-35
9.545232702504379e-36
1.0680212283845274e-35
1.0341323614385541e-35
8.972515518467784e-36
8.89712172387992e-36
8.060538720181672e-36
7.808797596963914e-36
7.654406814724052e-36
7.687541201381004e-36
8.380697060762893e-36
8.704300725111709e-36
8.743626613753917e-36
9.382395283993515e-36
8.847962563688223e-36
8.21972221377265e-36
8.594995459943033e-36
7.995309996493321e-36
8.312891457387558e-36
8.392988279125162e-36
8.05415574834557e-36
6.821565510179758e-36
7.552546169105772e-36
7.477309148454447e-36
6.898669185924853e-36
8.687997722273583e-36
8.496761906033672e-36
7.877464309944895e-36
8.822418127550139e-36
9.412247450487082e-36
1.1383189335751159e-35
1.1132335304299546e-35
1.1114472829986429e-35
1.1428317021041316e-35
9.666467898782818e-36
9.2879756979853e-36
1.0782273169884964e-35
1.0134357792284749e-35
9.554814573355575e-36
8.916766142052903e-36
8.29204475044143e-36
8.668760089710867e-36
8.740538907598185e-36
8.215713200284328e-36
9.270816437356018e-36
9.328108226740859e-36
1.1324161084054629e-35
9.842534738358667e-36
8.871596047950487e-36
8.459374555600576e-36
8.822784016409134e-36
8.523736919881505e-36
8.653561596103157e-36
8.086076962633444e-36
8.134875922719623e-36
8.596979894249077e-36
9.245292331857086e-36
8.453429739785681e-36
9.518578588168763e-36
8.94059540843581e-36
8.3597752028909e-36
8.78294339675169e-36
9.385290317879353e-36
9.601943745385771e-36
1.0119715478220185e-35
9.977340999483821e-36
1.0400318114591602e-35
1.1473750405416964e-35
1.1552723187354794e-35
9.979549926879128e-36
1.0449141007817266e-35
1.0924979188114721e-35
1.325764352087651e-35
1.307952141103162e-35
1.1097364936909729e-35
1.228104408908467e-35
1.1825838708736382e-35
1.0546379994520853e-35
1.0539530081793017e-35
9.843959063619036e-36
9.750180868906473e-36
9.866539786348221e-36
1.0154156349845865e-35
1.1585247562727674e-35
1.0756259840676921e-35
1.0329454122604978e-35
9.552260540878423e-36
8.369687804625875e-36
7.88566997106675e-36
8.14181342843651e-36
9.766718873803748e-36
1.0048685252576757e-35
1.04723468736384e-35
1.1792000656342443e-35
1.1022909575623967e-35
1.032726559500542e-35
1.0920293968632773e-35
1.0056605790254342e-35
1.1368851266180257e-35
1.0145063603414842e-35
9.973653269112207e-36
9.779054300454115e-36
1.0127664298721988e-35
9.79669791823187e-36
9.923285864033663e-36
9.694954556291157e-36
1.0533611096921849e-35
1.0251678007266433e-35
1.2052806133376513e-35
1.124123596786401e-35
1.1142652692022527e-35
1.0264906986157939e-35
1.0982512563714034e-35
1.042487386476217e-35
1.1361851251569915e-35
1.1150882426187808e-35
1.0789102497314833e-35
1.0663619289499038e-35
1.2316117600208646e-35
1.2645171813200126e-35
1.155161305932583e-35
1.125311764519709e-35
1.0344688419215521e-35
9.26466464385585e-36
8.816668339340363e-36
8.291993740158861e-36
7.583178492132176e-36
6.430571324463617e-36
6.397419214573993e-36
6.966197804194086e-36
7.424753796693687e-36
7.411150854397592e-36
7.250758283090391e-36
7.206788007472852e-36
8.61685181312278e-36
9.010590416388474e-36
8.090952716468239e-36
8.843975455617033e-36
8.456386760500249e-36
9.217394025281187e-36
8.255414640501168e-36
7.781020599364611e-36
8.466799630848284e-36
7.287318237327448e-36
7.039238266586442e-36
5.916836033657696e-36
6.075517280904939e-36
8.03571993959471e-36
7.909620247401762e-36
8.501884996378017e-36
1.0378666789258582e-35
1.0348516763298466e-35
1.0299895914161551e-35
1.0018047160254826e-35
1.081421465846752e-35
1.0400303062065931e-35
1.0531738086435009e-35
1.0929968705573949e-35
1.0087305145291945e-35
1.0931361417429042e-35
1.1950977543575195e-35
1.3682351418445191e-35
1.3341769075122297e-35
1.3551012120795228e-35
1.369564177989441e-35
1.3955366875827383e-35
1.2711487536643617e-35
1.1452990765728059e-35
1.0448248958657881e-35
9.97210872804641e-36
1.0007895084993812e-35
1.0595637670170289e-35
1.0765578493178353e-35
1.0224023176988498e-35
9.586201124047802e-36
1.0923956219737234e-35
1.166155371156844e-35
1.1351911967930767e-35
9.794094727771124e-36
1.0224466560460862e-35
9.903583608121122e-36
1.2509888516248072e-35
1.2588835235362327e-35
1.0365525439847669e-35
9.638131677434657e-36
9.67766745163235e-36
1.0593655096832899e-35
1.1295728753487623e-35
1.213835656038881e-35
1.2397891429497606e-35
1.1561534050611123e-35
1.1331157521255896e-35
1.2852419212340285e-35
1.1185866227660218e-35
1.1118970654922907e-35
1.0832982532709366e-35
1.1468023231410001e-35
1.0814633164911293e-35
9.830352677017458e-36
1.0229911578084031e-35
9.910795744141503e-36
1.0431143734976186e-35
1.0384574532639296e-35
1.196498439613063e-35
1.4491667019561458e-35
1.540518451551665e-35
1.5121297140593075e-35
1.4737678783462515e-35
1.6004709400681654e-35
1.6799675491226025e-35
1.862139951467037e-35
1.7421294191581687e-35
1.634826597501813e-35
1.6113547324760695e-35
1.3628590504004174e-35
1.3389287535722564e-35
1.5634102472243738e-35
1.6443259884050196e-35
2.0698797547823384e-35
2.1363518223935377e-35
2.4461759588474796e-35
2.42076439391767e-35
2.2596050073429015e-35
1.9466148381549419e-35
1.6108592459046278e-35
1.4730532902836876e-35
1.3964423886045065e-35
1.2011382384232289e-35
1.225942662594363e-35
1.257073632444363e-35
1.2986996827030732e-35
1.253917113586122e-35
1.2566377567549029e-35
1.229461157704056e-35
1.351094979958021e-35
1.4279672531778626e-35
1.361628563907486e-35
1.436959537954936e-35
Acceptance rate: 0.38870833333333343
1.0314623566410036e-35
1.1783111325232446e-35
1.2085070913312561e-35
1.1124739125098923e-35
1.294018076944043e-35
1.3386298947956013e-35
1.426648428396645e-35
1.3224041697347345e-35
1.4427949391106795e-35
1.622452441243797e-35
1.5967736917422835e-35
1.6283688032317902e-35
1.466965240015282e-35
1.4750334598745583e-35
1.337558067382313e-35
1.3148665007373914e-35
1.338456722694589e-35
1.4503701453968603e-35
1.422723120454972e-35
1.5769359776353987e-35
1.6055189847427172e-35
1.4444508652980839e-35
1.4263484565806417e-35
1.4204463403043113e-35
1.290149209348556e-35
1.2154793134442263e-35
1.2933797691956805e-35
1.0675099719967434e-35
8.766294765961317e-36
7.896132455385479e-36
7.989098317753011e-36
9.012962392988715e-36
8.159318783597972e-36
8.129573226842656e-36
7.616424246127102e-36
7.174635566009885e-36
8.45992782692223e-36
8.072257133474187e-36
9.50508495051876e-36
9.354903318081429e-36
8.143686679782805e-36
8.026643846153004e-36
8.418458097219569e-36
7.896442830803786e-36
8.024871240288083e-36
7.532665527908958e-36
7.387166091768383e-36
6.920928073921555e-36
7.273663883019072e-36
7.436594257830927e-36
7.48603148588965e-36
6.971353722895295e-36
7.331702773378413e-36
7.365173268465003e-36
7.20339057956114e-36
9.560315531955853e-36
9.556457444400336e-36
9.516746173225668e-36
9.809267560545134e-36
1.0833281858782362e-35
1.1191895034541373e-35
1.1237795502388772e-35
1.225674309967545e-35
1.1630268761584623e-35
1.0753247672240116e-35
9.64442915070593e-36
9.25610573149911e-36
7.898517728061576e-36
7.545785376939901e-36
6.915162521153304e-36
8.589591536686472e-36
8.791479326941606e-36
8.375598738405277e-36
9.013756806756055e-36
9.186027670757631e-36
8.535053440537644e-36
7.932081503978704e-36
9.06788865013681e-36
8.902455257107592e-36
9.718941879024098e-36
7.88625695974145e-36
7.591731322761325e-36
8.485576445772459e-36
8.457177039403302e-36
9.580280853427775e-36
9.047781795048176e-36
9.136468259570399e-36
8.667891463702891e-36
1.101075546030168e-35
1.2448551440616088e-35
1.3667399404575833e-35
1.375230102358501e-35
1.46103648266755e-35
1.5135223683122786e-35
1.3760714932721943e-35
1.2762602858133193e-35
1.3524493561741815e-35
1.4566614988732426e-35
1.479841244968884e-35
1.4579222828648336e-35
1.6087379911392636e-35
1.5468452921526653e-35
1.5036703891587908e-35
1.465543439979668e-35
1.5277165757821888e-35
1.4695625797352323e-35
1.4240369391732005e-35
1.4392254819017298e-35
1.5921697260441756e-35
1.3715664899243884e-35
1.3109059617915964e-35
1.2981357415027793e-35
1.2327183366335631e-35
1.1660294481717618e-35
1.1678854770096907e-35
1.1905148943782916e-35
1.310915339314435e-35
1.279507040844233e-35
1.554831206694816e-35
1.5369386294366066e-35
1.569350579659466e-35
1.7008373580422514e-35
1.5736178841286213e-35
1.6043184017983257e-35
1.703067451663016e-35
1.5105192284965328e-35
1.7149122178388392e-35
1.6812717406312934e-35
1.5696917094916405e-35
1.4297340860049818e-35
1.263682347181577e-35
1.3895049663270267e-35
1.3958767540967392e-35
1.1390686334367072e-35
9.909991381806971e-36
1.2033079184753202e-35
1.2756620181900643e-35
1.262966080034727e-35
1.2948565974788905e-35
1.2834347155600984e-35
1.3720300084651197e-35
1.4026965164369532e-35
1.1900426097515277e-35
1.2554246519009636e-35
1.37747854731227e-35
1.2711620076004984e-35
1.1955800014616087e-35
1.1659833712191046e-35
1.082713623844552e-35
9.741528762149557e-36
8.90543749937458e-36
9.618190455313119e-36
1.0142633224045191e-35
9.270818567150988e-36
9.154371855767248e-36
9.131104847159268e-36
9.992962540332757e-36
1.0145090230480425e-35
9.791466895485055e-36
1.1796288440932655e-35
1.2990408577640446e-35
1.1098452891481879e-35
1.227665429981461e-35
1.2441704775181616e-35
1.0839950734674506e-35
1.000832452376698e-35
1.0521902752819209e-35
9.643834608709909e-36
9.341738682772432e-36
9.731890181734911e-36
9.334304339325266e-36
7.956814097270248e-36
7.662501827262873e-36
7.843440882747303e-36
8.209624064272121e-36
9.396941855659814e-36
9.713785814938677e-36
1.015060010335266e-35
1.0647540244361768e-35
1.1265763560023825e-35
1.063852255652501e-35
1.1945786321939327e-35
1.1043594643934153e-35
1.0404605149943031e-35
1.1060260740469871e-35
1.2057928608778647e-35
1.1482156636458518e-35
1.1381996623838397e-35
1.0415005093019458e-35
9.894424791129146e-36
8.843297839485178e-36
7.761446876680454e-36
7.38558651046845e-36
7.755574931512867e-36
7.53435258049466e-36
7.451587926842449e-36
7.184763351825332e-36
7.109770210797755e-36
6.476960821036874e-36
5.665103051165161e-36
6.299797211363826e-36
7.114386869598714e-36
6.54435338330814e-36
5.491053036107743e-36
5.4901808508103377e-36
6.49062956691698e-36
7.09255393925088e-36
8.195741133877753e-36
7.764203137185494e-36
6.473101426642286e-36
6.615975481343137e-36
5.94246852666313e-36
6.066348196715921e-36
6.710486038290355e-36
8.249000079216325e-36
8.297858005101696e-36
8.686087758875414e-36
9.94581506232174e-36
1.0270135901370442e-35
9.561706104229065e-36
8.666471573692292e-36
9.495728788554459e-36
9.810924240300548e-36
1.1809592443884588e-35
1.1129475846234145e-35
1.0419309932412497e-35
1.1246000664364714e-35
1.1805391376521696e-35
1.205728035523545e-35
1.085493881613701e-35
1.0889312706696559e-35
1.0966614409821584e-35
1.0973052977633492e-35
9.614315458027517e-36
8.879482239866824e-36
8.293794426931251e-36
8.714594040731415e-36
8.033379548490766e-36
7.561525229664223e-36
7.618971279151262e-36
8.642486702283274e-36
8.943835307623709e-36
8.605545889175845e-36
8.163633738566091e-36
8.053493044325617e-36
7.88612160317092e-36
7.716430508556642e-36
6.401048263232456e-36
6.115433115920353e-36
8.151736664549954e-36
9.594433452538063e-36
9.727352641683725e-36
8.902984081144191e-36
7.455436754917177e-36
7.375157823301353e-36
8.142990423322195e-36
8.456208816774519e-36
9.093904601217555e-36
8.772328470014546e-36
8.639239179666173e-36
8.747178235746526e-36
1.1283297135582681e-35
1.2216971403056688e-35
1.083590395629946e-35
1.1935548891731567e-35
1.1368198224691667e-35
1.2188715645835087e-35
1.2051602581507826e-35
1.1705038391395857e-35
1.0698339843017384e-35
9.715926310025253e-36
9.147263611309237e-36
8.247244146504723e-36
8.307219342378316e-36
8.57287003524009e-36
7.856969118232398e-36
7.998613738190601e-36
8.225358644402126e-36
8.204039100090785e-36
8.214428620683479e-36
7.717526110625583e-36
7.187650893628064e-36
7.565626530931796e-36
7.707198724875113e-36
6.751023297462765e-36
7.008867638020293e-36
7.202289113628997e-36
8.198841657364832e-36
7.526199310782219e-36
9.055619033763176e-36
8.917704969862693e-36
9.320042527859012e-36
8.193758953074547e-36
7.654191431495463e-36
7.486549286122975e-36
6.996103836033735e-36
6.920969499282916e-36
7.244462519634059e-36
7.375339466075195e-36
7.447846843922174e-36
6.967195802714472e-36
7.300194528721784e-36
6.478324885524455e-36
6.504820204246035e-36
5.897173092719256e-36
5.4302657561305794e-36
5.4744156336965775e-36
5.0211112300432534e-36
4.842081984509849e-36
4.623692793009006e-36
4.541593114114499e-36
4.1039295560406575e-36
4.1766733082496274e-36
4.205521508832373e-36
3.9321861254029406e-36
3.9453197488477696e-36
3.6528816160883954e-36
3.624637508674962e-36
3.820098043926471e-36
4.211486711374288e-36
3.6190548910086495e-36
3.82095187366489e-36
3.409450745625609e-36
3.172215728069533e-36
3.1349538096709416e-36
3.263520759627506e-36
4.1967930576745507e-36
3.961193977965736e-36
3.594092560176895e-36
3.854707484835208e-36
4.024378011930041e-36
4.0408415147403223e-36
3.727610482076235e-36
3.42758267268268e-36
3.475882518284519e-36
3.225585179570099e-36
3.003220436226344e-36
2.625059183400589e-36
2.5739636884024103e-36
2.2552094007913307e-36
2.5564568397072023e-36
2.9931861328918486e-36
3.588001792280716e-36
3.1733581083104414e-36
2.9128755777465016e-36
2.937445589128118e-36
3.360745392685446e-36
3.243175819864646e-36
3.5406187454061625e-36
3.804661013435749e-36
3.910474700169582e-36
3.8384654910049304e-36
3.444408647669144e-36
3.475790581835909e-36
3.6189115855685795e-36
4.2178995647716353e-36
4.194124857667976e-36
4.0718003487978395e-36
3.9853906347954073e-36
3.719659403292555e-36
3.213391295026749e-36
3.019363819522124e-36
3.019925744746924e-36
2.999348994411794e-36
2.908790884527115e-36
2.967242522162376e-36
3.439154789873436e-36
3.8092606184138575e-36
3.773017607623682e-36
3.9192179838366855e-36
3.5946417189093046e-36
3.398679118744288e-36
4.1002950750378046e-36
4.533504275641251e-36
4.410670813785472e-36
4.163202829423338e-36
4.3491734159016716e-36
4.148443919659754e-36
4.6430180841517766e-36
4.7024171331813246e-36
4.683733707040306e-36
4.80124211520769e-36
5.2561587931145495e-36
5.381517602050271e-36
4.7234141154878094e-36
5.205390415852785e-36
4.714409306730059e-36
4.894102285646179e-36
4.34912617048524e-36
4.112097906975315e-36
4.4945629410010066e-36
4.2204122851739814e-36
4.02422607802225e-36
4.153156149164379e-36
3.7944715161226e-36
3.652845620389442e-36
3.780422289008844e-36
3.517232204964873e-36
3.304367897778572e-36
3.3012515204487644e-36
Acceptance rate: 0.39510714285714466
2.3337700268596683e-36
2.3765162613384717e-36
2.3251112637590076e-36
2.5858949333412045e-36
2.9713821052888635e-36
2.790379356048028e-36
3.0089100278556925e-36
2.9096019058825416e-36
2.7546244497684987e-36
3.077389799287681e-36
3.0017242736272e-36
3.067156035573744e-36
3.130210514395329e-36
3.231279437780554e-36
3.263673878535012e-36
3.171326896964438e-36
3.896293915719635e-36
4.088352734532163e-36
3.591668425138779e-36
3.162602539638554e-36
3.030628336149038e-36
2.8624503903310027e-36
3.1043546448909953e-36
2.809847795567668e-36
2.7096040867315505e-36
2.660806624548015e-36
2.4919457539217923e-36
2.800008312477303e-36
3.0110362660951794e-36
2.9256473670403245e-36
3.079974445203962e-36
2.8382369444193283e-36
3.145667699378659e-36
3.3702859964426534e-36
3.128695872136617e-36
2.8363181322996143e-36
2.8766733182880983e-36
2.8830914622321242e-36
2.7384985446202075e-36
2.824293669198237e-36
2.8663859049169323e-36
2.683019936512821e-36
2.7427491948445214e-36
2.4646707731909887e-36
2.312649683528649e-36
2.1518370890891433e-36
2.5259201391163138e-36
2.3799997532616657e-36
2.5358338513428997e-36
2.5730098313486267e-36
2.6547257344679105e-36
3.037248270356072e-36
3.020725117953802e-36
3.094047818032993e-36
3.1898179941307135e-36
3.202036434225771e-36
3.1655230286707865e-36
3.1146658636028896e-36
2.9382450128678376e-36
3.1616037258030734e-36
3.187509478572189e-36
3.040987959865296e-36
2.9954201458779595e-36
3.05492331634951e-36
3.4484807443062544e-36
3.562053882607401e-36
3.5840561024803205e-36
3.348309070524277e-36
3.2495719934839736e-36
3.434471553609669e-36
3.4895208735518775e-36
4.1381831677693295e-36
4.39685603934167e-36
5.2419994648837345e-36
4.817533999527445e-36
4.04450001494977e-36
3.856330244570771e-36
3.5607372111640286e-36
3.0923698216823286e-36
3.3860057533356415e-36
3.3219293719674545e-36
3.692837184344163e-36
4.1723834868975935e-36
4.377851187279034e-36
4.1983900098778314e-36
4.5016533083256535e-36
4.851998551105212e-36
4.7802559758111916e-36
3.887807357489209e-36
3.9635770304143713e-36
3.967778791474664e-36
3.948867462736912e-36
3.748786706076581e-36
3.253458985950501e-36
3.171722308992575e-36
2.9254748210248694e-36
2.8302837847795225e-36
2.7641496738555873e-36
2.2921922859671266e-36
2.7722759174326224e-36
2.7487130961186996e-36
2.730383230561827e-36
2.597271611388379e-36
2.6640212075544475e-36
2.7231796712947835e-36
3.349531550249219e-36
3.421295357372038e-36
3.37848613196494e-36
3.162907306256846e-36
3.01122877364116e-36
3.239414982759181e-36
3.8016462828009106e-36
3.3965291886534816e-36
3.46741419091114e-36
3.57506186050781e-36
3.5661257875681405e-36
3.846283665962057e-36
3.7163731451503454e-36
3.344627706011563e-36
3.209143597151034e-36
3.2027685079299365e-36
3.299145257550951e-36
3.188638907552112e-36
3.206009206892411e-36
2.9630481864840244e-36
2.9505976971815924e-36
2.8472834558529378e-36
2.8408323290162138e-36
2.582711961220863e-36
2.9772854299447303e-36
3.093114219180658e-36
3.4999198163890634e-36
3.2776029768341214e-36
3.053709850312094e-36
2.811994398373248e-36
2.7478676604350996e-36
2.642849560375054e-36
2.9875845683102447e-36
3.334965974446334e-36
3.2887184917551794e-36
3.856889055582497e-36
3.986242746439466e-36
3.8146975348638406e-36
3.529072302020388e-36
2.99813203367856e-36
2.5449467801605357e-36
2.499399659089527e-36
2.500368924064053e-36
2.676200666334712e-36
2.8040254366743717e-36
2.6580075989596382e-36
2.685815457233601e-36
2.4968972880432305e-36
2.19587015788672e-36
2.1005727123209383e-36
2.4069708712561378e-36
2.396741497309656e-36
2.723245134713281e-36
2.918381165762099e-36
2.704467419734193e-36
2.5571123334434908e-36
2.056405389720176e-36
2.005307319681117e-36
2.1033394470372847e-36
2.198769686954253e-36
2.119621485209745e-36
2.0919443663964262e-36
2.071508324794452e-36
1.8890166828877174e-36
1.6612476820230355e-36
1.649706119555065e-36
1.5880546158324786e-36
1.5147860471528285e-36
1.544663041030254e-36
1.4182616616666178e-36
1.3483921646532396e-36
1.5486700634012742e-36
1.805344539144487e-36
1.6824851093788725e-36
1.600052233710878e-36
1.3850173067297662e-36
1.2927257313007685e-36
1.4720950427181996e-36
1.324058613688579e-36
1.4246773791452001e-36
1.4363214048412566e-36
1.3949295544709398e-36
1.3589773395250312e-36
1.3091470726417624e-36
1.4679869366384579e-36
1.2984711375749149e-36
1.3611462089755095e-36
1.5840413347121982e-36
1.6505044872039373e-36
1.5177474160755577e-36
1.3035725069774064e-36
1.5403111534741267e-36
1.6810740545787894e-36
1.6651626413785417e-36
1.687233064446163e-36
1.9774625140190898e-36
2.0631217948759632e-36
2.259467035362155e-36
2.4831128434530645e-36
2.7986543197834655e-36
2.6656380841238562e-36
2.6330085164640227e-36
2.623503961564619e-36
3.191657151501424e-36
2.923763153254832e-36
3.0630489743196005e-36
3.199638612719315e-36
3.28031080429257e-36
3.224750701064567e-36
3.024660748007199e-36
3.658641599234393e-36
3.440305134167638e-36
3.524433513241931e-36
3.552622799568428e-36
4.26434794111075e-36
4.125127584695755e-36
4.041332659691856e-36
4.0601967697903384e-36
3.884762759721154e-36
3.9438042852460834e-36
3.76629751249536e-36
3.6248111492745685e-36
4.339671118355397e-36
3.864352341716191e-36
3.463626555517581e-36
4.166862189875284e-36
3.5317503116424025e-36
3.780571388421709e-36
3.545099206997637e-36
3.9106570192089734e-36
3.8871944613686855e-36
3.800894264898532e-36
3.631510033967986e-36
3.606631004832818e-36
3.284802142271467e-36
3.2585984227064244e-36
3.5390196298053164e-36
3.529513732141554e-36
3.156504317101639e-36
2.9820327272912064e-36
3.025814503024864e-36
3.4912926342569085e-36
3.592252071636945e-36
3.253967001219164e-36
3.3244947484786813e-36
3.1665648844768054e-36
2.8011733137424807e-36
2.6950493016092657e-36
3.4092491380529644e-36
3.270513583243154e-36
3.942353250334234e-36
4.3439687954741286e-36
4.785590421580696e-36
4.35806862884781e-36
4.051678108930541e-36
4.1485414647908935e-36
3.6142458899965333e-36
4.0151024846094876e-36
3.920699015168604e-36
3.4649186793310743e-36
3.604980840797578e-36
3.440972825100292e-36
3.577171771885981e-36
3.428816439974981e-36
3.7847251527543296e-36
3.643693735556644e-36
3.810601864318054e-36
3.757819502196101e-36
3.3415079026965426e-36
3.3478463330982686e-36
3.1734686436292795e-36
3.444336059267487e-36
3.778405633473882e-36
4.791153479411307e-36
4.031053088937191e-36
4.166954935149432e-36
3.8867099042345316e-36
4.021635480122683e-36
3.9596070483495985e-36
3.904752050416509e-36
4.264330365715293e-36
4.132078166398626e-36
3.768428407609753e-36
3.478930531948929e-36
3.509239816307445e-36
3.535821944762955e-36
3.689034979551853e-36
3.792791660996381e-36
4.3543351629464614e-36
4.133604670478208e-36
4.1644247832836335e-36
3.806094494377081e-36
3.990025526891332e-36
3.990523650674247e-36
4.332321994694105e-36
4.028247907512936e-36
4.318381176077038e-36
4.483265707180274e-36
3.887027510098337e-36
3.656009383974112e-36
3.755731684444759e-36
3.380003884636085e-36
3.296022158340695e-36
3.525567543295921e-36
3.6315928154287454e-36
4.432087222564205e-36
4.600234822497842e-36
4.8576997547049574e-36
5.3806898799316646e-36
5.158514970539935e-36
4.7369721222956046e-36
4.856347121297248e-36
4.853990430087255e-36
6.570247647548837e-36
5.762619151411775e-36
5.8865289941270954e-36
6.104188775679595e-36
5.925234461516236e-36
6.302632861650814e-36
6.997009906905057e-36
7.954392955994055e-36
8.251931362621715e-36
8.881628312845582e-36
8.628607859797445e-36
9.620283106566475e-36
8.81110639043145e-36
7.313921683430122e-36
6.525275455994743e-36
5.946052745951345e-36
5.812603914947782e-36
5.6424561340413024e-36
5.911881481386555e-36
6.415797786839595e-36
6.617208191126274e-36
7.023208564686266e-36
7.104942955895682e-36
7.649099121714795e-36
9.132197982394333e-36
9.22546759449342e-36
8.592593335061448e-36
7.570363920275977e-36
7.152624971937243e-36
6.790424295874831e-36
6.509897223038956e-36
7.16766511650752e-36
6.817494006514367e-36
7.520045905593959e-36
8.057728927190629e-36
8.246703143752376e-36
8.164286742371547e-36
7.283828164595887e-36
7.759317319624523e-36
8.190728230435863e-36
8.171988607998836e-36
8.467981058424548e-36
7.981965498590862e-36
8.717875496638652e-36
8.403587477849535e-36
9.615993153742752e-36
1.0534947875252462e-35
1.0249010172081332e-35
9.324955632694673e-36
8.486717140233509e-36
8.414534733752153e-36
8.275156787376515e-36
8.810610705492e-36
7.616081652659954e-36
7.402387007860427e-36
7.429295900249647e-36
7.216192008366858e-36
6.767773542773396e-36
6.748534441631897e-36
6.720992631506778e-36
6.599387944142546e-36
6.403446854264082e-36
5.882740331174233e-36
5.772480719449996e-36
6.095546403746882e-36
5.531470354143193e-36
5.641091107036788e-36
5.630001373716656e-36
5.079619760288941e-36
5.110252859142273e-36
5.391457608612334e-36
6.551822444445588e-36
6.359664493074227e-36
5.9399097695768246e-36
6.054006104517915e-36
6.377345324579845e-36
7.030030901272815e-36
7.819139226296154e-36
7.173740040217001e-36
8.229294978930189e-36
8.207832918739412e-36
8.343069817913209e-36
Acceptance rate: 0.39900000000000185
6.404624957901606e-36
8.381928859450643e-36
8.05147363109906e-36
7.074274595842979e-36
5.917785942554614e-36
5.401333118537785e-36
5.618676782705169e-36
5.304675074137233e-36
6.276469814752527e-36
5.4805722941916855e-36
5.699361499717384e-36
6.931834666820958e-36
7.70692689320214e-36
7.168897130872199e-36
7.581653219756891e-36
6.520421246033448e-36
6.152008272565289e-36
6.999647071394714e-36
7.292863607586192e-36
7.75087113239774e-36
7.843142863631744e-36
7.114840006678176e-36
7.498533431623506e-36
7.46224466791393e-36
7.636657796102658e-36
7.637917680421164e-36
7.617763335936873e-36
6.246961228806612e-36
6.26374032789941e-36
6.840463540538846e-36
7.195703556971433e-36
6.346400969641342e-36
6.291137950338268e-36
7.16454048999845e-36
7.348415647756496e-36
8.029144275465785e-36
7.654493861645656e-36
6.987081430422765e-36
6.173586568514178e-36
6.252668166052743e-36
6.038340052689075e-36
5.579676284575468e-36
5.3078364901242316e-36
5.1689464496525324e-36
6.025531208014771e-36
5.800827310325807e-36
5.776260826502455e-36
5.4397542351698025e-36
5.111525334959522e-36
5.087881628605832e-36
4.595173093761555e-36
4.81219909328666e-36
5.766340676170462e-36
5.6285499981387614e-36
5.815979564219918e-36
5.31920978880405e-36
4.7957992837664526e-36
5.011926212121794e-36
4.7180888450668213e-36
4.668551526920687e-36
4.781373500106295e-36
4.923135130202839e-36
4.507022854386158e-36
4.449435543893469e-36
4.7531441604081674e-36
5.160265654615512e-36
4.947923268926342e-36
4.872331534122169e-36
5.133450392408863e-36
5.5027508865527835e-36
6.343583795044527e-36
6.379706384799027e-36
6.514605232286352e-36
6.91852556821072e-36
5.9995360792116535e-36
6.207803456313324e-36
6.155254241537207e-36
5.549508321506857e-36
5.307987230136875e-36
4.8769384243376296e-36
4.422312761794998e-36
5.208929561212768e-36
5.8978643498160964e-36
6.083940753029676e-36
7.500182675272121e-36
8.974988101338424e-36
9.591673054631845e-36
1.041937077960128e-35
1.042160594885356e-35
1.0282486669806755e-35
1.0444008177341726e-35
1.0019949406392424e-35
8.864851787505164e-36
8.951794088626455e-36
8.427338093353965e-36
8.54421897471427e-36
8.969552990528095e-36
8.131832096637908e-36
7.652640683855212e-36
6.868843896290907e-36
7.039754148560981e-36
7.119018988211041e-36
6.905430247195124e-36
6.591297282509238e-36
6.442358841274683e-36
9.603908322249436e-36
8.735292807904158e-36
7.776867473698233e-36
8.724488780882145e-36
8.37153298230426e-36
8.758546098931686e-36
7.716700716938294e-36
7.758239194200436e-36
8.244590891448552e-36
8.786904450552042e-36
8.605378445990241e-36
8.774508229556617e-36
9.059386514943682e-36
8.990568290874354e-36
7.916827458898046e-36
6.861640041200732e-36
6.613217821619123e-36
6.110716336544498e-36
5.975643479540377e-36
5.5469511760495876e-36
6.003186649528035e-36
6.294618295575405e-36
6.25014041691334e-36
6.888968299354514e-36
7.232114717157218e-36
7.966683854783246e-36
9.296921200811745e-36
8.991077128241023e-36
8.500588391597969e-36
8.309065152150037e-36
8.171480549341039e-36
9.117069252142822e-36
8.413684137135723e-36
7.803947617407203e-36
7.161458601338048e-36
6.538896885406909e-36
7.274970678847032e-36
6.559163264014477e-36
6.967409677061002e-36
7.230568440317019e-36
6.352813434202574e-36
6.133155332351192e-36
6.504875942530066e-36
6.375626610355342e-36
5.992808847864184e-36
5.2275144452935865e-36
4.796782043710472e-36
4.394452174915748e-36
4.136990323483615e-36
4.202338564028605e-36
3.93385673902707e-36
4.896546719511715e-36
5.3247092688080226e-36
4.681072893361833e-36
4.102343318782717e-36
4.301172202681333e-36
4.3028981653731374e-36
3.9070142607448384e-36
4.050969953152161e-36
3.7994282633662945e-36
3.602871007855465e-36
4.187249114137943e-36
4.965192649915079e-36
4.659121379165278e-36
4.7763180077237835e-36
5.695087902664073e-36
5.47744868747981e-36
5.8126109712273486e-36
5.356076086095177e-36
5.0439475817038165e-36
5.037546153971269e-36
4.185729153750128e-36
3.839173398597108e-36
4.031106887644741e-36
3.81806898951766e-36
3.303424933211205e-36
3.3216037490271575e-36
3.2792314068195586e-36
3.2447404136032857e-36
3.487517877539461e-36
3.1584210519640825e-36
3.357071268283826e-36
3.6045920082376727e-36
3.7303021975250186e-36
3.5036543232228277e-36
3.436801212922547e-36
3.556553868089492e-36
3.886811394917833e-36
4.74934431362725e-36
5.616350497904993e-36
5.895294619745261e-36
5.983833634225189e-36
5.2152527974026796e-36
5.212019073397194e-36
5.295366329089457e-36
6.136905055464528e-36
6.73007116599702e-36
6.913923786003661e-36
7.870797256456598e-36
7.318219803034698e-36
7.156457612243255e-36
6.832365457097846e-36
6.274840707818071e-36
5.8388539114338734e-36
7.007334951452757e-36
7.436793165974888e-36
7.152352232453654e-36
7.072642406841424e-36
6.998286221333851e-36
6.568808356467506e-36
6.655789619393091e-36
6.568977618770533e-36
7.005448570345846e-36
6.596443891077442e-36
7.962826274534254e-36
8.02414952794238e-36
7.902909452865361e-36
9.022204700167895e-36
9.818316596767203e-36
1.0713167020687829e-35
9.966438744983177e-36
1.1576858797720712e-35
1.1730403674457435e-35
1.1430745652786577e-35
1.1893734642645438e-35
1.268136924628098e-35
1.4397699842368222e-35
1.2707932224743877e-35
1.204889262645064e-35
1.1892843923576248e-35
1.2101894280832563e-35
1.343581704573216e-35
1.2832172966655399e-35
1.3210339987772787e-35
1.1917709377662572e-35
1.1667902910318124e-35
1.1189553271434846e-35
1.0575329843685594e-35
9.967897859067674e-36
1.078902905192095e-35
1.065546658768424e-35
1.1329033668581272e-35
1.0722034544153514e-35
1.0688801006035627e-35
1.0979532673862871e-35
1.1700998885601782e-35
1.1258800603266525e-35
1.0953434555553271e-35
1.0571757192214624e-35
9.694283491015292e-36
9.404297075147134e-36
9.605899611508733e-36
9.79891349448368e-36
9.85239738339355e-36
9.823076835357263e-36
9.569242814309224e-36
1.0136031225758176e-35
8.949537538974194e-36
9.413178519595766e-36
8.821910210698132e-36
8.454125582949065e-36
7.39590310699756e-36
8.012675332622849e-36
9.116090718042191e-36
8.945468275569645e-36
8.30755917530007e-36
7.367072888209168e-36
7.50187665328564e-36
7.65075505323454e-36
8.01961383323742e-36
9.39463320004223e-36
9.676342120419552e-36
9.245840546695827e-36
8.615505891590726e-36
8.379201637675486e-36
7.804537122547331e-36
6.776566431274808e-36
7.195425544527988e-36
7.297050731844506e-36
7.070851738395819e-36
8.272382071940017e-36
8.322305886422319e-36
1.0239796510888438e-35
1.123583022814233e-35
1.0088499930314463e-35
8.619917392619585e-36
8.949573596487445e-36
8.043031779286108e-36
7.162401954438513e-36
7.896604305776822e-36
8.582098003855569e-36
8.784235127441794e-36
8.070359465643106e-36
9.118439648025837e-36
9.110330458343708e-36
8.324187191742787e-36
7.994188025018789e-36
8.279666250025455e-36
8.864138586571725e-36
8.846850058778139e-36
1.1641316367338507e-35
1.1083804992942317e-35
1.1635722292823542e-35
1.114862638068351e-35
1.218437669264623e-35
1.1770133214034833e-35
1.1966012239970354e-35
1.2374978218142022e-35
1.165245812253541e-35
1.0696729616313159e-35
1.0452785870595277e-35
1.0887583456102543e-35
1.4393006100756244e-35
1.4140299311554105e-35
1.470662793198345e-35
1.398327694098564e-35
1.3369259566426036e-35
1.210126794402979e-35
1.1340395226479197e-35
1.1699646414510928e-35
1.0920105843464714e-35
1.0553533910500694e-35
9.209555109233569e-36
8.356800236021668e-36
8.63428321662657e-36
8.611881419422793e-36
9.33149790116447e-36
1.0502414871091655e-35
9.368007196360249e-36
8.708538345066234e-36
8.378266747404506e-36
7.581256777739876e-36
7.322275865196376e-36
6.91659182954026e-36
6.973194280202829e-36
6.689825196665559e-36
7.429911548772859e-36
7.599993654233897e-36
8.185503221929818e-36
8.556942811924713e-36
8.005757197560401e-36
8.33793728164247e-36
8.022799331356967e-36
8.056253886967423e-36
8.550528419703788e-36
8.105182631755142e-36
7.961014761671375e-36
7.652960986342256e-36
8.217286625995944e-36
8.160252515842757e-36
8.351648616945722e-36
7.525893366972394e-36
7.398487793710888e-36
7.385346128045126e-36
8.193217929134165e-36
8.157401774097803e-36
7.778239666571675e-36
6.747753451187109e-36
6.093804520459827e-36
6.054793197891094e-36
6.726259675563071e-36
7.041696291157357e-36
6.876750396026187e-36
7.073739557077428e-36
6.510231510481405e-36
6.318792062117724e-36
7.188560407322267e-36
7.321534925872018e-36
7.222790040190932e-36
7.183479948194067e-36
6.892255478311614e-36
6.608210368087376e-36
5.686698926972478e-36
5.398261855108215e-36
5.3983125607230753e-36
4.8057323575255025e-36
4.114078440889636e-36
4.094552752738485e-36
3.9374065532883246e-36
3.440507396733094e-36
4.0380131749928483e-36
4.2776279029266e-36
5.1139880204577075e-36
4.949096324901152e-36
4.4676989775999245e-36
4.2200563847660384e-36
4.181839958857376e-36
3.905371081225183e-36
3.7267337425518374e-36
3.8401284115020604e-36
3.6143439731804973e-36
3.596589094155175e-36
3.852710337127748e-36
3.9127208044944044e-36
4.4176036582361536e-36
Acceptance rate: 0.40241666666666936
3.3650165279888664e-36
4.102235712055599e-36
4.5134203549402496e-36
4.2166883653246246e-36
4.663510283376942e-36
4.420615608962569e-36
4.371227180312346e-36
4.53545193419572e-36
4.856647855489425e-36
4.587018425584688e-36
4.4884381723796165e-36
4.647916939526875e-36
4.3869865813648394e-36
4.3753992492200035e-36
4.263947525884729e-36
4.845803884548337e-36
5.180574654543094e-36
4.741957998998779e-36
5.007426999395169e-36
5.7579320685719807e-36
5.990408748942117e-36
5.655004510820473e-36
5.5199277021530616e-36
5.463824152748551e-36
6.335779328973996e-36
6.387140511065914e-36
6.238230278563087e-36
6.402003482410144e-36
6.543160837387506e-36
6.711557815434008e-36
7.461072957662071e-36
6.587835070445395e-36
6.127199268321685e-36
6.199491200865481e-36
6.0645844669961e-36
5.961271927282813e-36
6.034534980364565e-36
6.0133622993387464e-36
5.431303946093488e-36
4.811930054324592e-36
4.526237038372053e-36
4.7709433773767416e-36
4.3795756200271136e-36
4.478244058512122e-36
3.829627442546582e-36
4.555811560747005e-36
5.129663554558028e-36
4.936476696148084e-36
4.6775804454030156e-36
4.592863696105411e-36
4.555416887381737e-36
4.503757096917469e-36
5.010563244310455e-36
4.944267074861331e-36
5.058156246648752e-36
4.608518482339321e-36
4.2739551426999365e-36
4.58269554402677e-36
4.3260509979482444e-36
4.318507143526753e-36
4.5439557417169304e-36
4.2921958596396845e-36
4.583236503775739e-36
4.7154175520760975e-36
4.6323555556335654e-36
4.794154205545054e-36
5.443798603810572e-36
5.842120823604184e-36
6.42645368259891e-36
5.8699129379682654e-36
5.922641392166539e-36
5.928412900844678e-36
5.271711183717242e-36
4.6662251058737736e-36
5.183625645556323e-36
5.6734391253188146e-36
5.830981263999789e-36
5.367841831951539e-36
5.5093305943247626e-36
5.468110937910483e-36
5.732729555463385e-36
5.21858740894532e-36
5.025494487507233e-36
5.332648108762245e-36
5.706903977340102e-36
6.30612330223332e-36
7.691890368892099e-36
8.428532199627046e-36
7.752930756781688e-36
7.913931211804769e-36
6.614241950130746e-36
5.751484908367981e-36
5.9037766082581654e-36
6.53880900998293e-36
6.972592400194282e-36
6.589299551814724e-36
6.384758482607464e-36
6.88305507418098e-36
6.755751114508787e-36
7.1502715992378e-36
6.791510793533438e-36
7.863196390713993e-36
8.097910323876819e-36
8.053203433192083e-36
7.741756802315495e-36
8.045198409890836e-36
7.786620288732529e-36
7.409377952304989e-36
8.779793109493606e-36
9.113851309119665e-36
9.314720326292102e-36
8.849481320227227e-36
8.113216406834726e-36
7.297861659399183e-36
6.383490838388865e-36
6.322853610936151e-36
7.646517939280666e-36
9.790240210567846e-36
9.867363863785147e-36
8.976712236239006e-36
8.233997832574514e-36
8.094946812988194e-36
8.273369499466929e-36
8.374207548948642e-36
8.742975701684058e-36
9.749405801665825e-36
1.2515725892907988e-35
1.1194799313151172e-35
1.0683488797051504e-35
1.0194855980803355e-35
1.0491264128862327e-35
1.0191936072631615e-35
1.1589138868606817e-35
1.201793565546644e-35
1.4049575312353859e-35
1.32060887144388e-35
1.4169649063512812e-35
1.3340734105107376e-35
1.2013016092880593e-35
1.1121192738773557e-35
1.0415095066936361e-35
9.720827353650593e-36
9.564771053427954e-36
1.0994180655482975e-35
1.0760823230810003e-35
1.117835038985378e-35
1.1803101044334831e-35
1.1567299652263098e-35
1.2906838473946168e-35
1.2424082991104084e-35
1.2748262473763066e-35
1.3580053733726436e-35
1.4775219293497077e-35
1.6509063365938236e-35
1.4643762046794076e-35
1.5507475000028245e-35
2.0719238794563827e-35
2.1245176084903162e-35
1.996011326471491e-35
2.0086539341787123e-35
1.8537697634112134e-35
1.8082732039849084e-35
1.7626847845195476e-35
1.868431805962121e-35
1.638326382159623e-35
1.6524472736357914e-35
1.462673369212645e-35
1.5144059900606915e-35
1.5239537688601723e-35
1.414323388758402e-35
1.522440587209748e-35
1.8154307147456714e-35
1.757457208477414e-35
1.5215744587397497e-35
1.328967455408791e-35
1.331570887605071e-35
1.3092072422883176e-35
1.2981791215743116e-35
1.389692612389835e-35
1.249155060443316e-35
1.2226365019236116e-35
1.2540635117139304e-35
1.1397987789634044e-35
1.0054189963925776e-35
1.0968426278881321e-35
1.0388162981734075e-35
1.0208741684215487e-35
1.0890309641251682e-35
1.0428897268415666e-35
1.0356070309497952e-35
1.0266025228434201e-35
1.0636908038222494e-35
1.0509734776043079e-35
1.0540954647448781e-35
1.0381647895865595e-35
1.0325156918769313e-35
1.1378367702770079e-35
1.077000531229011e-35
1.0794637619567952e-35
1.0345807399661331e-35
1.0092211609562171e-35
1.0794046119952816e-35
1.0141581494893929e-35
1.1500889894694167e-35
1.1777957934252055e-35
1.217343354308017e-35
1.1192508092304742e-35
1.1952888605005864e-35
1.1968825662997443e-35
1.689761397407699e-35
1.7050333578611837e-35
1.656412003892497e-35
1.5707033924396626e-35
1.7278807577710088e-35
1.6420960065129657e-35
1.9128296364457134e-35
1.7488375247611013e-35
1.8036859387919091e-35
1.891757400184659e-35
2.3082645615565801e-35
2.373252230359847e-35
2.550319559357952e-35
2.3981046912172015e-35
2.2003260094491397e-35
2.64654826393529e-35
2.5474124660467927e-35
2.8721732700441303e-35
2.487588485632015e-35
2.470852217098356e-35
2.2733113736500035e-35
2.220544961966398e-35
2.0690105485742343e-35
2.181908791514401e-35
2.1728349604602856e-35
2.33022934896786e-35
2.1923087187146274e-35
2.2555858094876667e-35
2.320355123222829e-35
2.3355938175736162e-35
2.640922852593908e-35
2.406804576553824e-35
2.2602271848851713e-35
2.3414476773967508e-35
2.0379283371129316e-35
2.6282533338269547e-35
2.4937896642597626e-35
2.4042702879842678e-35
1.9874695441163792e-35
2.308583413605875e-35
2.5544079891640164e-35
2.37613759001951e-35
2.2590826685856032e-35
2.3334947608732481e-35
2.3264297613268063e-35
2.575665725310138e-35
2.6019448377703484e-35
2.7230299189276846e-35
2.8009701336115575e-35
2.566897169389501e-35
2.1139129258774075e-35
1.9905543925058338e-35
1.7782011659413817e-35
1.7578014883604598e-35
2.143824766848463e-35
2.5604901275409255e-35
2.5123559123497754e-35
2.51969798464345e-35
2.4991612237038564e-35
2.4801898191102896e-35
2.2923501919294246e-35
2.243327047764713e-35
2.501057458238781e-35
2.3244059098153526e-35
2.4533165012831175e-35
2.291779342407146e-35
2.4320414140276325e-35
2.2801159575611027e-35
2.37984514410027e-35
2.545644909777636e-35
2.7378077399998764e-35
2.760466838808249e-35
2.2279676075740858e-35
2.0831341897402937e-35
1.7491003542031564e-35
1.8279139871712185e-35
1.9522263640762092e-35
1.8051944478046326e-35
1.954864439130401e-35
2.057279120970529e-35
1.936638562825044e-35
1.8352209403699223e-35
1.6100041647239765e-35
1.709264183738917e-35
1.6362377569921812e-35
1.448051668266323e-35
1.540272060334845e-35
1.437377278729874e-35
1.3761060182528422e-35
1.3091129956656544e-35
1.3226992309549703e-35
1.3018608231782404e-35
1.3707350647260977e-35
1.3850797601039968e-35
1.2950074240725646e-35
1.1499072886280746e-35
1.1580656366653502e-35
1.2651314567690031e-35
1.212974543772303e-35
1.1382237712834801e-35
1.1476821224159847e-35
1.0439116232308045e-35
1.2161746118640903e-35
1.1917919062517513e-35
1.1957922696733136e-35
1.1513040409731382e-35
1.0770313598049805e-35
1.0599353524094613e-35
1.19228407190534e-35
1.1633433884001067e-35
1.0785809840413259e-35
1.1293464045766077e-35
1.1243946343360521e-35
1.0583760634074268e-35
1.2442357761961832e-35
1.1654696358455951e-35
1.1993115325176503e-35
1.0948390594157031e-35
1.0030894090077303e-35
9.941183374623277e-36
9.622873655705522e-36
9.819302228924707e-36
8.637428077923858e-36
7.557916452721896e-36
7.911906934044571e-36
7.559130895626946e-36
7.275712375353004e-36
8.344089847432483e-36
7.898955714271101e-36
7.087468266500822e-36
7.582948288993427e-36
8.125750557832403e-36
8.774058768022848e-36
8.041971893757712e-36
7.952419790525781e-36
8.474242189061975e-36
7.89299681241414e-36
7.642430614218834e-36
7.710813820695321e-36
7.12198794436018e-36
6.860445025852563e-36
6.775313063950883e-36
8.892487145176615e-36
8.142979797093935e-36
7.907975621197848e-36
8.287471853966328e-36
8.464536886794586e-36
9.019567779027067e-36
8.267011048685722e-36
7.786103467358493e-36
8.556581215874611e-36
8.152630977303363e-36
7.331274984944525e-36
8.017149083951701e-36
9.13431569589352e-36
1.0165255502608842e-35
1.0467415624514171e-35
1.138431943323536e-35
1.1671251639182613e-35
1.0535453384425697e-35
9.84119176111848e-36
9.39951434625652e-36
8.637320128989017e-36
7.857713555647973e-36
8.931775790812068e-36
1.1321786077645065e-35
1.1408930346747364e-35
1.207076985048161e-35
1.1486513377107187e-35
1.0954490120360103e-35
1.1962231325289705e-35
1.1214624310087355e-35
1.0683516375802891e-35
1.1123643590552047e-35
9.833885303118034e-36
1.0265915338491698e-35
1.1355795540796476e-35
1.1243766342397656e-35
1.1454287307761987e-35
1.2092403548746177e-35
1.3738733144076436e-35
1.3145788565854044e-35
1.3862103177155252e-35
1.5260942002971877e-35
1.450833127293312e-35
1.4262831409775837e-35
1.4206962879346918e-35
1.275301894383648e-35
1.381000025262479e-35
1.275251907097117e-35
1.1658909700788006e-35
Acceptance rate: 0.4041000000000025
Sampling time (10 samples): 10688.5308 seconds
