/scratch/users/yanlan/TroubleShooting/MCMC2/Output/AM_PM_ET_205_370_00
1.1812476764817031e-06
5.531531182479258e-07
2.616388401221402e-07
1.2372176858871583e-07
5.89279849226825e-08
2.823450374110153e-08
1.3599424822455356e-08
6.581805040330734e-09
3.3742476339136996e-09
1.882144517737817e-09
1.0206520440762737e-09
5.437081157536139e-10
2.862651206767433e-10
1.7643908306083684e-10
1.0799487747897879e-10
6.279308787155273e-11
3.53773293660384e-11
1.9521687065287733e-11
1.0619265450790533e-11
5.718222738111683e-12
3.0565979982829582e-12
1.6251195594704502e-12
9.404015043999417e-13
6.768632183780204e-13
4.3739653378421876e-13
2.6660337254152084e-13
1.5673319818941093e-13
8.994189102728125e-14
5.074308122873304e-14
2.8275210687130367e-14
1.561019042290136e-14
1.1560769158564223e-14
8.590585050188367e-15
6.366735627617441e-15
5.438248517473552e-15
3.8573425099338745e-15
3.1050011393099825e-15
2.4237424523517945e-15
1.7035457669912804e-15
1.1045107430816636e-15
6.829489640237332e-16
4.0943264693336126e-16
2.402340356498688e-16
1.3876712769929852e-16
7.921858668826446e-17
4.848800295989307e-17
3.0713704068725687e-17
1.8772810026125826e-17
1.1197274399455172e-17
6.5621430867034784e-18
3.795435417894954e-18
2.17314209241729e-18
1.234457471623097e-18
6.968332201786413e-19
3.9136334772443245e-19
2.188992399575133e-19
1.220248857897788e-19
6.783521188232584e-20
3.762513337401061e-20
2.0830156580696427e-20
1.1514482711754072e-20
6.3570535903652584e-21
3.64783993904633e-21
2.709658773437813e-21
1.838473565692406e-21
1.183832290209511e-21
7.369222160675856e-22
4.480511567772385e-22
2.6777089857002127e-22
1.5795926043415116e-22
1.102690475052183e-22
7.040063418619308e-23
5.495401692086519e-23
3.984935871011247e-23
2.6790776499418996e-23
1.7208998811613112e-23
1.2580036861234212e-23
8.889919662737165e-24
5.895648867960859e-24
4.549519657836072e-24
3.7649029737278585e-24
2.718345234408554e-24
1.869538105773195e-24
1.4119121212822207e-24
9.744771554104092e-25
6.383474060793289e-25
4.0420528615422703e-25
2.6054470296496247e-25
1.9384591953609055e-25
1.2307509023791374e-25
7.629918040138386e-26
4.648006949183065e-26
2.794033539526001e-26
1.66218017362199e-26
9.806605953449927e-27
5.956125031667535e-27
5.664077616374746e-27
5.6801240908361546e-27
4.473927002963748e-27
3.1729945993089252e-27
2.1220993742918756e-27
1.367197884823568e-27
8.58427343306539e-28
5.289678169190911e-28
3.2136025495525985e-28
1.930881916270781e-28
1.1499978769797117e-28
7.007094478144883e-29
5.18161999302996e-29
3.513623901555834e-29
2.2527027816135005e-29
1.4114576203504928e-29
9.856035612308227e-30
7.452248585046248e-30
5.1916235552415075e-30
3.4449292536386334e-30
2.213581165329992e-30
1.3904061093159649e-30
8.587663374356053e-31
5.235988952366758e-31
3.1601270021793178e-31
1.8917280144453163e-31
1.1248908438266752e-31
6.652095334245083e-32
3.9155646920419855e-32
3.3989858193077273e-32
2.901922978123076e-32
2.741160204055609e-32
2.1317362203657228e-32
1.6428947941391262e-32
1.2500992621522395e-32
9.927604660195024e-33
1.0508691914188375e-32
8.844111177100552e-33
6.545156603902028e-33
5.074460442875572e-33
4.037839801093087e-33
3.31892521325933e-33
2.9029492932097774e-33
2.445557734013388e-33
1.813246449767635e-33
1.3341764614080395e-33
9.232570719142753e-34
6.128444306987591e-34
3.9544210869123845e-34
3.0490232186531943e-34
2.845831154161602e-34
2.2132785401692033e-34
1.5617877289290627e-34
1.0166601629366883e-34
1.3582194420236758e-34
1.1893475893078784e-34
9.283385415532629e-35
7.91200192409208e-35
8.622471510118652e-35
7.124175183503391e-35
6.363988724471608e-35
5.178373821259679e-35
6.44139011582727e-35
5.870864903540728e-35
5.839797491408085e-35
4.632121979211207e-35
3.3451535676570195e-35
2.8833738136249173e-35
2.3762412672469643e-35
2.011653938110095e-35
1.6439439441214048e-35
1.1952958900393609e-35
8.217430933619645e-36
1.1488985682112943e-35
1.1406190629688443e-35
1.0456748122976343e-35
8.806863550203851e-36
6.530895181443397e-36
5.862989635710692e-36
4.8435178910757673e-36
3.704710856262442e-36
2.6336188204314146e-36
2.5909104782320155e-36
2.157354116651565e-36
1.6026559995046594e-36
1.2479349090837439e-36
1.3240311049176386e-36
1.3203747143840558e-36
1.1282986002617272e-36
9.117477626468179e-37
9.056245102943044e-37
7.186597043856934e-37
6.750432199056862e-37
5.38398214458796e-37
5.08791492763584e-37
4.13018629865512e-37
4.53167368104356e-37
4.117732799009066e-37
3.5744219519070918e-37
3.153827890171571e-37
2.4905830686502997e-37
2.073736562055642e-37
1.7442648970053844e-37
1.3893852404226512e-37
1.5369699361639597e-37
1.286967413484983e-37
1.2779862377254911e-37
1.5089357639009032e-37
1.4941453239822655e-37
1.39547622297032e-37
1.2145171632987789e-37
9.18341397834185e-38
8.543735492960651e-38
8.473420936183603e-38
7.146430207479043e-38
5.970530355251608e-38
5.472487301033747e-38
5.622362759967445e-38
4.778609695151395e-38
5.086156637452927e-38
4.745007393780313e-38
4.726668197001213e-38
4.0127634231262194e-38
4.020674118972093e-38
4.0572195792185593e-38
4.6865215544981037e-38
4.780787461388839e-38
4.3063743793794464e-38
3.6614169634588597e-38
4.131974254785747e-38
4.2803308616300524e-38
4.4691176667431643e-38
4.0296015545689615e-38
4.047091983389571e-38
4.042740847890767e-38
4.10546426570825e-38
5.624213853236211e-38
5.236607432595139e-38
4.757919267468561e-38
4.2058592260340525e-38
3.835968325933829e-38
3.7680449381052444e-38
3.742247913568989e-38
3.216821072925468e-38
2.780089298411281e-38
3.14391142049401e-38
3.32028738246686e-38
3.018067844079464e-38
2.669504245073398e-38
2.5327998226654885e-38
2.750344426948589e-38
2.630781771937919e-38
2.7585209925436276e-38
2.532419886510374e-38
3.202953755437342e-38
3.570162937900797e-38
3.7968523644054344e-38
4.5891398224958633e-38
4.1304727349729e-38
4.140179062614263e-38
4.239811144046186e-38
4.5564172067856293e-38
4.1135993481889845e-38
4.750791516068096e-38
4.737425877078915e-38
4.4579322950773046e-38
5.485122676262166e-38
6.136511231584935e-38
9.044657653810247e-38
9.120807114631716e-38
9.103597148254388e-38
9.614222087727416e-38
9.830739701645576e-38
9.582125252008825e-38
9.160239504647161e-38
7.99062516420967e-38
9.274430634279565e-38
8.633919574317642e-38
8.92086636673901e-38
8.139385553648571e-38
9.885815739303707e-38
1.376036620938294e-37
1.4158062257589655e-37
1.1724371088768527e-37
1.122890278237022e-37
1.420427130641731e-37
1.459701895419384e-37
1.2829232018589999e-37
1.2555405699089336e-37
1.4689867004113594e-37
1.3410710326777836e-37
1.2612548604125526e-37
1.1472405975445783e-37
1.1611831691026874e-37
1.4220319429893655e-37
1.5912904857658137e-37
1.8951222889751232e-37
2.1239035299439334e-37
1.9869122394828998e-37
2.455751771702303e-37
2.477209764050629e-37
2.6759006542420488e-37
3.2555281122764083e-37
3.297915564249156e-37
2.8531225834594013e-37
3.0166699243486715e-37
2.928829492871097e-37
3.354076569887658e-37
3.233176445085515e-37
3.4870987427681663e-37
3.12108529966276e-37
3.425125981580854e-37
3.2006120418278175e-37
3.1885601732350148e-37
2.9963599911407884e-37
2.7646852938161925e-37
3.6192799999040316e-37
4.604328089180019e-37
5.010156852992932e-37
4.731383061072591e-37
5.483796491997803e-37
5.4204632697077625e-37
5.463616939173825e-37
5.682633209878169e-37
6.5300661937035474e-37
6.104598793280782e-37
5.723193863909466e-37
5.642956066135061e-37
5.193613763562275e-37
5.7940803207761255e-37
5.839307848714021e-37
5.885003162981197e-37
7.509126577183531e-37
6.245391636467722e-37
6.91097833251403e-37
8.303348334071137e-37
8.503062435011037e-37
8.768224889181456e-37
8.15971062229446e-37
7.41220845936314e-37
6.798914803580326e-37
6.2922441399884584e-37
6.754248789243407e-37
6.544635927330984e-37
7.083489542180266e-37
5.172307221444609e-37
4.3546920205236284e-37
4.424127776759744e-37
5.58876675639424e-37
5.961729904263276e-37
5.135549578042992e-37
5.5811368860494295e-37
7.684156929890449e-37
7.016833654618352e-37
6.7574584434268674e-37
7.1703280189466214e-37
7.503014355847523e-37
7.045379253710977e-37
7.830969421765883e-37
1.0953297433353157e-36
1.2368703824843092e-36
1.1665366357340769e-36
1.1591065195769943e-36
1.2094082437234444e-36
1.219465479402652e-36
1.1581864509841764e-36
1.0885094165457231e-36
1.3640286331591547e-36
1.705660161100199e-36
1.8101002950673998e-36
2.3381035295292554e-36
2.5394446861965692e-36
2.92310698282253e-36
2.9701878119618386e-36
3.4895374116375516e-36
3.961969721381809e-36
4.088745698527169e-36
4.913926560735236e-36
4.687218025914438e-36
5.358158927341931e-36
6.610138564680226e-36
6.673584466994097e-36
6.223034235997941e-36
7.332451400355709e-36
7.733784356308067e-36
6.796255710450454e-36
7.00313292327009e-36
9.068119983976539e-36
9.360292512215892e-36
9.42501021353034e-36
9.114991667837001e-36
8.463038007858072e-36
8.967552473813307e-36
9.825651279342663e-36
9.84873948800909e-36
1.0045601136755998e-35
9.790714745569362e-36
9.998164096780364e-36
9.815759271908696e-36
1.0892189947229158e-35
9.893806747666076e-36
1.1524249150451824e-35
1.0530286392267608e-35
1.0457734139639394e-35
Acceptance rate: 0.18749999999999964
7.206478598923525e-36
9.04315324477401e-36
9.030576025576639e-36
9.834801745911752e-36
1.0450113132289146e-35
1.4282423735744846e-35
1.666904184614226e-35
1.5090737408377085e-35
1.7500874990738576e-35
1.7673644768611852e-35
1.857825845296197e-35
1.8799818030517812e-35
1.5957879636535705e-35
2.141212328272164e-35
2.5125360865551395e-35
2.6721374120808475e-35
2.721265619507314e-35
3.543516634610035e-35
3.439343781689201e-35
3.772359204861885e-35
3.6781834467433284e-35
4.4927919385725393e-35
5.054505389157367e-35
4.551899054736549e-35
4.575480949159913e-35
5.177753481768438e-35
6.644274224887456e-35
6.591121973247901e-35
6.514517554777959e-35
6.86236550880798e-35
7.990947627981256e-35
8.792536388189266e-35
8.34888482247338e-35
9.229019970539319e-35
1.0825104178353713e-34
1.2428797981351949e-34
1.2317826940796615e-34
1.7354759283517792e-34
1.6596248672089509e-34
1.6188182111993891e-34
1.4743317973992752e-34
1.4564377321524328e-34
1.3444525642915238e-34
1.2433320923725184e-34
1.0284259240194696e-34
1.0229330070347122e-34
1.1097938436157594e-34
1.3613921412818497e-34
1.5536295711371097e-34
1.3924842260397117e-34
1.4684145732036412e-34
1.6857103476235914e-34
2.026553370496925e-34
2.084531651134422e-34
2.523728911884868e-34
2.9227767145296676e-34
3.2825745773892496e-34
3.960430669990174e-34
3.931144409915134e-34
3.719207309599934e-34
4.1429360504280916e-34
3.0452877058590188e-34
3.0060210943493384e-34
3.1452126144143505e-34
3.328448196097027e-34
3.92261623241516e-34
3.748409905687542e-34
3.698328024177741e-34
3.7935213079287772e-34
3.3406841045405628e-34
3.5712701923452913e-34
3.6132774201026526e-34
3.217826971668812e-34
3.200840414572221e-34
3.7607243857632605e-34
4.333928892573536e-34
4.3258968349239005e-34
3.999501824438175e-34
3.6869262142060102e-34
3.633137236840673e-34
3.878608273330885e-34
3.6667261383669876e-34
4.193717098384622e-34
4.958753737853601e-34
6.178455602082088e-34
6.200605607811765e-34
6.283531497307291e-34
6.376568325034357e-34
6.494067697875991e-34
6.3750938363491646e-34
6.0575302297245635e-34
5.304185451325871e-34
6.473726108793153e-34
6.300864660810276e-34
6.0672223305354e-34
7.150538285458287e-34
7.671959420271699e-34
8.103759435831646e-34
8.136978908976624e-34
9.586005750693138e-34
8.72771172766739e-34
9.380858199274141e-34
8.8210641911962e-34
8.909524131500916e-34
8.699235641364396e-34
9.545617357163271e-34
9.767300507785433e-34
8.28994905650565e-34
9.38055472529835e-34
8.442481168501023e-34
7.293570332767903e-34
6.373499368745808e-34
6.909482245919975e-34
6.5410322852600315e-34
6.112757205213129e-34
5.367466063356039e-34
5.579976861888007e-34
5.5322907656831666e-34
5.182928987277926e-34
4.3330621248000625e-34
5.025252287151376e-34
5.380470473136776e-34
5.528979350029341e-34
4.864427752016984e-34
4.3337477586714064e-34
4.376152547358658e-34
4.2989800564686144e-34
4.3928499986204835e-34
4.553083097318936e-34
4.075612443135095e-34
3.975487456325217e-34
4.623943976812336e-34
4.140349749809257e-34
4.197722257365381e-34
5.1812728267750996e-34
6.249735959143688e-34
6.654180396200451e-34
6.3121885439875056e-34
6.386011475819035e-34
5.264885150936839e-34
5.315291999524857e-34
5.448105703810395e-34
5.546714922849103e-34
4.8352123496846435e-34
5.808044015296136e-34
6.14219553696618e-34
5.61562812471232e-34
5.426663461185318e-34
4.346027502146492e-34
4.512143696592629e-34
5.007412303337193e-34
5.7266333411337006e-34
5.960242663724122e-34
7.769536442763305e-34
6.841360179496704e-34
7.407915524154279e-34
8.303130553917734e-34
7.272725075533711e-34
6.805829748486439e-34
7.784926116946929e-34
7.064894788716385e-34
7.655981899921699e-34
8.266460711364259e-34
8.839252761544966e-34
8.733584928699438e-34
9.757355423418833e-34
8.785199271467136e-34
7.269276115775159e-34
8.206837701627625e-34
7.555938432682127e-34
7.776134073330784e-34
8.04969050273614e-34
7.888384569970355e-34
8.547253922628084e-34
8.588895600755346e-34
9.165872448920306e-34
8.538391949714663e-34
9.314286334039276e-34
8.148605575803378e-34
9.700573009064623e-34
9.630769585893064e-34
9.905296328226575e-34
8.732151219502593e-34
9.6914161174244e-34
9.428760296544933e-34
1.0920809420131826e-33
9.675965210473274e-34
7.84205900127136e-34
8.43075189569113e-34
9.002532978299607e-34
9.73908293591771e-34
1.0597878389031477e-33
1.1277667514875024e-33
1.2402282760357976e-33
1.1452523462076301e-33
1.1008120652545055e-33
1.1785394167280272e-33
1.3645099715714389e-33
1.2516005769087926e-33
1.1800203701284678e-33
1.2788327405741585e-33
1.6906040043500917e-33
2.1046158129777976e-33
2.6637120425567296e-33
2.9214552400988898e-33
3.822322387622468e-33
4.404129514359753e-33
4.0104967846594625e-33
4.228776854853672e-33
4.5822740182858134e-33
4.0374191826644196e-33
4.26415063307679e-33
4.8134434047020794e-33
4.460751949380707e-33
4.544032346372814e-33
4.618421638005587e-33
5.1173545935970385e-33
4.7685789879779644e-33
5.343006516079345e-33
6.528713126481857e-33
6.950604926405623e-33
9.657331704964365e-33
9.695638488893622e-33
8.731301740937268e-33
7.782964633075585e-33
7.551419183670002e-33
7.812992738941674e-33
7.909343571248567e-33
8.57770109422954e-33
7.611281987327147e-33
6.87450526355654e-33
5.739307931837197e-33
5.290998179487912e-33
6.484915882460504e-33
6.737803039595793e-33
7.045665807340125e-33
6.965725218460964e-33
6.67998720546932e-33
5.963027467769093e-33
5.444454306036678e-33
5.310090602487154e-33
4.906083608226842e-33
3.8399018214104746e-33
4.8411500010201394e-33
5.2396218132629015e-33
4.994869657208754e-33
4.977859913589582e-33
6.051010029961204e-33
6.8776843817631e-33
8.593267822040129e-33
8.600835014908797e-33
8.377345277594859e-33
7.179557264699961e-33
6.70456857479983e-33
6.7874291083696e-33
6.642985939279165e-33
7.452823421215664e-33
7.142763608574533e-33
7.269145040083379e-33
6.98007502112815e-33
6.435947523874805e-33
6.1239498153025306e-33
5.6125475091137005e-33
5.045533829226318e-33
4.06343201884908e-33
4.1666651121760566e-33
3.224889817250245e-33
2.372722914239824e-33
2.2639812228614264e-33
2.5623826206680452e-33
2.8195060763747825e-33
2.364681855753256e-33
2.9507261768902197e-33
3.166715047080006e-33
3.2407802084888444e-33
2.891120918122078e-33
3.2978109587339106e-33
2.889119992559916e-33
2.7792550203048297e-33
2.854592661017391e-33
2.871966348463687e-33
2.8151322671216943e-33
2.4320001225829647e-33
2.1643420467188313e-33
2.888578535077959e-33
2.9765846962563467e-33
2.9957088305814674e-33
2.6197227538784697e-33
2.7815249591188352e-33
3.661998023780441e-33
3.6034519780034836e-33
4.050537475406959e-33
4.1505492053470544e-33
3.9252695667752556e-33
4.317340952872589e-33
3.9267127398145756e-33
3.805124811101842e-33
4.3888732132611974e-33
4.0540872108859695e-33
3.23038354221371e-33
3.5393052960789955e-33
4.1224539538126196e-33
4.7121245909445185e-33
4.519454469476398e-33
4.670660255329252e-33
6.338824187602861e-33
7.010085018798752e-33
6.882334305104851e-33
7.675049374930512e-33
9.039500037212075e-33
7.734267163731804e-33
8.679372208866683e-33
7.669226432005506e-33
7.89198058579947e-33
9.262307499299611e-33
1.0119185756486621e-32
9.473458622419514e-33
1.1814840837364861e-32
9.900635190981246e-33
9.636342753916005e-33
9.475554492653525e-33
9.800278287390045e-33
1.0652626103292122e-32
1.2604835852650414e-32
1.1612130042478893e-32
1.2133566142810005e-32
1.2604935844444935e-32
1.1928252088832584e-32
1.5103441481849178e-32
1.5506063708249615e-32
1.609023838743676e-32
1.5166965741930296e-32
1.4352203665429713e-32
1.4320986827395796e-32
1.4609408330763954e-32
1.453391882686903e-32
1.311976796111951e-32
1.8923344760677395e-32
1.8516799156147031e-32
1.822021575526086e-32
2.0791141189922123e-32
2.4922243893519994e-32
2.538283528839905e-32
2.644551398194789e-32
2.3516169348510322e-32
1.9657894432898873e-32
2.0475938775533482e-32
2.3748223738891415e-32
2.154070153507755e-32
1.937824354930432e-32
2.114048770122931e-32
2.331655300329104e-32
2.3466914167801e-32
2.391271911110929e-32
2.439389261795547e-32
2.2924743915084802e-32
2.185834723926257e-32
2.597675441272495e-32
2.7063772296206477e-32
2.48335125733991e-32
2.2172272899988153e-32
2.2084608284360264e-32
2.1075403087261533e-32
1.9989374454135365e-32
1.8253310044756176e-32
1.5495825975029072e-32
2.114151284103866e-32
2.7551631185453555e-32
2.370361932724963e-32
2.51502336888534e-32
2.3854540652356704e-32
2.773906102021872e-32
3.046920849497667e-32
3.5552701993122945e-32
3.576911228883763e-32
3.119465937829157e-32
2.99007188072986e-32
2.6457422184421724e-32
2.249264655228256e-32
2.149115247601558e-32
1.8421408228352778e-32
1.9410768937796027e-32
1.9421987674141247e-32
1.8588403464943208e-32
1.6611170157365808e-32
1.630707226959086e-32
1.6786731820401187e-32
1.500645846749352e-32
1.935533473564267e-32
2.3516095202999896e-32
2.771621764240756e-32
2.6235276384969434e-32
2.280021123603593e-32
2.282832349537138e-32
2.1997039518398662e-32
2.2222763896557282e-32
2.1089006808535666e-32
2.0391803128957933e-32
1.901769442406463e-32
2.1143705710995425e-32
Acceptance rate: 0.24462499999999965
1.4885599464391907e-32
1.6122992386010909e-32
1.4609725934635802e-32
1.4082122550960143e-32
1.62446591279275e-32
1.6724018778911012e-32
1.5084439637483673e-32
1.579305118046458e-32
1.688124108152153e-32
1.9004595162800754e-32
2.0152527506358885e-32
1.9774826598801512e-32
2.1041509017919464e-32
2.0634613027948954e-32
1.9377813242268923e-32
1.905124100395319e-32
1.7034168374938807e-32
1.7071701848124975e-32
1.6426112814181352e-32
1.6497394183867195e-32
1.4058904961777273e-32
1.3109523270819406e-32
1.3789832964619074e-32
1.3922879710084216e-32
1.4145071014484037e-32
1.8001590762417912e-32
1.8448561147759835e-32
1.5823818019574986e-32
1.757245871358797e-32
1.776801461339561e-32
1.5482185953908897e-32
1.3762872003701263e-32
1.3537392157089675e-32
1.1855700448982167e-32
1.1354991883421053e-32
1.2843181717795056e-32
1.2542543295409783e-32
1.2838337212683016e-32
1.2513280518685836e-32
1.3819425329772272e-32
1.2837598419214681e-32
1.1548786815846374e-32
1.1297701476085242e-32
1.1150164217445447e-32
1.1408991791804402e-32
1.0088586390202215e-32
9.457144469784953e-33
8.251766820082763e-33
8.132569869163809e-33
7.617298844892508e-33
7.695981922516896e-33
1.0652530515033317e-32
1.030824271752676e-32
8.77055040158123e-33
6.724991586259424e-33
6.28748128150436e-33
6.35475669044776e-33
6.850804240511322e-33
8.334138904701864e-33
8.23264347411355e-33
8.698649389650848e-33
8.9877406593127e-33
9.136984335153188e-33
9.76113052311242e-33
8.924672622037208e-33
9.721670486786853e-33
8.272326695337539e-33
9.864696904186874e-33
1.035668886485502e-32
9.643846080163083e-33
8.138765568244882e-33
6.364103310735903e-33
6.00694258888686e-33
5.304287623980433e-33
5.341087345392623e-33
5.956122117073717e-33
6.117190670826643e-33
5.650910760106279e-33
5.060881333487631e-33
4.5322092346569036e-33
5.018352916734399e-33
4.8851702794679236e-33
4.8654117848191217e-33
4.7104703426983555e-33
5.3124085075345615e-33
4.8474795165091114e-33
5.196203993133685e-33
4.611523085664906e-33
4.302173234495448e-33
3.8719192799747816e-33
4.5830563940773795e-33
4.37202015470691e-33
4.9545713188197564e-33
4.56468524159559e-33
4.62982404735071e-33
4.355864431827189e-33
4.6445476714012874e-33
4.371865993079221e-33
4.3116018953915324e-33
4.2547289806388645e-33
3.7173781916518946e-33
4.221448544628303e-33
4.052904833295393e-33
3.9883971517013776e-33
3.837902683156305e-33
3.553167004568479e-33
2.987197736433063e-33
3.425123666585737e-33
3.2817113484023043e-33
3.0196333061560772e-33
2.5653760058897755e-33
2.894590263397769e-33
2.7259966950061933e-33
2.7125465291058815e-33
2.6774454083532515e-33
3.1982987388309915e-33
3.41628676094272e-33
3.102413730337681e-33
3.096257101834335e-33
2.6804158631370302e-33
2.5002392355724207e-33
2.2413232944424147e-33
2.3347188048581236e-33
2.359917950207348e-33
2.5066706322339688e-33
2.3572844551531585e-33
2.3430944428090598e-33
2.3111456230738773e-33
2.315690623601689e-33
2.257319581184652e-33
2.0737036848833064e-33
1.825830229266621e-33
1.7248928257010197e-33
1.732596109654358e-33
1.8124856264112872e-33
1.711123042135571e-33
1.6692021376601305e-33
1.706397169017703e-33
1.994389728270778e-33
2.1639968348102912e-33
2.048480018766221e-33
1.8983158060158757e-33
1.921708286439426e-33
1.8382913553340252e-33
2.032578476364009e-33
2.1483510301113682e-33
2.2421073607200866e-33
2.2522067799245012e-33
1.9671077648946717e-33
1.5631683646205506e-33
1.3616514528755217e-33
1.2120721050002981e-33
1.1847846604797033e-33
1.178178032122364e-33
1.1063510949132672e-33
1.1073122023194877e-33
1.0551861935994209e-33
1.100268015149196e-33
9.7548989323461e-34
7.73516993170782e-34
9.173677191850171e-34
8.818992496247423e-34
8.228106315582803e-34
6.625098503071792e-34
7.031620435117291e-34
6.506826635188472e-34
6.201571140434897e-34
7.066221481632668e-34
6.914501748817572e-34
5.907747139180174e-34
6.48390159694185e-34
6.3437068913592176e-34
6.072749495793169e-34
6.320191825040204e-34
6.3493980596379915e-34
5.491038684488392e-34
4.689050041118168e-34
4.896052704525245e-34
4.456866734658611e-34
4.079548340029569e-34
4.928563167169396e-34
4.1710063838768005e-34
4.49893516445536e-34
5.083185309959811e-34
5.182447597582493e-34
5.145595395565686e-34
5.0600508398834815e-34
7.553682442560594e-34
6.871790747162726e-34
7.139525022914051e-34
6.07926316886019e-34
6.134146483825766e-34
8.763155477568631e-34
8.460518661943854e-34
1.0094594932299776e-33
9.684605382610237e-34
9.72654193331404e-34
8.160794384053957e-34
7.421067558988121e-34
6.179425575755784e-34
5.639748443217519e-34
6.001502052845006e-34
5.605236563968716e-34
4.929575316251338e-34
4.712245072991888e-34
4.861016345393869e-34
4.0388286145925694e-34
4.191165143882492e-34
3.916512152169351e-34
3.5917190941093826e-34
3.0263619756780496e-34
2.81257770406188e-34
2.3084135437026595e-34
2.0429493845351066e-34
1.8636023836367758e-34
1.7865630999414674e-34
1.665674692579969e-34
1.940660343976464e-34
2.244345419273678e-34
2.596543819049965e-34
2.557312993351018e-34
2.716259451039197e-34
3.988698573638968e-34
4.005358609602106e-34
4.017300919738324e-34
3.5325571990202526e-34
2.9358365414451833e-34
2.855103305690526e-34
2.401284375446858e-34
1.9728759814129536e-34
2.1774322716103944e-34
2.0805133780146842e-34
1.8377265398169596e-34
1.8663415053586478e-34
1.939218444093283e-34
1.71217398197157e-34
1.9694009508594982e-34
1.7928094055461348e-34
1.4639020686556176e-34
1.3494917922442803e-34
1.2687973292417603e-34
9.952977955153239e-35
8.932429053457205e-35
9.359531042268366e-35
8.719823122625604e-35
8.573035718534402e-35
7.513250222005231e-35
6.526258880626111e-35
6.519459477476139e-35
6.571114953966415e-35
5.831906680202914e-35
5.511849819814295e-35
4.467005372989794e-35
3.633512263746616e-35
2.891394266454643e-35
2.477679337520167e-35
2.470799552796353e-35
2.593868996857626e-35
2.536203254342826e-35
2.3388257438876795e-35
1.996892453881008e-35
1.654628439261119e-35
1.9523233841041466e-35
1.845756557452722e-35
1.761996574210766e-35
1.9330822322263416e-35
1.7074442561529439e-35
1.8900521495672393e-35
1.7182599370639155e-35
1.8798421482179067e-35
1.7439878821262248e-35
1.567852249126451e-35
1.768879529130998e-35
1.716926993186071e-35
1.4444208480566488e-35
1.2786768931902437e-35
1.2592326779035234e-35
1.1618700831226177e-35
1.1262035640317692e-35
1.1255946850941082e-35
1.0020489979106843e-35
1.0054399221927723e-35
9.655512927591321e-36
8.473695878084629e-36
7.074061446056725e-36
6.262761876005944e-36
6.200735672135326e-36
5.689083014530071e-36
5.7338228725611554e-36
5.074146408917713e-36
4.636255260117844e-36
5.070510141192871e-36
5.4914043281448833e-36
5.250495434121591e-36
5.1592261709797674e-36
4.748856220723945e-36
4.061257858893994e-36
3.8412410746740865e-36
4.74498998496259e-36
5.319914795618173e-36
4.57767709698247e-36
3.582349686501627e-36
3.4539446235860266e-36
3.887230379006605e-36
3.8938478214845994e-36
3.480247741262523e-36
3.306260075927175e-36
3.693937758759906e-36
3.259680124320378e-36
2.8500629247293476e-36
2.7903904348321392e-36
2.5681598876056657e-36
2.30372359272559e-36
2.9629160621539607e-36
2.5276277614693116e-36
2.1697071788686963e-36
2.2384966148924194e-36
2.4515730344869672e-36
3.078927982189667e-36
2.9758703002346557e-36
2.8709025078152808e-36
2.798072456935044e-36
2.9663869925580815e-36
3.3534769000679796e-36
3.447368972227859e-36
3.4100784517116175e-36
2.676239131698463e-36
3.119887969190018e-36
3.40034434259721e-36
3.3444278513608254e-36
3.0793777861521754e-36
2.6780815120497164e-36
2.3093893870623032e-36
1.9950677848466638e-36
2.150440091349385e-36
2.0897352043028198e-36
2.1832932598661407e-36
2.6329474997033105e-36
2.2291363315274793e-36
2.160849843385202e-36
2.429269862619243e-36
2.4633831807945848e-36
2.2521254538441233e-36
1.748493688350929e-36
1.587833411170792e-36
1.3507389946114562e-36
1.2692783392615312e-36
1.1263066137160421e-36
1.3162345527418742e-36
1.3757654184276093e-36
1.404440362644719e-36
1.4625675171162414e-36
1.3094337123326677e-36
1.0951111605117563e-36
1.007691577868901e-36
9.694276041472889e-37
9.409624093723051e-37
8.563379310545833e-37
7.48445686323722e-37
7.551885033125258e-37
7.859858680067096e-37
7.619906793580945e-37
6.485287282464353e-37
6.283085672825254e-37
5.123469477433078e-37
4.672056377395842e-37
4.7219444913479575e-37
5.359488827962329e-37
5.323930149571461e-37
5.082649665199516e-37
5.701366449474776e-37
5.041842699565224e-37
5.1690604210156855e-37
4.6330040944398575e-37
4.1974060570475895e-37
4.498643922805832e-37
4.462475903170896e-37
4.352701396176673e-37
4.560836510787635e-37
4.624405058765897e-37
4.290251682703802e-37
5.63450588438559e-37
5.612084952438438e-37
6.276034821208101e-37
6.11305803680404e-37
6.8232210985605205e-37
6.7685719337970875e-37
6.083303818516008e-37
7.73389702228096e-37
8.37777573329155e-37
8.439831727981303e-37
7.630760649683735e-37
6.95439936998115e-37
5.8455359904431816e-37
5.782120155592383e-37
5.481429121043911e-37
6.240948697629176e-37
6.225402983587747e-37
6.147202904831273e-37
6.360072385934349e-37
Acceptance rate: 0.2440833333333334
4.163004572951893e-37
3.5640548026247714e-37
2.853362482414143e-37
2.964983459142039e-37
2.7971854477236937e-37
2.7916482350728724e-37
2.508601962827067e-37
3.046158471753904e-37
3.0059111230318636e-37
3.4065399876279923e-37
3.7017523429182897e-37
3.724713390691637e-37
3.6284256125737533e-37
3.1135037385305065e-37
3.919879830433068e-37
3.4099169013756612e-37
3.3711585706427568e-37
3.01212495364504e-37
3.2409546152329814e-37
3.040702244240013e-37
2.6358121129097176e-37
2.3023478757463514e-37
2.1644752421290755e-37
2.206199951409884e-37
2.1686129663119302e-37
2.564092956339991e-37
2.455274309997829e-37
2.4811554631865617e-37
2.23362725147624e-37
1.8915461178244893e-37
1.8512459711174676e-37
1.7703963085769369e-37
1.746104069952014e-37
1.7389350660460009e-37
1.7028646449390345e-37
1.4965500746603565e-37
1.3699433683420124e-37
1.3078456718667592e-37
1.476562891385236e-37
1.5288817637419793e-37
1.9948410051610878e-37
1.9303543033640326e-37
1.9948599706643223e-37
1.8353814861406685e-37
1.5100553217920035e-37
1.1677453509943853e-37
1.0420937051054992e-37
1.0076122983038085e-37
1.0063559876211284e-37
8.759623854293422e-38
8.705803171112941e-38
1.1023213893524026e-37
1.1642675820586171e-37
1.229733108705974e-37
1.0782884633943591e-37
1.4229262523468328e-37
1.5314596424511208e-37
1.8680254350238705e-37
2.1995319837058847e-37
1.9627727267724214e-37
2.132324317769972e-37
2.090295663767534e-37
1.7572905189039778e-37
1.6898114096617545e-37
1.6963750316090922e-37
1.5369882691936115e-37
1.330249735576052e-37
1.2966662859673026e-37
1.2047907641564227e-37
1.1444747854291343e-37
1.255840418174522e-37
1.2914366626141365e-37
1.7037525335080248e-37
1.812553476792187e-37
1.9654147797217116e-37
2.2161460803129483e-37
2.391343053886284e-37
2.849235294244038e-37
3.7178513773499097e-37
3.4885619900562733e-37
3.6361495612844776e-37
3.5546015943713843e-37
3.30568341073806e-37
3.593654593113591e-37
4.0567247919898356e-37
4.411502321357626e-37
4.004079491080389e-37
4.4504688417855734e-37
6.2427183047462405e-37
6.275288192507954e-37
5.663146840570959e-37
5.401553657033093e-37
4.786840818006973e-37
4.636519830128801e-37
4.972606394829401e-37
4.599866483567172e-37
4.380046536277951e-37
4.4918815921811654e-37
4.202480103946902e-37
3.657874386887723e-37
3.661792446164729e-37
3.2699303383166428e-37
3.2741824539730202e-37
2.9587173425406356e-37
2.8079672828332723e-37
2.7869729007426273e-37
2.473382922755329e-37
2.763506749365627e-37
2.6930080775185345e-37
2.303019706943862e-37
2.1536417745940673e-37
2.101018448690994e-37
2.1645284051320945e-37
1.814075589028914e-37
2.0722541017342294e-37
2.304307665019054e-37
1.8514052671970454e-37
2.068248127376946e-37
2.579910480759169e-37
2.3055522250454774e-37
2.135999236559342e-37
2.2356847154382074e-37
2.3512603839447628e-37
2.49965231879768e-37
2.757504243510385e-37
3.0259202942893027e-37
2.827474580935365e-37
3.378842914256985e-37
3.0462856832742805e-37
3.0564431687017724e-37
3.237413501736435e-37
2.9318225447675592e-37
2.702988669449851e-37
2.9078896148905647e-37
2.9812136439046477e-37
2.875166448728658e-37
2.4904590454240636e-37
2.673121486359265e-37
2.6347050501917274e-37
2.41858915033943e-37
2.009699950704197e-37
1.957912224073524e-37
2.7110203451757845e-37
3.6413819075201075e-37
3.7191903798565014e-37
3.3306953639894986e-37
4.0954177981745045e-37
3.7750453437811934e-37
4.06880475842214e-37
4.881234355068618e-37
4.483638006566603e-37
4.602966122447038e-37
4.313500290135741e-37
4.284494212964849e-37
4.65802837641557e-37
4.376150288570437e-37
4.780691292499162e-37
5.16934362834791e-37
5.9500293286542875e-37
5.9701911044520656e-37
5.579247323519302e-37
5.456674002144213e-37
5.296540359621263e-37
5.089675756960533e-37
4.4594710111545605e-37
4.855864701876556e-37
4.5926196471855614e-37
5.459225251769673e-37
5.092695278489993e-37
5.5774676877673585e-37
6.367950316429987e-37
6.646019010055562e-37
5.324970944844713e-37
5.0704089596978245e-37
5.9858030451305785e-37
5.9660484580406335e-37
5.2192349800503035e-37
5.339448459671858e-37
4.4714706371206315e-37
3.6178648008148316e-37
3.8863618379622926e-37
4.07868230964991e-37
4.087628935380619e-37
4.5219013975474305e-37
4.669404695169098e-37
6.801708543857243e-37
7.0013206495004515e-37
7.560661127264533e-37
7.131310211474105e-37
6.7726188487674665e-37
7.534216147845013e-37
6.37647163081592e-37
7.1005440234387155e-37
7.2076146250314955e-37
6.745473105019057e-37
6.608318198998913e-37
5.460448255433485e-37
4.968151829020478e-37
4.450792080627278e-37
4.19745949773301e-37
3.850575232414111e-37
3.693564853472658e-37
3.836541898747104e-37
3.6350717030342947e-37
3.887212583609521e-37
3.752906121270421e-37
3.511753689365059e-37
3.552060500677784e-37
3.6489968311819564e-37
4.211660204791915e-37
4.137238805935367e-37
4.129651643356278e-37
4.670349823692436e-37
4.703375231011077e-37
4.7542957334594475e-37
4.361767286858226e-37
4.655024032302096e-37
4.972297692512426e-37
4.7910555381177566e-37
4.509083970643333e-37
4.308957706630949e-37
4.133327889398894e-37
3.890201262001572e-37
4.078825948044952e-37
4.914845507987637e-37
4.790421655592835e-37
4.8632876633904706e-37
5.768668373987961e-37
5.745760685093593e-37
5.306951544882502e-37
4.505790698224404e-37
3.804654218071768e-37
3.1147972618410147e-37
2.796624761938981e-37
2.6881277377027613e-37
2.596310697729257e-37
2.679696430829715e-37
2.5788993682117867e-37
2.6199029523589847e-37
2.6210248532433636e-37
2.476400861642333e-37
2.1280875148887756e-37
2.110864061821841e-37
1.8923504261473957e-37
2.1301250430983077e-37
2.163073227489259e-37
1.967698659882838e-37
1.5465935725101295e-37
1.6387518658447293e-37
1.7968564806637563e-37
1.606415097550466e-37
1.7102235097636619e-37
1.5801450340970194e-37
1.5447118243516114e-37
1.7930398219178607e-37
1.9154692787309547e-37
1.741351897932657e-37
1.94116109715998e-37
1.9557744488013587e-37
1.5731896759553832e-37
1.4362010243827603e-37
1.9777420136502946e-37
1.906343999692101e-37
1.8678359728784263e-37
1.5936976209060372e-37
1.2632706254299261e-37
1.1627334540658032e-37
1.2197269730656853e-37
1.4629883002707048e-37
1.36568901744397e-37
1.1364115764758278e-37
9.640984331732889e-38
8.255910328793059e-38
8.105754640039436e-38
1.0046256969758931e-37
1.0300109125314692e-37
8.957999162302926e-38
8.366357771366975e-38
7.899392913270262e-38
7.011044906059608e-38
6.354895751822936e-38
5.592161994637668e-38
4.5710033989261264e-38
4.515693661603053e-38
5.840581328376471e-38
6.10518028412635e-38
6.883470472502051e-38
7.398443953498908e-38
7.307066007960711e-38
6.277659724927154e-38
5.825124125538596e-38
5.468587776451172e-38
6.178676711507377e-38
5.28161461043354e-38
4.5936713959996093e-38
4.35259729096487e-38
4.829039841120915e-38
4.106269078628635e-38
4.1983092836815144e-38
3.701850815166035e-38
3.5004700639653565e-38
2.965736801517075e-38
2.735880185280717e-38
2.7087113296086864e-38
2.369849012186794e-38
2.541970442308364e-38
2.3172520411508296e-38
1.9059957656213148e-38
1.9303818435649732e-38
1.9894296085605756e-38
2.3439393263467613e-38
2.4963826820775617e-38
2.5681418913857935e-38
2.7026035947616735e-38
2.414799972688991e-38
1.9654456877654927e-38
1.5617972911018813e-38
1.4380101662228698e-38
1.2617068346454918e-38
1.3662542739153648e-38
1.2643836910572648e-38
1.3945928737149773e-38
1.7485818384916221e-38
1.8076771348467876e-38
1.8645015361524545e-38
1.8172086394401563e-38
1.592606417217338e-38
1.2773883468492893e-38
1.2951869832636052e-38
1.20018116910101e-38
9.994050554610058e-39
8.385025214596862e-39
9.180424228656004e-39
8.161584054428298e-39
8.772964244001423e-39
8.202156684703563e-39
8.50436856190628e-39
8.830946154990089e-39
1.1030928213709969e-38
1.0519413256866432e-38
8.84670832062255e-39
7.324234691939173e-39
8.360377482889193e-39
7.293474984589201e-39
6.238964250124873e-39
5.453827763505641e-39
5.229213344131994e-39
4.672950757884945e-39
4.7096319943715276e-39
4.775604560319997e-39
4.671294632178041e-39
4.354517733214152e-39
4.7601203904940016e-39
6.005959998287323e-39
5.6719621975878874e-39
5.035753842956393e-39
5.887895136212714e-39
5.15915806070378e-39
4.997758525062834e-39
5.7012243085840115e-39
4.9488085368890345e-39
4.884262294714079e-39
4.446045928991571e-39
4.165559096291604e-39
3.842274087548162e-39
3.4024659428550543e-39
3.2457775822915095e-39
2.8027727586802222e-39
2.503844674918964e-39
2.5425294072083206e-39
2.2480388740134915e-39
2.033752080448923e-39
1.6812231234455385e-39
1.6225510934848525e-39
1.785752401199617e-39
1.9920991990108213e-39
1.9492428496957324e-39
1.729641226399269e-39
1.4037447933582368e-39
1.3605745779690857e-39
1.2250426793077799e-39
1.0067256342307185e-39
7.766732507460366e-40
8.245683520017043e-40
7.234141027153322e-40
5.463473501694217e-40
5.211466566019808e-40
4.566078439553515e-40
4.9162297615750216e-40
5.226330644626429e-40
5.239967261950485e-40
4.925579005419174e-40
5.30363309447453e-40
5.0281168561788096e-40
5.651602337412798e-40
4.7158604812243615e-40
3.82470542834144e-40
3.488735686822943e-40
3.699984294078417e-40
3.233965823959663e-40
Acceptance rate: 0.2423124999999996
2.3545979580670957e-40
2.2077623352311788e-40
1.976839941562353e-40
1.8195061414519591e-40
1.807944049476566e-40
2.389210951124219e-40
2.5336981308886735e-40
2.2409214208050798e-40
2.435956804733465e-40
2.662642790786303e-40
2.3846040024294805e-40
2.371933102563574e-40
2.515017575064143e-40
3.0000132553833775e-40
3.219945741634971e-40
4.1659508819475485e-40
3.5959291668161258e-40
3.095511838383154e-40
2.509908451912923e-40
3.182724014252475e-40
2.89455580444404e-40
3.3384488399667863e-40
3.152070694406481e-40
3.505154437101113e-40
3.5885931586551915e-40
3.830231585414727e-40
3.745538792772925e-40
3.938650516698501e-40
4.466633483136776e-40
5.0812104561773114e-40
5.212893347284716e-40
5.2016660351871826e-40
5.197899323019763e-40
5.645500834737532e-40
5.4513135944967405e-40
5.340106610971785e-40
5.387072945562554e-40
5.5080948257428825e-40
5.839504429401775e-40
6.647630265121153e-40
6.5991611817549595e-40
6.4568488436252824e-40
6.703582953637508e-40
7.976337728917123e-40
8.272261901096129e-40
7.294426148577216e-40
6.2270148267761164e-40
6.394523673098547e-40
6.945863542566112e-40
6.340934875061191e-40
5.575339980785595e-40
5.8603943223136834e-40
6.890103338310811e-40
6.25590314327474e-40
5.787891763597746e-40
5.6159915274988055e-40
5.373174593133396e-40
5.035961307704506e-40
6.013984804645181e-40
6.561243294888053e-40
6.616485640447439e-40
7.429249807865222e-40
7.059191630499286e-40
6.325124575034398e-40
5.9018017631892655e-40
5.81348065990095e-40
6.3970404334324345e-40
6.725866054070528e-40
7.556618412703704e-40
9.0112909671489e-40
1.0182493213788715e-39
9.759370343331911e-40
1.1010523912782984e-39
1.1743361540127933e-39
1.045419294269914e-39
8.185869524432374e-40
9.499480407810241e-40
1.0263398181396465e-39
9.820142352460664e-40
1.0015385335929188e-39
8.765686076381478e-40
9.014282680590857e-40
8.295317162956287e-40
6.5453765126845615e-40
7.425948113383868e-40
9.504477009221782e-40
1.0084535058012582e-39
1.2102967985451847e-39
1.2508933268968719e-39
1.4130455479661974e-39
1.4074359027169932e-39
1.454433431526958e-39
1.3701264077705536e-39
1.1780911532268159e-39
1.0503089100284854e-39
9.97319808955354e-40
1.0546459278819332e-39
9.216144630331603e-40
1.1553847208575408e-39
1.296282286742903e-39
1.3156921691395202e-39
1.3413212783572934e-39
1.3755307128224948e-39
1.766454116582514e-39
1.9456155060784172e-39
1.9783653125880523e-39
1.837827274380498e-39
1.6779251925557916e-39
1.7607176407340126e-39
1.6531131343254322e-39
1.8779866476998013e-39
1.974712288296232e-39
2.0632608203256865e-39
1.822941399789331e-39
1.7192001334302426e-39
1.8373332880810176e-39
1.9497929974438216e-39
1.9769557836152965e-39
2.642936593859523e-39
2.7072289314955e-39
2.7729012579198248e-39
2.723373995794644e-39
2.7613390562654442e-39
2.7882824334232205e-39
3.1837993167635043e-39
3.653976510046632e-39
3.353935731678279e-39
3.538521494886219e-39
3.4524218006191225e-39
3.631950952401888e-39
5.141343596180134e-39
5.65499572159992e-39
5.7848567362587594e-39
5.321615009886763e-39
5.3928009821252685e-39
5.771287872419645e-39
5.142199228410934e-39
5.173413137642199e-39
4.9040836336125876e-39
4.853233027034024e-39
4.998744869209815e-39
5.083073332485301e-39
4.099330148525596e-39
4.460649977074607e-39
4.672913292109526e-39
4.290029445056734e-39
4.092470034024149e-39
4.2483494849290214e-39
4.630905169508095e-39
4.6839390015747846e-39
4.108862477776829e-39
4.334792660922153e-39
5.150367030292396e-39
5.314250421308892e-39
5.233625497497525e-39
4.770022579574314e-39
4.629160323100223e-39
4.3530066023478725e-39
4.8406749061277356e-39
5.452101747904039e-39
5.824780092383892e-39
7.133803921299059e-39
8.385989998035025e-39
7.217220893446716e-39
7.630490561894123e-39
7.225970836660873e-39
6.032827078316771e-39
5.977616733354245e-39
5.939911381250706e-39
5.493663493009697e-39
5.2845674260383746e-39
6.658021602524504e-39
7.274681265218268e-39
7.326755126531537e-39
6.640642576813775e-39
6.423407699324376e-39
5.533769820733164e-39
5.171954926714376e-39
5.213905010853997e-39
5.041639543334485e-39
4.771493228610088e-39
4.597944762254123e-39
3.909222537379467e-39
4.461961135948828e-39
4.466604565324143e-39
4.1721896702558145e-39
3.4887302989905304e-39
3.491206009764906e-39
3.519332202204493e-39
4.017786622082924e-39
4.918193847045783e-39
4.523254777106254e-39
4.2660972589010405e-39
4.7296845202053024e-39
4.4027373967124105e-39
4.262026588860813e-39
4.856791281374985e-39
4.753752186240047e-39
4.277361529614938e-39
4.7252899576313684e-39
4.635587005897806e-39
3.971592283009792e-39
3.709633979294879e-39
2.996117555790628e-39
2.7457023900809332e-39
2.6492151844104777e-39
2.852963117847388e-39
3.179294904861733e-39
3.3438465815299185e-39
2.8360464034753018e-39
2.5827760737212847e-39
2.28509777888014e-39
1.8721252252434553e-39
1.7807267702165792e-39
1.9843894763979285e-39
1.9577958451840094e-39
2.083844305590777e-39
2.0887016120754166e-39
1.9686516765369177e-39
2.116065269259096e-39
2.082034332288901e-39
1.8553269585780508e-39
1.7927618166030464e-39
1.830844437516234e-39
1.9476396045076448e-39
2.1252618117722734e-39
2.1630085386458205e-39
1.9857601183101893e-39
2.4625920734091572e-39
2.373855444822878e-39
2.26435494184299e-39
2.5826914829018192e-39
2.607074737695525e-39
2.3899022581091373e-39
2.0822118075360095e-39
2.08747823933539e-39
1.9422102603395627e-39
1.7636524179441997e-39
1.9704934174796004e-39
2.0115507885048896e-39
2.0067506197800086e-39
1.877141864946613e-39
1.7825215671773204e-39
1.5667894837240103e-39
1.3864375479620992e-39
1.3594353816827681e-39
1.3206803751692992e-39
1.3298243187516363e-39
1.1529982541086905e-39
9.40516814481392e-40
8.861323258352056e-40
8.379717027067519e-40
7.4980480927278e-40
7.86601747499744e-40
7.030817471445179e-40
7.10843577287293e-40
7.211156054788294e-40
7.95220923761552e-40
8.12675197413689e-40
8.885460379626235e-40
9.860529369142559e-40
1.2245355515214097e-39
1.4325805787863948e-39
1.34360445831153e-39
1.3025597964187062e-39
1.2002226915067026e-39
1.1426145741962936e-39
1.111381440788914e-39
1.0658068630561155e-39
1.0291573308684154e-39
9.863477961857163e-40
1.0323063290972391e-39
1.1058973397899563e-39
1.381370204985705e-39
1.4331926148912621e-39
1.2989514289550527e-39
1.6171740479705465e-39
1.659711366038897e-39
1.8031903638237342e-39
1.8427450405501638e-39
1.7792115553701638e-39
2.0116152137074172e-39
2.2577591872946335e-39
2.5312719005188523e-39
2.6283162298712545e-39
2.523430219546011e-39
2.7179320601300252e-39
2.8797605382983568e-39
2.8363683322125895e-39
2.8778396541645323e-39
2.884679498723493e-39
2.9365998854984592e-39
2.966861900003556e-39
2.8873522088746466e-39
2.8505683338487994e-39
2.6105330285876894e-39
2.6272911553866877e-39
3.0794560536640565e-39
3.198672644244411e-39
2.66967626014625e-39
2.6594404301219785e-39
2.4086592538092103e-39
2.1762310377192545e-39
2.0296145762297363e-39
2.0655489610307986e-39
2.1817114420280247e-39
1.981345578461831e-39
1.959081222687528e-39
2.0239232203947213e-39
1.7616038920804036e-39
1.7827985166305885e-39
1.8045599128091095e-39
1.6950711194525765e-39
1.8828455483165843e-39
1.6857303108302983e-39
1.5846572220983475e-39
1.774328670288544e-39
1.730710007299824e-39
1.6846446853337132e-39
1.764720812964613e-39
1.573902636073412e-39
1.5597165920084226e-39
1.3895758423432046e-39
1.6990548468897337e-39
1.945603459058511e-39
2.0162163227164937e-39
1.9637471462708992e-39
2.0485517637385325e-39
2.1993255379206774e-39
2.2027023084845174e-39
2.289256818794459e-39
2.485647309054428e-39
2.4271682054279186e-39
2.210973927657777e-39
1.9973050361656454e-39
2.1570972923998774e-39
2.93310168978658e-39
3.129989647813279e-39
3.005988331241212e-39
3.2484515132942475e-39
3.336793666072073e-39
3.3482222287676196e-39
3.531174377979424e-39
3.259344590268075e-39
2.987605048805343e-39
3.5929243810018506e-39
3.5237539135467446e-39
3.5731707220304995e-39
3.163842351875407e-39
3.246597565792823e-39
3.241216898819174e-39
3.12625845346774e-39
2.8946571529344625e-39
2.7196081852682355e-39
3.2307910398121054e-39
3.616818478233428e-39
3.9045907948512714e-39
4.0188898890140627e-39
3.963271876994717e-39
3.639364109940262e-39
3.436357274537944e-39
3.485528425735743e-39
3.3125578575053974e-39
3.983086675188213e-39
4.385902596631927e-39
6.073379418845716e-39
6.829850032714799e-39
9.056355652427915e-39
8.27591902507511e-39
7.49854575544338e-39
6.23410724000183e-39
5.905171957089603e-39
5.438786128922628e-39
5.757863494461539e-39
5.219376306513107e-39
4.698726245784314e-39
5.338486781270491e-39
5.75214470390173e-39
6.207865787937827e-39
6.195239237300561e-39
6.333521464103806e-39
6.485929776390982e-39
6.331947729273983e-39
6.324509123722076e-39
7.195208598061906e-39
8.134876922758627e-39
7.332108027720738e-39
8.317754200638163e-39
8.732108445956396e-39
7.926069896998345e-39
8.58757189460101e-39
8.070056828128878e-39
6.971248832623349e-39
7.026304952002898e-39
6.208688245587351e-39
5.6099183353304553e-39
4.935799855067729e-39
4.833156184792363e-39
5.035140438946105e-39
6.704930920415902e-39
Acceptance rate: 0.25075
4.6107253976499646e-39
3.9139201940394796e-39
3.8019375168888613e-39
3.669206904845702e-39
3.762063061406219e-39
4.2417814723989257e-39
4.290980846529364e-39
3.935771850378009e-39
4.104562762713133e-39
4.0588084115201236e-39
4.114539176037728e-39
4.103075073221545e-39
3.8414390802276356e-39
3.4242931760971224e-39
3.71301514947604e-39
4.3092455880635445e-39
4.41167476838512e-39
4.793481194163558e-39
5.173419354165976e-39
5.094810956813572e-39
5.222474097740937e-39
5.6045137345058733e-39
6.140245142286171e-39
5.696863690438637e-39
6.245747396492583e-39
6.494764572748021e-39
6.152568789823261e-39
5.585731298515554e-39
5.402160619024633e-39
4.978460354424002e-39
4.67735708675687e-39
5.099618912685562e-39
5.78073866348043e-39
6.500471741571859e-39
6.688575389775381e-39
6.616085543851926e-39
5.973286618843088e-39
5.074535483328423e-39
4.174931710830421e-39
4.7808526831113616e-39
5.957780077020718e-39
5.771063530741781e-39
7.199258160417451e-39
8.254249550461368e-39
7.236931690012376e-39
6.64409663604642e-39
8.576484198835544e-39
8.16453247916182e-39
8.874455824743175e-39
8.697310854710931e-39
9.309076066533718e-39
1.1003956351502804e-38
1.183612325402917e-38
1.186681007404597e-38
1.0724532177579258e-38
1.0645200043484475e-38
9.427884668792114e-39
9.115335875670016e-39
1.1813368666700417e-38
1.330624731882448e-38
1.2683453361153074e-38
1.0828577002346124e-38
9.434289142856311e-39
9.386490379309197e-39
9.640753552842025e-39
9.996953696824352e-39
9.552165922059772e-39
1.0186480410959031e-38
9.971841585891203e-39
1.0410644955587019e-38
9.11322387006426e-39
9.215122406254857e-39
9.617273158846779e-39
1.0673239638744004e-38
1.3744743520574143e-38
1.393711106972122e-38
1.7369567916415898e-38
1.7290996340104167e-38
1.5815529261605299e-38
1.372520564738967e-38
1.3934451384980452e-38
1.2649573548128065e-38
1.167622831194234e-38
1.075263668293161e-38
1.0401693133892635e-38
1.0402294371561487e-38
1.1475278906335862e-38
1.1628257041776603e-38
1.1982377531868106e-38
1.3172000814613046e-38
1.4096838469734008e-38
1.3703848982347359e-38
1.3358561593326275e-38
1.5177480320321298e-38
1.446486576349245e-38
1.3665075354464175e-38
1.3612243993588135e-38
1.4658998580609975e-38
1.2440068471631112e-38
1.0168582337443394e-38
9.718438290173294e-39
1.1504643534293685e-38
1.2664543780192139e-38
1.182231344618946e-38
1.1687409316249488e-38
1.215293323735237e-38
1.1722190758040919e-38
1.1448519351418456e-38
1.3702437564276365e-38
1.387110541569176e-38
1.3818546334738866e-38
1.417353641017018e-38
1.4248487064856845e-38
1.4942991828489517e-38
1.2907113517923699e-38
1.2148781890608987e-38
1.219721533507125e-38
1.0673687093668631e-38
1.1122249268974306e-38
1.14913307918596e-38
1.1122682238216468e-38
1.0113702453788506e-38
9.57286915830515e-39
1.0291393046769399e-38
1.1155970920058129e-38
9.610927244081176e-39
9.476628506450391e-39
1.0683735736206666e-38
1.1160197683566264e-38
1.0205828929307433e-38
1.0942503520361337e-38
1.0590610224779842e-38
1.1007472943946519e-38
1.03757103811719e-38
8.951855915391778e-39
1.1916234890844556e-38
1.2309562575596026e-38
1.3825854106434013e-38
1.3526776082962802e-38
1.2295304511620243e-38
1.2751462679283628e-38
1.408154993427999e-38
1.5839508664262017e-38
1.5190631480437868e-38
1.5825877172819612e-38
1.4627278827340372e-38
1.862951548570468e-38
1.7779701057483194e-38
2.290562129106834e-38
2.8741419763083205e-38
2.975055236676465e-38
2.671656345351459e-38
2.6104051139508126e-38
2.632017471064082e-38
2.501727398179471e-38
2.1528107940701968e-38
2.776937375539657e-38
3.133373473209627e-38
3.27895591063592e-38
2.8858937753688794e-38
2.57079774498526e-38
2.7733448390824156e-38
2.701981812320761e-38
2.721064642972887e-38
2.951433496500141e-38
3.534965721152729e-38
4.0613385383053846e-38
3.852467755263714e-38
3.314156360349149e-38
2.616242604303535e-38
2.459282255391445e-38
2.3352057407425484e-38
2.2719847666566023e-38
2.1361923955762481e-38
1.9523168733677083e-38
1.6656309533891808e-38
1.6089000679985338e-38
1.5441068509124694e-38
2.487028481648076e-38
2.3358688302528011e-38
2.4953444425399817e-38
3.003062411221184e-38
3.178010305689803e-38
3.2761679496237904e-38
3.1492297983329404e-38
2.864433834870442e-38
2.8041576900737044e-38
2.606044966312694e-38
2.288393762882223e-38
2.199686737078866e-38
1.7408933631844565e-38
1.8756711561890841e-38
1.9711486893903385e-38
1.8476493756088234e-38
1.5901730536816354e-38
1.4175160515047483e-38
1.4213095455432169e-38
1.297262212318511e-38
1.2149559922356104e-38
1.198439068509435e-38
1.2052859853443605e-38
1.3669340404773886e-38
1.4132360885407697e-38
1.8072762246681439e-38
1.656519185710135e-38
1.5183171857719727e-38
1.5251169162454885e-38
1.4234593763807482e-38
1.5377993324688688e-38
1.6719615134140128e-38
1.532676684314151e-38
1.3025071174919097e-38
1.2624793726997253e-38
1.09095462165881e-38
8.859479786112903e-39
7.788348950944139e-39
6.891647625975857e-39
7.477398841842429e-39
7.040842775886988e-39
7.516037867237364e-39
8.690440366159232e-39
9.37772829503353e-39
8.623156817692104e-39
7.768371562520849e-39
7.922807452453588e-39
7.859510342131637e-39
7.299642069071656e-39
7.13583562098126e-39
7.470603900198809e-39
7.80617413876489e-39
6.797824674517409e-39
6.103413445799135e-39
5.6284426106492383e-39
5.5653600306532225e-39
5.744093859007245e-39
6.090040363162747e-39
6.965319483251827e-39
5.990919581755522e-39
7.345363257925377e-39
7.909120962899122e-39
8.958306741917726e-39
1.069630579597558e-38
1.1613466910807113e-38
1.1280001088345051e-38
1.0590615969731168e-38
1.0552080098431117e-38
1.0361666721584045e-38
1.1052210730245488e-38
1.1941057731769685e-38
1.193238019370866e-38
1.3486275727229027e-38
1.637593641675916e-38
1.7754003338066802e-38
1.627980270940738e-38
1.599376419699236e-38
1.521069797151115e-38
1.7571721934573717e-38
1.9272359725714633e-38
1.7489772071208383e-38
1.521804341095675e-38
1.57169375604285e-38
1.3538304287486982e-38
1.401034893430907e-38
1.2807580766825382e-38
1.1942437009720903e-38
1.3082344523303951e-38
1.2844592711826856e-38
1.2826110420389604e-38
1.3344330582264917e-38
1.2876253255916793e-38
1.0614594422512728e-38
1.013562256333051e-38
9.631730384825173e-39
8.545646460628453e-39
7.953777694336715e-39
8.507889024774176e-39
8.140507446080365e-39
7.905936522300211e-39
8.210087579265021e-39
8.082983975659432e-39
8.256952187945438e-39
8.154517715676795e-39
7.837761225840344e-39
8.00338666736066e-39
9.898622635757844e-39
1.0336730032797246e-38
9.789856486671759e-39
9.003632717678656e-39
8.636348068256701e-39
1.0891927541198159e-38
1.2914466755212719e-38
1.1557019432891742e-38
1.0765076944368394e-38
1.1524565677923213e-38
1.1524032477696959e-38
1.1839898600573425e-38
1.412032619373068e-38
1.4488782781454579e-38
1.530481195343437e-38
1.602333390512368e-38
1.6216810650037405e-38
1.4689465555563605e-38
1.4627862170477618e-38
1.4669688431591862e-38
1.5011976014516559e-38
1.3530652503734826e-38
1.3790239312616872e-38
1.1908212464186042e-38
1.077562823587249e-38
8.999178812475749e-39
7.103055548707054e-39
5.568773019979166e-39
5.8138956776188024e-39
5.741826462836371e-39
5.417223507296227e-39
4.922497038658673e-39
4.453916113115254e-39
3.8299341316159815e-39
3.9253581888330455e-39
4.228673681151506e-39
3.9941060906685595e-39
3.93897398120219e-39
3.552435406258364e-39
3.550572605850389e-39
3.875524339725121e-39
3.370146450138352e-39
3.379109468920202e-39
3.0998639468389144e-39
3.083120021166632e-39
4.0905810446150365e-39
3.882871717418726e-39
3.9587555471348136e-39
3.767660212282618e-39
3.47664817530413e-39
3.687565971330042e-39
3.824695894060877e-39
4.0841348096003015e-39
4.321342062111887e-39
4.305943203516998e-39
3.9196702946435454e-39
4.38316369144542e-39
5.011213453373966e-39
6.068423646497079e-39
5.957874027566906e-39
6.091739279991865e-39
7.176179890317104e-39
7.718668651510699e-39
7.08745316895767e-39
6.038522932626607e-39
5.609753171701609e-39
6.086490179449329e-39
5.735196199962847e-39
5.1332980965834095e-39
4.91707343093738e-39
4.9531949597472516e-39
4.666971522880371e-39
4.441602895920503e-39
4.0998632446234565e-39
4.0919188956152134e-39
3.801724284362259e-39
3.7568559155648266e-39
4.2071347276539695e-39
4.267085443570886e-39
4.577946145608957e-39
4.851952976904641e-39
5.849804007582651e-39
6.586761190444875e-39
7.10801195138046e-39
7.738149439006138e-39
8.158886672659686e-39
8.968649037780186e-39
8.035608317028584e-39
7.01803881952294e-39
6.134962786019585e-39
6.036946672220249e-39
5.3256586168038085e-39
4.9235319299747976e-39
4.955327199521951e-39
5.260319089228794e-39
5.211723284923868e-39
5.5620288433878856e-39
5.931441830482706e-39
6.630816249553294e-39
7.181037212545441e-39
6.981401616838306e-39
7.23876044278588e-39
6.919400262429484e-39
6.343829367653595e-39
5.967274424358685e-39
6.019955241251385e-39
5.5474188600494784e-39
4.877885192218426e-39
5.1709431414791256e-39
5.045677518006073e-39
5.076803000774751e-39
5.142345461510897e-39
5.195278967477986e-39
5.3720126165305643e-39
5.386528044356862e-39
5.874997236554886e-39
Acceptance rate: 0.26012499999999744
4.153846794560243e-39
5.53133285092167e-39
6.286321973531539e-39
6.339064728267912e-39
6.328308049491883e-39
6.685365115535616e-39
7.926170394271323e-39
9.455157895196011e-39
1.1409745086996974e-38
1.078862425888257e-38
9.708734953003274e-39
9.423649149211006e-39
9.787699686132175e-39
8.914676819427137e-39
8.399489925764674e-39
7.977285577570766e-39
6.890177234468103e-39
6.95626527826241e-39
6.22002010800324e-39
7.098035973420113e-39
7.046111051058509e-39
6.540553298140533e-39
6.571815610191808e-39
6.531621306293082e-39
6.808049582065961e-39
7.942721483332693e-39
7.208903741940586e-39
6.686438721908744e-39
7.990048688669037e-39
7.148711986372936e-39
6.964979331406532e-39
9.239479835542465e-39
1.2293627121477196e-38
1.2236765341060621e-38
1.1197494737616511e-38
1.056186087707603e-38
1.1002425031928152e-38
1.1445267780714238e-38
1.4811629836735266e-38
1.5247833514551375e-38
1.536771296237145e-38
1.407125666188042e-38
1.1724445633998963e-38
1.082862277725127e-38
1.1877163244972527e-38
1.2068189248223165e-38
1.6030032695664525e-38
1.7896905283364292e-38
1.7999232525961842e-38
1.7831924176637306e-38
1.7631764755299879e-38
1.9796016905983414e-38
1.8586692089072042e-38
1.6285884646098597e-38
1.7767209395548982e-38
1.8789069746780576e-38
1.801336219242421e-38
2.1646023023657294e-38
2.1723992343400204e-38
1.9767670115859487e-38
1.8605422194429024e-38
1.8273406637670218e-38
1.8122828179703417e-38
1.8949030425417242e-38
1.6092253017916866e-38
1.3230335044221315e-38
1.2599257895148593e-38
1.3249635024619102e-38
1.2408897024199114e-38
1.2302005445359413e-38
1.0945461893684065e-38
1.1198438505942783e-38
1.0128914894183897e-38
1.0747831853956352e-38
1.0734340120487636e-38
1.237868795681249e-38
1.2324272202957797e-38
1.1069309588161823e-38
1.429200250905608e-38
1.4510232837463184e-38
1.6463896749221724e-38
1.4709247312367058e-38
1.7806682248857453e-38
1.9637415549147992e-38
2.389389059257558e-38
2.577557054895499e-38
2.4838465932762235e-38
2.9953288214840344e-38
3.225416727970897e-38
3.466789590722077e-38
3.030435752926317e-38
3.115404694364907e-38
3.3456185500114323e-38
3.2736528215790794e-38
3.045365594216874e-38
3.234963049762082e-38
3.8031898430724273e-38
4.1901535527102874e-38
3.6794026440486893e-38
3.495191292460022e-38
3.249343728664788e-38
3.022838338742529e-38
3.1875423040434377e-38
3.346736588390676e-38
3.159618779072454e-38
3.527845005062806e-38
3.7049448614916457e-38
3.8460022363121636e-38
3.6385418915948584e-38
3.378842971687424e-38
3.765941857702207e-38
3.5399372780668116e-38
3.3765053153475415e-38
3.351492432321594e-38
3.2797028048641944e-38
3.8133354241674555e-38
4.1596198887888665e-38
4.376510391820743e-38
4.2645816914447324e-38
3.592417212271429e-38
3.852901685809502e-38
3.5187073098909446e-38
3.2402062985206176e-38
3.053639912633905e-38
2.437788213057771e-38
2.286010489570771e-38
2.9580789402396415e-38
2.868890986122252e-38
2.995672997984573e-38
3.199873576689833e-38
3.474792793150422e-38
3.2288228623614097e-38
3.1024626988568463e-38
3.0214315286495e-38
2.9574597066525334e-38
2.8668600233535564e-38
2.762868957792452e-38
2.5762968211250236e-38
2.1692552062133268e-38
1.9606522471930025e-38
1.8325129455728373e-38
1.5430680006003991e-38
1.4041102864523125e-38
1.3785078019204777e-38
1.272555348897086e-38
1.1908417003031762e-38
1.0726799021449699e-38
1.0771197716484253e-38
1.2020793743003436e-38
1.254021908386535e-38
1.3180488855520713e-38
1.2673273161191066e-38
1.1383822828933536e-38
1.1319835536795166e-38
1.361886141291343e-38
1.4919502788096417e-38
1.4492998926605663e-38
1.246167539157186e-38
1.2844019937064808e-38
1.4290502298544609e-38
1.451912040732091e-38
1.677848913321368e-38
1.6502282155902148e-38
1.7086075519786125e-38
1.7664723648015206e-38
1.7490693662084406e-38
1.639053312122323e-38
1.6514746221572253e-38
1.6471121876615037e-38
1.7213780232903532e-38
1.905152912689769e-38
1.7950515201423968e-38
1.8716446440395924e-38
2.3295125040025128e-38
2.4725265391736657e-38
2.4113466261652506e-38
2.2501988404588043e-38
1.778820062812099e-38
1.7769445650810943e-38
2.0988415016184787e-38
1.9095798837595352e-38
2.2911864186621035e-38
2.148300031914757e-38
2.2678898268771812e-38
2.718089256858723e-38
3.0644718977778615e-38
3.057232698323978e-38
3.1653817637625234e-38
2.978786219836689e-38
3.353408333936594e-38
3.6737555643733447e-38
3.657909838210962e-38
3.6053622965785817e-38
3.9380161134403206e-38
3.818675900590961e-38
4.0788397387067573e-38
3.738999563115912e-38
3.890009184152472e-38
3.8387263168275056e-38
3.869343492306422e-38
3.854033029491618e-38
3.8453569839135956e-38
3.514725095016941e-38
3.462785416114944e-38
3.8544272932834213e-38
3.859772564701039e-38
3.9223196093008187e-38
4.184256726019912e-38
3.658752127442606e-38
3.8868332282259244e-38
3.96012879203259e-38
4.1123949820465423e-38
4.636406906134823e-38
5.834653918587206e-38
4.798820627633485e-38
4.822156175333395e-38
5.065466461136601e-38
4.895322640222195e-38
4.003083942514816e-38
3.9676390893275515e-38
4.18414983857005e-38
4.884715688725456e-38
5.255035520096758e-38
5.23048644807297e-38
4.497933765434067e-38
4.628757234790776e-38
4.0101969623551447e-38
4.122395683345327e-38
4.014592511694462e-38
3.826189086690405e-38
3.771231601496644e-38
3.279008791299501e-38
3.670244093507796e-38
3.6446769155114496e-38
3.3051492887461475e-38
2.9744260240831605e-38
3.062738869054125e-38
3.34693161391468e-38
3.529925858537914e-38
3.9281067027970137e-38
3.7267690727054677e-38
3.1689473504151665e-38
2.8338395631587325e-38
2.9492245032452107e-38
2.868631709025885e-38
2.986803043294997e-38
2.8334279319794316e-38
2.8937753156335404e-38
2.9078829997686746e-38
2.810997844402538e-38
2.665459840904263e-38
3.237008232313612e-38
3.855049789597975e-38
3.8143680971577225e-38
3.698964597142702e-38
3.398903923300676e-38
2.8734094063798113e-38
2.4359494009299265e-38
2.5907619460925184e-38
2.378896975352413e-38
2.539027016268455e-38
2.5652091407202793e-38
2.047333891742205e-38
2.1103287356230687e-38
2.0318190014790107e-38
2.4283450592732995e-38
2.8751785901591166e-38
2.7710063946586533e-38
3.04892784983026e-38
3.1033184073131483e-38
3.275627029898236e-38
3.194037909602093e-38
3.268038233823347e-38
3.471593527088121e-38
3.1728988839487054e-38
2.646118860680797e-38
2.5167926080769486e-38
2.761417297888321e-38
2.7877668179434507e-38
2.711666976613468e-38
2.7956640642655245e-38
2.3801783478402176e-38
2.1489476169713075e-38
2.349939510732283e-38
2.3749135626446694e-38
2.2796333106377754e-38
2.407341224974561e-38
2.3439695849368656e-38
2.395581214348865e-38
2.7430230526100745e-38
2.869174256698399e-38
2.622749330875241e-38
2.3541332152767603e-38
2.226513762080306e-38
1.8295658422718266e-38
1.6976829344990086e-38
1.5943858561893487e-38
1.7095802471997536e-38
1.4937273198068587e-38
1.4311297093692827e-38
1.5646510069867548e-38
1.3393156681334654e-38
1.3486394463557518e-38
1.2257147080823343e-38
1.2291252196077447e-38
1.302793054194519e-38
1.290875486229488e-38
1.4697811774269122e-38
1.4993953201338217e-38
1.5283134745333956e-38
1.842735471495739e-38
1.8395233032823185e-38
1.608952775685747e-38
1.6816786544161197e-38
2.01002804823718e-38
2.048275204995115e-38
2.1445831667471385e-38
2.038391184915963e-38
1.8667789637302877e-38
1.794633643980171e-38
1.7338288079363007e-38
1.9861833170965694e-38
1.9712880965866226e-38
2.0561734810794607e-38
2.2014890921579613e-38
2.2727401077910465e-38
2.2802017871568706e-38
2.4352925812558197e-38
3.0145142169960284e-38
3.452304227989615e-38
3.296900227320406e-38
2.9366066553402596e-38
2.8567655951510317e-38
3.1663969086886307e-38
3.30589254328533e-38
3.4756728667177474e-38
3.5538510524137476e-38
4.3840110082022963e-38
4.4060794612365434e-38
4.730830938720564e-38
4.6977356565115666e-38
4.6093468074713653e-38
4.711999409972965e-38
4.705666259769186e-38
6.041177298997687e-38
6.073036613332261e-38
6.21299150817498e-38
8.330366428969794e-38
1.048741207286792e-37
1.3094900383401431e-37
1.4361639420093983e-37
1.635176879188616e-37
1.4872945253202395e-37
1.288093326444352e-37
1.1735767349510062e-37
9.506770457428205e-38
8.982000441609295e-38
8.479749247785886e-38
7.874280417947598e-38
7.706165783733652e-38
7.059863969592109e-38
6.777660466166377e-38
6.983937635351012e-38
6.699491638807275e-38
6.729961044501087e-38
6.147344016389592e-38
5.79653242266639e-38
5.77523272643518e-38
6.387818228086488e-38
7.053442358465767e-38
6.51462094773143e-38
7.29159822344823e-38
7.159910843410734e-38
7.109221130724318e-38
6.081137205419428e-38
6.119030565903403e-38
6.043787479226846e-38
5.753421384097798e-38
4.938417477007829e-38
4.164060066030119e-38
3.6452932569746595e-38
3.685979137913462e-38
3.860374166915885e-38
3.756667679508147e-38
3.23924193400023e-38
2.9564879969494627e-38
2.973503443265494e-38
2.9329480173192847e-38
3.0801348352027136e-38
2.971908271017056e-38
2.9843264473124944e-38
2.7086905056207993e-38
3.0832339180648237e-38
3.2690902998250855e-38
3.1263460067997764e-38
4.2036161641521867e-38
4.717434874905229e-38
4.51248576838762e-38
4.070473687679327e-38
3.65315231242985e-38
Acceptance rate: 0.26360714285714076
2.6434898257100413e-38
2.995504581610659e-38
2.8835479718100326e-38
3.034856719203124e-38
2.998795120594624e-38
2.673477876589004e-38
2.649834383434567e-38
2.4949387834167673e-38
2.2686853234125026e-38
2.3123195643547897e-38
2.288426342266781e-38
2.218723783809371e-38
2.7603081046620155e-38
2.4670373829100855e-38
2.258224306840571e-38
2.2981413650405483e-38
2.3284345233051915e-38
2.660312664729062e-38
2.6783269333780697e-38
2.242947391583782e-38
2.2779390094302364e-38
2.7360813293162973e-38
2.7078339698186324e-38
3.1263154497930913e-38
3.443250412495564e-38
3.532119721554798e-38
3.493068652011241e-38
3.2129300418703295e-38
3.648037515829909e-38
3.298477221016916e-38
2.7339023039477445e-38
2.7448844176359477e-38
2.481138136544818e-38
2.416756628234079e-38
2.402965564885184e-38
2.445652765450572e-38
1.9363426075904326e-38
2.4877152070303223e-38
2.8051246237379313e-38
2.57351955730778e-38
2.5601336411795474e-38
2.4475465300466725e-38
2.09270385704488e-38
2.2431090595316784e-38
2.050907694283864e-38
1.9532437165308483e-38
1.7980474257776925e-38
2.1818364485048034e-38
2.4692619329012907e-38
2.814267881183419e-38
2.757039847542904e-38
2.7259393180486465e-38
2.436093170956538e-38
2.367345829104211e-38
2.719956291100267e-38
3.172409610554276e-38
3.1707961268750674e-38
3.6660277890220226e-38
3.4442762683882173e-38
3.1598333476295624e-38
2.8305772619820053e-38
2.8504269282491494e-38
2.6005291658856583e-38
2.431839254386011e-38
2.3375703536244162e-38
2.380420467248589e-38
2.1610042210706386e-38
2.1457020994335175e-38
2.0338259965317166e-38
1.9054673354670207e-38
2.0852848890296254e-38
1.7871280075340089e-38
2.0156910968552125e-38
2.0588472195255894e-38
2.0114569946391133e-38
2.007741306826079e-38
2.1069764065028317e-38
2.272029837863611e-38
2.1002354211261508e-38
2.6659093130728446e-38
2.7600193212155465e-38
2.7913611027874184e-38
2.92316314500951e-38
2.5694287666242977e-38
2.3516499156648934e-38
2.1324571056130611e-38
2.0561734632000455e-38
2.015459115304732e-38
1.7723457196802423e-38
1.7581857263096401e-38
1.6652533523204238e-38
1.561774872448305e-38
1.8520566242062718e-38
1.8185376385846164e-38
1.8958191190733218e-38
1.7668384284800883e-38
1.946927931556475e-38
2.038309854840411e-38
1.8888769496982432e-38
1.9192001712538984e-38
1.7911592473035825e-38
1.8656640642660594e-38
2.095369465559654e-38
2.121338110720131e-38
2.7955059629647283e-38
2.519228884325616e-38
2.2199420506105035e-38
1.9069628412096668e-38
2.0575283718526556e-38
2.2385675155575511e-38
2.434240719598376e-38
2.0809946933257846e-38
1.8478340736797894e-38
1.6780849025261958e-38
1.6011988556400443e-38
1.674194996765439e-38
1.8061038057711273e-38
1.9543985189767266e-38
1.7320672696711847e-38
1.771698487773828e-38
1.8823117503457943e-38
2.0088705974474792e-38
1.8203996571625114e-38
1.8882789150387105e-38
1.7848858287384325e-38
1.8940666283888445e-38
1.9526227205929368e-38
1.95233643140611e-38
1.718884285305402e-38
1.8373313325942905e-38
1.9943985987849422e-38
2.485138402666167e-38
2.7168777554338087e-38
2.591183314651444e-38
2.64283827571722e-38
2.2637916237657932e-38
2.3781108312771596e-38
2.1490782068211964e-38
2.0384725984000173e-38
1.9676456905308824e-38
1.944980173272503e-38
1.922856095390689e-38
2.0193394406468574e-38
2.1234444492568744e-38
2.1026165671384686e-38
2.2299092056325442e-38
2.1232300015885676e-38
2.142728592457631e-38
2.3024632801935332e-38
2.3218263855286376e-38
2.306986755340865e-38
2.1763247076389833e-38
2.1963648830983138e-38
2.419126138719659e-38
2.445344044146146e-38
2.508907003334516e-38
2.5116639498638827e-38
2.5406397528683843e-38
2.4328873140366414e-38
2.4691680593331865e-38
2.1991202941863751e-38
2.2499582592532054e-38
2.0915129400599703e-38
2.2889776531749143e-38
2.3486075626173547e-38
2.0869441287832989e-38
1.9874587959701802e-38
1.9695045741199515e-38
2.0526598336045362e-38
2.2022685952506387e-38
2.546565974036677e-38
2.774672870474841e-38
2.7651586694353524e-38
3.126128175565758e-38
3.4697730097914124e-38
3.1662560894374334e-38
3.73419359189058e-38
3.1951421490954533e-38
2.970626675974737e-38
2.9917282873502673e-38
3.2595232324134946e-38
3.2750207071751056e-38
3.433065982887162e-38
3.743457108032377e-38
3.7839633434907883e-38
3.4247308034208683e-38
3.4156647305184747e-38
3.4818479249808606e-38
3.747552739665973e-38
3.7923544750363847e-38
3.4774235359967615e-38
4.530180321311432e-38
5.100916517766099e-38
5.889118911239623e-38
5.758651811193688e-38
6.5242470211201e-38
7.355608563492626e-38
8.09675865569659e-38
9.579867479942244e-38
9.73534901020833e-38
1.0532543413957564e-37
1.0068290093886325e-37
8.206235919985632e-38
7.967684662053341e-38
7.308720746392392e-38
7.866721721999091e-38
8.715924199673447e-38
9.74892300335845e-38
9.330611577863157e-38
7.735636246973693e-38
7.578066229419777e-38
8.20169738247965e-38
8.150349165460496e-38
9.257807124974476e-38
8.872052966326122e-38
8.396607241458991e-38
8.303223399389145e-38
7.678619912408063e-38
7.331356666041132e-38
6.774119968995102e-38
6.629133977682539e-38
5.946463014905307e-38
5.078157026627196e-38
6.559634557924019e-38
6.250599148029322e-38
5.80328819246856e-38
6.372611883496242e-38
6.230941911629141e-38
6.278939726335542e-38
6.697135737213393e-38
6.209748341221913e-38
6.506678300652761e-38
6.476612242397001e-38
6.311388155954364e-38
6.081190364231777e-38
6.521160454902559e-38
5.750348506891555e-38
6.789119111799799e-38
8.534225115872227e-38
8.414286779969049e-38
8.691043570605639e-38
9.171377427066346e-38
9.642636237227474e-38
7.912594841475352e-38
6.589035240369447e-38
7.350611030205914e-38
7.132051504152977e-38
7.311400583693535e-38
6.896691973837368e-38
7.061097917100237e-38
7.98711056388343e-38
7.307635003862592e-38
6.965821853553032e-38
6.719389759439366e-38
7.422981007698758e-38
6.404051550103267e-38
6.652039946238195e-38
6.561488325240516e-38
6.569647013134247e-38
7.527454827565366e-38
6.645621762722565e-38
7.187633875019309e-38
8.370626362472308e-38
7.824979783346631e-38
7.732944769348647e-38
7.708937541667099e-38
6.95071391562815e-38
6.723531112963599e-38
7.694974827155796e-38
7.275926289291185e-38
6.502644300363111e-38
6.706884702696005e-38
6.11759000842811e-38
6.05505316593665e-38
7.274799178954769e-38
7.362176752356147e-38
6.224014627814888e-38
5.746520170824957e-38
5.125012233331946e-38
5.641951110946001e-38
5.053170805145917e-38
4.720135058310335e-38
5.198283506806066e-38
5.159026875214973e-38
5.415708218861015e-38
5.562146363752674e-38
5.856835382976575e-38
5.281909649018069e-38
5.057621498207445e-38
4.2178500599508304e-38
4.912716538109258e-38
5.107854371818128e-38
5.115715506549138e-38
5.72089532752661e-38
5.830649895217216e-38
6.885394404800214e-38
7.440844279390756e-38
7.060321844553355e-38
5.888336648208656e-38
4.909077141266916e-38
5.201884483306197e-38
4.479439128911768e-38
3.583714071961463e-38
3.262872223394843e-38
3.328764117668049e-38
3.322030374446703e-38
3.2573364540313256e-38
4.5240991869870317e-38
4.5639067247604753e-38
4.248908984807276e-38
3.890666195002461e-38
3.325318194024638e-38
3.266803145808787e-38
3.0416464446761466e-38
3.107231719428414e-38
3.357847944682631e-38
3.7774687736991015e-38
3.5983714611927423e-38
3.1210358705166504e-38
2.7076352150140606e-38
2.9224292867522866e-38
2.668081176633252e-38
2.423917959905577e-38
2.3317170546554116e-38
2.139020391516736e-38
2.3457630927926902e-38
2.2305366744660226e-38
2.550622710602439e-38
2.884001517775322e-38
3.1233787005508584e-38
3.0264002260266395e-38
3.049241201214036e-38
3.310311784332075e-38
2.987984478476658e-38
3.6345195203369054e-38
3.50043672471614e-38
3.3566512973689194e-38
3.1558375645894467e-38
2.839287948648517e-38
2.645078831881319e-38
2.2671055467613943e-38
1.971707547679982e-38
2.1003707989422155e-38
2.0881268389719862e-38
1.8006134015170107e-38
2.1038039834285766e-38
1.9457747423790188e-38
1.90998377747298e-38
1.753603636231734e-38
1.5536328186557846e-38
1.5155638838765853e-38
1.4776570450417452e-38
1.5360553908264471e-38
1.382134658696565e-38
1.5018849492021774e-38
1.8086046438764705e-38
1.9460422540198328e-38
1.7064935953545508e-38
2.060997965133359e-38
2.202706861868306e-38
2.4569987609300397e-38
2.477987563812231e-38
2.9252692606746387e-38
3.194443865409141e-38
3.093745318148827e-38
2.864274363095275e-38
2.924838506349202e-38
3.0393514287007694e-38
2.7674724234021696e-38
2.762626891126174e-38
2.44796603433765e-38
2.7407831724724957e-38
2.7870236552059265e-38
2.7313417073689984e-38
2.5561050030602866e-38
2.8167898443888954e-38
3.0292054230279707e-38
3.065031897959809e-38
2.8767026312089647e-38
3.0311901025383603e-38
3.082504661573817e-38
3.254819729478828e-38
4.1314334387183964e-38
3.5405845475979296e-38
3.5984946477856965e-38
3.500026044240242e-38
3.335287270264446e-38
3.034853139376991e-38
2.5733159729609137e-38
2.494011888673412e-38
2.4244257880264473e-38
1.9819814355180648e-38
1.8095127318983184e-38
1.8442951242132185e-38
1.643330476341781e-38
1.7392885521362438e-38
1.7242863388873845e-38
1.8535938770372537e-38
1.8567203193282584e-38
1.878793931142332e-38
Acceptance rate: 0.27118749999999786
1.3425089828375028e-38
1.3091999069445166e-38
1.2036756004135116e-38
1.1507209800598704e-38
1.2070723472504923e-38
1.2436724230915054e-38
1.1915825744466414e-38
1.2834503632517233e-38
1.2461009640661103e-38
1.2850934294521112e-38
1.3169141538773556e-38
1.1650469687686426e-38
1.2667647428037694e-38
1.2455271431903247e-38
1.3587577244861468e-38
1.3101604736678713e-38
1.4307102944303623e-38
1.5250460221057257e-38
1.5090493289088446e-38
1.5485792337981863e-38
1.424509344635141e-38
1.650833570289346e-38
1.6288325249184358e-38
1.6116985685497471e-38
1.828681099044948e-38
1.5847568453515854e-38
1.6555440898956172e-38
1.5098646343941823e-38
1.392300631846878e-38
1.4713480415346063e-38
1.5577935972702714e-38
1.5328529194351797e-38
1.5368862825276926e-38
1.726691914828091e-38
1.731851409060515e-38
1.7089890341184162e-38
1.699991457951334e-38
1.7416422235719116e-38
1.667484041378855e-38
1.763235915041259e-38
1.753027890435739e-38
1.861863338984744e-38
1.801954075378039e-38
1.6607410675986672e-38
1.457669443693422e-38
1.2349859296721894e-38
1.260909796971912e-38
1.3301362916943478e-38
1.4893514030187753e-38
1.3728752837783093e-38
1.4630648185850073e-38
1.4305568706664965e-38
1.441435345346575e-38
1.1848998665197298e-38
1.2637463852807136e-38
1.2269637567607693e-38
1.1957097874195305e-38
1.1571063168730545e-38
1.0952602420164254e-38
1.2782481313717441e-38
1.2673534666769275e-38
1.149753660970763e-38
9.817193110471839e-39
1.1387965821091258e-38
1.19471403622045e-38
1.2070241690309019e-38
1.2285629957739068e-38
1.228935798602269e-38
1.1431237123550208e-38
1.263557210337253e-38
1.1886277900099682e-38
1.1181442565389192e-38
1.0701566055342686e-38
1.0409805428503272e-38
1.2316986846584007e-38
1.1826161287605156e-38
1.2854166413444714e-38
1.2020808512489624e-38
1.2886187112558752e-38
1.2300207860552353e-38
1.148611734387273e-38
1.3130470119341544e-38
1.2281939288130437e-38
1.1807466629792279e-38
1.2583038617254363e-38
1.2237473000175116e-38
1.5666619482657718e-38
1.5674395442175345e-38
1.5190138512499755e-38
1.5495636606830366e-38
1.8185204839687373e-38
1.6619847661085912e-38
1.6571745110015283e-38
1.4513312792838306e-38
1.435795033793726e-38
1.4092141935898363e-38
1.243992508073504e-38
1.164264558601397e-38
9.869254508609161e-39
9.728469144156117e-39
1.1301638119876466e-38
1.3000019872077584e-38
1.2944040077490867e-38
1.3143302542414998e-38
1.3255821061503908e-38
1.519956492473149e-38
1.668415978369001e-38
1.7576895908907421e-38
1.6987050690868586e-38
1.5405538382887916e-38
1.4905092423069863e-38
1.7763622785977043e-38
1.8233956381525514e-38
1.68494991725016e-38
1.7513773809561217e-38
1.933769659497176e-38
1.9223284869299355e-38
2.022166398282847e-38
1.911509559231987e-38
1.894210961787885e-38
1.7675198520147483e-38
1.6608268975035713e-38
1.5225882591127038e-38
1.448722208262897e-38
1.3567796691228194e-38
1.3301244474479405e-38
1.3196600965020358e-38
1.347213260376536e-38
1.4428297102797372e-38
1.4717616127225e-38
1.7466236232606824e-38
1.6376198426013492e-38
1.579460882981836e-38
1.7152785135754821e-38
1.6943033534861078e-38
1.8250668768541936e-38
1.79460812155775e-38
2.505898049012894e-38
2.417327772579178e-38
2.6988402537627835e-38
2.522547679225873e-38
2.2616452798457946e-38
2.1837679361723308e-38
2.3688535599795675e-38
2.4640732587965953e-38
2.224262322070852e-38
2.077260360678304e-38
2.0106608719967869e-38
1.9976175571989332e-38
2.0225468601536373e-38
1.914001156822581e-38
1.7623977249909166e-38
1.634236985653367e-38
1.5480166276364647e-38
1.4249218761333794e-38
1.4589430672504226e-38
1.2536915381413892e-38
1.0914997588500398e-38
1.187698837365041e-38
1.1455376694138269e-38
1.0663839349491784e-38
1.0518924682028187e-38
1.0300596200449796e-38
9.981164804752356e-39
9.830403117534087e-39
8.769691532067935e-39
9.608894194283367e-39
9.253954139527305e-39
8.314891508114289e-39
9.059964291898904e-39
8.976396870185958e-39
8.425504760296085e-39
8.291445864334148e-39
9.328985571831546e-39
8.594258509373314e-39
9.151442839384969e-39
1.0699680335371842e-38
9.845801937187082e-39
9.761900966450051e-39
9.286668527480047e-39
8.996670679018152e-39
8.357943345836531e-39
7.523378967770499e-39
6.979990152062113e-39
6.983200137833923e-39
6.644167437746017e-39
6.917725349515854e-39
7.312189815019035e-39
7.05379066451481e-39
6.988677080173548e-39
6.095435638174935e-39
6.27197382592057e-39
5.8132335480147426e-39
5.638272601815467e-39
5.606201119020719e-39
5.584487678365788e-39
6.89498075053961e-39
6.302694998725303e-39
5.624763410472366e-39
5.957757197607409e-39
6.380927101732378e-39
7.128325772673886e-39
7.999767812647412e-39
7.415524859077699e-39
8.987574689668768e-39
9.139419018545268e-39
9.15213520116627e-39
9.841159205725101e-39
1.0157669348604942e-38
1.0159769471103949e-38
1.0211678395854947e-38
1.0415910913073134e-38
1.2180696870957788e-38
1.3105310442973788e-38
1.5216485448435108e-38
1.4092198583327843e-38
1.3970493143723562e-38
1.2529435707892856e-38
1.526504327704952e-38
1.5735629269995254e-38
1.5637714610034854e-38
1.5965907198010316e-38
1.5413751281359585e-38
1.6518791080117938e-38
1.516460167353055e-38
1.406747040502164e-38
1.40540566567644e-38
1.3919136670729834e-38
1.3714689335562725e-38
1.326204832437942e-38
1.231313365560739e-38
1.1625547583148228e-38
1.117527283803939e-38
1.2892199554733905e-38
1.3333413999310396e-38
1.514171713791402e-38
1.3577138194687676e-38
1.360565980402711e-38
1.316737441506376e-38
1.334766117962233e-38
1.2074103171695046e-38
1.3426280419409394e-38
1.273655380351306e-38
1.25229559719224e-38
1.4639752544343956e-38
1.5818139715983386e-38
1.6117793857810352e-38
1.460148139292141e-38
1.3255237924584126e-38
1.5202363664357676e-38
1.58441891868244e-38
1.5822771818489684e-38
1.5474313378869676e-38
1.337059958323854e-38
1.4880033254639666e-38
1.5396775705901463e-38
1.4646945388806063e-38
1.4559644423801848e-38
1.35245932308036e-38
1.3490103797994013e-38
1.4372905239586473e-38
1.6502420134409635e-38
1.5865538379033677e-38
1.5797889695956463e-38
1.4478209377175563e-38
1.3853352677821632e-38
1.3446792527772624e-38
1.3446651016391373e-38
1.5434167545922167e-38
1.6421551023543135e-38
1.9207005001569375e-38
1.8718706041840274e-38
1.9205789915503402e-38
1.8269695132249008e-38
1.9963846079511863e-38
1.8677609841047184e-38
1.6867729458610335e-38
1.5738490167252243e-38
1.6073561540260338e-38
1.58429461712642e-38
1.6244541233085173e-38
1.667828773795407e-38
1.592535051092822e-38
1.6828382063574874e-38
1.6996380695447946e-38
1.6026626066137494e-38
1.6849393636295546e-38
1.842228228257822e-38
1.8005534240043317e-38
1.781039255965429e-38
1.5910679787488044e-38
1.5121645205094357e-38
1.4902259674154708e-38
1.7338528478079362e-38
1.7576686528391898e-38
1.657930521090831e-38
1.7704857401869414e-38
1.7319103837329905e-38
1.8095611867232448e-38
1.7806632528821101e-38
1.606333189637142e-38
1.3948671203800998e-38
1.5973836078046764e-38
1.8975231426105338e-38
1.612900124915597e-38
1.4607011340263119e-38
1.7538195984837552e-38
1.5322861154854755e-38
1.4588074780978594e-38
1.3947610917766236e-38
1.3758814832999722e-38
1.2652362980597994e-38
1.2007387514007883e-38
1.1137026884710879e-38
1.1130214819237026e-38
1.0690105190828324e-38
1.1229842491275073e-38
1.1570387264484261e-38
1.064987187507409e-38
1.0359155521014678e-38
1.0528821693362044e-38
1.2917470770557543e-38
1.4629555959490603e-38
1.6501081675956998e-38
1.930626341298364e-38
2.2069521817688826e-38
2.140187581625978e-38
2.3290001621421386e-38
2.324976985907663e-38
2.2012374045330125e-38
2.3430366580591736e-38
2.485902457684041e-38
2.4262673380066255e-38
2.556453170675386e-38
2.5030208333669224e-38
2.5882990371075397e-38
3.051884377433465e-38
3.236267438605872e-38
3.24785295776533e-38
3.3312554376542114e-38
2.988358155883568e-38
3.6514449206040005e-38
4.5220921386936074e-38
4.832479265622329e-38
4.303567061410037e-38
4.2429506429615994e-38
3.6001221923509566e-38
3.4952415619121374e-38
3.222284356002972e-38
3.008144331290972e-38
2.792833870396633e-38
3.554593322316918e-38
3.531304409540687e-38
4.041896255710999e-38
3.609786737439566e-38
3.701000264973731e-38
3.7362301608214925e-38
4.089436487600048e-38
4.0271562274253336e-38
3.762363491662351e-38
3.67937659039149e-38
3.727585176413555e-38
3.2741632550027833e-38
2.571619137606711e-38
2.5754685642212237e-38
2.225011894909373e-38
1.9478574945851005e-38
2.164751438028241e-38
2.1126806554146992e-38
2.5532528725891044e-38
2.7177674977989865e-38
2.9267103234537464e-38
2.7128893449488696e-38
3.271316859522573e-38
3.458636519345462e-38
4.044228363686793e-38
4.2492743057132833e-38
4.1704712219774083e-38
3.801573694790402e-38
4.4093159074147983e-38
4.87908864169586e-38
4.6748687792005314e-38
4.075936012606288e-38
3.5160356955675576e-38
3.0901155546569613e-38
3.065073661842376e-38
2.8451135908247103e-38
2.5920807115909945e-38
2.454132938281202e-38
2.503093690431531e-38
2.7873026981038027e-38
2.773383452989943e-38
2.635677424573238e-38
2.4739518006286707e-38
2.4447546195820925e-38
2.3520778291653273e-38
3.041479068157868e-38
3.100186950604557e-38
3.6997777256073777e-38
3.546286288205407e-38
Acceptance rate: 0.2783888888888858
2.639216620894979e-38
2.610949838171509e-38
3.018111182127211e-38
3.1283721991217137e-38
3.037687452801093e-38
3.171644338018939e-38
3.2966363177703255e-38
3.620025243293758e-38
3.623949023337636e-38
3.456074966458472e-38
3.7035290833049734e-38
3.615215246848536e-38
4.3209550762570496e-38
4.2256558409587915e-38
3.987692803506297e-38
4.0413962001774027e-38
4.6967540415659714e-38
5.257283695186373e-38
5.120287252119528e-38
4.4653332971190763e-38
5.996146989497067e-38
6.291095419580015e-38
5.58323886124107e-38
5.11433988803867e-38
4.588392819023245e-38
4.1064583250539325e-38
3.9083949633095156e-38
3.7912167422718083e-38
3.7180934509942706e-38
3.228427941256534e-38
2.711073538978468e-38
2.878991638406409e-38
2.991248809960618e-38
2.581898142485768e-38
2.3181159822169265e-38
2.0919282506348448e-38
1.937072481783766e-38
1.8143780313447786e-38
1.856488421500281e-38
1.7217574445306396e-38
1.8748609135122333e-38
1.947749172667626e-38
1.8375150523940734e-38
1.635143488395928e-38
1.9239843340574972e-38
1.909718163475045e-38
2.2064991521119824e-38
2.1126333966550766e-38
1.9977200843627612e-38
1.7471328106394977e-38
1.8389750147658414e-38
1.8834837495139156e-38
1.668176124862727e-38
1.6575783839728247e-38
1.8124813504939867e-38
1.7724011781647197e-38
1.7058261677713026e-38
1.5938479615484357e-38
1.7211054287512048e-38
1.8064048286812722e-38
1.5826762100906412e-38
1.4377203128918548e-38
1.5906881872883305e-38
1.512491625465024e-38
1.5887040048720894e-38
1.5738757615988852e-38
1.5123176096585076e-38
1.3881365394618723e-38
1.3586875289145348e-38
1.4375109340999315e-38
1.3184507538996553e-38
1.432239033360507e-38
1.553457421372841e-38
1.5166076535949412e-38
1.4927436514073062e-38
1.531942470245271e-38
1.59196392323702e-38
1.5382849936407116e-38
1.419165199589754e-38
1.257182057752133e-38
1.1371725224508716e-38
1.0673088464074248e-38
1.208294892257896e-38
1.2250167384563482e-38
1.085484458917223e-38
1.1540757833509464e-38
1.3891321962272354e-38
1.2657348375648453e-38
1.2459862512702167e-38
1.2267538226082623e-38
1.367544989502449e-38
1.4429300737138592e-38
1.5422240851207792e-38
1.5935341246094243e-38
1.5160807672770857e-38
1.5994661931405232e-38
1.6347077748770362e-38
1.527387491665987e-38
1.6687279116623357e-38
1.6414860670269933e-38
1.6547152994064106e-38
1.608356018781639e-38
1.6183205533846105e-38
1.5091635403135266e-38
1.764867203658445e-38
1.562614150158483e-38
1.742838975640801e-38
1.8559508030734362e-38
1.6480053284432852e-38
1.7601863619684825e-38
1.8700213241911277e-38
2.9031905758060464e-38
2.690716664626841e-38
2.5424804492799154e-38
2.3162971322554456e-38
2.0554269418467624e-38
2.550455121357693e-38
2.8482199370795233e-38
2.7013146287331113e-38
2.8813400597309247e-38
2.896686158800921e-38
2.952500690628106e-38
3.240870826265852e-38
3.2662399400894246e-38
2.9893388582074067e-38
2.5107986201747053e-38
2.54033621183669e-38
2.6545988164378295e-38
2.4232269366922224e-38
2.42633902831098e-38
2.657308989386329e-38
2.648441743425777e-38
2.9615333565676646e-38
3.237696454418518e-38
3.069048865685786e-38
2.979107346742963e-38
2.981182913316195e-38
3.2202056631893685e-38
3.353925345045658e-38
3.074791641181301e-38
3.402700718729611e-38
3.3681424030257695e-38
3.411900954690293e-38
3.3670021045745446e-38
3.8054115920170603e-38
4.185865827717836e-38
3.999485964150596e-38
3.790468335435929e-38
3.36126326908107e-38
3.5435913597661256e-38
3.5806101644814094e-38
3.319057695227376e-38
3.2239791034167136e-38
3.660738789260252e-38
3.490475447090548e-38
3.3982601707784225e-38
3.0830715009163286e-38
2.832419265569714e-38
2.445051199346814e-38
2.1443257622462785e-38
2.2255400827060835e-38
2.6825794403770715e-38
2.601226375339113e-38
2.311451346312201e-38
2.3393197424409746e-38
2.0712271123774768e-38
2.2557926072055786e-38
2.570164041351274e-38
2.371134580289792e-38
2.287454191538926e-38
2.595932418864497e-38
2.6125822505967153e-38
2.3436277137381884e-38
2.0821672491681784e-38
2.047088053810257e-38
2.2624423328763932e-38
2.1658637262102998e-38
2.006828320806158e-38
2.505657538770782e-38
2.386100622986718e-38
2.495263954113837e-38
3.2273346607241084e-38
2.8136572220538017e-38
2.1901540611596896e-38
2.272435768695267e-38
2.1283707221528258e-38
1.7996925276080884e-38
1.9437311501444464e-38
2.2019043572582093e-38
2.211455490558863e-38
2.2132783021319622e-38
1.9797019871352535e-38
1.7864895745155934e-38
1.8231768849945243e-38
1.665823813952055e-38
1.5600236499189473e-38
1.6712776765835701e-38
1.7961093378443125e-38
1.7196666383303741e-38
1.6198368531043256e-38
1.448396071474189e-38
1.2439304295679407e-38
1.1714106862637684e-38
1.2168052391983728e-38
1.399214661898975e-38
1.3936448652050715e-38
1.2270095190222338e-38
1.0922648157361337e-38
1.1245457889150145e-38
1.1515368320435637e-38
1.1390625023429209e-38
1.1058748659805186e-38
1.0986278263202845e-38
1.1665577650711532e-38
1.4276355627502e-38
1.539125086758767e-38
1.4219612205538365e-38
1.3486434516224708e-38
1.2607959766084404e-38
1.233007169880365e-38
1.2175589326284732e-38
1.2719412429305742e-38
1.2947988851762158e-38
1.1641961460733365e-38
1.094479493926842e-38
1.0991341676297215e-38
1.1238682894174447e-38
1.1101678096845106e-38
1.047782087060375e-38
8.89839239618967e-39
7.886826973782487e-39
8.564823549571922e-39
8.340369159701464e-39
9.709857616743537e-39
9.050894215833475e-39
1.1515794069913629e-38
1.4506717918231824e-38
1.5646009182907987e-38
1.5323972655541287e-38
1.423080674946803e-38
1.3452697346061564e-38
1.3434178947431008e-38
1.2402540180578574e-38
1.1918955703194366e-38
1.150756801838933e-38
1.0452729598762582e-38
1.2426834113388156e-38
1.1133350599174431e-38
1.1947315888929094e-38
1.2696442289549345e-38
1.3292253469403863e-38
1.4307139823331685e-38
1.400150269911534e-38
1.331643618903567e-38
1.586615220833514e-38
1.878494333123712e-38
2.0531608954223791e-38
2.068848830571221e-38
2.0948943054620643e-38
1.862017593480978e-38
1.5820354020526903e-38
1.5953450012216023e-38
1.505207900028446e-38
1.6992225071924747e-38
1.8722631052349886e-38
2.3470321959468182e-38
2.377376503975231e-38
2.436627008476091e-38
2.1962016793461884e-38
2.1209308831136657e-38
2.0874854006665275e-38
2.328582998799297e-38
2.4287994688104606e-38
2.3426800814635656e-38
2.4221512418612924e-38
2.223946699869056e-38
2.3725547696486326e-38
2.4948258100156547e-38
2.307274295507115e-38
2.381187206770513e-38
2.5044963119245487e-38
2.3359336377562038e-38
2.2518944003737082e-38
2.45804340613833e-38
2.360340477507729e-38
2.1381543713929548e-38
2.0478647034365153e-38
2.115470579530158e-38
2.0909343597653843e-38
2.5173646790899045e-38
2.8406991717244305e-38
2.890548536978469e-38
2.7847845117146156e-38
3.51547459455533e-38
4.061372516952759e-38
4.534586193934418e-38
4.458707657892928e-38
4.903798887205929e-38
5.681724242194927e-38
5.779661211831429e-38
5.495443828959013e-38
5.77142861298227e-38
5.935169675155907e-38
6.715930393482188e-38
7.316601998171062e-38
7.059459971193587e-38
6.144035385081534e-38
6.293833509836401e-38
5.804407505407034e-38
5.109164244039279e-38
5.227463946533517e-38
4.700912939337105e-38
4.718676090890629e-38
4.056205484497694e-38
3.912331989839478e-38
3.272406959559877e-38
3.1514573068483095e-38
2.9907095860381575e-38
2.6564011905066836e-38
2.817122222647523e-38
2.779005417736247e-38
2.8090524796898e-38
2.530880834736097e-38
2.934301248347336e-38
3.7598088325972907e-38
3.522242065792687e-38
3.7226636328968614e-38
3.6054385021229766e-38
3.152668672778796e-38
3.2029090490850634e-38
3.0007804054185487e-38
2.674414284919103e-38
2.9011263712129145e-38
3.3448280351079116e-38
3.7696059116293605e-38
3.457768050665543e-38
3.7266359493230323e-38
3.7492928355584656e-38
3.75861829803416e-38
3.865190092717278e-38
3.4915263391011525e-38
3.4561436517999355e-38
3.1356748496815053e-38
3.015920950790742e-38
3.087095001625312e-38
3.1315301168079754e-38
3.9325268558991654e-38
4.534868448722697e-38
4.6011154410008584e-38
4.540866269698106e-38
4.597190961695607e-38
5.135962020433805e-38
4.691058189255235e-38
4.2583417026888056e-38
4.292637281158158e-38
4.1597710000664604e-38
4.025820701372003e-38
4.230369824461564e-38
4.452232014135086e-38
4.3157892949794136e-38
4.676009863679401e-38
4.66085027490174e-38
4.2526600274705986e-38
4.1655319889837447e-38
4.086139419174862e-38
3.9661790364816134e-38
3.5186950675642514e-38
2.996866134408621e-38
2.756151715831977e-38
2.564325795034989e-38
2.315351221754918e-38
2.45886630757969e-38
2.4456009034929977e-38
2.43489512924608e-38
2.7842006911383364e-38
2.4080547017710213e-38
2.8645835243911495e-38
3.3216420809621347e-38
3.1778676448016577e-38
2.5919195197407837e-38
2.0188955114145813e-38
2.397356020857875e-38
2.623580328323008e-38
2.621539929049363e-38
2.44427469095603e-38
2.2487777982210383e-38
2.247638104115732e-38
2.2996615400425775e-38
1.9809762283241925e-38
2.1908372334209892e-38
2.1310479364058496e-38
1.887669555888795e-38
2.2896994374239854e-38
2.1687682340656502e-38
1.8587954356092603e-38
1.6169809302866488e-38
1.4707823949552385e-38
1.5199241376421672e-38
1.5405805944377864e-38
1.7499029417670236e-38
Acceptance rate: 0.28147499999999603
Sampling time (10 samples): 10674.2813 seconds
