/scratch/users/yanlan/TroubleShooting/MC_Slope/Output/AM_PM_ET_219_348_00
0.008000000000000002 2.494266619837974e-16
restart...
0.006499999999999995 7.406109572456853e-17
restart...
0.006999999999999996 2.017159504494442e-16
restart...
0.004999999999999992 1.199298218832091e-16
restart...
0.0029999999999999975 1.848740631013617e-17
restart...
0.0055 3.367040591047343e-17
restart...
0.0045000000000000005 1.1685654945970445e-16
restart...
0.006999999999999994 2.8240499548223866e-16
restart...
0.004999999999999998 1.2092083713552725e-16
restart...
0.006500000000000002 7.041637292626525e-17
restart...
0.0014999999999999966 6.421880493177039e-18
restart...
0.002999999999999998 7.760252069672279e-18
restart...
0.00399999999999999 6.617319879364542e-17
restart...
0.004999999999999996 4.9475793391611096e-17
restart...
0.005500000000000001 9.540788766849288e-18
restart...
0.003999999999999995 2.04037862563829e-17
restart...
0.002999999999999998 1.3798315817162061e-17
restart...
0.003499999999999997 9.155302062921313e-18
restart...
0.003499999999999998 1.4032020566693614e-17
restart...
0.0034999999999999983 4.626170454026759e-17
restart...
Sampling time (10 samples): 10736.6682 seconds
