/scratch/users/yanlan/TroubleShooting/MC_Slope/Output/AM_PM_ET_238_356_00
0.0019999999999999974 1.4152950243578155e-17
restart...
0.005000000000000005 7.043230952794268e-17
restart...
0.003499999999999997 2.1783306426017878e-16
restart...
0.003 1.85057000780773e-17
restart...
0.0019999999999999974 2.2907612283362005e-17
restart...
0.005999999999999994 1.404907393176134e-16
restart...
0.0019999999999999974 1.1159313991226071e-17
restart...
0.0035 3.104539597200435e-17
restart...
0.0029999999999999988 1.5212670727340184e-17
restart...
0.0019999999999999974 1.291010466105621e-17
restart...
0.002500000000000001 2.1214856439681797e-17
restart...
0.0029999999999999957 1.7807828396600927e-17
restart...
0.003499999999999997 1.7077287044783793e-17
restart...
0.0039999999999999905 2.767336426147376e-17
restart...
0.0009999999999999987 3.0902027388079925e-18
restart...
0.002999999999999998 7.778689996746553e-17
restart...
0.0025 4.777079949948197e-18
restart...
0.0030000000000000027 5.105952855549293e-17
restart...
0.0029999999999999975 5.802564242985577e-17
restart...
0.0035 2.1558169881740493e-17
restart...
Sampling time (10 samples): 9414.5399 seconds
