./SMassim/Output/AM_PM_ET_219_258_00
2.3173815599018126e-07
1.1199780436160751e-07
5.412746458994425e-08
2.7377272097762526e-08
1.3828810799396767e-08
6.568944267261858e-09
3.0783893443542433e-09
1.4320926196405098e-09
6.637070823554046e-10
3.070936363896146e-10
1.420505504848368e-10
6.574706929463993e-11
3.046676408706473e-11
1.4140482780906138e-11
8.26475619862203e-12
4.761630953697598e-12
2.592740844252257e-12
1.3644741151477133e-12
7.02333918878224e-13
3.5608386049677605e-13
1.78623287501223e-13
8.892180654429026e-14
4.40227246296258e-14
2.1707188813687523e-14
1.0672751297756114e-14
5.236776206191206e-15
2.5659585359118935e-15
1.256185501711192e-15
6.146815261443339e-16
3.0073012132214117e-16
1.4714475477123092e-16
7.201832112204288e-17
3.5264998818449866e-17
1.727850749471731e-17
8.471844105513081e-18
4.157173278547105e-18
2.041731245143681e-18
1.003702914705779e-18
4.938998817949933e-19
2.4328574135658786e-19
1.1996424872741106e-19
5.921817956310864e-20
3.4399117035406413e-20
2.1656098011355737e-20
1.2830602419269673e-20
7.319405704896646e-21
4.0699546926063545e-21
2.2221469757604587e-21
1.196961122244387e-21
6.381348745920593e-22
3.3749464240766835e-22
1.9564630619064465e-22
1.3483387984981286e-22
8.45991967533808e-23
5.0314429525067245e-23
2.8914339402900034e-23
1.6227451765883806e-23
1.2519632569238055e-23
1.0265643186823543e-23
7.022949259263236e-24
4.407364790720545e-24
2.6302989314263846e-24
1.828022329397444e-24
1.2139229803159884e-24
7.866707181054431e-25
4.937570711541987e-25
3.047388163093289e-25
1.8036042976432619e-25
1.0378273572255794e-25
5.853165144922657e-26
3.252203996058882e-26
1.7864927376967636e-26
9.725978515211289e-27
5.257263964005454e-27
2.8253570583987302e-27
1.5112332856364986e-27
8.051828054139676e-28
4.276126952694288e-28
2.2648209059005654e-28
1.1968416102878027e-28
6.312753406267103e-29
3.324407712767395e-29
1.7483819617884443e-29
9.185047175878147e-30
4.8209450323101214e-30
2.528482518865498e-30
1.325337470567995e-30
6.9436129453346755e-31
3.636503652856493e-31
1.9039839025237657e-31
9.966886648930212e-32
5.216807308339947e-32
3.288533791996204e-32
2.0789140509600702e-32
1.260240055762402e-32
7.42615283490561e-33
4.939473611068825e-33
3.8100788589867633e-33
3.839602738327515e-33
3.3008242619908195e-33
Acceptance rate: 0.008499999999999987
1.842283337890702e-33
1.5565068694967513e-33
1.103290197504782e-33
7.184018780293994e-34
4.594666379931216e-34
3.018223679828732e-34
1.8808301164510283e-34
1.2483415866331259e-34
9.111766654019306e-35
6.038976501935557e-35
3.787782552560597e-35
2.292838956488241e-35
1.3540451012751238e-35
7.853081173217768e-36
4.492432746530846e-36
3.110420018315153e-36
2.3479511471794422e-36
1.5873224735333848e-36
1.1967362191685535e-36
9.811943096416842e-37
6.907726703065873e-37
6.622594363504e-37
4.340223717744102e-37
2.7107861993286297e-37
2.4951425123727033e-37
2.363821766206916e-37
1.901810785983347e-37
1.595540603483511e-37
1.1376396535357154e-37
7.483193767127196e-38
6.202985692456988e-38
4.877974935905405e-38
5.156533239269308e-38
4.423302440543394e-38
3.603764616967742e-38
2.7358083430665267e-38
1.87601251512842e-38
1.208408620931212e-38
1.0513729227729298e-38
8.658564281315015e-39
6.143317938913294e-39
4.040244836441332e-39
2.5378885301255184e-39
1.546018451565878e-39
1.0754881822238233e-39
9.756702713807177e-40
7.225718302622524e-40
4.872395010291856e-40
4.0703682731082596e-40
3.0886806621151383e-40
2.8813900490778265e-40
2.209209867422231e-40
2.231066852864198e-40
1.7609832773554445e-40
1.228760423279145e-40
8.024322131921478e-41
7.270239663641402e-41
5.461708262981051e-41
3.707783368740296e-41
2.382917584688154e-41
1.4780860682886904e-41
1.08011418377256e-41
7.297836677895469e-42
4.6791871104952675e-42
2.89928050876412e-42
1.7537974979956437e-42
1.0422461600463852e-42
6.1103814740720206e-43
3.544287114329328e-43
2.0382624304865457e-43
1.9219986287042208e-43
1.5009050593754647e-43
1.0445625959183445e-43
7.126936820819005e-44
5.428225535311209e-44
3.8113892522067705e-44
2.9978762820716605e-44
2.77294302407444e-44
2.1696562435217537e-44
1.5149731576522794e-44
1.572394015722906e-44
1.360745362074195e-44
9.966711605196034e-45
9.814820186725243e-45
9.434935182708395e-45
7.32496026278364e-45
5.393457552992537e-45
4.6273378195919733e-45
3.3628372731248373e-45
2.5008228266736983e-45
2.096168196094407e-45
1.6267388549538027e-45
1.1337154013322346e-45
8.175604800690918e-46
8.068482095452833e-46
6.903127740671259e-46
5.044514586382791e-46
3.4719030995383243e-46
2.7236034308319065e-46
2.016796599331845e-46
Acceptance rate: 0.01574999999999998
1.1594021191914013e-46
1.1823628226554793e-46
9.547986930760596e-47
9.490710200937122e-47
7.451357516073275e-47
5.939246503665489e-47
4.314330458945154e-47
3.4478490529297394e-47
4.3771613043818344e-47
4.618861153605669e-47
3.948064663316924e-47
2.897302067231957e-47
2.2108696439794974e-47
1.9157118397750714e-47
1.5323751852924925e-47
1.2173284346767248e-47
1.1946838642544078e-47
9.611095540753944e-48
6.848711147357855e-48
4.570504952310423e-48
2.990847644713472e-48
2.6538182160787386e-48
2.493865108700736e-48
1.920209423060688e-48
1.392652444907024e-48
9.397387184066123e-49
7.910095387659933e-49
5.739055498094251e-49
4.25269367775324e-49
2.946199871011342e-49
3.1320765691374184e-49
2.5380898737905616e-49
1.8187809091473677e-49
1.4767206985922825e-49
1.073759570798375e-49
8.53471782894978e-50
6.581985919463546e-50
5.012862325280325e-50
3.688021204925025e-50
2.7665247393981796e-50
2.151325418868785e-50
1.737633245923786e-50
1.8565393456692522e-50
1.5425768877518673e-50
1.1207122066557837e-50
9.970521118771473e-51
1.1184881073060977e-50
1.0142015384738613e-50
7.665934691133953e-51
7.34951169759014e-51
6.372486006090073e-51
4.8516591858257784e-51
3.375024054484852e-51
2.2274397718972038e-51
2.192244044744525e-51
1.9348900708525266e-51
1.8523531516353798e-51
1.7434575845795948e-51
1.3400679047419398e-51
1.1691225528968101e-51
8.481539478321045e-52
8.191348713011388e-52
7.939850290623954e-52
8.573669500005692e-52
7.267583924529793e-52
5.437017239848367e-52
3.7515153281736146e-52
3.0697798973026544e-52
2.709340226300175e-52
2.3368127307400657e-52
2.553400221197521e-52
2.133329142021175e-52
2.159316419448357e-52
1.669744529351352e-52
1.3939239892396092e-52
1.0578470557891342e-52
1.1534237336784908e-52
1.4759400241294316e-52
1.518732451570023e-52
1.2354237451708627e-52
1.22047241679102e-52
1.0515137591156971e-52
1.012557730124864e-52
1.07729231273099e-52
9.204992185483162e-53
8.371301963863573e-53
7.297215045790223e-53
6.695806383696454e-53
6.232273126832877e-53
6.104392425501062e-53
5.935477921707926e-53
4.698254536779559e-53
3.351204031381079e-53
3.174521919180179e-53
3.2593127700296117e-53
2.6207693044118595e-53
2.602977197258781e-53
2.5522398126897955e-53
2.412755858971423e-53
3.5232648600328593e-53
Acceptance rate: 0.02866666666666668
2.241949213646336e-53
2.696281993086987e-53
2.564886265093685e-53
2.69403954289931e-53
2.7822437269275903e-53
2.341589712300454e-53
1.744312077067948e-53
1.2578856114746858e-53
1.3765741906726968e-53
1.3579006986953504e-53
1.4246983495385677e-53
1.448083436234066e-53
1.4453591483245036e-53
1.183779388701622e-53
1.2353532520293102e-53
1.1566489137288162e-53
1.0942249122410445e-53
1.1676491695450847e-53
1.0923546341626185e-53
8.670256414732054e-54
8.431494569441787e-54
8.43822142877641e-54
8.504552839094016e-54
7.48095143625476e-54
8.015668272474424e-54
6.781082680438455e-54
7.026071005271628e-54
7.21670072608796e-54
6.944581890898746e-54
6.89195646715379e-54
7.575961768484207e-54
6.506051616127821e-54
6.144967419818401e-54
5.975282842248063e-54
5.801525109570697e-54
6.045154730524078e-54
6.118839156628965e-54
6.161168987301362e-54
5.77189929638762e-54
6.099895361658875e-54
6.242464302104115e-54
6.896359267212557e-54
6.642433175462267e-54
7.101789248619282e-54
7.684372550734784e-54
7.161304808140264e-54
7.150397488516544e-54
6.065038306024581e-54
5.53406263905715e-54
5.326073204938524e-54
4.268529293533726e-54
3.61981031365033e-54
4.70034362116815e-54
4.8064614207886546e-54
5.769631347357799e-54
5.639201918670257e-54
6.022596478755937e-54
5.374346341280753e-54
6.637071654460902e-54
6.992592569366732e-54
6.869336007437188e-54
5.209686897281282e-54
3.6153774280611195e-54
3.147382551634385e-54
2.640194145420397e-54
2.0292787871296117e-54
1.7579928131887295e-54
1.8309734793261457e-54
1.6388475650252158e-54
1.7124414789361388e-54
1.87070971679442e-54
1.668319953973286e-54
1.4889130039825105e-54
1.345985055145271e-54
1.3664278435864556e-54
1.311948797360415e-54
1.5844508148991036e-54
1.5709861149633136e-54
1.5515553604438442e-54
1.395747845039671e-54
1.1399797006646421e-54
1.1171058585662436e-54
1.3026384197045729e-54
1.5487486039775434e-54
1.3998657658216092e-54
1.2549400066030353e-54
8.954163729318281e-55
8.177695936262383e-55
8.457841986846276e-55
1.1763884674470667e-54
1.1480417943229699e-54
1.253677056858009e-54
1.1110046198330983e-54
1.2718626248380574e-54
1.2032739878102534e-54
1.2224668392070216e-54
1.3757947579774678e-54
1.232228740783953e-54
1.3263925721422487e-54
1.559910699462085e-54
Acceptance rate: 0.04450000000000009
9.667823624710852e-55
9.800151860927551e-55
9.367490727402514e-55
1.0517665264342228e-54
1.0011144997383055e-54
8.507139719479749e-55
8.521965358118986e-55
9.329741141808525e-55
9.532535713203803e-55
1.0532753262818963e-54
1.2034112213699164e-54
1.3453030146100487e-54
1.3380322819522412e-54
1.5008515655206603e-54
1.2721765977696859e-54
1.4111706275445985e-54
1.6857539935850418e-54
2.0433667241652547e-54
2.373892902311509e-54
2.3219896652064986e-54
2.389189436298307e-54
2.706184536769869e-54
2.969639442625496e-54
2.467416214851568e-54
2.37730161169502e-54
2.532028328984856e-54
2.770211922738515e-54
2.3130231932286562e-54
2.1615054730366227e-54
1.9115000637585595e-54
1.8945048404920776e-54
1.942775126786541e-54
2.0115068700212e-54
2.1832197334866502e-54
2.1928190132066967e-54
1.8076335825397386e-54
1.6201502352798545e-54
1.7252703201349448e-54
1.4536480641264675e-54
1.3023996884925716e-54
1.1966527621959763e-54
1.0179315142719737e-54
9.000999970925798e-55
8.334317176514868e-55
7.274853584501557e-55
5.855070109583311e-55
5.3264990895970654e-55
4.533906303502121e-55
4.867111567922314e-55
5.6785609687861536e-55
5.56340682941092e-55
5.030773711679619e-55
3.744758894473349e-55
2.9165083841612565e-55
2.64576515344937e-55
2.7149707034960402e-55
2.91042954553917e-55
2.6091291031712156e-55
3.1942341712738162e-55
3.506542793137652e-55
3.3926310753060054e-55
2.6330686986801375e-55
2.3549838018793273e-55
2.3100895878979054e-55
2.0125515066104013e-55
2.211276239342311e-55
2.2844547573844766e-55
2.2154491282166883e-55
2.0429528167465752e-55
2.3057548786104434e-55
2.2395361519363912e-55
2.0667300069945798e-55
1.9483666364870405e-55
1.868569503740495e-55
2.0873114469526768e-55
2.2086001577897515e-55
1.844078193258373e-55
1.8194574345589023e-55
2.3561676774344003e-55
2.184871826756772e-55
2.0090623174688994e-55
2.6207000293329028e-55
2.0201617731490944e-55
1.7730461004141573e-55
1.8819591224364617e-55
2.307987708418616e-55
2.163032140071077e-55
2.011830660031242e-55
1.7073721990803363e-55
1.4900234142086485e-55
1.5251887630813939e-55
1.621752164281152e-55
1.64723120037761e-55
2.0987541591320612e-55
2.6761131945466935e-55
3.210140797975882e-55
2.7647586044907546e-55
2.5523404485753126e-55
2.438290544374118e-55
2.5004184692963204e-55
Acceptance rate: 0.05670000000000014
1.5551685270630676e-55
1.6988079811342086e-55
1.5694641264059284e-55
1.6809405013519562e-55
2.1944399428697506e-55
2.0586747288479415e-55
1.7876734270044633e-55
1.7876059672206154e-55
2.0319187062251525e-55
1.959049041784197e-55
2.1116808216133617e-55
2.2371595444792782e-55
2.8424635109807437e-55
2.5722741229197774e-55
2.3752271096920358e-55
2.3779947734596473e-55
2.4310045190393546e-55
2.2705994334382473e-55
2.482616710738494e-55
2.6774437557534e-55
3.2666696035135314e-55
3.7707916541091836e-55
4.577390389967694e-55
6.1270676180831244e-55
6.211903907465355e-55
7.517594839396342e-55
8.222279616992511e-55
9.485867584314539e-55
1.1223160990704367e-54
1.3945463705106157e-54
1.3814275466028214e-54
1.8845058114302846e-54
2.0250981560549908e-54
2.1840073097489632e-54
2.1507600130335872e-54
2.3620935566864773e-54
2.6911931899999044e-54
2.451221252271539e-54
2.910536321652965e-54
2.7605971189775214e-54
2.9412658363944744e-54
3.475306451661986e-54
3.997896620704524e-54
4.7895817360148185e-54
6.113824643106501e-54
7.473807998515628e-54
7.24273191153311e-54
8.188063731162551e-54
9.859671854168613e-54
9.610043165153374e-54
9.942926418222269e-54
1.3121489323588712e-53
1.4767412739151453e-53
1.5694569217575544e-53
1.9591437832631855e-53
2.1404290672144203e-53
2.4069822155393936e-53
2.327812988176648e-53
2.780864756761542e-53
2.882673741382083e-53
3.207206083717736e-53
3.4429437171912185e-53
4.199375620783107e-53
4.868796569154593e-53
5.39012208233604e-53
5.81049702971864e-53
6.328022187648759e-53
7.609112519026812e-53
1.059393806826689e-52
1.129774893352562e-52
1.3849308934650825e-52
1.6716808919747737e-52
1.665894951573014e-52
1.779252048818225e-52
2.367279237332648e-52
2.4043036230633804e-52
2.34832459608425e-52
2.4163245618675483e-52
2.6012877885328223e-52
2.9500703097025015e-52
3.61039913180951e-52
3.7839421419613615e-52
3.384395436592745e-52
4.4323277904315394e-52
4.493179616003908e-52
4.9519531278386545e-52
5.8007537309622244e-52
6.517863377594688e-52
6.230612504175683e-52
7.540592494997913e-52
7.425818083313392e-52
8.296271318394141e-52
7.895086551187691e-52
9.09573804411419e-52
9.944777385471477e-52
1.0622167906073061e-51
1.223742547336996e-51
1.5081086012685523e-51
1.6330561011719763e-51
1.6980641665506563e-51
Acceptance rate: 0.08449999999999983
1.0967663953862586e-51
1.2362772334194269e-51
1.3725488025326812e-51
1.5504066389389297e-51
1.6799645114530995e-51
1.8538505581863364e-51
1.8820096483715522e-51
2.3139581378604828e-51
2.1880502566386624e-51
2.1069640579243153e-51
2.529582390840877e-51
2.5040487421977088e-51
2.5828427170582246e-51
2.8848730318240955e-51
3.25164600189635e-51
3.8023690378108576e-51
5.1681726068005116e-51
5.2073847596097454e-51
5.714605134066067e-51
6.480411460580361e-51
6.527010202343564e-51
6.859573138020589e-51
6.766172072267265e-51
7.227423093802872e-51
8.795837966505053e-51
1.1130278863828844e-50
1.3553540436355115e-50
1.3691411700355078e-50
1.528101608526363e-50
1.7784653105753315e-50
2.075161050486409e-50
2.8479630591277815e-50
3.370859058413425e-50
3.4452226104021264e-50
3.619924193523553e-50
4.792551511563873e-50
5.495504615668024e-50
6.351468251078341e-50
7.789084398439318e-50
8.740381640037952e-50
1.0561118845636843e-49
1.266913310206728e-49
1.4400272312438016e-49
1.7156235355129626e-49
1.8805386308868983e-49
2.4066286754122523e-49
2.5331912821212962e-49
3.057453315781327e-49
3.239671765732215e-49
3.421459402657961e-49
4.447155936650341e-49
6.1468446569025614e-49
6.5207056230395766e-49
6.69813183979067e-49
7.711011015116225e-49
9.353937406923618e-49
1.007703012969799e-48
1.1574808670445354e-48
1.540806482447754e-48
1.741528380411461e-48
1.741962537832838e-48
1.6979184488899032e-48
1.909828993315013e-48
2.156592379077842e-48
2.3682104680953202e-48
3.0147678437313865e-48
4.4862474724784e-48
5.237147480343334e-48
5.503801022067074e-48
5.792904803118353e-48
6.696873447938236e-48
7.481711728394368e-48
9.006986264385984e-48
1.034061735946077e-47
1.2176811391682301e-47
1.2466284318629067e-47
1.4088165155188995e-47
1.8024013802821692e-47
2.2063455794395346e-47
2.2167689941485e-47
2.808333009233362e-47
3.036469292843378e-47
3.3365638259260125e-47
3.3543172228973624e-47
3.184688067159271e-47
3.2674003000660744e-47
3.870670525242553e-47
5.032490782732833e-47
5.6454789291238075e-47
5.648539207713082e-47
6.182700483569797e-47
7.890126643483845e-47
8.333524506417886e-47
9.687722627994064e-47
1.0214133143981165e-46
1.1140863746415633e-46
1.1493463163348374e-46
1.6655116910281743e-46
2.138946278967669e-46
2.4163518382072375e-46
Acceptance rate: 0.11028571428571415
1.495557292514893e-46
1.9590857560792654e-46
2.011660992566576e-46
2.1592768294617288e-46
2.5207638442344754e-46
3.0238784925007658e-46
2.8830380778992442e-46
3.2978903392905127e-46
3.791665371850382e-46
4.320666070381857e-46
4.2264245321020235e-46
4.6159867079938844e-46
5.020034925183255e-46
5.372750489988582e-46
5.909689834313381e-46
7.465951699461495e-46
1.0129318338812279e-45
1.1001372419037664e-45
1.3419196711290036e-45
1.4224484328214275e-45
1.5606577938257726e-45
1.4906562473102056e-45
1.7386110226446547e-45
2.1197058664646873e-45
2.263153213637297e-45
2.2730134983647917e-45
2.4796506492459348e-45
2.4616223727274094e-45
2.981158479124358e-45
3.8201090594452824e-45
4.0618208358500354e-45
5.1078319445787334e-45
4.94791537541619e-45
6.210877281086942e-45
5.668336382797954e-45
7.964585974184605e-45
8.53377138212497e-45
9.146700808046651e-45
1.0729235193164168e-44
1.1731441680210597e-44
1.40048255207665e-44
1.421352217891286e-44
1.5832284475901417e-44
1.940544519646288e-44
2.020093200029961e-44
1.8880193484108323e-44
1.8878637643322192e-44
1.9680384056004116e-44
1.8274456994183217e-44
1.920880171774648e-44
2.1210487091139114e-44
2.0986755377256388e-44
2.090987250408808e-44
2.1737940709886784e-44
2.75279909498896e-44
3.697979802949092e-44
4.0687416279593905e-44
4.525952662979032e-44
4.593200340295029e-44
4.990508449235038e-44
4.781708409851538e-44
6.05834307558425e-44
6.172898664697625e-44
5.531844757081535e-44
5.611015929198895e-44
6.032954331411009e-44
6.996968766659873e-44
6.910500606008969e-44
7.435314200286241e-44
8.592992707525829e-44
8.613836622979221e-44
9.38403463914167e-44
9.274267144875973e-44
9.809614767042353e-44
9.391383106059037e-44
9.365095343422327e-44
9.84869867307008e-44
1.0463068291243012e-43
1.0590568655922733e-43
9.845842957495114e-44
1.069981180244028e-43
1.0916516934203848e-43
1.1196294083876925e-43
1.3416050501335105e-43
1.582327415658461e-43
1.7919139351256492e-43
2.148289165311529e-43
2.368624787690408e-43
2.556684146148978e-43
2.372124358125356e-43
2.5567029798318076e-43
3.0733814343442384e-43
3.9830722033194755e-43
4.081350750959795e-43
3.996547883814469e-43
4.113496994859125e-43
4.241574617601108e-43
4.171978091202508e-43
4.4586566992540074e-43
4.016132475227544e-43
Acceptance rate: 0.12574999999999953
Sampling time (10 samples): 3945.1344 seconds
