/scratch/users/yanlan/TroubleShooting/SMassim/Output/AM_PM_ET_180_275_00
2.322538043829963e-07
1.0717740719282426e-07
5.3399472446999534e-08
2.999924982529665e-08
1.609154936550572e-08
8.682677466311665e-09
5.5991759601285446e-09
3.540011752939209e-09
2.2669799868289267e-09
1.44772920590211e-09
9.77661021896049e-10
6.651238433718853e-10
4.3403874594706356e-10
2.7333482507784614e-10
1.9214839078765373e-10
1.352071708782338e-10
8.815233124379314e-11
6.755719259782371e-11
4.699721024873659e-11
3.2938967394527034e-11
2.901420854755653e-11
2.2315294755500208e-11
1.6652139470595176e-11
1.2200065634370382e-11
9.76613148235905e-12
7.548485008706551e-12
6.1546173137307255e-12
4.82408190782694e-12
4.496150574384373e-12
3.5095067309750626e-12
2.9108770583568108e-12
2.57387130931623e-12
2.3570096404184782e-12
2.043013833737276e-12
1.7324394730019696e-12
1.4824333216488178e-12
1.3017558650038767e-12
1.1370760913568534e-12
1.229474609593187e-12
1.2667086587172556e-12
1.1034976289776579e-12
8.797164810168835e-13
7.055826926268966e-13
6.720310172543986e-13
6.202097412310044e-13
5.441786964317e-13
5.136542255429069e-13
4.657609997118645e-13
3.9448200169681314e-13
3.484004383158984e-13
2.8876587468183857e-13
2.55020297345914e-13
2.6230060983862534e-13
2.280284451289553e-13
2.2265643693469927e-13
1.9569756159545737e-13
1.7067525772973637e-13
1.4523938601202193e-13
1.3418921312537059e-13
1.2722017344934981e-13
1.065771303020001e-13
1.0120040741869948e-13
9.288995546527054e-14
9.187664827003104e-14
8.593436624626843e-14
8.26355197234248e-14
8.405701535078885e-14
9.449532211648754e-14
9.568788595277123e-14
8.904777934223541e-14
8.387792916339059e-14
8.420848763269144e-14
7.653825567288615e-14
7.531894895493824e-14
6.302099373601291e-14
6.30172223073047e-14
6.168086238105481e-14
6.214535790131516e-14
5.3410680488322186e-14
5.3694554967302476e-14
5.336994915902394e-14
5.06867972165332e-14
5.6265182094481e-14
5.625773329788543e-14
5.903172644406512e-14
6.307160626914289e-14
6.43204703245413e-14
5.627072144431474e-14
5.625869093235182e-14
5.436433519997611e-14
6.08755032636373e-14
6.088039283907253e-14
5.60104053876099e-14
6.608539138949116e-14
5.98204541101027e-14
5.754076534577198e-14
5.934857465179617e-14
5.568798194857339e-14
5.2602603229552405e-14
4.673120215193622e-14
Acceptance rate: 0.31699999999999956
2.6397085315614187e-14
2.6646782382644726e-14
2.5566429120306543e-14
2.3125532416664587e-14
2.5471443394886736e-14
2.7781104982502727e-14
2.692747383034456e-14
2.849179045565705e-14
2.5022172761998977e-14
2.558133439796802e-14
2.6259317964396615e-14
2.4467091393390272e-14
2.410379243673833e-14
2.478683590300015e-14
2.382378117493061e-14
2.4619291733295542e-14
2.542365114380158e-14
2.7497944374352198e-14
2.907629944766695e-14
2.7326535167078488e-14
2.996100222360684e-14
3.2060053162666603e-14
3.129445939822273e-14
3.090613443754472e-14
3.552289773067823e-14
3.360749548882611e-14
2.9414020111556026e-14
2.7707161208845607e-14
2.3931909074351502e-14
2.2846424141081098e-14
2.1601741150057273e-14
2.2739919797203423e-14
2.3002899964496237e-14
2.352203404888552e-14
2.433269306346476e-14
2.2037306852785424e-14
1.988201925822e-14
2.21189670575866e-14
2.25500003197345e-14
2.3593606896051304e-14
2.2613843265281768e-14
2.115845054144291e-14
2.074451996365141e-14
1.985182757197542e-14
1.8518218893771642e-14
2.139150406337305e-14
1.834948704426707e-14
1.7770746159198086e-14
1.5728865474419373e-14
1.6261071021408945e-14
1.4198088118429503e-14
1.309689433867877e-14
1.2925278189443769e-14
1.347109857982498e-14
1.3666903347465288e-14
1.4719056604851547e-14
1.4298535684100305e-14
1.3424340974616184e-14
1.47767404135086e-14
1.678036636206582e-14
1.7277591113180485e-14
1.761842222208406e-14
1.9425420168797468e-14
1.8113071949560168e-14
2.4011834214881054e-14
2.1488634050715885e-14
2.164594803556439e-14
2.18938607109956e-14
2.3138133250929423e-14
2.0957450591642348e-14
2.0210782432149254e-14
2.089888217759636e-14
1.9784881782736344e-14
1.7852587982127613e-14
1.9234043916770487e-14
2.1449425544572827e-14
2.064430352136587e-14
2.1874828699548024e-14
2.2455032849569272e-14
2.2616986828582806e-14
2.2829475439418652e-14
2.3942398408383733e-14
2.5404333289595736e-14
2.5515233692527523e-14
2.28440007343951e-14
2.2712204603821166e-14
2.323731589005757e-14
2.5233949639324456e-14
2.271739807296428e-14
2.282178710464891e-14
2.1979710907712037e-14
2.5966028414675142e-14
2.5504977153538622e-14
2.252979105730033e-14
2.1598529051520124e-14
1.9444505887104926e-14
2.0090819293479876e-14
2.0326552731721762e-14
1.9658373550632517e-14
1.8484337540645514e-14
Acceptance rate: 0.3137500000000004
1.0745365383387389e-14
1.0684016426223836e-14
9.225414493987533e-15
8.758963840441395e-15
8.358094960459558e-15
9.328727662852376e-15
1.0357303309991241e-14
9.892455325651377e-15
1.1949443408826658e-14
1.216110703274062e-14
1.2987303114548428e-14
1.384530414325551e-14
1.3674619362883583e-14
1.5764806853649338e-14
1.62201819722807e-14
1.57675109933485e-14
1.6481966178402325e-14
1.5301297778885493e-14
1.6771189240565365e-14
1.9369273589922812e-14
1.862593772181038e-14
1.9644839906071624e-14
1.9736564610457307e-14
2.1361017067785883e-14
2.1601198890961316e-14
2.2102883187203162e-14
2.38987638476875e-14
2.1655224648948564e-14
2.077233887476679e-14
2.3520065586316496e-14
2.4467298325205342e-14
2.6074290233225174e-14
2.3629324398401198e-14
2.367640625674932e-14
2.67458058925513e-14
3.102066892204403e-14
3.131719377819038e-14
3.0539852632445297e-14
2.7065282382453407e-14
3.4138326750706226e-14
2.9545934273467157e-14
3.047475748003296e-14
2.7970880211639156e-14
2.714863492889264e-14
3.0348418313505515e-14
3.11797505141323e-14
3.692066193838334e-14
3.815687305663998e-14
3.369487515339528e-14
4.046108186715851e-14
4.552830459359505e-14
4.9089605571548795e-14
5.186508101967844e-14
5.315754429509932e-14
5.018789682255386e-14
5.0698954454593434e-14
5.265701051526692e-14
5.949932007053631e-14
6.26503950700919e-14
6.242497016803004e-14
6.232758334316578e-14
5.90213292178046e-14
5.652476890168246e-14
5.315754901787186e-14
6.008220453695197e-14
5.842241879569297e-14
5.739323375256341e-14
5.3781839272452636e-14
4.7612998417426456e-14
4.2963208481420786e-14
3.8694882854309636e-14
3.742637219801728e-14
3.5145210358138286e-14
3.4780470660909536e-14
4.229954241165203e-14
4.4485555460445173e-14
4.180207554567915e-14
3.9638548125702207e-14
4.088179420392585e-14
3.905827819408999e-14
3.629174511460593e-14
3.865286772795286e-14
3.864789212158644e-14
3.997860570317769e-14
4.015258775940155e-14
3.805535141492793e-14
3.784283073816528e-14
3.6832819747249537e-14
3.470680303393871e-14
3.343573608467092e-14
3.7048128198725706e-14
4.313768833849593e-14
3.9215511369957125e-14
4.163057807773131e-14
4.0991957055789876e-14
3.831101191717327e-14
3.632853883146688e-14
3.489960165423542e-14
3.515533539724852e-14
3.227821671155621e-14
Acceptance rate: 0.3143333333333343
1.985548815893335e-14
2.326672579792634e-14
2.1626194124413843e-14
2.126531645208131e-14
2.2824367634637816e-14
2.2439867701298517e-14
2.2456969137641432e-14
2.227529207049548e-14
2.045179473130093e-14
1.8567639645369425e-14
1.8627905531758938e-14
1.9095978101385843e-14
1.902764995068553e-14
1.845867018994052e-14
2.2728564059370708e-14
2.3736865377058705e-14
2.3758754290828973e-14
2.502005440313381e-14
2.2729778494819718e-14
2.1597881821025895e-14
2.3209095023164725e-14
2.201539404074616e-14
2.4383710924047226e-14
2.3253712865630093e-14
2.3190422381930955e-14
2.6615525130387514e-14
2.7472787458363715e-14
2.4632417715809342e-14
2.3386766580982687e-14
2.3963675260512053e-14
2.3871744684812343e-14
2.7073454743030814e-14
2.4961795472284707e-14
2.3832557089755096e-14
2.140140126595991e-14
2.372022149626585e-14
2.084345852272627e-14
2.0218720531669923e-14
2.1640667769012656e-14
2.4392257121604033e-14
2.4777785394815932e-14
2.7033889508233906e-14
2.730309133484211e-14
2.9973824187953056e-14
3.2188957128181066e-14
4.2647289504313566e-14
4.5833141295857115e-14
4.493591131942657e-14
4.0289285613637455e-14
4.4576415758953673e-14
4.759148091053322e-14
5.1070274984990096e-14
4.529761015410228e-14
5.2077548773288933e-14
5.079108914958892e-14
5.586122975623963e-14
5.2504267465392396e-14
4.7664175902856836e-14
4.591290716700532e-14
5.535491843552501e-14
5.5762722433316085e-14
6.25362704114648e-14
6.722517016415133e-14
5.906843869377585e-14
5.714245660763536e-14
6.34532209542677e-14
5.647623173073013e-14
5.458380180051059e-14
5.1803392088992546e-14
5.141206120312944e-14
4.854307448562315e-14
4.5278168047613365e-14
4.724294470061087e-14
4.8182909145492844e-14
4.912309263280678e-14
4.8377768684828456e-14
5.214554067167251e-14
5.102441426249263e-14
5.507082921507261e-14
5.250345285182955e-14
5.774297793429648e-14
6.065084385625055e-14
5.714882382249902e-14
5.182018270502585e-14
5.0682002004930366e-14
4.9327341077142186e-14
4.8296225977784993e-14
5.0693192952669995e-14
5.029771142649671e-14
4.890235230302143e-14
4.5547292626860746e-14
4.058647564495368e-14
4.017967809787343e-14
4.4686084228121706e-14
4.519566940591706e-14
4.1302853537763225e-14
3.814029213065764e-14
3.366725028799161e-14
3.6105354690861504e-14
4.296879946975937e-14
Acceptance rate: 0.31287500000000085
2.7154503207903522e-14
2.765894072305486e-14
2.968977369267553e-14
2.8779198419462976e-14
2.8569528607060136e-14
2.861050629803343e-14
2.990849508976486e-14
3.0919973676572394e-14
3.1907644884928684e-14
3.612245664749642e-14
3.748236660850599e-14
4.334245718897382e-14
4.2840221704898414e-14
4.2306944776025665e-14
3.929709487581413e-14
3.700131466432266e-14
3.3546526453557364e-14
3.685756922120783e-14
3.9034179593424955e-14
4.0530755232116347e-14
4.0127537585674983e-14
4.0214815848793026e-14
3.48267753930454e-14
3.06322389069639e-14
3.412255972889242e-14
3.5401094993270674e-14
3.105346375606487e-14
3.149392841079901e-14
2.9270385421533496e-14
3.028075222135796e-14
2.8126366284570828e-14
2.9407762875178693e-14
3.370742771225451e-14
3.29802992649515e-14
3.515619590583822e-14
3.682961275216724e-14
3.1981951578548204e-14
3.051243776520363e-14
2.8607821735602866e-14
2.811382212510944e-14
2.8090932603743627e-14
2.9597285477214675e-14
3.0547093071528826e-14
3.0267829290972253e-14
2.6803461194848948e-14
2.5130547388272458e-14
2.561303357300559e-14
2.5521830421158963e-14
2.7122338173039297e-14
2.659645607836629e-14
3.0240470941663284e-14
3.0948953558467365e-14
3.1633296404807425e-14
3.735571860769803e-14
4.0258605550534574e-14
4.2444054814879257e-14
4.638401421391959e-14
4.3069680744584055e-14
4.322284424147384e-14
3.967151742211901e-14
4.1501254073031614e-14
4.009453646217509e-14
4.2133746446163945e-14
4.1448011205624226e-14
4.149447535130654e-14
3.994203373658919e-14
4.007535493058416e-14
3.792546218917056e-14
3.858303987821374e-14
3.973235972164908e-14
3.8739738290321214e-14
4.3647262294462354e-14
4.5819899908465856e-14
4.816633933567568e-14
4.997433417981787e-14
4.516239086035495e-14
4.433530097233648e-14
4.581885025091088e-14
4.947620015924609e-14
5.591852132423371e-14
5.0950728489047984e-14
6.378006798895595e-14
7.163870750856613e-14
6.61085015937275e-14
6.719289224060531e-14
5.827569655261124e-14
6.014860275092472e-14
5.93681968336984e-14
5.776666531400133e-14
5.878799187227163e-14
6.043321862588342e-14
6.350281609425846e-14
6.174898664790757e-14
6.168416137059162e-14
6.090909734993137e-14
6.020764262914132e-14
5.2428972310381614e-14
5.286480469738409e-14
4.8822390963760045e-14
5.096424032322527e-14
Acceptance rate: 0.31680000000000147
3.1548508652460486e-14
3.743598401871181e-14
3.4733468493295665e-14
3.5081462371546124e-14
3.470233681986292e-14
3.95581224018616e-14
3.9083875259217976e-14
4.103987474719776e-14
3.723519090175307e-14
3.555793775695165e-14
3.624705440856147e-14
3.251035938733734e-14
3.592333294345203e-14
4.5529616828231914e-14
4.571467847059355e-14
5.1239248136963666e-14
5.350138082923399e-14
5.437164575560564e-14
4.914570074128172e-14
4.497327439290769e-14
4.3260674112219265e-14
4.269231382242425e-14
3.687783855547476e-14
3.544750606736776e-14
3.55739592253137e-14
3.398546136721633e-14
3.104327545081138e-14
3.153913385264067e-14
3.288629727122939e-14
3.5101707479567166e-14
3.943021963934985e-14
3.946368942302329e-14
3.492917851260433e-14
3.558214205386499e-14
4.230223895398605e-14
4.7151678133215996e-14
4.924920923788193e-14
5.148169504054147e-14
5.2535488684334526e-14
4.793926210154504e-14
4.7967929529022086e-14
4.770166613884113e-14
4.908533285324796e-14
4.868924414852125e-14
5.176537228827341e-14
5.850157772447428e-14
5.703445756356338e-14
5.358793233331815e-14
5.188486171167158e-14
5.167200240851927e-14
5.340700593598774e-14
5.117421610901042e-14
5.030095868324121e-14
5.470843944134898e-14
6.199461188623333e-14
5.866207447528874e-14
6.329656074870446e-14
5.918917684150387e-14
6.079700886807153e-14
7.046945409222223e-14
6.709789765284339e-14
6.394079725145589e-14
7.086530479105035e-14
6.888428004985829e-14
6.370013513091777e-14
6.391247200349382e-14
5.812297311896567e-14
5.885938085444311e-14
5.420910531533621e-14
5.5252397338981485e-14
5.165289048095115e-14
5.198845352726009e-14
5.5003077929561834e-14
5.826998365590675e-14
5.836757289602762e-14
6.816012663942838e-14
7.729021451286921e-14
8.186929633475797e-14
8.461072630926978e-14
9.899041600221061e-14
9.791016767526381e-14
1.0990164984596564e-13
1.0138133346176574e-13
1.0714746932134439e-13
9.977304759851454e-14
9.607070079002793e-14
9.589720237924607e-14
8.917512663138541e-14
8.739174922674978e-14
9.096042361263335e-14
8.345622981050305e-14
7.368016228555702e-14
7.947364608982973e-14
8.396528687257507e-14
8.003459559267596e-14
8.427812603278042e-14
8.331776946533397e-14
7.333517175899325e-14
7.086184053508657e-14
6.910342712869826e-14
Acceptance rate: 0.3150833333333328
4.2325211059288544e-14
4.1465786982332734e-14
3.9310124679941133e-14
4.3362364008573966e-14
3.944910801640786e-14
4.5310009142737985e-14
5.162709961446362e-14
5.0025295420384416e-14
4.757439640375155e-14
4.688138995128455e-14
4.874232825203388e-14
4.7409254835537595e-14
4.649604702378335e-14
4.6152290981811185e-14
4.7877930222605624e-14
4.444744420248732e-14
5.352490320653877e-14
5.344147544522966e-14
5.644458527732218e-14
5.3544883499458917e-14
5.068926819281353e-14
5.4943276814145305e-14
5.128796107135022e-14
4.3433329213276767e-14
3.859069960589619e-14
3.9749299079488365e-14
3.9069456296688284e-14
3.813779949329114e-14
4.442108363315271e-14
4.44618624121307e-14
5.168994588421533e-14
5.532866286776572e-14
5.481670463334147e-14
5.364914763387125e-14
5.342669323602673e-14
5.103504120150819e-14
5.647775047342644e-14
5.4912333413176835e-14
5.650671118009115e-14
5.15716998577109e-14
5.0467745877268914e-14
4.721660253508052e-14
4.7012284178706756e-14
4.4406773339450846e-14
4.233832447679908e-14
4.041287991323409e-14
3.9180478865251e-14
3.935122233595827e-14
3.6790884869675255e-14
3.489287780205011e-14
3.240772622564823e-14
3.3024260695514613e-14
3.430493738033512e-14
3.5650250194832725e-14
3.2167928145431094e-14
3.374383782325388e-14
3.6695562876574395e-14
3.8507528717122275e-14
3.892071245684482e-14
4.287000735123382e-14
4.300226879131207e-14
4.2799039756706645e-14
4.4544740736169784e-14
4.501109450874369e-14
4.3458434987966914e-14
3.9101407561427943e-14
4.168652583946893e-14
4.0997171125075746e-14
4.558864926151074e-14
4.3785680960203574e-14
5.010145154851342e-14
5.524119158032523e-14
5.938420147646644e-14
6.24082157827086e-14
6.07850355839428e-14
6.196974336362592e-14
6.3030011970256e-14
5.966265331496803e-14
6.085670738438994e-14
6.603836068493018e-14
6.068496762250634e-14
5.730815657179985e-14
5.910253345189455e-14
5.334452468820645e-14
4.887688793098906e-14
4.673593441127832e-14
4.572791120496901e-14
4.6185350361650083e-14
4.36614737414543e-14
4.487812976154652e-14
4.561213116296811e-14
4.4863632799355955e-14
4.258635062976419e-14
4.1949890322821504e-14
4.294154494927375e-14
4.183859729574699e-14
4.017714123118066e-14
3.863079523517131e-14
3.660824990968729e-14
3.644816284334076e-14
Acceptance rate: 0.3155714285714281
2.2006625871829166e-14
2.2749783875531988e-14
2.549754639312564e-14
2.712231731271989e-14
2.7819173319651515e-14
2.731203488854315e-14
2.9632537744968255e-14
3.365525758810298e-14
3.3068614150538883e-14
3.3766373981469374e-14
3.3436037488086033e-14
3.513740428103098e-14
3.696104185328608e-14
3.783280260620757e-14
4.095990563037879e-14
4.0350837019478314e-14
4.1852256744418215e-14
4.609844858288361e-14
5.1720009759190563e-14
4.768469891981188e-14
4.9401705863074344e-14
4.9736626123070764e-14
4.434908062875285e-14
4.3582518317822936e-14
4.536056039719483e-14
4.429845202386025e-14
4.6186899532372425e-14
4.965388750078972e-14
5.5376057960619536e-14
6.249226767025458e-14
5.87448752379134e-14
5.474068099673976e-14
5.0929144925369896e-14
4.810750301136625e-14
4.642165065907489e-14
5.016401133676776e-14
4.428758549974724e-14
4.032920174051495e-14
5.728152584324174e-14
6.052199561279517e-14
6.028217493632706e-14
6.147488203600041e-14
5.951460014675925e-14
5.857703241403769e-14
5.688483929221814e-14
5.777389798286087e-14
6.315554484761771e-14
6.530270506789632e-14
6.428230699586477e-14
6.12754061572231e-14
6.46797223541028e-14
6.474121284963943e-14
6.805926651886705e-14
6.831503840884517e-14
6.657609268431879e-14
6.808484812188245e-14
7.437187902208091e-14
7.491365200673872e-14
7.7964596345325e-14
7.245730946105363e-14
7.095706378340782e-14
6.687911095385134e-14
6.527223917681948e-14
6.494330676220398e-14
6.159422401653096e-14
5.889051555323953e-14
5.847172719353854e-14
6.3379208893394e-14
5.3814136127577697e-14
5.717454283762223e-14
5.384504472762011e-14
5.764530101097181e-14
6.110134223454767e-14
6.37660870864126e-14
6.49536676710052e-14
6.465209799224395e-14
6.414776404835115e-14
6.095101046767551e-14
6.173042025855487e-14
5.915402759438961e-14
6.076462352978598e-14
6.251422968300627e-14
6.718688102970375e-14
7.588398479817544e-14
8.047871152076495e-14
8.324822724042893e-14
8.576313481013407e-14
9.024339517201646e-14
9.211285996463034e-14
8.881727657173067e-14
8.782456718223481e-14
9.813159358926063e-14
9.531561316612452e-14
9.51943814617108e-14
8.782512438518736e-14
7.7634206922141e-14
7.076428184941543e-14
6.715774811204223e-14
7.684308458896093e-14
7.062817813417005e-14
Acceptance rate: 0.31431249999999933
Sampling time (10 samples): 4565.0029 seconds
