/scratch/users/yanlan/TroubleShooting/SMassim/Output/AM_PM_ET_163_277_00
2.3659101704867608e-07
1.1952159679952395e-07
6.465492052243353e-08
3.547523603745592e-08
2.102473466647358e-08
1.2115424501976703e-08
7.208736054258435e-09
4.498366871975578e-09
2.7961816808456815e-09
1.792173752219634e-09
1.2519618235681376e-09
8.496159691492426e-10
5.906959164041001e-10
4.31064570964552e-10
3.358690127286772e-10
2.415799536329281e-10
1.8030736043593713e-10
1.3586576827743328e-10
9.160513654193205e-11
6.853154485994164e-11
5.4877496110540066e-11
4.033080597937686e-11
2.91417756699843e-11
2.409370929924016e-11
1.994979270112796e-11
1.608062115567957e-11
1.210314911989551e-11
1.044225672643149e-11
9.195748744916304e-12
7.820736452969632e-12
6.420681876050878e-12
6.031772923860394e-12
4.751490829809908e-12
4.6485933824868e-12
3.90084288505479e-12
3.2965420681047004e-12
3.526278081181647e-12
3.4399526687093553e-12
2.846748713167437e-12
2.800310376730196e-12
2.8781566408660802e-12
2.2907458550820306e-12
2.1020055544531786e-12
1.6738736625924038e-12
1.6430954618353938e-12
1.6201101346781488e-12
1.5929297895656076e-12
1.3683267442950286e-12
1.0759415685389054e-12
1.0052787574825767e-12
9.751827542122239e-13
8.430472243458162e-13
9.685414849452154e-13
1.0151945819852103e-12
9.826048545656555e-13
9.543557608802365e-13
1.0944480400881376e-12
9.92443156259682e-13
8.534109051168937e-13
8.503303463049788e-13
8.688280729879139e-13
9.039745462324572e-13
8.476279038804938e-13
8.459304068960189e-13
7.766081992983018e-13
7.255097081596155e-13
7.107785989323305e-13
6.520181304938846e-13
6.701720537329303e-13
6.549801239696095e-13
7.397456373034688e-13
6.967313221561731e-13
5.944209370535486e-13
6.675613838370365e-13
7.517039621679969e-13
6.754154834816112e-13
5.7590288281896e-13
5.166257423405253e-13
4.549261480334185e-13
4.133918982501616e-13
4.102835769665415e-13
3.9051637761507927e-13
4.2524314122165946e-13
3.918310667377326e-13
3.9580597366113806e-13
3.714038888225814e-13
3.6336890121848184e-13
3.3771451115385535e-13
3.7771067512835335e-13
3.5103346635888384e-13
3.2233662977084394e-13
2.972997259856345e-13
2.862966026403917e-13
2.7093930393101264e-13
2.4373297572362916e-13
2.1911966379680164e-13
2.1168490332436524e-13
2.034132020312749e-13
2.0286402422124982e-13
1.9413079205099301e-13
Acceptance rate: 0.3515000000000007
1.0746455764841418e-13
1.0636914027862013e-13
1.1029657652807401e-13
1.1922337139575024e-13
1.0803196921383462e-13
1.222527102510146e-13
1.1897603549422825e-13
1.1892751197553024e-13
1.1311398170406345e-13
1.0649785933186155e-13
1.0940143627062337e-13
1.1253724993374626e-13
1.080956093618408e-13
1.0959556977006168e-13
1.0050644848339802e-13
1.0693000639716081e-13
1.0095777533658152e-13
1.0381283403497166e-13
1.0555577339231777e-13
1.0845310764785746e-13
1.2916654643564976e-13
1.280098967566335e-13
1.2299479288771538e-13
1.1181030851481589e-13
1.3714601331647285e-13
1.7451259174807735e-13
1.713982823146588e-13
1.721996449200224e-13
1.5292281115955554e-13
1.4245731162024563e-13
1.321707697086011e-13
1.3075344182307087e-13
1.3339720415998335e-13
1.484329135419729e-13
1.4968528227871985e-13
1.5239031167364707e-13
1.5371788368721988e-13
1.4994255237037162e-13
1.4881645509123064e-13
1.4194171075922e-13
1.3657505022069645e-13
1.594755858390405e-13
1.6866590234553703e-13
1.723255271367556e-13
1.772328178790476e-13
1.4578142172903183e-13
1.461059084389515e-13
1.5042485573998505e-13
1.499254609597809e-13
1.3450365323882316e-13
1.3611508477044913e-13
1.316937911693533e-13
1.2379872735935646e-13
1.0956241508672088e-13
1.0049390324385072e-13
9.306865915219728e-14
9.451256080799673e-14
1.0642632165188207e-13
1.0617843563126092e-13
1.022014000139904e-13
1.0401088861989977e-13
9.408776622923552e-14
9.491747352926493e-14
8.419004926462776e-14
9.247810963745768e-14
9.505390310252876e-14
9.552065494689616e-14
9.634507997628081e-14
9.214376718159318e-14
9.7090418691076e-14
8.53534349328176e-14
8.011079680625904e-14
9.326625174877268e-14
1.0180397864255426e-13
9.946018951790812e-14
1.1554205429621338e-13
1.254224747860385e-13
1.1551866514759207e-13
1.1785021740625797e-13
1.1461027828490373e-13
1.0754927201611452e-13
1.1434184573937392e-13
1.1011830361614982e-13
1.1345102913393583e-13
1.2699777723474984e-13
1.2156376980252065e-13
1.3002507674936435e-13
1.6449327020610267e-13
1.6023260590628662e-13
1.6819633736674886e-13
1.7643902120715225e-13
1.7873135268669968e-13
1.7972131238822135e-13
1.6816908845930536e-13
1.5534926850472507e-13
1.5507462241577756e-13
1.3669217794569408e-13
1.2818181518428593e-13
1.2407616099659817e-13
1.2091825661105059e-13
Acceptance rate: 0.3350000000000011
7.10363374620714e-14
6.8273892060817e-14
7.569560421205083e-14
7.190712306486043e-14
7.267260266923653e-14
6.659212264333299e-14
5.937401601394491e-14
7.237857430738298e-14
6.896595349147621e-14
6.361501646996849e-14
6.180950247839651e-14
5.767882426784941e-14
6.230977793034375e-14
6.151039287020519e-14
6.990787257058097e-14
6.747316566718915e-14
6.453038055614041e-14
7.104970046578035e-14
7.54473829921743e-14
7.379797392395345e-14
6.626766010852753e-14
6.592105667257889e-14
7.327284451107596e-14
7.685763872200298e-14
8.279470301943371e-14
9.093785075608753e-14
9.61535231017311e-14
9.832066806204797e-14
9.065089514808263e-14
7.935143543790974e-14
6.817948313612877e-14
6.977381697621331e-14
7.534486683511841e-14
7.177906436160804e-14
6.952810656687994e-14
6.732945063591461e-14
7.031177204341716e-14
7.464771928790795e-14
8.14241896635456e-14
8.424699631125553e-14
9.509013177994872e-14
7.820622980627535e-14
7.940871234180356e-14
8.296950400422123e-14
7.757590203025783e-14
8.727056199333424e-14
9.118856038858014e-14
8.918538795545677e-14
8.782935959823647e-14
8.521460434794437e-14
8.237325336572145e-14
7.567697922572944e-14
8.183297930430601e-14
7.751391985261452e-14
8.756977620083344e-14
9.529563336119946e-14
8.597431017289332e-14
8.046390613921158e-14
7.818965959128847e-14
7.885711426471189e-14
7.107481868008366e-14
7.465764664910928e-14
7.89498010034549e-14
8.390855666462016e-14
8.695713727104052e-14
9.85127612881967e-14
1.0362993040975314e-13
1.014790414416356e-13
1.0022374988566169e-13
9.741458769145552e-14
8.980908117747218e-14
8.118180346077432e-14
7.791612573228282e-14
6.921830944044903e-14
6.691606002249018e-14
6.918497326206471e-14
8.153118137662532e-14
7.735558794970176e-14
7.703357706924732e-14
7.805720319937166e-14
7.751986248219322e-14
7.862939251128062e-14
8.213124000306619e-14
8.200090207742314e-14
8.657433350249845e-14
8.663841959660147e-14
8.611767291632724e-14
7.711189339377471e-14
8.271517614385918e-14
8.490602938140453e-14
7.423253716214659e-14
7.343891602934347e-14
8.15095613213077e-14
9.017143182980393e-14
9.272099686537874e-14
9.296343283401479e-14
9.733262113163225e-14
1.0682593927926605e-13
9.715098452406373e-14
9.306537729902293e-14
Acceptance rate: 0.32366666666666677
5.6419293106275615e-14
5.5227699917597287e-14
5.6310750337437934e-14
5.564788474234145e-14
4.853576121373479e-14
5.337027388644138e-14
4.99008190604739e-14
5.426865296638139e-14
5.062805658106381e-14
5.378479241473526e-14
5.983793253144806e-14
5.709688820598001e-14
5.67969128462247e-14
5.695845980441484e-14
5.851930360976134e-14
6.502317560900747e-14
6.186561260893971e-14
6.534320543493554e-14
6.940133517679028e-14
7.171472757526941e-14
6.870606722949347e-14
6.805601101565356e-14
6.780158565983885e-14
6.81570362492425e-14
6.962682661408291e-14
7.332995178703012e-14
7.423591886112331e-14
7.729104016883955e-14
7.556006922311301e-14
7.623803638068838e-14
7.725278130328912e-14
7.616633800166877e-14
7.354573952725869e-14
6.501672775414803e-14
6.173005303012261e-14
6.59708890811603e-14
6.392304572944322e-14
6.133552884944546e-14
7.164037340387558e-14
8.183986181864866e-14
8.324269105411806e-14
7.84454069780138e-14
8.58292054144851e-14
8.867072735669762e-14
1.0109418328458221e-13
1.0956743149903454e-13
1.1614802626156765e-13
1.130442108285412e-13
1.1798959346503966e-13
1.25309505539727e-13
1.2108962167805036e-13
1.4417098342139903e-13
1.4399069824583649e-13
1.6407209792108997e-13
1.6104909730199225e-13
1.8195934844903874e-13
1.8210033191852545e-13
1.8144315875755674e-13
1.7018609858308661e-13
1.531991557004376e-13
1.462802504462482e-13
1.6429855923457667e-13
1.8625759437655102e-13
1.7348024974895223e-13
1.70689249784732e-13
1.7645330398001136e-13
1.566415104844373e-13
1.478090355485874e-13
1.5636068407732551e-13
1.6138966071538478e-13
1.5920523327895414e-13
1.7119747270986661e-13
1.6944864542447862e-13
1.6327278199233413e-13
1.716478841370871e-13
1.740222851201468e-13
1.5975189015653267e-13
1.4519605830108417e-13
1.45224586654229e-13
1.415088841993846e-13
1.4851708681757614e-13
1.3880453167876546e-13
1.3146716683671827e-13
1.4080382705072804e-13
1.4929509206223252e-13
1.6282297812690241e-13
1.4125274095901292e-13
1.4843990405915264e-13
1.561320240386262e-13
1.6776421402446208e-13
1.6344011747536118e-13
1.5370164038301625e-13
1.4892757437328199e-13
1.725187459907582e-13
1.6065251135736362e-13
1.3994219936631345e-13
1.3605571553607423e-13
1.3495547792880376e-13
1.4545085936320467e-13
1.4102003115977393e-13
Acceptance rate: 0.3212500000000005
8.746160802374599e-14
8.896385396115281e-14
8.952591004848618e-14
8.457183635370176e-14
8.898151645470258e-14
8.645803847947075e-14
8.056121688057083e-14
7.583396964445173e-14
6.71954406263828e-14
6.160379531729531e-14
5.841193931471144e-14
5.967372743398361e-14
6.592994853965997e-14
6.761613694249843e-14
6.77673664376681e-14
7.407100183963017e-14
7.359380233817435e-14
7.129854076290491e-14
7.281115936180449e-14
8.488074112014894e-14
9.264280422720451e-14
8.99010648873767e-14
8.805994060469685e-14
8.401569454801196e-14
8.018120843625605e-14
8.102716934836613e-14
8.12522141510485e-14
8.093194482893096e-14
8.355823252679851e-14
8.68330284515543e-14
9.216852224853922e-14
9.060973789835859e-14
9.943914086330111e-14
1.1290128886226201e-13
1.0495010423698466e-13
1.2290997790328916e-13
1.0870745833654067e-13
1.2135095973156392e-13
1.2913385620120112e-13
1.4238594269434787e-13
1.4202238310024334e-13
1.274589542904346e-13
1.2566264506485657e-13
1.2539862505282696e-13
1.3847642689183117e-13
1.41791755182192e-13
1.4742161574418693e-13
1.5574444252321927e-13
1.8953821275434347e-13
1.9560306369652412e-13
1.790609839864783e-13
1.5444604642569369e-13
1.4591592522555643e-13
1.3520423657957203e-13
1.3358362168396646e-13
1.3198432399275251e-13
1.276273417543729e-13
1.2563845682613922e-13
1.3471735730726319e-13
1.279667633653168e-13
1.2386621658864097e-13
1.2208648159459265e-13
1.1957810069440512e-13
1.1364905317337538e-13
1.162914344254155e-13
1.1514102702935252e-13
1.1441291735362992e-13
1.2137451076905562e-13
1.1846351529260188e-13
1.278697973905453e-13
1.1956375502102685e-13
1.146769676240619e-13
1.1381991852436702e-13
1.4036761848723144e-13
1.531859976715697e-13
1.738188302405127e-13
1.7486941804626267e-13
1.7092341732218097e-13
1.760944515761634e-13
1.7052932701531486e-13
1.845100530998711e-13
1.6050222116273831e-13
1.4304398484651238e-13
1.331227205523825e-13
1.3243111964976216e-13
1.4776933117984243e-13
1.4454145337791914e-13
1.275151029540285e-13
1.2827195696954264e-13
1.4390467963945022e-13
1.538895158972336e-13
1.5571116849183528e-13
1.4076712781622608e-13
1.2524126529643838e-13
1.2571427754414758e-13
1.1704919154004447e-13
1.243148354324002e-13
1.1060202504845103e-13
1.1351157155866982e-13
1.1694639299732366e-13
Acceptance rate: 0.3216000000000005
7.22691962015759e-14
7.937134569198871e-14
8.243025284159296e-14
9.490361152785925e-14
1.0512745023196476e-13
9.786612025351877e-14
1.0612593932320235e-13
1.0298075889032092e-13
1.0586057056505505e-13
1.0744348596797418e-13
1.0692211433874145e-13
9.59100132190375e-14
1.1201416908376185e-13
1.2485813472294677e-13
1.328005467719661e-13
1.3648904189382716e-13
1.31126096276186e-13
1.31381756792921e-13
1.354003141850362e-13
1.4410532765735945e-13
1.6603645255065336e-13
1.7218394314577017e-13
1.6854208654568078e-13
1.7561779417793334e-13
1.754014616990202e-13
1.8348530854845681e-13
1.6309155868229317e-13
1.8481357715612971e-13
1.814583581896461e-13
1.8381132988542448e-13
1.8689716017419944e-13
1.826285030182058e-13
1.7351938387872288e-13
1.627228808179424e-13
1.5147148606085655e-13
1.5028455401101706e-13
1.575534262514171e-13
1.6130484455581902e-13
1.6807588526995197e-13
1.6814470513132319e-13
1.6855064598723443e-13
1.6347237912203238e-13
1.4727613748820833e-13
1.5529197802514906e-13
1.613205809404027e-13
1.8518986677813558e-13
1.877222497740087e-13
2.309647051072933e-13
2.352290039063961e-13
2.3547929340751413e-13
2.4595145054136725e-13
2.335754541008099e-13
2.2991967406095937e-13
2.297789369858198e-13
2.574220356448073e-13
2.5429139103497974e-13
2.6798983510592015e-13
2.8984907734098196e-13
2.701310320691518e-13
2.6035637079251895e-13
2.452584491514397e-13
2.1713284447858659e-13
2.1359723195176946e-13
2.1341166427542646e-13
2.1796336111069862e-13
2.073353053050089e-13
1.9649125489774332e-13
1.953593256751127e-13
1.6342137360548073e-13
1.6403550703238708e-13
1.4453993616255272e-13
1.5320494475357286e-13
1.63715662779882e-13
1.6101407847984546e-13
1.7034410136959673e-13
1.6010510529456526e-13
1.702963353307086e-13
1.8274352514198802e-13
1.810522631374783e-13
1.7318419609580793e-13
1.632383979981538e-13
1.5144076119304975e-13
1.5260267450569237e-13
1.5155611193999006e-13
1.4151626403606008e-13
1.4389543509787587e-13
1.4519681099415256e-13
1.5689440883823006e-13
1.4928858224062197e-13
1.3820279981948917e-13
1.5207941958547863e-13
1.510276061908176e-13
1.5706915099898737e-13
1.5648854962994496e-13
1.726712523114304e-13
1.7166044624867855e-13
1.740297008952638e-13
1.7460639127508168e-13
1.7410908545005765e-13
1.7773962325697532e-13
Acceptance rate: 0.3171666666666664
1.1183810056181619e-13
1.2337026902706452e-13
1.2975677955280414e-13
1.299798826075549e-13
1.353348952444511e-13
1.3585054400550342e-13
1.3224938254322453e-13
1.3001023377507934e-13
1.293561646527496e-13
1.2362114267354296e-13
1.1436690608477653e-13
1.0408751501852798e-13
1.1417264413489424e-13
1.174742031794612e-13
1.185055609769609e-13
1.332356537345496e-13
1.300563398958236e-13
1.1253467735091529e-13
1.2172872332683387e-13
1.2027434717648864e-13
1.261843554645941e-13
1.2756021355489677e-13
1.2621514174847327e-13
1.1536349183073469e-13
1.0947909250541084e-13
1.2118475883936283e-13
1.21879316197403e-13
1.2269543074207146e-13
1.3746401443342855e-13
1.4735701126882156e-13
1.4637969993928968e-13
1.476097225706781e-13
1.3802870910723757e-13
1.4504154984192686e-13
1.5107930312166545e-13
1.4642972363523442e-13
1.5795528084004052e-13
1.7288121531343017e-13
1.6404026283087618e-13
1.6763286129817705e-13
1.8164467207027614e-13
1.710018145417943e-13
1.7111756238458936e-13
1.6900620591401678e-13
1.6385022892633724e-13
1.5364300320334765e-13
1.3701299546962746e-13
1.2933339227126363e-13
1.251316675829697e-13
1.1468826694816283e-13
1.2868124398597402e-13
1.560430904035925e-13
1.7299001582360573e-13
1.757077594532182e-13
1.770238630788543e-13
1.8604490468424622e-13
1.752361563299761e-13
1.7303808502124888e-13
1.6687078202606671e-13
1.5952975034674585e-13
1.6750896293793747e-13
1.5807169279562418e-13
1.7595887022722898e-13
1.7249945221017374e-13
1.8343943740347463e-13
1.8460049858878643e-13
1.947016207155239e-13
1.9517988089159188e-13
1.8581520438300057e-13
1.9027410792489973e-13
1.8540209151856685e-13
2.1021320312550482e-13
2.049249607005868e-13
1.961031119987519e-13
1.888648280353513e-13
1.836910871094314e-13
1.791275245385858e-13
1.6610210412837589e-13
1.6566526293456036e-13
1.7561362031164143e-13
1.7165652932339577e-13
1.9528727646618376e-13
2.0280129567103614e-13
2.0239392413201372e-13
2.0537591165607074e-13
1.8936670735700333e-13
1.8480121458470633e-13
1.9339251155854347e-13
1.8673791960979104e-13
1.7074335620421457e-13
1.665242157318454e-13
1.586186756647346e-13
1.586198127014798e-13
1.5499598773299768e-13
1.4611838114758022e-13
1.441002778015622e-13
1.2710811535275176e-13
1.2740096177936243e-13
1.3564809084083536e-13
1.4098973327256048e-13
Acceptance rate: 0.3162142857142869
8.535294771213608e-14
7.92462282752887e-14
7.755126090937112e-14
7.979652159906179e-14
9.022584312227012e-14
9.962477817738663e-14
1.0889207845990691e-13
1.0085747100225393e-13
9.481012619192079e-14
8.847364849556031e-14
9.725122020505165e-14
1.0499301714955707e-13
1.0304603760197877e-13
9.445234708398219e-14
9.130780293636043e-14
9.461483969284296e-14
1.1231770697630883e-13
1.153085967543247e-13
1.1037337650196637e-13
1.19505076659895e-13
1.2130301364526462e-13
1.1754734126736006e-13
1.1475923866363006e-13
1.2351180090868365e-13
1.2576077662852794e-13
1.1678908354117925e-13
1.138868338230158e-13
1.2528476554475e-13
1.281971508968301e-13
1.2587286914400695e-13
1.4287702061236584e-13
1.316691970967687e-13
1.1627116690303828e-13
1.2335848466432717e-13
1.2888392856421097e-13
1.31822773649826e-13
1.195579197422081e-13
1.2125901941353978e-13
1.1605288725368708e-13
1.2472602844822354e-13
1.1864167717510105e-13
1.1063249006211964e-13
1.146716818216367e-13
1.1298726609760195e-13
1.0793641773225028e-13
1.1962479660297016e-13
1.3721093985223543e-13
1.2369326278106424e-13
1.3225739571052407e-13
1.2856771616086117e-13
1.2448246725165118e-13
1.2024126905609876e-13
1.5973019915247229e-13
1.6100533420133215e-13
1.614017768046359e-13
1.6159439224314835e-13
1.684548693271463e-13
1.6405999546442614e-13
1.4670073312353184e-13
1.6080355493391984e-13
1.53054616071671e-13
1.9325964625057285e-13
2.03683685668761e-13
2.11711169411967e-13
2.330690637845465e-13
2.3321070137396787e-13
2.358421547694973e-13
2.4614573855213393e-13
2.3757224698773007e-13
2.715114302060024e-13
2.90711330371217e-13
3.0990492777014637e-13
3.5992774327483187e-13
3.7032490400561124e-13
3.9272700851724927e-13
3.5371907440592034e-13
3.444935740380767e-13
3.5269175257326047e-13
3.436065349630828e-13
3.4192152055348546e-13
3.845812950298102e-13
3.8675697130983115e-13
3.891164497908068e-13
3.942071821638609e-13
3.601608766482328e-13
3.4718375465304375e-13
3.5014254077518277e-13
3.632295993778875e-13
3.5081465620384506e-13
3.243199125074213e-13
3.670381966594454e-13
3.759607182783213e-13
3.517464671948811e-13
3.389745015119675e-13
3.021233104128691e-13
2.733970542047646e-13
3.034363402246395e-13
3.0663054440224356e-13
3.084146965626693e-13
3.058264283651309e-13
Acceptance rate: 0.3113125000000007
Sampling time (10 samples): 4536.8039 seconds
