/scratch/users/yanlan/TroubleShooting/SMassim/Output/AM_PM_ET_184_436_00
2.2791170690638992e-07
1.1316232147775932e-07
5.973014645479944e-08
3.240378200261059e-08
1.9081941599879125e-08
1.0862350132257555e-08
6.099749545989285e-09
3.6649913446962534e-09
2.149372942198042e-09
1.3735840077250846e-09
9.582486181089228e-10
6.560959395252291e-10
4.2250579885459554e-10
2.7452812096108573e-10
1.8814005008351283e-10
1.3456808297560923e-10
9.957068648960347e-11
6.821182512911173e-11
5.2282114842975056e-11
4.051543661687755e-11
2.978157726057706e-11
2.362057394776785e-11
1.899913824032872e-11
1.590168219201149e-11
1.4164734609379374e-11
1.1624838247805927e-11
8.778599248604792e-12
6.7175568831301584e-12
6.545167593256459e-12
4.720674072141048e-12
4.03714844472899e-12
3.24266439642385e-12
2.716367845514851e-12
2.382371319566335e-12
1.90196148225134e-12
1.6792450274312556e-12
1.403268379666922e-12
1.1666550578501405e-12
9.964604533752297e-13
8.819585064146551e-13
7.542993190667935e-13
6.526477710118358e-13
5.813227217820751e-13
4.707798864076085e-13
3.901033661628063e-13
3.50649512718104e-13
3.1626024057426687e-13
2.6482395636052907e-13
2.5910679218858195e-13
2.2824355656021497e-13
1.8974524695989732e-13
1.540324770551296e-13
1.3992355939618094e-13
1.2690989415553928e-13
1.1008731366924879e-13
1.1190055766870366e-13
1.0135812207293734e-13
8.833622059158658e-14
8.729884464207863e-14
7.560722277914962e-14
6.841898820606371e-14
6.036381426026715e-14
5.94605404116175e-14
5.2579510026065834e-14
4.9555022115210963e-14
4.748514716401942e-14
4.192289910804248e-14
4.272774597986595e-14
4.245316235551189e-14
3.9564335582033585e-14
3.361422253453964e-14
3.4049555208122297e-14
3.2838867937214154e-14
3.3483746689045603e-14
3.173746470796904e-14
3.081478357422902e-14
3.865631350742615e-14
3.567103906355404e-14
4.087861124024503e-14
3.555748043882096e-14
3.331990434475065e-14
2.906030940535101e-14
2.557825650297115e-14
2.4018362000733104e-14
2.5326725489992227e-14
2.2509969354555527e-14
2.3064988502545613e-14
2.1703191699559277e-14
2.417766921690604e-14
2.3836458179624193e-14
2.2763340136893507e-14
2.070421561251712e-14
2.1457551147842215e-14
2.313364692661161e-14
2.3504697282216287e-14
2.361474708357503e-14
2.3541788442128798e-14
2.5763750137212657e-14
2.6894981237813762e-14
2.403910012966928e-14
Acceptance rate: 0.3359999999999992
1.3353472597232625e-14
1.2362061532404519e-14
1.2778126366917818e-14
1.1925109295569017e-14
1.1432095545422753e-14
1.208453295306574e-14
1.1350554258702232e-14
1.2278567859323839e-14
1.2066636286691042e-14
1.1612352284380335e-14
1.2916021386427274e-14
1.1677715537334283e-14
1.1962634391133695e-14
1.0962839512463357e-14
1.0773523822332912e-14
1.1207409341340148e-14
1.0493299923867511e-14
1.1137588409573696e-14
1.2813096265164065e-14
1.290787764944336e-14
1.27044655709659e-14
1.2005776465579623e-14
1.0844050058828408e-14
1.2714674134180516e-14
1.2692512434226492e-14
1.315905518900712e-14
1.3847028291291696e-14
1.4556902259164214e-14
1.3338426389058413e-14
1.2895437398493574e-14
1.2426684845970141e-14
1.2443229069716469e-14
1.1855280036108864e-14
1.3738769400833353e-14
1.3287497690968592e-14
1.3025801749033195e-14
1.3242872482137588e-14
1.3103291111861678e-14
1.3900460591855245e-14
1.3977892897102651e-14
1.3112948673304672e-14
1.3120403343064375e-14
1.363481688336275e-14
1.5184614419130193e-14
1.4959171798129435e-14
1.4658565800491407e-14
1.464882907432694e-14
1.4536766823782902e-14
1.4099325713059953e-14
1.502155714727706e-14
1.5122448763665755e-14
1.558206782449008e-14
1.7733808613915866e-14
1.625847444763075e-14
1.706141153392786e-14
1.687875903789177e-14
1.7266784655403415e-14
1.6751024391152786e-14
1.7532963257928286e-14
1.7789823995419838e-14
1.7366666827979612e-14
1.7609992592949384e-14
1.8397289142518976e-14
1.8936072233085385e-14
1.5940498331094033e-14
1.435443993654652e-14
1.2393721952980426e-14
1.444068139744976e-14
1.4872875950253782e-14
1.5048374708757718e-14
1.4807944632281983e-14
1.6439146690387903e-14
1.7418254083492324e-14
1.8498637863574795e-14
2.0019241323918222e-14
2.0566381908193017e-14
1.996907944498281e-14
2.6905589365780177e-14
2.3134213645825227e-14
3.125937734907917e-14
2.9242129352493236e-14
2.6422389538799292e-14
2.2747128636642394e-14
2.1974957354826196e-14
1.973985530439644e-14
1.7854547453290195e-14
2.223235996919189e-14
2.2354236120912824e-14
2.2174900332339564e-14
2.2085667505329842e-14
2.31599385466912e-14
2.2449168008272715e-14
2.2304251910425966e-14
2.3112217958201735e-14
2.2263745976677743e-14
1.9339179529068223e-14
1.911303416329497e-14
1.8470466981929052e-14
2.002576615971503e-14
1.9722061414052766e-14
Acceptance rate: 0.3252499999999999
1.1232487546985761e-14
1.3241280644958487e-14
1.2802872946680446e-14
1.330243670234585e-14
1.634639036720552e-14
1.6285726514348552e-14
1.6692004906259994e-14
1.4904070440191303e-14
1.4900522476740312e-14
1.4151353538712798e-14
1.467557029224324e-14
1.5603775201140652e-14
1.62020792622165e-14
1.8481537353742315e-14
1.793154895195989e-14
1.6672295274876973e-14
1.8163411604864472e-14
1.958670824446045e-14
1.9774148803852407e-14
2.0026053347526577e-14
1.8619756107016647e-14
1.833545871089233e-14
1.7880938614260403e-14
2.0475723358622852e-14
2.225072518111051e-14
2.165121241439933e-14
2.1333125935445024e-14
2.1439933805253543e-14
2.1446200537086827e-14
2.1314787643741292e-14
1.9304941349521773e-14
2.0303142277988662e-14
2.0191520055883908e-14
1.8720020040077707e-14
1.7860058586953504e-14
1.9523937326111838e-14
1.9370427369982643e-14
1.8481168572064064e-14
1.8324525176467475e-14
1.773771715270096e-14
1.8577951141005092e-14
1.9267944573542966e-14
1.7808350948872305e-14
2.0167757765939896e-14
1.8496042366945607e-14
1.7021006386165473e-14
1.666153720460733e-14
1.757250495477721e-14
1.816492713572469e-14
1.9267354954175962e-14
2.0542004167277553e-14
2.1042270854995494e-14
2.2066360202019468e-14
2.0528828410140736e-14
2.21285236026163e-14
2.5306502090967155e-14
2.941772373180605e-14
2.7584888376951398e-14
2.998058090207986e-14
3.2133327566646524e-14
2.883229147858784e-14
2.9456683858155355e-14
3.0879508326371305e-14
2.653861997997575e-14
2.7294155691199073e-14
2.4537578935426777e-14
2.3317053772215365e-14
2.1034595455366344e-14
2.2383505623592793e-14
2.359869780082838e-14
2.2781155472621644e-14
2.4309373865033386e-14
2.7202129213363845e-14
2.8710232845832106e-14
2.8987312835753154e-14
2.3985960086676015e-14
2.2704586074109716e-14
2.264581738664471e-14
2.2124606293080297e-14
2.0053733745619852e-14
2.167898487909562e-14
2.536710740187314e-14
2.435700037515336e-14
2.3079070690980645e-14
2.0352242112626672e-14
1.9779398007530365e-14
1.7821722222660417e-14
1.8304483096414267e-14
1.8829372045507492e-14
1.9725755031602802e-14
1.8782669034148626e-14
1.9989733362349887e-14
2.203601977983648e-14
2.529414764779008e-14
2.6937660518376784e-14
2.4939073140154347e-14
2.464996461057558e-14
2.2388120540966712e-14
2.1041921490855413e-14
2.3254073745934147e-14
Acceptance rate: 0.31866666666666577
1.3885866838571339e-14
1.474579509427484e-14
1.3143906337185409e-14
1.1975105863100773e-14
1.2582983822287765e-14
1.241198069000306e-14
1.3057401958048206e-14
1.2854307342838504e-14
1.4021567527436544e-14
1.3468737566893243e-14
1.2475206798066075e-14
1.1499432031117465e-14
1.1593679832427514e-14
1.158528668591838e-14
1.0641162231177522e-14
1.1254014212812542e-14
1.2765344967176866e-14
1.360956171680592e-14
1.432396588121696e-14
1.440023505306553e-14
1.4101697911768733e-14
1.7685290870369066e-14
1.658882637855967e-14
1.546679942836017e-14
1.4568542842949127e-14
1.3468937425543039e-14
1.3853788244443813e-14
1.4401759931188148e-14
1.3424685221797284e-14
1.206136477416565e-14
1.2635912528564684e-14
1.2835124220889977e-14
1.3244636556306984e-14
1.5003158963399415e-14
1.833995564064231e-14
1.8395716606346686e-14
1.913138310342487e-14
1.7464002608645828e-14
1.6876967892649476e-14
1.4739037910209263e-14
1.4135233686593096e-14
1.3986113530542395e-14
1.462209897184519e-14
1.3653513619623433e-14
1.4374561189770896e-14
1.515920525426853e-14
1.5321164227417864e-14
1.578583844067484e-14
1.488431804651173e-14
1.4788650014512216e-14
1.523834456298802e-14
1.439028644931775e-14
1.4663734112587258e-14
1.451225009237042e-14
1.4184788255781679e-14
1.3571221598231314e-14
1.4137347135632448e-14
1.4545968653766527e-14
1.4617691321431503e-14
1.6955394492917926e-14
1.8226709995050132e-14
2.01147293779461e-14
2.121148884601041e-14
2.1279197970260816e-14
2.3530644099030972e-14
2.403919509565983e-14
2.6261040990294753e-14
2.631376189150263e-14
2.993750097141001e-14
3.1392212086909795e-14
3.404942214713733e-14
3.3176296752568483e-14
3.1643176604023355e-14
3.536398567763533e-14
3.809494981825064e-14
3.7826129487078036e-14
3.974253262882899e-14
4.163444865970328e-14
4.0465344048128337e-14
4.5250109059725254e-14
5.917704888241226e-14
6.112087808962274e-14
6.112542207794272e-14
6.747172240081834e-14
6.218069499236726e-14
5.972401602084055e-14
6.076367061828971e-14
5.987373594705678e-14
5.743281757527053e-14
5.1442561065279186e-14
5.416795366271304e-14
4.960954497751307e-14
4.8125820524365595e-14
4.914088678468128e-14
4.689030255458706e-14
4.4163018329260354e-14
4.12442884115328e-14
3.856979278125381e-14
3.773665460303764e-14
3.649007690960473e-14
Acceptance rate: 0.30999999999999905
2.2176168654972367e-14
2.166832013158274e-14
2.0278706692887714e-14
1.9729256945411134e-14
2.1192028651144948e-14
1.8571790709239006e-14
1.729941019684022e-14
1.9007515601180216e-14
1.772893275730751e-14
1.9340317026076197e-14
1.742197707293075e-14
1.835049260043729e-14
1.7500465427107412e-14
1.7658418254620475e-14
1.9557451365027662e-14
1.9491721119817893e-14
1.8107499700007756e-14
1.7657122967605075e-14
2.1628988869176772e-14
1.9576392844298976e-14
1.9162318296239295e-14
1.8375408954500645e-14
1.913015548450785e-14
2.3037671515969216e-14
2.1017180563321557e-14
2.1850182348241433e-14
2.3228811020590628e-14
2.405501611556897e-14
2.520976908763406e-14
2.4160948040067098e-14
2.5783669249383e-14
2.279743133633991e-14
2.3061278004689045e-14
2.2240858605452902e-14
2.388987105185215e-14
2.6753834584973374e-14
2.6822751483309795e-14
2.5775091489664977e-14
2.6413283839955013e-14
2.752115051816598e-14
2.448473091754742e-14
2.3533006380774283e-14
2.2392071436251048e-14
2.3282276992528496e-14
2.4179510350827227e-14
2.2879794286477686e-14
2.2819349396916912e-14
2.833345644071318e-14
2.643281293935954e-14
2.6123905632312002e-14
2.6501555618374475e-14
2.7065802074430084e-14
2.6936820511184944e-14
2.442757514075335e-14
2.3113385103393135e-14
2.2636388781176885e-14
2.5714209506892443e-14
2.6551601410696875e-14
2.665487105414398e-14
2.5606016600085132e-14
2.7755174866468095e-14
2.6941171239903832e-14
3.163287015666242e-14
2.981644990386968e-14
3.090407209962773e-14
2.745936341793443e-14
2.5896649873085526e-14
2.6518360135826764e-14
2.4377951869112396e-14
2.1427691934655523e-14
1.9220749546389868e-14
1.9026810068457667e-14
1.9778493757229163e-14
1.911880265538178e-14
1.859170426011682e-14
1.8753884666486346e-14
1.732514440895822e-14
1.834118897979674e-14
1.9188443604412018e-14
2.001009130582086e-14
2.172038861418197e-14
2.2449091163305622e-14
2.3159890699858403e-14
2.8660980952311996e-14
3.0185391540773906e-14
2.758972667168146e-14
3.092581030044035e-14
2.9461714353863276e-14
2.982008889623064e-14
3.130240550076097e-14
3.302294982272224e-14
3.307259621314266e-14
3.381390824298016e-14
3.187576195884695e-14
3.5094014107051235e-14
3.3596088403483143e-14
3.815534761824097e-14
4.231120651517105e-14
4.4378605778324136e-14
4.8963577166414e-14
Acceptance rate: 0.30869999999999925
2.965487775445818e-14
3.387899541047694e-14
3.278760708811993e-14
3.11699589915525e-14
2.791686215670205e-14
2.8359326698650423e-14
2.6633464902939984e-14
2.7179874890227173e-14
2.723467297602901e-14
2.975209306082419e-14
2.9240161595601406e-14
2.873453904989997e-14
2.906194027069692e-14
2.6299969935168115e-14
2.5448199827816618e-14
2.2320785970691057e-14
2.0728117126353046e-14
1.8026581389030987e-14
1.8423550102325474e-14
1.6555118686063042e-14
1.8065014106680507e-14
2.109471235136951e-14
2.1894568502739206e-14
2.362417202882333e-14
2.5809846243923998e-14
2.5041420570796584e-14
2.4631212950473606e-14
2.657286963923402e-14
2.593539542616459e-14
3.200287710271436e-14
3.384776404405605e-14
3.166770659241542e-14
2.9033319322789714e-14
3.1444324615564144e-14
3.311170563830824e-14
3.126379757738471e-14
2.7241310493793845e-14
2.6008726153498622e-14
2.462622091703643e-14
2.6661689094798178e-14
2.5021535806804624e-14
2.546112399344866e-14
2.382096898026978e-14
2.266609498775129e-14
2.0700610761089067e-14
2.0134595974390137e-14
2.1711653849052616e-14
2.3698502538654463e-14
2.2061483547812854e-14
2.645005058649979e-14
2.7717546545210096e-14
2.915176063909758e-14
2.6804614533290624e-14
2.5625101807694374e-14
2.3788719690986026e-14
2.5460325879776867e-14
2.9110363988758826e-14
2.981126638543244e-14
3.066051456641982e-14
3.1741213701756754e-14
2.6936649345500494e-14
2.8931592893870623e-14
3.434434837258064e-14
3.4307416883886067e-14
3.0190569276795685e-14
2.942130463854768e-14
3.089189765349125e-14
3.027455176962371e-14
3.0752183021271975e-14
3.330008619318872e-14
3.45695977047708e-14
3.510180464187398e-14
2.954248872090048e-14
2.979992867908768e-14
2.9238634164401506e-14
2.8169160593442866e-14
2.9593067291622496e-14
2.9902794723743655e-14
3.1975150447926066e-14
3.3633248887361366e-14
3.142378265198419e-14
3.005014358873711e-14
2.7917515872057043e-14
2.7422768330545633e-14
2.5870511168777192e-14
2.417964224227936e-14
2.167899107279567e-14
2.0274435642101946e-14
2.1705794415421937e-14
2.0044752703883466e-14
1.979165174792932e-14
2.3771599935916687e-14
2.329698561796061e-14
2.2226114340662188e-14
2.22619128022691e-14
2.1231350111067114e-14
2.284865767914466e-14
2.815742305830393e-14
3.0818290172697196e-14
3.804897749886226e-14
Acceptance rate: 0.3113333333333331
2.3198209384331145e-14
2.4327755311627736e-14
2.5344388603663925e-14
2.263504572365449e-14
2.0914237295499372e-14
2.123589316755285e-14
2.0768836037614388e-14
2.1032106934394666e-14
2.3607492414404925e-14
2.3666107891152245e-14
2.4235487895641932e-14
2.795392412849052e-14
2.671833734980241e-14
2.1380180557388812e-14
2.3204948628151698e-14
2.708617000673712e-14
2.742101236358687e-14
3.056493472126976e-14
3.2856662543322186e-14
3.569596853233686e-14
3.396675596035328e-14
3.164716950443118e-14
3.476720150237655e-14
3.4568729173457e-14
3.1291270859869756e-14
2.898039035896434e-14
2.958961310651069e-14
3.051162857347188e-14
2.856623481256747e-14
3.09875620787776e-14
3.0141988511615305e-14
2.7117916323583768e-14
3.4021210536804453e-14
3.119588233830985e-14
3.523709494214635e-14
3.9120604927011673e-14
3.66008992211462e-14
3.5541909748192964e-14
3.529990657713907e-14
3.403599581366533e-14
3.451928095078656e-14
3.483760036036594e-14
3.577543287439529e-14
3.174699219363394e-14
2.7255184308270637e-14
2.740784572673385e-14
2.824835729551753e-14
2.7169049720941638e-14
2.4525910803463028e-14
2.462688938787562e-14
2.675798687157876e-14
2.601604501815929e-14
2.9292614592940266e-14
3.294437684153562e-14
3.133620437701648e-14
2.8199030501479818e-14
2.8356724516608357e-14
2.9856966171777525e-14
2.9415625324423384e-14
2.945375301386754e-14
3.337023039461544e-14
3.711715751705116e-14
3.7100376419050703e-14
3.925509250181715e-14
3.571243221172368e-14
3.390488893618719e-14
3.66296993005181e-14
3.509832091868937e-14
3.306666745967091e-14
3.316539049372202e-14
3.601467963563707e-14
3.689762441641931e-14
3.410851771587021e-14
3.0951336179161226e-14
3.149140159198166e-14
3.366599020626541e-14
3.6278979821454996e-14
3.3031914224369127e-14
3.281620967732717e-14
3.29042803789886e-14
3.546776362923019e-14
3.980643105878334e-14
3.859524358851851e-14
3.879510342842504e-14
3.750699700825999e-14
3.134036909518581e-14
2.88729894418768e-14
3.016367237684123e-14
2.7074154623194462e-14
2.598074152242461e-14
2.9488689547102034e-14
3.199942352701025e-14
3.4566962060355106e-14
3.3991767994282676e-14
3.243628964194555e-14
3.194482899483915e-14
2.972472295043501e-14
2.85166498722099e-14
2.977072130782884e-14
2.918691380304793e-14
Acceptance rate: 0.31142857142857167
1.7960499882264603e-14
1.8055225551950882e-14
1.816289215780932e-14
1.7694716440118378e-14
1.9979898798844997e-14
2.1091003520866848e-14
2.1049710229135237e-14
2.151519245194384e-14
2.1559222229078416e-14
2.1957792359428e-14
2.4218395243356482e-14
2.657194121564396e-14
2.8591083991558243e-14
2.5194954334039738e-14
2.9811597686351533e-14
3.226458102997053e-14
3.283694279105312e-14
3.4162888521755525e-14
3.294293370897033e-14
3.167903208753273e-14
2.91934757580676e-14
3.353390253794602e-14
3.890051287392048e-14
4.395561139099796e-14
4.4289720199451117e-14
4.172238660716349e-14
4.256004709876358e-14
4.5011613385801875e-14
4.2780434859043183e-14
4.108606179501978e-14
4.5394507809185054e-14
4.1354560248948656e-14
4.2673969496669194e-14
3.872090064685117e-14
4.252349500630827e-14
3.96317822653767e-14
3.842905157584614e-14
4.0398130216319064e-14
3.8305770148591804e-14
3.9439902208372066e-14
4.365068686579387e-14
4.3116163292408896e-14
4.639500128887147e-14
5.2191881804012726e-14
4.8395451931710065e-14
5.3180910777738977e-14
6.035461735405006e-14
5.635533419752646e-14
5.0455150535674864e-14
4.955090015037788e-14
4.836167815707321e-14
4.688910102298822e-14
4.463037565814938e-14
4.525899136889392e-14
4.6432595681656094e-14
4.3226642705155456e-14
4.0071985334396184e-14
3.9541630573378315e-14
3.950854084991716e-14
3.7756084754247613e-14
3.8997220492943144e-14
3.3081939484537446e-14
3.561275869301187e-14
3.462600400018871e-14
3.534519079415485e-14
3.607440159279351e-14
3.9594132709345606e-14
3.862819232589803e-14
3.4600671387921244e-14
3.246869066364117e-14
3.3394692476536596e-14
3.585278892013716e-14
3.664636575457953e-14
3.645061865356633e-14
3.782087546713425e-14
3.660902541004069e-14
3.4345919868279555e-14
3.5898593191251316e-14
3.342300057410483e-14
3.202409802021806e-14
3.048433262287377e-14
2.865449738013236e-14
2.894495096362792e-14
3.039742158813536e-14
2.7764186717472834e-14
2.7252758576338584e-14
2.782618519579876e-14
2.583020544205562e-14
2.4953093973513612e-14
2.7479537035180948e-14
2.6676443409086983e-14
2.7639419807604284e-14
2.870812419108623e-14
2.527365665155452e-14
2.3646522141992773e-14
2.7148101003559262e-14
2.420347764491248e-14
2.7297440056043936e-14
2.5908203793640568e-14
2.686313892622105e-14
Acceptance rate: 0.31362500000000076
Sampling time (10 samples): 4425.4332 seconds
