/scratch/users/yanlan/TroubleShooting/SMassim/Output/AM_PM_ET_197_337_00
2.3290417445182522e-07
1.1759870324288324e-07
6.242509004804356e-08
3.6606020602755835e-08
2.0234137463946132e-08
1.1581419348670656e-08
6.820937452652482e-09
4.232981775329257e-09
2.664168757970692e-09
1.6792170717333287e-09
1.16617543069924e-09
7.318418758891628e-10
4.976326596955619e-10
3.3198178403523637e-10
2.4756721629743016e-10
2.0397304514430454e-10
1.4413299611129022e-10
9.62567113070731e-11
6.758027978560402e-11
5.4913656730757756e-11
4.299902786037509e-11
3.7937202359557635e-11
2.857277938620803e-11
2.221986358802109e-11
1.8068710214060494e-11
1.4415439435693328e-11
1.264518240261641e-11
1.062538169097619e-11
8.915776669876911e-12
6.6900717283304636e-12
5.9256162032185535e-12
5.144590945304204e-12
4.309313212922801e-12
3.6121263666930005e-12
3.32245700383121e-12
2.986572513052585e-12
2.7093713632217048e-12
2.4145924834806473e-12
2.305388879748536e-12
2.11577182877747e-12
1.8554498529148403e-12
1.7168191673042511e-12
1.7226962967459214e-12
1.4377843574913542e-12
1.3171833747143745e-12
1.1672076620460999e-12
1.095288424347706e-12
1.0367959117780182e-12
1.0631163549510103e-12
9.558300206833943e-13
8.46066587495781e-13
9.313583025379242e-13
8.940859450260115e-13
8.565134855953918e-13
7.711336703160367e-13
7.335070049650237e-13
7.059008640607726e-13
6.551231819407878e-13
5.65636447899677e-13
5.460427339575181e-13
4.760107767116983e-13
4.4312125666183573e-13
4.685582828722988e-13
4.4226458864009773e-13
4.46041254418511e-13
4.336683974150985e-13
3.9171498999511025e-13
3.195766744316769e-13
2.8303057344801014e-13
2.457664996217872e-13
2.4120185963525487e-13
2.2910822828984306e-13
2.022716920159129e-13
1.785668010316784e-13
1.7514463729593976e-13
1.8185835186578249e-13
1.5896002083174503e-13
1.6510801862722808e-13
1.3612588806575445e-13
1.3645490584454084e-13
1.2953226516901707e-13
1.2901276246788773e-13
1.4461437527118602e-13
1.4871627347095062e-13
1.3006906695751086e-13
1.2797065398417407e-13
1.2681169611387662e-13
1.188546362911013e-13
1.3631681767117798e-13
1.4644968646196199e-13
1.2931588784901493e-13
1.3250483808531715e-13
1.2775056211676037e-13
1.2397649217205018e-13
1.2989217672796988e-13
1.1585271820372825e-13
1.1473030011037346e-13
1.083473529457741e-13
1.0265229326023142e-13
1.197883401652289e-13
Acceptance rate: 0.37799999999999984
6.543815992565386e-14
5.806036362994469e-14
5.6602131862416424e-14
5.687055762497228e-14
5.764171097575422e-14
6.216589243485724e-14
6.07322248413813e-14
5.981483589014167e-14
6.385631175873339e-14
6.455137023386321e-14
6.531025334423304e-14
7.561144707399829e-14
7.24192085607618e-14
6.239534380661552e-14
7.827008318473273e-14
7.801412282653995e-14
7.867634297070113e-14
7.739777478232355e-14
6.9355583932124e-14
6.841344905179168e-14
6.609630907844286e-14
6.009061655195161e-14
5.854379666392481e-14
6.614974564567906e-14
6.360239363474233e-14
5.939143694344334e-14
5.591561722439968e-14
5.2135454887213846e-14
5.739314952186594e-14
6.222917381601863e-14
6.649596124456753e-14
6.932253444151957e-14
7.105442218445267e-14
7.905127553596531e-14
7.848316642998158e-14
8.550907811519618e-14
8.189512662096619e-14
8.905915409888758e-14
8.981427107203184e-14
7.971492312942081e-14
8.034766955360494e-14
7.645115740006327e-14
7.551524461888169e-14
6.987659789486473e-14
6.948671946531881e-14
6.966156218813882e-14
6.397853061026463e-14
6.381809276565442e-14
6.36937737917681e-14
6.617413250497954e-14
7.260684057112886e-14
6.802800344357925e-14
6.750500131755377e-14
6.826200489496774e-14
8.115444808458299e-14
8.352527046859913e-14
8.99805561785094e-14
9.307186040734694e-14
1.0843206539569192e-13
9.964721562073117e-14
1.0283090774202285e-13
1.0717217051063587e-13
1.3152931850497663e-13
1.5248080013199522e-13
1.459861265123739e-13
1.7427307426651088e-13
2.0313652860675117e-13
2.2217668195230014e-13
2.3183609623715955e-13
2.2348611967579145e-13
2.0136362379853163e-13
1.875029869097057e-13
1.79582988153449e-13
1.7253341982266724e-13
1.7492554157729177e-13
1.728004991708988e-13
1.6616082866683631e-13
1.9428021737713694e-13
1.8048876108335825e-13
1.585595667386227e-13
1.6249649447935084e-13
1.6037276670754845e-13
1.7488156056135837e-13
1.8725194378550944e-13
1.7904728279123915e-13
1.8387206433507384e-13
1.8933552473524661e-13
1.926606266320127e-13
1.930239504750027e-13
1.7211271648488975e-13
1.6938551580793966e-13
1.8211221620197502e-13
1.828464749463959e-13
1.7814610282301864e-13
1.6731543078910114e-13
1.622451474160803e-13
1.4875512886272187e-13
1.4588753945256381e-13
1.5016211463814707e-13
1.4271965736215042e-13
Acceptance rate: 0.34525000000000067
8.246314578475118e-14
8.367009820560944e-14
8.640982325684322e-14
8.966853709716055e-14
9.04555822217938e-14
9.69909605264054e-14
1.1072525963371787e-13
1.2959475495211184e-13
1.3620307251549596e-13
1.3219101991711383e-13
1.467854790513619e-13
1.434137088263071e-13
1.3229924636774378e-13
1.2687795610972644e-13
1.239266785434265e-13
1.11285858304166e-13
1.2363899424354936e-13
1.3670217014341336e-13
1.2679118443612752e-13
1.356635015484734e-13
1.3129979520488098e-13
1.1747206831073886e-13
1.1988598027998324e-13
1.1302527076121637e-13
1.3161677303195716e-13
1.229844681517179e-13
1.1344840746261575e-13
1.1488054662617335e-13
1.2147157981777967e-13
1.2812673447216486e-13
1.289414441576513e-13
1.2543095700098748e-13
1.2819208296214078e-13
1.2898129116029492e-13
1.1461463758977265e-13
1.144102564492397e-13
1.3614345105009358e-13
1.3388912523867962e-13
1.3626651665870676e-13
1.4790967360094045e-13
1.4735410359759142e-13
1.3786146478563359e-13
1.3189418215632689e-13
1.379201723475009e-13
1.4666568058151854e-13
1.4660126896889608e-13
1.4860474042054266e-13
1.4121483855765502e-13
1.4851121025161564e-13
1.3821968098005653e-13
1.370683394882382e-13
1.5289256602082262e-13
1.5375516683597351e-13
1.4691080899610346e-13
1.5368381805799984e-13
1.6668665539238673e-13
1.547383479891928e-13
1.4413836410975541e-13
1.5167565372263676e-13
1.5220236544563613e-13
1.4334686457362595e-13
1.3925771158403669e-13
1.3439486698290599e-13
1.2782422338696248e-13
1.2313190037530886e-13
1.1700577707079866e-13
1.2242723072424448e-13
1.1754105996719417e-13
1.0236381001263609e-13
1.0100174624978983e-13
9.406803730637101e-14
8.071182220971413e-14
7.74027828991664e-14
8.479349222649758e-14
8.148168951724874e-14
7.632438784309692e-14
7.927696807917328e-14
8.73227204457023e-14
7.835898621304914e-14
7.452244498624237e-14
8.053972384401023e-14
9.074813235280052e-14
1.0276769215242354e-13
9.501556778158682e-14
1.027925021402516e-13
1.0175279339341179e-13
1.0720476837811856e-13
1.1028104608787759e-13
1.345049612612491e-13
1.3342458276321962e-13
1.207684500973481e-13
1.441946230551869e-13
1.5842695645980365e-13
1.573737011273985e-13
1.4625168758669932e-13
1.3623912975415e-13
1.326862617940634e-13
1.1167229213166828e-13
1.0484847605853384e-13
1.0158578067441177e-13
Acceptance rate: 0.343666666666667
6.045366022969477e-14
5.971717833589406e-14
5.897610491451165e-14
7.399945363490427e-14
8.101596466863995e-14
7.612828323555014e-14
8.82097931678332e-14
8.831101273254077e-14
9.410601730853646e-14
9.744274166852899e-14
1.0637353757240326e-13
1.1422273264434924e-13
9.701317327934496e-14
1.051586492185633e-13
1.0713453136704949e-13
1.0977380206561404e-13
1.040880016694685e-13
1.0591928852005875e-13
8.940055219913639e-14
1.1061655630717724e-13
1.2294224874207366e-13
1.1459609973523766e-13
1.1465972814908536e-13
1.1309033957993038e-13
1.1542911017242492e-13
1.0185032369792372e-13
1.0619716345231564e-13
1.0828457538088905e-13
1.2297421690961476e-13
1.298621697942368e-13
1.3559919382388818e-13
1.3660653415421798e-13
1.3204645083055423e-13
1.3453948440934153e-13
1.3183829499243194e-13
1.3357340501700036e-13
1.3528263157819121e-13
1.359758325799359e-13
1.4112766621647268e-13
1.4465689333439466e-13
1.4533954954005525e-13
1.575652309090249e-13
1.4383362815184452e-13
1.4071828220949432e-13
1.3137461767365013e-13
1.336955782456667e-13
1.4619175956281563e-13
1.3701269087127632e-13
1.34459145584902e-13
1.327461146372282e-13
1.41841299931368e-13
1.3307190478480666e-13
1.32416580792764e-13
1.209875234675036e-13
1.246690926986659e-13
1.1743099173135475e-13
1.2099381306236773e-13
1.3578955076870447e-13
1.4918912196233207e-13
1.4832421744098257e-13
1.4564531637050366e-13
1.401937061999998e-13
1.2909673269685403e-13
1.1997826163911596e-13
1.1857078826894982e-13
1.1149856103061152e-13
1.0636389433381121e-13
1.0628056761566075e-13
1.1976950265244104e-13
1.173495290480951e-13
1.3164429011369132e-13
1.3946773637800232e-13
1.4035181358363534e-13
1.4732635137777274e-13
1.5218757056066614e-13
1.5049842767795557e-13
1.4423571249559427e-13
1.4583326685433934e-13
1.402262952123332e-13
1.4489490536534778e-13
1.506535041166489e-13
1.4413647631423484e-13
1.562353633588191e-13
1.4879424624029354e-13
1.5159265954407825e-13
1.5129318032411787e-13
1.7237869419592464e-13
1.7685579510827536e-13
1.8164161283713683e-13
1.7913260645996709e-13
1.7171197400570072e-13
1.610831752181569e-13
1.4939911808608115e-13
1.3366928124112888e-13
1.3169472738237222e-13
1.310233597184661e-13
1.3424571726229574e-13
1.3487535645693242e-13
1.52508804827843e-13
1.764806212224472e-13
Acceptance rate: 0.3392500000000011
1.1050529870293394e-13
1.0838500416184896e-13
1.0874543260924819e-13
1.080336045602198e-13
1.0255986308077611e-13
1.1240070288322766e-13
1.2450162687696745e-13
1.399184248517916e-13
1.4248847572048833e-13
1.2895894683962842e-13
1.2915336910085346e-13
1.2306527615783142e-13
1.2681750191047814e-13
1.3236535063627003e-13
1.3757370683630541e-13
1.257403534129626e-13
1.3760357154882122e-13
1.397831951252487e-13
1.3772388564510386e-13
1.3193218502507005e-13
1.2237364616759578e-13
1.1749158038743032e-13
1.2258340790662352e-13
1.293816989140874e-13
1.3071168291918905e-13
1.3667938705974277e-13
1.2537231274019524e-13
1.279058362745939e-13
1.3441792981685487e-13
1.584068860035959e-13
1.6171148798594743e-13
1.5528015065796029e-13
1.4074358821082352e-13
1.4288885824378294e-13
1.345720884849859e-13
1.5434636861151515e-13
1.5524647052414194e-13
1.4978844752625027e-13
1.4011653737688131e-13
1.5264956375984203e-13
1.3463349142671595e-13
1.2102625908578393e-13
1.2827413039741822e-13
1.394010015037109e-13
1.4213076887612037e-13
1.4432724256739226e-13
1.5083845148326664e-13
1.4687534660595165e-13
1.3557796012572242e-13
1.3277204482831446e-13
1.377203300238029e-13
1.302502221242071e-13
1.318147076534011e-13
1.3403586927424395e-13
1.3782571867709457e-13
1.3701932518511748e-13
1.4947050697811007e-13
1.5355206068615108e-13
1.5658325307131796e-13
1.5555755883985633e-13
1.568680941808068e-13
1.4209138059924884e-13
1.4096838016320393e-13
1.214624288260047e-13
1.1352176540376036e-13
1.0803196696101892e-13
1.0720533061724346e-13
1.0696484839125676e-13
9.920496929263717e-14
9.479624808608882e-14
9.485765368868616e-14
9.67183664239751e-14
9.85475936819162e-14
1.019583770090524e-13
9.844586867701114e-14
9.143384862878809e-14
1.0149595768921409e-13
1.0485455505724412e-13
9.908076638092872e-14
1.0141841628074221e-13
1.0886746072097768e-13
1.1577953578571882e-13
1.2323566480209884e-13
1.0960210737703218e-13
1.0523193743065561e-13
1.0276549812124531e-13
9.160989950799482e-14
9.498796875000281e-14
9.400708126000974e-14
8.719279849773424e-14
9.797879848434896e-14
1.1148837125041006e-13
1.1047732558817879e-13
1.0352135381597982e-13
1.0170982449303666e-13
1.1267624494948833e-13
1.2155171044717026e-13
1.3807182902149812e-13
1.3247246530893216e-13
1.2407043632900384e-13
Acceptance rate: 0.3395000000000027
7.509935251644934e-14
7.482764978417336e-14
7.383047870350638e-14
7.670893562530979e-14
7.634651775641037e-14
8.038487901985658e-14
7.405786666151577e-14
8.037525209553809e-14
7.780545589132133e-14
7.801802373772934e-14
8.373882342420769e-14
7.99411615587845e-14
9.065382253462198e-14
8.499676213890626e-14
8.021491241957366e-14
7.988030882699761e-14
7.651907079993885e-14
7.962325671558064e-14
7.989119377255082e-14
7.943563242551271e-14
9.811451030407351e-14
1.0272110253777461e-13
9.937806218009281e-14
1.0232531044485433e-13
9.844462390603006e-14
1.015360792069491e-13
9.823706682211035e-14
9.714704938247853e-14
1.0037749523120891e-13
1.093501499701168e-13
1.3050394814406018e-13
1.299442725337204e-13
1.3515808227638945e-13
1.2327387670988502e-13
1.2670686702741276e-13
1.2615553462113592e-13
1.2521898431857566e-13
1.3851338412341885e-13
1.3630312162783198e-13
1.334078787620699e-13
1.5096819305754659e-13
1.4154707460729327e-13
1.5698067225504508e-13
1.7556534639657842e-13
1.9754659268829895e-13
1.88784958548479e-13
1.8524390848533573e-13
1.9960576388666785e-13
2.0828817576074133e-13
1.7573681461273159e-13
1.615257489747122e-13
1.5968729773016307e-13
1.5386005679557127e-13
1.5452422269675486e-13
1.456239218546155e-13
1.5603339897917974e-13
1.3925048191757003e-13
1.294156009896549e-13
1.3441412999613363e-13
1.4027283365273432e-13
1.4863244448890432e-13
1.517740338749883e-13
1.502236747027444e-13
1.4639343315130761e-13
1.502105966319609e-13
1.3915116443422063e-13
1.2692708909050984e-13
1.5752650041762434e-13
1.6237387408282978e-13
1.569877194457473e-13
1.5294616247222356e-13
1.5051523948045275e-13
1.49941425805389e-13
1.5440479585469422e-13
1.5988370694780868e-13
1.5575729939121079e-13
1.5216347169080352e-13
1.534527581559266e-13
1.525018158226242e-13
1.465043318274291e-13
1.5435854183955055e-13
1.7008935089996295e-13
1.7291634126369823e-13
1.9539020777400216e-13
1.8709188653538466e-13
1.9432118316822424e-13
1.8878806924886152e-13
1.9181513118933405e-13
1.730755202284611e-13
1.5929540738635104e-13
1.4747520379262697e-13
1.510401022606845e-13
1.4442564299156437e-13
1.3313640949622194e-13
1.2335284438762847e-13
1.2422223578916548e-13
1.3481940176980844e-13
1.4990419310358094e-13
1.5645723345935702e-13
1.6857236017511572e-13
Acceptance rate: 0.3381666666666695
1.0709236598275891e-13
1.165193981435785e-13
1.094982052170447e-13
1.0435834838975293e-13
1.0136981343933917e-13
9.800972646600314e-14
9.792048271963145e-14
9.262016434501837e-14
9.86581986563604e-14
9.298107437652532e-14
9.418817465636878e-14
9.561917043405525e-14
9.782437749933775e-14
9.610373120663957e-14
8.984629032281653e-14
8.122498896407214e-14
8.238599165302225e-14
8.28269980858601e-14
8.961142441256597e-14
9.400712870255822e-14
9.362125982155282e-14
8.780142072951105e-14
1.01297426429162e-13
1.0545408118715777e-13
1.0908287069057366e-13
1.0914315608354142e-13
1.13749510648052e-13
1.2041891542744687e-13
1.2287541156537623e-13
1.2252969406598015e-13
1.2020394618960431e-13
1.2031952977785988e-13
1.219026214256963e-13
1.1925629994898642e-13
1.243462892019431e-13
1.2880154759566642e-13
1.3190367588194053e-13
1.2237006901849233e-13
1.3205410599366857e-13
1.3533063412140881e-13
1.280032626348968e-13
1.5159943135058944e-13
1.5493344462141728e-13
1.5994831241169337e-13
1.6530491449502637e-13
1.6087472039086918e-13
1.578519429475598e-13
1.5735941932385487e-13
1.4357637241987868e-13
1.5165234522274813e-13
1.5047662362338867e-13
1.4241449193335385e-13
1.3687964260029818e-13
1.3803521418150314e-13
1.4938219059290103e-13
1.5974930543479438e-13
1.462475965472554e-13
1.5386999376852485e-13
1.488925339265873e-13
1.373513999279666e-13
1.380610816079889e-13
1.4259931909131646e-13
1.4117070502631735e-13
1.5194917722112941e-13
1.5621329338908519e-13
1.6111657647627835e-13
1.5348289966211368e-13
1.4908835363330807e-13
1.45983796499484e-13
1.5044623586971587e-13
1.6176709495832389e-13
1.6086265297604388e-13
1.558912623893379e-13
1.4664284712358983e-13
1.6532403545079607e-13
1.7632725944079446e-13
1.8824977937153907e-13
2.0385231531541368e-13
2.118510485894248e-13
2.2004239280662963e-13
2.008232092546566e-13
1.7549099985866636e-13
1.5896565946388372e-13
1.5674610388281993e-13
1.6312383007479895e-13
1.6633570427395965e-13
1.685999448071434e-13
1.689480497761371e-13
1.5517573779698067e-13
1.453028926228563e-13
1.5014756682567556e-13
1.4835633976534782e-13
1.56022253542536e-13
1.4789307173086e-13
1.5262148991092999e-13
1.6315515627887197e-13
1.5155574631469258e-13
1.6229136135414145e-13
1.8083517963781083e-13
1.7627663640569986e-13
Acceptance rate: 0.33928571428571697
1.0968727693713872e-13
1.029841254146571e-13
9.952645085757517e-14
1.157910132570313e-13
1.136123745017427e-13
1.2953523384218024e-13
1.2626591840898868e-13
1.2134873356166498e-13
1.247361836602618e-13
1.192047794402733e-13
1.6016551758535085e-13
1.5959430615120775e-13
1.6772070896862579e-13
1.6584872546572772e-13
1.6209248296091113e-13
1.5509069066645043e-13
1.3763710811674894e-13
1.3244362473849656e-13
1.3232582435978138e-13
1.2079672566032326e-13
1.176828433727432e-13
1.0889271317963659e-13
1.1362580091035216e-13
1.1854278835400396e-13
1.2425436980733322e-13
1.2532953804647994e-13
1.1803446534505622e-13
1.1809489446780413e-13
1.2334677981026317e-13
1.3052202067066238e-13
1.3293466601371964e-13
1.421781778242353e-13
1.5242156128600579e-13
1.720807316033666e-13
1.7041918057603902e-13
1.6051497259886074e-13
1.560389771030297e-13
1.5478449795977752e-13
1.5253041384246147e-13
1.6438077426107298e-13
1.7691935105882973e-13
1.7556385518371506e-13
1.7109303648050776e-13
1.705353165737892e-13
1.6512308327434135e-13
1.6215561847117355e-13
1.6239144253808784e-13
1.7925513876326202e-13
1.757747800738045e-13
1.6187010556864522e-13
1.4647572514777385e-13
1.422798482574656e-13
1.4010320787865937e-13
1.587899397942991e-13
1.5108541038563368e-13
1.394516284526453e-13
1.4094015753163502e-13
1.7250456148444337e-13
1.6662050076727279e-13
1.5758153353086706e-13
1.5203009462523298e-13
1.3960176173034776e-13
1.3243581307714952e-13
1.2250654520327962e-13
1.3644382284893205e-13
1.314487296510402e-13
1.213365156916616e-13
1.1666955195864483e-13
1.2780711643613474e-13
1.348769672883144e-13
1.4727627991417788e-13
1.428679802521832e-13
1.45837343096879e-13
1.6060630548905725e-13
1.5837309253789816e-13
1.525408504997328e-13
1.3869049794587337e-13
1.2801261735891665e-13
1.2985717255478194e-13
1.3079932758356053e-13
1.3031105467647612e-13
1.2543419192342496e-13
1.2244910414475987e-13
1.214135132100072e-13
1.2866153016396257e-13
1.210582464428736e-13
1.2165708220540622e-13
1.2029173966196462e-13
1.2177466248489528e-13
1.163921278314169e-13
1.2778453578581861e-13
1.4698007460934463e-13
1.6102072514660092e-13
1.6824925579893538e-13
1.7746336758042112e-13
1.7028884810578724e-13
1.7819510591979233e-13
1.8994077744923773e-13
1.870635001826534e-13
1.7607378571944255e-13
Acceptance rate: 0.3396875000000031
Sampling time (10 samples): 4679.7328 seconds
