/scratch/users/yanlan/TroubleShooting/SMassim/Output/AM_PM_ET_192_359_00
2.282283172537089e-07
1.0785250940950259e-07
5.7898829098620876e-08
3.132350088935831e-08
1.734050857991097e-08
1.0153267713345488e-08
6.567137313828459e-09
3.996918246985764e-09
2.659308923159768e-09
1.6989821787074906e-09
1.1575618163282364e-09
7.617354546982611e-10
4.930313386225043e-10
3.454387381669645e-10
2.513714824497489e-10
1.6151382312070422e-10
1.22567559801278e-10
8.833489523753995e-11
6.229229312849865e-11
4.752416564020736e-11
3.4460617139602216e-11
2.658397930642953e-11
2.034884735542189e-11
1.664379089356195e-11
1.315618758057609e-11
1.1247215223885848e-11
9.223163565197494e-12
7.301711156653874e-12
6.096208509748894e-12
5.070806800502055e-12
4.296321436636401e-12
3.6517964196045705e-12
3.1421081272924438e-12
2.6915063857325336e-12
2.2063338988327126e-12
1.7708956371841408e-12
1.4373551361077353e-12
1.2278791898720242e-12
1.1196218499509343e-12
1.0574209674956316e-12
1.05888764127497e-12
9.811028021393986e-13
1.1360441868118114e-12
1.0132962973581457e-12
9.162588440209484e-13
8.110955041231496e-13
6.626555797663255e-13
6.141587494065718e-13
5.764802852555752e-13
5.693336304821529e-13
5.102868340894545e-13
4.971481228797026e-13
4.861770701804833e-13
4.734747929031301e-13
4.1479618633562604e-13
4.735125397410873e-13
4.3308663652398075e-13
4.4640120283363303e-13
4.1630014144728007e-13
3.4476977847847893e-13
3.4839636526610447e-13
3.39856062987735e-13
3.232097396657569e-13
3.050613135574785e-13
2.995629939544574e-13
2.881938649786348e-13
2.4549510425347657e-13
2.2463766689105428e-13
2.0949882739007415e-13
1.9423580587175045e-13
1.8735641536201495e-13
1.7838786546249414e-13
1.651547166751409e-13
1.5046418334608934e-13
1.3578696157303978e-13
1.3354377502749617e-13
1.3000836707513628e-13
1.1891194577779877e-13
1.1166786654550445e-13
1.1478887604952977e-13
1.2022482686211397e-13
1.130913397952229e-13
1.0577307297124324e-13
1.0914076566015513e-13
1.0780909138520336e-13
1.0181934859301245e-13
1.0565798225046571e-13
1.055948319459262e-13
1.0177064881089242e-13
9.003276980427706e-14
9.590617646471855e-14
1.057917097851949e-13
1.1297767766944701e-13
1.0229403370310736e-13
8.299257893725969e-14
8.202020549038561e-14
8.437884590755417e-14
8.652348209094703e-14
8.12313253239925e-14
8.898649464683229e-14
Acceptance rate: 0.3875000000000001
4.9655450697525484e-14
4.7296471994693076e-14
4.6401419427353525e-14
4.76956512033084e-14
4.5460714779983974e-14
4.569313127274267e-14
4.3799498016870746e-14
4.3089178446746785e-14
4.2303885286078496e-14
4.1200739355842605e-14
3.9519615788234e-14
4.036093100672208e-14
4.5824791244874696e-14
4.429327896677058e-14
5.007780594834672e-14
5.269002322353616e-14
5.111190994172477e-14
5.115359439313775e-14
5.4516759113600307e-14
5.0857664654498596e-14
4.941457822623745e-14
4.8561998231978903e-14
5.039411594202884e-14
4.4299759274933364e-14
4.3210107141966854e-14
4.6000919198817597e-14
4.810887401008757e-14
5.014949553484828e-14
5.850616180407837e-14
5.495348502307131e-14
5.815425272639505e-14
6.277540620552191e-14
5.69987670589343e-14
5.767739350090379e-14
5.5635204504905414e-14
5.029492435520132e-14
6.015125919220169e-14
5.720943907992281e-14
6.485877177517047e-14
5.7272788694224e-14
5.4037391611576974e-14
5.209241487202436e-14
5.398100199712152e-14
5.4581786036963725e-14
5.381524414759109e-14
4.843695347570683e-14
6.113439179390985e-14
6.565592364759387e-14
6.735833337202588e-14
6.499917669023628e-14
6.726839704188418e-14
6.608389494449728e-14
6.229913226126918e-14
6.494028358715728e-14
7.031723616252792e-14
5.978046533027008e-14
5.479261001821434e-14
5.804365600923154e-14
6.174864381714034e-14
6.06906135499619e-14
6.29832611360535e-14
6.312363694626923e-14
6.108423579684146e-14
6.31215840574854e-14
6.688244329606967e-14
6.328422201062418e-14
6.19843455594694e-14
6.323228038701441e-14
6.677273056366226e-14
7.407703394811015e-14
7.440564613206493e-14
7.484857893993632e-14
7.324438805778728e-14
7.146003018660159e-14
6.953139614277286e-14
6.631551649551494e-14
6.193522235632956e-14
6.601631616495884e-14
5.827924693942448e-14
6.530911721133846e-14
6.865599389324324e-14
7.211825901394358e-14
6.413235801822202e-14
6.952839161652637e-14
7.817387562489979e-14
8.052556917851696e-14
8.069521338338479e-14
8.718623054397049e-14
8.196248800554759e-14
7.439641994712882e-14
7.371786667173753e-14
7.025026865947434e-14
6.914036845620824e-14
7.067536884724109e-14
7.03867221674344e-14
6.812930966963463e-14
7.275304206932905e-14
7.750487893804836e-14
7.281542274785988e-14
6.938461821492816e-14
Acceptance rate: 0.36150000000000054
4.0890229165826375e-14
3.776171925828274e-14
3.790611188737862e-14
3.584761629123868e-14
3.3705917244210023e-14
3.737308576215422e-14
3.5165182323309006e-14
3.9002047590104316e-14
3.608908817973469e-14
3.582872213102205e-14
3.6602749936659114e-14
4.313337538351331e-14
3.977669423651237e-14
4.078634419907116e-14
4.036087209090484e-14
4.078687763893785e-14
4.3419710858185025e-14
4.2648144400891185e-14
4.7045189522840556e-14
4.832254206218247e-14
5.013866700224899e-14
5.0240187513619807e-14
4.6593283068937654e-14
4.597951700439916e-14
4.5905759726938237e-14
4.264386401620265e-14
3.855551868772215e-14
3.842115346281993e-14
4.129258645581674e-14
4.280668498736937e-14
4.236191266644806e-14
4.731970788746624e-14
4.1470611720607836e-14
4.251251937905156e-14
4.1961767786801286e-14
4.394555380018635e-14
4.723256760335209e-14
4.8923714265321723e-14
4.676173270376305e-14
4.627467660293023e-14
4.737642422035693e-14
4.803187871490101e-14
4.841495919577951e-14
4.8321613774856266e-14
5.061625627207812e-14
5.119394021905701e-14
4.600003396730207e-14
4.873627887167754e-14
5.0668941174319367e-14
5.106155300400966e-14
5.156282960820184e-14
4.9549668129824055e-14
4.839827513146395e-14
5.468651088033796e-14
5.585196536111284e-14
5.685730000299689e-14
5.448480574687589e-14
5.1007949420645315e-14
5.1134587948455443e-14
4.970505122270106e-14
4.692790358885128e-14
4.438918820394464e-14
4.3498241104746546e-14
4.323373043422735e-14
4.7525208266357236e-14
4.5621147644183185e-14
5.1974910056774595e-14
4.907447188408841e-14
5.491878300659391e-14
6.079285269503769e-14
5.650911075793119e-14
5.770201543552775e-14
5.519579776010305e-14
5.251512815039462e-14
4.769952475813932e-14
4.9066822261816343e-14
4.442370189548188e-14
4.587504599165344e-14
4.340258639073847e-14
4.277708922287056e-14
4.2752421474678105e-14
4.219128637394499e-14
3.936908422941281e-14
3.807863603707937e-14
3.86077113840466e-14
4.057724934779808e-14
3.908255205299116e-14
4.2155774828352674e-14
4.1025505347281484e-14
4.646323780130087e-14
4.73112858706781e-14
4.8919287190750306e-14
5.225257435577363e-14
5.176116557143618e-14
5.757264269947122e-14
5.718078397423357e-14
5.415104198258665e-14
5.1447972656232463e-14
4.7607918980946555e-14
4.4873685664651867e-14
Acceptance rate: 0.35566666666666724
2.6414276624897963e-14
2.6850150940167988e-14
2.7660581358135516e-14
3.11973906950923e-14
3.0978954185197407e-14
3.009600355512651e-14
3.4465642728053455e-14
3.403278270674241e-14
3.585707338306842e-14
3.8690083243027195e-14
3.497396171680038e-14
3.5954767567818546e-14
3.970570035786644e-14
3.738432855653147e-14
4.1434023755173125e-14
4.270282746270264e-14
4.1128227404624916e-14
3.9207118313385186e-14
4.71025040064237e-14
4.834418637812552e-14
4.782905205206488e-14
5.1890903524122084e-14
6.048764345856746e-14
7.496462666695852e-14
6.902179001310823e-14
7.525088642308569e-14
7.115517293460723e-14
6.618627849435576e-14
6.966502706466117e-14
7.533554298579841e-14
8.385279135155175e-14
8.415328945792762e-14
8.045041116002697e-14
8.193100060565244e-14
8.344808511617764e-14
7.817752729644406e-14
7.556127226794339e-14
6.880132430322024e-14
7.085672647333387e-14
6.86995852051474e-14
6.812200789898453e-14
6.795555550510061e-14
7.097876256355231e-14
7.615203823059884e-14
7.574306392053059e-14
7.608139708371823e-14
7.823316789982098e-14
7.713301085657825e-14
7.78971581628607e-14
7.553909121300097e-14
7.453097128340854e-14
8.705979933772785e-14
8.518826049628975e-14
8.452448012366742e-14
9.689326649299976e-14
8.466382788586222e-14
7.603539271200852e-14
7.720920990359101e-14
7.776448519546877e-14
7.1682876010874e-14
7.645700307556184e-14
7.348407139311444e-14
7.650214123338189e-14
8.147795548229093e-14
8.491985057629808e-14
7.698318560091997e-14
7.735199952584249e-14
7.839182003195574e-14
8.346844439565378e-14
9.025619659406313e-14
8.685667436895561e-14
8.034516670775865e-14
7.569450826408839e-14
8.012291601407977e-14
8.029594969993717e-14
7.876128829679727e-14
7.873621941809415e-14
7.131777378850219e-14
7.022136641919423e-14
7.164176267832218e-14
7.405013633843666e-14
7.549463392653573e-14
9.38177925648178e-14
8.650066188188639e-14
9.559759506791878e-14
9.800786964818338e-14
9.306693405435465e-14
9.126849479698079e-14
9.112024544690007e-14
8.934359930311963e-14
8.577147238612958e-14
8.103335626058287e-14
8.060157073614832e-14
7.976107762956153e-14
7.873979991230801e-14
9.03702712477696e-14
9.048021993407438e-14
9.675934585875261e-14
9.486140036603434e-14
9.174731363420684e-14
Acceptance rate: 0.3541249999999997
5.5319713615558835e-14
5.157702813666618e-14
5.023909391218334e-14
4.661607975298281e-14
4.934211300561217e-14
4.79389647396587e-14
4.438700459628729e-14
4.3187882148002214e-14
4.652746952600683e-14
4.9644746380135657e-14
5.686353559885354e-14
5.939263302359752e-14
6.220540792891237e-14
6.453926732551625e-14
5.737976981591548e-14
5.533342571509922e-14
5.486553636432823e-14
5.770842873778385e-14
6.318353824781992e-14
8.156141130263855e-14
8.376033323076519e-14
8.826257351159386e-14
8.476566049271211e-14
8.750935968636386e-14
7.914633166283162e-14
7.549349270769878e-14
7.838460534589987e-14
8.100921565223551e-14
7.296729869826857e-14
8.263017653383745e-14
9.095903191406363e-14
1.0120966132910518e-13
1.045239354365001e-13
1.206444655221287e-13
1.267754098219629e-13
1.1827230401529133e-13
1.1161615764112505e-13
1.1575543791779482e-13
1.3167811815414695e-13
1.2877372986451115e-13
1.3186017664140018e-13
1.351550727207754e-13
1.3508995560007235e-13
1.3629449583634705e-13
1.1995027400456014e-13
1.193944923919745e-13
1.2655514128889894e-13
1.1608376837385123e-13
1.172283105256127e-13
1.2078690523153336e-13
1.2337943577734958e-13
1.2921556498446162e-13
1.2957039113248426e-13
1.690105969960854e-13
1.7655518045885488e-13
1.8934867437639206e-13
2.0101851218737337e-13
2.0484640931141032e-13
1.997091099679223e-13
2.0481055266728074e-13
1.9506846154308687e-13
1.7762723339144743e-13
1.6599916371553933e-13
1.653665306584111e-13
1.6515862770713234e-13
1.6055822813372587e-13
1.5682551238550087e-13
1.5769639326636991e-13
1.7940952920018737e-13
1.6738337873823348e-13
1.8020198355547834e-13
1.6740637852004442e-13
1.5184751426761437e-13
1.492276896488018e-13
1.4818774438356134e-13
1.5097860660829162e-13
1.4510493041344845e-13
1.5333705674903182e-13
1.3810164535530122e-13
1.322203864651835e-13
1.342914919503809e-13
1.5114198831383115e-13
1.6650843018455986e-13
1.6243514475557908e-13
1.6761564200230217e-13
1.625468376857331e-13
1.4703843968023227e-13
1.5479850383885674e-13
1.6353261699744208e-13
1.577723111043539e-13
1.774184926430639e-13
1.4876755650615541e-13
1.3668974228086225e-13
1.222933382257672e-13
1.0732587383561192e-13
1.197494407599331e-13
1.1199173025856359e-13
1.1256060887927033e-13
1.0635683727916752e-13
1.0225738283907901e-13
Acceptance rate: 0.3471999999999996
6.153368342760991e-14
6.124388607076285e-14
6.009970971369321e-14
5.852202440642668e-14
5.833871892113904e-14
5.953273233365166e-14
6.632873968134807e-14
6.057100223144967e-14
5.67469342901045e-14
6.09191719900861e-14
5.930961998474469e-14
6.163708261639127e-14
6.045048775806081e-14
5.72124644259677e-14
6.188962888193534e-14
6.118891753567301e-14
5.539267563903495e-14
5.663631490206883e-14
5.920957375198867e-14
5.949702497519506e-14
6.11670985066786e-14
6.651328022679768e-14
6.333248273987483e-14
6.386774878395169e-14
7.231401369570606e-14
7.202559428175579e-14
7.80766768423935e-14
8.731040965485351e-14
8.821853092192105e-14
9.162082078857937e-14
9.32184212251374e-14
1.0612781601238642e-13
1.0700275876724177e-13
1.0041621822378435e-13
1.0016861827729631e-13
9.872556746268991e-14
8.691694296143017e-14
8.419565089452533e-14
8.517973060209482e-14
9.083511601485379e-14
9.743528551860684e-14
9.593338432744796e-14
9.275125912346318e-14
9.430707245622919e-14
9.072475323328404e-14
9.080705435561284e-14
8.561938923558919e-14
7.802811282395456e-14
7.008003255183405e-14
7.455148185509377e-14
7.539468014545309e-14
7.97615299488861e-14
7.851116832557796e-14
8.105384175266692e-14
8.548718295583606e-14
9.33115691252482e-14
9.616667406752672e-14
9.617181393153717e-14
9.806773527978747e-14
8.71384612774382e-14
8.383187139319764e-14
8.335159981334564e-14
7.644750990388125e-14
7.987092855288254e-14
9.048127650833308e-14
8.706300172211163e-14
7.617932038926976e-14
7.595367565635567e-14
7.580404359734558e-14
8.356007010090614e-14
9.297042175666008e-14
9.66784565721332e-14
1.1576727378153147e-13
1.1941270647484726e-13
1.256947143203634e-13
1.1827423217314786e-13
1.1429439958049962e-13
1.096573283052063e-13
1.0457792332099473e-13
1.1000492118488996e-13
1.165850707211797e-13
1.083339914621767e-13
1.022579551046142e-13
1.111852549135873e-13
1.1297408525266846e-13
1.1477905550868497e-13
1.147400083282225e-13
1.2600175427866966e-13
1.2219512246459753e-13
1.1688830737393264e-13
1.1454821114830174e-13
1.1615318110175149e-13
1.16179045484933e-13
1.1828548820293503e-13
1.1785955960157912e-13
1.2830151539752423e-13
1.2623270798989377e-13
1.2431895382117154e-13
1.224275721106761e-13
1.1193133280154655e-13
Acceptance rate: 0.3440000000000005
6.760567042144587e-14
6.159154403846845e-14
5.749021092489815e-14
5.88219440661261e-14
7.759374711523637e-14
9.2813262686789e-14
8.8848539680265e-14
8.35117048911004e-14
8.267706752537415e-14
9.118893555300915e-14
9.967762810548549e-14
1.0356946364233582e-13
1.1232829643496258e-13
1.0420479360709269e-13
9.760662821761939e-14
1.0060703869636032e-13
1.0287853423231853e-13
9.865336424689635e-14
9.690818664661226e-14
1.0714213962618164e-13
1.0820844534718472e-13
1.1157195161932435e-13
9.551104302069616e-14
9.581251871887441e-14
9.383139867292882e-14
9.919299700926459e-14
9.979216327056309e-14
1.018293409952074e-13
1.0757608112485767e-13
1.0503155503823736e-13
9.388531072503323e-14
9.313203050289875e-14
9.376508140872009e-14
9.540187951958206e-14
8.64848679170437e-14
9.452861429960113e-14
1.0347086970094517e-13
1.0408312185386274e-13
9.770990501185292e-14
8.959102612815649e-14
8.658114869988421e-14
9.437257740226083e-14
8.758800510471744e-14
8.504001450060547e-14
9.127411176875241e-14
9.764606173253231e-14
9.920208929263469e-14
1.093191757175661e-13
1.0392133640467821e-13
1.1130361296663487e-13
1.0935071499291905e-13
1.1750252894958964e-13
1.1587307458043353e-13
1.1580870590881145e-13
1.2286366882633355e-13
1.221151972714815e-13
1.2744502498473778e-13
1.3001366471965447e-13
1.346686425156813e-13
1.2193669977360477e-13
1.3236594594549704e-13
1.324441589125543e-13
1.1693510170338617e-13
1.1328149967761814e-13
9.95729301800228e-14
9.985270857503523e-14
1.0394398325558884e-13
1.011262565355215e-13
1.0069881064102171e-13
1.2226742569039968e-13
1.234373667329698e-13
1.204472732496182e-13
1.0927873260238127e-13
1.0509898821989964e-13
9.883907270324908e-14
9.008897250626391e-14
9.031774421734389e-14
9.661213947302261e-14
8.888012654657293e-14
8.397711249704196e-14
9.273416518348972e-14
1.0157569044510688e-13
1.1241011257094741e-13
1.1845431170266656e-13
1.098900546347965e-13
1.1190225562668764e-13
1.1762740011460436e-13
1.1962296732579112e-13
1.160144411229358e-13
1.163463243013397e-13
1.0457574860917259e-13
1.0030658155034878e-13
9.96631982697613e-14
9.19651260243018e-14
9.20334420582301e-14
8.204960771709118e-14
8.155624385378592e-14
8.608746906856872e-14
9.862207989415918e-14
9.739253402482264e-14
Acceptance rate: 0.3429999999999991
6.012832174755563e-14
5.517747709026906e-14
5.786965537788954e-14
5.4922317615877057e-14
6.205507654825849e-14
6.688841822212073e-14
6.433131515633005e-14
7.329956042690544e-14
7.559641774393925e-14
7.296553018038768e-14
7.672807082890661e-14
8.091624041627865e-14
8.346151103549015e-14
7.90585506654233e-14
7.498152663420113e-14
7.825618105221523e-14
8.214505099151771e-14
8.552577537850956e-14
7.832771601619957e-14
8.280010769597164e-14
8.708384640424491e-14
9.277481890818128e-14
1.0010053978215613e-13
1.0673154921576413e-13
9.792553936560431e-14
9.04690199690631e-14
9.007082034883743e-14
8.887896720239701e-14
8.929897961534552e-14
9.168007615525034e-14
8.914520346502409e-14
9.660162495691673e-14
1.0070438955697369e-13
9.554955938315007e-14
1.0595933804270963e-13
1.1302380575835905e-13
1.0993878156101576e-13
1.0901120722642283e-13
1.1695527193793309e-13
1.1938266384393342e-13
1.2302241689607885e-13
1.1965708362021965e-13
1.1679369547003632e-13
1.3202350812817697e-13
1.253810293594963e-13
1.1951436583952615e-13
1.1582046538347058e-13
1.1411121338324754e-13
1.0918389648423777e-13
1.0801188703510014e-13
1.0708585691227518e-13
1.1187753002642649e-13
1.2613203812998917e-13
1.2427835338754405e-13
1.325835957165962e-13
1.288834844384676e-13
1.3494401367781605e-13
1.3202165725200332e-13
1.4221172202991266e-13
1.4393697608423523e-13
1.3783675071409452e-13
1.4562296768009106e-13
1.624504782413469e-13
1.5613158759432262e-13
1.6098754416095728e-13
1.4985182308881314e-13
1.4002615270043545e-13
1.4367643669172187e-13
1.582104214358363e-13
1.6183117138235412e-13
1.599524985386388e-13
1.560217136526747e-13
1.555270450898835e-13
1.6771579041934019e-13
1.5260215286390472e-13
1.5573678329806992e-13
1.4890358867668606e-13
1.5808402092922572e-13
1.6753322826374888e-13
1.5867797873485113e-13
1.416778477360307e-13
1.5973818034751772e-13
1.4991728024123477e-13
1.712392604459778e-13
1.583143246177154e-13
1.5784751775804249e-13
1.5876250642365406e-13
1.7986106198305916e-13
1.994746912163527e-13
1.919811328071841e-13
1.920996001717466e-13
1.8462635703868196e-13
1.7770454463950218e-13
1.7239895941815797e-13
1.711163197612775e-13
1.7180769228695964e-13
1.5603009441961987e-13
1.4940934136888573e-13
1.55230211504608e-13
1.5104744348575582e-13
Acceptance rate: 0.3396874999999988
Sampling time (10 samples): 4455.7532 seconds
