/scratch/users/yanlan/TroubleShooting/SMassim/Output/AM_PM_ET_215_315_00
2.2769714815384579e-07
1.0821137694281129e-07
5.469516206388786e-08
3.046491449349955e-08
1.7293154818816143e-08
1.0723705591135403e-08
6.3075460225683675e-09
3.761076360835154e-09
2.6193957456003303e-09
1.6007296895251325e-09
1.067164544038897e-09
7.760823092826368e-10
5.033512761685333e-10
3.438397027592725e-10
2.398344665687212e-10
1.7498822622748388e-10
1.2736647454263163e-10
9.600099083657751e-11
6.676684380627074e-11
4.8237767095640836e-11
4.0248723511104596e-11
2.7812332835614392e-11
2.239226454550923e-11
1.7227705465754976e-11
1.3916009332768386e-11
1.213751786716847e-11
9.361331842215496e-12
7.892916477481079e-12
7.2237323754835256e-12
5.5356703542201674e-12
4.4717107399726886e-12
4.175858980485817e-12
3.326124101116552e-12
2.709244985967523e-12
2.281956978752961e-12
2.02590723279089e-12
2.038601469825839e-12
1.7216336235614421e-12
1.4497963578791406e-12
1.2232631830144542e-12
1.094288296404416e-12
9.815336715790395e-13
9.005929350274165e-13
7.722240542026297e-13
6.434350357278819e-13
5.767686922180851e-13
5.386349625924184e-13
5.05807352377339e-13
4.66694235997897e-13
5.119599912652293e-13
4.558831367331363e-13
4.4781387328830664e-13
4.298429552087233e-13
3.751755155846407e-13
4.0484550190150114e-13
3.5880352353336855e-13
3.276437453679634e-13
3.2276930382223116e-13
2.985233238241599e-13
2.916169079506049e-13
2.880214475454312e-13
2.4811088021559776e-13
2.49102712852489e-13
2.2514788242928568e-13
2.2153556075660212e-13
2.2814824044952733e-13
2.2090109998924761e-13
2.0648752406072876e-13
2.1733744301149152e-13
2.3111898762755545e-13
2.1998909167772373e-13
2.4020092343331796e-13
2.1440553947484789e-13
2.13846111773333e-13
2.0880475227691114e-13
1.899182222610305e-13
1.8010373425396977e-13
1.8302131936712166e-13
1.9255508599498398e-13
1.5786706005867008e-13
1.490529737243981e-13
1.6365347129920298e-13
1.6115572846804105e-13
1.6452719079544964e-13
1.530809425809029e-13
1.5213827785420643e-13
1.575627041068198e-13
1.4306348925471727e-13
1.376066188782383e-13
1.6500118677594548e-13
1.6628441477857767e-13
1.7049386632547519e-13
1.4277101910444241e-13
1.298321429078675e-13
1.2384773023947915e-13
1.162077675671478e-13
1.0708026699318117e-13
1.0231326781416156e-13
1.0119654053425591e-13
8.855913660500047e-14
Acceptance rate: 0.3829999999999995
4.9905512079473595e-14
5.364630066153613e-14
5.1809702512270576e-14
5.417873850272663e-14
5.724709654744569e-14
6.19005818420487e-14
5.748865094570994e-14
6.739463319827736e-14
6.376657187454571e-14
6.147578701146606e-14
5.743697356232019e-14
5.247436141431265e-14
4.8884021239530013e-14
5.216514547449521e-14
5.589072587966724e-14
5.96428773279228e-14
5.884932707481685e-14
5.3957786571196605e-14
5.982958432884565e-14
5.763952220573904e-14
5.146449655312959e-14
5.068651057986254e-14
5.2641059596247075e-14
6.337600055729106e-14
6.344138200757577e-14
5.95969975462746e-14
5.90787452800451e-14
6.229457247397437e-14
6.600496614394533e-14
7.08673831387047e-14
8.221704850896176e-14
8.533261580703457e-14
8.380350647869101e-14
8.302337284991303e-14
9.343875893172834e-14
9.252455831233387e-14
9.523879457415078e-14
1.056879057455317e-13
1.0921241689429493e-13
1.1060673383188767e-13
1.0838664052946967e-13
1.0073311778516629e-13
1.0013268702458792e-13
1.0436706244152857e-13
1.0866438030856299e-13
1.0149553163650718e-13
9.88407045473011e-14
9.520763162514298e-14
9.963064051251849e-14
8.680446213471797e-14
8.442336222172085e-14
8.387949831716781e-14
8.605109591755173e-14
8.897517001023959e-14
8.149393227111628e-14
6.865623622762317e-14
6.830693815429883e-14
6.949501520106625e-14
7.276971327205939e-14
7.807140061932641e-14
7.494045077172105e-14
8.008371880662449e-14
9.607585313720477e-14
1.1259818294521116e-13
1.0767715037401631e-13
1.0216805149956627e-13
1.0797868491841522e-13
1.0350830540939229e-13
1.0064388137513978e-13
9.807737235747723e-14
9.963895848171326e-14
9.413746639953142e-14
8.326151983466929e-14
7.725546440380284e-14
7.7417018711604e-14
8.542094206250622e-14
8.696244494575845e-14
9.10573478760171e-14
8.518088250001946e-14
7.496367283350481e-14
6.646665227842862e-14
6.820719248274821e-14
6.706357518697908e-14
7.011780353223792e-14
6.48743382565633e-14
5.717644553284837e-14
6.202851003048488e-14
5.998229730872393e-14
6.047431889725417e-14
6.615200506191278e-14
5.898257724120634e-14
6.3110559794039e-14
6.236303659382943e-14
5.743040089477253e-14
5.928133415529151e-14
6.296810043035494e-14
6.169542410859458e-14
6.373220187067377e-14
5.784628445911769e-14
5.664105695994471e-14
Acceptance rate: 0.3555000000000003
3.320093417427679e-14
3.716519411580892e-14
3.922973917967623e-14
3.4394150690656826e-14
3.5444175626958486e-14
3.466808439247228e-14
3.3867642716813475e-14
3.3144386126597437e-14
3.621244705323025e-14
3.507809204395234e-14
3.421001725616068e-14
3.253510978455428e-14
3.042036735085594e-14
3.414006205514032e-14
3.7074226688291593e-14
3.8687771789915664e-14
3.583947340893723e-14
3.3750600410680906e-14
3.7217213807059057e-14
4.396965097489328e-14
4.655977274782266e-14
4.599260180648696e-14
4.553079805490955e-14
4.839083947065993e-14
5.0298767129868756e-14
4.7350241847586825e-14
5.148000413942155e-14
7.044038491218842e-14
7.945034771956031e-14
7.09091730808089e-14
7.152150031517614e-14
8.109639268263462e-14
7.872005857804532e-14
7.844154414919334e-14
7.326480263194833e-14
7.684211540831843e-14
7.211365851745195e-14
6.353170416204738e-14
6.046715329906388e-14
5.924833595586179e-14
5.6324192206012625e-14
5.373259229428685e-14
5.131020297897894e-14
4.4794588279253995e-14
4.5190964362186607e-14
4.528980006286521e-14
4.6205353474788043e-14
4.6081806117487706e-14
4.757331430619182e-14
4.962479258782136e-14
5.397810132451962e-14
5.889532567981875e-14
6.584323612485125e-14
6.409669589776773e-14
6.748521801558317e-14
7.268735495895704e-14
8.138501103629026e-14
7.980593958132667e-14
7.953414014528564e-14
8.987600459017531e-14
9.058943940605638e-14
1.2201049918921458e-13
1.1361274286696795e-13
1.2074003455723555e-13
1.3133899808703253e-13
1.2850560025022421e-13
1.4332937308823874e-13
1.5093596560719767e-13
1.4145684502517465e-13
1.3533572736346523e-13
1.273501365785194e-13
1.230204239264367e-13
1.315893392979911e-13
1.304211480715903e-13
1.2393092078911063e-13
1.0233665943082363e-13
1.0107989097398792e-13
9.618567923978826e-14
8.858782888050504e-14
8.64978512378991e-14
9.379715599798703e-14
9.641501184672032e-14
9.86845584703802e-14
9.5269140104953e-14
9.681413313182589e-14
1.0183686012404221e-13
9.909439055582651e-14
9.768468214753125e-14
9.344371448776661e-14
8.54722912159172e-14
8.197761781152268e-14
7.280687413443745e-14
6.593708783288482e-14
6.705834585702737e-14
6.59722294217994e-14
6.724372951250136e-14
6.644731353447806e-14
6.206095907468214e-14
6.478789018964902e-14
7.078328964881278e-14
Acceptance rate: 0.33933333333333354
4.305185014875929e-14
4.2493686061038563e-14
4.1105154826170274e-14
4.022476114289001e-14
4.4509200094429437e-14
4.293153863986712e-14
4.718971272174556e-14
4.50182923848107e-14
4.226287980836669e-14
4.409963256002614e-14
4.3828469503907476e-14
4.364777476498645e-14
4.19965093005284e-14
4.195834456336335e-14
4.711135943019579e-14
4.5056335127316284e-14
4.160990433154341e-14
4.0121184537861614e-14
4.3020027490372376e-14
4.285518113647681e-14
4.650385310057135e-14
4.931705359444716e-14
4.691244499715951e-14
4.491245194304611e-14
4.4591889238744376e-14
4.8882431978201154e-14
4.433055725150699e-14
4.3263889478799016e-14
4.135678777639943e-14
3.885873946278945e-14
3.792004134300982e-14
4.044156112078356e-14
4.007885647414817e-14
4.14188257515779e-14
4.2670893590040656e-14
4.488663549886295e-14
4.289373463729037e-14
4.621499170131416e-14
5.065386125013121e-14
5.613721005393514e-14
5.330071038240821e-14
4.819821256391134e-14
5.261251724859496e-14
6.151258879790141e-14
7.274566950635852e-14
7.252625348652787e-14
7.389984322451975e-14
6.993559723940696e-14
6.847312529464242e-14
6.7914222862165e-14
6.629831249932142e-14
6.474928814765126e-14
8.186108890947871e-14
8.205334950357203e-14
8.19698111405269e-14
8.035180030524774e-14
8.735930192271497e-14
8.312499070833304e-14
8.730968645369891e-14
8.632641972001438e-14
8.406111533959262e-14
8.419217816387108e-14
7.574821159809051e-14
8.027478313637648e-14
8.996733408579938e-14
9.90645314510419e-14
9.798482744552062e-14
1.0961901729062356e-13
1.0574918799338616e-13
9.205918999283162e-14
1.072230630643067e-13
1.1062718504955583e-13
1.0039872090234022e-13
9.591967185921951e-14
9.016743219500483e-14
9.151519035129104e-14
9.420544196869699e-14
9.615832037923891e-14
9.395826532973586e-14
8.319021878372153e-14
7.130450723946186e-14
7.230316246997585e-14
7.425564313325268e-14
7.008528164255916e-14
6.676130465624608e-14
6.910352539545082e-14
6.890085448683657e-14
6.355144056323396e-14
6.753647708641334e-14
6.452426991688527e-14
6.737250925801942e-14
6.420743159430769e-14
7.010472477320012e-14
7.089997369482709e-14
6.804971697677021e-14
6.871752037534093e-14
6.257799841274994e-14
6.227148096202975e-14
6.237394350201766e-14
6.146925454024599e-14
Acceptance rate: 0.32787499999999964
3.6655169342985233e-14
3.7366186511607544e-14
3.370338068441252e-14
3.376841540325635e-14
3.209328624671708e-14
2.962356353128421e-14
3.266686439970904e-14
3.5556049792536044e-14
3.660973438123042e-14
3.730045307944945e-14
3.6416864369272934e-14
3.8065155233184056e-14
4.0598133502863404e-14
3.5174426973642644e-14
3.3832312967838424e-14
3.4663303744705785e-14
3.989911963250584e-14
3.7772215822171855e-14
4.2096307669358936e-14
4.3264821091492965e-14
4.397109325709427e-14
4.4433347186759856e-14
4.5132935006229825e-14
4.4164176349489297e-14
4.8740636227146624e-14
5.0201030019473644e-14
4.896632252874935e-14
5.065513686097226e-14
5.931227544781104e-14
7.110876334249537e-14
7.357078015102112e-14
6.815516910211502e-14
6.969221459918292e-14
6.47597972123171e-14
6.471972795185014e-14
6.41657649589911e-14
6.030049535135814e-14
6.141238295234559e-14
6.276915251936635e-14
7.15656143640278e-14
7.620280058483442e-14
8.254472543947938e-14
7.743689701003048e-14
7.266996135398937e-14
6.877665276854021e-14
7.372995422274255e-14
7.653825073836428e-14
7.890537682549082e-14
7.851711345184919e-14
7.52592879441409e-14
7.492449583478589e-14
8.874509245742129e-14
8.913107288404887e-14
9.350879792641373e-14
8.249363383802727e-14
7.936059362759146e-14
7.246857258677066e-14
7.367013187939892e-14
7.680903239059159e-14
7.874286969504762e-14
7.764562573788984e-14
7.169244066417795e-14
7.212435573591181e-14
7.052480412802699e-14
6.6943322916687e-14
6.932269814454157e-14
6.468251078385112e-14
6.44072879792641e-14
6.39676690072004e-14
5.85409913039727e-14
6.043668952414096e-14
6.119261936605037e-14
6.637720209172268e-14
7.064468384794941e-14
7.134136921919273e-14
7.824445908753327e-14
8.52168680256359e-14
9.047814802730806e-14
9.442097890428373e-14
1.0958395673932353e-13
1.0439867694427302e-13
1.0307270062777762e-13
1.0696267863805975e-13
1.0410955124720573e-13
1.0700028263696144e-13
1.0228288668255722e-13
1.1103170914399294e-13
1.157404657837447e-13
1.194724050007998e-13
1.2595706910094998e-13
1.303750674969589e-13
1.3858196695286048e-13
1.2509661207103123e-13
1.2794212511056954e-13
1.2050071333527844e-13
1.1559978341155252e-13
1.121779648529587e-13
1.2616622070578633e-13
1.33575542847001e-13
1.597729904411227e-13
Acceptance rate: 0.3231999999999989
9.916746144121804e-14
9.28685995280219e-14
9.961478542286979e-14
1.055195743672785e-13
9.662905904487118e-14
1.1010387057540052e-13
9.797989679466314e-14
9.578131145151767e-14
9.916489319136893e-14
9.396672127551401e-14
9.456899165156425e-14
9.377212321264116e-14
8.610434992804039e-14
9.091071472349859e-14
9.960648934109236e-14
9.624147296074085e-14
9.484056699018159e-14
9.754329794832906e-14
9.485080648186189e-14
9.455088536894995e-14
9.003900405985936e-14
7.904267366240635e-14
7.418212463862693e-14
6.955384990410775e-14
7.730990057057156e-14
7.65170596245969e-14
7.593738455742075e-14
7.343715652843056e-14
7.781407509992604e-14
7.767129369663008e-14
8.004649728188445e-14
8.317529980666688e-14
8.420210336180509e-14
7.270727379765733e-14
7.153179758275578e-14
7.015199432747699e-14
7.228623298678633e-14
7.407856327835882e-14
7.078713106806424e-14
6.599260699144301e-14
6.738875189873578e-14
6.622330688367444e-14
7.005934280078741e-14
6.681463911362952e-14
6.573214588978763e-14
6.49029355513257e-14
6.498742009242072e-14
7.419086710516561e-14
8.356859428381986e-14
7.738754805800336e-14
7.62348987743648e-14
7.883310067907188e-14
7.879793005956253e-14
7.286872230666545e-14
7.000710525414558e-14
6.78472160639247e-14
6.48877424212844e-14
7.061866549489935e-14
7.921027982662745e-14
8.367121087564272e-14
8.020376409953216e-14
9.163682043172497e-14
8.925665117595657e-14
9.258696672582662e-14
9.026562427804532e-14
8.973481352266734e-14
9.026579069544882e-14
9.10774709942214e-14
9.165027241506259e-14
1.0534840093026363e-13
1.2119976128176785e-13
1.248745583871033e-13
1.2928508523519068e-13
1.3142427817516058e-13
1.3226974196903132e-13
1.4782257897554838e-13
1.4452729124762925e-13
1.3672080113005716e-13
1.2494424302658415e-13
1.1035247143711227e-13
1.1259397642011216e-13
1.0931660822246907e-13
1.1214253035739439e-13
1.1053649561284875e-13
1.0775174669968049e-13
1.0152324620017511e-13
1.1388491191250237e-13
1.0403255256949264e-13
1.1213950117852373e-13
1.1424317962493222e-13
1.0858397443306177e-13
9.656519116172812e-14
1.0010698684713514e-13
1.0114819770282079e-13
9.019734005032949e-14
8.26788905515914e-14
8.337592981013832e-14
8.53906888678387e-14
8.874046064657953e-14
9.001227950361784e-14
Acceptance rate: 0.3262499999999994
5.4145457318056763e-14
5.699232404568659e-14
5.268529294941179e-14
5.383386802702402e-14
5.863988197051466e-14
5.811662167589511e-14
6.043904265256354e-14
6.162256019567767e-14
6.166315013216752e-14
5.819642582367654e-14
5.585670303746856e-14
5.624542498326094e-14
6.118444258065668e-14
5.915548535937389e-14
5.952734330631626e-14
7.517724123206856e-14
7.340768340463866e-14
7.146924283147812e-14
7.796140780035524e-14
7.999758575385265e-14
8.205330811456184e-14
7.705276093922179e-14
7.811344854348542e-14
7.860813359200329e-14
7.285349987227354e-14
7.056766833486547e-14
6.366092603713115e-14
6.804766082894769e-14
6.146013991852813e-14
5.884957292341596e-14
6.79585139223415e-14
7.159471403985873e-14
8.07393184441318e-14
7.740790325299631e-14
8.090219488841794e-14
8.532307276349953e-14
8.555480136113565e-14
9.250861423796579e-14
8.950412385257387e-14
8.796222471944794e-14
8.70613661175609e-14
8.06273640607324e-14
8.265433601256444e-14
8.888221115797386e-14
1.1921040064426867e-13
1.1548741541264982e-13
1.1583682804294133e-13
1.3008183536744388e-13
1.3769039457465675e-13
1.486017324395787e-13
1.3111958886500024e-13
1.2083655441794782e-13
1.117493604196102e-13
1.2303088495217745e-13
1.2840377931088223e-13
1.2004449130371508e-13
1.1569767835739062e-13
1.1019033951228901e-13
1.0280381210900531e-13
1.016190571464827e-13
9.167972764535109e-14
9.539968108249308e-14
9.465963867802601e-14
8.751632811163762e-14
9.479820574780504e-14
1.0456672925929359e-13
1.0606574172960912e-13
1.0012508569989741e-13
1.1162002134274673e-13
1.1517246292573206e-13
1.267077782999823e-13
1.242303871778678e-13
1.2617090907776766e-13
1.5629810584014217e-13
1.514787220608064e-13
1.6481873103822265e-13
1.8663335017182524e-13
1.8494277503121345e-13
1.7974839100790013e-13
1.8522460140031027e-13
1.7454465060066713e-13
1.8305563964803925e-13
1.9033036478272068e-13
1.911737269457994e-13
2.2035051058550802e-13
2.337613584720065e-13
2.29362969043899e-13
2.203685582270119e-13
2.339180632719281e-13
2.46831237522326e-13
2.3414538960981713e-13
2.5602213157048773e-13
2.3291949015265593e-13
2.0747279129158375e-13
2.1739382472450491e-13
1.9527092214428433e-13
1.999975794465438e-13
1.9060681869676854e-13
1.928578737732687e-13
2.113371392989705e-13
Acceptance rate: 0.32435714285714284
1.3080696625820824e-13
1.297915611261024e-13
1.2078183802476733e-13
1.0872205814637888e-13
1.0428338701095934e-13
1.0931410586823069e-13
1.0457959301974894e-13
9.342701339113703e-14
1.0045585675808866e-13
1.0106041330697482e-13
1.0258257040056415e-13
1.0779084703072173e-13
9.794536714505621e-14
9.61907966244374e-14
9.44362187030487e-14
9.127288160776616e-14
8.717939149806439e-14
8.518356293815936e-14
8.938570492726e-14
8.735554350017291e-14
9.057781726163001e-14
8.853942526604538e-14
8.81057876725146e-14
9.053175054217035e-14
9.189828928107945e-14
9.117062543952291e-14
8.74319285237409e-14
7.844452503095175e-14
7.062139986215698e-14
7.714264587273928e-14
7.776847521202608e-14
7.97164147424029e-14
7.555556237913073e-14
7.35785137408551e-14
6.756014337107379e-14
7.253025132534129e-14
8.349606251226686e-14
9.707912414384508e-14
9.62795383576546e-14
1.005164893538031e-13
1.0802484136925338e-13
1.1033722565686392e-13
1.06165087872892e-13
1.0717406931868969e-13
1.0898190864225217e-13
1.1362754293611176e-13
1.1268538697765971e-13
1.0103597603750807e-13
1.105097916097718e-13
1.1412741863321285e-13
1.1494834483018348e-13
1.156501999445841e-13
1.3343408151269152e-13
1.3233837832334133e-13
1.2008006688895862e-13
1.1671950897614493e-13
1.1811658079158187e-13
1.379297623841825e-13
1.4332619749640526e-13
1.3350618961513296e-13
1.274193196815946e-13
1.145247714312138e-13
1.0744414565527861e-13
1.083008369755966e-13
9.79658948435263e-14
1.0968197462287296e-13
1.2017787411598675e-13
1.1704120281644216e-13
1.2377835080582604e-13
1.1201587103027948e-13
1.1255416120645219e-13
1.2865038951307939e-13
1.316477760809544e-13
1.2710868165304345e-13
1.2854943297393001e-13
1.24411269285672e-13
1.226436141146906e-13
1.2898966301958438e-13
1.2733373983560735e-13
1.2710267318773355e-13
1.3070929033897143e-13
1.5344627728329416e-13
1.4589600497201078e-13
1.3789062364759533e-13
1.3996860893301496e-13
1.4800265419610604e-13
1.3083594796871342e-13
1.4086864820693313e-13
1.4503654487229633e-13
1.4137267925658006e-13
1.3294892781018189e-13
1.5952804201658397e-13
1.5496675977103445e-13
1.6066175385649973e-13
1.6159250895504267e-13
1.5236915644234812e-13
1.4420815766919143e-13
1.4851632912538933e-13
1.5865340394453498e-13
1.4398243069329977e-13
Acceptance rate: 0.32556250000000025
Sampling time (10 samples): 4431.1099 seconds
