/scratch/users/yanlan/TroubleShooting/SMassim/Output/AM_PM_ET_217_405_00
2.3364472555461315e-07
1.1725638931057863e-07
5.914647367637699e-08
3.175075124077569e-08
1.7044016706397822e-08
1.0636050355810923e-08
6.301706917722003e-09
3.838557899224101e-09
2.4373308751221028e-09
1.7283080920910683e-09
1.1326332239722695e-09
7.789092385470711e-10
5.351475677078402e-10
3.565013283041575e-10
2.2741085648707708e-10
1.6645962873082268e-10
1.2515742557638314e-10
9.654415665694384e-11
7.451036421682624e-11
5.7834585688155403e-11
4.4275424232232756e-11
3.33658174953746e-11
2.6278455790186955e-11
2.0979503965546266e-11
1.5768101748110198e-11
1.2887718277646143e-11
1.0435292341382927e-11
7.838368585068234e-12
5.984332272584249e-12
4.804894120890997e-12
4.173534087528413e-12
3.583142340296376e-12
3.2759362512610968e-12
3.0522371340002177e-12
2.686148844790406e-12
2.494664621599364e-12
2.0675557085535795e-12
1.824630972100603e-12
1.5774273314889239e-12
1.307540377711703e-12
1.1125545651001192e-12
9.899181898574585e-13
8.085373671623144e-13
6.936367298459139e-13
6.713039789273764e-13
6.765093624438551e-13
6.295407970383305e-13
5.342920677427493e-13
4.838253010139705e-13
5.045615216710878e-13
4.572825912434872e-13
3.9612833433634793e-13
3.7918599770975795e-13
3.9301223829537115e-13
3.6415717604992653e-13
3.0424012109368433e-13
3.132890096141352e-13
2.799060479513743e-13
2.43375836439714e-13
2.413682238679016e-13
2.3748954324051063e-13
2.1667618743441283e-13
2.0904237078109506e-13
2.0993216311116125e-13
2.0243966870082842e-13
2.0131633535997034e-13
1.9002387143777135e-13
1.8590291347503966e-13
1.599042639444272e-13
1.591205997264704e-13
1.7654365114551917e-13
1.8322520943971878e-13
1.7312290581537791e-13
1.488841651315641e-13
1.3598996515267542e-13
1.428878337048839e-13
1.320062208577522e-13
1.2902657881342404e-13
1.3272456569884122e-13
1.1208160610043742e-13
9.983738809158512e-14
1.0562412518599441e-13
1.0376261622330199e-13
1.1893726197724122e-13
1.48415458840666e-13
1.586630448302361e-13
1.6253915714094355e-13
1.546492386179285e-13
1.7680521463235085e-13
2.061546575504684e-13
1.7918078833939427e-13
1.6307552601452419e-13
1.7920414814745165e-13
1.6725924692356256e-13
1.7165533143322924e-13
1.566529999965633e-13
1.3879794798077799e-13
1.419594856995896e-13
1.6689017139478163e-13
1.5369419417221186e-13
Acceptance rate: 0.3899999999999997
8.487260492356686e-14
8.045340934996803e-14
8.713778870979258e-14
8.104195287797914e-14
7.917663691982193e-14
8.287692976501849e-14
8.37988509566996e-14
8.74774366308824e-14
9.550284847084096e-14
8.512120378678773e-14
8.66263706589611e-14
9.012028565815267e-14
9.648528726620405e-14
1.0070609087054421e-13
8.942977543325333e-14
9.996405165966763e-14
9.801535026255775e-14
9.654516677584243e-14
9.960543717076047e-14
9.814149474247019e-14
9.222284903695438e-14
8.327634876821175e-14
7.84683344055024e-14
9.11889851523279e-14
8.331361597106701e-14
7.988575671680831e-14
8.004019416439851e-14
8.564776443459084e-14
7.952612172404638e-14
7.166754859892994e-14
7.009513808374557e-14
6.472957395252304e-14
6.013425571685559e-14
5.720911289831503e-14
5.773881191449129e-14
5.729809752948047e-14
5.745360941810995e-14
5.353118432126524e-14
5.4271062337521254e-14
5.099754721027842e-14
5.026117199925935e-14
4.905457465958234e-14
4.780858491516993e-14
5.5487185124074127e-14
6.314939874285428e-14
5.829455350849939e-14
5.974615080549106e-14
6.302572016677292e-14
6.592884185341655e-14
6.900821694228807e-14
7.539296731260162e-14
7.342028448910871e-14
7.378908612757659e-14
7.713348525107135e-14
8.587931399367679e-14
8.920206785894792e-14
8.306182431910908e-14
9.796440943335405e-14
1.1035066030602305e-13
1.2832183683118654e-13
1.293716850470865e-13
1.375373179285847e-13
1.3286037377613543e-13
1.166237867521024e-13
1.345745888299627e-13
1.3385689225321804e-13
1.3034925461966767e-13
1.2387804517402255e-13
1.0834926826913438e-13
1.0430466248363312e-13
1.1464551476103131e-13
1.2057909848917833e-13
1.2027442135024574e-13
1.0080038641363009e-13
1.1678952172945186e-13
1.1794274088358986e-13
1.2088773490494157e-13
1.1659174745265458e-13
1.14542354490691e-13
1.1565932236617847e-13
1.166657617360715e-13
1.1000847731002829e-13
1.0929857155717449e-13
9.11808475838591e-14
9.015768334791429e-14
9.693432040598679e-14
9.80901545378166e-14
1.0910294188313802e-13
1.148291379095616e-13
1.1704470727737108e-13
1.0808427853010541e-13
1.135286363593473e-13
1.0593421734336412e-13
9.975428425395696e-14
9.953320286910734e-14
9.563713909874e-14
1.0406998708908624e-13
1.1423934280139375e-13
1.1385320144668913e-13
1.2299552059229204e-13
Acceptance rate: 0.35425000000000023
7.249960467963318e-14
8.751203122474376e-14
8.871535174736842e-14
9.750359747417575e-14
9.067304936362422e-14
9.09521305319214e-14
8.653515994523502e-14
8.516150546471088e-14
8.302539496998093e-14
8.589851787381231e-14
8.871653320868987e-14
8.084173963182073e-14
8.979649417704467e-14
9.041482481477711e-14
8.180069543522322e-14
8.473026190359857e-14
8.723576839597664e-14
7.794732270032527e-14
7.718799961033668e-14
8.33934250723826e-14
9.056681609363853e-14
9.242965331279946e-14
9.579268594821666e-14
9.038317205572747e-14
9.024849740644169e-14
9.298412958171694e-14
9.233937884137811e-14
9.903690140818257e-14
9.421175852105443e-14
1.0792419944611168e-13
1.1711838779505025e-13
1.1414715217350313e-13
1.1950965581941166e-13
1.0915489776003442e-13
9.449544298751621e-14
8.450599255641852e-14
9.251521249555236e-14
8.340225057749783e-14
8.814414531706307e-14
8.230127960026892e-14
7.797028988681855e-14
7.688532313009554e-14
9.390284593510977e-14
1.0141478686398269e-13
9.207786321283507e-14
9.043172199215113e-14
8.63995184518617e-14
8.416855183829205e-14
8.350183280980815e-14
8.236769680764356e-14
8.281221911880719e-14
7.961499975554427e-14
8.715678736336825e-14
9.110158357395447e-14
9.927229097347506e-14
9.938140562075197e-14
9.812847943812388e-14
1.100004096399518e-13
1.1939528680074168e-13
1.1886383890914524e-13
1.199530371295741e-13
1.2085946576515405e-13
1.3031218964202668e-13
1.3377799620386748e-13
1.2926736625950628e-13
1.2945811772572234e-13
1.2735966194431258e-13
1.182070070846142e-13
1.1322620355751713e-13
9.990928409872365e-14
1.0448717582101801e-13
1.1174079658416205e-13
1.1291252006837513e-13
1.0050335176576328e-13
9.229524248179451e-14
8.526324312010329e-14
9.023242003156601e-14
1.0135150841893048e-13
9.749150128903895e-14
9.047742242935087e-14
8.518060232245036e-14
8.638234808295391e-14
8.371560626128338e-14
8.160297723870531e-14
8.296685213621631e-14
8.802068149370358e-14
8.853710685115856e-14
9.070160771106986e-14
8.389322093623859e-14
8.829844264389199e-14
8.134073216221355e-14
7.911710014168155e-14
7.013085583418901e-14
6.023270086874927e-14
5.909323556755568e-14
6.442103732762701e-14
6.735789872083695e-14
6.381015426666132e-14
7.239852303902142e-14
7.685517781025854e-14
Acceptance rate: 0.34166666666666823
4.535049719000648e-14
4.647773600718491e-14
4.904647328271923e-14
4.798367102596069e-14
4.598342541903135e-14
4.977601792350513e-14
4.8177895640663265e-14
4.4956527671542116e-14
4.894103674997912e-14
5.02343522235879e-14
4.965543148114357e-14
5.410310344636226e-14
5.1883180235929545e-14
5.889128155818806e-14
5.997320193495021e-14
5.981760996009349e-14
7.537528182021549e-14
7.472431459808316e-14
7.648325666741794e-14
7.711794262044364e-14
7.701975506373878e-14
8.548587674648155e-14
1.0164828775573943e-13
1.0552841719706786e-13
1.0216158193410952e-13
1.1131971925840436e-13
1.1122935190739555e-13
1.0560286110568083e-13
1.0568989729681788e-13
9.455976491464784e-14
1.2788861142721953e-13
1.3764805359977364e-13
1.2975253763712023e-13
1.197661645839578e-13
1.1261679492066872e-13
1.1418402074985592e-13
1.1087586142259272e-13
1.0931905193027803e-13
9.993353319801854e-14
1.0303638853643779e-13
1.0262603705588095e-13
9.108328079999454e-14
9.086905817227636e-14
9.027945310826745e-14
8.928758407997915e-14
7.821700787442987e-14
7.930362936329484e-14
7.309382739190917e-14
6.874304825667127e-14
6.662969399796871e-14
6.388512826893452e-14
6.305467791015973e-14
6.609931977878651e-14
6.492700194373892e-14
6.224059483059227e-14
6.508545770277322e-14
6.529960084317783e-14
6.706151075779176e-14
6.360851675192128e-14
7.302354871937437e-14
6.75058743640482e-14
6.930786582200805e-14
6.085392539798449e-14
6.269635467114227e-14
7.342047122076973e-14
8.078350551990944e-14
8.63487265824552e-14
8.919422383919524e-14
9.999203085048082e-14
1.0174576818451622e-13
9.036231103381978e-14
8.850732952985667e-14
9.44067093163385e-14
1.0157886514509303e-13
1.0068906087703896e-13
9.264384172874948e-14
9.532187897728315e-14
1.0036468937660679e-13
9.247762391279417e-14
8.958156101489427e-14
1.0356843872903012e-13
1.0785340878396607e-13
1.176908115031614e-13
1.1289479613702387e-13
1.1124981928648179e-13
9.950458387431431e-14
1.0607935632613782e-13
1.179593146657572e-13
1.1178599015852342e-13
1.165729415817546e-13
1.1278549528081752e-13
1.206894627334984e-13
1.1945622707549927e-13
1.148541134907664e-13
1.1417873268458405e-13
1.1078311067466846e-13
9.615415700301239e-14
9.830388513247974e-14
8.526624398844163e-14
8.999180897164997e-14
Acceptance rate: 0.342250000000001
5.4573055004934104e-14
5.859697955048805e-14
5.969035193841084e-14
6.240575196375653e-14
5.843008245288889e-14
5.64953567377099e-14
5.436529173127155e-14
5.3946345420457576e-14
5.062304124010852e-14
4.855162376102569e-14
4.843525099753045e-14
5.2939924134599834e-14
5.785365878760278e-14
6.362716902578943e-14
6.278318139804583e-14
6.424260847211892e-14
5.76077879039062e-14
5.3233819717582095e-14
5.485350325360992e-14
5.728457614169178e-14
6.316464219865222e-14
6.436359915052835e-14
6.494274859447076e-14
6.493959221096235e-14
6.900531457913288e-14
6.283415515657938e-14
6.698640428643575e-14
6.422457877842138e-14
6.817765578796596e-14
7.024334570947286e-14
8.64699495084989e-14
8.590051415281733e-14
8.419929822762596e-14
8.730324083127683e-14
9.248326058296411e-14
9.32269093689049e-14
8.679419414485299e-14
8.969346823519056e-14
8.525037615690023e-14
8.828307354830885e-14
8.195722805727153e-14
7.888635403403903e-14
7.209062628967816e-14
7.755596980255404e-14
8.743622255438216e-14
8.299281419599781e-14
9.193925899481603e-14
1.0255332819480246e-13
1.0572103528623334e-13
9.578307095560698e-14
9.226496394392902e-14
9.595813048077548e-14
9.408992466093856e-14
9.60289989706207e-14
9.619900520495253e-14
9.129178605898879e-14
8.987400359321919e-14
7.9678518117315e-14
8.427977650828375e-14
7.95835981015161e-14
9.041709693885888e-14
1.0227316195305106e-13
1.0837315890225649e-13
1.1591310771854107e-13
1.1684422623970488e-13
1.0534826572443263e-13
1.0636487221480438e-13
1.1371033684561327e-13
1.0914603926553652e-13
1.1692931650504863e-13
1.086409083683025e-13
1.1293532910276644e-13
1.151271699918335e-13
1.1037124894460398e-13
1.2009702849174084e-13
1.177181472165883e-13
1.3804106902022686e-13
1.3131390600765194e-13
1.272002418278175e-13
1.5956444312309885e-13
1.6365138128244304e-13
1.7146303302589467e-13
1.6889478630103506e-13
1.629424983100608e-13
1.5949147701024307e-13
1.5035414837191194e-13
1.6037545683467548e-13
1.463624765103156e-13
1.3170027083479707e-13
1.3669219037233096e-13
1.3073485157458622e-13
1.1961415620922458e-13
1.3557536725316359e-13
1.4251726367603863e-13
1.4666177717928047e-13
1.436516128996895e-13
1.4210511969793636e-13
1.6197006636062209e-13
1.6196664378091802e-13
1.5857724383155331e-13
Acceptance rate: 0.33780000000000215
9.552369677684899e-14
9.895571060531207e-14
9.245828819915946e-14
9.047316877969937e-14
8.959194245319874e-14
8.915861810596467e-14
9.186428261977952e-14
9.03176124665629e-14
8.841388802958863e-14
8.87273210742059e-14
9.021797459104771e-14
8.697245813788243e-14
8.623552377586036e-14
8.371438306139849e-14
9.19828798840138e-14
9.006345390450247e-14
1.0072003366163757e-13
1.149817420102508e-13
1.1815222396353038e-13
1.232026282109397e-13
1.251521774414198e-13
1.2201078123226272e-13
1.0662237274466983e-13
1.0607617723540032e-13
1.0201527607633102e-13
9.80743670063028e-14
9.499962981106061e-14
1.0273246272364776e-13
1.008257864577997e-13
1.1497711634491614e-13
1.1620153045348146e-13
1.0755864239964177e-13
1.0751413003200062e-13
1.0657686626705381e-13
1.121575473806415e-13
1.0933168873503829e-13
1.207258073347786e-13
1.4011331512529038e-13
1.5256302488618165e-13
1.4135836811916094e-13
1.4951468500905438e-13
1.4572475141165377e-13
1.408130148339911e-13
1.5602774810262446e-13
1.6688714081838452e-13
1.6521167140204115e-13
1.5466648796723214e-13
1.7423442732094416e-13
1.8193192784896855e-13
1.647790848619559e-13
1.4864315248711474e-13
1.4534805073152563e-13
1.3497154675018303e-13
1.3947386610552062e-13
1.3759767964798507e-13
1.4517107306460307e-13
1.4070507313437256e-13
1.3858622381282402e-13
1.4712699319405348e-13
1.4801923820962718e-13
1.5035397354334055e-13
1.424428084705033e-13
1.342534898854445e-13
1.2986003233638744e-13
1.2404754266966292e-13
1.18775762408702e-13
1.210765409433697e-13
1.1381203652258805e-13
1.0663325015871159e-13
1.0659906335943892e-13
1.0511147817836337e-13
9.976347758322725e-14
1.0329951133767357e-13
1.0200460481965634e-13
1.054841889071582e-13
9.679716542111458e-14
9.598520829130625e-14
1.076452333082038e-13
1.0949302592778195e-13
1.1317277566610568e-13
1.0695484219716023e-13
1.0551997058129371e-13
9.595528346181042e-14
9.961298658912007e-14
1.1168383110538604e-13
1.0933959147982438e-13
1.1164836404670668e-13
1.094435892100501e-13
1.0073424162115327e-13
1.0241560726461851e-13
9.80903043902114e-14
9.794283568564579e-14
1.092905031687841e-13
1.0816983431822099e-13
1.0959481253336025e-13
1.0432175712124917e-13
9.907988785917903e-14
9.938742546022792e-14
1.179665634233951e-13
1.2641738383352187e-13
Acceptance rate: 0.3331666666666678
7.783706125995714e-14
7.694724649810263e-14
7.25851737868134e-14
7.343438425456809e-14
9.722595508505457e-14
1.0589330146174771e-13
1.007555775237584e-13
9.778236620802362e-14
1.0509947474847309e-13
1.007979248666492e-13
9.59673819889566e-14
9.156418885331722e-14
1.1120670380347974e-13
1.1301904817491737e-13
9.664972053348545e-14
9.299699761376404e-14
8.911975867812375e-14
9.64939241703616e-14
9.171038348122996e-14
8.967065884145472e-14
8.81855199174884e-14
8.997268943863897e-14
9.213333801361955e-14
9.472581803416279e-14
1.0393483972816318e-13
1.041564193180556e-13
1.1373926458283264e-13
1.1306124425886874e-13
1.3283203231541033e-13
1.3114796093063043e-13
1.2384158111986696e-13
1.1937055060806036e-13
1.1322569569230264e-13
1.1071657159507737e-13
1.1050057373665747e-13
1.165115099203405e-13
1.2889503053575392e-13
1.245837102361307e-13
1.329149394050241e-13
1.243128097514626e-13
1.2410332852882305e-13
1.298174418665835e-13
1.2880995769401863e-13
1.284070600986172e-13
1.3190468865335064e-13
1.2197481785940874e-13
1.180811450939456e-13
1.0903840560251743e-13
1.0966374228449201e-13
1.0839526838730733e-13
1.0091810207842117e-13
9.556943484695736e-14
9.00722335132829e-14
9.026932858963028e-14
9.342133172515966e-14
9.612223152105527e-14
1.0302700984621977e-13
1.002054108820243e-13
9.425913811054804e-14
1.0268043310317441e-13
1.1247911505881961e-13
1.0309636692098045e-13
9.998656060149326e-14
1.1339562280812998e-13
1.0646439828452006e-13
1.1988536293199713e-13
1.263128593469357e-13
1.1461032950324155e-13
1.1498556210106848e-13
1.1088862206437151e-13
1.0189234318892349e-13
1.0907257226284242e-13
1.0658721742735393e-13
1.0636503624881433e-13
1.09025261073703e-13
9.55053986388043e-14
9.397689584970342e-14
9.61351053576886e-14
1.0067093933036745e-13
1.0458531465191725e-13
1.078433899777326e-13
1.1349247264657203e-13
1.0794272062230348e-13
1.0687275908054468e-13
1.0830099896517469e-13
1.1184731549339795e-13
1.0648882052300396e-13
1.1078203710021026e-13
1.0640547080930463e-13
9.901329186353727e-14
9.269494885251408e-14
9.074777611288916e-14
1.0793177828491227e-13
1.005350246656468e-13
1.0713536828179285e-13
1.0089603144383205e-13
9.653873881177503e-14
9.680331614595406e-14
9.720127603030107e-14
9.245139416652134e-14
Acceptance rate: 0.33964285714285863
5.808529959595648e-14
5.5490048184489464e-14
6.332236679096699e-14
6.231278512919525e-14
6.15825490014899e-14
6.916835879560505e-14
6.985566861832868e-14
6.255708686543716e-14
6.641003681059699e-14
7.150623313399751e-14
6.948404939795989e-14
6.854289208735333e-14
6.540062623893959e-14
7.018961968725218e-14
6.481276005463404e-14
6.247738738054683e-14
6.3987644033639e-14
6.564437690285265e-14
6.550432811783199e-14
6.314050339979076e-14
6.207373164517956e-14
6.366515103448879e-14
6.877127011028416e-14
6.2983388141013e-14
6.367153598220477e-14
6.797738004210846e-14
6.282208252888654e-14
7.108101541963443e-14
7.214437494261573e-14
7.312862372251322e-14
7.139167135732214e-14
6.649165309088959e-14
6.634586323243972e-14
6.481251066886821e-14
6.555874794793726e-14
6.133253198568801e-14
5.984672667429933e-14
6.420698957363258e-14
6.584236958197745e-14
6.665957081643267e-14
6.332531197106887e-14
5.799002689903005e-14
5.577760143682163e-14
6.770773268721772e-14
7.192148637128317e-14
7.924267310212437e-14
7.792903760022284e-14
7.353898100599262e-14
7.46416365391817e-14
7.431806353545457e-14
7.07151807739404e-14
7.643408578756711e-14
7.407650143829666e-14
7.17094290414405e-14
8.050133677250539e-14
8.579011767687594e-14
8.134041662522094e-14
7.659800649514921e-14
8.510161873398846e-14
8.315921847432386e-14
8.811313662710247e-14
9.647188769872446e-14
9.520638161314707e-14
8.144463231432249e-14
8.467043192356057e-14
8.263599920291108e-14
8.120153820969431e-14
7.796907667420098e-14
7.041536221027743e-14
7.035366194592438e-14
7.291705778643874e-14
6.804720823432623e-14
7.394548262614702e-14
7.702457890004778e-14
8.661594130596423e-14
8.734538498104383e-14
7.845928365857337e-14
8.019009748908696e-14
8.669122957742784e-14
8.073933949485167e-14
8.031428927099223e-14
8.451479957258923e-14
8.350571565463683e-14
7.624330181951732e-14
7.023900755094821e-14
7.333173267714803e-14
7.48067051493545e-14
7.990145275279008e-14
8.399123014961262e-14
7.495305577429621e-14
7.754809203787772e-14
7.330524508265958e-14
6.734107461100781e-14
6.851785322920144e-14
6.640915926496267e-14
6.97177157850714e-14
7.328396052623636e-14
6.954563611238725e-14
7.322755720182155e-14
7.815978488255518e-14
Acceptance rate: 0.33975000000000066
Sampling time (10 samples): 4373.3054 seconds
