/scratch/users/yanlan/TroubleShooting/SMassim/Output/AM_PM_ET_227_304_00
2.3394273749617265e-07
1.2308849997315987e-07
6.9225664136282e-08
3.838411371304437e-08
2.2137493190492773e-08
1.2430867392651954e-08
7.210530576343379e-09
4.390407976951711e-09
2.65945254908463e-09
1.5552194010824975e-09
1.1501002085720713e-09
7.535267938257082e-10
4.55547984489422e-10
3.241668854777889e-10
2.1819233377881453e-10
1.6961768066596521e-10
1.3341991944127496e-10
9.886780178304224e-11
7.325937210214274e-11
5.811325842541098e-11
4.3580789931846085e-11
3.333757458999729e-11
2.4410140511158214e-11
1.819426670788685e-11
1.642418882243031e-11
1.4600583742544e-11
1.1931344249059415e-11
9.563093963571528e-12
8.167831797593371e-12
7.100004179601948e-12
5.788340932387261e-12
4.4288404473968915e-12
3.877802718699959e-12
3.1030529851736275e-12
2.817785297626997e-12
2.3378685890474215e-12
2.3215027408547264e-12
2.0033735683729333e-12
1.7001195779383089e-12
1.7109541528555883e-12
1.5184793694993843e-12
1.3408885800758062e-12
1.1928766558876288e-12
1.0759784875444058e-12
9.110279833446286e-13
9.141050063559098e-13
7.983048617782232e-13
7.120250654007743e-13
6.22397554663608e-13
4.951018003749684e-13
4.0940679824646363e-13
4.067273586475268e-13
3.8398068233215756e-13
3.627504688767641e-13
2.9958055085461226e-13
3.4070560096613994e-13
3.211762384785988e-13
3.0113414316586016e-13
2.975581916043056e-13
2.6749588553474833e-13
2.901022592273711e-13
2.8866813180274204e-13
2.5873521410034844e-13
2.5166178718939765e-13
2.314183480353107e-13
2.386787353138587e-13
2.272953717881055e-13
2.281981662887887e-13
2.0930571531142857e-13
2.067538050854942e-13
1.867767174142007e-13
1.8586647779499606e-13
1.9045629884047987e-13
1.7553540546393492e-13
1.5699332215105459e-13
1.3836905467347676e-13
1.255113625910163e-13
1.0687952487635155e-13
1.0127595014159022e-13
9.399004330350656e-14
9.561841657567831e-14
8.94425946535766e-14
7.850852518508237e-14
6.620049705592985e-14
6.282726565735926e-14
5.98582531308085e-14
6.076494205599124e-14
5.4648450975406523e-14
4.9504316749226226e-14
4.6846858962816954e-14
4.381500124760849e-14
4.3985709462524326e-14
4.387460197053645e-14
4.3547009704314697e-14
4.1705496572905004e-14
3.668559468941721e-14
3.4275955922821e-14
3.568437757730302e-14
3.098602280625039e-14
2.944695461588561e-14
Acceptance rate: 0.27100000000000035
1.714937266751972e-14
1.8223179207120933e-14
1.9613657307783115e-14
2.1330748195777578e-14
1.9900012974577616e-14
2.0946264935572056e-14
2.0278709233568936e-14
2.024585938424441e-14
2.0574035922998855e-14
2.0292659342037235e-14
1.9115659833857585e-14
1.7256565818467253e-14
1.988010924394726e-14
1.9464784694807648e-14
1.812267164708019e-14
2.0487376414055998e-14
2.1532160451042718e-14
2.3726047513649968e-14
2.402523962908558e-14
2.3084089974547677e-14
2.2983405087346046e-14
2.5052845454514757e-14
2.77489925015132e-14
2.9696289908872613e-14
2.749775268880643e-14
2.7625431669576835e-14
2.5085011808948014e-14
2.614833813532346e-14
2.850075311044235e-14
2.6128211529868342e-14
2.7036936077053822e-14
2.7550724985813178e-14
2.5813070234877777e-14
2.5014588567873756e-14
2.5368433278466642e-14
2.726521825955346e-14
2.518587403510501e-14
2.539113775973189e-14
2.5209672150585137e-14
2.3950297060931277e-14
2.2164886326802857e-14
2.123372393319472e-14
2.2248102926359923e-14
2.3643342065428788e-14
2.276508760504053e-14
2.067927750529405e-14
2.017824487685177e-14
2.0789447589029056e-14
2.1364734916527828e-14
1.7665744353189185e-14
1.895492606928178e-14
1.645854647106609e-14
1.7315312067833434e-14
1.4717468378561778e-14
1.4675056446580113e-14
1.4999048770725236e-14
1.4694331861566647e-14
1.5595391374454138e-14
1.4448419167406443e-14
1.4211515027253953e-14
1.4724773373066056e-14
1.4435971486574918e-14
1.6920614390501984e-14
1.7686693614377246e-14
1.6968558493812762e-14
1.5668182429414272e-14
1.9729600220751445e-14
1.9748661642716688e-14
1.9545915261605622e-14
2.1650031985545517e-14
2.2893412137275112e-14
2.1610144607994633e-14
2.245536369228928e-14
2.2102844175798032e-14
2.3726101198713537e-14
2.957515151160538e-14
3.0874300251590393e-14
3.0385118029352245e-14
3.527582905930544e-14
3.4253135083019365e-14
3.212461899696252e-14
3.16057933004922e-14
2.956264792560367e-14
3.1697971382836386e-14
3.381509347995397e-14
3.364658892947428e-14
3.2036946270132817e-14
3.450432180396223e-14
3.20728622498097e-14
3.111351220221245e-14
2.7503096016097935e-14
2.4457250579433172e-14
2.2488167681706832e-14
2.2754297457341586e-14
2.2880972497629386e-14
2.35037294328232e-14
2.004131660412863e-14
1.873967260589346e-14
1.8117997785238475e-14
1.777476902661681e-14
Acceptance rate: 0.27749999999999975
1.0421602282431796e-14
1.0330168870181924e-14
1.0124271334512544e-14
1.0504580490547761e-14
1.0439920379702864e-14
1.1276067379507385e-14
1.2060857157217572e-14
1.2551031939898211e-14
1.178392496165042e-14
1.2469114981832863e-14
1.52359242083335e-14
1.3821281825018683e-14
1.22154075585057e-14
1.2030838371267213e-14
1.1308854027595526e-14
1.0496655590135322e-14
1.0538694023267412e-14
1.0178457647940655e-14
1.0520514445369375e-14
1.1847469888162707e-14
1.259697160160853e-14
1.4106397365462306e-14
1.373991775341416e-14
1.3572428558136754e-14
1.4801833654784858e-14
1.5019328508861975e-14
1.5774729833800792e-14
1.6037542001616825e-14
1.5218155614646602e-14
1.6786197306504086e-14
1.4702748202845794e-14
1.472436168863049e-14
1.6746848564581834e-14
1.6670608769235684e-14
1.7675372597157668e-14
2.024336345922482e-14
1.9661722086755783e-14
1.7568690618346933e-14
1.6856807592229418e-14
1.8085697740716144e-14
2.016855584735379e-14
1.9621150190504097e-14
1.9252042500706565e-14
1.732242854033007e-14
1.5290209348192687e-14
1.4908716921317023e-14
1.2897685409534573e-14
1.2513280822555289e-14
1.3773694659341268e-14
1.610403681875668e-14
1.758548268128971e-14
1.9007700854026616e-14
1.895972634437415e-14
1.9030173926371348e-14
2.208345411308109e-14
1.999394147227601e-14
1.9728095970669508e-14
2.1983538448037267e-14
2.1629331606341172e-14
2.0772013445731907e-14
1.917928701317215e-14
2.0556087172013358e-14
1.8875184539138173e-14
1.7386765779054475e-14
1.8667113466607628e-14
1.6011784948581765e-14
1.58191102458662e-14
1.550137950850817e-14
1.9519658978406693e-14
1.8416457026370386e-14
1.6542292582979826e-14
1.6140404553791514e-14
1.609533087886579e-14
1.536468473953912e-14
1.5047971234374307e-14
1.5758529964643573e-14
1.53472922953319e-14
1.6615760015778707e-14
1.481462611627084e-14
1.8109776349962395e-14
2.0629891034754362e-14
1.94786865428925e-14
2.1479302525914462e-14
2.2117254640043044e-14
1.9981700984491285e-14
1.9510264984906412e-14
2.1259188151221392e-14
2.047220310699095e-14
2.3621667355367134e-14
2.140221940654157e-14
2.087747941193445e-14
2.0656658826374538e-14
1.972755830028079e-14
2.020014248110354e-14
1.8664332806585492e-14
1.7689038225223633e-14
1.6520447525888093e-14
1.668915419357816e-14
1.5436192676507643e-14
1.5062537934159664e-14
Acceptance rate: 0.2741666666666661
8.84010603741419e-15
9.667195558841685e-15
1.0911589528278687e-14
1.0325972638332228e-14
1.046858405110084e-14
1.0315854855962752e-14
1.1668884412428737e-14
1.1400571735987003e-14
1.2160266649303533e-14
1.1984579646733913e-14
1.3999537395469715e-14
1.5455678631092258e-14
1.4367659293272662e-14
1.3014404334830377e-14
1.5274629332320925e-14
1.6803280798797338e-14
1.6929903714389282e-14
1.6113159456593824e-14
1.5877608496139913e-14
1.6600991236545983e-14
1.7266320750543626e-14
1.754926466196276e-14
1.9168502214975193e-14
1.8667664770377432e-14
1.7200386940929428e-14
1.560842961997032e-14
1.3905952666547005e-14
1.3642068718121735e-14
1.3603219063943023e-14
1.2939481055940675e-14
1.4236610922482576e-14
1.46245314276921e-14
1.5002623473551782e-14
1.7097073319044097e-14
1.5838766206988544e-14
1.8255911651193327e-14
1.828214563214542e-14
1.856628318707007e-14
1.5884489509759885e-14
1.678550863961613e-14
1.8297894509149668e-14
1.56963203343366e-14
1.592400979498198e-14
1.479474704724898e-14
1.4452794552090337e-14
1.5565323385537065e-14
1.450539708982485e-14
1.4499755090152505e-14
1.5957412646123584e-14
1.6436809416841783e-14
1.6753326091579537e-14
1.7646337647833303e-14
1.9609867489622336e-14
1.9201068843954026e-14
2.107107735128091e-14
2.384165626209544e-14
2.6468038256922937e-14
2.8225505393360112e-14
2.7903967039045433e-14
2.5088347873247472e-14
2.5880971657489035e-14
2.6609827152914965e-14
2.7071069383774843e-14
2.7246823026543126e-14
3.124819774938983e-14
3.0293211337218807e-14
3.4980593481660786e-14
3.464188281830099e-14
3.587949636259268e-14
3.3966907406774214e-14
3.738582757653241e-14
4.314434212272932e-14
4.6380965251622796e-14
4.9203660454816756e-14
4.033956828891732e-14
3.9979922796649725e-14
4.100393642097889e-14
3.917258237332293e-14
3.455369767189619e-14
3.323130536338063e-14
3.8889975078876684e-14
3.765889471714018e-14
3.584647568367087e-14
3.8197810244499833e-14
3.5375104752289927e-14
3.3388017266976166e-14
3.4798506649205954e-14
3.399210493567374e-14
3.324841350593033e-14
3.230579077661917e-14
3.354840541302229e-14
3.290518280288615e-14
3.3476317666838626e-14
3.205941921143869e-14
3.150007690674375e-14
3.0973601430053664e-14
2.85766116122317e-14
2.605736550217017e-14
2.556174728687919e-14
2.4255754380044103e-14
Acceptance rate: 0.2677499999999996
1.4648402969441702e-14
1.4751503725998846e-14
1.422927348313076e-14
1.3544573836648985e-14
1.797656631469426e-14
1.8365592339878613e-14
1.8135768282214418e-14
1.7444627350892982e-14
1.930364403049939e-14
1.891074776958948e-14
1.8873969139634992e-14
1.9474675548023355e-14
1.989982764531666e-14
2.0008919544238348e-14
1.862882418673562e-14
1.9411780213034545e-14
1.939647887859142e-14
2.0052594767504806e-14
2.053083711291886e-14
1.8906283112232622e-14
1.8482912332792945e-14
1.7477905004609955e-14
1.6333858663990025e-14
1.6561664783720657e-14
1.5945841540366822e-14
1.5214252440803692e-14
1.4700655161067577e-14
1.2129704054285341e-14
1.1917390126261327e-14
1.1488884891967222e-14
1.162941415587012e-14
1.1428421778349023e-14
1.2235056251364906e-14
1.2856136265574429e-14
1.2841077862370368e-14
1.1830472559706113e-14
1.2403600076656069e-14
1.2583896135293177e-14
1.3618448346671938e-14
1.290814026378948e-14
1.2527354556854327e-14
1.1481980020608976e-14
1.0929912127990398e-14
1.1428522912520284e-14
1.2536258224547884e-14
1.3480155532858922e-14
1.3160402235482165e-14
1.2648774812392213e-14
1.2707229471227793e-14
1.4044103204239052e-14
1.470799351615682e-14
1.660500695225138e-14
1.7733922704214715e-14
1.772512087670199e-14
1.890298525470369e-14
1.8331908594014536e-14
2.0198473021763592e-14
2.0900647738377065e-14
2.2589703792732693e-14
2.482990297222269e-14
2.6189752305976026e-14
2.5344871301914322e-14
2.448151131212629e-14
2.236644942142714e-14
2.5585339884772673e-14
2.718872781765737e-14
2.58863582842345e-14
2.3630265883273238e-14
2.4788793936797932e-14
2.3679557085221288e-14
2.405256701707001e-14
2.5353651629545453e-14
2.6014176763934052e-14
2.4188848587797778e-14
2.5427964875100365e-14
3.261100100100979e-14
3.4667346171440746e-14
3.136661087167253e-14
2.7963389405952906e-14
2.380057041574851e-14
2.4715096933980818e-14
2.388303975893185e-14
2.112270861674087e-14
2.23685191937912e-14
2.4583224600534252e-14
2.4437757175545928e-14
2.8384009929195567e-14
2.798005587022215e-14
2.7359427638770297e-14
2.8163904867858368e-14
2.8025275395834575e-14
2.4558036385554927e-14
2.4582610732580783e-14
2.4228370388172922e-14
2.3672434501801634e-14
2.2042757294753304e-14
1.9646203055234563e-14
1.701129836346142e-14
1.5475139279535224e-14
1.769590851808191e-14
Acceptance rate: 0.25989999999999974
1.0630145305650469e-14
1.1814778344561457e-14
1.0792746995763093e-14
1.1174968094857838e-14
1.1037495741917068e-14
1.1198680500811187e-14
1.0936088271054722e-14
1.1990623529951232e-14
1.1484298387950911e-14
1.4436822318411014e-14
1.6280624857512e-14
1.5017173593547405e-14
1.3347100989765913e-14
1.3632661887417249e-14
1.4424891759384884e-14
1.4046378012181512e-14
1.287388761805623e-14
1.1726487054532863e-14
1.1646658341666461e-14
1.3119729447539243e-14
1.557145450839457e-14
1.7053130437712103e-14
1.659846191771029e-14
1.6632930539304594e-14
1.5929415028748647e-14
1.673445531508718e-14
1.5756069698941896e-14
1.6855760301667816e-14
1.5702822200522193e-14
1.6314372991795718e-14
1.557151615962912e-14
1.6772105289371337e-14
1.794462269404342e-14
2.0573127556724296e-14
2.2057945511966484e-14
2.559640340839921e-14
2.6958313635807842e-14
2.5503366956714087e-14
2.7504503697489043e-14
2.6722277450398675e-14
2.95256689235764e-14
3.025827562848347e-14
2.854305705229299e-14
3.268902793006767e-14
3.3412652847283296e-14
3.316048639108588e-14
3.431311096080109e-14
3.137876945309292e-14
3.2618923508409894e-14
3.8038686292651705e-14
4.0954709504964415e-14
4.253256557114832e-14
4.2695749016962616e-14
4.912504507968254e-14
5.207659637878343e-14
5.1493683717669487e-14
5.045170364190884e-14
5.0606006150059555e-14
4.3002563946900036e-14
4.025946668257203e-14
4.0657926517671536e-14
3.714212745954652e-14
3.2134503548680926e-14
3.390843199933426e-14
3.34664492695603e-14
3.632985082890152e-14
3.756422868501774e-14
3.908268243220513e-14
3.856270230158674e-14
3.492642095896073e-14
3.206149996599371e-14
3.251680400917386e-14
3.19002483068974e-14
3.1450637851573675e-14
3.140630921767538e-14
3.4017500297395713e-14
3.3959656027773855e-14
3.563301176426955e-14
3.732675172785276e-14
3.616414883047584e-14
3.560355263236945e-14
3.3839849458656194e-14
3.885587368346044e-14
3.952086283447388e-14
4.370652844858709e-14
3.901968169498893e-14
3.7814413504913615e-14
3.801618047115402e-14
3.347269151959725e-14
3.2782706548529684e-14
3.372441018458927e-14
3.362083977392841e-14
3.3145194899684203e-14
3.337179393069357e-14
3.417830996467777e-14
2.8281619519676897e-14
2.8362680678105442e-14
2.6416464138650564e-14
3.189719654802798e-14
3.3423655434565237e-14
Acceptance rate: 0.25808333333333316
2.1740007838362696e-14
2.4343629804396808e-14
2.2623497072361568e-14
2.1050373518447713e-14
2.1470189290525985e-14
2.30614125350422e-14
2.307318421679055e-14
2.4142787606208274e-14
2.1126257165230778e-14
2.049118197998233e-14
1.9355918450600633e-14
1.7383849772140032e-14
1.7560556704673238e-14
1.7609629523402657e-14
2.1057357166067315e-14
2.0010403481458933e-14
1.8840170165553817e-14
1.998476330318978e-14
2.1629143378781038e-14
2.2182474932991888e-14
2.3471620778355782e-14
2.1667074098453095e-14
2.4132088904012285e-14
2.4912774587092065e-14
2.724339050532773e-14
2.4646444484076373e-14
2.6396913112875984e-14
2.5527649818395378e-14
2.5360943451450697e-14
2.557045003739338e-14
2.383831326177492e-14
2.2885039416370092e-14
2.3106801032888284e-14
2.4853319170886784e-14
2.4562236366593286e-14
2.5901517683431917e-14
2.3793968466701873e-14
2.6207277005436025e-14
2.8853678589447564e-14
3.0808505736033965e-14
2.785714488385738e-14
2.7290419951178803e-14
2.702204826367472e-14
3.107239699436188e-14
3.531798763088638e-14
3.8337627508354604e-14
3.818412033230899e-14
4.148563286135626e-14
4.2294849126593325e-14
3.9719066934711976e-14
4.2594935606615116e-14
4.2669221061804725e-14
4.3475562440172305e-14
4.4205375180289195e-14
4.0212981794408964e-14
3.8374689836871245e-14
3.675541008698641e-14
3.978938318828665e-14
4.240639684903737e-14
4.502990864943719e-14
5.447862614441168e-14
4.957410660205414e-14
5.329204230311817e-14
4.746550558509013e-14
4.6811588943928426e-14
4.36428969095889e-14
4.065422062150562e-14
4.2098833168056384e-14
4.472687173776834e-14
4.2138923082502566e-14
4.628931804460431e-14
5.118521560524748e-14
5.790124351053313e-14
6.480735334638148e-14
7.838847618393834e-14
8.095151322033438e-14
7.746433909257341e-14
7.179714337408082e-14
7.650510614482028e-14
6.897868283584875e-14
6.883299714606198e-14
7.069404729939598e-14
6.765640749414576e-14
6.878747697941147e-14
7.718869750493782e-14
7.944471467520794e-14
7.611310323777139e-14
7.271844385163299e-14
7.729013476147473e-14
7.244194635585805e-14
6.639136795099488e-14
6.308885235422522e-14
5.842485763931524e-14
5.6792986377405145e-14
5.3478811750815465e-14
5.012923086136151e-14
4.7904806011686876e-14
6.01548565668161e-14
6.527805127471752e-14
8.388030288932551e-14
Acceptance rate: 0.2519285714285729
5.139557763723079e-14
4.721375164489421e-14
4.8354592417667004e-14
5.245153738835261e-14
5.3384254696639727e-14
5.740650598023452e-14
4.919861536116579e-14
4.2311476441546815e-14
4.178003321186535e-14
3.855027187006351e-14
3.922449145566292e-14
4.240271059884296e-14
4.044835600687954e-14
3.994734974285723e-14
4.0525906785859735e-14
4.427320972065835e-14
4.254361855666062e-14
4.142134427961567e-14
4.467874753300177e-14
4.362711582854432e-14
4.180219066811857e-14
4.480072517044226e-14
4.359893643024993e-14
3.9933385655282176e-14
4.3187995684707895e-14
4.274007100430135e-14
4.136421669702482e-14
3.733303521728127e-14
4.42652863868185e-14
4.4917568651422215e-14
4.810384785182087e-14
4.7042005493165103e-14
4.5140958755519095e-14
4.857640671226568e-14
5.4129603616370146e-14
5.0766325872227473e-14
4.796783940887098e-14
4.8839547611086054e-14
4.498790012321213e-14
4.454588062581519e-14
3.950161568453527e-14
3.666323149580407e-14
3.372943053948272e-14
3.3913766368761204e-14
3.137008176816872e-14
3.348823787292461e-14
3.520668268546164e-14
3.502013342047382e-14
3.380296631111599e-14
4.248161740328175e-14
4.117091938022014e-14
3.8275667143201875e-14
3.6256968173488636e-14
3.246863423725464e-14
3.3090052474794765e-14
3.979584792847476e-14
4.2618687050055416e-14
4.311214778180669e-14
4.0608589382916685e-14
3.9085186746356874e-14
3.87114577683029e-14
4.062922460468211e-14
4.2611872655672525e-14
4.10986105815017e-14
3.9736906625593965e-14
3.745118878486798e-14
3.650403564326384e-14
4.0304054234027425e-14
4.0102004467402383e-14
3.7522563378418305e-14
3.7683154681846436e-14
3.653659656919292e-14
3.66966432578293e-14
3.847741588268786e-14
4.091084354059981e-14
3.730918996199006e-14
3.863857571231731e-14
3.80410549881563e-14
3.831059369349274e-14
3.91553337693039e-14
4.324976318050232e-14
5.175467622609277e-14
5.768593578351937e-14
5.14576056053891e-14
5.4059685428981575e-14
5.800985650751457e-14
5.5257298656990906e-14
5.815477464180363e-14
5.901483266740318e-14
5.1838357674662405e-14
4.974447078628581e-14
4.930852360291436e-14
4.671695127589964e-14
4.6935597742963404e-14
4.8965478877076846e-14
4.951158762088233e-14
5.3434936376125794e-14
6.387140039854169e-14
6.132774075064257e-14
7.516518787880705e-14
Acceptance rate: 0.25231250000000227
Sampling time (10 samples): 4351.5438 seconds
