/scratch/users/yanlan/TroubleShooting/SMassim/Output/AM_PM_ET_221_334_00
2.2986341736286606e-07
1.1172229940212611e-07
5.646690565525489e-08
3.210552505071499e-08
1.8517520629413312e-08
1.0553596362547747e-08
6.326433169089243e-09
3.918371668634166e-09
2.27444367655081e-09
1.4532759452440046e-09
9.765524421711787e-10
6.485700896104383e-10
4.181350222666131e-10
2.909858902867789e-10
1.9394470111801476e-10
1.3202778141839836e-10
9.907523723200293e-11
7.077750968932286e-11
5.4529994378692107e-11
4.18195472012481e-11
3.466963226764457e-11
2.756747093878624e-11
2.050336494049172e-11
1.8541407769173008e-11
1.4762198371623774e-11
1.091989855101976e-11
9.341523042938452e-12
7.791441690088604e-12
7.0197519561489e-12
6.200038543611954e-12
5.720442006419402e-12
4.557935204547135e-12
4.122851859521951e-12
3.4807056071239596e-12
3.0572925682594373e-12
2.521407503665988e-12
2.1285823504456088e-12
1.923877339762051e-12
1.6134887305370292e-12
1.4204636164572464e-12
1.1805441246379082e-12
9.816623354380756e-13
8.867276963597307e-13
8.038341986445617e-13
7.584546439618258e-13
6.323595075793297e-13
5.474614536897564e-13
5.847675407261664e-13
5.670021594957646e-13
4.878782174693128e-13
4.930523607731397e-13
4.719334741384278e-13
4.1571302009490427e-13
3.8443699526189285e-13
4.2477908481690535e-13
4.099411181363473e-13
4.0268971025642593e-13
3.774683099174873e-13
3.4897798574626426e-13
3.06889234275529e-13
3.419253495288549e-13
3.279532673141764e-13
3.2738243410772616e-13
3.4896186477671707e-13
3.703266706122138e-13
3.406937028842319e-13
3.0717356726651436e-13
3.150268670511678e-13
2.62666707102126e-13
2.551433528868803e-13
2.396016902787412e-13
2.2366684390202942e-13
1.9594294232016962e-13
1.6996035412440275e-13
1.5165615025527762e-13
1.460809941621704e-13
1.452758207283135e-13
1.3649792046322412e-13
1.2587702213290906e-13
1.335309452239714e-13
1.1991463430181452e-13
1.2570078612304471e-13
1.1536792479857368e-13
1.1065194088233695e-13
1.1456724848203168e-13
1.0842360543688641e-13
9.713972442476164e-14
8.841728285966313e-14
8.747659015444472e-14
8.867456450780754e-14
8.321115380915694e-14
9.107259773850546e-14
8.72295544891771e-14
8.1845969345211e-14
8.473203704521987e-14
8.712419233036557e-14
8.139687977456165e-14
7.801741853143766e-14
9.338768553504439e-14
8.384418120841474e-14
Acceptance rate: 0.3804999999999994
4.601299930001983e-14
4.646189277519254e-14
4.478702885255116e-14
4.527876716874737e-14
4.538372672404078e-14
4.757734472722007e-14
4.1631366332099967e-14
4.199534935156987e-14
3.9798469919534366e-14
4.617640337950201e-14
4.7921511843740045e-14
4.871278477330918e-14
4.6624043228200956e-14
4.395618130163278e-14
4.6170738127362685e-14
4.6751855691941136e-14
4.7412688474118997e-14
4.4516801429598867e-14
4.489520433181422e-14
4.500034027583215e-14
5.182720214509532e-14
4.6550178088188484e-14
4.9658192820574714e-14
5.2704428694377504e-14
6.2703822039876e-14
6.261056090578168e-14
6.277871008103399e-14
5.944508228103406e-14
6.412267566690083e-14
8.086404666262233e-14
8.854943733844051e-14
8.432920154703992e-14
8.764467418717851e-14
7.780597945851212e-14
7.566088980108393e-14
7.013340753871458e-14
5.781638634725648e-14
6.05440751057484e-14
5.745373062281906e-14
4.8382078651471895e-14
4.638571365632e-14
4.460996342682603e-14
3.868457398204617e-14
3.638067734612014e-14
4.2025807839654595e-14
4.035738378218565e-14
4.1351067992511696e-14
4.093639578579621e-14
4.071632272036433e-14
3.7680468607504586e-14
4.0093816899161226e-14
4.152215915638228e-14
4.5042202305735234e-14
4.2577418363970713e-14
3.9542932055087025e-14
4.303338556386327e-14
3.7930200607528047e-14
3.5779906901618636e-14
4.1844741995203864e-14
3.962362810664539e-14
4.5008655540082074e-14
4.7093709864948886e-14
4.3532978140954694e-14
4.396915068647335e-14
4.0094492831485876e-14
4.133152630804794e-14
4.4950991257847465e-14
4.782359320229774e-14
4.551269812565391e-14
4.721372087416252e-14
4.66480665573404e-14
4.997370832570688e-14
5.493881429006062e-14
5.108272412424124e-14
4.8975008991998665e-14
4.9776713473803727e-14
4.523528184511578e-14
4.3303290760068205e-14
4.528409224938189e-14
4.749385024087061e-14
5.100878785854169e-14
5.2407120614640995e-14
5.3104211811734907e-14
4.830602068749944e-14
4.767450316508848e-14
4.880563101703856e-14
4.9286026597386876e-14
5.4128215489333775e-14
5.111020911935882e-14
5.330014317605806e-14
5.917049564715747e-14
5.873628403325959e-14
5.868810771628763e-14
5.715478667489956e-14
5.859682798562135e-14
5.800002886528824e-14
4.963733880179975e-14
5.131815894088788e-14
5.18460933277521e-14
4.4519733929383406e-14
Acceptance rate: 0.3525000000000004
2.6420492631731137e-14
2.7343623913041068e-14
3.072919427638419e-14
2.89714153213711e-14
2.954981683272676e-14
3.3510457505993346e-14
3.6651950397741525e-14
3.762559720760519e-14
3.834900744080773e-14
3.73508563393614e-14
3.568587264334211e-14
3.3651867566204535e-14
3.749846156846433e-14
3.5964025685398074e-14
3.542322228117611e-14
3.406164637950975e-14
3.581713471181596e-14
3.5131793121946874e-14
3.668676202162936e-14
3.6986283247403815e-14
4.1368439268767594e-14
4.229006361567102e-14
3.58245906139903e-14
3.45788484771644e-14
3.7321191714103724e-14
3.666776773962258e-14
3.871521621325685e-14
3.9869083861301907e-14
4.438715453261148e-14
3.9652767207962636e-14
4.375035688721484e-14
3.926191415178795e-14
4.420545003884877e-14
4.7207011259510654e-14
4.373335372238402e-14
4.48111701918523e-14
4.028700829570219e-14
4.121330695580129e-14
3.870024284380785e-14
3.980344778125866e-14
4.162851376592144e-14
3.9492572528001424e-14
4.171509900253496e-14
4.723698032504129e-14
5.114350111562995e-14
4.807134648566684e-14
5.525011441238007e-14
5.592998553444753e-14
5.222134382890713e-14
5.398323065104259e-14
5.8069675570295e-14
5.245326507254419e-14
5.147020912239043e-14
4.8114884524592724e-14
4.0090666571799027e-14
4.227877893068751e-14
4.414188964457768e-14
4.3446332646043764e-14
4.2999181958594403e-14
4.065499114702878e-14
4.249842985423091e-14
4.643538116117757e-14
4.457452336840731e-14
4.4316890823624054e-14
4.9330731050601796e-14
4.716547652068609e-14
4.589694989047815e-14
4.9561175606753434e-14
5.4687515288848934e-14
5.248626566294409e-14
5.25396539364575e-14
5.318846084981053e-14
5.3974197257351246e-14
6.102924172441352e-14
6.580810926946983e-14
6.924042446188435e-14
7.391321671010397e-14
8.175364779165178e-14
8.108202880406344e-14
8.020203228409196e-14
7.633303267735193e-14
7.453318676785332e-14
7.442450786433384e-14
8.230297824594525e-14
7.872973895970077e-14
7.473617107277783e-14
7.512399475549781e-14
7.27003993357495e-14
6.827786446949186e-14
6.436765069978528e-14
6.58520326309392e-14
6.701342987436547e-14
6.799665778782289e-14
6.6188736965887e-14
6.752338929001363e-14
6.82626276684329e-14
6.675340595221057e-14
6.698910283399334e-14
6.855112529558147e-14
6.61929229205859e-14
Acceptance rate: 0.3413333333333335
3.8696428394821135e-14
3.2502168400016586e-14
2.965686179853419e-14
3.3672374222278977e-14
3.2739342424185005e-14
3.585158296714833e-14
3.5065960220856994e-14
3.041580396020095e-14
2.8800276766958335e-14
3.0215417118590004e-14
2.9898198023651136e-14
2.7428437744033108e-14
3.103153437072805e-14
3.0247637162423854e-14
3.0493888850451806e-14
3.3456826751590226e-14
3.2281048258980066e-14
3.291085815068911e-14
3.750331825937861e-14
3.9246280533342684e-14
4.418815823746487e-14
4.7151955160306704e-14
4.785408443633043e-14
4.4615530015578646e-14
4.642201970433465e-14
4.556353021174126e-14
4.469461517896949e-14
4.542216080614928e-14
4.75412454418119e-14
4.732833017552724e-14
5.079342500437347e-14
5.258248074092699e-14
5.272598758295562e-14
5.630251763773198e-14
5.332642896202161e-14
5.2917429738355215e-14
4.758034696915495e-14
4.744101248014093e-14
5.2820692366099653e-14
5.5617511451314014e-14
5.6924953432128e-14
5.980730731062504e-14
5.874589890249207e-14
5.847064600360437e-14
5.3304170911581766e-14
5.422734108641922e-14
5.298408177086376e-14
5.4748420068742444e-14
5.635525311955789e-14
5.890111169836005e-14
5.99362214017001e-14
6.090123326750268e-14
5.861325013125353e-14
6.03535653587782e-14
5.357571762843201e-14
5.4610510033831546e-14
5.789261511586337e-14
5.306133251694747e-14
6.142887950595331e-14
6.143625692954859e-14
6.250979414490208e-14
6.418008934352409e-14
7.156613837627387e-14
6.438112012843834e-14
6.404685537999187e-14
6.028116772328946e-14
5.981080628721136e-14
6.253432183350449e-14
6.045970169007447e-14
6.160655329563139e-14
5.83238736347011e-14
5.6543710483381865e-14
5.70657538904906e-14
5.716267930125383e-14
5.406116063280333e-14
5.492354010653781e-14
5.255619168889359e-14
5.270250811090406e-14
5.2499076827361817e-14
4.813760676411902e-14
5.1777986638558787e-14
4.9770642503359626e-14
5.235746747793134e-14
5.11658360938887e-14
5.584151721949546e-14
5.088833451257721e-14
5.6241669902507916e-14
6.37080123303739e-14
6.731231149582055e-14
7.101175044992412e-14
6.860407180684383e-14
6.974264972700016e-14
6.458598129709492e-14
7.205045050168176e-14
7.339463910203948e-14
7.204960353802059e-14
7.18701839036377e-14
7.345625200072998e-14
7.795431094830835e-14
7.532951227610113e-14
Acceptance rate: 0.339625
4.528344654122358e-14
4.354395779939945e-14
4.607202164373254e-14
5.001194110663959e-14
5.611844622550722e-14
5.684029867140629e-14
5.3073589525640985e-14
4.729527261873375e-14
4.400261419639944e-14
4.171260057989131e-14
3.989271536551822e-14
4.096808032463757e-14
4.518613937180688e-14
4.338633463785206e-14
4.5879152432944634e-14
4.1475852545300946e-14
4.013588069774972e-14
4.059288639396425e-14
4.510038148213821e-14
4.065493592291371e-14
4.099682533180025e-14
4.3784066466085166e-14
3.8924562616960634e-14
4.2120813733122764e-14
3.612474156980398e-14
4.0972168069183646e-14
4.036442805638082e-14
4.08456711722358e-14
4.231563767158027e-14
4.274148255364675e-14
4.600894523338917e-14
4.581925013768928e-14
5.359289282577145e-14
5.807644781075234e-14
5.470734562982815e-14
5.418719306701186e-14
5.692331872032589e-14
5.5897643262385205e-14
6.229134488105892e-14
6.602059342336027e-14
6.602748740995302e-14
5.746540817473258e-14
5.666127184865091e-14
5.757042981924787e-14
5.6031096860500457e-14
5.3136485361275345e-14
5.47753857144536e-14
5.841617875263901e-14
5.1843471324985484e-14
5.788534024910907e-14
6.090874755886162e-14
6.189522220101012e-14
6.050831991061629e-14
6.044550577770662e-14
5.589407126512159e-14
5.4936473163159175e-14
5.4830492551806106e-14
6.223377418147073e-14
5.385120559437714e-14
5.869439683327095e-14
6.183440996528433e-14
6.288736586523129e-14
6.14001097272531e-14
5.519017320104859e-14
5.566279889491321e-14
5.5892365779022364e-14
5.688606770369248e-14
6.043739232695373e-14
6.117124865016362e-14
6.666762326775927e-14
6.437069213191103e-14
6.477605963186118e-14
6.706985528547086e-14
7.039811442606179e-14
6.589142576945777e-14
6.48668927637531e-14
6.297368183375917e-14
6.465490482059594e-14
6.701969156366438e-14
7.378794641925658e-14
7.398004300453921e-14
8.092556087373292e-14
1.0314109884132508e-13
1.0452922169413108e-13
1.0370657068257975e-13
1.0952379447265774e-13
9.902723728281695e-14
1.0301426734722588e-13
9.901051734868519e-14
1.0067044084453566e-13
1.0888568136672218e-13
1.1008844811901663e-13
9.838135458287683e-14
9.664006380129911e-14
9.501093927039928e-14
9.434742378196714e-14
9.317736733075442e-14
8.411570592533197e-14
8.657005254068617e-14
9.234380333755217e-14
Acceptance rate: 0.34029999999999894
5.636653035965193e-14
5.747630006292733e-14
6.340333242223392e-14
7.694853015285345e-14
7.718479135505023e-14
7.323562315775471e-14
6.75661985176585e-14
7.066851999020667e-14
7.17110536481463e-14
6.497242311030176e-14
6.740287096657208e-14
7.240910288122217e-14
7.615647603973909e-14
7.424105173787179e-14
7.216522576808499e-14
7.345328806774766e-14
8.119869398882115e-14
8.066831768075363e-14
7.277173344462311e-14
7.688018249373526e-14
8.054515279198657e-14
7.364852561884935e-14
7.139099662661272e-14
7.370455647506589e-14
7.654222672072947e-14
7.525063068988572e-14
8.613981707984633e-14
9.642231208120784e-14
9.615181523511855e-14
8.460518935703459e-14
8.915542243837524e-14
8.581894882629624e-14
8.971229278435258e-14
1.0482987373362867e-13
1.159889936941232e-13
1.1735015195327588e-13
1.2082357070100226e-13
1.2068215591579127e-13
1.1194525596730331e-13
1.1585433587568638e-13
1.1346518867706357e-13
1.1535571094687712e-13
1.2431321586223884e-13
1.3285906666552966e-13
1.287681202848188e-13
1.2931169593124902e-13
1.3741865978578673e-13
1.5035827941229793e-13
1.5180438474386033e-13
1.700255501354902e-13
1.628158500860677e-13
1.5276246277747543e-13
1.552106791441658e-13
1.636032582354582e-13
1.6664897520071029e-13
1.7795433389665965e-13
1.9915579472523491e-13
2.033443890954278e-13
1.7920580958970139e-13
1.8283742550366223e-13
1.87442153679011e-13
1.8898064408604105e-13
1.829293044769104e-13
1.8740374352852896e-13
1.9339622082650392e-13
2.003040661684687e-13
2.1239410001246588e-13
2.0796239927233196e-13
1.8941754368326611e-13
2.028886957029974e-13
2.3641648583207633e-13
2.2657462247916346e-13
2.1890166391373538e-13
2.216259797072433e-13
2.248395406258563e-13
2.2156091877946474e-13
2.3373964722624765e-13
2.3097807221505235e-13
2.2682985100594456e-13
2.2076368397829944e-13
2.170766121304357e-13
1.929597252970846e-13
2.0566474557464743e-13
1.991776572209303e-13
1.978218413191691e-13
2.0172353024746017e-13
2.083514150153281e-13
2.0253419033023998e-13
1.970717728608621e-13
1.92269844943481e-13
2.023040206276755e-13
1.911156951366977e-13
2.0368913059051838e-13
2.334391698636522e-13
2.1827354326700603e-13
2.2254735689712164e-13
2.288352387740524e-13
2.329043208287269e-13
2.241188180954302e-13
2.1463070896676342e-13
Acceptance rate: 0.332416666666665
1.314728598141562e-13
1.2479488672958856e-13
1.2936337874915735e-13
1.275721256659984e-13
1.354533365885315e-13
1.3800559147950376e-13
1.3895348246372202e-13
1.3036201892765182e-13
1.2587470122789684e-13
1.2638627243245256e-13
1.22818165243573e-13
1.2624939482719216e-13
1.1782701365355353e-13
1.190752145564238e-13
1.3109554474133226e-13
1.3152545829806777e-13
1.2776053759329353e-13
1.1844975766606609e-13
1.1637309867940838e-13
1.160064835099327e-13
1.0812299530673301e-13
1.0565782982623625e-13
1.0486100375701508e-13
1.0731407726198544e-13
1.0189312662068028e-13
1.004430397687968e-13
1.12915534054774e-13
1.3107407834288356e-13
1.2363370965078236e-13
1.2202148208103163e-13
1.129580223089886e-13
1.0843896488542432e-13
1.0650997594765743e-13
1.0655742239178517e-13
1.1383057460954564e-13
1.159569549483392e-13
1.0743962664008777e-13
1.0395876770151373e-13
1.0119064860760681e-13
1.0451064876801704e-13
1.0128840839847813e-13
1.0268835112260893e-13
1.0989690825080623e-13
1.08261991914623e-13
1.0996526978915918e-13
1.0361964578910202e-13
1.0448036490974806e-13
1.0062018455478777e-13
1.0274373482052314e-13
1.0458637922203326e-13
1.0231324782831012e-13
1.1332468659120699e-13
1.1697680591543995e-13
1.1175008556262141e-13
1.133574282087756e-13
1.0844359638007727e-13
1.1460662871106284e-13
1.233990298994834e-13
1.1027196800186795e-13
1.2338580531934072e-13
1.5591438093872785e-13
1.6356348895583692e-13
1.8425565790826818e-13
1.7201380311911804e-13
1.6292396217728808e-13
1.6201564979593485e-13
1.526405700207489e-13
1.4081928702543776e-13
1.3744378168688733e-13
1.3249875965448002e-13
1.2350031542886145e-13
1.3078295376361626e-13
1.1684998295277423e-13
1.1928848658815129e-13
1.0593061267264857e-13
1.0438076893911992e-13
1.1143997155488191e-13
1.1928231558627826e-13
1.2321235468495682e-13
1.2377208795098037e-13
1.192083606353791e-13
1.0856416089835527e-13
1.2150747210148324e-13
1.2025564814356853e-13
1.2999596943128522e-13
1.2659642603001222e-13
1.241110182757824e-13
1.2835659677049e-13
1.283728059892279e-13
1.300055052730713e-13
1.2964807120521118e-13
1.3142226387920394e-13
1.2699252310257292e-13
1.3806812374091404e-13
1.29308528391557e-13
1.2466060672729944e-13
1.2444419778124797e-13
1.2402215705965578e-13
1.2462512463024414e-13
1.4817104313812774e-13
Acceptance rate: 0.3315714285714264
9.10284247353193e-14
8.973930774356022e-14
8.259937791055063e-14
8.499093299226186e-14
7.75729291154074e-14
8.207840713743716e-14
8.187167745747521e-14
8.788012393474706e-14
9.87686958882561e-14
9.380539045906285e-14
8.956936667303227e-14
9.043999351149513e-14
8.769985760693416e-14
9.082386093209228e-14
8.754604504458797e-14
8.50200712961936e-14
8.038298584831887e-14
7.685714852388315e-14
7.084603258664815e-14
6.972308683424901e-14
6.928317117598694e-14
7.511541499836077e-14
7.394591551821217e-14
8.714494824736306e-14
8.987282972303975e-14
9.389955285515856e-14
9.609677832394752e-14
8.768384162457039e-14
8.024776137803558e-14
9.676269374844986e-14
9.274651574662262e-14
8.774397138337224e-14
9.069976483937985e-14
9.825029119802396e-14
1.0125336391992794e-13
1.172223011692124e-13
1.3122567667307918e-13
1.3035162170686153e-13
1.279051580111507e-13
1.4991816581887645e-13
1.6947230650428032e-13
1.6741110821616787e-13
1.5304399012779519e-13
1.3869974345500803e-13
1.2241938403983986e-13
1.2726846417894962e-13
1.2421863012092327e-13
1.182454135909683e-13
1.2666004767533502e-13
1.266646350747267e-13
1.1900928323708678e-13
1.1255570314562675e-13
1.0868079110801109e-13
1.1034746468590919e-13
1.0659195829542964e-13
9.51920107883381e-14
1.0766696732973387e-13
1.2277459196128477e-13
1.2837699545561268e-13
1.3350509895879953e-13
1.3662289876056218e-13
1.2748534761638542e-13
1.335723622863183e-13
1.4966937879828236e-13
1.5351118919502909e-13
1.5775746466547592e-13
1.7062500873602234e-13
1.6067822409664015e-13
1.5677310835048075e-13
1.507362169173145e-13
1.3580591196063532e-13
1.3440131158186063e-13
1.2306813389746449e-13
1.2059122725261654e-13
1.2119679288949603e-13
1.1338503903931129e-13
1.2110220651801295e-13
1.0878590029407615e-13
1.0463460803323898e-13
1.0951962820655086e-13
1.1045792116575625e-13
1.0806027547077766e-13
1.0238214730815025e-13
1.0199946141951262e-13
9.48968230103125e-14
9.252183239082852e-14
8.410187104818731e-14
8.296018871756218e-14
8.242028696550293e-14
7.99234327855025e-14
8.049479052805129e-14
8.84651794176848e-14
8.05118889286513e-14
7.339487451337915e-14
6.985396525125466e-14
7.166843120660471e-14
7.256100924757046e-14
6.730038658334706e-14
6.194632395899544e-14
6.184958570526634e-14
Acceptance rate: 0.3334999999999982
Sampling time (10 samples): 4356.3835 seconds
