/scratch/users/yanlan/TroubleShooting/SMassim/Output/AM_PM_ET_231_300_00
2.3050870790071388e-07
1.1196728052722018e-07
5.9563503846273616e-08
3.2172792297928863e-08
1.744479526378992e-08
1.0131301451271515e-08
6.037452055370745e-09
3.5829825541561495e-09
2.2487273377516454e-09
1.4706425969750644e-09
1.0489059415745182e-09
7.147289756287667e-10
5.199165667770031e-10
3.6016022184214376e-10
2.8308912478017606e-10
2.0907836557800393e-10
1.4879265227307304e-10
1.0943029745210407e-10
7.586271145404404e-11
5.980438004957711e-11
4.2873935240152885e-11
3.446289473771241e-11
3.0027875519210646e-11
2.2111638402002263e-11
1.5274543637391005e-11
1.2232268740226532e-11
9.620462196162544e-12
7.174950165413815e-12
5.843909457297114e-12
5.122269477624071e-12
4.3886063757521105e-12
3.3372155849390655e-12
3.0377734152820966e-12
2.851011793461369e-12
2.5598815564188507e-12
2.102008418406364e-12
1.9114369636604157e-12
1.6504750766501424e-12
1.5046820673272388e-12
1.373618500861893e-12
1.2331390657790209e-12
1.1226805115498398e-12
1.0486619002507906e-12
9.382620147473831e-13
8.372388958615475e-13
7.524279135069515e-13
7.003373588206674e-13
6.053952245902141e-13
5.284246752114891e-13
5.051849490834108e-13
4.4025243608165895e-13
4.2019178120363615e-13
3.9824014952464733e-13
3.874801916046715e-13
3.722070477340187e-13
3.2262425665724713e-13
3.1487510164620944e-13
2.812836559325129e-13
2.503927453056984e-13
2.351088740706801e-13
2.3121306794063496e-13
2.5144141111602737e-13
2.460858191596666e-13
2.2503077121348307e-13
2.260481613108397e-13
1.9970080617959656e-13
1.9867359115866117e-13
1.9980263083802354e-13
2.0180980753027148e-13
1.9982268826178138e-13
2.0726775232186447e-13
1.9345543205763562e-13
1.897787198439276e-13
1.7775814089740698e-13
1.7574843372365526e-13
1.788687416544204e-13
1.8887384442492584e-13
1.7313453329522873e-13
1.726884993919569e-13
1.8273273277333924e-13
1.9443731679826522e-13
1.7785251362364931e-13
1.606506915986971e-13
1.7000208472312974e-13
1.406912709163989e-13
1.2241676371087632e-13
1.1491702999744164e-13
1.1108933243981342e-13
1.200764288687357e-13
1.368308765234841e-13
1.2517380355671508e-13
1.2797566888019398e-13
1.3656287425465016e-13
1.359658444454245e-13
1.238191440625372e-13
1.2215459172934492e-13
1.3140485303974044e-13
1.4052311169676864e-13
1.375689309040181e-13
1.3468373160245058e-13
Acceptance rate: 0.3120000000000004
7.43266651514144e-14
6.833280863310672e-14
6.937226034738959e-14
6.776489147188912e-14
6.272603675233741e-14
7.148785331322863e-14
7.878436532870929e-14
9.197070347629959e-14
8.957049973941111e-14
8.904091835692372e-14
8.525052768152333e-14
7.401515746579986e-14
7.622977958772904e-14
8.057506677123345e-14
7.994480207602474e-14
8.050552910227765e-14
8.221694681059259e-14
8.174319363312936e-14
8.206306224744311e-14
7.701456851676244e-14
7.368284737481271e-14
8.163939778680192e-14
7.952419421939044e-14
8.162782596984068e-14
7.757600627304352e-14
8.871447077655976e-14
8.155867431782374e-14
8.449477182614696e-14
8.474570925136457e-14
8.726362459467381e-14
8.8923042731059e-14
9.055403890653945e-14
9.178376254457993e-14
1.00785278804576e-13
1.0776355060045506e-13
9.860422731170091e-14
9.995084819670159e-14
1.0533890212131223e-13
1.0639168113057787e-13
1.1055505523924053e-13
1.0743477392805715e-13
1.1313192968973445e-13
1.1346121526286177e-13
1.287898793475755e-13
1.1792587705227928e-13
1.308484327601286e-13
1.4605173954102985e-13
1.4625553061736904e-13
1.4642829309686552e-13
1.4034091178002196e-13
1.3598254948725894e-13
1.234687316700937e-13
1.3454401493993577e-13
1.6567305995567045e-13
1.3957125079645555e-13
1.2275058269991727e-13
1.3363957301651601e-13
1.3198209388886166e-13
1.265258277879728e-13
1.544328584816103e-13
1.5525517102725882e-13
1.4504507384020464e-13
1.3660057345978735e-13
1.5714048677077125e-13
1.6470224513695187e-13
1.6130979963735603e-13
1.8376591491279436e-13
1.58120190913376e-13
1.4947255434212216e-13
1.5809104789152208e-13
1.7429110097693225e-13
1.6630497362676343e-13
1.6173676032195067e-13
1.46809951338386e-13
1.3055458773051519e-13
1.282394658147709e-13
1.3155277149989736e-13
1.3924842838825875e-13
1.4230417692094423e-13
1.4177471037134407e-13
1.6345712009851833e-13
1.7313705600709473e-13
1.8013839805212722e-13
2.0511560522561032e-13
2.077617851050093e-13
2.2379596732659585e-13
1.9486289728233482e-13
1.7435829777720894e-13
1.6098561656190402e-13
1.4435004804960618e-13
1.411567922892964e-13
1.3235173766762234e-13
1.507018001607441e-13
1.5362172607122203e-13
1.5181288116944333e-13
1.6297225030034474e-13
1.5262854823530253e-13
1.357047966769721e-13
1.3160531603898744e-13
1.3308112063859156e-13
Acceptance rate: 0.2825000000000014
7.79240853826969e-14
7.384127126889092e-14
6.657420822389608e-14
5.924829985595712e-14
5.4135342632676836e-14
4.989717256650216e-14
5.693773816177867e-14
5.1802264479617674e-14
5.49856856875874e-14
5.0662399321226956e-14
5.19112945944909e-14
5.900465559295195e-14
6.281272056228419e-14
6.766386055550984e-14
6.370252853570158e-14
6.396145698028164e-14
6.476472805666994e-14
7.011548153190726e-14
7.203419085722518e-14
7.742664424588463e-14
7.353482790082044e-14
7.385853640634773e-14
7.31814340435017e-14
7.745180568924377e-14
8.336088024820042e-14
7.905038967303549e-14
7.75786025033833e-14
7.607595197815691e-14
7.910096799607409e-14
9.096674031336253e-14
1.1041122519028622e-13
1.165663835624088e-13
1.097391998397139e-13
1.2463715785428402e-13
1.2344469014976082e-13
1.2410382267947084e-13
1.357968756164705e-13
1.3422881380259853e-13
1.2325464027181883e-13
1.1157700768970386e-13
1.051026981537302e-13
1.0328972929080142e-13
9.09921469445344e-14
1.1068466909277324e-13
1.2534853374681116e-13
1.167918419515567e-13
1.174964966036236e-13
1.2470067273858936e-13
1.3254192269853353e-13
1.383267825127216e-13
1.3711776950745599e-13
1.5432273639053083e-13
1.3632173626245918e-13
1.5339939420411194e-13
1.4420942035651055e-13
1.2160128821710674e-13
1.3032127195098606e-13
1.2464833939533663e-13
1.1770604721153604e-13
1.1406488481601908e-13
1.1384770939980376e-13
1.0675689948769257e-13
1.0532985904892429e-13
9.846717607113641e-14
8.911558131341509e-14
8.161803932109826e-14
8.879258675581664e-14
8.348369917913693e-14
8.645757310586481e-14
9.125386203213568e-14
9.832968005600019e-14
8.719978543289116e-14
8.302202814814667e-14
9.86625999441764e-14
1.0466915300842533e-13
9.897294838100932e-14
9.16585702215434e-14
9.56274279944782e-14
9.535204282061657e-14
1.0365366890896936e-13
1.0234619139032085e-13
1.051943443503344e-13
1.0507701163655622e-13
9.998359903029128e-14
9.525025229208897e-14
9.997377500974447e-14
1.0000209622465425e-13
1.0504998807287127e-13
1.0247402643780893e-13
1.0623534459904484e-13
1.0623262798615716e-13
1.0815191181781945e-13
1.1413796619004697e-13
1.0919740774150554e-13
9.910484530443361e-14
1.0166678026411714e-13
1.0154970720803413e-13
9.026643890046637e-14
9.05191774568291e-14
8.45926774610115e-14
Acceptance rate: 0.2886666666666668
5.01433713617001e-14
5.1164169499296276e-14
4.757076476276579e-14
4.9955587378995047e-14
4.9696764271120393e-14
5.178822483801763e-14
5.700126734030224e-14
6.320439923699486e-14
5.953555406900215e-14
5.884130751816781e-14
6.723659548379869e-14
6.23825679058147e-14
6.002768902787839e-14
6.829246023809846e-14
7.111999343817466e-14
7.471989361544138e-14
7.46623777390147e-14
7.200281047724194e-14
7.409637366589374e-14
8.426229303473089e-14
1.0088069666655457e-13
1.0741822286349525e-13
1.1356156046624273e-13
1.2633752164426233e-13
1.2589947002762046e-13
1.15241586509337e-13
1.0463228032862123e-13
9.774906458444555e-14
1.1181837127384535e-13
1.1288754578958255e-13
1.1003923030945307e-13
1.1015443871408737e-13
1.1484823501553347e-13
1.1106888329536967e-13
1.1938371711846103e-13
1.1879999024786264e-13
1.1654600978830736e-13
1.0930661826171783e-13
1.0976465971910739e-13
1.2306975101536969e-13
1.166120373334419e-13
1.1974100240091286e-13
1.1240922414622515e-13
1.197043830348867e-13
1.1610384465325177e-13
1.238296543092017e-13
1.2588726656754113e-13
1.0910732087553896e-13
1.0147755245599389e-13
1.1100554668504632e-13
1.244493447345654e-13
1.4310412095588102e-13
1.4966928434483262e-13
1.5068224434164258e-13
1.6150402154705365e-13
1.4854673531009423e-13
1.4730224193580285e-13
1.3776656563550032e-13
1.2983577632292508e-13
1.407001809094183e-13
1.3482308854521333e-13
1.2738133131520784e-13
1.2372162509011887e-13
1.238025589252109e-13
1.2668312339526525e-13
1.370139668403125e-13
1.29344193060323e-13
1.2601303671207585e-13
1.426417245233088e-13
1.3021995952960593e-13
1.2878232237262049e-13
1.361741394323251e-13
1.1957378709973882e-13
1.109154945444433e-13
1.049257347250122e-13
9.60297185861855e-14
1.0236535783762016e-13
1.1489658092598023e-13
1.2529159129065832e-13
1.401503288491433e-13
1.3765041401588495e-13
1.3330021854876527e-13
1.2080980484282758e-13
1.1026567747072085e-13
1.0985480271456702e-13
1.2280035359877582e-13
1.2031552166079811e-13
1.266060519695348e-13
1.2821037937647131e-13
1.2822832974745241e-13
1.2563660336478839e-13
1.3278871352033294e-13
1.3114377203460397e-13
1.341749814760135e-13
1.2389083468152032e-13
1.1748256781779612e-13
1.2471768831267388e-13
1.3207597442597308e-13
1.28668239567564e-13
1.347315209826558e-13
Acceptance rate: 0.29662500000000036
8.261607563170604e-14
8.584589859409644e-14
8.250724796055255e-14
7.446825372415322e-14
7.317933980163365e-14
7.630759185403347e-14
7.909241188640226e-14
7.953413223192453e-14
8.195536300737244e-14
8.916917014002122e-14
9.519550520442405e-14
9.422301192299514e-14
1.01262842244245e-13
9.195533940962075e-14
9.428978119676167e-14
9.990173565009749e-14
1.0208740187926428e-13
1.0688206058534281e-13
1.088670941140563e-13
1.0168326079181053e-13
9.4009124050579e-14
1.0309919695152773e-13
9.294349257443113e-14
9.343858141427138e-14
8.716148216296026e-14
8.052388022839861e-14
8.07784650303481e-14
8.398824123186195e-14
8.657868723762603e-14
8.323198879941577e-14
9.808040372121959e-14
1.114216366195489e-13
1.2309984692268735e-13
1.248100508067601e-13
1.213685962363743e-13
1.328739409450653e-13
1.238882373053579e-13
1.1444336788636418e-13
1.2227282711229315e-13
1.1317308161896254e-13
1.1130220703329193e-13
1.0631722824602479e-13
1.056914843126766e-13
1.0761920332781269e-13
1.0671065665269985e-13
1.0008209517016869e-13
9.247805739600228e-14
1.0432233594815634e-13
1.1288971466545761e-13
1.0853513077658589e-13
1.157977161854625e-13
1.0636368144340026e-13
1.0103110663633051e-13
9.379602768953822e-14
8.951479019667313e-14
8.767986306263309e-14
1.0704569861855513e-13
1.0974804277612393e-13
1.05935381783805e-13
1.1186761480774838e-13
1.1539247321891688e-13
1.1230304019480861e-13
1.0375854212628174e-13
9.957749983671237e-14
1.0036409460179695e-13
1.0024034979643415e-13
1.0257389292552004e-13
1.1020580544074692e-13
1.1479086649155379e-13
1.1764438716800502e-13
1.1317445457787518e-13
1.0351641234009388e-13
9.216917145675215e-14
9.613842479952478e-14
9.247791648103146e-14
9.571831507346965e-14
9.352186381035657e-14
8.419281591709525e-14
8.036361524678909e-14
7.23387482589076e-14
6.61741524066584e-14
6.111925732542208e-14
6.182958725594656e-14
7.792490866045012e-14
7.499751456279759e-14
6.839205946375181e-14
6.862671732447947e-14
7.332634567197912e-14
7.75780208077375e-14
8.73334393616015e-14
9.787489791950093e-14
1.0376298719448155e-13
1.0005639871407585e-13
9.709291822530777e-14
9.062154099493404e-14
9.422767232252918e-14
9.085717014930983e-14
9.72363289108318e-14
1.0343079322806788e-13
9.757840212394989e-14
Acceptance rate: 0.29430000000000084
5.982256827449319e-14
6.652329054008161e-14
7.111870083399212e-14
7.10886836260794e-14
7.040691302644435e-14
7.040033542077223e-14
7.353083567773305e-14
7.215384820592076e-14
8.232133862276263e-14
9.310009321850416e-14
9.394660234751924e-14
8.606717609047551e-14
8.157181725068371e-14
7.880049951365175e-14
9.316343320932559e-14
9.620935372882124e-14
8.846611277765366e-14
9.055323052809253e-14
8.92644408873609e-14
9.628092985850769e-14
9.74134030036663e-14
9.512801640501561e-14
9.855697046103075e-14
1.0800323492945306e-13
9.14380200089581e-14
9.64388140967968e-14
8.9736061572349e-14
8.513952270071745e-14
9.585891684388917e-14
1.0497679942415304e-13
1.0334815156661797e-13
1.0798044837651618e-13
1.0491657039237315e-13
1.0705375201947447e-13
1.0802467451496947e-13
1.0905957861454528e-13
1.2405639567116213e-13
1.1267321133204502e-13
1.2198564587751333e-13
1.2307213518772974e-13
1.2249156585456404e-13
1.2651543599621659e-13
1.3409034521510525e-13
1.32299352351161e-13
1.3564573470494156e-13
1.2366682969964235e-13
1.3533396808727582e-13
1.258041056132691e-13
1.404289353342079e-13
1.2638897627109513e-13
1.3762329248944857e-13
1.3818260842782195e-13
1.3238792097736595e-13
1.352128034735178e-13
1.4893148720876856e-13
1.5073266317037112e-13
1.6150443122056264e-13
1.6077107214624566e-13
1.6654215170522175e-13
1.6188761729690225e-13
1.5808885375060858e-13
1.6322902835900717e-13
1.5624160954275547e-13
1.342632822723854e-13
1.5459176700787638e-13
1.5006926204457822e-13
1.53787311273283e-13
1.5549991795999402e-13
1.5523363001544812e-13
1.720807543652359e-13
1.5968586700052448e-13
1.6056632151388378e-13
1.7606169277151307e-13
1.9501227586609806e-13
1.8843903062524155e-13
2.0292658874024805e-13
1.9691208584949105e-13
2.131286659913018e-13
2.1506032492561446e-13
2.3289599718655917e-13
2.4454440051226406e-13
2.2027706118624816e-13
2.1861342407440504e-13
2.0655244759676624e-13
2.0519984113139547e-13
1.9345221384189465e-13
2.1434394465368594e-13
2.164880992938826e-13
2.202350653177679e-13
2.0044060731266804e-13
1.951158544194213e-13
2.0633936615882512e-13
2.2093292197194408e-13
2.1948031885061276e-13
2.40210043377111e-13
2.451725523978551e-13
2.343193333750799e-13
2.3482289237408437e-13
2.0094126192412745e-13
1.9152191130989586e-13
Acceptance rate: 0.29233333333333433
1.1883992715082154e-13
1.274444901859144e-13
1.1549498478565687e-13
1.2440044665113052e-13
1.2949510350742192e-13
1.4144274042021811e-13
1.4079419075990594e-13
1.397150887772165e-13
1.4441976625901543e-13
1.385918078869694e-13
1.2101129303842848e-13
1.1965785060650238e-13
1.3802403871001073e-13
1.3132170107672454e-13
1.4167552572345277e-13
1.4422842781338766e-13
1.3288237591628147e-13
1.266994024564159e-13
1.1446429945544884e-13
1.180840315969937e-13
1.1350552887052767e-13
1.1367107732671637e-13
1.1258643404484807e-13
1.0707123544638925e-13
1.1319091912864992e-13
1.1387989500010796e-13
1.111983713637508e-13
1.0619166647840849e-13
1.159573222992854e-13
1.2637544498309545e-13
1.1754442182331987e-13
1.1722290049116698e-13
1.2052300038290765e-13
1.2636706136946901e-13
1.3740141891638514e-13
1.4190906443021095e-13
1.3150647907681814e-13
1.2931497918896614e-13
1.2398906702951348e-13
1.1422402726212806e-13
1.0866095774281625e-13
9.871812689993596e-14
9.289354848962563e-14
8.879159750319945e-14
9.105389276637997e-14
1.0328789928093515e-13
9.241143054509714e-14
9.252229731418306e-14
8.52111631084805e-14
7.607374313886081e-14
7.495506075655698e-14
7.369952165756574e-14
6.409934877976081e-14
5.999155759782802e-14
6.302475278922226e-14
6.524659077389991e-14
5.96553933837943e-14
5.993235792735261e-14
6.04839594520017e-14
6.772295432569236e-14
6.685941514792156e-14
6.165403985507795e-14
5.806019205847342e-14
7.247506612636401e-14
8.199670187846278e-14
9.237911985311705e-14
9.617215768980437e-14
8.65532548158064e-14
8.916402512327792e-14
8.804990327086847e-14
8.282061099865984e-14
8.390024973558957e-14
9.717642959361546e-14
8.876556253835039e-14
9.714979936853231e-14
1.0091833635800465e-13
9.874032815908244e-14
1.0538648603886664e-13
9.676919383670668e-14
9.083748908022761e-14
9.952411035743667e-14
1.0372305428389837e-13
1.0998304899921348e-13
1.2458290554717158e-13
1.472366487843076e-13
1.6663772680879645e-13
1.8821543385137018e-13
1.8772225293630543e-13
1.6732321636286823e-13
1.5244774278799118e-13
1.5531943496666468e-13
1.4658613484327432e-13
1.6700953710439736e-13
1.6683630164969893e-13
1.6071606969053238e-13
1.5539970429019605e-13
1.4142920958282255e-13
1.2071482526610238e-13
1.0957375253430195e-13
1.1282592211247484e-13
Acceptance rate: 0.2925000000000013
7.064108563770865e-14
7.464524707747587e-14
7.356290560436976e-14
7.336789986368092e-14
6.571650321390784e-14
6.757798657954083e-14
7.637934903385105e-14
7.621139348232808e-14
7.331771163771081e-14
7.312037572136782e-14
6.574801949904467e-14
6.60668498954497e-14
6.092605424345872e-14
5.920020725362375e-14
5.40372338817537e-14
5.39070833708073e-14
5.175246878409272e-14
5.3539213104933036e-14
5.2544639151522756e-14
5.173624135477868e-14
5.0910115367147e-14
5.490155122162007e-14
5.757044945030001e-14
5.6610833847497573e-14
5.686458400931335e-14
4.918212998100695e-14
5.397689335901362e-14
5.26468812157001e-14
4.842055292652787e-14
4.6977159794857396e-14
5.415839274169828e-14
5.0871320778292256e-14
5.36364547105972e-14
4.780033928154242e-14
5.004389776236523e-14
5.209928365676839e-14
5.3057065509055635e-14
5.437569179371782e-14
5.695429080560308e-14
6.16722740219964e-14
6.221931090233193e-14
6.91990567161057e-14
7.447456978850252e-14
7.393995537048064e-14
7.930864972817412e-14
7.243746862160926e-14
7.839783895430794e-14
7.959225098729395e-14
7.791758303275258e-14
8.539739252305408e-14
8.250455291275214e-14
8.556637596389876e-14
9.678343087278646e-14
9.337374051168548e-14
8.772003135538039e-14
9.649613109226237e-14
9.835225550632767e-14
9.393644584012153e-14
8.761649467362427e-14
9.287854340007069e-14
9.408918926708411e-14
8.665185875864806e-14
8.13965070434242e-14
8.302925944816597e-14
8.896592449158183e-14
9.080592769066778e-14
8.62001919701556e-14
8.434115190351378e-14
8.633156530748704e-14
8.585744158090599e-14
9.128372843426952e-14
9.193086812816063e-14
8.825590246192356e-14
7.926023031927946e-14
8.268801865523453e-14
8.504462525416783e-14
9.45445317196805e-14
9.621063928026642e-14
1.0367112122157376e-13
1.061607762252725e-13
9.742162893274152e-14
1.1132986262139592e-13
1.0353913411194676e-13
1.0617839587289875e-13
1.0929134097353972e-13
1.135323175577913e-13
1.1845897023772976e-13
1.219540329303478e-13
1.224716123318592e-13
1.2064246053037084e-13
1.1063580584834576e-13
1.0258738368969755e-13
9.359617511498661e-14
9.832538205103853e-14
9.944597365185545e-14
9.820483401805725e-14
1.0783731305475521e-13
9.994504194732614e-14
1.1378632229189495e-13
1.1333095040547033e-13
Acceptance rate: 0.29300000000000015
Sampling time (10 samples): 4453.0116 seconds
