/scratch/users/yanlan/TroubleShooting/SMassim/Output/AM_PM_ET_237_330_00
2.2928046245372281e-07
1.1554830028441507e-07
5.962083194929624e-08
3.3256825694329125e-08
1.8393860592607557e-08
1.0421922724964522e-08
6.391223722444876e-09
3.974806985451145e-09
2.438184217207525e-09
1.4775937427901505e-09
9.352860262739805e-10
6.873473642026821e-10
4.6503622226330144e-10
3.4126034260753627e-10
2.2868367059771695e-10
1.734712988526691e-10
1.3629299643839983e-10
9.787936592540376e-11
7.527804862958215e-11
5.546473631466117e-11
4.7217207019803825e-11
3.869394797766191e-11
2.936088125339968e-11
2.3259189214436876e-11
1.8232312399687282e-11
1.3065730014118818e-11
1.0418442131220572e-11
8.112735742727752e-12
7.009094104001868e-12
6.3630718722273905e-12
5.415891355924639e-12
4.5226794461209114e-12
4.0621671361169066e-12
3.5872924208125887e-12
3.061124417200022e-12
2.659794882438741e-12
2.0926079326779207e-12
1.7542287382780084e-12
1.639423891275584e-12
1.4234410723977821e-12
1.2200373121465501e-12
1.0330797504333024e-12
8.933129824142059e-13
8.660937478617489e-13
8.250453875049835e-13
7.316188986685937e-13
6.796906049392384e-13
5.690639624485874e-13
5.355181639398833e-13
4.865756937486653e-13
4.744796251062382e-13
4.5196215784601804e-13
4.2982749559349237e-13
3.9107182419858847e-13
3.595577649722312e-13
3.5241184713322476e-13
3.252938351607544e-13
2.8032061224123627e-13
2.4866649320560316e-13
2.1443756879690481e-13
1.8226285542204083e-13
1.6334497189151896e-13
1.4675437066758783e-13
1.555803459331576e-13
1.6414835057958693e-13
1.40326493541938e-13
1.3896057322515288e-13
1.4179186728822803e-13
1.382959111660788e-13
1.356341563188475e-13
1.2476275638831563e-13
1.1971921302090254e-13
1.1524474615040456e-13
1.356891622679693e-13
1.2788344294452614e-13
1.1297964124752554e-13
1.3871554031790154e-13
1.3674179303830704e-13
1.3869658861891844e-13
1.4315150003205535e-13
1.657924173983347e-13
1.7060469453535766e-13
1.7335071218265054e-13
1.5000204625019494e-13
1.6068997111680067e-13
1.643260821918335e-13
1.6980176176132489e-13
1.6269137148154319e-13
1.580751769470656e-13
1.6960067615535406e-13
1.5563754095957143e-13
1.615285155509257e-13
1.5425077944210796e-13
1.442937529435121e-13
1.229166205720758e-13
1.1251982642553385e-13
1.1237829885610675e-13
1.304368529513703e-13
1.3184909325223298e-13
1.1653569941385322e-13
Acceptance rate: 0.3624999999999998
6.432615180896785e-14
6.937152438166617e-14
6.849133533909632e-14
8.015240320283322e-14
8.397805993022968e-14
7.797691173136076e-14
8.74783552156748e-14
7.642181637194302e-14
7.593486826889214e-14
7.499603069566216e-14
6.81456511689151e-14
6.644154532778187e-14
7.50490911378465e-14
7.19614099756937e-14
8.029757292460147e-14
7.96312016027436e-14
8.548015651911048e-14
8.779064258206878e-14
9.058527635884283e-14
8.948347922956669e-14
8.119234500956547e-14
7.625779582661054e-14
7.38172307159792e-14
7.515265912024963e-14
7.986798267230642e-14
7.174436644202467e-14
6.941982194513292e-14
6.558953102993283e-14
7.54445085771786e-14
7.543839272102411e-14
7.140379915420309e-14
7.136053763840019e-14
6.73632989670947e-14
6.727182353893548e-14
6.39591373658187e-14
6.598990570111862e-14
5.835017456799942e-14
6.141294466794542e-14
6.450078832143829e-14
7.442916307439655e-14
7.935881489075245e-14
7.717794814690646e-14
8.127438899963965e-14
7.944176993106595e-14
7.546085261721197e-14
7.218458770863803e-14
6.953765277155513e-14
7.281414802950183e-14
7.511130499714015e-14
8.449084307642774e-14
8.118118897098014e-14
8.11979916514492e-14
8.646431841986989e-14
8.763498234091106e-14
8.344746601702257e-14
7.468715732503093e-14
7.33900055255273e-14
7.583539188899912e-14
7.633976839213335e-14
7.150814159401736e-14
7.200638558564635e-14
6.591340894244805e-14
6.427689680212877e-14
6.201767654379059e-14
6.37854543416327e-14
6.084222408201182e-14
6.2698247019947e-14
5.5771853766204334e-14
5.822642321406898e-14
6.320764912296403e-14
6.215161181454273e-14
5.767089133040068e-14
5.0165247031526605e-14
5.2777070309100095e-14
5.485660497934226e-14
5.4082766892990616e-14
5.501976339493227e-14
6.043816204075674e-14
5.981626150726534e-14
6.059195352933249e-14
6.628002819758806e-14
7.025573430223516e-14
7.849424872342393e-14
7.393006472995475e-14
7.38762700957881e-14
8.466176654470541e-14
9.030226817472882e-14
7.990220997077087e-14
8.764509495529297e-14
9.46261916793839e-14
9.135067129096022e-14
8.630198167101141e-14
9.196969159884593e-14
9.215580342365348e-14
8.943995566320566e-14
1.0183323997340577e-13
1.1384080621136175e-13
1.2293913740891288e-13
1.4055679077234084e-13
1.340426011618208e-13
Acceptance rate: 0.3375000000000006
7.788652402765039e-14
8.060250752753629e-14
7.509675322948433e-14
7.156811329596503e-14
7.172487784446976e-14
7.657135400162292e-14
7.169001154262076e-14
7.04732137399892e-14
6.902148899525365e-14
7.025870588393785e-14
6.51143261279077e-14
6.374987059508767e-14
7.115358548867093e-14
7.14304523884154e-14
6.569043936967249e-14
6.936079501528632e-14
6.891074832107219e-14
7.500894475293093e-14
8.304793953680618e-14
9.034393503437318e-14
9.243563573228037e-14
1.0037047757000335e-13
1.003209906676996e-13
9.672648269894767e-14
1.0288329868751153e-13
1.0476619468128473e-13
9.273398306374882e-14
8.753639875670053e-14
1.0016269413936636e-13
1.1021913383016995e-13
1.0626697805329577e-13
1.0135467594706302e-13
1.0203992571389814e-13
1.0683061537943594e-13
1.0235588457841301e-13
9.673584042305263e-14
8.642711115398748e-14
8.363321548714726e-14
8.08298856205212e-14
8.099816794965353e-14
8.109153355982401e-14
9.16147914702985e-14
1.0287175466598419e-13
1.0882874108464112e-13
1.1177787482137473e-13
1.0242027386957876e-13
1.064720197169757e-13
9.661205578171171e-14
1.0325874251283127e-13
1.0982471179495502e-13
1.035422042909374e-13
1.101235705441747e-13
1.0595839767758015e-13
1.1809682157385545e-13
1.2424196359872426e-13
1.347871793254475e-13
1.3847503052232945e-13
1.3389039089705957e-13
1.202420189793056e-13
1.1800915585405366e-13
1.2553499250215289e-13
1.266998623904049e-13
1.260043798357261e-13
1.2102499990009033e-13
1.1674248830459492e-13
1.043456858265025e-13
1.1192258755765077e-13
1.027608290816255e-13
1.1477362043463154e-13
1.1910567323363043e-13
1.1311604528394985e-13
1.1302274075090981e-13
1.104435998201227e-13
1.1083911345410719e-13
1.0980058454181772e-13
1.0763092229676367e-13
1.0188918504697037e-13
1.100961433625872e-13
1.1135723575801444e-13
1.1071597622199858e-13
1.1572441390014209e-13
1.0414265104211898e-13
1.1030027796122055e-13
1.3391457382242923e-13
1.4865309045973863e-13
1.5053772815344048e-13
1.685680094363435e-13
1.6773495504362442e-13
1.6843112012891625e-13
1.6349277591693923e-13
1.4780004077016337e-13
1.3150124622590476e-13
1.180189967390833e-13
1.1053110781983015e-13
1.1169221963144322e-13
1.1966148317963492e-13
1.2012791533781204e-13
1.2922623080287398e-13
1.5040208374150336e-13
1.398223211377495e-13
Acceptance rate: 0.3260000000000004
8.357626217047237e-14
8.545832884424191e-14
9.200810557871697e-14
9.88657121251363e-14
9.769676928562949e-14
9.535526569295247e-14
9.647136872271808e-14
8.472700894626787e-14
8.745475463541884e-14
8.482689413493027e-14
7.922523656173366e-14
7.933913597192036e-14
7.500272220657007e-14
7.170129243727486e-14
6.571371572670197e-14
6.604112984196622e-14
7.047064171230816e-14
6.771689676001447e-14
6.67256109414462e-14
7.406166916681669e-14
8.273001031389427e-14
8.092873662315762e-14
7.218368522591905e-14
6.788904729566614e-14
7.980605951326279e-14
8.250358613598844e-14
8.014211816291761e-14
7.522747720757681e-14
7.122474853351084e-14
7.771150719543031e-14
7.972639638201584e-14
7.352304209235265e-14
8.771808247807878e-14
9.038072123835343e-14
9.787206405769732e-14
9.689147043718356e-14
9.501525015417335e-14
1.0998337176153582e-13
9.970989900964215e-14
1.034964185218919e-13
1.0109303657582012e-13
9.796753874868491e-14
9.372187409751362e-14
9.570569324212611e-14
9.31889653424595e-14
9.853860229428768e-14
8.980306666121197e-14
8.866372112017203e-14
8.058201234842107e-14
7.508232540402041e-14
7.52999866896665e-14
6.910666549988006e-14
7.564632463994818e-14
7.874905669115865e-14
8.903150131111499e-14
8.94473617679411e-14
8.599999801365444e-14
8.208824480888179e-14
7.884272190511004e-14
7.309245112442819e-14
7.320075096906078e-14
7.405906866590347e-14
7.469644561798566e-14
7.090683453983943e-14
6.760594951668184e-14
6.098570093470799e-14
6.29789938039847e-14
6.970891069121716e-14
7.0567221975162e-14
7.237816305040432e-14
6.64434168767554e-14
5.70031852535086e-14
5.550903416227968e-14
5.3137383022657605e-14
4.4198235141172856e-14
5.027310754238193e-14
5.224966097363777e-14
5.018828952065999e-14
4.835222985294933e-14
5.241668102891937e-14
4.676665592870032e-14
5.922024349831375e-14
7.180684172639545e-14
6.953931489307638e-14
6.489948716262495e-14
6.912835127372617e-14
7.594060829355248e-14
7.855535312429462e-14
7.955089856482157e-14
7.703190482486892e-14
7.140814419405168e-14
6.769166788825291e-14
6.585259535861937e-14
6.724343630443327e-14
6.40981734174152e-14
6.300090387159345e-14
5.905692012413157e-14
5.179617473072845e-14
5.290271552542424e-14
6.214451437272839e-14
Acceptance rate: 0.31962500000000044
3.8023221836991403e-14
3.987605904094423e-14
3.9824566651964577e-14
3.7366095120861006e-14
3.8163127464886716e-14
4.061824587514853e-14
4.325472030436374e-14
4.657874445589083e-14
4.411718217286462e-14
4.4748965214098694e-14
4.162682917497393e-14
3.6812118214343984e-14
3.5790876097754903e-14
3.6139858671345834e-14
3.527681504220096e-14
3.7760967861547645e-14
3.8930901082960216e-14
3.828021406080487e-14
3.427859036728289e-14
3.21507837967472e-14
3.105846107885757e-14
3.305777866007454e-14
3.3576449959050454e-14
3.731590351814675e-14
4.0541501969855243e-14
4.276787343567344e-14
4.414804760906423e-14
4.727796526508205e-14
5.1104968985797575e-14
5.113904385595765e-14
5.655856516260775e-14
5.531910413541233e-14
5.957036539004749e-14
6.085486936924773e-14
5.77755260538758e-14
5.786858834333553e-14
5.721326590763165e-14
6.230231804268772e-14
5.895927375985482e-14
5.340823424133885e-14
5.3685177586756344e-14
4.844809487481197e-14
4.51571183243413e-14
5.179437312269003e-14
6.083094642828348e-14
5.878702183496266e-14
5.840492515143946e-14
5.636367800659362e-14
5.770766832905763e-14
5.723646907954961e-14
5.614912834418668e-14
5.222736599489755e-14
4.898294277023971e-14
5.088552788887496e-14
5.715501431011957e-14
5.96638892582231e-14
6.407827321656836e-14
7.156484788255829e-14
7.541625476523543e-14
7.402164332695044e-14
6.687402489575828e-14
7.699954515322374e-14
7.645380537872083e-14
7.532697257832248e-14
7.984991063335253e-14
8.573173466672756e-14
8.356748649836929e-14
9.138834457891262e-14
8.726767493776809e-14
9.66070479842905e-14
9.750885988806055e-14
9.654884812063459e-14
1.1011283572702616e-13
1.0011738544667631e-13
9.781850010625504e-14
8.969576901603279e-14
8.98388328790847e-14
7.910345831147424e-14
7.520493886535959e-14
7.694231201063632e-14
7.360163806307591e-14
6.855878544461887e-14
6.458850464347492e-14
6.712797322010898e-14
6.694109011321979e-14
7.037943463770686e-14
8.255609342789661e-14
8.501993827845737e-14
8.650380328872996e-14
8.314801973099759e-14
7.921496672425022e-14
7.007453892259161e-14
7.699800611250198e-14
8.544416322805691e-14
7.952748379503748e-14
8.142852614399341e-14
8.596301657117368e-14
8.823289223107482e-14
7.888185760105366e-14
7.491663993351152e-14
Acceptance rate: 0.32410000000000033
4.475187177103562e-14
4.966414939534326e-14
4.764556011791445e-14
5.0645513535145956e-14
5.693200328580176e-14
5.735363058633187e-14
5.833658425298214e-14
5.542009984777915e-14
6.793161666850901e-14
7.69329570390906e-14
7.488780134910482e-14
7.214892942181768e-14
8.369567439178513e-14
8.532186399603905e-14
8.717056329769118e-14
9.570822468262611e-14
9.724988347477846e-14
1.0078349149368648e-13
1.0066999511208996e-13
9.851213752267882e-14
9.964568798610775e-14
9.200444832861928e-14
8.363044640897373e-14
7.729858362995079e-14
8.048288350650509e-14
8.679336282406342e-14
9.040384556116126e-14
9.296567408639855e-14
8.67171859610893e-14
7.612452770487815e-14
7.062728964130579e-14
8.378083875368731e-14
8.273445977910872e-14
9.488583730784247e-14
9.544500100970174e-14
9.398865139837517e-14
9.884233431946098e-14
9.233789184751521e-14
8.200165056013275e-14
7.932434871586398e-14
8.078052291269925e-14
7.179173133725092e-14
7.016846001784535e-14
6.267854277119889e-14
6.825609459753422e-14
6.528430056570427e-14
6.362936365062323e-14
6.658014727769775e-14
6.94991642966117e-14
6.163979120707192e-14
5.6535807543237055e-14
5.689801551181869e-14
5.3197444513462927e-14
4.8020455784881695e-14
4.695982924594942e-14
4.614668151094067e-14
4.4772255016119116e-14
4.720180363954212e-14
5.284067296966758e-14
5.597389928987827e-14
6.113461210540167e-14
6.331353661953543e-14
6.433763943236773e-14
6.68844279314911e-14
6.940541962542126e-14
7.359513850741746e-14
7.597151791130538e-14
7.481430504554436e-14
7.435826777732429e-14
7.174051949691529e-14
7.102799016022547e-14
7.110466119311544e-14
6.830978418177029e-14
6.762317464154176e-14
6.669602952600947e-14
7.65406244106562e-14
7.986828015942712e-14
8.194191218571049e-14
8.154104257078998e-14
8.711338322343902e-14
9.581087619561239e-14
9.506278296955603e-14
9.725070519960571e-14
9.382220748432342e-14
9.227398263427056e-14
8.817674539661212e-14
8.454138963778414e-14
7.9778400349829e-14
9.43935557893714e-14
1.0145816447457099e-13
9.826532333538035e-14
9.986962644096561e-14
9.473605397358047e-14
9.114878521884464e-14
1.0238472210048911e-13
1.0375979591599917e-13
1.1034331694962573e-13
1.0927128868724145e-13
1.0583420409551575e-13
1.0957133343780307e-13
Acceptance rate: 0.32425000000000037
6.856222979253105e-14
6.648862561595884e-14
6.265346616939307e-14
5.864982291732858e-14
5.73382362392457e-14
5.410286391990911e-14
5.107393742729199e-14
5.056391909465227e-14
5.110904807963852e-14
4.5949254835317364e-14
5.01636048618606e-14
5.205972167265481e-14
4.7529428439864836e-14
4.4756068647559e-14
4.720096752195066e-14
4.689285059171599e-14
4.867136468267069e-14
4.889959883595923e-14
5.1308478707521565e-14
4.9819698524331566e-14
4.849556227947399e-14
4.892607711361966e-14
5.822269810888463e-14
5.959877886270949e-14
5.991889552419561e-14
6.104602255513778e-14
6.61956112172933e-14
6.519704924453877e-14
6.248555176425318e-14
5.925886049855707e-14
6.08510736163472e-14
5.733253203469759e-14
6.205473296743751e-14
7.522137376060048e-14
7.657742621515979e-14
7.338142920184446e-14
8.020411157364315e-14
8.022967957528095e-14
8.395041880717618e-14
8.887634058201045e-14
9.491636337661529e-14
1.0979610536461567e-13
1.206153196652868e-13
1.3046327257135943e-13
1.3038891605879476e-13
1.3250329429491734e-13
1.5021782749782498e-13
1.5085586025484947e-13
1.6246903761536361e-13
1.6870692492605252e-13
1.4506318777069974e-13
1.573456994848179e-13
1.8116331825100012e-13
1.6887562171400937e-13
1.5019096394503595e-13
1.6547819030843747e-13
1.7599115982682654e-13
1.80982452465771e-13
1.9517816775470423e-13
1.7499143601492052e-13
1.6685179891325002e-13
1.597390883570255e-13
1.5041334539352917e-13
1.4877011586905155e-13
1.4649807681283882e-13
1.4446871009798736e-13
1.4999179846264354e-13
1.5092373861781364e-13
1.624167821696129e-13
1.645053224767211e-13
1.655310780091165e-13
1.747201573284787e-13
1.6125150263847596e-13
1.6544292935446024e-13
1.628831229162272e-13
1.6112916823864622e-13
1.7147172867593115e-13
1.9342525399118482e-13
1.8936070712486077e-13
2.1131024999394541e-13
1.9093752488174213e-13
1.773528866227814e-13
1.78679530315563e-13
1.7525628767584737e-13
1.825785467990384e-13
1.8608482114860023e-13
1.718533913469554e-13
1.8310372339799998e-13
1.8337491689473341e-13
2.0948417628990246e-13
2.0432594691702696e-13
2.0362363551231003e-13
2.2816240970757875e-13
2.328195886061281e-13
2.021745028884294e-13
2.0454114628199595e-13
2.1012662236727536e-13
2.151922496645495e-13
2.0076286495012173e-13
2.1362464478673032e-13
Acceptance rate: 0.3180714285714282
1.329391629086341e-13
1.3250987649168136e-13
1.4276060723686463e-13
1.46762509594725e-13
1.4375134105413242e-13
1.3915936770999739e-13
1.4899044854761318e-13
1.842643525689534e-13
2.0100799707758425e-13
2.1070910333238722e-13
1.8500505033431906e-13
1.7343236242447337e-13
1.7532101458554538e-13
1.7911111215591e-13
1.848498254868827e-13
1.766159712405826e-13
1.8011115560437386e-13
1.852393711990549e-13
1.7701551693209367e-13
1.727876697983651e-13
1.6045165162143047e-13
1.4822709202239344e-13
1.5011719470113489e-13
1.4150743364943795e-13
1.3894408615567696e-13
1.3971718844250095e-13
1.3203158182080215e-13
1.414043194979387e-13
1.5297398104801708e-13
1.4922362929313894e-13
1.5290137772675032e-13
1.4400978129718995e-13
1.4519884103964492e-13
1.364193983930972e-13
1.328621263923804e-13
1.320345307978839e-13
1.2275790691624771e-13
1.1375793628872923e-13
1.1534091922336962e-13
1.1335648505974774e-13
1.2015284002600448e-13
1.264424144349729e-13
1.4665058698196738e-13
1.531766356500195e-13
1.5174403532015134e-13
1.5258510583458152e-13
1.5828402062815196e-13
1.50473658299222e-13
1.4889666880511419e-13
1.5243179341719888e-13
1.3671091856147636e-13
1.5451839652158165e-13
1.770345671033043e-13
1.7332091394799126e-13
1.6659406199781132e-13
1.903764634892881e-13
1.8488160918533006e-13
1.9459836359295985e-13
2.0020542975716566e-13
1.9598706886195984e-13
2.145814964975655e-13
2.165691771289808e-13
2.108667487188496e-13
2.0510558306923275e-13
2.0273227612304751e-13
1.9574244692221776e-13
1.8207074372416863e-13
1.7243161885041786e-13
1.8553879877847297e-13
1.6673301232665955e-13
1.6319188552696425e-13
1.5909319146033757e-13
1.4859414819012826e-13
1.6069409104426092e-13
1.4760886861280408e-13
1.4176759536033649e-13
1.3501051498186043e-13
1.3750060678772007e-13
1.3354306421289612e-13
1.2017238079924275e-13
1.3041411759131378e-13
1.2950819206087143e-13
1.543293437885003e-13
1.580456262256308e-13
1.4508206336414525e-13
1.4756810955850507e-13
1.4224737554082822e-13
1.513243405770385e-13
1.4247187237988117e-13
1.3761648819803198e-13
1.461684015698977e-13
1.47643158137945e-13
1.4177815097930606e-13
1.4159446081370466e-13
1.469814772173062e-13
1.4932776434091065e-13
1.4623679381614033e-13
1.5141020034751261e-13
1.5454490483636615e-13
1.6491738382919658e-13
Acceptance rate: 0.320437499999999
Sampling time (10 samples): 4485.0395 seconds
