/scratch/users/yanlan/TroubleShooting/SMassim/Output/AM_PM_ET_244_263_00
2.331393114773186e-07
1.1695339687925819e-07
6.292670972398748e-08
3.49006436334267e-08
2.143590489455046e-08
1.2628313512319158e-08
7.813607551763461e-09
5.257063837034541e-09
3.301028275009026e-09
2.254468122881982e-09
1.4898141722313321e-09
1.0853805624068586e-09
7.880655705465555e-10
5.528469766461148e-10
4.109326960920665e-10
3.235493482169968e-10
2.43749231844385e-10
1.7683838604211773e-10
1.4147520648076383e-10
1.0371699983448473e-10
8.362465022020352e-11
6.488300500860711e-11
4.887621793968651e-11
4.250272438493573e-11
3.6936896297758255e-11
2.6803966963811743e-11
2.1552063575331837e-11
1.8068379813457395e-11
1.577060421639389e-11
1.2969404557242112e-11
9.711280002761236e-12
9.545543097614125e-12
8.000863829423869e-12
7.215668203085937e-12
6.1269646128439595e-12
5.32477159737882e-12
4.8555732885630765e-12
4.281740988841401e-12
3.864236284528629e-12
3.169474364747617e-12
3.0696523692064727e-12
2.9816651585172164e-12
2.9518591313728024e-12
2.951303003844018e-12
2.4645618902507278e-12
2.1535428168001915e-12
1.686182270934267e-12
1.4160609176083892e-12
1.4083125700308746e-12
1.1921611608098142e-12
1.126311370134172e-12
9.902666513408265e-13
9.383405475638068e-13
9.410857075468247e-13
9.856267676043523e-13
8.239100430375546e-13
7.631419306497819e-13
6.633859620831206e-13
6.203086127862312e-13
6.117304818912115e-13
5.624992272270812e-13
5.81149865556232e-13
5.54460779159811e-13
5.612225665626861e-13
5.390638967667717e-13
4.581396322702813e-13
4.1602732151688175e-13
4.704095326216645e-13
4.848790888574858e-13
4.3536829988346045e-13
4.4156525841648114e-13
5.244985354427491e-13
5.015405796672298e-13
5.384091403235732e-13
5.012491546151481e-13
5.284720758820824e-13
5.427079555353162e-13
5.22898284941726e-13
5.05658255688133e-13
4.910070101056578e-13
4.941767108512707e-13
4.595146255165504e-13
4.2482184700239885e-13
4.491140117235303e-13
4.4905271175480694e-13
4.401738303254027e-13
4.516837857102821e-13
5.072551596506267e-13
4.819707574218265e-13
4.915912497198199e-13
4.524310390123733e-13
4.723229058750566e-13
4.755975332763585e-13
4.854918572165997e-13
4.394606547900764e-13
4.057813930397135e-13
3.9043423975275093e-13
4.2207541101708426e-13
4.745695146113965e-13
4.4388193388239585e-13
Acceptance rate: 0.36199999999999977
2.5239282609028167e-13
2.411195743629837e-13
2.1070433313514053e-13
2.1163829760969531e-13
2.0604890634858044e-13
2.1023553295401147e-13
2.3580638465561816e-13
2.4653593838223927e-13
2.615785836416102e-13
2.8139023053816267e-13
2.9409948293564604e-13
2.969746764448486e-13
3.1781194872787165e-13
3.12066940735533e-13
3.2514661731520716e-13
3.159189812994973e-13
3.389879265783788e-13
3.3911870142720193e-13
3.2903223050940313e-13
3.41595240131033e-13
3.212724693242783e-13
3.110933118760763e-13
3.2575620051951365e-13
3.252351185078819e-13
2.8223316383871696e-13
2.3501994436198366e-13
2.2114170493669574e-13
2.0390133587408756e-13
2.0778705655343494e-13
2.0346701334942574e-13
1.7329093980722127e-13
1.6783795872938993e-13
1.6811255983862104e-13
1.8293731637392275e-13
1.8670150108212037e-13
1.8866946582593329e-13
1.6389411404472384e-13
1.5411196045458804e-13
1.4263997659819422e-13
1.3570838762171643e-13
1.293110560370364e-13
1.4199720207398015e-13
1.3114141049047627e-13
1.3183318951794555e-13
1.3766978630732293e-13
1.4324644569712272e-13
1.5433564500825865e-13
1.6820559871268584e-13
1.8072460453380099e-13
1.968644354551788e-13
1.8848035380156043e-13
2.0360646631268896e-13
2.327785668376116e-13
2.226822867954305e-13
1.8521806380279463e-13
1.9425412373601967e-13
2.1236866652706655e-13
2.0339393719201273e-13
2.1770002336298885e-13
2.0525025305531387e-13
2.0724275646171276e-13
1.9479020031222222e-13
1.8728675554192708e-13
1.9275246751170658e-13
2.0569630690493344e-13
2.2100543204009413e-13
2.310870406349392e-13
2.111903633781097e-13
1.9748281041518499e-13
1.9339471519887058e-13
1.9756824198973066e-13
2.0127828859096063e-13
1.9502451282875933e-13
2.0612080270960003e-13
1.7881172141984281e-13
1.873983888331336e-13
2.0675979350769073e-13
1.9209260847286966e-13
2.0971709336309246e-13
1.9567230175210051e-13
1.9867425644275101e-13
1.833978168911677e-13
1.9427158528871943e-13
1.8601099107352505e-13
1.8201232541571665e-13
1.9754366447119841e-13
2.099601297666266e-13
2.297358825193882e-13
2.0466452942559671e-13
1.9506290231009044e-13
1.9341386832663576e-13
2.2365578419396984e-13
2.179695609509037e-13
2.2503371714704997e-13
2.3597762087537976e-13
2.428065723067293e-13
2.2379351728268402e-13
2.1670319182984647e-13
2.0712372824034074e-13
1.7706162688561027e-13
Acceptance rate: 0.3510000000000007
1.0540508259694939e-13
1.1395826200046266e-13
1.2594801632812672e-13
1.285365300076586e-13
1.2538283673773003e-13
1.347430377665182e-13
1.2964818762591916e-13
1.3467463107335897e-13
1.2880379525116864e-13
1.2945008432984489e-13
1.3018977218353692e-13
1.414651434357003e-13
1.3946878950594759e-13
1.2903859201073762e-13
1.3158800859238501e-13
1.3394563131453551e-13
1.5676831027496857e-13
1.6424093727479766e-13
1.6602737125066713e-13
1.6218296147683977e-13
1.4677203656833435e-13
1.4764324457872465e-13
1.301789301518453e-13
1.4815846021656986e-13
1.4730112952793634e-13
1.5603351937692175e-13
1.4670994414324568e-13
1.4716191888457692e-13
1.452305567961055e-13
1.402812700962123e-13
1.4199587518955511e-13
1.1984531268500147e-13
1.1263130513109672e-13
1.12708805077273e-13
1.155980294712185e-13
1.3435777183091444e-13
1.3421513682521911e-13
1.1840804635059203e-13
1.2132958576342598e-13
1.2319732894469895e-13
1.1285681078307224e-13
1.1471009340014168e-13
1.302700071878441e-13
1.228791880725297e-13
1.210838645711436e-13
1.158131931111793e-13
1.1698410820034408e-13
1.3258404158909103e-13
1.2082670896616325e-13
1.3440870222577138e-13
1.415076837645103e-13
1.2832773627245733e-13
1.3412026445490195e-13
1.543469229226434e-13
1.572292374212905e-13
1.5161670832138214e-13
1.9613811352570634e-13
2.003778250512608e-13
2.2523316875518992e-13
2.1376442042276626e-13
2.1301793696487011e-13
2.101198826177688e-13
2.0675445099572202e-13
1.904761493400652e-13
1.9332337555705077e-13
2.0774012420582992e-13
2.1389023881923301e-13
2.1998793718011943e-13
2.556669125902051e-13
2.574816216531505e-13
2.5065438203927556e-13
2.826111244544995e-13
2.8302634245815115e-13
2.756936959376517e-13
2.858248700231329e-13
2.5087908663066803e-13
2.667182186033808e-13
3.057922656122301e-13
2.801415347423744e-13
3.0322205244405145e-13
3.077827201769842e-13
3.182291482051327e-13
3.163045163753122e-13
3.0790354816915265e-13
3.2188044652685707e-13
3.1248892659778427e-13
3.016062939273457e-13
2.975574574008441e-13
2.977699431616215e-13
3.3462497681795657e-13
3.1480597346080196e-13
3.468595905334281e-13
3.618315541809044e-13
3.6107009137538337e-13
3.480842370561248e-13
3.3971476404044663e-13
3.8599618548245145e-13
3.5159492802328676e-13
4.097722133096637e-13
3.9842560604401813e-13
Acceptance rate: 0.3330000000000011
2.3808562799769173e-13
2.477940799329612e-13
2.3889399586490447e-13
2.3017801420245185e-13
2.5909998951336465e-13
2.7110366032579087e-13
2.908153078339731e-13
2.705120389972099e-13
2.578302256084645e-13
2.2693644768769454e-13
2.2465391984788733e-13
2.089487749685174e-13
2.0583795027999664e-13
2.097436100027936e-13
2.2706165240017503e-13
2.4605701562527163e-13
2.657355183008174e-13
2.5599296339909095e-13
2.425023391445393e-13
2.3054969741070233e-13
2.518314024206877e-13
2.598700951706687e-13
2.4365835331082044e-13
2.644787538045405e-13
2.2909569352218655e-13
2.271420568347932e-13
2.256293557933719e-13
2.5341345192211435e-13
2.563626945923651e-13
2.851265310584e-13
2.8971201359097634e-13
2.6876238162000875e-13
2.60611461701359e-13
2.485424281509348e-13
2.7331104464084295e-13
2.9103996052354136e-13
2.6115286050930154e-13
2.767584680640648e-13
2.5657905124475355e-13
2.9861633956920664e-13
3.0571994769546906e-13
2.9032350932875455e-13
3.045578700333027e-13
3.0189782766792285e-13
2.9139056995289157e-13
2.816419757423551e-13
2.684132200463991e-13
2.7119106728823897e-13
2.5700666458205124e-13
2.4317147975969136e-13
2.7169034219714745e-13
2.521920131477306e-13
2.329062525817373e-13
2.0657093202470291e-13
1.9017491571807963e-13
2.2645489700372343e-13
2.469718756311894e-13
2.7254204053284563e-13
2.811258939634537e-13
2.8856602294002283e-13
2.8489100531531775e-13
2.884540224296583e-13
3.1138117316851186e-13
3.283441452480756e-13
2.919495276329984e-13
2.7861593249048597e-13
2.8879643884086866e-13
2.704873677011107e-13
2.411171263209463e-13
2.5620156308552316e-13
2.4718842455129554e-13
2.5566230572945244e-13
2.6916296489027053e-13
2.7980707235631074e-13
3.1353308740374215e-13
2.8007863555675667e-13
2.966662184000933e-13
2.84633402350162e-13
3.146228008531005e-13
3.1628101760443535e-13
3.435333692331765e-13
3.0393793444323405e-13
2.91231768078139e-13
2.9366518840800985e-13
2.7712339034585964e-13
2.631382011118042e-13
2.8855240073785555e-13
2.939062291926782e-13
2.5952225935051505e-13
2.3560191757428814e-13
2.383909155534479e-13
2.7236639538255763e-13
2.67387317685782e-13
2.6988940133054383e-13
2.477117044465157e-13
2.2773196906073476e-13
2.177197654974683e-13
2.0534701587092533e-13
2.2630427125329074e-13
2.368552945749299e-13
Acceptance rate: 0.3287500000000016
1.4421950305592823e-13
1.3626803924255573e-13
1.237393038801344e-13
1.2830441495104048e-13
1.274649957565381e-13
1.1551882667519276e-13
1.2292824501898206e-13
1.3268273051155527e-13
1.452189057707705e-13
1.6915264027936672e-13
1.734831055452009e-13
1.6024603050339425e-13
1.8110085708800969e-13
1.7613714145848575e-13
1.7693504279891299e-13
1.7943459086770175e-13
1.8969101680106179e-13
1.8958980321223233e-13
1.9611357834929325e-13
1.90921218771696e-13
2.0513769047038488e-13
2.1551892343262036e-13
2.366755490313557e-13
2.322316663333058e-13
2.2233288730247945e-13
2.3520207187926306e-13
2.2796048648352766e-13
2.1593103425207183e-13
2.2111271547758866e-13
1.8986571623405225e-13
1.9933805247453493e-13
2.1059059410165312e-13
1.9963578713404234e-13
1.9845702960434515e-13
2.1872896658268e-13
2.4418014670929474e-13
2.455978715526106e-13
2.254564452284299e-13
2.0602174475588587e-13
1.9429634476937982e-13
1.9529269818026476e-13
2.419921035340213e-13
2.423515556878446e-13
2.1778131378046545e-13
2.1553460915135142e-13
2.0633742968886102e-13
1.9767438749299377e-13
1.8864495806010466e-13
2.0051593804782688e-13
1.876465403142817e-13
1.9123600145264973e-13
1.7663364409712105e-13
1.756296621235861e-13
1.7949956735448552e-13
1.6365702832760975e-13
1.8012943364182744e-13
1.7823788119529626e-13
1.7745253695488244e-13
1.8485819512143393e-13
1.7319321659326452e-13
1.7936211443640347e-13
1.7686492342859555e-13
1.704874168137697e-13
1.883285509628911e-13
1.7889604766741582e-13
1.741256868911467e-13
1.608754907749293e-13
1.5300749935630242e-13
1.4473896567572644e-13
1.368413517256797e-13
1.426862953227241e-13
1.4561376587879526e-13
1.5147329988890766e-13
1.4813841527887018e-13
1.4854651148631638e-13
1.4176968013358062e-13
1.4501512915937569e-13
1.3695581403864493e-13
1.2397567489403505e-13
1.2980761899327064e-13
1.1257973809515352e-13
1.0766920787820095e-13
1.0645031854405791e-13
9.216412413793202e-14
9.663050018700331e-14
1.0297124527474306e-13
1.0783174838134755e-13
9.855053146816982e-14
1.1599479048298647e-13
1.1131462131040567e-13
1.0683005852604464e-13
1.055918710535532e-13
1.0955796381042812e-13
1.0548756326026987e-13
1.0720030375063451e-13
1.1836141618396583e-13
1.3285956339211313e-13
1.226510468395522e-13
1.2108898501570007e-13
1.1602768194608487e-13
Acceptance rate: 0.32889999999999975
7.06897946290354e-14
6.57056479811748e-14
6.96325855750834e-14
6.907630809749185e-14
7.671025335040125e-14
7.063786962681889e-14
6.48985724613473e-14
6.524467126594572e-14
6.147615075155833e-14
5.995435771790632e-14
6.430054040305352e-14
6.403951252998679e-14
6.67874876912086e-14
6.651463922121705e-14
6.599035063816885e-14
7.15260796713602e-14
7.54084720946513e-14
7.979781928057832e-14
8.801079419534016e-14
1.0054474340686664e-13
9.479681474184518e-14
9.295061637601671e-14
8.887007628819608e-14
7.927376592848384e-14
7.945235706893981e-14
7.825569217586039e-14
8.539757294074843e-14
9.231305047082538e-14
1.0777450072199563e-13
1.1169290986231774e-13
1.082198385344021e-13
1.1866503561971618e-13
1.2669945003016184e-13
1.2800206386286103e-13
1.3368279153808008e-13
1.455907711920582e-13
1.6308537154659195e-13
1.753026601069185e-13
1.7741574662749628e-13
1.8156865723706145e-13
2.0022119620056443e-13
2.1628061184064157e-13
1.9613489578860214e-13
1.9163489723055441e-13
1.8630709979866857e-13
1.8537650773707108e-13
1.8976773529917987e-13
2.1081221263107705e-13
2.2051594615096108e-13
2.2770643877126317e-13
2.1253720159741723e-13
2.2391624048924832e-13
2.3436106607907973e-13
2.3619037604213967e-13
2.366604506287512e-13
2.2020228032277394e-13
2.1893877614405066e-13
2.1050229734465638e-13
2.3203858701338004e-13
2.1411683261659044e-13
1.9803279139792277e-13
1.9945098244029802e-13
1.9699584695161305e-13
2.0350234603356628e-13
1.8915588719791868e-13
1.909913642949762e-13
1.7648979620554148e-13
1.730084922271005e-13
1.4987910113967318e-13
1.3036846967312746e-13
1.219381176953355e-13
1.269429381037253e-13
1.3104485308151967e-13
1.3607008174733135e-13
1.4433159916606673e-13
1.3603908667243982e-13
1.7059240088016534e-13
1.7708741648770594e-13
1.8899363207515652e-13
2.0858579105452695e-13
2.1534149105847712e-13
2.174731834267859e-13
2.2578178535621048e-13
2.6861075310154555e-13
2.716723006123024e-13
3.0034056206656956e-13
2.954895514262224e-13
3.154756461748029e-13
3.2284945260566777e-13
3.229949865627316e-13
3.065635214256343e-13
2.9567392628877197e-13
2.9842934741132383e-13
2.951743296339661e-13
3.087940841103338e-13
3.1318284559902025e-13
3.17830254000638e-13
3.1029221270553166e-13
3.484457446484244e-13
3.1995645112777585e-13
Acceptance rate: 0.32283333333333497
1.9085234412706115e-13
1.90437424185193e-13
1.9883498984347444e-13
1.9375294253685783e-13
1.8384000906459331e-13
1.9166746453011625e-13
1.8841360929869313e-13
1.9057661802939793e-13
1.8129538840847909e-13
1.7803786627607005e-13
1.843332897185815e-13
1.9419329889479498e-13
1.925150676469076e-13
2.0136011790700645e-13
1.9346752081172267e-13
2.04700955416047e-13
1.9541441861612745e-13
1.9253505119996747e-13
1.7088547045527118e-13
1.8920466365647461e-13
1.8913745530621654e-13
2.1699565744614308e-13
2.1473438674049264e-13
2.484853220308946e-13
2.5354027739617907e-13
2.4334777550773854e-13
2.6612432730520555e-13
2.3780919719180085e-13
2.2194267121521793e-13
2.007739608330001e-13
1.8153035586264106e-13
1.7535611558379655e-13
1.7798318333034496e-13
1.9253737513241979e-13
2.109726736155417e-13
2.289258764125968e-13
2.463659949495421e-13
2.383600964764925e-13
2.639929816337439e-13
2.67430318776929e-13
2.7925938443131327e-13
2.8771756639065483e-13
2.7246610207203767e-13
2.584249210929865e-13
2.4797622984149147e-13
2.387233637706741e-13
2.3063365654653646e-13
2.2193656768885003e-13
2.0998715848356337e-13
2.060132325498862e-13
1.9798945945471621e-13
2.2503538522782248e-13
2.3016325963858583e-13
2.4634501252180043e-13
2.29542617405955e-13
2.2487152950311883e-13
2.2222718448072864e-13
2.1457677726539825e-13
2.0186016529278e-13
2.163207557926229e-13
2.1520997881641148e-13
2.0697502606731048e-13
2.1548783350978762e-13
2.2427691648279088e-13
2.3330065837362825e-13
2.406455977844268e-13
2.311673706239161e-13
2.4043288094763374e-13
2.2095393183345885e-13
2.179014253940482e-13
2.1221431530658772e-13
2.2787388994488345e-13
2.2708765851451172e-13
2.1465050422015622e-13
2.226911987229181e-13
2.6374732990315224e-13
2.5709155720994594e-13
2.684528722068021e-13
2.6023151129584486e-13
2.5973969095628653e-13
2.469108395565284e-13
2.708022797895584e-13
2.58617168246117e-13
2.6693232113665384e-13
2.953873224610871e-13
3.1036800963465154e-13
3.219923566973545e-13
3.34850145949474e-13
3.632413124005143e-13
3.43713064348501e-13
3.016550397698248e-13
2.8009621220211453e-13
2.7562996508689174e-13
2.6051042238986026e-13
2.4062921300092405e-13
2.283582012753307e-13
2.0790074176485986e-13
2.0467157390886042e-13
1.940860756444891e-13
2.0385125053497924e-13
Acceptance rate: 0.32128571428571584
1.2697086503698165e-13
1.2761811603930098e-13
1.1699697504925683e-13
1.1434226776691075e-13
1.2503084995220178e-13
1.166917927037858e-13
1.0362639729008482e-13
1.0040174183840445e-13
1.2010460177054569e-13
1.1824424843267282e-13
1.2054431445204514e-13
1.2141500542527876e-13
1.2671388614300396e-13
1.2661257129213546e-13
1.2259360706942233e-13
1.3551357152234728e-13
1.381435577482967e-13
1.3931433763609264e-13
1.5654385930140265e-13
1.7091642143996419e-13
1.6554322537605654e-13
1.4727465975918841e-13
1.6121485950182486e-13
1.7571721370297495e-13
1.716603514384476e-13
1.7899334361305934e-13
1.7640410817567796e-13
1.7843928418440286e-13
1.8643160699127564e-13
2.0305050118020025e-13
2.1170615274355835e-13
2.1814636539058046e-13
2.108465544066161e-13
1.959898706770028e-13
1.9986389978484792e-13
2.3140033607241076e-13
2.1751399593365474e-13
2.1223834141623232e-13
2.125880766420462e-13
2.064492686386542e-13
2.1193961685946014e-13
2.033279237655792e-13
1.9846223997645602e-13
2.1108194378481588e-13
2.0802193671235146e-13
2.418181289165254e-13
2.5257852328433585e-13
2.3235657572593957e-13
2.1346420957202483e-13
2.2540780986494936e-13
2.5152828338316825e-13
2.4351946194959546e-13
2.2089360648557983e-13
2.328774670876435e-13
2.2017256770727164e-13
2.3290235581839574e-13
2.536928320201011e-13
2.800742077991464e-13
2.65096652350074e-13
2.6641821017400383e-13
2.7069217616813576e-13
2.906123000871863e-13
2.6848533109833866e-13
2.489308602833231e-13
2.6185290524724647e-13
2.6444652731496846e-13
2.7727005144976445e-13
2.8126664582029363e-13
2.784353614703831e-13
2.7146069468228423e-13
2.900060175432879e-13
3.092800769174375e-13
3.3822242125377033e-13
3.519826553206006e-13
3.758881817508478e-13
3.781094497378572e-13
3.4923124000546023e-13
3.165611837830872e-13
3.2573131755332893e-13
3.428431222202939e-13
3.0972323803416826e-13
3.085612713134656e-13
3.0957673886517826e-13
2.9132982251660784e-13
2.8550717761666636e-13
2.900581282215803e-13
2.7396203899080725e-13
2.602134398806497e-13
2.7725398361067853e-13
2.727583535905462e-13
2.599779308943902e-13
2.678583232993455e-13
2.5652033129901287e-13
2.4255432596024656e-13
2.46590110456347e-13
2.355976121419234e-13
2.4956828094872676e-13
2.9461300279852413e-13
2.7901518006085855e-13
2.5848909598352314e-13
Acceptance rate: 0.31925000000000125
Sampling time (10 samples): 4488.7606 seconds
