/scratch/users/yanlan/TroubleShooting/SM_ETwd/Output/AM_PM_ET_257_327_00
5.1196243396879165e-08
2.3292386703763837e-08
1.1931097393114903e-08
6.03665506963234e-09
3.2990949542900614e-09
1.8147416055718803e-09
1.1378487818285958e-09
6.563087767364642e-10
4.2262000058730716e-10
2.416555348291999e-10
1.5869816310565067e-10
9.453103420665638e-11
5.957974839803064e-11
3.824900111425869e-11
2.5771858090836598e-11
1.733247005234971e-11
1.2911740921791012e-11
8.851494075321876e-12
6.5431385359777254e-12
5.279217095371757e-12
4.3412425295739764e-12
3.1237500944201517e-12
2.445842733767508e-12
1.890588033058154e-12
1.5782069870926536e-12
1.3525117986122045e-12
1.0453845723183121e-12
9.34676946869456e-13
7.408518146338909e-13
6.607714279380935e-13
5.313930632648165e-13
4.610547482251996e-13
3.879351625392482e-13
2.8593104413225334e-13
2.4502094285165004e-13
2.0632798076641298e-13
1.6854982909280894e-13
1.3222957254372298e-13
1.1942964257708783e-13
1.0693967169220483e-13
9.2821787051116e-14
7.815733453047612e-14
6.694000556476575e-14
5.5093086846088954e-14
5.114784233660475e-14
4.218505984400754e-14
3.8890910204857596e-14
3.5044886314756295e-14
3.053950767406318e-14
2.6404151803757805e-14
2.1886684002387578e-14
2.05551299586998e-14
1.885746425640785e-14
1.74322955728101e-14
1.5565201756854432e-14
1.4974022697485345e-14
1.5486834721280414e-14
1.5466117318609817e-14
1.605269509598911e-14
1.4528145046690766e-14
1.2974592124933516e-14
1.0727623681948588e-14
9.09237705852131e-15
8.808832965877065e-15
8.917258143622621e-15
8.276894788806394e-15
9.356312353920407e-15
8.38594827476354e-15
7.465420980006795e-15
6.023918453496128e-15
5.90711116671269e-15
5.4056695908061474e-15
5.041885735489564e-15
5.3646097295993686e-15
5.3055593789727874e-15
5.076515532114061e-15
4.796471341936977e-15
5.12605214201329e-15
4.37347467201983e-15
4.157229988689019e-15
3.944136019684498e-15
3.5308788984730423e-15
3.530239189914254e-15
3.227666348293417e-15
3.1772404708928397e-15
2.92077207999437e-15
3.1465786919531752e-15
3.2498530954942e-15
3.0804406145811487e-15
2.9169964406979105e-15
2.7298344622186922e-15
2.353364581330351e-15
2.1407069845086515e-15
2.1342882870575304e-15
2.2248264392007618e-15
2.0178460612141833e-15
2.1272039849982326e-15
2.194578989943732e-15
2.2596616397416065e-15
2.2763395055708922e-15
Acceptance rate: 0.360499999999999
1.205045096299e-15
1.0846316401656276e-15
9.76370121459045e-16
9.785220213619358e-16
1.0964535209454228e-15
1.0144160634228958e-15
1.1348816758512067e-15
1.5856896994016807e-15
1.6410946318494408e-15
1.4855969698708267e-15
1.673582102429795e-15
1.7425115746066954e-15
1.6946321329376826e-15
1.6346406080447739e-15
1.6653289502375648e-15
1.4919988940271564e-15
1.3024668211776053e-15
1.6213235242614835e-15
1.4012094306657107e-15
1.5961811475285089e-15
1.4606165742716781e-15
1.4333903877132953e-15
1.413025045783461e-15
1.3714999087060026e-15
1.4433326698452417e-15
1.416703477711492e-15
1.574534366544004e-15
1.5659707505338969e-15
1.719315180122597e-15
1.9040374160820617e-15
1.9325416965503303e-15
1.6704133926173814e-15
1.8117949241844138e-15
1.6451913409717226e-15
1.593064552705646e-15
1.5973803145690109e-15
1.5217755190413242e-15
1.5166553411419767e-15
1.5766126764609429e-15
1.4711088429624722e-15
1.652864743635404e-15
1.8917041316863255e-15
1.9513117941789676e-15
1.8360033822380264e-15
1.561962160945432e-15
1.582323395419501e-15
1.478647537785369e-15
1.3799521259245912e-15
1.405928873879003e-15
1.4906533044238443e-15
1.4826987676826363e-15
1.7198241008529752e-15
1.7106400949456113e-15
1.6746159907626791e-15
1.6417808645130137e-15
1.5396867164358787e-15
1.4676697082632769e-15
1.3284177323020476e-15
1.3522974697152872e-15
1.3804175660872975e-15
1.2210296397105672e-15
1.2513040138622067e-15
1.3385740218908884e-15
1.533803444167861e-15
1.5294890038315382e-15
1.4968588349272659e-15
1.7316600374906775e-15
1.6560116574777653e-15
1.5656951050107775e-15
1.5747569784320673e-15
1.7507053617991023e-15
1.992036863662658e-15
1.8979410224985896e-15
1.8936643659856696e-15
1.9086711777948692e-15
2.046763084183734e-15
1.950357452843943e-15
1.786554075620806e-15
1.795879330184008e-15
1.9633478893001366e-15
1.8410757494858294e-15
1.7585219266885484e-15
1.5521973794435238e-15
1.522910852322645e-15
1.6076766584087963e-15
1.8168442954797148e-15
1.8739531984950165e-15
1.6671331403005852e-15
1.5154840275606074e-15
1.5776442275522306e-15
1.6376282208849955e-15
1.5490940047836176e-15
1.5134995003442338e-15
1.3497694376900651e-15
1.4362165972156236e-15
1.4838322261119536e-15
1.4606242319444848e-15
1.43990574467141e-15
1.4275398292061276e-15
1.4280492292584222e-15
Acceptance rate: 0.3417499999999994
7.73999664045112e-16
7.981571242069714e-16
8.142137699867291e-16
7.263553851567997e-16
7.64022143961041e-16
8.209796873492758e-16
8.034706088663199e-16
8.007469011856584e-16
9.010908611214944e-16
1.0105374997220688e-15
1.030199033702476e-15
9.441259918443986e-16
1.1151989299985239e-15
1.0976515525773868e-15
1.1458764739232848e-15
1.253645350418555e-15
1.1683604203261378e-15
1.1147716934610172e-15
1.0969582106291313e-15
1.0433066370837414e-15
1.0365377078221685e-15
9.703921875865842e-16
9.529537058776265e-16
9.678378727265979e-16
8.739644095380056e-16
9.489500637001704e-16
9.031337545446417e-16
8.31637526440327e-16
8.239438095041908e-16
7.809946143289508e-16
7.22620273909356e-16
6.949476137310608e-16
6.668525505023301e-16
7.431456710632e-16
7.622505736842783e-16
8.376539875783257e-16
7.110586406954188e-16
6.594630803172194e-16
6.278635047050095e-16
6.351991001464362e-16
6.519913447659005e-16
6.394507987745582e-16
7.299731795284324e-16
8.015376880833981e-16
8.819899011952608e-16
9.301991627695174e-16
9.434895381181518e-16
9.827579218019595e-16
8.998411285608239e-16
8.511239987610156e-16
9.422349981068494e-16
9.495218318988923e-16
9.234421619221537e-16
9.049856808494615e-16
1.0350891405090557e-15
1.0609361132984639e-15
1.2074757322170703e-15
1.1770044823194875e-15
1.3525943920225993e-15
1.4140139915556524e-15
1.5364423031813324e-15
1.6200138205236447e-15
1.5370634105560122e-15
1.482468976569714e-15
1.5031332835172401e-15
1.4384882020205208e-15
1.5160526207772366e-15
1.6241119972744007e-15
1.706674326796991e-15
1.944467465448537e-15
1.7137259639437354e-15
1.6495625491133882e-15
1.6420822688836425e-15
1.824636834368088e-15
1.923175697751411e-15
2.2452543775260777e-15
2.2978658696681636e-15
2.1442255260414133e-15
2.2319604860225014e-15
2.34250273916376e-15
2.6186777949859876e-15
2.5585468961943337e-15
2.4680951294443616e-15
2.5966647314471947e-15
2.5488305194050564e-15
2.5329019028709333e-15
2.572272096205348e-15
2.5744213069977886e-15
2.7728787825747233e-15
2.424692538269805e-15
2.2824163580147495e-15
2.1121209953667177e-15
2.362109214067483e-15
2.7920628788489748e-15
2.547322837954749e-15
2.9760680162604138e-15
2.8160136538470213e-15
2.8160971112313897e-15
2.7617303346780698e-15
2.9355071646187356e-15
Acceptance rate: 0.3301666666666648
1.670397335393243e-15
1.7086362156683366e-15
1.6750676355883704e-15
1.7090660541855042e-15
2.1445674133990712e-15
1.9609691749152157e-15
2.014296791336177e-15
2.049043232458319e-15
2.1202641041946617e-15
1.9547325339840833e-15
1.901778608688025e-15
1.9004863872658504e-15
2.026688987180227e-15
2.2291846309248416e-15
2.13242562912897e-15
2.088168117402953e-15
2.15260560282321e-15
2.2747575716158908e-15
2.306823191245859e-15
2.4039244795848984e-15
2.3374597491414763e-15
2.398836271243889e-15
2.5956750416231686e-15
2.55142800855687e-15
2.379807236032277e-15
2.3641507455488052e-15
2.5180310261977727e-15
2.5514664609865264e-15
2.4574049735774664e-15
2.57266974136964e-15
2.5220312449357274e-15
2.4973261160356657e-15
2.6751409775236064e-15
2.6040707148561126e-15
2.6726800841900985e-15
2.517698450654611e-15
2.8129414918041596e-15
2.6278131794593773e-15
2.6959281790240828e-15
2.436169197014186e-15
2.151509929819139e-15
2.320451548675776e-15
2.4696043364597052e-15
2.3616243794001552e-15
2.351052265569901e-15
2.568165040015016e-15
2.4760828062499415e-15
2.1140154036436137e-15
1.8783306564902176e-15
1.7686314204503276e-15
1.7567633160366768e-15
1.7045252950640947e-15
1.7270808413714135e-15
1.7144617809899269e-15
2.0437065918415663e-15
2.267316232311966e-15
2.4311553839853366e-15
2.8620590681574225e-15
2.7233626606717538e-15
2.7946692260441634e-15
2.725271086165847e-15
2.397668255144278e-15
2.2391750684710333e-15
2.1349509588757355e-15
2.010710764660058e-15
1.8652810913399797e-15
1.959731980269708e-15
1.9619077920431316e-15
2.142562744852493e-15
2.1673014271817696e-15
2.1313389867201655e-15
2.058932264840194e-15
2.158630551370979e-15
2.2005820510724623e-15
2.2210176729483293e-15
2.0202808273828494e-15
1.917155082543701e-15
1.8668673905617214e-15
1.9597331610401808e-15
1.983821528594168e-15
2.0795435136590536e-15
1.9599695959061723e-15
2.0724616453890665e-15
2.2503927703741344e-15
2.4685963987563503e-15
2.6451351661680426e-15
2.535753804144436e-15
2.758820115824629e-15
2.6870457731567256e-15
2.6821561815985577e-15
3.017591102522976e-15
3.168599170755166e-15
3.2518976439107573e-15
3.2833252244343904e-15
3.1434110036431456e-15
3.1772501879587045e-15
3.0090924743908117e-15
2.8725933499127336e-15
2.5916755797440552e-15
2.5620105906711e-15
Acceptance rate: 0.3186249999999984
1.4458463243333777e-15
1.3086372658144821e-15
1.2809431650844739e-15
1.3361865622668602e-15
1.3382139257231963e-15
1.4929809573568964e-15
1.6465650469495287e-15
1.7628776119589087e-15
1.598383945154156e-15
1.3855772360732143e-15
1.316177544549007e-15
1.1793158760547857e-15
1.2046155700231403e-15
1.204546081446129e-15
1.285993134966717e-15
1.390776292971485e-15
1.3408474074497418e-15
1.4841143549833877e-15
1.4519416329336094e-15
1.374867631831881e-15
1.5137708253759672e-15
1.50324059677298e-15
1.6146280574180692e-15
1.6199558617154391e-15
1.6950482402695845e-15
1.5589490441020982e-15
1.7457601681835132e-15
1.831957046765732e-15
2.1203671537810698e-15
1.9213405023148627e-15
1.7677099912676451e-15
1.7735799487924653e-15
1.908428850440963e-15
2.0944360550875538e-15
1.893087923612086e-15
2.1425838921618842e-15
2.2190075313042275e-15
2.5128262754014546e-15
2.7846609532448373e-15
2.695563519341022e-15
3.0206705037412093e-15
3.1730338197148586e-15
3.1930418477206045e-15
3.250314206649032e-15
3.3125313000215954e-15
3.085295377587918e-15
2.862948492522603e-15
2.8948865148722986e-15
2.8798143903423843e-15
2.8503774815881534e-15
2.945861739878271e-15
2.87023385514273e-15
3.2189551325293695e-15
3.1914327437213075e-15
3.0076825890717055e-15
2.9780688391802908e-15
3.069428325649062e-15
2.86518765323435e-15
2.97796262195062e-15
3.601144298624224e-15
3.5087732833557514e-15
3.6512514295348096e-15
3.4573804204151638e-15
3.128669861817424e-15
3.3329399039461147e-15
3.4301901860660578e-15
3.1796211401562224e-15
3.448356900782581e-15
3.5223269175733948e-15
3.63818200566317e-15
3.644796851518441e-15
3.565195839577583e-15
3.5225597013270276e-15
3.3810559411054956e-15
3.30542031885297e-15
3.1564242933912284e-15
2.884071771865783e-15
2.549601358689706e-15
2.697912611866316e-15
2.6624798401463675e-15
2.7964230115626554e-15
2.9461806763479802e-15
3.180218326114026e-15
3.503396195038931e-15
3.5019617912813135e-15
3.8942918697451065e-15
4.362167854103874e-15
4.603028958702972e-15
4.493187962542272e-15
4.224922811024805e-15
4.444426811609523e-15
4.248571865929297e-15
3.85862808941636e-15
3.841118966906228e-15
3.732161103687511e-15
3.824560729456599e-15
4.016787254776462e-15
4.098445941049029e-15
4.25685709875709e-15
3.800836702835298e-15
Acceptance rate: 0.3117999999999985
2.2091756269557492e-15
2.3508877793846844e-15
2.4555448044700637e-15
2.4662774543042562e-15
2.687894992273068e-15
2.6465547806553276e-15
2.6158596778835082e-15
2.704193453401348e-15
2.6855502225672555e-15
2.6096343618696845e-15
2.602950048039244e-15
2.562605824441878e-15
2.8162018677694717e-15
3.3592536427397006e-15
3.1858724023844782e-15
3.599770303341682e-15
3.219233432371049e-15
3.1065842800039196e-15
2.746187160230855e-15
2.3573532190799517e-15
2.6174300005538896e-15
2.9122005900860925e-15
2.6462125185212775e-15
2.6992839322889695e-15
2.5801515174701634e-15
2.6286543641306353e-15
2.76307938030734e-15
2.94179060407786e-15
3.0468514509909674e-15
2.909830750951721e-15
2.5854125603798912e-15
2.8467956121137733e-15
2.6682919089478862e-15
2.344891300776082e-15
2.4152285169376454e-15
2.4770119357450058e-15
2.5636882251950226e-15
2.6379614978427274e-15
2.7998962388703455e-15
2.6486195464994156e-15
2.4109089928441912e-15
2.5517629332574344e-15
2.8082775413836833e-15
2.910764433451654e-15
3.377616871134971e-15
3.180756234480305e-15
3.4908667937108503e-15
3.637189770276454e-15
3.3608693623954115e-15
3.051068654052899e-15
3.1366546850515905e-15
3.1219522816707957e-15
3.3515063972093917e-15
4.089642253502947e-15
3.763803514663533e-15
3.458401929010222e-15
3.1133623400900084e-15
2.933675698861846e-15
2.745040885115974e-15
2.999323343376372e-15
3.0940249343533873e-15
3.1415966801344982e-15
2.9297614670246654e-15
2.843394357042711e-15
3.021411739418023e-15
2.9698665676769085e-15
3.3863925223826117e-15
3.5822261824467055e-15
3.4788545784561934e-15
3.2886950756707535e-15
3.180275843252008e-15
2.867417515829437e-15
2.6269675693058847e-15
2.3525391821205203e-15
2.2630180325375303e-15
2.3253858676489323e-15
1.9814974031478564e-15
1.9184402701525464e-15
1.971803693557965e-15
2.0169047374528514e-15
1.895564953621293e-15
1.9457683900959586e-15
1.7453271961928606e-15
1.7444798630489797e-15
1.8786500861420555e-15
1.8047651055476643e-15
1.7466615484501991e-15
1.5390251862075488e-15
1.4536788948693883e-15
1.3605729998584912e-15
1.4436279773161906e-15
1.5495555605911287e-15
1.5050402649644346e-15
1.658659120911307e-15
1.5845493169805584e-15
1.5091598739462022e-15
1.6363975019698533e-15
1.920771272973505e-15
1.730942881746366e-15
1.6476201143982921e-15
Acceptance rate: 0.31316666666666654
9.814706018053867e-16
9.488148055585479e-16
1.056911392362396e-15
1.031884684233929e-15
1.0950095282671638e-15
1.0702953106373778e-15
1.0033825805918656e-15
9.584445681046045e-16
1.1208794434754826e-15
1.098938919205492e-15
1.0735915341295747e-15
1.1512688672578267e-15
1.1208802075895988e-15
1.1510331743056619e-15
1.1156481644520653e-15
1.1865995666065768e-15
1.1993468831116126e-15
1.2896534973787001e-15
1.2401283937358652e-15
1.3846025369751054e-15
1.473200934071225e-15
1.4295996356695852e-15
1.604396086821392e-15
1.5076608112604378e-15
1.5762698631288208e-15
1.5900885123579136e-15
1.7705969168057827e-15
1.8421297299778664e-15
2.2375756669807437e-15
2.2630339396037604e-15
2.12760751992352e-15
2.042337757323567e-15
2.071703698061401e-15
2.0839522034468444e-15
2.18939076480416e-15
2.4971248624151294e-15
2.1201509588692663e-15
2.087636979138382e-15
2.1217485980765473e-15
2.251251483149398e-15
2.2718077108611566e-15
2.785363309835797e-15
3.2352444790633903e-15
3.2555509198745325e-15
3.433665794037627e-15
3.4367856025153386e-15
3.2852811232160362e-15
3.143718206955726e-15
3.287319775071414e-15
3.0590422720381942e-15
3.4256571325936325e-15
3.653596875854145e-15
3.940576106770238e-15
3.760916109810298e-15
3.791310277164022e-15
3.9268624322163075e-15
4.214233902618218e-15
4.309566107843029e-15
4.2375708698240925e-15
4.217997465368306e-15
4.359637981420425e-15
4.343062308658431e-15
4.463741591599987e-15
4.5199382648520974e-15
4.0126051251619654e-15
4.141949043982912e-15
4.711904597099448e-15
4.0789924001678e-15
4.1818170287891714e-15
3.932659960565136e-15
4.216127565360307e-15
4.4117453018086324e-15
4.727614649238172e-15
5.0622248952942676e-15
5.2192791833302765e-15
5.012042360750004e-15
4.677233406403378e-15
4.183323846648465e-15
4.128358941145759e-15
4.4704965502214406e-15
4.320718006493258e-15
4.4605217899139e-15
4.836834544791847e-15
4.345698713312853e-15
4.2507158019912495e-15
4.292739750431559e-15
4.7810510352895534e-15
4.563121730278584e-15
4.45096288205386e-15
4.963668624108857e-15
4.6580467509895564e-15
4.9260690870050866e-15
5.32128894080497e-15
4.745491709790403e-15
4.4798981134180945e-15
5.116581450270131e-15
5.727018200595074e-15
5.707090111831852e-15
6.239247847437931e-15
6.220820509427989e-15
Acceptance rate: 0.31385714285714156
3.701105234989382e-15
3.6120054569004426e-15
3.886870103256766e-15
4.1476467191611735e-15
4.358555238470044e-15
4.611971577230832e-15
4.306394111406179e-15
3.867482838841028e-15
4.380882199878341e-15
4.742447184238162e-15
4.558964885624337e-15
4.931580465260538e-15
5.253339885605478e-15
4.976292929575e-15
4.937145801562785e-15
4.91311337630093e-15
5.367489154208502e-15
5.540999954882416e-15
5.442074404831504e-15
5.036736388021457e-15
4.8748356437622545e-15
4.746257318932873e-15
4.263401380152074e-15
4.010153226391185e-15
3.569714384824045e-15
3.605356630685404e-15
3.806080463263353e-15
4.208805808547701e-15
4.178557927502666e-15
4.30086964665496e-15
4.449299388592409e-15
4.5877876720484185e-15
4.797363096245779e-15
4.425677599561661e-15
4.6057864257811964e-15
4.7015187284068845e-15
4.426406587847814e-15
5.155514461156832e-15
5.442343916474398e-15
5.484945683060178e-15
5.2975273254443776e-15
5.595980570529117e-15
5.311621808350502e-15
4.7521916239861435e-15
4.508263258913309e-15
4.721503529734132e-15
4.243414689701013e-15
3.688812346796122e-15
3.885169118396854e-15
4.014195376629557e-15
3.736859259783319e-15
3.720956276742648e-15
3.5050433868190206e-15
3.2415785627103048e-15
3.4176694973783654e-15
3.3396767646589242e-15
3.3640999509088245e-15
3.593810691890819e-15
3.3466973995266837e-15
3.3067423039757313e-15
3.600369789390525e-15
3.573638128008942e-15
3.4690463103025417e-15
3.709935233380743e-15
3.913885371725595e-15
4.253146786123415e-15
3.9362070708048525e-15
3.776325293108695e-15
4.592145960757805e-15
4.432277361010258e-15
4.260455282888821e-15
4.175355139176504e-15
4.1114845793839386e-15
4.364655303284895e-15
4.665399885737781e-15
4.304039820051333e-15
4.265887796551153e-15
4.2394066667983455e-15
3.693065554324609e-15
3.3881784470251255e-15
3.1236649720961622e-15
3.0915407066047166e-15
3.2476208872807574e-15
3.277366266705225e-15
3.2529304268986112e-15
3.0503148167403967e-15
2.897669565491047e-15
2.8968754713908583e-15
2.714825341845438e-15
3.082349310898431e-15
3.2209932996868093e-15
2.991505609869881e-15
2.700131319095708e-15
2.772985659264219e-15
2.8060350271812397e-15
3.1243780476046006e-15
2.8726976126997533e-15
2.7878408498903186e-15
2.6685249828904393e-15
2.6596625520444086e-15
Acceptance rate: 0.31368749999999856
1.5913422817534346e-15
1.6654423173620334e-15
1.4257852235929896e-15
1.4665199578148482e-15
1.5007419719492858e-15
1.514799620660772e-15
1.5317752038141992e-15
1.529298188845661e-15
1.4008175214510446e-15
1.3832784575432398e-15
1.4010371260616012e-15
1.5695191802723484e-15
1.6487680594622352e-15
1.5952210234109434e-15
1.79608785592937e-15
1.6512211569076022e-15
1.6777655390057198e-15
1.7431357354541454e-15
1.7985345143441576e-15
2.140581102198239e-15
2.229391900190313e-15
2.0599068011674753e-15
2.0703615909470016e-15
2.3019103978775073e-15
2.320829020530151e-15
2.110436859545513e-15
2.205216479948362e-15
2.2815633058776126e-15
2.6475202713662065e-15
2.7170768697209055e-15
3.0938107394893577e-15
3.0196039536158458e-15
2.9159013082143333e-15
2.8251380805984996e-15
2.8754389455445316e-15
2.9743073093676752e-15
2.727917175806735e-15
3.09116668043338e-15
2.892179953829406e-15
3.212924433211652e-15
3.399944418165813e-15
3.3113583289005607e-15
3.3031584972792713e-15
3.403177830265062e-15
3.844421864746004e-15
4.2136510327312226e-15
4.319224295915364e-15
4.3314848186059564e-15
4.862932478585848e-15
4.922638512023953e-15
5.204246103472904e-15
5.1579980009647905e-15
5.062708664931303e-15
5.197395949010395e-15
5.9290269707659096e-15
6.0959822298960476e-15
5.497673941543709e-15
5.822031370202898e-15
6.1228160563413486e-15
5.7470252538764174e-15
5.660847200077635e-15
6.157276958355229e-15
5.7936498633022276e-15
6.043811977492102e-15
5.796026366904306e-15
5.5558975479705006e-15
6.053120946281242e-15
6.736861021836165e-15
6.733762928144032e-15
6.5105658151555014e-15
6.282402267294259e-15
6.7217014958346275e-15
6.310749942243627e-15
6.3795858437609645e-15
6.991849544816241e-15
6.472060803130008e-15
6.077290348702327e-15
5.9959384374107586e-15
5.829830437954753e-15
6.3088267760024736e-15
6.146255098254074e-15
6.5484161799316925e-15
6.517362249499377e-15
6.680839326691895e-15
6.263234235155126e-15
6.099926199693039e-15
6.351369774021073e-15
6.4403934322143924e-15
6.549711727451059e-15
5.86621348299566e-15
5.884009928340597e-15
6.108415597920142e-15
6.443952134806598e-15
6.524243957685559e-15
6.219628681069779e-15
6.458590287497797e-15
6.4507991035248656e-15
6.625685107116958e-15
6.5982450465014614e-15
6.301033641737085e-15
Acceptance rate: 0.31333333333333113
3.736610078074953e-15
4.022906343010751e-15
3.984632833983189e-15
4.027929573382098e-15
3.696488678066974e-15
4.0251835663141064e-15
4.310798242259706e-15
4.5539709754244016e-15
4.946795935261538e-15
4.5271530343293235e-15
4.1860941665878565e-15
4.42924188951e-15
5.349888872283017e-15
5.663019146399613e-15
5.0235493126159025e-15
4.936606768656257e-15
4.307896479962136e-15
4.4039331500853035e-15
5.210851180022504e-15
5.894131943259319e-15
5.627506410788094e-15
6.022618156480017e-15
5.715071046160325e-15
5.419974394479593e-15
5.987059144110151e-15
6.147624462768339e-15
5.9054791888490054e-15
5.804438257359179e-15
5.961125922101883e-15
6.487903260858202e-15
6.579081804335749e-15
7.03704152236282e-15
6.71156449388524e-15
6.470474535537161e-15
6.6993020208584245e-15
6.127833366905684e-15
5.8731415223091666e-15
5.316290450982419e-15
5.272642523755358e-15
5.317358223381708e-15
5.42976135830379e-15
5.727306464457013e-15
5.770728596320005e-15
5.797950115438556e-15
5.2531238206445536e-15
4.8959977849350904e-15
4.960392791115189e-15
4.67525821245872e-15
4.832466418971413e-15
4.714096755307681e-15
4.4808503752254156e-15
4.4847365463985315e-15
4.2435002504142865e-15
4.7138814506391175e-15
4.814367156700612e-15
4.312533781938653e-15
4.428550409507319e-15
4.350905805841261e-15
3.904857662426004e-15
3.859521479991964e-15
3.7362673480745025e-15
3.5309115479668255e-15
3.4176541609610766e-15
3.212786026110896e-15
2.9715456608827574e-15
3.0704960307708595e-15
3.4072318912504857e-15
3.8944195050403415e-15
3.914130238992378e-15
3.630448739472162e-15
3.769439473491049e-15
4.4444049629623834e-15
3.9790311883718014e-15
3.722957362616912e-15
3.573217438731197e-15
3.1588720560602472e-15
2.9762216559627304e-15
2.8432987617600565e-15
2.520648756531601e-15
2.611758027980419e-15
2.4959944132502357e-15
2.417648444177819e-15
2.4434059637330463e-15
2.614909050887444e-15
2.6442299767482708e-15
2.7284237372693706e-15
2.6221752498068415e-15
2.8144879319645505e-15
2.7332737267936394e-15
2.856138039801748e-15
2.8094799008130924e-15
2.3896653401590987e-15
2.881986759761859e-15
2.646961162488226e-15
2.261262304244375e-15
1.9714611779628177e-15
1.9570767253497573e-15
1.9564166576395268e-15
2.019343061042635e-15
2.1475724206664016e-15
Acceptance rate: 0.3155499999999987
Sampling time (10 samples): 5290.0587 seconds
