/scratch/users/yanlan/TroubleShooting/SM_ETwd/Output/AM_PM_ET_238_356_00
4.96606281531081e-08
2.1765201426848914e-08
9.908649747780628e-09
4.966182645430592e-09
2.871594304557546e-09
1.4623512318331023e-09
7.976889737896392e-10
4.2490808729834504e-10
2.377061528938921e-10
1.3709462878528572e-10
7.998977664015854e-11
4.7051062248847336e-11
2.9967291088057306e-11
1.911363961240628e-11
1.339463162840047e-11
9.41808362941378e-12
6.18144889458615e-12
4.065655360521447e-12
3.0248665552371444e-12
2.1683864392952345e-12
1.6372642777178722e-12
1.2504038970012124e-12
9.992184864463625e-13
7.587190744227234e-13
5.602260603704132e-13
3.9315537291053417e-13
3.213699710053209e-13
2.450300489034338e-13
1.9013701077713034e-13
1.461349810282526e-13
1.3226895122739113e-13
1.1487045493422303e-13
9.500096163337811e-14
7.325697760127529e-14
6.06466695623594e-14
5.344922268723083e-14
4.357968374802357e-14
3.954626412718296e-14
3.300295387605652e-14
2.6295661946811057e-14
2.6252345744126467e-14
2.1973564546822532e-14
1.9481956172675784e-14
1.5518762874429514e-14
1.2769972009631678e-14
1.0840456698090181e-14
9.63206195304144e-15
8.927867414728079e-15
8.886435747922559e-15
7.242088561223181e-15
5.9651065809169556e-15
6.235116872728433e-15
4.85394749983731e-15
4.41017631949782e-15
3.6665112267514655e-15
3.8504019852094994e-15
3.648865579913439e-15
3.005694934007309e-15
2.6336452721337833e-15
2.3778769577380416e-15
2.200319392090814e-15
2.163781167496163e-15
1.9483010631806374e-15
1.846746743320466e-15
1.8882238038555548e-15
1.942434355367055e-15
1.717916446380978e-15
1.690589391186688e-15
1.477875518835164e-15
1.5687358144689054e-15
1.327909926691244e-15
1.4203690850189987e-15
1.2703588211617521e-15
1.2759259977939106e-15
1.3079841647830588e-15
1.291001212191368e-15
1.370549050177512e-15
1.4111486842511362e-15
1.3150789930262793e-15
1.170982302522555e-15
1.0597445501650237e-15
1.0466638273772677e-15
9.59456904609117e-16
9.381195099487757e-16
9.306803525927431e-16
1.0223497537753887e-15
1.0242923167340047e-15
9.808892673709914e-16
1.1800215343279983e-15
1.180282887080717e-15
1.0166343837151607e-15
1.2399651971201909e-15
1.1721524947128728e-15
1.1768686623929638e-15
1.041987642109934e-15
8.360133627676381e-16
9.229156679425159e-16
9.916141019157663e-16
9.719442046093133e-16
8.709512273259308e-16
Acceptance rate: 0.24699999999999958
4.615296757463165e-16
4.3073001777272844e-16
4.3199074645445787e-16
4.584033089347328e-16
4.463727682572507e-16
4.0779552535364e-16
3.8153402100819365e-16
3.557563697009529e-16
3.428330659299127e-16
3.3463465170595985e-16
3.0225587981915483e-16
2.927285793777448e-16
3.034276257425358e-16
3.367936475984211e-16
3.643183374874918e-16
3.93337655453395e-16
3.481512000985387e-16
3.4879211470584157e-16
3.2086189072214724e-16
2.9780801456189245e-16
3.0861147526819597e-16
2.834931195820453e-16
2.8710814292453135e-16
3.0359412232301927e-16
2.50896789726649e-16
2.513632326459259e-16
2.5160647957267484e-16
2.4062878817751176e-16
2.693743278367095e-16
3.0786777835863414e-16
2.9894536461723345e-16
2.949063605959741e-16
2.942699197926045e-16
2.766637155746421e-16
2.8793181615736145e-16
2.5396855249330206e-16
2.3410670172261083e-16
2.2037404685613876e-16
2.1934622920251903e-16
2.1737675692692644e-16
2.1428577095485563e-16
2.2040838775896616e-16
2.313438678851034e-16
2.1950591976674582e-16
2.2430126091816e-16
2.3530439197684756e-16
2.3720326431158504e-16
2.3469037826578377e-16
2.298902158606313e-16
2.2729983556275123e-16
2.016424491492194e-16
2.135326601023811e-16
2.1903190184562561e-16
2.1932536719540155e-16
1.9630175294585618e-16
1.9726627413265402e-16
2.049275041903042e-16
1.8700349209440349e-16
1.734507111591572e-16
1.677024722251179e-16
1.5834632202440894e-16
1.6029250593874069e-16
1.6025987852968506e-16
1.8055157971254725e-16
1.7289642828141912e-16
1.613375777142178e-16
1.490100297000749e-16
1.473102211701114e-16
1.4180448926676161e-16
1.3088601087498166e-16
1.2506323967874888e-16
1.172564215050997e-16
1.2458151343494103e-16
1.1072481828399512e-16
9.699987448122046e-17
9.514633836526935e-17
1.047418439122105e-16
1.0044645310051608e-16
1.0818638641951689e-16
1.0200095412917857e-16
1.0027087517624938e-16
1.1275890763676517e-16
1.2148680236615277e-16
1.2443639510144445e-16
1.142418010729266e-16
1.2849814495915461e-16
1.455900652878552e-16
1.365660888700817e-16
1.3408386776264677e-16
1.277594774137281e-16
1.371610575627847e-16
1.4382131394967092e-16
1.3697814665573754e-16
1.288383791741416e-16
1.2806197128400113e-16
1.323494148516939e-16
1.2958948344935152e-16
1.203456218490259e-16
1.1929803650855786e-16
1.2197901432850808e-16
Acceptance rate: 0.2637499999999992
6.710846566120118e-17
7.639898044115909e-17
8.648972114965998e-17
9.867833769491999e-17
9.768333004815372e-17
1.089594976898911e-16
1.1225988472715579e-16
1.0751270776901697e-16
1.1774091321462547e-16
1.064587533845702e-16
1.126471267585829e-16
1.0859794418659456e-16
1.1651021603256058e-16
1.1063785878422329e-16
1.131141136882092e-16
1.1024243929444164e-16
1.0578155617090447e-16
1.0947061053620432e-16
1.1171166091169344e-16
1.1708941059733966e-16
1.346671948185667e-16
1.4444087099778303e-16
1.722708474675944e-16
1.9704439349858864e-16
2.2051995488916203e-16
2.252680800562965e-16
2.097190723030826e-16
1.961581936909628e-16
1.934214694655693e-16
1.8345394828088856e-16
1.7469527163005292e-16
1.75986393566093e-16
1.7651870180199846e-16
1.7450660385771096e-16
1.87394366624261e-16
1.8902296858927183e-16
1.8729738822432014e-16
1.9120184339216238e-16
1.9009240654639019e-16
2.0528331401540828e-16
1.9619705837411463e-16
1.8895380842228346e-16
2.077350069380293e-16
1.991551822405002e-16
2.1126119849853825e-16
2.3198798010071414e-16
2.1581591823250608e-16
2.5159894273930833e-16
2.4574829304845427e-16
2.5781315272449105e-16
2.5621629992343324e-16
2.619813960964406e-16
2.127410982499111e-16
2.4901473124639245e-16
2.446111449974612e-16
2.3618477653821206e-16
3.1032704674083487e-16
3.107678606457099e-16
2.593923834724717e-16
2.4231331582387103e-16
2.491864465358704e-16
2.127649310762092e-16
2.1433073764358862e-16
2.2413597654750855e-16
2.2069976424756954e-16
2.1131141756469876e-16
2.1082100447322986e-16
2.0092982597600393e-16
1.9504999691355196e-16
1.840079738330109e-16
1.7142034302900142e-16
1.5558807118343481e-16
1.4685701949887007e-16
1.5526391851975245e-16
1.6528306828650338e-16
1.5838772931259162e-16
1.5598020152439924e-16
1.6131536026362607e-16
1.6191924615711016e-16
1.5622666404162202e-16
1.624548909690527e-16
1.638874323205136e-16
1.6042686547019721e-16
1.7010405383477048e-16
1.7379119130111512e-16
1.8849557228265584e-16
1.8824801256425732e-16
1.6485770852638278e-16
1.6044676764992402e-16
1.4122161549531638e-16
1.7324207941898457e-16
1.8192915791918834e-16
1.8070122586355596e-16
1.9646112443016187e-16
2.010081270614924e-16
1.938420592908156e-16
1.943167855502129e-16
1.6405617583575185e-16
1.8435037465125084e-16
1.8599540058879905e-16
Acceptance rate: 0.2634999999999991
1.0472322375758916e-16
1.1939813522239176e-16
1.1251392752603121e-16
1.3073425848434062e-16
1.551415575098736e-16
1.630664305929714e-16
1.4642926103519915e-16
1.4348601678947327e-16
1.3320073761491666e-16
1.2392290240292356e-16
1.2747161818541697e-16
1.345072881486863e-16
1.486935812131082e-16
1.6493916162058987e-16
1.7080254093738213e-16
1.7311097377928593e-16
1.5441467963321274e-16
1.4690983721279057e-16
1.6078537845516734e-16
1.5637902891262764e-16
1.3969531280043463e-16
1.527811622040738e-16
1.5860337635871446e-16
1.622158470768778e-16
1.4360725323250873e-16
1.3271257965318087e-16
1.1801261449264065e-16
1.0222887920195087e-16
1.0388423435155046e-16
1.0331009863501464e-16
1.0955047127848037e-16
1.1055711234687934e-16
1.0760044410405296e-16
1.003094957370969e-16
9.587117532829983e-17
1.0092527742850435e-16
1.0731067926102327e-16
1.1280271235048124e-16
1.2017013684284767e-16
1.136301076945554e-16
1.1328720632445683e-16
1.262515642425403e-16
1.210786115168811e-16
1.445462318525118e-16
1.57191590799589e-16
1.6198007206787366e-16
1.4536756959928546e-16
1.3735264181372984e-16
1.5135904052197344e-16
1.4916471580105106e-16
1.6115950487571808e-16
1.680115976227677e-16
1.5027772645198302e-16
1.7596144284357184e-16
1.8147149181348936e-16
1.7108326018486454e-16
1.8060730447325414e-16
1.854991015823638e-16
1.9245554922534802e-16
2.0211954676679582e-16
1.9269921763068972e-16
1.7616266723329776e-16
1.749878350798583e-16
1.7650864424584476e-16
1.6680343984332955e-16
1.644396218428251e-16
1.4868680906831315e-16
1.4095791484849824e-16
1.3936883196727128e-16
1.4182920048073235e-16
1.8079361355680475e-16
1.7833908173557628e-16
1.722268892068095e-16
2.0042483021122118e-16
1.9274071231550693e-16
1.8762111104316368e-16
1.998755861593302e-16
2.0669008659586817e-16
1.9648647892571066e-16
1.9964931497286634e-16
2.0439159415507415e-16
2.238931945126182e-16
2.401691216388861e-16
2.581565298055427e-16
2.6525714188892563e-16
2.85049503916305e-16
2.562986823232151e-16
2.5648173381121355e-16
2.263191141627063e-16
2.3433813499066104e-16
2.479030009002923e-16
2.7309183785609963e-16
2.596785575582015e-16
2.3638672685283984e-16
2.435930559440604e-16
2.529344540771334e-16
2.343892184312471e-16
2.3897114683854694e-16
2.476187999411077e-16
2.401376743448804e-16
Acceptance rate: 0.25987499999999975
1.3719625139063366e-16
1.5386027302676922e-16
1.6972807884443289e-16
1.5504710455591618e-16
1.5024780156934332e-16
1.528812872575285e-16
1.8517409633385612e-16
1.8247460537709935e-16
1.7245012560046748e-16
1.5314129389783475e-16
1.599493622759658e-16
1.7754787856511239e-16
1.8967717759496394e-16
1.7642571256807805e-16
1.837201880996964e-16
1.9403292178393383e-16
2.0917988898470293e-16
1.8814204181121277e-16
1.7808059353405548e-16
1.5827348983555223e-16
1.5859213062391358e-16
1.4209213075026613e-16
1.383986680257145e-16
1.4125411066878777e-16
1.354661190590863e-16
1.6713570101011292e-16
1.6164981303904908e-16
1.6217555202031682e-16
1.605250112411442e-16
1.7365248949869898e-16
2.0208307681471883e-16
2.2974960543173495e-16
2.1009185010819106e-16
2.416680621250803e-16
3.029400301924277e-16
2.9527033074485756e-16
3.0972255709525003e-16
2.9181240674661527e-16
2.8516123543068246e-16
2.7223428600596436e-16
2.5996363844363825e-16
2.7869981014491233e-16
2.451545430805784e-16
2.400461869614949e-16
2.904046704385994e-16
2.736400391296165e-16
2.772496703280147e-16
2.8318786604136164e-16
2.788747506451114e-16
2.5882523977731465e-16
2.4069765848421627e-16
2.31919165455526e-16
2.1886802009306824e-16
2.1862185391775998e-16
2.1707821982122469e-16
1.9762097569466272e-16
1.971973100206338e-16
2.1005085082660899e-16
2.105810579413923e-16
2.1324212594863423e-16
2.1884987864467451e-16
2.4813190562488626e-16
2.657628197836824e-16
3.1664678634831476e-16
3.450192392914716e-16
3.4388657732321442e-16
3.3391585425266564e-16
2.907925919831708e-16
2.7535900771949205e-16
2.7619930755027273e-16
2.8772399414558834e-16
3.0484235225610024e-16
2.78305383920197e-16
2.6209575327962895e-16
2.765944638335296e-16
2.673644771569628e-16
2.6408515722967813e-16
2.716510259969596e-16
3.1750917898487964e-16
3.028675857495019e-16
3.117517398076955e-16
2.910126266654419e-16
2.9990388453016726e-16
2.7108672966247514e-16
2.8400473808990295e-16
2.966331409018819e-16
2.7492689466726156e-16
2.6550259731368516e-16
2.921892380884034e-16
3.011802764276184e-16
2.963907148859652e-16
2.829466065054029e-16
2.867640902172761e-16
2.777391953189975e-16
2.7096126287466016e-16
3.0847293179539104e-16
3.126985989531358e-16
2.8064645364226495e-16
3.13236071765571e-16
3.201905014238892e-16
Acceptance rate: 0.26259999999999956
1.9158681386833193e-16
1.9447859047511154e-16
1.8222133360362633e-16
1.8937776452095395e-16
1.7475177197622822e-16
2.0079045791307567e-16
1.914562207858358e-16
1.981316001764809e-16
2.0259665753057003e-16
2.361011167616533e-16
2.5136879481158097e-16
2.351131330472979e-16
2.489352166643346e-16
2.8479783789936326e-16
3.059034098726817e-16
3.428697226608896e-16
3.2549538193192263e-16
3.184376312020371e-16
3.2002278278676017e-16
3.457401214469073e-16
3.705259925304944e-16
3.668001478768171e-16
4.1936452277053856e-16
4.2439435754020556e-16
3.9252029455557003e-16
3.9543163384390354e-16
4.3594866541481763e-16
3.913030838501682e-16
3.733862434398037e-16
3.873476045846796e-16
4.06195967881824e-16
3.776867103613489e-16
3.7672541209118536e-16
3.9640764749215206e-16
4.3725789859283146e-16
4.301410615388897e-16
4.0991768466080587e-16
3.7929399781302155e-16
3.954019191668365e-16
3.781308825298705e-16
3.3957315432972923e-16
3.4167209599976416e-16
3.8799526653043705e-16
3.516091203342517e-16
3.333895761267098e-16
3.1565277199728745e-16
3.447675769760755e-16
3.797425701375741e-16
3.5955592634592195e-16
3.7908519702407567e-16
3.527081146376377e-16
3.7410375654522515e-16
3.4673372036423723e-16
3.121684073343192e-16
3.0388873942289823e-16
3.3510786553812726e-16
3.1622780536284393e-16
2.876836023849631e-16
2.674436009382634e-16
2.7720533437025586e-16
2.9045632196438737e-16
3.136204395752098e-16
3.293519571366251e-16
3.9087497906432875e-16
3.941401699080278e-16
4.0981248130636277e-16
4.559018819463154e-16
4.2603211047066055e-16
3.757827093021341e-16
3.4517791874638815e-16
3.7712446514232647e-16
3.497272250991094e-16
3.2391699758907797e-16
3.072660906721535e-16
3.2409265600761896e-16
3.256970743250048e-16
3.333387197277724e-16
3.4000594059093814e-16
3.51294529777604e-16
3.268384563249855e-16
3.6484153380193436e-16
4.0994351354736847e-16
5.19266066770074e-16
4.953960433723311e-16
4.658850744743279e-16
5.00247512214858e-16
5.19763615444204e-16
6.011448254219748e-16
6.346714100199259e-16
7.406694912410152e-16
7.302909929572249e-16
7.377774201041647e-16
7.40862626528336e-16
6.989455123190218e-16
6.922459562285781e-16
7.979951959122455e-16
7.267199061226383e-16
6.492522812099722e-16
6.548030096848306e-16
6.157449424968027e-16
Acceptance rate: 0.26316666666666505
3.6785035212555005e-16
4.2602749162127073e-16
4.232833896175537e-16
3.844757818994153e-16
3.827671014690375e-16
4.178879502448209e-16
4.2387924016710715e-16
4.192183578418696e-16
4.251174029840927e-16
4.401799853160063e-16
4.322963957900793e-16
4.1684811568695295e-16
3.960341079001745e-16
3.784502231162139e-16
3.621549095185253e-16
3.2815179105855227e-16
3.4575626906007687e-16
3.1625348106074544e-16
3.4317871691326125e-16
3.5129681683936123e-16
3.294613949284398e-16
3.4191484854579496e-16
3.7201251187291055e-16
3.6165364139097364e-16
3.6033442531212684e-16
3.413687001623463e-16
3.5798509548182684e-16
3.4393719949676565e-16
3.5946851510269053e-16
3.524016139797513e-16
3.289798582226438e-16
3.0340605173872335e-16
3.4319928969138525e-16
3.48010908569344e-16
3.381971947062608e-16
3.0012449409073394e-16
2.9626386851948444e-16
2.792186072177091e-16
2.922928809067702e-16
2.9359992401524293e-16
2.9585462292555276e-16
2.8693552940017374e-16
2.595677262153996e-16
2.6053815105604285e-16
2.889365088673008e-16
2.703200779143756e-16
2.353500267488668e-16
2.134648815302635e-16
2.0513225983130987e-16
2.4889983568716894e-16
2.590325549152294e-16
2.640745299571696e-16
2.6879083294817715e-16
2.647413355384575e-16
2.3101146493208175e-16
2.569408956231594e-16
2.7027703248854393e-16
3.004610389496756e-16
3.0099731406414384e-16
2.6556138833325333e-16
2.604014555220707e-16
2.47476471303606e-16
2.676390884472416e-16
2.925540146086285e-16
2.818222027298856e-16
3.140590299223317e-16
3.373011319690279e-16
3.8528844835856804e-16
3.9376849042248473e-16
4.333624627934747e-16
4.410522477044734e-16
4.503762102800336e-16
4.58820202550215e-16
4.865446170947446e-16
5.231766550890995e-16
6.126016921553638e-16
6.104849776607836e-16
5.886495388313294e-16
6.138043268804019e-16
6.572278382941372e-16
6.628205619556277e-16
6.276715745594206e-16
5.837843426845458e-16
5.577293814363205e-16
5.398958662832195e-16
5.376957905047126e-16
5.441400119538839e-16
5.203492850237969e-16
5.27728551598898e-16
5.15406315698049e-16
4.721297145142662e-16
4.374273271563956e-16
4.9908923841898285e-16
4.850857421593836e-16
4.852008423863646e-16
4.937604084288312e-16
4.866465302212981e-16
4.830654375788537e-16
5.805577890747979e-16
5.803305716578765e-16
Acceptance rate: 0.2595714285714269
3.422861083624334e-16
3.530886063816352e-16
3.338641374006505e-16
4.1236593212685146e-16
3.774723678841861e-16
3.3742030680295847e-16
3.633444588507422e-16
4.2177717838328015e-16
4.352244720129991e-16
4.27602734996978e-16
4.3842143511321507e-16
4.287219484210618e-16
4.612568865302667e-16
4.3387713732576773e-16
3.972011355867754e-16
4.093948420790545e-16
4.167071588243839e-16
4.731900220999532e-16
4.203146158707899e-16
4.2909715383724524e-16
4.1203365560563804e-16
3.720548545190211e-16
3.7527233615280007e-16
3.86424348035969e-16
4.027757245596286e-16
4.741538711538645e-16
4.94166323551556e-16
5.416310826963097e-16
6.588814150815854e-16
6.057292098945788e-16
5.938173577577564e-16
5.821123827201254e-16
5.681966990057863e-16
5.681869731894817e-16
5.209224794777265e-16
5.15902449209874e-16
4.958429024382115e-16
4.813378590913425e-16
5.086957629737038e-16
5.299699692907604e-16
5.749921775367439e-16
6.461263743827541e-16
7.313708952545812e-16
7.973157311426472e-16
8.766714909612567e-16
8.514055435627248e-16
7.541449476168834e-16
9.912364518985829e-16
9.987469658918635e-16
9.987943122974992e-16
1.0494363254622408e-15
1.1090334459979412e-15
1.0294996921585e-15
9.981323289025654e-16
1.0145400689764736e-15
8.4363254054390145e-16
7.25284561269131e-16
7.419862935924514e-16
7.311530214456937e-16
7.480952102871651e-16
7.297450900057713e-16
6.787330922174943e-16
6.270983109310072e-16
6.294678744076114e-16
6.755038109128009e-16
7.761436473487486e-16
7.911903750724455e-16
8.146713680855627e-16
8.576044337625664e-16
8.871839901970088e-16
8.201243123884037e-16
7.273548933408432e-16
7.795462281974064e-16
7.172510336124789e-16
8.053353860373572e-16
8.327010954038769e-16
9.318234321459225e-16
9.936786709515562e-16
1.0474060732683932e-15
9.861509106173193e-16
9.502663275556642e-16
9.596218440568995e-16
9.6413875393427e-16
9.63335813728822e-16
1.0347098079054901e-15
9.79079905909151e-16
8.440317197648154e-16
8.035192717821948e-16
7.843440268401286e-16
8.01562275774931e-16
7.157175108557644e-16
6.796731723896262e-16
7.69180926615187e-16
6.80741413954881e-16
5.697602098491799e-16
5.550109817996116e-16
4.686981658943554e-16
4.554922280846682e-16
5.12992933995853e-16
4.660099544190728e-16
Acceptance rate: 0.25637499999999924
2.7364329944333546e-16
2.7900591262167087e-16
3.0825294043222137e-16
3.228684970605496e-16
2.861021047228059e-16
2.751174679867815e-16
2.7417144212800905e-16
3.190040953550654e-16
3.04019904708934e-16
2.822474976002907e-16
2.579012534851014e-16
2.628813491357745e-16
2.5083064910174125e-16
2.808285310590882e-16
3.240820233218191e-16
2.781893392915905e-16
2.780250413510318e-16
2.718382568256961e-16
2.391510806284611e-16
2.1656211752411102e-16
2.3925339703829196e-16
2.5513499009692286e-16
2.662791486758489e-16
3.021227019426218e-16
2.989284146164397e-16
2.8731137924322643e-16
3.027701217793909e-16
3.515081721744669e-16
3.6576732643372547e-16
3.5122438348690637e-16
3.5016033435727064e-16
4.012696128702762e-16
4.399180757370717e-16
3.989848665223778e-16
3.8505531135492796e-16
3.9046607556078724e-16
3.753285716320556e-16
3.342077539256728e-16
3.1561745426872875e-16
2.9375532823823444e-16
2.834439263373696e-16
2.9341577506630363e-16
2.8815789783847814e-16
2.7046157605891385e-16
2.690800808586175e-16
2.9337391766374717e-16
2.71484092174552e-16
2.7622293715053634e-16
2.791682300728547e-16
3.055848553481105e-16
3.115393699934727e-16
3.3268074519776583e-16
3.4933588771379203e-16
3.152649467775855e-16
3.248949714007404e-16
3.354529768635617e-16
3.3864973830716636e-16
3.016219919542106e-16
2.875457428221991e-16
2.5664459491553767e-16
2.4904713536131155e-16
2.782140977117735e-16
2.832978635283412e-16
3.1491005160410084e-16
3.2490922846116433e-16
3.2018952233690347e-16
3.0002968749704145e-16
3.127492990177203e-16
3.371709332768233e-16
3.570659267884534e-16
4.137577593416497e-16
4.576523122174449e-16
4.563977946396341e-16
4.589849241648732e-16
5.103238327227096e-16
4.854690719237363e-16
4.644321197699224e-16
5.253617975148471e-16
5.017813665149711e-16
4.91528463089381e-16
5.011293775538743e-16
5.429470572873254e-16
5.203662789241147e-16
4.735622883602274e-16
4.538001855894697e-16
4.4280968825618175e-16
4.332510450650913e-16
4.3613025003266096e-16
4.104415347404074e-16
3.736023686851606e-16
3.408638609922681e-16
3.289506538274525e-16
3.349670807059131e-16
3.184976427145206e-16
3.2235668244164237e-16
3.1681625091246237e-16
3.3022583132481695e-16
3.5003017713869353e-16
3.5068955529215524e-16
4.0811068588498367e-16
Acceptance rate: 0.256888888888888
2.536606869624665e-16
2.722574954326254e-16
2.741698916709846e-16
2.9248234137609226e-16
2.893559012576853e-16
2.8226590497251643e-16
2.674790023202112e-16
2.5703444213745683e-16
2.3475350926381003e-16
2.482167820381036e-16
2.270973412310181e-16
2.0906695381785675e-16
2.1886423202738458e-16
2.1618351200570082e-16
2.0773678499626542e-16
2.1614854568043756e-16
1.9185111534604784e-16
2.244031670613258e-16
2.667567877330328e-16
2.5827843534172534e-16
2.329821429208084e-16
2.4189405694349283e-16
2.525607972319867e-16
2.6078032981365504e-16
2.6657258041807896e-16
2.771096261061141e-16
2.6522103365265186e-16
2.513692181572134e-16
2.66113875737516e-16
2.692196611805603e-16
2.368440895887772e-16
3.051287802391655e-16
2.8196493030123393e-16
2.698195388974441e-16
2.858388497253509e-16
2.754278852679267e-16
2.6965671965738664e-16
2.5548299967766854e-16
2.691307455552608e-16
2.5145681044738055e-16
2.553153991245839e-16
2.5534938378769134e-16
2.5775834178032705e-16
2.6781267893215604e-16
2.508546973961832e-16
2.2857389783310093e-16
2.054321809557482e-16
1.9805125324001928e-16
1.8482084075613468e-16
1.8012904800539523e-16
1.8195480205120118e-16
1.9354919757416932e-16
1.929074878122821e-16
2.1855194464619563e-16
2.1115472432485396e-16
1.9390510541515994e-16
1.768627546166515e-16
1.5735640004705318e-16
1.5241669718529281e-16
1.7199926087067544e-16
1.787876910931729e-16
2.061987419439036e-16
2.1499575011516126e-16
2.2351656609055135e-16
2.2889370943304747e-16
2.249438148643682e-16
2.1620505578703005e-16
2.3057540349808193e-16
2.5913773832302166e-16
2.485593189553451e-16
2.5852420398772623e-16
2.474864721997887e-16
2.457826298490699e-16
2.505665816042582e-16
2.7368132256428536e-16
2.746382373431736e-16
2.6552790791367627e-16
2.5202904501289955e-16
2.557916645774111e-16
2.7225673322858854e-16
2.777289902791534e-16
2.614618315815603e-16
2.6487547639448254e-16
3.227067703159582e-16
3.1758297033943485e-16
3.2027234474589217e-16
3.671547678777886e-16
3.55323856794715e-16
3.5095115814132237e-16
3.687854184033495e-16
4.0260324040875743e-16
4.736710107110478e-16
4.602335682829699e-16
4.1789495619668707e-16
4.3346819649961275e-16
4.0273303495390374e-16
4.155550445344972e-16
4.1850056639286113e-16
4.268819128809287e-16
3.7584765019044405e-16
Acceptance rate: 0.2591999999999992
Sampling time (10 samples): 5927.9555 seconds
