/scratch/users/yanlan/TroubleShooting/SM_ETwd/Output/AM_PM_ET_174_444_00
5.039518332820811e-08
2.336752431466145e-08
1.1099222144629157e-08
5.594174244921247e-09
2.979353718994256e-09
1.6040736089246666e-09
8.712139148528483e-10
4.793418981377385e-10
2.8564457737782044e-10
1.7482691196174438e-10
9.794866371612648e-11
6.355058631356542e-11
4.1359189779518644e-11
2.5752312302851552e-11
1.706440927106326e-11
1.2654832992703596e-11
7.911594595482742e-12
5.406383645950519e-12
3.522040071112813e-12
2.399826078372886e-12
1.8665609452638395e-12
1.426242946552984e-12
1.0449729343594253e-12
7.563669431047756e-13
5.799447742642508e-13
4.3121156744119836e-13
3.172218358932323e-13
2.2513782670921197e-13
1.8363078373581107e-13
1.3927097756250659e-13
1.1713893817978127e-13
1.0774684070810654e-13
8.808995627840585e-14
7.605893480542555e-14
5.653806725551745e-14
4.629440944080921e-14
3.767863685924865e-14
2.958968053319575e-14
2.1328543458142803e-14
1.787407039227826e-14
1.4340451036731285e-14
1.2372126874337622e-14
1.000721815022078e-14
8.126849982226213e-15
7.46681947227559e-15
6.661241493315994e-15
5.021436526687229e-15
4.479282283501153e-15
3.701008766000976e-15
3.4960050991210128e-15
3.4910241449756196e-15
3.518484507888558e-15
3.6603546182114476e-15
2.708943658480362e-15
2.056870985385365e-15
1.6878513871495731e-15
1.5507825037033435e-15
1.3115677487838782e-15
1.198959369506252e-15
9.99014157001939e-16
9.614598388071351e-16
1.003385897283852e-15
8.707300391250267e-16
8.683443553193136e-16
7.993062185216058e-16
8.127060327778683e-16
8.394779949039767e-16
7.829203952180515e-16
6.731733947116349e-16
6.259315265617314e-16
5.659772095624548e-16
4.3796285361474995e-16
4.593675445928609e-16
4.545070901106264e-16
4.2096516970070124e-16
4.559055047101158e-16
3.9582473749340046e-16
3.5757333996537916e-16
3.4396584681591413e-16
3.2797909826785386e-16
2.9215488458712503e-16
2.705956960393739e-16
2.2469797042688843e-16
2.5605921344771053e-16
2.8769124614109817e-16
2.643378047805172e-16
2.512344570097257e-16
2.546358094033761e-16
2.456044794521356e-16
2.125679817385944e-16
1.6845358010429299e-16
1.6316216966387556e-16
1.500787505993668e-16
1.3824941049220267e-16
1.4960925853488563e-16
1.5090994104190654e-16
1.310360120269038e-16
1.2483476774797562e-16
1.2137914791392044e-16
1.2603698361711404e-16
Acceptance rate: 0.22000000000000017
6.664311307610719e-17
5.971202320368394e-17
5.698524052550572e-17
5.5323384275976225e-17
4.970353387871744e-17
5.641485021686275e-17
5.465994423877666e-17
5.061682721037487e-17
4.384503303015166e-17
5.172516279542412e-17
5.1045456356099435e-17
4.32058214383558e-17
5.10877307095427e-17
5.471762847044884e-17
5.0289635840084353e-17
5.797446830607141e-17
5.1328325288484886e-17
5.2739002625289184e-17
4.6118236546942456e-17
4.282396330441099e-17
3.8040256649875165e-17
3.4736424136389576e-17
3.235327108213294e-17
3.0045341574571615e-17
3.5110394614913194e-17
3.104732241007597e-17
2.6843994298358898e-17
2.5498209354000243e-17
2.838778208039988e-17
2.839731929744289e-17
2.9636993803623256e-17
2.958153591475622e-17
3.2216913594876916e-17
3.877706588927855e-17
3.858092942469203e-17
3.6093835119481586e-17
3.646399885891853e-17
3.485395214140392e-17
3.400143183113441e-17
3.212932680436754e-17
3.9359734055787156e-17
4.0926694130992556e-17
3.8924916456604485e-17
4.132631141803288e-17
4.0738245428979046e-17
3.7905724291120644e-17
4.3275527141643104e-17
4.131020270358589e-17
4.4151088244891525e-17
4.562195653235111e-17
4.142608588803601e-17
4.4908747162490745e-17
4.768876679492943e-17
3.957510974295155e-17
4.107073727771107e-17
4.362220970732072e-17
4.717960117148483e-17
4.4292556993861287e-17
4.6023218734233025e-17
5.181957330496238e-17
5.0320026896080334e-17
4.9616431439948167e-17
5.101714629639819e-17
4.6626447177167264e-17
4.181360632036295e-17
4.641838447522032e-17
4.3802689872239386e-17
4.401025390859045e-17
4.3591692665745303e-17
4.246575830390507e-17
3.677713396550432e-17
3.321759063426511e-17
3.5848439315249533e-17
4.2881914549352016e-17
4.615803497198931e-17
4.781257589062e-17
3.9730323807189116e-17
4.30727731032155e-17
4.1976885588898724e-17
3.862346742144963e-17
4.622865135158576e-17
4.832126757243909e-17
5.3125858887607904e-17
5.693543914863596e-17
5.947547649098423e-17
6.050037227338777e-17
5.985108172600036e-17
6.201818046643874e-17
5.2758712896536474e-17
4.378449235403293e-17
4.814866943707138e-17
5.931719569451708e-17
5.753769806341427e-17
5.2018860248751375e-17
5.008300337803919e-17
5.3939777777131845e-17
4.885665860105469e-17
5.1908711822930145e-17
5.490114703112461e-17
5.976597937162348e-17
Acceptance rate: 0.23799999999999968
3.371246552540708e-17
3.521284645450317e-17
3.453472010483078e-17
3.264337581165989e-17
3.0801612100710055e-17
3.3056868097240926e-17
3.247810695572735e-17
3.23559123364519e-17
3.56574668700814e-17
3.3886439740589366e-17
4.211185145572604e-17
3.751129542007749e-17
3.563682171408707e-17
3.485295151802066e-17
3.3780133989875096e-17
3.1914138233743445e-17
3.608478784927438e-17
3.909543689179701e-17
3.9353495639529105e-17
3.1590120510867464e-17
3.109830726848791e-17
3.0907662673328205e-17
3.2580288025016017e-17
3.3058432852834624e-17
3.231227834354753e-17
3.8554616953866424e-17
3.9741066985288275e-17
4.253006877828964e-17
4.5683050148452335e-17
5.585993135900042e-17
6.223561875757176e-17
6.106657170364052e-17
6.25990068616528e-17
6.257540488941316e-17
6.419393848969464e-17
6.752557042089207e-17
5.94910171307392e-17
8.001138126271117e-17
8.282137615870295e-17
7.939049626340891e-17
7.793881301663597e-17
6.913978121221647e-17
6.715031754057656e-17
6.903243934946313e-17
5.922922602174479e-17
5.1581071034403276e-17
6.480161290638378e-17
5.920598434958796e-17
5.480838311561579e-17
5.059551584014473e-17
4.792744596268395e-17
6.087900876168513e-17
6.953960181278597e-17
7.185849665782548e-17
7.340278587793618e-17
7.382089767817495e-17
6.60203609330306e-17
6.129858037451157e-17
6.314604210679604e-17
6.415215028975307e-17
6.532273039850443e-17
7.097896948830461e-17
6.604735235731809e-17
5.870651705594265e-17
5.771862657410981e-17
4.9643165283636425e-17
4.911979959179616e-17
4.7626784955544677e-17
4.42152521676719e-17
4.276024495381696e-17
3.6750347309357364e-17
3.4909768827484625e-17
4.1963826405588377e-17
3.572636921289207e-17
3.3657567942172976e-17
3.8529929556842436e-17
4.06528611178196e-17
4.2150189090135475e-17
4.015146560942059e-17
4.0922616028362927e-17
3.7085720758359964e-17
3.5194775648972455e-17
3.4934389679795054e-17
3.579586759243068e-17
3.5536641427591647e-17
3.494222043573702e-17
3.685180414475059e-17
4.08591029013631e-17
4.6842560216468956e-17
4.0867506485524985e-17
4.4903457262462783e-17
4.2618755995772125e-17
3.8488671830516623e-17
4.502589081186414e-17
4.471235714428119e-17
5.647018164288729e-17
5.5179645399363194e-17
5.453205519075394e-17
5.527368457504997e-17
5.803307360881429e-17
Acceptance rate: 0.23516666666666636
3.335182787586375e-17
3.559819931895265e-17
3.8542413288077206e-17
4.606234669535927e-17
4.0813656213756795e-17
4.108802981069792e-17
3.604881941105464e-17
3.5908752812983976e-17
3.451628071998989e-17
2.9354913761877936e-17
2.7063471934517084e-17
3.070861934654103e-17
3.489497734713316e-17
3.59300297041186e-17
3.445095414163047e-17
3.610871069756406e-17
3.608474508386397e-17
4.348903867389215e-17
4.648272316395413e-17
4.55446692045546e-17
4.558736561553999e-17
4.9757103356830915e-17
5.498719818594269e-17
5.410758960678855e-17
5.488093578943915e-17
6.175744391466556e-17
6.579356938986547e-17
7.794792952689698e-17
7.652806056652228e-17
7.721797195638602e-17
7.01343259704811e-17
6.891412998021753e-17
6.52183760070063e-17
7.214444828975094e-17
8.291903173728352e-17
8.165243234721272e-17
8.369184723565256e-17
9.262596451176613e-17
9.132532901824954e-17
8.905342500533063e-17
9.854214864448989e-17
9.858527690859801e-17
9.730583766565408e-17
1.0530675342983104e-16
1.0237820073091762e-16
1.0593956927436825e-16
1.0626905876094985e-16
1.1486587660206718e-16
1.1212275846241904e-16
1.1316502092768557e-16
1.1028792692592327e-16
1.1423328247810705e-16
1.2225181511145812e-16
1.171363984099929e-16
1.0923436188307205e-16
1.152914191573268e-16
1.2540151028354895e-16
1.2020318259897794e-16
1.1058750490613806e-16
1.2885399711391257e-16
1.333808290947747e-16
1.2823570670634923e-16
1.2153877121926152e-16
1.20878751093709e-16
1.239621563600378e-16
1.2489562836170424e-16
1.2949865483220941e-16
1.2597990171823105e-16
1.5208907736229591e-16
1.536989351046428e-16
1.6016735988136028e-16
1.8586136755585833e-16
1.800082750786002e-16
1.707486453298561e-16
1.4132895240869784e-16
1.4203050089486468e-16
1.617116053935987e-16
1.5341218681122507e-16
1.7858177949455526e-16
1.899038092286501e-16
1.83437520230931e-16
1.9958842076510711e-16
2.0627043597802375e-16
1.9559603071408593e-16
2.0854843716911125e-16
1.8397341205967395e-16
1.7702302787352254e-16
1.8272965765422058e-16
1.8171593262467243e-16
1.7416256031522718e-16
1.6088038048935156e-16
1.662565051647795e-16
1.484000459843884e-16
1.4242824484658445e-16
1.3374716377475389e-16
1.2414798218993092e-16
1.360367908155493e-16
1.1489446484104358e-16
1.1083058338560375e-16
1.1019054663826601e-16
Acceptance rate: 0.2338750000000002
6.151969149432465e-17
5.885305540926018e-17
5.047108638930111e-17
4.739618347307177e-17
5.198139667098647e-17
5.2911309085951736e-17
5.3995728054353513e-17
5.009878578745165e-17
4.974403726891091e-17
4.4404031529275384e-17
4.324143868116163e-17
4.506558910334221e-17
4.7091068831130785e-17
4.635264575269966e-17
4.170781053802105e-17
3.855757614096304e-17
3.96877082203547e-17
4.068975825775534e-17
4.1407375578192145e-17
4.608265747549508e-17
4.381419316513417e-17
3.704467239877142e-17
3.619465835498078e-17
3.5786362039415364e-17
4.0471037275787056e-17
4.231331804058043e-17
4.3674889605427655e-17
4.334821098875547e-17
4.3135368610238344e-17
4.0101452778939655e-17
3.402791811619526e-17
3.5037472152730306e-17
3.0842269685868916e-17
3.0864555163207824e-17
3.327671878911661e-17
3.3847745356552517e-17
4.0234834767781414e-17
3.6653064141335257e-17
3.64144208045012e-17
3.4873410628760243e-17
3.6850300818673424e-17
4.023677002326428e-17
3.7143294069496416e-17
3.558394580872445e-17
3.6384068263284876e-17
4.0836874601950744e-17
3.8793633617592775e-17
3.494526672920943e-17
3.706139031259504e-17
3.5697625276753565e-17
3.782551417780657e-17
3.7088107107654116e-17
4.0570774002407813e-17
3.9368599261978005e-17
3.974369950879236e-17
3.7656412995659965e-17
3.966598573608916e-17
3.573666151781166e-17
3.435000146199952e-17
3.611938073188135e-17
3.678906040972381e-17
3.6099595810660524e-17
3.861021944603557e-17
4.142884878831862e-17
3.699976747327737e-17
3.623529145731611e-17
3.530424008955905e-17
3.815014662208263e-17
3.515310555573141e-17
3.7840567909037813e-17
3.9754688915354723e-17
3.861660190359465e-17
4.5845035457956856e-17
4.4954402262184955e-17
4.72352819819239e-17
4.898642649902212e-17
4.277990202644441e-17
3.934994997400653e-17
4.027257148135939e-17
3.933881249469617e-17
3.876490247308938e-17
3.9297318916676745e-17
3.4180458468616735e-17
3.05030522204414e-17
3.1470842356182915e-17
3.2101261132935483e-17
3.260890537165302e-17
2.966305382602257e-17
3.0776045741769017e-17
3.119898007912918e-17
2.6810176998229075e-17
2.649132970394402e-17
2.7124850734036138e-17
3.09274131495925e-17
3.084827581007622e-17
2.993116945188659e-17
3.207873527989725e-17
3.821886241458961e-17
4.068253261958627e-17
5.0013872312713245e-17
Acceptance rate: 0.24070000000000044
2.91034816327854e-17
2.5683618820303787e-17
2.5131380278542175e-17
2.6916770672385378e-17
2.7633604114594078e-17
3.562925008917854e-17
3.5272508528736105e-17
3.910916464837606e-17
4.307918268284849e-17
4.156716829525199e-17
4.098921977232093e-17
3.9615948437844775e-17
4.0853899817996725e-17
3.5950954110111754e-17
3.225857125462959e-17
3.553479635950488e-17
4.315177856819604e-17
3.990283100098754e-17
3.7279526679224264e-17
4.67112457751546e-17
5.3569198842296976e-17
5.3729085736295083e-17
5.433835202710469e-17
5.324185113792968e-17
4.9330444571237124e-17
4.662146497488861e-17
5.207258925964896e-17
4.9900259711955875e-17
4.5240247935775486e-17
4.3723590568937423e-17
4.715645664400063e-17
4.5779478656661826e-17
4.4762222509267235e-17
4.3844568957316835e-17
4.481677787130714e-17
4.8534636803963304e-17
4.515355273899711e-17
4.249486131428775e-17
4.665540444494162e-17
4.6437611204324326e-17
4.153521251574338e-17
4.3382516945914687e-17
4.043268067673146e-17
4.582885120142273e-17
4.372895205455367e-17
4.4872267374252596e-17
4.409466643734779e-17
3.848827659791418e-17
3.778217744396426e-17
3.820082457808876e-17
3.5185378898461063e-17
3.192178284715745e-17
3.050272517752122e-17
3.136964960083706e-17
3.079059749650152e-17
3.0440380212242275e-17
2.805749030539559e-17
2.6674547965253406e-17
2.7336423686543382e-17
2.4458812416494776e-17
2.5264883017213197e-17
2.6644410283874547e-17
2.6572078088798432e-17
2.900200783745439e-17
2.8047526863149007e-17
2.785073628401284e-17
2.6645673617536725e-17
2.799485500889451e-17
2.6781344539591405e-17
2.68782627566165e-17
2.895109893457096e-17
3.180914437622658e-17
3.515292013608502e-17
3.639499328620537e-17
3.6694380112826164e-17
3.8134978466030344e-17
4.44241425027533e-17
4.36862808954862e-17
4.386811503901312e-17
4.185020053225141e-17
4.3794513458477685e-17
4.348845962996106e-17
4.6959242973650685e-17
4.7091503570932764e-17
4.561492051308119e-17
4.1573362945323014e-17
3.988396408216078e-17
4.5926456784065204e-17
4.739349522639618e-17
4.907958686090828e-17
4.378348052818036e-17
4.1186285660557684e-17
4.351424185673801e-17
4.3110871850821225e-17
4.190349238823011e-17
4.1121933959926537e-17
4.012500321114499e-17
4.0531714183541414e-17
4.633172299774775e-17
4.38010868859843e-17
Acceptance rate: 0.2477500000000004
2.536253986366292e-17
2.4232955024660466e-17
2.608609741007334e-17
2.5763663159489154e-17
2.3923900929137796e-17
2.2948484068008632e-17
2.3261838589483507e-17
2.322195849856837e-17
2.0826115158308687e-17
2.1493476101810835e-17
2.4491714164983192e-17
2.3957293238177756e-17
2.392497563769378e-17
2.2158114712122814e-17
2.3886693391500546e-17
2.6724730808276767e-17
2.5695691786106216e-17
2.351616276836692e-17
2.2382825855719082e-17
2.315197957617495e-17
2.318216558348996e-17
2.5795129123450176e-17
2.843647835248518e-17
2.7427408684961257e-17
3.0363612319371e-17
2.9837629052726627e-17
2.8408880573803464e-17
2.8715733527445845e-17
2.9204799025821676e-17
3.823957523262186e-17
4.3490464332955805e-17
4.0674207131245186e-17
4.100581725735222e-17
3.922627233573203e-17
4.252211886071539e-17
4.4330156278230164e-17
4.824660335062532e-17
5.091551249463929e-17
5.134332834037092e-17
5.601528163330313e-17
5.3161437955932407e-17
5.607761623344866e-17
5.490635735666322e-17
5.58655876639047e-17
5.760978764947504e-17
5.398992586670626e-17
6.197297063087525e-17
5.930399215713007e-17
7.821569482672381e-17
8.14694034143917e-17
9.704733264931727e-17
9.156792295591821e-17
1.0333723695799919e-16
1.0123632231200969e-16
9.52593197441275e-17
8.817787743777474e-17
8.5310927056148e-17
8.604003736040656e-17
9.701366679030797e-17
1.1937332810962024e-16
1.154471041792518e-16
1.2564614572461177e-16
1.2108922810596713e-16
1.101084932783203e-16
1.1405630560133225e-16
1.0976526359476134e-16
1.1853662191271474e-16
1.0887249260124723e-16
1.201786265115439e-16
1.2619888658570197e-16
1.2743288464231997e-16
1.1007386184454345e-16
9.993205126379156e-17
1.021355404171412e-16
8.887783738347613e-17
9.046792379374148e-17
9.604667994701083e-17
9.031007489583347e-17
9.106094139350235e-17
9.437487226458607e-17
9.863316027074771e-17
9.016958077632875e-17
9.12043348928744e-17
8.819909401151894e-17
8.956334174874108e-17
8.733193201534193e-17
8.231326517856863e-17
6.780415574964842e-17
6.43303743849298e-17
6.597289783254396e-17
6.721228037448342e-17
7.030253516181545e-17
7.070125617065573e-17
7.996199323208583e-17
7.508998928487628e-17
7.55993139159625e-17
8.28554612598045e-17
7.938486336517203e-17
8.415839204976617e-17
9.458743235719127e-17
Acceptance rate: 0.24757142857142933
5.4911426253036015e-17
5.2731009549584624e-17
5.3260352940305e-17
5.77019396062878e-17
5.541853914009448e-17
5.050134435829684e-17
4.708087367833714e-17
5.2118786499440696e-17
5.23801608168965e-17
4.589522125169993e-17
4.512380965378523e-17
5.201545014245977e-17
5.217303741061286e-17
4.7973768724896005e-17
4.8253806837837946e-17
5.490145590288914e-17
6.354159342645464e-17
6.520394324935316e-17
7.056615291744142e-17
6.605719817748324e-17
5.957900775245324e-17
5.716637146836295e-17
5.137355306206406e-17
5.583106718957295e-17
6.060737852258051e-17
6.343453007749537e-17
6.826351204125116e-17
7.712728401943425e-17
7.823873813744954e-17
6.46581612098315e-17
6.3096470112968e-17
6.316507300446618e-17
6.094649759506388e-17
5.742876469370656e-17
6.72949638863661e-17
7.030238644342134e-17
9.138478687092718e-17
8.754569191799787e-17
8.956867527305711e-17
8.335555778003215e-17
8.667454881248092e-17
8.395861887947431e-17
8.205063640702293e-17
8.349158107148897e-17
9.250193421529681e-17
9.84797274408398e-17
1.0303448404422524e-16
1.0940567586154102e-16
1.0768134658012708e-16
9.992225526741053e-17
1.0466904118626768e-16
1.1177666751387892e-16
1.101161177707979e-16
9.973280783778088e-17
9.951814704839187e-17
1.0912560893780711e-16
1.1048254098974583e-16
1.1216481816719169e-16
1.146026481156299e-16
1.2611901710359756e-16
1.1999316797769105e-16
1.1170479331790484e-16
1.146536764565542e-16
1.1541597254103102e-16
1.1075122314060616e-16
1.029303324241161e-16
1.0596809369217803e-16
1.2138876420623113e-16
1.1667707818376736e-16
1.2987671253206932e-16
1.29146902106888e-16
1.174483420968788e-16
1.0870566668796958e-16
1.266974456884937e-16
1.3497282794951174e-16
1.6422191408714654e-16
1.6582379581987594e-16
1.4472398105674425e-16
1.5460820365334594e-16
1.478086370084482e-16
1.4932712258992564e-16
1.3771011403742993e-16
1.308601045069626e-16
1.4055620082381753e-16
1.2565568857563264e-16
1.3005261017714506e-16
1.4936155159930149e-16
1.6574628442145263e-16
1.8257824493092122e-16
1.7947157598249547e-16
1.7312380947554446e-16
1.7794438341400672e-16
1.7424250016828515e-16
2.0201364649520552e-16
2.0460971267674588e-16
1.770794103766886e-16
1.64745222736554e-16
1.59042616966945e-16
1.594643802634815e-16
1.5043979458260795e-16
Acceptance rate: 0.249937500000001
8.891615889583317e-17
8.703869283387798e-17
8.990383120007079e-17
1.0136101249163773e-16
9.67074342234407e-17
9.121602855423106e-17
8.197549013032064e-17
8.315038924600907e-17
8.909920697800803e-17
8.567050519561139e-17
8.870077188439202e-17
1.0402773723248967e-16
9.773743728888575e-17
9.622063983090772e-17
9.893486424746913e-17
9.376789462414987e-17
8.781568338540167e-17
9.575238825025425e-17
1.0385996327700452e-16
1.0745929871197972e-16
1.2171990772821174e-16
1.607558952090145e-16
1.4824184774126071e-16
1.396563369190192e-16
1.2599068261939987e-16
1.1180067512528873e-16
1.0047230074020092e-16
1.1130150117457122e-16
1.0816218428540958e-16
1.0824193550679917e-16
1.0781145449704755e-16
1.0250378411821074e-16
9.919039994030206e-17
1.0918841248919006e-16
8.986603651092057e-17
1.0806423323926568e-16
1.115513497526505e-16
1.5344926289821508e-16
1.4314135182032637e-16
1.388612453989613e-16
1.6485322917410515e-16
1.5394241454454559e-16
1.4585233562421108e-16
1.5624871127930452e-16
1.5612759097068082e-16
1.5643348290230555e-16
1.2685615729987704e-16
1.3653399864058e-16
1.2970045629307095e-16
1.267071414451114e-16
1.1852518170511588e-16
1.2104142736694052e-16
1.197122831314059e-16
1.1604087348089452e-16
1.257691766716642e-16
1.20813904967086e-16
1.1217063772689221e-16
1.1006111872177046e-16
1.1011468224577965e-16
9.258719253830189e-17
8.165029821240394e-17
8.322822778721619e-17
8.141230822789691e-17
8.529329585288149e-17
9.683953002445973e-17
9.267435738996511e-17
1.1353206283758601e-16
1.0129178788232701e-16
1.0815315016927619e-16
1.162023840608306e-16
1.3747565284018116e-16
1.22244058653917e-16
1.27849983147234e-16
1.1678610074286137e-16
1.2026770513705943e-16
1.1414989932854382e-16
1.1070613528999824e-16
9.81956407002284e-17
1.0640487055441432e-16
9.333341588328951e-17
9.82592466270948e-17
9.11842497966793e-17
8.146094802066082e-17
7.66648707080057e-17
7.324333370572548e-17
6.92736652731604e-17
6.281091362003875e-17
6.596180781752419e-17
7.282939115279199e-17
6.428708378749645e-17
5.550614130097957e-17
5.700223695665428e-17
5.994863566247531e-17
7.086999831174016e-17
6.845785253449782e-17
7.187757031313605e-17
6.804045527284226e-17
6.329309479888052e-17
6.050674145311376e-17
6.151019978968001e-17
Acceptance rate: 0.24672222222222323
3.642701384772957e-17
3.8163752749040093e-17
3.9831648466479813e-17
3.6879949108420226e-17
3.3627268002250053e-17
3.3323569339957224e-17
3.5212816674256625e-17
3.357139516244648e-17
3.0079194775236614e-17
3.141721352650169e-17
3.12740547888099e-17
3.129679997203175e-17
3.0990980266566264e-17
3.125040243114364e-17
3.5847771692774746e-17
3.369434712383084e-17
3.506894864957086e-17
3.1161642676274344e-17
2.932166288921973e-17
2.774851841165453e-17
2.9676558171744784e-17
3.467713746566296e-17
3.723106168152893e-17
3.799554523088159e-17
3.765957985577199e-17
4.1840965844509456e-17
4.038320928161226e-17
3.993099778416661e-17
4.0422464328891486e-17
3.82892764321607e-17
3.8469492159291245e-17
3.8072131752992375e-17
3.7660518957912677e-17
3.6144602948725145e-17
3.761547569258061e-17
3.661579703772672e-17
3.805856736159708e-17
4.2781688858160675e-17
4.573854648778514e-17
4.6637985252743346e-17
4.5505481566655287e-17
4.6251656788053825e-17
5.716858531620274e-17
6.410090783760683e-17
6.697288608080022e-17
6.25107933104502e-17
6.041793709035605e-17
5.764945388016869e-17
6.708651998790718e-17
6.876523257004898e-17
7.366835289185552e-17
7.429716068029617e-17
7.611171006300205e-17
6.92328356057138e-17
7.497153722755526e-17
7.827349420211222e-17
8.642816705743676e-17
9.46899687605153e-17
1.001487476779082e-16
9.141865056270956e-17
8.720341183270217e-17
9.017931059437596e-17
9.897907613178965e-17
1.0706001805161746e-16
1.2203425113775038e-16
1.131800319987914e-16
1.1800341635878505e-16
1.2216667857749397e-16
1.110683126269137e-16
1.0716065700440688e-16
9.971609522577548e-17
1.0923145419291086e-16
1.2042457055551312e-16
1.1700088532156955e-16
1.0424727730309268e-16
1.1108447850322802e-16
1.1526581907629783e-16
1.2980531081888395e-16
1.2199683181452527e-16
1.453364579204096e-16
1.4438015981981346e-16
1.4317472364393615e-16
1.5849304588688617e-16
1.4940848571489908e-16
1.504535881622158e-16
1.268519534710277e-16
1.2488316960164358e-16
1.211812980999033e-16
1.2192370170984424e-16
1.1064556784921162e-16
1.1546342830276335e-16
1.0919461702877076e-16
1.0970383692056705e-16
1.0514272657915471e-16
1.0110728792084772e-16
9.378345963877308e-17
9.350904925206026e-17
8.62881890666563e-17
8.517650851140146e-17
7.924347384158533e-17
Acceptance rate: 0.24805000000000085
Sampling time (10 samples): 5613.3913 seconds
