/scratch/users/yanlan/TroubleShooting/SM_ETwd/Output/AM_PM_ET_176_303_00
5.095932107965691e-08
2.4423078152153102e-08
1.2494244753163586e-08
6.594513242263916e-09
3.833047275615495e-09
2.2489391949788735e-09
1.3128357702380729e-09
7.640955105150191e-10
3.884722547211247e-10
1.8647720464438486e-10
1.098844317134969e-10
6.851499310164606e-11
4.7577439903147756e-11
3.321541656249173e-11
2.1399099580323327e-11
1.4031705905498027e-11
1.0527330873326852e-11
7.615067909198017e-12
5.365000820161583e-12
3.818284061273685e-12
2.8898817064712625e-12
2.2964278519399127e-12
1.5656583182475248e-12
1.2457620403789053e-12
1.049336983032678e-12
7.965548132650743e-13
6.159721983668789e-13
4.586692159695559e-13
3.3457835236539776e-13
2.7170400426006733e-13
2.122027775459624e-13
1.9370548448970324e-13
1.4590967762593193e-13
1.234796480326721e-13
9.880267980159995e-14
9.050922851155369e-14
6.672806893272174e-14
6.883725298385493e-14
5.580887258433492e-14
4.9257765536401076e-14
4.424306930807176e-14
3.9058939765149174e-14
3.950463182549388e-14
3.231218397098947e-14
3.330254400078553e-14
2.843464924197861e-14
2.362380148203932e-14
1.8934934601281434e-14
1.5104943341752334e-14
1.554051642363999e-14
1.5495645385272795e-14
1.292364887070366e-14
1.2704178858366636e-14
1.3603263477903739e-14
1.2740426635401274e-14
1.3145672657062781e-14
1.223024719964323e-14
1.1511001634302511e-14
1.1468603393491014e-14
1.0214029227667632e-14
9.290101353699513e-15
8.705331923042653e-15
7.551142818206665e-15
6.003463088928728e-15
6.544938892888278e-15
5.045963645331131e-15
4.864655885556898e-15
4.354548675483452e-15
3.1522642893166915e-15
2.7454100506591964e-15
2.7872590694678956e-15
3.158733282856865e-15
2.8559784051166195e-15
2.9322744419054353e-15
2.6664653549760764e-15
2.949181606725616e-15
3.184861973251238e-15
2.747962539720938e-15
3.0545103083254324e-15
3.724345735919237e-15
3.3162428477344655e-15
3.551505715228899e-15
3.598464757341125e-15
3.783513111831623e-15
3.3736034604511038e-15
3.1758656279200788e-15
3.113790408037544e-15
3.5310241501300062e-15
2.7954472260562285e-15
2.471323580721741e-15
2.8094591007495976e-15
2.8022334836719297e-15
2.5846274135011655e-15
2.3055396172144517e-15
2.6361185391259853e-15
2.4515831550678165e-15
2.1334664808020548e-15
1.955165857855523e-15
1.8437733649728e-15
1.8689886667240514e-15
Acceptance rate: 0.2674999999999997
9.637663145032337e-16
9.001545338077845e-16
1.0403449698961007e-15
1.0531633358414788e-15
1.1648286955952936e-15
1.1784795948609878e-15
1.2686576003223213e-15
1.2410916133308067e-15
1.1912111085844233e-15
1.125087597407994e-15
1.0855615308036686e-15
1.1385166490382358e-15
9.741091456869994e-16
9.594732385697804e-16
8.445976065110497e-16
9.086932487101542e-16
9.55217054217314e-16
8.721423830779942e-16
9.89132757323267e-16
1.0094530501244987e-15
9.253303618421548e-16
9.21885038399581e-16
9.265217543128341e-16
9.69121166199581e-16
9.778970346097905e-16
1.0233030554791195e-15
9.705627701026429e-16
9.9981215615295e-16
1.1577827322761745e-15
1.2114683312372832e-15
1.1893287791789845e-15
1.1045548322558415e-15
8.899906949130695e-16
8.107243200817485e-16
7.740620323723595e-16
8.092804852229172e-16
7.583470257920363e-16
7.085990084955815e-16
5.937058431006538e-16
5.732026240603417e-16
6.255556448375997e-16
6.3756242929264845e-16
5.395260203271819e-16
6.38793453446426e-16
6.216939514585747e-16
6.214273980230657e-16
6.521793577098063e-16
6.156273416764762e-16
5.790346742069336e-16
5.5212555665290565e-16
5.324447773880894e-16
4.845089832673289e-16
4.966939975243416e-16
4.93994618363151e-16
5.30419079235635e-16
5.820904546173532e-16
5.383301443168645e-16
5.634621569701556e-16
7.342886278229212e-16
8.755361760352059e-16
9.151075175894924e-16
9.563245322970832e-16
9.719968563544574e-16
1.188691478023786e-15
1.0294038704048535e-15
1.0471131455951843e-15
1.0586388120299233e-15
1.0203790342643669e-15
1.0592441778258485e-15
1.2268136922354378e-15
1.3139455689905988e-15
1.3355297717745358e-15
1.315250067418043e-15
1.1234734548298948e-15
1.4116972352258347e-15
1.3700112304989067e-15
1.3255562692987678e-15
1.1275394568963558e-15
1.0711581683390328e-15
1.0933765883708782e-15
1.105814432381929e-15
1.1874922344380726e-15
1.2434653787524582e-15
1.138625658324264e-15
1.10303402848073e-15
1.0517094071814037e-15
8.340167499212403e-16
9.188161666829487e-16
8.889554670971453e-16
9.036466222624034e-16
8.291728253342669e-16
7.627984182616791e-16
6.30982396803253e-16
6.099541467764803e-16
6.25051963916256e-16
6.394285755161579e-16
7.014593118502597e-16
6.489345657845605e-16
6.455560745961503e-16
6.715116465227178e-16
Acceptance rate: 0.26049999999999973
3.6329064202004304e-16
3.7224079641660147e-16
4.0147202824559117e-16
4.766857261047336e-16
6.174144646355799e-16
5.985652828649096e-16
4.689379074598666e-16
4.814454808442049e-16
4.8181794551719435e-16
5.865559894210518e-16
6.020409358008097e-16
5.845031627283463e-16
6.796078703456243e-16
7.364129178308902e-16
7.005378299326999e-16
5.530549841496531e-16
5.546394614905328e-16
5.351344306727784e-16
5.433444406045011e-16
6.598761546955082e-16
7.031938500850904e-16
6.936557324159728e-16
7.5913979234146665e-16
7.599422184000578e-16
6.835271844634462e-16
8.162687849693685e-16
8.116296518756772e-16
8.682809351546595e-16
9.183297252946383e-16
1.0246969874182559e-15
1.0196384104244632e-15
9.249638406228187e-16
8.406273152093479e-16
1.0972697525001627e-15
1.1078359045873636e-15
1.1032430431023768e-15
9.99519427947397e-16
1.0286540855488509e-15
9.164752781791993e-16
1.021424553608538e-15
1.0177138122751664e-15
8.28846474937511e-16
7.623685469056461e-16
8.6973232861355e-16
9.616947341683225e-16
9.56618300440097e-16
8.4676052231548305e-16
8.42578109596418e-16
8.821812472817028e-16
8.211780380593498e-16
9.66266380324265e-16
9.764821306339356e-16
1.1590806630745958e-15
1.2286257821220411e-15
1.3542805168081892e-15
1.3772126637891498e-15
1.2531074653298052e-15
1.3513941099076856e-15
1.2632001071890895e-15
1.3484744593498739e-15
1.2638760260878432e-15
9.801733906589658e-16
9.432526568969224e-16
1.0342687927219797e-15
1.100232939500431e-15
1.0924380506671478e-15
1.1454369317003123e-15
1.161522212334247e-15
1.1954989606380652e-15
1.1797070047847174e-15
1.1024247783321532e-15
1.0928971858002797e-15
1.089204732140897e-15
9.84199444782409e-16
9.709238150211258e-16
9.656410768376624e-16
7.499561007589221e-16
8.19717137272898e-16
7.61364657212516e-16
7.982959063777006e-16
6.856932777165466e-16
6.660789789336992e-16
6.347259668129032e-16
6.822733239316703e-16
7.403131677085352e-16
8.075137818454707e-16
9.64283892256832e-16
8.614138070521543e-16
8.185041070047371e-16
8.212951349683426e-16
6.776264015287281e-16
6.308180968298767e-16
6.474563238448473e-16
5.869941638349688e-16
5.40809813194737e-16
6.069108733687141e-16
5.931314013779378e-16
5.853851600890604e-16
5.644708368388677e-16
5.716409256879318e-16
Acceptance rate: 0.25316666666666615
3.225906359466096e-16
3.280887981414765e-16
3.669725331166336e-16
3.33557046529618e-16
3.4075700749157485e-16
3.6252683410945086e-16
4.552567760942587e-16
4.937913487275437e-16
5.515593185336144e-16
6.230248488721862e-16
7.187586958777051e-16
7.394563623270836e-16
6.668665574162527e-16
6.492070686851781e-16
6.664147337370492e-16
7.120995166258838e-16
6.367925978088277e-16
6.133091463571244e-16
6.344221577079645e-16
6.889966453820636e-16
6.777259037721917e-16
6.886936199323242e-16
6.71376245741984e-16
8.399130695238716e-16
8.515868986424219e-16
9.045694950164964e-16
1.0182486877392635e-15
9.891451025248858e-16
9.852564656984793e-16
1.037436884596388e-15
1.0669282666354827e-15
1.0528072219444354e-15
1.201761022084648e-15
1.4003990504882736e-15
1.5522862585680529e-15
1.5138805930642053e-15
1.7722996458131745e-15
2.0509510612909284e-15
1.8665276666453753e-15
2.007044845130477e-15
2.2680185110701435e-15
2.241482035817091e-15
2.0225097731600378e-15
1.855419676904569e-15
1.6600815915065514e-15
1.6589876684193485e-15
1.7224850489540363e-15
1.797714047655578e-15
1.7845739880372993e-15
1.7164304058353766e-15
1.7674690299556403e-15
1.893936162826992e-15
2.0227111284829793e-15
1.7999546733841193e-15
1.777408195997172e-15
1.89368728097518e-15
2.2020537123021707e-15
1.8983817430443262e-15
2.064992670349925e-15
2.0296429536524416e-15
2.1116738880548046e-15
2.12735546263665e-15
2.091446629849364e-15
2.209374182314464e-15
2.3232534787817414e-15
2.46991926232988e-15
2.2634903428689782e-15
2.290510050367537e-15
2.4331403326969654e-15
2.257778294713535e-15
2.1533061697928808e-15
1.939686332848266e-15
1.7071613584261531e-15
1.8048642563117794e-15
1.753627914867352e-15
1.9691282887531517e-15
1.9409706454635835e-15
2.045278105630484e-15
1.975253721019802e-15
1.7571185471711301e-15
1.6165711482833033e-15
1.767005766016693e-15
1.6701997922193267e-15
1.6665691732827647e-15
1.4350746507033245e-15
1.3809552507197937e-15
1.4025271935605685e-15
1.2558805567488438e-15
1.298967113717393e-15
1.1863941759051226e-15
1.1308491024131549e-15
1.0958717623939937e-15
1.1727221204333707e-15
1.1354498128650383e-15
1.3174504189153372e-15
1.2789213261828938e-15
1.1846543936774672e-15
1.119750881154891e-15
1.1968054947990515e-15
1.2557361528233727e-15
Acceptance rate: 0.2493750000000004
7.264736903557865e-16
7.735558745033251e-16
7.695025000013632e-16
6.902266380032243e-16
6.839026146484925e-16
6.83173788609004e-16
5.912320995280959e-16
5.736652379283903e-16
6.731233901945714e-16
7.6701288875655e-16
7.9100463123957815e-16
7.899845685427762e-16
7.352963157365087e-16
8.199854933732788e-16
8.598321400373519e-16
8.212626794447563e-16
9.497671248584249e-16
9.87976366288921e-16
9.767187622640032e-16
1.1214540774470426e-15
1.4337567835187261e-15
1.3701616707738223e-15
1.227426027974478e-15
1.2289996216251512e-15
1.2544468511565189e-15
1.2805363347493059e-15
1.323025338003729e-15
1.3981997008643365e-15
1.30386647557616e-15
1.359739309442203e-15
1.311005884324435e-15
1.4882296470012748e-15
1.8409520586639068e-15
1.7783619613438853e-15
1.6058263424839504e-15
1.5596259479984544e-15
1.8024756433100557e-15
1.7481390715341465e-15
1.6432246538649087e-15
1.5494946552905099e-15
1.4367403578392523e-15
1.3681562981932261e-15
1.4117504636468563e-15
1.3669423440096881e-15
1.2228136198701584e-15
1.185785072976699e-15
1.1183978307172327e-15
1.2118592654246723e-15
1.178538060900429e-15
1.1378890917595844e-15
1.3171843261556594e-15
1.3248844034739529e-15
1.253461082571019e-15
1.126260538000301e-15
1.3857864259720285e-15
1.372858421783439e-15
1.349393581922966e-15
1.7268276561252698e-15
1.6311684191198595e-15
1.5715912712022738e-15
1.650876338652399e-15
1.5944396670515268e-15
1.3740077755743752e-15
1.238325973913706e-15
1.2441943511742698e-15
1.1059496389142915e-15
9.882409368020426e-16
1.0531891147755689e-15
9.90027093784676e-16
1.1785959266221793e-15
1.1377789325563502e-15
1.133198199786004e-15
1.1409793140511918e-15
1.0824053311607175e-15
1.083476057032212e-15
1.0140102886385111e-15
9.71833433727823e-16
8.927369612220571e-16
1.0614823771664874e-15
1.2444381922360005e-15
1.2553260292134883e-15
1.1740468793049865e-15
1.1495811171152097e-15
1.1918345037382813e-15
1.3636017642856419e-15
1.5161028076692265e-15
1.6491980013911829e-15
1.6782654838841556e-15
1.550352652538251e-15
1.5364767758112727e-15
1.5768550361426562e-15
1.4664116624344447e-15
1.4327147585808535e-15
1.3782702958035544e-15
1.3894280362330235e-15
1.5792087768748535e-15
1.63572589921451e-15
1.783352158047665e-15
1.848257956571846e-15
2.0787750879999547e-15
Acceptance rate: 0.2504999999999993
1.2534294646961505e-15
1.3062366292861526e-15
1.3181255180880473e-15
1.3853926487027468e-15
1.3255188209411421e-15
1.5032861450268131e-15
1.4860210037883708e-15
1.5298036743023167e-15
1.3300420085224302e-15
1.4632423951521749e-15
1.3878040848272298e-15
1.3548357806253509e-15
1.5381825498880756e-15
1.3418102213189263e-15
1.1897074918813463e-15
1.1895632356592577e-15
1.1520323088211603e-15
1.181623077676254e-15
1.1711694535716227e-15
1.1503505617707688e-15
1.2001480472981172e-15
1.1851809938673976e-15
1.3623241987898139e-15
1.3430921407732834e-15
1.529914680220744e-15
1.3432819696473723e-15
1.3389909543103734e-15
1.652163008765373e-15
1.569364820207813e-15
1.4240980857672256e-15
1.7260385281792507e-15
1.6772539709187495e-15
1.94427476535538e-15
1.7942189824981075e-15
1.7906318929861396e-15
1.631388339235084e-15
1.7682818218154414e-15
1.7331795025698587e-15
1.863172429601596e-15
1.8665468780113528e-15
2.0471400704040052e-15
1.811758992853227e-15
1.5820776545194402e-15
1.6020237207254961e-15
1.4307947044655904e-15
1.2908965163058227e-15
1.4365099098938128e-15
1.5684445504321318e-15
1.474088994850465e-15
1.349378692767002e-15
1.4549590438050117e-15
1.5217205950834318e-15
1.3780031935514667e-15
1.2558497992070821e-15
1.3776019427385783e-15
1.3488285432748852e-15
1.3079958192441219e-15
1.3029459731954554e-15
1.1585226454686126e-15
1.110510590310167e-15
1.142546087688759e-15
1.1017233716758812e-15
1.2086994234836104e-15
1.1657896087370688e-15
1.2773462922659406e-15
1.4127007864519195e-15
1.444952296166407e-15
1.3431507570151472e-15
1.3852890456696802e-15
1.3152766595117818e-15
1.2566199499649323e-15
1.4284978219707406e-15
1.4712840738539377e-15
1.4042783417445873e-15
1.3684459816831816e-15
1.356121578099353e-15
1.5402323534649486e-15
1.8784841732985538e-15
2.1825090499871497e-15
2.0759722484174816e-15
1.9319899759614862e-15
2.0799870861982003e-15
2.0642674371058393e-15
2.178587546646555e-15
2.3179700293852617e-15
2.4183131489940555e-15
2.3599676434026312e-15
2.4522900639001242e-15
2.5925490815369733e-15
2.6260825003378508e-15
2.35337140021652e-15
2.312243292532521e-15
2.269263385344726e-15
2.1603352071247144e-15
1.9833642293892165e-15
1.9441232780181084e-15
1.989884237714337e-15
2.063320361752936e-15
1.999807825381887e-15
1.9079106574052087e-15
Acceptance rate: 0.25333333333333247
1.1435206224363385e-15
1.214800010219456e-15
1.3928819190988458e-15
1.452796312765837e-15
1.5372032760967015e-15
1.859175082598796e-15
1.7658214824418703e-15
1.6967646600087632e-15
1.6432974086171434e-15
1.3131283834599076e-15
1.2291036018209889e-15
1.2385087052691849e-15
1.061083800069276e-15
1.0708159535010308e-15
1.0344914722279452e-15
9.252260618440018e-16
9.610335180418282e-16
9.863837829154958e-16
9.280101998743867e-16
1.0206704771963858e-15
9.824200034451614e-16
9.797726996992066e-16
1.0180216781210745e-15
9.102217534131096e-16
9.84141236314169e-16
1.0340308278261573e-15
1.0361377626461254e-15
1.0084086594423248e-15
9.51205797620896e-16
9.040229006283182e-16
8.962369131098233e-16
9.736886060855764e-16
1.078701822023979e-15
1.0164470351889532e-15
1.011714188476847e-15
9.814704072530377e-16
9.988296743001875e-16
1.0032344786777221e-15
1.0710694683971121e-15
1.1605478471834752e-15
1.2424398713454464e-15
1.3044232507485265e-15
1.3043696295770684e-15
1.226021113227064e-15
1.2614013200875658e-15
1.2010713979208505e-15
1.1481354186309335e-15
1.2891138480034966e-15
1.1768535899397063e-15
1.179350901086537e-15
1.0939174860772123e-15
1.0729705767587416e-15
9.727135145594996e-16
1.0151599594214596e-15
1.0864481731016487e-15
1.056896778129142e-15
1.1145323112090802e-15
1.2923196805696924e-15
1.1389146389189118e-15
1.1049004409920758e-15
1.0870886445152658e-15
1.1874861551005273e-15
1.1486014932042572e-15
1.2167249374363485e-15
1.3363700983634728e-15
1.4098200509056087e-15
1.7545397722595711e-15
1.788394279666667e-15
1.651701425324544e-15
1.5932948490034815e-15
1.589760911641619e-15
1.4538581846556863e-15
1.4640788031086071e-15
1.626668745288066e-15
1.6139641071262694e-15
1.569481605532581e-15
1.6272803349249377e-15
1.7472339501803264e-15
1.698636778509335e-15
1.6914181923638808e-15
1.5678295338059123e-15
1.5054474180547938e-15
1.4948371901886734e-15
1.3152489988028083e-15
1.1449316098499418e-15
1.0089646338620576e-15
1.069836768369482e-15
1.323721434282329e-15
1.4831699903078118e-15
1.59540401250799e-15
1.6154041548507099e-15
1.6739227031762973e-15
1.5459846058278871e-15
1.4942955913051643e-15
1.4720598235687645e-15
1.2917525800596111e-15
1.3003261555689005e-15
1.2261152063065487e-15
1.3377323562119184e-15
1.4591971105259595e-15
Acceptance rate: 0.25278571428571306
8.813621716531923e-16
8.796519044369264e-16
1.0289879893280932e-15
1.3039706361243968e-15
1.2181931992232337e-15
1.3023142570010106e-15
1.2839488575333015e-15
1.2722988295584178e-15
1.2810065811017507e-15
1.3437960208367649e-15
1.3187003245028887e-15
1.324838979395149e-15
1.3205622049989081e-15
1.2602482253335107e-15
1.1965334297729608e-15
1.2668194784416191e-15
1.2516272595665188e-15
1.118856219694814e-15
1.0468970146375701e-15
1.1100453419435038e-15
1.1156257687841373e-15
1.077096638641665e-15
1.2598335408198422e-15
1.1985711550580859e-15
1.142614508919719e-15
1.1338872085985076e-15
1.1130803486296666e-15
1.1501604800556157e-15
1.1468893469895696e-15
9.858991245868876e-16
1.0383175591230972e-15
9.887836780781954e-16
1.1034300342810228e-15
1.146893644451551e-15
1.1054258821284716e-15
1.0691896157517608e-15
1.175463699699145e-15
1.2074374262713896e-15
1.1379108967253747e-15
9.576506883561292e-16
9.203732828196802e-16
7.749236918723029e-16
8.607484298440752e-16
8.098644465878893e-16
8.94637306038315e-16
8.339866742185376e-16
9.592553640418418e-16
1.1794413696042648e-15
1.2727145104775747e-15
1.368145686366364e-15
1.397536779674342e-15
1.7207233714877907e-15
1.5058462252721522e-15
1.4514673364500898e-15
1.4485551102686721e-15
1.4689798216025051e-15
1.4391267696535975e-15
1.400508016617991e-15
1.5201543269813524e-15
1.4373577882567954e-15
1.2423764872945157e-15
1.225737810951466e-15
1.3244954778239339e-15
1.3294488363684656e-15
1.2750392077723355e-15
1.3492306678737912e-15
1.235519764500444e-15
1.3900823352638723e-15
1.2167516377259063e-15
1.2422893404003974e-15
1.2742593223004385e-15
1.5951039493565967e-15
1.7402121842187569e-15
1.560151609367525e-15
1.413230571536327e-15
1.2659237135752687e-15
1.3157919675999233e-15
1.4249289385772312e-15
1.3851607362677207e-15
1.2933228230714688e-15
1.4017030692367159e-15
1.5908906077409088e-15
1.7752326574229825e-15
2.145678308703054e-15
1.9347324161100667e-15
1.9435438485848353e-15
2.0551988827550894e-15
2.022499177503962e-15
1.8697367420689247e-15
1.637897269753297e-15
1.6495792909789622e-15
1.481271313809375e-15
1.632608960595539e-15
1.857871201678994e-15
1.843368906415515e-15
2.06578724984343e-15
2.1902417406749706e-15
1.98624781967247e-15
2.0125382909867834e-15
1.9952789162247726e-15
Acceptance rate: 0.25293749999999954
1.2065577211205208e-15
1.2750450567010357e-15
1.3477071788976918e-15
1.357890334451396e-15
1.3857731946469708e-15
1.2998583013662608e-15
1.417676396142015e-15
1.6876692921031272e-15
1.6495854805308457e-15
1.4978506630715685e-15
1.3177571744148086e-15
1.2054099116210088e-15
1.109780459945301e-15
1.0465224412169328e-15
1.0880670206576916e-15
1.045987075253705e-15
8.99813870655312e-16
8.033187757361373e-16
8.660903670254777e-16
8.944083687045077e-16
8.320640222914526e-16
8.229986827305637e-16
8.585116040612424e-16
7.830181756578189e-16
6.997315547715509e-16
7.224343837032836e-16
5.954175060493236e-16
5.927183112237171e-16
6.015949143783903e-16
7.297522836058562e-16
7.032900255769869e-16
6.570523775443298e-16
6.500404584191383e-16
6.268729876305709e-16
6.268444532421214e-16
6.545767161273503e-16
7.279051039176103e-16
7.70675895421969e-16
7.449315341588319e-16
6.341225433938903e-16
6.498432542094699e-16
7.018569106325159e-16
6.504042122598777e-16
5.981282821689669e-16
5.599451283645705e-16
6.107077674750664e-16
5.977676441435603e-16
6.31071796553989e-16
6.890657784375367e-16
7.250135877037718e-16
7.350922872492545e-16
6.807475230516223e-16
6.307336343345543e-16
7.278586702709234e-16
7.100829908828601e-16
7.18531184627969e-16
6.972728054030468e-16
7.232537412626636e-16
6.945869790709865e-16
6.542989155277604e-16
6.195450126267424e-16
6.416829592506796e-16
6.231413227238061e-16
5.62062897666043e-16
6.030774628963051e-16
6.218282784954217e-16
6.127618700342656e-16
6.342587640598721e-16
6.40208976561199e-16
6.526868947798183e-16
7.043748233210281e-16
8.950175471880613e-16
8.605149868589449e-16
9.147804659435165e-16
8.581367613785276e-16
1.0362464104603724e-15
1.1126155279171654e-15
1.26202345698362e-15
1.3715957953776512e-15
1.4326397258250826e-15
1.3559308905517407e-15
1.4054325036758224e-15
1.379836699558143e-15
1.3787006542100493e-15
1.4589432412578143e-15
1.5045640663229874e-15
1.5702188963593362e-15
1.482901777042648e-15
1.4304677770133503e-15
1.3429008163375786e-15
1.4015032231568801e-15
1.545500584865852e-15
1.6542035774583149e-15
1.9438488769574866e-15
1.940992045556081e-15
1.9578492554934343e-15
2.1223267240697035e-15
2.4268658354845427e-15
2.4000516824347664e-15
2.2509920961539804e-15
Acceptance rate: 0.25177777777777693
1.3526583558804306e-15
1.4020196368988905e-15
1.5537461939559652e-15
1.6100300969019752e-15
1.7055065318564883e-15
1.5517094298475217e-15
1.5757439416418037e-15
1.415434974390644e-15
1.6024113101702992e-15
1.5482904296194871e-15
1.3714520241832052e-15
1.3380219220253304e-15
1.2846627393705818e-15
1.3384429264672473e-15
1.3406102740636377e-15
1.3148504673475915e-15
1.2975338177826054e-15
1.2452666108917396e-15
1.1416594325724435e-15
1.1861505908759599e-15
1.1595908233399048e-15
1.2241812936158793e-15
1.3352746756059113e-15
1.4209517350380661e-15
1.2575487043066257e-15
1.096770596199507e-15
1.1315045756995754e-15
1.1983134461848528e-15
1.3477965237319102e-15
1.4205840097644704e-15
1.2487977567055213e-15
1.2406366712238339e-15
1.1774959738637402e-15
1.4000170532998901e-15
1.2039174960180531e-15
1.145307845761373e-15
1.1453635626866761e-15
1.022824152256593e-15
1.0699429110099335e-15
9.320516863375741e-16
8.469820150252154e-16
8.748434970774132e-16
9.50607500703394e-16
9.304959532839826e-16
1.05773223477433e-15
1.134517673776529e-15
1.1911004596769211e-15
1.274967553085722e-15
1.2692139725350939e-15
1.4144433963126345e-15
1.3629870544628897e-15
1.438981044484446e-15
1.4565360376146417e-15
1.4859799144020065e-15
1.6751454286619653e-15
1.6644088739637949e-15
1.66358809740215e-15
1.5248462707862614e-15
1.6164464448488561e-15
1.470745909445553e-15
1.5426064377074462e-15
1.44544558626128e-15
1.4377633254042225e-15
1.3960658224237982e-15
1.4106421845143092e-15
1.6234747315912504e-15
1.606919401571019e-15
1.6172899781915728e-15
1.5308834345818758e-15
1.4705390383237887e-15
1.4108903542252566e-15
1.3945502149614824e-15
1.4632748021209276e-15
1.5102446708898947e-15
1.443925541844287e-15
1.5893678962972354e-15
1.4649806482213838e-15
1.4044887194175748e-15
1.4576578347037452e-15
1.4680833359328061e-15
1.4203617206166145e-15
1.7704483198461742e-15
1.7869921351235797e-15
1.93197197781106e-15
2.0775436472874335e-15
2.146158315234021e-15
2.1016927697800273e-15
2.387130531549662e-15
2.1630976644797202e-15
2.121866464845137e-15
1.93102743819069e-15
1.7975707463901267e-15
2.116377381810393e-15
2.06178288083096e-15
1.863834207431353e-15
1.8014096449861964e-15
2.0776626936104103e-15
2.028583517768607e-15
2.039508481015638e-15
1.895536958919458e-15
Acceptance rate: 0.2519499999999987
Sampling time (10 samples): 5572.7051 seconds
