/scratch/users/yanlan/TroubleShooting/SM_ETwd/Output/AM_PM_ET_181_272_00
5.154670130893488e-08
2.3846780896499322e-08
1.1383760549802182e-08
5.81461099310474e-09
3.1654393275911805e-09
1.7561983590260655e-09
9.631780948909806e-10
5.782469174685588e-10
3.8971369388279437e-10
2.3058676799835417e-10
1.367431078643653e-10
8.181335767467868e-11
4.87797204189484e-11
3.2405201477708975e-11
2.2542852034798925e-11
1.5400251075973117e-11
1.2997972026890635e-11
9.162964542080656e-12
7.1272814713248914e-12
5.301100971154414e-12
4.158539849760824e-12
3.1627604437877658e-12
2.3497707400107517e-12
1.7272206532352162e-12
1.322884208132752e-12
1.0091370866492377e-12
8.385393660426472e-13
6.474348829476983e-13
5.143812225157985e-13
4.013488548596685e-13
3.506223971677067e-13
3.091685260462395e-13
2.3706087726177236e-13
1.9744318779591459e-13
1.4221419820342544e-13
1.1440512712721324e-13
1.0470554340532137e-13
9.604879741790243e-14
7.510500759374389e-14
7.111687480885008e-14
5.895776235954918e-14
5.132734256241144e-14
4.728263027150684e-14
4.181454836383412e-14
3.897889649892442e-14
3.7142154477488296e-14
3.3683855025314807e-14
3.392524860852806e-14
3.04446945356481e-14
3.008835060594221e-14
2.6938538624844103e-14
2.499354155023667e-14
2.5400188444558848e-14
2.6539345210410866e-14
2.239763934813207e-14
1.8157514804927292e-14
1.7086694477140305e-14
1.603103438360568e-14
1.43296087641226e-14
1.3683626574803158e-14
1.4566037082313623e-14
1.4195551075624032e-14
1.378023785918506e-14
1.1548241861515034e-14
1.196422087665196e-14
1.041185205988841e-14
1.154158017653436e-14
9.763193201814792e-15
8.913240658509504e-15
9.052706002286777e-15
8.464256251281197e-15
7.697067936574214e-15
7.793190876031633e-15
7.882147482791146e-15
7.304053973134552e-15
7.030101622254691e-15
6.865448231033304e-15
6.628819905593991e-15
5.5901847598601724e-15
6.1148981464224885e-15
5.3906490836069674e-15
5.971764923980573e-15
6.420492211137194e-15
6.02787959916119e-15
5.7505643131155266e-15
5.7424443854053565e-15
5.818421687763885e-15
5.351573983788109e-15
5.076503953986693e-15
4.813604638394914e-15
4.5936338518538955e-15
4.754864299400194e-15
4.643107188466355e-15
3.9479496132139975e-15
3.846737005485456e-15
3.619471090082857e-15
3.3651309662178606e-15
3.5834831557956016e-15
3.559612795737242e-15
3.475944613021531e-15
Acceptance rate: 0.3039999999999999
1.7709423748159865e-15
1.789180773138423e-15
1.761311182339324e-15
1.600999864218737e-15
1.5638402390142476e-15
1.4154176019164165e-15
1.4696717012458876e-15
1.506302740679928e-15
1.3278882278676002e-15
1.3121361904378984e-15
1.1394839088864467e-15
1.0740062591853019e-15
9.60840291913372e-16
1.1074171053742284e-15
1.1449249417170516e-15
1.045000453120653e-15
1.0068308208026388e-15
1.1959867571927554e-15
1.3282226786182443e-15
1.2992915524921814e-15
1.1947664727809648e-15
1.204655420932179e-15
1.235649639378221e-15
1.3457084148783182e-15
1.3215537024422081e-15
1.2252095307468926e-15
1.3127034259283638e-15
1.1556698187211688e-15
1.2154404142916418e-15
1.1285300796130775e-15
1.133004075721448e-15
1.07921454043543e-15
9.860931026201645e-16
9.688449102727805e-16
8.68166235336244e-16
9.282669599062778e-16
8.944432348853117e-16
8.775856192468044e-16
8.711152303685339e-16
9.340056661178015e-16
8.611321850416665e-16
8.424730744878796e-16
8.72973534164825e-16
9.743646519541852e-16
8.611293650380522e-16
8.817975840866374e-16
8.511651136779229e-16
8.649249278534965e-16
8.856185384372906e-16
1.2320555469875035e-15
1.1881669298126663e-15
1.1169184523204617e-15
1.1713869065501251e-15
1.228726423744504e-15
1.2508473119530523e-15
1.1850684666790163e-15
1.1532407627311552e-15
1.0330817828666926e-15
9.884437866693956e-16
1.0090221094874477e-15
9.635605569971774e-16
9.01316128960684e-16
9.164655253380357e-16
8.976394641761113e-16
8.731578455485519e-16
8.960875764838375e-16
1.0289890000507924e-15
1.0281722900914738e-15
1.0608834490433606e-15
1.039070720535875e-15
1.1036626612203996e-15
1.1974794577078642e-15
1.4272509879182638e-15
1.2052763807818864e-15
1.2851864862314645e-15
1.377522927493685e-15
1.3300198831548434e-15
1.409393855574131e-15
1.3499857544805752e-15
1.494718852332928e-15
1.4812711093700813e-15
1.5785478926814626e-15
1.4080599349690627e-15
1.3813736255479214e-15
1.4491821381076728e-15
1.55462499901427e-15
1.6302948891469921e-15
1.7195790442812071e-15
1.7262169825074599e-15
1.5463169147315666e-15
1.3516750982763797e-15
1.265857631778882e-15
1.1968737787969475e-15
1.2467973703837636e-15
1.2520106428261728e-15
1.1228389953209572e-15
1.2210689520115296e-15
1.2770207097118171e-15
1.3209700400056712e-15
1.275421246337494e-15
Acceptance rate: 0.2882500000000007
7.081479130175545e-16
6.950486648692851e-16
6.58330868751866e-16
6.334294976083764e-16
5.765532699547317e-16
6.02377195487284e-16
6.207777722972658e-16
7.172967802087543e-16
8.053130837895305e-16
8.322768527140992e-16
9.102270330791944e-16
9.711178502236457e-16
9.65275446745739e-16
9.07849202583225e-16
1.0178116598229184e-15
1.2447974496900918e-15
1.2785307751030936e-15
1.219207081104154e-15
1.2646718429539772e-15
1.1819712593960555e-15
1.0770905400691058e-15
1.0676597967759147e-15
1.2165974215447793e-15
1.2896397066709378e-15
1.2453887265474334e-15
1.2774369580250929e-15
1.4450061607900362e-15
1.6001807815034744e-15
1.485048494574877e-15
1.5733399162996677e-15
1.6788503725344146e-15
1.8227705087471616e-15
2.0599243136450393e-15
2.4180558579983385e-15
2.6556879563048047e-15
2.6043266425031823e-15
2.480076183786214e-15
2.274658851203703e-15
2.216095241790037e-15
2.1708643668124485e-15
2.463794844009094e-15
2.450645163356325e-15
2.3817208534142407e-15
2.431462951223391e-15
2.37863407490326e-15
2.3525155255481643e-15
2.234406300347624e-15
2.2291294625580457e-15
2.2189897874635852e-15
2.4968941393255538e-15
2.5036561483368608e-15
2.492625420431089e-15
2.916624291643589e-15
3.296599088406756e-15
3.071337294858702e-15
2.911317697641937e-15
3.087230035611825e-15
3.2856647400617617e-15
3.0951478294952424e-15
2.9121625534158666e-15
2.8531152660623513e-15
2.743099040035311e-15
2.7727439908010605e-15
2.5509510182013833e-15
2.7184870004865606e-15
2.630608550464024e-15
2.5909656052341236e-15
2.736763585635159e-15
2.8526071049085246e-15
2.549475396216341e-15
2.555289722541317e-15
2.8589420769948307e-15
3.232852061513807e-15
3.5723816157843285e-15
3.3999317892436103e-15
3.473137499809517e-15
3.397384008614052e-15
4.230531019248644e-15
4.122292456058793e-15
3.8800584868704504e-15
3.9823953511019656e-15
3.80307541497453e-15
4.0177419724315645e-15
3.9808058907759055e-15
4.079383881072134e-15
4.014978183807163e-15
4.074559681652682e-15
4.027430930055861e-15
4.1322501304809196e-15
3.67457262216774e-15
3.4089638085647494e-15
3.4349769601107807e-15
3.594341884014078e-15
3.623566270444604e-15
4.011848847226038e-15
3.683309043157692e-15
3.724364122813443e-15
4.303894568902479e-15
4.1774402335842955e-15
4.1977887005497266e-15
Acceptance rate: 0.2773333333333335
2.357102430370144e-15
2.4206522754480426e-15
2.7579843908827092e-15
2.6505561533435744e-15
2.5696509111337956e-15
2.4506785649326633e-15
2.326430995236258e-15
2.462698986623024e-15
2.5437651869474333e-15
2.623127668537064e-15
2.80004957426668e-15
2.6695978629640374e-15
2.5920422138796627e-15
2.7537507773987707e-15
2.437936916773572e-15
2.2672670590937696e-15
2.28388888345155e-15
2.5001344317217787e-15
2.8621772066708303e-15
3.19871764978007e-15
3.0028993545002855e-15
3.0911994012637547e-15
3.377942183109606e-15
3.289446430450465e-15
3.1420858023431434e-15
3.196547246497493e-15
2.912642784561529e-15
2.9293281038668677e-15
2.979602301853095e-15
2.6591786840433608e-15
2.8813484492498896e-15
2.7897259640472387e-15
2.879565022746927e-15
2.78413326352647e-15
3.0239867516343347e-15
2.8918693028633603e-15
2.7816860257158956e-15
2.822102167230837e-15
2.8231369679879922e-15
2.8616188301026154e-15
2.787999777329233e-15
2.9724690495276898e-15
3.1418631745137567e-15
2.7855239907723035e-15
2.6979372124992947e-15
2.4936794895495226e-15
2.425958364891091e-15
2.196170073323194e-15
1.93539452788275e-15
2.0550916232288007e-15
2.3881367635730737e-15
2.507969237451895e-15
2.4179942974524787e-15
2.303984186929677e-15
2.264037161303575e-15
2.11779519126979e-15
2.319885588295687e-15
2.0823862840064488e-15
1.908194632830048e-15
1.8637875686546414e-15
2.0065996017525397e-15
2.0435287867336837e-15
2.1333622670675958e-15
1.975019015630468e-15
2.018314127101911e-15
1.9984651361716415e-15
1.9997627769216887e-15
1.7839169483085017e-15
1.885706673335293e-15
1.8127157604833145e-15
1.8392565929819574e-15
1.8332487265251724e-15
1.6969409957600905e-15
1.9474130219039987e-15
2.129134096060897e-15
1.948205815070338e-15
2.2497764774628043e-15
2.161614477459176e-15
2.224047135125989e-15
2.223052748280233e-15
2.7771327256003446e-15
2.59755472107069e-15
2.4090433907406224e-15
2.4367172048183853e-15
2.5801300445756263e-15
2.590789907840771e-15
2.407197827154697e-15
2.3002803823072445e-15
2.6966536238596447e-15
2.7684491027954825e-15
2.4804275811690926e-15
2.4702165657072946e-15
2.696085101740363e-15
2.9746542543273773e-15
3.103709064602357e-15
2.5793062626139805e-15
2.3508309379704177e-15
2.494085628691964e-15
2.690986677284113e-15
2.9553135086503245e-15
Acceptance rate: 0.27899999999999975
1.6904197819184466e-15
1.7073685784634698e-15
1.7305795395186916e-15
1.7553508675020533e-15
1.690684478676409e-15
1.5561507137206675e-15
1.5209654278318095e-15
1.6100712193488096e-15
1.920620446971908e-15
1.97837940269395e-15
2.0905319725757556e-15
2.11575765844563e-15
2.0499265357745115e-15
2.090556496322697e-15
2.263509248945895e-15
2.1379360746150533e-15
2.185782168008555e-15
2.2542991022864287e-15
2.251656847145533e-15
2.069945549406073e-15
2.322260916019384e-15
2.472810227305509e-15
2.2260817675733323e-15
2.3215060642015758e-15
2.345510319878795e-15
2.2448929841031665e-15
2.0803123038977886e-15
1.8316662121640103e-15
1.7002122518909336e-15
1.7631043528104097e-15
1.7739145648552738e-15
1.6848569821190678e-15
1.6292240208944264e-15
1.52982144300718e-15
1.7701345955567222e-15
1.6882163179359529e-15
1.6839044355584415e-15
1.8301868666939246e-15
1.6725884582418571e-15
1.5419544399995097e-15
1.409550659620976e-15
1.3450972109827955e-15
1.3334422150185201e-15
1.3812551285406051e-15
1.3416442965149538e-15
1.3826047067175158e-15
1.4561455313040512e-15
1.5879420229336265e-15
1.7976430504254003e-15
1.9140197184427802e-15
1.817845725472765e-15
1.8302763688341725e-15
2.3838248679172594e-15
2.20716160685566e-15
2.487512397069043e-15
2.5397814573382916e-15
2.6171454226299033e-15
2.6127986561547973e-15
2.7705467390876104e-15
2.541195192814695e-15
2.7367125620406694e-15
2.9717313241945123e-15
2.6904408943828274e-15
2.6008469472367534e-15
2.5530137805819066e-15
2.4438239402826236e-15
2.5957695628543824e-15
3.004788403178629e-15
3.2100410827152953e-15
3.2947082326294944e-15
3.61157062793017e-15
3.32177696387098e-15
3.471076004404139e-15
3.3872569748720786e-15
3.871687901164521e-15
4.093770901651782e-15
4.269150641604105e-15
4.3524711805744604e-15
4.102482133573039e-15
3.87031537096354e-15
3.870999052898076e-15
3.4989920199908907e-15
3.5469781114451567e-15
3.4766882790641838e-15
3.556829047001618e-15
3.3529411072761854e-15
3.517215439064139e-15
3.384082863618824e-15
3.510254937448242e-15
3.825138813584306e-15
3.806493666593591e-15
4.162321869889668e-15
3.717325424099615e-15
3.8780410543421066e-15
4.07369378313598e-15
5.183744747120656e-15
4.707458118951062e-15
4.398219944599777e-15
4.5202575764986585e-15
4.777780518092878e-15
Acceptance rate: 0.27719999999999906
2.7955806922604528e-15
2.6874709502343462e-15
2.7015867990158483e-15
3.0838667202058173e-15
3.2392687274108225e-15
3.055426189989763e-15
3.0935833032753034e-15
2.960802969420048e-15
2.9099747865871993e-15
2.5436496270710047e-15
2.555168164269645e-15
3.182653068060932e-15
3.122148341432959e-15
3.3604305036506727e-15
3.313481194619048e-15
3.588364487602319e-15
3.728905779828954e-15
3.549126426102125e-15
3.3629869643297617e-15
3.7641248269248325e-15
4.236722639053056e-15
4.056935339114073e-15
4.066409208099063e-15
3.926639756907056e-15
3.928246237284851e-15
4.185272749868092e-15
4.5285129495555204e-15
4.521840056861524e-15
4.6102638180667924e-15
4.750630056458127e-15
4.001360015087828e-15
4.5849236506598274e-15
4.0277802579961064e-15
4.080812274509755e-15
4.300989329118964e-15
4.363335338066521e-15
3.739982407536408e-15
3.414218855591638e-15
3.297369467683139e-15
2.9314886472314367e-15
2.7124596351035853e-15
2.889928736770769e-15
2.8708410223791253e-15
2.9131178723929858e-15
2.8057338082548433e-15
3.112576141012951e-15
2.879169365785253e-15
2.7864924464899902e-15
2.531163368901467e-15
2.655760784305042e-15
2.40685835466183e-15
2.4700705110334076e-15
2.4791236338673737e-15
2.5904828173818382e-15
2.658444382119546e-15
2.765519271864026e-15
3.0575199004352876e-15
2.8610888164150113e-15
2.816717378132381e-15
3.115048790811233e-15
2.958991330358826e-15
2.913021203866792e-15
3.1200189579516248e-15
3.0214167183279118e-15
2.831726671652499e-15
2.7013200397593137e-15
2.7366646394003834e-15
2.8619252509604614e-15
2.9518884173012566e-15
2.646367042022428e-15
2.642642019735218e-15
2.524506412801157e-15
2.4285570692399332e-15
2.5951595291738578e-15
2.6267233655637303e-15
2.6026020784132053e-15
2.815578404265903e-15
3.0314146078263948e-15
3.0720524867458583e-15
3.315960165185701e-15
3.581910929083025e-15
3.5240107320020727e-15
3.6926817267897696e-15
3.591128259289991e-15
3.4929789805492716e-15
3.0494472845839342e-15
2.9501394077737986e-15
2.9126867980181134e-15
2.867556161224226e-15
2.7813838913847336e-15
2.7060424016543183e-15
2.825793207641612e-15
2.751522389751827e-15
3.239397213083349e-15
2.9770003217078117e-15
3.0546674209086037e-15
2.86119522016386e-15
2.5196614251724436e-15
2.701529051845418e-15
3.013324452086545e-15
Acceptance rate: 0.2758333333333332
1.7774545012237032e-15
1.7763397626344941e-15
1.6975813177960968e-15
1.7846126359667584e-15
1.81981061813702e-15
1.771302396595222e-15
1.7152203636788663e-15
1.6269329286483285e-15
1.7890172220437352e-15
1.7533500665499164e-15
1.9790519057876908e-15
2.066513574191029e-15
2.4922453620199074e-15
2.4935216876934394e-15
3.026287880410509e-15
3.302000463949709e-15
2.9733403774680715e-15
3.184128287645076e-15
2.966334976253093e-15
2.7631327820491095e-15
2.5625244086643876e-15
2.3666899911665196e-15
2.2916776213059386e-15
2.323488695148542e-15
2.5235113354410975e-15
2.6160618647034216e-15
2.4926058744871738e-15
2.317879834148784e-15
2.3279422709121197e-15
2.382973062023759e-15
2.3470818544749053e-15
2.2137421792941805e-15
2.1476249897497456e-15
2.0772297300820306e-15
2.2003355255169616e-15
2.0921747374751073e-15
2.0327183661263915e-15
2.135894033616706e-15
1.8941089428406105e-15
2.1980169119746395e-15
2.1828125600927188e-15
2.111460348894332e-15
1.876683348345113e-15
1.8154498333407443e-15
1.9118505116394155e-15
1.9488463183169124e-15
1.8568651596673703e-15
1.846122817544427e-15
1.905330425930069e-15
1.8533286675380423e-15
1.68181768131671e-15
1.4856168198688016e-15
1.6204654115405133e-15
1.653622957098219e-15
1.5974054928234033e-15
1.6693729431667107e-15
1.7934931374778848e-15
1.7914322523059524e-15
1.829001180264299e-15
1.599815116644193e-15
1.6088377785769006e-15
1.6624454467211009e-15
1.917908216668384e-15
2.1072195566512685e-15
2.0291637649472786e-15
1.9408969001195383e-15
1.8540898391969563e-15
1.977867817566514e-15
2.02071076026779e-15
1.9288165122696785e-15
1.886798491863372e-15
1.8065741636814866e-15
1.782935206908607e-15
1.7801762834138294e-15
1.6025434208662373e-15
1.8076984649035295e-15
1.9364675881992622e-15
2.0558813685350557e-15
2.093265204249303e-15
2.0788500358067888e-15
1.8957829386146416e-15
1.9167750597437232e-15
1.998090397666812e-15
2.2428352150188416e-15
2.386201048477101e-15
2.2363256215741398e-15
2.146238068897792e-15
2.047179460049034e-15
2.3663980918811914e-15
2.4793138850480303e-15
2.4197406153169387e-15
2.2980550943976126e-15
2.4818452490041956e-15
2.2047568028301333e-15
2.232910904396007e-15
2.5138347733221765e-15
2.4589594346209193e-15
2.2870912285701427e-15
2.350362135743997e-15
2.253489882707956e-15
Acceptance rate: 0.27521428571428463
1.315832062117435e-15
1.4031219840497642e-15
1.3873426356280904e-15
1.3662075267622222e-15
1.3836314810133337e-15
1.4640787775054652e-15
1.4454196994196772e-15
1.472382753962516e-15
1.5477242756205048e-15
1.5880371452805114e-15
1.6783448611715629e-15
1.6649354242628665e-15
1.903449472652466e-15
1.8017018085722065e-15
1.7274945728584382e-15
1.887269072108731e-15
1.8995945571137896e-15
2.08975050485907e-15
2.0450066562075235e-15
2.067486779045189e-15
1.9811004902230876e-15
1.8979521332711494e-15
2.016288737193754e-15
1.905202975493721e-15
2.2027045589601634e-15
2.3840485558013237e-15
2.2692665492669046e-15
2.2616861733304155e-15
2.305830369943825e-15
2.0590134860803893e-15
2.0937837546336372e-15
1.9549280319845843e-15
2.011356915554008e-15
2.048239634812008e-15
2.2852276825703272e-15
2.177384343146215e-15
2.0474688484962248e-15
2.1442435791865795e-15
2.098959309120705e-15
2.2018629816306643e-15
2.4397348192505098e-15
2.409560201898477e-15
2.1724967720994037e-15
2.300112095311705e-15
2.7052992227086822e-15
2.9606259491171137e-15
2.578446428600937e-15
3.022246619800941e-15
3.3313293752156704e-15
2.9062146674161527e-15
2.9522375259775656e-15
2.685033404955507e-15
2.7810611170227053e-15
3.4346725424126283e-15
3.0592329450846358e-15
3.2341155911115604e-15
2.8693416577747992e-15
3.3534753049303872e-15
3.1208893119030065e-15
3.1473999525699225e-15
3.0575379276545212e-15
3.1999698646286234e-15
3.160401789308925e-15
2.782500745582256e-15
2.480042694237604e-15
2.379629414369066e-15
2.6045928077979235e-15
2.620925267188241e-15
2.5325758605845473e-15
2.4593132481823346e-15
2.9887137950387135e-15
2.9946136133061714e-15
2.794344961827547e-15
2.8388846485421346e-15
2.585027360743945e-15
2.806944444391849e-15
2.6555350626098274e-15
2.4779486765776885e-15
2.48477185146957e-15
2.381170090521902e-15
2.2639274111959768e-15
2.7633797835829715e-15
2.8870719547256174e-15
2.87585434642473e-15
2.650060953748638e-15
2.4306750954546718e-15
2.692030254354117e-15
2.587425645937417e-15
2.7542371752733506e-15
2.6066884863403725e-15
2.4315534647333453e-15
2.336679143535224e-15
2.3481858056907187e-15
2.537076241112574e-15
3.083369432730904e-15
3.047763808343129e-15
2.7811928311482427e-15
2.660606472289746e-15
2.6237978061195847e-15
2.5962821672722113e-15
Acceptance rate: 0.27549999999999886
1.5758965930994665e-15
1.5200949560275153e-15
1.6438073776372903e-15
1.6690730688251585e-15
1.7078777616530437e-15
1.6466618999365715e-15
1.5557576558509988e-15
1.3934941911411158e-15
1.4260491673033592e-15
1.5060038089144453e-15
1.719471243928298e-15
1.9926064671523937e-15
2.2092942849157635e-15
2.2499561662866963e-15
2.2784625277361888e-15
2.3396095244518184e-15
2.477064359988762e-15
2.494344838642578e-15
2.9410755881201575e-15
3.076351861982378e-15
3.0064627893187214e-15
3.2535391841853155e-15
3.584922416598705e-15
3.3446016393915185e-15
3.3485268663961964e-15
3.332083020034828e-15
3.4096550590835045e-15
3.6777787574839784e-15
3.7884787477549135e-15
3.708688811459441e-15
3.694728670541969e-15
3.896556303041486e-15
4.262308628257156e-15
4.063977862431665e-15
3.842162184849773e-15
3.94718138728662e-15
3.914736288370367e-15
4.855325863876026e-15
5.085787824600617e-15
5.129111732790205e-15
5.547289086947474e-15
5.561057806423612e-15
5.271541644611105e-15
4.728607780250299e-15
4.80639596630246e-15
4.981535696885297e-15
4.687520757020682e-15
4.574342919200664e-15
4.635532657862965e-15
4.582232736851657e-15
4.3890618925586254e-15
4.516468002272679e-15
4.088719081071607e-15
4.042464247445803e-15
4.078399210834986e-15
4.004110457457047e-15
4.169866073214699e-15
4.053522662805453e-15
4.230586615158766e-15
4.556532793761302e-15
4.613630510037443e-15
4.103180069872825e-15
4.0928122685019554e-15
4.055052760153784e-15
3.9155404778216604e-15
3.6471127901804824e-15
3.498202823553571e-15
3.156776651867659e-15
3.1419848932630945e-15
3.2393741733748784e-15
3.723323682429577e-15
3.5777651224464855e-15
3.294347380853009e-15
3.1570666909613422e-15
3.2169203022594347e-15
3.0922205542154584e-15
3.731538785320944e-15
3.335324906110843e-15
3.648594166511108e-15
3.839051568029424e-15
4.224717558983901e-15
4.829444263171716e-15
5.294567186681686e-15
5.457439666988124e-15
5.41261188342945e-15
5.0415422790014495e-15
5.524530047913692e-15
5.630967044213384e-15
5.83549202102533e-15
5.612912139501648e-15
5.138325664964972e-15
5.040625183722812e-15
4.782848314194194e-15
4.664100735808265e-15
4.635527476966568e-15
4.7857820191141745e-15
4.606728665763337e-15
4.641820349562246e-15
4.6669774137455175e-15
5.1757636777974606e-15
Acceptance rate: 0.2761111111111108
3.10383667556659e-15
3.2481723103939635e-15
3.281776306700282e-15
3.4849370971411155e-15
3.2515109243227523e-15
3.210654147052224e-15
3.147146848688017e-15
3.1482781644181112e-15
3.014278514398069e-15
2.9914943384064004e-15
2.9852568711684636e-15
2.9108889128790655e-15
3.0965775952352245e-15
3.2007686354452875e-15
3.498487516033962e-15
3.4271703638884e-15
3.3225503939983232e-15
3.3570264140656324e-15
2.845791258397338e-15
2.9056765416034637e-15
2.8170276453704984e-15
2.553295956544923e-15
2.5045631098875456e-15
2.36549155562007e-15
2.3079699079325974e-15
2.466354130196217e-15
2.6638038498636025e-15
2.6029005466876978e-15
2.573400874717804e-15
2.555251715233974e-15
2.7769749424172656e-15
2.992499168331148e-15
2.8115232143528376e-15
2.788556584487119e-15
2.855504477345901e-15
2.8094490920796453e-15
2.8391049999516304e-15
2.8306946257905453e-15
2.7969167354289146e-15
2.6311968917413927e-15
2.904840122881022e-15
3.000718679511932e-15
2.770837636524821e-15
2.9775997436323662e-15
3.3201236111123914e-15
3.512643692995591e-15
4.27969564059331e-15
4.144322007918669e-15
3.702009839117245e-15
3.585146857408782e-15
3.67627502313351e-15
3.852960571066721e-15
4.244844644474218e-15
4.209027547903007e-15
4.34091982388104e-15
4.076615325047158e-15
4.793031011657206e-15
5.521316010635155e-15
5.100232867828241e-15
5.5120363032363044e-15
5.238131836675311e-15
5.4060436107575415e-15
5.201684092429666e-15
5.2866814313756455e-15
5.176127887280228e-15
5.1003939002917524e-15
5.41878445015541e-15
5.435065000404115e-15
5.032278107144889e-15
5.098598749022924e-15
4.955120290591992e-15
4.6174507691988415e-15
4.602648840337056e-15
4.738441863268018e-15
4.601545480807775e-15
4.737177935331558e-15
4.235198982254241e-15
3.9989964488844e-15
4.5422415275833396e-15
5.024532731303798e-15
5.597048750332793e-15
5.3452339088023715e-15
5.561966778932687e-15
5.314605080154533e-15
4.9513531613391345e-15
6.418187372651905e-15
5.926905170126238e-15
5.757920871979442e-15
5.5531369118704175e-15
5.855344373714284e-15
5.503611725838857e-15
5.238939435005927e-15
4.669702501294146e-15
4.575876014347715e-15
4.8134242064573346e-15
4.70835779353547e-15
4.618176230157878e-15
4.543694272584767e-15
4.824461659213452e-15
4.2627246839687725e-15
Acceptance rate: 0.27534999999999976
Sampling time (10 samples): 5439.7436 seconds
