/scratch/users/yanlan/TroubleShooting/SM_ETwd/Output/AM_PM_ET_211_296_00
5.040541955792402e-08
2.2018072882506517e-08
1.1454779632260896e-08
6.02278148075755e-09
3.2326542117169944e-09
1.6233803655907254e-09
8.953418968957705e-10
5.869185074171735e-10
3.494294411896463e-10
2.3172518452566503e-10
1.6775903546400396e-10
1.0938373540039749e-10
6.554091480254067e-11
4.305082684604205e-11
3.00959995863544e-11
2.0443744863525283e-11
1.4234911578258875e-11
1.086134554932005e-11
8.962269607067412e-12
6.937963231495105e-12
4.92089365652515e-12
3.825262592727807e-12
2.7454326414700035e-12
2.207860176668103e-12
1.5470615719738213e-12
1.1969926232322296e-12
9.102932624737061e-13
7.143444156532138e-13
4.970692385512527e-13
4.08665073542749e-13
2.832232185749363e-13
2.5952588152063887e-13
2.3093616935677205e-13
1.9621482079776947e-13
1.503386099469999e-13
1.2322111259336906e-13
1.1560631876813486e-13
1.0047535953319237e-13
1.021317972243113e-13
9.049946365991717e-14
8.306336805099109e-14
6.978997192660898e-14
6.439496705874226e-14
5.282738593577936e-14
4.937049844362129e-14
4.156460723149543e-14
3.8655217563900165e-14
3.3519293212418715e-14
2.800728110899563e-14
2.05211873261988e-14
1.9034758925265006e-14
1.71344253857233e-14
1.6222296065616395e-14
1.55841274324272e-14
1.2732224568964759e-14
1.1733652737644797e-14
1.0757540403311263e-14
9.458048743041983e-15
9.896427255384706e-15
8.49196306040186e-15
7.723917574374918e-15
7.06893810894089e-15
7.043029074999499e-15
6.319998610655437e-15
6.019168762852122e-15
5.8568822489361e-15
5.096948963828601e-15
5.0640046611010765e-15
4.7519251193217074e-15
4.4858024468313785e-15
3.954357199598364e-15
3.472660429729801e-15
3.3446490092925e-15
2.9401258645289623e-15
3.0743241964622873e-15
2.8534939307987235e-15
2.5405289376002675e-15
2.6224468646281834e-15
2.1224296273332823e-15
1.725059365713586e-15
1.642586621200853e-15
1.460085103565146e-15
1.289510844269996e-15
1.507961838254083e-15
1.443251920315096e-15
1.3384018189257478e-15
1.253878290954537e-15
1.4556232789303454e-15
1.5008284423801693e-15
1.484003648505595e-15
1.460146114505624e-15
1.3792935282308125e-15
1.5074052985742404e-15
1.3603080193914046e-15
1.4438680033644875e-15
1.6110561672642257e-15
1.6868849378608755e-15
1.760576933633818e-15
1.8108910241578795e-15
1.9643398861226945e-15
Acceptance rate: 0.2904999999999994
1.033545611301699e-15
9.766809301992775e-16
9.179480460319782e-16
9.36865305156844e-16
8.687013147357486e-16
9.318348295882131e-16
8.900107495879497e-16
8.308301893258742e-16
7.894666590308078e-16
9.404155399094623e-16
8.598892566313818e-16
7.9213271652895e-16
9.733799021518004e-16
1.0247437590372277e-15
1.1044950693591574e-15
1.3950122751473572e-15
1.3064828858761227e-15
1.2163727198980157e-15
1.192813451450979e-15
1.333419394989637e-15
1.2448331004818492e-15
1.2812587438111303e-15
1.1916373971153377e-15
1.1628911754557619e-15
1.0341999007510241e-15
9.405090563724274e-16
1.0348700529133467e-15
1.0424519803411851e-15
1.0582988809431872e-15
9.941038183168442e-16
8.904726343435744e-16
8.21438528237567e-16
8.055004274264521e-16
7.344303812868544e-16
6.920483208408702e-16
6.830787549249421e-16
7.786425974930797e-16
7.540274711612415e-16
8.103166536628192e-16
8.215173360048314e-16
8.119324535160891e-16
9.586481095291079e-16
1.0075964214381048e-15
9.776140738118183e-16
9.167409179934885e-16
9.22621630878994e-16
8.5053541505968e-16
7.674685431102398e-16
7.040264330220509e-16
6.970719957085812e-16
7.796751734357258e-16
8.3328081497367685e-16
7.358569347071406e-16
6.991143123222613e-16
7.005263166182311e-16
7.077893366725555e-16
9.426286752394474e-16
9.75576946173121e-16
8.947590963967902e-16
9.09767405775319e-16
8.537198040115425e-16
8.228643949067277e-16
9.437550326944383e-16
7.863978627651566e-16
8.065951803069487e-16
8.971440130412738e-16
8.503815841866614e-16
7.420406196640044e-16
7.160688686366941e-16
7.64533994154983e-16
7.378940560993143e-16
6.299494190393556e-16
5.928101822691492e-16
6.183596459471015e-16
6.415670823707305e-16
6.256563978126898e-16
6.78700626147087e-16
6.194657337451289e-16
7.025192197043347e-16
7.359487848561254e-16
7.745193014112704e-16
6.323625796568061e-16
6.686999921214502e-16
7.720783942214562e-16
6.898838754000502e-16
6.797877431276936e-16
6.518230338188685e-16
7.0790990594505e-16
7.493481421890412e-16
7.813745245837148e-16
7.315080588788525e-16
8.962333794030164e-16
8.613462218231932e-16
8.289649928062048e-16
8.041038007017042e-16
7.892755410783062e-16
7.208245241404078e-16
6.65190126310687e-16
6.406993405625993e-16
6.829834436176875e-16
Acceptance rate: 0.2847499999999995
3.813985729227398e-16
4.767324620878766e-16
4.0881888853462713e-16
4.2157944528443873e-16
4.781797707216286e-16
4.655137312923239e-16
4.281205275701607e-16
5.206393853162185e-16
4.924397597162006e-16
4.919259602069504e-16
5.297498890777667e-16
5.189404439918354e-16
5.807830622525435e-16
6.052466877672316e-16
6.592792091497622e-16
5.563683007073275e-16
5.663623685871255e-16
5.455403758979899e-16
5.801892555931189e-16
5.389355628209829e-16
5.46057457982622e-16
5.719969264473471e-16
5.439349720849716e-16
5.543742910059038e-16
5.967758873733244e-16
6.373315078676199e-16
6.577897380927629e-16
6.833463318300483e-16
5.87183299727809e-16
5.944472327431515e-16
5.863901970365019e-16
6.241059189804734e-16
5.444970550466719e-16
5.265506535736492e-16
4.93979561417036e-16
5.297944185240558e-16
4.795628067211119e-16
4.860210459683952e-16
5.135148417390294e-16
5.331635747149282e-16
5.287136835590908e-16
5.02909073881208e-16
5.382242587478486e-16
5.50954250331254e-16
5.644253105878124e-16
4.944241438478214e-16
4.357472086103051e-16
4.164384383284371e-16
4.941559765237972e-16
5.149693367678184e-16
5.997586169171585e-16
5.65872836392455e-16
5.736245861302933e-16
5.806463741992904e-16
5.829253919889428e-16
5.856693046896957e-16
5.469549704357481e-16
6.718870627509637e-16
5.95920377128263e-16
5.20798653433319e-16
4.373047471827519e-16
4.391946596306817e-16
4.613739901764325e-16
4.4016291379991587e-16
4.195091593095312e-16
4.499954526810443e-16
5.057595957593163e-16
4.941875424751359e-16
5.329208133953887e-16
5.598975622921518e-16
6.049373522256993e-16
5.781788842015251e-16
5.589435031927487e-16
5.200766456943658e-16
5.507017465674613e-16
6.772063069997114e-16
6.223318176571642e-16
5.406378070876801e-16
5.21106495668603e-16
5.825991972562225e-16
5.480976350026423e-16
5.481614933519696e-16
5.776454629793265e-16
5.924153206204377e-16
5.56994181980874e-16
5.038846446420551e-16
4.982939563321659e-16
4.973364963327351e-16
5.31467336261236e-16
5.101849848701108e-16
5.142534621116061e-16
5.177756087348573e-16
4.57006835509657e-16
4.660713021167411e-16
6.660307434051215e-16
6.828217687066972e-16
6.189110047333235e-16
6.591585185318652e-16
7.554398586326808e-16
7.376417147406707e-16
Acceptance rate: 0.29316666666666563
4.2864925547501867e-16
4.2368945756281067e-16
4.203577825751644e-16
4.3768097152387837e-16
4.69933645529011e-16
4.51428329697931e-16
4.413636824815353e-16
3.795646001560534e-16
3.3835760946306673e-16
3.7770952354666446e-16
3.9564998359835424e-16
3.7229865931730207e-16
3.4324467471723865e-16
4.0608103055578825e-16
3.960670851715868e-16
3.880605913057157e-16
4.1610001267697773e-16
4.545837864649584e-16
4.828648218494832e-16
5.927707391489913e-16
5.967836076772513e-16
7.161473918022214e-16
6.753094446134973e-16
6.35410509735029e-16
6.479802648833413e-16
6.027026451211026e-16
5.556328321973934e-16
5.452392495371076e-16
5.086290120035668e-16
5.894204283159394e-16
5.041150319631951e-16
4.93246772467187e-16
5.421561369397892e-16
6.192050664024217e-16
6.005937561297375e-16
6.660782210711543e-16
5.988001473460698e-16
6.932587562285495e-16
6.171302698626493e-16
7.110122424595848e-16
6.682305003280549e-16
6.381570823987241e-16
6.236531752679222e-16
6.20043915528707e-16
5.995988238788904e-16
6.081258371044248e-16
7.391253409778987e-16
7.71177239253422e-16
8.166180357739278e-16
8.209964264011538e-16
8.735611934506091e-16
7.486872241171163e-16
7.394078638431515e-16
7.320493636940641e-16
8.051681737064862e-16
7.705560744221414e-16
8.340214876725621e-16
8.73531486678415e-16
7.929259385105796e-16
8.011021269924069e-16
7.114729870006406e-16
7.184177078138128e-16
6.984136074268311e-16
7.70520036429513e-16
7.543326741471014e-16
8.199087700662362e-16
7.660740592457079e-16
6.885735360552945e-16
6.432698496973873e-16
6.715498806689842e-16
6.443336847616132e-16
6.983756985565899e-16
6.420183871753276e-16
5.920329519048793e-16
5.875167858550402e-16
7.457108865786515e-16
6.891498558994681e-16
6.532041115293021e-16
6.129388088226112e-16
6.846777971163165e-16
6.747081830672611e-16
6.944984119825053e-16
6.879703532562696e-16
6.460152171725176e-16
6.819377189323593e-16
6.371574172583878e-16
7.124290209121422e-16
8.005815406049521e-16
8.688912967432689e-16
9.26108525964376e-16
9.637163376465152e-16
1.017519093859404e-15
1.0632209967234974e-15
1.0670937354814837e-15
1.0186976177667091e-15
9.112383839989182e-16
8.485774985401631e-16
1.1155670257272866e-15
1.1571742761607982e-15
1.2119276795591626e-15
Acceptance rate: 0.2822499999999989
7.015393559692571e-16
6.45969287458586e-16
7.591104316506575e-16
7.927694769926283e-16
8.62844108941226e-16
1.0080649490543009e-15
1.1452659655122026e-15
1.0566617702706353e-15
1.0369522810410783e-15
1.0115115017536527e-15
9.452721723869553e-16
9.602289305831012e-16
9.650705853125674e-16
1.0356968067789934e-15
8.826451575227937e-16
8.942450781006689e-16
7.840086087697031e-16
7.916688328557534e-16
7.425428736993218e-16
7.920258826576745e-16
8.296066727616843e-16
8.7642197106735325e-16
9.1821215316634e-16
8.931229100238128e-16
8.94323870326649e-16
8.531221111151914e-16
8.3470841935282995e-16
8.679858113058605e-16
8.337964161678556e-16
7.580649130492134e-16
7.867887641282777e-16
8.572590157258043e-16
8.949323939193928e-16
8.366849971068692e-16
9.602955812277485e-16
1.0476408980788315e-15
1.068786820076159e-15
9.016567031013662e-16
9.279770270632796e-16
9.44248874719784e-16
8.356328443849964e-16
7.753560716856348e-16
7.131817115815227e-16
7.875398567339201e-16
8.539048999427479e-16
8.118494466446608e-16
7.352472596843858e-16
8.183067600841585e-16
8.466134058334484e-16
8.197486321650496e-16
1.0362198344841356e-15
1.0211675514350757e-15
1.0801568667832486e-15
9.53933008050173e-16
8.764065193762728e-16
9.371862944942844e-16
9.05699952581154e-16
8.793144852170737e-16
8.75634154237697e-16
9.343182820265887e-16
9.91353703774775e-16
9.813301459281717e-16
1.0107260095300248e-15
9.415602602395499e-16
9.417529348538566e-16
9.640897671573814e-16
8.67574711240078e-16
9.092855453873515e-16
1.2203254989659744e-15
1.170042297516013e-15
1.2562266624181315e-15
1.3009524120101585e-15
1.2809405695072778e-15
1.210073745216126e-15
1.2264212600645459e-15
1.3518860242066097e-15
1.3844794737289763e-15
1.3605706251733248e-15
1.2208414049981273e-15
1.2784583460774692e-15
1.364175516632195e-15
1.3237634761151756e-15
1.1223466577886113e-15
9.853382119466086e-16
8.48054091436449e-16
7.941312355420712e-16
9.03181826060238e-16
9.804433045991847e-16
8.723997147568133e-16
8.954386570807406e-16
9.856995351067438e-16
9.024472919423905e-16
9.604764795626049e-16
9.361076080558826e-16
9.92732023923658e-16
1.0955023354188916e-15
1.1090817124055942e-15
9.66486442758412e-16
9.309219482791027e-16
1.0758058332146914e-15
Acceptance rate: 0.2746999999999998
6.25006536360587e-16
7.883552041373092e-16
9.208414267576576e-16
9.00046699935257e-16
9.27265725474073e-16
9.643323704101022e-16
1.0597209676884427e-15
1.026282705079984e-15
9.828117107166598e-16
9.863825079466773e-16
8.993041971443264e-16
9.700153944747296e-16
9.605914061130427e-16
9.172973039910008e-16
1.1281170135764469e-15
1.0455413985508282e-15
1.1343244491563307e-15
1.0360678490714388e-15
1.084459276209405e-15
1.0939018839695283e-15
1.0315841036431872e-15
8.989705374331894e-16
1.0435884269448884e-15
1.0129623689679123e-15
9.043440877304713e-16
7.705770117983822e-16
7.491621225821631e-16
7.37773588865337e-16
7.365464232547477e-16
7.298743952755265e-16
8.395804276092062e-16
8.464538333330677e-16
8.570015791213985e-16
7.853866626756042e-16
7.7715321169069185e-16
7.282824003382245e-16
7.337509956830635e-16
6.84249999279319e-16
6.933087948690123e-16
6.332764621219041e-16
5.865310032978162e-16
5.822995329171807e-16
5.970043457694769e-16
6.297079151651131e-16
5.839605532504616e-16
5.169568938422912e-16
5.710904031933173e-16
5.547405106762852e-16
5.051120496306596e-16
5.434922645658535e-16
5.15228333310764e-16
5.182379706341744e-16
4.595192010107058e-16
4.662267723305282e-16
4.619092512954364e-16
5.382009926679729e-16
5.368996152823749e-16
5.087275189347756e-16
4.963379737029071e-16
6.785082317970103e-16
6.736618643223887e-16
6.241888563693181e-16
6.113488549999061e-16
6.897840644472759e-16
7.03717929254946e-16
7.569908275546038e-16
6.446787098454706e-16
6.614969057706161e-16
6.088013479013308e-16
6.319142216756891e-16
6.46877105757196e-16
5.694583339587393e-16
5.229453961224602e-16
5.850486715840985e-16
5.445000447533453e-16
5.500278998297964e-16
5.242218920186913e-16
4.888181884297774e-16
4.29162864319091e-16
4.011218306345354e-16
3.650351417289162e-16
3.835712952033899e-16
3.823766168104438e-16
3.427524083967889e-16
4.14855967998308e-16
3.477460424848898e-16
3.6213695072321324e-16
4.069050404555036e-16
4.730733226027161e-16
4.520045285927469e-16
4.778789609789325e-16
5.883960705997102e-16
5.232819017481092e-16
4.73225029856176e-16
5.069439926870645e-16
5.387196810461654e-16
6.053688183428608e-16
6.363411534741635e-16
6.556234330292101e-16
7.260634021153774e-16
Acceptance rate: 0.2767499999999989
4.342700468032063e-16
4.514908998360678e-16
4.844266719717568e-16
4.99707334257532e-16
4.709521870148948e-16
5.022817909855997e-16
5.080279092012864e-16
5.386287875830617e-16
5.156700139171634e-16
5.103941371501984e-16
4.983021588540443e-16
5.240093323650507e-16
6.406636800642443e-16
6.563081050033452e-16
6.148923184103078e-16
6.126509819831239e-16
5.954844603497708e-16
5.680686387897058e-16
5.597707034344469e-16
5.874125997487034e-16
5.792236469120374e-16
5.602902791784521e-16
6.471199957707485e-16
7.363500804508091e-16
8.111561906870748e-16
8.32510460413853e-16
9.125322492276622e-16
9.626017124229237e-16
9.622468557175903e-16
1.0288254666627025e-15
9.58751608084539e-16
8.741180370544973e-16
9.090359559705403e-16
8.812039241573213e-16
8.999016444929709e-16
8.44643945958577e-16
8.985492750452107e-16
9.588485073687943e-16
1.1480550084790908e-15
1.2371084889017636e-15
1.2500451737629203e-15
1.2815801190052781e-15
1.2159577985871619e-15
1.261410070138804e-15
1.1693352512754544e-15
1.1246139263042328e-15
1.104714950908075e-15
1.0473823724277011e-15
1.2770714253092721e-15
1.1863784110236603e-15
1.1060214919166611e-15
1.2003702704441728e-15
1.4244943572526714e-15
1.263203220409699e-15
1.5510011581645788e-15
1.5260045691932133e-15
1.6650711136500995e-15
1.834587984838788e-15
2.2850117597844628e-15
2.266737134678188e-15
2.1595019637046566e-15
2.0506734370043556e-15
2.1018602937590987e-15
1.918084812921411e-15
1.875939024559326e-15
2.043345592623191e-15
2.1124857028817563e-15
2.084928968410158e-15
2.2136302745520674e-15
2.1924945624256966e-15
1.961289485103323e-15
2.1369729642419614e-15
2.3634644443393337e-15
2.3477734197048403e-15
2.2117510632351177e-15
2.2683283305036674e-15
2.2313660651164537e-15
2.1203972765646303e-15
1.9269007219417035e-15
1.781131037279046e-15
1.8422246963536807e-15
2.0256054996511087e-15
2.0749720618123254e-15
2.0436067192931036e-15
2.1145734923067832e-15
2.1849176878351756e-15
2.0407105763585702e-15
1.7578754188798902e-15
1.5407496060415702e-15
1.5708051219568319e-15
1.6556781244051532e-15
1.7245137135899608e-15
1.502087529041482e-15
1.4965556828291688e-15
1.4645202152440033e-15
1.4168079926291675e-15
1.2517314197277847e-15
1.3409442282231408e-15
1.3534785244379643e-15
1.3977961369727639e-15
Acceptance rate: 0.27821428571428486
8.278030730800794e-16
8.449029484717832e-16
8.831953404973543e-16
9.64704996552761e-16
1.0236656257682027e-15
1.135217042705192e-15
1.2676256761403535e-15
1.4706117974324174e-15
1.3930850092479034e-15
1.3478318442969756e-15
1.2807210329339662e-15
1.436602014949093e-15
1.3721188604629185e-15
1.5195797009566274e-15
1.4390402253513178e-15
1.2934161990061066e-15
1.2301648164149624e-15
1.1038614278803393e-15
1.0832480841836934e-15
1.1289394999104093e-15
1.1421625243648405e-15
1.0070836420658896e-15
9.960343299516755e-16
9.526798641864402e-16
9.674205003759464e-16
9.656876795857752e-16
9.481005939763493e-16
8.989670476570822e-16
8.757289603867064e-16
7.972777302693322e-16
7.656946703699975e-16
6.815927641980244e-16
6.168555212913167e-16
6.603697567748133e-16
8.316351485471354e-16
8.798525500558033e-16
9.886926866808697e-16
9.963921551855125e-16
9.931821928238342e-16
1.046724849162321e-15
1.0386872466501363e-15
8.608472540972391e-16
7.491169099847019e-16
7.346609171844758e-16
7.829003363683161e-16
7.443032734867063e-16
7.18775630297395e-16
6.256416420587705e-16
6.030828652291268e-16
5.84601103895724e-16
5.681372577770456e-16
6.331382206363443e-16
7.147807048954699e-16
8.238465226843041e-16
8.529173022548479e-16
1.0270428966199676e-15
1.0977986330934305e-15
1.0534210129021734e-15
1.0364160692200502e-15
1.0319792878132068e-15
1.0499019623089387e-15
1.100785828555514e-15
9.719864850165455e-16
9.608195394792204e-16
1.0252918172077318e-15
1.04851802300929e-15
1.0289504812585315e-15
1.0275578665064946e-15
1.2407824537884776e-15
1.4202622012535532e-15
1.474154245629619e-15
1.322018179706049e-15
1.1768269788780236e-15
1.1073902561337071e-15
1.0790445635870176e-15
1.0442368723893255e-15
1.0954011915772339e-15
1.0880742767971008e-15
1.0282868289561e-15
1.0177790909659208e-15
9.169427889621615e-16
8.58248179020468e-16
7.354958293696234e-16
6.609438984142244e-16
7.453686324955275e-16
7.367066898474813e-16
7.902151893035795e-16
7.787767319796958e-16
8.604998639275536e-16
7.873758336524541e-16
8.706390229700333e-16
8.128666538603215e-16
8.495979366720774e-16
8.121666698422208e-16
7.98265328147194e-16
7.428905404736589e-16
7.154734315901372e-16
6.326260827080711e-16
6.867357542084592e-16
6.740639209326279e-16
Acceptance rate: 0.27999999999999853
4.220256467747693e-16
5.192879082280562e-16
5.678560770327463e-16
6.533555076085935e-16
7.532542353904221e-16
7.282027213138025e-16
6.90375700354125e-16
7.586307996151951e-16
7.781030257127073e-16
8.44536069606843e-16
8.018939365156112e-16
8.213449123751806e-16
8.1742376516360215e-16
8.435551141868918e-16
7.942392721421743e-16
7.732005399047299e-16
7.685594698173083e-16
7.636987646232415e-16
7.873085883453434e-16
8.324067338475542e-16
8.007112386805388e-16
8.55096054590439e-16
7.993017217531164e-16
8.580337230739846e-16
7.902880567619572e-16
8.574001626460619e-16
9.08889574365506e-16
9.752091916631439e-16
1.0068397258688607e-15
1.2277272407050092e-15
1.096175530942002e-15
1.036832719756278e-15
1.0626501903520499e-15
1.0738059380361165e-15
1.0939730557934666e-15
1.043335801445314e-15
1.0556079246987691e-15
1.1125391952811606e-15
1.220477980839335e-15
1.2032067379327402e-15
1.1468003524745182e-15
1.131908834334992e-15
1.0993782983136345e-15
1.0534880883472518e-15
1.0439119868620686e-15
9.973100567000276e-16
9.63933426377452e-16
9.854938013037822e-16
1.0184829512320311e-15
8.997725627662768e-16
8.352644426857379e-16
8.22155361947185e-16
8.572591092000123e-16
8.914555737764498e-16
9.131289813196488e-16
1.0057634547988077e-15
9.188532675434086e-16
9.402661968877785e-16
8.786575000770336e-16
8.934308157746185e-16
8.711462267753462e-16
9.19005746585289e-16
9.857348195977297e-16
1.022062496848573e-15
9.565039290147643e-16
8.737255287776761e-16
8.003629127895314e-16
7.119168032480935e-16
7.140256609401381e-16
7.112530989784997e-16
7.413966494275903e-16
6.415909187787375e-16
6.851338173181466e-16
6.676604444680579e-16
6.401451398042605e-16
6.391267991982676e-16
6.302767218138566e-16
6.547491615483768e-16
6.216622464394865e-16
5.938514408011851e-16
6.49870094995276e-16
6.210373919221209e-16
6.406123668695121e-16
6.936348468115807e-16
7.144234632260254e-16
7.255501100811853e-16
7.222709122620444e-16
7.127182999952024e-16
8.265687019250179e-16
8.969742590332343e-16
8.703849539820849e-16
8.061916518778616e-16
7.481141735944132e-16
7.799152196768826e-16
7.600355054267204e-16
7.471841972098303e-16
8.181437603654038e-16
8.596169463545283e-16
9.036398250442603e-16
9.381338070594995e-16
Acceptance rate: 0.27772222222222137
5.727192103227778e-16
7.078937940941656e-16
7.289728023675432e-16
6.601492403007092e-16
6.58543251672297e-16
6.953832773525008e-16
7.447602738139695e-16
6.967450945229132e-16
6.557255240986817e-16
6.346637716454921e-16
5.911160548033493e-16
6.031479194084361e-16
6.17163949107157e-16
6.998485412554637e-16
7.102413032112068e-16
7.761429894423609e-16
8.866240561095432e-16
1.002070150021202e-15
1.1368527333992492e-15
1.3263225276265973e-15
1.427044736461565e-15
1.347838106635311e-15
1.346100933431643e-15
1.4647704618405271e-15
1.5051208627555143e-15
1.6042196786265966e-15
1.5398348985214829e-15
1.534790799774043e-15
1.6579863281744718e-15
1.504738114530151e-15
1.411814208100885e-15
1.52682341467024e-15
1.583613541986223e-15
1.6888747200117113e-15
1.5996072584675044e-15
1.6130415370987605e-15
1.4061114062477857e-15
1.4043679584416973e-15
1.3844534067726048e-15
1.3357198706107207e-15
1.4296867736837907e-15
1.4217115847943734e-15
1.3498426806056686e-15
1.3608530174383561e-15
1.2446005073405287e-15
1.202061129148906e-15
1.1148234283613371e-15
1.1426885743938228e-15
1.2679089725544777e-15
1.2980245073986271e-15
1.2089158310414201e-15
1.1431224448377673e-15
1.0922264351786847e-15
1.0229613000280554e-15
1.0486906034984723e-15
1.0319085697915623e-15
9.302811622582798e-16
8.807788606384307e-16
1.0360194110488463e-15
1.0056492367966643e-15
1.0246500955058103e-15
1.0413777030131199e-15
9.710185252352019e-16
1.1183732667271453e-15
1.2440722862670584e-15
1.1312888725648596e-15
1.037043026902996e-15
8.869016939377654e-16
8.93329944141466e-16
9.617353959352664e-16
9.46822271292095e-16
8.646522797946117e-16
1.0307484762547138e-15
1.0920636171854257e-15
1.0245002262188413e-15
9.430564352797769e-16
1.0698515266189606e-15
1.0439774156129013e-15
1.013965527430024e-15
1.1848203917580883e-15
1.1254750038226393e-15
1.0779547952543503e-15
9.587883823896445e-16
8.49669795256215e-16
7.621138502562581e-16
7.658780633472866e-16
7.967994990259555e-16
7.126005981070505e-16
7.118165787555134e-16
6.534990768402574e-16
5.775557045889016e-16
5.592792334129624e-16
4.929958335697678e-16
4.834363478945622e-16
5.162114341836116e-16
5.18311410529009e-16
4.953878734520445e-16
5.037229765338224e-16
4.573724950452007e-16
4.83383128785947e-16
Acceptance rate: 0.2754500000000012
Sampling time (10 samples): 5774.2526 seconds
