/scratch/users/yanlan/TroubleShooting/SM_ETwd/Output/AM_PM_ET_195_418_00
5.007685935715662e-08
2.382582986224727e-08
1.1045189636898125e-08
5.426598088387234e-09
2.681929335596696e-09
1.4270178664954028e-09
7.551062218405865e-10
4.4123552307664795e-10
2.5943151028626716e-10
1.6172172342106893e-10
1.1192233948066814e-10
6.531262389394457e-11
4.723010364370838e-11
3.1015676476554285e-11
2.0278841816776018e-11
1.2665743752394863e-11
8.81164637377068e-12
6.3924287808290446e-12
4.580998049906962e-12
3.3326567600129314e-12
2.6457270927194154e-12
2.0210560545881213e-12
1.6011968401220596e-12
1.2275392204545492e-12
8.943302648571312e-13
7.42613782224011e-13
6.413648451435258e-13
5.474173701240726e-13
4.592251102529881e-13
4.05317582044219e-13
3.298546932868097e-13
2.4234651953786897e-13
2.0667902529034403e-13
1.768561622477527e-13
1.4914279060727926e-13
1.2382303507877142e-13
9.654394193975965e-14
8.149877036779131e-14
7.042964338844795e-14
6.800553585934009e-14
5.86128814254736e-14
5.358778617922506e-14
4.402420644410153e-14
3.8899345275667666e-14
3.703393673984836e-14
3.272663350897918e-14
3.016463905459073e-14
2.4048789447040618e-14
2.1015677927664535e-14
1.7401715737766502e-14
1.5236270552952975e-14
1.4489936626928327e-14
1.5170741338519534e-14
1.3358245399174193e-14
1.3462598084040543e-14
1.2146675842040538e-14
1.0859141787333144e-14
9.881151831535613e-15
8.835127970201492e-15
7.849810352692264e-15
7.727472106531314e-15
6.73080170061239e-15
6.389314021443895e-15
5.665798415276459e-15
5.28258265751893e-15
4.722859653964518e-15
3.893371592862554e-15
3.756253782739961e-15
3.2080227238247258e-15
3.199707295511579e-15
2.9626077849787854e-15
2.736198215262421e-15
2.7651775234853123e-15
2.3701889735851738e-15
2.2570266080214368e-15
2.241438968403084e-15
1.9760374546641454e-15
1.8337991547163857e-15
1.825796995331652e-15
1.7413142096309369e-15
1.7237028180522743e-15
1.591206323351947e-15
1.3515060691170598e-15
1.1806311325816929e-15
9.98823717029409e-16
1.0331822183802914e-15
9.493377166037329e-16
9.602652854195373e-16
1.0704357124439945e-15
1.1180015081471946e-15
1.1496158629678374e-15
1.0716508146582294e-15
1.0688813519385492e-15
1.0134217847478231e-15
9.083899275075237e-16
8.947047604054312e-16
9.136458805632947e-16
8.922664032449965e-16
9.452209422423638e-16
9.29921153119976e-16
Acceptance rate: 0.33000000000000024
4.825410888663787e-16
4.59255244332492e-16
5.052142198888429e-16
5.421369808498522e-16
5.080665392298709e-16
5.405722583283566e-16
5.346262374364671e-16
6.172269228346277e-16
6.266835803413759e-16
7.128946517074903e-16
8.125509489976725e-16
8.275515016930487e-16
6.810921599983574e-16
6.272330277538857e-16
5.434909362151493e-16
5.672959166595632e-16
6.102084798243628e-16
7.141562676008674e-16
7.311232312804096e-16
8.018337284709188e-16
7.374819873762496e-16
7.243585338784812e-16
7.128280146286102e-16
6.464980813939044e-16
6.65355179953179e-16
7.086783755260406e-16
6.371199329173639e-16
6.076437523550493e-16
6.057211725981904e-16
5.914484896714431e-16
6.442068495441431e-16
6.467295533792024e-16
6.077914891532264e-16
5.98377875937961e-16
6.349473290196752e-16
6.022172395241872e-16
5.446444867931859e-16
6.084853868115821e-16
6.172742692069914e-16
7.000339724259194e-16
7.980979730664734e-16
8.266664205239574e-16
8.004808919643562e-16
8.009966512027002e-16
7.683271624018075e-16
8.326447695194918e-16
8.004776531179138e-16
7.691388898629216e-16
9.031368590199704e-16
8.901116665555928e-16
9.79925662766783e-16
9.426051390182216e-16
1.0640815101035706e-15
9.966279500640275e-16
9.722499802457292e-16
9.418691358035903e-16
8.898033700543562e-16
9.91962283369695e-16
9.386717984750812e-16
8.688868142751736e-16
7.585876043000891e-16
7.122598187595344e-16
7.012372885015663e-16
6.631838383212421e-16
6.709457270620191e-16
6.458156053696624e-16
6.249997948488432e-16
6.514633703897498e-16
7.602694385794598e-16
7.762579357614797e-16
8.743137580477853e-16
8.871051988450941e-16
8.595222525904062e-16
8.894295318923663e-16
7.914379574340888e-16
6.996284247512055e-16
6.103205192825656e-16
7.213189604382042e-16
6.46425021686392e-16
5.939361519174371e-16
5.869673023941707e-16
5.72578881705162e-16
6.552868084879867e-16
6.497330169032797e-16
6.683555268292164e-16
6.247950450190522e-16
6.575398784034744e-16
6.191936663258801e-16
5.612268638897769e-16
5.821765057223687e-16
5.419750527547594e-16
5.701824925312127e-16
5.778037780676787e-16
6.59216412194404e-16
6.628481662374968e-16
6.685624201512097e-16
6.487759874631093e-16
7.239334246479613e-16
6.857928229307972e-16
6.995731603669692e-16
Acceptance rate: 0.31550000000000106
3.8790843123599334e-16
3.753439125290852e-16
3.7178995804250633e-16
4.1323916679473226e-16
4.4383286768530257e-16
4.085212939858922e-16
3.9816627818420396e-16
3.5923760527101975e-16
3.3209293000843727e-16
3.8812791147634213e-16
3.72173824423002e-16
4.190887782223062e-16
5.126232077941316e-16
5.309069775583334e-16
5.440000182756763e-16
5.5744800926561e-16
5.516975951866841e-16
5.900058478119048e-16
5.845777894406038e-16
7.296049357831972e-16
6.848837994466074e-16
7.030560201148872e-16
7.557577691322498e-16
7.93147318081594e-16
7.303030032453281e-16
8.69380342822689e-16
8.91792385478752e-16
9.637452297599587e-16
9.412065955343063e-16
9.397310009954103e-16
9.758062717286982e-16
1.0944574817742575e-15
1.087854297660113e-15
1.1710625892291059e-15
1.2754048420891345e-15
1.266203648759317e-15
1.2371624727925113e-15
1.1459584938849444e-15
1.1150129245065792e-15
1.0761630348762983e-15
1.0119943929000666e-15
9.903448031132683e-16
9.544086452044665e-16
7.831605185039508e-16
7.756580171932608e-16
8.86677878529642e-16
8.930806142526006e-16
9.547924062998466e-16
9.49640007095289e-16
8.889860182965807e-16
7.72819408102905e-16
8.36690883578536e-16
8.298688419182784e-16
7.588666140522236e-16
7.48830462339539e-16
6.977209133923162e-16
7.478314706656972e-16
7.553649486071667e-16
7.694436622391171e-16
8.403485357591607e-16
8.802829607791553e-16
9.144146394165395e-16
8.349689547868482e-16
7.657321533643905e-16
7.476193842101366e-16
7.578223581122715e-16
6.915959604240559e-16
7.051827924275839e-16
7.174538412549416e-16
7.962569503032584e-16
6.904417810313011e-16
6.405564017537152e-16
6.857944404451185e-16
7.352538949301834e-16
1.0367568203991635e-15
1.0859799794972778e-15
1.1688663813605015e-15
1.1367278840663995e-15
1.0385552914461019e-15
1.0324272488323019e-15
1.1334669197287725e-15
1.239882054476177e-15
1.1197648853769649e-15
9.898726085929705e-16
9.296776407584994e-16
9.238252260554345e-16
8.947463742411916e-16
8.650294180442847e-16
8.761815210346874e-16
8.731713528745047e-16
9.09023947784999e-16
9.002586144782123e-16
8.952994138667178e-16
8.342178102505043e-16
9.367996197816609e-16
1.0706906008003011e-15
1.1568085403605621e-15
1.0273510663594182e-15
9.981556010916072e-16
9.925013623981947e-16
Acceptance rate: 0.3036666666666681
5.59253596221071e-16
4.786555516530958e-16
4.080269288490044e-16
3.882868992271477e-16
3.947381176802395e-16
4.0546352664763943e-16
4.0666227602825526e-16
3.928227165705359e-16
3.7941220018220516e-16
4.06264261532836e-16
4.229518211215721e-16
4.3180223363177083e-16
4.919755018606229e-16
5.656594548203057e-16
5.075290082787546e-16
6.413942635013218e-16
6.173967179498541e-16
5.940621923333511e-16
5.939918193609476e-16
5.745421995980804e-16
5.793406590803648e-16
6.283381098303493e-16
6.094404342717048e-16
6.328993360638385e-16
5.960160904331214e-16
5.375030674939407e-16
5.164495717397984e-16
5.362515898453504e-16
6.124258896795256e-16
6.970913227998053e-16
6.792144379274144e-16
6.59811510968117e-16
7.174772831304436e-16
7.592963638956585e-16
8.181695007657093e-16
8.137036259981189e-16
1.0880127557133139e-15
9.745926714582355e-16
8.835127572984809e-16
9.288169516504695e-16
9.182507515537822e-16
8.801207583934217e-16
9.519933315097921e-16
9.375310353480084e-16
1.0162566605942997e-15
1.2053849670898964e-15
1.284999037800037e-15
1.409217258853777e-15
1.3483624579272587e-15
1.2175829874005148e-15
1.284254956288103e-15
1.4112653377949912e-15
1.2413170342342907e-15
1.0808259666553934e-15
1.0574199376061753e-15
1.2990214469727921e-15
1.2472919935226448e-15
1.2913785128092226e-15
1.127014585384167e-15
1.1352609652130779e-15
1.2999978297860006e-15
1.2231029203445348e-15
1.3320211163044268e-15
1.236221495794496e-15
1.4597838199038189e-15
1.4700991787766015e-15
1.5085460405291398e-15
1.3421934782534625e-15
1.3468367389125763e-15
1.3178262061450624e-15
1.2142766083241099e-15
1.281328400899299e-15
1.2396989172055918e-15
1.343410650583734e-15
1.3873276066045376e-15
1.3487755809844675e-15
1.3092310766384325e-15
1.2973171015389427e-15
1.277705546322014e-15
1.2204298008961405e-15
1.2349551628239934e-15
1.2771244449261935e-15
1.3452912013132978e-15
1.1637030417438202e-15
1.0066879048891224e-15
9.970811450734994e-16
9.502170038545422e-16
9.5818223751056e-16
9.589363599355012e-16
9.221846542289298e-16
1.0674966563790591e-15
1.1874884184309375e-15
1.0928891099982535e-15
1.058514381785591e-15
9.935497560244755e-16
1.00654321263909e-15
1.2063051161876439e-15
1.2739882277282257e-15
1.2539248211235501e-15
1.1658338314297283e-15
Acceptance rate: 0.29750000000000215
6.656519454768495e-16
7.034570614424289e-16
7.064831688418754e-16
7.948463533778745e-16
8.235021619944218e-16
8.930856244157963e-16
9.343525853305809e-16
9.51882527295739e-16
9.153000166504117e-16
1.0041830712549003e-15
1.004165549963698e-15
9.757153112228475e-16
1.0786626125732777e-15
1.049207101471249e-15
1.2217903232879628e-15
1.1865655804435164e-15
1.1967416637235198e-15
1.1033599959507816e-15
1.1003661398461274e-15
1.1175957791773542e-15
1.1505051011422512e-15
1.0575362212338454e-15
1.1297338182929867e-15
1.1078994910126602e-15
1.192649670196692e-15
1.1209950729157527e-15
1.1511286709690488e-15
1.1785222835515792e-15
1.1725562705524243e-15
1.2017547847516894e-15
1.2510626032368227e-15
1.1634193332607769e-15
1.2219470247720837e-15
1.2215509037748747e-15
1.1693301527739613e-15
1.1062124249925548e-15
1.1284246718719112e-15
1.3202388728513984e-15
1.335809191034074e-15
1.3695100811598137e-15
1.343173654848392e-15
1.303409883854728e-15
1.3198491746484425e-15
1.3939272386590487e-15
1.5372502699729512e-15
1.587586060956273e-15
1.4634750989585452e-15
1.5747283399460853e-15
1.7943716717124925e-15
2.0446220286628036e-15
2.097140650270638e-15
1.8131498134366914e-15
1.633528677563262e-15
1.6778947887435651e-15
1.898954799271968e-15
1.6927712094176022e-15
1.5323864276692346e-15
1.528707827862646e-15
1.7930959787695433e-15
1.7940888929875623e-15
1.7892194054955475e-15
1.6354391006517762e-15
1.6290015946375367e-15
1.974218575237126e-15
2.2710568168427886e-15
2.1762052216534915e-15
2.0012354713702397e-15
1.9114134312457086e-15
1.980237730613806e-15
2.0084151989055376e-15
1.854555481632978e-15
1.8528680658288416e-15
1.7550252561793726e-15
1.939763193160954e-15
1.9236623039461644e-15
1.9946467540523055e-15
2.1021859351399434e-15
2.0153591618539192e-15
1.8848952961709315e-15
1.934382989330023e-15
2.1810935102357596e-15
2.3074583827760257e-15
2.380314910038436e-15
2.228212807845433e-15
2.259344820143254e-15
2.16617971661713e-15
2.268069521796963e-15
2.250565867906831e-15
2.3498845976447278e-15
2.1221518116910043e-15
2.156056446184663e-15
2.11137555996749e-15
2.2042064270063697e-15
2.560633295188488e-15
2.521825107629993e-15
2.4366009438719617e-15
2.178738261911782e-15
2.0725479593533326e-15
2.144168775829585e-15
2.2811300437225783e-15
Acceptance rate: 0.2923000000000025
1.3456851504751002e-15
1.4947281866052255e-15
1.656910277788331e-15
1.952324797588932e-15
1.81699117167287e-15
1.672864659718865e-15
1.6436609921220463e-15
1.6195776883004108e-15
1.6007365208749381e-15
1.7609323384884563e-15
1.845197529724681e-15
1.969054002730922e-15
1.89299012762008e-15
1.9651107376603194e-15
2.2084388486917703e-15
2.3666911704272506e-15
2.2157373102199317e-15
2.04393892011747e-15
2.0993615750336583e-15
2.230949282261624e-15
2.272628288235325e-15
2.238442735902114e-15
2.6272892728090164e-15
2.66388097728364e-15
2.543942779514796e-15
2.5406791833349973e-15
2.49413136653795e-15
2.663219277171227e-15
2.8653434476129265e-15
2.7095358865878147e-15
2.768831762872322e-15
2.7276510482911627e-15
3.1610816417297777e-15
3.0561351946392504e-15
3.166203204600882e-15
3.160605824886904e-15
3.3559874918750336e-15
3.5105682435445856e-15
3.5449115162319293e-15
3.4400064064949552e-15
3.917554011061338e-15
3.734228710903913e-15
3.5541456964093374e-15
3.208875521449535e-15
3.1505090495359216e-15
3.102346332982736e-15
2.8182985852569777e-15
2.657092365252595e-15
2.3370000090285836e-15
2.2592496971695164e-15
2.1903712628991982e-15
2.047923990316156e-15
2.134758810765192e-15
2.2626002369331763e-15
2.0120982068140267e-15
1.926777206246442e-15
1.928113557128391e-15
1.903451732565904e-15
1.7743650951571837e-15
2.0207766404740666e-15
1.9960120784483263e-15
2.2224633868604523e-15
2.3093223044570335e-15
2.5272210741848218e-15
2.5025137698157523e-15
2.6479451146451945e-15
2.808383883069678e-15
2.6978089994736765e-15
3.0312674151624506e-15
2.9375087593132143e-15
2.9865577097291665e-15
2.8691261952496954e-15
3.02667303545714e-15
2.8158403082519654e-15
2.7756063459371944e-15
2.7985975437320353e-15
2.7299919380099067e-15
2.448947916642449e-15
2.3094176227406822e-15
2.5055067557864396e-15
2.3761394108003105e-15
2.6659191262201275e-15
2.7552887916981088e-15
2.628742799949173e-15
2.619543213783945e-15
2.542981528877142e-15
2.4486700377223582e-15
2.2254399203753843e-15
2.1588959941025157e-15
2.2133078537148912e-15
2.042119859562081e-15
1.9247756649875377e-15
1.781954389040565e-15
1.916760591873876e-15
1.921225670992195e-15
1.8672684492221535e-15
2.0078993915811516e-15
1.986684343059056e-15
2.0621689941317106e-15
2.3796151833776128e-15
Acceptance rate: 0.2930000000000027
1.3768731374317987e-15
1.3224311705904e-15
1.3543493108128434e-15
1.2323743703538151e-15
1.2043602552702711e-15
1.2149329495532492e-15
1.1439071109769023e-15
1.0477456989297586e-15
1.0253390154290413e-15
9.902882437672442e-16
1.1561547119212583e-15
1.102868255855456e-15
1.149248725396976e-15
1.174285904408574e-15
1.1679738622379134e-15
1.2659720954692032e-15
1.1778286480386164e-15
1.1622609607686307e-15
1.3028409834417375e-15
1.1837110182208022e-15
1.1571663136721748e-15
1.1793520514059213e-15
1.1990061965828479e-15
1.1901230455923657e-15
1.0989290552868498e-15
1.3145598447364499e-15
1.3632592508392974e-15
1.4072815768765508e-15
1.5876639490567311e-15
1.765166732834723e-15
1.7908072053036315e-15
1.8662509003496115e-15
1.9513141887748846e-15
1.7580591201098909e-15
1.5807373809271433e-15
1.5053357535016298e-15
1.6118533242850975e-15
1.6343643360239028e-15
1.5665550179718491e-15
1.5661907318876643e-15
1.6439457026046525e-15
1.7897247318080737e-15
1.7667461641738783e-15
1.99296071310305e-15
1.960919229715562e-15
2.0398981200431702e-15
1.931505720559641e-15
2.1416540825271878e-15
2.1403935006315583e-15
2.079673227352996e-15
2.487664900156058e-15
2.528423323090369e-15
2.7754074283147323e-15
3.0720288231713093e-15
2.8487638310008667e-15
2.6018349085075996e-15
2.787492673589997e-15
2.9179841311094794e-15
2.9461037609164643e-15
2.770773903989511e-15
2.641897814883663e-15
2.9693049677973917e-15
2.8976106183638942e-15
3.0432790798572404e-15
3.0740169138848717e-15
2.7950501112172095e-15
2.800869982199239e-15
2.8757210394956046e-15
2.8249724518465342e-15
2.7242617599001447e-15
2.4166318829059735e-15
2.5193605882119074e-15
2.790702361823735e-15
3.020711602296184e-15
2.933256376902566e-15
3.074500465250335e-15
2.962617553817049e-15
3.1333006206072542e-15
3.0225387627800356e-15
3.2239921588290095e-15
3.1624886986422407e-15
2.823107201154489e-15
3.198072334082111e-15
3.303386903054031e-15
3.200691887627008e-15
3.3015302684182394e-15
3.2667179184315753e-15
3.3638443739331207e-15
3.0613245819900974e-15
2.7503802797309206e-15
2.6319575813799823e-15
2.564391883861965e-15
2.702565558667017e-15
2.7071048845728764e-15
2.80515491769206e-15
2.4367758648732865e-15
2.4510765216404747e-15
2.3189567481274717e-15
2.8713332401816517e-15
3.012008369293808e-15
Acceptance rate: 0.2955714285714317
1.740127355277017e-15
1.984519273345293e-15
1.8439878216428133e-15
1.6532534095440336e-15
1.7202306274856954e-15
1.6597852267092083e-15
1.5954339370760922e-15
1.813090744323677e-15
1.6993069880958033e-15
1.6489772114639102e-15
1.563563344881996e-15
1.5326680970555036e-15
1.3848173417200238e-15
1.3095538490541834e-15
1.1398542322233013e-15
1.1218410491464333e-15
1.1512504257555113e-15
1.261339624384804e-15
1.2196662564045653e-15
1.1946804693206841e-15
1.1526787060849193e-15
1.1737080318856407e-15
1.2225468219033483e-15
1.3117630406853835e-15
1.2500185708216156e-15
1.4361186024395299e-15
1.3651050672718724e-15
1.6170163059899878e-15
1.86856896146093e-15
1.9839709431878966e-15
1.85069041517137e-15
1.780022679217479e-15
1.6546948457915653e-15
1.6341935635903554e-15
1.848722033125811e-15
1.9405014057496956e-15
2.061207274475019e-15
1.7607951846685416e-15
1.7467487386464457e-15
1.8873911202326243e-15
2.0173687917610346e-15
2.039209675205429e-15
1.9495045254941557e-15
2.196192396219295e-15
2.3153496495894232e-15
2.285209090222105e-15
2.1805626670386386e-15
2.2320229814059475e-15
2.218574651358153e-15
2.2199702810633656e-15
2.449244434380816e-15
2.555377041786009e-15
2.500176817892016e-15
2.4534966935457577e-15
2.208518285468645e-15
2.035874291235156e-15
2.339877502706586e-15
2.3350821291177384e-15
2.271692112816458e-15
2.2950282557593236e-15
2.4541806521769877e-15
2.7287696141302623e-15
2.722651313453524e-15
2.720590199842987e-15
2.6186620858709757e-15
2.4408214132884083e-15
2.1993318784266464e-15
2.074327562830584e-15
1.9962816443848883e-15
1.987817911156378e-15
2.056427653964437e-15
1.944087157037652e-15
2.237808293621077e-15
2.1717271130945917e-15
2.4614509880504194e-15
2.4688548839133072e-15
2.4954986905514495e-15
2.508154199866326e-15
2.2364510354753807e-15
2.3948075842017296e-15
2.2696880548978563e-15
2.3241815931402485e-15
2.3338605160010222e-15
2.3305616453523347e-15
2.378284287207577e-15
2.327020188883778e-15
2.3804810765518604e-15
2.5237163719475108e-15
2.768882915279883e-15
2.7767260473614555e-15
2.7659263039414822e-15
3.0855770477144046e-15
2.9836441552053217e-15
2.814120580021646e-15
2.8801260952156746e-15
2.847759041713597e-15
3.020362958230048e-15
2.9502417768742705e-15
2.7705703664708393e-15
2.7373419674203338e-15
Acceptance rate: 0.2944375000000019
1.6186902070160915e-15
1.479830114695183e-15
1.4959413782059214e-15
1.37483080206165e-15
1.2426856429745983e-15
1.0969609284007182e-15
1.1676739141736327e-15
1.2113823141042685e-15
1.1627281145454426e-15
1.1354019176248378e-15
9.991176607545953e-16
9.876247763260304e-16
1.0721635639639093e-15
1.1002785626668873e-15
1.1763936736336047e-15
1.1372571039637474e-15
1.0827190070649367e-15
1.0409689285856773e-15
1.0619499702522766e-15
1.0158345934499121e-15
9.175339864573744e-16
9.79991948919816e-16
1.0103909556087135e-15
1.0583639904258758e-15
1.11049260391462e-15
1.1395692583419071e-15
1.1562402214055878e-15
1.285595538194765e-15
1.3883561655123991e-15
1.4536462681716022e-15
1.4591035107537828e-15
1.3838853330041682e-15
1.2466458198448159e-15
1.1386939183275591e-15
1.1961341628977127e-15
1.1597228046711284e-15
1.0797421092506698e-15
1.1287102981085416e-15
1.1638497530767857e-15
1.212520568981546e-15
1.2095280672493206e-15
1.2576128148073048e-15
1.362196135088694e-15
1.4127783617669772e-15
1.301203272878393e-15
1.1896630335232127e-15
1.2134626439516048e-15
1.1109173827330033e-15
1.1475580689606945e-15
1.1456559604417849e-15
1.2303434844152617e-15
1.262890355384787e-15
1.2208674641862335e-15
1.3302692660385016e-15
1.3229548541548876e-15
1.3576869567992581e-15
1.2959843082955694e-15
1.152139746552001e-15
1.2208928618836366e-15
1.134325208662732e-15
1.0733722367758453e-15
1.2107690052115363e-15
1.241573786800674e-15
1.5147952482115515e-15
1.4779389715760959e-15
1.5066563276100327e-15
1.7000969887933092e-15
1.613873561385037e-15
1.536235332387508e-15
1.714209602446919e-15
1.939437022503086e-15
2.0019402630358656e-15
1.9733466581551516e-15
1.995660321238446e-15
1.985375969542065e-15
2.178187552138668e-15
2.7676694340313107e-15
3.033828088033916e-15
2.932752874631898e-15
2.9764086148108127e-15
3.004476019528206e-15
2.870812342398457e-15
2.7359678118358306e-15
2.6631376152193457e-15
2.941149308257822e-15
3.1203474431727626e-15
3.313660440550172e-15
3.3437781327726134e-15
2.9856598827099673e-15
2.851281286939155e-15
2.5096477167241672e-15
2.284654595523538e-15
2.272870471376206e-15
2.025871666400943e-15
2.0027874936481105e-15
2.0612782938906637e-15
1.981107883387604e-15
2.112790255583976e-15
2.227324027536239e-15
2.371783156800458e-15
Acceptance rate: 0.29316666666666874
1.4109567435883665e-15
1.6031010182400586e-15
1.660593072528502e-15
1.7311447734699645e-15
1.7258360703171408e-15
1.929463045880545e-15
1.996679182266701e-15
1.7679434831408468e-15
1.6231917479363386e-15
1.5815472676013096e-15
1.5498617306672627e-15
1.5683010942273493e-15
1.6110155068583627e-15
1.6119330766189392e-15
1.891300773231856e-15
1.7653404596302346e-15
1.7170718458747373e-15
1.888035439762146e-15
1.7636563494301788e-15
1.715379721024372e-15
1.72884475771879e-15
1.7214456174529488e-15
1.6110661006565272e-15
1.5947180482331452e-15
1.4791970817927884e-15
1.7374724792434877e-15
1.6522013454395001e-15
1.6823359003742202e-15
1.9728145491947542e-15
2.126142507800054e-15
2.1287526906298372e-15
2.3534067091002686e-15
2.231352735524644e-15
2.359767775028171e-15
2.552718418114628e-15
2.6442984060459024e-15
2.5158595021816646e-15
2.6519511896673415e-15
2.489836898954126e-15
2.1904492556053096e-15
2.3380070274890187e-15
2.3183490087548577e-15
2.310899588301214e-15
2.5886080188733864e-15
2.3871115535547804e-15
2.287425145226599e-15
2.397581535663272e-15
2.3988400778771754e-15
2.370541885532118e-15
2.154866356477053e-15
1.933776126133072e-15
1.7529512837202524e-15
1.6521571534322341e-15
1.784626797984655e-15
1.796219169017951e-15
1.7467440126963977e-15
1.6134285542373976e-15
1.6659200631810333e-15
1.8060210656542705e-15
1.6024353191905815e-15
1.5825616231469414e-15
1.533004886828908e-15
1.4853184690112657e-15
1.3697825882024184e-15
1.3571262078146e-15
1.3756719159209992e-15
1.2451967068196063e-15
1.4769825990372567e-15
1.3433670556219948e-15
1.3728448419895758e-15
1.2039228528840993e-15
1.0443332451770797e-15
1.0785948176786298e-15
1.1502503330023295e-15
1.2840476487798016e-15
1.198669166075449e-15
1.1447737456258607e-15
1.1319309733272377e-15
1.18163500004919e-15
1.127577306284718e-15
1.1287715455321412e-15
1.358069466203454e-15
1.4498767454961385e-15
1.3394609022456163e-15
1.4697170406229921e-15
1.4649225021150573e-15
1.3973937653872174e-15
1.319671456044464e-15
1.3350815088478412e-15
1.2561920686676784e-15
1.1133821735091035e-15
1.1490402087799718e-15
1.1627183575693484e-15
1.1708033102253811e-15
1.0898568749302739e-15
1.1305780749454787e-15
1.0975893261466828e-15
1.1369600812623617e-15
1.2551241387066138e-15
1.1416716958284076e-15
Acceptance rate: 0.2934000000000011
Sampling time (10 samples): 5609.3801 seconds
