/scratch/users/yanlan/TroubleShooting/SM_ETwd/Output/AM_PM_ET_197_377_00
5.0554615138157186e-08
2.4237737617131775e-08
1.3079311708303692e-08
7.626267073892798e-09
4.16792584238718e-09
2.093384164739672e-09
1.1619823819253003e-09
6.580737121753424e-10
4.3136239510859006e-10
2.700753529662753e-10
1.6184571225733893e-10
9.664374587199533e-11
6.487693046897893e-11
4.619212814349325e-11
2.7524446614889274e-11
1.7759158043934936e-11
1.2987299916936798e-11
9.067813429750734e-12
5.82942092480772e-12
4.1975823836188804e-12
3.0883910478467573e-12
2.247442693749314e-12
1.8585726463930423e-12
1.5600917974632262e-12
1.1319581998880319e-12
8.566781914236164e-13
6.737883017228441e-13
5.601473016225026e-13
3.946431192637456e-13
3.125524391409225e-13
2.607278289723401e-13
2.26345213171734e-13
1.867340191142248e-13
1.718505788622456e-13
1.4397325498642156e-13
1.4205871390529837e-13
1.173861665615039e-13
9.186971224579638e-14
7.072730283895432e-14
6.479222679482094e-14
5.275553154048582e-14
4.816747203011205e-14
4.755845096656733e-14
3.8980067987201687e-14
3.6980059961769244e-14
3.4037594758199665e-14
2.7491539782675427e-14
2.379913175918921e-14
2.3815579563933087e-14
2.2479493783772704e-14
1.836908297110107e-14
1.6232652282579572e-14
1.5579949577026418e-14
1.4103481703894124e-14
1.3187228747107273e-14
1.3056406346025224e-14
1.1646383605706157e-14
1.1177650880264055e-14
9.572511689899565e-15
9.191941490670843e-15
9.479980252520373e-15
9.050140538589196e-15
8.86907932363452e-15
8.80368055191872e-15
8.216757618568109e-15
7.300997437175483e-15
6.908486073891022e-15
6.6066236346158415e-15
5.611580516696704e-15
6.701137380520435e-15
5.662584380201578e-15
5.807922046885969e-15
5.569709212654264e-15
4.87382034022758e-15
4.6407581104482564e-15
4.297767957658551e-15
4.428603238711639e-15
3.993916855531396e-15
4.661236574204872e-15
4.26758715521251e-15
4.1894308391485435e-15
4.34604302820432e-15
4.643238828617517e-15
4.270381547914449e-15
4.042587216778406e-15
3.6799721815505204e-15
3.819545124959505e-15
3.860910076352505e-15
3.736683839375329e-15
3.635789055230824e-15
3.4949438077084285e-15
3.3150668118605366e-15
3.2212431230729758e-15
3.4119624390057646e-15
3.7131574757721586e-15
3.786652141956756e-15
3.9842632478653305e-15
4.174776181957772e-15
3.622732779747644e-15
3.141572989440194e-15
Acceptance rate: 0.3114999999999993
1.6393283972894306e-15
1.5737724449008793e-15
1.654484869899273e-15
1.6445393268214428e-15
1.4658852568253724e-15
1.3943340303206155e-15
1.3964320122658396e-15
1.2239532620110675e-15
1.275004081541292e-15
1.2163544208770732e-15
1.2861011501928196e-15
1.1816389029421881e-15
1.1335721329922618e-15
1.1954531366571869e-15
1.1051173350380333e-15
1.190427258283302e-15
1.2144064955083826e-15
1.2032994137511109e-15
1.2230524324259354e-15
1.2385548346892421e-15
1.2213934236653058e-15
1.062085908250739e-15
1.0135531610789102e-15
1.103193418630794e-15
1.0426981650806578e-15
9.514666742973437e-16
9.816150324424034e-16
9.765545440634308e-16
1.0280743054819822e-15
9.758445070139497e-16
1.1004713393421678e-15
1.3124964933460109e-15
1.4319733843069355e-15
1.4392632276548446e-15
1.3369561657293116e-15
1.4473310741165651e-15
1.4956136988392882e-15
1.2491393389927123e-15
1.1726400632219971e-15
1.02845410759429e-15
9.53079151659926e-16
9.655648455204176e-16
9.085606184071459e-16
9.84856266216682e-16
1.0284699668793313e-15
1.056927268429871e-15
9.48817659240739e-16
1.019447408698574e-15
9.618226386406197e-16
9.156834670103772e-16
9.514305128859404e-16
8.830176506052587e-16
8.649230448894641e-16
7.973349768235023e-16
7.55513759905482e-16
7.063180627965482e-16
6.466208545379586e-16
5.824810806860488e-16
5.507475084160615e-16
6.211042088437705e-16
5.809025520055727e-16
5.312065393751811e-16
5.791918777558411e-16
5.618850319567862e-16
4.925837464415931e-16
4.655382537614366e-16
4.476374328696202e-16
4.146993862377494e-16
3.626502842911125e-16
3.744666348917999e-16
3.444580301829549e-16
3.303585199236111e-16
3.4691034446781233e-16
3.756509455713411e-16
3.531724216942391e-16
3.6880672027900405e-16
3.4391767063250503e-16
3.480138955594631e-16
3.2753859411212364e-16
3.3227530757528287e-16
3.12704884832017e-16
3.774663147444693e-16
4.0329120801954297e-16
4.2925857812715276e-16
3.974817576037744e-16
3.7167112149327605e-16
3.8392619220576213e-16
4.4093509919324834e-16
4.427595099156644e-16
4.728426924393134e-16
5.362551286391784e-16
4.776993650106811e-16
4.1615568523013166e-16
4.431132732810474e-16
4.597408509272795e-16
4.697725708970179e-16
4.938154950125084e-16
5.228656105273787e-16
4.4259417006204085e-16
4.321331787270866e-16
Acceptance rate: 0.2910000000000005
2.49338672953148e-16
2.7545037469899923e-16
3.045708568925129e-16
3.1792979288158835e-16
2.7504983341872317e-16
2.7161204435586314e-16
2.7942408409840936e-16
3.0005788417991206e-16
3.8623131429625253e-16
4.2090703729938267e-16
4.270497069223279e-16
3.6635359140091754e-16
3.485591063033183e-16
3.296444082910202e-16
3.3096809576547643e-16
3.463906355988812e-16
3.0675412607898354e-16
3.3411511863567757e-16
3.36442929776609e-16
3.320007284195209e-16
3.150345100842878e-16
2.982925519367515e-16
3.3374184575006294e-16
3.1171421456621216e-16
3.203448927771871e-16
3.586024325579823e-16
3.7095348740250326e-16
3.93261929128643e-16
3.9662681565970695e-16
3.823522938729365e-16
4.1659230192728113e-16
4.056052518714338e-16
4.187956886169076e-16
4.375591740918825e-16
3.9200225425399283e-16
4.530472937160373e-16
4.3922469762571766e-16
4.433566100077608e-16
4.841340121764203e-16
4.477744075460056e-16
4.773502646804673e-16
4.87481308727815e-16
4.918454905227937e-16
5.277356233585419e-16
5.65576065929621e-16
5.810390146144072e-16
6.674504793269015e-16
7.871232070121555e-16
7.164846638059152e-16
7.16480013063621e-16
7.773651384400675e-16
7.538332675710312e-16
7.19622314446833e-16
7.238693028247957e-16
7.208693066592117e-16
6.790905796699112e-16
6.427016619768493e-16
7.414782499663718e-16
8.95048254643769e-16
9.078816296091805e-16
9.64004656024665e-16
9.839289797491353e-16
1.092253222998293e-15
9.302096678626378e-16
1.0470390047887771e-15
1.0701070657778219e-15
1.103117819348851e-15
1.2560122458361583e-15
1.325811469588036e-15
1.4897545292185553e-15
1.5095893306277766e-15
1.4831581621461201e-15
1.4086348259488639e-15
1.2837507267041489e-15
1.3401650945131818e-15
1.292879335985221e-15
1.386383644223353e-15
1.3460412255358228e-15
1.4356399354674332e-15
1.426695075506689e-15
1.5278924897467906e-15
1.630795624442725e-15
1.884659286339673e-15
1.9514814350827823e-15
1.8356447871554235e-15
1.8456572537682996e-15
1.7677817123523229e-15
1.858057009709858e-15
1.89176069719883e-15
1.9126319728897305e-15
1.9457782714634207e-15
1.89602011984485e-15
1.9813969371591036e-15
2.1422323691433267e-15
2.412454583661124e-15
2.696768206095509e-15
2.7830474290407485e-15
2.4961810395840913e-15
2.3494865618273167e-15
2.3833907030837324e-15
Acceptance rate: 0.27816666666666745
1.3547553378868278e-15
1.3005794230260714e-15
1.2306209721206657e-15
1.223851653766772e-15
1.1248610689760725e-15
1.248075900549153e-15
1.1446440058816904e-15
1.0641611154913735e-15
1.148162533071563e-15
1.251258029786871e-15
1.3500335788632206e-15
1.2020795064754887e-15
1.1538924967768173e-15
1.2417389232742269e-15
1.3876002477713704e-15
1.399900196449595e-15
1.2512037622175685e-15
1.152107753642913e-15
1.1523545188766523e-15
1.166655706391793e-15
1.2339357112936905e-15
1.2140746663749386e-15
1.3333858961437518e-15
1.4051049801588983e-15
1.3743030175856771e-15
1.4008385516698284e-15
1.4791973801171529e-15
1.5293322495266276e-15
1.4691849408354515e-15
1.3693722951740827e-15
1.3605324413486609e-15
1.3365826930129233e-15
1.2404299255938667e-15
1.2236477476101785e-15
1.1699835910943758e-15
1.1625461624261686e-15
1.1478373141167215e-15
1.23974951374661e-15
1.2806916863767944e-15
1.2059902826103564e-15
1.327431595364186e-15
1.3284398570711348e-15
1.3984770762829422e-15
1.2741672967900384e-15
1.4216784055360438e-15
1.2978881200486818e-15
1.5055638771435491e-15
1.519247541075646e-15
1.5628549341617194e-15
1.6209770905124301e-15
1.6424410612543176e-15
1.9081856313593233e-15
2.005235933149382e-15
1.9114565828867966e-15
1.8418310201368287e-15
2.036978512807859e-15
2.087774491915593e-15
2.6930577562221195e-15
2.6499617136710832e-15
2.627256174471138e-15
2.333581413719535e-15
2.235422808350987e-15
2.194836209172853e-15
2.4336291225051397e-15
2.6302322229098224e-15
2.715263447085674e-15
2.581542839484031e-15
2.531874792828487e-15
2.6205464528863275e-15
2.839058656744885e-15
3.17194144213156e-15
3.2638976684428663e-15
3.1213701299449032e-15
3.3059597496924675e-15
2.8075654574906528e-15
2.95998987541149e-15
2.681341872652994e-15
2.753540315130141e-15
2.4780028910800018e-15
2.4256956518909023e-15
2.466434780274266e-15
2.4552427108602023e-15
2.1406329866702853e-15
1.974910942525777e-15
1.9747327095631757e-15
2.054651418041362e-15
2.2083921055873886e-15
2.256797671790042e-15
2.1526006849853775e-15
2.2396198982777166e-15
1.9829594184952043e-15
2.029858122578134e-15
2.3034632924061527e-15
2.3576091646514018e-15
2.6805545857383893e-15
2.7517709482476133e-15
2.782071554259632e-15
2.5632586631544224e-15
2.7648070353199014e-15
2.607799807390177e-15
Acceptance rate: 0.27237500000000053
1.5199448589844821e-15
1.4211769064333712e-15
1.565768518814704e-15
1.6427224221401975e-15
1.650677479178037e-15
1.6391888110637266e-15
1.6671051297319901e-15
1.6370398965394612e-15
1.4628918838362283e-15
1.440431555834139e-15
1.430942792392559e-15
1.3401471467118515e-15
1.2354755655611703e-15
1.1364955230133976e-15
9.763285694550236e-16
9.151400091826552e-16
8.932157962843027e-16
1.0864806572327644e-15
1.1167096386944895e-15
1.1419253999417247e-15
1.0496993373780691e-15
1.0263735593966414e-15
1.0870998700528127e-15
1.0622148726454755e-15
9.007059050626667e-16
8.279210853803639e-16
9.490568589673717e-16
9.615277088073037e-16
9.087923235603167e-16
1.0047160883765432e-15
1.026119313251992e-15
9.403795689732198e-16
1.0722455319215816e-15
1.050782510048877e-15
1.1175362217489333e-15
1.039935237502219e-15
1.0111552863879096e-15
9.648619208386486e-16
9.65675423049516e-16
9.364864607522517e-16
9.115918810739891e-16
9.028440040835795e-16
1.1705717169778043e-15
1.296923501934069e-15
1.153993897893257e-15
1.0616932997300312e-15
1.1352850803780676e-15
1.0634453256141408e-15
1.1050867155086358e-15
1.1185770788224784e-15
1.1396249908594465e-15
1.1114779796030178e-15
1.1416363362116265e-15
1.072971121335778e-15
9.741261311611224e-16
8.907595929350572e-16
9.346086145533811e-16
9.834832487318248e-16
1.0185193659671766e-15
1.0661718257032612e-15
1.1583948472679368e-15
1.0848660190918023e-15
1.0254876745718647e-15
1.0264289469389659e-15
1.0856831774877081e-15
1.147538937654216e-15
1.1826570051390085e-15
1.1303944031757487e-15
1.0396333748411797e-15
1.076950503543172e-15
1.0540336479166046e-15
1.1082563563406102e-15
1.0783598647459928e-15
1.0140841769980708e-15
8.893364441096739e-16
1.0969089436351534e-15
1.295446418753959e-15
1.238730042395459e-15
1.1279790449177056e-15
1.254949242682313e-15
1.3662078952008861e-15
1.3554351309629482e-15
1.364810954474277e-15
1.365760771139009e-15
1.4771359252835152e-15
1.424520425400201e-15
1.5700307613268917e-15
1.5605202945813968e-15
1.4882717533078087e-15
1.4052995349502e-15
1.4897346187046062e-15
1.6251610233766751e-15
1.396143976108507e-15
1.3073981802641876e-15
1.2259318140861293e-15
1.4238677681286125e-15
1.3988868538451046e-15
1.2616941529810115e-15
1.2973329623613514e-15
1.361582038148586e-15
Acceptance rate: 0.27949999999999925
8.056709238001823e-16
7.682753481337421e-16
7.70937416958653e-16
7.745316613780058e-16
7.648975859019169e-16
7.704770784314467e-16
7.73308394492212e-16
7.65038416650515e-16
7.818008922363288e-16
7.424042447223106e-16
7.528669157399033e-16
7.888209694811431e-16
8.524201244855022e-16
9.226133998464914e-16
8.611540082528743e-16
7.737646490439467e-16
7.439928948762703e-16
7.685450308767263e-16
7.805136038828524e-16
8.197894157242407e-16
6.972534697862022e-16
6.740443354428221e-16
7.700880202422339e-16
7.620318063310919e-16
7.718504610322728e-16
7.841657168303906e-16
8.056923187947987e-16
8.083209052193003e-16
7.815169561243812e-16
8.290598338454399e-16
7.996237631056703e-16
8.463327951187484e-16
8.978084149323836e-16
9.225223530477036e-16
9.76629455807026e-16
8.814295675116712e-16
8.570607373010352e-16
8.578885954028358e-16
8.028627998225207e-16
8.434257115152164e-16
9.332600287019533e-16
9.64046582602227e-16
9.442010737731074e-16
9.917336195622926e-16
9.271577077443235e-16
1.0082223160011753e-15
9.992496122317546e-16
9.51916890249938e-16
9.560584202899721e-16
9.176489279919826e-16
9.99773116570978e-16
1.0938044411533195e-15
1.238621408537146e-15
1.6292603186271857e-15
1.6619276347683895e-15
1.4778492039370976e-15
1.4691735837537602e-15
1.3811796051201955e-15
1.352002564640102e-15
1.2028782463949824e-15
1.105222669009386e-15
1.217261274020881e-15
1.176624957496733e-15
1.1363126685408547e-15
1.183997809016176e-15
1.1394491929791324e-15
1.081954238060442e-15
1.0630942253308746e-15
1.1600567058865528e-15
1.1766855220152507e-15
1.152089779386214e-15
1.1059207426054097e-15
1.1392001997190261e-15
1.144150670254135e-15
1.2335116821651624e-15
1.254082245042897e-15
1.2633190629238668e-15
1.2617742112122333e-15
1.3225271938191357e-15
1.2577489200851638e-15
1.1551593259745059e-15
1.056975271116512e-15
1.016452782417732e-15
9.805603596899795e-16
9.757069564750997e-16
1.0085420620866943e-15
9.104867734386087e-16
9.18124748518136e-16
1.02635713312189e-15
9.702334467971235e-16
9.708373406857654e-16
9.727501700653489e-16
9.786699355438636e-16
9.863093677097671e-16
9.591567422588572e-16
9.077447083691143e-16
9.566371046244815e-16
1.0197853144483306e-15
1.139274602029598e-15
1.3775367609694733e-15
Acceptance rate: 0.2813333333333323
8.130832497119453e-16
7.659119982682895e-16
7.398830754049088e-16
7.541676319238741e-16
9.181252359301542e-16
9.48076720620791e-16
9.960017414200562e-16
1.071648238684842e-15
1.1463417235567045e-15
1.1412450348418504e-15
1.1949685557013688e-15
1.2002403698283952e-15
1.2272730041842586e-15
1.3427537952783323e-15
1.286876752510207e-15
1.2512403830004235e-15
1.3358308051729825e-15
1.3012796312690772e-15
1.3860151621863401e-15
1.3292187220932804e-15
1.530718315997885e-15
1.6473313232167662e-15
1.8355451711314613e-15
1.726731754674556e-15
1.7579191272644346e-15
1.836381939611401e-15
1.8142964657946694e-15
1.634823275234227e-15
1.708985724705221e-15
1.8074025056375685e-15
1.673830286706664e-15
1.809235575634365e-15
1.7235075531589216e-15
1.772305279955948e-15
1.7117964958300067e-15
1.7036659092888453e-15
1.505727149859639e-15
1.6483352450857525e-15
1.6510038154140182e-15
1.5046135563329702e-15
1.3185083004126249e-15
1.3470856038349733e-15
1.3117808749918505e-15
1.3093063079768884e-15
1.3747929828416378e-15
1.5257457099271177e-15
1.6342134650754766e-15
1.7265603659633125e-15
1.7953292195532886e-15
2.0764017149885292e-15
2.1974759198428975e-15
2.2756790647992208e-15
2.5836815049050092e-15
2.475598750367815e-15
2.366711248619722e-15
2.075814800617111e-15
2.1014669958918676e-15
2.0714559584258863e-15
1.924707669797798e-15
1.927794891954667e-15
1.868564448440363e-15
1.84935284455436e-15
1.9309194032630876e-15
2.184559687405504e-15
2.273223391763474e-15
2.24778298102377e-15
2.1876575485938525e-15
2.283524551776369e-15
1.9690673245867445e-15
1.8019335470462707e-15
2.019168091309998e-15
2.0481307896009467e-15
2.041570778170738e-15
1.9447963122409356e-15
1.9595985586636617e-15
2.0273380383204223e-15
1.9993329085128398e-15
1.817538470451271e-15
1.7285737694709265e-15
1.831409992837808e-15
1.655236906982531e-15
1.5783119654020026e-15
1.4331040205075269e-15
1.4080017803183546e-15
1.3187759939126568e-15
1.3325573184850392e-15
1.4370470852029464e-15
1.4049686220352766e-15
1.4016352184807524e-15
1.5148084601259832e-15
1.653049391803183e-15
1.8566990801521406e-15
1.925412507330897e-15
2.0233302630773267e-15
1.8738088919753832e-15
1.997530931320476e-15
1.932051268056418e-15
1.9518778285934556e-15
1.9558463885189916e-15
2.3007261237678e-15
Acceptance rate: 0.28021428571428414
1.3480077240666377e-15
1.3861630579090099e-15
1.3393736466154257e-15
1.4304102750184793e-15
1.4868378368408088e-15
1.6769438561134313e-15
1.6394225935004433e-15
1.5607934001104609e-15
1.5095549785426571e-15
1.4422289843217326e-15
1.5368211038009839e-15
1.7248900549900218e-15
1.739382062179813e-15
1.7323323746378113e-15
1.8146558184049703e-15
1.8330360000273966e-15
1.9537457515263932e-15
1.9505827249630175e-15
2.2039028913780868e-15
2.295063267697516e-15
2.344145660890935e-15
2.2662037303301822e-15
2.168911314240448e-15
2.2633555690605516e-15
2.2287900364871255e-15
2.059058205657907e-15
2.096288210410731e-15
2.2138351825263864e-15
2.087542902091383e-15
2.126172298935479e-15
2.1247277861379903e-15
1.9492710052866934e-15
1.934672758247909e-15
1.971833014065473e-15
1.9514916734352354e-15
2.001840961893119e-15
1.9560125797026834e-15
1.9702978544796556e-15
1.7006008631971068e-15
1.9340972122518955e-15
2.0733218037095356e-15
2.065039163780566e-15
2.1371823950407247e-15
2.0139844264087127e-15
2.3086678557209823e-15
2.2944485367406223e-15
2.511264779194699e-15
2.6089477088425785e-15
2.900090588647631e-15
2.9652040341436404e-15
3.3707276858177942e-15
3.351210704174656e-15
3.2189104169191526e-15
3.3477829827056458e-15
3.288673378697361e-15
3.2804710088711125e-15
3.0040922000700484e-15
3.247973895527419e-15
3.0091907365091747e-15
2.8809524581851564e-15
2.6975283071397495e-15
2.3571531803900514e-15
2.368222644437376e-15
2.2433225944661595e-15
2.1410961068984895e-15
1.8743458923327628e-15
1.95952678417463e-15
2.0005453853606453e-15
2.0780750383391884e-15
1.884982794835453e-15
2.087014103611314e-15
2.177639761050365e-15
2.2421792248646593e-15
2.2079144912368097e-15
2.4663648719969426e-15
2.4440644909754854e-15
2.4086042081334898e-15
2.394975526707741e-15
2.586134564840431e-15
2.52916330321094e-15
2.4678979652324033e-15
2.364785925931119e-15
2.5969927158144203e-15
2.5730184685490908e-15
2.3484864974318506e-15
2.286407914652805e-15
2.345954972583705e-15
2.4563681370695435e-15
2.5587094249713815e-15
2.368073475883716e-15
2.2386833109953036e-15
2.4970739739147193e-15
2.3688041171220337e-15
2.6859059468699934e-15
2.5447789285637782e-15
2.6828573683519473e-15
2.4042235706521777e-15
2.3021314651596255e-15
2.099196347816289e-15
2.035107737858528e-15
Acceptance rate: 0.27962499999999807
1.2353707072598146e-15
1.2343845754784541e-15
1.2873471929701353e-15
1.375507841043613e-15
1.368988786961021e-15
1.3066167669992811e-15
1.3249875930616296e-15
1.353463424271779e-15
1.2842866017793145e-15
1.2588106403217662e-15
1.1440378682194269e-15
1.3767467288431319e-15
1.449862323539661e-15
1.514376521435476e-15
1.5279061715096888e-15
1.6129334722217951e-15
1.4994845088116046e-15
1.727946158957446e-15
1.6772744040405767e-15
1.478371231249343e-15
1.5008468484758987e-15
1.7746860458678472e-15
1.804829770777979e-15
1.8795474673999965e-15
1.8462680612133094e-15
1.9601675073648213e-15
1.9723494316410854e-15
2.128275478281818e-15
2.154234572659137e-15
2.188508452844578e-15
2.366662499607596e-15
2.3686950392709305e-15
2.400779565062375e-15
2.310334272802335e-15
2.6470942107501604e-15
2.602495708832507e-15
2.6202269087500425e-15
2.3802878299583326e-15
2.4251766033370736e-15
2.4036484932554635e-15
2.331055049224598e-15
2.220441353676229e-15
2.3967987934820652e-15
2.1200762778388266e-15
2.08550604165679e-15
1.960862714458395e-15
1.9598784089391234e-15
1.8247171074796556e-15
1.8425170829363134e-15
2.0804074581910795e-15
1.9190098979678604e-15
2.2025730236413082e-15
2.4220909344267692e-15
2.3232675226044787e-15
2.2569731401466827e-15
2.3516356719203407e-15
2.1636980205393608e-15
2.037974821458935e-15
2.0601832409322057e-15
1.8071069403523314e-15
1.669220077026558e-15
1.700956083792993e-15
1.7050916162433978e-15
1.614305471184742e-15
1.5693754820578177e-15
1.5931705124907016e-15
1.604730249143419e-15
1.4008749385023106e-15
1.2815574095930583e-15
1.228067687633563e-15
1.1553020073639606e-15
1.1054205634648785e-15
1.0007239273424602e-15
9.54280868971912e-16
9.494565156338238e-16
1.0374475622043848e-15
1.0206156632050993e-15
1.0804871617269667e-15
1.213113480223205e-15
1.3083330376314607e-15
1.3037924696162606e-15
1.290089667067702e-15
1.368650893038073e-15
1.3833207964000678e-15
1.362545142763901e-15
1.4105846858471051e-15
1.377293716770513e-15
1.5311511414230152e-15
1.6099019303779808e-15
1.717183273412613e-15
1.8819824835499327e-15
1.826456301180785e-15
1.6460044474563714e-15
1.6886312562748057e-15
1.51092113861736e-15
1.3885760143208029e-15
1.3495507719735602e-15
1.3405299472531908e-15
1.353537075533723e-15
1.3961009342216165e-15
Acceptance rate: 0.2803333333333315
8.509238381698109e-16
8.112447211875487e-16
7.778738835052551e-16
8.32473456322183e-16
7.498364453092426e-16
7.372697443950214e-16
7.095304650993398e-16
7.870678123505067e-16
8.01688642273004e-16
8.174542554002554e-16
8.932038928045296e-16
9.378797312649651e-16
9.029390628998194e-16
9.845298555361385e-16
9.417037649889366e-16
8.699157908069249e-16
8.568345895003928e-16
8.493701306463765e-16
8.25563668614098e-16
8.0585026471299e-16
9.3523602107107e-16
8.831520305690122e-16
7.999885148079958e-16
7.760126464844584e-16
8.504173167090318e-16
8.748418315058273e-16
9.421247192079767e-16
8.664737959610029e-16
8.983073595581774e-16
8.265260435597399e-16
8.149759165020255e-16
8.704404662232093e-16
8.340806819515952e-16
8.892070585673555e-16
9.7120005430524e-16
1.1754405536114294e-15
1.213437949084618e-15
1.3087970707186409e-15
1.3173111071695865e-15
1.3156653671962073e-15
1.1911449685587359e-15
1.2539105024004586e-15
1.2572798869703361e-15
1.26385582982097e-15
1.357288935878828e-15
1.443568734896285e-15
1.4257623179998805e-15
1.3613706047451188e-15
1.6766493740189365e-15
1.809026453047262e-15
1.7787435286309094e-15
1.6495064020180741e-15
1.6196210277805654e-15
1.7555805022383878e-15
1.8989702611440673e-15
1.7089122836698e-15
1.5564716738828457e-15
1.418860850996864e-15
1.4206356835558394e-15
1.4028928358081962e-15
1.486320822726781e-15
1.4004875540540373e-15
1.4170102665786312e-15
1.357492502858877e-15
1.2802166845217015e-15
1.3258900710628204e-15
1.2093044076762506e-15
1.2430475789960297e-15
1.3227626047844313e-15
1.523916814251353e-15
1.4847895454123408e-15
1.418226375616431e-15
1.4293434135571362e-15
1.3849820606800455e-15
1.3246513783255529e-15
1.6491006584829365e-15
1.953833996713521e-15
2.0911479759217473e-15
2.1089333611336317e-15
2.1145678039992885e-15
2.3260531229951816e-15
2.1714686885887594e-15
2.228544630799375e-15
2.3855803454506462e-15
2.131178865491172e-15
2.1821472208087712e-15
2.4200389537876817e-15
2.4116575320178848e-15
2.1930935561287504e-15
2.2002438123110056e-15
2.227123651014497e-15
2.2714038685636285e-15
2.2375570635129236e-15
1.9991494333708053e-15
2.0345786671258254e-15
2.0112998498508305e-15
2.056938929809588e-15
2.1568832259960042e-15
2.362069973476799e-15
2.2475578631219866e-15
Acceptance rate: 0.2806999999999984
Sampling time (10 samples): 5030.4584 seconds
