/scratch/users/yanlan/TroubleShooting/SM_ETwd/Output/AM_PM_ET_237_279_00
5.079618216660516e-08
2.385615964317743e-08
1.2125710036903468e-08
6.466872460518233e-09
3.6393122953641943e-09
2.096127633718317e-09
1.183136532222741e-09
6.800065273213034e-10
3.4221849848312257e-10
2.0084532361249693e-10
1.334066051996349e-10
8.672582218759825e-11
5.815072333622256e-11
4.2416213906543815e-11
2.9747956248161884e-11
2.0441494247694028e-11
1.3919157559725597e-11
8.858727217795034e-12
6.9145640438219616e-12
5.3615844855005975e-12
3.9936316832333576e-12
3.3504959455496205e-12
2.466481648377685e-12
1.823371903295489e-12
1.3092073433644554e-12
1.0158266279150374e-12
8.692533940749627e-13
7.230747321778738e-13
6.174644204784224e-13
4.98469830280343e-13
4.267983606141729e-13
3.879966352313881e-13
3.253873088058877e-13
2.9753730478745337e-13
2.7692812715342784e-13
2.2675008043460509e-13
2.00778701084466e-13
1.5226361750866594e-13
1.369321777366738e-13
1.23864277777706e-13
9.913609501769513e-14
8.306320774155241e-14
7.347151715690712e-14
7.110125407948382e-14
6.368582168992912e-14
5.95133665138907e-14
5.192640505470336e-14
5.269886088417513e-14
5.000168754900239e-14
4.253978624294909e-14
3.639476621603902e-14
3.1590216441959455e-14
2.800909277354707e-14
2.3707855844322508e-14
2.2692583222179936e-14
2.2928848998516754e-14
1.968245296371493e-14
1.831282724746825e-14
1.7754907219084316e-14
1.5759343633322973e-14
1.3803553513228282e-14
1.304945524738445e-14
1.205370356951136e-14
1.3053988384311055e-14
1.4200717060863286e-14
1.6788892458424494e-14
1.7740002046140564e-14
1.746595667708964e-14
1.632269745526817e-14
1.5116826963187828e-14
1.326273595775965e-14
1.2493570364325916e-14
1.2393223338565994e-14
1.1972501084527514e-14
1.0175574636502433e-14
9.807896970641333e-15
8.844397738852657e-15
9.313952551798393e-15
9.59024746388857e-15
9.25752232158762e-15
8.176367101596783e-15
7.846181401618379e-15
7.560821342209019e-15
7.641628076718315e-15
7.340056695158385e-15
6.6456297101760816e-15
6.232692716015899e-15
6.753048151779799e-15
6.872803982124767e-15
6.963048318101261e-15
6.889143154086026e-15
6.632171066641956e-15
6.28716080037462e-15
6.409095561970342e-15
6.2534213226370984e-15
6.352454097347981e-15
5.877854847871403e-15
4.701359398140717e-15
4.716818189458943e-15
4.252421426751253e-15
Acceptance rate: 0.30099999999999905
2.196530002089246e-15
2.1903699025398084e-15
1.9048998192004748e-15
1.6493894022904204e-15
1.5275894551382498e-15
1.666136832172838e-15
1.5870559567007178e-15
1.3980128197924845e-15
1.2762892327350614e-15
1.2270172199048735e-15
1.154778358626964e-15
1.155872992660528e-15
1.1609051851022524e-15
1.147184206041998e-15
1.110873766858726e-15
9.552864906881958e-16
1.1503445235902593e-15
9.942235500709322e-16
9.049744849000128e-16
1.0782169637045979e-15
9.640642183324586e-16
9.093641313783787e-16
9.352823800350403e-16
1.0778471717423607e-15
1.0674056956079466e-15
1.1916357867671109e-15
1.035013246919145e-15
1.0697434256416227e-15
1.05852191043369e-15
1.0055347272820406e-15
9.16451847321407e-16
8.396569719455365e-16
7.988497295105396e-16
9.417017612025074e-16
8.984359279220824e-16
8.109705531420244e-16
7.958356557457337e-16
8.461376202538621e-16
9.3158238504749e-16
8.833464832815276e-16
8.542930699165827e-16
8.551506749132461e-16
8.630592170394796e-16
7.683969555862192e-16
9.272480046301751e-16
9.840606466086161e-16
1.0799536813527742e-15
1.1167548632507486e-15
1.0224068825834906e-15
9.807333577646796e-16
1.0932845548426292e-15
1.0415023260781141e-15
9.974801140414016e-16
9.549341116663507e-16
9.82254991145713e-16
1.0914679228281602e-15
1.2073805167620528e-15
1.2354144111232863e-15
1.3724592301796609e-15
1.402202036852323e-15
1.363016010211205e-15
1.3118017357652515e-15
1.3435610840773482e-15
1.2316507317868026e-15
1.4564257338409914e-15
1.6894570309143738e-15
1.947326582428714e-15
1.8700034153425753e-15
1.7971372630545704e-15
1.7944730873284933e-15
1.4562978716471215e-15
1.3705011428608456e-15
1.3318958150801281e-15
1.3509518318098677e-15
1.52923208157891e-15
1.3443450724750457e-15
1.45740757648161e-15
1.7626776591701492e-15
1.5000004256565047e-15
1.2755518365901401e-15
1.2757800695635996e-15
1.1879559632319194e-15
1.1863349727311946e-15
1.1884716880345543e-15
1.0938552870686998e-15
1.0757999571800834e-15
1.1481441868309314e-15
1.1166664253936835e-15
1.0497513096172024e-15
1.1020257778775722e-15
1.3214836379077897e-15
1.4223109569020946e-15
1.4595110076556611e-15
1.4496654007532689e-15
1.4182210003670026e-15
1.3006117250535492e-15
1.1332298104253592e-15
1.0567023856031423e-15
9.710262461685905e-16
1.0198642733885887e-15
Acceptance rate: 0.29000000000000015
5.393556646077412e-16
5.556757157350072e-16
5.572126149818e-16
5.523363742619677e-16
5.683230227471444e-16
5.240629211917836e-16
5.731211074664566e-16
6.414803635863406e-16
6.334685331040043e-16
5.769460662675526e-16
5.110837033162154e-16
4.930982914822492e-16
4.736388478030128e-16
6.114570602337393e-16
5.942416780897678e-16
6.522236743842104e-16
6.393906198522799e-16
6.552332814641547e-16
6.482584738441152e-16
6.246641656510033e-16
5.981810640321071e-16
5.859621038221079e-16
6.289927104417946e-16
6.225884993557344e-16
6.434395772614341e-16
6.663188765495926e-16
6.334988833751941e-16
6.688107545395107e-16
6.583862556755555e-16
6.681925398804717e-16
5.870959132469011e-16
6.073425800340716e-16
6.28258370300687e-16
5.911040385948263e-16
6.097298281632743e-16
6.155201849026036e-16
5.754102900759611e-16
7.843785710975314e-16
8.440065799841685e-16
8.934791782605736e-16
9.717620187959985e-16
8.711364936456287e-16
8.193016977135387e-16
7.9652430566755785e-16
7.037284210746554e-16
7.65270222961225e-16
8.693239247326994e-16
9.109458303739547e-16
1.018311777669446e-15
1.1892904110811847e-15
1.3025669523856392e-15
1.5281771944421888e-15
1.6015008272294731e-15
1.689680266672578e-15
1.6479557345334348e-15
1.7404160476177599e-15
1.879352699004842e-15
2.2895202482202574e-15
2.943252668051722e-15
3.1080465538728723e-15
3.3685143580612583e-15
3.5439802329768167e-15
3.280996775814246e-15
3.226475667402666e-15
3.1160105113307364e-15
3.2180652548290088e-15
3.3291941358193543e-15
3.745472067640991e-15
4.178774401215429e-15
4.233868288178535e-15
4.159522152994894e-15
4.035883132516626e-15
4.004881716632864e-15
3.869040006288299e-15
3.589132038139924e-15
3.485717561273151e-15
3.1980486497215256e-15
3.0337322889086907e-15
2.9445000311694753e-15
2.9967000122661895e-15
3.076231136322764e-15
2.651673160556338e-15
2.4526044933258345e-15
2.392635898672262e-15
2.416810677287227e-15
2.355995908197221e-15
2.1865013135067306e-15
2.1612028450277702e-15
2.3341744130982814e-15
2.251368374087982e-15
2.1127982012202356e-15
1.9751705984308188e-15
1.8576138667797474e-15
1.7333643908852682e-15
1.80312889429234e-15
1.7467735983107827e-15
1.726636225359595e-15
1.8656502706009947e-15
1.8059273981256584e-15
1.80421523405437e-15
Acceptance rate: 0.28483333333333344
1.0319153237705505e-15
9.453877048037884e-16
8.096023339096595e-16
9.46301640581232e-16
1.1096163782359472e-15
1.0687907609905847e-15
1.0282323870012645e-15
9.823601184257804e-16
9.930553647536333e-16
1.117535744853357e-15
1.1284697367170798e-15
1.1098660554939154e-15
1.139087172442901e-15
1.0885588679226479e-15
1.1433286479942452e-15
1.113051638008615e-15
1.1031307040666017e-15
1.1382842916336434e-15
1.1489812779341004e-15
1.0638930575121866e-15
1.0648454887980623e-15
1.0431981314545804e-15
1.0579495024670412e-15
1.1487211901743164e-15
1.1387625901205014e-15
1.085138647060999e-15
1.0549858736272175e-15
9.572233398058812e-16
1.069999884570753e-15
9.953334167787146e-16
1.0170081761174807e-15
9.78024312255515e-16
1.0066414333236269e-15
1.0361679674147078e-15
1.0369797565153785e-15
9.586717784573814e-16
1.0427489464613591e-15
1.0180588823909242e-15
9.578480604969269e-16
8.815681945113687e-16
9.26409080325541e-16
8.488795633041523e-16
8.222298798115673e-16
8.734863404704349e-16
8.742489455937912e-16
1.0649157425322979e-15
1.1024622281567273e-15
1.0258999277960717e-15
1.1562706703989856e-15
1.3313719847373778e-15
1.391908286422999e-15
1.2195692743713456e-15
1.2015867817808504e-15
1.1797065876721204e-15
1.0659218780598432e-15
1.072819752705064e-15
9.943869519777105e-16
9.754961955319876e-16
8.826571090524545e-16
9.288992152178575e-16
9.138232561697653e-16
1.0253907063327268e-15
1.0848582110638288e-15
1.117678423582992e-15
1.0774009458734465e-15
1.1594457338934253e-15
1.1560240420219576e-15
1.2659925653755992e-15
1.347123103916255e-15
1.469101593002146e-15
1.5719350729546122e-15
1.8059643320126175e-15
1.7115422367176066e-15
1.6134402449894437e-15
1.7531686946520187e-15
1.900533732712601e-15
2.0091804920405674e-15
2.0987827026967905e-15
2.1917363019478824e-15
2.0061146603436938e-15
1.803014047694927e-15
1.6746589525973031e-15
1.934541721516561e-15
1.838142976205671e-15
1.8345578876132027e-15
1.8954829041856443e-15
1.94094341551137e-15
1.7498291462390489e-15
1.7168828479978898e-15
1.6658718334078e-15
1.732992488214549e-15
1.6720147646522146e-15
1.8787637673911817e-15
1.6879790511607505e-15
1.4346309741114445e-15
1.5186674292233163e-15
1.4585130000471736e-15
1.393917245005499e-15
1.3846269167352555e-15
1.4259031321776272e-15
Acceptance rate: 0.2802499999999994
8.072877662445471e-16
8.478074115196344e-16
9.437209935753084e-16
9.322180523890954e-16
8.356704479811525e-16
9.277157387158822e-16
9.261788823590473e-16
1.003016208728442e-15
1.0180357996912194e-15
1.1195909361497799e-15
1.1188250918766683e-15
1.21181837015441e-15
1.313957501702213e-15
1.3616197496182496e-15
1.3609120908657004e-15
1.3467607480519686e-15
1.386399598344913e-15
1.3314547179408935e-15
1.3474235652992781e-15
1.2653000707847824e-15
1.303779595373901e-15
1.187060802505517e-15
1.1715449886307978e-15
1.1963097365633564e-15
1.2134140316644817e-15
1.383551863977035e-15
1.332324859009284e-15
1.2492366734752375e-15
1.2360175548018012e-15
1.1317996568513112e-15
1.1003191467581267e-15
1.009616603610365e-15
1.0073429888895779e-15
1.180618381572746e-15
1.0847939757324346e-15
1.0662404374084963e-15
9.73246284007377e-16
1.0374889939084867e-15
1.0065846409721108e-15
1.0987088286532333e-15
1.2225691794468638e-15
1.1887093512571546e-15
1.075891749844955e-15
9.709508024833181e-16
1.0259842819446086e-15
1.0969153351904193e-15
1.2179674932133655e-15
1.2486362137185134e-15
1.2501136237756225e-15
1.1538298300430155e-15
1.1345069452660143e-15
1.0801685005358295e-15
9.792897399443883e-16
1.1011740949247154e-15
1.3822789741375625e-15
1.3558390627312762e-15
1.4180674298415441e-15
1.4625886566514332e-15
1.4133876820305018e-15
1.5735451345732355e-15
1.5217285671889392e-15
1.5488359783264224e-15
1.687119360291466e-15
1.6648273756926906e-15
1.5191803615653135e-15
1.5101373655045472e-15
1.6580590231898176e-15
1.7542733607869552e-15
1.7886641731218908e-15
1.721388425420316e-15
1.6913067406400731e-15
1.5625713140961147e-15
1.4676154414339387e-15
1.4918185114867503e-15
1.3529486697359486e-15
1.30484493512917e-15
1.3319825254094535e-15
1.3396909007139965e-15
1.3104815061474298e-15
1.4667543996118566e-15
1.5100033002744872e-15
1.6498798339411376e-15
1.4295953936320026e-15
1.5592326198003963e-15
1.8534887133081674e-15
1.804413968615151e-15
1.912924527472064e-15
1.9487482273647974e-15
1.8866577452770556e-15
1.817598669068394e-15
1.8746367796037905e-15
1.8900432501819185e-15
1.746231495027405e-15
1.8077116481462294e-15
1.8757948790003286e-15
1.759852333094857e-15
1.492350856372506e-15
1.3578726349607365e-15
1.4111364952996602e-15
1.377638600322006e-15
Acceptance rate: 0.2753999999999988
8.353039393550325e-16
8.920867507303766e-16
9.360876812049091e-16
8.831006401106012e-16
8.441895663198765e-16
1.002948307813232e-15
1.0510163027151685e-15
1.1151840861578575e-15
9.877477060918298e-16
9.318474728286767e-16
9.504335584404181e-16
9.734416585262962e-16
9.513629719877425e-16
1.0479483117015082e-15
1.0754597254846134e-15
1.1638064614407774e-15
1.1650037718116154e-15
1.2965740472720552e-15
1.1921336429702903e-15
1.2717080247890642e-15
1.1675929160230666e-15
1.190153479623401e-15
1.150596003726747e-15
1.1792782282347062e-15
1.2132189709207788e-15
1.4299533194208586e-15
1.3704921841511229e-15
1.4443776669564676e-15
1.4007158757573672e-15
1.2771081528128702e-15
1.302823889875484e-15
1.1982802838754148e-15
1.1600008764876542e-15
1.1263182603085693e-15
1.0830560267939257e-15
9.252081846299318e-16
9.386719309136202e-16
8.783481687811396e-16
9.065247204374237e-16
8.486456149233302e-16
8.12313199948685e-16
8.95718320495724e-16
9.549821525565832e-16
8.981583453802805e-16
8.528594335290912e-16
9.35031165881783e-16
8.911962748434967e-16
1.0430575117886745e-15
1.098201595874762e-15
1.2060895832854776e-15
1.1637914346448438e-15
1.0476927797349188e-15
1.077586362955382e-15
1.2486631857323164e-15
1.2973113664485158e-15
1.2283609506671264e-15
1.2384465681112825e-15
1.1654250626541446e-15
1.0109507903641773e-15
1.0954618751543358e-15
1.2237876434119076e-15
1.2919803001692275e-15
1.262744609481693e-15
1.3086760962913226e-15
1.1700959544643997e-15
1.1172340218717471e-15
1.16767218848074e-15
1.103004657673049e-15
1.1404049496565545e-15
1.1442010206006678e-15
1.0556422895238216e-15
1.0340245369648174e-15
9.796072497329109e-16
9.890835987442183e-16
1.0353061970746809e-15
1.1083607619415504e-15
1.068212183882855e-15
1.1690914507499998e-15
1.1575050821691145e-15
1.3161272522792253e-15
1.2124642763678355e-15
1.2064172207843734e-15
1.3117994264665639e-15
1.5572730820380298e-15
1.5841073405374447e-15
1.541344765975302e-15
1.5549403692864908e-15
1.579889266107485e-15
1.4993886740569246e-15
1.3751026921576615e-15
1.4162561269115032e-15
1.2480730402033806e-15
1.2650905617897253e-15
1.1990325195285201e-15
1.2882818500342298e-15
1.3113363147331684e-15
1.250695350556871e-15
1.184828064651793e-15
1.143923949844013e-15
1.0851838751332245e-15
Acceptance rate: 0.2773333333333315
6.300188832759875e-16
6.057175793004865e-16
6.000938360644043e-16
6.02664132051484e-16
6.013535252969044e-16
5.815068109815936e-16
5.826764242220228e-16
5.92336705631216e-16
7.350174826084094e-16
6.632266482882882e-16
6.405855201122796e-16
6.720335190992465e-16
6.857474575022023e-16
7.028402352252843e-16
6.96164413130057e-16
6.67095458689202e-16
8.203154107206533e-16
7.277187805119426e-16
8.368063975552109e-16
8.30447587329511e-16
8.5284711661119e-16
9.158917554000955e-16
9.565431188173445e-16
9.306196883484952e-16
9.3748422730143e-16
9.754506377026996e-16
9.677175978628698e-16
1.0394498608366647e-15
1.2402846143288208e-15
1.3978875719062005e-15
1.4786858753568607e-15
1.5502723375680387e-15
1.6478350741165628e-15
1.7634234602344167e-15
1.4492305591439374e-15
1.4200557599004838e-15
1.5380241118042274e-15
1.5706612919320605e-15
1.591803616279386e-15
1.652070963472668e-15
1.7415507287455299e-15
1.9872295275355e-15
1.9866655214780283e-15
1.9214592930140758e-15
1.799506492228079e-15
1.6724678214927587e-15
1.9127406181829815e-15
1.9366323427666007e-15
2.06233989407451e-15
1.977672819882263e-15
1.8871124510815425e-15
1.8562643854427927e-15
1.8146156244151644e-15
2.015761206282122e-15
2.0138554711073524e-15
1.9136879124799915e-15
1.6804944695718037e-15
1.774568274779494e-15
1.6140643253177576e-15
1.6519178545556232e-15
1.8146961255493852e-15
1.6262822051251032e-15
1.5989124679448512e-15
1.7133556725703736e-15
1.8311982350948804e-15
1.6503107373574864e-15
1.6553266845974536e-15
1.6543653031416572e-15
1.6023048294693139e-15
1.6172911450061889e-15
1.557785344667073e-15
1.515686242922597e-15
1.4341506485516744e-15
1.4402992822349263e-15
1.552342739283472e-15
1.704454670818364e-15
1.979530647097627e-15
1.9860328774649532e-15
1.890462929806441e-15
1.9379798586452746e-15
1.7596174328861776e-15
1.7647487636298533e-15
1.8171095142074596e-15
1.920763298043348e-15
1.912325707165781e-15
1.8158859305683084e-15
1.7477774441846237e-15
1.728541086726834e-15
1.7612947566887818e-15
1.9177678271551207e-15
2.0091407155244915e-15
1.828143688311222e-15
1.7881484634908025e-15
1.7380716132164259e-15
1.561333116034952e-15
1.5088676153023203e-15
1.6021348635830932e-15
1.7250803927456132e-15
1.5543301023703347e-15
1.6937471835416244e-15
Acceptance rate: 0.27971428571428475
1.0208545801183676e-15
1.1320030281228687e-15
1.122457210663694e-15
1.08651079029341e-15
1.0094983364620961e-15
1.012146339758568e-15
1.0173292550018235e-15
9.272136406400572e-16
9.47490678008503e-16
9.776329996924745e-16
9.602747363513419e-16
1.181582540869577e-15
1.114417459904841e-15
1.2525389258610873e-15
1.3348340985430736e-15
1.5605328389066461e-15
1.8049727205327577e-15
1.7102409812863014e-15
1.8408251154818414e-15
1.834899476447782e-15
1.8097294216406323e-15
1.7554082293899245e-15
2.1148638378486334e-15
2.1907249009039196e-15
2.1459485606466758e-15
2.0571096705096224e-15
2.20679109711706e-15
2.4492460305850126e-15
2.367943686914998e-15
2.3979814547725668e-15
2.427507934970424e-15
2.4621385872402526e-15
2.3491737965197945e-15
2.917584158085101e-15
3.0265530894030296e-15
2.9863035789506562e-15
2.9358616035883074e-15
2.9981567597662968e-15
3.017855209660784e-15
2.7727890495472215e-15
2.780906573674269e-15
2.5923500006930786e-15
2.4220066398483177e-15
2.5426526664432864e-15
2.2674282790343283e-15
2.1443854658904896e-15
2.1331619416040585e-15
2.0999192393507522e-15
2.3422363964303873e-15
2.307419104950016e-15
2.0425177500250273e-15
2.2284477880417693e-15
2.4789685638884626e-15
2.5151944288462157e-15
2.5894753240620847e-15
2.8900424304673278e-15
2.7478774313508482e-15
2.717975027111402e-15
2.7469643086366503e-15
2.6010962341208823e-15
2.6363722498077024e-15
2.9090114262931462e-15
3.0142462915510093e-15
3.4499423964919353e-15
3.6484759209089914e-15
3.6272276555258365e-15
3.4908358358884894e-15
3.4606562581909502e-15
3.804143757263782e-15
3.807913510034947e-15
3.657683205387308e-15
3.2141572293488283e-15
3.185412642207988e-15
3.1584636073935328e-15
3.094592376713281e-15
2.9056079476289565e-15
3.2693498381713327e-15
3.230004839211644e-15
3.047071903863954e-15
3.2390125785704536e-15
3.432703103068383e-15
3.549196898147678e-15
3.78958403192905e-15
3.4360823060920087e-15
3.193459602088981e-15
3.057030445955364e-15
3.189727949651099e-15
3.066281496615124e-15
3.3004668098319856e-15
3.351790296497826e-15
2.9797047506278053e-15
2.8402246740106755e-15
3.183361302225234e-15
3.068101945846732e-15
3.3778054835092004e-15
3.4936103004180733e-15
3.960051710411995e-15
4.2796245407816885e-15
4.512793506956837e-15
4.478900451080091e-15
Acceptance rate: 0.27512499999999945
2.6488187263600224e-15
2.4769549443164998e-15
2.8650603168977804e-15
2.728133234823332e-15
2.6810715923438763e-15
2.6945597376840722e-15
3.0708513345113117e-15
2.86966380255618e-15
2.46323639377253e-15
2.3053981715892146e-15
2.705219725478168e-15
2.6467134406361837e-15
2.5576063777503312e-15
2.6626017683838642e-15
2.5919809333463706e-15
2.7688722140031776e-15
2.783144287488018e-15
3.095345471869352e-15
2.9456162464770894e-15
2.6277703499891556e-15
2.9303177423148885e-15
3.021990573716477e-15
3.098833921214301e-15
2.8322738601363292e-15
2.4456039500015547e-15
2.5953344724289645e-15
2.530332115743567e-15
2.485028542832771e-15
2.3219938338774405e-15
2.2715212688664905e-15
2.585138072255102e-15
2.5478791902937592e-15
2.3392833604186033e-15
2.3361841218601065e-15
2.0708714047604665e-15
2.0378373107027576e-15
1.7576537442958117e-15
1.778246417470246e-15
1.945496836137088e-15
1.883692261715733e-15
2.001111423573722e-15
2.061986068001592e-15
2.3500417040297274e-15
2.298486926758814e-15
2.1112133847337646e-15
2.1139358172328635e-15
1.8713529171010117e-15
1.729987245563135e-15
1.6752233807779082e-15
1.5911324294151792e-15
1.577256523940212e-15
1.6234260758485484e-15
1.6442253033629678e-15
1.8927684250050042e-15
2.023879238344371e-15
2.022605305965719e-15
1.8921214118137654e-15
1.6673706070455197e-15
2.180944482991404e-15
2.852237716167415e-15
2.7068412563416357e-15
2.7191758048016426e-15
2.4712151499780654e-15
2.248409718392073e-15
2.268834144953774e-15
2.360723273247807e-15
2.4951884968595263e-15
2.613348247436885e-15
2.787121435511928e-15
2.714893048726182e-15
2.613711421964034e-15
2.8826660860291664e-15
2.396767833123771e-15
2.1934594450081876e-15
2.137630610775785e-15
1.9825833039310534e-15
2.0850009921917104e-15
2.000377818666863e-15
2.0028882201035333e-15
2.2118898719034474e-15
2.2277886043940906e-15
2.1498868251858455e-15
2.071490717178253e-15
2.1103151027447284e-15
2.0249851231821165e-15
2.0619607509247544e-15
2.121057416751451e-15
2.0682412711749583e-15
2.1054811341681547e-15
2.0550157865382657e-15
2.0259669068000333e-15
1.9744105920775997e-15
2.1371155258285173e-15
2.256655532072753e-15
2.2969963702911996e-15
2.19848395370518e-15
1.971879697171346e-15
2.3628822133944518e-15
2.33655537335385e-15
2.1926075563758547e-15
Acceptance rate: 0.27383333333333193
1.3521603721299876e-15
1.445050123964565e-15
1.5074047796592603e-15
1.4680086075945592e-15
1.5356378589327308e-15
1.6390294140539683e-15
1.592579771199785e-15
1.500206007164513e-15
1.4910064317281187e-15
1.5757723999019745e-15
1.516070005160535e-15
1.5685988613203174e-15
1.5298964643456088e-15
1.4580189954765635e-15
1.4552457984023523e-15
1.5267569417739781e-15
1.608222278626733e-15
1.4278740649597515e-15
1.4230138626050792e-15
1.2925695980049768e-15
1.138283164387933e-15
1.2332794594934656e-15
1.1307774796763829e-15
1.0302585485221503e-15
1.096385248486997e-15
1.0962870626060356e-15
1.0172361241400626e-15
9.329382737113234e-16
8.555190238502025e-16
8.667340061240419e-16
9.27742685394087e-16
1.040621572047875e-15
1.1371518037717343e-15
1.1665268979226778e-15
1.1736380598567102e-15
1.3071802621091729e-15
1.1626648281513453e-15
1.0970585841071974e-15
1.3418575754191596e-15
1.4152192917154688e-15
1.4330588395137454e-15
1.454407877486324e-15
1.4839197794873196e-15
1.6098342260848037e-15
1.7252141721327069e-15
1.6653781904696911e-15
1.533984988728414e-15
1.3914930255770751e-15
1.41056486008648e-15
1.4284453303690197e-15
1.3116961848250493e-15
1.3494884535205366e-15
1.267780325359834e-15
1.354297246497591e-15
1.2888766433612154e-15
1.291636481766778e-15
1.5981665286882666e-15
1.3019098277766477e-15
1.4270177086277497e-15
1.3756584313678908e-15
1.5545774035303815e-15
1.5386988082982834e-15
1.2896778682623598e-15
1.2667328153527368e-15
1.2289762537572729e-15
1.4973430825643251e-15
1.437379714415198e-15
1.5086059302231234e-15
1.7023361531062468e-15
1.6940816555319547e-15
1.641169777642327e-15
1.6839284487291646e-15
1.6949254311361178e-15
1.7553382923493774e-15
1.91616437543651e-15
1.9138233486767633e-15
1.93212686970756e-15
1.809550134286799e-15
1.844225187748676e-15
1.7025876102725447e-15
1.814299635709917e-15
2.0580430321335225e-15
2.0503422576012133e-15
1.8682670169205663e-15
1.875224330021697e-15
2.3028248723463908e-15
2.3526618298581738e-15
2.1290317041275552e-15
2.3386333659567093e-15
2.418746298464474e-15
2.255146247873093e-15
2.1291924778229456e-15
2.227927373566599e-15
2.2565352281395515e-15
2.144122366404819e-15
2.323968905007063e-15
2.1812953354824163e-15
2.1937792705850055e-15
2.4328558277913072e-15
2.39732146968858e-15
Acceptance rate: 0.2721000000000003
Sampling time (10 samples): 5242.1639 seconds
