/scratch/users/yanlan/TroubleShooting/SM_ETwd/Output/AM_PM_ET_169_350_00
4.979765528906874e-08
2.2032661140109994e-08
1.09168028544655e-08
5.966427885614276e-09
2.9906917578411836e-09
1.5764860190807391e-09
8.004025121085964e-10
5.266742680800103e-10
2.894308713821991e-10
1.7226174161329068e-10
1.0359628521214444e-10
6.912848262384327e-11
4.616502550072089e-11
3.0395213374162564e-11
2.2461662834887415e-11
1.4013983241245157e-11
9.867295594273115e-12
5.898059043097307e-12
4.3124806111929934e-12
2.981968239123556e-12
2.1695732028691222e-12
1.7150029744852065e-12
1.310047156174773e-12
8.657473702968726e-13
6.225549262058922e-13
5.393876776002653e-13
3.842088100137396e-13
2.5759251438520096e-13
2.0691508866022909e-13
1.64598822251613e-13
1.3227941612461208e-13
1.0565923344044562e-13
8.968101100976605e-14
9.070827492488836e-14
7.919883296903418e-14
6.691558183564133e-14
5.951266608453665e-14
5.797975691636793e-14
5.2571353798515306e-14
4.9781588295934834e-14
4.274634360805475e-14
3.671259295389218e-14
2.934437819483004e-14
2.6743203909286646e-14
2.2928815403920786e-14
1.8017667652075904e-14
1.7188574988853643e-14
1.7615309568773285e-14
1.3478204025258864e-14
1.160281881286199e-14
1.083324622698635e-14
1.0257324122352611e-14
9.373372980835284e-15
9.181960566946079e-15
8.533911937593479e-15
7.812550210407881e-15
7.55730043861002e-15
7.756114562466726e-15
7.573285665467315e-15
6.481266125663192e-15
5.994078943412937e-15
5.647819441528257e-15
5.1660234204154414e-15
5.291693853089592e-15
5.0404290508290004e-15
4.670064514677262e-15
4.203534236848113e-15
3.720839580369859e-15
3.9525422413159586e-15
3.4602575977454643e-15
3.283886149562483e-15
3.540928006106543e-15
3.4205531885156337e-15
2.8315454630361084e-15
3.275484703207328e-15
3.165212038283075e-15
3.4733971591351147e-15
3.499789651402729e-15
3.0178149140138603e-15
2.739489533702153e-15
2.451143209658368e-15
2.2206727423726267e-15
1.8205358767517246e-15
1.8347549015764975e-15
1.5955976099761586e-15
1.364218810360033e-15
1.4682775817882054e-15
1.3269255696370601e-15
1.3426910043271201e-15
1.2619420830903241e-15
1.2539056018403375e-15
1.1350888558316427e-15
1.0520098170651536e-15
9.207793684034197e-16
8.958589582853944e-16
8.98020937079766e-16
9.0370478849694e-16
8.309645878773753e-16
7.108751600257335e-16
7.517259058282934e-16
Acceptance rate: 0.26699999999999985
3.935054203716396e-16
3.7459974965816395e-16
3.447627678270148e-16
2.885400220707677e-16
2.7530745771589786e-16
2.7313898445370793e-16
2.7206932224977463e-16
2.9343597276562956e-16
3.0049651583800905e-16
3.173848614213295e-16
2.642284561069949e-16
2.6692467590237745e-16
2.4890218120187723e-16
2.5084272336262695e-16
2.3711120857744565e-16
2.2030063543374566e-16
2.0634766594919414e-16
2.1786574349910324e-16
2.015601868378902e-16
2.1490389973785907e-16
2.0518390478063053e-16
1.977959770301263e-16
2.467557565666389e-16
2.5175394852738516e-16
2.469239125136596e-16
2.405561861533774e-16
2.5821693108150704e-16
2.238093319023958e-16
2.764075027615044e-16
2.815696902952969e-16
3.1642368847294495e-16
3.093398661760868e-16
2.7666812969969634e-16
2.5923625756380044e-16
2.375622839078099e-16
2.6369106542264264e-16
2.905037743488334e-16
2.793577682697823e-16
3.0036332992934173e-16
3.2905255057872604e-16
3.483324698014429e-16
3.4171869712994234e-16
3.77659923139359e-16
3.5151120662522883e-16
3.165902853805883e-16
3.030882720416894e-16
3.638242144444745e-16
3.509863078421558e-16
3.674858510769385e-16
3.407273071471123e-16
3.526157287027994e-16
3.4664091120581855e-16
3.2731206146818775e-16
2.92467885330965e-16
2.741047036045446e-16
3.1199631194149985e-16
2.665051896404759e-16
2.738056004925538e-16
2.9159789117098476e-16
2.6103554613983613e-16
2.648829816712848e-16
2.7909288669559054e-16
2.9108604820106466e-16
2.890072145725793e-16
2.8114787061297577e-16
2.661502168945447e-16
2.8321455474042053e-16
2.5928857325306405e-16
2.446194090531092e-16
2.2683959441950007e-16
2.1977183421437528e-16
2.337881349794065e-16
2.287415446645045e-16
2.619352451463917e-16
2.650173610435396e-16
2.343963754164563e-16
2.332783643005742e-16
2.302323413409148e-16
2.4344671086851445e-16
2.5575018710228087e-16
2.612031211635854e-16
2.5592123618479764e-16
2.541056845708688e-16
2.4913267581687767e-16
2.5174278062739096e-16
2.727108945099679e-16
2.9353949688361517e-16
2.8091617449690567e-16
2.54137419877471e-16
2.563941311163412e-16
2.3282320736107584e-16
2.307699587672745e-16
2.2153582839075857e-16
2.348015533954488e-16
2.2661970797471566e-16
2.277402213300207e-16
2.2300131950056973e-16
2.1496674386049034e-16
2.1266227940720105e-16
1.8846048238026624e-16
Acceptance rate: 0.2785000000000005
1.0520623373896924e-16
1.2094786270356902e-16
1.3781451013503762e-16
1.2746965355968464e-16
1.3220950017753995e-16
1.4606566416249928e-16
1.642863079311934e-16
1.566312588274701e-16
1.4928330577819968e-16
1.622287211329162e-16
1.923329161395547e-16
1.8084606305454458e-16
1.673246418326018e-16
2.0022853440569788e-16
1.8846828741749114e-16
2.0907609163770327e-16
2.0709369386150931e-16
1.8559779809081824e-16
2.15701526413898e-16
2.0381477810596524e-16
2.2304134640474865e-16
2.186363331793549e-16
2.0025058982239363e-16
2.052213064053844e-16
1.7475149351522275e-16
1.7149106394188453e-16
1.5962389620071121e-16
1.6483539327463545e-16
1.8267336710939967e-16
1.916850044384702e-16
1.9988344580959313e-16
1.7946554168846282e-16
1.7695792163891338e-16
1.9576259098480806e-16
1.7753950523916163e-16
2.0963670674249665e-16
2.3160605431354724e-16
2.1414714405002408e-16
2.0662110563101592e-16
2.2487496560104997e-16
2.134054132246945e-16
2.1930734293820535e-16
2.1725275886731434e-16
2.1073963099147496e-16
1.9600731107469718e-16
2.2152489993046295e-16
2.312924830840948e-16
2.2147067417138645e-16
2.241630214430317e-16
2.3222216236221263e-16
2.5726693647092587e-16
2.6367502957502035e-16
2.911187436502846e-16
3.564893800267478e-16
3.3363064164636976e-16
3.9821532811823024e-16
3.656024457084141e-16
3.73010675584689e-16
4.1118723967967394e-16
4.176324839997558e-16
4.074273704939928e-16
3.9051103308546256e-16
3.965071640720865e-16
4.283036482908943e-16
3.751300827398782e-16
3.796358425212674e-16
3.4817998972500863e-16
3.1072522076747074e-16
3.0219085921280465e-16
3.248065619582246e-16
3.034887209550415e-16
3.187305692237067e-16
2.962224570723923e-16
2.9013092556233873e-16
2.9266064407343587e-16
2.969377468362045e-16
2.930898614725728e-16
3.0112159615349496e-16
2.727772082476024e-16
2.620956160137436e-16
2.5543733315859093e-16
2.746983781557182e-16
2.4237225918840035e-16
2.4214246729813086e-16
2.35684253909381e-16
2.509964663688954e-16
2.496510336157185e-16
2.9803743289621523e-16
3.072592311053715e-16
2.9873931878897646e-16
3.1299508458810674e-16
3.0467970718027853e-16
2.936880018834237e-16
2.808649783168898e-16
2.7531053394377957e-16
2.5106207165957146e-16
2.6237251117008376e-16
2.7082914777676446e-16
2.952826989252923e-16
2.9786002921815115e-16
Acceptance rate: 0.27883333333333316
1.706174600201146e-16
1.8044271738094342e-16
1.781875211647224e-16
1.726424311708802e-16
2.1140369201615706e-16
2.348900310343982e-16
2.6357509851472966e-16
2.725800246997715e-16
2.5136761280162508e-16
2.5800911066767357e-16
2.5646554373098694e-16
2.3784712031829935e-16
2.4237830093399097e-16
2.2570949115793906e-16
2.1858137778016214e-16
2.193222495920624e-16
1.9804194223421243e-16
1.9241021026510496e-16
1.6503500865258465e-16
1.584729827088654e-16
1.7674369014462063e-16
2.3184852683347474e-16
2.5621624339119494e-16
2.448193409728348e-16
2.0676373709509162e-16
2.0835158553727542e-16
2.5794360277464178e-16
2.6998056788902606e-16
2.349536709627107e-16
2.3470196756650718e-16
2.2747630190096164e-16
2.223706183705379e-16
2.1171520350257609e-16
2.009720753628851e-16
1.9840119579807577e-16
2.0964382188733396e-16
2.2795803993405854e-16
2.216888331760698e-16
2.229198938210374e-16
2.389258254006878e-16
2.2376330111821803e-16
2.1225114393980453e-16
2.3664099603842687e-16
2.717853182759211e-16
2.9446388858747863e-16
3.0460574435966707e-16
3.2177100319781193e-16
2.980129856876172e-16
3.142252100643906e-16
3.2079900207764263e-16
3.159948160830675e-16
3.2576501222182484e-16
3.312805222374585e-16
2.997280418401955e-16
2.9443971218092525e-16
2.856711053689347e-16
2.9955092460711763e-16
2.807232354185885e-16
2.7968480042513555e-16
2.6292125596405534e-16
2.522165975139876e-16
2.3358930453540505e-16
2.47829234450786e-16
2.5426944294551397e-16
2.5267340881685867e-16
2.7682831141002917e-16
3.0466818477362267e-16
3.285396717086986e-16
3.5666573592479383e-16
3.5877220228823424e-16
3.992394725087002e-16
4.308380480284671e-16
4.382791516550475e-16
4.780586214274415e-16
5.042721596533756e-16
5.236766897585227e-16
4.977096691694677e-16
4.815232527319389e-16
4.593779992338094e-16
4.579112522789966e-16
4.721354779658455e-16
4.538504886323579e-16
4.1998218800135446e-16
4.665477246782822e-16
4.889344657289223e-16
4.423531616352455e-16
4.002785271223011e-16
4.227442133724956e-16
4.064764273136863e-16
3.447024886215116e-16
3.627952988282733e-16
4.084658501249233e-16
4.186075893835033e-16
3.982095160713727e-16
4.951165761128783e-16
5.101587386062933e-16
5.084144185300425e-16
5.420604330218458e-16
5.688307639592958e-16
6.074524749228109e-16
Acceptance rate: 0.28037499999999926
3.588508340134298e-16
3.5798836676667537e-16
4.04847398900045e-16
4.03202449617144e-16
4.61330336457705e-16
4.770578753264326e-16
4.905919028774483e-16
4.234464481793864e-16
4.1612378769663132e-16
4.520723370286747e-16
3.9566567917744095e-16
3.79352605850272e-16
3.742357467186261e-16
3.9613622474785797e-16
3.76556596790506e-16
3.49373866160284e-16
3.6251476879868206e-16
3.515175244487751e-16
3.4081202410260765e-16
3.428835947911049e-16
3.070071407514301e-16
3.4242783652332824e-16
3.6543896048825305e-16
3.956494854425756e-16
3.945431427913558e-16
3.9721560153526436e-16
3.6517649933591755e-16
3.599263432619187e-16
3.6276066952031797e-16
3.227722528949738e-16
3.068926298232388e-16
3.0904431471913924e-16
3.3849578214643057e-16
3.301358862210119e-16
3.7795673929375076e-16
3.6838936805413e-16
3.5165175247444844e-16
3.432667993174401e-16
3.639376160060437e-16
3.7619265458270286e-16
4.085836797823745e-16
4.100934527197684e-16
4.300566238161366e-16
4.3615529370492324e-16
4.653102038155423e-16
4.745855194791221e-16
4.693798562769421e-16
4.581076399048805e-16
4.4280210772036404e-16
3.9555239421255895e-16
4.2086126447071956e-16
4.617577482985158e-16
4.817820891937649e-16
4.381706832088687e-16
4.54290685775936e-16
5.404538177260532e-16
5.974785751715075e-16
5.61348302450658e-16
5.620533344578736e-16
5.204699125272991e-16
5.285513497093057e-16
5.349109940426407e-16
5.071840111906459e-16
5.120282412926278e-16
5.712826933825375e-16
5.079529865455177e-16
4.916002188409438e-16
4.812736550319624e-16
5.390649527398936e-16
5.4680253231415e-16
5.532359986513186e-16
5.357582384760139e-16
4.713812378955461e-16
4.2464576465165804e-16
4.425680263539573e-16
4.44836293185202e-16
4.789106964845718e-16
4.2395062085120523e-16
4.3650814853035086e-16
4.137880292231126e-16
3.904624710985878e-16
3.590968043387791e-16
3.563148006208649e-16
3.942128406697204e-16
3.7148381053983017e-16
3.66121190878284e-16
3.7849367432907857e-16
3.45730112779207e-16
3.7400020923612905e-16
4.188092886538524e-16
4.55286109331696e-16
5.420086866453184e-16
5.385541798247677e-16
4.80358638012267e-16
4.2872366735396767e-16
4.0051496003983434e-16
4.494818835573141e-16
4.1554692556348204e-16
3.974968512930373e-16
3.8131343051908956e-16
Acceptance rate: 0.28550000000000025
2.250968168893741e-16
2.6200916941714193e-16
2.430405318226955e-16
2.177186333935878e-16
1.9222441378469308e-16
2.18281017311708e-16
2.1965742722367802e-16
2.2656368389127533e-16
2.3212294711276605e-16
2.1164253038630507e-16
2.2806446059094116e-16
2.330768679522342e-16
2.4325434159164956e-16
2.3597621182855126e-16
2.394142557951708e-16
2.5940837524107047e-16
2.4768143672330294e-16
2.4826990185576225e-16
2.7582328096639727e-16
3.597600894759418e-16
3.417095753528935e-16
3.1771755538369737e-16
3.3386753082789896e-16
3.28809057167157e-16
3.1134876715312514e-16
3.1779853418032113e-16
3.1572267374805673e-16
3.48197062217458e-16
3.171490108532375e-16
3.3023148457017175e-16
2.8474354535545e-16
2.780809841791153e-16
2.769515663365435e-16
2.463148326482104e-16
2.823357365819337e-16
3.1605900644512823e-16
3.312736309009974e-16
3.2158987219458613e-16
3.308371364372091e-16
3.141309862688864e-16
2.727736270273676e-16
2.7378077636376606e-16
2.628739941724647e-16
2.5385944095097024e-16
2.5056172237217037e-16
2.5623349257008397e-16
2.479901360321774e-16
2.4322458986579237e-16
2.4624295729420314e-16
2.131387388079845e-16
2.1235477831565944e-16
2.4207585720041226e-16
2.9181470992361025e-16
2.7499237061483176e-16
2.421563949313858e-16
2.2130441840523212e-16
2.172551528298899e-16
2.509234465313415e-16
2.84141860877857e-16
2.7380183188489394e-16
2.7228758293902735e-16
2.8773736915413526e-16
2.9260229576185385e-16
3.160749420736323e-16
3.386819093886587e-16
3.6989410003255105e-16
3.556693669235578e-16
3.6367464254479305e-16
3.528108150560957e-16
4.508220069176396e-16
4.723928658677909e-16
5.096906527032057e-16
4.833125875978265e-16
4.4231887953098774e-16
4.197379026210599e-16
4.585742208302999e-16
4.372175019305909e-16
4.062332739468009e-16
3.951435845860044e-16
4.00441524146368e-16
4.0937351835533756e-16
4.7311347864675e-16
4.721206062302215e-16
4.525132174043339e-16
4.4071711630193014e-16
4.0513323215554275e-16
4.67181562306122e-16
5.603983823828147e-16
5.758446188420194e-16
6.081018119199752e-16
6.297637980339567e-16
5.623900410003345e-16
5.544714822632322e-16
5.299018531464559e-16
4.68654990042421e-16
3.98224344138088e-16
4.1350392865417036e-16
3.9036562729876826e-16
3.652589144618781e-16
3.132667513313616e-16
Acceptance rate: 0.2827499999999985
1.8870962193599685e-16
1.744148933763418e-16
1.7904562084501855e-16
1.6308664444936293e-16
1.7310952234419233e-16
1.7629251545712512e-16
1.8803461662443924e-16
1.696564326053656e-16
1.6710584898161962e-16
1.4761885788579716e-16
1.7303187490951803e-16
1.8490079106574067e-16
2.1647613025955585e-16
2.2848545072069763e-16
2.4713083249595924e-16
2.2816251234544843e-16
2.336541597929129e-16
2.270476312080964e-16
2.4772456246086207e-16
2.603200850370616e-16
2.9666925099395343e-16
3.2203441202815367e-16
3.150514320969607e-16
2.7447215060553353e-16
2.6440288940943017e-16
2.789384262942894e-16
2.8298804826865477e-16
2.8843867956295015e-16
3.0586973821818225e-16
3.055864889473795e-16
3.4917140969016433e-16
3.1916467603734084e-16
2.9403427876013014e-16
2.7994728445806566e-16
2.5896701319633944e-16
2.417507831890614e-16
2.9211366784068877e-16
3.975272820536242e-16
3.9641405607080815e-16
4.2107815032614638e-16
4.635394104300585e-16
4.762812715378641e-16
4.93594937078558e-16
4.799345141793782e-16
4.47520518001568e-16
4.2831946988612095e-16
3.818427795061258e-16
4.2467711053909843e-16
4.484459998530217e-16
4.141143854376181e-16
3.7943689552865e-16
3.6606922479574576e-16
3.660644314760528e-16
3.84730565983642e-16
4.082274559770926e-16
4.1471426220438863e-16
4.3127827653356817e-16
4.706555936072491e-16
4.818314457964633e-16
4.241461754420464e-16
4.534740281365844e-16
4.539274392850312e-16
4.893258920973433e-16
4.810320194222758e-16
5.009188421099441e-16
5.09017201470531e-16
5.173762689589303e-16
5.050652222073602e-16
5.553327972458066e-16
5.385042856781229e-16
5.522371849166128e-16
5.357906595561489e-16
4.790450275736692e-16
4.870005758387981e-16
4.4404451688488732e-16
5.086795438930216e-16
4.843875520137803e-16
5.208625347509082e-16
5.277067049686812e-16
5.027825268644434e-16
4.898535911891819e-16
5.2542718041467465e-16
4.920362096302721e-16
4.839287572643416e-16
4.687242354009334e-16
4.777432602316404e-16
4.510868334313139e-16
4.48502918235113e-16
4.3104230813544795e-16
4.045737775860165e-16
3.6642837080583943e-16
3.762510576784999e-16
3.7900480239670204e-16
3.765098495019608e-16
4.233235633362993e-16
5.422430804742832e-16
5.478305961114287e-16
5.424976019267496e-16
5.124104511511567e-16
5.572880026703769e-16
Acceptance rate: 0.28307142857142825
3.3701938741186985e-16
3.3726747358498984e-16
3.340332992270654e-16
3.3244351664604776e-16
3.188550463218243e-16
3.1785798709723106e-16
3.0110181295869725e-16
2.906260899220215e-16
3.095260686200301e-16
3.6298339969100226e-16
3.723378880380642e-16
3.846503940795287e-16
4.106847110796894e-16
4.1889513870038006e-16
3.955456132856505e-16
3.7590213567228384e-16
4.3858403074927807e-16
4.191127148310782e-16
3.9242390614797126e-16
4.3250823431874403e-16
4.3860109922032806e-16
4.462504400130438e-16
4.949114943134859e-16
4.678857176164875e-16
4.874824632585132e-16
4.900963200640362e-16
4.355598027763121e-16
4.533285879107173e-16
4.339968443478023e-16
4.801805930566815e-16
4.453400966012429e-16
4.694891949864267e-16
4.894745203853328e-16
4.572261027435952e-16
4.805733010490529e-16
5.270869695558695e-16
5.28554882599337e-16
5.345261750002087e-16
4.923156942326058e-16
5.287277846321574e-16
5.342599398775331e-16
6.153708896411769e-16
5.960860648381659e-16
6.403123450038573e-16
6.862067522276625e-16
5.870675705396515e-16
6.305368348368294e-16
6.776560039692837e-16
6.630305757974718e-16
6.178044495674609e-16
5.855848710069523e-16
6.118252452761815e-16
6.272698576605998e-16
5.452180049817763e-16
5.697838973957936e-16
5.553506258823412e-16
5.74620476483383e-16
5.80101681758422e-16
5.379711396642413e-16
5.143261817099078e-16
5.153804201679073e-16
5.163556473099058e-16
5.210365846285747e-16
5.069617274952453e-16
4.912903431256428e-16
4.769691827661429e-16
4.885611428201822e-16
5.619122453280817e-16
5.364041387570159e-16
4.856637923014715e-16
5.46847299871239e-16
5.129551894205927e-16
5.538171892618936e-16
6.336553960496831e-16
7.608314381712159e-16
7.952622808132555e-16
7.242034646390928e-16
7.575015868478482e-16
7.452652486812115e-16
7.267625446403827e-16
7.570441765927591e-16
8.19407162825955e-16
8.64211345573519e-16
8.512878562908351e-16
9.312838414555238e-16
1.0426878409665826e-15
1.1489835069349809e-15
1.2850912818328094e-15
1.381610323755389e-15
1.3532441343792143e-15
1.4274319472290393e-15
1.5136276533812292e-15
1.4002161754517134e-15
1.6170668380152887e-15
1.4720570761254139e-15
1.5083986898517058e-15
1.5804683889090398e-15
1.6242966915692185e-15
1.4441115582145686e-15
1.5438541736085656e-15
Acceptance rate: 0.2808124999999998
9.34807280159617e-16
1.0871351358191418e-15
1.0114080845232708e-15
9.76601363495528e-16
9.891392877191533e-16
9.664162065144642e-16
1.0125775369089474e-15
1.005852574151967e-15
1.0086643327843894e-15
1.0267236356384397e-15
9.716251121018474e-16
1.1751075019664507e-15
1.312910331916835e-15
1.2578800446258948e-15
1.2286777669620439e-15
1.213361061916384e-15
1.2743261295623633e-15
1.356422566416539e-15
1.3799668000306453e-15
1.2149877290208438e-15
1.2693823708193311e-15
1.2177557711575641e-15
1.2456685627515518e-15
1.1699547697911157e-15
1.145381127379832e-15
1.0742398458484644e-15
9.709215798349341e-16
9.38384446825479e-16
9.316531123366968e-16
9.00642390363218e-16
9.036879373045491e-16
8.239076682129491e-16
7.635304250240053e-16
7.72444522992147e-16
8.137236782266147e-16
8.169217696140633e-16
9.563325147227292e-16
9.385809861808737e-16
9.427334380417855e-16
9.01532527293222e-16
1.0467491012705503e-15
1.0505053306178558e-15
1.0333354956031204e-15
1.1259496887679789e-15
1.0278540611578701e-15
9.117547018072318e-16
9.080698131453409e-16
8.929927809334104e-16
8.261933087181291e-16
8.402691011002896e-16
8.543559976075119e-16
8.975926357207705e-16
7.838206691239111e-16
8.026937231807143e-16
8.166951055901196e-16
8.22809820376172e-16
7.144382886986981e-16
6.671967470122618e-16
6.811302066961476e-16
7.45284142644261e-16
7.163624736226237e-16
6.858534426862908e-16
6.198254577845557e-16
6.316967926691566e-16
6.180672224354827e-16
6.505365012913763e-16
6.253380518314134e-16
5.807839906436884e-16
5.458463104307226e-16
5.309504249436147e-16
5.534480165435373e-16
5.340235586418637e-16
5.864581192001951e-16
5.800034927174868e-16
6.257125059371327e-16
5.98977006896693e-16
5.966544484831995e-16
7.505956200096518e-16
7.06953889676836e-16
6.305029400251904e-16
7.313124123268965e-16
7.586501619251805e-16
7.033815460250544e-16
6.414084341992749e-16
6.552735170595359e-16
6.97510984607902e-16
6.974308334601143e-16
6.772387547451355e-16
6.036242667549099e-16
5.808757376503572e-16
6.837598031404228e-16
6.639351221104031e-16
7.424768638220534e-16
7.235964690288068e-16
6.842229048917601e-16
6.782416318641567e-16
6.863021658168304e-16
6.682625884007996e-16
6.4289087540177e-16
6.140044733326549e-16
Acceptance rate: 0.2805000000000004
3.6454128880619413e-16
4.446736200292954e-16
4.4306086247105574e-16
4.677756235522314e-16
4.71827350643999e-16
5.365671942123779e-16
5.39097995673093e-16
5.259492262079432e-16
5.858520291994045e-16
6.26713734806081e-16
6.889258457476045e-16
6.900141124224333e-16
7.248104556080128e-16
7.64748942939994e-16
8.063853459203983e-16
8.073985936444191e-16
8.792490743416844e-16
8.013440269624904e-16
8.804017439362465e-16
8.698847093317337e-16
8.341501635244519e-16
7.759886042916674e-16
7.14784419316543e-16
6.490480888639734e-16
6.357493528404477e-16
6.201998405686183e-16
6.873236933907859e-16
6.765547687669585e-16
7.286039838054241e-16
7.271842829884262e-16
7.960644707829276e-16
8.324570656671704e-16
8.138029105241184e-16
8.384682420769287e-16
7.523290363634284e-16
7.242044168962313e-16
6.602528535241637e-16
6.427068103146467e-16
6.11003244261643e-16
6.376977420375959e-16
6.99949549813095e-16
6.888744992996159e-16
8.202047639707489e-16
8.518572601506786e-16
8.637280211260879e-16
8.829947859185715e-16
9.079875418230166e-16
8.478067954986739e-16
7.402445009414118e-16
6.926617538552954e-16
7.069106594038383e-16
8.152168482921869e-16
7.921274185858874e-16
7.467048559571177e-16
7.772609519957089e-16
7.931065639615138e-16
8.162545995899926e-16
8.149835541286473e-16
8.634846118340916e-16
8.262845248729497e-16
7.198937373746408e-16
8.11283597484113e-16
8.768789166703026e-16
8.723026247774435e-16
8.624013043301585e-16
8.841808235062677e-16
8.647231885858094e-16
8.327801760326219e-16
8.378674195148097e-16
8.216165784341782e-16
8.894168782922589e-16
8.515627385161916e-16
8.113292740254787e-16
8.145194257717049e-16
8.417639302064884e-16
8.665797067270877e-16
7.955294584101894e-16
7.076756018522767e-16
8.219361397396635e-16
8.845296541666783e-16
7.766520066120705e-16
6.939665666846713e-16
7.071989088933876e-16
7.3685827253052105e-16
6.589409588807429e-16
6.419660967167405e-16
6.360925320292264e-16
6.293166368047507e-16
6.036519508741686e-16
6.6437368936239865e-16
7.293356837001888e-16
7.873360932510883e-16
7.825125192442811e-16
7.307597506201445e-16
7.994820214343545e-16
7.81924939248346e-16
8.626697391291741e-16
9.918105625336557e-16
1.070171535464473e-15
1.0703488067958803e-15
Acceptance rate: 0.2802000000000005
Sampling time (10 samples): 5717.1190 seconds
