/scratch/users/yanlan/TroubleShooting/SM_ETwd/Output/AM_PM_ET_219_348_00
4.953804521800147e-08
2.1498459262530013e-08
1.0656205512780363e-08
5.767427086460269e-09
3.01934722976272e-09
1.5819359660588771e-09
8.791444244374435e-10
4.776368976291301e-10
2.7525280271575526e-10
1.6839711484660145e-10
1.0596683556364966e-10
6.855649291150338e-11
4.7461164408515136e-11
3.2150744986929606e-11
1.936615751505605e-11
1.4683574465688668e-11
1.131497962773935e-11
7.930230613709831e-12
5.59378846863286e-12
3.9231003919789935e-12
2.820214991551596e-12
1.896940136031913e-12
1.4218435975875435e-12
1.1246193928478642e-12
8.690669140768469e-13
6.559584828556902e-13
4.784379686155953e-13
3.857702022464484e-13
3.808784060502188e-13
2.966669412408693e-13
2.464298446769716e-13
1.885803241572793e-13
1.4973816125787492e-13
1.2881487640785534e-13
1.1616812970165717e-13
1.0270491991120495e-13
7.813549959573655e-14
7.484750219787749e-14
5.80277761865433e-14
5.132503239117938e-14
4.489974022901655e-14
4.0442898972460573e-14
4.0517353887088695e-14
3.634919067309322e-14
3.056319159776603e-14
2.450328913673416e-14
2.3606023205902042e-14
2.2399344819259502e-14
2.1326007125635892e-14
1.9033839385553523e-14
1.607418924312645e-14
1.4169452994115174e-14
1.2575507198131276e-14
1.1830326142783096e-14
1.0803102147593457e-14
9.177255977250397e-15
8.516725211635535e-15
8.10951707842884e-15
8.953007859706729e-15
8.224755038053995e-15
7.792730935378485e-15
6.8094180096979346e-15
6.271291206656004e-15
5.955247353221148e-15
5.922618427199232e-15
4.900275698176475e-15
4.728799375802866e-15
4.327135447877243e-15
3.973936408386476e-15
3.5654560876346014e-15
3.391603017399075e-15
3.191390802511558e-15
3.0360439739989596e-15
2.718426368832887e-15
2.6875830133741987e-15
2.7038852548223094e-15
2.5886624465434143e-15
2.549594945872493e-15
2.7542464719301217e-15
2.5837043377562545e-15
2.500231873333897e-15
2.576012404063323e-15
2.3659078731458205e-15
2.2595596035045056e-15
2.5287077900911525e-15
2.514214623210682e-15
2.7607511099917974e-15
2.349471878779725e-15
2.7422815634635078e-15
2.8524273708776115e-15
3.2392756539942758e-15
3.3396941576591666e-15
2.8314923626493753e-15
2.4327060221112036e-15
2.408051819363772e-15
2.344935979145981e-15
2.1788705021528158e-15
2.1979011883860693e-15
2.1338591422957206e-15
2.3952519131425963e-15
Acceptance rate: 0.32599999999999996
1.2545756663305178e-15
1.2609340607451405e-15
1.3127116981545793e-15
1.1524069072241652e-15
1.1335577259146018e-15
1.1164488200576368e-15
1.1742631197762922e-15
1.2101233771335652e-15
1.1932750382452115e-15
1.0144382630313906e-15
9.602543005970874e-16
9.712329529682308e-16
9.749137572939996e-16
8.910706598613914e-16
8.811449104907326e-16
8.775650589381225e-16
8.950669452276995e-16
8.94678516295963e-16
8.98062570089693e-16
9.347996248680646e-16
9.703649538530792e-16
1.1238254062274733e-15
1.1528382147220306e-15
1.1185074313796848e-15
1.233925096283958e-15
1.1466897153715035e-15
1.0734650044693096e-15
1.0228207981123761e-15
1.0019944180221416e-15
1.0279033908809008e-15
9.575590287500599e-16
1.0562498117650374e-15
1.033568908747203e-15
8.692972030601441e-16
9.400150066225543e-16
9.66966476514577e-16
9.120589565029493e-16
8.20938303386067e-16
9.801185453568589e-16
8.674617843286227e-16
8.012134306693665e-16
8.174735721315978e-16
8.493779792245764e-16
8.066995509235278e-16
8.009670071888876e-16
8.936296926420253e-16
8.335366438075264e-16
9.282673083673379e-16
9.786398862311272e-16
9.469524264025443e-16
9.74322650730577e-16
9.460784461120362e-16
8.856561102590476e-16
8.69935072600327e-16
9.627350462422578e-16
9.950250443023023e-16
1.0105709423048756e-15
8.955080725692054e-16
8.403378826331075e-16
8.731627105984232e-16
8.465133738672229e-16
7.926784459106378e-16
7.94995633296783e-16
9.135781736183487e-16
1.0013424739676435e-15
1.1156689059082602e-15
1.0981043197919753e-15
9.946299757884585e-16
8.8540257139754675e-16
8.551386236439496e-16
8.377157631417255e-16
8.426210207580508e-16
7.727662796531471e-16
7.182283018666217e-16
6.656265739002457e-16
6.160594440563298e-16
5.947863179544492e-16
6.555406956394563e-16
8.839732815552619e-16
8.246291644799193e-16
7.396722165703857e-16
7.206849947136387e-16
6.563130156774614e-16
7.549078814038474e-16
7.637790772828808e-16
8.665733234414527e-16
8.551034593168903e-16
8.780818861616072e-16
9.035248529987154e-16
8.692299650883555e-16
8.288256235755463e-16
8.38624268094574e-16
8.914181458394886e-16
8.638405729183354e-16
9.314307933700833e-16
1.0522612507065684e-15
1.0023775186855394e-15
1.0382006729783653e-15
1.0946068030734047e-15
1.0828442863994752e-15
Acceptance rate: 0.29699999999999976
5.982580610814047e-16
6.024424592858711e-16
6.9197095228353e-16
6.872052286885546e-16
6.798627577618738e-16
5.842658568025814e-16
5.205332067749805e-16
5.88460618711705e-16
6.251495206858058e-16
5.948068346712128e-16
6.120565855744398e-16
7.695295336365159e-16
7.625872457367411e-16
7.133097717340908e-16
8.066260442983107e-16
7.947911383265993e-16
6.935433373461243e-16
7.857937735712633e-16
8.628305979760446e-16
8.979862530413717e-16
9.985986683288774e-16
1.2201627042699171e-15
1.1300345710770445e-15
1.1193807320071127e-15
1.0073408191103745e-15
1.0603451165743306e-15
9.863104716057774e-16
9.93226012994188e-16
1.0473062026900468e-15
9.379290800546022e-16
8.97869026369626e-16
7.93410923711629e-16
7.540613062428723e-16
7.642875109587138e-16
6.820089130962617e-16
6.993403922581053e-16
6.294527362827297e-16
6.043255687491509e-16
5.756712852156465e-16
5.873629352787182e-16
5.52086304744184e-16
5.368852024427513e-16
5.883947308217397e-16
6.869644884888979e-16
6.500475487733951e-16
5.862768134371931e-16
7.253981240837926e-16
7.167194819895011e-16
7.690123689446984e-16
7.173131277733279e-16
7.756290821182072e-16
8.164561703251252e-16
7.948816012551141e-16
7.898611435881878e-16
7.7762529525967145e-16
6.934996861460751e-16
6.331346038902342e-16
5.976396578164536e-16
6.624722338751443e-16
5.808341476543239e-16
5.806342747538386e-16
6.729490937488166e-16
7.309110259732302e-16
6.891810423263957e-16
6.576634821652555e-16
6.383122791449744e-16
5.4310737598017155e-16
5.292818943559794e-16
5.321608862588837e-16
4.889093908490225e-16
5.300520865201038e-16
5.965873764894748e-16
5.685467704018696e-16
5.230178188039206e-16
5.122325995591984e-16
4.853544449736726e-16
4.490106865110534e-16
5.373958130848327e-16
5.179544618823031e-16
4.997603371782562e-16
4.944910871308074e-16
5.137360608662564e-16
5.707148139923573e-16
5.414850884074729e-16
4.755021209484624e-16
4.858080283181075e-16
4.738500370761875e-16
4.883738389192338e-16
4.711499897534806e-16
5.218597419493832e-16
5.275566372428576e-16
5.451908073996956e-16
6.164268384863536e-16
5.289993604652116e-16
5.384791163608995e-16
5.270350483314342e-16
5.480554271139993e-16
5.05686391703887e-16
4.86138451563554e-16
5.278267338793339e-16
Acceptance rate: 0.29283333333333317
2.906673122248403e-16
2.512857442329747e-16
2.4171712926271426e-16
2.7948008090091677e-16
2.933375216866492e-16
2.968754184468941e-16
2.917170773177812e-16
3.297485997702957e-16
2.8903192279244615e-16
3.1098716717790855e-16
2.984442652259775e-16
3.0072430162378044e-16
2.5425559382139444e-16
2.499909160083414e-16
2.349421308197214e-16
2.3454531095515273e-16
2.5479779557450513e-16
2.457893715879632e-16
2.4641846043165907e-16
2.3758303798335465e-16
2.4080483773984626e-16
2.331511679123995e-16
2.5128330425263447e-16
2.619663713281532e-16
2.6838193723535647e-16
2.840393013306726e-16
2.749854082161625e-16
2.7754880998528066e-16
3.0981073411830724e-16
3.3465859286738875e-16
3.3804658723949127e-16
3.4309842642949567e-16
3.34287900506628e-16
3.9658194561483624e-16
4.23199983115731e-16
5.250172114337467e-16
5.321462132958803e-16
5.313165321441386e-16
4.930775616940776e-16
4.733701595021827e-16
5.288838386360637e-16
5.244388375370046e-16
5.945728016039694e-16
6.22669764749965e-16
6.077156210373499e-16
5.828164851435189e-16
6.273309223414001e-16
6.154148357136962e-16
6.187376068104867e-16
5.733532329837933e-16
5.120924636111356e-16
5.394806585941449e-16
6.260154850111194e-16
6.53494544024843e-16
6.443445943792012e-16
6.093365700702869e-16
5.599345625518206e-16
6.652687800353807e-16
6.493112703883615e-16
7.172364360127189e-16
6.740985836850653e-16
6.8216682009165e-16
6.295725000344016e-16
6.251562084527214e-16
6.50435242532191e-16
6.475000652565748e-16
5.879370066119763e-16
6.401416763143404e-16
6.391264328753384e-16
5.996925529310895e-16
5.834372178999941e-16
6.58138414348618e-16
6.963617322830756e-16
6.78203613423806e-16
6.967193008449265e-16
7.753750516298409e-16
7.888748440142851e-16
7.610689979721509e-16
7.43965957841767e-16
8.061694481399852e-16
7.578919405779164e-16
7.380126805607857e-16
7.804649247532541e-16
7.832488097490499e-16
7.906584049001722e-16
8.831170603973302e-16
9.41474838836236e-16
9.747227499023083e-16
1.0118077905386807e-15
9.080030632472684e-16
8.300724080001015e-16
7.638457676887176e-16
8.072224422028673e-16
8.17383824542829e-16
7.875160962910396e-16
7.649891282504927e-16
8.051098001351703e-16
8.55709083919138e-16
8.518878541482284e-16
8.436036812924038e-16
Acceptance rate: 0.2879999999999999
4.88915224885188e-16
4.635205616351561e-16
4.266582970406678e-16
4.227533037667186e-16
4.828877836946308e-16
4.88206833176679e-16
5.054714928352594e-16
5.284378924083154e-16
6.462004574931623e-16
6.302286772286594e-16
5.946166672761006e-16
5.384431965772114e-16
4.952240718124123e-16
5.090352039601699e-16
5.107606864421845e-16
4.519826264037753e-16
4.518681126947389e-16
4.271903951201294e-16
4.035935847959005e-16
3.660440883172406e-16
3.6205351898291754e-16
3.8015560155243917e-16
3.728493682060191e-16
3.638669856392875e-16
3.9890234734929833e-16
4.064659743894459e-16
4.18247315876626e-16
4.0894550582903127e-16
4.077358073871317e-16
4.1168384598373535e-16
3.875145874335247e-16
3.4136940049135545e-16
3.230760045545893e-16
2.9561955582859217e-16
2.9221855413863564e-16
2.813047521820883e-16
3.13451130797836e-16
3.0264889298112355e-16
3.169973386498508e-16
3.306189099177304e-16
3.796824304972569e-16
3.7203031610273894e-16
3.759722582489837e-16
3.59739018131079e-16
3.4758645857414155e-16
4.2611489705198177e-16
4.761937103032268e-16
5.007574176709601e-16
5.202846433643233e-16
5.427233647636249e-16
5.56471271460997e-16
6.121481192914789e-16
6.773309417367599e-16
6.69435337343435e-16
6.999648917511266e-16
7.398728297055977e-16
6.886998445031322e-16
6.776226440577671e-16
6.836315121665075e-16
7.378010747213594e-16
7.657913690116456e-16
8.112767394019331e-16
8.774704416008364e-16
7.77572337026428e-16
7.477666817027162e-16
7.429750530916414e-16
8.73636338639355e-16
8.832958268420625e-16
8.988371917394156e-16
9.028912409869558e-16
8.948558403689195e-16
9.673034628815297e-16
1.1785520167384246e-15
1.0961527324038434e-15
9.992754342939738e-16
9.505977508918468e-16
1.0773816623762465e-15
1.1184852392977543e-15
1.0669492285657184e-15
1.1175864829868685e-15
1.1795287964532978e-15
1.1987619109618743e-15
1.4055973718625729e-15
1.4838750552580146e-15
1.4021703715126741e-15
1.5232195883618733e-15
1.3719609268980908e-15
1.4309828263083107e-15
1.3274972691966435e-15
1.2408441114600418e-15
1.1775262430575343e-15
1.0068963862193501e-15
1.0866609246591439e-15
1.079999007710558e-15
1.077765873456701e-15
9.592551404419477e-16
8.63402786649496e-16
8.611008547347847e-16
8.531492081087085e-16
8.91766650462e-16
Acceptance rate: 0.287199999999999
5.197881045917208e-16
5.980633389557578e-16
5.881439956379001e-16
6.145407015396708e-16
6.797144259343747e-16
7.225294435553455e-16
7.656674814832988e-16
8.238958000094875e-16
8.844775858403956e-16
9.740324162429805e-16
1.064415050535685e-15
1.1712941324214703e-15
1.1406708651556498e-15
1.2100384325343526e-15
1.233627504070605e-15
1.1413908981559493e-15
1.081303559450818e-15
1.0528658950193297e-15
1.0192932402083875e-15
1.110532927363834e-15
1.3138372932346736e-15
1.4987522621841556e-15
1.5597466938392187e-15
1.5407266484694315e-15
1.5746131374504542e-15
1.4241886682785939e-15
1.44376560641757e-15
1.2493067117476272e-15
1.3771417994487247e-15
1.5067214084494936e-15
1.8646186926381593e-15
2.0268365673132564e-15
1.970129879204812e-15
2.011561847730551e-15
2.26024630471655e-15
2.2993256939594797e-15
2.3138674704101417e-15
2.217951181274738e-15
2.3765365837479937e-15
2.4079971147973943e-15
2.4203013591428664e-15
2.2829365361717095e-15
2.1446021848487665e-15
2.234188003503559e-15
2.2459355433109766e-15
2.224683731024562e-15
2.2440161234977817e-15
2.240889434280443e-15
2.3852174046009892e-15
2.6692131784216767e-15
2.7650964591507752e-15
2.283472007789597e-15
2.1587912933671556e-15
2.2946819004447926e-15
2.382929878689607e-15
2.754992794656651e-15
2.840417093139447e-15
2.7193925168949923e-15
2.63189993722249e-15
2.597709044314259e-15
2.593857092058354e-15
2.7567263058579225e-15
2.6310594681048444e-15
2.3850313224210273e-15
2.4685069257457963e-15
2.399930338473011e-15
2.3552461754437773e-15
2.1496910030144563e-15
2.3235888388127574e-15
2.2154509886213452e-15
2.126996585199512e-15
2.0200580012753624e-15
2.034361774503267e-15
2.0215298211831123e-15
2.0073500462555255e-15
2.1273155479352245e-15
1.8489137221106135e-15
1.8901468643401493e-15
2.4127837356962185e-15
2.541278837541857e-15
2.274584189044708e-15
1.9991338344893186e-15
2.171686456244873e-15
2.6473589082597325e-15
2.6578949835493213e-15
2.5855543275213158e-15
2.7729027096190023e-15
2.9739097203680666e-15
3.0697843358021753e-15
2.818150293163973e-15
3.0371275919034765e-15
3.0214322073595168e-15
2.811932019653076e-15
2.543899992968422e-15
2.5211058040169322e-15
2.337732543231501e-15
2.3516621153507004e-15
2.6541665665238845e-15
2.4491573810431824e-15
2.657116436496663e-15
Acceptance rate: 0.282083333333333
1.5916162159913892e-15
1.813911483093391e-15
1.8628240033088663e-15
1.9864475537432174e-15
1.9675655626127075e-15
2.0732156211026652e-15
1.9625088711921816e-15
2.103405426672401e-15
2.1117181080537053e-15
2.1571312166429576e-15
1.9731250389065657e-15
1.8909996905274346e-15
1.9178780313754428e-15
1.8815308989175036e-15
1.969168332696385e-15
1.9421411564625223e-15
1.835865497756937e-15
1.9052176424259467e-15
1.987844488650605e-15
1.877745285943918e-15
1.811543326244678e-15
1.6253120187953065e-15
1.6561313775038886e-15
1.6826247361286953e-15
1.5685121000806103e-15
1.5953633930610581e-15
1.702543573150571e-15
2.021419145303999e-15
1.8500526985171313e-15
1.699799399005264e-15
1.7225287752254113e-15
1.684893485444021e-15
1.5727606765429816e-15
1.5450762878638991e-15
1.529557124887076e-15
1.2644152094282222e-15
1.381729609057138e-15
1.4108199589596204e-15
1.4699556587075273e-15
1.4476764634794147e-15
1.3492117134899003e-15
1.3181148773097973e-15
1.2340456727265614e-15
1.2192488190524714e-15
1.2227535571426456e-15
1.1996073386875034e-15
1.094843656382386e-15
9.894771026796207e-16
8.851269909811903e-16
8.275546484645312e-16
8.539285721562879e-16
8.5869829806843615e-16
8.399553708016732e-16
8.763004866577721e-16
9.530945280453132e-16
9.282771167524645e-16
1.0740552769912334e-15
1.067607981059898e-15
1.1121771631705828e-15
1.0536846865794983e-15
1.0233725267269712e-15
1.111762226319989e-15
1.0019271137554059e-15
1.0237861740183532e-15
9.971725130715977e-16
9.41512878117476e-16
1.0250262426849357e-15
9.74618631694011e-16
1.0102851373514705e-15
9.673547201203168e-16
9.500002116898868e-16
9.765574070841081e-16
9.591976919509918e-16
1.0765114150211939e-15
9.931936321259415e-16
1.024126322771063e-15
1.1125116417142418e-15
1.1105975114053295e-15
1.2521587617593717e-15
1.2284486899160168e-15
1.3981196368037545e-15
1.2606121334657077e-15
1.341099571695379e-15
1.2153313681701615e-15
1.280050236316969e-15
1.323087537345469e-15
1.4857854380163931e-15
1.5010363395961244e-15
1.5678388785725334e-15
1.4470591429227567e-15
1.466251731507411e-15
1.288579619251439e-15
1.309083153439612e-15
1.2695952491080664e-15
1.2505668361832477e-15
1.2599435794247373e-15
1.2707092645219267e-15
1.142751230776613e-15
1.132745043357409e-15
1.15455297690495e-15
Acceptance rate: 0.2852857142857142
6.81713069771316e-16
6.361102045184804e-16
6.165001330420096e-16
7.238287359087978e-16
7.65955231236274e-16
7.858118772326457e-16
7.584506533589683e-16
7.146108181571284e-16
7.531480018396359e-16
8.245775492171072e-16
9.35079300426834e-16
1.124174237481914e-15
1.1379790128754055e-15
1.2184127880697285e-15
1.1550065835627858e-15
1.1066752269978284e-15
1.1278296948763282e-15
1.3071108396775398e-15
1.338815346855283e-15
1.3397370460885554e-15
1.5252175656580832e-15
1.4268697245136535e-15
1.5669805420488794e-15
1.5513835950674041e-15
1.471009298851186e-15
1.2399770993541805e-15
1.1991197341157312e-15
1.3447528955940853e-15
1.3278934671700735e-15
1.2527179661327626e-15
1.328034571956079e-15
1.3605155716416105e-15
1.3789027109000387e-15
1.3765435030333148e-15
1.3716170709930987e-15
1.2789651356707679e-15
1.3316108566835173e-15
1.2707153885527038e-15
1.2733192467713748e-15
1.2995644055311323e-15
1.5281719242830286e-15
1.5341499500009463e-15
1.5421335232624278e-15
1.5786857812871642e-15
1.48388729393768e-15
1.4521682155863593e-15
1.3858541084211733e-15
1.3394295002142113e-15
1.2892874568160958e-15
1.2226305536109603e-15
1.2298961333676035e-15
1.1893769763375694e-15
1.0965434863633542e-15
1.158236685961993e-15
1.1406634571083182e-15
1.086159357696897e-15
1.1432502564849062e-15
1.1760289118212849e-15
1.1786561909593176e-15
1.1921320524301853e-15
1.3258046562352074e-15
1.1688408493579163e-15
1.1277865209361584e-15
9.990728483205855e-16
9.931897756490204e-16
9.823868868668186e-16
9.987132204339968e-16
9.652591654463075e-16
1.0219823000172913e-15
9.528988786166192e-16
9.011452945249155e-16
8.835114194146487e-16
7.961647303121154e-16
8.03608699343325e-16
8.25602848993338e-16
7.667532596260392e-16
7.95976437944705e-16
9.34984004682885e-16
9.857243930158823e-16
9.30352966230444e-16
9.264588122836715e-16
8.894159947246162e-16
8.04118358173082e-16
8.430635824142448e-16
8.882069361972832e-16
9.230981548052954e-16
1.015816082436668e-15
1.0779705940412344e-15
9.436274272866486e-16
9.761475320535165e-16
8.629978573143982e-16
8.038807062581603e-16
8.00450122001203e-16
7.63721591828624e-16
7.354848047894812e-16
8.723626075360994e-16
9.835396554616373e-16
9.274474548928902e-16
8.845022080836299e-16
9.698822544448497e-16
Acceptance rate: 0.2877499999999992
5.85747905694429e-16
6.505867792902856e-16
6.253019085078445e-16
6.417398916761319e-16
6.372738500184893e-16
6.690295207925923e-16
6.441722745331863e-16
6.376034988397518e-16
5.700521501425579e-16
5.973036629921869e-16
5.463895243518005e-16
5.128458755941805e-16
5.686835446387968e-16
5.956003304214282e-16
6.594965506988419e-16
6.230830765022002e-16
5.851968052422362e-16
5.738296907339304e-16
5.470558583187721e-16
6.081067211883853e-16
6.301968607520655e-16
6.568842326155187e-16
8.396909317085713e-16
1.0010151538386693e-15
1.0240314174436765e-15
1.0054458244334783e-15
9.527039567551585e-16
8.588258293074395e-16
1.0222176434599843e-15
1.2685220498235186e-15
1.3354763810402924e-15
1.2953035006629324e-15
1.375827305645538e-15
1.421049287438397e-15
1.3793418874590988e-15
1.392390695145129e-15
1.7490589267430957e-15
1.619834999145947e-15
1.5602541837999859e-15
1.6370989565248426e-15
1.5394684554773258e-15
1.3965252614886126e-15
1.2723458617369345e-15
1.3475631938930244e-15
1.383569298981544e-15
1.335741730647191e-15
1.2527580043596893e-15
1.3332707966764788e-15
1.1027412993115516e-15
1.1031701490859269e-15
1.1681732492829063e-15
1.0785156290913238e-15
1.1774426645625855e-15
1.2217652691566751e-15
1.1666935433799532e-15
1.2812196916311839e-15
1.1744875746203792e-15
1.0590524330444198e-15
1.1245569391767795e-15
1.2333610274749239e-15
1.2449380510615964e-15
1.39007879495625e-15
1.3529959635304733e-15
1.333152606074647e-15
1.346268645478833e-15
1.4622661775941067e-15
1.5246578381601778e-15
1.5589199116228262e-15
1.574775792006003e-15
1.6261911016953148e-15
1.5187382092206546e-15
1.558421838457812e-15
1.5739103353216079e-15
1.5386055458125656e-15
1.5599728006348897e-15
1.6660239684589416e-15
1.892147578659559e-15
1.9611454470572896e-15
2.0463540850412825e-15
2.0673405711521618e-15
2.073211557057982e-15
2.0175512891743655e-15
2.1260030507945396e-15
1.920869859340663e-15
1.7538422211449442e-15
1.8081778872909626e-15
1.7393595291439992e-15
1.7497100316471962e-15
1.878287271869905e-15
1.9036970023271845e-15
1.9086449818553347e-15
1.8156879224993296e-15
2.0921818176180937e-15
2.471344797463e-15
2.6148696058146838e-15
2.783053940105129e-15
2.9068361461157527e-15
2.7910075933325737e-15
2.848117200107426e-15
2.7594213144970743e-15
Acceptance rate: 0.2879999999999993
1.6636239636864504e-15
1.609872090563504e-15
1.7994182869376915e-15
1.7920861781722832e-15
1.6052756668704146e-15
1.5286042555143125e-15
1.4985282653119647e-15
1.4587631312772552e-15
1.4267649412711036e-15
1.3227240506322911e-15
1.2650625614995102e-15
1.2927873016326046e-15
1.3024649528001562e-15
1.3482853448442525e-15
1.342816666894193e-15
1.2148046608309432e-15
1.1972555526807652e-15
1.3339943455631737e-15
1.3639935982684717e-15
1.2578788465613587e-15
1.2124474742487935e-15
1.15829772884908e-15
1.0340732184491106e-15
9.981584189830708e-16
1.068321293161161e-15
1.1530576635339141e-15
1.0818709438774988e-15
1.04565845005934e-15
1.0234934064497532e-15
1.0232778219203207e-15
1.0095506288286418e-15
1.1805390318771934e-15
1.1618200987207607e-15
1.1437472021182509e-15
1.2547484884043223e-15
1.2888164114787365e-15
1.4337198814641639e-15
1.3559856924670488e-15
1.2691659038529061e-15
1.187120926194056e-15
1.1269247570133587e-15
1.0583475709068674e-15
1.0136724811589833e-15
9.909323370982271e-16
9.996608561850941e-16
1.0796053754931016e-15
1.0406968006562653e-15
9.420206539544431e-16
8.726690526888691e-16
9.253647589029221e-16
8.6175167458266255e-16
8.805660951587647e-16
7.754916553813277e-16
7.394304742569784e-16
7.562633162302674e-16
7.848653360562608e-16
7.592262711914527e-16
6.876996481805713e-16
6.759828559388091e-16
6.015081905886542e-16
6.394828839101907e-16
6.582338037240778e-16
8.547155423704805e-16
8.145290925407694e-16
7.784726088244264e-16
7.393930859297037e-16
7.636862825963378e-16
8.515103270738379e-16
9.446730315000666e-16
9.140465166870585e-16
8.015563298299253e-16
9.560359191681807e-16
8.744458704179553e-16
8.5790911223209005e-16
8.282896678576333e-16
7.810241459440328e-16
7.806101140188384e-16
8.088526100958851e-16
7.29497415905479e-16
8.040631638925907e-16
8.115984813906369e-16
8.064520551740636e-16
8.486257708194079e-16
9.116710293630278e-16
8.975015926097398e-16
8.067083383345693e-16
8.309946296123282e-16
8.402300119965423e-16
7.676810989273641e-16
8.240305920112719e-16
8.264536966217248e-16
8.525876553051346e-16
9.438591165537504e-16
9.110841280562127e-16
8.500809835218621e-16
9.123326306177194e-16
9.359370569824728e-16
9.427733390096634e-16
9.157131569749532e-16
9.38412517870634e-16
Acceptance rate: 0.29029999999999906
Sampling time (10 samples): 5331.0476 seconds
