/scratch/users/yanlan/TroubleShooting/SM_ETwd/Output/AM_PM_ET_205_370_00
5.0183344387668885e-08
2.2298002403018633e-08
1.1200042056711709e-08
6.0273719907564505e-09
3.318968518163298e-09
1.91832584803063e-09
1.0859588580304661e-09
6.651339099674382e-10
3.84049486075266e-10
2.189037390793726e-10
1.3542380659581103e-10
7.808581836917805e-11
5.0980639495136894e-11
3.72745615594313e-11
2.5799705462801157e-11
1.759595269480234e-11
1.2001402932579193e-11
8.47345526574423e-12
5.934044686453394e-12
4.388387190247843e-12
3.400727688341093e-12
2.7524167118710457e-12
2.0328374795492646e-12
1.5207797621081563e-12
1.1510643111855486e-12
7.999901288811679e-13
6.374857741872245e-13
5.510827126509084e-13
4.1255098010319224e-13
3.053016016505006e-13
2.739406593066891e-13
2.3425445322793444e-13
2.041609990257102e-13
1.523594713768077e-13
1.2321666491994545e-13
1.093038030998169e-13
9.457303855187357e-14
7.561903690639692e-14
5.85506186035373e-14
5.55618460360754e-14
5.186350542277511e-14
4.404122057010636e-14
4.27290861071963e-14
3.892764221360816e-14
3.169643754815549e-14
2.9371222228184914e-14
2.9610704021798605e-14
2.5429505192334512e-14
2.4920350543584684e-14
2.2035839003802264e-14
2.1109544633902687e-14
2.050129593068854e-14
1.9473370899844083e-14
1.668345313886351e-14
1.4448655073319983e-14
1.2762737160773046e-14
1.1884700540830222e-14
1.0339974297040943e-14
8.722072640034786e-15
7.147843888592191e-15
6.2133710623301965e-15
5.665187318536377e-15
5.330715271961493e-15
5.079655070180887e-15
4.843548804071391e-15
4.382787480145764e-15
3.933382602966653e-15
4.177482602883826e-15
4.066849711459823e-15
3.5352186494384925e-15
3.1286193694053397e-15
3.3292009213915605e-15
3.416224350751926e-15
2.9825752208927733e-15
2.7854528158963955e-15
2.5183368129801216e-15
2.448789985015215e-15
2.2618543334716915e-15
2.129145188361337e-15
2.691868212835069e-15
2.5679113689994184e-15
2.2623599225874957e-15
1.9511267776913698e-15
1.798049615876351e-15
1.5956773049446677e-15
1.4826956787788632e-15
1.3320469762537605e-15
1.3425370876498698e-15
1.1389547503600655e-15
1.0740065952869977e-15
1.2533033619949786e-15
1.2590129238201055e-15
1.1941078299164093e-15
1.118236599470625e-15
1.2088889307369949e-15
1.1005933471970395e-15
1.1296242344995342e-15
1.302878045394051e-15
1.1842746672880752e-15
1.2496093873707565e-15
Acceptance rate: 0.30850000000000066
6.471127410119607e-16
5.809949159925727e-16
5.254367276791761e-16
5.248522520770008e-16
5.714476877007858e-16
6.301143933615691e-16
6.374685313810652e-16
6.249039841953842e-16
6.017685736814657e-16
7.043665629215076e-16
7.202980646685723e-16
7.403080774315178e-16
7.922862783415407e-16
8.94964796186215e-16
8.792364794660943e-16
7.756497910211318e-16
8.002719582827782e-16
8.291276464675046e-16
9.07559465361659e-16
8.916027945974258e-16
1.1632630050736005e-15
1.2312708180107039e-15
1.1967713585877549e-15
1.1007850915844076e-15
1.0920108524904935e-15
1.0369754269976652e-15
9.667204530592625e-16
8.630728394627055e-16
9.321166925344131e-16
1.0995402420175933e-15
1.0692211187368024e-15
1.1120616838463539e-15
1.160385456732676e-15
1.251538430598227e-15
1.1156624053419168e-15
1.2078969603014732e-15
1.3077538178536293e-15
1.3307401179596572e-15
1.2013051533640674e-15
1.1801510188857173e-15
1.1050970332066311e-15
1.0625300763439385e-15
1.1562805785828506e-15
1.0538853246655138e-15
1.062791088742508e-15
1.1655509900237078e-15
1.0487085382053763e-15
1.1410327510757791e-15
1.1050316101271938e-15
1.0449550864558328e-15
9.727295363188843e-16
9.093556223184654e-16
1.0855941039902569e-15
1.2560202249309406e-15
1.200916966444567e-15
1.220264816438449e-15
1.146686091934655e-15
1.176899596215669e-15
1.2616433017751052e-15
1.3836238604158201e-15
1.3454218009259377e-15
1.2585763262271143e-15
1.2923764082206974e-15
1.287377619066224e-15
1.3034665540836054e-15
1.3047422010827427e-15
1.3628390032514816e-15
1.3324736064926793e-15
1.1754809389254771e-15
1.2237817422967526e-15
1.211422243598899e-15
1.293239284961886e-15
1.3590183901152057e-15
1.3703770012674793e-15
1.4191768011325523e-15
1.263671758954014e-15
1.2748784043820356e-15
1.283649480731467e-15
1.3096290161663205e-15
1.3470936254193562e-15
1.3973686559984032e-15
1.594747471443558e-15
1.7599045676606082e-15
1.7733164153316088e-15
1.834746769065258e-15
2.0556820631809707e-15
1.847738292281895e-15
1.8835218619832507e-15
1.7537706271451049e-15
1.813235453498036e-15
1.629911995763146e-15
1.6705031099817744e-15
1.4748316720927877e-15
1.61955305890918e-15
1.6580142642191663e-15
1.6649571153169366e-15
1.8005690382032736e-15
2.037605065803595e-15
2.309078182522662e-15
2.2420225296960515e-15
Acceptance rate: 0.3002499999999999
1.2010361582298267e-15
1.094340907735085e-15
1.048594492861929e-15
1.0910421320847567e-15
1.0787357332768062e-15
1.0199681957122191e-15
1.1449579429687038e-15
9.91010411249321e-16
1.0150041001744863e-15
9.895169868377029e-16
1.0282054670488116e-15
1.1499799973440836e-15
9.931334072266583e-16
9.971010877171761e-16
1.2721605731848948e-15
1.4399191026009916e-15
1.2765479457859618e-15
1.2497064484176738e-15
1.2317944629104033e-15
1.295546450495871e-15
1.2360735127952948e-15
1.3172194722139115e-15
1.4498100098027007e-15
1.5022072514170676e-15
1.6246014325336817e-15
1.823723533527928e-15
1.5374617782645252e-15
1.4649694414823542e-15
1.6075701888027866e-15
1.6343650679228851e-15
1.5927858689545439e-15
1.541908041795003e-15
1.6341200835924994e-15
1.7070591031860853e-15
1.6345357790686058e-15
1.9354469647334317e-15
1.8210192675036523e-15
1.8828028273149763e-15
2.1397914191081282e-15
2.012393712410723e-15
2.0611308333925396e-15
2.1082081287164885e-15
2.1345605882877853e-15
2.054236565520143e-15
1.8338812847937696e-15
1.6424891268527145e-15
1.6824584855153494e-15
1.7424999948600888e-15
1.6582649198568185e-15
1.6174718542804152e-15
1.6890739645602798e-15
1.890861545791793e-15
1.8943481690051648e-15
1.7710798830001674e-15
1.7496447960487414e-15
1.7471220206827643e-15
1.7026315884367656e-15
1.711692121108547e-15
1.5677660801726646e-15
1.5449136470117405e-15
1.6609644849887148e-15
1.937961307934765e-15
1.8899755294069663e-15
1.748996331233918e-15
2.2762188272822834e-15
2.231618981175192e-15
2.156794654226065e-15
2.0222486942016782e-15
1.8555801337867265e-15
2.3114728877691727e-15
2.3706256499611967e-15
2.345571065385434e-15
2.24150867928527e-15
1.977659190550162e-15
1.857660083537221e-15
1.7179229177968878e-15
1.9080445548988086e-15
1.7609708581571917e-15
1.6609769612851063e-15
1.582396339053809e-15
1.4993965210737141e-15
1.3990918143310593e-15
1.3305308051259568e-15
1.3620589126504412e-15
1.3938977579216241e-15
1.50356403141032e-15
1.4610336110404083e-15
1.5730404348039175e-15
1.8635534837602186e-15
1.9009792249622835e-15
1.870230864018898e-15
1.7415477889567913e-15
1.709586281462553e-15
1.9237213361690025e-15
2.163104881703346e-15
2.1419389280166637e-15
1.939108029449084e-15
1.648693707000386e-15
1.6557094382750658e-15
1.6403240260847227e-15
Acceptance rate: 0.2968333333333328
9.614931790542252e-16
9.811209920718567e-16
1.0912902190951018e-15
1.0924077348981442e-15
1.1270811696555943e-15
1.093990565737821e-15
1.0976479074077324e-15
1.2098167405774768e-15
1.1139876005289401e-15
1.304632743939536e-15
1.3498114809165204e-15
1.5399178029836879e-15
1.5501764001565886e-15
1.4210144134190332e-15
1.3019147590178374e-15
1.2464494493671125e-15
1.2355358532361201e-15
1.2555674486708369e-15
1.252860475801704e-15
1.1967221255018525e-15
1.3774472470873997e-15
1.3520408470160402e-15
1.421844513322471e-15
1.2610619145183009e-15
1.2358474663577355e-15
1.2880238867082588e-15
1.2821954433819134e-15
1.330361173393819e-15
1.4328113238540995e-15
1.4795076351874687e-15
1.218602305789094e-15
1.3240695286109612e-15
1.4148289683824637e-15
1.6084142533433371e-15
1.5650035862052408e-15
1.806010305311781e-15
1.8579092313932826e-15
1.897677099108382e-15
1.8631492547854717e-15
1.9934553178521928e-15
2.0300901760853217e-15
2.0141202384252116e-15
2.1789266974298453e-15
2.1299589871292663e-15
1.89751844428652e-15
1.8919939223281568e-15
1.843505813717399e-15
1.7539426286948535e-15
1.7431361930716187e-15
1.821860521278478e-15
2.289836922959951e-15
2.4038673133164172e-15
2.1446299454172714e-15
2.23806832964974e-15
2.079365089712436e-15
1.9400670742071906e-15
2.0718104523877845e-15
2.1909203717975127e-15
2.2016166275766456e-15
2.3168028989294163e-15
2.4093243104827248e-15
2.4057754200848513e-15
2.4628976627372494e-15
2.2515651554866855e-15
2.0978470697183878e-15
1.7789752379459325e-15
1.8033311627617577e-15
1.7791824276658925e-15
1.8220782958743026e-15
2.026505837130701e-15
2.1211527529547815e-15
2.117785588500512e-15
2.6560241819497417e-15
2.5723435840249944e-15
2.497616676405874e-15
2.3288952124630203e-15
2.2805009867815068e-15
2.243786571267389e-15
2.328857443879487e-15
2.3241714418577893e-15
2.6265586810749118e-15
2.754837689374643e-15
2.8482349115216327e-15
2.7225644125381724e-15
2.753939503152411e-15
3.0058750840231886e-15
2.8393084084332196e-15
2.720187628588656e-15
2.795376680200395e-15
2.8454225964948436e-15
3.3325453224478746e-15
3.439576526966909e-15
3.4983328899725655e-15
3.943818526644857e-15
3.875119400970202e-15
3.94081174818401e-15
3.3192761844530165e-15
2.8889115648037373e-15
2.5810645734504273e-15
2.355748523236228e-15
Acceptance rate: 0.2886250000000004
1.3465598462752248e-15
1.6158781457676828e-15
1.5229619522155654e-15
1.6046487922743789e-15
1.663045658153795e-15
1.6008853864799006e-15
1.7092605908298787e-15
1.638006508151881e-15
1.6017991241126706e-15
1.7031028979103912e-15
1.7252240091606184e-15
1.821902635015196e-15
1.6248439631175803e-15
1.507008496721677e-15
1.5871439039403566e-15
1.6524848687595721e-15
1.759239528355222e-15
1.7522776821505267e-15
1.7168523985491612e-15
1.5817843764712568e-15
1.6780481757282445e-15
1.6890428526121232e-15
1.782846094168489e-15
1.8737799512746457e-15
1.9150127720608295e-15
2.3489011382542462e-15
2.362202269341496e-15
2.100693133886212e-15
2.0804809969906574e-15
1.9968026279404387e-15
1.900076246623745e-15
2.0186709324396833e-15
2.007785489153285e-15
1.8959184494752554e-15
1.7215098289689812e-15
1.7439676815054397e-15
1.867912947194209e-15
1.678380303735933e-15
1.7234122333701776e-15
1.8000658666196616e-15
1.6271733474704534e-15
1.5961717231325408e-15
1.6492340132412932e-15
1.6800245355765784e-15
1.6370147523544791e-15
1.6261714700725619e-15
1.5891786687998108e-15
1.6282622507295196e-15
1.8322322625623928e-15
1.9592186787143545e-15
2.020151522667753e-15
2.0931485093643792e-15
2.141702853221841e-15
2.0641294193498536e-15
2.141575607309308e-15
2.5394633883934783e-15
2.441128135543811e-15
2.0888446368018752e-15
1.9920091073349797e-15
1.999770808456032e-15
2.0140119385169926e-15
2.0526651013690973e-15
2.1326748484424698e-15
2.2800570093930358e-15
2.2379397960946615e-15
2.1414479956545002e-15
1.847987558232579e-15
1.7577838708872274e-15
1.6516043384577269e-15
1.43630744389446e-15
1.5763435528059191e-15
1.396211463013907e-15
1.2304437350851317e-15
1.199502223421493e-15
1.1194867644262516e-15
9.949832303280467e-16
1.0473447013273639e-15
1.2236702805436886e-15
1.102709655341054e-15
9.90476075971359e-16
9.94867651046956e-16
1.2414068367600534e-15
1.2224469169762486e-15
1.1580915948564793e-15
1.1958158529220622e-15
1.092014565732044e-15
1.1095573801180547e-15
1.2624007315228151e-15
1.334383207462578e-15
1.5234782233162584e-15
1.605001751146471e-15
1.5129559856933839e-15
1.4597854452713591e-15
1.442433587579373e-15
1.5266493569491033e-15
1.5329216313276345e-15
1.443547666185135e-15
1.7414897042977372e-15
1.6333586327670833e-15
1.521236601782757e-15
Acceptance rate: 0.28669999999999995
8.822868911667947e-16
8.91758175956427e-16
1.019528019871887e-15
9.87442741491497e-16
1.0239116484756975e-15
1.016790241844907e-15
9.227056274552986e-16
8.95120234934428e-16
8.327169736781669e-16
8.737766172667686e-16
9.363626027089833e-16
9.09491558114972e-16
8.72748079824468e-16
8.474601565812417e-16
8.130569152747158e-16
8.457168283371063e-16
8.39358524373997e-16
8.334280824717793e-16
8.414506636032527e-16
7.956430050477758e-16
8.30207212752127e-16
8.814371372020223e-16
9.161046606152768e-16
9.157993162963357e-16
9.512934041559085e-16
9.055240323716232e-16
8.684333311159118e-16
8.573228203759375e-16
9.253352200500596e-16
8.424446415858684e-16
7.670677450997105e-16
8.212617332560066e-16
8.826342405137065e-16
9.87333404240455e-16
9.636322357659788e-16
1.0121068424301708e-15
9.342263875313285e-16
8.412310697863403e-16
8.950069668403708e-16
9.304483272059802e-16
8.689775541244636e-16
8.869257695286062e-16
8.292169574072476e-16
7.852493300644222e-16
7.825670956927301e-16
7.274607761394623e-16
7.764443671210627e-16
7.320019678103243e-16
6.826787732760252e-16
7.204950625716359e-16
7.001958772026559e-16
7.56371444812833e-16
8.364601885221978e-16
8.416204688124156e-16
8.673939067485861e-16
8.106552313384961e-16
8.235544954029187e-16
8.664592560585564e-16
8.490705188255001e-16
9.461376013962497e-16
9.678653710386402e-16
9.358464401077316e-16
8.630820705406263e-16
9.214062328302842e-16
9.28510381667467e-16
9.520563907845273e-16
1.0296265281214954e-15
9.519846897794012e-16
9.640225212956013e-16
9.434960582638828e-16
9.489441346016345e-16
1.0282812398899673e-15
1.099364240306271e-15
1.0532979449633495e-15
1.0586958741190822e-15
1.2254830721738275e-15
1.2718866399722799e-15
1.4021804349443342e-15
1.3379243952938549e-15
1.29698805279724e-15
1.1486951352603858e-15
1.1260041434975075e-15
1.0869272687618735e-15
1.189702273038368e-15
1.2917741567354708e-15
1.274905104822529e-15
1.3260952431303335e-15
1.2032557679757917e-15
1.2395692628861021e-15
1.062074630282993e-15
1.1226961220890885e-15
1.1356640506612333e-15
9.655302241975722e-16
9.096916174320701e-16
8.482615503601793e-16
8.740116393699676e-16
9.233874023247978e-16
9.597249590177471e-16
1.075243277539667e-15
9.431653499114326e-16
Acceptance rate: 0.28858333333333197
5.47024969742594e-16
5.161847413524085e-16
4.892958728952822e-16
5.491572658500811e-16
5.56446670615395e-16
5.5907650900715e-16
6.196542975307703e-16
6.333627090985269e-16
6.158435876306813e-16
6.245502249100653e-16
5.778735482794764e-16
6.310775650099842e-16
6.362321383946374e-16
6.866516046187992e-16
6.331080046392001e-16
6.561672671527841e-16
6.9587050514399e-16
6.842545737612081e-16
7.316803226668496e-16
7.115062985560322e-16
7.768865300571509e-16
7.766682873627812e-16
7.932414489833287e-16
8.129196761879487e-16
9.064296876162847e-16
8.846778115924664e-16
9.49731636343647e-16
1.0949975013332448e-15
1.1976680536278448e-15
1.2042333665535843e-15
1.0763788130486543e-15
1.0990933132672545e-15
1.0323280888318979e-15
9.053681512285168e-16
1.0422094760113855e-15
1.061548274140463e-15
1.0811422256649609e-15
9.956181170460093e-16
9.411850651448953e-16
8.705078730898394e-16
9.980760673382446e-16
1.02435443484198e-15
1.1410741181942886e-15
1.1157252459412256e-15
1.3049736704926013e-15
1.270232722392126e-15
1.356757970497725e-15
1.3617737864503085e-15
1.325563502533184e-15
1.402241773379185e-15
1.5623144307364692e-15
1.7551455982615538e-15
1.6520431441971588e-15
1.5216683408809532e-15
1.5309050423703365e-15
1.6838613167590173e-15
1.936760779132759e-15
2.1410529192049475e-15
2.208223876299003e-15
2.2254635918665035e-15
2.0892986690827986e-15
1.9508967178237793e-15
1.824968044625421e-15
2.1753948478871697e-15
2.2108533940423704e-15
2.1872441148102147e-15
2.0090401855352358e-15
1.9435188621150685e-15
1.7737327177586285e-15
1.7144812899324137e-15
1.7337846170645353e-15
1.673432495654337e-15
1.6818270026263744e-15
1.7303492243734204e-15
1.8062781401096913e-15
1.6213015393646657e-15
1.694731211061841e-15
1.7727296072989406e-15
1.86309316464552e-15
1.73867354391082e-15
1.81593190219915e-15
1.7607302433288578e-15
1.7465515745067238e-15
1.6498766930555264e-15
1.613516099440872e-15
1.479765517782867e-15
1.5603565561453168e-15
1.6327614836802825e-15
1.4467253337771638e-15
1.322024806455898e-15
1.2962238267749355e-15
1.2522059286344217e-15
1.2689261830346227e-15
1.1736242641501013e-15
1.1392069153983635e-15
1.1862867716429184e-15
1.2362043341515541e-15
1.4039692284868038e-15
1.4359034291317707e-15
1.4549960934682361e-15
Acceptance rate: 0.28942857142856954
8.595885855373399e-16
8.437840449356777e-16
8.156446582494696e-16
8.142722004343185e-16
8.888969062749604e-16
1.006724590320864e-15
1.0006708400391295e-15
9.91404953518824e-16
9.490116716073196e-16
9.487476775718523e-16
9.423089476062861e-16
9.616434527829304e-16
1.075882974450182e-15
1.0594944961917278e-15
1.0472114705547584e-15
9.806643392499446e-16
1.0278994212401123e-15
1.0533494609321568e-15
1.021409495048832e-15
1.2127943502281878e-15
1.2284707182623736e-15
1.2143531420479406e-15
1.0886281129480557e-15
1.0938608219931676e-15
1.0047730632486298e-15
1.0770253077861139e-15
1.076416896529546e-15
9.482428099152421e-16
9.447042199394699e-16
9.806439915417022e-16
1.03268390072614e-15
9.449673405773126e-16
9.151964646100757e-16
1.1322569802737668e-15
1.1639158096153774e-15
1.1042259462355638e-15
1.061469740676985e-15
9.747452816610695e-16
9.577134579079355e-16
9.318636392504432e-16
1.0001735424019602e-15
1.0399983139958476e-15
9.686009643232763e-16
9.387244225348682e-16
9.430914001704153e-16
9.340845876430271e-16
9.38722136626858e-16
9.222806722236772e-16
8.418593023038905e-16
8.679371167787573e-16
7.599211683881655e-16
7.615281469400666e-16
8.923633582780456e-16
8.929941292566037e-16
8.793116445133402e-16
9.526251048193019e-16
9.42484952477882e-16
1.1248375995943016e-15
1.2217357221923973e-15
1.332098097764533e-15
1.3434003417962444e-15
1.475210431278209e-15
1.4117308815099719e-15
1.2519643082880968e-15
1.0699065827007853e-15
1.1856301583760634e-15
1.3074093861211183e-15
1.4034917446185932e-15
1.2912942015906338e-15
1.3261088504319759e-15
1.484650846521932e-15
1.5335101626904724e-15
1.5302517451169489e-15
1.6615792660740402e-15
1.704663175460742e-15
1.970373426986244e-15
2.096192494115472e-15
1.8472706452498043e-15
1.8614562127391605e-15
1.8519577067528752e-15
1.714426471842205e-15
1.6487779476037361e-15
1.5608322512243162e-15
1.5563097207805308e-15
1.505586591143485e-15
1.5359098067021898e-15
1.2222038486486546e-15
1.127638643897553e-15
1.1280812236159725e-15
1.2859965092092194e-15
1.3177801382855708e-15
1.3210937364354567e-15
1.2559801880696742e-15
1.309881165908288e-15
1.2137174602183908e-15
1.1760419523377068e-15
1.216013943975e-15
1.2044186890375745e-15
1.1966557758797442e-15
1.105531613499288e-15
Acceptance rate: 0.28899999999999854
6.643065000269461e-16
7.576100211728494e-16
7.051732811129817e-16
6.900459150447016e-16
6.947284842146225e-16
7.510962643549817e-16
7.830806926093825e-16
6.683524575858e-16
6.165199646214881e-16
6.297150823702006e-16
6.767092036427998e-16
7.453371185475876e-16
9.144927635307962e-16
8.690749326852044e-16
8.799916273341914e-16
1.0119032931668034e-15
9.268574552789062e-16
9.028937893382414e-16
9.609231730137623e-16
1.0190727580939305e-15
1.0965140218449944e-15
1.1413254482124668e-15
1.3031885849498192e-15
1.280199019696193e-15
1.3633769877821405e-15
1.3677331774131668e-15
1.4446694637500025e-15
1.5824877931131035e-15
1.554024194463504e-15
1.3686655477023531e-15
1.4023509985471768e-15
1.3620765323809781e-15
1.4614240632890672e-15
1.4787226641973293e-15
1.4377090301077953e-15
1.4887073406347157e-15
1.4119328213336296e-15
1.349460202374865e-15
1.211561144625879e-15
1.237777915704821e-15
1.165130044377096e-15
1.1357896027559265e-15
1.2526011004670193e-15
1.2369727548710733e-15
1.2725954664636175e-15
1.32231221422799e-15
1.365285718972221e-15
1.3371045595286366e-15
1.2116879849168714e-15
1.0599474349705911e-15
1.236662578271476e-15
1.2901373878629647e-15
1.1483839658179466e-15
1.2115787617683921e-15
1.2713255197632584e-15
1.3784740029025036e-15
1.5920324903001654e-15
1.4836624230455692e-15
1.4684583847731844e-15
1.3621192697093245e-15
1.3167537983617002e-15
1.3020488909233535e-15
1.4125556010634877e-15
1.538693706834257e-15
1.411633787933361e-15
1.3096961443150268e-15
1.269800921550818e-15
1.192002243748254e-15
1.0885465480943199e-15
1.2453864745394868e-15
1.3740455412298733e-15
1.4334469929034799e-15
1.548938856085757e-15
1.5811289692780742e-15
1.5136130081083747e-15
1.6159694569788018e-15
1.5297317260107598e-15
1.5327616218542732e-15
1.3906191857105425e-15
1.480867906381349e-15
1.377318603878208e-15
1.4274899732475765e-15
1.450169872069367e-15
1.4363266963141153e-15
1.4485076578200197e-15
1.5013172738914767e-15
1.5723464377635435e-15
1.8612450196253042e-15
2.0028406278016217e-15
2.2069363264096288e-15
2.112244028283327e-15
2.146195732107974e-15
1.8979450400037886e-15
1.7419983498879962e-15
1.7123826530216528e-15
1.7784343716084093e-15
1.722549888844675e-15
1.794762223052835e-15
1.7158924310174116e-15
1.609220450408747e-15
Acceptance rate: 0.28594444444444245
9.628706906576322e-16
9.763857283999677e-16
7.945303292878304e-16
8.024898580882424e-16
8.726740698475582e-16
9.74873560467495e-16
1.0004171469680556e-15
1.1108344991731262e-15
9.901761944183192e-16
1.0723267833828211e-15
1.1086627782563218e-15
1.1591446737547954e-15
1.124500893124923e-15
1.0225994142638443e-15
1.0040382027189213e-15
1.0000436283732384e-15
1.0577092592186367e-15
1.0833283886168376e-15
9.173702537936795e-16
8.142250220412853e-16
8.579123060750887e-16
7.775283128760566e-16
6.973588368365089e-16
7.817258118998655e-16
8.260745251408372e-16
8.600916996590243e-16
8.492231158327212e-16
8.571028576749516e-16
9.022487163544407e-16
8.162123092135763e-16
7.685771850837285e-16
7.364515238278736e-16
7.4316532615881e-16
7.071124531559032e-16
8.432039459177925e-16
8.730923807453086e-16
8.710716553173203e-16
8.697194496355506e-16
8.140927298165312e-16
7.538486690316697e-16
8.416145556085773e-16
8.588943821579394e-16
8.762608927042316e-16
8.64106245402227e-16
7.969457435615059e-16
7.71011300136988e-16
7.693682565811967e-16
7.889723188137251e-16
8.211557188738171e-16
9.788122817603161e-16
1.0902823196777635e-15
1.1611959687347564e-15
1.2149534300028258e-15
1.213204227998762e-15
1.198610250207577e-15
1.2242363145429228e-15
1.2939185969155093e-15
1.1058787549265823e-15
1.1547026599670297e-15
1.1251634211183025e-15
1.0476735039710227e-15
1.0484515229247709e-15
1.0634036006348291e-15
1.2063686883294862e-15
1.2498252312482094e-15
1.1891615639656613e-15
1.2326634721341724e-15
1.2696096197601711e-15
1.403061163797804e-15
1.362474980465486e-15
1.4568707122512615e-15
1.3801507603381898e-15
1.4516746334452004e-15
1.5131752540222492e-15
1.404777255378545e-15
1.4841862559427975e-15
1.4409305140214078e-15
1.444680499794471e-15
1.5578570135025318e-15
1.4306693494224721e-15
1.4748778564621549e-15
1.3371853173472751e-15
1.4309839176605146e-15
1.311539336878834e-15
1.3571003209602696e-15
1.3453691200136477e-15
1.2727384086082194e-15
1.3676695598126188e-15
1.274911741292118e-15
1.2954676486285945e-15
1.2280030680499854e-15
1.2259668446096332e-15
1.1357591895032842e-15
1.0753148699723858e-15
1.0459233858875806e-15
1.1815404235037257e-15
1.1395230108786211e-15
1.0761385930562026e-15
1.0495355782296345e-15
1.1022357128635847e-15
Acceptance rate: 0.28629999999999833
Sampling time (10 samples): 5363.9522 seconds
