/scratch/users/yanlan/TroubleShooting/SM_ETwd/Output/AM_PM_ET_181_290_00
4.984433320838979e-08
2.3115109070064154e-08
1.0797741430650713e-08
5.4636020196618125e-09
2.96713697331535e-09
1.6538816974051553e-09
9.978803061495315e-10
6.022686609207983e-10
3.828160035315307e-10
2.4173776831975193e-10
1.6011679633503294e-10
9.904071666575996e-11
6.527275186700432e-11
4.3940282174863345e-11
3.2238723998988096e-11
2.4353121083139155e-11
1.664268299525054e-11
1.1098155794139963e-11
7.283016364199837e-12
5.4959163950125406e-12
3.9652515954011084e-12
2.9386834498978316e-12
2.1771436666246362e-12
1.5903590153593095e-12
1.257251153850962e-12
8.519503550790902e-13
6.899171436509658e-13
5.662190829635536e-13
4.875787259005815e-13
3.8418356069735203e-13
3.1230835636151845e-13
2.52326099416446e-13
1.997493656264722e-13
1.694815884678579e-13
1.416382085919655e-13
1.3111804400747398e-13
1.2799161889820742e-13
1.252914595299855e-13
1.056123622492602e-13
8.381450325132229e-14
7.044503314144152e-14
5.94865333937217e-14
4.8107827720490674e-14
4.445991658727342e-14
4.414634330787739e-14
3.9971667042095046e-14
3.4013415040790024e-14
3.016755830374233e-14
2.862072392702039e-14
2.7222013542087263e-14
2.766856738761766e-14
2.618905259052388e-14
2.6023434659476764e-14
2.316723996293207e-14
2.0713457540781487e-14
1.8707395241282314e-14
1.750756628086038e-14
1.5992762186819136e-14
1.540424249823354e-14
1.4637623434815486e-14
1.3653403672134006e-14
1.235687204538326e-14
1.2555612786434128e-14
1.190548942655041e-14
1.039025806119184e-14
1.0685900025815943e-14
8.813183149708923e-15
7.742676826998112e-15
8.228360418823848e-15
7.515608421186192e-15
6.691651798965561e-15
5.625651982720299e-15
5.40887986676234e-15
5.319214130612622e-15
5.584135803542546e-15
5.8977524406165835e-15
6.305565080603117e-15
6.1094878515436724e-15
5.779846091219795e-15
6.080001831706811e-15
6.2159129244027825e-15
6.653246025782106e-15
6.2284285738335504e-15
7.010394758362779e-15
7.086436628791881e-15
6.9893634086318326e-15
6.419231676491735e-15
5.846790009507131e-15
5.454039662614452e-15
4.910586596233844e-15
4.588465271114642e-15
4.349301344568341e-15
3.761547345488827e-15
3.994180341105425e-15
3.4873523042554353e-15
3.3789991261065435e-15
3.278127925811336e-15
2.9954862760185275e-15
3.2508819027738915e-15
3.6551411530516716e-15
Acceptance rate: 0.3244999999999994
1.896747535553342e-15
1.918865235144158e-15
1.816274820223412e-15
2.0353804750937935e-15
1.9630638888948702e-15
1.8785097575392997e-15
1.865716581862558e-15
1.918793486287844e-15
1.7965556656157656e-15
2.1522735807324853e-15
2.148245450104396e-15
1.855035877641528e-15
1.993539996608863e-15
1.947124122276391e-15
1.818760455508183e-15
1.5845950595350843e-15
1.5113624116934248e-15
1.898664860602183e-15
1.9602092836078937e-15
1.957137998140833e-15
1.923277869804919e-15
1.751690674242329e-15
1.964280502354693e-15
1.976864894681717e-15
1.9373639730678296e-15
1.870063886339218e-15
1.7398222814117641e-15
2.002711162507855e-15
1.974940007454188e-15
2.1534902001599646e-15
2.0357787939488526e-15
1.8350283307728057e-15
1.779525788389044e-15
1.8343606860749973e-15
1.975174586418313e-15
2.0888412831721994e-15
1.9677982464957648e-15
1.9892229435401867e-15
2.147868053007081e-15
2.0018794044815872e-15
2.033537533539257e-15
2.3043548172119076e-15
2.515326056661833e-15
2.445322999740077e-15
2.115414590363809e-15
1.9911049542493435e-15
2.0983524184653183e-15
2.1198521801329695e-15
1.987850278054597e-15
2.09910544041724e-15
2.078557487185313e-15
1.7387570996085814e-15
1.7079551208526495e-15
1.823992824710153e-15
1.93421728363504e-15
1.7202677625181926e-15
1.655557768610407e-15
1.6417945848711056e-15
1.5777055078980294e-15
1.5398796534173109e-15
1.4505026776967594e-15
1.45635739737829e-15
1.3132960732343017e-15
1.2945410613461952e-15
1.209675650271159e-15
1.2205373212903281e-15
1.1491778602871306e-15
1.2703206611372004e-15
1.2556481888749673e-15
1.3103134651200153e-15
1.390443395777582e-15
1.2299143933254847e-15
1.3006331688752486e-15
1.307017339612625e-15
1.2754954557290494e-15
1.2275697559903738e-15
1.3171415354370274e-15
1.2274120631056414e-15
1.1680366773332066e-15
1.2623581612171146e-15
1.4040352946911561e-15
1.4598634865157152e-15
1.4415475350725334e-15
1.410292735906918e-15
1.6748855312514692e-15
1.7305212896628753e-15
1.8037240918550456e-15
1.7602869689260103e-15
1.5914684769857223e-15
1.61390201927873e-15
1.6039272071050676e-15
1.6420717982436627e-15
1.7436603556355911e-15
1.853049602570398e-15
1.835936928214275e-15
1.6920419394889708e-15
1.5994565013201926e-15
1.7443927196999487e-15
1.6981464588627468e-15
1.7091780508642938e-15
Acceptance rate: 0.3007499999999985
9.575266663996055e-16
9.850647213022837e-16
9.883565612115223e-16
1.0108767869324086e-15
9.384626853818426e-16
9.58195465605427e-16
9.13961411024397e-16
9.009025745038028e-16
8.95403538201374e-16
1.0590126813689152e-15
1.0346020152216491e-15
1.1009510187178372e-15
1.130272163868323e-15
1.087512852579064e-15
1.0024844182577554e-15
1.070604467703043e-15
1.1720264734528378e-15
1.039838788550933e-15
1.0888895538461074e-15
1.031181430141036e-15
1.2505652200696625e-15
1.3004569479139502e-15
1.3494189849022946e-15
1.5388914378927435e-15
1.4455140789660025e-15
1.522202350803881e-15
1.6720926444659311e-15
1.898192784615074e-15
1.8617332777866517e-15
1.837878508593197e-15
1.695318844842469e-15
1.884047311832542e-15
1.6693809465841088e-15
1.5410453503688492e-15
1.4532048237815256e-15
1.3660341420037257e-15
1.3687011164336379e-15
1.3548811713700508e-15
1.2946410930192427e-15
1.456927527146934e-15
1.529444438343165e-15
1.308452972144629e-15
1.5024590669295882e-15
1.501556488777886e-15
1.4446803499262393e-15
1.5177190205291173e-15
1.629126138932256e-15
1.4957200043177033e-15
1.5185816643049357e-15
1.6643591629735882e-15
1.8161172469329732e-15
2.0913068687882077e-15
2.25057144929222e-15
2.231054863872284e-15
2.3177354309337992e-15
2.519638507458588e-15
2.472240823026845e-15
2.5525224112485107e-15
2.491435383291845e-15
2.38855275148572e-15
2.118006421180886e-15
2.331095922013168e-15
2.2712565733258285e-15
1.993299179945007e-15
1.794932336324035e-15
1.7408397257624965e-15
2.1328719313957552e-15
2.068348055778685e-15
1.821579131941981e-15
1.7482489227470598e-15
1.6147807084410681e-15
1.8083309883176225e-15
1.6890500411760698e-15
1.5219728407233218e-15
1.6895511076316098e-15
1.7730499949008783e-15
1.6585466532091521e-15
1.4965604668276853e-15
1.4469942795243876e-15
1.5455982616876865e-15
1.4160236729045878e-15
1.2225328203161854e-15
1.3723313067089572e-15
1.3567913282972596e-15
1.3697613594091203e-15
1.1447690805530694e-15
1.3532843636223084e-15
1.2214228331104942e-15
1.074271278060193e-15
1.0944954142586695e-15
1.2314950679311199e-15
1.207429802326569e-15
1.1594703609837106e-15
1.0790489142810807e-15
9.992972996351544e-16
1.031374098172255e-15
9.632636953037406e-16
1.1095954021025091e-15
1.1721536705538697e-15
1.0940758964079502e-15
Acceptance rate: 0.3006666666666646
6.372862667566971e-16
6.367284130853254e-16
5.845034917482504e-16
6.97038593857227e-16
7.309070134321635e-16
8.378630839624155e-16
9.170507773128945e-16
1.037026626170403e-15
1.2005691131382668e-15
1.1856802382818126e-15
1.1655199679482119e-15
1.0352736361088147e-15
1.057377442768828e-15
1.0647456400509973e-15
1.032501872303554e-15
1.1648867449627307e-15
1.1523813521929508e-15
1.1614379339054606e-15
1.0719838815426721e-15
1.0324817070811047e-15
1.0953001091477234e-15
1.0467252461374106e-15
1.0838047890752368e-15
9.585183722580997e-16
1.0848216158259175e-15
1.0362168596446003e-15
1.0764844585263347e-15
1.0063580147885796e-15
1.0824539102916016e-15
9.98690090776789e-16
9.537169303023623e-16
1.1353927346745732e-15
1.1836563334991849e-15
1.3373225017360828e-15
1.2476145471925503e-15
1.2022427368989358e-15
1.2016667618140427e-15
1.2257067769855684e-15
1.1800990626699009e-15
1.2311894815686356e-15
1.098302243104441e-15
1.0584623619401993e-15
1.0843219403092917e-15
1.0929458395942688e-15
1.0144875242523333e-15
1.001360568287276e-15
1.0030469279008821e-15
9.609064870208482e-16
9.2622140950577e-16
8.788456687877152e-16
9.105493821976753e-16
1.0604670882356392e-15
1.1994610584498053e-15
1.2682837223953459e-15
1.4696424296242487e-15
1.4455397250753933e-15
1.5604596895828267e-15
1.5182529989824087e-15
1.3107306667724136e-15
1.2443606813709583e-15
1.263394718112467e-15
1.3403909663495518e-15
1.3405971209673603e-15
1.4900092362548815e-15
1.8793329080111696e-15
1.873781803850648e-15
2.42567842727777e-15
2.416051556991519e-15
2.319690459905387e-15
2.547818222742623e-15
2.3417348807509993e-15
2.531890332373557e-15
2.2654780690670866e-15
2.0845563455814788e-15
1.9275545013576674e-15
1.9074762149580857e-15
1.768071852953655e-15
1.772001019433438e-15
1.797961335640478e-15
1.665832763885223e-15
1.74723295912486e-15
1.8173311642908015e-15
1.8044882343837996e-15
1.7261038319792793e-15
1.874879959781293e-15
1.9418426052511823e-15
1.8493114117959127e-15
1.8613499798641654e-15
1.8682258187498806e-15
1.823179408343308e-15
2.007840971184715e-15
2.247649182894234e-15
2.566977421509044e-15
2.635749250314108e-15
3.0608612129107938e-15
3.2284302218966313e-15
3.4477840497368004e-15
3.655184107146173e-15
3.5380442306470827e-15
3.809478882608746e-15
Acceptance rate: 0.29499999999999854
2.1515867088032307e-15
1.8378241900882017e-15
1.783403769882615e-15
2.0103376489168477e-15
2.028477562955929e-15
2.033648205426437e-15
2.404320185197344e-15
2.2086229622164726e-15
2.5638060431491466e-15
2.7237248884103328e-15
3.190348352012141e-15
2.9170024816413322e-15
2.736476479866438e-15
2.589703172999591e-15
2.426931093317961e-15
2.4509444469464716e-15
2.4866812976791864e-15
2.599590296223583e-15
2.748823801893934e-15
2.783139159012081e-15
2.5083796655039464e-15
2.3092219655678932e-15
2.279026418701868e-15
2.071089005787811e-15
2.034802165534305e-15
2.0377126091125714e-15
2.0943921475334904e-15
2.060642371470506e-15
2.1928634636883295e-15
2.1296783811329256e-15
2.203858780237358e-15
1.994938224880889e-15
1.906802883258466e-15
1.7623064973384595e-15
1.5913108680512144e-15
1.582560892006751e-15
1.5233304585940134e-15
1.4711218344545437e-15
1.4473498844688623e-15
1.3888271844519569e-15
1.4045041580551335e-15
1.132909540518798e-15
1.068785453787031e-15
1.0329552440677125e-15
1.0304333597078503e-15
9.213213108580652e-16
9.782723262620047e-16
1.0060677745244746e-15
1.0354505085688949e-15
9.626367565459494e-16
9.230804927646071e-16
1.028481504802321e-15
1.069647166988362e-15
1.079199465235475e-15
1.0182675316847504e-15
1.0603909119537433e-15
1.1484307715019449e-15
1.142086750310674e-15
1.2729276967926724e-15
1.3478361862133128e-15
1.413091374885972e-15
1.5362488457334252e-15
1.499035185315238e-15
1.7250897969042475e-15
1.6742960087549936e-15
1.6970170713807595e-15
1.6805813453521662e-15
1.7699611856103764e-15
2.0183844449833616e-15
1.791394141514277e-15
1.7784629062856437e-15
1.5479905203374615e-15
1.5874934850959178e-15
1.5573538091597457e-15
1.64489985478544e-15
1.6564771850387656e-15
1.7875500553239947e-15
1.6939346471373956e-15
1.708986769969043e-15
1.7471543544604312e-15
1.6056809920385299e-15
1.734390485834107e-15
2.0358235641327683e-15
2.3328242427257487e-15
2.2947465196612816e-15
2.5357434355185244e-15
2.469428362990405e-15
3.0720448389641452e-15
3.2606886661344396e-15
3.4032619604794882e-15
3.416111519320212e-15
4.029325541210932e-15
3.95553716821e-15
3.680087223645082e-15
3.422546799213474e-15
3.1650111585124327e-15
2.8704363509415485e-15
2.779434378971857e-15
2.760903908937332e-15
3.1173293224983693e-15
Acceptance rate: 0.2944999999999998
1.8214317579349106e-15
2.0272323700460604e-15
1.94291741948504e-15
2.101350841062506e-15
1.922076115971227e-15
1.796456997838254e-15
1.925519392008738e-15
1.8918939340799974e-15
1.9532262367624974e-15
1.868796322570539e-15
2.0052296063348115e-15
2.173460176669539e-15
2.179723178114102e-15
2.357494276652419e-15
2.5499796007428985e-15
2.4593174157340287e-15
2.568945010708621e-15
2.868192659827603e-15
2.729169272019647e-15
2.912140212947837e-15
3.1087805475464465e-15
2.9252420905642e-15
2.8878505621407998e-15
3.119058669878273e-15
3.327651279720946e-15
3.1062571268260255e-15
3.0155940189241533e-15
3.303899281351433e-15
3.043558017745537e-15
3.3711752737200512e-15
3.0613471797538538e-15
3.5825654033488914e-15
4.2089305976320425e-15
4.19848091609324e-15
4.300553635593181e-15
4.079149794878688e-15
4.127644741815523e-15
4.478508605179965e-15
4.902203741761847e-15
4.9401165503182235e-15
4.486140682276796e-15
4.189715566610701e-15
4.0540060048401986e-15
4.375790433915944e-15
4.545077995260299e-15
4.251012060013961e-15
4.2959979786814655e-15
4.437979047381022e-15
4.400076796596931e-15
4.2156054509064295e-15
3.937214366519677e-15
4.1736892583136926e-15
4.611244251730376e-15
4.564583486730743e-15
4.93493424050386e-15
4.7311680155803495e-15
5.005960253742079e-15
4.733839386219121e-15
4.986744942938216e-15
4.688195169806686e-15
4.242648552240328e-15
4.356577506270304e-15
4.74708567795403e-15
4.4190721450281756e-15
4.367970728257388e-15
4.16681708828364e-15
4.009291280383723e-15
3.943968024381217e-15
3.784803057592659e-15
3.576854106075168e-15
3.3661517252310027e-15
3.2344556458618508e-15
3.609346268796705e-15
3.64767956538401e-15
4.186374297071313e-15
3.969606564290413e-15
4.280279558477187e-15
4.29810174992197e-15
4.009067980136929e-15
4.506420570548807e-15
4.2686407170142906e-15
4.627414952415863e-15
4.7822077900722546e-15
4.404793481268084e-15
4.72507457991328e-15
4.913673586833607e-15
4.9682078188602245e-15
4.536632690188372e-15
4.346111486297213e-15
4.042368421072898e-15
3.760515088749196e-15
3.910839012904454e-15
3.791114187817096e-15
3.7882567421831e-15
3.618891471481175e-15
3.436759625028366e-15
3.8085169460552485e-15
3.750282378990832e-15
3.84042123542824e-15
4.0555077151249334e-15
Acceptance rate: 0.29516666666666747
2.3905743315380584e-15
2.6303037793270775e-15
2.673732354759877e-15
2.4963714901111747e-15
2.29293226505919e-15
2.2531440298257744e-15
2.4337545421864027e-15
2.5858610630131686e-15
2.467052393527439e-15
2.483715734243151e-15
2.538414175060141e-15
2.5690606787751864e-15
2.7649260033015115e-15
3.0061818540511048e-15
3.0623137228900274e-15
3.031215579167335e-15
3.065442080063058e-15
2.7348860981464846e-15
2.8749341020178025e-15
3.0639764532300426e-15
3.100938293379263e-15
3.386916573513862e-15
3.697933755098516e-15
3.777624230307474e-15
3.951918178632512e-15
4.1726448907102176e-15
4.6149638920149516e-15
4.591438575905656e-15
4.5363490137008934e-15
4.038021599294276e-15
3.9198313554127125e-15
3.915605642947747e-15
3.963359581051734e-15
3.978792916777504e-15
3.792806330123625e-15
3.682022468727173e-15
3.2295749375927046e-15
3.3557420831252216e-15
3.753544887830693e-15
3.620934438210672e-15
3.4822208661335417e-15
3.1722871059494125e-15
3.1677871883615204e-15
3.1910763460633763e-15
3.021327235744944e-15
2.8684092528921827e-15
2.9754893184584126e-15
2.970422808956868e-15
3.0998309105152397e-15
2.843860965584038e-15
2.7746879005220868e-15
2.653002393358468e-15
2.468075806416728e-15
2.548056293705772e-15
2.5990530976465303e-15
2.693376856335318e-15
2.880183534727124e-15
3.2277628283194672e-15
2.9901029455087156e-15
3.0794386901642488e-15
2.877961665767746e-15
2.992017090429417e-15
3.259700495065504e-15
3.0705188670395212e-15
3.3209071694042746e-15
3.3172236346750773e-15
3.5472263687341336e-15
4.121626998320625e-15
4.2879472026869126e-15
4.051863019544471e-15
5.351367065067437e-15
6.217035260319163e-15
5.577334685050662e-15
5.558748058051007e-15
5.350083055595987e-15
5.4239525789999015e-15
4.9615873917517476e-15
4.91903498938174e-15
5.412989534075202e-15
5.0954368874175364e-15
5.289869744179741e-15
4.798637843161611e-15
5.551043091234985e-15
5.785447485886422e-15
5.936903498950733e-15
6.0607217593736855e-15
5.531744818236844e-15
6.277775060698426e-15
5.645713887302314e-15
5.152934974540795e-15
4.576165903959766e-15
4.1233994242771494e-15
4.359476347762312e-15
4.4172800186195556e-15
4.094841665302606e-15
3.976731490489639e-15
4.926710726486274e-15
5.15658766562475e-15
5.49654645918494e-15
5.929673795413488e-15
Acceptance rate: 0.29385714285714437
3.5063422500177155e-15
3.245459121195188e-15
3.469858525642434e-15
3.5323385025260423e-15
3.520107058909277e-15
4.282053655399304e-15
5.128667502694945e-15
4.76738238128943e-15
5.659692149855699e-15
5.860362496664021e-15
5.941895140945921e-15
5.769002002243685e-15
5.028893082981902e-15
4.8193601633221775e-15
5.1814611036324025e-15
4.9409731197239055e-15
4.789435762736481e-15
4.811581424578763e-15
5.229921744577525e-15
4.942204647464138e-15
4.72648399448969e-15
4.4306126028777495e-15
4.950507449158002e-15
5.112395550425188e-15
5.154722280432534e-15
5.382752289302097e-15
5.489712664282506e-15
6.196820918306038e-15
6.753756209102822e-15
6.4216318977978426e-15
5.970650654588977e-15
6.434466498198937e-15
6.486488420038471e-15
6.169695955687235e-15
5.814222926076033e-15
5.9233866082257674e-15
5.617419955440537e-15
5.638269091640528e-15
6.199294568261231e-15
6.9974038765496965e-15
6.7997356946698936e-15
6.2306343495661936e-15
6.1594030294624916e-15
6.153820617254156e-15
6.75520621622191e-15
6.7290529232348916e-15
6.644689139744866e-15
6.99222493618828e-15
6.9134846323758515e-15
7.562330258439299e-15
8.19720532992066e-15
8.665261943187536e-15
9.376505061471476e-15
9.461344639962849e-15
9.076025885048528e-15
1.0073769734057518e-14
1.0313850121415568e-14
9.055905671417854e-15
8.21986109794781e-15
7.777830813136088e-15
7.779248070902011e-15
7.447002141677485e-15
7.420902018566187e-15
8.400477884831718e-15
7.066035464067677e-15
7.421230232851171e-15
6.848793769950855e-15
6.86823724197429e-15
6.713064183330068e-15
6.608049821876179e-15
7.389168133783758e-15
6.42641276800097e-15
6.366041838464954e-15
6.079842633190958e-15
7.058867837669217e-15
6.871140096170512e-15
6.786262049270112e-15
6.306150946167929e-15
6.6533839577023244e-15
6.157111150108787e-15
6.413632646684965e-15
5.887817207300113e-15
6.488281236042015e-15
7.041156356166887e-15
6.843775689721037e-15
7.448474484331355e-15
7.288653543661847e-15
7.593707002803903e-15
7.0472977310735675e-15
6.492064907451521e-15
6.278027599136899e-15
7.101533359057789e-15
6.99492809726622e-15
6.189023883467863e-15
5.6662249794880915e-15
5.053749216128579e-15
4.30379741764357e-15
4.097426903052661e-15
4.299467601604562e-15
4.314730445527004e-15
Acceptance rate: 0.2935000000000008
2.557202742440264e-15
2.363120536069701e-15
2.118796281483617e-15
2.1625403875351936e-15
1.8510529669726806e-15
1.8374327681736965e-15
1.9344687669191087e-15
1.9898503607534396e-15
1.7904446867539836e-15
1.7051421885161449e-15
1.5727050042050256e-15
1.5736840908949596e-15
2.012887757351011e-15
2.2143997844167796e-15
2.334473325312966e-15
2.3484551400811154e-15
2.325112906711284e-15
2.2840305938635138e-15
2.1519871441552288e-15
1.9854922254519663e-15
2.440494367301412e-15
2.3460407133043404e-15
2.6104751038679162e-15
2.5952229825545803e-15
2.9381290562560555e-15
3.1395212065918775e-15
2.832437224215905e-15
2.7744003798069316e-15
2.7361439397619596e-15
2.821219009590627e-15
2.7829755121705044e-15
2.789870444051751e-15
3.0846294754397114e-15
3.2878905222340093e-15
3.445025349655021e-15
3.57274840214855e-15
3.5418829004361704e-15
3.7592121169805365e-15
4.096171244157945e-15
4.075823440872045e-15
4.024659152437412e-15
4.1534536648312845e-15
4.640686514268311e-15
5.459349313995533e-15
5.195261722803613e-15
5.7260651600181995e-15
5.9004395509464045e-15
5.558509522772035e-15
5.655558037487499e-15
5.536792366931131e-15
5.115788569393483e-15
4.890506506369454e-15
4.370599464371427e-15
4.4081296853545434e-15
4.388951640828452e-15
4.467672486107898e-15
4.28330495292368e-15
4.143974680039764e-15
3.9318194481079086e-15
3.687699221857906e-15
3.375055306523445e-15
3.726038864079101e-15
3.725354541317149e-15
3.4801807494533903e-15
3.179032729145615e-15
3.1491513842505037e-15
3.3059110687347293e-15
3.2831701804201036e-15
2.889716780585572e-15
2.6130572376304307e-15
2.6115835626906037e-15
2.5982076188593128e-15
2.553474282010481e-15
2.665680252884441e-15
2.4684521614803102e-15
2.6197505241311308e-15
2.621154473819235e-15
2.5684631334121644e-15
2.53011020201716e-15
2.3383966642396258e-15
2.5246612555646316e-15
2.7317986544679813e-15
2.758233810433603e-15
3.0176475642794123e-15
3.0089974288934887e-15
2.9806283453572735e-15
2.831730735560857e-15
2.997617623144993e-15
3.176402801738879e-15
3.0858546068441065e-15
3.1628539347423507e-15
3.227833177152073e-15
3.4044491572368057e-15
3.7827343221068335e-15
3.9604445795018455e-15
3.439432369579836e-15
3.3772598603883184e-15
3.3957081376129866e-15
3.2692416479299686e-15
2.9533357686657325e-15
Acceptance rate: 0.2912777777777774
1.7920501997397622e-15
2.0588330971022475e-15
2.170507603256037e-15
2.4242795254718935e-15
2.4498252429622306e-15
2.5522497698560586e-15
2.7056388255689246e-15
2.9226472232290893e-15
2.917283248383931e-15
2.7399706351331957e-15
2.697246636123922e-15
3.05686359994885e-15
3.2150078018855816e-15
2.7673077824735448e-15
3.276338955612062e-15
3.1097949300399376e-15
2.8361453617919664e-15
2.79741496183769e-15
2.6705054019639108e-15
2.9599968028942638e-15
3.0898164926802887e-15
2.9381993723453415e-15
2.9373328116149417e-15
2.938909785394158e-15
3.2875807244266416e-15
3.3576543695076763e-15
3.591180821395164e-15
3.26232989992041e-15
3.325106754512188e-15
3.1315783933304747e-15
2.8688182576011464e-15
2.9254400300824273e-15
2.7599490655224933e-15
2.7809876903902454e-15
2.6706601740113386e-15
2.6138303937727707e-15
2.544559534179973e-15
2.7839212235502818e-15
2.9944012262699857e-15
2.940978629972498e-15
2.8953145485678444e-15
2.9742285102210807e-15
2.8948680867692426e-15
2.9915367453350047e-15
2.90933099929271e-15
3.2899828043363575e-15
3.3158475830767635e-15
3.1734154718373902e-15
3.2902371765440226e-15
3.4557972565389706e-15
4.170934459366061e-15
4.5831797509995054e-15
4.792319426799843e-15
4.7987770013324515e-15
4.917968807169697e-15
4.465204241473581e-15
4.626953255505761e-15
4.300695537403432e-15
4.464554956635483e-15
4.171152583888658e-15
4.067190243988679e-15
4.470141328634047e-15
4.791602416434989e-15
4.97588805075721e-15
5.845140567570685e-15
5.303390799674676e-15
6.1994985492243195e-15
6.14886885336626e-15
5.8699589123097254e-15
5.779414795528054e-15
6.39371222937663e-15
6.250580230997297e-15
5.800072827460928e-15
5.685875960955625e-15
6.368683342705479e-15
6.5014294994471936e-15
6.969686086592779e-15
7.282872291313438e-15
6.741885622230775e-15
6.126653398452023e-15
5.891254772391695e-15
6.3937386655608895e-15
6.399681777340035e-15
6.433613008981251e-15
7.156367611820753e-15
7.564792999187219e-15
7.674740081431894e-15
6.997590840688309e-15
6.927980897486498e-15
8.924307109156677e-15
8.217699470416327e-15
8.07621413913467e-15
7.895514354920964e-15
7.408031433783967e-15
7.265038094750104e-15
7.184678097674706e-15
7.222024233717299e-15
6.7652429544061965e-15
6.240496142499757e-15
5.928188622994009e-15
Acceptance rate: 0.2918499999999999
Sampling time (10 samples): 5384.6455 seconds
