/scratch/users/yanlan/TroubleShooting/SM_ETwd/Output/AM_PM_ET_161_346_00
5.0040250003733685e-08
2.28755980219073e-08
1.1267120069437158e-08
6.033163554925377e-09
3.231986363533323e-09
1.9307836002998957e-09
1.0641803794748631e-09
6.094493747621009e-10
3.8047346746966167e-10
2.543043501862878e-10
1.7043687106958214e-10
1.0303570497583134e-10
6.685591322791085e-11
4.460404180508909e-11
2.8630397049823533e-11
1.8549543867503565e-11
1.3109889623030283e-11
9.51805823553634e-12
7.46645141320329e-12
4.897434029654207e-12
3.619966564377235e-12
2.606240470749629e-12
1.8721586369236025e-12
1.3244589529070869e-12
9.542694659335034e-13
9.045756060128125e-13
7.999080598052365e-13
6.551945030876589e-13
5.446193247703265e-13
4.2559448914864384e-13
3.276585127949289e-13
2.6858378568700333e-13
2.2955854112758427e-13
1.6925244020651972e-13
1.3853368217845725e-13
1.0796682647461721e-13
9.397842172001413e-14
7.99710921516968e-14
6.879755559640524e-14
5.721696531371175e-14
4.534140403887449e-14
4.305661114211059e-14
3.577626592521642e-14
2.807933004523523e-14
2.5488353753511862e-14
2.236308824616876e-14
1.901228393868002e-14
1.6377736262531883e-14
1.4941027947662078e-14
1.3676688341501262e-14
1.4086870100443853e-14
1.2747400769783404e-14
1.2757610217814073e-14
1.0171675306775197e-14
8.94871032964101e-15
7.642280871103732e-15
7.018420791661282e-15
6.1742863179252e-15
5.901523969925797e-15
5.1580436802230155e-15
5.7713840606228e-15
5.537228693494949e-15
5.048535118215944e-15
4.887247059078994e-15
4.404759395717938e-15
4.436121781184582e-15
4.0937503562105456e-15
3.4564854464612685e-15
3.706545961415369e-15
4.129840962302264e-15
3.6551869205135105e-15
3.4244660578606058e-15
3.002351623464907e-15
2.6803144485950028e-15
2.4684525795261956e-15
2.223051093318919e-15
2.158147853415684e-15
2.162166320949326e-15
2.0319971797104557e-15
1.9463459069787244e-15
1.6815275588921484e-15
1.6835325738941459e-15
1.714151672463494e-15
1.7868744335665882e-15
1.9299182237042908e-15
1.7911525932690485e-15
1.7896771393313753e-15
1.5984416405180918e-15
1.5817876053033622e-15
1.4688419813703307e-15
1.4307436617230302e-15
1.4360014733303686e-15
1.5949276435922567e-15
1.6201230502019786e-15
1.4913532224378814e-15
1.3619409152918723e-15
1.4558283179586058e-15
1.593290281668366e-15
1.5715656970430537e-15
1.401551171414672e-15
Acceptance rate: 0.2974999999999996
7.553011080978546e-16
8.34533316741763e-16
8.067362091181238e-16
7.331407348088338e-16
7.846856827399846e-16
9.257967146820957e-16
9.45882004478437e-16
9.812051931597675e-16
9.481328092830126e-16
9.27297555548214e-16
8.815042648597399e-16
8.090011359680669e-16
7.260733431440355e-16
6.917861081121649e-16
6.635057491410861e-16
6.641908071975712e-16
6.470149604411488e-16
7.633798685407289e-16
8.067482345728691e-16
9.404024236834955e-16
8.978678334766352e-16
1.0223762928461892e-15
8.648201855568632e-16
7.899399535788643e-16
7.244251596926722e-16
6.950019943882133e-16
6.972512488370197e-16
7.207162543606515e-16
6.44148176455806e-16
6.304920949682212e-16
6.107078293927819e-16
6.434279469999912e-16
6.681641226796583e-16
5.963231880421915e-16
5.108668642726658e-16
4.838434045358233e-16
4.681553613514524e-16
4.2638526759622903e-16
4.612690614686908e-16
4.576084677899134e-16
4.159080988616488e-16
4.0330129493737226e-16
3.984558712749621e-16
4.1283395385927525e-16
3.9879334313698197e-16
3.597878888521619e-16
2.988277298382087e-16
2.929249184645249e-16
3.093422249203548e-16
2.804652991463538e-16
2.581394615438736e-16
2.614775773401e-16
2.698730622952768e-16
2.339372510277752e-16
2.0670687979764555e-16
1.7621686854818355e-16
1.6226483808110222e-16
1.642879699746627e-16
1.5982474050466838e-16
1.8744569235105123e-16
1.9096993545984108e-16
2.029919719354187e-16
2.0298707761743134e-16
1.8976777594670165e-16
2.0327794217528703e-16
2.416441335888877e-16
2.6411539193690836e-16
2.5260516957708374e-16
2.747852846569173e-16
2.9331374253809695e-16
3.6713316078618823e-16
4.04134352458356e-16
4.526383934025571e-16
4.239666824968863e-16
4.676267293667149e-16
4.629638637501907e-16
4.3519103668783524e-16
4.3430580444176467e-16
4.1766921433667545e-16
4.324262260707642e-16
3.881433818760111e-16
3.3332218981697886e-16
3.7356635936052276e-16
4.0447601799694115e-16
4.1699575754761983e-16
4.858872777032888e-16
5.978568279879406e-16
6.341738064674278e-16
6.464179390741362e-16
6.78812535873596e-16
7.671366258785471e-16
7.14941983293052e-16
7.515451826231962e-16
7.582993243599735e-16
7.000014139796096e-16
6.661212494633134e-16
6.623213774401416e-16
6.545379965094426e-16
6.529908070507202e-16
6.710806053248249e-16
Acceptance rate: 0.2745000000000006
3.596651159737832e-16
3.3690666629401715e-16
3.3454634497582984e-16
3.4345502009256945e-16
3.3550273375319423e-16
3.7530677147219783e-16
4.0939772301858604e-16
4.0150911720198704e-16
3.808566265748206e-16
3.3046183536615197e-16
3.209233869717405e-16
3.275744462324395e-16
3.3636696597101997e-16
3.271397378182841e-16
3.7592595022068834e-16
4.3348194061738196e-16
4.1451312144008233e-16
4.535014691391702e-16
4.717356229513504e-16
4.099162184999245e-16
4.1031944773884823e-16
4.735125653707263e-16
4.861550399612906e-16
5.09574431986866e-16
4.776511966967548e-16
5.416111180803712e-16
6.183823714443008e-16
6.553069788880144e-16
6.098415267102987e-16
6.697469244466659e-16
5.783710051873105e-16
5.683043914548169e-16
6.122290207215064e-16
6.116343507534646e-16
6.943257074248859e-16
7.140625231977296e-16
6.765694657825737e-16
6.188312511238657e-16
5.103193278384633e-16
4.592595979457331e-16
3.977974364767737e-16
3.701036566202584e-16
3.190278970624183e-16
3.219319395577139e-16
3.593846969249591e-16
3.7853866444514007e-16
3.8583333981905325e-16
3.6128425864843835e-16
3.7477732803669174e-16
4.6457632020044e-16
4.638248625758524e-16
4.441289585523913e-16
3.9763802661957073e-16
3.862910549253838e-16
4.0435065256312074e-16
4.4375665311489765e-16
4.2279955800825127e-16
4.368378854408887e-16
3.806740227688476e-16
4.0649086074071497e-16
3.7474360625854725e-16
3.285907435250614e-16
3.329581251293698e-16
3.005278975725596e-16
3.607292697258735e-16
3.437196813507038e-16
3.5163461487320734e-16
3.764808379926084e-16
4.2676804649431687e-16
4.538092527369426e-16
5.316304608146897e-16
5.31956383702826e-16
5.696643589422085e-16
6.129254150299692e-16
6.459917380946382e-16
6.547110455283903e-16
5.931810026932753e-16
5.474706090453972e-16
5.394916954988121e-16
5.626652730574001e-16
6.245609858625213e-16
5.865882200754172e-16
5.775793833209603e-16
5.161577596116416e-16
5.334217026345487e-16
5.6630012538725e-16
6.148857488458422e-16
5.90164602970355e-16
6.801646335661796e-16
7.256958585531014e-16
7.355367751651929e-16
7.327120389403329e-16
6.863492369089333e-16
6.634770257382217e-16
6.748309051894611e-16
6.342783335795944e-16
5.906064953803763e-16
5.495400934712779e-16
5.163104356940198e-16
4.959329345167809e-16
Acceptance rate: 0.2769999999999991
2.9000318683361226e-16
3.0892759470602666e-16
3.4978371455737395e-16
3.4822094111343027e-16
3.2048929036114697e-16
3.212619558934321e-16
2.7444984182869538e-16
2.9526060304461885e-16
3.1188687252193694e-16
3.236981939792105e-16
3.266827688604208e-16
3.080646997275787e-16
2.997027919307052e-16
3.330866077090203e-16
3.6219407389212673e-16
3.421094973802465e-16
3.35682652923727e-16
3.327340752925407e-16
3.9423963148957626e-16
4.071935024326358e-16
4.4020251008530034e-16
4.591471859842941e-16
4.450946146467814e-16
4.2712703534107327e-16
4.253470816554156e-16
4.7861990717607635e-16
5.413489852240081e-16
4.682644264965643e-16
4.635633508933321e-16
5.088702368490472e-16
4.954136642890525e-16
4.758100817448599e-16
4.3309605880409145e-16
4.801139071357478e-16
5.462244496231174e-16
5.468915185245628e-16
7.759016521995124e-16
8.343218343933919e-16
8.916312470379583e-16
9.494502030517915e-16
1.0643701339080153e-15
1.107698851081195e-15
1.1436993213198068e-15
1.096446751748358e-15
1.0741840345387632e-15
1.1249210312070985e-15
1.109740631486322e-15
1.0616634692240624e-15
9.63300964798751e-16
1.0412399338791043e-15
1.0852336459226596e-15
1.0365955377773682e-15
9.71453623475239e-16
9.761168643181869e-16
9.047623505402748e-16
8.910347127755272e-16
8.269276634332693e-16
8.127850276403281e-16
7.871775490968148e-16
8.944979255566378e-16
8.506805808854704e-16
7.816745307334895e-16
7.838270899634067e-16
7.941494116560052e-16
8.96382913570862e-16
8.02496715886602e-16
7.928201079669066e-16
7.640991738769951e-16
8.78925316906404e-16
9.579617039753225e-16
8.563076174055335e-16
8.848658513149418e-16
8.172316263357368e-16
8.026494033459351e-16
7.820171404917878e-16
7.206314997025886e-16
6.416638514706003e-16
5.8417823748352255e-16
5.872358034882119e-16
5.627308223752558e-16
6.487896047160142e-16
6.205942687423841e-16
6.230267776657103e-16
5.692018334434429e-16
5.543164852303809e-16
6.170653868160742e-16
6.261413957037371e-16
6.045083545450428e-16
6.240218260744303e-16
5.972747869688875e-16
6.152822490839407e-16
6.440590074807676e-16
6.455932036466387e-16
6.820174110334559e-16
7.533826132620317e-16
8.610960546163628e-16
8.411069195595197e-16
9.05599673282666e-16
8.201243688917603e-16
7.800231258687718e-16
Acceptance rate: 0.27149999999999874
4.597415252491553e-16
4.537670107684505e-16
4.064284618889122e-16
3.9629701800691634e-16
4.0950796559852114e-16
4.432082733732866e-16
5.304063553263342e-16
5.271451461665346e-16
4.795272308614541e-16
4.72411875668065e-16
4.255174637562375e-16
4.0800167349504643e-16
3.803126786572382e-16
3.661833043323758e-16
3.675168464340698e-16
3.811974134492466e-16
4.0327571599390903e-16
3.9598594752466314e-16
4.2087938562043536e-16
4.416521091030087e-16
4.3059668885875896e-16
4.4190464903986304e-16
4.010948870406056e-16
4.0269267234055963e-16
3.8559108229839853e-16
4.121024553247396e-16
3.801382422027323e-16
3.959278634515822e-16
3.9587394073486085e-16
3.9352576583292656e-16
3.590270208343008e-16
3.985397335624192e-16
4.829453975956322e-16
4.897687887753055e-16
4.821536093888453e-16
5.287313012615283e-16
5.335172620540676e-16
5.311460450533118e-16
4.929019907657271e-16
5.072076645863808e-16
4.814810562721573e-16
4.48791708015165e-16
4.659084805055335e-16
4.464926851526091e-16
4.231420107704787e-16
4.59554042208635e-16
4.3912565564527036e-16
4.035017356950292e-16
3.3465650510343287e-16
3.7561098449014837e-16
3.3188071808873616e-16
3.299107411042199e-16
3.530351513792596e-16
3.620320482275532e-16
3.1415128985188885e-16
3.1565275905028484e-16
3.247080203116329e-16
3.5536136107675e-16
3.4853195466946364e-16
3.3648067970554393e-16
3.5106123545418603e-16
3.155954056901463e-16
2.799251301713648e-16
2.8742280166860316e-16
3.0584476127215115e-16
2.63422368432407e-16
2.405768122922889e-16
2.41987009541055e-16
2.671351560278628e-16
2.6071912177015953e-16
2.822922052190831e-16
3.61777365349081e-16
3.5164876332307965e-16
3.3697702070329415e-16
3.328482965891142e-16
3.3574874402623262e-16
2.9245712166961676e-16
3.1348628911707756e-16
3.823622500228117e-16
3.7134776740670065e-16
3.19210873224704e-16
2.9909532667304557e-16
2.697658231732987e-16
2.751205955862848e-16
2.90938781411971e-16
2.902334582973763e-16
3.0341276946808616e-16
3.192971861743457e-16
3.113738195906962e-16
3.306266498871038e-16
3.650737517364454e-16
4.3865465348324273e-16
4.2740756909264585e-16
4.0250774595892523e-16
4.2308988885033483e-16
4.3234306328286303e-16
4.634107568088623e-16
4.410643421371756e-16
4.78263992009975e-16
4.591620405710609e-16
Acceptance rate: 0.26819999999999966
2.7006130284848774e-16
2.4977751549309486e-16
2.582323338114735e-16
2.7062845154154485e-16
2.9442971743451945e-16
3.1825581641161027e-16
2.9125699960866264e-16
2.931240936048333e-16
3.3119994124708166e-16
3.057745334652103e-16
3.1805052356058874e-16
3.63804175913014e-16
4.054839638036241e-16
4.661956925009095e-16
4.93413324989371e-16
5.332094991274992e-16
5.469449953785506e-16
5.06767563689558e-16
4.481621550455333e-16
4.657806276149006e-16
4.2889012976344283e-16
3.9082581329478377e-16
4.645968385121366e-16
4.471513737114619e-16
4.25873533935708e-16
4.446488076111562e-16
5.345678352940384e-16
5.097933442162483e-16
5.57513281916399e-16
6.684935477184508e-16
6.841329674591611e-16
6.69350739719563e-16
6.008794932709973e-16
5.592248511431842e-16
5.28249838195552e-16
5.352202082880205e-16
5.89088860142955e-16
6.323223454508043e-16
6.536679710849056e-16
6.196482664676084e-16
5.976666485201929e-16
5.874376687803412e-16
5.995207095915438e-16
5.727123200382235e-16
5.858790883035441e-16
5.793860567956279e-16
5.565292800252245e-16
5.190869874883276e-16
5.619377831698737e-16
4.78754549437985e-16
4.231603993163425e-16
4.0678186660361847e-16
4.1673352332352846e-16
3.7873968741679093e-16
4.0722443021553024e-16
4.808850114554324e-16
4.917818842521123e-16
5.822549608502435e-16
5.880139852399963e-16
7.110035132594809e-16
6.931562311740134e-16
6.677528810076388e-16
6.955485287071292e-16
6.718848364221465e-16
6.78918820298685e-16
6.905746206470393e-16
6.302380833310208e-16
5.908584090753153e-16
6.37977361432869e-16
6.356501033956154e-16
6.032188187818462e-16
6.114082537841356e-16
5.979964310354607e-16
6.278185089800208e-16
6.531057691953336e-16
6.112309379482401e-16
5.981817617154363e-16
7.03203271599097e-16
7.912997619108578e-16
8.816379104872929e-16
8.775224373541698e-16
8.574330698378298e-16
8.181764970295235e-16
7.63482005053672e-16
7.49456720391339e-16
7.206458793455315e-16
7.480330886775809e-16
7.509513471709758e-16
7.754611783657553e-16
7.402928984796598e-16
7.600901785682839e-16
7.431715986267437e-16
7.586186347584479e-16
7.499648381929812e-16
7.911636925687521e-16
8.481027568363023e-16
8.741018545907873e-16
8.13466307520112e-16
8.642638595840076e-16
9.027785098213312e-16
Acceptance rate: 0.26708333333333095
5.415825048112293e-16
5.769819361119024e-16
6.275319038927131e-16
6.893663036517236e-16
6.691745145021439e-16
6.619506932483121e-16
6.173755552324703e-16
5.472739040500896e-16
4.781078621571347e-16
4.931506784264158e-16
4.689405945113421e-16
4.940079362144338e-16
4.912465195304694e-16
4.887381426741846e-16
4.809961909692793e-16
5.184973213433972e-16
5.544401409512719e-16
6.460298539790996e-16
6.782412989627893e-16
6.311738215117776e-16
6.70168485320328e-16
6.325897909860561e-16
6.666846141690232e-16
6.416349709859505e-16
5.9678934375076e-16
5.50467330417067e-16
5.441683932507335e-16
5.429828772576817e-16
5.233344803043644e-16
5.101458254367227e-16
5.467812754500693e-16
5.250285632523861e-16
5.621678195010043e-16
5.869254350258647e-16
6.016485735622008e-16
5.985027724635358e-16
6.146734158093739e-16
5.570327988936919e-16
6.03812398744464e-16
6.6534123624685595e-16
6.957418790028702e-16
6.684923817345901e-16
6.264210909048761e-16
6.334515230589272e-16
5.620545362446788e-16
5.758600814873099e-16
6.207600065909294e-16
6.064200169597631e-16
5.996202747537935e-16
6.202478241521229e-16
6.306315470857175e-16
6.150421557531023e-16
5.961365594977333e-16
6.053883227198226e-16
6.402289044994086e-16
6.542841128355008e-16
6.588665822440779e-16
7.631678008476424e-16
8.457522940655591e-16
8.636717993999262e-16
9.032504718736292e-16
9.211924206566155e-16
8.30884945720843e-16
9.025276925889746e-16
8.175341041147319e-16
7.373300936394053e-16
6.912560699532825e-16
6.982784475509158e-16
7.865344028942137e-16
7.993994843632289e-16
8.807595153964261e-16
9.024343472503135e-16
9.209638233599757e-16
8.70083669114318e-16
8.923492911675117e-16
8.271040464670066e-16
9.506478172109694e-16
9.69452483627446e-16
8.923728365026416e-16
8.31756865167904e-16
7.990764792549025e-16
8.721033070091561e-16
8.566414251342426e-16
7.941267727195424e-16
6.958543224968347e-16
6.96528586808009e-16
6.619661858479747e-16
5.955753482912286e-16
5.363691486665893e-16
5.465934366798897e-16
5.770945962907788e-16
6.058787458754848e-16
5.528138841092919e-16
5.039297404033162e-16
4.790911303609802e-16
4.677932256738056e-16
4.463372704546217e-16
4.45058944592173e-16
4.186639552309e-16
4.63359969541349e-16
Acceptance rate: 0.2698571428571401
2.7600746380177825e-16
2.9278309180714557e-16
2.795061427101037e-16
2.475842085134654e-16
2.3800807173118094e-16
2.4379874550927742e-16
2.3409147744645484e-16
2.1405499256816664e-16
2.0443007372537128e-16
2.0870114595820036e-16
2.1404242390808886e-16
2.157552809332203e-16
2.2155900274069944e-16
2.529776333303367e-16
2.671154040033965e-16
2.479297434716627e-16
2.391674063182695e-16
2.3181787999634997e-16
2.479282063829274e-16
2.6261358312762044e-16
2.7154570834718586e-16
2.9035220706587976e-16
2.8698124379297113e-16
2.8811062457344136e-16
2.9131871571723825e-16
2.9278969077680097e-16
3.1615642864246603e-16
3.511729361495834e-16
3.5550510607253383e-16
3.207444884645296e-16
3.1089558493401187e-16
2.8866247673749517e-16
3.151799135431805e-16
3.2042157313193034e-16
3.1645738011255975e-16
3.2678086368059725e-16
3.4354624680058987e-16
4.179801963379195e-16
3.9574742707416647e-16
3.7965127041835417e-16
4.2008231207939647e-16
3.9359908844595693e-16
3.938103885530072e-16
4.0725434713869595e-16
4.273023889928309e-16
4.145820208638187e-16
3.8478756694549797e-16
3.3270233114319626e-16
3.1938506141919563e-16
2.741704883026812e-16
2.6453093130539604e-16
2.9560221030952674e-16
3.2664423389471155e-16
3.219129223747486e-16
3.483462214897918e-16
3.2364531833643627e-16
3.3800249655755317e-16
3.544843999352359e-16
3.9342502133858245e-16
4.116820131980548e-16
4.286841369033301e-16
4.640966393016334e-16
4.669345508601988e-16
4.539345096075949e-16
4.3102563160486323e-16
4.346676006814634e-16
4.3879448511921114e-16
4.613590001135658e-16
5.370361703942553e-16
5.068513580475315e-16
4.474831322341026e-16
4.44750213775262e-16
4.524411356011173e-16
4.255486649640966e-16
4.621360757560999e-16
5.211246523734498e-16
5.544526409611738e-16
5.257821069907567e-16
5.382143886540038e-16
4.901925397853286e-16
5.347977721304042e-16
5.087058340326785e-16
4.989041181050942e-16
4.615826390694175e-16
4.324984017892223e-16
4.532708077223177e-16
4.1366020616041815e-16
4.2118429339885493e-16
4.599968572373665e-16
4.715293671281268e-16
5.02239602746704e-16
5.567737027295443e-16
5.698787707084277e-16
5.306635415589548e-16
5.4270755079168e-16
5.738697530703727e-16
6.03415077860876e-16
6.869367177700362e-16
6.896639613052849e-16
6.654238803084398e-16
Acceptance rate: 0.2689999999999989
3.942303448875273e-16
3.947278382054914e-16
4.263135663267576e-16
4.1478556944704947e-16
4.543939458072785e-16
4.58948565106747e-16
4.3958652053691554e-16
4.850614072724339e-16
4.4198877153737427e-16
4.4215116225518696e-16
4.803486433030194e-16
4.846753919129514e-16
4.793045406319559e-16
4.915943321211398e-16
5.122086373208289e-16
4.873477639265989e-16
5.196001210331475e-16
4.891809285735032e-16
4.979255965696129e-16
6.009579675403981e-16
5.48013444733744e-16
5.50782127687358e-16
5.477872870573209e-16
6.022949410701278e-16
5.745477811766452e-16
6.686690116077308e-16
5.83889533914038e-16
5.590563306598132e-16
5.689578192611687e-16
5.330817123334823e-16
5.264357540863328e-16
5.070711977579223e-16
5.322667873655733e-16
5.140604467763964e-16
5.206175739855737e-16
5.349865244649316e-16
5.353060839458728e-16
5.2464101863346e-16
4.828980341240751e-16
4.829270206012719e-16
4.830197057312412e-16
4.4223224705207756e-16
3.9832773011125263e-16
3.9373871467470477e-16
3.471453853788338e-16
3.143385592770882e-16
3.444899336183699e-16
3.3196031807293027e-16
3.5944332445756215e-16
3.7352615303578316e-16
4.1494310959611236e-16
4.0367354196805666e-16
3.993283239481349e-16
4.2829251145807946e-16
4.1331713263518226e-16
4.1685834108407034e-16
3.9133021997688815e-16
3.835785378899861e-16
3.790023860593167e-16
4.1417749248783386e-16
4.3515062673044485e-16
4.3724890253401904e-16
5.326483634065179e-16
5.546054450254684e-16
5.256001336911153e-16
4.995904179551953e-16
5.4725923075380105e-16
4.907730579848641e-16
5.266644712485425e-16
5.307578548831165e-16
5.344156753555061e-16
5.76010277829827e-16
5.90588493814326e-16
6.032485135782202e-16
6.535634754756789e-16
6.850823290283093e-16
7.00573822343351e-16
7.528956924333958e-16
7.942068610917367e-16
7.899559439273215e-16
7.724750934797878e-16
7.433262811236719e-16
7.17818097618097e-16
7.274461388791855e-16
7.711108095083276e-16
8.156895424040047e-16
7.994774186438688e-16
6.964486712481061e-16
6.691852512354841e-16
6.40709595683298e-16
6.225869659920743e-16
6.315950956369953e-16
5.754065299258744e-16
5.555575416442793e-16
5.371370239721576e-16
4.771477030131574e-16
4.3852736486082086e-16
4.053665316304983e-16
3.7235694240225043e-16
3.550656738283053e-16
Acceptance rate: 0.26611111111110963
2.1166480549953455e-16
2.1729698250289813e-16
2.143209585505707e-16
1.8950854991807528e-16
2.075776636083996e-16
1.921499849295498e-16
1.8966123168358022e-16
2.0920734978604138e-16
2.2104208162924287e-16
2.031485840281758e-16
1.7950108593126848e-16
1.7314648205400307e-16
1.7145032792419134e-16
1.8447435544339635e-16
1.5883657213839108e-16
1.5753668171034952e-16
1.4195429498121353e-16
1.5301531889858027e-16
1.4110430973461275e-16
1.4376057275640562e-16
1.3849208697858787e-16
1.3080593146110777e-16
1.1822986698474662e-16
1.306980702532005e-16
1.369747546071704e-16
1.5376719326718332e-16
1.6356292803225407e-16
1.8049090116117053e-16
1.9428577384385548e-16
1.9143191977650396e-16
1.7157274908807094e-16
1.8598840259954146e-16
1.9411368271261802e-16
1.9117937886749935e-16
1.7154924673954165e-16
1.9495375895739043e-16
1.9664913341290757e-16
1.8815522865786273e-16
1.893819377759924e-16
1.9339508119052385e-16
1.9265614529906754e-16
1.8907886872053808e-16
1.7870421630526615e-16
1.8204242292201921e-16
2.039955649038889e-16
2.0744309817085403e-16
2.3784325021617584e-16
2.457674181002271e-16
2.166528753286095e-16
2.1780220581319397e-16
2.023177161999236e-16
2.0166436841964577e-16
2.307106693898571e-16
2.7513727376145995e-16
2.8817690121427825e-16
2.7454894198834643e-16
2.564952842849035e-16
2.9497113774949065e-16
2.7350341536097953e-16
2.4725919285900665e-16
2.7192543383955504e-16
2.9279964439651387e-16
2.8866916804832924e-16
2.821218725596972e-16
2.858954487609945e-16
3.4696769613842703e-16
3.6372754632927287e-16
3.944341351953523e-16
3.9927570766206746e-16
3.6936562548313705e-16
3.797714329144023e-16
4.0811420252680625e-16
4.4348748034786276e-16
4.377525631411879e-16
3.9842691070595095e-16
3.942021097358157e-16
4.268525854111922e-16
4.762370957124857e-16
4.629078297353968e-16
4.455453395372098e-16
4.726458602816632e-16
4.504904143818831e-16
4.174145273271942e-16
3.8372017537041143e-16
3.866509361809302e-16
4.182964083899682e-16
4.0989892452745345e-16
3.75976975652025e-16
3.4643016947147883e-16
3.3577343609439265e-16
2.972481090847546e-16
3.3401022278154938e-16
3.4260204486364817e-16
3.4420120376903875e-16
3.917373869760906e-16
4.2798433679018617e-16
4.3857610236237575e-16
4.860680744857963e-16
4.498222367625643e-16
4.3008201813876337e-16
Acceptance rate: 0.266549999999998
Sampling time (10 samples): 5326.4572 seconds
