/scratch/users/yanlan/TroubleShooting/SM_ETwd/Output/AM_PM_ET_197_322_00
5.064302122841196e-08
2.3838275390825882e-08
1.1093490222396378e-08
5.907283916019834e-09
3.030975163070013e-09
1.672059740106964e-09
9.756453475091995e-10
6.090082111379256e-10
3.663642509706701e-10
2.2239187907562568e-10
1.4590081471225682e-10
9.607300826424166e-11
6.067979758382409e-11
3.790648699449483e-11
2.414231063057553e-11
1.8204238664833205e-11
1.3375039869240434e-11
9.59266285160748e-12
7.252128279373338e-12
5.58203412054732e-12
4.2490118013074855e-12
3.4563842992407774e-12
2.5825589850620702e-12
1.890753206582602e-12
1.5403318328494385e-12
1.3086572958187561e-12
9.284107049671276e-13
6.935261437533885e-13
5.689939127161073e-13
4.406505190635599e-13
3.552050404513065e-13
2.8815697633976807e-13
1.9053952209500166e-13
1.4920502475800616e-13
1.2420999556248478e-13
1.1060126058836112e-13
9.121110563316338e-14
8.07626093679403e-14
7.144773841576926e-14
6.432130375978765e-14
5.429613803527959e-14
4.848144096789475e-14
3.927046851952863e-14
3.5738285263201517e-14
3.0871584606862235e-14
2.4399448537310975e-14
2.1704974074016584e-14
1.8734315532715124e-14
1.564334675286201e-14
1.564932949584487e-14
1.3418238640596199e-14
1.3312486374969602e-14
1.2433166066026192e-14
9.33803787977729e-15
7.34618630421057e-15
6.351076345778054e-15
5.548226921402635e-15
5.284052590717966e-15
4.818953406906495e-15
3.81554400627713e-15
3.781155682838058e-15
3.3760998042828002e-15
3.3725358294078306e-15
3.4609898489848684e-15
3.5035820343116416e-15
3.274734029976292e-15
3.150284605584219e-15
3.062088902566392e-15
3.0059999404480994e-15
2.738664608418425e-15
2.465451839017203e-15
2.4331348360962765e-15
2.3204329615851363e-15
2.41200912826683e-15
2.1072251221634796e-15
2.086108585600881e-15
1.9915190280631523e-15
2.193735348818707e-15
2.0290260963026173e-15
2.034447058767952e-15
2.0982503029459214e-15
1.886136141385022e-15
1.681973450682788e-15
1.3976254218444028e-15
1.835716886506972e-15
1.9052937025050136e-15
1.750711985930624e-15
1.5872876729781373e-15
1.3400549976450205e-15
1.6890207619732928e-15
1.7031663450848135e-15
1.5750138060878877e-15
1.6113141090899511e-15
1.6734642474686728e-15
1.7057904769052797e-15
1.827421434670283e-15
1.6537486167230215e-15
1.7392957857087204e-15
1.77991283055548e-15
1.8410077005065346e-15
Acceptance rate: 0.27500000000000013
9.592549219178434e-16
8.802582231095698e-16
7.873969960662371e-16
8.757952292156853e-16
8.416039373056286e-16
8.987119864225574e-16
9.267183582339178e-16
9.863786232139701e-16
9.828376031241298e-16
9.64512786803555e-16
8.84318530502751e-16
8.576692802729603e-16
8.357345500235097e-16
8.788745818285283e-16
7.860678782691752e-16
7.591901654354086e-16
8.443992143307452e-16
8.716824221157022e-16
9.088786206880685e-16
9.96183739438723e-16
9.62909234175442e-16
1.2048105210432199e-15
1.1731596917783151e-15
1.2291583908542046e-15
1.1785044488416774e-15
1.080632418556229e-15
1.100258746100158e-15
1.003954353987782e-15
1.0231786118477472e-15
1.0312223257627867e-15
1.0859682760412125e-15
1.1172471956099935e-15
1.106530358673767e-15
1.1667253489105383e-15
1.1372412552683499e-15
1.1278125019315108e-15
1.1655609650826982e-15
1.2422087079833875e-15
1.310952141466553e-15
1.3392722812901102e-15
1.139441600328886e-15
1.1147053759366727e-15
1.0640803331420573e-15
1.0518377046133984e-15
1.091248393055446e-15
1.1252252094852602e-15
1.3101098714783491e-15
1.2074439973391947e-15
1.0625368031703676e-15
9.94501190383365e-16
9.732517032013142e-16
9.80213237977544e-16
9.179641322852944e-16
1.1251620961999122e-15
1.2425097903425973e-15
1.1504077189359818e-15
1.1266634584793144e-15
1.2375101434490946e-15
1.1011190761953452e-15
1.133787794152892e-15
9.965437513012023e-16
9.745832480322588e-16
9.628415183503871e-16
9.42043597035492e-16
9.316251135221636e-16
9.623301521981447e-16
8.872981991109396e-16
7.738004488518606e-16
6.668246642953133e-16
6.88493843653717e-16
6.474383562883862e-16
6.602878544532573e-16
7.427252460634553e-16
6.919879198814344e-16
7.058948417533009e-16
7.07947704470258e-16
6.56343997402482e-16
6.928485118339321e-16
6.519828695068842e-16
5.841846856437631e-16
5.30166746518788e-16
5.002090675699378e-16
4.282748444006843e-16
4.0158373993677564e-16
4.2262282451445428e-16
4.0280476775305444e-16
3.751592283567026e-16
3.9493357388938643e-16
4.550519166627831e-16
4.297067743685739e-16
3.8085835357184843e-16
3.796246180137178e-16
4.2067010966405616e-16
4.249969289926229e-16
4.0486479183304553e-16
3.7581430591181114e-16
3.6377543425409933e-16
3.8422673440986497e-16
3.9023732575001394e-16
3.592529236989322e-16
Acceptance rate: 0.2802500000000011
1.9332436654232203e-16
1.7929625254356485e-16
1.6859789805155054e-16
1.578394373148534e-16
1.727823946204859e-16
1.8269079795295158e-16
1.8619405862462363e-16
1.7801548651141332e-16
2.0329605657371735e-16
2.4289609011737587e-16
2.7388741813437987e-16
2.9371336331901075e-16
2.8581377465310627e-16
2.8192168517417915e-16
2.8853670273964426e-16
2.7502476400206414e-16
2.8538597123644084e-16
2.7903319367176707e-16
2.9449509520174965e-16
3.5162758415832683e-16
3.330642003684244e-16
2.77131764753259e-16
2.2147270096886852e-16
2.140329942761178e-16
2.9253671047984404e-16
2.9360126365001e-16
3.238287055772454e-16
3.166215577377727e-16
3.806190659135828e-16
3.6459613038493933e-16
3.8082923869373697e-16
4.0736263036047186e-16
4.743176948149553e-16
4.902309458828034e-16
4.324677269188888e-16
4.544904994416905e-16
4.473498841149064e-16
3.7922180147533363e-16
3.8195260208678085e-16
4.464788264757261e-16
4.684787844430789e-16
5.3170063740205545e-16
6.354408380554397e-16
5.798636803345758e-16
6.071146890296346e-16
6.229774129304801e-16
5.701142752326409e-16
6.400746291453219e-16
6.016329303538553e-16
6.569146674493989e-16
6.405426434697016e-16
6.358834478588514e-16
6.423148120901624e-16
5.532285881318153e-16
5.856476537568573e-16
6.99100129575391e-16
6.32208148956438e-16
6.599642899062373e-16
7.59961881310451e-16
7.804374606249414e-16
1.0216335648494841e-15
1.0591242288541491e-15
1.1166198115448309e-15
1.0903304171038045e-15
1.281707999776666e-15
1.3493205145641383e-15
1.191707720773399e-15
1.2499116931105909e-15
1.1264017819863374e-15
1.3349491438040152e-15
1.3483929311459154e-15
1.1921126538332133e-15
1.437662857658153e-15
1.3525313953318038e-15
1.3473562270662266e-15
1.3159325110985425e-15
1.3712880072690842e-15
1.3658256820011034e-15
1.3320911097841325e-15
1.1496807703164226e-15
1.151323934122613e-15
1.1094171212572353e-15
1.1846954374686766e-15
1.1320194128775935e-15
1.1625131979483501e-15
1.3521381712818426e-15
1.2753533274079057e-15
1.3451047226135118e-15
1.4326955134008267e-15
1.5990042402066717e-15
1.417385563429926e-15
1.2773295210967903e-15
1.2327618854851402e-15
1.179529001436643e-15
1.1291604042962356e-15
1.213054576638676e-15
1.1690644327990703e-15
1.1686212496069e-15
1.3628733830309473e-15
1.4655878756285557e-15
Acceptance rate: 0.2696666666666691
8.288954682975215e-16
8.009069115772845e-16
9.2743152566425e-16
8.939078248339962e-16
9.36469606782994e-16
8.68131048167243e-16
9.588787687915705e-16
9.242345981155521e-16
9.07238512358014e-16
1.0210171863784414e-15
1.012570513867162e-15
1.0231451654332672e-15
9.520055160636948e-16
9.981483104770253e-16
1.0148668682069496e-15
1.0857302988120492e-15
1.0617147863948658e-15
1.0136354362870184e-15
1.1226419982259264e-15
1.0926075555607747e-15
1.0223548335930968e-15
9.368122838369117e-16
8.613376603909897e-16
8.520375553041894e-16
8.59399835050144e-16
8.482289918954788e-16
8.92525114656734e-16
9.12610028657511e-16
9.338443094809552e-16
9.514422662142947e-16
9.598398647521066e-16
1.118891363183857e-15
1.0287495103492055e-15
1.0370739839090326e-15
1.146267309168601e-15
1.2393049467349987e-15
1.2909203589956347e-15
1.314027439871576e-15
1.3822186366570882e-15
1.3492450200725591e-15
1.4721194395697105e-15
1.5335279736209815e-15
1.5443351021606917e-15
1.6986897716472929e-15
1.5743352983236476e-15
1.6036735920820582e-15
1.6507380744522128e-15
1.6468431555330055e-15
1.8766214539103443e-15
2.0389270298666284e-15
2.2781149980268034e-15
2.238687963270272e-15
1.9593534896172328e-15
1.6452097636760983e-15
1.6254597974907469e-15
2.0576025973381428e-15
2.1611200148617197e-15
2.1195018008385547e-15
2.187458555386735e-15
2.1018252244527946e-15
2.1425083693211533e-15
2.1717690935187e-15
2.124838600219695e-15
2.0643166810908114e-15
2.0217420136343264e-15
2.0330682447938983e-15
1.859405215693432e-15
1.910441978818434e-15
1.628407098496931e-15
1.5750809665480113e-15
1.7006960599773638e-15
1.6104372375706276e-15
1.5919380710382322e-15
1.5000822245060627e-15
1.5263032057547517e-15
1.3951663313388958e-15
1.1264506170488056e-15
1.234074281919447e-15
1.411160934904565e-15
1.4182201358163976e-15
1.3774309057877202e-15
1.4827962657107858e-15
1.3487459244760384e-15
1.2967973434461033e-15
1.3093476427773865e-15
1.3685249504547727e-15
1.2961556801410325e-15
1.4237804082048843e-15
1.2638371221768459e-15
1.2731138935491783e-15
1.241181245707474e-15
1.181200518902642e-15
1.1996162155279247e-15
1.1946876037041184e-15
1.3930671665431895e-15
1.1741747666366269e-15
1.2078644592597813e-15
1.2697577020754459e-15
1.4593880725811466e-15
1.3805619230928295e-15
Acceptance rate: 0.2682500000000006
7.921047640108296e-16
7.73567747660279e-16
7.826035764662899e-16
7.650011252801423e-16
8.710338043434395e-16
8.298147250523175e-16
8.05915544820291e-16
8.665214656423834e-16
9.328289956250701e-16
9.256218827315452e-16
9.79574753745998e-16
1.0179897517505209e-15
8.156133269475949e-16
8.531632773838083e-16
9.767270203127579e-16
9.725552121458912e-16
9.19406317550426e-16
8.884114822970258e-16
8.7669626036589125e-16
9.093325351553427e-16
9.178881010661816e-16
8.925089875418323e-16
9.741932511509768e-16
9.732140633248487e-16
1.0360416752681897e-15
1.0727466578822383e-15
1.2478751810158035e-15
1.141517570432566e-15
1.1562597442715185e-15
1.2146472651730952e-15
1.3621279889699968e-15
1.3823782164443725e-15
1.543891374503997e-15
1.6048463748565089e-15
1.5474567371469933e-15
1.5313678128137725e-15
1.6426712035928724e-15
1.5121254476835297e-15
1.530985518717996e-15
1.6515908124621756e-15
1.6247254021925808e-15
1.5507929030203015e-15
1.4860026061012534e-15
1.2463317113179067e-15
1.238143920908882e-15
1.0928054584023113e-15
9.723046264103271e-16
1.114234451081859e-15
1.1656706686407388e-15
1.1225533472165736e-15
1.1121385981905487e-15
1.0920372040124968e-15
1.0294985812601991e-15
9.476202170784654e-16
1.0236848183275447e-15
1.089042299385704e-15
1.0991014995540001e-15
1.10480306911672e-15
1.2191184217973908e-15
1.2330528815061298e-15
1.2187471224959506e-15
1.2718246901566009e-15
1.2389653178824356e-15
1.2721984424768526e-15
1.4485539341189003e-15
1.6641433818965291e-15
1.6332147366389058e-15
1.5517264273174141e-15
1.8277465901969778e-15
1.762695454882443e-15
1.4913922928764213e-15
1.5823786988007188e-15
1.668723651710755e-15
1.710763266912386e-15
2.011490693057663e-15
1.6935570308532972e-15
1.8103757625245123e-15
1.7338694969669357e-15
1.4915492082848076e-15
1.538698295697919e-15
1.2308490449156722e-15
1.1195524395432158e-15
1.0230223259318494e-15
9.7539933693591e-16
8.715194022090177e-16
7.97820716637484e-16
9.649512859319078e-16
1.0134532057255887e-15
1.1069680163559194e-15
1.059256699544579e-15
9.964656008669313e-16
9.1280475703612e-16
8.653090826515036e-16
7.74746191154923e-16
7.993436514467156e-16
8.065750238151691e-16
7.274353262838032e-16
8.524211200468097e-16
8.698619872269515e-16
8.974055912018875e-16
Acceptance rate: 0.2622000000000006
5.276857328056992e-16
4.874151416646081e-16
4.815409071149048e-16
5.474813228785442e-16
5.375425756718797e-16
6.168658995564157e-16
6.845584106060426e-16
6.276203742135106e-16
5.960049499150747e-16
6.191840765991031e-16
6.638848373993535e-16
7.509339147517575e-16
7.427499707236412e-16
7.642178806306723e-16
8.071505663626034e-16
7.508674073200163e-16
6.354828584640907e-16
5.950311098953747e-16
5.728445015188546e-16
5.62418794966468e-16
4.951943545222245e-16
4.937621027414242e-16
5.386971966887464e-16
5.608720391449324e-16
5.738278024631016e-16
5.695798056539983e-16
6.06590602892645e-16
5.973175354367855e-16
6.20115974609719e-16
5.797364858670983e-16
5.186611506191927e-16
4.706592208038261e-16
5.661698121168766e-16
5.68212812769279e-16
6.492173060346776e-16
6.932299124463552e-16
7.4736952063139435e-16
7.228409212926778e-16
7.104792763661998e-16
6.93722908108172e-16
7.669622518104076e-16
8.7231557174689535e-16
1.0043924983930496e-15
1.0654416494370412e-15
9.970736608467552e-16
8.219987050212954e-16
8.794277912068939e-16
8.534968677301389e-16
9.123591280150677e-16
8.994676246230797e-16
1.0861055704987804e-15
1.0070710440136024e-15
1.1165421478563839e-15
1.0369143282451132e-15
9.370144045931399e-16
9.850296873086462e-16
9.820638651462845e-16
9.271922218404144e-16
7.8469653252606e-16
7.201378682680606e-16
7.302485860746389e-16
7.867413945081047e-16
7.710899106084065e-16
8.948917688145274e-16
9.426325011907043e-16
1.0471617603403372e-15
1.054735034175795e-15
1.0372636076740962e-15
9.767145939045933e-16
1.0574368776082923e-15
1.0007051203564787e-15
1.0147092141730705e-15
1.1421496942931423e-15
1.0987643443174522e-15
1.1686603126830298e-15
1.2698014734353405e-15
1.166133238210275e-15
1.1295719425439261e-15
1.1086267927685174e-15
1.0706250377725677e-15
1.0230878178691175e-15
9.34157442346733e-16
8.6292023384198945e-16
7.898823901394947e-16
7.941329502633868e-16
7.036395580289445e-16
7.213300764827556e-16
6.699287823166337e-16
6.109079449681887e-16
6.984201125428489e-16
6.60746602245441e-16
5.899831328815196e-16
5.799264650841694e-16
5.661281241099565e-16
5.684425220060777e-16
5.798699379426342e-16
5.74709842800445e-16
5.401613554948117e-16
4.863358774793106e-16
4.561795940218488e-16
Acceptance rate: 0.2590000000000016
2.6632498435650786e-16
2.6911235303836865e-16
2.9438412762570125e-16
3.2274783740378314e-16
3.575576248396357e-16
3.432531278372163e-16
3.3743291517136826e-16
3.5957874568425085e-16
3.8552008970946296e-16
3.6218990421944535e-16
3.8084592174639246e-16
3.9507152079417265e-16
3.988491058449919e-16
4.0682600379366254e-16
3.767936791162985e-16
3.453384568675129e-16
3.5935308346901583e-16
3.92303062999279e-16
4.0013474515820284e-16
3.4055313156554817e-16
3.554077039830476e-16
4.2979182635887927e-16
4.061718880880782e-16
4.787309452640144e-16
5.374572369352834e-16
5.463389007512201e-16
6.137744616822251e-16
7.053283415400336e-16
7.041868718745821e-16
7.291281250740075e-16
8.499723209000386e-16
8.172107694797218e-16
7.735413607829e-16
7.463597548956071e-16
7.452545909858797e-16
7.720059806608976e-16
7.839748251303873e-16
9.42400834258112e-16
8.985058200010492e-16
9.446801547207543e-16
1.0592954659431084e-15
1.2766457069334809e-15
1.465275510995568e-15
1.6003387496440124e-15
1.7009852454769332e-15
1.6236452398146817e-15
1.704141340306058e-15
1.7302654539290013e-15
1.6156109844077716e-15
1.5492510187675558e-15
1.7160400295706285e-15
1.7282348640471848e-15
1.6780463763601745e-15
1.8177964142229988e-15
1.8385891555577254e-15
1.6442820110357063e-15
1.8657795982355436e-15
1.803141428106871e-15
1.7224812452900465e-15
1.6705401393684799e-15
1.668588139737237e-15
1.7288214417336132e-15
1.7094220630179626e-15
1.7258185633500934e-15
1.668259656126937e-15
1.5969296014075572e-15
1.5889896404713188e-15
1.6146556558594128e-15
1.6248789156094435e-15
1.4503483537286864e-15
1.4301201192597902e-15
1.3829897883917657e-15
1.4762600989521121e-15
1.512433170688342e-15
1.5538907846288413e-15
1.6498601226332417e-15
1.5640322685476454e-15
1.5328242658469786e-15
1.7367458750856196e-15
2.0784025885134898e-15
2.082349718139337e-15
1.967716118307562e-15
1.8732948933579466e-15
1.7370727148650375e-15
1.6857822912477406e-15
1.8156364532081166e-15
2.0784518056848107e-15
1.8151003521900867e-15
1.84566105236402e-15
2.0483708118489713e-15
2.3225222995718096e-15
2.1945709913614314e-15
2.2644222740158288e-15
2.0874750790853176e-15
2.036239468752631e-15
1.8384152612424505e-15
1.7250261654938437e-15
1.6692736166969248e-15
1.7575615998279037e-15
1.7846860549473393e-15
Acceptance rate: 0.25928571428571534
1.0609403268006661e-15
1.0217561554841298e-15
9.627869079463838e-16
9.559948686430369e-16
9.853122694313459e-16
1.1682662008342169e-15
1.0883075963567794e-15
1.1262572913724414e-15
1.0543626354599915e-15
1.047665385363561e-15
1.0516488897320007e-15
1.1950879098307168e-15
1.159945467852998e-15
9.455013906461637e-16
1.0107098164335374e-15
1.073184481686781e-15
1.1375961069025667e-15
1.1211215858429697e-15
1.1505118985855567e-15
1.1368717528475766e-15
1.2849671582515249e-15
1.2231433287469433e-15
1.4431431132875248e-15
1.517970929076353e-15
1.6682151533811448e-15
1.4240474870787733e-15
1.4754520939799093e-15
1.262335842522361e-15
1.206681220637808e-15
1.2967695209294602e-15
1.4215788717492353e-15
1.3070964573824802e-15
1.322429968788326e-15
1.2933749870390731e-15
1.4238223402538348e-15
1.4792476672401263e-15
1.620634287492482e-15
1.7241098895292703e-15
1.7252184838918269e-15
1.5629388169163742e-15
1.5697845237618276e-15
1.5267360970977878e-15
1.5894764623114583e-15
1.4520926133686611e-15
1.3778399093095597e-15
1.2699432502926026e-15
1.2419365580500534e-15
1.3423402112558405e-15
1.7901385707637623e-15
1.5600497077808505e-15
1.4280989358714362e-15
1.4213059720371524e-15
1.6466621835914905e-15
1.8650015153713995e-15
1.7578041063409191e-15
1.882661890419709e-15
1.7424102319318963e-15
1.712594857585145e-15
1.7497870111799798e-15
1.5338066543849804e-15
1.6827215567749057e-15
1.8055748528738425e-15
1.790482277318946e-15
1.7972779203282386e-15
1.8953893803634755e-15
1.8969544266034325e-15
2.0748782059469958e-15
2.057312912740891e-15
1.7165517524292791e-15
1.839154818985254e-15
1.728582741189753e-15
1.7723013725824113e-15
1.5936346386111934e-15
1.5905244634371652e-15
1.6185213721486067e-15
1.6430046483317645e-15
1.6048922870543428e-15
1.5743839841458899e-15
1.5929802923823097e-15
1.5192775221891211e-15
1.7332129271543317e-15
1.57958401608963e-15
1.504151670742929e-15
1.7272588802492404e-15
2.017672059970338e-15
2.1068906578045454e-15
2.1868820001861126e-15
2.147433577286132e-15
2.0078132388374375e-15
2.2415800418644507e-15
2.3267699906073698e-15
2.332378882551233e-15
2.2059045650644537e-15
2.27118300547615e-15
2.3055900449559516e-15
2.5117184955069555e-15
2.7685558501660502e-15
2.7846613098935207e-15
2.526555526779798e-15
2.4858117743693875e-15
Acceptance rate: 0.25543750000000104
1.4813351074710747e-15
1.5145850888620428e-15
1.5900703811732584e-15
1.5806592449052492e-15
1.5222837405264162e-15
1.5930873848839034e-15
1.7834963037101858e-15
1.6573049354880091e-15
1.7278466110150203e-15
1.668075385820048e-15
1.6253661363763228e-15
1.3915097182772113e-15
1.4567148182000208e-15
1.6399896203495978e-15
1.4953531423149425e-15
1.7286068394121427e-15
1.704280115926022e-15
1.8148462072449267e-15
1.7738774184951313e-15
1.5815850724159043e-15
1.5248070122638988e-15
1.4517065463719343e-15
1.3602427389346342e-15
1.2153157692327937e-15
1.1666716829495176e-15
1.3969794025765508e-15
1.5247145288186203e-15
1.5051196599542482e-15
1.6173305561283982e-15
1.6297563730268624e-15
1.7305006096178976e-15
1.72058536532866e-15
1.793459155050101e-15
1.880839662289626e-15
1.8999075891944864e-15
1.5173433005072312e-15
1.398765625599531e-15
1.4006285577164706e-15
1.5013734320107147e-15
1.5538217137089768e-15
1.5284338057278626e-15
1.5048463903485847e-15
1.4561069441888201e-15
1.4210946644503516e-15
1.3404369164068974e-15
1.3464509073482855e-15
1.5104005573409691e-15
1.6290066092167513e-15
1.7036076384747717e-15
1.5107874866706144e-15
1.413105379683013e-15
1.504656753511469e-15
1.5374574144247873e-15
1.4013037029759614e-15
1.2762398698572515e-15
1.20014962415284e-15
1.1081645204599724e-15
9.96592897078826e-16
9.109903862725513e-16
9.671335795762552e-16
9.713406976128777e-16
1.0528594014059854e-15
1.0070894608078384e-15
9.983451774878242e-16
1.0893319962588997e-15
1.199389030430291e-15
1.2405813532909406e-15
1.2944753363050177e-15
1.271066553281359e-15
1.1543183581573332e-15
1.1838699915207626e-15
1.1593393143391404e-15
1.4319972504320298e-15
1.45983032787909e-15
1.509877951029593e-15
1.4392707216429895e-15
1.4736212691113536e-15
1.5137874230963114e-15
1.488476261875547e-15
1.5005322505060806e-15
1.663675449897614e-15
1.7729377592090551e-15
1.8538048431264622e-15
2.059426138606107e-15
1.935479401818343e-15
1.7944313545024e-15
2.0301644659926685e-15
2.258354578379764e-15
2.363125096985267e-15
2.1482379657354013e-15
2.093778063415635e-15
1.98403390821249e-15
1.9941390108462374e-15
1.8024798808333133e-15
1.869873277833641e-15
2.106332937801356e-15
2.1833127443819905e-15
2.1043682405642247e-15
2.5134476486273267e-15
2.3649756772241756e-15
Acceptance rate: 0.25666666666666765
1.4328711900185153e-15
1.5890968729238288e-15
1.8083140113421376e-15
1.9798396497962147e-15
1.9801519299235405e-15
2.1764310783564138e-15
2.261896273944039e-15
2.338395517549504e-15
2.464827297009895e-15
2.692849289620317e-15
2.5204343353561362e-15
2.4316559931013748e-15
2.938794138188625e-15
2.9125938468020947e-15
3.4996988364153197e-15
3.084729148423899e-15
2.8917182914018428e-15
2.913470097920282e-15
3.495686909102537e-15
3.273138380501262e-15
3.3503691982619392e-15
3.14786236649986e-15
3.265847714889006e-15
3.130987132644003e-15
3.378912563587148e-15
3.412963659089738e-15
2.899021407592269e-15
3.124269817248821e-15
3.14803159728802e-15
3.0411511316797707e-15
2.971304384911695e-15
2.8611427430430866e-15
3.02839970895426e-15
2.7374365790678492e-15
2.5623977179471027e-15
2.575882204343943e-15
2.810673149465595e-15
2.7449963774443357e-15
2.8492147299920833e-15
2.8846038646585953e-15
3.275364754918679e-15
3.082890923864639e-15
2.8074914455094435e-15
2.7169850630910214e-15
2.792635091952206e-15
3.1894689914358017e-15
2.843425932242172e-15
2.4242614342289293e-15
2.33084363655917e-15
2.449741860073448e-15
2.561152887409742e-15
2.6696454485043855e-15
2.806672771918371e-15
2.8802292262547282e-15
2.6981138581920666e-15
2.613334608915436e-15
2.455948735620326e-15
2.3863650636223963e-15
2.3409755195986738e-15
2.4660129899027057e-15
2.6991814501819294e-15
2.8572877990375656e-15
2.732186531422045e-15
2.7567265440026916e-15
2.5668566068819818e-15
2.456743653522863e-15
2.348951727194855e-15
2.2116297654422296e-15
2.0179846573615506e-15
1.9703974685817846e-15
2.3586399303382928e-15
2.388608519971984e-15
2.2062644125253836e-15
2.0313063905650533e-15
2.332952206433287e-15
2.321277117303135e-15
2.3652019693364898e-15
2.16173778371374e-15
2.019894330066145e-15
1.7614768614252363e-15
1.9608251796538195e-15
1.9474393691509834e-15
1.956315305685315e-15
1.8778828185914983e-15
1.6787795190675036e-15
1.7412657209389959e-15
1.8591732661298026e-15
1.7625668154509773e-15
1.7046747811887318e-15
1.674010367707622e-15
1.6296207820857002e-15
1.625108023958295e-15
1.5078525297831983e-15
1.4810557607839996e-15
1.4093470911999648e-15
1.4531981426560037e-15
1.4608703180532035e-15
1.508858940726707e-15
1.395920494197256e-15
1.4644566522115885e-15
Acceptance rate: 0.2565500000000016
Sampling time (10 samples): 5677.5763 seconds
