/scratch/users/yanlan/TroubleShooting/SM_ETwd/Output/AM_PM_ET_244_294_00
4.9709149708710736e-08
2.3153313364595515e-08
1.1976287244439769e-08
6.610575022515967e-09
3.4330993311464634e-09
2.007737081486593e-09
1.190474745590469e-09
7.453491097792916e-10
4.3685429931439913e-10
2.738822786097958e-10
1.74567922425627e-10
1.1588855030989607e-10
8.704237728137275e-11
6.047536272281713e-11
4.688486196381992e-11
3.034885806870927e-11
2.043885951651688e-11
1.3840241281491093e-11
9.688202935313023e-12
7.1396348419618465e-12
5.59281692956177e-12
4.074995700274326e-12
2.9762479053757062e-12
2.410916490289383e-12
1.875352323113279e-12
1.459259130656576e-12
1.1742304856250532e-12
1.0633463453604633e-12
9.767648531492577e-13
7.860359649384825e-13
7.494480841507295e-13
6.081499779014718e-13
5.204725771428939e-13
4.680238689951928e-13
3.730290382647139e-13
3.4279170096351887e-13
3.0500614720306357e-13
2.57564966693716e-13
2.4569265633233664e-13
2.0146595717162883e-13
1.836892344297771e-13
1.5397026887250382e-13
1.2429179472819206e-13
1.0816511130930861e-13
9.237540162078982e-14
9.059235885411625e-14
8.067420413152762e-14
7.294720744853365e-14
6.470506474640714e-14
6.35910317954014e-14
5.5692088064082273e-14
5.564926103757215e-14
5.217033482303041e-14
5.318104642798278e-14
4.7020687822734625e-14
3.962648510004798e-14
3.852825063149224e-14
3.7097689272916736e-14
3.6512758785917396e-14
3.1897867253243126e-14
3.1372414808013e-14
2.7910021010760372e-14
2.21073501052409e-14
2.144188131708338e-14
1.977872334200267e-14
2.0493367980055342e-14
1.9337351624982717e-14
1.8724205505796627e-14
1.9860970582694237e-14
2.1240582434740436e-14
2.1200021754470274e-14
2.0022898372833055e-14
1.823716009391184e-14
1.6981781059049838e-14
1.7925790502879516e-14
1.6764219555015696e-14
1.4421559581106428e-14
1.6374495021037114e-14
1.3136703220285683e-14
1.2555911843771261e-14
1.212189003370842e-14
1.1589344432893741e-14
1.2496409571407151e-14
1.3820902187989514e-14
1.1763478972336625e-14
1.1649847367381287e-14
1.033616660007416e-14
9.76242149903771e-15
8.46332360685739e-15
8.181025486296403e-15
7.449412139825787e-15
7.31496790459113e-15
7.73527258463951e-15
7.800316104890823e-15
7.087483159823237e-15
7.39764658542903e-15
6.442991503814241e-15
5.8364729619549435e-15
5.8918482648998336e-15
6.018238343926876e-15
Acceptance rate: 0.3644999999999995
3.1566654401723027e-15
3.2343420504132306e-15
2.9268384737529075e-15
2.996565753105198e-15
3.1217725801310067e-15
2.8188047546868336e-15
2.8167387171052216e-15
3.289960668394158e-15
3.1297168130427948e-15
3.082425216046817e-15
3.250709927489668e-15
3.353013301080639e-15
3.0920260257476096e-15
3.4133658862080017e-15
3.508301624146516e-15
4.382752406949711e-15
4.368772746649228e-15
5.2611544844741215e-15
4.714330078672414e-15
3.9751174454767736e-15
4.075413514855903e-15
4.0064301995995575e-15
4.174929260287798e-15
4.063563827835859e-15
4.020553940700363e-15
3.720510520576124e-15
3.3338336788654584e-15
3.8291172927515696e-15
3.6043082063814034e-15
3.90111537218259e-15
3.686777779761049e-15
3.3091195505255897e-15
3.0057935164351226e-15
3.405909002624363e-15
3.3865442351697444e-15
3.5526520032900374e-15
3.4907381920137496e-15
3.2180635790533596e-15
3.391682631072806e-15
3.475981466340528e-15
3.0785439389376755e-15
2.9824666318415776e-15
2.697625624586944e-15
2.8486317049534158e-15
2.7347921738122634e-15
2.893581983759947e-15
3.3830600982144344e-15
3.5365246703232958e-15
3.966899616272313e-15
3.999702712451602e-15
4.0182202512737074e-15
4.1099527545361845e-15
4.508584315818882e-15
4.33855755722498e-15
4.525198199537978e-15
4.743502622122107e-15
5.4661495817425235e-15
5.564187654071616e-15
5.160983093825922e-15
5.060682819603652e-15
5.3597848397661805e-15
4.472185193385111e-15
4.524951667755983e-15
5.199068963562245e-15
5.548927867499018e-15
5.420346590943807e-15
4.889013824544901e-15
4.761615480762232e-15
5.0116171891817766e-15
5.008781300261059e-15
4.639882117459858e-15
5.287006097627332e-15
5.480029615098679e-15
5.761782570357599e-15
7.0964464668543424e-15
7.217034143201335e-15
7.070705667506386e-15
6.7823735630082934e-15
7.40919263592775e-15
7.182883786271197e-15
7.197152140895275e-15
9.029214295994447e-15
8.798662993387476e-15
8.947081152219243e-15
8.06339413160373e-15
7.826903727422348e-15
6.494461146713579e-15
6.5182378842612156e-15
6.3531384961754225e-15
5.874940927051992e-15
6.443016128630949e-15
7.0368177208510936e-15
7.334346977758424e-15
6.6370435266289524e-15
6.24580630917994e-15
5.6283877493455684e-15
5.205570283781133e-15
4.945872057275901e-15
4.387554068311612e-15
4.866703744589713e-15
Acceptance rate: 0.312500000000001
2.7260995030814094e-15
3.0908239680531584e-15
2.8650296824020708e-15
2.5072316237988627e-15
2.5071664551701083e-15
2.4209533217780422e-15
2.4549625687393986e-15
2.244829343635077e-15
2.375501218802101e-15
2.2745562952251613e-15
2.5994412868923034e-15
2.967880644745265e-15
2.821267533795951e-15
2.8673070722553176e-15
2.8821470597579868e-15
2.968439444199969e-15
2.6767910534790687e-15
2.7716610494865525e-15
2.857847934508947e-15
2.7958976690826064e-15
2.8359750451871124e-15
3.114565819461197e-15
2.768136813290129e-15
2.8978661250986737e-15
2.8071296113761174e-15
3.1228413858243678e-15
2.7388018443007903e-15
2.8386043421075267e-15
2.4598021624806235e-15
2.423915733002218e-15
2.5063930499649015e-15
2.7462335853851738e-15
2.4513771139085306e-15
2.3158764206029488e-15
2.3694585905752396e-15
2.2171458688875536e-15
2.1394120577618026e-15
2.3421280496491324e-15
2.2012061388261908e-15
2.338166536210802e-15
2.195410686331646e-15
2.1752703154329524e-15
2.2238916521220485e-15
2.049373652638465e-15
2.031254088841739e-15
2.2214784670282768e-15
1.9344354302445228e-15
2.034494030366322e-15
2.0002565194999554e-15
2.076771390226658e-15
1.803741006657862e-15
1.802637367534786e-15
1.7290391755173757e-15
1.7152453130445934e-15
1.8322984179045e-15
1.845052240739511e-15
1.8094165718555956e-15
1.7927430324941288e-15
1.6612162075954292e-15
1.6753795045604452e-15
1.7042689264251277e-15
1.6025809598292086e-15
1.638712009303924e-15
1.6496049887309164e-15
1.6262448701111271e-15
1.6512241471447555e-15
1.6125167664598412e-15
1.5716929975964372e-15
1.5684079675939407e-15
1.6498313647719018e-15
1.7746024412766464e-15
1.5975763710090068e-15
1.5721053287401427e-15
1.6126775995518801e-15
1.7020105989906776e-15
1.799044412293674e-15
1.924219808685632e-15
1.800476169474636e-15
1.695624759459034e-15
1.7145554507567484e-15
1.6341561419766476e-15
1.7229737857383817e-15
1.8454661074815307e-15
1.8423844280727968e-15
1.7491133453157383e-15
1.5428438428148227e-15
1.4907165551519117e-15
1.6737050208997947e-15
1.621215813304789e-15
1.6019615369261834e-15
1.705902234110171e-15
1.6443140325146272e-15
1.6184295344428453e-15
1.456182007426351e-15
1.534450833224373e-15
1.4051116852480794e-15
1.3631030715005787e-15
1.4554491331453448e-15
1.654168092217435e-15
1.900306196991756e-15
Acceptance rate: 0.3096666666666675
1.0879001624087544e-15
1.0069112384253818e-15
1.048224130031392e-15
9.798824880951224e-16
1.0298085887411258e-15
9.146956042380559e-16
9.086603072362948e-16
1.034844550681748e-15
9.937687422029968e-16
9.636216063152297e-16
9.343423425942485e-16
8.359866425795761e-16
7.235640333422555e-16
7.708899775593078e-16
7.644385418963936e-16
8.90130345346901e-16
9.479136937980607e-16
9.490741220767027e-16
1.0727248809541353e-15
1.234614759541528e-15
1.1698804789813383e-15
1.3050951022660427e-15
1.4365473730471079e-15
1.4564687028586519e-15
1.5773850829329025e-15
1.546543013976865e-15
1.6865528016660938e-15
1.8077550457900506e-15
1.61821066188332e-15
1.967401727965642e-15
2.043049052342483e-15
2.0247522168146337e-15
2.2012680173379076e-15
2.2624673173805084e-15
2.5202020080736978e-15
2.4863405170003603e-15
2.2569135442625917e-15
2.1794011816509676e-15
2.116276953556327e-15
2.0473176117740724e-15
2.2086409242728033e-15
2.3809743546192166e-15
2.592820903003362e-15
2.9406787147826425e-15
2.809926554119891e-15
2.716420441988981e-15
2.711301112625109e-15
2.77500492678431e-15
2.9857384925868533e-15
3.1273523689775244e-15
2.7058635718984004e-15
2.9953625423066527e-15
2.955046638264378e-15
2.950054744815232e-15
3.0167905598114525e-15
2.7632409315967615e-15
2.797632989661175e-15
2.665369143631271e-15
2.550381450881877e-15
2.5290913399224846e-15
2.667312030268783e-15
2.5147988741033373e-15
2.2376428801158743e-15
2.066058907556339e-15
2.1589347260701514e-15
1.991702590765026e-15
2.0009778090180465e-15
2.1438741615007924e-15
2.0216568887755896e-15
2.5727514025983453e-15
2.733570261117973e-15
2.6441654746082854e-15
2.4930117789858668e-15
2.514055890854909e-15
2.7924978043906514e-15
2.7558380591144273e-15
3.1980264976286284e-15
2.9756704188561446e-15
2.651475496983104e-15
2.796529174392811e-15
2.9682230787260356e-15
3.035455464134586e-15
3.121282885810186e-15
2.8906234016293553e-15
2.908730633959924e-15
2.947138053964527e-15
2.7066840118252878e-15
2.6582336168290106e-15
2.550489076395482e-15
2.361139499862183e-15
2.425770652231126e-15
2.4294201209155404e-15
2.4144699731445845e-15
2.3114622349367175e-15
2.8682422055633526e-15
2.9964309792819795e-15
2.944634242903421e-15
3.2212391106476734e-15
3.4985411791105325e-15
3.4852938044647906e-15
Acceptance rate: 0.31225000000000125
2.0071478023479036e-15
2.053909765009423e-15
2.0604229821443274e-15
2.0330439984233357e-15
2.149503768569393e-15
2.349604953257505e-15
2.3700718076979654e-15
2.4827196013941408e-15
2.429408051386037e-15
2.8468434077635574e-15
2.831559827588901e-15
2.926681841436331e-15
3.2218852125013474e-15
3.137611070523607e-15
3.4324220855948476e-15
3.5876305095103716e-15
3.191802837201849e-15
3.634270133035448e-15
3.678861177550942e-15
3.592264444212403e-15
3.461538884715377e-15
3.411537790531969e-15
3.556225983359699e-15
3.759278791362463e-15
3.5270977414331817e-15
3.9172360616380125e-15
3.883945319424259e-15
4.124490040432466e-15
4.127190316264643e-15
4.299775538787213e-15
4.321452598331524e-15
4.076771062613945e-15
3.875906448007994e-15
3.826342583505282e-15
3.52223831762442e-15
3.5163671290815645e-15
3.579081090349419e-15
3.609214116394251e-15
3.682630765164777e-15
4.004926476732809e-15
4.026330381696815e-15
3.652562001927932e-15
3.729002273672705e-15
3.8227037237083086e-15
3.5266817372978406e-15
3.594352860712354e-15
3.530325470816937e-15
3.303084863125206e-15
3.4190763277868935e-15
3.3508696400602942e-15
3.3632650462975606e-15
3.493130431099615e-15
3.791586511725532e-15
4.066320497009703e-15
4.161220682050383e-15
4.2017416897646915e-15
4.167914860633597e-15
4.580393537664678e-15
4.919414742351175e-15
5.4019093071535e-15
5.296070295638937e-15
5.173284569524127e-15
5.127294815623973e-15
5.437006113766463e-15
5.352283477701273e-15
5.252346459044049e-15
5.225252100194439e-15
4.9128130508819635e-15
5.07576149147702e-15
4.8652568887628376e-15
4.571635649416686e-15
4.5837181456240456e-15
4.4779436645182155e-15
4.06264899988651e-15
4.161654504385485e-15
4.425004904557217e-15
4.436598633840473e-15
4.303478269778835e-15
4.609289062776284e-15
4.774267055077138e-15
5.086173003199029e-15
4.824209273085798e-15
4.938258725906718e-15
4.960837367463384e-15
5.095376298531939e-15
4.642381977492572e-15
4.675579852993752e-15
4.718505878311896e-15
4.5766737191168225e-15
4.753873118138215e-15
4.774525076194008e-15
4.852396421586669e-15
4.403789059666323e-15
4.290100858046504e-15
4.004188368873505e-15
3.715698994729355e-15
3.69061973578419e-15
3.692663753987315e-15
3.755652392891848e-15
3.4628255383733526e-15
Acceptance rate: 0.3063000000000006
1.995808418092212e-15
2.0448444134035537e-15
2.0863984763737914e-15
2.3055126985091493e-15
2.087448111446482e-15
2.115848159820871e-15
2.066279513690139e-15
2.2456188563217576e-15
2.3722654174185302e-15
2.099937350556916e-15
2.06011896331584e-15
2.0757484389520947e-15
2.0826488411190456e-15
2.0713277342555146e-15
2.1768869954614863e-15
2.2401046285671977e-15
2.3988690062336685e-15
2.5073929747281248e-15
2.473676827389459e-15
2.3471224418497484e-15
2.3042115216423892e-15
2.2547115237890197e-15
2.222704979629965e-15
2.265282592783822e-15
2.3505627032394632e-15
2.72983693071549e-15
2.342697165983511e-15
2.0906658297168523e-15
1.857275798460364e-15
1.9465985657580744e-15
2.2504282742078828e-15
2.2894310394451906e-15
2.5568300826196124e-15
2.7271447392326627e-15
3.0240072108350614e-15
2.9650195117381547e-15
3.475718631007433e-15
3.895365558168822e-15
3.930827562368925e-15
4.676776774594355e-15
5.1628230050330115e-15
5.269722404581916e-15
4.9827506234581815e-15
4.965049241541741e-15
5.060523418366149e-15
5.493526285855261e-15
4.755868971312176e-15
4.805559668493384e-15
4.991609435993631e-15
4.536850261586975e-15
4.7538931075493956e-15
4.389163238748011e-15
4.468732938988899e-15
4.618145409895816e-15
5.327196943423503e-15
5.6587428073513565e-15
5.159723536692463e-15
5.516113708653192e-15
5.292185203581206e-15
4.9449254541269445e-15
4.446840920315344e-15
4.635721767775103e-15
4.658315361703399e-15
4.806421294935669e-15
5.564057445370243e-15
5.048079715803896e-15
4.7010390481833485e-15
4.650728887485413e-15
4.210958321991378e-15
3.847548476936037e-15
4.192977706862795e-15
3.8302466013097545e-15
3.536333466920135e-15
3.3273662342641385e-15
2.9969930287399798e-15
3.208735377064492e-15
3.26210508065621e-15
3.3197266177424807e-15
3.1609770101894774e-15
3.007473702798643e-15
3.052944286400409e-15
2.987333884943247e-15
3.378813423352342e-15
3.4462023737142895e-15
3.595964582758505e-15
3.822598826165571e-15
3.4840885343258967e-15
3.724522501442496e-15
3.588090796241229e-15
3.186503255537395e-15
2.930040368749744e-15
2.982374826483887e-15
3.044533555168226e-15
3.5155343609141294e-15
3.3752913086060396e-15
3.4533985088525785e-15
3.2534906359526188e-15
3.3970490240603673e-15
3.0334049820570813e-15
3.3795252973046938e-15
Acceptance rate: 0.30408333333333437
2.0224197949928946e-15
2.2856189367323942e-15
2.2353703698580668e-15
2.201958862829564e-15
2.229651141672928e-15
2.245853577133701e-15
2.112172588861664e-15
1.8263654552435345e-15
1.9507293003396296e-15
1.9016707501516793e-15
1.9169299853415308e-15
2.0320256464270036e-15
2.037912843538269e-15
2.231116660032745e-15
2.278268999485736e-15
2.182628325347949e-15
2.2038695983684752e-15
2.4069257111146634e-15
2.355673982402626e-15
2.2139673125458845e-15
2.5852775712445505e-15
2.4304157041354678e-15
2.2167412476614443e-15
2.145577928209609e-15
2.4444544954083646e-15
3.0994322980559654e-15
3.183046283249248e-15
3.0824442090496546e-15
3.0270087882010832e-15
2.969110055856292e-15
3.0940607906341127e-15
3.2809321624916083e-15
3.4189205400848525e-15
3.3014787289243384e-15
3.3814735738560644e-15
3.208400843783333e-15
3.020671841040155e-15
3.3098604746399383e-15
4.013933391373947e-15
3.8732346905404454e-15
3.878487504414224e-15
3.711698163146193e-15
3.960057145709273e-15
4.112493343672938e-15
4.285710172196959e-15
4.628574718577308e-15
4.781824983956503e-15
4.5420468884144474e-15
4.6211517506834535e-15
5.627244751455455e-15
5.728311346086206e-15
4.822229805128382e-15
4.503312187087281e-15
4.486864984541231e-15
4.5671453415003576e-15
4.5994791381182935e-15
5.0633786461733116e-15
4.7104860627879856e-15
4.8081032078631466e-15
4.81809082308595e-15
5.1157752013837075e-15
5.1590569271424614e-15
4.800320136862611e-15
4.754324402581162e-15
3.976254522230805e-15
4.417019828809266e-15
4.3715271692842255e-15
4.325314264605119e-15
4.189618225144869e-15
4.543543051386385e-15
5.114913550820119e-15
5.185745252116389e-15
5.9321281239329914e-15
6.407918875130991e-15
5.916445006668693e-15
6.263911718404457e-15
6.057039520767309e-15
5.5027791707459745e-15
4.783342314465448e-15
4.799198732544224e-15
4.865779728916568e-15
5.0172137109671485e-15
5.948438754739338e-15
6.240403252659846e-15
5.7548045109707576e-15
5.318888602587664e-15
4.864452195910407e-15
4.950602851932502e-15
4.7018994068177046e-15
4.449507184626048e-15
4.80819828965009e-15
5.823797658917319e-15
5.8809184401485366e-15
5.460902366682446e-15
5.694121085319696e-15
5.260719054677759e-15
5.736525495611626e-15
5.617119651130534e-15
6.900715872230568e-15
6.36603046415623e-15
Acceptance rate: 0.3070000000000005
3.775754510616349e-15
3.854843096908002e-15
3.851119940962374e-15
3.849222557739457e-15
3.753615736904812e-15
3.7815064828831115e-15
3.721267437017406e-15
3.8151309526084285e-15
3.6505675884309684e-15
3.810180612991897e-15
4.13149154454121e-15
4.118260419658812e-15
4.001980951165108e-15
4.000462152917848e-15
4.396998208253282e-15
5.2555957496808486e-15
5.703036647367365e-15
5.211098821378689e-15
5.306750530560228e-15
5.423818263266686e-15
5.486870347557665e-15
5.093197328828246e-15
5.76217724663315e-15
6.070449542282914e-15
6.097179803419685e-15
5.978006191662372e-15
5.4898961693260385e-15
5.435508921559919e-15
6.044926950364758e-15
5.803736435779624e-15
5.717322433741245e-15
5.513011329057698e-15
5.421019760804845e-15
5.2557902078177955e-15
5.415613235587411e-15
5.178196014657725e-15
5.289669239396731e-15
5.3449201281014895e-15
5.256743175823291e-15
5.276325515979487e-15
5.019512239792987e-15
4.634685648234989e-15
4.0938900781933886e-15
4.274554272087571e-15
4.034548101234206e-15
4.257413876486595e-15
4.487284692501756e-15
4.153560681574292e-15
4.151357725204736e-15
4.104613119474144e-15
4.100592143931205e-15
4.252816589253364e-15
4.310861970079901e-15
4.715598902678635e-15
4.813989511332224e-15
4.7255472215915286e-15
4.594484579950691e-15
4.900608013896773e-15
4.70873982811662e-15
5.372925449282155e-15
5.607089600579895e-15
5.336146232687727e-15
5.261378977610717e-15
5.316448839634374e-15
5.466470951200285e-15
5.382805997372038e-15
5.262350515787373e-15
5.560113950840955e-15
5.239189156812206e-15
5.316943330666432e-15
5.205727828508976e-15
5.962523798911853e-15
5.8530737437897245e-15
5.3775076211141356e-15
5.332250946692264e-15
5.845356038134512e-15
5.089547430833647e-15
5.2572316386398075e-15
5.602500941789698e-15
5.749750335066381e-15
5.460618388225455e-15
5.639228622271153e-15
5.6979582786077365e-15
5.49775404335352e-15
5.254238528074813e-15
5.37513901469888e-15
5.430133118870339e-15
5.222693758362284e-15
5.1300747032824385e-15
5.370066452406785e-15
5.621877800666457e-15
5.592163997717226e-15
6.6078092431928985e-15
6.4443464929219815e-15
6.473027300854494e-15
6.360858838861168e-15
6.576691242548488e-15
6.3027530657994454e-15
6.661320940204395e-15
7.126413313439045e-15
Acceptance rate: 0.3060625000000004
4.300993391269776e-15
4.275904655998454e-15
3.976205442878392e-15
3.820241286465291e-15
3.60424980612366e-15
3.684453769090299e-15
3.678446456435188e-15
4.1775998920282425e-15
3.949197388580831e-15
3.619113704602295e-15
3.57673203994989e-15
3.364796629920003e-15
3.631496311303964e-15
3.615187747216599e-15
4.325304549194777e-15
4.420972087634959e-15
4.375340471610778e-15
4.569841578708684e-15
4.877046207494012e-15
4.577254321913027e-15
4.802978219385299e-15
4.65135874696769e-15
4.317798262324924e-15
4.290915289134555e-15
4.290708179708608e-15
4.604700772566354e-15
4.5226194959741125e-15
4.1361565080749865e-15
4.675775637089339e-15
5.838773566203279e-15
5.922129651592245e-15
5.882762700174075e-15
6.028839936332592e-15
5.677225357690468e-15
6.40901432013758e-15
6.745302103657814e-15
6.793421489994915e-15
7.179320183873219e-15
6.788548787157045e-15
6.4990895573657e-15
6.621767330831783e-15
7.168744570287541e-15
7.555603423815237e-15
8.621655978237567e-15
8.294666262418992e-15
8.317166268403768e-15
7.451582171509496e-15
7.606651371233569e-15
8.186470051854841e-15
8.218878706117875e-15
8.506004556591384e-15
7.034443202187201e-15
6.9635067225066284e-15
7.064197630838767e-15
8.325971787641213e-15
8.372884080096943e-15
8.74278712773467e-15
8.392773978445695e-15
7.249117051659961e-15
6.370465084865625e-15
6.6516968457247874e-15
6.679155227803199e-15
7.14790055801576e-15
6.708627180097067e-15
6.8264007822765166e-15
7.285392634603452e-15
7.202027293649376e-15
7.942936786763247e-15
8.095026609416405e-15
9.187280468429763e-15
8.287782376273895e-15
8.035183480176865e-15
9.297451585910694e-15
9.123630095510605e-15
8.49585107304922e-15
8.759982687729662e-15
8.538646930646514e-15
7.739655481698877e-15
8.036437075353228e-15
8.003283503888528e-15
9.519005879431076e-15
1.0304044333621422e-14
9.432766652480028e-15
9.769099116927968e-15
9.963290846014875e-15
9.639474902390304e-15
9.536628101446292e-15
9.748579188558716e-15
9.883032602099027e-15
9.128935058008103e-15
8.839702843388317e-15
8.458634786123857e-15
9.004741288336476e-15
8.712904531388723e-15
8.66968945708937e-15
8.805576894624033e-15
8.574490825469334e-15
8.311302458108695e-15
7.198051125207093e-15
6.8654360855541556e-15
Acceptance rate: 0.30538888888888815
4.123947574932503e-15
4.183918370579209e-15
4.637742781591991e-15
5.0613002297735295e-15
4.9137161787139654e-15
5.401825812952764e-15
5.4840696694111446e-15
6.025167874104318e-15
5.633597613399276e-15
5.5814218567262165e-15
6.454751644919502e-15
6.130336027008005e-15
6.1634816179980235e-15
5.8528882067404345e-15
6.4482762882600046e-15
6.485393207234743e-15
5.754753059855551e-15
5.620866728707032e-15
5.575173582653383e-15
5.501748316173831e-15
5.79924464267485e-15
5.973983248606088e-15
5.707409226640216e-15
5.397505857070656e-15
5.834204591500109e-15
5.504428478698582e-15
5.231619331686298e-15
5.446813439021435e-15
5.102951604557646e-15
5.5536187722485446e-15
6.178668117937629e-15
5.979132942494043e-15
5.7692000642417334e-15
6.390793384646578e-15
6.205098952549424e-15
6.192426713531927e-15
5.8518279531049445e-15
6.000208157229592e-15
5.949436346791213e-15
6.142569720989846e-15
6.416656109383614e-15
6.4087522188008386e-15
7.0135905908863455e-15
6.875025760934521e-15
6.918928684703245e-15
6.7884462387148004e-15
6.682251220520687e-15
6.023036739696544e-15
6.5501214451142394e-15
6.4446692862659916e-15
6.5747665727387365e-15
7.003789659818718e-15
7.699917825663368e-15
7.121119181536197e-15
6.752993126436551e-15
6.086690324862445e-15
5.772707312667781e-15
5.531616576243415e-15
5.908329059202917e-15
5.609182608477715e-15
4.949240265851338e-15
4.998445669557354e-15
4.801374906891574e-15
4.5485950878192105e-15
4.63429401312321e-15
4.587729126674492e-15
4.725402519295596e-15
5.0094927338488835e-15
4.610162768252693e-15
5.076554367223824e-15
5.5021382925268006e-15
5.827274231543792e-15
6.106462336636227e-15
6.778734506995309e-15
6.225136745750588e-15
6.668130479939306e-15
7.07084589680843e-15
7.158839575752555e-15
7.08435558335051e-15
7.352887125700893e-15
8.634011902489772e-15
8.372246554059052e-15
8.212223695294214e-15
8.229210194947108e-15
9.633451122663822e-15
9.876778693348294e-15
9.58678702257622e-15
9.141868879764238e-15
9.610733248191096e-15
9.834300652031596e-15
9.874112312169387e-15
9.445332534008951e-15
8.830195305992396e-15
8.609574128650283e-15
8.533523241105736e-15
9.16317666735338e-15
1.0668996714170158e-14
1.0779159818814573e-14
1.0961459456024373e-14
1.0428490874817472e-14
Acceptance rate: 0.30174999999999974
Sampling time (10 samples): 5401.6834 seconds
