/scratch/users/yanlan/TroubleShooting/SM_ETwd/Output/AM_PM_ET_217_310_00
5.0452190302097604e-08
2.2513225465897982e-08
1.1093468188073944e-08
5.489871757595269e-09
3.1261125892636614e-09
1.756034619457779e-09
1.0236928343853764e-09
6.386157994349658e-10
3.74849185702522e-10
2.3987769829234983e-10
1.6305323359500016e-10
1.0242713370161398e-10
6.32975020126999e-11
4.5562327980781947e-11
3.176054993666867e-11
2.157486728279043e-11
1.466796042764988e-11
1.0533893094581175e-11
7.628392762973695e-12
6.11933324447354e-12
4.5700816845775644e-12
3.434617937221139e-12
2.5912781474419536e-12
1.9297185298173185e-12
1.5993714452535107e-12
1.2883702215138185e-12
1.091311644526017e-12
9.19306902928379e-13
7.417130032508389e-13
5.274592576275416e-13
4.245616923285479e-13
3.2514499420895505e-13
2.807072835305913e-13
2.1344178489744356e-13
1.904910998333854e-13
1.561903756911424e-13
1.6784059027430653e-13
1.4065336184806107e-13
1.1077776857153548e-13
1.0535475288983125e-13
8.443974169282403e-14
7.359997731978009e-14
5.538582464062987e-14
4.5290752022716795e-14
3.9651790229725553e-14
3.308455387954697e-14
3.047363874571888e-14
2.8317026635932587e-14
2.398261309796487e-14
2.2033222185251257e-14
1.9602157832575436e-14
1.7965006549607336e-14
1.720369212762238e-14
1.7627892949036418e-14
1.8462086469630976e-14
1.758876428991274e-14
1.4720808181340457e-14
1.3928054038125443e-14
1.4424964785460624e-14
1.32026794866699e-14
1.2712635922375005e-14
1.2336607207867732e-14
1.0205283835317765e-14
8.194504326876112e-15
7.823802129782385e-15
8.656813545942654e-15
9.005270324233416e-15
7.704610751779734e-15
7.45104782367765e-15
6.332364347881431e-15
5.881042923571109e-15
5.309434185636705e-15
5.319711503754094e-15
4.710407263492349e-15
4.729146054756147e-15
4.7180979269762546e-15
5.026454799893801e-15
4.422528006716387e-15
3.953844675960822e-15
4.042969924260918e-15
3.5466193328372796e-15
3.545456495631247e-15
3.727830073742105e-15
4.653663248550032e-15
4.248578955365192e-15
4.332853606735501e-15
4.2407178511132575e-15
3.985546431126338e-15
3.530202464726268e-15
3.5345560800708207e-15
3.691120676232785e-15
3.7607733609887385e-15
3.088774237122389e-15
2.9858148016608798e-15
2.9798408529826067e-15
3.0273093346003753e-15
2.699017603319928e-15
2.3027937468005204e-15
2.1663961996505127e-15
2.04045263894257e-15
Acceptance rate: 0.3200000000000003
1.06520415967336e-15
8.594566345474827e-16
8.472471180303149e-16
8.75714947182295e-16
7.749676025584567e-16
8.643350104830116e-16
9.6188026602911e-16
8.380123104748513e-16
9.489539864496556e-16
8.275700591424989e-16
9.227495787807868e-16
1.006281005424175e-15
9.829555494849796e-16
1.0730953304456396e-15
1.1575063487998568e-15
1.2775134172234588e-15
1.3666459453279251e-15
1.4994581642659334e-15
1.6236163858805733e-15
1.508740299432299e-15
1.4395059558998788e-15
1.31501623396685e-15
1.4037534433443119e-15
1.2207342168090817e-15
1.2083993082719716e-15
1.1072899305558443e-15
1.1486156210930294e-15
1.1146594393969239e-15
1.0146335005596138e-15
9.941940093419736e-16
9.354775821426255e-16
9.029323417934359e-16
9.97774708056924e-16
9.768448104911188e-16
1.0363114062980643e-15
8.667732566917771e-16
9.452112184584059e-16
9.673920024272339e-16
1.0766352462206374e-15
1.106691017758664e-15
1.2202725580204103e-15
1.209374556156283e-15
1.3403256610120305e-15
1.3148902145359515e-15
1.3943164689048585e-15
1.5051990526822459e-15
1.3517802772019597e-15
1.3894835239403377e-15
1.3243948921901764e-15
1.6558457418142299e-15
1.776947562811379e-15
1.9191502501083205e-15
2.0843088655490886e-15
1.866505992843508e-15
2.0002145118231406e-15
1.973898938273996e-15
2.007168945242655e-15
1.9327414318470465e-15
2.021797803647536e-15
2.0615877302773486e-15
2.5343126361161943e-15
2.4857313618836705e-15
2.483091635552231e-15
2.4499210185824647e-15
2.3043895083820515e-15
2.1564896372911705e-15
2.167583357806648e-15
1.9828642486482037e-15
1.7504610989368978e-15
1.6084131615373365e-15
1.5342038055914698e-15
1.4795202081383938e-15
1.4770563331624547e-15
1.4143125251197182e-15
1.2991228931194248e-15
1.3666662844599325e-15
1.5482466823757351e-15
1.4956851021245333e-15
1.3104096486629131e-15
1.2148908318302375e-15
1.126102548211868e-15
1.1981052053733284e-15
1.1750832334218159e-15
1.1898506298991748e-15
1.3343820338904141e-15
1.3657601718487767e-15
1.5330086588401515e-15
1.5041912027032864e-15
1.4905354597668752e-15
1.5347220537339984e-15
1.5091076737173583e-15
1.4429889831333756e-15
1.3134932928918108e-15
1.2162388109212921e-15
1.302677079384606e-15
1.2529932444670457e-15
1.2872501384722205e-15
1.3243488595238973e-15
1.3198806986170023e-15
1.1873103819249572e-15
Acceptance rate: 0.2992499999999999
6.66995100830956e-16
6.63695678927246e-16
7.666080412584003e-16
7.9875383690156155e-16
7.703814838016187e-16
7.328743585860319e-16
6.529107032706255e-16
6.221822015152626e-16
6.560277163105837e-16
6.015370021284128e-16
6.858009023378272e-16
8.332777967066842e-16
9.509673267608498e-16
9.203967113323146e-16
9.531647983892476e-16
9.655637510924264e-16
9.946251970374187e-16
9.333831007175751e-16
8.505460253065531e-16
8.747924392889438e-16
8.296555889717122e-16
8.249981630955552e-16
8.341174024343696e-16
8.1973539435721555e-16
1.0413652237354119e-15
1.0016785784155169e-15
1.0488293561728991e-15
1.0101420257220814e-15
1.078653438922416e-15
9.904647023453788e-16
9.41414868841372e-16
9.511144258106228e-16
9.786865795287581e-16
9.387827284502813e-16
9.108912040222989e-16
9.795143619276304e-16
9.398973021208889e-16
1.0122689986361675e-15
1.1386245549408428e-15
1.204419615075334e-15
1.2166728503143293e-15
1.3726291279368904e-15
1.3933845579361893e-15
1.463696187208618e-15
1.4935293470263247e-15
1.495747505997105e-15
1.3991318578462792e-15
1.441346639205299e-15
1.5071455991956848e-15
1.832889301660419e-15
1.889197654934696e-15
1.811408507188444e-15
1.8892098784847996e-15
1.9979413396920082e-15
2.0293698632154642e-15
1.8244282640825657e-15
1.7018222676238485e-15
1.8139352720032994e-15
1.7481711034657742e-15
1.6912247069420857e-15
1.823184264745204e-15
1.8029315997371606e-15
1.5861234742998603e-15
1.4791511279089869e-15
1.61739922099219e-15
1.6774182015024967e-15
1.4218150386244264e-15
1.4837518811027368e-15
1.429482134113724e-15
1.489465029439656e-15
1.4499946926828308e-15
1.4990634921757773e-15
1.3887123443346276e-15
1.2861009851731746e-15
1.19461838466224e-15
1.1282081386753098e-15
1.1625508124525772e-15
1.1877974509092856e-15
1.1671044587867177e-15
1.1529137126670608e-15
1.182540294330586e-15
1.3463706137026949e-15
1.2444403252196474e-15
1.4591843362974231e-15
1.5161075150419427e-15
1.5334386183755038e-15
1.6535095718478278e-15
1.8978180450940244e-15
1.977688669794322e-15
1.74675294841012e-15
1.92171388890393e-15
2.4053996404254375e-15
2.644099620294154e-15
2.731224299614616e-15
2.6940955766428456e-15
2.9007531127913696e-15
3.664076209392351e-15
3.739843228775172e-15
3.992286102161306e-15
4.156239387262414e-15
Acceptance rate: 0.29149999999999815
2.34846562676341e-15
2.227091226443534e-15
2.2166246821783156e-15
2.2100068967447635e-15
2.0837638274724367e-15
1.954901692966932e-15
1.961208224331498e-15
1.9389308483206334e-15
2.1581841897994762e-15
2.101587868201634e-15
1.9571802912245077e-15
1.7637518145591677e-15
1.7091391672742268e-15
1.686960889032511e-15
1.6951275791505666e-15
1.5497843540620972e-15
1.4698351569158082e-15
1.4558290374510192e-15
1.5774767938493372e-15
1.8236817718488188e-15
2.0266726574232184e-15
1.8826324648446705e-15
1.8578668042493694e-15
1.824012626148845e-15
1.8591204064014217e-15
1.8062073862740158e-15
1.9522776531368418e-15
2.056277319781568e-15
2.3731240958177413e-15
2.3711824552302775e-15
2.414708609390093e-15
2.2794220681082203e-15
2.1833486104469884e-15
2.0909148869010516e-15
2.187566630928218e-15
2.0464338586099274e-15
1.958425132310744e-15
1.899684991355502e-15
1.96278492266307e-15
1.8801719084292036e-15
2.0270109423071693e-15
1.974860239471908e-15
2.1070944556508016e-15
1.9831289369714823e-15
2.0260086657584154e-15
2.1099003413319867e-15
2.1111516035598706e-15
2.1824240190093356e-15
2.0817737025738713e-15
2.0715022985592176e-15
2.2751046727264695e-15
2.144748515076187e-15
2.2938949188363073e-15
1.91134698049152e-15
1.691859918127557e-15
1.5756816769703167e-15
1.5125624043482518e-15
1.4664651397227353e-15
1.5108675476274536e-15
1.6977711196131907e-15
1.4865846272291522e-15
1.4079667469973925e-15
1.4258877748537761e-15
1.2721993512751283e-15
1.284350067191152e-15
1.259136495720068e-15
1.32093392868868e-15
1.2721100815665007e-15
1.1361649010400614e-15
1.1893725657119885e-15
1.250154275361113e-15
1.3117209503277985e-15
1.332414757366984e-15
1.3806340498918828e-15
1.365803503030696e-15
1.402780296255998e-15
1.3007674790332392e-15
1.303724127033176e-15
1.221501447989546e-15
1.1639488648525579e-15
1.0483979585703924e-15
1.0627391910869252e-15
1.092807715684085e-15
1.1277241529707728e-15
1.0596214653136901e-15
1.0755087087611032e-15
1.157132030902189e-15
1.0955365218595332e-15
1.1631955276863813e-15
1.3185581050188461e-15
1.3126160896025568e-15
1.1694638618204456e-15
1.28612521349274e-15
1.3892612176502626e-15
1.4085207698413588e-15
1.3218756801127182e-15
1.2047344164179729e-15
1.2054832523193306e-15
1.2528639338721067e-15
1.4728995324914738e-15
Acceptance rate: 0.29499999999999926
8.74698998804951e-16
9.483463378774155e-16
9.755208272045347e-16
1.0583328693635907e-15
9.708800630199292e-16
1.0922291200186297e-15
1.1690883215791318e-15
1.2117708352050565e-15
1.1542021105068995e-15
1.1101430543773911e-15
1.1551103790072314e-15
1.2666950786256982e-15
1.2678015703038086e-15
1.0613154175820732e-15
1.1978739247746948e-15
1.2152131332656849e-15
1.2314547382465151e-15
1.271472934046287e-15
1.3475447681354964e-15
1.3271271625283827e-15
1.346422790595104e-15
1.4171455484552092e-15
1.1697038266816763e-15
1.1012697250280581e-15
1.0175853709344764e-15
9.902880432111423e-16
1.065002012202168e-15
9.509186293981529e-16
1.0691880313970566e-15
1.0679277036028143e-15
1.0768330985842035e-15
1.2551025246312653e-15
1.243413366517512e-15
1.354868445551458e-15
1.325030612977624e-15
1.217445230505996e-15
1.2193478859358777e-15
1.2976180680775648e-15
1.4131341813284674e-15
1.3712825228636383e-15
1.343707200744528e-15
1.5687008624890471e-15
1.7919751034020195e-15
1.6711455336002542e-15
1.846758145327913e-15
1.7302613141541691e-15
1.8107353155448966e-15
1.7184124638098075e-15
1.7656221952841624e-15
1.788279808724298e-15
1.7425071397575782e-15
1.7769890197149012e-15
1.6563324011856883e-15
1.9713080641335105e-15
1.8801848097222756e-15
1.7538773261848252e-15
1.841250039639715e-15
1.885784551315611e-15
1.7960195968362832e-15
1.9679596271322577e-15
1.9106335630253323e-15
2.0523159477422633e-15
2.114250288290668e-15
2.3006309275370054e-15
2.3616560186456447e-15
2.3822526404710753e-15
2.424678250830502e-15
2.5292793914981203e-15
2.4651955860466976e-15
2.6510399070288794e-15
2.757088835399816e-15
2.659568119793241e-15
2.633838408265803e-15
2.8484368178267832e-15
2.7911825587877165e-15
2.8935106414565006e-15
2.6838244258993924e-15
2.7301675791130466e-15
3.165832469012425e-15
3.0105626456697655e-15
2.8657045978796038e-15
2.859671137912312e-15
2.6780351953444243e-15
2.784382334463394e-15
2.8904978099224876e-15
3.1777650697393356e-15
3.307595119305673e-15
3.673771130319719e-15
3.878765426824865e-15
4.536528318896166e-15
4.523453001387617e-15
4.233204320014889e-15
4.137495085256853e-15
4.1351842717944845e-15
4.0891203945656386e-15
3.67571970456938e-15
3.668878906619397e-15
3.669526181443421e-15
3.5966334941978874e-15
3.685618490261075e-15
Acceptance rate: 0.28690000000000043
2.1946490418341135e-15
2.5858699189051273e-15
2.463760301574528e-15
2.6145930885762027e-15
2.739001423997396e-15
2.8412489955608244e-15
2.970902695551928e-15
2.986798219654481e-15
2.7972244675770986e-15
2.418511176567194e-15
2.375813714885322e-15
2.0953242927661817e-15
1.8686301333671125e-15
1.950281526951397e-15
2.208958882679309e-15
2.220316839680789e-15
2.4395723769405843e-15
2.4820506410619492e-15
2.2998597380618692e-15
1.910670543184613e-15
2.290010371864677e-15
2.2328769856848846e-15
2.3977202157641686e-15
2.3178776088900973e-15
2.8275996087727163e-15
2.697689119132471e-15
2.7001850865641285e-15
2.7724045769993492e-15
2.8058788554882796e-15
3.0601902257003315e-15
3.302849353834076e-15
3.0154693965217346e-15
3.0827984145883233e-15
3.2530104274800425e-15
3.1999253158664083e-15
3.164347063674465e-15
3.0115749114942754e-15
3.1065695294052636e-15
3.5069172849734516e-15
3.769473198889196e-15
4.254627077233429e-15
4.217595767493282e-15
3.834133095968376e-15
3.681824366790489e-15
3.3182775479831193e-15
3.1349858692382373e-15
3.2931356034260743e-15
3.5043261764924138e-15
3.4570233603251946e-15
3.885575494677369e-15
4.123464795336671e-15
3.793487854843276e-15
3.9998664587389205e-15
3.920894109072714e-15
4.1975083542504356e-15
4.133832561818281e-15
3.666887884216482e-15
3.56157892718592e-15
3.3448195246913285e-15
3.1801172187455978e-15
2.979430249941853e-15
2.9820925374619345e-15
2.7399811548322572e-15
2.8238567936064664e-15
2.596991808677747e-15
2.98393371454307e-15
3.0109075624854663e-15
2.803183646125591e-15
2.6039985343205166e-15
2.7075625712464216e-15
2.8375750964532584e-15
3.045833774824709e-15
2.8648272797666496e-15
2.6340833505561637e-15
2.8945216320498378e-15
2.8419101128337758e-15
2.718361838707053e-15
2.6938354314165694e-15
2.8388564945615002e-15
2.914499037361485e-15
2.862348823394763e-15
2.7815421974931904e-15
2.329870120336908e-15
2.1563199532966232e-15
2.151109306629343e-15
2.1295797795965235e-15
2.3471757484092746e-15
2.1241738719570993e-15
2.159850631694367e-15
2.072033907364116e-15
1.926244662247129e-15
2.0077979554188977e-15
1.9385268947295254e-15
1.8083027459720878e-15
1.7202849662123279e-15
1.7781780095581835e-15
1.5806173220185983e-15
1.9794036716570302e-15
1.8640548878175606e-15
1.847604527805142e-15
Acceptance rate: 0.2779166666666687
1.0976010046471975e-15
1.115479054188641e-15
1.0639741794022172e-15
1.2055298006327462e-15
1.217793077008953e-15
1.2592595197940274e-15
1.4211544579149298e-15
1.6539745150353728e-15
1.660468576907928e-15
1.638751948911307e-15
1.7590700942637658e-15
1.625414481222481e-15
1.4818005825877829e-15
1.428750136325616e-15
1.4980697608726456e-15
1.4179463080810712e-15
1.5495400488437677e-15
1.4911237308535564e-15
1.4842003544199619e-15
1.7422536778632073e-15
1.873209534598324e-15
1.7630614277777304e-15
1.7288274472523643e-15
1.854933386295604e-15
2.0135333169521653e-15
2.1515196129260286e-15
2.061686084669345e-15
2.168554513565104e-15
2.292052720084524e-15
2.341430637448599e-15
2.2571779668289504e-15
2.0919727869522085e-15
1.8420808753289195e-15
1.928429796777771e-15
1.8184826480992486e-15
1.933083575868603e-15
2.0026907838756224e-15
1.9015318050873285e-15
2.040142075187533e-15
1.9755928535049237e-15
2.1482025597875546e-15
2.2599793525327758e-15
1.8813303304390635e-15
1.798715663994504e-15
1.8266662395105126e-15
1.8734083996946754e-15
1.8599229318557053e-15
1.9163478596216107e-15
2.1267685714631235e-15
2.1762153508784425e-15
2.0029381040091884e-15
1.817189314519859e-15
1.7866596766402684e-15
1.750795316324476e-15
1.8477052777436033e-15
1.8827807347066716e-15
1.8298135404506733e-15
1.7761561352420649e-15
1.914213708812274e-15
1.7704711115432377e-15
2.086749770835902e-15
2.0804395054190485e-15
1.8220141528435768e-15
1.907016522038492e-15
1.93698215476332e-15
1.8217816354723434e-15
1.7412590335344276e-15
1.6962261368504581e-15
1.5960910790780145e-15
2.1079549701015285e-15
1.9582805247856056e-15
1.77665521226202e-15
1.814954110601891e-15
1.6400188678407404e-15
1.6796047937251326e-15
1.614999484799292e-15
1.6714749452746887e-15
1.6022370992749261e-15
1.6763872733801289e-15
1.6667444168855524e-15
1.6954387805205182e-15
1.6650061745787046e-15
1.8321733078273254e-15
1.8397679014127918e-15
1.894983671843383e-15
1.85869459715263e-15
1.7470322252596263e-15
1.8242867357847708e-15
1.6832345966043927e-15
1.633042137555114e-15
1.6849835434794664e-15
1.6004147839864585e-15
1.5677631902719573e-15
1.5735677820141663e-15
1.5204906793507638e-15
1.2195184400549716e-15
1.1475060476421672e-15
1.0208911771962833e-15
1.0127090611886379e-15
9.697186221278708e-16
Acceptance rate: 0.2751428571428588
5.999009386662259e-16
6.801176213048959e-16
7.107917584374214e-16
6.745273977462688e-16
6.283722514615373e-16
7.526104696628089e-16
7.931033032722145e-16
7.186265792041693e-16
6.634927990312966e-16
7.08391619892768e-16
7.201699068176833e-16
6.450226317265818e-16
9.225068011075328e-16
8.956929019005352e-16
8.527011866161456e-16
8.888938742094111e-16
9.0112415548235e-16
1.084691041287607e-15
1.1401051844985913e-15
1.0635511543896643e-15
1.2469490832941305e-15
1.2661239449822183e-15
1.2826557584658588e-15
1.325208703069312e-15
1.3168613518364733e-15
1.3716550009064954e-15
1.3152513840370282e-15
1.3106892780542146e-15
1.2788919856619933e-15
1.263912355387209e-15
1.2661288539643131e-15
1.3239257265815949e-15
1.2411401379354e-15
1.2556184656988132e-15
1.268349727503793e-15
1.2526876694461765e-15
1.3211211957631928e-15
1.2881253652558766e-15
1.3617466777479529e-15
1.570043388068514e-15
1.595196370326529e-15
1.6999118530895105e-15
1.572834573677888e-15
1.7408698883346752e-15
1.672308781126043e-15
1.8520356123949557e-15
1.9485469779071037e-15
2.002740924033693e-15
2.13967311930693e-15
2.6469800896034927e-15
2.9403628211055016e-15
3.4701075723556467e-15
3.6434112939744496e-15
3.537229613736752e-15
3.381657716043312e-15
3.3376537686778224e-15
3.3619925560754667e-15
3.8986306892249985e-15
3.896673772378172e-15
3.613664082834256e-15
4.0074606692099555e-15
3.952674712053217e-15
3.657775596171776e-15
3.3468743705029484e-15
3.2285951830364705e-15
3.154167926863454e-15
3.247030932945762e-15
2.9734453085125167e-15
2.966280180950738e-15
2.9049339783358834e-15
2.90730401368582e-15
2.6692109002378657e-15
2.4756867082272193e-15
2.514248748935409e-15
2.557468828666102e-15
2.5560087721493704e-15
2.4175735638934117e-15
2.937973603514019e-15
3.145706849453292e-15
3.4205715494402373e-15
3.3526493159098137e-15
4.061463218727664e-15
3.902630817944246e-15
3.576923171001545e-15
3.204542556985986e-15
2.786121544974206e-15
2.810766107729591e-15
2.582943194184733e-15
2.6294685875428852e-15
2.4855011015529777e-15
2.4904754469559363e-15
2.7777717080728533e-15
2.7918613072537604e-15
2.5888864802460887e-15
2.1872186832226403e-15
2.2815246544321326e-15
2.1570952513948248e-15
1.9427941881648786e-15
1.9157611903495513e-15
1.6891277240937863e-15
Acceptance rate: 0.27168749999999997
1.028645298952414e-15
1.0111432292119241e-15
1.1172907166807819e-15
1.0810172021215034e-15
1.0758488113033194e-15
1.0081888960763955e-15
9.967971387944977e-16
1.016977753095423e-15
1.0826152361278263e-15
9.976314696791702e-16
8.876052571749111e-16
1.0457185912138923e-15
9.852831352816665e-16
1.0184435201167632e-15
1.001194355399732e-15
1.1041044000065897e-15
1.196386430079306e-15
1.2132086450591639e-15
1.2202516233467358e-15
1.176326138583221e-15
1.1592005050672751e-15
1.1946126545928715e-15
1.2431719579241846e-15
1.2203084192782431e-15
1.4808833975781784e-15
1.631480347188624e-15
1.4739062193337523e-15
1.4778195232078963e-15
1.428996552524359e-15
1.308132527884311e-15
1.2810883745335213e-15
1.3828496047974843e-15
1.2556066353955273e-15
1.183175859933829e-15
1.3836503180916668e-15
1.4960394016912066e-15
1.7704479476883159e-15
1.672159392838863e-15
1.7214936660776655e-15
1.7048494253862998e-15
1.5102143792314571e-15
1.5385052284980574e-15
1.5241014771535617e-15
1.4277953831042825e-15
1.4248422959577616e-15
1.559211136159415e-15
1.52641555796243e-15
1.5243317002184539e-15
1.6182113806837178e-15
1.5039116926547703e-15
1.4327617177169331e-15
1.7302246474360499e-15
1.7955590753204106e-15
1.6836078874019907e-15
1.5305059807657065e-15
1.7982667164446995e-15
1.800992433667862e-15
1.849637673737744e-15
1.9002531334898673e-15
2.0505936734207555e-15
2.0683789295937324e-15
1.919077059545027e-15
1.8096365189110136e-15
1.9515366978139776e-15
2.314075373153413e-15
2.2823423322121943e-15
2.3652090931495952e-15
2.4399452380202737e-15
2.914907616326312e-15
3.156503908262934e-15
3.1306681541609166e-15
3.208648061799295e-15
3.317023821596102e-15
3.2584676209526086e-15
3.167445092052894e-15
3.2947459233929295e-15
3.1390058138797734e-15
3.1477064426442257e-15
3.043122914085172e-15
3.1595969884007995e-15
3.00146495928192e-15
3.4269781701359332e-15
3.434862917013279e-15
3.4003813256619044e-15
3.1710812817390695e-15
2.9401300364080354e-15
3.1274140942746563e-15
3.3354406320125923e-15
2.911560336432927e-15
2.919740711761328e-15
2.8184260999102764e-15
3.1026567354556248e-15
2.8521318629123113e-15
2.8065453494567153e-15
2.7253780467423126e-15
2.457112383283694e-15
2.794408941974018e-15
2.5877489523514595e-15
2.4503313206967183e-15
2.481734989237598e-15
Acceptance rate: 0.2715000000000003
1.4711148283189706e-15
1.5988544462986464e-15
1.8082085189841875e-15
1.6714778156455094e-15
1.78354334505457e-15
1.8071275770890625e-15
1.8380289341884663e-15
1.833979164620125e-15
1.6928320084022117e-15
1.683771379992758e-15
1.841153044450104e-15
2.077573739950465e-15
2.27576816275338e-15
2.0898954780903325e-15
1.9421312942891516e-15
1.948093557392406e-15
1.9478610153854066e-15
1.87101967686934e-15
2.222317707416015e-15
2.6768388689328173e-15
3.009821686336821e-15
2.7449704981520677e-15
3.1282600346549417e-15
3.3467502590473548e-15
3.101332762879946e-15
3.1376961971689565e-15
3.376895714317211e-15
3.4404988614251695e-15
3.5211343027130103e-15
3.893021409303586e-15
3.9794102435918e-15
4.314437968276112e-15
4.388036002752284e-15
4.657973290460359e-15
5.0819583632427734e-15
4.862097854234593e-15
5.0652735274222705e-15
5.753278086293831e-15
6.7077286089028105e-15
6.146160064682074e-15
5.724419904928797e-15
6.209897609019903e-15
6.778158057170389e-15
6.0361536276891024e-15
6.1369745954570155e-15
5.489602467291768e-15
5.9467935564660324e-15
5.643334942573811e-15
5.582446662279321e-15
5.55371039166427e-15
5.378887360602956e-15
5.630895236689902e-15
5.582618194984971e-15
5.863568027207225e-15
5.7597988985312124e-15
5.768591815809261e-15
5.99592499097321e-15
5.998694349605925e-15
6.5956098900314526e-15
7.072378402382805e-15
8.022539181156597e-15
7.419523469212902e-15
6.937451700477955e-15
6.823335978376131e-15
6.297120259291286e-15
6.792452759039017e-15
6.288282895089682e-15
6.03624483346525e-15
6.784301937695929e-15
7.768092730962913e-15
7.216899817285221e-15
8.54786399264975e-15
7.844086043488964e-15
8.22025571694282e-15
8.581395028728671e-15
8.826906849067062e-15
7.98163798810142e-15
8.04470250984077e-15
7.945885323077696e-15
7.854725040047078e-15
8.531615052003054e-15
8.300791075510509e-15
9.026237852767125e-15
8.634720075618328e-15
7.316867747244201e-15
6.9646128414648426e-15
6.189215142244098e-15
6.129288796594101e-15
6.279646075848128e-15
6.582726574740798e-15
6.255071056909775e-15
6.282158222340706e-15
6.9542013432924804e-15
7.487680032959165e-15
7.923140328752647e-15
7.934653065902312e-15
7.294959916204758e-15
6.9987077724889746e-15
7.698146278571189e-15
9.300011596047073e-15
Acceptance rate: 0.2687999999999997
Sampling time (10 samples): 5950.6310 seconds
