/scratch/users/yanlan/TroubleShooting/SM_ETwd/Output/AM_PM_ET_192_359_00
5.0669769595323395e-08
2.1872822709542486e-08
1.0514567539986212e-08
5.100726098350653e-09
2.6922358446672987e-09
1.4739353671237276e-09
8.34593441566124e-10
4.771499323532992e-10
2.820098201519265e-10
1.956067237187971e-10
1.2068255314629272e-10
8.52673199158406e-11
5.192991399182655e-11
3.6869026442795525e-11
2.4107517620961125e-11
1.7153588470812626e-11
1.0905748855862272e-11
7.777931279653954e-12
5.556302980082179e-12
4.0825896746754965e-12
3.1158929951977057e-12
2.436929782386582e-12
1.7740729075110354e-12
1.4332441397113125e-12
1.1053260306707442e-12
8.96243404863409e-13
7.727185472048272e-13
5.553405583045996e-13
4.153341582436031e-13
3.235793669160256e-13
2.493808193448858e-13
2.0422666408906628e-13
1.7100970439524713e-13
1.3836638448650222e-13
1.0345483382007421e-13
8.931450774164738e-14
7.741437517766195e-14
6.706599260272081e-14
5.394546102373434e-14
5.050691582220511e-14
4.3672115734334066e-14
4.0871094341756846e-14
3.595242712732077e-14
3.3180681737935025e-14
3.210940369919435e-14
3.1910838664036226e-14
3.0252200434583143e-14
2.6780707579240724e-14
2.5274605663636298e-14
2.507784564706408e-14
2.338356428141841e-14
1.883513796403281e-14
1.846148879273618e-14
1.5759872860911896e-14
1.3854107464269117e-14
1.1399142048895953e-14
1.0414676572146216e-14
1.0738572083726532e-14
1.0475435200586797e-14
8.376047562524183e-15
9.339712489465049e-15
9.094915338163069e-15
8.648366546132708e-15
8.534475836443195e-15
9.245435020383274e-15
7.979886908386141e-15
6.709092348985917e-15
6.4801118458490865e-15
6.220481205319757e-15
5.7608629085083096e-15
5.238853555533264e-15
5.1638114601044384e-15
4.541511114129494e-15
4.458024286999032e-15
4.7174448610992945e-15
4.521925482942753e-15
4.380189715456399e-15
4.493868507749482e-15
4.6724886857844785e-15
6.044073631234124e-15
5.4642489254223536e-15
5.38384253193386e-15
5.999666047645593e-15
5.7617613037909465e-15
6.161838463602966e-15
5.3398262886329535e-15
5.3077735414251325e-15
5.4577500432144054e-15
5.026495190239853e-15
4.9288560190931225e-15
5.327294509226652e-15
4.83996666223738e-15
4.8540034289059586e-15
4.307711144566891e-15
4.622081745900503e-15
4.230691582796365e-15
4.117133359761812e-15
3.963365912004858e-15
3.4654751623387956e-15
3.2052850137355772e-15
Acceptance rate: 0.29300000000000004
1.6946157990225316e-15
1.6414195018085948e-15
1.6287806923144864e-15
1.7665396121991211e-15
1.843907419366732e-15
1.7330340201088616e-15
1.771770132249523e-15
1.5146454916198672e-15
1.5761330818557267e-15
1.507630156676201e-15
1.5475579443110491e-15
1.490973657073347e-15
1.406398065604336e-15
1.269633764680943e-15
1.3056229252703815e-15
1.2896943916663782e-15
1.2173319837458767e-15
1.3025442806127478e-15
1.5371549373293036e-15
1.5320926897873798e-15
1.3761731790803464e-15
1.433359236857848e-15
1.5453408086181861e-15
1.6754516061795553e-15
1.6101860615658222e-15
1.5045377848183504e-15
1.5310915675353774e-15
1.5122304390267395e-15
1.4131269936238391e-15
1.632053801923478e-15
1.794919227233472e-15
1.7725214247247372e-15
1.6272513269772587e-15
1.7632891970278776e-15
1.6115919721228076e-15
1.4697266315883887e-15
1.3553997294885191e-15
1.4109188973042774e-15
1.4593850769259942e-15
1.3550707466096999e-15
1.2268351191938742e-15
1.1774780923590579e-15
1.1757674021188518e-15
1.1216520010430503e-15
1.0408644010807283e-15
1.1937312006461104e-15
1.1460523640874265e-15
1.1435713984722968e-15
1.0739319422513381e-15
1.0128137900962263e-15
1.0418425145793122e-15
1.0085317010920591e-15
9.231563679052426e-16
9.656440697270601e-16
9.990181985514928e-16
9.357501906573833e-16
8.673728139389067e-16
7.987512516527588e-16
7.74329212193656e-16
7.509132659145659e-16
7.532661799586033e-16
6.791498569910742e-16
7.257162013613408e-16
7.726795050765554e-16
7.059399686199705e-16
6.724217341840074e-16
6.416904421537768e-16
7.023823782656165e-16
6.862433581079183e-16
6.622305498730549e-16
7.090575706778e-16
7.385997646738994e-16
7.082663216657311e-16
8.168318320249472e-16
7.878364124533798e-16
8.57568926490308e-16
9.954761641525789e-16
1.1460305144085177e-15
1.2255166363126299e-15
1.1067448640717115e-15
1.2322667626607103e-15
1.2538352567182013e-15
1.288312813183256e-15
1.304731747684264e-15
1.3978425909133134e-15
1.3137287295309608e-15
1.3398032247041977e-15
1.2347951235510879e-15
1.2700631384110848e-15
1.2913175717580385e-15
1.0877593559824104e-15
1.0438215364896307e-15
1.2562230692821882e-15
1.1263920945132006e-15
1.2400574807560423e-15
1.1240257164413311e-15
1.269460538034063e-15
1.2565291166377558e-15
1.0989252747409493e-15
1.0527874251682723e-15
Acceptance rate: 0.2772499999999999
5.665933171573008e-16
5.140937103953015e-16
5.191230435751142e-16
4.851708095351669e-16
4.3039618561118803e-16
4.2770728793441544e-16
4.600086826673896e-16
4.762882376022532e-16
4.997327992436012e-16
5.922148678319085e-16
6.725491670045498e-16
6.741503463202714e-16
6.277561621518085e-16
6.22025145024736e-16
5.620333375624928e-16
4.922671802670662e-16
4.599951452133362e-16
5.03008154304946e-16
4.568369234495314e-16
4.501710880922817e-16
5.760760400009291e-16
6.336878761650548e-16
5.834861685285311e-16
5.60540776032875e-16
5.843614182631607e-16
6.004113709838888e-16
6.009508023067668e-16
6.120780501815648e-16
6.276611257245739e-16
6.708330698904714e-16
6.814780704623854e-16
7.170743841052223e-16
6.993144381426568e-16
7.982634852512151e-16
8.405769866585666e-16
8.367343167833476e-16
8.759575148174675e-16
9.545234128421542e-16
8.771594036986081e-16
9.869529556847954e-16
9.1209895840948e-16
8.882063875770237e-16
8.808161557710324e-16
8.233918150297565e-16
8.850681563039299e-16
9.044153289253264e-16
8.863790258395901e-16
8.670154917899625e-16
8.167860699169328e-16
7.97129677289244e-16
8.465784041599808e-16
1.0019456150353037e-15
1.0138060016112036e-15
1.0126486146555934e-15
8.885884960711845e-16
9.356711255887238e-16
9.87339417762668e-16
1.0392308661152523e-15
1.0264008013650632e-15
1.134026921990183e-15
1.0056478339301286e-15
8.349698614637682e-16
8.651205749395282e-16
1.046247593114244e-15
1.2582010510971888e-15
1.1382101758480799e-15
1.116457644820635e-15
1.0029893194553429e-15
9.879651518071445e-16
1.102377060545274e-15
1.0907731334423415e-15
1.0718147637965466e-15
1.09002511981792e-15
9.732103645932744e-16
9.101037374961177e-16
8.816593970073558e-16
9.486348917600436e-16
1.0324609879586384e-15
1.1674448832675003e-15
1.083702818400561e-15
1.071479144095477e-15
9.640861436311159e-16
8.949605524472476e-16
8.036775710017407e-16
7.042175310822759e-16
7.489059290142861e-16
7.198995387584526e-16
8.313743639335333e-16
7.996293608064122e-16
7.031092867542628e-16
6.832719788738843e-16
6.639867120926648e-16
6.134180712112343e-16
7.319860552257603e-16
7.182493763126701e-16
6.518866099153083e-16
6.211118929023528e-16
6.949172468887282e-16
6.882918075315595e-16
7.268589861591687e-16
Acceptance rate: 0.28549999999999937
4.052164690267334e-16
3.9394577928527895e-16
4.0551560825072794e-16
4.113947993440629e-16
3.8181444512157187e-16
4.476921928954668e-16
6.233584436120894e-16
5.689130951319194e-16
5.889119429376303e-16
5.394734857098232e-16
5.819305932177859e-16
5.433534066522829e-16
5.941726137948723e-16
5.804210780417091e-16
5.594313244095791e-16
5.796721777928207e-16
6.018674232658328e-16
6.743058282871612e-16
7.3878403065628e-16
8.161936832165368e-16
8.020987204379825e-16
8.221291570105986e-16
8.304758947679762e-16
9.233994233743366e-16
8.815757754843748e-16
9.34761552459095e-16
1.1360368182038795e-15
1.2342593633373476e-15
1.27528525786423e-15
1.2627748347694188e-15
1.2384009338459046e-15
1.2844124747169258e-15
1.3942291288982616e-15
1.494650455069468e-15
1.4482020105955324e-15
1.4923991649391817e-15
1.3852076056405297e-15
1.3632513133555086e-15
1.4914778726980728e-15
1.4091620433256335e-15
1.3407701946794275e-15
1.4319661925185936e-15
1.3315007792092359e-15
1.3274631880778474e-15
1.4889750369418086e-15
1.4186424346955814e-15
1.5189936091678289e-15
1.4311628323671722e-15
1.374612429426535e-15
1.4720649405878112e-15
1.7187036505862722e-15
1.7174565225424953e-15
1.920117158798094e-15
2.29544330168079e-15
2.1921836688239482e-15
2.258702812537553e-15
2.192821664428684e-15
2.19554120628557e-15
2.129104506398127e-15
2.4043700039404127e-15
2.384684422711071e-15
2.538190782078744e-15
2.62378494960369e-15
2.3372271558288964e-15
2.210001957092031e-15
2.201542496590412e-15
1.844683042752398e-15
1.8262819966167213e-15
1.919119497151712e-15
1.8491924465124222e-15
1.9105654224064855e-15
1.906510212168805e-15
1.9823036558985027e-15
2.127745360994821e-15
2.3084823216803956e-15
2.302326250331066e-15
2.741447694659459e-15
2.462047241271293e-15
2.937033988412576e-15
2.9256734639934003e-15
3.1345540344058624e-15
2.897437538303874e-15
2.99934028281797e-15
3.212305515935748e-15
2.807081997529844e-15
2.5448449123241918e-15
2.486359498889827e-15
2.3056639640843926e-15
2.097037649052554e-15
1.9216785002259293e-15
1.927370917261425e-15
2.053981872696974e-15
2.042522536515651e-15
2.0456604242471763e-15
1.799681383103544e-15
1.888626108687449e-15
2.0399497129657983e-15
2.0866919249833886e-15
2.3532111014924913e-15
2.290256816222468e-15
Acceptance rate: 0.2927500000000005
1.3041193815295148e-15
1.2582825510926273e-15
1.31683322260309e-15
1.3307466822496465e-15
1.4748824745256013e-15
1.5574389596792325e-15
1.3595131493274068e-15
1.3890430245035438e-15
1.259961461944209e-15
1.1484681304037734e-15
1.1611691499738949e-15
1.0744048002112175e-15
1.0999830521000148e-15
1.1240695067187116e-15
1.1874493921523976e-15
1.2100198597980095e-15
1.2250381509745353e-15
1.168242169933585e-15
1.4946026142948287e-15
1.4207086021744184e-15
1.3415424588515057e-15
1.4591167931653045e-15
1.763299562616305e-15
1.7624981921457524e-15
1.8661232931292403e-15
1.8048006303620942e-15
1.8208904990277816e-15
1.9635058205093207e-15
2.1245334836883125e-15
2.232006402545706e-15
2.1661012953662717e-15
2.2873903176623506e-15
2.223164839145474e-15
2.0378876824277085e-15
2.332615529261491e-15
2.561232360634372e-15
2.5111893284365584e-15
2.4667580656407446e-15
2.738355292231048e-15
2.805790258609852e-15
2.50883968668909e-15
2.7165830646758045e-15
2.7581723733382637e-15
2.68867037090744e-15
2.717174559165034e-15
2.9050446339121824e-15
3.065740602343942e-15
3.185488451630592e-15
3.7057691765346386e-15
3.9020820104354506e-15
4.028255320713797e-15
3.724524759811287e-15
3.8528001241912225e-15
3.612340200421486e-15
3.5390471859484178e-15
3.471848360662046e-15
3.415292504913043e-15
3.0523922034064764e-15
3.5175244001984352e-15
3.2415872954856874e-15
3.902286606954628e-15
4.175255597821395e-15
4.220131592679564e-15
3.922697664005841e-15
3.70362797060196e-15
3.834165402335459e-15
3.843788421722295e-15
3.950212778075217e-15
4.009116124539964e-15
3.96561625337488e-15
3.852100610660098e-15
3.5846223594175065e-15
3.498678110299994e-15
3.480715641422687e-15
3.476454218326878e-15
3.4988035455233967e-15
3.4035941603365152e-15
3.883887239185783e-15
3.796708840027127e-15
3.75147187939531e-15
3.965025852606605e-15
3.7790757957258615e-15
4.0600127105286376e-15
4.35278809094762e-15
4.054651799099802e-15
4.075718225245353e-15
3.7446608032340515e-15
3.591373357136599e-15
3.8064744341949585e-15
3.4245013504678285e-15
3.40403163236825e-15
3.2137944074342253e-15
3.2820705838056496e-15
3.0381662291011274e-15
2.945181212654291e-15
2.7980278230674626e-15
2.496935671211882e-15
2.6374868562310087e-15
2.676469163549519e-15
2.7670243054302658e-15
Acceptance rate: 0.2992999999999993
1.5912851564721193e-15
1.5796452589618713e-15
1.7585963523537035e-15
1.7201667003903496e-15
1.8599405948930864e-15
1.7552336334794101e-15
2.334548911148044e-15
2.390828364359508e-15
2.3249284147658085e-15
2.2333587958943465e-15
2.2557101428581777e-15
2.2356414568111295e-15
2.1894014644402734e-15
2.053625406377743e-15
1.9381716562734477e-15
1.886274730720427e-15
1.728893492174549e-15
1.7810563898706336e-15
1.7728931804154222e-15
1.6093693922579448e-15
1.5030003546782297e-15
1.6828842832945167e-15
1.791224101349771e-15
1.7498247743776233e-15
1.6813177156051325e-15
1.8023446462512474e-15
1.834865333879186e-15
1.7329274918775949e-15
1.7630257269569031e-15
1.9184752015846e-15
2.03900978020036e-15
1.892697557656574e-15
2.007862185926443e-15
1.8226432833519873e-15
1.6675936868650647e-15
1.4503803456556695e-15
1.5158890632253728e-15
1.500010061230595e-15
1.501302801188328e-15
1.6793797586371013e-15
1.7478884728037023e-15
1.551075513751762e-15
1.6461331168473113e-15
1.538728264162666e-15
1.6060540691534016e-15
1.637429696411692e-15
1.8155776705417674e-15
1.6941714120090418e-15
1.6872412440496064e-15
1.6266195972141687e-15
1.7653433060613122e-15
1.716369121431045e-15
1.778839382046739e-15
1.669034191594699e-15
1.6324572011215313e-15
1.6118153835361403e-15
1.5476196176001697e-15
1.5194361366781294e-15
1.4797423169787014e-15
1.6629076965660737e-15
1.5767907443123941e-15
1.5495186804028013e-15
1.4693254329258417e-15
1.3543262324318455e-15
1.666544724197559e-15
1.8319562287327973e-15
1.821832481155254e-15
1.9426354513891328e-15
2.01778849648936e-15
2.2028917831974424e-15
2.1794819709551896e-15
2.4020099625343748e-15
2.3560577065330903e-15
2.2535182789161567e-15
2.0717815195148557e-15
2.1622368787805867e-15
2.2416826590087538e-15
1.991056984291939e-15
1.933892557509583e-15
2.2385031309960633e-15
2.342805505514812e-15
2.344776975327599e-15
2.4936235422250806e-15
2.373720075675363e-15
2.6343574186395705e-15
2.4957364551822648e-15
2.148278236867106e-15
1.8848583130571093e-15
1.853710347759121e-15
1.9554112786266832e-15
1.9570306124346094e-15
2.036492651053835e-15
1.940951007659933e-15
2.0381907028618706e-15
2.0000814564634645e-15
2.3104910440033153e-15
2.216930268130044e-15
2.4284736814750957e-15
2.346612497328657e-15
2.1233633445497005e-15
Acceptance rate: 0.29958333333333287
1.2654510174583384e-15
1.3456907320537757e-15
1.4299393789502352e-15
1.5321043102846407e-15
1.4492932116440953e-15
1.3365127052092955e-15
1.4247925727174508e-15
1.5480924215328256e-15
1.599627993463439e-15
1.6623872092441493e-15
1.6364546739437903e-15
1.5621945058841875e-15
1.3391392476700157e-15
1.3876352889413314e-15
1.2735130263287882e-15
1.2599897359622843e-15
1.1834434444251108e-15
1.302294213740191e-15
1.191576414348972e-15
1.1533343915089658e-15
1.143207671799702e-15
1.0677948787609011e-15
1.0278900152209254e-15
1.3025894512945894e-15
1.2600850807144715e-15
1.3764611303175943e-15
1.4106022985949897e-15
1.366239569557761e-15
1.5222621963651033e-15
1.4965374700090255e-15
1.5670793457064306e-15
1.6444032443599229e-15
1.5134263116217965e-15
1.5025139211003297e-15
1.2879797582242048e-15
1.3540583420091036e-15
1.4692523962886188e-15
1.2879818299763627e-15
1.3113177930021985e-15
1.283355939180707e-15
1.1932735564499584e-15
1.324803843330225e-15
1.305159473808337e-15
1.3704777886561085e-15
1.2499203563130013e-15
1.1578588543347978e-15
1.2160645085280239e-15
1.1866439255262743e-15
1.1601149017853539e-15
1.268467370750411e-15
1.2553800104242556e-15
1.4849996981230738e-15
1.4858916473511093e-15
1.5699074654037126e-15
1.4285418078889254e-15
1.3763094689174566e-15
1.4404506670953704e-15
1.3426393280431078e-15
1.3945577953718983e-15
1.8366911830641133e-15
1.6537657480390914e-15
1.581053217073057e-15
1.5515845246072335e-15
1.6046857583404769e-15
1.9151259266041806e-15
1.9580497380382256e-15
1.9363337985041436e-15
1.7811562812773293e-15
1.5424470138260052e-15
1.5281134402113089e-15
1.5331352230240373e-15
1.5680178198727926e-15
1.4458339474855184e-15
1.4130518275620808e-15
1.3367056687906032e-15
1.3033918943674668e-15
1.4981273067242007e-15
1.5286965107622562e-15
1.5007246183792401e-15
1.4834315228763435e-15
1.3673481234464705e-15
1.4469336354080748e-15
1.5277389505930848e-15
1.5473381678786617e-15
1.4585001540805658e-15
1.7422893510932416e-15
1.8728286398322637e-15
2.08371698240724e-15
2.0765052963488566e-15
2.0168329531160254e-15
2.0308440150871346e-15
2.324741140886993e-15
2.64628431297444e-15
2.6786221314756343e-15
2.6293997807552406e-15
2.8900755253025e-15
2.743054699589589e-15
2.9165981239010596e-15
2.6994902165657587e-15
2.8797721651547507e-15
Acceptance rate: 0.2995000000000016
1.730676996915294e-15
1.8031144233274475e-15
1.7549307896036228e-15
1.9534641804302783e-15
1.8987966943065796e-15
1.7744633174731e-15
1.8037703553376704e-15
1.5930406076357553e-15
1.7593790722258594e-15
1.6958428332734961e-15
1.9301130821208545e-15
2.0197169551759122e-15
2.235951245245554e-15
2.1045595293327954e-15
1.957794575072801e-15
1.8293121787867975e-15
1.7341933563897937e-15
1.7582296028158473e-15
1.6575357827959807e-15
1.6715484410368847e-15
1.6687903309873146e-15
1.5909131528180094e-15
1.5094847100200814e-15
1.6151238402664713e-15
1.9038063695876343e-15
1.8520936925383187e-15
1.906627955900338e-15
1.6774937719223878e-15
1.5597662932125242e-15
1.5955818480100781e-15
1.7377481388196608e-15
1.8137721525198192e-15
1.7583703220767642e-15
1.815698636962232e-15
1.796713591149827e-15
1.9143339621384254e-15
1.7362393854380039e-15
1.6422512222611043e-15
1.5982130886290406e-15
1.680931003319646e-15
1.5720980279871887e-15
1.5497198683241452e-15
1.717347141307185e-15
1.6973664602409988e-15
1.7346774283315879e-15
1.671834934932594e-15
1.7464430144991298e-15
1.6583552665809227e-15
1.662933771390087e-15
1.6806826767226338e-15
1.8032175479438035e-15
1.7872063826897774e-15
1.8817219180654726e-15
1.820970107103057e-15
1.8030193824405475e-15
1.7243322761293076e-15
1.762692185368213e-15
1.7179495581350004e-15
1.7443304579714004e-15
1.671927624414428e-15
1.5596317951936862e-15
1.3890454153382006e-15
1.4703125351663329e-15
1.4457186203582426e-15
1.5550645259325683e-15
1.6770349911587113e-15
1.5382367004168455e-15
1.3780315011891228e-15
1.244645426885372e-15
1.2417408536275743e-15
1.2565244698037901e-15
1.4219519864487598e-15
1.6514117177634717e-15
1.6207141669441472e-15
1.905441753842664e-15
2.29860742605e-15
2.106067107573217e-15
2.3391136088488153e-15
2.1584706872769796e-15
2.1211885846529074e-15
1.8775543469878272e-15
1.8436840077778566e-15
1.7215781727803071e-15
1.796376573158609e-15
1.8746827215624028e-15
1.7641231619463727e-15
1.8422223408183952e-15
1.7662352089847095e-15
1.6707129630296443e-15
1.5333631399340676e-15
1.330413162474287e-15
1.6346595758052827e-15
1.6624963185445074e-15
1.853818502379381e-15
2.0620626906079042e-15
2.1600007469719344e-15
1.86583282261389e-15
1.6708441580074876e-15
1.5652150247270627e-15
1.5292665424077348e-15
Acceptance rate: 0.29581250000000103
9.086324225862196e-16
8.900229520955824e-16
1.0563143448210688e-15
1.0699441090429792e-15
1.1165137850027367e-15
1.1974154246482432e-15
1.1945219874013612e-15
1.186526720134137e-15
1.1210279351061075e-15
1.106180085630768e-15
1.1342156458493207e-15
1.1252448358648042e-15
1.3518840715474217e-15
1.2527432267298711e-15
1.1846695803289896e-15
1.2025406839472358e-15
1.4161011433168961e-15
1.4784225597428848e-15
1.5783681821268587e-15
1.645180829832807e-15
1.6100508771578985e-15
1.6676431150180411e-15
1.6713814768998487e-15
1.6792970912621905e-15
1.794403075624572e-15
1.7611239668304147e-15
1.9122189977325676e-15
1.7936659474956665e-15
1.8324969264415477e-15
2.016352674121072e-15
1.993363549867425e-15
1.8476596871271557e-15
1.608417083308e-15
1.5193095575622225e-15
1.3593969506789717e-15
1.3788444841827542e-15
1.4426532715100173e-15
1.5290462603926908e-15
1.4719945943795588e-15
1.3934571689174855e-15
1.3560403677834973e-15
1.406299805303032e-15
1.4138711282816484e-15
1.6588314058112676e-15
1.814614170845107e-15
1.8057208342789854e-15
1.682417323740568e-15
1.7109775942090601e-15
1.5705841010743696e-15
1.7819974085397276e-15
1.7831937277323406e-15
1.9077621854213425e-15
2.192601997893805e-15
2.3056475030939964e-15
2.23148151848622e-15
2.2098525275525773e-15
2.156331048719677e-15
2.1443514349116057e-15
2.0802931066820297e-15
1.9951429124637796e-15
1.892484180292299e-15
1.8400643399077504e-15
1.7826997599876543e-15
1.903117170718559e-15
1.901660934496768e-15
1.9960011211493225e-15
2.029353914328831e-15
2.065943261085621e-15
2.0480854695687453e-15
2.0611987735840087e-15
1.9008438069518577e-15
1.9555941642269707e-15
1.9675076055129374e-15
1.8572119592890467e-15
1.9274097909506314e-15
1.8982129784441174e-15
1.927468263706386e-15
1.8603172899930706e-15
1.7823865464316965e-15
1.6622684990703215e-15
1.5468323328954358e-15
1.666821339043576e-15
1.5241957997613443e-15
1.6848720716819843e-15
1.835557848589915e-15
1.8407644078691604e-15
1.88619069571447e-15
2.0296894278683284e-15
2.2115293228260764e-15
2.3890033043850432e-15
2.1880260062538665e-15
2.1236265810750265e-15
1.9336400246354193e-15
2.2366874389664586e-15
2.10559369467809e-15
1.952833587688941e-15
2.0961629737022433e-15
2.052386835157906e-15
1.88427583169356e-15
1.6912899873325762e-15
Acceptance rate: 0.29411111111111216
1.024795391802705e-15
1.1349414670769714e-15
1.0566291026362869e-15
1.028567080275563e-15
1.0276477184566844e-15
9.921542107581728e-16
1.1310733584523096e-15
1.1553935234647244e-15
1.1783559705238636e-15
1.1241876579010287e-15
1.1582693602739504e-15
1.2529755289957575e-15
1.3848496226450842e-15
1.3945591554595772e-15
1.3033113591720284e-15
1.2921202028757583e-15
1.3033025704818272e-15
1.2757345301402055e-15
1.4311093094525617e-15
1.382819609000135e-15
1.4694805602918287e-15
1.4725627477114038e-15
1.4285751069270203e-15
1.4997498476363217e-15
1.5841211757585185e-15
1.6538762627930919e-15
1.524165705855767e-15
1.442621476929106e-15
1.3970705263288484e-15
1.4046153969293652e-15
1.3710837530299872e-15
1.3947417755989112e-15
1.4344756079058796e-15
1.5168827673653886e-15
1.6993729802401227e-15
1.643559468776464e-15
1.5803862782847556e-15
1.7469357591247585e-15
1.7809056882006382e-15
1.6988550260735037e-15
1.7311968983102234e-15
1.6317347201259846e-15
1.4843487503342745e-15
1.4653078942652888e-15
1.335052904456946e-15
1.319583262080382e-15
1.3211095868384044e-15
1.3514851783513143e-15
1.3921492630581095e-15
1.6025321318138626e-15
1.7017999172626404e-15
2.0534917270595658e-15
2.2444538164436913e-15
2.3100280768755576e-15
2.134175958016443e-15
2.127546941761493e-15
1.981671696341849e-15
1.829127885302718e-15
2.0815685638595433e-15
2.301202054396212e-15
2.326888529815158e-15
2.3810612425026193e-15
2.7161213998345398e-15
2.549258724967817e-15
2.572789936526797e-15
2.466429190412603e-15
2.3272312212156e-15
2.4969569130192346e-15
2.60403742504707e-15
2.51833179178199e-15
2.6841741457141286e-15
2.556394153920776e-15
2.4221569016604714e-15
2.288530547534293e-15
2.297850407808182e-15
2.4178109753081523e-15
2.2317568479045243e-15
2.418456424460641e-15
2.4239495341645434e-15
2.3360342324450916e-15
2.475875680355952e-15
2.316789286638664e-15
2.166096673506829e-15
2.1654849860217675e-15
2.1104774661261333e-15
2.186887324029818e-15
2.324488881916179e-15
2.3377373816706438e-15
2.1960872969610836e-15
2.094326268824486e-15
2.3247676170943734e-15
2.2749853334709947e-15
2.2380123830751536e-15
2.3952326028332006e-15
2.6096050992154245e-15
2.8353192524085038e-15
2.762737626842946e-15
2.7246481093574256e-15
2.360193066092581e-15
2.401895967994455e-15
Acceptance rate: 0.29255000000000003
Sampling time (10 samples): 5263.3932 seconds
