/scratch/users/yanlan/TroubleShooting/SM_ETwd/Output/AM_PM_ET_233_390_00
4.9684581350430256e-08
2.210120092754588e-08
1.0556033635314979e-08
4.961749949419605e-09
2.596254005282191e-09
1.4826075336137408e-09
8.414846997867772e-10
5.202083483749561e-10
2.927491057721818e-10
1.7407627781391995e-10
1.0564160540583323e-10
6.115721229916887e-11
4.01056473954467e-11
2.7065869831997133e-11
1.6184187154294888e-11
1.161339762589334e-11
7.112303915062228e-12
5.5165908270102425e-12
3.723210932608129e-12
2.655044709640339e-12
1.7923853549174037e-12
1.3244828109290697e-12
9.8929596261571e-13
7.532975674396547e-13
5.75392520903074e-13
4.300209117527303e-13
3.348338111058118e-13
2.7994097332449304e-13
2.294589574681576e-13
2.2527648567939866e-13
2.029112970348529e-13
1.7339476166729684e-13
1.7211205499237438e-13
1.3865889397685717e-13
1.1463770540641948e-13
9.398516904838397e-14
7.305064169187748e-14
6.390988444848586e-14
4.59802359474904e-14
4.126869660225057e-14
3.485061635904845e-14
2.968977512469329e-14
2.7157506812722738e-14
2.4011212045734435e-14
1.9339081665177516e-14
1.995838264507632e-14
1.9600436694003064e-14
2.0182152525488827e-14
2.0249697434219962e-14
1.9092110394763014e-14
1.7218706368179882e-14
1.588635858905429e-14
1.3292436656739082e-14
1.2922643450451963e-14
1.0391345900001453e-14
1.0387833857363173e-14
8.543938782144689e-15
8.06316965861393e-15
7.423320040907302e-15
7.034505965880863e-15
5.592337304408384e-15
6.021142650721596e-15
5.432719540908013e-15
5.15414935735449e-15
4.847828513878882e-15
4.976532825592389e-15
4.771901272725086e-15
4.165794549597037e-15
4.509595179544233e-15
4.236102840958057e-15
3.9076930097808754e-15
3.6834016573589485e-15
3.2782494379817133e-15
3.1577696243078137e-15
3.289825918040849e-15
3.1665099921113107e-15
2.605343845978203e-15
2.4047129476394677e-15
2.2850420773803237e-15
2.1867174251583443e-15
2.173275117289347e-15
2.3738003079139196e-15
2.360943570850258e-15
2.1039582595926976e-15
2.084109621922091e-15
2.1439687413226423e-15
2.2758407584969472e-15
2.1422145707097292e-15
1.9646008840016467e-15
2.097469500660802e-15
1.924303818050132e-15
2.0072580116080265e-15
2.126394115477748e-15
2.0162196296222984e-15
1.934662002692781e-15
1.883896568640095e-15
1.9749903825502943e-15
2.1264059415583195e-15
2.227117789427363e-15
2.028234526630641e-15
Acceptance rate: 0.3544999999999994
1.0500775305314759e-15
1.1614060348066094e-15
1.2985581596762658e-15
1.3881665475250712e-15
1.276661433351911e-15
1.225653353660421e-15
1.3433947360371685e-15
1.3758804385178026e-15
1.3686283625914923e-15
1.3781290230051652e-15
1.220091585017531e-15
1.2309554794851807e-15
1.253004209760903e-15
1.2848515776694093e-15
1.2305126731649236e-15
1.2381738672872242e-15
1.172267613739349e-15
1.3431230735336415e-15
1.2719006434124128e-15
1.2101798359408307e-15
1.1692198337430526e-15
1.228849959203385e-15
1.0585391328854544e-15
1.1446848847052808e-15
1.1362647060129893e-15
1.0717176405156616e-15
1.0914349502261194e-15
1.1522445537289257e-15
1.2361150896272166e-15
1.2608681125900722e-15
1.3199434502731578e-15
1.3812936962287735e-15
1.3160374740387886e-15
1.4135917549460625e-15
1.5133832603019424e-15
1.5134565044998756e-15
1.3714394619679553e-15
1.2544580713289802e-15
1.2682739351937873e-15
1.2520701882319136e-15
1.171096493936441e-15
1.0703581747616157e-15
9.954226547980382e-16
9.404743353546946e-16
1.0284377251252015e-15
1.1749314329416869e-15
1.2322143073020728e-15
1.3711510104408528e-15
1.2932045266707642e-15
1.1348790372112722e-15
1.172526500822468e-15
1.315189130708162e-15
1.3995785393002287e-15
1.4138132919646666e-15
1.323587035751052e-15
1.1806832384049644e-15
1.3778679541405649e-15
1.2950106768084344e-15
1.1686598011618404e-15
1.2097854044834942e-15
1.175200356454744e-15
1.3990562034010602e-15
1.372454819117973e-15
1.271038574468619e-15
1.270175139778088e-15
1.288385398734545e-15
1.3136039091092417e-15
1.2017082541067267e-15
1.0148482567977048e-15
1.1339631850712586e-15
1.192030059728258e-15
1.2091104335321452e-15
1.19045886728357e-15
1.0714013878403544e-15
9.858787550178578e-16
9.791283574489918e-16
9.973690601581732e-16
9.663749481226168e-16
9.872114859005183e-16
1.026072994963429e-15
1.0311331784683276e-15
1.1129862755269668e-15
1.091567322835381e-15
1.041108944538272e-15
1.0670663054718803e-15
9.70482372923274e-16
8.639184651566896e-16
9.22361741092157e-16
9.280929925386127e-16
9.543216222069457e-16
8.606297257161521e-16
8.097980490998375e-16
8.836940403760083e-16
9.532236842366235e-16
9.15181419383852e-16
9.794546607952437e-16
9.322717393954601e-16
9.325533010602314e-16
9.180992117160876e-16
9.837696428144134e-16
Acceptance rate: 0.3164999999999994
5.381547302264807e-16
5.517028743974535e-16
6.166651157254848e-16
6.511896514737742e-16
6.618702576767876e-16
7.014420370267903e-16
6.57204638083897e-16
6.69989275962952e-16
5.94774817203563e-16
5.868934935204053e-16
5.832984583302233e-16
5.939081687605152e-16
5.700600415570262e-16
5.636070688200014e-16
4.886815246858828e-16
5.886043093045135e-16
6.650985749337191e-16
7.246725084144321e-16
7.316881343755755e-16
7.720257315266786e-16
7.660699901136493e-16
7.589499706603902e-16
8.353716332615768e-16
8.215904625325198e-16
8.328097058639861e-16
8.838533487523929e-16
7.898426443029841e-16
7.592617193869586e-16
8.361155885310699e-16
8.673455601092761e-16
8.434596344810634e-16
8.868202012619329e-16
9.622254504637389e-16
9.974610104700054e-16
1.0349521267036386e-15
1.1468592667987194e-15
1.2070640334826077e-15
1.4234491652106488e-15
1.6353605207141346e-15
1.8752117334386234e-15
1.9968012675254836e-15
2.0839752768636958e-15
2.176363988479632e-15
2.1960828618789423e-15
2.14512874270578e-15
2.101682706761111e-15
1.893891062486338e-15
1.956465229483586e-15
2.409152658899109e-15
2.4563870181644593e-15
2.5436079923010618e-15
2.4479561318054706e-15
2.3414929640454384e-15
2.4906596615889932e-15
2.388844963716483e-15
2.5481674792853987e-15
2.457139876806629e-15
2.512925688507328e-15
2.4838015965186708e-15
2.466573146145563e-15
2.3334334645091336e-15
2.081892959231106e-15
2.261206700983348e-15
2.13780194193262e-15
2.238241494827447e-15
2.3585333737516208e-15
2.5479100156670884e-15
2.818845157582597e-15
2.6395815793185203e-15
2.608587415756731e-15
2.6559522933065607e-15
3.2086057328513605e-15
3.3032356199798525e-15
3.145044554710581e-15
3.0351626086797314e-15
2.707709451076729e-15
3.0377974443190078e-15
2.9760215821649348e-15
3.0625708990269296e-15
2.9838740914664433e-15
3.1259290526544196e-15
3.0162051176522035e-15
3.00688905117922e-15
2.807753474198394e-15
2.5510438294227256e-15
2.5160685466970348e-15
2.3115708053539832e-15
2.4974070299099395e-15
2.536308269613579e-15
2.5787675160627072e-15
2.696798163174922e-15
2.950286621408173e-15
2.646105732248059e-15
2.8498074856277926e-15
2.478029928049913e-15
2.6660059515535744e-15
2.5713420797694508e-15
2.476560672349464e-15
2.2630156344633965e-15
2.3220217943775953e-15
Acceptance rate: 0.3036666666666663
1.3069363220534347e-15
1.33863211056289e-15
1.2281674544201234e-15
1.291435988195144e-15
1.1209370788886543e-15
1.0550138366829044e-15
1.013143799987011e-15
1.194208572326857e-15
1.0904042992807657e-15
1.1042397257921205e-15
1.4417663660243347e-15
1.5528308814596574e-15
1.5350670179027102e-15
1.5012300353495698e-15
1.5375634739528385e-15
1.5253867727441883e-15
1.4864580426035842e-15
1.471805534798712e-15
1.3256280879568039e-15
1.417705656472288e-15
1.4141443651413768e-15
1.4570144264234884e-15
1.4519121335240732e-15
1.3414266638482934e-15
1.2653887917606838e-15
1.1783065403639594e-15
1.2271749891518348e-15
1.2321929433783908e-15
1.1321084750801454e-15
1.0593872337206786e-15
1.0549328296409837e-15
1.167756004789247e-15
1.2292727909015902e-15
1.2719151163889883e-15
1.1907227805898262e-15
1.146757116233784e-15
1.1794864209683666e-15
1.18725789356458e-15
1.1448161635364365e-15
1.2116090381056452e-15
1.176858203621374e-15
1.0604919137598821e-15
1.1086820463414644e-15
1.2033926857305054e-15
1.2909496546141577e-15
1.1856723060630364e-15
1.0605087524918499e-15
1.0971186763614158e-15
1.14848136442718e-15
1.168448305685855e-15
1.2080855805195985e-15
1.3036925469733095e-15
1.3775184612121172e-15
1.5973836355222406e-15
1.5830039789561169e-15
1.5850551896307794e-15
1.4623290237976052e-15
1.5750153898642248e-15
1.6451474938622267e-15
1.4543581730932691e-15
1.5407278240844724e-15
1.5747430655207662e-15
1.658720095820881e-15
1.591083144000647e-15
1.4946775193187665e-15
1.3702698299638196e-15
1.3629426902313172e-15
1.5318354308139034e-15
1.5039209662794817e-15
1.5851186738472345e-15
1.4691634078437359e-15
1.714720905486979e-15
1.6142469627464006e-15
1.57417603460726e-15
1.5366515694308514e-15
1.3909777298282989e-15
1.3168727049001785e-15
1.2005182598939976e-15
1.1544201968028924e-15
1.1442630269396151e-15
1.2882015941001793e-15
1.357716894159502e-15
1.600649657290677e-15
1.5615773380442755e-15
1.5201819862224086e-15
1.470430089647364e-15
1.3886541212146407e-15
1.3597041726171954e-15
1.4527322118587281e-15
1.5515353637799105e-15
1.6004244751574764e-15
1.4027838295460936e-15
1.4507973554174998e-15
1.494387986045496e-15
1.3758153157486077e-15
1.2798502514900224e-15
1.1696376320881383e-15
1.1461133013799285e-15
1.1801256763950838e-15
1.0891417698419993e-15
Acceptance rate: 0.3055000000000003
6.323414869669504e-16
6.134998903317686e-16
6.958367766745967e-16
7.174308357893242e-16
7.226699505826386e-16
7.471655605727345e-16
7.05014867794106e-16
7.495810819007021e-16
6.884420841028716e-16
6.499347846887478e-16
6.588332850894689e-16
6.9703526418168485e-16
6.390418697089749e-16
5.948388203399607e-16
6.06334686065741e-16
6.331171399294038e-16
6.268921610346528e-16
5.936365144843719e-16
6.465474775318147e-16
6.553951927877727e-16
6.925598988325931e-16
7.563240344949652e-16
7.519700083653733e-16
7.920463969582572e-16
7.509016796649848e-16
8.720825007052072e-16
8.971486652662615e-16
9.134457379370387e-16
9.68236428497969e-16
1.1026771418010295e-15
1.1010998399000881e-15
9.79998813730677e-16
1.0360574768461374e-15
1.0755456348805344e-15
1.0491778682707284e-15
1.0165804895436136e-15
1.0398824843689211e-15
1.06316905487688e-15
1.1229063160876818e-15
1.2395401445191885e-15
1.2737247145709426e-15
1.2611632042068838e-15
1.3055761543563774e-15
1.3336650522062295e-15
1.4158765314445265e-15
1.4661458083762706e-15
1.3945060776888377e-15
1.3842424292691254e-15
1.3334921456344439e-15
1.3294963086746514e-15
1.4056314528404119e-15
1.5027419362854113e-15
1.3935357105365421e-15
1.4654135599662167e-15
1.4737321796899861e-15
1.2128892112708192e-15
1.0843850100820725e-15
1.0878582588139766e-15
1.1165640433934181e-15
1.2246359292319627e-15
1.3931908743839727e-15
1.4415752913913628e-15
1.5939550320078077e-15
1.5786672387451694e-15
1.6322425413825448e-15
1.820309014669519e-15
1.931008673059525e-15
1.8850023360962828e-15
1.7080784322258072e-15
1.603362991544598e-15
1.7068026578897544e-15
1.6214926741201461e-15
1.5360103789706428e-15
1.49550335619883e-15
1.4548768847403676e-15
1.774336116586464e-15
1.8454883580473285e-15
1.8529413319963966e-15
1.8086232553802692e-15
1.890783289270353e-15
1.939208933786847e-15
1.940543068189855e-15
1.905605957782312e-15
1.7105648486778993e-15
1.6863798133054744e-15
1.7462727563306963e-15
1.7417766304052245e-15
1.9467010555060216e-15
2.0743413682403225e-15
2.04534101173687e-15
2.0556297909076147e-15
2.2014220709911913e-15
2.5789725808503413e-15
2.6916069829025274e-15
3.4888498033805777e-15
3.350496238396538e-15
2.8201477823843028e-15
2.7808465534012452e-15
2.650046262981039e-15
2.9879885891384007e-15
Acceptance rate: 0.29659999999999975
1.749614543267965e-15
1.5947323878323344e-15
1.5930489693171943e-15
1.6103536514457406e-15
1.6744346935605521e-15
1.6538276362426777e-15
1.7074916515272895e-15
1.7444182385450699e-15
1.5464401861052615e-15
1.877784202333805e-15
1.8778093569553737e-15
1.8564458649863633e-15
1.7706350707502158e-15
1.7511775411675426e-15
1.8536030135296448e-15
1.9465511817932542e-15
1.8577699075325557e-15
2.2660645474324388e-15
2.545879793657198e-15
2.6420131242361298e-15
2.52442300350105e-15
2.3433405256618044e-15
2.440473753037363e-15
2.602961117826095e-15
2.7189699333834383e-15
2.7566946532779393e-15
2.6807283385208925e-15
2.790193919696911e-15
2.650748152603823e-15
2.7592331367190308e-15
3.0175978709084115e-15
3.0689850431863266e-15
2.9119285913974385e-15
2.599966065428619e-15
2.6016092990671016e-15
3.33884100552338e-15
4.189831406182319e-15
4.2999335712982566e-15
4.1300926451163266e-15
4.192431857836406e-15
4.399696893747553e-15
3.764998984445411e-15
4.060532284106471e-15
4.484939634044658e-15
4.77056628617825e-15
4.288911717790838e-15
5.131151193475698e-15
4.607995756236222e-15
4.504166667071283e-15
5.007902944669281e-15
5.279621166683389e-15
4.8064919086891484e-15
4.776617472226482e-15
4.586496986192342e-15
4.744155218952415e-15
4.344428234693271e-15
4.5382990967346986e-15
4.52317848139194e-15
3.872993761581196e-15
4.027697860123875e-15
3.957497568916636e-15
3.878316452526309e-15
4.0775712332405e-15
4.130476946677051e-15
3.882079071867163e-15
4.057783249802578e-15
4.511617718538476e-15
4.361593780325891e-15
3.939466327179391e-15
3.89988393908154e-15
3.8580292888584775e-15
3.800299391363215e-15
3.591300612163259e-15
3.94821683508957e-15
3.916861444337733e-15
3.908989382505594e-15
3.602922962205061e-15
3.581058774627096e-15
3.826041822854218e-15
3.5006969025331164e-15
3.568520409622903e-15
4.295323087057896e-15
3.982800422184997e-15
4.007884800335175e-15
3.8474484392277826e-15
3.603006835435943e-15
3.7745912796984234e-15
3.605634576847584e-15
3.356898125294437e-15
3.4215712146150866e-15
3.90812224664314e-15
3.926890002383427e-15
3.2871159527736953e-15
3.1264551509107596e-15
3.262472096267253e-15
2.922530449673826e-15
2.7829304524168588e-15
2.8865003136057008e-15
2.9525508720982833e-15
2.946189793003181e-15
Acceptance rate: 0.29516666666666663
1.691169139924412e-15
1.5378148936065446e-15
1.3999249854303555e-15
1.2642496107261088e-15
1.2795059576711498e-15
1.4189297127709321e-15
1.2965311592971736e-15
1.2963536356474406e-15
1.3604972507559715e-15
1.1884498159843957e-15
1.2113320458566693e-15
1.310699527588679e-15
1.3254445595606485e-15
1.2293867166633363e-15
1.3443674151977054e-15
1.2908664245610522e-15
1.2891315906743777e-15
1.2334672605811428e-15
1.287213553803298e-15
1.4091406121397865e-15
1.4054142968453722e-15
1.3296887962458543e-15
1.3235436736622327e-15
1.2864561786933638e-15
1.2683278733244583e-15
1.3621656674475417e-15
1.4651410012746825e-15
1.4390795162429357e-15
1.4180118261483876e-15
1.3464223011169914e-15
1.3542261789685478e-15
1.3427364096776725e-15
1.342838095239849e-15
1.362367219843916e-15
1.363943617723591e-15
1.3735335654193936e-15
1.3827785466452116e-15
1.3038092662114929e-15
1.330482331308529e-15
1.3240163106841931e-15
1.53127116474939e-15
1.4112170150311261e-15
1.3646396054105837e-15
1.3786233997697994e-15
1.4858946244328178e-15
1.6768437464735896e-15
1.5188941183069857e-15
1.2945618628685443e-15
1.2977388590987133e-15
1.3526540343960205e-15
1.5302832132361414e-15
1.4187818504166024e-15
1.367450524975716e-15
1.4353932970340223e-15
1.4010847281757286e-15
1.3538757344337154e-15
1.39328430566676e-15
1.7684438770908891e-15
1.7831796470275378e-15
1.74754820194663e-15
1.8019959538716615e-15
1.8037012124168397e-15
1.931919451732515e-15
1.957772535666261e-15
1.9143860217675114e-15
1.7788459983829507e-15
1.8110391794579134e-15
1.8844369644572287e-15
2.179450507764122e-15
2.0462582101959694e-15
1.806815065377695e-15
1.8959192657189122e-15
1.857921651875162e-15
1.8950068176236746e-15
2.136115011853715e-15
2.1895225108012575e-15
2.210037448670379e-15
2.335067431208702e-15
2.573363846588208e-15
2.5457804635055145e-15
2.6084458451537395e-15
2.463208124005399e-15
2.385277018084367e-15
2.38868738565768e-15
2.481236722793739e-15
2.3007802500790204e-15
2.3334367679971272e-15
2.3657354429314553e-15
2.4545560898158003e-15
2.5042490459838036e-15
2.642590970595394e-15
2.648827176645912e-15
2.662611826429223e-15
2.655422530448903e-15
2.6678935155733715e-15
2.627883753691147e-15
2.475716750379148e-15
2.6310640040791894e-15
2.6051026509592608e-15
2.710727224287051e-15
Acceptance rate: 0.29885714285714376
1.634923970431025e-15
1.7745619966603818e-15
1.8221577030823825e-15
2.107371188273294e-15
2.245698727497087e-15
2.241987648143937e-15
2.418411566943135e-15
2.2868809412259285e-15
2.2362680342476514e-15
1.995585101585045e-15
2.2113364434697376e-15
2.517484338842293e-15
2.5683176754690097e-15
2.7639988027661985e-15
3.032288201029924e-15
3.1578298398858695e-15
2.690944763864204e-15
2.667066625452274e-15
2.803557847474936e-15
2.937648569092398e-15
2.7520839383833124e-15
2.6714958906000503e-15
2.4406064975406436e-15
2.6498213483191215e-15
2.8107957431514747e-15
2.618345815627736e-15
2.651639692233121e-15
2.5827016813097825e-15
3.4511481470015606e-15
3.8254161285615804e-15
4.094740858147133e-15
4.246670046691819e-15
4.665649175379119e-15
4.298879559787301e-15
4.681319388340221e-15
4.3188237938587395e-15
4.270820921021911e-15
4.219592247672031e-15
3.8764714770723125e-15
3.731823756344976e-15
3.517977541942542e-15
3.3563121524377146e-15
3.2912161288855665e-15
3.446502793179844e-15
3.652702670582079e-15
3.548295819161186e-15
3.1322822038650584e-15
3.1538437435363058e-15
3.0918703999907327e-15
3.365535700108457e-15
3.478808916449936e-15
3.799323752832078e-15
3.736718987127838e-15
3.716950902585845e-15
3.5426137156761172e-15
3.0670707349400014e-15
3.020284831563096e-15
3.058909752324144e-15
3.615169667932371e-15
3.705236232357455e-15
3.8183075979200325e-15
3.819977842415133e-15
3.928932780622667e-15
3.630896946525362e-15
3.2164390622993702e-15
2.910263833853549e-15
3.054493632058899e-15
2.8833790695765486e-15
2.512215139277248e-15
2.2794166055196847e-15
2.5221490300859696e-15
2.7668309586110773e-15
2.706238731685824e-15
2.9069250294017565e-15
3.017871374313708e-15
3.1931350542284263e-15
3.1315306811050956e-15
3.4975170687465507e-15
3.819978857591139e-15
3.745256505348741e-15
4.0242472082491425e-15
4.097666125890711e-15
4.3122011692416064e-15
3.686521074400282e-15
3.578570696004157e-15
3.380848110048055e-15
3.293168313795315e-15
3.2672419845995177e-15
2.9943008290219576e-15
2.7646893538158824e-15
2.6658409100749735e-15
2.8728223202124935e-15
3.062787512242112e-15
2.8878008210523704e-15
2.5758581402435493e-15
2.6962186560407553e-15
2.8175401187806593e-15
2.852024066377697e-15
3.14414364180112e-15
3.723608762034676e-15
Acceptance rate: 0.2962500000000002
2.249131703029019e-15
2.2922447572531274e-15
2.3386774221392788e-15
2.590981260515936e-15
2.8405613107698757e-15
2.731739297408029e-15
2.6764840954537525e-15
2.607696524814947e-15
2.4251959164498715e-15
2.4339262355824535e-15
2.143650325996397e-15
2.0687477227741216e-15
2.1253476469435475e-15
2.278625876186218e-15
2.1498793004329153e-15
1.903534232525772e-15
2.026632794334854e-15
2.2098998333614415e-15
2.2664945585151337e-15
2.294852485723723e-15
2.076733867842264e-15
2.0638635155632125e-15
2.2216878713925817e-15
2.1707630644149133e-15
2.140627359539345e-15
2.3131275675509437e-15
2.1123798297958312e-15
2.008767559155781e-15
2.0237884246268053e-15
2.0918434618711523e-15
2.0922607840430258e-15
1.9960555834616533e-15
2.1859972275747254e-15
2.1277607458774535e-15
2.220555998307429e-15
2.0927643991292436e-15
2.2401371170019727e-15
2.394720227509063e-15
2.171423049894398e-15
2.021529421078791e-15
1.957776282483356e-15
1.7672314055313839e-15
1.6188337486164843e-15
1.5823482645693404e-15
1.5293977657665572e-15
1.4882998625872892e-15
1.4269630855137994e-15
1.5518083362032649e-15
1.658157200509024e-15
1.5985090604463402e-15
1.5870673178744792e-15
1.643968024597231e-15
1.5824931910765658e-15
1.53744566138037e-15
1.4672582023284677e-15
1.6380275731683631e-15
1.5365654209712026e-15
1.587969837627041e-15
1.4792197944092785e-15
1.4572467312053522e-15
1.470739951272156e-15
1.5541967450126816e-15
1.5260079422573354e-15
1.478423842205069e-15
1.445350478815208e-15
1.3402831128146506e-15
1.3741962059762487e-15
1.587874718092085e-15
1.7752869532330013e-15
1.8389109550719433e-15
1.7884070703982284e-15
1.7493402314233073e-15
1.7103184082970002e-15
1.5949747014296957e-15
1.8889541840092034e-15
1.911975623522798e-15
1.963798987257241e-15
1.9117451103984908e-15
2.0460389224235545e-15
2.3298714540366055e-15
2.4542908617727934e-15
2.6380656351676616e-15
2.4758629797653247e-15
2.5105567198237414e-15
2.326276995393666e-15
2.747820017120904e-15
2.7098969134841425e-15
2.716974495948408e-15
2.901899916157718e-15
2.908329865361869e-15
2.93883146492423e-15
2.7015410211239295e-15
2.4800907408918825e-15
2.999771668711263e-15
3.0379436786334984e-15
2.889759127207963e-15
2.780626535622738e-15
2.579799749872179e-15
2.5031576188087422e-15
2.225950762086908e-15
Acceptance rate: 0.2974444444444441
1.3220204512990532e-15
1.2684470337822564e-15
1.397818375160685e-15
1.3700487627862647e-15
1.5219637240056186e-15
1.5459086474945377e-15
1.529488624267292e-15
1.4518833073852896e-15
1.4555819344896963e-15
1.370867613682549e-15
1.3541654489749176e-15
1.5963302985954606e-15
1.6352156007334316e-15
1.6766458545361542e-15
1.832782543677982e-15
1.8631544662909873e-15
1.8286165852137126e-15
1.9183815926785543e-15
2.0949645626835774e-15
2.126855084031934e-15
2.3552484652198382e-15
2.1665973584997276e-15
2.0434361357451697e-15
2.1436815456046424e-15
1.906230552675499e-15
1.6680181754614657e-15
1.7361517595227497e-15
1.79285710142726e-15
1.8351509321830204e-15
1.795720149212428e-15
1.90749196772937e-15
1.907873580980734e-15
2.0228940291425158e-15
2.2926046679756813e-15
2.2757952901681257e-15
2.3097465205882413e-15
2.294285749984018e-15
2.1320682284096527e-15
2.1656225288434998e-15
2.058474814790426e-15
2.0249014183549883e-15
2.0085669748360435e-15
1.8586216764081285e-15
1.8694118800591336e-15
2.020209291155112e-15
1.9085669720464096e-15
1.821003217426784e-15
1.945312005320406e-15
1.9471662346132064e-15
2.1949803090151627e-15
2.270620645489707e-15
2.129020396316904e-15
2.1977073583616566e-15
2.478847721324189e-15
2.4527833614133904e-15
2.451797586637475e-15
2.745120760230127e-15
2.9446655472269754e-15
2.989244914253509e-15
3.081431766806191e-15
3.143673504691821e-15
3.113299534925811e-15
3.259602705129828e-15
3.667190969906772e-15
3.794839152407413e-15
3.5344532340761657e-15
3.3037561876515553e-15
3.2495799514931215e-15
3.3620964023650087e-15
3.3832742549766808e-15
3.0408469327496696e-15
3.088800721653331e-15
3.3930159118376014e-15
3.2657649095279783e-15
3.562300106257786e-15
3.1382789659180124e-15
2.8942175833905446e-15
2.7593292911808778e-15
3.36887085196975e-15
3.7671358053461655e-15
3.476301792961803e-15
3.4246831379740937e-15
3.542039976865186e-15
3.1401957970863537e-15
2.888349798563184e-15
2.8366901422960624e-15
3.0163986174684035e-15
2.7467741963237542e-15
2.9783641894691007e-15
2.924384200036667e-15
2.6999011158388673e-15
2.735059893547574e-15
2.6257803231792686e-15
2.4233582436319396e-15
2.43257394225737e-15
2.5003245918087913e-15
2.6145237083397297e-15
2.697623453919284e-15
2.601024063494434e-15
2.7254930890169056e-15
Acceptance rate: 0.29545000000000016
Sampling time (10 samples): 5715.6829 seconds
