/scratch/users/yanlan/TroubleShooting/SM_ETwd/Output/AM_PM_ET_199_321_00
5.0738690929384795e-08
2.2998472272953912e-08
1.0835629249309642e-08
5.7867577477440374e-09
3.039227053349401e-09
1.6074686535794928e-09
9.057393029578165e-10
5.234901672204798e-10
3.2202978455921985e-10
1.8203560399908733e-10
1.218765693371017e-10
7.756778196035813e-11
5.2337064601477476e-11
3.25388340975772e-11
2.1547794552267713e-11
1.476067098068771e-11
1.0635905507332958e-11
7.587606603794558e-12
4.95863323979413e-12
3.498134956407862e-12
2.5046648116449605e-12
1.989156528911749e-12
1.6046472190443412e-12
1.1611478951136062e-12
8.511701876277676e-13
6.49486474451042e-13
5.507699513034232e-13
4.620022035632377e-13
4.0774081823807184e-13
3.851601041052996e-13
3.23696353396211e-13
2.6006663347109147e-13
2.001011678300573e-13
1.6248082294411567e-13
1.3770678886915303e-13
1.1270168646536533e-13
1.0129614545867541e-13
9.759333374833836e-14
9.264824051004765e-14
8.27762160717997e-14
8.405175591841369e-14
7.963334878013094e-14
8.068250142392341e-14
6.531876359464649e-14
6.129436709463626e-14
6.342896321664885e-14
5.513020573681039e-14
4.667972699389431e-14
4.523954710460495e-14
3.3773092062977236e-14
2.5764426741917103e-14
2.613799970331484e-14
2.4316818073885425e-14
2.1473379155918714e-14
2.296622690281761e-14
2.28893790529056e-14
2.1747485289872885e-14
2.5317007304201772e-14
2.2466989688589967e-14
1.8584964091007955e-14
1.572373057379873e-14
1.505189352168093e-14
1.3759213345190822e-14
1.3419089922135036e-14
1.2557947376294822e-14
1.4537077715690124e-14
1.3194286249817161e-14
1.294770041531278e-14
1.294137557937937e-14
1.1841534759387452e-14
1.0657315949170566e-14
9.372067940977017e-15
7.592170545022778e-15
6.274724846800855e-15
5.842446647343534e-15
4.903403570203647e-15
4.1810829377676175e-15
4.150447280204661e-15
4.0999277568182044e-15
3.900184803672881e-15
3.977306350299885e-15
3.612413483999074e-15
3.619057314832129e-15
3.531272551719542e-15
3.2292656387555022e-15
3.048053678497372e-15
3.0071572806437518e-15
3.399090339791199e-15
3.1791381932616745e-15
3.092542148993499e-15
2.8945948892889794e-15
2.8119555646003466e-15
4.101279933001824e-15
4.638073822193135e-15
4.3535048575258515e-15
3.7032016909591795e-15
3.3929632778405106e-15
3.088959535916525e-15
2.9024189755897336e-15
2.913713544102253e-15
Acceptance rate: 0.3160000000000002
1.574627935049632e-15
1.6193831663668622e-15
1.5751244939932912e-15
1.5296459196292581e-15
1.683493569080655e-15
1.6033585745318844e-15
1.4091607348929597e-15
1.4117349946291025e-15
1.5339570158503766e-15
1.5526088575219737e-15
1.4369286134642084e-15
1.4023580647751004e-15
1.3818054356551875e-15
1.2685147489552134e-15
1.1891614892108233e-15
1.059885923117053e-15
9.888856631495025e-16
9.293402611831044e-16
8.804317861994667e-16
1.0217441484385936e-15
1.0162962317988025e-15
1.237722824040081e-15
1.2862753217993463e-15
1.4141083262524235e-15
1.4521110647979785e-15
1.4260967633590879e-15
1.2879469678826197e-15
1.2550922788312004e-15
1.1049089914528753e-15
1.377865617997226e-15
1.412380064845886e-15
1.3967528003046837e-15
1.469681520175711e-15
1.2467100488541897e-15
1.2431445902302674e-15
1.1442335890348334e-15
1.1871219942246257e-15
1.247260243150282e-15
1.4611112252000044e-15
1.6600152484395236e-15
1.7245193460274594e-15
1.4777138016222566e-15
1.3580036631951958e-15
1.390819217660192e-15
1.26962709541845e-15
1.2185609731872028e-15
1.1649724184787027e-15
9.819450258037195e-16
9.187718921659846e-16
1.0351537937252353e-15
1.0974397560363567e-15
1.1567106384004513e-15
1.105580039380963e-15
9.962115244739333e-16
1.0387567693504874e-15
9.69728930579275e-16
1.2677140610674608e-15
1.2397710721551601e-15
1.2102158918258354e-15
1.3147177456360288e-15
1.1874031356390475e-15
1.2529155319892154e-15
1.2637380537997285e-15
1.5040998790685234e-15
1.440604721639774e-15
1.5435577400358967e-15
1.7160541867829087e-15
1.98389546218602e-15
1.86752181835958e-15
1.788621000196682e-15
1.5941691087993772e-15
1.5290704120608651e-15
1.3064129751313111e-15
1.3359229872991121e-15
1.2801941127968551e-15
1.3942953244402573e-15
1.413315591579042e-15
1.4058278870441613e-15
1.3335945019394094e-15
1.3984491162775112e-15
1.4447471367161783e-15
1.3452128520692193e-15
1.319347440330444e-15
1.3600310809433253e-15
1.2668809054053162e-15
1.2082490107829019e-15
1.0117316745116394e-15
8.799650256360533e-16
9.038752684423844e-16
9.180945814141381e-16
1.0118569244223335e-15
8.624787623997186e-16
1.1165510898980058e-15
1.006189833612889e-15
9.91188723820956e-16
1.0905714341301166e-15
1.199141927585409e-15
1.0839071383254988e-15
1.3068339020458593e-15
1.2741406313630038e-15
Acceptance rate: 0.3047500000000001
6.938193515767614e-16
5.969725585321386e-16
5.276271182448481e-16
5.451117348393042e-16
4.691571605324089e-16
6.686746618932626e-16
6.9655840195912355e-16
7.536614454003686e-16
7.053857874050376e-16
8.216047414043237e-16
8.275620991541165e-16
7.43405809317575e-16
7.152806980314823e-16
6.391136581506412e-16
5.780978469282568e-16
6.100902970765194e-16
7.103485284680657e-16
7.341884493789325e-16
7.524093250590637e-16
7.679060011501518e-16
8.447975714544057e-16
7.987529431744224e-16
7.864389449142141e-16
8.40148275137895e-16
8.45493872876429e-16
7.841907274944545e-16
6.942187484435687e-16
6.593037241858112e-16
6.312684387574622e-16
6.157953528834369e-16
6.252378513166885e-16
6.898570396038503e-16
6.59675350679625e-16
5.733535213305646e-16
6.351040596934391e-16
5.772454395248117e-16
6.337146223152546e-16
6.2096435099069525e-16
5.157584176160734e-16
5.507697740608142e-16
5.405821945628771e-16
5.281595352606744e-16
5.469513634115055e-16
5.273130172563903e-16
6.422339992164663e-16
6.590198057746812e-16
7.101967155067424e-16
7.340843101548879e-16
7.872476973164499e-16
8.151888256893578e-16
7.991769058523252e-16
8.928939525173844e-16
9.062298415017454e-16
8.88169791934918e-16
9.65358284401045e-16
1.0203970723460223e-15
9.96798914814983e-16
1.1105949885773385e-15
1.0359503213657529e-15
1.1269711025410958e-15
1.175719977329646e-15
1.3279481217722651e-15
1.2454110295149841e-15
1.2148974333764433e-15
1.3237559236227236e-15
1.3054781248516681e-15
1.2987374807629093e-15
1.2904824257421647e-15
1.5362612710031775e-15
1.3935916482562898e-15
1.351357327408e-15
1.3769509957781494e-15
1.3014008270680569e-15
1.2304159670038106e-15
1.5085683883661968e-15
1.440944206148762e-15
1.357535168436459e-15
1.3171816993819876e-15
1.3344282168749214e-15
1.357916658133692e-15
1.3497133301549275e-15
1.3755874721545773e-15
1.4128209674934465e-15
1.346982995571166e-15
1.3511513752709465e-15
1.6807371989352035e-15
1.429841243189774e-15
1.5133128425994762e-15
1.3590744440809743e-15
1.3325961950182443e-15
1.198000356143881e-15
1.1010554623063372e-15
1.1154015499035196e-15
1.005908861865272e-15
1.1241137737026275e-15
9.915706997136661e-16
1.0608880981509182e-15
1.1954829362348347e-15
1.3983668444959568e-15
1.3074762678596322e-15
Acceptance rate: 0.3049999999999986
7.342653074499916e-16
7.325578386056771e-16
7.917875078548237e-16
7.421701364552006e-16
6.9259139124703795e-16
7.360144456528042e-16
7.264731504465907e-16
6.941116866660044e-16
6.684220441012215e-16
6.99875633445332e-16
8.404871101733332e-16
8.974798088184003e-16
8.451169465334616e-16
8.245139666499026e-16
7.558287177496056e-16
6.855945409553204e-16
5.886808398738612e-16
6.648545530590321e-16
7.056009829939112e-16
6.467133667673885e-16
6.32146742711822e-16
7.618638793854501e-16
8.1418917976367e-16
8.714041721209873e-16
8.976494082126678e-16
7.942274584874668e-16
7.946986599104722e-16
8.27730843780532e-16
7.892910579185731e-16
9.496545429073259e-16
1.1557701746355116e-15
1.2124714821457057e-15
1.2614746298815657e-15
1.25876016606048e-15
1.5017395854861674e-15
1.3425330124130372e-15
1.5504887294198876e-15
1.578957623367739e-15
1.3968993487442965e-15
1.2847005362074653e-15
1.4398396748853162e-15
1.3052278546150458e-15
1.1809753215733931e-15
1.1355190841624417e-15
9.79048173525587e-16
9.834928670420256e-16
9.415863997502625e-16
7.862199803454935e-16
8.176969659251401e-16
7.180057211557891e-16
7.296687266137916e-16
8.00718692671505e-16
8.367548385722015e-16
9.721115566493556e-16
1.0495164582688702e-15
9.421147917610185e-16
9.406480187193285e-16
9.82329963001474e-16
9.347503427432652e-16
9.021189195124892e-16
8.043753557310423e-16
7.475090285553094e-16
7.451999687299618e-16
6.668825231711746e-16
6.135815076196129e-16
6.843664988532513e-16
5.638295882003601e-16
6.473224256712793e-16
6.64790025017858e-16
6.315063367574508e-16
6.550050736431042e-16
5.856709134921002e-16
5.242412740424764e-16
5.540934783650334e-16
5.649371153547448e-16
6.238868855944846e-16
5.816921868358452e-16
6.266894600665623e-16
7.219134246596318e-16
6.837090760747066e-16
6.912069051635299e-16
6.372563864546088e-16
6.251495139102838e-16
6.206236420542914e-16
6.53985080583107e-16
6.629217706724129e-16
7.540204210908583e-16
7.435799871223596e-16
7.300168244160382e-16
8.243009929574253e-16
8.851519162162209e-16
9.033316940037571e-16
9.482516096170754e-16
8.932424902901202e-16
1.0139718083496522e-15
1.0590228197017326e-15
1.0303918363417935e-15
9.839779281196233e-16
8.488613717824343e-16
8.488345503149241e-16
Acceptance rate: 0.3042499999999994
4.957306624288646e-16
4.727477754614354e-16
4.449103726114661e-16
4.8019905475833e-16
5.148581303020453e-16
4.937389070789961e-16
5.04025658671723e-16
5.786276166439075e-16
5.877236890875776e-16
6.349181178564214e-16
6.641506176034916e-16
6.470541790731649e-16
5.790892076361311e-16
6.302785382741456e-16
6.423634790544699e-16
7.583969278313969e-16
8.342182596612044e-16
1.0290358357285279e-15
1.0598673723230592e-15
1.180924912908247e-15
1.0594416594179605e-15
1.0145627986443038e-15
1.0312114234207111e-15
9.727905954506607e-16
9.27283608662629e-16
9.467208845839328e-16
1.051989710165469e-15
1.0317928791918244e-15
1.0078140299373131e-15
1.1120851781342505e-15
9.929655955974839e-16
8.982053309002442e-16
8.7385310169827605e-16
8.836069316008394e-16
8.582319718266102e-16
8.558956848220984e-16
9.517690781263288e-16
9.44734983573326e-16
1.0217643293634353e-15
9.958635775191249e-16
1.0797537952873753e-15
1.318175249255492e-15
1.4711458320163859e-15
1.5238119147955395e-15
1.4793201901575193e-15
1.3395180112251898e-15
1.358446380543444e-15
1.2941176569025718e-15
1.257807825888315e-15
1.2046206242286007e-15
1.2923101419703261e-15
1.2376359200505146e-15
1.136997179911606e-15
1.1006990956408088e-15
1.1309290211970708e-15
1.0527285067623227e-15
1.1216991861382287e-15
1.2532943458596828e-15
1.1275012240728461e-15
1.061657772315797e-15
1.057455589161051e-15
1.103746403754173e-15
1.130716706743016e-15
1.0998370298711787e-15
1.0383747338500888e-15
1.1249217075113525e-15
1.0358430861513903e-15
1.0150121838083592e-15
9.62615434604573e-16
1.0318829247459298e-15
9.928373738371246e-16
1.136679195130964e-15
1.2066562578147057e-15
1.2173846751169212e-15
1.3195124325882459e-15
1.2978502761450098e-15
1.1858895819067171e-15
1.05788829704707e-15
1.181482809176444e-15
1.1302346071510436e-15
1.1524183299942821e-15
1.01864035411985e-15
1.1338469712417998e-15
1.1279908449593623e-15
1.210403491575094e-15
1.2760235278504116e-15
1.2813185649654374e-15
1.1850981322427631e-15
1.1868360705342885e-15
1.1797718638773716e-15
1.1620820532383089e-15
1.1426933138625888e-15
1.0554569333548741e-15
9.823653267434775e-16
1.0030413741338863e-15
1.0218033497717922e-15
1.0138865067187455e-15
1.1886240971547586e-15
1.1967256938910825e-15
9.964989264793003e-16
Acceptance rate: 0.2973000000000009
5.770423166636586e-16
6.025527183213713e-16
7.271993667381177e-16
6.902095175427932e-16
6.397999680866634e-16
6.5031269648030155e-16
6.139835203956621e-16
5.78799847890082e-16
5.308454636863916e-16
4.879775870716388e-16
5.238578530515343e-16
5.962591384627426e-16
6.53352917085897e-16
6.667447818125925e-16
6.111759331106545e-16
5.653170932750529e-16
5.527488872175433e-16
5.650915290008995e-16
5.276881301227538e-16
4.693016321582935e-16
4.441948512044909e-16
4.3006878098363966e-16
4.483711166383457e-16
4.2556245063998166e-16
4.645106815820731e-16
4.554521947826027e-16
4.1130346027500694e-16
3.816232894804067e-16
3.895933666120516e-16
3.7468850296970164e-16
3.799258939248944e-16
3.361295765335171e-16
3.153335808127106e-16
3.4441163331472643e-16
3.600134714132935e-16
3.790760759496694e-16
3.578998540589266e-16
3.544970631330278e-16
3.425798749740835e-16
3.4808294015724344e-16
3.4119200702551886e-16
3.3294772119523785e-16
3.5909302910023697e-16
4.1144851452566684e-16
4.3189948453444917e-16
4.274207647632895e-16
4.563676523896178e-16
4.499411454217116e-16
4.612104127426324e-16
4.107795451731945e-16
4.590339516727822e-16
5.178767776099169e-16
5.257429978170297e-16
5.066688156998145e-16
4.691307916390567e-16
4.006759698080638e-16
4.255224007150254e-16
4.430684760952962e-16
4.373821193138463e-16
4.61766468593588e-16
4.526118452801418e-16
4.873997261446527e-16
4.856747351893212e-16
5.177051706594381e-16
5.472948516318307e-16
6.578310607514262e-16
7.321819492333039e-16
7.458520594656828e-16
6.884478306187665e-16
7.253063781234745e-16
7.756477259494631e-16
7.838686848149627e-16
8.826508437980608e-16
8.338083211465215e-16
9.604900056714139e-16
1.0136935363399781e-15
8.888178972977121e-16
8.459377239291352e-16
7.246981275436959e-16
8.103973623094898e-16
9.30197892862541e-16
9.645026383479197e-16
1.02014623894275e-15
1.099261885088676e-15
1.038748977150325e-15
1.0242015095083873e-15
9.637973132100487e-16
9.749408033650192e-16
9.504851009199182e-16
8.852427522722916e-16
8.548208096821897e-16
9.885676876227328e-16
1.0116326675588289e-15
9.406294408927178e-16
8.842269905996638e-16
8.657231127512494e-16
8.252954779153289e-16
7.999662484058996e-16
8.152316529947813e-16
8.999656562949403e-16
Acceptance rate: 0.2966666666666695
5.362637188587699e-16
5.82654718539077e-16
6.495327566737798e-16
5.848693817878079e-16
5.838475528222005e-16
6.4645351358858135e-16
6.105777903461826e-16
7.052494861151102e-16
6.546859664833305e-16
6.711797752499415e-16
6.598697111966979e-16
6.542819184841701e-16
7.215372978272398e-16
8.651544486722056e-16
9.24294896169716e-16
9.824522802216752e-16
9.635909096821654e-16
1.0575217961596783e-15
9.933998445425506e-16
1.1027064680344834e-15
9.756103947258876e-16
1.0408694804543393e-15
1.036974972080463e-15
9.519264526265492e-16
1.0179644661501719e-15
1.1140503404422975e-15
1.1447085226382728e-15
1.0974782812281808e-15
9.778607375676566e-16
9.029244060583144e-16
8.97021759177177e-16
1.0329397309155536e-15
1.125279278713801e-15
1.2413260649042383e-15
1.1305601214446983e-15
1.21111730449955e-15
1.2109147261021179e-15
1.2809625261770984e-15
1.4214007527310507e-15
1.4312610335709833e-15
1.3668961462864285e-15
1.4805005675674882e-15
1.3797935880638885e-15
1.2679944360199103e-15
1.2399231811166899e-15
1.1659817122759254e-15
1.1781863210780019e-15
1.1701054530305137e-15
1.143491187758248e-15
1.1642148528187067e-15
1.1543887038659857e-15
1.0337736228180413e-15
1.0140887352384885e-15
1.0822591893223836e-15
1.1069479158661144e-15
1.047963563082525e-15
1.1723400430777195e-15
1.3465584566242765e-15
1.3403914679307155e-15
1.3308061598847866e-15
1.2292038147366767e-15
1.4061740300890324e-15
1.36033607332199e-15
1.4255556643822876e-15
1.282892446467456e-15
1.411684683112054e-15
1.4933064450765529e-15
1.3104275481834828e-15
1.2375944556047274e-15
1.3500251612650482e-15
1.438564929826685e-15
1.4071880142833318e-15
1.3852899020434936e-15
1.476397812357121e-15
1.487174020285512e-15
1.5111929918102716e-15
1.4968734929317666e-15
1.339150192124824e-15
1.5248489488465963e-15
1.347304648167301e-15
1.396617653747789e-15
1.47373906506325e-15
1.6330979706808956e-15
1.7153798581906182e-15
1.7671712711031396e-15
1.890465365424341e-15
1.581391628901664e-15
1.618922115247109e-15
1.6286518297297584e-15
1.8322761899215546e-15
1.6894431505951604e-15
1.7569593384578653e-15
1.7673592526047096e-15
1.8041059103773118e-15
1.8363968964414455e-15
1.7191572930990484e-15
1.6449877729683362e-15
1.513400279904455e-15
1.4787844436804045e-15
1.460413908024382e-15
Acceptance rate: 0.29507142857143
8.89786991133346e-16
9.13043600017425e-16
1.1052540242439033e-15
1.1137307680430815e-15
1.1151566147161059e-15
1.0746157764724807e-15
1.2954613774772872e-15
1.3486791544925376e-15
1.3264817382308847e-15
1.3361922435833935e-15
1.4537367396226681e-15
1.6063011985224297e-15
1.6089597093059648e-15
1.5117371148169463e-15
1.630359072928102e-15
1.784976800892887e-15
1.6681980416823657e-15
1.5698346857844512e-15
1.5412199370117198e-15
1.4065476938201222e-15
1.3733968495292786e-15
1.3131439814486221e-15
1.3497668518933717e-15
1.5618176558595748e-15
1.6538643234362562e-15
1.508197856333373e-15
1.6171309689655205e-15
1.4246693292342082e-15
1.6255052582568633e-15
1.524132301696491e-15
1.4334061775928044e-15
1.740656439522012e-15
2.168335969906488e-15
2.075206435132286e-15
2.2688050838038873e-15
2.293609748748243e-15
2.137940249628681e-15
2.4251884295433092e-15
2.7315976540509657e-15
2.6662645065343664e-15
2.5957976660760135e-15
2.471930745402999e-15
2.3987906963958574e-15
2.41434445966031e-15
2.462423296646931e-15
2.3815222966163414e-15
2.3718765784129188e-15
2.3219030665380425e-15
2.3306854233017434e-15
2.6568694444790842e-15
2.4897267721380707e-15
2.4215841081687957e-15
2.780681598183422e-15
2.8179762881526735e-15
2.698382353844131e-15
2.626183433717773e-15
2.6393111237623795e-15
2.4176400233555137e-15
2.1213910422540033e-15
1.938586958603514e-15
1.976355124523422e-15
1.946629868322729e-15
1.910473525313306e-15
1.7379878190387243e-15
1.8359414065344924e-15
1.6238785685189954e-15
1.7054879685865863e-15
1.6679063325936151e-15
1.879220275370083e-15
1.811805878346175e-15
1.801316627474917e-15
1.8894575893320906e-15
1.7111332386514487e-15
1.963465205630739e-15
1.784955210967608e-15
1.788196516687192e-15
1.7509282630857471e-15
1.8257246602566563e-15
1.7947334730635848e-15
1.6328864689377097e-15
1.708207757615511e-15
1.6462065140973238e-15
1.7272802545156768e-15
1.9012224079746325e-15
1.9825313037992867e-15
1.99862121985999e-15
1.9896101795578375e-15
2.1032177450612195e-15
1.844611779774616e-15
1.815382232206873e-15
1.6784646834882011e-15
1.6136032226837299e-15
1.5804554069831329e-15
1.5024692263057706e-15
1.4072603490476803e-15
1.4841710211748614e-15
1.4946502234852692e-15
1.6331127447699998e-15
1.6366590714112734e-15
1.5514777333635358e-15
Acceptance rate: 0.2955000000000013
9.440472936574527e-16
1.137661163570735e-15
1.1881269038362237e-15
1.1244013245244297e-15
1.0675630373408575e-15
1.0862854955188612e-15
1.1852921384073703e-15
1.1920451779065832e-15
1.3771373156742132e-15
1.4635484424032154e-15
1.3626477298450712e-15
1.3525124570846688e-15
1.352974316965814e-15
1.3424029842862074e-15
1.4520695252194444e-15
1.5067870444133887e-15
1.6078742099413534e-15
1.7849924530408207e-15
1.8996365945352277e-15
1.9504599428686195e-15
2.1426777284114072e-15
2.359600419000279e-15
2.299011517309882e-15
2.219733315737327e-15
2.1531958655908398e-15
2.181325127859672e-15
2.1438960003991127e-15
2.149358481995437e-15
2.0881455132155267e-15
2.1482920908730577e-15
2.2592205352283223e-15
2.4430550328044404e-15
2.5267271059215068e-15
2.402801994492492e-15
2.2288204530143197e-15
2.139104582061976e-15
1.982133748010461e-15
2.1415292620800815e-15
2.1679212595839683e-15
2.103079514853089e-15
2.2313037726411666e-15
2.2368010133651696e-15
2.3562294290211066e-15
2.4474064423419524e-15
2.568567421962522e-15
2.355109862366631e-15
2.1739929268275157e-15
1.9771607613831207e-15
2.013177673852186e-15
1.8724155121614964e-15
2.062530838588148e-15
2.0319704964244707e-15
1.975000366055831e-15
1.8998694746716863e-15
1.786912562479851e-15
1.8846793858610837e-15
1.733210788808934e-15
1.5529114244723991e-15
1.3957602335157939e-15
1.4337091311528038e-15
1.4397346957312257e-15
1.4760989432606635e-15
1.4598820918103153e-15
1.2956686983478843e-15
1.1534138147591111e-15
1.1216672860081692e-15
1.1503005764845669e-15
1.1076573183516341e-15
1.1455069730789305e-15
1.2814086205074836e-15
1.241513165039736e-15
1.160177535678806e-15
1.0490241623798923e-15
1.1174184727795875e-15
1.076052838691522e-15
9.87462020955941e-16
9.51090912884719e-16
1.0208690449279525e-15
9.18432722967478e-16
8.295395001745104e-16
8.634128353813589e-16
8.386044061765593e-16
9.259114495051064e-16
8.851912068614e-16
9.04739524486357e-16
9.58571893610331e-16
9.161151148435836e-16
1.0480526892426873e-15
1.0237872314592482e-15
1.0402362740760512e-15
9.718370977194482e-16
9.4081548746534e-16
1.0237612201227626e-15
9.723630491613311e-16
1.0424811947945794e-15
1.0164550567694945e-15
1.2393623910194817e-15
1.1853519393708184e-15
1.2058776681846542e-15
1.1350583999617618e-15
Acceptance rate: 0.29394444444444506
7.004747224984568e-16
7.465623706288929e-16
7.939457782254829e-16
8.071979528810021e-16
7.747721471695319e-16
7.706850735417673e-16
7.52339351932932e-16
7.46162919956464e-16
7.570341291472695e-16
8.37316700323899e-16
9.260134902087066e-16
8.772508844089182e-16
8.523030495917026e-16
8.398134161783629e-16
7.722390173054609e-16
7.686281557747642e-16
7.9193597517636e-16
8.10985684005536e-16
8.548214108462405e-16
7.759107123401355e-16
7.770049527400842e-16
8.103691209397214e-16
8.418922878698001e-16
8.51507654389699e-16
9.159847241144822e-16
1.0674881082593227e-15
8.940857900812723e-16
8.230193679060475e-16
8.204933689190944e-16
8.576104594649183e-16
8.44595850011939e-16
9.039276658675633e-16
8.221265961380222e-16
8.962322426118638e-16
9.372912536944473e-16
1.0131665312744045e-15
9.448088718401871e-16
9.065785927522867e-16
8.617769534420165e-16
8.592297972222432e-16
9.348543516214898e-16
9.67304342676804e-16
9.721371014623004e-16
9.338491976696662e-16
8.409842865497255e-16
8.825557411997106e-16
9.187844247011116e-16
8.943624126953665e-16
9.153765883045755e-16
9.108851211488128e-16
1.102512921512362e-15
1.2012554091927614e-15
1.1980335158074984e-15
1.1508836496919772e-15
1.3390163378314642e-15
1.340838523559702e-15
1.3462119019796428e-15
1.3186840229582862e-15
1.2574987199550792e-15
1.2380302286222705e-15
1.2006028087823846e-15
1.2153291576554753e-15
1.1759259087391318e-15
1.0973115646608052e-15
1.1015532410032425e-15
1.0016029758521585e-15
1.1239779618520197e-15
1.1701450367273188e-15
1.2424341800012073e-15
1.1776202146756442e-15
1.0968222976494131e-15
1.1109385458852328e-15
1.0839303237029892e-15
1.2529152719186495e-15
1.2642342237909277e-15
1.4206238534750278e-15
1.5051312957704428e-15
1.608298839830563e-15
1.583118085110366e-15
1.780126687840207e-15
1.825256167930925e-15
1.6051429658876886e-15
1.5057791435641183e-15
1.7630279036657843e-15
1.8638111174566517e-15
1.6828587458206214e-15
1.7476743243763103e-15
1.6190615167182367e-15
1.7323616808581585e-15
1.7137515305972628e-15
1.577417870363529e-15
1.6804796270365601e-15
1.8499095074698862e-15
1.6247793698059142e-15
1.7432921478510046e-15
1.7146433907634392e-15
1.7093593264302866e-15
1.6272672410399832e-15
1.4657997770817044e-15
1.2931325018049882e-15
Acceptance rate: 0.2922500000000012
Sampling time (10 samples): 5319.9540 seconds
