/scratch/users/yanlan/TroubleShooting/SM_ISO/Output/AM_PM_ET_202_357_00
5.104366370273942e-08
1.9649361548153585e-08
7.732760740880454e-09
3.59111131010068e-09
1.7788154707899223e-09
9.519258450687373e-10
4.907198613448147e-10
3.1162675146656857e-10
1.6734848044925068e-10
8.946385755200832e-11
5.132876357815788e-11
2.8541913585929007e-11
1.699317224663497e-11
9.013202152455398e-12
5.372636732904231e-12
3.5081866175917166e-12
2.369119682463402e-12
1.6055691796512337e-12
1.2007119869892172e-12
8.048881427638425e-13
5.603506215048943e-13
3.8656479497958163e-13
2.6757369350016636e-13
2.024342803165982e-13
1.3432532425850884e-13
9.870895634129708e-14
7.057467004027391e-14
6.874692007115981e-14
4.865518917823405e-14
3.3758566971570727e-14
2.1900049764329247e-14
1.6401542035816524e-14
1.1809235216882079e-14
7.544161563947639e-15
5.157541008248584e-15
3.840856320704877e-15
2.660204279098466e-15
1.7153554868000401e-15
1.3351699035019425e-15
1.0223845734375626e-15
7.327935686408366e-16
6.184727478943484e-16
4.709854435436441e-16
3.9462939213652196e-16
3.907764799599933e-16
3.644853218652608e-16
2.9487987499729243e-16
2.780767323003266e-16
1.991084829697711e-16
1.8624994692295353e-16
1.6600993016427592e-16
1.2474628528530304e-16
1.1775702022344244e-16
1.0201234628974072e-16
7.157268939360981e-17
5.337770811515455e-17
4.364185067898246e-17
3.8555155917703814e-17
3.149417404503733e-17
2.534193650199886e-17
2.6278441299501708e-17
2.886748238724943e-17
2.519639537104761e-17
2.5110685438177094e-17
2.2225163813096314e-17
2.0376326509928725e-17
1.8443953442962104e-17
1.921828913084813e-17
1.71786596802052e-17
1.7076911698522408e-17
1.6039481557840308e-17
1.3931727514463194e-17
1.3704780975218222e-17
1.1558616188327443e-17
9.982394242073899e-18
9.696112726168534e-18
8.070932883925264e-18
7.281213996640447e-18
7.016568300418102e-18
6.981974578709888e-18
7.388945340344066e-18
7.134542121806237e-18
5.7558916261181194e-18
6.7080942648981596e-18
5.2032488305300326e-18
4.8998274830638855e-18
4.208931011009239e-18
3.944237497274446e-18
3.2357148226644268e-18
3.1372843944093556e-18
2.5000344024987803e-18
2.4459414235221158e-18
2.4179550000304665e-18
2.4286185834982626e-18
2.3959259472557227e-18
2.162351617862143e-18
2.1948465538988147e-18
2.133022034695787e-18
2.5144945916651187e-18
2.3090921760224226e-18
Acceptance rate: 0.1575
1.2462223104066965e-18
1.3121455896132613e-18
1.325416073451689e-18
1.6364793212685839e-18
1.8146763769466867e-18
2.1008955701480686e-18
2.2678668256739334e-18
2.3300742562464775e-18
2.1586203054917882e-18
1.893747793642419e-18
1.7733066010397333e-18
1.896937968260007e-18
2.1242568045890875e-18
2.170427235473579e-18
2.3241219543921884e-18
2.4076884854277405e-18
2.1440334379579773e-18
2.2645831837200928e-18
2.1415445266162686e-18
2.1455672616865423e-18
2.0355113342478783e-18
1.946672084423552e-18
1.6111877513788061e-18
1.3499764846537606e-18
1.547157184713684e-18
1.4811998614442332e-18
1.578988475986103e-18
1.7217714144652155e-18
1.6403998274204034e-18
1.7104656644620212e-18
1.6303381042275619e-18
1.9243918897698823e-18
1.873594095419231e-18
1.6932401401008221e-18
1.5641838715734547e-18
1.5346836441332496e-18
1.5364980329223615e-18
1.4121169738986967e-18
1.5679061120198547e-18
1.7211784587913882e-18
1.7529127018141966e-18
1.819969672417188e-18
1.8933462486614043e-18
1.7256793377931068e-18
1.808112679527286e-18
1.6933278447424651e-18
1.6632838502633339e-18
1.710176921689736e-18
1.7133501751055269e-18
1.7148768832424695e-18
1.972709092175393e-18
2.134866238591116e-18
1.9673785228969972e-18
2.0427000693047723e-18
1.7095045166407012e-18
1.7145154328586686e-18
1.6098384352033317e-18
1.835573161356762e-18
1.863840793492712e-18
1.6447220810664805e-18
1.5946706760349356e-18
1.525416538182119e-18
1.4389890674205246e-18
1.4133573534247245e-18
1.3892142443570032e-18
1.441009806210062e-18
1.2714879202300078e-18
1.230985954523904e-18
1.3317052678366074e-18
1.197714889128355e-18
1.279461208098642e-18
1.2827824428369366e-18
1.256488567952481e-18
1.1668396781423503e-18
1.1951148818530143e-18
1.2456496270227952e-18
1.2834733155890718e-18
1.292910840084494e-18
1.2856416501421896e-18
1.3024277335588482e-18
1.7445371594266152e-18
1.850223022913779e-18
1.7031716166533546e-18
1.649575447156274e-18
1.3561994284660704e-18
1.3479287342448752e-18
1.3171314480165247e-18
1.4152095033286885e-18
1.3360478215144822e-18
1.865011676881276e-18
1.7261473878102683e-18
1.8498182315432366e-18
2.2664144253833583e-18
2.1895003347196846e-18
2.3689972146615976e-18
2.175440666954485e-18
2.5292739151303044e-18
2.760115941864418e-18
2.9270894344591655e-18
2.8445700847299724e-18
Acceptance rate: 0.19725000000000006
1.574601341236519e-18
1.5920500221617149e-18
1.5831460718672258e-18
1.7730206073749945e-18
1.9784676215663474e-18
2.2676118399817695e-18
2.5357434385616517e-18
2.5796273425408374e-18
2.404174024953575e-18
2.659819576678979e-18
2.5641967531416338e-18
2.4159385272432463e-18
2.6141931973321436e-18
2.692968066688237e-18
2.439508623945457e-18
2.508896046841791e-18
2.7097997885911473e-18
2.8212972204699156e-18
3.0956251610401803e-18
2.9771436552438107e-18
3.053164904497211e-18
3.2455755985419242e-18
3.8131337220088295e-18
3.712096277989407e-18
3.695780251238897e-18
3.261945555503064e-18
3.3494867422874156e-18
3.807000380558861e-18
3.615636201617579e-18
3.786970665628544e-18
3.980559850787924e-18
4.1552498214249224e-18
3.949380370715458e-18
3.681724511589345e-18
3.6873099257500575e-18
4.127167857941781e-18
3.994733286484871e-18
3.810673197571154e-18
3.574205096324986e-18
3.300006659188817e-18
3.614957462999934e-18
3.6353694184286595e-18
2.819507008129598e-18
3.0109341689460424e-18
2.617499493187657e-18
2.6600899140199072e-18
2.7005915079649726e-18
2.6043230721267744e-18
2.3787884982770325e-18
2.218970993635601e-18
2.466067605527865e-18
2.5047935515223554e-18
2.458906832367762e-18
2.721453077707143e-18
2.5301946139626037e-18
2.4583474134682516e-18
2.615541421604366e-18
2.242822145984418e-18
2.477928467801556e-18
2.2317370529171264e-18
2.0953047475308175e-18
2.3327261432895052e-18
2.233309775453945e-18
2.6169191296214507e-18
2.5721649324368135e-18
2.7127170986466094e-18
2.532126714529253e-18
2.4920688956844244e-18
3.096764187514314e-18
3.045738454319046e-18
2.84424877674827e-18
2.534468152704903e-18
2.3498329281326446e-18
3.2436685786397047e-18
3.471653445890632e-18
3.786668795577871e-18
4.1631079189666175e-18
4.15022662966845e-18
3.899542228234341e-18
4.046657733418524e-18
3.5242252815388944e-18
3.3203300226070032e-18
3.6488707833888e-18
4.300833379260398e-18
4.3300666996218745e-18
3.794942216553042e-18
3.631396003736663e-18
3.793155365054794e-18
3.581687327755928e-18
3.767196149311942e-18
3.774940675526674e-18
4.579546499999504e-18
4.650861548154775e-18
4.48004660395707e-18
4.745841114356111e-18
5.076251120138541e-18
5.241613649763948e-18
4.593683947167458e-18
4.5090944550548785e-18
4.387949921743766e-18
Acceptance rate: 0.21599999999999978
2.4480595864703563e-18
2.595240230740394e-18
2.3915675931404794e-18
2.2734841355230344e-18
2.0194849230346825e-18
2.0257129189898107e-18
2.1779157450461178e-18
2.1953509838094738e-18
2.4523416364700602e-18
2.4761042513362627e-18
2.9831473286396404e-18
3.094575348980659e-18
3.137823290616251e-18
2.9277606947196186e-18
3.2230877101448866e-18
3.204631708041095e-18
3.644937501068454e-18
3.582572943320044e-18
3.486671223398965e-18
3.236482885090041e-18
3.4301059845301023e-18
3.2607093638667087e-18
3.14124247145233e-18
3.4411733289543538e-18
3.48358613807403e-18
4.2038122314564814e-18
4.104933764155654e-18
4.477435424361891e-18
4.281189366652612e-18
4.214670735781311e-18
3.912072480017659e-18
3.4845610235995194e-18
3.294872101037426e-18
2.8728813424586564e-18
2.9107648325675856e-18
2.8391628501190325e-18
2.8196499194662955e-18
2.941220129055295e-18
2.6813517825980536e-18
2.6882615455821747e-18
2.8714054290880483e-18
2.930090700131023e-18
2.5699483828962625e-18
2.8066989764040883e-18
2.6312433020200885e-18
2.6173665225638037e-18
2.775028906910557e-18
2.6029896588376703e-18
2.583338536999269e-18
2.6952049296842657e-18
2.592397304381618e-18
2.4691244011615304e-18
2.4890925825338333e-18
2.3872721818408632e-18
2.4819039755034417e-18
2.195658650282854e-18
2.4230500404710427e-18
2.48798663375415e-18
2.68911140010531e-18
2.5559970482096885e-18
2.5862187556525006e-18
2.5826942125911495e-18
2.2651950584736003e-18
2.1302170242461393e-18
2.1355326011062436e-18
2.2135665177191815e-18
1.9782315109073036e-18
1.894279281820755e-18
1.7624022130303214e-18
1.6549627537327428e-18
1.9799842205935387e-18
2.022183896809977e-18
1.8250993206864172e-18
1.6457970205623007e-18
1.6746802111764068e-18
1.9724485190649903e-18
2.108792669184374e-18
2.00017676203802e-18
2.1306807858373846e-18
1.948897281553633e-18
2.0964210098319205e-18
2.612422962428886e-18
2.7156194314619146e-18
2.57610417948242e-18
2.807867175327763e-18
2.921033747784277e-18
2.6763031779348724e-18
2.3684637788935396e-18
2.8018129365786946e-18
3.039782348589861e-18
3.3084259958154978e-18
3.3654818940470655e-18
3.465421860587848e-18
3.5644089824556406e-18
3.420146250811485e-18
3.31079806319433e-18
3.4539823984815344e-18
3.272190489810475e-18
3.559030851713035e-18
3.712748734411204e-18
Acceptance rate: 0.23450000000000018
2.2393217558932014e-18
2.7360412831163768e-18
2.886707092826362e-18
2.7114304765803265e-18
3.1031598886343448e-18
3.285652603681746e-18
3.2988231973410562e-18
3.3291174952976258e-18
3.1667974147208864e-18
3.627822227698745e-18
3.500907537017239e-18
3.547782943698458e-18
4.061994925906013e-18
3.823302303952043e-18
3.3855596660237844e-18
3.498726175322489e-18
3.353867389055747e-18
3.615592247708155e-18
4.039683242940994e-18
3.64954446284402e-18
3.867043532522845e-18
3.764445864605703e-18
3.5183664211243895e-18
3.5411945466807105e-18
3.703477431933818e-18
3.3858991249628146e-18
3.595110070622737e-18
3.583820213823696e-18
3.4067380293815544e-18
3.791345143127849e-18
3.578439057100814e-18
4.259750950633045e-18
5.416009731561391e-18
4.92226651119424e-18
5.023643380549307e-18
4.9595279246962415e-18
5.097757974555143e-18
4.645521079151194e-18
5.0269168433860624e-18
4.529207456412368e-18
4.458955720690622e-18
4.877724331039986e-18
4.77620316616114e-18
4.615607789010945e-18
4.500431661189844e-18
4.8510213973940956e-18
4.807867372342352e-18
5.5976052255118095e-18
5.13250280726573e-18
4.4461468951896675e-18
4.290935912146069e-18
4.222561499551507e-18
4.754228985039593e-18
4.81545600290355e-18
4.6837446461336244e-18
4.043879656510734e-18
4.554213647880002e-18
4.319437015301116e-18
5.070362209527503e-18
4.624509997740057e-18
4.264644818364187e-18
4.261908027244453e-18
3.999870720620906e-18
4.7388297861537606e-18
4.7087657364956844e-18
5.186368468097623e-18
5.004280510506673e-18
4.8919764709164115e-18
4.72745909772828e-18
5.156189058659449e-18
5.1832747180478735e-18
5.299382178406869e-18
5.279543913534649e-18
4.97184848058668e-18
5.006125679022114e-18
5.7401002495881455e-18
5.550319771579958e-18
5.046129676253845e-18
4.199533690824039e-18
4.240845956245325e-18
5.077101604180614e-18
4.9546652475281875e-18
5.5775255442815795e-18
6.127272232790522e-18
6.076883115295811e-18
6.448557539762929e-18
7.544016882626334e-18
8.304270134226773e-18
8.498413611134159e-18
7.802990705398341e-18
6.8411763849461555e-18
7.356732227973063e-18
6.924963444166669e-18
6.469969478190835e-18
6.200992882662789e-18
6.411461352615468e-18
6.317537237654361e-18
5.857803038481161e-18
5.8587303219254405e-18
5.262885289379821e-18
Acceptance rate: 0.2369000000000003
3.0634542743023723e-18
3.0339321727059253e-18
3.013005237549742e-18
2.9673047209286837e-18
3.0037033836987982e-18
2.969459628333023e-18
3.0902795099586248e-18
2.934816694831281e-18
2.9711504219805166e-18
3.031567753755477e-18
3.144645025079114e-18
3.052705005320989e-18
3.0488263551230186e-18
3.2246325047682286e-18
3.4212368421901223e-18
3.067014997258295e-18
2.875931599893576e-18
3.053262445494443e-18
2.9743018526033334e-18
3.1049552370537498e-18
3.3571150496636805e-18
3.2400817408885597e-18
3.162693916739503e-18
3.2099529456077934e-18
3.4334700617302866e-18
3.950274523030135e-18
3.805059380077371e-18
3.676921771328152e-18
3.2945147499839102e-18
3.140330995907519e-18
2.9614169814312798e-18
2.5915508905836537e-18
2.559232330053891e-18
2.3380900882366358e-18
2.4493445381842994e-18
2.4301161348250857e-18
2.4770049463721343e-18
2.345669582667495e-18
2.4057555690602437e-18
2.6096139530211646e-18
2.666593479419662e-18
2.6587913384806e-18
2.864717120872601e-18
3.221289377770924e-18
3.0255675813640767e-18
3.245393945625931e-18
3.5520542169218244e-18
3.667748576300279e-18
3.577722859217525e-18
3.4865991752431676e-18
3.226399616197368e-18
3.209086018227622e-18
3.3037849448263966e-18
3.843301908165186e-18
3.38508778783637e-18
3.3759167523228916e-18
3.848826359820588e-18
3.673186851305461e-18
3.888767605197507e-18
3.877550872525846e-18
3.950949379322556e-18
3.883703803319344e-18
3.634393053327641e-18
3.5888298701394855e-18
3.1780675737042956e-18
2.8183479284904938e-18
2.5007079882394387e-18
2.2704762665115864e-18
2.577383534130234e-18
2.5069454839029264e-18
2.3310514158928375e-18
2.0583639227719052e-18
2.2312852990395494e-18
2.0536507675182563e-18
1.7981854687196844e-18
1.7091184533405475e-18
1.7376545930275526e-18
1.6133019657504426e-18
1.7602756953075336e-18
1.9779745563411472e-18
2.1949721325605687e-18
2.3394920150912556e-18
2.1397500727327637e-18
2.2464053861045782e-18
2.0415064964011466e-18
2.176056853158403e-18
1.9952346153296764e-18
2.0190598951040825e-18
2.2043386639569903e-18
2.071198244309694e-18
2.122148314219132e-18
2.36014694326158e-18
2.3497720076160228e-18
2.3370231653520103e-18
2.1910082495782263e-18
2.1394410978605538e-18
2.3957156581862857e-18
2.3271353472066523e-18
2.3084563525855443e-18
2.4404668564186965e-18
Acceptance rate: 0.24100000000000002
1.4822475257174656e-18
1.3782599325359385e-18
1.276653136326208e-18
1.3053266253494095e-18
1.3770530719478545e-18
1.5563076578315902e-18
1.679984404763956e-18
1.6088554130825032e-18
1.512499668153079e-18
1.4511463281606346e-18
1.5350167738489542e-18
1.3730592029582814e-18
1.3723964362346671e-18
1.3621327771277864e-18
1.464192610940429e-18
1.4295848450283197e-18
1.3857561175448117e-18
1.4137283777187988e-18
1.3783337261921113e-18
1.3258893054611578e-18
1.6460106330808827e-18
1.6951195705510502e-18
1.4735368082271597e-18
1.6558482280566331e-18
1.6694756000871925e-18
1.726542190736895e-18
1.7556673716599573e-18
1.8192753382611802e-18
1.8127890129700867e-18
1.962535084732584e-18
2.0925694402819755e-18
1.990563564586442e-18
2.063582146503026e-18
2.1681542277805367e-18
2.1284070602257936e-18
2.0794000157409978e-18
2.172039844479607e-18
2.301219532648632e-18
2.2614615417272692e-18
2.5976398855278683e-18
3.285978619886326e-18
3.2340327571570454e-18
3.8756626428937404e-18
3.7740648039469275e-18
3.3673722027107693e-18
3.404198690443208e-18
3.0027755552644626e-18
2.779953901754074e-18
2.7916932740303165e-18
3.089094997836497e-18
3.12615632647434e-18
3.0956342536692634e-18
3.485308682529307e-18
3.898732990359162e-18
4.027625613283123e-18
3.884478764749278e-18
4.080139681710091e-18
4.044699071136579e-18
3.803165082155011e-18
3.784474378323e-18
3.525895758881242e-18
3.7565888355167116e-18
4.455637492157451e-18
4.6244899429428045e-18
4.4130412619979086e-18
4.2505476938296346e-18
4.5503504792915226e-18
4.8520742039487875e-18
4.669105584787811e-18
4.6445775988437716e-18
4.358603399516747e-18
4.116454148368039e-18
4.241587552324074e-18
4.15406814436446e-18
4.1217133343270255e-18
4.011016739322169e-18
3.584269177072555e-18
3.8933929730432015e-18
3.72148538686563e-18
4.24388678938194e-18
4.34553921242188e-18
4.6911915469791895e-18
4.653060538498419e-18
4.8669286075511825e-18
5.27338321673631e-18
4.9604001861235964e-18
4.870571057703848e-18
4.873343181578176e-18
4.7980717373751134e-18
4.8884196228119e-18
5.4499922271724576e-18
6.0951860483639285e-18
6.190267471260976e-18
5.6791376447193845e-18
4.61537624256344e-18
4.377271532466577e-18
4.496663425236428e-18
4.175345386239484e-18
3.998918919411722e-18
4.057775337240018e-18
Acceptance rate: 0.24428571428571405
2.428390289769148e-18
2.398629202212546e-18
2.213614405513281e-18
2.3668082996886615e-18
2.281264277606827e-18
2.383997316636116e-18
2.4944613458104157e-18
2.6612949381247246e-18
2.83983334102749e-18
2.731485840313743e-18
2.889066361692031e-18
3.0162374119045304e-18
3.3889492930603388e-18
3.2301905386566426e-18
3.4072989775867234e-18
3.14452198726469e-18
3.3089752447327272e-18
3.1926429013020073e-18
3.473778211793605e-18
3.3139802800053317e-18
3.6714200613407684e-18
3.874913827565549e-18
3.7900394026475514e-18
4.144219036789574e-18
4.2129696297832375e-18
4.366148482436223e-18
4.424186318177987e-18
4.980368395028972e-18
5.168724878680614e-18
6.078310917119893e-18
5.4669839317841634e-18
6.106402916495836e-18
6.765992983652914e-18
7.056949300319102e-18
7.040096551903637e-18
6.9968249445736e-18
6.3855807905051054e-18
7.037528582389804e-18
6.756442197106792e-18
6.471368651352871e-18
7.035274893372756e-18
7.084695870626119e-18
7.57992426343101e-18
8.474576439629208e-18
9.334751391667641e-18
9.926758981460549e-18
1.0257354353491405e-17
1.0436311633529034e-17
9.479243780608174e-18
9.046186142621534e-18
8.383310814573895e-18
6.96050901445423e-18
6.544255569548858e-18
5.631146620888603e-18
6.5516412138035435e-18
5.913726421102878e-18
6.550097287389196e-18
8.308901047328155e-18
8.271744706472613e-18
8.020204608264765e-18
8.613657590866203e-18
1.025593883611176e-17
1.0223638590036381e-17
9.161148589531473e-18
9.608225693123568e-18
9.513549304628971e-18
1.0667919080354991e-17
8.740541439931624e-18
7.505404312433361e-18
7.5886630552527e-18
8.002319900284642e-18
7.443051038098439e-18
7.870051957138544e-18
7.335797696398425e-18
6.660227626262405e-18
7.137712624296031e-18
7.331627745178834e-18
7.630921009307057e-18
6.719212054467691e-18
6.510700654485209e-18
6.221000334562252e-18
6.391913480340201e-18
5.995153321227009e-18
5.3632674180343385e-18
4.900263586530518e-18
4.818894945886283e-18
4.524591992317243e-18
4.254098718288394e-18
4.2691514689461286e-18
3.8131634596398584e-18
4.070792773297436e-18
3.8146560372541605e-18
3.761403080984402e-18
4.155838818417351e-18
4.0832376218512466e-18
3.70392965674776e-18
3.5325169830142806e-18
3.7446834403579734e-18
3.943538238608689e-18
3.737231114911622e-18
Acceptance rate: 0.24712500000000015
2.1948012079473804e-18
2.026491471982127e-18
2.159046975013563e-18
1.9576356912580113e-18
1.8544050553609296e-18
1.8339069423322775e-18
1.834721186706002e-18
1.9442965201490046e-18
2.0307048601597792e-18
2.035852065691832e-18
1.8939501964964714e-18
1.9675446323874957e-18
2.1759767555321406e-18
2.135810546257591e-18
2.564585889302505e-18
2.5678713574774664e-18
2.579978207412538e-18
2.7353157962105154e-18
2.8519440330341986e-18
3.0436841937249986e-18
2.979591625957847e-18
2.780327297831371e-18
3.0873245560842726e-18
3.915684918049291e-18
3.718496955588829e-18
3.376065743117194e-18
3.2653998611629724e-18
3.014927970080715e-18
3.7677183357762215e-18
3.75151281379349e-18
3.836428771326597e-18
3.779648068336439e-18
3.618867067864444e-18
3.6391140324741836e-18
3.3743248869804812e-18
3.3166406809790294e-18
3.741521829608969e-18
3.672244907290298e-18
3.5974857499497085e-18
3.335656927865558e-18
3.1574979240501894e-18
3.0219639157609837e-18
3.1681539540782357e-18
3.1386338967026623e-18
2.878112984423468e-18
3.165437089925696e-18
3.2065254344949565e-18
3.335436681662555e-18
3.952164915047869e-18
3.8081317003820335e-18
3.598951469775347e-18
3.734010025247938e-18
3.3828089579728333e-18
3.2733424063300585e-18
3.24301380369104e-18
3.472005554085546e-18
3.1896050174894105e-18
3.2782559619878618e-18
3.2350629666246184e-18
3.2429930201568105e-18
3.2257814235521938e-18
3.330452613253883e-18
3.575440551504717e-18
4.0342855991924005e-18
4.663286293220703e-18
5.027383405514173e-18
5.00807914535078e-18
4.936829225479086e-18
4.995401485774796e-18
5.2614785876056665e-18
5.120213732630056e-18
5.120408699181011e-18
5.526622541826877e-18
5.937218099917871e-18
6.442925349408813e-18
6.3981707539353686e-18
6.396587648867319e-18
6.020274169690471e-18
6.3108949951718525e-18
6.107943972837239e-18
6.7672407875327495e-18
6.638994987956482e-18
6.1907275768411075e-18
6.416607181364064e-18
6.71006920479389e-18
7.688821664329242e-18
7.528258307460332e-18
7.278577862309624e-18
7.5508957071361e-18
7.744114154609734e-18
8.481837678544784e-18
8.044324988270598e-18
7.148188417474965e-18
8.217900661103267e-18
8.408324350211376e-18
7.808675998993492e-18
8.02419642522796e-18
7.304889580173031e-18
6.742601219186436e-18
6.365344719244596e-18
Acceptance rate: 0.25038888888888944
3.888386601225565e-18
3.775752209545902e-18
3.0968540366140154e-18
3.292418316760599e-18
3.572045949469163e-18
3.63309484710471e-18
4.122846338372858e-18
3.817943226168469e-18
3.810773783225955e-18
3.887272152407409e-18
3.685447789663382e-18
3.4689404420799703e-18
3.630094978222482e-18
3.809352847320025e-18
3.4681224534617963e-18
3.3820907005760117e-18
3.8627579801395936e-18
3.7543193212158345e-18
4.2942524573074275e-18
4.3329577280561316e-18
5.236417129637564e-18
4.978037527325065e-18
4.774959377038083e-18
4.292929792290457e-18
4.3567366335117916e-18
4.234384199887354e-18
3.7224237962473526e-18
3.989425584641695e-18
4.325005052312216e-18
4.263474359930242e-18
3.987431572658951e-18
3.970982783286499e-18
3.934959254201084e-18
3.929000188753236e-18
3.648617512550898e-18
3.906983508947934e-18
4.101951449927114e-18
4.2480118683769336e-18
3.760071345217588e-18
3.709317175285733e-18
3.505059376477501e-18
3.510706303327507e-18
3.2735223912443328e-18
3.0286966389187067e-18
2.8641772232790587e-18
2.974664665210475e-18
3.530128606012262e-18
3.744639598948072e-18
3.5829443943685614e-18
3.646850588822429e-18
3.814719065033995e-18
3.706151985304139e-18
4.144213807455627e-18
4.089391250535626e-18
4.0897764053611125e-18
3.828417805082895e-18
3.97440436545249e-18
4.537286580158737e-18
4.202170138932951e-18
4.370355416772359e-18
4.271224879763832e-18
5.143476668460823e-18
4.952662221817492e-18
5.3027429510142924e-18
6.088888867117332e-18
5.478471298486194e-18
6.152414910477106e-18
6.1295982171226585e-18
5.780612136362417e-18
5.7614502265117665e-18
5.334273946841095e-18
5.419515240184172e-18
5.300971011588191e-18
5.01525290436375e-18
5.148484308490658e-18
5.1203683958120465e-18
5.716394411288707e-18
5.2222091519964705e-18
5.333990753706668e-18
5.360006482101542e-18
6.009116720074127e-18
5.755267967029175e-18
5.126462425717328e-18
4.8748156042712745e-18
4.887621466379165e-18
5.069048052758969e-18
5.079829981951583e-18
5.472204753418203e-18
4.944277729065537e-18
5.7108093538508035e-18
5.5692096048830706e-18
5.2465254982667775e-18
4.936614144874075e-18
4.5306739790792405e-18
4.405903706585785e-18
4.30521764689883e-18
4.0204048827166816e-18
3.928169013452924e-18
4.3629009918974e-18
4.1192026195007975e-18
Acceptance rate: 0.2525500000000015
Sampling time (10 samples): 5765.2433 seconds
