/scratch/users/yanlan/TroubleShooting/SM_ISO/Output/AM_PM_ET_206_314_00
5.033560807348786e-08
2.3142555515263213e-08
1.1872247314122516e-08
6.561044961084013e-09
3.598679391717248e-09
2.3462600582940934e-09
1.4689417115159097e-09
9.811456137378006e-10
6.013692637667017e-10
3.7769187499508613e-10
2.6665563711541043e-10
1.8273380493352274e-10
1.3072491201010983e-10
8.893444656948653e-11
6.121188567216169e-11
4.904298000509792e-11
3.65532657296443e-11
2.665938799334032e-11
2.0311248003019857e-11
1.5437233779695136e-11
1.1131682775958177e-11
9.652544487717921e-12
8.302854932234254e-12
6.2098569753590766e-12
4.938198692832765e-12
4.5018280022899704e-12
3.525112358614463e-12
3.0044541854796127e-12
2.2999648884456704e-12
2.040646067485159e-12
1.8542124069919196e-12
1.600557989751608e-12
1.2255939501084892e-12
9.584969963872344e-13
9.166399859725494e-13
7.43145024687127e-13
6.878539702195194e-13
6.753108516432893e-13
6.061976391415247e-13
5.836101379063487e-13
5.380196117664008e-13
4.4806751146272213e-13
3.9503197279901346e-13
3.3589209460719917e-13
2.9616641279374225e-13
2.4212189514356483e-13
2.2171924111160884e-13
1.9705627189201714e-13
1.7882509860460836e-13
1.8031850843897471e-13
1.651291054223553e-13
1.5709793309687333e-13
1.4388703437620438e-13
1.315552494589843e-13
1.197300987568234e-13
1.2075389957251544e-13
1.0484381996467654e-13
9.22435821487963e-14
9.328347386905419e-14
8.292449230986987e-14
7.17853347365077e-14
6.2225008246096e-14
6.392196860091941e-14
6.308271422313222e-14
6.141724063901219e-14
6.327905952606537e-14
6.197579827432574e-14
6.719716357445577e-14
7.632869647454686e-14
8.386236468262549e-14
8.319841257395419e-14
7.550057187806762e-14
7.495948060893141e-14
7.651723721631266e-14
7.944119474503034e-14
8.011729474182821e-14
7.685885344095142e-14
7.356390630355529e-14
7.64000076726707e-14
7.923219458851533e-14
7.698316006240291e-14
7.548050237485891e-14
7.215711842646436e-14
7.347632851360627e-14
6.963745854489717e-14
6.450442688605348e-14
5.804669402495324e-14
5.6593647830730204e-14
6.325287857494564e-14
6.393868541465218e-14
5.683578505944883e-14
5.199394632152712e-14
5.842107364028022e-14
5.962956082402961e-14
5.877621460509965e-14
5.455808052637691e-14
5.4014773273542e-14
5.997088693411713e-14
5.850074314166724e-14
5.514476999970094e-14
Acceptance rate: 0.3815000000000002
2.912174295393125e-14
3.191236365522877e-14
3.3550675549236597e-14
3.438802547188984e-14
3.2213879199897345e-14
2.9404123942039494e-14
2.9769867956330194e-14
3.072733073475239e-14
3.1623450361802565e-14
2.996473404935492e-14
2.893186428535592e-14
2.844967622846353e-14
2.8245044991965744e-14
2.6465607558236784e-14
2.641736347863589e-14
2.4119456055649513e-14
2.253710382230809e-14
2.098028485064675e-14
1.8922160349299905e-14
2.360655686662431e-14
2.5142592872361612e-14
2.575366558241586e-14
2.3568396872223626e-14
2.3471785286334437e-14
2.3276653336583017e-14
2.0689574749502144e-14
1.8405567435797722e-14
1.7014092071204144e-14
1.6424180968606238e-14
1.539597766586548e-14
1.5184589652155935e-14
1.561099615193151e-14
1.8281167919411816e-14
2.0511180205264758e-14
1.9413678615564194e-14
1.8344062923611643e-14
1.766427940164698e-14
1.6529072814050543e-14
1.472769283609668e-14
1.4064904068368219e-14
1.337338668057791e-14
1.4055772225842343e-14
1.3951097144117723e-14
1.4710952551907717e-14
1.4410742086373946e-14
1.674464149873565e-14
1.741001515507952e-14
1.687515396581845e-14
1.6455144742722552e-14
1.5882337246534706e-14
1.6193865060876267e-14
1.7088773051377725e-14
1.666125427016186e-14
1.5660876129010697e-14
1.6691773285545868e-14
1.6250406503477128e-14
1.5746537036862225e-14
1.4999971907058432e-14
1.3616751621944286e-14
1.3255528454890886e-14
1.2315018072860418e-14
1.2245218245143223e-14
1.1492564410279773e-14
1.0601811846238772e-14
1.042410384990209e-14
1.1254646281344056e-14
1.0525562778398392e-14
9.083400907422884e-15
8.759027787396527e-15
9.309168390088177e-15
9.737201364407253e-15
9.654720348037032e-15
9.36347036333161e-15
8.368600084756526e-15
8.91353975629073e-15
1.0381414530635988e-14
1.0472015716352591e-14
9.674111008305952e-15
9.61370789900242e-15
1.0068387441478586e-14
1.0178598531075074e-14
9.695058838135482e-15
1.0033700971933061e-14
1.0205082845722235e-14
9.812260321696993e-15
1.0089665213415714e-14
1.0978427815146057e-14
1.1298057461670788e-14
1.159836044311234e-14
1.0681531734215925e-14
1.0852807556016237e-14
1.2002241174634619e-14
1.284800879058185e-14
1.3045501772549159e-14
1.3807762530189654e-14
1.5571349900934412e-14
1.5796740756570916e-14
1.6367282567955713e-14
1.7357330982896434e-14
1.601546741852474e-14
Acceptance rate: 0.3472499999999994
8.842432630792036e-15
8.420187554230964e-15
8.858123701897448e-15
8.746030803793489e-15
1.0990078426363975e-14
1.149752953931798e-14
1.1053706419568619e-14
1.0966815468411114e-14
1.1515863293300022e-14
1.1590615373408953e-14
1.1370773216033632e-14
1.0120014856925262e-14
9.551985325929815e-15
8.89393496738289e-15
8.922622077007972e-15
9.942687251291975e-15
1.1458940859805308e-14
1.1640385641179658e-14
1.09547903666844e-14
1.080443869205085e-14
1.1918450175732163e-14
1.1579771629314325e-14
1.1508468254321848e-14
1.1273677357910837e-14
1.0612624370828581e-14
1.0280950739702029e-14
1.0080796168115105e-14
1.0303093190120154e-14
1.039407571949977e-14
9.474290088776285e-15
9.746629699449854e-15
9.555010827370603e-15
9.474668254509727e-15
1.0453193541982958e-14
1.0177972666743952e-14
1.1279072508595627e-14
1.0777223043125239e-14
1.2155203811069969e-14
1.3205160743857984e-14
1.3268647342844726e-14
1.4069028373539521e-14
1.4264316071314184e-14
1.4805151261172144e-14
1.5869518601278618e-14
1.5463450371701393e-14
1.5698753937971213e-14
1.5398559767410556e-14
1.545541199906621e-14
1.3844879184750832e-14
1.2391760691646594e-14
1.1556313744012454e-14
1.3008495893631676e-14
1.4046764699555333e-14
1.3696569680004293e-14
1.695490688794629e-14
1.6990205294567298e-14
1.557858376092627e-14
1.543632417419131e-14
1.4225903616155482e-14
1.2092015171300343e-14
1.2284901855416643e-14
1.2952268758570153e-14
1.2980342207453352e-14
1.3910823015870417e-14
1.6220297307386562e-14
1.5405962483257196e-14
1.725294041602611e-14
1.5115624561977136e-14
1.331967166976856e-14
1.304846288964912e-14
1.1701878276498268e-14
1.1900495908438009e-14
1.1420714499464756e-14
9.799769293519797e-15
8.928137203111833e-15
1.0000092053096215e-14
9.871531243769727e-15
1.0066085615755218e-14
9.032111627958736e-15
9.066815242736645e-15
9.492339860983116e-15
9.020866757832512e-15
8.885601954605575e-15
9.265412604549107e-15
9.38658968463356e-15
9.879807757817002e-15
1.1246867721607184e-14
1.177324049729029e-14
1.1493410162463243e-14
1.3422566595014609e-14
1.2077806728432558e-14
1.1862755565856991e-14
1.3861653052632173e-14
1.4673958047843375e-14
1.5293845963320378e-14
1.466311103582738e-14
1.3647564473480292e-14
1.2880938223008511e-14
1.3579123669443147e-14
1.3323070984450969e-14
Acceptance rate: 0.3321666666666655
7.492528928973173e-15
7.819994785432081e-15
7.922775801224886e-15
7.643723476407557e-15
7.479438023311051e-15
7.326840035553536e-15
7.767501620307457e-15
9.164576279341977e-15
9.690565273890643e-15
1.0087823852628617e-14
9.792931439076677e-15
1.0099686615042535e-14
9.982241164287405e-15
9.60453406229194e-15
9.41539052055175e-15
9.003657588312334e-15
8.944484696298783e-15
8.917064891508355e-15
8.901662610314466e-15
9.47062547202098e-15
8.446811257129996e-15
8.455389207347322e-15
9.6793810633179e-15
1.0538838633106235e-14
1.1699942347661271e-14
1.2667457444624848e-14
1.2992913594222063e-14
1.1323931013712206e-14
1.3644177429351676e-14
1.4156005854552916e-14
1.4469773503374848e-14
1.479119111423797e-14
1.379954371986943e-14
1.5285912796729144e-14
1.5259582658665142e-14
1.3545124948051148e-14
1.3459185083433312e-14
1.4397902136398127e-14
1.4301948517938393e-14
1.3491001518160107e-14
1.285231933066522e-14
1.3237112614561747e-14
1.4876639299542377e-14
1.653087449958323e-14
1.6506275485502354e-14
1.659200675840086e-14
1.7343433694643624e-14
1.5595081935664572e-14
1.629316662458986e-14
1.5623061122935665e-14
1.5741880199376503e-14
1.6409346242441566e-14
1.611707069600993e-14
1.5140617184801896e-14
1.5801273542502775e-14
1.4907833378882372e-14
1.6163915329477737e-14
1.5300525825437976e-14
1.5512869612902687e-14
1.5963072003230863e-14
1.5474493083167335e-14
1.5429193694673693e-14
1.480281063385101e-14
1.4032018823521547e-14
1.2798354136966582e-14
1.2334872542164025e-14
1.2571948021378509e-14
1.2836908816245155e-14
1.5240962722507338e-14
1.5929803604341706e-14
1.4829056208459436e-14
1.7444950736163808e-14
1.7886961867625055e-14
2.098868108428985e-14
2.1398747901218437e-14
2.0727569739379926e-14
2.0477415088303067e-14
2.3124840938242638e-14
2.2785923572617542e-14
2.5072186406929854e-14
2.402101500575192e-14
2.4980878851790215e-14
2.573400290109231e-14
2.9039752818512605e-14
3.035698769414952e-14
3.3084641748636377e-14
3.3394157658693845e-14
3.248385761891041e-14
2.8013647894872844e-14
2.7400222282594623e-14
2.6350756336625864e-14
2.6542927889202586e-14
2.5584294872190987e-14
2.5021148361629798e-14
2.6773235453863177e-14
2.5126445858702774e-14
2.419260727955812e-14
2.3435023156164163e-14
2.2519745196352263e-14
2.1234006992279986e-14
Acceptance rate: 0.32762499999999817
1.2103291978730228e-14
1.3240910733137493e-14
1.2865477851495092e-14
1.1697078674556261e-14
1.0988854940595991e-14
1.0127310622499894e-14
1.21451892942395e-14
1.2827640904112304e-14
1.557398171884184e-14
1.7071293390935976e-14
1.9008647835359513e-14
1.8246368692906602e-14
1.8297076644430266e-14
1.8845854221053573e-14
2.1565609599328955e-14
2.1838759489222173e-14
2.1010853416431895e-14
2.001926594616939e-14
1.9703723530348318e-14
1.9050091661026337e-14
2.0258363735279256e-14
1.9391133930765276e-14
1.9598961467900288e-14
2.1864096957428495e-14
2.2116316134945587e-14
2.1613071615624442e-14
2.1839121459453425e-14
2.1381123522637953e-14
2.2533279201846757e-14
2.1314587493652728e-14
2.1481260202782004e-14
2.0742237433361852e-14
1.784481782578773e-14
1.886603090982346e-14
2.2821762612822337e-14
2.25223568026795e-14
2.4409792872926262e-14
2.6261756716135972e-14
2.676005200269943e-14
2.9073244038039655e-14
3.2291509491982595e-14
3.278799809075512e-14
3.3923936416127656e-14
3.302229500875016e-14
3.427998292274137e-14
3.8910032451863574e-14
3.656719461441553e-14
3.571646277339531e-14
3.506253068699785e-14
3.423894494962045e-14
3.352255401665539e-14
3.736418677698575e-14
3.708431929003281e-14
3.799897213901473e-14
3.911418492855124e-14
3.932622061761566e-14
4.015873344883891e-14
3.803270073723673e-14
3.6863856972059493e-14
3.861444222292544e-14
3.7506571692371814e-14
3.53277841711817e-14
3.432056147762594e-14
3.3107099053536805e-14
2.974353073381354e-14
2.7851927723812318e-14
2.6082169044294592e-14
3.095830477820638e-14
3.067163527065822e-14
2.864475684757288e-14
2.68905782151005e-14
2.4461880777579522e-14
2.3441889125264605e-14
2.3309254468391068e-14
2.3164825260548547e-14
2.2954941632701783e-14
2.2267585149752462e-14
2.1558810911132195e-14
2.1188611037328743e-14
2.2095903983395924e-14
2.4834762631276076e-14
2.6795519025044875e-14
2.873512875225971e-14
2.9341204465863457e-14
2.9888668742890894e-14
2.873418086875926e-14
2.807531132550551e-14
2.8385812780424687e-14
2.6272834889059306e-14
2.822060421830217e-14
2.8268707173549464e-14
2.7523881548053873e-14
2.525102089444547e-14
2.7513764847480435e-14
2.938768472369538e-14
3.273485042258756e-14
3.121272690521349e-14
2.9279021058233316e-14
3.030426907840862e-14
3.27607953235858e-14
Acceptance rate: 0.32759999999999806
1.896775830730425e-14
1.9820399881880655e-14
2.178534701726213e-14
2.201336545623359e-14
2.2441785851466734e-14
2.2198818498236553e-14
2.2139970416353266e-14
2.338508285429026e-14
2.326134583400626e-14
2.2001498817443613e-14
2.0732368302040704e-14
1.9733618989888756e-14
1.8591797657563686e-14
1.8997875388754515e-14
1.8670286158135177e-14
1.7403263956498694e-14
1.608684631712343e-14
1.61056400578259e-14
1.48403737209415e-14
1.6738359545820117e-14
1.9270504957547877e-14
2.0386131466140898e-14
2.06599862268847e-14
2.0522579913077947e-14
2.0472336797233218e-14
2.053408030335847e-14
2.0518047638027234e-14
1.958876198345162e-14
1.9456188871833675e-14
2.003245726412945e-14
2.2051091508720466e-14
2.3036862781279888e-14
2.4795735609301326e-14
2.5527499100984787e-14
2.4111349992725987e-14
2.416638461368669e-14
2.4146302889737604e-14
2.602872526523837e-14
2.4749427566499337e-14
2.4890164960246125e-14
2.640097117449285e-14
2.7841691360018607e-14
2.669471108271683e-14
2.7169370916163904e-14
2.7789990780229028e-14
2.832307738933574e-14
2.632569012070256e-14
3.0229075955830476e-14
2.970637369934707e-14
3.00410365014097e-14
2.635006591349257e-14
2.5743636413372386e-14
2.634469192256082e-14
2.714630075087038e-14
2.64044204624556e-14
2.5575227768382692e-14
2.8230618993537474e-14
2.880901374798336e-14
2.971719546982268e-14
2.897726829124673e-14
2.7633275783985494e-14
2.927461954593456e-14
2.964311756399019e-14
2.933441704310123e-14
2.892692986271159e-14
2.9755319987874773e-14
2.8790947834523434e-14
3.004314294005097e-14
3.3344756566531726e-14
3.6978059780433056e-14
3.497961392245061e-14
3.201576133970381e-14
3.233472776900276e-14
3.1413960091105636e-14
2.6722294291095164e-14
3.2611683580224285e-14
3.40520794411126e-14
3.337205835493566e-14
3.363435796902815e-14
3.336097242743565e-14
3.358868289687127e-14
3.774820611105057e-14
4.266960884177777e-14
4.2264557984578534e-14
3.8876018963259496e-14
4.214633477161537e-14
3.836546227728434e-14
4.148680163355426e-14
4.148231377834751e-14
4.3633100711526974e-14
3.879755410110721e-14
4.023566134714997e-14
4.028487291998627e-14
3.992964476176299e-14
3.7079526189417035e-14
3.652705714752926e-14
3.971603607955873e-14
4.021803390358396e-14
3.889002895934465e-14
3.936168720416151e-14
Acceptance rate: 0.3209999999999998
2.3024178265857483e-14
2.191622280626048e-14
2.3198480615962907e-14
2.509603657530934e-14
2.3666299724699672e-14
2.22106758493824e-14
2.29421565388829e-14
2.0248936710902936e-14
2.1902823523302042e-14
2.0126278668881034e-14
2.1140441485640735e-14
2.5290886540042576e-14
2.6702782404700977e-14
2.6852957562766063e-14
2.9515264557310815e-14
3.093349306262041e-14
3.05370985072432e-14
3.093996405448776e-14
3.301719195083921e-14
3.3015230590188755e-14
3.1439872747143164e-14
2.7612562767232022e-14
2.6384731092206733e-14
2.487777387721728e-14
2.629863515494776e-14
2.5506375904619263e-14
2.716417257352332e-14
2.454368459581408e-14
2.382248715449366e-14
2.398479520045708e-14
2.3507459033977425e-14
2.5027503601054972e-14
2.5588410865014966e-14
2.7354061485601953e-14
2.8167120614522547e-14
2.7363453640464257e-14
2.959124748388123e-14
2.786196679245101e-14
2.8667317141583534e-14
3.199444747674066e-14
4.013031772516529e-14
4.350924180921345e-14
4.1582919608373243e-14
4.95431535671986e-14
4.592737650058049e-14
4.8862903048995476e-14
4.3431038556146194e-14
4.127237514905688e-14
4.300451948090893e-14
3.918092620628502e-14
4.174785223113041e-14
4.3324910795700466e-14
3.981812531052438e-14
3.9304930416016504e-14
3.93108971340624e-14
4.2446132230016644e-14
4.172201110961532e-14
4.0038848483948903e-14
3.628206075166049e-14
3.438011915554508e-14
3.4640293835948526e-14
3.409730813597559e-14
2.9136263689255604e-14
3.2711468092002633e-14
3.305475209942855e-14
3.1744130294261135e-14
3.0327509064055716e-14
2.868793931647573e-14
3.1224291357858024e-14
3.3102245485793084e-14
3.3514730634037525e-14
3.5959942554776166e-14
3.980329954616307e-14
4.348014116450854e-14
4.459745159295704e-14
4.932956273052282e-14
5.2784870298180326e-14
5.3297798924215126e-14
4.981941778408119e-14
5.152629494750199e-14
4.9426599457020385e-14
5.118860785804561e-14
5.500495547109174e-14
5.437765408491168e-14
5.349251172089545e-14
5.2602802532180516e-14
5.3413404849441525e-14
5.246230590360671e-14
4.8139816157145124e-14
4.622244676220528e-14
4.0531982318132074e-14
4.0640365534283426e-14
4.245948588907433e-14
4.1474588661667175e-14
4.3342794535593366e-14
4.3120191677531124e-14
3.738872392483875e-14
3.646538003047339e-14
3.687695548198298e-14
3.672197629640578e-14
Acceptance rate: 0.3232857142857143
2.2108325772625152e-14
2.1785910689543064e-14
2.1776942978971967e-14
2.0803388313308326e-14
2.391351422710859e-14
2.3959020585030982e-14
2.311500951124413e-14
2.11125686571917e-14
2.031976353411182e-14
1.9003729718472297e-14
2.0089952714122922e-14
2.0652868840419996e-14
2.008737239414589e-14
2.0545037625701115e-14
2.1096297063449866e-14
2.130323857473261e-14
2.1199115435502267e-14
2.13035899621145e-14
2.1959577270824912e-14
2.1885158788589193e-14
2.332346792186412e-14
2.255749746654588e-14
2.2309716243233045e-14
2.3860008537238268e-14
2.494462021080744e-14
2.446654402626582e-14
2.3519954604238855e-14
2.267908178451199e-14
2.5761038628054684e-14
2.2737131093011155e-14
2.425486333987259e-14
2.2896580977337095e-14
2.2054778182563545e-14
2.2953965401727487e-14
2.258407777537069e-14
2.4626941861644014e-14
2.770910206638734e-14
2.978108749175119e-14
3.16922091517631e-14
3.688555275511892e-14
3.618303008487606e-14
3.235121225670733e-14
3.16493809379095e-14
3.337997993983874e-14
3.156585946929683e-14
2.956781097822442e-14
3.740023032738054e-14
4.055635623142185e-14
3.792547448611721e-14
3.62519247756199e-14
3.489836290487486e-14
3.6618069481777405e-14
3.638590193407229e-14
3.833841666368768e-14
3.929353330464509e-14
3.980396649071406e-14
3.93582388742395e-14
3.671734728564519e-14
4.20069207153223e-14
3.960443802839832e-14
3.9072512252310036e-14
3.579147164018396e-14
4.0280097018349247e-14
3.7404483149164955e-14
3.5792102437899236e-14
3.609761430491537e-14
3.981737214982063e-14
3.896935287120552e-14
3.566841619394375e-14
3.797964324449723e-14
3.4267956906793507e-14
3.104724485631064e-14
3.079289039404488e-14
3.3299101258381846e-14
3.637633890427381e-14
3.5056083810319445e-14
3.3992427194865185e-14
3.426393784324222e-14
3.193028675736392e-14
2.851682177624185e-14
2.8531580932181816e-14
2.7159071405030053e-14
2.8149333685524827e-14
3.135775957540848e-14
3.4263378468473014e-14
3.343063935066887e-14
3.245630539971106e-14
3.094875539819191e-14
3.030809428895488e-14
3.0643883071419816e-14
3.016614918405371e-14
3.075696849808976e-14
3.1873794619929794e-14
2.931663378137216e-14
2.9399620944616144e-14
3.0077736263117714e-14
2.771023606041308e-14
2.6115155146220072e-14
2.392512151454892e-14
2.3687428930473192e-14
Acceptance rate: 0.32100000000000023
1.3867172960711579e-14
1.3490441267585353e-14
1.4899631280081043e-14
1.5757137704824157e-14
1.699767534626301e-14
1.706747920000824e-14
1.706880503094563e-14
1.7329539374368074e-14
1.6462148081716304e-14
1.7140478584418573e-14
1.7308150125958995e-14
1.724050782640024e-14
1.897000745579207e-14
1.87453608683995e-14
1.9192602685520953e-14
1.7220911563424314e-14
1.6659800927574604e-14
1.5802208761207023e-14
1.4257782275146046e-14
1.4923231825136036e-14
1.5520405462483987e-14
1.5117418554125505e-14
1.7075438508775338e-14
1.761519651225673e-14
1.775762343162791e-14
1.6781276411664826e-14
1.7173658642300547e-14
1.7426030764005608e-14
1.667272950117806e-14
1.571741874957085e-14
1.5636595012268243e-14
1.6801681793083143e-14
1.7796943428904443e-14
1.8019089803824387e-14
1.7547098764190887e-14
1.610727637436366e-14
1.6203624567848302e-14
1.55352981540821e-14
1.5574284640983645e-14
1.598255673738982e-14
1.9550715160560344e-14
1.819346359810062e-14
1.756320098152655e-14
1.7651904268168655e-14
1.863582921960153e-14
1.8351304563049374e-14
1.9119902277920345e-14
2.0893243448351083e-14
2.3317936793206738e-14
2.1281210563154855e-14
2.085421577959168e-14
2.0073668620531237e-14
2.103837779413517e-14
2.036810711257624e-14
2.1179887224063075e-14
2.0710074442208836e-14
2.294445638784409e-14
1.8776826879905236e-14
1.876895029716388e-14
1.9569250077762763e-14
1.8728058131131287e-14
1.787707749731574e-14
1.8693271191254573e-14
1.9192923506124115e-14
1.783183623838006e-14
1.7187134910775968e-14
1.7392270857974464e-14
1.6687782460602205e-14
1.7075895148612467e-14
1.8870448868517887e-14
1.780920802106178e-14
1.8120814131683672e-14
1.8445424879851236e-14
1.784851520641712e-14
1.928671844041559e-14
2.168604508136672e-14
2.199607481627538e-14
2.0922567025652765e-14
2.3055496742291895e-14
2.291036675839188e-14
2.300215860072891e-14
2.2561379341132396e-14
2.3287311026948968e-14
2.476294770502762e-14
2.5493080113534983e-14
2.4162019459780398e-14
2.568460425247688e-14
2.404428824961418e-14
2.3912305817924836e-14
2.252263490182356e-14
2.324499521874248e-14
2.2620789058166806e-14
2.279277273141954e-14
2.5361341454785693e-14
2.5199389386969904e-14
2.3347807360577566e-14
2.203940846486114e-14
2.44019214216069e-14
2.5420484769026057e-14
2.4813466967593112e-14
Acceptance rate: 0.3189999999999999
1.5034392202819567e-14
1.494954679693566e-14
1.584628853589867e-14
1.4157566590131512e-14
1.3824171198867214e-14
1.342394592594699e-14
1.2724567903407543e-14
1.3119285797885379e-14
1.3623882618828055e-14
1.4039409293058767e-14
1.3883353961936627e-14
1.3192054164643634e-14
1.1962348974787808e-14
1.2622529040010578e-14
1.2610112288946438e-14
1.3135255724964e-14
1.3881540573333633e-14
1.4390557067136307e-14
1.413577320981414e-14
1.553738435857708e-14
1.724526259010788e-14
1.4866682847032113e-14
1.481665975942502e-14
1.3149601105512038e-14
1.23231411113977e-14
1.1985719272887017e-14
1.194526430655112e-14
1.2287083467476655e-14
1.1904733049627334e-14
1.3161287735095803e-14
1.3521241918890831e-14
1.330466372346047e-14
1.2617513578973844e-14
1.2382304809028936e-14
1.1654974193542816e-14
1.2415176251600343e-14
1.3063206481421012e-14
1.4680107424753253e-14
1.669262217361291e-14
1.5827437903638442e-14
1.6552175787485513e-14
1.799468540591211e-14
1.7796790636984198e-14
1.9116785533197217e-14
1.8829407165123793e-14
1.8053774675034255e-14
1.7841701049782572e-14
1.7661166982641948e-14
1.8826799701751545e-14
1.9062618166936083e-14
1.7407811253042573e-14
1.754824977359595e-14
1.8686860142328857e-14
1.8323559336645972e-14
1.679541311736605e-14
1.5649506873946747e-14
1.5349308659522156e-14
1.51916704010722e-14
1.4588510087391574e-14
1.464405864785455e-14
1.548211244263575e-14
1.6274990066177113e-14
1.4687864423365944e-14
1.501170259459975e-14
1.549009166728402e-14
1.4650580864618196e-14
1.5050880127501776e-14
1.486324897143303e-14
1.46500400041209e-14
1.44801792153557e-14
1.3456151840476013e-14
1.373394770444658e-14
1.4158328231982423e-14
1.4996235653071133e-14
1.374006850088357e-14
1.4666318798385617e-14
1.4271451106946778e-14
1.4610176980787406e-14
1.4671960966809096e-14
1.4085033868271974e-14
1.4214531292850666e-14
1.3505872060416914e-14
1.310085260343348e-14
1.4629958197289724e-14
1.4091386531760317e-14
1.466938770377758e-14
1.3832200605753681e-14
1.6296365387268566e-14
1.5702081333187725e-14
1.8465075647000543e-14
1.975128180692702e-14
2.114615341493859e-14
2.0280090803081467e-14
2.0554321275443653e-14
2.2373240508693614e-14
2.207385654257905e-14
1.96185729653657e-14
1.8607444701663842e-14
1.9483558796678835e-14
1.8715896345869597e-14
Acceptance rate: 0.32100000000000173
Sampling time (10 samples): 5539.5194 seconds
