/scratch/users/yanlan/TroubleShooting/SM_ISO/Output/AM_PM_ET_169_422_00
5.11615846316683e-08
2.1182319249365897e-08
9.797656778838195e-09
5.084533685971985e-09
2.4799219301462674e-09
1.2793855975855585e-09
8.215977315636412e-10
4.644071419577053e-10
2.6741136740549343e-10
1.586789483401098e-10
9.313877137429377e-11
5.3328451410197246e-11
3.107467620481769e-11
2.007535553859927e-11
1.1915459376070859e-11
9.00513310661863e-12
5.943342569512092e-12
4.129688212172066e-12
2.876791114564638e-12
1.861386931447215e-12
1.13072730513257e-12
9.189559160798721e-13
6.566795660555871e-13
5.008371168037648e-13
4.1751589636309796e-13
3.007287169246058e-13
2.3157747830682284e-13
1.976280375504917e-13
1.5133382926899148e-13
1.1093456989865971e-13
9.34806520707246e-14
7.273922905757727e-14
5.868071283035183e-14
4.719765961392705e-14
4.58480885672301e-14
4.219473294068905e-14
3.494717874291817e-14
2.9671935121862904e-14
2.7039494672413657e-14
2.2819512509155075e-14
1.8443425230658527e-14
1.4311238434461785e-14
1.2302108118260186e-14
9.987965996381822e-15
7.456358672895048e-15
6.5486356932604984e-15
5.336340498234401e-15
3.913651801524382e-15
3.1270395770613646e-15
2.7478059169770983e-15
2.1282587636158728e-15
1.8812794585318074e-15
1.7374528289537166e-15
1.6448858355946017e-15
1.2475335506338976e-15
1.1191922443684215e-15
1.1899048175966078e-15
1.1745506987713746e-15
1.0218387598020674e-15
9.242089873028868e-16
8.492502874678634e-16
9.121629368639478e-16
9.48468531425521e-16
8.273896830582212e-16
7.574656488471336e-16
7.164202238004891e-16
7.988644022548063e-16
7.297641494932191e-16
7.147315869504269e-16
6.215666231624718e-16
6.030787605732761e-16
6.307723964715509e-16
6.086554424150329e-16
5.357371886816876e-16
5.291480566028394e-16
5.441316490865441e-16
5.226204509098374e-16
4.502806300588017e-16
3.9573304526090595e-16
3.014984369736915e-16
2.889688568514641e-16
2.4042062289512096e-16
2.2190615378396171e-16
2.0422815056428143e-16
1.8173642176921479e-16
1.6624997700883764e-16
1.545586644125116e-16
1.3994672132853082e-16
1.463884690194812e-16
1.4138722545638021e-16
1.3158814124244735e-16
1.2953361024097497e-16
1.1626138592068953e-16
1.1307865466176393e-16
1.0652409476786531e-16
1.0957510672684916e-16
1.0491019940656276e-16
1.0536760537720585e-16
1.1108934021940812e-16
1.1807914959692118e-16
Acceptance rate: 0.21600000000000014
6.129027792594661e-17
5.738660110514306e-17
6.250142102816955e-17
5.71496439398784e-17
5.0066868036061605e-17
6.130147790428422e-17
7.346880934757522e-17
6.774767582003683e-17
7.136130766441565e-17
7.645351714160631e-17
7.252179179399661e-17
6.660781555900243e-17
6.730812228554282e-17
6.232775256503585e-17
5.450032723587913e-17
5.547935944464466e-17
4.9312479689729645e-17
4.814816016570004e-17
5.0655491004263466e-17
4.5175424798933936e-17
5.438612805861296e-17
5.366587314423096e-17
5.012860583108401e-17
5.295393970109541e-17
5.767893746955251e-17
5.861803770676132e-17
5.72784462714694e-17
5.907919860691776e-17
5.514504926720635e-17
5.698361137486608e-17
6.234957452557042e-17
7.302855410974536e-17
7.638788324831688e-17
8.093702705667117e-17
6.326007373539606e-17
5.70181844158341e-17
5.384795256232512e-17
5.065512760790706e-17
4.452833447278211e-17
4.0802331300814245e-17
3.735972192069717e-17
3.7148059856767285e-17
3.7372395457087706e-17
3.32045123090486e-17
3.5584421634116166e-17
3.451865790513026e-17
3.387765621480041e-17
3.281779164870563e-17
3.486353762094531e-17
3.6099546560469915e-17
3.8161589105301945e-17
3.9539491454943336e-17
4.034650591055797e-17
4.292302576305775e-17
4.241910546978985e-17
4.578162004502636e-17
4.328899828020586e-17
4.081254489565034e-17
3.7754904271570877e-17
3.688555452146278e-17
3.275731751667128e-17
3.3462192550862545e-17
3.871547683084366e-17
3.5322983530312036e-17
3.183055111072079e-17
2.8722474875152845e-17
3.064281192709749e-17
3.0474429515846014e-17
2.9344709702324634e-17
2.9666208145686683e-17
3.314653503775485e-17
3.836978515439474e-17
3.82167411567232e-17
4.236570577045975e-17
3.723630212761489e-17
3.876637036205325e-17
3.378138905325783e-17
4.100165516852407e-17
3.6010138710290854e-17
3.527512176290979e-17
3.4202990545421034e-17
3.766154352651222e-17
4.1198936690210334e-17
3.586095395709934e-17
3.170797490451382e-17
2.8315978676874745e-17
2.9116127323006354e-17
3.0208278707705245e-17
2.897573036281152e-17
3.29590966355259e-17
3.523301316612372e-17
3.5614849809178235e-17
3.383814387507615e-17
3.659296447993714e-17
3.072421266505582e-17
3.087401210901504e-17
2.7620725538862892e-17
2.5591698651084077e-17
2.4727040853280572e-17
2.3010577478200807e-17
Acceptance rate: 0.24900000000000005
1.2720121380294034e-17
1.2287962941129059e-17
1.2145832006232627e-17
1.296055980146433e-17
1.1938703876834698e-17
1.1786798470515883e-17
1.2642125729983329e-17
1.4751897071165092e-17
1.661277132241677e-17
1.590747820994747e-17
1.525127205827992e-17
1.5078733293012357e-17
1.5689523443103672e-17
1.620706908383444e-17
1.9065124419361064e-17
1.9402916480187662e-17
1.950340592438165e-17
1.9037909714037966e-17
2.1961178483656927e-17
1.896216723005634e-17
1.7167505621856648e-17
1.6709000665683115e-17
1.601213995548699e-17
1.581037775702712e-17
1.7640395172657658e-17
1.8760856088289115e-17
1.6992166379652277e-17
1.754287555007346e-17
2.033971148702329e-17
2.046716629566864e-17
2.3987168358464963e-17
2.4254947969370848e-17
2.1684482178347804e-17
2.3295025209341704e-17
2.6333938124953948e-17
2.6325119975617192e-17
2.317453565979328e-17
2.202229132294079e-17
2.4462232409811024e-17
2.270453914874407e-17
1.959672501602217e-17
2.039321695882648e-17
2.0176841702846522e-17
1.9247551809500212e-17
2.078785918081133e-17
2.2604118508231137e-17
2.6873896846410054e-17
2.7557504316797273e-17
2.6622662432845593e-17
2.5366335610959456e-17
2.335543564560813e-17
2.2972880325516056e-17
1.945597961330364e-17
2.0913071657623238e-17
2.1184537999552728e-17
2.033404404948091e-17
2.0402655221852307e-17
2.0277733663593854e-17
2.26483285892325e-17
2.3557972460432866e-17
2.382301286252879e-17
2.1507500515507386e-17
2.2166364333802404e-17
2.1787184529191887e-17
2.0309702257679826e-17
1.9104710789379197e-17
1.7496702448766094e-17
2.0677671025951477e-17
2.2260592726851333e-17
1.8816603240171053e-17
1.8854949740379208e-17
2.0807347513933005e-17
2.121489801169584e-17
1.9104118149070004e-17
2.2048122534705964e-17
2.0266984843956156e-17
2.1161127464851614e-17
1.8754589984023695e-17
1.8460509222272415e-17
1.582495238982127e-17
1.5777196178556908e-17
1.5430717872112196e-17
1.5732846797449295e-17
1.5823386239520024e-17
1.7508933989198312e-17
2.0466694936103712e-17
1.9406212868087005e-17
1.767237702713567e-17
1.6636259772399407e-17
1.6298512798654173e-17
1.410654432083684e-17
1.4128925662205913e-17
1.5219754430069198e-17
1.6629866950170258e-17
1.7599949900664667e-17
1.93935944645555e-17
2.047667912951038e-17
2.2879032412481667e-17
2.2623890870260464e-17
2.2453668663809047e-17
Acceptance rate: 0.258166666666667
1.2968175353858154e-17
1.5235600485699483e-17
1.45088028921586e-17
1.6089156479658004e-17
1.5930945832506585e-17
1.548075245656243e-17
1.7994609799933574e-17
1.9134436847993663e-17
2.2323590253451027e-17
2.1272467743258968e-17
2.1563774522802142e-17
1.9604737918460658e-17
1.9061571792788102e-17
2.029730971431919e-17
2.231635723710998e-17
2.3688624883460926e-17
2.87833947236661e-17
2.7065984944922163e-17
2.5006422016477645e-17
2.5723934183108092e-17
2.6270977527549768e-17
2.6739384078549176e-17
2.4330594495044763e-17
2.5061267082670796e-17
2.4734232730379372e-17
2.639051305672182e-17
2.4512070625299447e-17
2.376625733945712e-17
2.2502376001621005e-17
2.1185116306458636e-17
2.1239332746158176e-17
2.2149764095368752e-17
2.17950786616158e-17
2.320944669147156e-17
2.281705429293136e-17
2.1918696531228134e-17
2.254157678312505e-17
2.380998650177158e-17
2.4433926037804252e-17
2.3605088520425332e-17
2.1554437147040593e-17
2.274579416579421e-17
2.2883344371800254e-17
2.148934132106083e-17
2.3401435871049894e-17
2.4303647296654562e-17
2.5302996719053714e-17
2.339083565268136e-17
2.251539372933901e-17
2.201508118539902e-17
2.16666573082268e-17
2.223713480630053e-17
2.1693395011056933e-17
2.0423716940485723e-17
2.3444231821097197e-17
2.274783426181068e-17
2.5133736042054056e-17
2.548893131606441e-17
2.2144277966696627e-17
2.0399583706686853e-17
2.011776005149299e-17
2.1802623674113408e-17
2.882527863356184e-17
2.6880971389559123e-17
2.4780656371241645e-17
2.3474827601174257e-17
2.508561131037245e-17
2.3660554191113975e-17
2.0735896399903874e-17
2.1874450772676932e-17
2.0693798211230306e-17
2.1145676120427215e-17
2.1132802754461622e-17
2.126680748842779e-17
2.2239515531058955e-17
2.179047026188107e-17
2.4317043895498204e-17
2.6444842336915523e-17
2.5027886599048867e-17
2.3637467003601295e-17
2.091100701743364e-17
2.125256564398418e-17
2.0370163353666806e-17
2.0840904721509122e-17
2.2455212630218386e-17
2.3010685367509782e-17
2.3079533101848388e-17
2.783715194241449e-17
2.7028780879139943e-17
3.439439802259562e-17
3.087893466546324e-17
2.905327004695615e-17
2.9610368584106166e-17
2.735214227672498e-17
2.5736335854702734e-17
2.4476334147546875e-17
2.4522800934081434e-17
2.392232284347798e-17
2.303628223178889e-17
2.27682783891081e-17
Acceptance rate: 0.26062499999999966
1.2808238919004664e-17
1.2356131635059513e-17
1.167554412947209e-17
1.1002340845935507e-17
1.0543031330812964e-17
1.0875463174237195e-17
1.1008105495433272e-17
1.0646253435805791e-17
1.238124120001833e-17
1.3315891353485656e-17
1.2382425569780172e-17
1.1581331197920573e-17
1.0487713051026867e-17
1.1826771728859423e-17
1.1628566962262351e-17
1.2438560713091498e-17
1.1283547402369564e-17
9.837396804317062e-18
1.0479767727846088e-17
1.1616572151538058e-17
1.2738634609714926e-17
1.5576702135177538e-17
1.4140874459324914e-17
1.349317931578271e-17
1.2457458830178539e-17
1.2017069813702872e-17
1.2922628378451756e-17
1.1822800035135859e-17
1.1674528123652432e-17
1.3828101374539361e-17
1.3666367987543987e-17
1.5359444547467325e-17
1.669800433798058e-17
1.848133166880069e-17
2.1958717681828562e-17
2.233691885893398e-17
1.9939741304776188e-17
2.0793689086659817e-17
1.9155148853345226e-17
2.0562048172090386e-17
2.0974382387720246e-17
2.3536731154156968e-17
2.5833511985164615e-17
2.7158939374790638e-17
2.7042286012152942e-17
2.485577354574823e-17
2.432374607591434e-17
2.2948141198209535e-17
2.2788819898628933e-17
2.50739718644656e-17
2.5533691828366025e-17
2.5866449060794335e-17
2.5609802491449247e-17
2.6175186202955262e-17
2.706030156086581e-17
2.7215467665371023e-17
2.7399250469486896e-17
3.289219993275483e-17
3.301948717011873e-17
2.874256932349363e-17
2.591301561481139e-17
2.745806138953794e-17
2.708647331804103e-17
4.121167455710807e-17
3.6727453407522395e-17
3.603315971100312e-17
3.5839681114042586e-17
3.3265219061952525e-17
3.032708936326992e-17
3.117945390646918e-17
3.249677137575828e-17
2.793936223431455e-17
2.867267138958053e-17
3.0834498100689406e-17
3.65841295842576e-17
3.520049290602563e-17
3.693634758614246e-17
3.597497932986126e-17
3.563531807464426e-17
3.542947732050322e-17
3.296149695564842e-17
3.7524476305454345e-17
3.8081020894239807e-17
3.6489917821170905e-17
3.3658727190264806e-17
3.829230072732498e-17
3.8971417055966965e-17
3.569517658702836e-17
3.5939093013728705e-17
4.345589210913958e-17
4.5347156881840047e-17
4.2678642668072894e-17
4.36739448905073e-17
4.1111526321392134e-17
3.759951257072837e-17
3.83662698392666e-17
4.274058249524449e-17
4.193300915494907e-17
3.8213014127300624e-17
4.0268400032472045e-17
Acceptance rate: 0.2679000000000005
2.3181414048277112e-17
2.1368336794659155e-17
2.1421536369168902e-17
2.1387654855599e-17
1.917247368237655e-17
2.1901525712098125e-17
2.243011197362229e-17
2.5081432998606848e-17
2.327146307978943e-17
2.4205365895155915e-17
2.4023551308764746e-17
2.5328191979750848e-17
2.2183966382098276e-17
2.1112326515336256e-17
2.134452485971617e-17
1.8896395947083604e-17
1.7885493730286068e-17
1.690746733864264e-17
1.7067948180502012e-17
1.752371640564802e-17
1.6672231240076247e-17
1.742097805398121e-17
1.701448351616967e-17
1.637990450715998e-17
1.5443728985377172e-17
1.87144119167769e-17
2.0528428189172716e-17
1.908151473010667e-17
2.1211491881564577e-17
2.103173590162164e-17
2.118467370720932e-17
2.035858523032512e-17
1.889553631440982e-17
2.0333263316234157e-17
2.2335462230726053e-17
2.2425396705779116e-17
1.9886272666754552e-17
2.2121383884117013e-17
2.0823820548607127e-17
2.126696469143434e-17
2.41959197025629e-17
2.4546691034607407e-17
2.2777951885943673e-17
2.3836403026491457e-17
2.519896884310416e-17
2.3069785168511496e-17
2.048212906198901e-17
2.4422470415171285e-17
2.435692759517398e-17
2.7673590042961383e-17
2.901358598860969e-17
2.874889891214135e-17
2.658445143173418e-17
2.7428282203898983e-17
2.9107915886590275e-17
3.095501848957012e-17
2.8632213379835665e-17
2.7297200885446088e-17
2.6153376513355456e-17
2.5345785721644372e-17
2.4250516676512922e-17
2.35904272969703e-17
2.3942457166173418e-17
2.6392880240054026e-17
2.471251926300973e-17
2.846962306499988e-17
2.9444024036800545e-17
3.269807739398318e-17
3.56472670319365e-17
3.380474488639441e-17
3.014815526824298e-17
3.1096256115414985e-17
3.169669695927166e-17
3.74031857694876e-17
3.5977338801713474e-17
3.4852069029645354e-17
3.1999259854221395e-17
2.8487805242863824e-17
2.820371700393881e-17
3.018267913215355e-17
2.867316781272648e-17
2.8800625854655466e-17
2.7966428168987307e-17
2.818274292214318e-17
2.5807112378075615e-17
2.5590015330540738e-17
2.319695268516191e-17
2.468270598364144e-17
2.5586769880667275e-17
2.508473377263689e-17
2.6631992100302412e-17
2.5436674049714e-17
2.752661257608641e-17
2.7610767836515953e-17
2.6451554999634573e-17
3.027806094710086e-17
2.805637331491277e-17
2.9728928859384045e-17
2.9654786392555695e-17
2.8727418299106763e-17
Acceptance rate: 0.2767500000000002
1.6741397549865386e-17
1.5124709831502508e-17
1.6678800090716102e-17
1.7139798922423814e-17
1.5005187956649487e-17
1.4529517413735527e-17
1.463055674747933e-17
1.5742994416812245e-17
1.4596792706643874e-17
1.4309932121103268e-17
1.5491746891170635e-17
1.6491495700501578e-17
1.8158038848388277e-17
1.9976217343504596e-17
2.2664403881631907e-17
2.5590238974000447e-17
2.5943695271191452e-17
2.4685641410220903e-17
2.747487822478864e-17
2.6237511563859183e-17
2.3916096347916355e-17
2.402625079686615e-17
2.2355944134679788e-17
2.127889747919948e-17
2.1851258459047352e-17
1.9484905888274542e-17
1.9033318622327908e-17
1.9115652147022915e-17
1.9405439638449562e-17
1.703221564693689e-17
1.613212148207375e-17
1.4563303139206164e-17
1.350037657389116e-17
1.5519335487989523e-17
1.578239510650351e-17
1.6560621290205797e-17
1.5334808997639623e-17
1.3907735688354398e-17
1.337569785771922e-17
1.4768837829735582e-17
1.6106437582541902e-17
1.7362970940659907e-17
1.734140429147259e-17
1.8815656156392156e-17
1.8119506646169326e-17
1.7530048264758017e-17
1.7505180279207998e-17
1.905787330003288e-17
1.8870355140054088e-17
1.9596411266285552e-17
2.0097727347732766e-17
2.1943195303456258e-17
2.2229123976529726e-17
2.1431501646323314e-17
1.8475497710714664e-17
1.9580666671091972e-17
2.2110392955471416e-17
2.14988924480441e-17
2.0545370493912454e-17
2.2680578891121272e-17
2.4043554672750303e-17
2.1969690344038646e-17
2.283026262314256e-17
2.5694552104199984e-17
2.380681642177978e-17
2.3071062055838315e-17
2.3720904776443192e-17
2.274483078864006e-17
2.3943694766953926e-17
2.5342780456231558e-17
2.9501740723613905e-17
3.15628066152392e-17
2.985332765131784e-17
2.9497144215904734e-17
3.4779683871981786e-17
3.35679621898819e-17
3.570744236455131e-17
3.530384695890588e-17
3.736112101052823e-17
3.762112966171745e-17
4.348653158162476e-17
4.0869053149463406e-17
4.7944863387603415e-17
4.736212357325916e-17
4.7750296327962163e-17
4.3404871182133395e-17
4.1767975419194547e-17
4.6840278722657076e-17
5.334874552384757e-17
5.288198056443269e-17
5.931213632711505e-17
5.875453886694994e-17
6.09082776355128e-17
6.18776727071801e-17
6.025231637915373e-17
6.491732070548791e-17
7.269421008771819e-17
7.783947434368227e-17
7.142283888713764e-17
7.12763848657629e-17
Acceptance rate: 0.2785714285714282
4.1220690629181745e-17
4.01145026696542e-17
5.31208427718163e-17
5.351953313209985e-17
5.799121412554224e-17
6.334239785548181e-17
6.348647145151243e-17
5.95283994560944e-17
5.98499318235962e-17
5.704119810485267e-17
5.208713342354004e-17
5.987904406920342e-17
5.832827098188138e-17
5.167283194472799e-17
5.4487878841947943e-17
4.929485456978718e-17
5.354092668838489e-17
5.5416396205354865e-17
5.5494675265996224e-17
6.130362650946688e-17
7.917316687890096e-17
7.807178475613391e-17
7.966307226292088e-17
7.072120540163333e-17
6.446176571153748e-17
6.238002137280498e-17
6.053773704414692e-17
6.309191875192136e-17
5.887478897205931e-17
5.85946042318979e-17
6.570887345524326e-17
6.909110817862281e-17
6.926681205999434e-17
7.211355104545966e-17
7.416726320263293e-17
6.549249982055511e-17
6.532967797294255e-17
8.288571917938219e-17
8.411012487910022e-17
7.952627398818406e-17
7.406888296799954e-17
8.086365191384462e-17
7.273350776778977e-17
8.026573569719747e-17
7.484729524243792e-17
6.976819965429118e-17
6.490642321957332e-17
6.502143964170774e-17
6.180894744952585e-17
6.421438037970832e-17
6.110022907169386e-17
6.271468212620421e-17
6.18734266079605e-17
5.916447265660802e-17
5.959086999974874e-17
5.730638577753529e-17
5.1291437210742496e-17
6.308945670631867e-17
7.050236190417813e-17
7.062944415258025e-17
7.534707409650711e-17
7.644348852495973e-17
7.243091366711973e-17
7.677630089716358e-17
8.991035465651988e-17
8.463071882425311e-17
9.034236045952635e-17
8.879204974115353e-17
8.530985176622369e-17
8.189449176848406e-17
8.207998546498655e-17
7.636459213907526e-17
8.132891385660232e-17
7.760420465171106e-17
7.228152635937363e-17
7.249587076063711e-17
7.752046316928784e-17
8.164372972220193e-17
8.322719446482869e-17
8.37392351289584e-17
8.839987797753393e-17
7.759360182773636e-17
7.551067713606408e-17
7.09042502983672e-17
6.807656803074858e-17
6.204391336717882e-17
5.869477917236366e-17
5.389419003486441e-17
5.841915185732247e-17
5.438349212213571e-17
6.095178961710534e-17
6.03271553010504e-17
5.86082130025273e-17
6.264946389700697e-17
6.902319194857839e-17
6.918573796401147e-17
7.562756416291576e-17
6.804132212195375e-17
6.219282344264444e-17
6.166095252066655e-17
Acceptance rate: 0.2809999999999994
3.6526500311062807e-17
3.7793286353932665e-17
4.070060833135696e-17
4.0939700480480304e-17
3.9828526832062466e-17
4.100313471400091e-17
3.856743964075895e-17
3.647038092500748e-17
3.588162110782231e-17
4.124700585446122e-17
4.2655363546581365e-17
4.0093458223115076e-17
3.6917663783567824e-17
3.517562404266455e-17
3.6629120353388887e-17
3.4912178803407195e-17
3.4765157852062335e-17
3.7292622372452544e-17
4.746389551411231e-17
4.730437273032971e-17
4.517359772862843e-17
4.0809501313726595e-17
4.1118069164966695e-17
4.070055902581168e-17
4.1288982150867247e-17
4.014703194227392e-17
4.222973121800644e-17
4.352119285720872e-17
4.575955326606772e-17
5.0407649799356064e-17
5.56839342657209e-17
5.583038915203053e-17
5.97537394565965e-17
5.941989253707853e-17
5.770893331126369e-17
6.073744116516424e-17
5.586284276389105e-17
5.4298963459805145e-17
5.0298895941740806e-17
5.1245470747876416e-17
5.871036973836487e-17
6.648860615266884e-17
6.841637522773555e-17
8.506567427106254e-17
7.968144681322902e-17
7.952010550907314e-17
6.977416966478614e-17
7.427952118039538e-17
7.478330102586015e-17
7.469024839107453e-17
6.840575823353369e-17
6.882947436794166e-17
6.939804707528082e-17
7.116481107841902e-17
6.159994609141203e-17
6.723550412439597e-17
6.701413228487143e-17
7.182247992784126e-17
7.169046706458302e-17
6.998356602320825e-17
7.646233536958657e-17
7.602966166986976e-17
7.29636957575154e-17
6.942437766742528e-17
7.474056656224417e-17
8.601727350755102e-17
8.967828876657797e-17
8.481297853436318e-17
7.749286135081647e-17
7.538256195005294e-17
7.632798061544611e-17
7.556661738496757e-17
7.87645423437967e-17
7.442102499404372e-17
6.909468381276048e-17
7.534567051201138e-17
8.101843671997236e-17
8.202344078789098e-17
8.421288867078788e-17
1.0266157850866861e-16
1.1472247757066664e-16
1.146055124661242e-16
1.138688650328286e-16
1.266955169065421e-16
1.2050852203067512e-16
1.2539361520990395e-16
1.3183170919400144e-16
1.3214150230906878e-16
1.255511917562632e-16
1.278069141288118e-16
1.1792378888504853e-16
1.1392074958696754e-16
9.915704784321401e-17
9.376133844070975e-17
9.563414425220666e-17
8.897790675481321e-17
9.412175401610861e-17
9.916954567382872e-17
9.709161456733767e-17
9.355507934565954e-17
Acceptance rate: 0.28166666666666595
5.585217571322603e-17
5.3639322836872437e-17
4.808204879773579e-17
5.091520173540648e-17
5.452717539671462e-17
5.89208096973706e-17
5.2881861932857376e-17
4.881592886197529e-17
4.58358059247203e-17
4.4279838750796564e-17
4.618817876311583e-17
4.5313957890499435e-17
4.2585895995348204e-17
4.562481834869166e-17
4.264336907769134e-17
4.1333308943515087e-17
4.136225567315375e-17
4.169166677249201e-17
4.358353611967349e-17
4.430518634347745e-17
4.861249648463673e-17
4.9608152703777304e-17
5.2986462381122737e-17
5.134540579373729e-17
4.8609438348941105e-17
4.553611799124984e-17
5.156585368978797e-17
5.027268933798233e-17
4.587475726966221e-17
4.792258281360888e-17
4.5827848106348594e-17
4.395304484370913e-17
4.2743109916558336e-17
4.2841527306560514e-17
4.533793201961666e-17
4.290043337403389e-17
3.585525636243757e-17
3.528701447803662e-17
3.4455638797342094e-17
3.36007457591975e-17
3.5087656624911375e-17
3.1966635724228515e-17
3.1170938978775986e-17
2.819806597660395e-17
2.7640589099824537e-17
2.7735374039473627e-17
2.5349634438536234e-17
2.324346809050661e-17
2.2044594558719617e-17
2.0031534020933415e-17
2.07582343466361e-17
2.091498005282744e-17
2.3188349554254705e-17
2.1372223592176792e-17
2.4827270335900156e-17
2.5930738911681658e-17
2.318451572693528e-17
2.343339434984142e-17
2.4956720589684317e-17
2.4209930999178347e-17
2.1951339400246797e-17
2.5800472545778242e-17
2.646656047156418e-17
2.6250616973375202e-17
2.533836545078264e-17
2.5509702706764605e-17
2.5005541766838403e-17
2.6352057597717234e-17
2.6698160380619066e-17
2.7383028179403645e-17
2.3345515416402608e-17
2.398126322629573e-17
2.5604689989496165e-17
2.3780565898271696e-17
2.342307282704664e-17
2.153102330518147e-17
2.23977156653234e-17
2.4851996883026093e-17
2.564381352195348e-17
2.6240379263109163e-17
2.6716230583477185e-17
2.833940192264148e-17
2.7151324992532676e-17
3.035736405977164e-17
3.130561070299153e-17
3.1978606684047616e-17
3.182958088491522e-17
3.516627512158711e-17
4.097120005313394e-17
3.796171240424112e-17
3.6232448521692834e-17
3.8100929018324934e-17
3.469384315233694e-17
3.943037004221535e-17
4.1513622473268496e-17
4.227580695736762e-17
3.7473691872947245e-17
3.5442379982943304e-17
3.321554151283901e-17
3.502402656998225e-17
Acceptance rate: 0.2824999999999997
Sampling time (10 samples): 5490.6483 seconds
