/scratch/users/yanlan/TroubleShooting/SM_ISO/Output/AM_PM_ET_220_365_00
5.0111175944634526e-08
2.1278287304180995e-08
9.966968553772102e-09
4.931037229771827e-09
2.2618020018170205e-09
1.179698042675123e-09
5.797056493535638e-10
2.6975054340245876e-10
1.2211159218964725e-10
6.566125570407914e-11
3.587111970555565e-11
1.9797464880153022e-11
1.0822586112542321e-11
5.489896107751193e-12
2.6703326846676653e-12
1.3713026655527486e-12
6.878609069442474e-13
4.2320472312959707e-13
2.6472287620340244e-13
2.062309731566249e-13
1.35224500882195e-13
8.858418338744971e-14
5.793934961447625e-14
3.70774384982867e-14
2.4129313926447916e-14
2.0492364661478944e-14
1.4364054879872025e-14
1.0560780679680883e-14
7.512050925303543e-15
4.846200205770474e-15
3.4811734631662876e-15
2.8826137702800088e-15
2.3084396056497967e-15
1.979352381039298e-15
2.0383983311882545e-15
1.666430585806407e-15
1.0646460642640223e-15
6.805143557015098e-16
4.542943248912228e-16
3.7694865298177894e-16
3.254953627119822e-16
2.9307269598638093e-16
2.0303175138677546e-16
1.6792650224933958e-16
1.3924068637241437e-16
1.1128347418732432e-16
8.825222249655003e-17
9.502517000551424e-17
8.031720995129505e-17
6.318181614075813e-17
5.483525134470707e-17
4.8467464878395824e-17
3.669600409553456e-17
3.23607008708674e-17
2.978357997123966e-17
2.50854840008517e-17
1.901650309783583e-17
1.6193871519242665e-17
1.338776422748718e-17
1.2524251391447232e-17
1.0966173998158441e-17
1.2167934443923125e-17
1.115224673221593e-17
8.638145046352077e-18
8.307648152070587e-18
7.871023851282124e-18
6.650217474609916e-18
6.443111178296056e-18
5.534980433348974e-18
4.637785834022505e-18
4.191240427089265e-18
3.3894902053457035e-18
3.3506044506052154e-18
2.7129597233965066e-18
2.4510970752750704e-18
2.0851927623714232e-18
2.1410555833270934e-18
2.0890982439486403e-18
2.056239661918772e-18
1.929303727608492e-18
1.5403916733988637e-18
1.1644966063850816e-18
1.1526970644082443e-18
1.0138958700823815e-18
1.0633526690437567e-18
9.671401934152656e-19
7.92493857464613e-19
8.224111615509082e-19
8.529369791986935e-19
8.705090943258487e-19
7.961592049617061e-19
7.724590169145949e-19
6.817383412603593e-19
6.287298244088075e-19
6.620417128364525e-19
6.498435386847957e-19
7.675492528378019e-19
8.236856374502887e-19
7.537151306808495e-19
9.015937076529174e-19
Acceptance rate: 0.14950000000000022
5.057755211475633e-19
5.469554801699076e-19
6.761809106289079e-19
7.452868390296578e-19
7.693856732467712e-19
7.79945959448747e-19
7.539162097815413e-19
8.332718134944153e-19
8.572371945298118e-19
9.185149324056406e-19
8.869772542728157e-19
8.074943013407463e-19
7.181702266206841e-19
6.843193223772859e-19
6.770122783064057e-19
6.596146634863058e-19
6.537103733878687e-19
6.545970429081665e-19
6.236743486766324e-19
6.551785883810024e-19
5.869625209294381e-19
5.050934305862201e-19
5.072046288659229e-19
4.632907863121494e-19
4.0347307876368997e-19
3.987838061652339e-19
4.549144679826155e-19
4.186604320071436e-19
4.2030202181330618e-19
3.7486441958813955e-19
4.266861389778387e-19
4.198351829059929e-19
4.253318024932081e-19
4.443692084095706e-19
4.0180643458379206e-19
3.817685192765744e-19
3.520660574476525e-19
3.670754192317917e-19
3.56356898974717e-19
3.878049185873154e-19
4.148127555441813e-19
4.842168879603035e-19
4.137257944884088e-19
4.1614519262164557e-19
4.3363885402697293e-19
5.299291312188617e-19
5.972260806433798e-19
6.422582031647543e-19
6.596790788339465e-19
6.637627953952862e-19
7.016704569191612e-19
6.396591260198033e-19
7.406659875642474e-19
7.556175356348784e-19
7.038234067268741e-19
6.256915637201467e-19
5.58092579628809e-19
5.587280442964881e-19
5.56871626095682e-19
5.86588626941159e-19
5.609323846810058e-19
5.311218302554769e-19
5.149162430791924e-19
4.4457738104163915e-19
4.15586217319859e-19
4.206476214949407e-19
4.1450499711518445e-19
4.527796689474014e-19
4.737044767606089e-19
4.623698041434539e-19
4.594383413895983e-19
5.800009897055422e-19
5.9144831655815115e-19
6.535405626291324e-19
7.0975433057942905e-19
6.664308491320626e-19
5.934900376126271e-19
5.039942611806453e-19
4.348474201943071e-19
4.2621713901530017e-19
5.135086838815003e-19
5.305633061384297e-19
5.012561538742705e-19
5.27866368366349e-19
5.781855533137548e-19
6.189321417575323e-19
5.616908644515206e-19
5.769497873988084e-19
5.803140737918209e-19
5.499966382424315e-19
4.816311064130135e-19
4.578536289701148e-19
4.2854893143466975e-19
4.1099120916391666e-19
4.2433966660920486e-19
4.114264205177836e-19
4.433009638335273e-19
4.528536228751748e-19
5.180503882971036e-19
5.097782976447131e-19
Acceptance rate: 0.2109999999999998
2.829897424434553e-19
3.53606439613236e-19
3.582283127020863e-19
3.6020181687168254e-19
3.907695147812513e-19
4.2185679220788046e-19
3.929461837963228e-19
3.890108429418957e-19
4.504948187390794e-19
5.0929729435791655e-19
5.691282497543301e-19
6.43303051777056e-19
6.126572648159821e-19
6.324891696237448e-19
6.067226004512117e-19
6.953134303630057e-19
7.770481794926735e-19
7.781368351303971e-19
7.790069196519889e-19
7.649931777416431e-19
6.915809678719217e-19
7.035002987712146e-19
7.911373510956357e-19
7.070027663117542e-19
6.871967582912064e-19
7.967618503588585e-19
7.093123582179528e-19
7.12205695207775e-19
6.726676829749453e-19
7.127355175830854e-19
7.21151333766051e-19
6.8226693650208805e-19
6.543075772057918e-19
5.913519851955624e-19
5.349781916445902e-19
5.791018821268135e-19
6.172620856036981e-19
6.050272797073462e-19
6.302543570922825e-19
5.662655224297526e-19
5.894403428339897e-19
6.182806363911863e-19
6.027521457320136e-19
6.112373956127413e-19
5.6874146349220435e-19
6.087863604737783e-19
5.609449687836763e-19
6.31212513893636e-19
6.38997212668386e-19
6.621854646498171e-19
6.590719558239059e-19
6.552776139779912e-19
5.859448281914402e-19
6.656130719117133e-19
6.268787102352725e-19
5.897059200072532e-19
5.48552695773882e-19
6.640600833241483e-19
6.649901717666737e-19
5.792843868778754e-19
5.444962969558006e-19
5.559017857359337e-19
5.429789486430737e-19
5.60439741263747e-19
5.298319102546308e-19
6.06713665229839e-19
5.764671069366186e-19
5.562989139090893e-19
5.97768216169042e-19
5.780885896227171e-19
5.339949927594414e-19
5.004401298159585e-19
5.210721318420491e-19
5.937779506862495e-19
5.643827914138201e-19
5.754925233049654e-19
5.672971178059353e-19
4.904157108343364e-19
4.923545904072894e-19
4.854214337212742e-19
4.733103330874265e-19
4.456031813000777e-19
4.245797241937344e-19
4.883023634251456e-19
4.733142120362253e-19
4.7514989527634385e-19
5.01754722526248e-19
4.880175352772058e-19
4.986380853002295e-19
5.037644950895365e-19
5.089983368762558e-19
4.9781426939661135e-19
5.476346195781554e-19
5.691318654421454e-19
5.395871020041175e-19
5.165669537460553e-19
4.727798915295399e-19
4.6172410008385025e-19
4.729911183389819e-19
4.631967938262887e-19
Acceptance rate: 0.2366666666666675
2.742923661802808e-19
2.742863732641166e-19
2.631459242393135e-19
2.9177790806390607e-19
2.8570907721446647e-19
3.5165356333743466e-19
4.2378214864517745e-19
4.437002048072217e-19
4.64530247247362e-19
5.387803163806758e-19
5.573853187821114e-19
5.434285884446982e-19
5.340059819296693e-19
6.096918572123152e-19
6.127540142193905e-19
5.453733398821902e-19
5.758801537614004e-19
6.267972237155447e-19
6.322631198293663e-19
7.5730293772058e-19
7.355752559666651e-19
7.450748840402247e-19
7.485523924232479e-19
7.625614655843298e-19
8.608888652127667e-19
8.462106552104345e-19
7.414683418454229e-19
7.226669477548047e-19
7.025646071112398e-19
7.38535268397612e-19
7.267533337989435e-19
7.137604480084539e-19
6.0663049275640275e-19
5.59897756466391e-19
5.235659911204139e-19
5.432704479826075e-19
5.380102858012977e-19
5.148672982124647e-19
5.9404957114750995e-19
6.223572578578298e-19
5.797844545469394e-19
6.63581339186329e-19
8.004928875480085e-19
8.934327886071578e-19
9.060000331081307e-19
1.1699185541457936e-18
1.0986284003788085e-18
1.2003313269859708e-18
1.114847804426761e-18
1.072559277567472e-18
1.1155244585346845e-18
1.0239226517868183e-18
9.097828631378029e-19
8.492113558844336e-19
7.619663737259057e-19
8.304648632648515e-19
7.95510471008453e-19
7.57433841290211e-19
7.528354615343348e-19
7.10449951943525e-19
7.129210032660717e-19
7.014660338159134e-19
7.632506741482734e-19
7.065831519576794e-19
6.878631720490898e-19
7.197250643894008e-19
6.794781612244208e-19
7.39007133062967e-19
8.060203274477529e-19
7.958341942019703e-19
8.56932875618388e-19
8.076497896799197e-19
7.881976787135211e-19
8.647043427495765e-19
8.75129441985069e-19
9.260680381266539e-19
8.415779951117577e-19
8.256652528464467e-19
8.018083588153419e-19
8.0526203360876475e-19
7.239082206684681e-19
7.732647869820135e-19
7.5434790362060755e-19
7.016326624435013e-19
6.907927062618773e-19
6.678707848036337e-19
5.9508498906378835e-19
6.782744413581167e-19
7.169886219195376e-19
7.844107770162275e-19
9.006023407787088e-19
1.1237321499462439e-18
1.0205191053186068e-18
9.695649474848225e-19
1.0412615350047724e-18
1.0680949668683016e-18
1.0244616111719488e-18
1.1352783487354199e-18
1.069760758807494e-18
1.0824073146312236e-18
Acceptance rate: 0.24612500000000065
6.227390066978872e-19
6.471057583449523e-19
6.0392714868169255e-19
5.533856681419252e-19
6.232725041671976e-19
6.973105164871829e-19
5.969327940159229e-19
5.281171964458369e-19
5.892847447250232e-19
5.602455038562473e-19
6.235797787277791e-19
6.350716215819447e-19
6.019383436489606e-19
6.811435442719794e-19
1.0062173425371969e-18
1.0915377856806296e-18
1.1258645779066823e-18
1.2161631271481126e-18
1.2046586670464918e-18
1.1131044396966037e-18
1.2131668659674658e-18
1.0518209396614126e-18
9.648601759530158e-19
8.689480704447888e-19
8.073360233009597e-19
8.023934576100436e-19
8.459937364790166e-19
8.25091358208945e-19
8.569096771016782e-19
7.627872129952964e-19
9.286718418250852e-19
1.031451364380488e-18
9.97763705274719e-19
9.45170835852704e-19
9.514410037617376e-19
9.505471494456575e-19
9.750237997039794e-19
1.0964734686570946e-18
1.0152367706864231e-18
1.0189062520075141e-18
9.227549536948009e-19
7.9075337266962e-19
7.621341359072965e-19
7.03938540602051e-19
7.019835815877843e-19
6.741868256186164e-19
6.767567011199898e-19
6.8504671152006985e-19
6.559439152018653e-19
6.206165893822233e-19
5.793138393460599e-19
6.030130974280546e-19
6.246629376388347e-19
6.9044061412690655e-19
6.6827724854158105e-19
7.81643857639337e-19
8.213822757565478e-19
7.441185920490801e-19
8.964711782954971e-19
9.32381219792287e-19
1.1098457575250247e-18
1.1437506204125243e-18
1.0539949090090814e-18
9.962229950352325e-19
9.921754679759684e-19
1.1027446123502237e-18
9.310322340836814e-19
9.004702754168055e-19
7.6097403800623365e-19
7.778699474470598e-19
7.450042842544274e-19
7.767366479226907e-19
7.965493071343738e-19
8.467947635824005e-19
7.846577257858798e-19
8.893647835063057e-19
8.467637283410405e-19
7.853748966497898e-19
7.582142662461705e-19
9.246458058797196e-19
8.69543108767062e-19
8.933120100987957e-19
8.637809086100368e-19
8.287855671338001e-19
8.733917025727875e-19
9.037682168687784e-19
7.739863422106845e-19
7.01474666166314e-19
7.149834393861195e-19
6.987921837379712e-19
6.964489115746593e-19
7.923527495343295e-19
7.498033694375657e-19
8.0952626597126585e-19
8.470895291948385e-19
8.608822011265268e-19
8.035069689175537e-19
7.572110202380777e-19
6.581597087663537e-19
7.416822817272157e-19
Acceptance rate: 0.25430000000000136
4.262123708276165e-19
4.615743496628314e-19
4.882626847625135e-19
5.413690115952945e-19
4.998255991835455e-19
4.921691403979616e-19
5.206231256821514e-19
4.969186462812859e-19
5.31076540792631e-19
5.72534638212906e-19
6.686185361665922e-19
6.367917055591511e-19
7.254623584415526e-19
7.576245093766708e-19
8.428526571217053e-19
8.708694624031777e-19
8.0090522115672e-19
7.92163832072705e-19
7.450462208545066e-19
6.869822512649667e-19
7.369404396387594e-19
6.823566264901411e-19
7.676051616933429e-19
8.461862161651287e-19
7.273295868953822e-19
7.889985422912833e-19
8.435153901808945e-19
8.5103512880448965e-19
9.778787222022868e-19
1.0273675533908095e-18
1.0122185484115233e-18
9.666736369636259e-19
8.314097809691255e-19
8.668000840727114e-19
9.58818980172116e-19
9.43256931823719e-19
1.077284918317511e-18
9.848434444889055e-19
9.348033251096466e-19
1.1902995803296089e-18
1.2317783688756892e-18
1.23276963355643e-18
1.3587111709315729e-18
1.2757438519951154e-18
1.2166662155054882e-18
1.1602466681704923e-18
1.2371839212090689e-18
1.3845323005425748e-18
1.4287608816513457e-18
1.2852486653223542e-18
1.455669103551954e-18
1.4513910545603878e-18
1.5227370938160218e-18
1.4580119960265594e-18
1.6758443032906417e-18
1.6088867322161523e-18
1.6125297369687077e-18
1.7928210223165237e-18
1.5763940581212279e-18
1.5898221730195445e-18
1.9243781252802537e-18
2.1321068723728774e-18
1.982468960415037e-18
1.9558509865847445e-18
1.8564149475384156e-18
1.713474929174032e-18
1.8019132270562226e-18
1.86373595879793e-18
1.8167088422227807e-18
1.800174448210875e-18
1.9441357248702513e-18
2.0684931709659854e-18
2.555217149839037e-18
2.5575457525069365e-18
2.2979725184591294e-18
2.5034166625784634e-18
2.6545268260186228e-18
2.8643606364148216e-18
2.8008800044719835e-18
2.872458889229852e-18
2.5297951139604626e-18
3.0224971658103846e-18
3.477977141333524e-18
3.609755153779546e-18
3.3460466655205433e-18
3.2103753295255432e-18
3.1482109786887366e-18
2.9167370127337393e-18
2.6663108689251745e-18
2.8006371488475133e-18
2.7955402854081537e-18
3.1002938783897435e-18
2.8027604708291504e-18
2.6569087437374702e-18
2.6707762920942436e-18
2.9118176393377063e-18
2.714832668527606e-18
2.5104251742497858e-18
2.475996956524021e-18
2.3151191610588484e-18
Acceptance rate: 0.25633333333333413
1.3802508570460677e-18
1.4163597071530013e-18
1.50891631675096e-18
1.5764306917167963e-18
1.6879004050464438e-18
1.8123983642513656e-18
1.715918410292142e-18
1.8034860669384185e-18
1.9898438970961857e-18
2.2257159074514537e-18
2.6358252344623228e-18
2.5045961714782824e-18
2.374789817786747e-18
2.1742192278093125e-18
1.9770097560448287e-18
1.869378328788649e-18
2.0965621748750885e-18
2.2151285885631846e-18
2.126955063156185e-18
2.2914051873337954e-18
2.448141465170762e-18
2.5268388106301022e-18
3.234170372998019e-18
3.477676645979286e-18
3.099152495902829e-18
4.103969289230338e-18
4.4334784631571e-18
4.5574189822743056e-18
4.593988972593914e-18
5.223061990557902e-18
4.893469615156988e-18
4.885967728556377e-18
4.6975913740448625e-18
4.530136175216377e-18
4.425599004649255e-18
3.8374088742111454e-18
4.072691998706644e-18
4.631377681553801e-18
4.5103860910946854e-18
4.178012992648508e-18
4.119050647158002e-18
3.641583025249856e-18
3.359994165364646e-18
3.514843474180391e-18
3.5843790287522e-18
3.665269227056934e-18
3.3456513378075344e-18
3.492207352887214e-18
3.0507533758624097e-18
2.7721545056021936e-18
2.685112847168042e-18
2.9522026048751503e-18
2.8557481858351992e-18
2.8213415221526478e-18
2.864268890435356e-18
3.1567624208371393e-18
3.631452530409969e-18
3.529260855825098e-18
3.4588676107620205e-18
4.0034765959422935e-18
3.975943018755888e-18
3.982242159656005e-18
3.97115928203307e-18
3.8137213017192355e-18
3.9933072005166645e-18
3.7410946368312894e-18
3.326381581090141e-18
3.752623007228465e-18
4.0435401351891316e-18
4.010690572123019e-18
3.662785018445946e-18
3.506947831223822e-18
3.7714037071467775e-18
3.8317345804289595e-18
3.839744768523411e-18
3.799087432639628e-18
3.551310726319954e-18
3.4722277192408864e-18
3.3277454110418873e-18
3.2621578201394035e-18
3.0730718199579752e-18
2.8962194087941032e-18
2.5680519659664576e-18
2.4547376992428164e-18
2.5276982275534784e-18
2.371657352582834e-18
2.4564394150597147e-18
2.366565267584068e-18
2.6444599175845465e-18
2.578442876451087e-18
2.2806343571129807e-18
2.3171819106924058e-18
2.2675297331112647e-18
2.2138694551346944e-18
2.209331683754171e-18
2.219964295278572e-18
2.366217359336074e-18
2.12635532260508e-18
2.1491207715696256e-18
2.5152024283513457e-18
Acceptance rate: 0.25850000000000045
1.4776774837760461e-18
1.4238636441673126e-18
1.3518113176118706e-18
1.2983048070253551e-18
1.365679316786748e-18
1.4836375489562066e-18
1.4109053750603733e-18
1.3752806494123081e-18
1.6203481730400244e-18
1.5926999765722413e-18
1.5016303597740267e-18
1.620260355241946e-18
1.5993378976394169e-18
1.7535305262851975e-18
1.946332108892262e-18
1.9808030795327153e-18
2.2464912177065725e-18
2.4455461116914807e-18
2.3056592627800546e-18
2.677263827569739e-18
2.425119127396839e-18
2.2929149583802964e-18
2.3687631841289075e-18
2.5624448834004155e-18
2.5960824306938722e-18
2.7165383673501563e-18
2.5138689600273998e-18
2.4182742765044633e-18
2.276446676804204e-18
2.051800827845585e-18
1.7877926705830703e-18
1.5848956605910923e-18
1.5120205767331473e-18
1.3752777702596818e-18
1.4235236723683182e-18
1.3698415585661148e-18
1.281704803070606e-18
1.367776841598039e-18
1.3321733057921969e-18
1.3329339012520397e-18
1.5441211774290992e-18
1.4754017163556707e-18
1.685780758644712e-18
1.5761320920386916e-18
1.5853951848782633e-18
1.6218316237758031e-18
1.8751695781884525e-18
1.727994718936065e-18
2.0145024797917882e-18
1.91645419284511e-18
1.8312243426751565e-18
1.873611708270553e-18
1.8185358835261477e-18
1.5657946196608915e-18
1.620634474565219e-18
1.5542338660440999e-18
1.3798978516707262e-18
1.405574727652155e-18
1.3962281980750692e-18
1.3929773325301666e-18
1.2963710021071405e-18
1.216775833613479e-18
1.2786854550602645e-18
1.2944646519235325e-18
1.5419553913521195e-18
1.7053270454509211e-18
1.849053694318963e-18
1.829799584115155e-18
1.82501651449137e-18
1.7812002056853254e-18
1.7025318471670144e-18
1.79728415567996e-18
1.8705047051001664e-18
1.86751476909676e-18
1.7632313033510734e-18
1.7814850348000562e-18
1.850418158854585e-18
1.8927788042627507e-18
1.976793326255257e-18
1.8046573852929465e-18
1.7604072459380113e-18
1.929263767546137e-18
2.1253725273116563e-18
2.020020705987013e-18
1.686888563865356e-18
1.6173011054387626e-18
1.5585341047746209e-18
1.8007920349824973e-18
1.934979603052762e-18
1.843057141253667e-18
1.9285392594555463e-18
1.84059554526876e-18
1.727405775149584e-18
1.7325581754723855e-18
1.9424556990657476e-18
1.959704814885121e-18
2.171268697224075e-18
2.2965069332322475e-18
2.2477862075034435e-18
2.2318158206835433e-18
Acceptance rate: 0.2604999999999991
1.3275936901498478e-18
1.35544183165931e-18
1.3262086601073216e-18
1.1784982056229637e-18
1.2518012973519659e-18
1.3471467301864624e-18
1.2691154684447252e-18
1.4521553278954372e-18
1.73064633630252e-18
1.7633774994681013e-18
1.971296561876455e-18
2.1817463921024732e-18
2.1203417195883076e-18
2.0419362328954752e-18
2.6269120366945435e-18
2.690096702386363e-18
2.619489300946541e-18
2.6210148096665533e-18
2.76146426703735e-18
2.7934394304063243e-18
2.6293371058976362e-18
2.344224898021847e-18
2.36228910449401e-18
2.2021265192860566e-18
2.1530685271286936e-18
2.338786169454184e-18
2.2880297403657344e-18
2.2487469365401985e-18
2.2969838411743094e-18
2.4751123222850864e-18
2.7858962977875245e-18
2.936066398923937e-18
2.9610051136876883e-18
2.8087702258355106e-18
2.6770059304281614e-18
3.1588215354990473e-18
3.525588048018442e-18
3.58690738844928e-18
3.569946563721686e-18
3.4944008962083034e-18
4.2010494920392625e-18
3.8392272276489695e-18
3.807790253567996e-18
4.484848263931152e-18
4.574804246687746e-18
4.415747663862809e-18
4.1367109418203555e-18
4.04686409845793e-18
3.729424419036362e-18
3.437450485160909e-18
3.0981767596085904e-18
2.923765088671703e-18
2.8986665440900323e-18
3.059808659567591e-18
3.361678769988227e-18
3.231867319945272e-18
3.493911127951165e-18
3.713968633324817e-18
4.229478310362e-18
4.126190814874486e-18
4.0003064682221445e-18
3.899805574841327e-18
4.210727889713484e-18
4.1380225725523306e-18
4.507877168178995e-18
4.441850699967613e-18
4.5093607863281305e-18
4.468244541609653e-18
4.2560834411918e-18
4.758504567501825e-18
4.8246366543688614e-18
4.641091667108155e-18
6.110948105833523e-18
6.207438868011516e-18
5.886353545974866e-18
5.5178552278815724e-18
5.590038612124867e-18
6.107423437655503e-18
5.055935361240501e-18
5.190066764804334e-18
5.455351153943859e-18
5.273169403576395e-18
4.944106863352408e-18
5.0036873038410266e-18
5.290735067326255e-18
5.199710089917924e-18
4.726024499527452e-18
5.02174609392252e-18
4.380073691328045e-18
4.0890113959104e-18
3.882789218405484e-18
3.4321845953896692e-18
3.629960495986322e-18
3.78441761632618e-18
3.637719240149386e-18
3.7330274270766885e-18
4.025787172112614e-18
3.586621755370306e-18
3.279437341076729e-18
3.4486616212453133e-18
Acceptance rate: 0.26433333333333237
2.0582687698845182e-18
2.092225546592248e-18
1.8170639391700023e-18
1.762950297679689e-18
1.7999817797415377e-18
1.7515324797787003e-18
1.5950021775606053e-18
1.557350351424119e-18
1.6726743874130006e-18
1.609102732622284e-18
1.7347096818320056e-18
1.8307276137965466e-18
1.8489341639815812e-18
1.9085650086391194e-18
2.1356507045968624e-18
2.1214456274206278e-18
2.2219455613353173e-18
2.1938735544166477e-18
2.5254540649758946e-18
2.559836354839526e-18
2.496891841452757e-18
2.3963095058868403e-18
2.250927252757253e-18
2.3470608406238977e-18
2.505960820987431e-18
2.361014506373342e-18
2.2445175596262944e-18
2.1488202449384275e-18
1.996232238219679e-18
1.9305488334178795e-18
1.861125499109007e-18
1.886862845852621e-18
1.7794870261754416e-18
1.7085554040031658e-18
1.795307306266876e-18
1.6917388028498413e-18
1.9349236254143617e-18
1.797800326054391e-18
2.087316021557047e-18
2.2452846589805127e-18
1.991442489154086e-18
2.0898904897573044e-18
2.025686859963815e-18
2.029656050924734e-18
2.1321124872838015e-18
2.1670061962070365e-18
2.2944991853066596e-18
2.357547877216491e-18
2.348651078426003e-18
2.279251228074854e-18
2.277220664871525e-18
2.3289386511723736e-18
2.4358406332003788e-18
2.3130023683278835e-18
2.096136533260328e-18
2.1189200532805625e-18
2.383862363135513e-18
2.8192513947761244e-18
2.6916158275518398e-18
2.570439804459651e-18
2.5209507226890273e-18
2.5729390674849287e-18
2.6960888493646338e-18
4.012920123001477e-18
4.1589106882058775e-18
4.194125339713891e-18
4.048456655895505e-18
3.926998464850869e-18
4.272431151989472e-18
4.513254198883111e-18
4.260935118001145e-18
4.574744081865965e-18
5.159908588282388e-18
5.620875001047819e-18
5.093878307654744e-18
5.5101249268178836e-18
5.371244301019789e-18
5.787864289906305e-18
5.642240889244824e-18
5.646524732453043e-18
6.2949673361367655e-18
5.7380920283025416e-18
5.746771064118777e-18
5.5757355165365914e-18
5.357010183631132e-18
5.2002606170404914e-18
5.852983352782492e-18
5.8357410134666935e-18
7.241554060072874e-18
7.50772551851865e-18
7.420933360765277e-18
6.836190797842223e-18
6.837525320726475e-18
7.117277381652635e-18
7.110482302772113e-18
7.069514276304247e-18
7.197172073182492e-18
7.224674518031189e-18
6.515280719012337e-18
6.402031359095218e-18
Acceptance rate: 0.26394999999999924
Sampling time (10 samples): 5303.5935 seconds
