/scratch/users/yanlan/TroubleShooting/SMslope/Output/AM_PM_ET_192_359_00
4.988239464924839e-08
2.2742956588512486e-08
1.223289919589556e-08
6.202015001465026e-09
3.385089968004895e-09
1.8834592618107443e-09
1.1713700456287068e-09
7.051488690622837e-10
4.227456196807713e-10
2.7513159925421665e-10
1.8133606990039397e-10
1.125009084811482e-10
7.443436955244452e-11
4.723095770505088e-11
3.257990836634633e-11
2.1737433584347974e-11
1.4628158434995923e-11
1.022527015332528e-11
6.901284467470376e-12
4.796030851817287e-12
3.937320890808781e-12
3.0018653889642532e-12
2.5244830200966602e-12
2.1249408096157473e-12
1.6706850342132176e-12
1.262678979264152e-12
1.0194235860948503e-12
7.82093962837272e-13
5.589690073131778e-13
4.853466336526481e-13
3.9507614413108703e-13
3.3049934662340823e-13
2.8755554555565944e-13
2.2076009173804153e-13
2.0400009126699168e-13
1.7260203481217506e-13
1.6499345718946416e-13
1.5687285483223858e-13
1.3797402453406257e-13
1.3947734811204576e-13
1.242014456498308e-13
1.0304269175461868e-13
1.0176456276285128e-13
1.0022628086344813e-13
9.527087991872815e-14
9.167928310716399e-14
8.75628446697452e-14
8.221056985368643e-14
7.422245973061803e-14
6.80997880100384e-14
5.792504719039515e-14
5.349396404001221e-14
4.8712615302554686e-14
4.5136378023916306e-14
4.19320226718181e-14
3.534604260750089e-14
3.1605034205323147e-14
2.8981600235479955e-14
2.3670524320541952e-14
2.3409964686928295e-14
2.1546242276902763e-14
1.906289129921958e-14
1.7132503268986406e-14
1.4818428994480554e-14
1.4440936176691254e-14
1.467312356963096e-14
1.492670418610853e-14
1.5333128901595283e-14
1.6482991575658637e-14
1.5215738668077574e-14
1.55784899590062e-14
1.3427346369137735e-14
1.2955524307640139e-14
1.27357909505657e-14
1.2311236569508874e-14
1.1240911991286267e-14
1.0299042871329727e-14
9.96377725416073e-15
1.0248263564577813e-14
1.0218325703145736e-14
8.89413811847202e-15
8.953945926819682e-15
9.503546822752026e-15
8.712641697883804e-15
9.517072859129648e-15
9.03553678180526e-15
9.627809492083089e-15
9.76188624910921e-15
1.0064975469314067e-14
1.0188607312455079e-14
9.057880932192417e-15
8.69611746754957e-15
8.796174027090467e-15
7.745959101364869e-15
7.45721194015895e-15
7.717125799008764e-15
8.490587312297616e-15
8.790706164119833e-15
8.213133018207787e-15
7.772094956331124e-15
Acceptance rate: 0.3495
4.072299278120095e-15
4.234007505357505e-15
4.075682055640236e-15
3.569874698968815e-15
3.414568900574694e-15
3.006303606268494e-15
3.000066309136413e-15
3.048773222040971e-15
3.2082235594457117e-15
2.91959236571679e-15
2.9229719393748213e-15
2.9457530144542077e-15
3.0869537806612227e-15
2.9274112248401683e-15
3.0050978258055053e-15
3.159863746892639e-15
3.3296845915377286e-15
3.3782757576361973e-15
3.079422271963543e-15
3.3043634477916057e-15
3.474721466842433e-15
3.4494197008442322e-15
3.0690607836981835e-15
3.0745291828211055e-15
3.0241337546620565e-15
2.9664795046436768e-15
2.978345579109725e-15
3.0200793111350337e-15
2.9120316539069553e-15
2.8265456707425648e-15
3.0195148276115492e-15
2.8380551256119777e-15
2.2273218394813793e-15
2.61963108090306e-15
2.726570827898223e-15
2.5035314417286017e-15
2.620043187845549e-15
2.566747496916294e-15
2.783126669408792e-15
2.9492225066952e-15
2.5149634388036446e-15
2.2236288378955033e-15
2.0837546090218696e-15
2.010175244802458e-15
2.0697234588404654e-15
2.025708582632192e-15
2.009553225771949e-15
2.1125936413176174e-15
1.913403685563347e-15
2.0448487303210012e-15
2.0678745340376916e-15
1.946357276549696e-15
2.254371897593985e-15
2.200252162284068e-15
2.027376031474511e-15
1.859178618663219e-15
1.7941929936276068e-15
2.15802657450928e-15
2.2673511895062258e-15
2.2276747225260704e-15
2.1037114768689252e-15
2.0431051007957574e-15
1.969302442019124e-15
2.013802286391557e-15
2.0341571324790913e-15
2.029437631486598e-15
2.065941094577008e-15
2.0620249831507497e-15
1.829302044440834e-15
2.2514724556709438e-15
2.3009499639503236e-15
2.65326707930897e-15
2.587715238267138e-15
2.404664016347489e-15
2.4260707899883365e-15
2.664844695979316e-15
2.5588795053271635e-15
2.23828451522842e-15
1.8569030671356588e-15
1.8822262439058934e-15
1.7603750900701786e-15
2.055913431023301e-15
2.0667786806164935e-15
1.9410023527649166e-15
1.6411208850576304e-15
1.6209943476211402e-15
1.8711989964836895e-15
1.831415687794052e-15
1.8334368094674702e-15
1.8929810007955454e-15
1.764023094165243e-15
1.6169850671227442e-15
1.7127337918267142e-15
1.7745986267840235e-15
1.944867319558318e-15
1.9753726156474922e-15
2.1661745576495564e-15
2.152762628357314e-15
2.0717237354175462e-15
1.8364115800274554e-15
Acceptance rate: 0.34300000000000014
1.0183500303994281e-15
1.0050531806091407e-15
9.532908838461683e-16
9.706054990060854e-16
8.907455422285081e-16
8.478426411944036e-16
8.212456361195417e-16
8.047403702433662e-16
7.396315185330683e-16
7.298234672047291e-16
7.389345918529719e-16
8.203517592313474e-16
7.62255576126531e-16
8.777212018969609e-16
9.388224121967886e-16
1.065779849630389e-15
1.1223784631141093e-15
1.338723630369074e-15
1.473948144495267e-15
1.5344807697480269e-15
1.6279672006477852e-15
1.7003025226101392e-15
1.7026392200157135e-15
1.6490606739125544e-15
1.7712475253341254e-15
1.7815456264386456e-15
1.7712209923515463e-15
1.7590595755836239e-15
1.66418198714887e-15
1.5182093418079002e-15
1.4478537097989446e-15
1.4934842407284042e-15
1.4738232903687477e-15
1.4393894840942678e-15
1.5383256342911713e-15
1.7384291308102279e-15
2.085330039412384e-15
2.058992525530657e-15
1.9445670532760345e-15
2.0278002339232525e-15
2.229077038995331e-15
2.0024634575776874e-15
2.25017383799738e-15
2.3192714137810033e-15
2.252337120296409e-15
2.1048919144819923e-15
2.076407634556816e-15
2.1899646512286072e-15
1.981128185127729e-15
1.9884253284250683e-15
1.7128990900944798e-15
1.847886881970378e-15
1.8050882906282845e-15
1.9994335334475982e-15
1.9127542448683567e-15
1.7625511005709663e-15
1.7405404440757763e-15
1.5222126051634112e-15
1.5583304906125694e-15
1.5281410602215644e-15
1.6985526498470745e-15
1.5627054912466475e-15
1.6934700144489058e-15
1.7315782470215079e-15
1.4763182109394012e-15
1.592316062242435e-15
1.5858997426308166e-15
1.7030036265239974e-15
1.7513177432490097e-15
1.842687014818791e-15
1.732454519334163e-15
1.792396529526235e-15
1.6566503367087101e-15
1.5596492738991023e-15
1.5849741167598679e-15
1.6451931693430349e-15
1.6627507196193964e-15
1.8481887773511577e-15
2.173266057842341e-15
2.2052649371563195e-15
2.0450152546859784e-15
2.1245059199267817e-15
1.9698141628392958e-15
2.0297367792315957e-15
1.93508378046997e-15
1.6403204311035757e-15
1.5953406991733038e-15
1.862729171776323e-15
1.8082394299236762e-15
1.844230776918373e-15
1.847782814078305e-15
1.6838644269006068e-15
1.817285838051041e-15
1.8562068507339893e-15
2.1061747045101375e-15
1.894870972022233e-15
1.978846856443076e-15
2.3643907048944662e-15
2.4106577426421054e-15
2.424561253153538e-15
Acceptance rate: 0.333333333333334
1.3527791578370115e-15
1.378468572645934e-15
1.4418947281494796e-15
1.6168926623422849e-15
1.671683080095529e-15
1.8033554803534805e-15
1.8654178399989416e-15
2.141781758376211e-15
2.458569775989917e-15
2.4380206966225303e-15
2.5159273800788833e-15
2.4339945844945673e-15
2.4325691694285e-15
2.3490383622295472e-15
2.370790511301948e-15
2.6394357117247632e-15
2.4712571252807887e-15
2.291514044387021e-15
2.1275513289981504e-15
2.4087646934450917e-15
2.3891753056710287e-15
2.345697615828847e-15
2.342046519556647e-15
2.2027984815581e-15
2.0862440314240338e-15
1.849566439182455e-15
2.1331291989855803e-15
2.071981144435663e-15
1.9943145616350837e-15
1.932994538079948e-15
2.0251008886319333e-15
1.8702414226644636e-15
1.9019227253556653e-15
2.004313756785754e-15
2.15821766853804e-15
1.964711352787773e-15
1.9474801236237034e-15
1.864536893601924e-15
1.7607966417198329e-15
1.8031157538751585e-15
1.9427990165441026e-15
1.943790534602661e-15
1.902472446048769e-15
1.7351651308508711e-15
1.7091235916598653e-15
2.162114615972477e-15
2.184077984809818e-15
1.9685703066190904e-15
1.9476959550131338e-15
2.0540768957922875e-15
2.0384300721989627e-15
2.0720290251027097e-15
1.9745234661620964e-15
1.8006526011108e-15
1.8779098131201987e-15
1.7058040407054135e-15
1.6626451111160512e-15
1.578428462571366e-15
1.4108204879897659e-15
1.3397646999220302e-15
1.3251415437315326e-15
1.3195168562456614e-15
1.319621044089167e-15
1.3854118712722205e-15
1.295675125221124e-15
1.4844013018169017e-15
1.7802516375283124e-15
1.663896903747743e-15
1.5703895086608117e-15
1.4404482631679497e-15
1.333399571802616e-15
1.4039666343223476e-15
1.3517232916686258e-15
1.2674897209699314e-15
1.2122472563406431e-15
1.2982417496405717e-15
1.2637865416030107e-15
1.314126953101368e-15
1.5222987132491015e-15
1.6490044690928103e-15
1.77678756388404e-15
1.807999708987348e-15
1.873929444497784e-15
1.859786428465775e-15
1.6864009818990532e-15
1.7341112707811506e-15
1.8843658525038657e-15
1.899227826819867e-15
1.8098833837503243e-15
1.680383430022792e-15
1.805889862608977e-15
1.7266203495629817e-15
1.7231071311096177e-15
1.796423410079487e-15
1.801668050843267e-15
1.682349225297573e-15
1.7268880738272631e-15
1.6962963420666257e-15
1.705052784119665e-15
1.7303018546987143e-15
Acceptance rate: 0.31875000000000075
9.741526924388408e-16
1.0124477256547856e-15
9.764415660109642e-16
9.70695237480514e-16
1.0008661631946125e-15
9.550260581110572e-16
8.59250265571354e-16
8.851887339149237e-16
8.844581034214013e-16
9.60623416381914e-16
1.000387734327626e-15
9.910723319720238e-16
9.876197095211288e-16
1.0630571463303809e-15
1.0978729250083654e-15
1.0649101847864435e-15
1.0398766909470907e-15
9.348547318488751e-16
1.0042015929561881e-15
1.1236720635048853e-15
1.166092480930259e-15
1.2014421786175387e-15
1.2077771092390034e-15
1.3695649179653818e-15
1.2190039652487497e-15
1.1335073973801206e-15
1.1465421290626004e-15
1.2015440728085232e-15
1.387494286715606e-15
1.5560465562925503e-15
1.7051253934296282e-15
1.7563898874030941e-15
2.2162746673422952e-15
2.1750131512226705e-15
2.2577619891231403e-15
2.0742444887616307e-15
2.137171434672117e-15
2.4196244808175136e-15
2.344680898438532e-15
2.1932940948115556e-15
2.073119561477211e-15
2.1699915074837093e-15
2.1008402698749407e-15
1.939817677504298e-15
1.8353566593686783e-15
1.7826246470087902e-15
1.668212037048532e-15
1.6956165959459035e-15
1.958439671282272e-15
1.7825892817022153e-15
1.8398185454389568e-15
1.6918314674495542e-15
1.580882936512845e-15
1.5555785510671099e-15
1.7200934909423295e-15
1.8143888297326607e-15
1.9397751831972318e-15
1.7993492251292956e-15
1.8701649261490437e-15
1.8276511109588417e-15
1.7528155657710671e-15
1.5842829994120316e-15
1.6086420603833612e-15
1.811998485067542e-15
1.792015327815494e-15
1.938303809339781e-15
2.2259033295630728e-15
2.6350591344458812e-15
2.7830751455974363e-15
3.057228883156272e-15
2.826179072733655e-15
2.8971236469262884e-15
3.1478227644371823e-15
2.9706754902214057e-15
2.7334766938439884e-15
2.841013252770235e-15
2.8344894823481878e-15
2.711061469140472e-15
2.8612238853430185e-15
2.9701928004316404e-15
2.7962834612071374e-15
2.9068572971796745e-15
2.9364415100940103e-15
2.8787602834627777e-15
2.6435765573662586e-15
2.5717130439012043e-15
2.3872342487056405e-15
2.2028153763660584e-15
2.347707119391787e-15
2.3285635423538622e-15
2.167306564278035e-15
2.244457696891867e-15
2.5293188476770776e-15
2.60031854780019e-15
2.4652182719996127e-15
2.505726907588751e-15
2.376281667207601e-15
2.3115186327978025e-15
2.2025706268019726e-15
2.2671466714517068e-15
Acceptance rate: 0.3269000000000005
1.3036106179876166e-15
1.4185271136908726e-15
1.5315839771341815e-15
1.491267270170433e-15
1.5205564049702028e-15
1.6074491357165976e-15
1.732067732273209e-15
1.7143410136209826e-15
1.9175447829662025e-15
1.982562093208334e-15
2.3256761279180634e-15
2.16350129008326e-15
2.3959912135253025e-15
2.2050492845254283e-15
2.258040443709759e-15
2.237869472439968e-15
2.5793951981235825e-15
2.806561087808624e-15
2.5588252170439957e-15
2.6809265778458234e-15
2.7369108753741263e-15
2.9706788220784893e-15
2.7753009669457607e-15
2.8034382851340547e-15
2.918942812309556e-15
2.6560704292215186e-15
2.7448653629918232e-15
2.913272958021108e-15
3.3032918669091027e-15
3.5282786506531094e-15
3.830757380270514e-15
3.719818594918396e-15
3.4796425386707723e-15
3.4810143369690616e-15
3.3434585905372852e-15
3.36342135395874e-15
3.0366554426120793e-15
2.6296030722305348e-15
2.888365649826145e-15
3.035137211176621e-15
2.9800990918358645e-15
3.1510698804272946e-15
3.5237364629217343e-15
3.4987846978174593e-15
4.006012654207601e-15
4.12445452919727e-15
4.066818204775328e-15
3.752371870642648e-15
3.666620029678051e-15
3.3080194060201788e-15
3.2226403758708557e-15
2.9932548667977097e-15
2.8772453578043875e-15
2.6858037404553464e-15
2.4084044360000834e-15
2.2889212552004013e-15
2.2807917397263156e-15
2.1254783142001943e-15
2.186921296319423e-15
2.03809107498679e-15
2.2170711644983426e-15
2.28982205802914e-15
2.9611945864085883e-15
3.1056707848664144e-15
3.5454406682104262e-15
3.2691277089248654e-15
3.3668078182157244e-15
3.4896998437169756e-15
3.1011931998953726e-15
3.1637352969880818e-15
3.21751140133444e-15
3.6635430232594445e-15
4.2421084586316436e-15
3.90156176405228e-15
4.179505173255741e-15
3.788950352593363e-15
3.640909621649179e-15
3.3767753107033717e-15
3.665051844412754e-15
3.6760789453291125e-15
3.861300559887675e-15
3.996787982649378e-15
3.723548548130661e-15
3.867532647505107e-15
3.904689607127e-15
3.683859898254728e-15
4.310940136115606e-15
5.2606589443812285e-15
5.21737226446585e-15
5.252472826423454e-15
5.514160705330086e-15
5.309296968254398e-15
5.129770188192716e-15
5.456504258010802e-15
6.164235484721433e-15
5.3644751656736786e-15
5.153434292858069e-15
5.1686125802609565e-15
5.240722200292211e-15
5.5307747824478966e-15
Acceptance rate: 0.3246666666666682
3.297001350569602e-15
3.254277700006646e-15
3.1676170312093677e-15
3.862285276060464e-15
3.737092192123112e-15
3.628364316988509e-15
3.550075880081433e-15
3.936982375584171e-15
4.8964780834676335e-15
5.369861968879311e-15
5.133760051943551e-15
4.8388004892628414e-15
4.793919198719362e-15
5.2666199381686014e-15
5.2099433046935234e-15
5.068670803368306e-15
5.022823073311024e-15
4.885784160059634e-15
5.06878252740859e-15
5.322639457953144e-15
5.63133670626407e-15
5.499384497999716e-15
6.055991701951127e-15
6.231778104286126e-15
6.4282890950968646e-15
5.982126409872833e-15
5.855369264303871e-15
5.545904987706682e-15
5.227227063834073e-15
5.012776349663533e-15
4.972405529710017e-15
4.919149191763486e-15
4.955579155821683e-15
5.274996911559958e-15
5.1274367013441095e-15
5.124245202557168e-15
4.963863067581538e-15
5.0476080777776506e-15
4.539336364946323e-15
4.917530531537911e-15
4.492182508199188e-15
4.090228170195353e-15
4.5017342338725315e-15
5.129063395694281e-15
5.188034384226539e-15
4.805814013525943e-15
4.291688257113402e-15
4.603487498201083e-15
4.3463604395523276e-15
4.138003477573823e-15
3.886130048773417e-15
3.6032004811362135e-15
4.030799510991541e-15
3.689758780679537e-15
3.935264085329952e-15
4.340589891335425e-15
5.3497945052537265e-15
5.2461606331317635e-15
4.75702190778454e-15
5.083482594877583e-15
4.902904984410935e-15
4.900497725792531e-15
5.4874680614644165e-15
5.513776640271908e-15
5.3438066482922946e-15
5.390681925637579e-15
5.538098570015592e-15
5.2741083698833885e-15
5.643228356213133e-15
5.3187161407565985e-15
4.438603771267144e-15
4.022672479462972e-15
4.317059506435226e-15
4.4198548219790226e-15
4.40176134025917e-15
4.183102255219104e-15
4.560378616938632e-15
4.5140317689581484e-15
4.199852263968536e-15
4.1706383548425676e-15
4.3087729192249626e-15
4.571071360186054e-15
4.5726552576124065e-15
4.60723103013894e-15
4.813571206241918e-15
4.911272701953931e-15
4.8176354656688025e-15
4.5686882107921954e-15
4.366398832991975e-15
4.281732349686567e-15
4.368834035739578e-15
3.755127471917755e-15
3.568037241792031e-15
3.458978432639124e-15
3.632210132015849e-15
3.772273109497262e-15
3.820790760946571e-15
3.3958141053245554e-15
3.7808280352359805e-15
3.98193920099649e-15
Acceptance rate: 0.3261428571428585
2.370415623445614e-15
2.405556556963924e-15
2.2306629516235236e-15
2.1774347064280014e-15
2.179031994727514e-15
2.2154773749364627e-15
2.5049562454796293e-15
2.5359128907956827e-15
2.6648765606977856e-15
2.62425072196966e-15
2.7424935059044502e-15
2.6104425474602815e-15
2.482150173530627e-15
2.5696829416425522e-15
2.733241889381651e-15
2.5842926760832992e-15
2.697583199021241e-15
2.5012226582313395e-15
2.6089346678680564e-15
2.565081684102154e-15
2.8911529938866257e-15
2.8562701288065573e-15
2.9496207177586894e-15
3.0298303895102496e-15
3.202437898724987e-15
3.2927966942753918e-15
3.203632921531032e-15
3.193996894815989e-15
3.2925602851953195e-15
3.567216825994788e-15
3.473265765084587e-15
3.581582931149374e-15
3.622551774799243e-15
3.807141871970952e-15
3.9289626151942445e-15
4.6035962004375575e-15
4.9168174740997525e-15
5.000140093357189e-15
5.106311252304025e-15
4.933448007625011e-15
4.962813450988723e-15
4.854261547760245e-15
4.885339070317146e-15
4.653427539541399e-15
4.7841133062246606e-15
4.712611458715016e-15
4.5384699755118924e-15
5.0120054779120934e-15
5.084593940707896e-15
5.576935332900826e-15
5.346531174942884e-15
5.680248332434977e-15
6.057407795324046e-15
5.871312849268798e-15
5.296310525608887e-15
5.256569494276833e-15
5.5521133205794424e-15
5.452713347721245e-15
6.1054022943870935e-15
6.267677154276953e-15
6.681126536901786e-15
6.568339270282296e-15
6.874170631916472e-15
6.94805575804319e-15
6.8034523689036286e-15
7.182793197913025e-15
7.043906802336995e-15
7.502577287818528e-15
7.3829742975509e-15
7.062191377001339e-15
6.831638032495604e-15
6.884710340285256e-15
7.018831674141861e-15
7.078052899500657e-15
6.974628015832983e-15
7.233452757003582e-15
7.584404502827165e-15
7.183801349230177e-15
6.936227759933653e-15
6.5871655079835155e-15
6.488104867041368e-15
7.067691082438173e-15
7.755792972178119e-15
7.897872453199826e-15
8.376147519911388e-15
7.944483831398729e-15
7.9703377756604e-15
7.749222129730298e-15
7.774486606720236e-15
8.175385154550442e-15
7.818586180549403e-15
8.347958611964108e-15
8.21900193526463e-15
7.96061747742279e-15
7.798886006668654e-15
7.969662521228124e-15
7.851257491401596e-15
7.492395077586339e-15
7.642504124087252e-15
8.337951042766804e-15
Acceptance rate: 0.3260000000000006
4.947552411118398e-15
4.9644188161720956e-15
5.191240517878125e-15
4.9580404582301435e-15
5.100799072001498e-15
5.132781425580194e-15
5.322153733348484e-15
5.046414449087203e-15
5.129249467979593e-15
5.42690139579263e-15
5.3563656687466474e-15
5.846548592039548e-15
5.361200848073587e-15
4.780423296392376e-15
4.709722349360968e-15
4.799453618180378e-15
4.894266793975346e-15
4.70578533973399e-15
5.254101119358087e-15
5.119485097790767e-15
4.791953582256493e-15
4.871652880511127e-15
5.205086127086914e-15
5.512430911309533e-15
5.811731141448282e-15
5.584662763580263e-15
5.837516041876929e-15
5.339946881983151e-15
4.7477145508680625e-15
4.678707819567029e-15
4.347651028774052e-15
4.498495795147874e-15
4.7482110299371496e-15
4.586134034991522e-15
4.354980969297775e-15
4.321290737394795e-15
3.869206424104979e-15
3.50602733563936e-15
3.3939425546901603e-15
3.3236176405624722e-15
3.3812380094559168e-15
3.4224764036808978e-15
3.3307071709581518e-15
3.6060728315655806e-15
3.571566714995626e-15
3.872353871051274e-15
3.997105133929473e-15
3.7873191586294216e-15
3.732407261189763e-15
3.746468545970447e-15
3.595387615140295e-15
3.471105894389577e-15
3.763301555146312e-15
3.650776507917414e-15
3.487601042347928e-15
3.5184072935896133e-15
3.864555298084694e-15
3.856424411686889e-15
3.645597671685327e-15
3.632937537753399e-15
3.780119503861765e-15
4.013415472866053e-15
3.858660056529112e-15
3.735584243854575e-15
4.180323542602968e-15
3.746115104370525e-15
4.0538464608037625e-15
4.3233738107716345e-15
3.964657169513981e-15
3.981231329914549e-15
4.005278704108524e-15
3.57676257612387e-15
3.475056248035031e-15
3.8388933229958955e-15
3.3692216739118303e-15
3.2453952143076017e-15
3.261657206737984e-15
3.6502142903012784e-15
3.695075434437222e-15
3.714721650745123e-15
3.598052682931143e-15
3.359670516961203e-15
3.2037614320448994e-15
3.6610601531866095e-15
3.626922443573967e-15
3.70325165459514e-15
3.782264361144409e-15
3.6913298864872284e-15
3.615758962437208e-15
3.819100598211054e-15
3.909176080795401e-15
4.092580459307134e-15
4.228349946953983e-15
3.853421173387976e-15
3.589450011642126e-15
3.590906394785354e-15
3.516210245347443e-15
3.307200876697651e-15
3.5274970574999676e-15
3.4662705210543837e-15
Acceptance rate: 0.3266111111111112
2.1519963121516766e-15
2.260837186667522e-15
2.186013453351081e-15
2.1781836418260532e-15
2.4347785805643605e-15
2.4839385971925215e-15
2.440800216503022e-15
2.72206982891559e-15
2.525943584500204e-15
2.5707042486663243e-15
2.5419800245652603e-15
2.5209796960441125e-15
2.360915770440425e-15
2.2926192504613352e-15
2.1170727358607137e-15
1.9987412619349835e-15
1.8895754176045807e-15
2.2028920608750623e-15
2.603812208642245e-15
2.596180446752443e-15
2.7723540954373897e-15
2.5980216200734296e-15
2.4361611872178465e-15
2.7816362470641854e-15
2.5078605405209424e-15
2.406612241676261e-15
2.3288541268681287e-15
2.671726746253506e-15
2.4160700352877297e-15
2.7621728553205804e-15
2.915732673010312e-15
3.011450902200393e-15
2.8620847644782254e-15
2.7251880338869527e-15
3.0217876639257645e-15
3.2595591408590224e-15
3.075577862650418e-15
2.7204471626259026e-15
2.972899855733001e-15
2.7974588872238593e-15
2.7271172645367494e-15
3.028361570919344e-15
3.4838458308238614e-15
3.1695242364152874e-15
3.035062824946602e-15
3.192499094932019e-15
3.470799775777192e-15
3.5438121788507858e-15
3.5828961469558e-15
3.805279052739542e-15
3.827936395263478e-15
3.8604311244454396e-15
3.835878055946869e-15
3.6573363950798235e-15
3.912258367525585e-15
4.029660620750716e-15
4.402199438725247e-15
4.584293658837546e-15
4.923505620842187e-15
4.978639853141732e-15
5.381498793157768e-15
5.4658885948636695e-15
6.046603362869258e-15
7.0114940875311935e-15
7.57315788157622e-15
8.026757816566139e-15
7.789326398071155e-15
7.55460522180195e-15
7.157852231696538e-15
6.690614716918337e-15
6.696521019107968e-15
6.394865825250335e-15
6.204431118064251e-15
5.894731168884338e-15
5.9829295199994995e-15
5.7361371752098345e-15
5.390264641687146e-15
6.1561107278952264e-15
6.662401784739942e-15
6.693934055240273e-15
7.101965454146399e-15
6.6186918050123425e-15
5.932875509825939e-15
5.769079248260327e-15
5.758494141534643e-15
5.511252439927168e-15
5.5876151398819446e-15
5.251560334136584e-15
5.0403763039858924e-15
5.032060656885257e-15
5.495251662579801e-15
5.825796252801645e-15
6.268664638235569e-15
6.5001750568372215e-15
6.7632390321811065e-15
6.643777240886001e-15
7.145054907317296e-15
7.087228921433419e-15
6.544990863831739e-15
6.298644934240793e-15
Acceptance rate: 0.32650000000000035
Sampling time (10 samples): 6770.0100 seconds
