/scratch/users/yanlan/TroubleShooting/SMslope/Output/AM_PM_ET_175_336_00
5.011534774834308e-08
2.365502929327647e-08
1.272471228022012e-08
6.52933705699833e-09
3.6150241416334464e-09
1.8543919835457705e-09
9.589996059869372e-10
6.31307681017896e-10
3.7863680461439025e-10
2.143448944925053e-10
1.4397545536887537e-10
9.305142820639103e-11
6.81206209962834e-11
4.1879982392540884e-11
3.574489445209246e-11
2.8720452302975793e-11
2.1247532036955197e-11
1.5443933367505582e-11
1.2099596735425017e-11
8.809807856888457e-12
6.663345714128023e-12
4.800497969641528e-12
3.3861928143241915e-12
2.741831246765982e-12
2.0951480864002473e-12
1.5648971936498394e-12
1.1231860468797078e-12
8.793209989802293e-13
7.842650409361374e-13
6.146985572106411e-13
4.891247307327835e-13
4.0546719437689136e-13
3.317595229345328e-13
2.9112657193247283e-13
2.2605372294686962e-13
1.747573080855339e-13
1.409955452678853e-13
1.3018818525889568e-13
1.0717238808468572e-13
9.475117742881894e-14
7.791867269675444e-14
7.079242094875642e-14
5.918663448387926e-14
5.344800269925113e-14
5.0272669011495946e-14
4.853917245285336e-14
4.670841154375071e-14
4.502530557041892e-14
3.8634632684294566e-14
3.859889503910595e-14
3.567612373877079e-14
3.377959236667848e-14
3.23181659505581e-14
2.864445188833187e-14
2.5219854883628526e-14
2.2253393934915426e-14
2.1776740017677013e-14
2.2545341016379872e-14
2.132357671891315e-14
2.2743188490748596e-14
2.0194379576869633e-14
2.0784226130821834e-14
2.029284615086061e-14
2.126636736609436e-14
1.8607266647501653e-14
1.5861094581883992e-14
1.6699853349407156e-14
1.55906534639981e-14
1.4255509335751995e-14
1.35068695636879e-14
1.3174266910579731e-14
1.2738669321783319e-14
1.1946759241091512e-14
1.1524883354768747e-14
1.0691418430430205e-14
1.0457622248571312e-14
1.0061284443972285e-14
9.712746955623852e-15
7.624993148597033e-15
6.7714901055055635e-15
6.245122926489809e-15
6.437979962513481e-15
6.853334364203966e-15
8.597335661863757e-15
8.210964900635548e-15
8.068706790544451e-15
6.6250701242808825e-15
6.06968380245807e-15
6.417085567209481e-15
5.676967797324191e-15
4.815891554112928e-15
4.42565909751715e-15
4.746934868656977e-15
4.9668936019080635e-15
5.1008390120633616e-15
5.515395078408526e-15
5.515613932380482e-15
5.238410383181032e-15
5.0499467826110686e-15
4.97806407072862e-15
Acceptance rate: 0.30450000000000027
2.5829011958373344e-15
2.3431228571998404e-15
2.2707664701839567e-15
2.0611623063947244e-15
2.2846435682252824e-15
2.064879865685262e-15
2.0236183507740937e-15
1.8884844487487024e-15
2.1252996550983253e-15
2.5211700371287044e-15
2.310738241476059e-15
2.4200838954110586e-15
2.2440022181641288e-15
2.1922733091096886e-15
2.057838123176206e-15
2.18188347065886e-15
2.020393557693535e-15
2.009466308413278e-15
2.1495604982022882e-15
2.3019279910250102e-15
1.923904950455341e-15
1.7055333518328569e-15
1.6682675471164032e-15
2.0809281298308745e-15
2.0710261326915796e-15
1.972904216194052e-15
1.9546277626021874e-15
1.8602181431898825e-15
2.0897294570765113e-15
2.0833366405095713e-15
2.145511235281349e-15
2.0861600453919155e-15
1.8554520811689816e-15
1.9436841698182868e-15
1.9339069000177987e-15
2.2867766759726977e-15
2.496706258802561e-15
2.528573137730067e-15
2.7680162456613154e-15
2.6702836868427556e-15
2.7271255726435693e-15
3.0251107924778474e-15
3.5769837743156e-15
3.3261516037626822e-15
3.1116238289270415e-15
2.8630288322268393e-15
2.9225807182924144e-15
2.9014230106682425e-15
2.840336028067082e-15
2.858511002171532e-15
3.0131306574507396e-15
3.0442507854489415e-15
2.771826168900696e-15
2.7573791561359743e-15
2.5674646431843495e-15
2.465327551115014e-15
2.2354138679618144e-15
2.0579713187552946e-15
1.9876463983468597e-15
2.079035490577455e-15
2.1555114810086114e-15
2.2030297220017545e-15
2.044628328008503e-15
1.9762026391910744e-15
1.9723691939462667e-15
1.9335016385640693e-15
1.7731015530783032e-15
1.6720236970984905e-15
1.755748841457635e-15
1.975860247962499e-15
2.2538859543207513e-15
2.3713356827336034e-15
2.3951818624877905e-15
2.392107031323602e-15
2.6682724862035144e-15
2.1932787790244692e-15
2.1478144098248777e-15
1.8562691545992266e-15
1.8230253840290164e-15
1.7124234806148862e-15
1.6791128408344059e-15
1.686255545377008e-15
1.6554755301328637e-15
1.6558729435407772e-15
1.547161317667931e-15
1.5133712027337389e-15
1.5481279308251203e-15
1.535111055607024e-15
1.4812201085846581e-15
1.4527072364791365e-15
1.2761743101592525e-15
1.349198647983651e-15
1.4311680141728505e-15
1.5254692900892776e-15
1.4047555423671937e-15
1.415168077920563e-15
1.5820367321563566e-15
1.5520228705887537e-15
1.495273588436608e-15
1.5363413371905525e-15
Acceptance rate: 0.3087499999999993
8.537732776548605e-16
8.70959983190007e-16
1.0258741503867906e-15
1.0487431540650896e-15
1.161385764642212e-15
1.0644934305557675e-15
1.001085605746582e-15
9.891316646179593e-16
9.916506055414877e-16
1.1052464145659415e-15
1.0394571923130637e-15
1.1141113744569434e-15
1.1586511987965917e-15
1.1943190240798226e-15
1.3789367771740416e-15
1.385081922867686e-15
1.338375269843113e-15
1.2514890665166166e-15
1.2204508123571122e-15
1.2454679434473487e-15
1.1924981156884013e-15
1.2705777201525478e-15
1.283612342504579e-15
1.423573018440611e-15
1.5055447945694742e-15
1.3487737234378418e-15
1.2780235072980677e-15
1.351080091407692e-15
1.3972264061833766e-15
1.3581368101164513e-15
1.4135807934193366e-15
1.3959950022751842e-15
1.3801947913689397e-15
1.3296218993275655e-15
1.3053217873820721e-15
1.4268181803237317e-15
1.5380336984293286e-15
1.6795141634161485e-15
2.0356313718402232e-15
2.097391301288273e-15
2.066032713214073e-15
2.034597075043876e-15
2.11734174547163e-15
2.169225430731114e-15
2.1010652005036693e-15
2.1886172527093654e-15
2.226021890712528e-15
2.1711904527091554e-15
2.1357189744425527e-15
2.033473924153808e-15
1.8195440358309735e-15
1.7804684076616757e-15
1.8145277104574714e-15
1.727399969367375e-15
1.7501379849704406e-15
1.6577147937297233e-15
1.7399918465819165e-15
1.5777591250984137e-15
1.4530905298881127e-15
1.4460923951428349e-15
1.4618882526885069e-15
1.5949275696154426e-15
1.7155036154021543e-15
1.7923377684428085e-15
1.7632889879641493e-15
2.1268087038201668e-15
1.904722304491888e-15
1.6676569089458946e-15
1.5523538741737192e-15
1.5300006917581864e-15
1.581565784114852e-15
1.6200832463573938e-15
1.6494731041998128e-15
1.816036127676211e-15
1.6951303147939769e-15
1.839358594183312e-15
1.8455249401226777e-15
1.739922260589709e-15
1.8830167134845428e-15
2.0929256051659005e-15
2.0666012070018666e-15
2.125278337300806e-15
2.050618666536195e-15
2.2178867322465343e-15
2.136602743610163e-15
2.276687312466689e-15
2.2672162352888435e-15
2.6819233318414457e-15
3.028354271435751e-15
2.9443958777443337e-15
3.0149980014902902e-15
2.8457802536353056e-15
2.9493422072147387e-15
3.3604955818811016e-15
3.3892344438825084e-15
3.2704494988026624e-15
3.1414363616555878e-15
2.9707671551169976e-15
2.958632001198525e-15
2.7834800660770776e-15
Acceptance rate: 0.3126666666666666
1.6419483062833293e-15
1.830730322350779e-15
1.73875857431598e-15
1.7057424555613904e-15
1.919613872513485e-15
2.173738113618805e-15
2.055144351872204e-15
2.074425624406656e-15
2.2106743017439937e-15
2.264367982785265e-15
2.0529938823895322e-15
2.2689064814778085e-15
2.1562808287161954e-15
2.032942773647747e-15
2.0732566528439914e-15
1.9616035908235253e-15
1.76880654452951e-15
1.8307041175591827e-15
1.8271262134075632e-15
1.803894826775303e-15
1.777613163420225e-15
1.7365635666009663e-15
1.807755126753748e-15
2.017518120116728e-15
2.246737961292944e-15
1.9426035446186794e-15
1.8501779201909667e-15
1.8039184816020485e-15
1.668041746765819e-15
1.8203514560429217e-15
1.953195206888535e-15
2.294346836803392e-15
2.519388224343248e-15
2.5289454140986983e-15
2.65469985240775e-15
2.2833999942652833e-15
2.0561069218360323e-15
1.8937427590964452e-15
1.934255544429361e-15
1.9613360853424346e-15
2.080585829495587e-15
2.024472850962626e-15
2.1513480152479446e-15
2.0746619171177726e-15
1.897686797185061e-15
1.8672821574272614e-15
2.1403775886337642e-15
2.0342664938583767e-15
2.0432049817076678e-15
1.917086212509497e-15
1.9358336380625042e-15
1.9282248989338126e-15
1.8914098778363448e-15
2.034406055358454e-15
1.8919776143164545e-15
2.049086937959368e-15
2.0647538519071525e-15
2.1927545964064395e-15
2.1725007686689932e-15
2.1961019811078644e-15
2.116760404206498e-15
2.1116031901017844e-15
2.0006518352727052e-15
2.3059066391063482e-15
2.190688703610732e-15
2.233641569388564e-15
2.2850686476650065e-15
2.2155371246129997e-15
2.1545114229925317e-15
2.0828753810749106e-15
2.079706068514619e-15
1.935543679234741e-15
1.7319086096004067e-15
1.6991479939053689e-15
1.6933397020257318e-15
1.7184044500805272e-15
1.7148730121801233e-15
1.6918239050264983e-15
1.8404125951754957e-15
1.6869338955060981e-15
1.8053555928159414e-15
1.7310302874567375e-15
1.7022353623588508e-15
1.6478194071442195e-15
1.578525123277144e-15
1.5669732095680946e-15
1.6045703089660257e-15
1.6232914618481427e-15
1.680773333575204e-15
1.52102694551698e-15
1.302594071680546e-15
1.257008949608517e-15
1.2618852157991997e-15
1.2878156936499001e-15
1.196473366826519e-15
1.0994831221515894e-15
1.0300763117928827e-15
1.1387698765059508e-15
1.062781672804425e-15
1.0474323452946365e-15
Acceptance rate: 0.3105000000000008
5.974087496114955e-16
6.143328405442145e-16
6.318765670117535e-16
6.11316381582869e-16
6.340925997465336e-16
7.614324518711246e-16
7.201492345838945e-16
7.548047558472527e-16
7.027158063770212e-16
7.800260783016994e-16
7.866676205388391e-16
8.191812858050448e-16
8.548994055304841e-16
9.00619891618995e-16
1.0418831648033846e-15
9.619941683370654e-16
9.68540180717189e-16
1.0238880218961833e-15
9.878638777989473e-16
1.0052403730056063e-15
9.673493445595128e-16
1.0436425022275814e-15
1.034492216690971e-15
1.0812478706837448e-15
1.1085028371522327e-15
1.358203998779856e-15
1.3493805729532597e-15
1.5115049563694459e-15
1.325617839130872e-15
1.3055099437221063e-15
1.2728760121777204e-15
1.2315184626707385e-15
1.0386318644088577e-15
9.79851598146395e-16
9.986386686783762e-16
9.77665494658467e-16
1.036899087308314e-15
1.0573133363944649e-15
1.235942281845381e-15
1.3210834966438744e-15
1.4048523635214969e-15
1.522814375720394e-15
1.4480352290341726e-15
1.4185452221283047e-15
1.482448765953346e-15
1.6026159467555142e-15
1.6461997800793666e-15
1.779472815503114e-15
1.7771444424318597e-15
1.7399283269047178e-15
1.7964012157962497e-15
1.7921553002766886e-15
1.8269405225992923e-15
1.7793363107653995e-15
2.010994400273303e-15
2.124334613935421e-15
2.2801440235760576e-15
2.036977933520354e-15
2.191799093756025e-15
2.3946343693364008e-15
2.630565588590631e-15
2.902104236559876e-15
2.9369592228995873e-15
2.762932942651544e-15
3.1213741680748825e-15
3.0866861238719656e-15
3.004023993016672e-15
2.994528629136796e-15
3.262043824057083e-15
3.229164160760956e-15
3.789299312089726e-15
3.794594572036328e-15
4.474440121441349e-15
4.211269489396125e-15
4.576145600213795e-15
5.218155343325007e-15
5.372469399202123e-15
5.495958166570743e-15
5.530080067868246e-15
4.904161768490496e-15
6.348318914117574e-15
6.355599109484717e-15
6.884455342069453e-15
7.213377324826219e-15
6.8056808693679114e-15
7.361991813112874e-15
6.547048029106212e-15
6.156690232548213e-15
6.465541183129528e-15
6.43888329522658e-15
6.335792454876468e-15
5.656177709520801e-15
5.551761366335827e-15
5.059909725362883e-15
4.272527383284418e-15
4.374186887201377e-15
5.301150702379944e-15
5.29998634100435e-15
5.459806559754652e-15
4.4528527919623105e-15
Acceptance rate: 0.3053000000000013
2.6130618759000453e-15
2.445317972697248e-15
2.4729841214753796e-15
2.5442884166204896e-15
2.7386566427157768e-15
3.1701625872330902e-15
2.9557693005885747e-15
2.476428097058414e-15
2.2482854839225416e-15
2.630382936264618e-15
2.6024896963499487e-15
2.837627703944135e-15
2.8801659758818258e-15
2.676478626095746e-15
2.5292927166722096e-15
2.803582596537184e-15
2.7758456857174807e-15
2.706760286037165e-15
2.767352457012204e-15
3.106663927503722e-15
2.865735613773998e-15
2.6415872565728353e-15
2.8665320734114464e-15
2.7678934215525373e-15
2.8617509973935608e-15
2.9466921874644068e-15
2.8940725316942307e-15
2.6513451616032384e-15
2.4186656846090365e-15
2.3417574770112155e-15
2.3399862989644424e-15
2.3030615705106262e-15
2.2106138608463033e-15
1.9633535049674386e-15
1.833231835707329e-15
2.0741999482256945e-15
1.967492312603678e-15
2.031089941337767e-15
2.2148099873580766e-15
2.3293097405321297e-15
2.4322205331885322e-15
2.3958865799882454e-15
2.7357345930419596e-15
2.6366885588666918e-15
2.5979900314938847e-15
2.847001332294852e-15
2.5754959371758137e-15
2.518343680493084e-15
2.875170842894007e-15
2.79190434101457e-15
2.8825945923151696e-15
2.9396183458582473e-15
2.959669814497859e-15
2.902435309524556e-15
2.466939654858909e-15
2.829852523721247e-15
2.795826813600466e-15
2.664622915223498e-15
2.782039320264673e-15
2.866092905422194e-15
3.040019887471984e-15
3.0530395745996177e-15
3.11839807680469e-15
2.9037012597859047e-15
3.3257105430690575e-15
3.3486568754321124e-15
3.071282241498289e-15
2.927990591939939e-15
3.0166263089012364e-15
3.287568588416354e-15
3.174322475885479e-15
3.055800143899198e-15
2.9476266875208413e-15
3.523772748080488e-15
3.8949547278105874e-15
4.096247171973862e-15
3.98889367768775e-15
4.18968439321686e-15
4.58752636927682e-15
4.7745712884271095e-15
4.682891982080863e-15
4.4624111016486645e-15
4.14484716698336e-15
3.905373056240015e-15
3.887121889169046e-15
3.8176294918610725e-15
3.763519693726182e-15
3.996771213176396e-15
3.950475763466732e-15
3.888239688992811e-15
4.298893701473803e-15
4.251648827333208e-15
3.916209121180071e-15
3.7720220691269784e-15
3.8370865430803386e-15
4.0753732995516564e-15
4.296624499846206e-15
4.038875940810004e-15
4.4999295059858574e-15
4.851995005312689e-15
Acceptance rate: 0.3028333333333342
2.844926209660135e-15
2.783247264913875e-15
2.7165315768244555e-15
2.6664451348866603e-15
2.882976628385396e-15
2.700736077951906e-15
2.910409902023076e-15
3.278194781954764e-15
3.228158610035903e-15
3.2962353261350337e-15
3.2744173834174186e-15
2.9559710996942702e-15
2.964018070104518e-15
3.1616898946541227e-15
3.3637883662471545e-15
3.475105497849901e-15
3.410672082602421e-15
3.4071539883023025e-15
3.905263753915093e-15
3.660034883865095e-15
3.3160652661940742e-15
3.2558794531753837e-15
3.5220799739251035e-15
3.386363001952294e-15
3.4411215507877142e-15
3.583272568142292e-15
4.0712274972482545e-15
4.3964041501832156e-15
4.26286531836548e-15
4.58678457986698e-15
4.314718182277263e-15
4.8060063938292445e-15
4.96885221253032e-15
4.928486445185443e-15
4.617077120357485e-15
4.473162874422419e-15
4.1748476859773e-15
4.485698895233221e-15
4.2626734859678555e-15
4.481681018070646e-15
4.415997584796216e-15
4.592592882429788e-15
4.499870703959775e-15
4.649575296778274e-15
4.20442330884803e-15
4.173138136275289e-15
3.9949257159234615e-15
4.064334404355136e-15
4.009263670175857e-15
3.7524338581825065e-15
3.779106956828909e-15
3.9170847434910985e-15
4.2673698741591545e-15
4.103633195712902e-15
3.551027031415011e-15
3.330667594504458e-15
3.2055918366427537e-15
3.1755044806938115e-15
3.4238026615687466e-15
3.1050551510246653e-15
2.774227172144258e-15
2.752917006099679e-15
2.649583071207683e-15
2.4888258532232638e-15
2.281303868552041e-15
2.25661130569736e-15
2.120563532307283e-15
1.955258565557191e-15
2.1019796584932145e-15
2.084743199908151e-15
2.0325479553533247e-15
2.0996256396056237e-15
2.122186340290472e-15
2.0904611623534934e-15
2.1672598177476637e-15
2.4287547369401697e-15
2.4784741801135584e-15
2.2424843231303556e-15
2.399684591329596e-15
2.468176301350903e-15
2.8277047396919977e-15
2.8430699679597098e-15
2.6386733687788324e-15
2.9378657601498695e-15
2.998051914005052e-15
3.010787162218013e-15
3.270686601306544e-15
2.8030091550206712e-15
3.2876091800428564e-15
3.2851012680050014e-15
3.2299835380179284e-15
3.2222859460117718e-15
3.3115228560435814e-15
3.264259885745453e-15
3.2524071868258865e-15
3.1767437625111247e-15
2.8708849530059033e-15
3.0266431316054606e-15
2.7965875431785513e-15
2.9201366132883327e-15
Acceptance rate: 0.3060714285714297
1.7578170431259317e-15
1.95893838762529e-15
2.0248538332424016e-15
1.9534543134976655e-15
1.787677108513729e-15
2.056152267848942e-15
2.1773312964273696e-15
2.1124577420228993e-15
2.009830905495161e-15
2.040415818076276e-15
2.140370844323578e-15
2.4299312628824333e-15
2.571174131648969e-15
2.661834840311495e-15
2.7948836736632416e-15
2.4808582477516803e-15
2.3419697185698328e-15
2.4098232973036817e-15
2.580168232186496e-15
2.3735537154626123e-15
2.3250516149420226e-15
2.5586048997171966e-15
2.291352453427168e-15
2.0049118566924886e-15
2.109686614093466e-15
2.08893302142467e-15
2.4603173816201674e-15
2.7591759376801604e-15
3.0111391511418628e-15
3.0909487800759607e-15
3.2559876038688223e-15
3.1949225085630053e-15
3.170511904209527e-15
3.0851964164968273e-15
3.12358656135048e-15
3.2640387231417635e-15
3.395553470549158e-15
3.237176699740256e-15
3.0067544790189996e-15
2.8677724444597447e-15
2.8925868892337215e-15
3.0096130734899418e-15
3.075751849562925e-15
3.1503918505993307e-15
3.103440196431119e-15
3.2692728398519508e-15
3.4972591697296456e-15
3.723414542409528e-15
3.9391681836410664e-15
3.780010687607839e-15
3.852041933441726e-15
3.694321192662958e-15
3.781154765837711e-15
3.803294420004704e-15
3.594698657034422e-15
3.7866579562687394e-15
3.687645303033811e-15
3.4449219990933823e-15
3.066854818719277e-15
2.8220151324719025e-15
3.2212011571179027e-15
3.012385470393716e-15
2.954427057873443e-15
2.7235809202249833e-15
2.4995808904418537e-15
2.6251619438821296e-15
3.0739783156308574e-15
2.733265778117705e-15
2.698462067593393e-15
2.57250961245019e-15
2.7562204793208913e-15
2.551793901344062e-15
2.3642098684073066e-15
2.1034483911911218e-15
2.2657594856407602e-15
2.1015332663479778e-15
2.015008795463288e-15
2.0614131446439188e-15
1.9537906810612475e-15
2.0162131412255505e-15
2.073434933662369e-15
2.126510369819371e-15
2.284544837445476e-15
2.1583769342518553e-15
2.1187434767865964e-15
2.3725525897862713e-15
2.492493948891395e-15
3.03916773931545e-15
2.924788606693433e-15
2.6449830956411917e-15
2.5691138031840242e-15
2.6298005770402177e-15
3.0054062073900024e-15
3.027158702386178e-15
2.815739755046833e-15
3.0344311479770874e-15
3.3474741331066293e-15
3.678809001841835e-15
3.531605150482394e-15
3.455367358011573e-15
Acceptance rate: 0.30431250000000193
2.0439038479755396e-15
2.0384704937773308e-15
2.1313352354971797e-15
2.275832429141311e-15
2.2484136844992602e-15
2.0984559840442332e-15
2.2567828614088194e-15
2.0217544166046162e-15
2.092754169039155e-15
2.0076498945240126e-15
1.987358524446261e-15
2.448957275123546e-15
2.470287076310325e-15
2.822669869631009e-15
2.971299690680219e-15
3.0551708854025058e-15
2.802270547454606e-15
3.0806187042678296e-15
3.0673013866542016e-15
3.0101821592539588e-15
3.0920247053966563e-15
3.3200762821346465e-15
2.8313605822682916e-15
2.711308793458375e-15
2.836384779766546e-15
3.4524239463991835e-15
3.583867182756072e-15
3.5009417318571755e-15
3.206690890522471e-15
3.3382311351806452e-15
3.4927994562393963e-15
3.547373602501685e-15
3.707466895317178e-15
3.952289457690095e-15
4.117027426442215e-15
4.133967469026967e-15
4.6613715613238884e-15
4.433431645352076e-15
4.0899787942158585e-15
4.0179160991102055e-15
3.9937331069235306e-15
3.65181997405567e-15
3.2858348718752252e-15
3.2707226558078866e-15
3.2217662141676754e-15
3.5086788214972583e-15
3.633567951939601e-15
4.288563149751228e-15
4.556667260025499e-15
4.558871318525394e-15
4.835013515478261e-15
5.214063989446361e-15
5.2236218214174015e-15
5.964271935783252e-15
5.4525684759554514e-15
5.886495535067394e-15
6.906189255849296e-15
7.478129921228844e-15
7.392657684814835e-15
7.038302880690812e-15
7.097360156683545e-15
7.821917760337595e-15
8.058453599706425e-15
8.44696738223216e-15
7.683317988601276e-15
7.353786676945248e-15
7.168619302293443e-15
6.046798290859343e-15
5.9689623163026825e-15
7.044166100124838e-15
6.438947786528941e-15
5.977679779487658e-15
6.835300509413912e-15
6.916676296262157e-15
7.252509444817946e-15
6.9879303057738085e-15
6.653253959993619e-15
5.830992820105308e-15
5.338696373586898e-15
5.083358849726155e-15
5.179496282797383e-15
4.844341799626907e-15
5.1690594665922776e-15
5.230833140930577e-15
5.184697260324972e-15
5.082209930068397e-15
5.081032633194836e-15
4.7632877597846265e-15
5.460676371417806e-15
4.9697290277459276e-15
4.8181924554348555e-15
4.790000915223972e-15
5.118253616911917e-15
5.1727644926051524e-15
5.7518617036927826e-15
5.417443871665944e-15
5.352525876969197e-15
5.254360003230301e-15
5.462925659131613e-15
5.37280731875784e-15
Acceptance rate: 0.3033333333333349
3.2203615056134773e-15
2.8408992181474404e-15
2.9117755384203303e-15
2.7419071157323482e-15
2.935858316364251e-15
3.120162368118675e-15
3.025725050633328e-15
2.889719184662128e-15
2.6964863203890224e-15
2.760440559334583e-15
3.2018966190044497e-15
3.594565546384437e-15
3.706278791359134e-15
3.611617661669756e-15
3.69609961213526e-15
3.5599216393460865e-15
3.701912563507619e-15
3.5693746387279916e-15
3.391768971221387e-15
3.614238118222613e-15
3.5049431134244467e-15
3.3759225882876715e-15
3.505655551320381e-15
3.7858503888374585e-15
3.851627882798237e-15
3.823416141122651e-15
3.751510519016184e-15
3.5641911903766675e-15
3.572809199057624e-15
3.5468368980336873e-15
3.7646311527530334e-15
4.1624259278257976e-15
4.207286657100744e-15
4.047088628592251e-15
3.8873869394795774e-15
3.643671819667835e-15
3.880823922330148e-15
3.918923144296972e-15
3.764990718764021e-15
3.681269472057781e-15
3.709812015323358e-15
3.4592345931034336e-15
3.1493677603186652e-15
3.60575265585787e-15
3.666664007148168e-15
3.7500963672334536e-15
3.780597782321256e-15
3.4334035088471203e-15
3.2723618960184733e-15
3.4390223013060488e-15
3.621409660781259e-15
3.434285667594691e-15
3.7462325203271616e-15
3.7499803553499815e-15
3.508152785057142e-15
3.5121265467035443e-15
3.5448938817185256e-15
3.691653392926845e-15
3.7785772139677704e-15
3.4688912217527815e-15
3.3036539489733086e-15
3.196493867898307e-15
3.645707508456566e-15
3.663547561480426e-15
3.718433791387386e-15
3.557195636739935e-15
3.7211818129408466e-15
3.569554682960018e-15
3.9627885143342946e-15
4.2287654775912435e-15
4.29894258580313e-15
4.738006229634672e-15
4.450186927214215e-15
4.603249445991522e-15
4.599468208714102e-15
4.3136495902695225e-15
4.125774498332771e-15
4.116562359241936e-15
3.8898687491476e-15
3.85503900248391e-15
3.73562430959377e-15
3.6570070551555606e-15
3.865578133192635e-15
3.863339850327826e-15
3.6309121540705034e-15
3.450442460103204e-15
3.5590369601813434e-15
3.4934893150341557e-15
3.824830302891278e-15
4.124051237038295e-15
4.495438277559182e-15
4.5777626781432155e-15
4.287253951883332e-15
4.376636277530514e-15
3.987359124996286e-15
3.862163767157841e-15
4.039015619323164e-15
4.005310183517611e-15
4.492962845913798e-15
4.612140033973886e-15
Acceptance rate: 0.30170000000000197
Sampling time (10 samples): 5645.9831 seconds
