/scratch/users/yanlan/TroubleShooting/SMslope/Output/AM_PM_ET_197_322_00
5.0515848136644664e-08
2.3046558344184985e-08
1.1445741106114376e-08
5.8103647380246664e-09
3.3684186473010853e-09
1.7765840247944354e-09
9.72588679196909e-10
5.550889110146516e-10
3.2602057126263675e-10
1.99868389418809e-10
1.1933294861565718e-10
7.330411395794411e-11
5.0040268758273885e-11
3.6382120318709954e-11
2.722312567512174e-11
1.8030472197109388e-11
1.2444036650264459e-11
9.615258161991727e-12
7.098184954881397e-12
5.364304167957438e-12
4.032953337215409e-12
3.418167104525393e-12
2.5166737705135955e-12
1.939633432771643e-12
1.434616455343971e-12
1.0734350578253163e-12
8.760890799831946e-13
6.751098995830967e-13
5.708866178254362e-13
4.753781554504078e-13
3.9946708345856774e-13
2.9777275493927156e-13
2.388287922261993e-13
2.082262748663094e-13
1.795873534241116e-13
1.4569265753266047e-13
1.4290322642071945e-13
1.26319531395774e-13
1.1406126032079474e-13
9.328007006509692e-14
8.521018988602268e-14
7.903543265267169e-14
7.314062581513656e-14
6.063583466480503e-14
5.273980616899194e-14
4.646619959771236e-14
3.705067467688672e-14
3.222930442454389e-14
3.508962520330673e-14
3.1942951994116656e-14
2.837548300332822e-14
2.7280899656548743e-14
2.480163970870853e-14
2.2526874023371106e-14
2.219405366359909e-14
1.9680447386743037e-14
1.9725845434564296e-14
1.9866019234900688e-14
1.8072411682207028e-14
1.585790682724858e-14
1.4262830347015775e-14
1.2988194490309628e-14
1.2954523121880052e-14
1.2157062979307897e-14
1.190257865733e-14
1.337224877227689e-14
1.3918880551411821e-14
1.3769692981339116e-14
1.2426260975562765e-14
1.206305050503174e-14
1.300903121729281e-14
1.3834442850227821e-14
1.189299757513648e-14
1.0309071589764063e-14
1.0435579290907353e-14
9.434277846461528e-15
8.667329359669291e-15
8.330663449931954e-15
7.528060220965743e-15
7.079443233639496e-15
7.997437644143509e-15
7.322939324536193e-15
7.471466298189957e-15
6.860173852430764e-15
6.5150441974961755e-15
6.9524556359792495e-15
6.988337844430828e-15
7.143023748997957e-15
6.7784058418711856e-15
6.212997225974737e-15
6.372810621552546e-15
6.799093658654309e-15
6.693575102744522e-15
7.160864153015424e-15
6.789152927107697e-15
6.631762947560483e-15
6.801558877515637e-15
6.9788342319471744e-15
7.473793403548991e-15
7.092165035888533e-15
Acceptance rate: 0.365
3.748676739152389e-15
3.650523262543692e-15
3.7077212862865485e-15
3.512324657700399e-15
3.3541509606908963e-15
3.2952385904992773e-15
3.300957102273043e-15
3.023529893850349e-15
3.2092767880434768e-15
3.0738531560757147e-15
2.994975766190277e-15
2.9025259029974078e-15
2.6102872027246737e-15
2.393553726718688e-15
2.412748463620078e-15
2.723481890671566e-15
2.5217731606183153e-15
2.6861372068079454e-15
2.924442326052976e-15
2.807979772672194e-15
2.82151391548737e-15
2.8889036314936397e-15
2.764578435201798e-15
3.0889005940405764e-15
3.1008938462897413e-15
2.961779495081078e-15
2.6314536000944704e-15
3.041900835960274e-15
2.9257330752628498e-15
2.5688755264420248e-15
2.5498829367393292e-15
2.6576114484949918e-15
2.7517731672307187e-15
2.9360003157279687e-15
2.70854854529166e-15
2.783026285521309e-15
2.921465822035711e-15
2.911112259316477e-15
2.704723355913362e-15
2.885083266775064e-15
2.958912528890685e-15
3.019079062718602e-15
3.002351757316375e-15
2.7792936596842888e-15
3.1048871289334675e-15
3.1276279272605124e-15
3.5267342522460562e-15
3.2857825345900198e-15
3.218676644724548e-15
3.2823698152943084e-15
3.375412179011059e-15
3.570397656541952e-15
3.821710784586199e-15
3.960438271976957e-15
3.563258780592861e-15
3.3529033497273743e-15
3.518962287396248e-15
3.295314087934123e-15
3.38257910512796e-15
3.523336902555258e-15
3.842265784199986e-15
3.6709432432333885e-15
3.512660078731902e-15
3.734699816795763e-15
3.874943788758954e-15
4.821304589716727e-15
5.260362479129346e-15
5.399372633193533e-15
5.255021574000063e-15
5.307212115854814e-15
5.655240449600652e-15
5.517608303000551e-15
5.779997524397254e-15
5.4517629164429855e-15
5.413994283216665e-15
5.423494618190967e-15
5.058744539807091e-15
4.8639429700554555e-15
4.9120058340759385e-15
4.791192933308234e-15
4.857777016307356e-15
4.252363642173089e-15
4.321503419853647e-15
4.140347646082942e-15
3.587608243510136e-15
3.7094203124425644e-15
3.8423905009647e-15
3.933823589385447e-15
3.969007666634375e-15
3.820037954726464e-15
3.639226349782416e-15
3.4579459054946884e-15
3.8049067119001746e-15
4.172255438778096e-15
4.756288916028812e-15
4.7846810230364085e-15
5.1787122897552635e-15
4.926949428956529e-15
4.859178696258002e-15
4.61029573031059e-15
Acceptance rate: 0.34150000000000014
2.518861503922696e-15
2.6878169482836747e-15
2.9961081087111137e-15
3.0396925309202716e-15
3.266294047597158e-15
3.4135208817344465e-15
3.4003137208724604e-15
3.2267008301580124e-15
3.541263494333187e-15
3.760327102427531e-15
3.736306561652617e-15
3.940889546967757e-15
4.158146702385942e-15
4.5767908992943984e-15
4.6216903484807575e-15
4.868400252920196e-15
4.746968651921449e-15
5.084251744795115e-15
5.513679318407752e-15
5.393421761460172e-15
4.94299477939689e-15
4.766856723376802e-15
4.4628925038713126e-15
4.9876237771726504e-15
5.769426578624686e-15
6.159509685702332e-15
6.265623137993766e-15
7.003920206611094e-15
7.605765666466618e-15
7.033498855333854e-15
6.592624805005187e-15
6.942951555536198e-15
6.5220383446380454e-15
7.752055170537449e-15
8.284988687242922e-15
7.268944986623231e-15
7.88654604800109e-15
7.834455272333579e-15
7.451357639680127e-15
7.626528309156908e-15
7.607908458577136e-15
7.275653062215667e-15
6.783162360619404e-15
6.4807696726217365e-15
6.076852060985587e-15
5.8757151101184885e-15
5.861843789076735e-15
6.1393874168497544e-15
6.0455234551991525e-15
5.2177238154638565e-15
5.039143666150207e-15
4.717000119998439e-15
4.3558609788512824e-15
3.9712508878075e-15
3.7952066248712116e-15
3.60787904606943e-15
3.590808430971699e-15
3.941020364675303e-15
3.745348439240369e-15
3.813044521597377e-15
4.2981047555826236e-15
4.382646575499161e-15
4.077060608555234e-15
4.084974202135876e-15
4.02695160532165e-15
4.062673367111484e-15
4.283170429102678e-15
4.267472582462286e-15
3.90949313032739e-15
4.3428233827907674e-15
4.544321935744376e-15
4.453098765817254e-15
3.87235224871159e-15
3.574635908266139e-15
3.444372308086284e-15
3.163492061172763e-15
3.006729008133312e-15
2.8158942974101485e-15
2.948662880225046e-15
3.3999854767428646e-15
3.4064923858621566e-15
3.3984186876865573e-15
3.5883344544707056e-15
3.35843385024485e-15
4.052932287525827e-15
4.080438899773968e-15
4.05761294719289e-15
4.3546050181921194e-15
3.59000768149123e-15
3.3629531672374373e-15
3.590994703533527e-15
3.4966264794324047e-15
3.843364618218098e-15
4.015467280989806e-15
4.104978482192884e-15
3.6841101837059184e-15
3.737748160984868e-15
3.709972765763646e-15
3.8275284675068615e-15
4.052782563178993e-15
Acceptance rate: 0.3291666666666678
2.2458847978596453e-15
2.226141857447024e-15
2.4891714411358125e-15
2.681647105623275e-15
2.7853234629827157e-15
2.7433021657856978e-15
2.8521344079653515e-15
3.0928902247236226e-15
3.1526023950673446e-15
3.4351178227656604e-15
3.770469930246037e-15
3.8955921622298765e-15
3.8792693994539116e-15
3.8647507520293354e-15
3.707874584925477e-15
3.912424269529274e-15
3.845574014407934e-15
3.6398660149122815e-15
4.3787754187753074e-15
4.00547826583332e-15
3.876747183437021e-15
3.777950054817268e-15
3.988470945972562e-15
4.278544416521738e-15
4.5419851572952606e-15
4.6157999186058475e-15
4.371919539348984e-15
5.087337166771464e-15
4.869911161891059e-15
5.440075858867738e-15
5.46437253876486e-15
5.054398679773289e-15
4.439210656266209e-15
4.442984480214475e-15
4.183729727123948e-15
4.161045468332989e-15
4.074164482888617e-15
4.2188294348888235e-15
4.091760742216333e-15
4.657830039786702e-15
4.8511739905466415e-15
4.36231544126483e-15
4.65630468608423e-15
4.5840719841246444e-15
4.334999450378112e-15
4.097231504322036e-15
3.887908303080546e-15
4.5547921216334095e-15
4.3095980790216145e-15
4.589553718118041e-15
4.271072328029039e-15
4.613313769431763e-15
4.4402813696288285e-15
4.8321067666352236e-15
5.344845912628859e-15
4.774058792120529e-15
4.339869588014568e-15
4.165402121582672e-15
4.488680864444229e-15
5.0408074815453876e-15
5.141974482510441e-15
4.859748504694299e-15
4.677826348600432e-15
5.0225118295390395e-15
5.838197186289656e-15
5.69947812936135e-15
6.3622842596909335e-15
5.842394010273255e-15
5.816020418953314e-15
5.41021085629658e-15
5.41438778544227e-15
5.479481440047694e-15
5.299913787958511e-15
4.989369736735996e-15
4.3183023102587215e-15
3.947894210576942e-15
3.7420624649501285e-15
3.6408190378228465e-15
3.532165968816196e-15
2.9203934142202953e-15
2.738144549053417e-15
2.6904035891456122e-15
2.4323016715252908e-15
2.341677415089575e-15
2.3033073822110785e-15
2.1620556665828102e-15
2.1141639496568803e-15
2.383339151467405e-15
2.214275053683431e-15
2.2007833645367825e-15
2.4878510956163625e-15
2.3395313894771147e-15
2.1718216647829847e-15
2.263396449659117e-15
2.0664193594703646e-15
1.9847146553624605e-15
1.845978545798084e-15
1.885488149367528e-15
2.033214080789006e-15
2.56417713074407e-15
Acceptance rate: 0.32737500000000047
1.498348012561213e-15
1.4580207447273076e-15
1.3587433842437365e-15
1.3888582525669317e-15
1.3362780917618138e-15
1.3046848566301837e-15
1.2030878600070348e-15
1.2661190421048769e-15
1.1930656358149831e-15
1.1507543233319008e-15
1.2074389490804696e-15
1.3099257152698075e-15
1.3937473762639012e-15
1.404156325144229e-15
1.4817952942707604e-15
1.5031600703707257e-15
1.9185422789563045e-15
2.070785464281798e-15
2.208101910908686e-15
2.3933070884684735e-15
2.223966251698965e-15
2.1010768109330158e-15
2.107239400174995e-15
2.343187380580201e-15
2.4136969046937823e-15
2.1096449843444077e-15
2.054599659289153e-15
2.1140080762508993e-15
2.3301490533151927e-15
2.3646695196235914e-15
2.271342698567518e-15
2.4382629209920523e-15
2.299785314249673e-15
2.058871939158938e-15
1.9999839143793762e-15
2.1616107668669343e-15
2.3623222300803665e-15
2.11731593966946e-15
2.1371407751973258e-15
2.257865321070237e-15
2.266732468944724e-15
2.6491162512884716e-15
2.8593200636270713e-15
3.3022299080030424e-15
3.175429508549726e-15
3.698523865519244e-15
4.136599599609962e-15
4.180609862702077e-15
4.365489007269046e-15
4.10066679672823e-15
3.7976078690422915e-15
3.77506048861044e-15
3.610878553801039e-15
3.678333428658276e-15
3.764153406223306e-15
3.3770246583234408e-15
3.2778259958182454e-15
3.4105026748994885e-15
3.1956080960990874e-15
3.4025897487145125e-15
3.7346157385711945e-15
4.041550191983726e-15
3.871116865343785e-15
3.6723689108845335e-15
4.05837372237164e-15
3.792690249933107e-15
3.56208835924974e-15
3.4366755811949295e-15
3.874622397375516e-15
4.046241669965172e-15
4.229024194864659e-15
4.233626692533787e-15
4.525241072263914e-15
5.370799706611833e-15
5.3093183601725195e-15
5.761409248311479e-15
5.4181789569169346e-15
5.8824756599106695e-15
5.418060426526693e-15
5.549212313193894e-15
5.630977805213853e-15
5.450879110801007e-15
5.434544188511849e-15
5.215918351075857e-15
5.2607574453249606e-15
5.154091120827625e-15
5.460116191931185e-15
5.034176588128706e-15
4.595314896703702e-15
4.191916912653287e-15
4.31194594702458e-15
3.913807913798236e-15
3.764173669313809e-15
3.709856042477048e-15
3.587639096380584e-15
3.426246478515699e-15
3.6867198697240455e-15
3.5468703002560176e-15
3.853785222438519e-15
4.279074591206374e-15
Acceptance rate: 0.3187000000000008
2.445647670330187e-15
2.1628508043336787e-15
2.0117569622761196e-15
2.0474676012096264e-15
2.3056558856861607e-15
2.5445027839619195e-15
2.4086451996699555e-15
2.6307241321254322e-15
2.890343900227594e-15
2.8961700756888466e-15
2.932171577027871e-15
2.7659409677154422e-15
2.906979885167528e-15
3.316410433747916e-15
3.0674795876610905e-15
3.0218639238515513e-15
3.1275941928009154e-15
3.662178945604874e-15
3.968119265507701e-15
4.2116219811820994e-15
4.278665502181081e-15
3.917696628238062e-15
4.401821784414339e-15
4.138463880028588e-15
4.104306328455045e-15
4.104481996713088e-15
4.36344745019398e-15
4.2827255368332915e-15
4.218815999864414e-15
4.3462009242537385e-15
4.330024814776669e-15
4.306034304381358e-15
4.0285902863258695e-15
3.955397714705104e-15
4.069981977344946e-15
3.788133936708996e-15
3.965453771232309e-15
3.719204113302784e-15
3.431701758965186e-15
3.612133966127723e-15
3.5344980927112598e-15
3.2265239932027006e-15
3.169401210766577e-15
2.8711607035930103e-15
2.9490150336064997e-15
3.178792004198151e-15
3.1431663563409247e-15
3.0334772263476713e-15
3.310866408041845e-15
3.2528070068182343e-15
3.3237575271864146e-15
3.0677347569497658e-15
2.9181701188769064e-15
3.1024002575588826e-15
2.9737547182233837e-15
2.910345309282525e-15
2.9239054818428823e-15
2.978159754712503e-15
2.906041226496698e-15
2.802974841393717e-15
3.0364650417189582e-15
3.1643794754718844e-15
3.118271225678574e-15
2.9061844476204904e-15
2.6516674265233894e-15
2.5756789493748994e-15
2.831525780575707e-15
2.884094485446918e-15
2.6702226894001937e-15
2.7407205061223814e-15
2.96495185844117e-15
3.0130596189222477e-15
2.748672250719684e-15
2.637154653320347e-15
2.6721441611101696e-15
2.9187239624993526e-15
2.7049538997907183e-15
2.4863692978907815e-15
2.343939527311195e-15
2.8166762301157233e-15
2.922050094233411e-15
2.7478930188648864e-15
2.5192512538261638e-15
2.685681252782052e-15
2.406671608358009e-15
2.572699369397093e-15
3.135265912628087e-15
3.636512039862289e-15
3.964384129542293e-15
3.819340769833805e-15
3.7807305766807124e-15
3.3886429891956802e-15
3.4534133514036258e-15
3.3445399076727307e-15
3.3332441241875507e-15
3.1353442946784175e-15
2.899891323996834e-15
2.9828284861445262e-15
3.044265622146841e-15
3.2238405684264365e-15
Acceptance rate: 0.3214166666666691
1.8592153236719147e-15
1.8228546512071816e-15
1.849449154329889e-15
1.8802144712227847e-15
2.0068837925910457e-15
2.20998300326928e-15
2.0970239809749476e-15
2.1002430398927885e-15
2.1513381555334123e-15
2.141779997341562e-15
2.2531403386271545e-15
2.1866179306697244e-15
2.197411789851044e-15
2.2048451545840206e-15
1.949147425096972e-15
2.148774564282992e-15
2.099075322607324e-15
2.233493944640515e-15
2.193645492487765e-15
1.8782481919524734e-15
1.6444687446192741e-15
1.8009951796636005e-15
1.832455830867007e-15
1.7948148073758357e-15
1.765291084072586e-15
1.6399653668697277e-15
1.5192227376942167e-15
1.743080419594873e-15
1.7629809103317252e-15
1.7034545537927567e-15
1.8282318760204963e-15
2.0151883557427214e-15
2.2409738019854248e-15
2.4914034161776033e-15
2.5435710414559152e-15
2.48141728839675e-15
2.3730316647042978e-15
2.3549629043366052e-15
2.449096036417586e-15
2.4338029515757576e-15
2.651722138173474e-15
2.8079120263451076e-15
2.8352696453024572e-15
2.5992148234660318e-15
2.486646792090357e-15
2.5498795251343888e-15
2.6885145580582725e-15
2.6213237077099532e-15
2.5009491693920007e-15
2.6201191451815203e-15
3.0962666671263173e-15
3.261030274306034e-15
3.1172421934954436e-15
2.9526419439478318e-15
2.9929272484306267e-15
2.9953090249241766e-15
2.8573946028588564e-15
2.925375104036609e-15
2.8254729149144315e-15
2.7197704232963392e-15
2.9397349551967897e-15
2.9286319831838955e-15
3.425848303912013e-15
3.028500161158586e-15
2.89203609618913e-15
3.1947618164872315e-15
3.116588920043411e-15
3.142347577116945e-15
3.1620287733995496e-15
3.0419821086632667e-15
2.840950923910893e-15
3.0691876474455656e-15
2.985025306472042e-15
3.1354209297180574e-15
3.098785741253416e-15
3.2558825619647878e-15
3.3107053532712067e-15
3.5333877636720765e-15
3.446139221408854e-15
3.2031973855801426e-15
3.3057331600745596e-15
3.401250639423339e-15
3.63910840002916e-15
4.190666677457788e-15
3.924641053360408e-15
3.881888459073997e-15
4.64375308549118e-15
5.7468500813504974e-15
5.203883105208035e-15
5.013293281964933e-15
5.26856141778651e-15
5.097670070681654e-15
5.042546323811224e-15
5.003314055261528e-15
5.479566301143498e-15
5.339246484167006e-15
4.906122868400536e-15
4.165870200781166e-15
4.040321375078642e-15
3.9866510276719145e-15
Acceptance rate: 0.3233571428571458
2.3145853105147665e-15
2.270318811604436e-15
2.3944407101145317e-15
2.358802480396491e-15
2.3183014516391685e-15
2.39410043230449e-15
2.4207269480336174e-15
2.300944901798651e-15
2.203195608094979e-15
2.2123021857648808e-15
2.277117181460944e-15
2.2774523692937923e-15
2.3463701388514657e-15
2.530602631393088e-15
2.3270130361970015e-15
2.2297178507906093e-15
2.320623327403419e-15
2.2702485176915386e-15
2.295370564104e-15
2.5145940445762387e-15
2.572620364969772e-15
2.6660583145834953e-15
2.67994188329699e-15
2.683261841772945e-15
2.7013616208721728e-15
2.8308627432530785e-15
3.4447653296792442e-15
3.2486925833253704e-15
3.0956540926089348e-15
3.1720457628464483e-15
3.055933937518505e-15
3.0999221327431992e-15
3.3398303132157375e-15
3.61950806955165e-15
4.0380718329968505e-15
4.086519420338615e-15
4.7719431025665805e-15
4.960353600880784e-15
5.124286876580392e-15
4.9820621322067484e-15
5.129601449126104e-15
4.823725157669009e-15
4.381433560690372e-15
4.127642098994508e-15
4.445438891893334e-15
4.2730130987710965e-15
4.467404490652413e-15
4.6041843587261914e-15
4.3477367890961166e-15
4.778295402558507e-15
5.213576274291772e-15
5.212201115272033e-15
5.210175705488817e-15
5.318986176453011e-15
4.59465551768085e-15
4.9033758293216565e-15
4.906848566381624e-15
5.594481894978181e-15
5.3390148300067525e-15
5.093973410708678e-15
5.468237820213657e-15
5.44722999002373e-15
6.184416768288659e-15
5.768355492877413e-15
6.078052885164243e-15
6.387581503476534e-15
6.6168183303689964e-15
6.59287162571583e-15
7.0863122551794865e-15
7.350053282213633e-15
6.997820783572534e-15
7.14076670252056e-15
7.965189012618179e-15
8.513902377004575e-15
8.379349678127907e-15
9.277168685207231e-15
9.573486928957466e-15
1.0624454141067786e-14
1.049420626008862e-14
9.70696007707969e-15
9.442817343606075e-15
9.352239333109376e-15
9.168104842014008e-15
9.068758405792726e-15
8.739186160139293e-15
9.373604634238131e-15
8.756572481946168e-15
9.143596660290817e-15
9.1668561109767e-15
9.424797347162972e-15
1.0106136120927611e-14
1.1221864206827265e-14
1.2304647095964872e-14
1.216991745532748e-14
1.1466292946283142e-14
1.0750711790220126e-14
1.1428850325918223e-14
1.0459748643693425e-14
9.633992954203298e-15
9.08633444461689e-15
Acceptance rate: 0.3184375000000022
5.37324589349904e-15
5.259361115164344e-15
5.674757724197577e-15
5.552255773900138e-15
5.38094142018406e-15
5.306790748432202e-15
5.528074190663773e-15
5.3061571256822605e-15
5.058233421953041e-15
5.163192746923119e-15
5.121801229248887e-15
5.0900939650290955e-15
5.072281274503542e-15
5.0816510228363595e-15
5.169189734313154e-15
4.9119716582312876e-15
4.9915224905776385e-15
5.665626118123868e-15
5.2487394334006e-15
5.251308410818562e-15
4.822513612424791e-15
5.059466272660705e-15
5.2924946197947724e-15
5.025142713638999e-15
5.209012020338038e-15
4.922083031199812e-15
4.989070541358385e-15
5.422097411582685e-15
5.933320244439886e-15
5.998774101571603e-15
6.278775080447399e-15
6.8752331929444365e-15
6.806300911518737e-15
6.359470091556493e-15
6.005381347999926e-15
6.463878443457945e-15
6.5608929161219096e-15
6.4160896768985994e-15
7.572876666012069e-15
7.565191341894878e-15
7.661019785326761e-15
7.722539723842798e-15
7.150729900152628e-15
7.528795266618568e-15
7.81443912959649e-15
7.639653164373175e-15
7.159661852639281e-15
7.162394749012692e-15
7.884890740738137e-15
8.15652738986423e-15
7.509795725698878e-15
7.280759985576512e-15
7.408576700385336e-15
7.004709126039761e-15
6.396630239899577e-15
7.294086675067094e-15
6.7820792910052416e-15
7.137461869605569e-15
6.828924918004832e-15
6.763140579978216e-15
6.553662319720948e-15
7.0378729481162116e-15
6.81793251456059e-15
6.158466283540212e-15
6.020164600557723e-15
6.14034686799353e-15
5.960677955739272e-15
5.622795003178401e-15
5.4240641280601414e-15
5.1420723220176245e-15
4.8256836509417414e-15
5.405958949006048e-15
5.8175385746917476e-15
5.540786983582008e-15
5.647980933392903e-15
5.649294867894491e-15
5.316429945589218e-15
5.226602266289294e-15
5.065711433806599e-15
5.084576733192562e-15
5.298056696841023e-15
5.501815262484372e-15
5.179084517388237e-15
4.978365140143162e-15
5.52264830521053e-15
5.577143021622076e-15
6.4992213476013656e-15
6.970524559190749e-15
6.692946353130866e-15
6.6554679804184714e-15
6.547205334317872e-15
7.25013917836617e-15
6.714487934734656e-15
7.930922817254351e-15
8.182633405590942e-15
8.40490448968877e-15
7.91942966130196e-15
7.77354077308584e-15
7.660234825025476e-15
6.878682640800924e-15
Acceptance rate: 0.31900000000000106
4.192299540743674e-15
4.484758985493522e-15
4.257904855950267e-15
4.3397322498662214e-15
4.3675386434859466e-15
4.427185781658097e-15
4.81906602157307e-15
4.5070230768267225e-15
3.992625984287113e-15
4.0432649327268934e-15
3.5426718263521045e-15
4.043688362144025e-15
4.3730775297446e-15
4.633752221296013e-15
4.860004291106231e-15
4.6532570333885764e-15
4.412961229719444e-15
4.424625711083445e-15
4.086820405626825e-15
4.610357483815945e-15
4.241381936174828e-15
3.975963872337238e-15
4.3336017382513704e-15
4.58846095265204e-15
4.589614788751542e-15
4.665130296654257e-15
4.825920360072473e-15
4.8480897319631706e-15
4.515845033901811e-15
4.215213603100063e-15
4.090055524660332e-15
3.896899773896318e-15
4.11850322295652e-15
4.240759482272688e-15
3.907181489254006e-15
3.4011704885462153e-15
3.3097225837646825e-15
3.10710408882021e-15
3.2523350521932984e-15
4.419799935296094e-15
4.638870857237914e-15
4.449097151455384e-15
4.3551155889543574e-15
4.078859952495605e-15
4.261234530444853e-15
4.450815495633131e-15
4.662544549940783e-15
4.654755465864337e-15
4.378524533497326e-15
4.554160240274363e-15
4.343708799299876e-15
4.540445843350605e-15
5.164220088957801e-15
4.816112391307411e-15
4.7695060449320495e-15
5.6469468846458225e-15
6.064664726488155e-15
5.634016442281201e-15
6.0091540878029895e-15
6.348186123052237e-15
6.447426418334659e-15
7.23797514709278e-15
8.059336738360064e-15
7.462739103075824e-15
6.069532761669847e-15
6.275269378621838e-15
5.831509400713102e-15
5.749140695268119e-15
5.493567935484922e-15
5.5433487751845854e-15
5.171566980542092e-15
4.836867474769207e-15
4.804515773131332e-15
4.8023584979056544e-15
4.452726107290649e-15
4.403956334559072e-15
4.333537804194634e-15
4.24662380428529e-15
4.564884170485033e-15
4.598685015870804e-15
5.159600649760415e-15
5.161682140913093e-15
5.392362875867775e-15
5.587438575050582e-15
6.0838923052312695e-15
5.841850827837512e-15
5.9521521434975654e-15
5.120505728060084e-15
4.901385603889617e-15
5.338077818167819e-15
5.4414428407744545e-15
5.248410231841254e-15
5.653731602667748e-15
5.2548645637572525e-15
5.097011493911067e-15
5.927914273630582e-15
6.145483628155284e-15
6.32643019687307e-15
6.201133734995899e-15
6.01922880180199e-15
Acceptance rate: 0.3189500000000003
Sampling time (10 samples): 5620.1242 seconds
