/scratch/users/yanlan/TroubleShooting/SMslope/Output/AM_PM_ET_180_275_00
4.99175869214129e-08
2.348064600516512e-08
1.1800735771912425e-08
6.264200004803539e-09
3.402433148913268e-09
1.8286300043241815e-09
1.013110318095911e-09
6.702749363902591e-10
3.9045442392386857e-10
2.434655847192525e-10
1.4487716856322238e-10
9.452748914582001e-11
5.880913827520105e-11
3.956498464079968e-11
2.631532023148959e-11
1.924730108633298e-11
1.3754282089604399e-11
1.0970207107150353e-11
8.533512058143802e-12
6.013894603769822e-12
4.466269037909126e-12
3.2035587294437675e-12
2.205131117581878e-12
1.7051608842390255e-12
1.2214518787236786e-12
9.435099952003001e-13
6.628683825085822e-13
4.815775968367286e-13
4.0435368385130485e-13
3.72222800796421e-13
3.094024932872351e-13
2.513305710328126e-13
1.9697624153662158e-13
1.8153137747260564e-13
1.7726088843300458e-13
1.3512902257502612e-13
1.0084198918635994e-13
8.749412145845565e-14
6.819860711601704e-14
5.886084444147822e-14
5.583499455116104e-14
5.2820472275903596e-14
4.931034266877872e-14
4.648082986227688e-14
4.078833534426164e-14
3.187705260613581e-14
2.3998904972016532e-14
2.0964731711834567e-14
1.785867380883281e-14
1.705458356551077e-14
1.6693314434210315e-14
1.3125094029244385e-14
1.4450523632255694e-14
1.2190850380752029e-14
1.0796112686980497e-14
9.536350564618636e-15
8.907191137840089e-15
8.911089289477523e-15
8.377600908132324e-15
7.772299172739888e-15
7.4751095689281e-15
6.026113606552129e-15
6.319408497709521e-15
6.770588378771767e-15
6.325749325723121e-15
5.7333944392195845e-15
5.192117714913787e-15
4.489314850133052e-15
4.46210880102505e-15
4.656007029133099e-15
4.455798783470443e-15
3.92112526051957e-15
3.969338939532569e-15
3.8445463953115594e-15
3.637752181189417e-15
3.616123603692514e-15
3.312827668111162e-15
3.005090046378101e-15
3.0283996192599997e-15
2.908972944908347e-15
2.965323208623711e-15
3.373841650639835e-15
3.0672211741353062e-15
2.7262299185731e-15
2.5639354453062796e-15
2.7098957831892716e-15
2.514086523392297e-15
2.688052458810633e-15
2.470663171636347e-15
2.5545424770805897e-15
1.9796034069816007e-15
1.9681282251235828e-15
2.3755484736456035e-15
2.6588180075042335e-15
2.3002967462093345e-15
2.3016703331675433e-15
1.9575781895257456e-15
2.2918604250123138e-15
1.9292671920026603e-15
1.8184920463772037e-15
Acceptance rate: 0.30249999999999944
9.69030058339665e-16
1.0103464454798165e-15
8.769411427634462e-16
8.676058736486936e-16
7.911247812533445e-16
7.68083574630005e-16
8.765536970575959e-16
7.859576314347608e-16
7.322665644008523e-16
6.880520918787044e-16
6.279350444937894e-16
5.63887472322322e-16
5.80967445011366e-16
6.34140811701119e-16
7.624240558750799e-16
7.321915283605548e-16
6.617304134245924e-16
6.507745765571455e-16
6.780697250923933e-16
7.064181167470859e-16
7.494388419859298e-16
7.21303839453956e-16
7.748916606225697e-16
8.934797572511054e-16
9.880203938682555e-16
9.331408983196522e-16
9.331624131515586e-16
8.870244832754226e-16
8.938880774741504e-16
1.0577766182197054e-15
1.0108814928818212e-15
1.0251141714563771e-15
1.1141841983721645e-15
1.3021689912503986e-15
1.2791418742993244e-15
1.2271833872115729e-15
1.2053068303219125e-15
1.3603314999421227e-15
1.332038295240016e-15
1.2531564499070713e-15
1.3541098557802604e-15
1.4297854628493212e-15
1.3942651961394756e-15
1.3654669824047344e-15
1.3301672003061756e-15
1.2317250549121973e-15
1.2639083092733293e-15
1.4642758062039234e-15
1.3164453335889925e-15
1.2546399804616122e-15
1.1841097924314851e-15
1.120184266859589e-15
1.2817184346122967e-15
1.1666179159570486e-15
1.1899931009101168e-15
1.3384983160762913e-15
1.2416110693487203e-15
1.1758494642851284e-15
1.2151583449086265e-15
1.1405166094704853e-15
1.1236282202390712e-15
1.1236893649340887e-15
1.090935842230666e-15
9.464995180637947e-16
1.081977491178131e-15
9.973596428732266e-16
1.0500649171838623e-15
1.0117557898629006e-15
1.127968358112055e-15
1.1286903096294156e-15
1.1733258119026028e-15
1.167762214346293e-15
1.0775403737537328e-15
1.0747002349136592e-15
9.875111852063993e-16
1.092741088809371e-15
1.1285607801840448e-15
1.1935553455240323e-15
1.293521419764249e-15
1.3769337361426972e-15
1.4251465678015047e-15
1.4476154229297372e-15
1.4633030013084205e-15
1.4632860660329813e-15
1.294560129778014e-15
1.4975347112000511e-15
1.6287335896949284e-15
1.6354631286197543e-15
2.069841441387196e-15
1.9552931323913795e-15
1.9023232631080614e-15
2.005843175677805e-15
1.9559995787239125e-15
1.9252029831841795e-15
1.6701196115668664e-15
1.5196397806587634e-15
1.449251566883086e-15
1.3151797476100598e-15
1.2679930181659246e-15
1.3149530327485952e-15
Acceptance rate: 0.2922500000000006
7.233832261240479e-16
7.02238082903781e-16
6.869126878386063e-16
7.159552451266675e-16
6.852332645728129e-16
5.978204743022887e-16
5.850796278747545e-16
5.719959515656441e-16
6.468704833972912e-16
5.926464559755461e-16
6.071554043028772e-16
5.97065161930638e-16
5.797295704579919e-16
6.068720138063219e-16
6.640959803577256e-16
6.772657800185909e-16
6.851612425546947e-16
6.799288290676939e-16
6.382015778543988e-16
6.174103776685926e-16
6.137866193920537e-16
5.973310420645539e-16
6.848426276223189e-16
6.882526423682464e-16
6.67342204684729e-16
7.128119217203073e-16
7.513370266716554e-16
7.374571063071789e-16
7.025897427974355e-16
6.978947734370284e-16
6.257302799597944e-16
6.240026973203459e-16
6.085838746137026e-16
6.490132935771942e-16
7.256765070257266e-16
6.604959863082602e-16
7.146684673947096e-16
7.61145084342021e-16
8.305495147359936e-16
8.507502807641002e-16
9.481900492482391e-16
8.920815865218075e-16
8.843724442467847e-16
8.243173164094924e-16
8.235467165973529e-16
8.372028333126912e-16
9.59075844272592e-16
9.843829522007364e-16
1.04459653976439e-15
1.0087885076138804e-15
1.195252318784484e-15
1.0685102652359562e-15
1.027389578059866e-15
9.834778722471404e-16
1.0373035173218554e-15
9.556132781570195e-16
9.145491128475976e-16
8.803781858063019e-16
1.152297610039949e-15
1.1852027706335183e-15
1.127017019824123e-15
1.1546553981820254e-15
1.2260173646414675e-15
1.1653888261359424e-15
1.1073507090071586e-15
1.110446817245064e-15
1.0990645063569395e-15
1.2625011061110119e-15
1.251012242490225e-15
1.5233556519722055e-15
1.4679783788886326e-15
1.3537026627933999e-15
1.438607004646437e-15
1.28936964921543e-15
1.1889844064999538e-15
1.2367687584072023e-15
1.2606351500095722e-15
1.3330481236422238e-15
1.3703207340222832e-15
1.3184551178392368e-15
1.38355004385155e-15
1.365527735504091e-15
1.4221592917617362e-15
1.4395709429820633e-15
1.4505053328834186e-15
1.6102249476873314e-15
1.6693362202814633e-15
1.8387892925382075e-15
1.9521919025959313e-15
1.803214819806265e-15
1.7708812967520057e-15
1.855880876556243e-15
1.716075998026493e-15
1.802470500573264e-15
1.88025320103226e-15
1.6923309758813588e-15
1.7744875882249975e-15
1.84284971523782e-15
1.7592312643892049e-15
1.7583878497260704e-15
Acceptance rate: 0.28433333333333377
9.74820977035011e-16
9.61387337408338e-16
9.998754294654633e-16
1.137380983140567e-15
1.0849195688519705e-15
1.079132347044558e-15
1.0017009494614093e-15
9.726697733871419e-16
9.345175841934805e-16
1.0491227585990433e-15
1.0063518124129752e-15
9.124831449580448e-16
8.690593062267258e-16
9.460263883591586e-16
9.352962509390696e-16
8.80676431638967e-16
7.965523174040935e-16
9.029653194385943e-16
8.293826968799508e-16
8.402810507153185e-16
8.339768112333131e-16
8.493829965085718e-16
8.858026444942941e-16
8.601893733611813e-16
7.341476338427206e-16
8.053355716385563e-16
8.920782999885806e-16
9.11971537294055e-16
8.512229940147918e-16
8.950502845319487e-16
8.717565023905085e-16
8.766417784332047e-16
8.93053428467494e-16
8.51724002502618e-16
8.18582489423079e-16
8.266158257389968e-16
8.339916389349547e-16
7.161836607751962e-16
6.691590232337013e-16
6.852236232741305e-16
7.62517725897497e-16
7.563764560522206e-16
6.975354932105368e-16
6.416857088956922e-16
6.179442698427477e-16
6.268806779024119e-16
6.073635777546378e-16
7.259555038954286e-16
6.740458255113519e-16
6.336515248926751e-16
6.435576486747544e-16
7.005087425524551e-16
7.182445614453635e-16
6.663292789289246e-16
5.898515687815282e-16
6.177098060345878e-16
6.350711349030089e-16
6.252653746433135e-16
6.60977792760584e-16
6.8997285521106765e-16
7.115647025494888e-16
6.828589554880159e-16
6.66967808886601e-16
8.268168385624348e-16
9.358670234635428e-16
8.34311945003877e-16
8.224685579317112e-16
8.304975975445769e-16
8.18126018894438e-16
7.857491321912464e-16
8.478687228491785e-16
8.194970758094787e-16
8.382399990527563e-16
8.487089923988541e-16
7.723345314197154e-16
7.792271721664096e-16
8.017747781635635e-16
8.827248209850111e-16
8.326248625225557e-16
8.143457657114077e-16
8.901154766095e-16
8.811460716209091e-16
7.872840898347863e-16
6.61287009843041e-16
6.498388032480664e-16
7.611330046649833e-16
8.453318173847231e-16
9.267617587517956e-16
8.377997303666337e-16
8.531781017701372e-16
7.65713969500153e-16
8.686542279252644e-16
8.540347939992627e-16
8.463580215547807e-16
9.039992298957728e-16
8.831694289549211e-16
9.835466809796717e-16
1.00065345101369e-15
1.0459846449469651e-15
9.632066812900317e-16
Acceptance rate: 0.28450000000000214
5.531243752171396e-16
5.728827203916688e-16
6.036423489032678e-16
5.65511473656158e-16
6.015991084771087e-16
6.703600471987044e-16
6.906088273721267e-16
6.860660500211348e-16
7.587535476703699e-16
7.840146996685388e-16
8.640867867332556e-16
9.191187403809345e-16
9.397459361703348e-16
9.790457881636803e-16
9.541938442915843e-16
9.31912858868524e-16
9.910313301515512e-16
9.304547838379496e-16
9.52960015091939e-16
9.480609658360438e-16
8.296247309688922e-16
8.170537585687114e-16
7.245501912795393e-16
7.833435446974614e-16
7.311130056779187e-16
7.290279674722548e-16
7.140385949269966e-16
6.72256764074362e-16
7.574160563500016e-16
6.790600987687318e-16
6.666308821821607e-16
7.568241814761722e-16
7.407904612696475e-16
7.667785105404521e-16
8.040484642605302e-16
7.732269183405892e-16
8.660214066260366e-16
9.756663011250961e-16
1.1139431030528694e-15
1.0922770647421553e-15
1.0785514149160268e-15
1.225943802444921e-15
1.4009942567975205e-15
1.409350892857316e-15
1.434084643199243e-15
1.3781444802960044e-15
1.3545485374719163e-15
1.2085079941926913e-15
1.1662270227913736e-15
1.177912032102235e-15
1.2019306606097734e-15
1.2200677230321933e-15
1.435478483937818e-15
1.386655237565631e-15
1.3256597041766832e-15
1.314722022691452e-15
1.209776721405835e-15
1.1904381843528745e-15
1.1841692791961931e-15
1.0988713274946843e-15
1.1612980677568946e-15
1.2064568923460751e-15
1.240073495251963e-15
1.2827807564706087e-15
1.3097837400230378e-15
1.2640412033707463e-15
1.4671130521846323e-15
1.374464037988948e-15
1.2656574787317227e-15
1.0731303891917535e-15
1.1387719640906581e-15
1.2067440438870058e-15
1.3277281646496534e-15
1.2150802679648226e-15
1.095758512033633e-15
1.116844061251675e-15
1.0488560314913604e-15
9.583793906775977e-16
8.832724267985322e-16
8.898337413775026e-16
9.900616515429321e-16
8.865960092821726e-16
8.499732153604147e-16
9.376042144187637e-16
9.357145093997849e-16
8.901793692848638e-16
1.0202726707667004e-15
9.334072392751522e-16
8.841117457210374e-16
8.705190862387223e-16
8.91364621082112e-16
8.409203743706994e-16
8.767708901383221e-16
8.751072283862487e-16
8.522413671016795e-16
9.04047127834358e-16
9.160486631151368e-16
9.590602337497282e-16
8.604578329639142e-16
8.356595972036592e-16
Acceptance rate: 0.2883000000000024
4.921361686164824e-16
4.581982570484968e-16
4.32290795950521e-16
4.335483357505936e-16
4.229889243263367e-16
4.2617288293658003e-16
4.910974850743479e-16
4.668464562089908e-16
5.766394749322639e-16
5.408145925007916e-16
5.254786325768104e-16
5.438296616115742e-16
5.701180302643348e-16
6.551805628572099e-16
6.701777710270809e-16
7.121886925838419e-16
7.502517552640701e-16
8.398255518402734e-16
9.731206108948107e-16
1.01860510703218e-15
1.0434260296152487e-15
1.004904734036742e-15
1.0143584275622266e-15
1.0604923349105743e-15
1.1518448181533903e-15
1.0983848134187672e-15
1.0042853609522045e-15
1.030295465991123e-15
1.013962313212481e-15
1.0194139635418305e-15
9.754914344188388e-16
9.417214922843727e-16
9.258221399304246e-16
1.002727814284271e-15
9.127637612444188e-16
1.0370254708960405e-15
1.0404590927690449e-15
1.0728868385978269e-15
9.383396992682986e-16
1.1000586044750283e-15
1.1616531517470316e-15
1.0975662568890299e-15
9.966820902089388e-16
1.055397856950831e-15
1.0571357314340827e-15
1.1145628561488321e-15
1.2750581677840305e-15
1.2075830529024414e-15
1.0992497282433893e-15
1.1335465520284342e-15
1.051775514184504e-15
1.0947749736409882e-15
1.2647799239637115e-15
1.3022989901262269e-15
1.5084405109242683e-15
1.6832832909747274e-15
1.6303586325879227e-15
1.6448575143160096e-15
1.7458873844048588e-15
1.9768645511107535e-15
1.7844978431048837e-15
1.6729738512238186e-15
1.5931827355367667e-15
1.5663516829482639e-15
1.583000000226085e-15
1.604890138324433e-15
1.6163443652666945e-15
1.6214913526410929e-15
1.6806479004454577e-15
1.651000722696636e-15
1.6203549576856934e-15
1.5696384443578651e-15
1.6661946703068329e-15
1.6049783807649742e-15
1.5932010300537443e-15
1.5824267217223726e-15
1.5815478834248304e-15
1.5929087719000126e-15
1.6809248385795173e-15
1.7477338708519445e-15
1.8956456327864468e-15
1.7278647858005557e-15
1.8670029936912833e-15
2.115348277597036e-15
2.0459981638021428e-15
2.106878876445231e-15
2.1113005285273775e-15
1.943192999905228e-15
1.8152166566090224e-15
2.05417072307068e-15
1.9320623144994505e-15
1.7966256607314896e-15
1.9078447537565116e-15
1.799947734178003e-15
1.8462945274972223e-15
1.8400527986473046e-15
1.8743762087300083e-15
1.8477913908638277e-15
1.9660426886065985e-15
1.972680057062368e-15
Acceptance rate: 0.28650000000000203
1.1457401582232312e-15
1.0285031423843998e-15
9.164292249563643e-16
9.743067808735513e-16
9.85131878187547e-16
1.140625553082597e-15
1.1974413167361925e-15
1.305530842690696e-15
1.3191675493090736e-15
1.317012412590068e-15
1.2091591724264506e-15
1.0932045084943115e-15
9.724178075403433e-16
1.0562238262025208e-15
1.0112336065459e-15
9.68260372267663e-16
1.0075732541693116e-15
9.028185496852772e-16
9.058224211675222e-16
8.560642600348309e-16
9.390427943577862e-16
9.18822817187862e-16
8.158787529353986e-16
8.284103242259496e-16
8.656178772336834e-16
8.877046755957251e-16
9.635586420343802e-16
9.692347089530819e-16
1.053607460312251e-15
9.317338388603868e-16
9.983857369031189e-16
1.1071964195787212e-15
1.2268972596770756e-15
1.150071696767909e-15
1.1543805416165994e-15
1.123770792175058e-15
1.2797331627977778e-15
1.3163227692723683e-15
1.2744484502625372e-15
1.1667060638861494e-15
1.2172868805622763e-15
1.1861440263317978e-15
1.1610116048872375e-15
1.1607006109711887e-15
1.0580372126475582e-15
1.1581372021487822e-15
1.1016333554790187e-15
9.595941968174232e-16
1.0098671356151874e-15
1.1595965690986572e-15
1.2183407931376497e-15
1.3745073967885405e-15
1.3673628232745526e-15
1.3983359522173445e-15
1.3997464401615804e-15
1.39434217128867e-15
1.4137262207943848e-15
1.49102840329467e-15
1.4823593049004221e-15
1.3592912775270662e-15
1.1638986606113975e-15
1.098686523914945e-15
1.1189884757368877e-15
1.1940008087993706e-15
1.0857746762415999e-15
1.0213676970429347e-15
9.772323411690754e-16
9.203185281375862e-16
9.236734847820595e-16
8.810172606805091e-16
9.430103710464783e-16
9.938367294192282e-16
1.0445237944939642e-15
1.0772268855118091e-15
1.276762509601349e-15
1.3099731626094354e-15
1.2958353661184553e-15
1.3117933115113754e-15
1.289243688142135e-15
1.2053924371961247e-15
1.215760464468305e-15
1.1036552159590667e-15
1.212642201860489e-15
1.2934028317178099e-15
1.2638884328273094e-15
1.3330612498218186e-15
1.266803224844407e-15
1.4724038217354146e-15
1.6519585963232954e-15
1.5531849023094012e-15
1.525005091501825e-15
1.4982368350574666e-15
1.6115634728282238e-15
1.7312690940168533e-15
1.7003620217909564e-15
1.5757102962003434e-15
1.688689975383284e-15
1.7854092008349474e-15
1.5914190817254959e-15
1.866748278506042e-15
Acceptance rate: 0.28792857142857203
1.1082346239760097e-15
1.2136007215638837e-15
1.1069853218352034e-15
1.2672031476169687e-15
1.189863043560597e-15
1.2379175136562915e-15
1.1793045161370655e-15
1.099854901370232e-15
1.0414164518927198e-15
1.225999665608017e-15
1.2350209190544476e-15
1.401315288291533e-15
1.3481486637894514e-15
1.4011199828501034e-15
1.439824034679171e-15
1.4160857638174248e-15
1.4152792774620851e-15
1.4687110742256162e-15
1.4313651920429962e-15
1.271129684425519e-15
1.254119634069414e-15
1.2297959770926219e-15
1.114515692796176e-15
1.1711968216728637e-15
1.2345615094154736e-15
1.2855964864387788e-15
1.2188132035994516e-15
1.1513218908739188e-15
1.2643307942482012e-15
1.3971608070525138e-15
1.4090712558311076e-15
1.2733653585881867e-15
1.2070978829354706e-15
1.2404226795545415e-15
1.0643420920729443e-15
1.051043412530527e-15
1.0714443937653115e-15
1.1061147824676881e-15
1.0853930690837023e-15
1.0127055375676717e-15
1.0281606410320754e-15
9.37717653996498e-16
8.67795476500014e-16
8.583748825455058e-16
8.084234869116854e-16
7.62316770865179e-16
7.41211878627061e-16
7.179716331529393e-16
6.769560032557878e-16
7.134067235186592e-16
6.76984386513217e-16
6.881224008068188e-16
7.253159658593165e-16
7.49262809760828e-16
7.853976918597271e-16
7.616769342025908e-16
8.137676532040806e-16
8.07772877627503e-16
8.631449900022964e-16
8.483621929537571e-16
8.92428720208025e-16
9.55920931689145e-16
9.40412980772197e-16
9.288979134074472e-16
9.896336891346417e-16
9.066344566560556e-16
8.804754965848731e-16
8.675534912518276e-16
8.365244389904382e-16
7.61686749218015e-16
7.915099876382661e-16
6.963499732656887e-16
7.30372477239298e-16
7.599993241576216e-16
7.891599841272909e-16
9.062206788673516e-16
1.0243144637527662e-15
9.362610366601804e-16
8.909416399801707e-16
9.82137945287416e-16
1.126775775731694e-15
1.1780040073833315e-15
1.305986112907062e-15
1.332825179025638e-15
1.4444483008818622e-15
1.457705142308183e-15
1.5634091376029257e-15
1.642650256030997e-15
1.4698060269904273e-15
1.657142238885789e-15
1.6556669338200048e-15
1.632587525216459e-15
1.5239960563189942e-15
1.6718901053527784e-15
1.5961664318492413e-15
1.600164329097157e-15
1.5777295951569945e-15
1.6513443481109157e-15
1.7442230874397283e-15
2.1260817395814786e-15
Acceptance rate: 0.28818749999999943
1.306962904743205e-15
1.4368988407359742e-15
1.6014517168597683e-15
1.5201810922882204e-15
1.7024222003550217e-15
1.6749830280188063e-15
1.6907206103957071e-15
1.5165264369375174e-15
1.5452744536693547e-15
1.5529876661043962e-15
1.6220620543146185e-15
1.6833534787959555e-15
2.0014033769512706e-15
2.070374110219532e-15
2.0570375171106708e-15
2.3320315150781575e-15
2.3745110464313075e-15
2.4055910597893484e-15
2.476702275601994e-15
2.2875119218917492e-15
2.426901002812212e-15
2.304158108692179e-15
2.37863406980915e-15
2.237917127063638e-15
1.9881909676682103e-15
2.0501693134789713e-15
2.0624379887777535e-15
2.1365997450832565e-15
2.0683809008104746e-15
2.071652847431932e-15
2.109971574027157e-15
2.0962218085235317e-15
1.97477641597549e-15
2.260110931234228e-15
2.383166156714725e-15
2.3476610034880287e-15
2.535694991395033e-15
2.714896204918576e-15
2.6657814556809016e-15
2.5220641283697742e-15
2.4504132753125673e-15
2.437017379217541e-15
2.3233516216331798e-15
2.1242052991600642e-15
2.267688155829638e-15
2.2217088528816093e-15
2.118077544593986e-15
2.043524663942746e-15
2.180625330983149e-15
2.20719612260663e-15
2.0379737686086947e-15
2.0354486951263367e-15
1.963838114726587e-15
1.7934265717786102e-15
1.6902157844534654e-15
1.582020222593491e-15
1.4436521436970908e-15
1.4691345939446284e-15
1.4003099693174455e-15
1.3317661592204205e-15
1.4008187445530127e-15
1.3838173302730565e-15
1.4912004207782793e-15
1.3596067793223072e-15
1.4490897600996654e-15
1.4771170415909725e-15
1.6495664387764958e-15
1.7076148708034547e-15
1.7996055235155398e-15
1.730479871507702e-15
1.7104388695415474e-15
1.5131247514652582e-15
1.5088872711736044e-15
1.6440615999900452e-15
1.6868693071330691e-15
1.6345635009696357e-15
1.6496644438292997e-15
1.68836817188294e-15
1.6427162177334142e-15
1.604521768492125e-15
1.6566369022543525e-15
1.9360965021741846e-15
1.7952063691524507e-15
1.58165442698242e-15
1.4442942015890925e-15
1.4680358727925217e-15
1.4317965572061749e-15
1.4793615157260666e-15
1.3766111868909405e-15
1.405073882076459e-15
1.2940844259725842e-15
1.2907921924460027e-15
1.4525319529743511e-15
1.4596964433570399e-15
1.5312433854914923e-15
1.579091567890035e-15
1.5942137526306263e-15
1.487908684689265e-15
1.6138268122578669e-15
1.5630107585032912e-15
Acceptance rate: 0.28972222222222005
9.441601517474365e-16
1.2301706976717647e-15
1.1951866633351988e-15
1.3472111147879316e-15
1.3898528876637675e-15
1.3546193780624143e-15
1.295916346242525e-15
1.3914690365028716e-15
1.4161461951021627e-15
1.3603721703873793e-15
1.2437624482117834e-15
1.288745094670641e-15
1.2388717960074914e-15
1.271826075403755e-15
1.1813320756728828e-15
1.1422029348142779e-15
1.147274157078738e-15
1.208474987184228e-15
1.1367480160322187e-15
1.2804016703141354e-15
1.2369494109840058e-15
1.5148970462074569e-15
1.3131859280843602e-15
1.336201234368191e-15
1.3305457680718219e-15
1.272875142843492e-15
1.6889859104181397e-15
1.61083257111636e-15
1.5643404943224227e-15
1.4960387099242526e-15
1.4272478010447694e-15
1.3509613332541762e-15
1.4348103832612053e-15
1.4054042396558383e-15
1.2824091216494555e-15
1.4207334842225445e-15
1.311509092521428e-15
1.458007329137337e-15
1.4357351374322828e-15
1.4261611805589376e-15
1.397569593611744e-15
1.3541541215406023e-15
1.372917544667495e-15
1.322520313852143e-15
1.1949423592010955e-15
1.176049471477327e-15
1.1183016516200944e-15
1.0721412252533524e-15
1.1385630224587313e-15
1.1654883451836808e-15
1.1000592540627973e-15
1.0618945945726697e-15
1.162963630751382e-15
1.0542615998429502e-15
1.0485353722940928e-15
1.166457697750812e-15
1.1316009104885304e-15
1.020305490560204e-15
1.2210190483430159e-15
1.2526569010097125e-15
1.1061587733936658e-15
1.2576338706865251e-15
1.3229125379849877e-15
1.3265813017345163e-15
1.250567133513209e-15
1.2108038161180415e-15
1.3641711341516363e-15
1.2841736673676178e-15
1.21000242017798e-15
1.2817741508765743e-15
1.2053576115213464e-15
1.3196781569455678e-15
1.3546285617459911e-15
1.5048082753747024e-15
1.4001252463981597e-15
1.567997292221274e-15
1.4122191565765577e-15
1.3970204705626072e-15
1.4698890505328413e-15
1.4524471468828657e-15
1.4686488712344838e-15
1.4859260493004393e-15
1.3173280859610864e-15
1.5032074853965121e-15
1.5103296869223208e-15
1.5824560592876422e-15
1.5924432694296606e-15
1.658888435953286e-15
1.4949862592128321e-15
1.4472056766064443e-15
1.3000642279937836e-15
1.293522605810133e-15
1.1629247133225752e-15
1.0557683266871123e-15
9.280532633814434e-16
9.294881260703342e-16
9.147923493098713e-16
9.580272750134004e-16
8.999433521668646e-16
8.762907164434571e-16
Acceptance rate: 0.2905999999999971
Sampling time (10 samples): 5777.7748 seconds
