/scratch/users/yanlan/TroubleShooting/SMslope/Output/AM_PM_ET_187_248_00
5.046023345141368e-08
2.183538817844575e-08
1.088500098380703e-08
5.7032682760018635e-09
2.899960423409396e-09
1.7742065243137612e-09
1.0560182940427409e-09
6.150415947547127e-10
4.0561720178080424e-10
2.6392072331218865e-10
1.642530077079399e-10
1.0936497846465907e-10
7.228540707113012e-11
5.105814705847715e-11
3.668899454991878e-11
2.4433252178826626e-11
1.741970300282621e-11
1.2337704886430951e-11
9.058242544944462e-12
6.592377194204053e-12
5.144269769909842e-12
3.805514775111104e-12
2.9786874973274435e-12
2.2608506742981615e-12
1.547050552678667e-12
1.2521726354526214e-12
1.0015825766199322e-12
8.534586775306647e-13
6.220377354116999e-13
5.370077771160166e-13
4.1024301359382973e-13
3.593675085583672e-13
3.3485314498504107e-13
2.9620499229512546e-13
2.4315426640868165e-13
2.179679872478231e-13
1.7877430049193943e-13
1.3685511549340085e-13
1.1701693477642795e-13
1.1750885891222594e-13
9.250563908377831e-14
8.148083388968985e-14
6.6076425580117e-14
5.1852463961288e-14
4.686414395506619e-14
3.907776808101564e-14
3.2921755648415675e-14
3.3811272624592216e-14
3.2890174966687287e-14
2.9195635188774933e-14
2.424143759441191e-14
2.1402345380918262e-14
2.2455815571803526e-14
2.092452714072706e-14
2.0191146543134e-14
1.946746687502453e-14
1.9698895709292148e-14
1.7278673530553487e-14
1.6260644421626006e-14
1.522039260065969e-14
1.3882271422651913e-14
1.380534078762499e-14
1.2350231128515747e-14
1.29731329835036e-14
1.1992792584825265e-14
1.1170955584904616e-14
1.0324250242206648e-14
9.944839593657927e-15
9.58935291549513e-15
8.803532197344703e-15
9.276319210854523e-15
1.1640511518368095e-14
1.0585166592774816e-14
1.1678977253856465e-14
1.144479265408635e-14
9.971141024490118e-15
9.566298538127239e-15
9.49675175229706e-15
9.339018445937715e-15
9.619139884295653e-15
8.750453132369602e-15
8.687665469944382e-15
8.684357364203984e-15
8.020986091038669e-15
7.586350371574877e-15
7.65756605864292e-15
7.975955768615068e-15
8.26688861892865e-15
8.734939343328846e-15
7.814825955792193e-15
8.345914262851959e-15
8.627153925042143e-15
8.294831497148892e-15
8.825043642999462e-15
8.933950605432967e-15
9.7276700712563e-15
8.668185988804935e-15
9.470551431087915e-15
9.384243774228818e-15
9.701801135703368e-15
Acceptance rate: 0.389999999999999
5.0391836415242474e-15
5.285137542102618e-15
5.51380541257273e-15
6.727687009580469e-15
6.919398755566168e-15
6.932739418231844e-15
7.0452536203054296e-15
6.6140000520290605e-15
7.594702513103852e-15
8.218098374216459e-15
7.207344878372744e-15
7.442188482834156e-15
6.9963246976279576e-15
7.057763474794412e-15
6.858005201921049e-15
7.228699766278443e-15
7.493108282223815e-15
6.874337686260522e-15
7.153034179781524e-15
8.036987648801426e-15
7.769430725791485e-15
7.585671287610413e-15
7.727580625301051e-15
7.79903099819762e-15
8.407771253311857e-15
8.315113623721838e-15
7.445127831149207e-15
7.44470148106007e-15
6.733972113217403e-15
7.96948306569912e-15
8.532658653071143e-15
9.49070884565263e-15
9.531001791854502e-15
1.0497434941668845e-14
1.0616103356739232e-14
9.776288210489104e-15
9.613957398142294e-15
9.067048989370482e-15
7.416844122331002e-15
6.9106548525745725e-15
7.729615289552524e-15
7.858735455366024e-15
7.610516502584003e-15
7.42424807722521e-15
7.579533746998567e-15
8.061493334557672e-15
8.482102268406882e-15
8.341646388566644e-15
7.897597625731032e-15
7.341748687015062e-15
7.797587657011105e-15
7.072808275741545e-15
6.796518500400351e-15
6.932077049664581e-15
6.471296563266927e-15
6.204461585612144e-15
5.5898226929531656e-15
5.107705409276257e-15
5.176296328167506e-15
5.924623989076505e-15
5.682466554779542e-15
5.631210625270686e-15
5.348142732347188e-15
5.205946538327236e-15
5.09793957582704e-15
5.040445874401523e-15
5.166625388077892e-15
6.056472071534274e-15
6.416950523631822e-15
6.178610934021159e-15
5.859502676755161e-15
6.55009882956633e-15
6.354040798183714e-15
6.997134442798082e-15
7.355467259269245e-15
7.103741134582039e-15
7.476818577276747e-15
7.239366866298341e-15
6.72588779504662e-15
6.4588665368666656e-15
7.292810634883406e-15
7.65277012104408e-15
7.678520097055894e-15
8.09838513556952e-15
9.975604561486958e-15
1.0532744437471713e-14
9.80807515082402e-15
9.784337744118053e-15
9.592706047023365e-15
9.262311287024947e-15
8.44791943797507e-15
7.841775958097515e-15
7.554666345270216e-15
7.891845151583906e-15
7.866162152990015e-15
7.079322107798028e-15
7.953727821073527e-15
7.416590904393403e-15
7.2833293295056e-15
7.082231266687008e-15
Acceptance rate: 0.35574999999999907
3.91305683614494e-15
3.974388183509044e-15
3.833383837806962e-15
3.662293010424127e-15
4.3723471389781394e-15
4.439137659380408e-15
4.06591538617896e-15
4.155999353026956e-15
4.0601462038919725e-15
3.7457762727455205e-15
3.805191478508088e-15
3.436344008413497e-15
3.613152327020945e-15
3.648658303461428e-15
3.762119178925149e-15
4.340629053999599e-15
4.2350447674960595e-15
3.953886678880641e-15
4.180786835770393e-15
4.103918048915194e-15
4.097827527049045e-15
4.0181886723434e-15
3.8174773601022714e-15
3.723901854197159e-15
3.801119221284202e-15
3.635085530753345e-15
2.9908794876544525e-15
2.7741387652615097e-15
3.130191933238836e-15
3.159621353484649e-15
2.9919237862545413e-15
2.638034380483014e-15
2.604402337507508e-15
2.81474234392126e-15
2.8274736586669307e-15
3.077615703904624e-15
3.326688131771931e-15
3.684553561343679e-15
4.270734828283213e-15
4.1175904271493445e-15
4.41666705735275e-15
4.711060055345745e-15
5.2152502332737235e-15
4.587446567928385e-15
4.334272923107977e-15
4.083439424409954e-15
3.970776517290413e-15
3.407090060022518e-15
3.365630754403989e-15
3.805847110723364e-15
3.879828437809313e-15
3.740735019968078e-15
3.654269836126489e-15
4.042944631942965e-15
3.614959245628534e-15
3.594978511057155e-15
3.2222807452945147e-15
3.2390343328947114e-15
3.072184600242327e-15
2.7635630335697776e-15
2.5830801101007124e-15
2.733711720239687e-15
2.645063385238109e-15
2.514601416437057e-15
2.3391040128415817e-15
2.259005344185366e-15
2.1434775426021117e-15
2.0964248848959135e-15
2.0723899617574817e-15
2.436886214602091e-15
2.4878756230311378e-15
2.7885086340558146e-15
2.505366164785194e-15
2.3662588748788693e-15
2.3845048962452977e-15
2.5418304475697586e-15
2.583657398741438e-15
2.6687977131048618e-15
2.8329390227895384e-15
3.1273555729046963e-15
3.538405487522633e-15
3.444356119200235e-15
3.471558869004487e-15
4.173983619147948e-15
4.3376097026153555e-15
4.162472889791026e-15
3.9978049972435814e-15
3.96576675820102e-15
3.891857245687481e-15
4.126696417729367e-15
3.672199756444926e-15
3.401775864766209e-15
3.0745036437294664e-15
3.6459604214367844e-15
3.8569383662273905e-15
3.6876561834920714e-15
3.4283462004939725e-15
3.310846997855665e-15
3.041773048827235e-15
3.2558637243385363e-15
Acceptance rate: 0.3434999999999984
1.8701954878839247e-15
1.944591130096634e-15
2.040071398538856e-15
1.8938302141538357e-15
2.07220278591109e-15
2.1661075829598996e-15
2.37833693534683e-15
2.5221781995974575e-15
2.798416285664736e-15
2.847931268086009e-15
2.842938330101527e-15
3.0933486033103506e-15
3.2966042708801956e-15
3.091635449155277e-15
2.9655777397338888e-15
2.9574917592111225e-15
3.1970900636339773e-15
3.295389626461368e-15
3.385335232769379e-15
3.558424758920156e-15
3.668120722425133e-15
3.784290358761486e-15
4.1627853774339696e-15
3.742925325044023e-15
3.990030137934403e-15
3.590572070176482e-15
3.5759304091253115e-15
3.653379084790251e-15
3.401715788437005e-15
3.580858917507315e-15
3.6611940489289335e-15
4.203215035010337e-15
4.042231102248405e-15
3.906507621109303e-15
4.097327280847987e-15
4.161315707607004e-15
4.1523387842870206e-15
3.6612874954317306e-15
3.741420695857073e-15
3.413077855595603e-15
2.9904316203222213e-15
3.235550974039434e-15
2.824983064048749e-15
2.8633021851490862e-15
2.9837599754457326e-15
2.8864034026875875e-15
2.837659499547876e-15
3.4602578595127075e-15
3.3491866938263916e-15
3.2624642281306815e-15
3.1230555518770972e-15
3.669680091825057e-15
4.0506150753198386e-15
4.140451489599952e-15
4.477480436069465e-15
4.973745083070661e-15
5.0774460652303486e-15
4.846512029567141e-15
4.559260180784828e-15
4.149247017984395e-15
3.9619378098709986e-15
4.37074378669117e-15
4.643017642354962e-15
5.358322293516515e-15
5.06449818334268e-15
5.056575191499341e-15
4.847940708644288e-15
5.109933425353747e-15
5.5275356702361714e-15
5.037631519809184e-15
4.730741966287761e-15
5.536702915522402e-15
5.555548250524923e-15
5.691692345838569e-15
5.382680478338714e-15
5.308356059660747e-15
4.904795558392332e-15
5.051147305905031e-15
5.746094858022549e-15
5.3369217689096306e-15
5.0763584400582075e-15
5.43746693580265e-15
5.459506320961798e-15
5.159977758059049e-15
4.619445093014177e-15
4.3366427277483075e-15
4.57673132972626e-15
4.512630533079738e-15
4.626181300184324e-15
4.7033515352160334e-15
4.555052789101762e-15
4.8871472975721e-15
4.893237130317509e-15
4.8169430392476515e-15
5.1956821041385186e-15
4.732022072380797e-15
4.477585099063171e-15
4.404120313365046e-15
4.234379739150531e-15
3.945709589460246e-15
Acceptance rate: 0.3268749999999984
2.231685230090434e-15
2.322879923420478e-15
2.439659900135786e-15
2.7464600994307896e-15
2.5460581249353597e-15
2.6238565143841026e-15
2.804452087303706e-15
2.8710334657497715e-15
3.1795832717332778e-15
3.2841359687445863e-15
2.9949683796307387e-15
2.6159474005881892e-15
2.4816696638977503e-15
2.380800231303252e-15
2.2512199452150982e-15
2.009097542524927e-15
1.917176951351281e-15
1.9655383688617738e-15
1.710942567396875e-15
1.880636445532618e-15
1.8565891024202105e-15
1.906715212063758e-15
1.926813405660857e-15
1.841629837024937e-15
1.9444982096156653e-15
1.8534850713453736e-15
2.1365656135603556e-15
2.3994706393263512e-15
2.4184836077756634e-15
2.5719747850874233e-15
2.6366267622583855e-15
2.781157490384544e-15
2.8770560570272047e-15
2.895564517999259e-15
3.1027030382582748e-15
3.4852142230041493e-15
3.2056450707175562e-15
2.9689226987631624e-15
3.1088224916649156e-15
2.9892234146777813e-15
2.9597640423847946e-15
2.9446222460633775e-15
3.0772667115609836e-15
3.4097629822501605e-15
3.3842235569505483e-15
3.607263302153502e-15
3.77342458069644e-15
4.156551525995217e-15
3.982075526780471e-15
4.120281406992007e-15
3.916817673414742e-15
4.474540501795228e-15
5.232096246469032e-15
5.563973330317823e-15
5.931491440401113e-15
5.728539411934394e-15
6.348019326274967e-15
6.955273478068408e-15
6.837684258950516e-15
7.528824528102121e-15
7.106088879442777e-15
6.605982693351556e-15
6.3132091696849045e-15
7.1520453191022e-15
7.242032445113042e-15
7.706760092189184e-15
8.274279855648875e-15
8.783899712598034e-15
8.088491686931808e-15
8.165155706890842e-15
7.840894896198938e-15
7.265559596484422e-15
6.9915368167289e-15
6.2290603056885575e-15
6.885172832751295e-15
7.998566399818439e-15
7.552808820020382e-15
7.351709000902785e-15
8.443810495080935e-15
9.556579544385989e-15
9.85315558890295e-15
9.620906373369586e-15
1.0868192823561705e-14
1.059161995743428e-14
9.48784313853737e-15
9.899815030529617e-15
9.562479967736177e-15
9.026477874938801e-15
8.99486187530681e-15
8.33755078680723e-15
8.91360746696113e-15
9.050292692228986e-15
9.332811839495834e-15
9.823599362241897e-15
9.149057702059817e-15
9.462996013941127e-15
1.0683986138481314e-14
1.187111642323584e-14
1.1719791380234296e-14
1.3081299300456622e-14
Acceptance rate: 0.3193999999999992
7.533497324959895e-15
7.25417655733151e-15
6.778575262042424e-15
6.984892928486151e-15
6.659184863608248e-15
7.185026056344945e-15
7.174626514379697e-15
7.475202439139406e-15
7.508296241766318e-15
7.181462215342582e-15
7.714905523583994e-15
8.045390202311924e-15
7.617967325615126e-15
6.99760874448756e-15
6.710907786280014e-15
7.14021933282939e-15
7.49693116044083e-15
7.698669595967598e-15
7.650306895454114e-15
6.838730820188107e-15
7.272225026881264e-15
7.458058995306738e-15
8.346489148444672e-15
8.214230961449623e-15
7.761157628425444e-15
8.017658171578598e-15
8.955278085400124e-15
9.176997665822034e-15
8.092462175968298e-15
7.406668448800397e-15
6.952991216777124e-15
7.575177191660858e-15
8.315824125406219e-15
1.0064238109530005e-14
9.155086422808492e-15
8.116207020656398e-15
8.349809947399189e-15
8.65074246730375e-15
9.620524479675162e-15
8.742026764805937e-15
8.511482594264162e-15
8.310272155183305e-15
8.338624403246782e-15
7.956252146112827e-15
7.648063226226485e-15
7.891889309407954e-15
8.941745772449866e-15
9.72430674081119e-15
9.687745513293996e-15
9.52231077288081e-15
1.017887459761609e-14
1.1482602712713963e-14
1.1123663801133398e-14
1.1857156350986452e-14
1.0322288238960588e-14
1.0532980579251896e-14
1.0210069110777091e-14
1.0628227821153144e-14
9.673706391225617e-15
9.118285113651774e-15
8.86185295312686e-15
8.464273143397442e-15
1.0154420367997378e-14
9.435880206204161e-15
1.0524986744616719e-14
9.787229197303584e-15
9.604824612462165e-15
1.094425404976988e-14
1.1124258366384776e-14
1.219948438728405e-14
1.2505762096663418e-14
1.2306030766285339e-14
1.1540219276373343e-14
1.1499154909637754e-14
1.0490410579217786e-14
9.01633583460073e-15
9.631193964276818e-15
1.0891997760713219e-14
1.0007241134987214e-14
9.34518665679775e-15
9.501193831513223e-15
9.385285262092291e-15
8.785017067221336e-15
8.709035997420213e-15
9.572725609542674e-15
9.935872881298091e-15
8.124292797382908e-15
8.742824670946307e-15
8.956199481168262e-15
8.886650750857762e-15
7.90338688835082e-15
7.715274252943276e-15
7.190186086029248e-15
7.448292316273045e-15
7.781556974461827e-15
8.602688534010147e-15
8.803543534060266e-15
9.191267553935465e-15
9.590217141959715e-15
1.0804213678870177e-14
Acceptance rate: 0.31849999999999895
6.4430951690521925e-15
6.3137716523959005e-15
6.4082154726566996e-15
5.713512878366734e-15
5.655859958966782e-15
5.602922638471123e-15
5.900016819074127e-15
6.023419616502106e-15
5.89504225214576e-15
5.493405479823623e-15
5.4182342492193146e-15
5.750729794427443e-15
5.588949364678618e-15
5.599895108776602e-15
6.313678746341476e-15
7.1156776865366e-15
7.929069446181578e-15
7.550965951229043e-15
8.988452291940916e-15
9.004956360175864e-15
9.943658308825805e-15
1.0325530132771382e-14
1.079302003644031e-14
1.0971671246648701e-14
1.1246264706529815e-14
1.0179784704253334e-14
9.491759338534567e-15
9.138601331741865e-15
8.192262669162106e-15
8.405071531172398e-15
9.897220336779639e-15
1.0197318575780116e-14
1.0886669730333218e-14
1.0504421222435995e-14
1.0561570179643543e-14
1.0904934141830471e-14
1.0474492502193594e-14
9.520541278792247e-15
8.675468423435176e-15
8.598457785603903e-15
8.513154853180495e-15
8.423019838507986e-15
8.071219391087546e-15
8.50207988829717e-15
8.388479715905501e-15
7.846588016489692e-15
7.379228763176363e-15
7.253987428145202e-15
7.528726961829425e-15
7.588465672225051e-15
6.9336282495492805e-15
6.849966717768695e-15
6.316303639923803e-15
6.93281346221643e-15
7.75137846837078e-15
7.833883106370287e-15
8.186730105902972e-15
7.448430211831362e-15
7.696525574322565e-15
8.458435197639763e-15
7.799603012410323e-15
7.328117281423596e-15
6.499828790627342e-15
5.9149955950124735e-15
6.048755483304052e-15
5.918489013866332e-15
6.1617356370002e-15
5.6466207091930285e-15
5.045877151089033e-15
5.18843785456333e-15
5.626635034980029e-15
5.450460623035551e-15
5.3493893620751215e-15
4.8621718488943e-15
5.223704057539487e-15
4.844066247079135e-15
4.914633557553004e-15
5.4588894994118316e-15
5.115407652432828e-15
5.571033449247616e-15
5.659940471844621e-15
6.084472989866072e-15
6.349788009435662e-15
5.787592278626588e-15
5.904411784147052e-15
5.672797649288518e-15
5.0143817447143145e-15
5.251865379170641e-15
5.666103970342083e-15
4.84552045918603e-15
4.811790309887611e-15
4.72961793703162e-15
4.68633904243826e-15
4.518450340477995e-15
4.863032020944281e-15
5.043669084716722e-15
4.838772875852288e-15
5.752543873117495e-15
5.956166519372322e-15
5.787419715054972e-15
Acceptance rate: 0.3144999999999982
3.3852886719086502e-15
3.091372850624364e-15
3.0227291660967926e-15
2.6361653884817887e-15
2.6142603093653085e-15
2.7227409294762634e-15
2.8752530632336854e-15
3.163830130383021e-15
3.092197680254518e-15
3.0063758721856718e-15
2.9045179486216952e-15
3.1660863611925735e-15
3.4860265454199925e-15
3.575242288286774e-15
3.481654087321607e-15
3.678801846902585e-15
3.290901958421556e-15
2.9824805328815296e-15
3.1928496817228504e-15
3.2286849159416192e-15
3.315014746293504e-15
3.18384228533374e-15
3.0494072223572723e-15
2.9367799418629838e-15
3.1859953221841675e-15
3.10579314215469e-15
3.029109884893709e-15
2.984110642210468e-15
3.4971463973805845e-15
3.620527189720034e-15
3.4690247141658814e-15
3.620065671211812e-15
4.211661357991654e-15
3.834705823332174e-15
3.779764485432729e-15
4.3939103231984574e-15
4.161326146032517e-15
4.352280063239524e-15
4.05263921548683e-15
4.06317780009439e-15
3.9588186906950095e-15
3.794453741915495e-15
3.767519646453057e-15
3.7951370576753856e-15
4.005224433448888e-15
3.666042636416502e-15
3.835185049109159e-15
4.165260943271784e-15
4.203341134737267e-15
4.358216971095721e-15
4.049621466952284e-15
4.312387768532866e-15
4.585051139521988e-15
4.165709291686405e-15
4.070767135444804e-15
4.713671730593486e-15
5.470884877119793e-15
5.157853924357914e-15
4.870606485439389e-15
4.897721769956538e-15
4.8596563929011106e-15
4.650184627622e-15
4.5391844380791644e-15
4.6370974670948446e-15
4.682241184266748e-15
4.506573397869851e-15
4.705740171738874e-15
4.791601185309839e-15
5.216933932586788e-15
5.305740824956539e-15
5.46477022243853e-15
5.107105090145779e-15
5.408795499286502e-15
5.2192136694530464e-15
5.034747876489924e-15
5.0626353876036715e-15
4.655357506259386e-15
4.559448853078216e-15
4.7265388956851445e-15
4.629879692633798e-15
4.663050712498055e-15
4.6702087613544734e-15
5.344021151536476e-15
5.513076811729865e-15
5.020356913681222e-15
5.164381149756769e-15
4.967722552284885e-15
5.05605606955416e-15
6.0157610551935505e-15
6.786915205845649e-15
7.734819828056364e-15
8.57334318887698e-15
8.475317696914477e-15
8.511936313354467e-15
8.323394404381672e-15
9.338076797440967e-15
1.0218109996527304e-14
9.302697137816754e-15
8.600221377636873e-15
8.430948672574536e-15
Acceptance rate: 0.31112499999999865
5.0590427704342385e-15
5.165798192270503e-15
5.128376636172055e-15
5.0598805458404986e-15
5.093306965457212e-15
4.973137830049263e-15
5.153316328921621e-15
5.1789995904997844e-15
5.788636320971877e-15
6.4856414098914724e-15
7.026194326132502e-15
7.706698509358977e-15
7.0852547206286926e-15
6.256191814270498e-15
6.440210510541947e-15
6.514043301249462e-15
6.675029926069083e-15
6.712737826093462e-15
7.257888349192177e-15
7.076028073651597e-15
8.021895198006517e-15
7.986427795426371e-15
8.441805457173252e-15
7.937770247098506e-15
8.215135268840373e-15
8.677702193537219e-15
8.116590219111769e-15
7.753992365891501e-15
8.190924346826531e-15
7.514266625305132e-15
6.675321616118025e-15
6.8457537290414304e-15
7.063751070612367e-15
7.386362197629135e-15
8.396941273591817e-15
7.79185144298294e-15
8.059110457250419e-15
8.009324283088601e-15
7.525399400739461e-15
7.187616025323635e-15
6.896544407736805e-15
6.571989495383499e-15
6.115017920414219e-15
6.644530317383505e-15
6.46757506113563e-15
6.4456214396286096e-15
6.346312978017647e-15
6.351578732408331e-15
6.2704473436573016e-15
6.3518150548884346e-15
6.2009374352710295e-15
6.503936057858185e-15
6.772491363103809e-15
7.143263315252606e-15
7.290560325125756e-15
8.56881848952567e-15
8.3748294892968e-15
8.313950839843212e-15
8.062442672325906e-15
8.519556377302234e-15
8.168929177552447e-15
8.043948866155536e-15
7.804860239379404e-15
7.829224182181731e-15
8.073534181571315e-15
7.920267805213127e-15
7.773753504827411e-15
7.95422621093197e-15
8.300199009862101e-15
8.587671036937376e-15
8.516404375455467e-15
9.337441343694759e-15
9.094035807274416e-15
8.454879283790825e-15
7.508474439930043e-15
7.612229895778251e-15
8.404867242039998e-15
8.382105893674976e-15
7.650077300866199e-15
7.854099484039887e-15
8.029659710698288e-15
8.031298050998131e-15
7.168810670076752e-15
7.052946030329284e-15
6.531379885074383e-15
6.361243098459133e-15
6.887407967347122e-15
6.352740502136351e-15
6.589058255490541e-15
7.29446997763451e-15
6.647467399375959e-15
6.3744613504016e-15
6.557803979952347e-15
7.529898158662661e-15
7.649238975454893e-15
7.243906876379371e-15
7.140714609643628e-15
6.282262655861442e-15
7.0914363328115655e-15
6.870843951566571e-15
Acceptance rate: 0.3136111111111097
4.199154945573615e-15
4.793257061998279e-15
5.199333415516756e-15
5.244133669078356e-15
5.506667231592693e-15
5.022584390018848e-15
4.819889407542676e-15
4.528169468280197e-15
5.0166649147371386e-15
5.108040876133241e-15
5.232917487946552e-15
5.226991785484072e-15
5.320173446407704e-15
5.525970995907566e-15
5.295857412058109e-15
4.9300418136034855e-15
5.4834692443849875e-15
6.062717509612066e-15
5.5304922001730746e-15
5.258956102325613e-15
5.3273323641085455e-15
5.605948100974535e-15
4.983534259295748e-15
5.0812837120488884e-15
5.4722820860112655e-15
5.5353099485393755e-15
6.741508757357618e-15
6.653759405127606e-15
6.654530487464887e-15
6.157058081123205e-15
5.86632680427387e-15
5.6742223943721784e-15
5.916619127411354e-15
6.6341180707820635e-15
7.123147288266078e-15
7.67730437367653e-15
7.395575074606972e-15
7.425926918204134e-15
8.12542098083175e-15
7.771104433631196e-15
8.308904512044874e-15
7.601257771323688e-15
7.677478436350529e-15
7.899088622342464e-15
7.063175595594918e-15
7.023155936588528e-15
7.272067499124393e-15
6.859162682642483e-15
7.181503125542134e-15
6.5424906666919546e-15
6.040989514091413e-15
5.35676943137822e-15
5.878122438994581e-15
5.178949353716582e-15
5.513415600135825e-15
5.0936803159076006e-15
5.314696940783992e-15
5.5825474909443916e-15
5.2014530507843506e-15
5.212454325040601e-15
5.4260974706772095e-15
5.1040219940800045e-15
4.9426641797741055e-15
4.635137842671063e-15
4.552980406397301e-15
4.57439954779394e-15
4.3672509834738255e-15
4.928167081095673e-15
4.997654535623183e-15
5.8209698980098045e-15
6.793338275177754e-15
7.161793522789172e-15
7.044067657555431e-15
6.816929061429369e-15
6.791611845859875e-15
6.3204016040042765e-15
6.508703916494009e-15
6.169238285800936e-15
6.140876296219829e-15
5.914274534754724e-15
6.329676221025136e-15
6.409805510830804e-15
7.035291514355233e-15
7.176475254479742e-15
6.729431677146905e-15
6.37206207408208e-15
6.756271983073707e-15
6.4223812195190605e-15
6.4588706816240625e-15
6.570711008659433e-15
6.920468176361681e-15
6.976059628453436e-15
7.065080039630595e-15
7.410145379514837e-15
7.771465275185316e-15
7.312657390439036e-15
7.206384615319435e-15
7.696675174980554e-15
8.281147681455017e-15
8.224314419361597e-15
Acceptance rate: 0.3119999999999999
Sampling time (10 samples): 6098.0525 seconds
