/scratch/users/yanlan/TroubleShooting/SMslope/Output/AM_PM_ET_195_418_00
5.119318068194869e-08
2.2477502739289425e-08
1.066059131709172e-08
6.602478527050127e-09
3.4893502510197555e-09
1.9077852552048026e-09
1.1040208129014758e-09
6.686735919998514e-10
4.065625376189518e-10
2.507984274846737e-10
1.5151902964938394e-10
9.325147970948532e-11
5.526737297208346e-11
3.649766903502581e-11
2.3147798406494804e-11
1.4511279441164018e-11
9.440447310779356e-12
7.060433083378705e-12
4.6664139182310255e-12
3.357253970882422e-12
2.4011103370586945e-12
1.644068451135092e-12
1.160205705832403e-12
8.37172609794595e-13
6.289750924864821e-13
5.359040144749645e-13
4.143895936102481e-13
3.0955683971931704e-13
2.3286062021670773e-13
2.2374807792202605e-13
1.8402463785040632e-13
1.4804889073235519e-13
1.132304135887023e-13
8.982480673166158e-14
7.184844843168036e-14
7.534500708839619e-14
7.207979878343958e-14
6.583241959526695e-14
5.761942570696959e-14
5.131516528829947e-14
4.664003132462243e-14
4.1043336996578944e-14
3.9682903389829e-14
3.5673950153574996e-14
3.2882959182674656e-14
2.988436708182432e-14
2.710138739052514e-14
2.683847559402277e-14
2.389016121171749e-14
2.1182674440346656e-14
1.9876661390349358e-14
1.5130753819718343e-14
1.435948146973342e-14
1.3447862774388634e-14
1.4924663330189023e-14
1.3513964979571412e-14
1.1149442814598063e-14
1.0203213631399403e-14
9.406661365549529e-15
8.5924672001156e-15
8.51751943749837e-15
6.883312027706484e-15
6.408814995107368e-15
5.894098365449332e-15
5.589958488854297e-15
6.057711525347894e-15
5.559821638598268e-15
5.5603350498547266e-15
5.0396975237294794e-15
4.3037890269531145e-15
4.031595507648368e-15
3.4171951665222827e-15
3.598627557012574e-15
3.4781859897367604e-15
3.5200279653525097e-15
3.383648726579177e-15
3.3168932943286943e-15
3.1932431278392303e-15
2.8510717171815835e-15
2.993871882813403e-15
2.965591179053442e-15
2.553946882963306e-15
2.3730432543952097e-15
2.3420121300792722e-15
2.213293764237491e-15
2.1361663092184475e-15
2.1699801928037116e-15
2.2112034536951624e-15
2.112648915093402e-15
2.088845142508998e-15
2.138837757483707e-15
2.230242759512694e-15
2.106156234196628e-15
1.998459142597831e-15
1.846033016415055e-15
1.8337785685305346e-15
1.7427042856491407e-15
1.7370202382238628e-15
1.5793599383558485e-15
1.5604889929573165e-15
Acceptance rate: 0.34700000000000075
8.24756589318539e-16
7.925419035173277e-16
7.008317305947248e-16
8.494162268557934e-16
8.72389607122208e-16
8.117247148695692e-16
7.713586183995788e-16
9.142696567417051e-16
9.24982108343839e-16
9.18471037755964e-16
8.168725955088638e-16
8.140007061032044e-16
7.716087539426829e-16
7.041569730090713e-16
6.563956445057779e-16
7.088329209010193e-16
7.024790519440911e-16
8.04325383058673e-16
7.682297065548163e-16
6.995904222048543e-16
5.637082428303959e-16
5.38245393201516e-16
5.207922323417413e-16
5.841277056885509e-16
5.68079029112533e-16
5.696782279860741e-16
4.928299083729404e-16
4.902977519429959e-16
5.224724704091205e-16
6.140208533080175e-16
7.539315278540748e-16
6.679828322079991e-16
6.418616497848461e-16
6.839320320703622e-16
6.552848421932906e-16
6.44264049015101e-16
7.104895506722817e-16
7.474107008056506e-16
8.168211231120358e-16
6.736203552555177e-16
7.06357291014988e-16
7.180170594619924e-16
6.754159369718626e-16
6.596525277214064e-16
7.842040031054255e-16
1.1432057557740765e-15
1.2461982693637805e-15
1.46239762504975e-15
1.4124806640193786e-15
1.480098680890338e-15
1.4970413993171757e-15
1.3678721999453717e-15
1.2438785863119722e-15
1.3272441162211134e-15
1.4118675201131452e-15
1.393597596776753e-15
1.4528148824047099e-15
1.5595664741731691e-15
1.74331076307725e-15
1.7403723960754587e-15
1.7518550876180291e-15
1.669081602917529e-15
1.781779209516372e-15
2.0414555923357464e-15
2.1116528508501414e-15
1.8651598628973667e-15
1.6439280462509818e-15
1.5754471233709887e-15
1.7175313285988514e-15
1.7542830429363498e-15
1.7293953604096747e-15
1.7658933006635708e-15
1.867100530348753e-15
1.6412548714243482e-15
1.5755557643281771e-15
1.4648188331859958e-15
1.3595796311022733e-15
1.5416959762945096e-15
1.408043644798652e-15
1.3199939647536408e-15
1.3124161422463911e-15
1.4254113577061814e-15
1.3739327105277672e-15
1.3633394171859116e-15
1.3121384847598159e-15
1.2597590682457798e-15
1.2298477206080817e-15
1.1992421197044035e-15
1.0999174675358447e-15
1.0448124085534855e-15
1.0121063755770157e-15
1.0600480542584746e-15
1.1456207665953212e-15
1.1375043457082206e-15
1.0613741765326778e-15
1.016304941976654e-15
1.05873858138981e-15
1.066401879468579e-15
1.0512033420213e-15
9.881195665857805e-16
Acceptance rate: 0.32425
5.55014949121206e-16
6.510095805716909e-16
6.269141181508687e-16
5.6989653981886825e-16
6.418114684547868e-16
5.842015547020675e-16
5.797345508429128e-16
6.048243710207733e-16
6.671403364332098e-16
7.654134946145908e-16
7.762548600839416e-16
7.652452705332437e-16
6.583095418886773e-16
6.127958716388963e-16
6.184887340586785e-16
6.674685610833105e-16
6.464363086934103e-16
6.00709043352749e-16
6.144517127311047e-16
5.985774047384019e-16
6.065110846208386e-16
6.270310316253018e-16
6.805950751022729e-16
6.284667032328443e-16
6.124634568161949e-16
5.864520506248754e-16
5.144188701577018e-16
5.360073082157925e-16
5.340125614210279e-16
6.664607710926823e-16
7.018581727146196e-16
7.290775113062288e-16
7.499767385131295e-16
8.860321619498998e-16
1.0079614594659308e-15
9.997628937458494e-16
9.603546695813577e-16
9.843755597399731e-16
9.72463663669226e-16
9.50361837695732e-16
9.763178000655219e-16
1.0182748874928016e-15
1.1347730752982633e-15
1.1316182507053588e-15
1.226212750707943e-15
1.235199953601263e-15
1.2544698075453097e-15
1.4338195274674204e-15
1.4584090704278162e-15
1.6308291658418511e-15
1.8801782486628327e-15
1.7732534131127187e-15
1.6260358223044947e-15
1.7640231373875637e-15
1.7264525445984193e-15
1.7526493753984248e-15
1.7461197175013134e-15
1.7125724081986453e-15
1.9241911127179646e-15
1.8073368828266658e-15
1.844449128747065e-15
1.7858164831678596e-15
1.696801648582293e-15
1.6134810719736698e-15
1.6450493612719734e-15
1.7695129189487747e-15
2.0112595985802203e-15
1.8943096573207088e-15
1.9459157851447586e-15
1.7779795824249488e-15
1.7203149218657608e-15
1.6593977226897115e-15
1.6453703878728607e-15
1.7315857790455692e-15
1.8058553050130507e-15
1.924334517771819e-15
1.9635172721765383e-15
1.8089894748145715e-15
1.7360386176403714e-15
1.8855402694551044e-15
1.764511786697082e-15
1.758337118810379e-15
1.6552621947567693e-15
1.6684532403023693e-15
1.7605812302713828e-15
1.7314269811950872e-15
1.7088825606456675e-15
1.6356308978660584e-15
1.5433344506948288e-15
1.5433722016013068e-15
1.5574333981795225e-15
1.6311935916052816e-15
1.781140480948719e-15
2.124905411469058e-15
2.4394294925205936e-15
2.162203996318658e-15
2.2668945781083194e-15
2.2785562132737053e-15
2.177217876734288e-15
1.9079108784740055e-15
Acceptance rate: 0.30666666666666487
1.0677724394182269e-15
1.1265429964338115e-15
1.1595404139027507e-15
1.1626846736023415e-15
1.1771569288877708e-15
1.1438123589183752e-15
1.239131226887786e-15
1.2635883396194492e-15
1.4041668493566743e-15
1.3983567115458906e-15
1.4178072343026726e-15
1.4324947041405618e-15
1.415532602993158e-15
1.4040652468590243e-15
1.3627805524996755e-15
1.4281829351701474e-15
1.6255010291425935e-15
1.571808142073384e-15
1.6737565322620833e-15
1.6310962909436552e-15
1.5087603557723682e-15
1.560594737596793e-15
1.5617972532783146e-15
1.5927858053742967e-15
1.5887672760421206e-15
1.5982386387838508e-15
1.5804087944871294e-15
1.9083939799701798e-15
1.948753821453392e-15
2.1152196603520664e-15
1.970176836781286e-15
1.9159913967730855e-15
2.1436221999806862e-15
2.2772551485456437e-15
2.339082933677867e-15
2.3067874342368455e-15
2.0916597773277114e-15
1.919625806655184e-15
1.936631047491086e-15
1.716346809450484e-15
1.6998899316881366e-15
1.7565258784849354e-15
1.84738959235825e-15
1.635004067270935e-15
1.5792575676145191e-15
1.5263745168041803e-15
1.6148576006224566e-15
1.509081684529795e-15
1.4499073838500499e-15
1.3140069294002699e-15
1.3025589310531392e-15
1.4081221975859603e-15
1.3693166395977825e-15
1.2600637265053798e-15
1.2371163840979842e-15
1.1059381946881577e-15
1.080093164388167e-15
1.117146058995485e-15
1.0213187213869889e-15
1.0013900532802153e-15
9.637513384171558e-16
1.049347318543253e-15
1.0209969156852771e-15
1.0037498794279287e-15
1.026509333016405e-15
9.777736991546086e-16
9.453034346481865e-16
9.991094134557165e-16
1.1338991103305604e-15
1.2224768494248777e-15
1.2662939152503787e-15
1.3030866992991017e-15
1.229077449597773e-15
1.3128170539843335e-15
1.2799485559135318e-15
1.3588171209892556e-15
1.5774211960265539e-15
1.5961401783878688e-15
2.027957265470029e-15
1.983561511176385e-15
1.8255513633980124e-15
1.7844892192159496e-15
1.6379741069257723e-15
1.5952623535543321e-15
1.5320728661956815e-15
1.337210183185771e-15
1.2924136099879858e-15
1.3865578783896704e-15
1.3768900458373877e-15
1.6241589777938272e-15
2.009988478292279e-15
1.9658223120008227e-15
1.805920852133456e-15
1.655764536113148e-15
1.527534880871119e-15
1.4725654084868118e-15
1.5089975330191012e-15
1.570086885782269e-15
1.3388912770580745e-15
1.3198670956965322e-15
Acceptance rate: 0.3036249999999979
7.723950850472867e-16
8.566723564035134e-16
9.082225348174794e-16
9.841238828057408e-16
1.1213504801559563e-15
1.299930179127332e-15
1.3307258496509495e-15
1.4451256751811231e-15
1.4726219123807807e-15
1.5378359585327723e-15
1.4431545885532119e-15
1.3082734202117133e-15
1.2310644846411213e-15
1.378678592909861e-15
1.5361406393449676e-15
1.4127214353311381e-15
1.3274189080801117e-15
1.215793731756782e-15
1.2340227067868662e-15
1.4679057911177396e-15
1.4703617810743368e-15
1.5484192699511148e-15
1.4519334036836934e-15
1.4823207300987706e-15
1.59305749427032e-15
1.546706746343634e-15
1.5625390029906898e-15
1.5114576047976059e-15
1.5501899074953405e-15
1.5027098722798316e-15
1.5263737429649636e-15
1.4465621204845044e-15
1.361159861527584e-15
1.5610233378732902e-15
1.6377756521191389e-15
1.6803086345449824e-15
1.517124014435052e-15
1.4617877044436723e-15
1.5030461207968798e-15
1.464889521348221e-15
1.5660900667554517e-15
1.3918549591767383e-15
1.3912656864797822e-15
1.3963217102022238e-15
1.2947216284856882e-15
1.2224272280957779e-15
1.2947658995500492e-15
1.3269792679394258e-15
1.5160150780431481e-15
1.4904356096236461e-15
1.5755550799878744e-15
1.5652673291728361e-15
1.8413264638272282e-15
1.8445740251907083e-15
1.7803083808036432e-15
1.8258673580534347e-15
1.6783879733672715e-15
1.6865687060847918e-15
1.6871051971285262e-15
1.474698132299868e-15
1.4925510244403398e-15
1.5345670098239666e-15
1.5456459032467485e-15
1.6759747977421371e-15
1.8165228819770334e-15
1.7224769621045475e-15
1.806643103947885e-15
1.832972443919965e-15
1.8089160924341594e-15
1.7202851402680428e-15
1.815190742520693e-15
1.7281702083644657e-15
1.6794659260030585e-15
1.7799799474490437e-15
1.634786998874163e-15
1.497181929177189e-15
1.3963322867055146e-15
1.541258436359795e-15
1.4566089954763673e-15
1.355381232579296e-15
1.3763073228428123e-15
1.3595677921442694e-15
1.4148300260794573e-15
1.5059838534793209e-15
1.641818931594484e-15
1.688612691368208e-15
1.7159899414967911e-15
1.7678372532707146e-15
1.6921110507584085e-15
1.8608554109114046e-15
1.9980151856836716e-15
1.9595522178593984e-15
1.8909162794524606e-15
1.8921917332991032e-15
1.7752647760579018e-15
1.84313994417563e-15
2.222142630044212e-15
2.0712090427091757e-15
2.0338145273043347e-15
1.9826755428056167e-15
Acceptance rate: 0.2994999999999984
1.1520309371909424e-15
9.751218838015998e-16
9.539403180362915e-16
1.0537070320772008e-15
1.1286814171021435e-15
1.067174388682107e-15
1.155943232681251e-15
1.1338879378911103e-15
1.0107538114458884e-15
9.35654622886157e-16
1.0247836397805127e-15
8.995068701925137e-16
9.485302060529114e-16
1.0685464488098527e-15
9.708516873438602e-16
9.67558898486243e-16
1.0310931419946797e-15
1.0476169897873663e-15
1.1074388277752706e-15
1.1399061093849115e-15
1.293488763422536e-15
1.5346192587543938e-15
1.6160744817153686e-15
1.8756467964793463e-15
1.9718462403606216e-15
2.2676714627410496e-15
2.3380952194631683e-15
2.2967998025954362e-15
2.3565464271290767e-15
2.689882679569583e-15
2.844519436557584e-15
2.7758166280523624e-15
3.041164415191567e-15
2.8786808090188593e-15
2.6892400718705895e-15
2.593812815305818e-15
2.6351498859366294e-15
2.7601754607972183e-15
3.1005404556731788e-15
3.142548411075271e-15
3.1580619305850255e-15
3.0782701083310103e-15
3.1169252876678933e-15
3.2182608475549593e-15
3.105102821526878e-15
3.133110029952554e-15
3.416534539099326e-15
3.5003859858779994e-15
3.81984393547401e-15
3.584457396004052e-15
3.383752051653974e-15
2.9807460685163417e-15
2.748146822083305e-15
2.5669581755138693e-15
2.2921939129657486e-15
2.460130366345227e-15
2.6326669977480762e-15
3.0912263695598004e-15
2.96363097830705e-15
3.0203642460622032e-15
2.8497351500374596e-15
2.9538387500294625e-15
2.8208676719132382e-15
2.6883949786497488e-15
2.5016116033594325e-15
2.470853670669782e-15
2.7069339917710027e-15
2.6997347351344836e-15
2.704412067433596e-15
2.5898517995253287e-15
2.414624331222646e-15
2.552050342664299e-15
2.7303729621375288e-15
3.2096997865062e-15
3.1396996135601906e-15
2.97755543210741e-15
2.629091297586926e-15
2.7675252166766307e-15
2.7136102295956925e-15
2.9781971476230626e-15
2.802187861577168e-15
2.7900024230681955e-15
2.878089345488993e-15
2.84833784421361e-15
2.939374023361528e-15
3.044471700617853e-15
3.236421332802273e-15
3.3032674646756474e-15
3.368605615481939e-15
3.1764419000290416e-15
3.483987715470011e-15
3.7578988400561874e-15
3.920196379527262e-15
3.899467851110783e-15
3.86781961868286e-15
3.938661387634548e-15
3.849919091387814e-15
3.676644481986511e-15
3.7550467195214114e-15
3.769659038091278e-15
Acceptance rate: 0.303249999999999
2.2053582839440197e-15
2.253092778523126e-15
1.963864691467219e-15
1.7505718528221602e-15
1.8452334222432234e-15
1.9605418914972443e-15
1.8360721166692875e-15
1.8037825031869577e-15
1.7545676375997921e-15
1.5564908473532676e-15
1.9344988299609877e-15
1.7760489060547598e-15
1.8236752767183116e-15
1.8494412132866108e-15
1.8073007552285936e-15
1.840353174365054e-15
1.6178500217361137e-15
1.581966925270521e-15
1.4783340969790958e-15
1.5059070482624696e-15
1.4820269953824838e-15
1.4286810076225675e-15
1.3857199299870968e-15
1.660070355520653e-15
1.7080264032128346e-15
1.5734082941324847e-15
1.37958458987629e-15
1.3206193718428413e-15
1.2308418562215345e-15
1.2427970763344814e-15
1.0698057160463957e-15
1.0694972966566292e-15
1.0226464647798076e-15
1.1216413516065081e-15
1.0658310701704036e-15
1.2540024523231352e-15
1.2721293266618656e-15
1.315336193372387e-15
1.2269840174278714e-15
1.1657488546800268e-15
1.3403801825694147e-15
1.4654869650255165e-15
1.469582398707206e-15
1.416004050232494e-15
1.5137096379248779e-15
1.6062545298003148e-15
1.6887799721824904e-15
1.6700590214543914e-15
1.4583770186934905e-15
1.2872648491209157e-15
1.2622638222592184e-15
1.1680292820470807e-15
1.3017896491826571e-15
1.2599784427463882e-15
1.1277066436253104e-15
9.964972949998338e-16
9.326421076602566e-16
8.891636889954124e-16
8.79800133804312e-16
9.962432128425887e-16
8.994197058381645e-16
8.558835400719391e-16
7.850050577329048e-16
8.107916005536873e-16
7.266273918732497e-16
7.049236901232779e-16
7.493014259186118e-16
8.197038357774329e-16
7.64899067151379e-16
8.544522424950353e-16
9.27160442778094e-16
1.0120824369029617e-15
1.0780313108271935e-15
1.2524639406224932e-15
1.2571886251613399e-15
1.2631129317074815e-15
1.4368222384558022e-15
1.4962538263114234e-15
1.5232976603822537e-15
1.5031049056305921e-15
1.5235836977156477e-15
1.6566365290827864e-15
1.7874761862374513e-15
1.7817952206439507e-15
2.0382315317222495e-15
2.4212968876307674e-15
2.713205305103278e-15
2.7158316204516303e-15
3.0579567680364296e-15
2.771091758442258e-15
2.701878412886428e-15
2.2410743005340947e-15
2.66928235331527e-15
2.4547044341296725e-15
2.325769235499123e-15
2.4634499580006855e-15
2.3927157950298863e-15
2.204359948159086e-15
2.1085545796194222e-15
2.0405974240104605e-15
Acceptance rate: 0.2987142857142858
1.194973037569131e-15
1.2326596036194321e-15
1.095971198186232e-15
1.0734098572234838e-15
9.77181217084637e-16
9.666201874955046e-16
1.0405842522257908e-15
1.0026042391184986e-15
9.87597733427595e-16
9.665244832979225e-16
1.1609904057451188e-15
1.273139385888384e-15
1.303150829587136e-15
1.2888879866937115e-15
1.2817152483518218e-15
1.3797284641792053e-15
1.4297886347658445e-15
1.3777103045748387e-15
1.4505657854442015e-15
1.4499328027712792e-15
1.3903789490965572e-15
1.2581498224810255e-15
1.3699371855136045e-15
1.2481497591734815e-15
1.3358141988639085e-15
1.2893087208077228e-15
1.344271440894055e-15
1.4038748192910061e-15
1.3951449558332175e-15
1.2967555380060539e-15
1.1920905558167682e-15
1.259887651788636e-15
1.2746274824173379e-15
1.1508308411514713e-15
1.1149202805094276e-15
1.1627142639524214e-15
1.1609634264785825e-15
1.1845396961354463e-15
1.435457462178896e-15
1.285517131176149e-15
1.3456227346746308e-15
1.355794317980878e-15
1.4978165016325064e-15
1.577396428950637e-15
1.5558040760438413e-15
1.4752689957801077e-15
1.3398684437356466e-15
1.335813891408509e-15
1.3964059640327967e-15
1.3568913990469819e-15
1.4506912410492275e-15
1.4735333135123534e-15
1.5870555537371384e-15
1.6460228401063581e-15
1.6051437875627468e-15
1.7211233033396667e-15
1.823117033852885e-15
1.8338021718934574e-15
1.9495107668178687e-15
1.9744783409968157e-15
1.7331576312281978e-15
1.736716595305274e-15
1.697617793067209e-15
1.6963761409940078e-15
1.7251354845428741e-15
1.6844127688846877e-15
1.6046017368092834e-15
1.580730602660401e-15
1.6411306302493518e-15
1.6251702971862415e-15
1.5559003064056746e-15
1.569798742000259e-15
1.5309776696456422e-15
1.6811946763921923e-15
1.7441995722709238e-15
1.7196621559736382e-15
1.72616626869143e-15
1.6552282675707188e-15
1.7949233605193034e-15
1.852585306418507e-15
1.664369236601741e-15
1.746108270448868e-15
1.9464381089318205e-15
2.1045321539444366e-15
2.216424571099575e-15
2.127914907454704e-15
1.9214733393185826e-15
2.186367388031981e-15
2.3621924820793965e-15
2.4553768269304005e-15
2.4146423346932926e-15
2.4359508292896015e-15
2.4975226043899876e-15
2.49612512559127e-15
2.646043735165526e-15
2.677801544992988e-15
2.3915219894630988e-15
2.3282102319650478e-15
2.2573212476620982e-15
2.0411621003283916e-15
Acceptance rate: 0.29968750000000083
1.2256620842059069e-15
1.3389419662693573e-15
1.4815480775643193e-15
1.3285647284428365e-15
1.3612666300457768e-15
1.406507198164305e-15
1.4875207154443973e-15
1.5443120340974221e-15
1.6206723794020903e-15
1.815255723431763e-15
1.699656640828266e-15
1.6538882658674368e-15
1.6126234501162642e-15
1.5670856325652978e-15
1.6158360272126016e-15
1.5676228102016477e-15
1.863486535682463e-15
1.7889193133287765e-15
1.9020293445088714e-15
1.950204182812091e-15
1.7319264536833746e-15
1.7433414425045284e-15
1.7071355941140362e-15
1.6323093740493059e-15
1.8312620850896376e-15
1.6698113965603225e-15
1.6218434982528645e-15
1.5960654416657586e-15
1.53874660032244e-15
1.492782968535299e-15
1.518450585843586e-15
1.4998544427671938e-15
1.594978083343789e-15
1.800873962311866e-15
1.75225467679076e-15
1.69561492040829e-15
1.7032811375273468e-15
1.5823745285597854e-15
1.8021110551156934e-15
1.7939852424240294e-15
1.9220881061229916e-15
1.942110821904791e-15
2.125847695081542e-15
2.0542911105143317e-15
1.9630113854823838e-15
2.0016460551942803e-15
1.941139763295962e-15
2.0756337054032435e-15
2.135451666227749e-15
2.1281428780400753e-15
2.181324570248564e-15
2.4268486998658718e-15
2.383774608538053e-15
2.4017562888893857e-15
2.2467454419061965e-15
2.670739779657229e-15
2.818371035299666e-15
2.877894910892789e-15
2.883643973835621e-15
2.8951607666027257e-15
2.9112090873269117e-15
2.7994625127462152e-15
2.4753362882613845e-15
2.9116963832610494e-15
2.5248300790428084e-15
3.0540890800447754e-15
3.1016199813847717e-15
2.7389205077801508e-15
2.707970379151597e-15
2.774682547067957e-15
3.0199175714653423e-15
3.2130830388256827e-15
3.696792199145725e-15
3.855649602323758e-15
3.638558687481257e-15
3.689552368544237e-15
4.0973130168714066e-15
4.224407001300784e-15
3.966557320584955e-15
3.777753219739766e-15
3.8038967460953365e-15
3.725015458729001e-15
3.556521845592583e-15
4.064596458115631e-15
3.931166574460071e-15
3.9367016015239964e-15
3.8286648846135584e-15
4.127422258360579e-15
4.437379877898758e-15
4.507832432627066e-15
4.098063978721519e-15
4.207258538245278e-15
4.2590040974300545e-15
4.139945032279273e-15
3.957835461466193e-15
3.970282060424245e-15
3.564387370513627e-15
3.2173380569566447e-15
3.262657443715803e-15
3.3027438179974685e-15
Acceptance rate: 0.3021111111111119
2.0263465567125876e-15
2.112907539087363e-15
2.011521172619282e-15
2.026122719926075e-15
2.1252148325377943e-15
2.0826569394260283e-15
2.1738329713020133e-15
2.2317766260117847e-15
1.9974692193168258e-15
1.946115324818517e-15
1.780175609462137e-15
1.6291924394456961e-15
1.7040408167104715e-15
1.7538392183087827e-15
1.7742468858791906e-15
1.6776279309144316e-15
1.6886901349881484e-15
1.5642016778653167e-15
1.4966069652796185e-15
1.6293602141082293e-15
1.6064358593174924e-15
1.6197159964708023e-15
1.602350325640862e-15
1.5376983531237297e-15
1.6207619481086036e-15
1.7362867045809597e-15
1.7376348469275103e-15
1.9090723346474356e-15
1.8867314155413573e-15
1.8723992896052973e-15
1.8016681232242633e-15
1.6202014951563352e-15
1.645632769217116e-15
1.635913967581897e-15
1.4182676519589543e-15
1.4833059288145558e-15
1.53476386198577e-15
1.6668976641460545e-15
1.6120064119683046e-15
1.5723493119941007e-15
1.6675263051438397e-15
1.82125262247495e-15
1.767845191807919e-15
1.7467845279341941e-15
1.6805379801799018e-15
1.7029726741146778e-15
1.734588042948217e-15
1.7987868444153913e-15
1.865433926706497e-15
1.838525730235738e-15
1.8391035842687393e-15
1.7979886738005055e-15
1.9206671011457966e-15
2.287249835829653e-15
2.4147511177638714e-15
2.3253869807551587e-15
2.4808815535334763e-15
2.8560047448003044e-15
2.7322100528965977e-15
2.5765861868664317e-15
2.997308507977484e-15
2.9395683150005953e-15
2.761328956062139e-15
2.574408193158962e-15
2.3904017798277763e-15
2.589448991303798e-15
2.6142244112279126e-15
2.4989558784057857e-15
2.4902222489665284e-15
2.7644464882648985e-15
2.6564243732015548e-15
2.502471922723316e-15
2.2846270062700786e-15
2.1799818488347314e-15
2.20018168138033e-15
2.6277485440221407e-15
2.4366132930237107e-15
2.2745700602992455e-15
2.403497493313658e-15
2.4238598090033286e-15
2.3439705986700767e-15
2.3314816128614216e-15
2.48014920665657e-15
2.851990710407172e-15
2.9577190177410684e-15
2.7734382817990275e-15
3.0020935596834337e-15
3.0632513446742505e-15
3.4811938083417747e-15
3.806501673339392e-15
3.743442332114772e-15
3.875380949297316e-15
3.757298138683502e-15
3.417084494726751e-15
3.8275719164996006e-15
3.618253284861954e-15
3.856824433884331e-15
3.808255309062651e-15
3.747500216798293e-15
3.690070726508172e-15
Acceptance rate: 0.3012500000000003
Sampling time (10 samples): 5438.7235 seconds
