/scratch/users/yanlan/TroubleShooting/SMslope/Output/AM_PM_ET_206_285_00
5.036860615893872e-08
2.2765369986447517e-08
1.113741402383655e-08
5.7793815573835465e-09
2.993063955763175e-09
1.6722119989108693e-09
1.0047254863788364e-09
5.650061515737573e-10
3.4193086373087266e-10
2.1196697909843668e-10
1.4527798377195963e-10
8.595287835073047e-11
6.184734402370836e-11
4.205907027250113e-11
2.8355741350068894e-11
1.8962866906423302e-11
1.4648108926045077e-11
1.2131144686262442e-11
8.317412644247104e-12
6.2969504638922245e-12
4.388701519831639e-12
3.2005495770389157e-12
2.3482980947162927e-12
1.760256306848152e-12
1.4317630513323112e-12
1.0437699749940586e-12
7.996822053010273e-13
6.374710551217734e-13
4.936755854825848e-13
4.000008370850102e-13
3.825547010972499e-13
3.2414746620553785e-13
2.6575854004385164e-13
2.2489366625117773e-13
2.0052571789643883e-13
1.8617039777020297e-13
1.5495031269503334e-13
1.3833955004094116e-13
1.1716314888236626e-13
9.080180301586193e-14
8.000604809963777e-14
7.305201015948997e-14
5.959531483688974e-14
5.4446788279691286e-14
4.308801474826445e-14
3.5510512720123315e-14
3.5847011133796005e-14
2.92731624238922e-14
2.500120609174213e-14
2.044450873138367e-14
2.0556970098399565e-14
1.7918671554767505e-14
1.516238185672513e-14
1.4237795063248104e-14
1.3906025366126305e-14
1.2962834648157915e-14
1.2870464943991828e-14
1.1889696207682143e-14
1.0657081507379584e-14
1.1903283361124047e-14
1.1793482995815372e-14
1.1627672401534714e-14
1.165412966026449e-14
1.1118883818226245e-14
9.884029832841624e-15
8.332475311365072e-15
7.95014743158804e-15
7.981913899280157e-15
7.659131983276743e-15
7.53165030152259e-15
7.512330077488044e-15
7.389790541736542e-15
6.822126674641567e-15
6.461526765847483e-15
6.042168760011301e-15
5.997552905107537e-15
6.524455310195453e-15
6.8658535788348196e-15
6.606574107408607e-15
5.724754056872189e-15
4.7524666745705444e-15
4.5167597325011755e-15
4.474665394126091e-15
4.128894736915614e-15
3.625570759691915e-15
3.063254411961006e-15
2.9911514509697426e-15
2.9435662787783847e-15
2.7110336963439692e-15
3.2551338416498657e-15
3.210484747087707e-15
4.1593450835880125e-15
3.708169724594054e-15
3.8696173507984405e-15
4.295635052049463e-15
3.660040485955531e-15
4.0287401233961796e-15
4.136426332799866e-15
4.2378715704644325e-15
4.638378157133336e-15
Acceptance rate: 0.4000000000000006
2.5873995652117783e-15
2.739801448718785e-15
2.546797310755993e-15
2.792097085704184e-15
2.7697422765082357e-15
2.5955724174178027e-15
2.569113561529671e-15
2.5329616770938586e-15
2.4328417411475808e-15
2.2063755205984494e-15
2.278324621081298e-15
2.2380173647408352e-15
2.1356209569575173e-15
2.4292143656844507e-15
2.2634812548291142e-15
2.3657465727996146e-15
2.5543361580195043e-15
2.1247214760669944e-15
2.046735825060255e-15
2.103830149234506e-15
1.9604681113180576e-15
1.789126009336166e-15
1.7402964322375992e-15
1.9366522753217937e-15
1.8918355780559296e-15
1.854783211018919e-15
1.6617044652328847e-15
1.5366425739551443e-15
1.5752069441822764e-15
1.3695110722875572e-15
1.5360680275032528e-15
1.5136882782168975e-15
1.7622710487938969e-15
1.5809081849694752e-15
1.4886422533681156e-15
1.5525433432044764e-15
1.7690463786246412e-15
1.8216676102966305e-15
1.7831197709219213e-15
1.9146805165551723e-15
2.0269203903243703e-15
1.960921886046812e-15
2.183093411483474e-15
2.0626175778215646e-15
2.339169726373057e-15
2.2243047978990936e-15
2.532805092948815e-15
2.600996117325201e-15
2.4069389990446364e-15
2.250531729123277e-15
2.153900543939372e-15
2.1538628931200937e-15
1.846787178644279e-15
1.8685389802110392e-15
1.9251841544997907e-15
1.994050698949114e-15
1.9531240645253567e-15
1.725980742103256e-15
1.561514137603817e-15
1.815678077622127e-15
1.9656996750165527e-15
1.705806965794122e-15
1.512741560690003e-15
1.8050072846456214e-15
1.7528404256662558e-15
1.843808380942518e-15
1.9262471210953714e-15
2.090080462114097e-15
2.1682700237743484e-15
2.6665299963629792e-15
2.474520157629577e-15
2.3604613192253266e-15
2.383289455415134e-15
2.7345746789157416e-15
3.2660010470052888e-15
3.441329479761841e-15
3.3951649024604e-15
3.2944321148171903e-15
3.500727013074335e-15
3.7327135238088185e-15
4.159380814849955e-15
4.147774262632239e-15
3.587152215309255e-15
3.9253694876259004e-15
4.304205960958295e-15
4.341196065903875e-15
4.399611360260589e-15
4.2474411478956394e-15
4.8901653723694285e-15
4.810691203088667e-15
4.482894008587e-15
4.6330360907403696e-15
4.804604462762329e-15
4.220139720077836e-15
3.851047335478327e-15
5.0399602353733094e-15
4.847750130469461e-15
5.279544750724615e-15
5.713433823377286e-15
5.9410140958396745e-15
Acceptance rate: 0.33475000000000016
3.255397546588488e-15
3.5410694629060325e-15
3.5488232884168813e-15
3.653331540414202e-15
3.8570194026182836e-15
3.875327244107192e-15
4.2252031727861655e-15
4.220969048208446e-15
4.869728809685462e-15
5.5334308639498134e-15
5.9099467877284375e-15
5.255822858511518e-15
6.072290477171565e-15
6.147375102250264e-15
6.44486389322696e-15
6.48464152678729e-15
5.9645601407118515e-15
6.419789397735439e-15
6.368722630421486e-15
7.283830550838811e-15
7.271609800852991e-15
6.261869738260205e-15
6.207504493504367e-15
6.747519673198796e-15
6.711633105570777e-15
6.575791606183314e-15
6.71464522315811e-15
6.7438150633553135e-15
6.689948011504241e-15
5.778315100518006e-15
6.1397522837255305e-15
6.60153118133882e-15
6.403629443381972e-15
6.344481960196867e-15
6.818414918724478e-15
7.194738350826358e-15
7.550016879732679e-15
6.512956030586414e-15
7.124595038107677e-15
7.233154077852438e-15
7.509152834144497e-15
7.482747200304194e-15
7.113972402894432e-15
6.802048590465313e-15
6.590075584467777e-15
6.208446456895212e-15
5.312826374784031e-15
4.836823884910422e-15
4.923983012293154e-15
5.2344144433153944e-15
5.167528154452735e-15
4.816671263852017e-15
4.274040911413056e-15
4.216033782619656e-15
4.674748279020499e-15
4.138418833615535e-15
3.909593322638502e-15
3.76437801670458e-15
3.673222490900268e-15
3.608488914463823e-15
3.307054967862643e-15
3.336179406212225e-15
3.692016616290957e-15
3.792846438466185e-15
3.984445312931668e-15
3.7759644513452326e-15
3.449996351115104e-15
3.1618929018614006e-15
2.954020732318407e-15
3.3277021016455903e-15
3.130301812741983e-15
2.9449324354947056e-15
2.773048785518353e-15
2.6198139773257776e-15
2.65915077819233e-15
2.414451332175104e-15
2.4504153843742875e-15
2.401578692229248e-15
2.6678436932017802e-15
2.6194678173790853e-15
3.1854622817255357e-15
3.3342642006678563e-15
3.1758337658991128e-15
3.3655850572422488e-15
3.594165877760099e-15
3.91146481227943e-15
3.492151677723752e-15
3.5450825131280113e-15
3.75995454754388e-15
3.5114548551867465e-15
3.667287513932339e-15
4.252625548787583e-15
4.480519727331932e-15
4.771337854447746e-15
5.045938370727807e-15
5.509368374079279e-15
5.120683764078301e-15
4.871200292000543e-15
4.516767091471827e-15
5.396790854579648e-15
Acceptance rate: 0.3243333333333331
3.062619505960992e-15
2.998657158668108e-15
2.967752586919516e-15
2.9341358642964307e-15
2.9471312688425778e-15
2.7682144469952975e-15
2.9525841463665587e-15
2.8336635680397143e-15
2.6728828530086536e-15
2.3975399973078815e-15
2.8489513688178557e-15
2.878726623242551e-15
2.922135199213713e-15
2.4910315316625775e-15
2.570581278884304e-15
2.9177871520566067e-15
3.165898196044794e-15
3.3290706271270697e-15
3.4496540248450693e-15
3.531371139746582e-15
3.5447768940875827e-15
3.3875319372383306e-15
3.390719900576207e-15
3.1568087036314876e-15
3.101012829030844e-15
3.2588899139562577e-15
3.1323568476216377e-15
3.117384687097201e-15
3.0397367643942007e-15
3.0236145981574112e-15
3.0798786397304988e-15
3.055506203890463e-15
3.2927217778057093e-15
2.8411339538776716e-15
2.918559159364243e-15
2.8586067026606787e-15
3.0468958236090468e-15
2.964179599617818e-15
2.574783237662247e-15
2.2884317758344414e-15
2.46989562456995e-15
2.5702726418627737e-15
2.8472175974854295e-15
3.2563133885186183e-15
3.083333044136848e-15
3.695169754602046e-15
3.5241312704036405e-15
3.528616109375037e-15
3.5508846073669517e-15
3.811578457096779e-15
3.825026933804101e-15
3.5037465226208815e-15
3.2082164997295234e-15
3.2621760520886765e-15
3.448760356934509e-15
3.645115087753146e-15
3.659521084259431e-15
3.948916019064981e-15
3.954897159132514e-15
3.887358969446534e-15
3.3032129647446893e-15
3.4996233534158616e-15
3.2334496407986126e-15
3.152456988434444e-15
4.068871124829435e-15
4.242049395688041e-15
4.315914990801488e-15
4.6002757804974784e-15
4.436498857036948e-15
4.461615745569746e-15
4.232221219908798e-15
4.307180349236943e-15
4.9250456208475125e-15
5.13360906768169e-15
5.64704490470824e-15
6.186508907251523e-15
6.7366311734650366e-15
6.480937029367748e-15
5.9017487087226026e-15
5.623810526742087e-15
5.399409916089301e-15
5.81095687498595e-15
5.880659562539955e-15
5.766595880966315e-15
5.795399596882474e-15
5.661664720075211e-15
6.396728130291344e-15
5.936884155383664e-15
5.861333708527149e-15
5.278893343265458e-15
6.5962991290395316e-15
7.234968771845043e-15
6.860948326634215e-15
6.6760425247316475e-15
6.1276798434599276e-15
6.220708375837821e-15
6.253502024412175e-15
5.881144032339569e-15
5.7477694112854954e-15
5.974889954571955e-15
Acceptance rate: 0.3153749999999999
3.4369018967998776e-15
3.606367152847655e-15
3.3021227866760592e-15
3.3553451259564174e-15
3.3129875520922858e-15
3.2790057563941053e-15
3.219142910302721e-15
2.871410993052337e-15
2.837061605574e-15
2.9483244998319787e-15
3.0379682256956722e-15
2.6646817031246586e-15
2.52675873750691e-15
3.1457962348280163e-15
3.170501283240239e-15
3.0920633824637587e-15
3.068899191580414e-15
3.0995002112532952e-15
3.195370677847871e-15
2.9125638387104197e-15
2.588296766106572e-15
2.5673585056970358e-15
2.4867100716504273e-15
2.6260654740510675e-15
2.4711767640255705e-15
2.5799700316517406e-15
2.7948745930631394e-15
2.6486440947381704e-15
2.9409662665480524e-15
2.8492785795171993e-15
3.0044171132922287e-15
3.098289317067896e-15
2.7722654859031736e-15
2.7959549086695008e-15
2.949845618263767e-15
2.826543816570834e-15
2.736275986006344e-15
2.5600315001068363e-15
2.6147717978450006e-15
2.4495593956729145e-15
2.287018211035973e-15
2.49655669337016e-15
2.4315666452430563e-15
2.536318458655384e-15
2.5580076245099477e-15
2.4351824804243884e-15
2.483505389352976e-15
2.331834129350126e-15
2.310411851473082e-15
2.6436600033100746e-15
2.6709770655563465e-15
2.3725126142079595e-15
2.3721063562624477e-15
2.563837996708276e-15
2.512868466033809e-15
2.480672064099253e-15
2.4787830520136675e-15
2.4791669446898066e-15
2.7744771821509785e-15
2.7952452092590264e-15
2.5367207624597087e-15
2.5267612826617278e-15
2.286461241937741e-15
2.2849428932644735e-15
2.479560837760016e-15
2.566500127949325e-15
3.1727845450422575e-15
2.9476930139366386e-15
2.888396819641731e-15
2.868416038549861e-15
3.0820118632734724e-15
2.838682479739482e-15
2.6278794460961768e-15
2.4586828136636667e-15
2.9078845878006824e-15
3.061176760788141e-15
2.7161924631482125e-15
2.928437706242003e-15
3.242797053643693e-15
2.7622276276280605e-15
2.614148634471059e-15
2.4628356604406072e-15
2.092028068990308e-15
2.2485025915409716e-15
1.947821700281664e-15
1.905488804475976e-15
1.7114508998421038e-15
1.579506282180556e-15
1.6625640318333987e-15
1.6733241999388001e-15
1.837024997459848e-15
1.7701091167632146e-15
1.8100019885697453e-15
2.029413505534104e-15
1.901158873557805e-15
1.8594087581954485e-15
1.8181487520736424e-15
1.6749913658598536e-15
1.641769862925002e-15
1.8417296935563886e-15
Acceptance rate: 0.3088999999999985
1.055800955945006e-15
1.0347413075507536e-15
9.926303003945169e-16
1.0251661157114884e-15
1.0307553053510197e-15
1.0664983079170524e-15
1.0167084601773265e-15
1.0804177393150354e-15
1.0259310587754764e-15
9.557095072413668e-16
8.792047178770257e-16
9.158423068165203e-16
8.971405287386358e-16
8.625372817551399e-16
7.45491236471183e-16
7.824420066880606e-16
8.01987641208806e-16
7.502062937664229e-16
7.669074334037132e-16
7.318985770188418e-16
8.806462964835748e-16
8.932677601345793e-16
9.558828869320818e-16
1.1057964578313182e-15
1.1372581187677007e-15
1.1770858411556697e-15
1.4620079113115476e-15
1.5207003598976654e-15
1.6426637870736105e-15
1.7401604970442088e-15
1.6465991491676026e-15
1.7565575147231814e-15
1.8199180823632424e-15
1.7937178903207894e-15
1.9429441014423237e-15
1.9750443691239083e-15
2.0788728960164304e-15
2.0831537069689606e-15
2.028413744952514e-15
1.8572307909817144e-15
1.7718586074541287e-15
1.6949004865835654e-15
1.6324090537458904e-15
1.683760977576722e-15
1.679375288649053e-15
1.521546938284835e-15
1.559963398655892e-15
1.763907781867823e-15
1.9361460968286613e-15
1.9665139169266162e-15
2.1029840557399903e-15
1.9511216624257332e-15
1.7500731516281208e-15
2.1472072794654707e-15
2.2302885162961904e-15
2.1833712167263893e-15
2.523660370113902e-15
2.7672812775678673e-15
2.8304364196947287e-15
2.6241144971998944e-15
2.6844282850785303e-15
2.553965448161787e-15
2.5644491647769873e-15
2.4830388257425445e-15
2.380084159744829e-15
2.2273989853491365e-15
2.2477798958214488e-15
2.4221864310920997e-15
2.5641709597869155e-15
3.000173732887339e-15
3.079420776562609e-15
3.0848627780571327e-15
2.9735453774937976e-15
2.9101502566694617e-15
2.902432158423341e-15
2.7794027142309613e-15
2.9053352948055853e-15
2.8733526150553346e-15
3.0135876114657278e-15
2.9797029976588783e-15
3.055274767500899e-15
3.347388457108851e-15
3.737278258547888e-15
3.858297602782739e-15
4.079900392696157e-15
4.0712211482481834e-15
3.900938758977666e-15
3.437692151222328e-15
3.880228589687644e-15
3.7694196553874195e-15
3.527963057683023e-15
3.304900438037328e-15
3.264468920605718e-15
3.0758302746043737e-15
2.958168851819416e-15
2.8611422432515898e-15
2.8068612842576683e-15
2.5711378015053397e-15
2.58881232477197e-15
2.893567457395324e-15
Acceptance rate: 0.31008333333333193
1.714853784776578e-15
1.9402746157091523e-15
1.9373535006981155e-15
1.7683108777152606e-15
1.5721719042409489e-15
1.7617454448829718e-15
1.6109167322400235e-15
1.7658037058242458e-15
1.7455743027301871e-15
1.6311276252811958e-15
1.7894196623728473e-15
1.9450780157022606e-15
2.145963030086637e-15
2.2376332565217855e-15
2.368328478928949e-15
2.491515482267446e-15
2.5835242750972017e-15
2.3870188944956687e-15
2.3150104300958612e-15
2.1719506780955707e-15
2.310949916314884e-15
2.895405833016069e-15
2.89458343849852e-15
3.0069804264227108e-15
2.786681546691395e-15
2.8368735497954973e-15
3.2019977735184928e-15
3.158680511171231e-15
4.0612236598712045e-15
3.856664959959849e-15
3.783605292162023e-15
3.83595605198167e-15
4.284397280376975e-15
4.173501417521731e-15
4.264205584608007e-15
4.097970803673666e-15
4.054274825145529e-15
4.357499347594369e-15
4.937932883817566e-15
4.499251560853532e-15
4.364550924853522e-15
4.7908359129923745e-15
4.763011691499977e-15
4.440967036818213e-15
4.440665167119007e-15
4.246890496262702e-15
4.205691084007494e-15
4.401917759257838e-15
4.309272092758114e-15
3.803330676312095e-15
3.379285288199311e-15
2.9850659889656106e-15
2.8761540504954213e-15
2.896998291409233e-15
2.682598867068917e-15
2.960155351032684e-15
2.8592738223275697e-15
2.7917045938014974e-15
3.071733108738336e-15
3.3467282046977635e-15
3.030739393608935e-15
2.9907186732044785e-15
3.052314990878064e-15
3.1658548907426836e-15
3.243414769386187e-15
3.0567462962053508e-15
3.114393054465541e-15
3.165890034904246e-15
3.488089533770556e-15
3.58506344328716e-15
3.708038207250936e-15
4.090039349896208e-15
3.988528686891817e-15
4.513552703331155e-15
4.338698109332804e-15
3.925455107727745e-15
3.724413842984285e-15
3.67794701886866e-15
3.747066477862629e-15
3.691045765551561e-15
3.774809836212285e-15
4.030306067368673e-15
4.2945184693261216e-15
4.555394320990657e-15
5.744643075203898e-15
5.600838803070254e-15
6.081648973912637e-15
6.09292019647739e-15
6.092906898258539e-15
6.138077764348893e-15
6.237799722577776e-15
5.9522240232353446e-15
5.69603005236835e-15
5.6911636619322194e-15
5.772116962501667e-15
6.163132938655313e-15
6.0937359047376346e-15
5.821240442072881e-15
5.585681375830094e-15
5.851210183398504e-15
Acceptance rate: 0.31314285714285545
3.5031204698704106e-15
3.529866829394163e-15
3.5586967752955316e-15
3.244134457713608e-15
3.22071638653893e-15
3.0750678282641188e-15
3.217339850411405e-15
3.1137955524649208e-15
3.044049980307979e-15
2.919059401638275e-15
2.8083340312856414e-15
2.7360293184325785e-15
2.6486640588055486e-15
2.7569233742058336e-15
2.772710150443328e-15
3.481993625322834e-15
3.954751393483488e-15
4.409673786045641e-15
4.657642309200994e-15
4.4005458153325e-15
3.892352488772142e-15
3.83795166311524e-15
3.964025793111778e-15
4.075831027509797e-15
4.383481922434896e-15
4.372583652216455e-15
4.846876986797261e-15
4.7466232593967786e-15
4.88965361803757e-15
4.957192630431456e-15
4.753715780745556e-15
5.099818866241263e-15
5.611731598342059e-15
5.976366004569515e-15
6.233723635935333e-15
5.818019101885019e-15
5.933004622532339e-15
6.741235063685589e-15
7.15585293222248e-15
7.320282710345982e-15
7.0781473974761544e-15
7.488913558083798e-15
7.0420932505319804e-15
6.876162066966886e-15
7.022040436023893e-15
7.134950922448932e-15
6.5076863115105934e-15
6.19562934606608e-15
5.8111559204455876e-15
5.755315320686486e-15
6.792820759556289e-15
7.233671739089346e-15
7.062953624880763e-15
6.751678980154687e-15
6.626289952836998e-15
7.395994029781005e-15
8.077821866443742e-15
8.310414993081568e-15
8.126818696180377e-15
8.138497687776917e-15
8.736009380328442e-15
7.779468885385765e-15
8.892516194006797e-15
1.0352133862801061e-14
1.0335571483990087e-14
1.0602902244173088e-14
1.0854632200266368e-14
1.0960537826525619e-14
1.0551078257235336e-14
9.303673363906602e-15
9.71857300837911e-15
9.423446507584688e-15
9.947200236940293e-15
9.341749074264986e-15
1.021378667188445e-14
8.632915752844444e-15
8.184052127854084e-15
7.953926906067252e-15
7.637382703072874e-15
6.952327135618409e-15
7.27737912484813e-15
7.156912620002625e-15
6.94079491499998e-15
7.222583494805313e-15
7.298586145972573e-15
8.04784890922068e-15
8.913009208994928e-15
8.913809710729012e-15
8.65839229118587e-15
8.157190110342962e-15
8.000680696832191e-15
8.333744601964206e-15
8.263166063204256e-15
8.429645579375911e-15
9.217407401560309e-15
8.932190981660217e-15
8.482252303185812e-15
8.205821147954878e-15
7.959415704987375e-15
7.716632861980171e-15
Acceptance rate: 0.3143749999999993
4.603675836893133e-15
4.9280027423308346e-15
5.154253981328317e-15
4.4780288880222146e-15
4.325527805551231e-15
4.363521835356934e-15
4.466170027114213e-15
4.287306172551565e-15
4.46292899738774e-15
4.434235066296526e-15
4.302973146514462e-15
4.3039177447929496e-15
4.360150059826289e-15
4.423048445846276e-15
4.6293030858143056e-15
4.674336829315862e-15
4.305452957330697e-15
4.713995641311067e-15
4.631441105645414e-15
4.567726652429858e-15
4.9137888787421636e-15
4.853530358391215e-15
4.594006375563942e-15
4.142004494317273e-15
4.39857416945761e-15
4.6063344507109215e-15
4.355841518637027e-15
4.38891259208505e-15
5.123386415771858e-15
5.403176982998385e-15
5.503283224711867e-15
5.0885075209751354e-15
4.838468107894898e-15
5.440952953371195e-15
4.932771201931323e-15
4.852485308019058e-15
4.190905322913218e-15
4.0970802226492535e-15
3.887432389934594e-15
4.080197235532601e-15
3.931504463966599e-15
4.248916909132336e-15
4.738564136172648e-15
4.59723731944552e-15
4.552197616159615e-15
4.395671847115248e-15
4.45906882906644e-15
4.600327509712232e-15
5.0461505572711835e-15
5.222122032301448e-15
5.219967719719789e-15
5.677137427518078e-15
5.511983108004186e-15
5.627027573809864e-15
4.929454119063026e-15
4.869376221783239e-15
4.536024182752058e-15
4.556759874627606e-15
4.131369161931703e-15
3.954984343966129e-15
4.286053649629376e-15
4.03886271639647e-15
4.002906116579348e-15
3.761285719305988e-15
4.705967533798291e-15
4.675624948131836e-15
5.096818236851019e-15
5.4060964059841575e-15
4.81058357204334e-15
4.538143586869886e-15
4.356703685320274e-15
3.9577227761153115e-15
3.847336964682623e-15
3.7638689489731086e-15
3.964078366548007e-15
4.2905570841783696e-15
4.4356910197803235e-15
4.369717313690319e-15
4.062560385924485e-15
4.2905828998510495e-15
4.87991705720123e-15
4.5054767294913115e-15
4.163604630667051e-15
4.532406208687687e-15
4.3608059319151025e-15
4.720404679936768e-15
4.804797314796931e-15
5.0501438654657985e-15
5.305867890573787e-15
5.098134836784948e-15
5.399827885268426e-15
5.528566117053719e-15
5.570229529505334e-15
5.581021394193416e-15
5.528049593033877e-15
4.869670472001019e-15
4.702812192317233e-15
4.7222844303734916e-15
4.938222731643481e-15
4.917229441173867e-15
Acceptance rate: 0.3148888888888883
2.942136394123889e-15
3.168757468908695e-15
3.0647883971134023e-15
3.2498673534571914e-15
3.4040911308983397e-15
3.295623337360418e-15
3.437066629766249e-15
3.1880188413354696e-15
2.921209345479151e-15
3.022423280120393e-15
3.134143880231558e-15
2.8899212257516393e-15
3.0757741545616248e-15
3.032946950353778e-15
2.520295129349498e-15
2.5903650618300887e-15
2.740240676889918e-15
2.708006141196674e-15
2.8814173190819086e-15
3.078180106719065e-15
2.905376730964285e-15
2.69409253583533e-15
2.762610197686807e-15
2.5462026864904325e-15
2.9117416432075707e-15
2.8310354803924157e-15
2.8071053599669578e-15
2.9201002194797674e-15
2.8865067126025742e-15
2.8417908722604567e-15
2.8561952503819264e-15
3.29333530816799e-15
4.1458708531842815e-15
4.658538600511328e-15
4.7360653994188475e-15
5.051673159498882e-15
5.629440131914602e-15
5.028946956751437e-15
4.647835302429109e-15
4.223831690476092e-15
4.46141690296285e-15
4.189040693211967e-15
3.970541104371831e-15
4.124778763738397e-15
4.09926129960548e-15
3.667762927678755e-15
3.710608415315393e-15
3.632832022662837e-15
4.1312077536201276e-15
4.3181304329825905e-15
4.474692644196177e-15
4.108408838531981e-15
4.239741266014711e-15
4.430006827682544e-15
4.471524289604079e-15
4.220277008161906e-15
4.2674457766435344e-15
4.384829622579617e-15
4.4054001014715444e-15
4.335452154686245e-15
4.728183002212569e-15
4.606941881256816e-15
4.52777089092211e-15
4.7181391486771086e-15
4.9442040249229545e-15
5.193370134856931e-15
6.494609277765267e-15
7.45913202254644e-15
8.354698671690534e-15
8.635898367655158e-15
8.404221670812263e-15
9.263821938519737e-15
8.891918449939623e-15
9.504724881230729e-15
1.058958255507171e-14
1.0476593500486482e-14
1.02083647791194e-14
1.1213800766014847e-14
1.1433467572881949e-14
1.2219357845053526e-14
1.1738882256594319e-14
1.2458867095907876e-14
1.2767401830657381e-14
1.1643672986842817e-14
1.1118018535329982e-14
1.0748958496496984e-14
9.795760827268024e-15
8.801027110490814e-15
8.55882125282601e-15
9.289802280681724e-15
9.885294399370089e-15
1.0210734366744562e-14
9.358486242041115e-15
8.937570740449377e-15
8.566597779391468e-15
8.476688031275696e-15
8.20663704499162e-15
7.893995541485783e-15
8.10304429835451e-15
7.876993786287977e-15
Acceptance rate: 0.31484999999999913
Sampling time (10 samples): 5366.2560 seconds
