/scratch/users/yanlan/TroubleShooting/SMslope/Output/AM_PM_ET_257_327_00
5.0138615197435124e-08
2.23911108968121e-08
1.1049465826414393e-08
5.539417340593781e-09
3.0562469561375415e-09
1.7109778136232291e-09
1.0279996011159835e-09
5.954368867736171e-10
3.4721528488912787e-10
2.1406612864599363e-10
1.3254703037191372e-10
9.070534708379979e-11
6.08202045034615e-11
4.1130437084129145e-11
2.738440325996003e-11
1.9085423293939816e-11
1.24304576943217e-11
9.447740210732644e-12
7.09783448195449e-12
4.612250194789283e-12
3.3831247086249037e-12
2.518339652080548e-12
2.0598017964998e-12
1.4477758814404718e-12
1.1574311979093274e-12
9.714244854136355e-13
8.730955062912783e-13
6.913493611095427e-13
5.929238771282968e-13
4.711338717111887e-13
3.785147329976397e-13
3.1972840923558077e-13
2.345297916182666e-13
2.0702007721381722e-13
1.705546795260785e-13
1.4599959006253846e-13
1.2920310544692601e-13
1.238831794608251e-13
1.1739764648509533e-13
1.1347759342213624e-13
1.021677059700491e-13
9.453979678540591e-14
7.617604717501252e-14
6.50147178078338e-14
6.272269176898339e-14
5.760260723362655e-14
5.23331385530303e-14
4.920085185700529e-14
4.335792436801182e-14
4.218338602440636e-14
3.513501886163283e-14
2.972382641706675e-14
2.72141047957965e-14
2.2810089038300493e-14
2.2436346438921493e-14
2.1142911400584415e-14
2.1291009022309054e-14
1.9669604313007087e-14
1.8214355128251956e-14
1.6607214433201525e-14
1.4607237138154305e-14
1.4346759915363176e-14
1.2319264120854268e-14
1.2822667445371468e-14
1.0636372555793263e-14
9.811096810937755e-15
9.046041542245314e-15
1.0767698023598475e-14
1.1056886469073353e-14
1.0998663547064222e-14
1.0699915932106224e-14
1.1521363949606287e-14
1.2137038328970323e-14
1.2676068864571186e-14
1.0982074053909771e-14
1.16234517517038e-14
1.2464085344786509e-14
1.162511673698235e-14
1.3176576240869058e-14
1.1953069803339748e-14
1.07643572115388e-14
9.65084038613391e-15
9.831420826089085e-15
9.355454281195562e-15
9.089824089352562e-15
8.575910213070943e-15
7.812540676169036e-15
8.50779395687091e-15
8.452157960782833e-15
7.719107528372274e-15
7.353413169278567e-15
6.791714491390386e-15
6.3531976828912884e-15
6.215320095677286e-15
6.164168429906052e-15
5.445986692861639e-15
5.1404547356334364e-15
4.9350902758981626e-15
4.713972995271084e-15
5.115139270046444e-15
Acceptance rate: 0.3524999999999994
2.7399505925788034e-15
2.970723022058731e-15
2.838325246735663e-15
3.0878705802885923e-15
2.9143612891939246e-15
3.020831001973516e-15
2.9293797031778314e-15
3.0549354238558377e-15
3.08102097177937e-15
3.0316567714791807e-15
3.053798941539054e-15
3.351502406752928e-15
2.9564681840163627e-15
3.0101486621497896e-15
2.841620689823874e-15
2.917842033089914e-15
2.9378204934304208e-15
2.994515223864501e-15
2.8124971562836332e-15
2.5659689791481402e-15
2.44703474443382e-15
2.2134628359302293e-15
2.2290885233513647e-15
2.5296951317263244e-15
2.4875222556423957e-15
2.497367747009229e-15
2.3595235835575543e-15
2.287411613197582e-15
2.3217490629152273e-15
2.3575202338903954e-15
2.2293246412361372e-15
1.7612476972212668e-15
1.8045954464993246e-15
1.8465207637536023e-15
1.7435781184523527e-15
1.8297917462250692e-15
1.6575658581972633e-15
1.734972955285202e-15
1.8762337444876386e-15
2.042940739481857e-15
2.0682683895394e-15
2.1363385423230752e-15
2.1276146250127072e-15
2.1946295856155194e-15
2.2723325368855337e-15
2.196305067862103e-15
2.206574502330686e-15
2.543823793903407e-15
2.8240797236774534e-15
2.865731782182851e-15
3.0535087409510886e-15
2.763572615709303e-15
2.49305916643975e-15
2.4495504765971633e-15
2.5245899089398706e-15
2.5904986204963667e-15
2.7280059208052683e-15
3.251071081345462e-15
3.017834870687077e-15
2.6678508307489075e-15
2.9744918637545452e-15
3.021986635937399e-15
3.4105431690020592e-15
3.1458289919416414e-15
2.931046972863844e-15
3.1121129203349743e-15
2.9264749654322436e-15
2.8418875342609156e-15
2.66328971989969e-15
2.543655898321233e-15
2.4696775892376274e-15
2.6040261182713515e-15
2.4459454216021006e-15
2.251669537434628e-15
2.2631229567023045e-15
1.950107377674407e-15
1.9429649271995e-15
2.406903047072638e-15
2.5003024244392587e-15
2.6279225097876137e-15
2.800488324485319e-15
3.4696539995472593e-15
3.880907423939154e-15
4.171233052569886e-15
4.0373171435077635e-15
3.838060854015352e-15
3.548428048644206e-15
4.230008458308104e-15
4.096459707544232e-15
4.231109432731315e-15
4.164547241418346e-15
3.653819153169342e-15
3.4404517573453495e-15
3.166968945706141e-15
3.4742871367622325e-15
3.0284019343857437e-15
2.874299562145055e-15
3.180382239187168e-15
3.046748634649631e-15
3.3585975828632655e-15
Acceptance rate: 0.3385000000000003
1.8266614054835233e-15
1.8114471671014193e-15
1.6730089801205116e-15
1.992771690358587e-15
2.1475412323572386e-15
2.0248168228958656e-15
2.010903834146802e-15
1.906419510952774e-15
1.808662991031794e-15
1.7838512849000676e-15
1.6485654112055218e-15
1.5587710011191687e-15
1.7427073066934702e-15
1.693852343281735e-15
1.7625479834063848e-15
1.7422893896624899e-15
1.6459791177681134e-15
1.910537565842006e-15
1.9986886889497484e-15
2.246999953071025e-15
2.4138520722608817e-15
2.3796680152091225e-15
2.260473765424563e-15
2.316361256178274e-15
2.6379374419165227e-15
2.5935098169244067e-15
2.450306601712881e-15
2.3389969968564272e-15
2.232076462389522e-15
2.07757151868847e-15
1.9677964022030854e-15
2.017920996899552e-15
2.042820499875493e-15
2.0095585884723367e-15
2.334087998323495e-15
2.33306075108251e-15
2.331023375312025e-15
2.2356330136915778e-15
2.077436196060695e-15
2.063645637086768e-15
1.996968270723051e-15
2.035699084448879e-15
1.8559721935519615e-15
1.9342453172470792e-15
1.871830642970873e-15
2.0670247017096743e-15
2.1191841067111323e-15
2.0455171507751508e-15
2.04499884323991e-15
2.138444162365204e-15
2.201963860129355e-15
2.1746531383694223e-15
2.129253471359449e-15
1.977689425826415e-15
1.833870088872938e-15
2.16083322198526e-15
2.2086659133189114e-15
2.2143538730666533e-15
2.113360034199098e-15
2.0161177772298105e-15
2.1253846108681562e-15
1.855385720724099e-15
1.841127424609874e-15
1.7793269584819474e-15
1.6826696781723937e-15
1.9309803235832394e-15
1.823579007211826e-15
1.6464985408562546e-15
1.657594732579747e-15
1.9656265378860604e-15
1.9668326597715376e-15
1.835074432102415e-15
2.002398739951899e-15
2.2265318842311738e-15
2.124674827469389e-15
1.9405182276069302e-15
2.1943811090006913e-15
2.1097796524716738e-15
2.370226589868225e-15
2.8865517098386685e-15
2.6938264675638603e-15
2.7203902288128286e-15
2.6873810260734343e-15
2.689519762871421e-15
2.7973614904390436e-15
3.1440714006842197e-15
3.2181716742357276e-15
3.370017731120502e-15
3.578161219487344e-15
3.678405572737004e-15
3.6008896324452796e-15
3.105928462579838e-15
3.3526269331887927e-15
3.385262855578306e-15
3.3240600117805e-15
2.9829595457040693e-15
3.008088525793137e-15
2.9708820462676923e-15
3.2444411214306688e-15
3.747607810698256e-15
Acceptance rate: 0.32716666666666605
2.1229649290813245e-15
2.195737184892827e-15
2.5589993876718112e-15
2.8485861008359657e-15
2.4462340392825057e-15
2.5262901696796032e-15
2.730628657332933e-15
3.443853988162271e-15
3.369814713818181e-15
3.477148091665661e-15
3.1592401645449724e-15
3.707226644161106e-15
3.82859613745217e-15
3.846549570063574e-15
4.019878646447688e-15
4.6456402989968555e-15
4.713119018689805e-15
4.702844894509544e-15
4.391520941236243e-15
4.329961644382243e-15
4.094128331649413e-15
3.91984136453659e-15
4.2971914429219815e-15
4.2714657975762745e-15
4.3791928015202576e-15
4.039540311040412e-15
4.054299622567103e-15
4.310752100928118e-15
4.02535653528042e-15
4.004651901125489e-15
3.9018002970279606e-15
3.9780435702265936e-15
4.1549286501441865e-15
4.384192024104352e-15
4.475468513492334e-15
4.281755973575343e-15
3.769783938329119e-15
3.784247903774544e-15
3.701296082760555e-15
3.636326516469414e-15
3.400362217087729e-15
3.471591882133488e-15
3.061394935676694e-15
2.8753243107990277e-15
2.705947666384859e-15
2.931035463162308e-15
2.9137210498908656e-15
2.945755040223471e-15
2.6219347991399163e-15
2.519514594273894e-15
2.5325622584406104e-15
2.1774000473355077e-15
2.0026700438980365e-15
1.7338743183805373e-15
2.0676621641466065e-15
2.1589733964981847e-15
1.9808592489511476e-15
1.810100571781092e-15
1.6913409619366204e-15
1.5595555274740789e-15
1.5648275939400653e-15
1.4277816278618184e-15
1.3864043868211708e-15
1.4543484212687687e-15
1.4409229145775676e-15
1.7007928078517766e-15
1.644933002411843e-15
1.4828478700451905e-15
1.6463400939632585e-15
1.6866664509401858e-15
1.5880248890936836e-15
1.4978946625674838e-15
1.3500845514383573e-15
1.337970516647957e-15
1.5227961938589014e-15
1.4913128046231689e-15
1.2906293197492228e-15
1.3527530725822531e-15
1.4768230982912981e-15
1.4735735150183946e-15
1.6915964680067453e-15
1.7801912781639468e-15
1.8339098634596034e-15
2.09110740506064e-15
2.1415633287782487e-15
2.38114799638762e-15
2.5083327269006446e-15
2.2490802955569167e-15
2.37996718117269e-15
2.4257347972170806e-15
2.493758504987534e-15
2.4571743120191613e-15
2.7032159049124504e-15
2.746007926926824e-15
3.606849179604232e-15
3.2971246195343403e-15
3.258571613001855e-15
3.165373371502282e-15
3.1990659752976294e-15
3.234057186182222e-15
Acceptance rate: 0.32937499999999964
1.8925686896847043e-15
1.9912933409237386e-15
2.000719010053497e-15
1.839174440869611e-15
1.7826503680273727e-15
1.9287409227527125e-15
1.8434260625237577e-15
1.7101688186838317e-15
1.578972181407516e-15
1.667891921151896e-15
1.6509044715066293e-15
1.997756700366562e-15
1.9704568014710073e-15
1.989005476355019e-15
2.3048428442105897e-15
2.333839590139127e-15
2.3370583899068506e-15
2.6207756716798647e-15
2.7664479694036545e-15
3.0377638769153913e-15
2.741186616668565e-15
2.7460477778114132e-15
2.84160076116113e-15
2.7028093646186776e-15
2.517199703388577e-15
2.308141429594329e-15
2.2001702619997852e-15
2.3750280252604083e-15
2.208206608099129e-15
2.552835596165616e-15
2.452487906042294e-15
2.511162085499978e-15
2.4871788441473456e-15
2.42785098381872e-15
2.2769564284487244e-15
2.4511960520973622e-15
2.586845766920558e-15
2.4336131908317236e-15
2.433311322349794e-15
2.1875212193663947e-15
2.0476578705781954e-15
1.8889150089706573e-15
1.8567412337176495e-15
1.8869669928984475e-15
2.244168353081999e-15
2.2298924890265894e-15
2.2618379394298603e-15
2.238985062039693e-15
2.79945200028675e-15
2.8481055146412013e-15
3.0009725001374502e-15
3.0364705575970967e-15
3.080310907761914e-15
3.577135627740075e-15
3.889687959245838e-15
3.883133662442943e-15
3.741088543357975e-15
3.4253100756456523e-15
3.573619185951574e-15
3.570891394047067e-15
4.006021510736888e-15
3.805813098427417e-15
3.856670047431851e-15
3.587986093275633e-15
3.747688456157629e-15
3.8373525550303146e-15
3.821449102467434e-15
3.907101126329696e-15
4.051237519764322e-15
4.8893630863228366e-15
5.066784537087433e-15
4.925162703238251e-15
4.463904353113284e-15
4.206618848367082e-15
5.041836122429288e-15
5.052970383327619e-15
4.980618437694528e-15
5.013198342504597e-15
5.759554926525114e-15
5.634214276749508e-15
5.74456840066933e-15
5.9099378381148184e-15
5.928391778151813e-15
5.875158522403986e-15
5.99489305883675e-15
5.776142551696956e-15
5.6595656620732564e-15
5.869826767306403e-15
5.634923611441949e-15
5.905854375684355e-15
5.624611240806321e-15
5.350205503859999e-15
5.414878396901522e-15
5.477248896328819e-15
5.2715129260503894e-15
5.0051483137829635e-15
4.8682412512070954e-15
4.413743680881603e-15
4.876416485037869e-15
4.932782440753403e-15
Acceptance rate: 0.3268999999999976
2.8221972533014082e-15
3.1117406702667654e-15
3.252452262019467e-15
3.301634463423487e-15
3.1797254903722186e-15
3.2141331896898757e-15
3.522250200215753e-15
3.812334755194226e-15
3.841790293656388e-15
3.910662594897902e-15
3.826092394191372e-15
4.360598255711822e-15
4.915837888045477e-15
5.007877142158279e-15
4.978032149090868e-15
4.908265928554309e-15
5.190683443221462e-15
4.910675048476689e-15
4.9031054531726536e-15
5.329744828260197e-15
5.127263646228388e-15
5.377212626724142e-15
6.361880451247207e-15
5.9387587514661206e-15
6.249723978217841e-15
5.9940501299848945e-15
5.156891464594834e-15
4.780306394145585e-15
4.895303064858013e-15
4.8789514638733645e-15
5.0964181792610776e-15
4.963638684933719e-15
4.643643899879176e-15
5.1667008111481034e-15
4.9852424426157634e-15
4.3720038164674826e-15
4.310687953808827e-15
4.353840475840468e-15
4.670034176272966e-15
5.0278877035514796e-15
4.73480520879735e-15
5.6105991543345196e-15
6.163080271781081e-15
6.2297834533399466e-15
6.209293167092691e-15
5.928694626261748e-15
5.975219496603514e-15
5.811550475520377e-15
6.019992305143731e-15
5.581492395612115e-15
5.379523571718388e-15
4.9063610483626286e-15
4.6794665412118285e-15
5.022690088605568e-15
5.1569731083388444e-15
5.437446331065399e-15
6.369739327615803e-15
6.579027849952658e-15
7.11777147750529e-15
6.766201967156655e-15
6.332921847870822e-15
6.2647647830312876e-15
6.1807316377314185e-15
6.978039119429072e-15
7.332854830414915e-15
7.24044385957649e-15
6.98888070254304e-15
7.612061566767557e-15
8.065078887783552e-15
8.86610108848859e-15
9.453107621158915e-15
8.907499134276308e-15
8.499321470267153e-15
8.896398030410883e-15
8.818183015751517e-15
8.439783949538651e-15
8.034149932512403e-15
7.71110592628316e-15
7.19132890876135e-15
6.9507834306761665e-15
6.915487080806557e-15
6.8222323847359264e-15
6.2401943299905015e-15
6.760256880656519e-15
6.760865274908551e-15
7.304843296269646e-15
7.19978330770555e-15
7.26447630162196e-15
6.692294021296006e-15
6.399565768103357e-15
6.0812271505914936e-15
6.356016060182794e-15
6.219401999054707e-15
5.927256901346812e-15
5.821948836468508e-15
5.9624725416772646e-15
5.826689433116626e-15
5.677037320326596e-15
5.679580506205556e-15
6.085346988011984e-15
Acceptance rate: 0.32291666666666474
3.5335364538292248e-15
3.54492924693525e-15
3.882034433708046e-15
4.130094225674332e-15
4.850778472405253e-15
5.3313674168803124e-15
5.869430731711033e-15
5.6221084786727514e-15
5.98787945152682e-15
6.249246705614464e-15
6.001372613304468e-15
6.299619597952771e-15
6.168864843441723e-15
6.047971933898326e-15
6.278662045613131e-15
5.873300369029707e-15
5.794925656685743e-15
5.459001992446336e-15
5.643241132086129e-15
5.7463701462525544e-15
5.015127791310611e-15
5.13038393731566e-15
5.4970602685828755e-15
5.262152310235247e-15
5.305596535525644e-15
5.085920179038251e-15
4.655340696950111e-15
4.2438872690402254e-15
4.3351002308031785e-15
4.4115878514823824e-15
3.9385529439165425e-15
3.9365265167863045e-15
4.0929333679397756e-15
4.37697534668173e-15
4.401686177562376e-15
4.4230029720257914e-15
4.305267964734855e-15
4.0304174907188205e-15
3.88023523510437e-15
3.78090242395128e-15
3.4824063026453713e-15
3.399850226959766e-15
3.5759135282549824e-15
3.5338903872640938e-15
3.830372153391027e-15
4.222815425958057e-15
4.814862987265798e-15
4.949520638852066e-15
5.048629430811043e-15
4.973003160729294e-15
5.160086627233937e-15
4.72396949097266e-15
4.595647159643153e-15
4.599850137145961e-15
4.310598204040326e-15
4.125394998428814e-15
4.088928530573397e-15
4.116183818607473e-15
4.106537139575671e-15
4.63177756453438e-15
5.089511423328753e-15
5.18808468700226e-15
4.97807064734559e-15
4.79460242294521e-15
4.445009676927971e-15
4.398279333088873e-15
4.218220702177852e-15
4.3781773675986216e-15
3.828318076876555e-15
4.017011242612087e-15
4.029596588932792e-15
3.9422316981120806e-15
3.604563580659871e-15
3.657833696078722e-15
3.542659480339865e-15
3.559661248923313e-15
3.849208771646909e-15
3.835472811478854e-15
4.113614858166672e-15
3.9249944281110725e-15
3.763463133271037e-15
3.2746250324175777e-15
3.3236720290774045e-15
3.2434013587930278e-15
2.9243588241220395e-15
2.9021853843372306e-15
2.8322299976566953e-15
3.0986317591160598e-15
3.2734615491172645e-15
3.430007354284505e-15
3.2700989891511007e-15
3.537017724578998e-15
3.439231588933053e-15
3.596399093317199e-15
3.643161164056138e-15
3.7121334091754605e-15
3.545434262302677e-15
3.3706972028956025e-15
3.41526140037874e-15
3.654028341307601e-15
Acceptance rate: 0.32028571428571234
2.2512502035768796e-15
2.5936535106458744e-15
2.9148288432949547e-15
2.6722399894071854e-15
2.476772588107253e-15
2.6138949701996684e-15
2.9971866548912846e-15
3.102008012674907e-15
3.203616411358016e-15
3.288947309059302e-15
3.3379891783915195e-15
3.403783101264687e-15
3.640913002894818e-15
3.4548043923556693e-15
3.137591744055646e-15
3.4340857568969542e-15
3.5427821986490563e-15
3.3244119607741928e-15
3.3702182865644394e-15
3.5992185058605806e-15
3.370641160651195e-15
3.634233158690059e-15
3.282099024731032e-15
3.2453586277317865e-15
3.9418439774183346e-15
4.059344359967938e-15
4.082080523414644e-15
3.950372477706079e-15
3.588652240395307e-15
3.7528032359930875e-15
4.0670118341075524e-15
4.218440988611217e-15
4.391038312770238e-15
4.433422391325143e-15
4.573323751155938e-15
4.530798767136666e-15
4.302142500091993e-15
4.93250209841717e-15
4.841981505013421e-15
4.288091384771052e-15
4.46651940339047e-15
4.589236557154707e-15
4.265410673172314e-15
4.429201830221751e-15
4.564595327306354e-15
4.694430190343695e-15
4.925195505230176e-15
5.296535449562594e-15
4.58082487982246e-15
4.77850722563202e-15
5.367266481501155e-15
5.7949053963036875e-15
5.321152432489786e-15
4.712709249516997e-15
4.650705023624237e-15
4.542619175232395e-15
4.6091336972104026e-15
4.6324804022348136e-15
4.342595755715378e-15
4.281858901574185e-15
4.310713017505241e-15
4.539556900191429e-15
4.627715925222307e-15
4.722046383502627e-15
4.464792882384502e-15
4.3994438837592666e-15
4.03113428743258e-15
3.856055211162825e-15
3.96679222039144e-15
4.103253195393211e-15
4.1147552260369694e-15
3.997163951503171e-15
4.510910916892021e-15
4.313399354707702e-15
4.241232279816839e-15
4.2280448863855536e-15
4.379786548486918e-15
4.4265037252403326e-15
3.961589115548523e-15
3.954457216679134e-15
4.0794036133410785e-15
3.821353347740493e-15
4.0361272392958494e-15
3.931078457322466e-15
3.984124203453497e-15
4.322980790072805e-15
4.112361333198608e-15
4.075650263900951e-15
4.2837807675039465e-15
4.4368098681932865e-15
4.511002006315858e-15
4.6716722058144705e-15
4.76593417382555e-15
4.911597305173225e-15
4.581364640075156e-15
5.06892220805344e-15
4.897265863661174e-15
4.204332369229167e-15
4.054052524592862e-15
3.808275996725399e-15
Acceptance rate: 0.31918749999999824
2.21618375745447e-15
2.1715815626094487e-15
2.547940115964082e-15
2.697245583512892e-15
2.6935802989631285e-15
2.9949690943026178e-15
3.041488134567554e-15
3.0667919190359165e-15
2.907911143431791e-15
2.9071064885125265e-15
2.8680893572054738e-15
3.1691473326513804e-15
3.1211765842105054e-15
3.162852720094812e-15
3.0518670578741896e-15
3.0697555922753963e-15
3.0920112543291315e-15
3.585794992845386e-15
3.822922263915354e-15
3.633656927948678e-15
3.4754444931257094e-15
3.419532717603257e-15
3.0130889241387524e-15
3.486767153932966e-15
3.577530466361184e-15
3.3808509744859218e-15
3.88705268062534e-15
3.355229480894002e-15
3.4755681892436198e-15
4.229782060310187e-15
4.4662296359307944e-15
4.802295744624265e-15
4.3508529410084486e-15
4.3659012723704544e-15
3.999064971261151e-15
4.018265345191422e-15
4.667201226033618e-15
4.922124314348087e-15
5.190319752499394e-15
4.7862010387095925e-15
5.277463264109886e-15
4.951570984561934e-15
5.031703900781428e-15
5.338380336425048e-15
5.203479898010984e-15
5.856880409475117e-15
5.790799752583196e-15
6.317971403155915e-15
6.398692937595499e-15
6.4843082157628216e-15
6.852615891546302e-15
7.923597837275808e-15
7.233781744138559e-15
7.196855951566192e-15
8.094980660897016e-15
8.2715393316619e-15
7.48328351646249e-15
7.500425631415029e-15
7.669558178886087e-15
7.452375730928925e-15
7.690197601512212e-15
7.991564661038496e-15
8.46724018566017e-15
8.623250471383909e-15
8.826792978411081e-15
7.996575173456396e-15
7.510631029087331e-15
8.063200651914607e-15
8.73123773422994e-15
8.734459428674103e-15
8.63450417332475e-15
8.920286730823123e-15
8.780006930797914e-15
9.033170043911716e-15
9.864634646278046e-15
9.191471226942604e-15
8.693557311691306e-15
8.33876238778904e-15
8.402300408795957e-15
8.22717952138391e-15
8.188965600870714e-15
8.064061007255922e-15
7.510480767022526e-15
7.42444225042761e-15
7.860441923553072e-15
8.781777826309504e-15
8.086273815042401e-15
8.80409994095109e-15
8.425035936047958e-15
8.958311158180271e-15
9.111534739724355e-15
9.060963076462421e-15
1.0495218441606303e-14
9.923477541344956e-15
1.1263609335990008e-14
1.0693175948786737e-14
1.084339576710848e-14
1.0460953418020719e-14
9.98560196997186e-15
1.0029159329171137e-14
Acceptance rate: 0.32027777777777605
5.988100006283129e-15
5.959593187381412e-15
5.853188925149533e-15
5.445410682903023e-15
5.5043956786085464e-15
5.331577384320233e-15
5.069031824704478e-15
5.483845190664292e-15
5.628437444029081e-15
5.698040319446024e-15
5.533076664221324e-15
6.131140241956286e-15
6.545642927519247e-15
6.855389726429374e-15
6.8792639962147746e-15
7.325316290534211e-15
7.255412539765088e-15
7.687249847114296e-15
7.359007756942817e-15
8.36901162676309e-15
8.457367313246888e-15
7.429256357449535e-15
7.31264965161504e-15
7.40861892658285e-15
7.401763481703919e-15
7.22489627624777e-15
7.64218651230765e-15
7.238749192664806e-15
6.915659135106942e-15
6.398204135109571e-15
6.759539836321169e-15
6.347137224097121e-15
6.182070997869676e-15
5.627278044578308e-15
6.646682613670347e-15
6.017028909705615e-15
5.5272237720497525e-15
5.740803335896156e-15
5.755902307996087e-15
5.4842863201230415e-15
5.56065627818603e-15
5.338574011270143e-15
4.976459080680089e-15
4.763102438936672e-15
4.451542763108042e-15
4.72782859905e-15
4.699685255887049e-15
4.686080597301235e-15
4.868700364280907e-15
4.872655539505894e-15
5.471580136840311e-15
5.250797132481587e-15
4.506182655928272e-15
4.59460616028666e-15
5.1887557247983895e-15
5.257666467926329e-15
5.1196137120791665e-15
5.926246181432055e-15
5.9322526406056294e-15
6.292041259352634e-15
6.880883326321898e-15
7.560284968962685e-15
7.615488437398725e-15
8.029164010741372e-15
9.167495471286705e-15
9.453510302794438e-15
9.789418473965759e-15
1.0134571144830969e-14
1.0239007749061675e-14
9.762813652647978e-15
1.0101447390765265e-14
1.015515175156415e-14
1.0357952039252337e-14
1.0899718861057387e-14
1.0284593118895058e-14
9.266277679428231e-15
8.375997895383535e-15
8.371688893456727e-15
7.811260173921068e-15
8.081930077351265e-15
8.283942142271742e-15
8.411370600131085e-15
7.974383053443748e-15
7.165948147640698e-15
6.948502776967229e-15
7.574119342540864e-15
8.333454451980127e-15
8.263278823045174e-15
8.183418345743399e-15
8.013072423582009e-15
7.510109410326573e-15
7.812226521891376e-15
7.216726861344123e-15
6.172530179412812e-15
5.331972146662103e-15
5.034002907379986e-15
4.943323519322537e-15
4.413739842721619e-15
4.6246809839967455e-15
4.9621208913096646e-15
Acceptance rate: 0.32014999999999844
Sampling time (10 samples): 5624.0913 seconds
