/scratch/users/yanlan/TroubleShooting/SMslope/Output/AM_PM_ET_176_331_00
5.005796506768316e-08
2.2235664863587756e-08
1.0839342011691826e-08
5.594039992139405e-09
3.1961344993125215e-09
1.8061887748583864e-09
1.1103150299578474e-09
6.416925853013334e-10
4.0155623419551886e-10
2.421197906572469e-10
1.48283421413281e-10
9.353698666087534e-11
5.90357381535934e-11
4.4171437520654287e-11
2.962764690043126e-11
1.9891307656540345e-11
1.1815271931325391e-11
7.617840210232606e-12
5.317274399354932e-12
4.0048320344372745e-12
3.49070927845439e-12
2.744961981541529e-12
2.1134386916413835e-12
1.5041037192753469e-12
1.13784374578673e-12
9.757893091222464e-13
7.428183681472655e-13
6.683879241025969e-13
5.31981678168768e-13
4.4194672880439804e-13
3.508871148161258e-13
3.0885952819124613e-13
2.4050673610333783e-13
1.8306633496537136e-13
1.5631311543724835e-13
1.3222887553954402e-13
1.0197570806784773e-13
9.11474893046837e-14
7.981665537889958e-14
7.32024814861446e-14
6.794159914103835e-14
6.543303239743757e-14
5.840433538591693e-14
4.803161183358174e-14
3.865397165147157e-14
3.373261817710115e-14
3.2021207668649436e-14
3.330101371725186e-14
3.04605651809308e-14
3.107626576400681e-14
3.1304603576734827e-14
2.4564739476736312e-14
2.431891436855329e-14
2.2228034944862082e-14
1.9980178943625062e-14
1.7669076157143514e-14
1.6287128406615904e-14
1.8337669880352716e-14
1.5012020866532702e-14
1.324126783987501e-14
1.1403166213396166e-14
1.273863205207687e-14
1.5071678888931606e-14
1.2984042605354324e-14
1.1496203106612037e-14
1.0281619464347065e-14
9.501561387197207e-15
9.189462282525991e-15
8.91581124272826e-15
8.900973595726329e-15
9.837658066318933e-15
8.658366609889399e-15
7.95726335610404e-15
7.337495079066326e-15
6.680598749052712e-15
7.311259040252257e-15
7.51240436200661e-15
6.875971661052535e-15
7.34355475327557e-15
7.796254570458549e-15
7.602545965871677e-15
7.263273261258914e-15
6.692305101626856e-15
6.351366194030282e-15
7.208801452250831e-15
7.804976989689308e-15
7.001686824884471e-15
6.603429059750035e-15
6.599057420768297e-15
5.99075846590272e-15
5.8614904146484824e-15
5.529907738341966e-15
5.176384784594877e-15
4.876767368194622e-15
4.741300831407897e-15
4.901715305473102e-15
5.182615152208907e-15
4.893782061655606e-15
4.865438457516911e-15
5.375217337776514e-15
Acceptance rate: 0.31699999999999967
2.7840697001569446e-15
2.7079997867296306e-15
2.2849097714202004e-15
1.843742045571741e-15
1.7211294480747376e-15
1.7734424997625282e-15
1.8232138958504224e-15
1.9362246004827845e-15
1.914327674182302e-15
2.3173859280811502e-15
2.6545532607676783e-15
2.736982427998113e-15
2.689138477146039e-15
3.0040393122681707e-15
3.626669969159366e-15
3.494384088078243e-15
3.4373262443446117e-15
3.3371295304419545e-15
3.2629950896803745e-15
2.8969204086178424e-15
2.585248818844411e-15
2.4486870661063795e-15
2.050424315108832e-15
2.2845869788888268e-15
2.0637141783652497e-15
1.9502273498543177e-15
2.0615936275015416e-15
1.952604910552054e-15
1.9567841467679358e-15
2.0493972172430355e-15
2.3759537521118706e-15
2.436610225425626e-15
2.250894876605586e-15
2.2357484658631487e-15
2.0988728817102678e-15
2.0451704613659963e-15
1.9933311150898727e-15
2.0450783043664477e-15
2.180404136690664e-15
2.364709916027515e-15
2.4055664002559728e-15
2.6262319313033545e-15
2.6202323553008644e-15
2.7968129677133404e-15
2.668739540477087e-15
2.7502727305910094e-15
2.7714651288443793e-15
2.615256677053742e-15
2.3936068386330997e-15
2.4139245087722184e-15
2.3656101128220735e-15
2.10683429040619e-15
2.4121476062152663e-15
2.336104983814035e-15
2.5196602785655944e-15
3.1944085328782162e-15
3.0228611047266867e-15
3.0043311805356352e-15
2.3690143230588774e-15
2.2827381783615777e-15
2.358139365781703e-15
2.1452368501253203e-15
2.1193101162132126e-15
2.122768274648582e-15
2.0379512747346194e-15
2.211773567971274e-15
2.351272182355719e-15
2.6202029379277757e-15
2.8545608931973856e-15
2.606528205705964e-15
2.6397231709285986e-15
3.0858268612806933e-15
3.0541773358140997e-15
3.251785546041085e-15
2.9914599143046336e-15
2.8257190509199616e-15
2.748840367941463e-15
2.565200394574109e-15
2.4514820602669897e-15
2.4126542021481506e-15
2.3008694931826707e-15
2.293612207382646e-15
2.142029539745541e-15
1.955026560642456e-15
1.9598780393869894e-15
1.8207097061276936e-15
1.90852514964137e-15
1.782124687604969e-15
1.8050751113018578e-15
1.6232321340535215e-15
1.6083815610462915e-15
1.7060883047398603e-15
1.7585805612311578e-15
1.5856461545911842e-15
1.6405628046624418e-15
1.7471412466355658e-15
1.7127574514125483e-15
1.7562115200860145e-15
1.8105187771118827e-15
1.8628276250761393e-15
Acceptance rate: 0.32649999999999985
1.0076322931182853e-15
1.0716939586659289e-15
1.101902528686603e-15
1.075909367738256e-15
1.0917870628105235e-15
1.2645610977599306e-15
1.4002788562949143e-15
1.5726269993031487e-15
1.4936869637521847e-15
1.4192304265724898e-15
1.3648761087935297e-15
1.3880501483354492e-15
1.3683350652022274e-15
1.3685442287225299e-15
1.5542758778674197e-15
1.5951513372519037e-15
1.626851004061139e-15
1.5832525598768113e-15
1.6283333960688448e-15
1.6023922536954414e-15
1.5188148018851532e-15
1.554201276109452e-15
1.546874070923135e-15
1.4720177357821473e-15
1.4875201042750973e-15
1.4595234655724766e-15
1.476988828320035e-15
1.6140401111328994e-15
1.5633067632722236e-15
1.3571999934441019e-15
1.4324285476205343e-15
1.2522598164031846e-15
1.1031191850361154e-15
1.2705088921131848e-15
1.429686008722622e-15
1.3860189312052929e-15
1.3814311482909948e-15
1.5526407387576168e-15
1.4117540833621898e-15
1.429891892153931e-15
1.578737832796021e-15
1.4657187760029322e-15
1.4193219903399245e-15
1.2985296833086492e-15
1.369704107913625e-15
1.2347686600226328e-15
1.2813858957747565e-15
1.2474588374079987e-15
1.263965639070037e-15
1.2178999068517425e-15
1.3814145641806164e-15
1.4473137107399448e-15
1.4495374494968209e-15
1.6626251730658364e-15
1.8317371720236753e-15
1.773297376718951e-15
1.71324488913869e-15
1.718891526111928e-15
1.7078176564768691e-15
1.71131759276283e-15
1.7522147396918333e-15
1.6620681420791464e-15
1.5027510388377744e-15
1.436310067226548e-15
1.4868899730971048e-15
1.5268379573818635e-15
1.4995909399956905e-15
1.5513822362777113e-15
1.4991424545522152e-15
1.3567190815682542e-15
1.1817805466605713e-15
1.342711957345193e-15
1.551965552950848e-15
1.75009887826332e-15
1.7525842329501157e-15
1.7113377250243178e-15
1.6838301816779331e-15
1.8389424552763267e-15
1.7094464960175543e-15
1.6544929696638627e-15
1.8315510063382372e-15
1.9577936632655823e-15
1.9203693782108025e-15
1.9227909296571548e-15
2.230268660208559e-15
2.1699280741659114e-15
2.1314951774045373e-15
2.1859264863886092e-15
2.1392053888452567e-15
1.9232909291784877e-15
1.7062434281840336e-15
1.6630220521750534e-15
1.4722203760236261e-15
1.6543962588454105e-15
1.7496425305124844e-15
1.6042351723029174e-15
1.7373585184053804e-15
1.6270424681549396e-15
1.5993293343207194e-15
1.5200370444086767e-15
Acceptance rate: 0.32699999999999907
8.670936052023921e-16
9.08844842702342e-16
9.384547535158202e-16
9.05395889005039e-16
8.465207228677212e-16
8.398785619320304e-16
8.365977099580733e-16
8.460786575231596e-16
8.198844867351692e-16
9.08142169206162e-16
8.39124682448216e-16
8.830740448473172e-16
8.225123461445503e-16
9.979261187589868e-16
9.565300594774826e-16
1.0133932583590197e-15
1.0068947547811089e-15
9.711520186684884e-16
1.0508426267422138e-15
1.1582913900724002e-15
1.2267356916124341e-15
1.34598859529877e-15
1.6039202771095018e-15
1.5220044020507395e-15
1.5070388357295827e-15
1.4050496383219782e-15
1.4028482846551741e-15
1.3609820962338e-15
1.4780955934549395e-15
1.5882103501290266e-15
1.5380150480908517e-15
1.5688787959116615e-15
1.5979624713505888e-15
1.4810238038197876e-15
1.5938249964541282e-15
1.5244968507877421e-15
1.5716888455979354e-15
1.5866102074612525e-15
1.6912338525500423e-15
1.7809775077981674e-15
2.1779112729451752e-15
2.055926317978685e-15
1.9310289052105757e-15
2.078883724853418e-15
2.1742725646388875e-15
2.4159340826773665e-15
2.3206736574348906e-15
2.3897377686538618e-15
2.4707079111592487e-15
2.393605722079537e-15
2.271545925728441e-15
2.255429986533118e-15
2.1609206752579282e-15
2.120951828015714e-15
2.2096046532051334e-15
2.1882998100569953e-15
2.2099721490491953e-15
2.289408455342964e-15
2.3703763971318516e-15
2.35428803055969e-15
2.4551642713916897e-15
2.3873624919098557e-15
2.4210916932503347e-15
2.2886661149795556e-15
2.24768699233061e-15
2.2719301133165623e-15
2.3247510216134895e-15
2.108932547999266e-15
2.285964163835496e-15
2.6424375593542184e-15
2.783341284437367e-15
2.6699277752414782e-15
2.937957859966248e-15
2.6548215416058807e-15
2.704992919868483e-15
3.052297973745891e-15
3.083227224755323e-15
2.9293322194466734e-15
2.9707503979186113e-15
2.8464133619972647e-15
2.7000180254024283e-15
2.615689203428514e-15
2.5940139714732165e-15
2.9801394790789004e-15
3.005853907702144e-15
2.763766165740285e-15
2.6775561172662384e-15
2.669088799886958e-15
2.9359458381168568e-15
2.9296067239556847e-15
3.005220311458947e-15
3.024365009826016e-15
2.9709920070872493e-15
3.0482513509476507e-15
2.8089500005288248e-15
3.016583647470611e-15
3.512488401434972e-15
3.3781244493915068e-15
3.513280656814361e-15
3.78309693856928e-15
Acceptance rate: 0.31375000000000036
2.120290661137406e-15
2.2587844217552238e-15
2.248732331719996e-15
2.400602634297364e-15
2.4327702708303738e-15
2.4994902079317845e-15
2.416956820323188e-15
2.7698353204022616e-15
2.9677599431967254e-15
3.09339409746712e-15
2.992276093100499e-15
2.7426234258228562e-15
2.4771857707533984e-15
2.7494822348634007e-15
2.6706567141129264e-15
2.4437022649834637e-15
2.2897373942237156e-15
2.327788435525703e-15
2.4219959746912235e-15
2.3849468804612896e-15
2.1738463847833822e-15
2.396791223940856e-15
2.234822331040758e-15
2.2967117193429127e-15
2.6758498076485377e-15
2.8459103287036338e-15
3.1507137820036866e-15
3.2618916372284567e-15
3.1894075784428887e-15
3.5067696376432793e-15
3.658828635710664e-15
3.4175008674018948e-15
3.380682651934379e-15
3.6775104455268644e-15
4.120271691611788e-15
3.957864815917078e-15
3.8347979270391205e-15
3.721306845284964e-15
3.4903713082196815e-15
3.6473922638447154e-15
3.3793649230542805e-15
3.2975785150327666e-15
3.23205678665801e-15
3.669351753515759e-15
3.66926487778245e-15
3.581433948559126e-15
3.577205685455174e-15
4.043096562425289e-15
4.0553856399103915e-15
3.901966147479267e-15
4.258274398205977e-15
4.3885606825921255e-15
5.035494574458534e-15
5.08211773373863e-15
5.105123814517566e-15
4.652455282511942e-15
4.486203469358889e-15
4.159983964054017e-15
4.298572690642478e-15
4.044887992159173e-15
4.356455475646745e-15
4.245456231507576e-15
3.890873236012292e-15
3.9936356858902555e-15
3.6917795787387284e-15
4.195707645494249e-15
4.544800997405867e-15
4.737571780590791e-15
4.9508584630733126e-15
4.364000743530118e-15
4.183081495051947e-15
4.64585032102545e-15
4.527663794756733e-15
4.730368777060841e-15
4.797007110506908e-15
4.657130750918022e-15
4.597186614520395e-15
4.499045782714853e-15
4.3724014043108625e-15
4.116179818428869e-15
4.227637338889992e-15
4.533283712090555e-15
4.283477538074143e-15
4.357659581491179e-15
4.36874931779885e-15
4.32930960339785e-15
4.438070043460196e-15
4.2823210328465694e-15
4.212627222531969e-15
4.052392735427077e-15
4.196511291923311e-15
3.842411835870565e-15
3.935191848171991e-15
3.4690888977111236e-15
3.079492467736646e-15
3.1167913682451423e-15
3.397057045221349e-15
3.1465233835861107e-15
3.1215965320887024e-15
3.246500769847985e-15
Acceptance rate: 0.31070000000000114
1.936599153644688e-15
1.8836740124759486e-15
1.8309295883073096e-15
2.040591604746481e-15
1.8665631984900732e-15
1.8957952267813215e-15
1.898455151968863e-15
1.8230431338872545e-15
1.738265931273834e-15
1.9522154372582733e-15
1.9470460211275862e-15
1.944424044721706e-15
1.9670776468310326e-15
1.966153563294602e-15
2.2760601262743745e-15
2.3493335884409146e-15
2.1827870451816303e-15
1.948182207808241e-15
2.0583889991018587e-15
2.038664144999554e-15
2.166896471293976e-15
2.2904043300841185e-15
2.1253676579438554e-15
2.2050195187693827e-15
2.251470472363209e-15
2.109346769892715e-15
1.9570621564166142e-15
1.7655438669360944e-15
1.6666322470854572e-15
1.5982505358879432e-15
1.7785971208749582e-15
1.819188085198259e-15
1.690965352223875e-15
1.6795387461718003e-15
1.5736407483783214e-15
1.5871751966695215e-15
1.607390133219066e-15
1.6445207142536479e-15
1.710524673555909e-15
1.7151916714104368e-15
1.6440996880729257e-15
1.7431881148530961e-15
1.5593209689236043e-15
1.6360493481158704e-15
1.6469112469873887e-15
1.6411713194547569e-15
1.7327961090660516e-15
1.7838599654630256e-15
1.696777921852285e-15
1.567535089526053e-15
1.4055483972940148e-15
1.5178300666887728e-15
1.7349122887619512e-15
1.7888359511494094e-15
1.7546127912552442e-15
1.84712375910807e-15
1.8584853312538246e-15
1.676668888442924e-15
1.6275849633139396e-15
1.7896052334660256e-15
2.062575562580717e-15
2.2111667917184425e-15
2.226229369754774e-15
2.38286458895465e-15
2.2457712323190097e-15
2.4015944082968557e-15
2.4233193693684457e-15
2.2750199012618833e-15
2.1753474990920876e-15
2.057689063177698e-15
2.1167968446893412e-15
1.908079697819367e-15
1.817613116214912e-15
1.866587213398506e-15
1.8913332455968716e-15
1.7551007916487348e-15
1.7663602400918563e-15
1.7962110497372997e-15
1.8558910599374048e-15
1.823502467712127e-15
1.8766418396555823e-15
1.9215332820168516e-15
1.8556759881246226e-15
2.0297898320392136e-15
2.171859685013136e-15
2.1213114753503823e-15
2.0992048264251358e-15
1.9981148761943795e-15
1.9999957240218876e-15
2.1469459597984782e-15
2.3125619705505656e-15
2.320205786310823e-15
2.4681807847793103e-15
2.326015724091286e-15
2.0907334863174665e-15
2.3929216491179832e-15
2.308548170922229e-15
2.391232269107836e-15
2.3893006448115008e-15
2.5510807798364272e-15
Acceptance rate: 0.31233333333333463
1.5662825215382954e-15
1.8197821975958783e-15
1.889101981865764e-15
1.9171610001483772e-15
1.989482479067954e-15
2.15008438569149e-15
2.4481553264050764e-15
2.4089660341914027e-15
2.493428166622887e-15
2.421623231735375e-15
2.4017059543970315e-15
2.699484338419781e-15
2.7786742287992554e-15
2.446339775350342e-15
2.345271064583722e-15
2.5447047645023842e-15
2.2012460126538156e-15
2.448036896865596e-15
2.3199739168830293e-15
2.4479116323626925e-15
2.240102752120436e-15
2.1466908471754335e-15
2.0841888146298312e-15
1.958328311549047e-15
1.982117724952252e-15
1.9313002147851455e-15
1.8414643605456497e-15
1.983160362005268e-15
1.8489388607182545e-15
1.984392484573752e-15
1.8895291027512864e-15
1.860208015164095e-15
1.9071422497223703e-15
2.1029194746222547e-15
2.2528925020091646e-15
2.131205427674616e-15
2.215462721276721e-15
2.0910171263118413e-15
1.9253127858608255e-15
2.087149624320467e-15
1.9643466388066825e-15
1.9011200021960555e-15
2.305038885963812e-15
2.1806654497271255e-15
1.987342300260784e-15
1.9396735872315494e-15
1.816748944592613e-15
1.8926597209059617e-15
1.795304033555103e-15
2.0461934898046934e-15
2.0801072792573603e-15
2.0834641598555313e-15
2.0531046885449856e-15
1.9524855642225937e-15
1.9954507206580184e-15
2.050614318209315e-15
2.014543991114631e-15
1.972826223067479e-15
2.0479719519786695e-15
2.5432107693918206e-15
2.5890199371678545e-15
2.494613507113727e-15
2.4105321872155097e-15
2.4402890064327633e-15
2.360412208103389e-15
2.3060197642645714e-15
2.2860073393882276e-15
2.4399766458514492e-15
2.482145212367817e-15
2.3238090038413625e-15
2.2270419760246657e-15
2.198105067624887e-15
2.0769012160143115e-15
2.251191786595187e-15
2.243237795312777e-15
2.201177755260504e-15
2.4806427005556448e-15
2.329478168558891e-15
2.1558542501474213e-15
1.9903804013069592e-15
2.0137578237212228e-15
2.2206436255854317e-15
2.3338882636763865e-15
2.6983520469206063e-15
2.5311113822470703e-15
2.6341991217221096e-15
2.5768524141630545e-15
2.6447475712149545e-15
2.9314892859386088e-15
2.6988157068325443e-15
2.631845295348665e-15
2.2859014053146234e-15
2.200766242294914e-15
2.1600496482152086e-15
2.50545122170219e-15
2.386142879901451e-15
2.434603014900179e-15
2.590696085536564e-15
2.454201216324606e-15
2.512439240633827e-15
Acceptance rate: 0.3132142857142861
1.475699037249064e-15
1.337660142186772e-15
1.2499226421120334e-15
1.157445964357527e-15
1.2217731556244605e-15
1.328950910719943e-15
1.449685180283239e-15
1.468336319046432e-15
1.5613018745574824e-15
1.7747155912759072e-15
1.6516014139783456e-15
1.712992600597149e-15
1.7121137006324332e-15
1.6336376870673379e-15
1.4712907432520656e-15
1.5092289996700093e-15
1.4395346506944973e-15
1.373706165568547e-15
1.5189816943512508e-15
1.433499501909491e-15
1.4182760215852607e-15
1.4245238278056509e-15
1.5222115698670794e-15
1.5086507773510572e-15
1.592876314883197e-15
1.4719916186612531e-15
1.4591385564708193e-15
1.4913063936570724e-15
1.6003649103214657e-15
1.7385086984529193e-15
1.8918752691992272e-15
1.8593319345057552e-15
1.8102763129111703e-15
1.906259379547814e-15
2.1037389278927087e-15
2.2476174264776293e-15
2.1313775966842464e-15
2.102878501335764e-15
2.0676917117717295e-15
2.306275707845194e-15
2.3512612190957686e-15
2.5702672961729458e-15
2.6041234055572557e-15
2.3584617514026923e-15
2.3493066667890605e-15
2.114918107887066e-15
2.2628665754354223e-15
2.279814068360762e-15
2.092209379891223e-15
2.1029486049428193e-15
2.0207750276847676e-15
2.238278576907812e-15
2.0057774185744933e-15
1.906224333662072e-15
1.86010754166536e-15
2.053309041388046e-15
2.2135470980484906e-15
2.27831216662071e-15
2.3783019616719616e-15
2.2970422792748017e-15
2.667371266548434e-15
2.5877019851458354e-15
2.4316574301176805e-15
2.2362263659284667e-15
2.0036982916326085e-15
2.1531057929004833e-15
2.186140577825186e-15
2.1999682615972272e-15
2.2982354994289705e-15
2.174189534923888e-15
2.1114592389880993e-15
2.0425375201388524e-15
2.333567938925622e-15
2.425321933834408e-15
2.567735100216279e-15
2.7358744372881585e-15
2.8579709074844196e-15
3.038871530124325e-15
3.0964509950144723e-15
3.1725479107526875e-15
3.179123077551184e-15
3.3866068412683517e-15
3.2397281757667754e-15
3.135603206406558e-15
3.0807793763755005e-15
3.194599299750884e-15
3.5315036009488045e-15
3.811746346250942e-15
3.592496576924974e-15
3.952313310635058e-15
3.860261792844347e-15
4.0127321259001515e-15
4.126843685326046e-15
4.142688871395172e-15
4.4068506288640175e-15
4.504673848626185e-15
4.505730922117488e-15
4.7902143482569055e-15
4.584810410850669e-15
4.330725018778023e-15
Acceptance rate: 0.3148125000000006
2.5694671972240928e-15
2.369222465354535e-15
2.379276869139875e-15
2.0993405057930208e-15
2.2038638226719007e-15
2.2389441026613064e-15
2.5215103915532878e-15
2.8669102422893038e-15
2.747547442594845e-15
2.5777880918385713e-15
2.3516532278659207e-15
2.55676305127051e-15
2.407223866933896e-15
2.15150142833559e-15
2.5650061718423414e-15
2.3886464752070647e-15
2.8612170584792715e-15
3.5113253568067047e-15
4.094810510134968e-15
4.159318905634907e-15
3.973169614789567e-15
3.6799387351058815e-15
3.502033570946627e-15
3.376603054146322e-15
3.3323348156635194e-15
3.209851803118787e-15
2.963211339825412e-15
3.0017639772244294e-15
3.0229085650692512e-15
2.7358372301124245e-15
2.9009823202209036e-15
2.7943794371946698e-15
2.984949093461151e-15
3.1586314391526935e-15
2.917382494492839e-15
2.9824362150467095e-15
3.4032336015034766e-15
3.2882641800017027e-15
3.151420983047991e-15
3.2995273800831576e-15
3.12445167277946e-15
3.0715739335824063e-15
3.557916975280681e-15
3.3596900175692375e-15
3.6029945387961404e-15
3.7302905537049665e-15
3.3410593105417116e-15
3.61475932373086e-15
3.663389221581846e-15
3.449915485554987e-15
3.3569117072060294e-15
3.1684777701577124e-15
3.142694657678442e-15
2.8626660313065224e-15
2.7713179119311984e-15
2.5346951486653582e-15
2.486824269374248e-15
2.4983783449073523e-15
2.487311438501869e-15
2.3112045227706185e-15
2.1901728172815886e-15
2.3376239131938647e-15
2.18433655455106e-15
2.045372492224113e-15
2.117024964645328e-15
1.9901557849344653e-15
2.0138978420390625e-15
2.1258955538166255e-15
2.156444911796407e-15
2.154584372846363e-15
2.2267688080074536e-15
2.207068049382827e-15
2.6601998521321437e-15
2.627345931532136e-15
2.3122291976105153e-15
2.3378862542775297e-15
2.4123033126631494e-15
2.5071533576757463e-15
2.5738494088853477e-15
2.7789042401851534e-15
2.880174328914655e-15
3.6357800412875205e-15
3.834279722834015e-15
3.6303079301265025e-15
3.0678840611081635e-15
3.093125867537306e-15
3.30799825227959e-15
3.3222464375021005e-15
3.350987795002484e-15
3.2808842711172288e-15
3.2235668414387283e-15
3.406414455300791e-15
3.2654611909592846e-15
3.127196962285923e-15
2.673968028814338e-15
2.6182665790136833e-15
2.562869368551087e-15
2.4888588668928865e-15
2.5050756138302e-15
2.3793917498060213e-15
Acceptance rate: 0.31322222222222257
1.4363984481254337e-15
1.639504097376363e-15
1.5224967473281512e-15
1.3658176313149868e-15
1.388546619794328e-15
1.4449681692051645e-15
1.4363027320557618e-15
1.3506310391554061e-15
1.4348118108967796e-15
1.3591938710183855e-15
1.351240457095654e-15
1.2862449580132931e-15
1.2065909086548876e-15
1.268604808918653e-15
1.2419822225082265e-15
1.29131254763648e-15
1.226752720762489e-15
1.2220315695142062e-15
1.1475429942361278e-15
1.1066726222555786e-15
1.2134598080538102e-15
1.2309857202267497e-15
1.3239424567481843e-15
1.5377263227118913e-15
1.6560876413581265e-15
1.59960413130712e-15
1.7104543410884356e-15
1.7211540251160251e-15
1.69083122372535e-15
1.798657120902472e-15
1.923223702901951e-15
2.0985456526443357e-15
1.921398324895285e-15
2.046195311116537e-15
2.0637799733358267e-15
1.8939042855079218e-15
1.7771498980630697e-15
1.6469981088204114e-15
1.6111187414990975e-15
1.5915425499663304e-15
1.4696006809374856e-15
1.5813607585424164e-15
1.835346221931999e-15
2.014421578382361e-15
2.1987747845923943e-15
2.0369880155229986e-15
2.0611380535121852e-15
2.1293048039971855e-15
2.227642531939032e-15
2.4009947815985792e-15
2.426245585619932e-15
2.2641571277177724e-15
2.241592250006367e-15
2.0931841994050745e-15
1.905328776954501e-15
1.855233893334222e-15
1.7579674200809737e-15
2.00910803908864e-15
1.9440915604562138e-15
1.7613351293959702e-15
1.83103886596841e-15
1.742383276332587e-15
1.6493222043059585e-15
1.569091722640394e-15
1.5848814291913483e-15
1.5063340041957664e-15
1.4161527761124925e-15
1.5302045952456983e-15
1.5234701555111934e-15
1.6144390657789974e-15
1.6247223049521073e-15
1.5218013416061267e-15
1.513407196027327e-15
1.5120695230700997e-15
1.5265651069746488e-15
1.6123714490166785e-15
1.6208600573846856e-15
1.6936550017503953e-15
1.765987653530908e-15
1.6132236465308685e-15
1.606783334722413e-15
1.6220054423940618e-15
1.7436137897990967e-15
1.7994799300956673e-15
1.856596280594252e-15
1.7507889341329975e-15
1.7614977696727552e-15
1.7657755718414588e-15
1.7933797063909326e-15
2.0745373704539698e-15
2.049771067069529e-15
2.0632221746477097e-15
2.324550675937464e-15
2.342788752389901e-15
2.153607978657884e-15
1.9758892792976475e-15
1.970173915975397e-15
2.0607295696211877e-15
2.0255142238840932e-15
2.132710880964534e-15
Acceptance rate: 0.31200000000000117
Sampling time (10 samples): 6256.9580 seconds
