/scratch/users/yanlan/TroubleShooting/SMslope/Output/AM_PM_ET_240_317_00
5.0163915846503076e-08
2.377595946780812e-08
1.3006036207164214e-08
7.2071161925195214e-09
3.732789735987708e-09
2.1280465674153337e-09
1.2886191343741798e-09
7.151947370853522e-10
4.1956003770022916e-10
2.679038418951504e-10
1.6646515673959417e-10
1.0335247853282444e-10
6.52206685709064e-11
4.266238744294777e-11
3.245192851867541e-11
2.3891890056976995e-11
1.7158970641979412e-11
1.197860072433535e-11
8.92727393850498e-12
6.591737687279336e-12
4.5866291142487205e-12
3.3744773255545903e-12
2.5236232913158476e-12
2.004252847422223e-12
1.7487213387366312e-12
1.2517693799068322e-12
1.1050521381372904e-12
9.167038026867193e-13
6.584997546706297e-13
4.83646665939884e-13
3.9306253797242125e-13
3.424651363769165e-13
2.999142639791301e-13
2.535004176295121e-13
1.9158875239356845e-13
1.635992928603842e-13
1.4354033022613551e-13
1.310846001267778e-13
1.0561565638504727e-13
8.68955589464901e-14
8.819851287547246e-14
8.513207045837928e-14
8.989790312491608e-14
7.901370646942147e-14
7.155420887066502e-14
7.935183864044086e-14
6.794075658570212e-14
5.9758384376948e-14
4.938382926981275e-14
3.9596972970629874e-14
3.460791419242227e-14
3.136165582690383e-14
3.414882004317636e-14
3.1035695222460673e-14
3.068444568286222e-14
3.0423886758149924e-14
3.122990714906996e-14
3.0467610800032226e-14
2.8631164190059474e-14
2.4973196220522474e-14
2.4530312470232272e-14
2.213075317891625e-14
2.1673593441467323e-14
2.037147993178744e-14
1.9353567343672273e-14
1.6959713306333902e-14
1.6767252812117803e-14
1.446436395257598e-14
1.4560271143661982e-14
1.3734669162239365e-14
1.3081366451268815e-14
1.2678429548202738e-14
1.166488888446624e-14
1.201708852753262e-14
1.153123259226319e-14
1.1035714539893464e-14
1.0138737523924873e-14
9.047365376986153e-15
8.812974508423686e-15
8.394577189534243e-15
8.154472938055924e-15
7.182587668227641e-15
6.575774069513391e-15
6.541743777355179e-15
6.015030648023123e-15
6.40829636509177e-15
6.384676400759519e-15
5.6223675089046086e-15
5.788341835531833e-15
5.3468253476636245e-15
6.107843460552686e-15
6.727799153152471e-15
7.0205750079317955e-15
7.58607566156063e-15
7.769780458437673e-15
7.575971761204526e-15
7.371733263761322e-15
7.326793400380712e-15
7.137111906507457e-15
6.65340250867381e-15
Acceptance rate: 0.3485000000000008
3.4963203518025522e-15
3.555617605261836e-15
3.411503879686321e-15
3.6908197069424946e-15
4.182121618245255e-15
4.203486584509154e-15
4.192431340854847e-15
4.1736403434886005e-15
4.5013438466322045e-15
4.3049199073927545e-15
4.321192288827331e-15
4.425796229221065e-15
3.960304065373845e-15
4.122296063683591e-15
4.1403457928368845e-15
3.934951861190983e-15
3.689106909488552e-15
3.2815530261578996e-15
3.217026527528368e-15
3.4048188073456962e-15
3.718152210076515e-15
3.160032360498603e-15
2.8321135042084088e-15
3.250835563555745e-15
3.3359074186047337e-15
3.039601011939284e-15
2.8824086371200046e-15
2.984733406527542e-15
3.2485134759611053e-15
3.1928356170321274e-15
2.9646608690048103e-15
3.3740057221404058e-15
4.281413675094102e-15
3.8958066592980734e-15
4.096899062803849e-15
4.474756334849712e-15
4.450294830678963e-15
4.263148475014872e-15
4.3105492870213905e-15
4.038138258592413e-15
4.852731574656055e-15
4.534960150257509e-15
4.543221582130492e-15
4.3512686554762476e-15
4.372841578683195e-15
4.128408673891976e-15
3.747313433385796e-15
3.89878568597551e-15
4.136752475256825e-15
5.036267014825823e-15
5.457580837704088e-15
5.575231946577844e-15
5.497152044173824e-15
5.481436723819304e-15
4.715190681543359e-15
4.096655470919353e-15
4.025675850971109e-15
3.823171972053564e-15
3.843101007868003e-15
3.5419681998180593e-15
3.4624823428444153e-15
3.9428299247937786e-15
3.662549032604646e-15
3.533137710820443e-15
3.622787514961198e-15
3.2911769117528416e-15
3.4532713636800242e-15
3.7307686724852936e-15
4.007614185602061e-15
3.924531174028031e-15
3.5349362804420915e-15
3.687326577317474e-15
2.9619089981716975e-15
2.887397707697114e-15
3.0388799321675194e-15
3.0368570337938186e-15
2.8706754665965124e-15
3.0786960856015873e-15
2.6298720019526933e-15
2.4323444594799797e-15
2.8188289859434925e-15
2.6596121748158805e-15
2.3791118750999705e-15
2.6906753595853943e-15
2.657138551356746e-15
2.60674658005499e-15
2.4402240781134566e-15
2.4792305173825877e-15
2.450163220253097e-15
2.739477715300394e-15
2.7381768470292946e-15
2.9889199060041388e-15
3.1122629261559057e-15
3.377748107544862e-15
3.0114834839337574e-15
3.23981714764928e-15
3.190579351719686e-15
3.1368316784589975e-15
2.797615696485905e-15
2.8983083970341716e-15
Acceptance rate: 0.32350000000000084
1.6168683847998e-15
1.4570288923562539e-15
1.281963407477614e-15
1.3490921632099243e-15
1.3700712100875353e-15
1.4741351850998233e-15
1.9291198451616227e-15
2.0855445371569334e-15
1.878511331197508e-15
1.8794642495532606e-15
1.892602258107008e-15
1.864313305719401e-15
1.9458508296078838e-15
1.9594196845309656e-15
2.3496982913140784e-15
2.365977525358115e-15
2.2111405435936122e-15
2.490835233595157e-15
2.5211638885835768e-15
2.6276367847270108e-15
2.7373952120225174e-15
2.678880798969038e-15
2.969822193472776e-15
2.4703149889911175e-15
2.7056440770508825e-15
2.5518800879284528e-15
2.5257466595473582e-15
2.152977193507826e-15
2.1560308568649633e-15
2.4010423027633707e-15
2.2339715038502905e-15
1.896660238893963e-15
1.8072878019615273e-15
1.8463583607440838e-15
1.7335691025176885e-15
1.8255148860135836e-15
1.87125351103628e-15
1.7332038968778705e-15
1.6651629815097306e-15
1.6918833835959388e-15
1.711620120224587e-15
1.7228876080980736e-15
1.9920739352626766e-15
1.8306095429617712e-15
2.3243026655136362e-15
2.126096244537636e-15
2.0158582774345067e-15
1.7570659865920401e-15
1.7944246008365657e-15
1.8126864241886733e-15
2.107441337775593e-15
2.3253288697191526e-15
2.2744562947966835e-15
2.5416888093788374e-15
2.582073074763996e-15
2.7579461288332764e-15
2.8240189650339335e-15
2.824667681460393e-15
3.0921107752031415e-15
2.842825208215918e-15
2.665800743608133e-15
2.689751261865102e-15
2.75848514588447e-15
3.45790036815714e-15
3.3423442050270585e-15
3.199787437654301e-15
3.270688988630142e-15
3.0353961760496763e-15
2.828396041381066e-15
3.1017816665948825e-15
3.22673815610532e-15
3.17087963715261e-15
3.441396498541235e-15
3.3958929853964136e-15
3.4017339068263497e-15
3.5084886793423237e-15
3.4710182085878424e-15
3.6916611967641244e-15
3.994779495850896e-15
3.675756428973707e-15
3.678814627970869e-15
4.093820518618249e-15
3.583534571031971e-15
3.2556258127639027e-15
4.2866632288498474e-15
4.323469365456034e-15
4.4615178592861254e-15
4.8123782329990676e-15
5.5459612542211494e-15
5.748564315219147e-15
5.676294391186899e-15
6.741747868006552e-15
6.840076778790945e-15
6.885023841180005e-15
6.939145532188488e-15
7.260390754227718e-15
7.0238408859534315e-15
7.54255271817005e-15
6.9526529898664925e-15
5.855971323451506e-15
Acceptance rate: 0.30783333333333446
3.296221004996846e-15
3.2394954946241692e-15
3.507559922222126e-15
3.712821398627062e-15
4.515070784067072e-15
4.33315646896548e-15
3.951973741807548e-15
3.966865277299581e-15
3.950837160936489e-15
3.722818881144187e-15
3.5564612249831815e-15
3.3931435651714703e-15
3.515783569405624e-15
3.657550615030467e-15
3.880819922976184e-15
3.867835269559815e-15
4.042294338597681e-15
4.4459510823742514e-15
4.949280168408349e-15
4.949487449942891e-15
4.634971603380976e-15
5.182213963126132e-15
5.20030067585817e-15
5.308336801287102e-15
5.400057231370566e-15
4.623423067920556e-15
4.410138125722954e-15
3.994635818217008e-15
3.5301029536668647e-15
3.375469411355146e-15
3.003275725196782e-15
3.1314488428250807e-15
3.3500781744994426e-15
3.4797460886205064e-15
3.3815676696084574e-15
3.392079240354488e-15
3.335917382463995e-15
3.2270879011873648e-15
3.5820490758724305e-15
3.4172940340703385e-15
3.5884574656097015e-15
3.4269891928624554e-15
3.2439114940824893e-15
3.4054095434461767e-15
3.4359372153674953e-15
3.4800395563769198e-15
3.7466051557070746e-15
4.0382825722965044e-15
4.205641605662748e-15
4.480162434280142e-15
4.755396866509505e-15
4.893973992051749e-15
5.3551974446770344e-15
5.228763582654186e-15
4.9787536888513625e-15
5.440466026153427e-15
6.0341226840385985e-15
6.1275789847969364e-15
6.161147870349752e-15
5.712888731917611e-15
5.435366052053177e-15
5.926974657374401e-15
6.464355861225538e-15
6.383045420897871e-15
5.725503915378609e-15
5.153021647142381e-15
5.107716582513688e-15
5.0712140584273804e-15
4.8508884011924324e-15
4.900924982525476e-15
5.025328138445982e-15
4.3598729435401e-15
4.564068106656042e-15
4.295764022964854e-15
4.262865317527521e-15
3.5353247057755114e-15
3.234087902811473e-15
3.086394587110414e-15
3.139589296194598e-15
3.425940725874344e-15
3.1761913815725605e-15
2.9406293657747714e-15
3.0403947026038887e-15
2.944613940274601e-15
3.161738909287565e-15
2.805165718414119e-15
2.651236997671721e-15
2.5362257542135985e-15
2.697377001059677e-15
2.8855869015746837e-15
3.104934089553566e-15
3.0483916424196193e-15
2.8447064912143676e-15
2.8864859879410695e-15
3.508427467063929e-15
3.6730363316103184e-15
3.8020048796189066e-15
3.3444273161358495e-15
3.384237017602462e-15
3.5430626896152808e-15
Acceptance rate: 0.2999999999999995
2.005586798114468e-15
1.8871930145968917e-15
2.0138717594654397e-15
2.1945210467645385e-15
2.2437879609046046e-15
2.296191462530838e-15
2.2183735740208224e-15
2.0867935469974884e-15
2.0176260962846268e-15
1.8451553067608774e-15
1.8216718115729657e-15
1.6241754836548215e-15
1.6493500854026433e-15
1.8362878395566295e-15
1.7416702820186885e-15
1.6887462174927231e-15
1.5954530447730123e-15
1.5807402866021235e-15
1.7424886458671367e-15
1.6821142220992942e-15
1.8113613078238894e-15
1.69181185598833e-15
1.484254818699322e-15
1.4599299050752663e-15
1.4705867449168303e-15
1.748214954015695e-15
2.100054353272943e-15
1.920234940834579e-15
2.1086451027815454e-15
2.0534753887779547e-15
2.1070928532810993e-15
2.018752157484982e-15
2.340076683617448e-15
2.2084451471747853e-15
2.146167267382911e-15
2.254004021371426e-15
2.3375414117992567e-15
2.557534469357788e-15
2.7841326890398337e-15
2.732345315964846e-15
2.7599004340784464e-15
2.7700551542695006e-15
3.1228306068359264e-15
3.038033076206591e-15
3.100113131933278e-15
3.055191748154164e-15
3.0734646986798314e-15
2.808320328874995e-15
2.943188960850129e-15
3.009670105824101e-15
2.6894007300430566e-15
2.6992747933121778e-15
2.685212552417913e-15
2.8919597147840704e-15
2.747839258586313e-15
2.714599121315195e-15
2.7781887357391774e-15
2.8767808913520686e-15
3.0426939044925516e-15
2.7541208270969305e-15
2.424766204629115e-15
2.356235777482365e-15
2.191627487274864e-15
2.293545308129589e-15
2.369026035872469e-15
2.347518527858625e-15
2.3536062974531277e-15
2.4792406291496903e-15
2.40658404993075e-15
2.4216677795528766e-15
2.6344295609153403e-15
2.8451446843727198e-15
2.9793200920797273e-15
2.8215771092715817e-15
2.853824088006101e-15
2.7220158321848106e-15
2.4407391114146726e-15
2.2275126131403844e-15
2.5263166546977308e-15
2.6863543603761663e-15
3.1750424757078725e-15
3.3347237091256806e-15
3.066467069361602e-15
2.9869702317336663e-15
2.8746961195680922e-15
2.695844537369602e-15
2.850427657636912e-15
3.222297830799454e-15
3.3092780316680716e-15
3.110185302987782e-15
2.8920571785201806e-15
2.9138445202982833e-15
3.1663734310087614e-15
3.4351229806191347e-15
4.092633941347224e-15
4.2611049311983875e-15
4.128576256060514e-15
4.304018605071121e-15
4.158457352412758e-15
4.6017057995094835e-15
Acceptance rate: 0.3047999999999999
2.6943435276732245e-15
2.71801988905763e-15
2.754781025626667e-15
2.9468584056433948e-15
2.7700242166605976e-15
2.6866894804596002e-15
2.5952537787170643e-15
2.4380875234767307e-15
2.1998527831067614e-15
1.990144297672483e-15
2.0526043490424797e-15
1.915051550145449e-15
1.7914512514046936e-15
1.74857182230873e-15
1.7082802262678117e-15
1.5790611223807817e-15
1.4750055484954232e-15
1.6645439173239049e-15
1.6681015233361819e-15
1.7582233683731219e-15
2.021606127305506e-15
2.057693224181413e-15
2.0932881222719593e-15
2.120222935552897e-15
1.993348257391313e-15
1.9966228190900682e-15
2.0376740482097085e-15
2.294725744777174e-15
2.2887213947560246e-15
2.295802992420435e-15
2.4050496803570128e-15
2.529256390219036e-15
2.72276065958561e-15
2.7852307980976844e-15
3.3348550440723994e-15
3.3013015355493224e-15
3.4058716395514927e-15
3.2390659743853613e-15
3.5345221648999086e-15
3.624672649209843e-15
3.3884130210777627e-15
3.1694596046014467e-15
3.1055369137509146e-15
3.295067752408667e-15
3.415377092686034e-15
3.71731762921589e-15
3.715057514296606e-15
3.9218021398721836e-15
4.276187247747627e-15
4.235461640990621e-15
4.538066062707136e-15
4.8642665495744595e-15
5.623742165242418e-15
6.2264730607540515e-15
6.0559650151758984e-15
6.62929817008319e-15
7.1006538318679406e-15
7.12301411121669e-15
6.30357171883922e-15
6.5119543913311835e-15
7.566786244088507e-15
6.915177377204854e-15
7.111940344609207e-15
6.4482904935402646e-15
7.971149972082756e-15
8.868938125942648e-15
9.152889872369428e-15
8.995966481536452e-15
1.012738574947779e-14
9.16384826608645e-15
8.865550124000736e-15
9.550838214777376e-15
9.914753753964518e-15
9.462923891515497e-15
9.075361757192961e-15
9.350715502564902e-15
8.781425589523729e-15
7.85293139240471e-15
8.206262042517163e-15
8.034294546772347e-15
8.792592567905603e-15
8.559168006806799e-15
9.717057408766526e-15
9.40784560818931e-15
9.50436504990579e-15
9.593731793836083e-15
1.1357528305273138e-14
1.314162459724162e-14
1.2380031868817763e-14
1.3434185643076438e-14
1.2572777139409047e-14
1.1283500219722543e-14
1.0420811155718352e-14
1.088093454664562e-14
1.0591229661613992e-14
1.0299577426441418e-14
9.510146287572089e-15
9.13760294323534e-15
8.340759259951065e-15
7.90509060144711e-15
Acceptance rate: 0.3028333333333359
4.485159761988279e-15
4.427519422598058e-15
4.210785966581611e-15
4.093597646468569e-15
3.7365507496734e-15
3.636372906145336e-15
3.807152471150032e-15
3.720056292602465e-15
4.101217612148273e-15
3.888810413662379e-15
3.509977945945347e-15
3.456038194403426e-15
3.704065285759672e-15
3.575193593731319e-15
3.891305802618688e-15
3.985782643818671e-15
3.845809252773347e-15
3.884900730439396e-15
3.6564047557835755e-15
3.7427974123828534e-15
3.70280815149711e-15
3.5394075384554436e-15
3.1783590777636898e-15
3.1039525016872285e-15
3.2842238124216066e-15
3.6712557598984685e-15
3.912437972705493e-15
4.5804865519054985e-15
4.673856644291563e-15
4.8303614267226375e-15
5.031264284727232e-15
5.129119152213756e-15
5.035661152515558e-15
4.596900382636482e-15
5.0980203823809486e-15
4.748345395958926e-15
4.418140399221348e-15
4.5710191068081805e-15
4.3708162456406026e-15
4.263225986065185e-15
3.6324843804880606e-15
3.558231849186932e-15
3.436160490561905e-15
3.3033142205405035e-15
3.5054770168453504e-15
3.3598167848925583e-15
3.2828966908219137e-15
3.203081077838588e-15
3.3963961859272808e-15
3.2704822287052073e-15
2.873176505313168e-15
2.806886305340081e-15
2.8030237451445044e-15
3.4127743558358625e-15
3.546499508839277e-15
3.3303645211507945e-15
3.0823144800691064e-15
2.8746454215668055e-15
2.629873498677377e-15
2.621890758358651e-15
2.565880021933261e-15
2.3172057604693967e-15
2.48792675045597e-15
3.0017789695978697e-15
3.168575235324501e-15
2.8811296053177374e-15
2.889289771171259e-15
3.050624922275716e-15
2.7994439384159792e-15
2.3916778397512085e-15
2.534007896809149e-15
2.9188513130911872e-15
3.396236807740239e-15
3.4588050568623992e-15
3.116836714599422e-15
3.0981368371761884e-15
3.223611219792181e-15
3.5213304661743014e-15
4.1191049767560526e-15
4.215428028884141e-15
4.1140346326029715e-15
4.7430022594191676e-15
4.193360532880272e-15
3.9370621970525046e-15
3.811047823910365e-15
3.709798796603505e-15
3.64631366275733e-15
3.6445455793159665e-15
3.3834056978474572e-15
3.1234462158708237e-15
3.065891563285989e-15
3.1131619658192825e-15
3.063114825102318e-15
3.399477397661893e-15
3.021689779029e-15
2.7861599714958336e-15
2.4524094812402448e-15
2.60161445423405e-15
2.852859059423848e-15
2.9464413737481215e-15
Acceptance rate: 0.30542857142857494
1.7435525503473116e-15
1.8469349154991085e-15
2.352077313000231e-15
2.3476592897889605e-15
2.340318602922341e-15
2.475747669289434e-15
2.289625904055468e-15
2.1078793067734816e-15
2.454239269549955e-15
2.7112639864661188e-15
3.1347994850018602e-15
3.0932739668983574e-15
3.0145023297584496e-15
3.1661747929152345e-15
3.1032476035777462e-15
2.877232362191745e-15
2.9723840497902565e-15
2.719349383848115e-15
2.6402120918764484e-15
3.1427119960281143e-15
2.7894318170305056e-15
2.7134926338770133e-15
2.7189131294364942e-15
2.835629904931124e-15
3.333446987228882e-15
3.0749547226767994e-15
2.8580951848901307e-15
2.6951759168110413e-15
2.9481707616621372e-15
2.7109968065708132e-15
2.7743476292842498e-15
2.72996402637352e-15
2.8436050120049963e-15
2.946100461544728e-15
3.2694438447654293e-15
3.2697916024878262e-15
2.9116141113590023e-15
3.1660488050720026e-15
3.0121359765676343e-15
3.04490196069746e-15
3.1716615849363098e-15
3.008642338325463e-15
2.951673106163453e-15
3.0874220005935157e-15
3.3415452459660123e-15
3.149299889269335e-15
3.197107991414344e-15
3.274200904468723e-15
3.4421107813317432e-15
3.5651951110359855e-15
3.471088273862834e-15
3.672313298350496e-15
3.6825003355114265e-15
3.5153274707387283e-15
3.685118677019153e-15
3.648473364036623e-15
4.232547361171575e-15
4.754235237997855e-15
4.022388980558791e-15
3.741569838311308e-15
3.781334982660681e-15
3.708847538529235e-15
3.672759631630682e-15
3.4070426020196774e-15
4.006404005849757e-15
3.980279320561714e-15
3.993173992872333e-15
3.988193052895611e-15
4.071517523928252e-15
4.199538786257734e-15
4.330948312182261e-15
3.957354573648864e-15
4.632016996699509e-15
4.578792579256436e-15
4.381726148191865e-15
4.356234420396038e-15
4.841115954127521e-15
5.10330895822972e-15
5.326918720648858e-15
5.448038404239183e-15
4.8685586580279264e-15
4.706604741174424e-15
4.6653317136102126e-15
4.7701333503430175e-15
4.569303914242548e-15
4.6062081861059734e-15
4.2608452170382634e-15
4.335144549206215e-15
3.97150241368801e-15
3.731511773237788e-15
3.949377853367911e-15
4.177322329917714e-15
3.598931453713848e-15
3.727582515841961e-15
4.1324392641900164e-15
3.881162131762652e-15
4.0976077701841765e-15
3.9315071937561584e-15
3.837776024793124e-15
3.555202656882915e-15
Acceptance rate: 0.3046875000000024
2.124905687578496e-15
2.3331958613863024e-15
2.3281371218141455e-15
2.7342481292989915e-15
2.568719249804869e-15
2.3335814222604065e-15
2.233084755674084e-15
2.066895539253033e-15
1.9479034157045914e-15
2.038821641265885e-15
2.129341365380956e-15
1.9935904166297464e-15
2.1082089429404342e-15
2.396417922988789e-15
2.44517284045274e-15
2.4431572961171838e-15
2.4803709239338702e-15
2.4567932263924776e-15
2.7312288834048856e-15
2.9504530601235544e-15
2.904960709518304e-15
3.0301714236964435e-15
3.1899490949064145e-15
3.3695897022921636e-15
3.152001144245812e-15
2.7980456842038648e-15
2.805005033353036e-15
3.2576283391361842e-15
3.4896019461480326e-15
3.6472336218479714e-15
4.4905348433726264e-15
4.554285677649745e-15
4.892777534589004e-15
4.750207550624604e-15
4.179019042251221e-15
4.3644615187492536e-15
4.392260730665966e-15
4.448688993812581e-15
4.984181262345606e-15
4.939548615111115e-15
5.348935024449265e-15
5.384491360016826e-15
6.014675874300686e-15
5.455568517789807e-15
5.285716270254605e-15
4.861254677669706e-15
5.311753341904515e-15
5.020174116451451e-15
4.733965088588043e-15
4.292883885960763e-15
3.842144441392493e-15
3.936522996746737e-15
3.73668836532043e-15
3.461131693720081e-15
3.804900449494427e-15
4.2583930851112306e-15
4.077840605216614e-15
4.3232741983333055e-15
4.445466315222047e-15
4.4172694000365284e-15
4.604920837840079e-15
4.436531824520929e-15
4.649480611927103e-15
5.512830143832347e-15
5.6620011903225414e-15
5.356710507747707e-15
5.639690404224494e-15
5.442392898640419e-15
5.035456929871881e-15
4.701028630065997e-15
4.2055086097318364e-15
4.426491909950454e-15
3.903050349594789e-15
3.858593423677184e-15
3.568075919830617e-15
3.665689761512478e-15
3.893610279569486e-15
3.587328431630303e-15
3.629604417194371e-15
3.545938084128965e-15
3.967437585336026e-15
4.011657428151667e-15
3.871981570739902e-15
3.3898478424131804e-15
3.4711086698279226e-15
3.70070601602816e-15
3.877049947380793e-15
4.970902938902699e-15
4.839670243835853e-15
4.637897552559615e-15
4.663951933258203e-15
4.656817157282218e-15
4.1878827762180336e-15
4.787100286925065e-15
5.141919613547964e-15
4.541935855371992e-15
4.397787637509563e-15
4.4210022093227545e-15
4.2891840963146525e-15
4.227537765372785e-15
Acceptance rate: 0.30422222222222356
2.560114981518353e-15
2.589635097538533e-15
2.6806977458500004e-15
2.7140401181640933e-15
2.995205120826907e-15
3.0945516606556032e-15
3.183315977388485e-15
2.856249097931253e-15
2.981005215351432e-15
3.266885086993976e-15
3.1190855317527503e-15
3.3682842387852268e-15
3.4680383351640252e-15
3.4241750175489595e-15
3.801176756930178e-15
3.823525187371435e-15
4.461418162831349e-15
4.265192582051173e-15
3.885529504284001e-15
4.5381651655083745e-15
5.534847825907466e-15
5.384960931197974e-15
5.412737598723547e-15
6.050880551025097e-15
6.082498903990861e-15
5.79370693074346e-15
5.809376663482389e-15
6.0678578830687245e-15
6.8143926708522145e-15
6.229489154598829e-15
6.176408800762685e-15
6.575161672357229e-15
7.635249581969134e-15
8.245097291650144e-15
7.91305049771804e-15
7.422157727546538e-15
7.0477394300308765e-15
8.049747181745389e-15
8.389229641868639e-15
8.356439714768905e-15
7.284704784895709e-15
6.564587764300473e-15
7.127991004734827e-15
6.910300460335938e-15
6.643759106210205e-15
6.228064646758151e-15
6.304953563145037e-15
5.693184511707323e-15
5.9139143145523734e-15
5.462518677259462e-15
5.840353273652736e-15
5.886589005974988e-15
5.873933095954458e-15
6.375265359157022e-15
6.407006773418736e-15
5.940349551436139e-15
6.125038670725772e-15
6.3253853335807265e-15
6.006733876457255e-15
5.768191509915964e-15
5.994406112331204e-15
5.599229179511375e-15
5.476296452007562e-15
5.770442338494748e-15
5.523588643199456e-15
5.1786964952034955e-15
4.851797105702722e-15
5.00555260458083e-15
5.181879067698188e-15
5.2836849167355885e-15
5.158422949882097e-15
4.950509373938555e-15
5.165679503782949e-15
5.1784633764788905e-15
4.567861668586273e-15
4.6727341430869024e-15
4.6964091896003554e-15
4.587675577179876e-15
4.837542190405835e-15
5.051848927028169e-15
4.75775786282412e-15
5.265066641891527e-15
5.151653158070499e-15
5.831641138858179e-15
5.41765376904808e-15
5.30957521208497e-15
4.803245092366103e-15
4.909917188354459e-15
4.923545572477282e-15
5.165710262072105e-15
4.8704903864065326e-15
5.050677349770854e-15
5.3868797839801824e-15
5.2375474142937925e-15
4.866609802808543e-15
5.325585368385803e-15
5.4409290374975116e-15
5.278723706905127e-15
4.960861119459493e-15
5.466767674782462e-15
Acceptance rate: 0.30460000000000154
Sampling time (10 samples): 5261.5232 seconds
