/scratch/users/yanlan/TroubleShooting/SMslope/Output/AM_PM_ET_167_414_00
5.0040769365823564e-08
2.1874771313074024e-08
1.0791151688029475e-08
4.90307626140688e-09
2.7654475986608714e-09
1.3893066143151992e-09
6.526114137062645e-10
2.961645787849504e-10
1.7265367646961563e-10
1.0525516441173355e-10
6.459807861842218e-11
4.639269394683288e-11
3.0645611255201057e-11
1.9794382604592148e-11
1.395199163904376e-11
9.060277654451228e-12
4.7139631585860984e-12
2.9220749002664764e-12
1.9983978510610288e-12
1.3755466863589117e-12
9.410148944399422e-13
6.433322504865593e-13
4.594283706595043e-13
3.4296645348760255e-13
2.6248683633671225e-13
2.1750529037330125e-13
1.4580939790724057e-13
1.0678474358072132e-13
7.762536921844086e-14
6.469997968290794e-14
5.470590182448447e-14
4.384142319866665e-14
3.378373907122414e-14
2.870905143784351e-14
2.4005264468215097e-14
2.076214672517495e-14
1.8432272694102742e-14
1.656445838808049e-14
1.3634517646105599e-14
1.2574997527939782e-14
1.0206315134170399e-14
9.033528322986474e-15
7.726078000522048e-15
6.741690452313911e-15
6.590152411197163e-15
5.032367412772806e-15
4.019754301389713e-15
3.6356646187320855e-15
3.611192485699333e-15
3.4530457470566006e-15
2.802470222142619e-15
2.507176091297902e-15
2.3716170171437108e-15
2.2449362672322717e-15
2.492918858869807e-15
2.304298760571104e-15
2.1162005146744713e-15
1.8894876022607763e-15
1.642304560818476e-15
1.8729115972264704e-15
1.7406227689862457e-15
1.615848845221339e-15
1.3968227842057155e-15
1.2403190351929571e-15
1.1409336097267044e-15
1.2413359781706275e-15
1.183868151137775e-15
1.08243074408559e-15
9.48654810009653e-16
9.174380102583765e-16
8.89310639133558e-16
9.040255057781226e-16
8.337030861871601e-16
7.977201080521143e-16
7.213973468780595e-16
7.01869904744006e-16
7.16849790812706e-16
6.164759654275721e-16
6.444276932594076e-16
6.592322804169928e-16
5.379524252160279e-16
4.510253561606153e-16
4.010985267515756e-16
3.539032610918042e-16
3.787785203580456e-16
3.872618222635692e-16
4.86665732236775e-16
4.497147423573822e-16
3.9996800281618263e-16
3.685903209540268e-16
3.5592396249295843e-16
3.3270204215921494e-16
3.1863423248692147e-16
3.1541294404890284e-16
2.6765270711366013e-16
2.4074617122750935e-16
2.882747243799281e-16
2.9577696391254385e-16
2.439602775857844e-16
2.296507072015092e-16
Acceptance rate: 0.26299999999999996
1.2114230797496061e-16
1.2551596350005394e-16
1.3047073980291969e-16
1.3466170057819244e-16
1.2802165125120203e-16
1.1431580424017287e-16
1.2361220520263083e-16
1.0781612790704575e-16
1.0705787236138551e-16
1.0637588417615521e-16
1.0009777431770418e-16
9.390419535464602e-17
9.142877680393617e-17
8.768087615250195e-17
9.393274520339738e-17
9.804754963597293e-17
1.0401176563364747e-16
9.095923074851177e-17
9.057518157839639e-17
9.418657346779578e-17
1.0044752874843936e-16
9.137089336419787e-17
1.0083072650515153e-16
9.98658258088166e-17
9.975094532299228e-17
1.0301750353739134e-16
1.0398844833269412e-16
9.966169889513757e-17
8.602722978082194e-17
8.467273201654826e-17
8.213362770915516e-17
7.887580974388809e-17
8.489524377662642e-17
9.838287877780164e-17
8.223166093614001e-17
7.11108913832989e-17
6.71493224341944e-17
7.232899348221588e-17
7.827267203970003e-17
7.493048423399729e-17
7.202612201150389e-17
7.731366587485029e-17
7.148890274611003e-17
7.71792830638484e-17
7.481921514090389e-17
7.011003536138094e-17
6.805861675357076e-17
6.368888906190784e-17
6.684243317261769e-17
6.336259827009878e-17
6.78646106134335e-17
8.050997952625295e-17
8.581059039018781e-17
9.609409009904084e-17
1.2163870951101436e-16
1.1960935966827088e-16
1.2979796969646127e-16
1.1607939167029722e-16
1.1281869426095112e-16
1.2344588556831208e-16
1.0708543965350197e-16
1.0160029517504089e-16
8.834712948674997e-17
8.941956940278471e-17
8.310396929054587e-17
7.510238683876723e-17
8.622827267991861e-17
8.335741318641712e-17
7.130249817515702e-17
7.629100854830599e-17
6.334766447890706e-17
7.65323407989179e-17
6.582075173901975e-17
6.74536010987805e-17
6.745943582222556e-17
6.456535604689519e-17
7.147281994418353e-17
6.364091335890284e-17
6.532837610544332e-17
6.214759752618598e-17
6.206420442776398e-17
6.751857790477318e-17
7.263808105287858e-17
7.136520354712687e-17
6.929136148628994e-17
7.036442572265261e-17
7.080257940623514e-17
6.26773790568366e-17
6.179461293194178e-17
6.168342349555549e-17
7.183284683388299e-17
7.504046961050094e-17
7.130955365232566e-17
8.113299344406674e-17
7.845386000632567e-17
7.476472254654671e-17
8.207001759441427e-17
7.56931108956077e-17
7.484799163527897e-17
6.893122525041445e-17
Acceptance rate: 0.2817499999999999
3.7502768192885475e-17
4.335718256222719e-17
4.107094290721253e-17
4.0525415526473845e-17
3.912320536562051e-17
3.874824947147498e-17
3.7486075582057405e-17
3.297799400361476e-17
2.907539885813215e-17
3.025088296483196e-17
2.905624595560066e-17
2.704328686468184e-17
2.4575926158495873e-17
2.7409314468329818e-17
2.6796575429903025e-17
2.805996983991041e-17
2.998022019580891e-17
3.8565017427199263e-17
3.51379068232592e-17
3.6077593822136394e-17
3.6651657904415847e-17
3.716776007856467e-17
3.730769924999922e-17
3.606367018091392e-17
3.31489119161231e-17
3.529057399811098e-17
3.440573075306132e-17
3.7225230664566593e-17
3.501975254619722e-17
3.484951924508723e-17
4.0872057301548165e-17
4.418874446537791e-17
5.0225700613002876e-17
4.86560092734823e-17
4.266975974639886e-17
5.115275215823963e-17
5.082923491823905e-17
4.6410078649739517e-17
4.804370524092152e-17
4.7760324336541054e-17
4.297507102974891e-17
4.5301481333671385e-17
4.530857629066585e-17
4.650858473093972e-17
4.976004669899698e-17
5.2216388265133366e-17
5.649026927981471e-17
6.220371156531347e-17
5.538595233691876e-17
5.604625872485782e-17
4.9381313508802726e-17
5.548918809505821e-17
5.4690588101445427e-17
5.212732699785295e-17
5.3583234194060814e-17
6.235782842503894e-17
5.92117788095206e-17
6.002537512336156e-17
6.085114145176748e-17
6.547816095094223e-17
6.448257506504625e-17
6.884397596413554e-17
7.490396306325037e-17
7.296048875709906e-17
6.734142692865024e-17
8.483289581118159e-17
7.935376383254977e-17
7.975263236921322e-17
7.385225716183852e-17
8.245019252314436e-17
8.40965310281114e-17
7.980709529582449e-17
8.198451225597095e-17
7.830665531155424e-17
8.381547226101758e-17
7.45079428932015e-17
7.230655921230904e-17
7.701152028176275e-17
7.317240654588071e-17
6.624010745919516e-17
6.686106624753102e-17
6.003273698704116e-17
5.67065305802656e-17
4.9705955464996735e-17
4.9967595894585353e-17
5.0114216835978257e-17
4.5623226792584306e-17
4.746492148498563e-17
4.414247581088906e-17
4.517965040994964e-17
4.8114369164783566e-17
4.4767196891895284e-17
4.2435018126254014e-17
4.2069232353265075e-17
3.996848121231413e-17
3.718502586392762e-17
3.453689526343147e-17
3.5444132693484824e-17
3.635624746662742e-17
2.9511412300991473e-17
Acceptance rate: 0.30150000000000005
1.6457326223195478e-17
1.632288240974944e-17
1.454459956973323e-17
1.6093910348070424e-17
1.6434933682597483e-17
1.6431140453946262e-17
1.7463878421440175e-17
1.7283982806732575e-17
1.630160439469857e-17
1.5589654884713817e-17
1.6867089028726798e-17
1.9438960096158318e-17
1.8792144403998667e-17
2.1598199702213753e-17
2.2133187879344598e-17
2.2676304386775388e-17
2.6252759160287235e-17
2.4233257736889282e-17
2.749487542694228e-17
2.777064064425182e-17
2.8285171078096713e-17
3.391291874969369e-17
3.27917270458799e-17
2.873490054334516e-17
2.903730035016263e-17
3.011440857829568e-17
2.7850030098198897e-17
3.4022437627172434e-17
3.528974622981897e-17
3.198998553143093e-17
3.587366205072723e-17
4.3803831322735254e-17
5.306857435175138e-17
6.021463225622736e-17
5.850519963587836e-17
8.196058059329422e-17
8.048653173347494e-17
7.628687730769605e-17
8.514074988445179e-17
9.401929652734454e-17
9.663744821099858e-17
9.493631327345051e-17
1.0108602593755213e-16
1.126624106026355e-16
1.1503574996555667e-16
1.2348342894041526e-16
1.244674215573612e-16
1.195588897492448e-16
1.1993873085688772e-16
1.2622426387183094e-16
1.3682273305676272e-16
1.4799629060822134e-16
1.4247825173877607e-16
1.3666634435616131e-16
1.323027807047863e-16
1.2070883736834336e-16
1.0611565082678642e-16
1.0840695893776339e-16
1.1833598098826214e-16
1.0179029122560098e-16
9.905543951325064e-17
9.4896149884463e-17
8.98379061247897e-17
1.1179901723140114e-16
1.0525368021790351e-16
9.058633851189964e-17
8.489969459904844e-17
8.686399233424879e-17
8.609086750770354e-17
9.192177165996845e-17
9.198356649333962e-17
7.803342183234293e-17
8.06353529782497e-17
8.733143142010853e-17
8.819466163620349e-17
9.566287258792975e-17
9.671713138106185e-17
1.050672023609238e-16
1.2513435153624186e-16
1.2749704241614846e-16
1.298874327654191e-16
1.1769224598345703e-16
1.207208415172791e-16
1.0604379810748366e-16
1.0032041527456005e-16
1.0086483047145298e-16
1.0267513102813576e-16
9.477594430094584e-17
9.885748144760166e-17
1.0251768317787626e-16
1.000010092228825e-16
9.578557791256773e-17
1.0726917542587617e-16
1.0396073310149798e-16
9.901514687540457e-17
1.0502878625251598e-16
1.0561703986792086e-16
1.1058806824449794e-16
1.0429195504828654e-16
9.745270952665949e-17
Acceptance rate: 0.2975000000000004
5.4858453208643674e-17
5.0963989848874215e-17
4.761930404884998e-17
5.2364458560588944e-17
5.100295202264523e-17
5.1046145375476174e-17
5.3709949594867285e-17
5.080602172835615e-17
5.1391331232094857e-17
5.751714197691508e-17
5.566362546381329e-17
4.875273430838705e-17
5.0405049550365973e-17
4.697104051510945e-17
4.968884138065439e-17
4.6279615611809727e-17
4.100788376206663e-17
3.5926991110803144e-17
4.499014983710958e-17
4.1722818713804246e-17
4.4229403322549706e-17
4.2088100572255854e-17
4.915413186102741e-17
5.84394941155747e-17
5.602456246483111e-17
5.468077371650255e-17
5.723855887050238e-17
5.405409622699387e-17
4.9081078878624206e-17
5.4347717806696926e-17
6.342583781246631e-17
6.497334024859152e-17
7.511469965333183e-17
7.39439102709182e-17
7.969713343285762e-17
7.46133448004863e-17
6.716507238473251e-17
7.035925280090544e-17
6.48138632494283e-17
5.890773415221219e-17
5.346812899919319e-17
5.302590958449464e-17
5.678304372933394e-17
5.3019824239725396e-17
5.530578458011411e-17
5.137137363602696e-17
5.1506439397874505e-17
5.3167183672735905e-17
5.415525527642809e-17
5.643537541579031e-17
5.306179177302084e-17
4.9612919288279915e-17
5.362489732138955e-17
5.60930938941543e-17
5.4011250918443387e-17
4.987043668179606e-17
4.977156238027345e-17
4.767557579939884e-17
4.386371766629103e-17
4.254195656953864e-17
4.501048794201791e-17
4.233010459235255e-17
4.045533376822724e-17
3.565326765448149e-17
3.28967844137471e-17
3.5008424328832934e-17
3.9064337418933494e-17
3.698972434016019e-17
3.232524849531893e-17
3.3734427821167405e-17
3.060912632432777e-17
3.223284501289782e-17
3.219219857401853e-17
3.239118495131416e-17
3.431322208122423e-17
3.608090013208988e-17
3.618089144407001e-17
4.2681895536320856e-17
4.4813392190519144e-17
4.676169591949322e-17
4.404447120332869e-17
4.199782254897212e-17
3.8938175428794743e-17
3.612744394314623e-17
3.4484451704446344e-17
3.343916281168876e-17
3.1127104546979354e-17
2.7927195969421976e-17
3.0778397391827063e-17
2.982510446714729e-17
3.1767369577938845e-17
3.291009636168694e-17
3.396490403476683e-17
3.486182404791614e-17
3.4324596059742614e-17
3.992553998812944e-17
4.013428442710613e-17
3.9791544706353345e-17
4.2785017554174516e-17
3.993489650546083e-17
Acceptance rate: 0.30060000000000114
2.3268522174430095e-17
2.4225450174019684e-17
2.5283678545092626e-17
2.4263088864958334e-17
2.5114574634169757e-17
2.3394953668354284e-17
2.3240957901001812e-17
2.5273115403110504e-17
2.475622903577751e-17
2.1874591098137694e-17
2.0893651121348642e-17
2.2476316422805508e-17
2.3307968887151017e-17
2.3309901496423716e-17
2.7659790286237067e-17
3.0800855441628644e-17
2.9663653609397955e-17
2.7936865663897666e-17
3.288539224550891e-17
3.240164591239525e-17
3.227981492906299e-17
3.345865491395935e-17
3.2934030596930555e-17
3.806922330406269e-17
3.731876699709209e-17
3.496900317336843e-17
4.0584125752463924e-17
3.9080966328092987e-17
4.0054050671440386e-17
4.0825147556092023e-17
4.5465125085417013e-17
5.093665339203127e-17
4.897946603025921e-17
4.8082049290097376e-17
5.212195409779992e-17
5.73364220675047e-17
5.519494288527102e-17
5.932549698972419e-17
6.011241851611004e-17
5.624663003005563e-17
5.388357408197857e-17
4.9185194137723274e-17
5.4678466027917493e-17
5.371101763522548e-17
5.23751297298264e-17
5.415788885276324e-17
5.8136604126183e-17
6.461939067105458e-17
6.060908769520956e-17
5.875519210365397e-17
6.04942781248478e-17
5.809424223223096e-17
5.862010381365311e-17
5.226771559980406e-17
4.388138087756327e-17
3.921847314619896e-17
3.842756248586326e-17
3.9228485531393334e-17
4.021294427043263e-17
4.053092019009568e-17
4.0411085290729777e-17
4.345658495649075e-17
4.489195213903257e-17
4.4784498144498165e-17
4.276943696355136e-17
3.906848434000911e-17
3.470361068809415e-17
3.684833806745557e-17
3.387596311978197e-17
3.549706354024863e-17
4.2721656322931847e-17
3.9257386876007133e-17
5.04291786147225e-17
5.1513620675773035e-17
5.458949150622733e-17
4.9261421844432713e-17
5.3044631811520103e-17
5.403339420890021e-17
4.90304184040038e-17
5.062390297259065e-17
4.434849598800312e-17
5.0087019046281425e-17
4.4982880350288556e-17
5.1576640903186614e-17
5.84979565394092e-17
5.64851233900035e-17
5.1611864355308724e-17
5.286356612117362e-17
4.712793131776993e-17
4.487524705892557e-17
4.7258132249972946e-17
4.454794850705288e-17
5.2439243648573974e-17
5.2922892066229413e-17
4.4565720646665926e-17
3.9659784118879244e-17
4.351992966678626e-17
4.6325596468962035e-17
4.661944781030836e-17
5.414518208342747e-17
Acceptance rate: 0.30600000000000255
3.125613573905933e-17
3.0564828285472234e-17
3.0126429239996537e-17
2.9466327176315256e-17
2.6852414428449638e-17
2.6264016497877786e-17
2.9708820038234223e-17
2.8377027204358017e-17
2.72510486721301e-17
3.1122662401626835e-17
3.078770132785508e-17
3.3629031308540036e-17
3.601785491533583e-17
3.775761584020949e-17
3.917996698493106e-17
3.7199370540677396e-17
3.606519463773074e-17
4.4804867860007953e-17
4.7044998915279735e-17
4.5032868593050265e-17
4.360502314705535e-17
4.625928493602645e-17
4.93899382439121e-17
4.851496303182288e-17
4.853303186748399e-17
5.4515288540586575e-17
5.842491273182598e-17
5.874865272393898e-17
6.616138221159674e-17
8.743721819370995e-17
8.694904874054025e-17
8.140727574830941e-17
8.029814804596386e-17
9.082159485439724e-17
8.828975472483339e-17
8.061786460698322e-17
8.172932194154368e-17
7.362241612750155e-17
7.554359188448478e-17
6.926820192852381e-17
8.219054220697159e-17
8.836803335344936e-17
8.465629116130651e-17
8.439518357247106e-17
8.587674993841407e-17
8.172665345907145e-17
7.847413557914566e-17
7.085790073679641e-17
6.401213748032167e-17
6.25566243429493e-17
6.469585106469999e-17
6.668280574200185e-17
7.400608043549406e-17
8.389769245863048e-17
8.632967746098759e-17
8.023095314229309e-17
7.279633856828128e-17
6.64155835756162e-17
6.526785486694384e-17
6.16759919020151e-17
6.246527166097269e-17
5.826401343117708e-17
5.4413754589439543e-17
5.976446391693832e-17
6.760333849353665e-17
6.244168645738705e-17
5.984717576860635e-17
6.621465603538368e-17
6.23444623625527e-17
5.631544375480889e-17
6.041622372101393e-17
6.190460848634183e-17
7.002016082852458e-17
7.443501160564518e-17
7.769794074215646e-17
7.130465316040309e-17
7.088827125160739e-17
6.74491999251211e-17
7.206473900263112e-17
7.807145717213571e-17
8.65902208219887e-17
9.218561214250939e-17
8.490527222606478e-17
8.538771399665555e-17
7.902676077802465e-17
7.344595333626663e-17
7.767504341797536e-17
7.414752363019907e-17
7.40377039800392e-17
7.357819486989214e-17
7.325030924582882e-17
6.611387701546279e-17
7.511118150710971e-17
7.293840908057427e-17
7.18162749352855e-17
6.409952633680366e-17
7.273053414041327e-17
7.475573960607811e-17
7.316711613999633e-17
7.369137643994963e-17
Acceptance rate: 0.30550000000000155
4.365189866167411e-17
4.210732850742298e-17
4.6522984277985985e-17
4.950727512695501e-17
4.940989125556267e-17
4.608897186658223e-17
4.392907941552112e-17
4.7808025529317174e-17
5.465808197057826e-17
5.727173633840458e-17
5.944219312201328e-17
6.046597927021237e-17
6.013355730658497e-17
5.729651498912698e-17
5.644809577020815e-17
5.786661919006197e-17
6.243787945528439e-17
7.801680094835139e-17
8.287021534037729e-17
9.005413906653051e-17
8.757072660779304e-17
9.408023127963038e-17
1.049807149824867e-16
1.209784626506666e-16
1.1312655952623056e-16
1.1468290193930554e-16
1.231495612559795e-16
1.2359151635451226e-16
1.2178827505264864e-16
1.1580225605210962e-16
1.1240940759058775e-16
1.110141996043909e-16
9.874479062249103e-17
1.0096904914611295e-16
9.848480521328173e-17
1.0920161490922634e-16
1.1281408375648338e-16
1.0031078270686138e-16
9.733528192049263e-17
9.584651643806834e-17
8.615673384269911e-17
8.923458431162566e-17
1.0486811164737258e-16
1.1183686405075175e-16
1.2580791846151726e-16
1.2332990778870358e-16
1.336256572546041e-16
1.3154457887121457e-16
1.3569166083906462e-16
1.3151147537073405e-16
1.3165648611995896e-16
1.285567750532281e-16
1.2578892577766634e-16
1.2042449732577558e-16
1.2393462985577022e-16
1.2663954483144728e-16
1.1423451231641803e-16
1.3727806077769499e-16
1.4114426257324772e-16
1.582845702021434e-16
1.3590425794928954e-16
1.1979551661676992e-16
1.1022365250478671e-16
1.027445269063276e-16
1.0611165253300496e-16
9.883115802192493e-17
1.0024973774574022e-16
9.47429177972119e-17
8.307515462463896e-17
8.358810137628701e-17
8.802464028628889e-17
8.526687737949843e-17
9.26026017935202e-17
1.0301070639984613e-16
1.1435173807713119e-16
1.0615384295765091e-16
1.040033983881996e-16
9.923094721915697e-17
1.0188927036955175e-16
9.680500424967323e-17
9.128567965437864e-17
9.03816733537281e-17
8.555186449094646e-17
7.441829977570585e-17
7.171223091242469e-17
8.241514703879328e-17
8.109880155557823e-17
8.319324744884346e-17
8.742637480322361e-17
8.75442366246306e-17
8.916533267789121e-17
8.397825136379673e-17
7.453712021506128e-17
7.24991434339583e-17
8.012531614480735e-17
8.103466370803176e-17
8.205941582375776e-17
7.393563230913736e-17
7.404906747952256e-17
7.28977661626251e-17
Acceptance rate: 0.3055625000000027
4.318489686965908e-17
4.094368226472106e-17
4.483237864916707e-17
4.4050098084778377e-17
4.293663055707379e-17
4.732668404292612e-17
4.289993693674314e-17
3.570377939332077e-17
3.6537496147892845e-17
3.9429922525168375e-17
4.118474973603438e-17
4.2475589836378096e-17
4.5106629534125507e-17
4.4443186382619247e-17
4.546722985176641e-17
5.043562307885031e-17
5.0623341888554534e-17
5.094508902740816e-17
4.973517888507355e-17
4.925843831856172e-17
5.054122275935897e-17
5.027070700525456e-17
5.827569746394633e-17
5.938153449727202e-17
5.719669897846466e-17
5.870447583108983e-17
5.904799055079023e-17
7.129362461373967e-17
7.628080959206699e-17
8.75977322758928e-17
7.711737788256372e-17
7.881161772606172e-17
8.730625018069288e-17
8.377462642473132e-17
7.735605113237513e-17
8.361021989295539e-17
8.521563574258161e-17
9.195322446862569e-17
8.926755402740497e-17
9.136740068184754e-17
9.52159362180586e-17
9.263843898815903e-17
9.624002942817027e-17
9.24471373583803e-17
9.744783610934349e-17
9.170890032811986e-17
8.854198649683035e-17
9.459631891471917e-17
1.0345760393270425e-16
9.788377097096105e-17
9.274005210860344e-17
8.460090279351982e-17
7.707391514361905e-17
7.708490806085675e-17
7.843403358674328e-17
8.615335598270162e-17
1.0369935820838006e-16
1.1087932413688826e-16
1.041768051651238e-16
9.148197702974427e-17
9.195332784250828e-17
9.28568200404764e-17
8.846373336835832e-17
9.103704127489663e-17
9.303458425253135e-17
9.10800123079999e-17
8.775613346730946e-17
9.930771987909194e-17
9.328288549088637e-17
1.0177186481425671e-16
1.0846893345490398e-16
1.3727397153622046e-16
1.353153778947105e-16
1.3685979469227035e-16
1.2369567805125044e-16
1.3677010806955862e-16
1.422350339536056e-16
1.3845269963974521e-16
1.1925117418056847e-16
1.4696383531084613e-16
1.4264951772372085e-16
1.5025867755107943e-16
1.4890734600353328e-16
1.3974899267650056e-16
1.460925829997933e-16
1.6978801566323323e-16
1.9206598809975302e-16
2.0547222793342952e-16
2.0839144146398395e-16
2.2076851478704964e-16
2.1723361139248637e-16
2.137696130662417e-16
1.955623544159212e-16
1.837069741770062e-16
1.8282007523158505e-16
2.004801603487573e-16
1.906185860816668e-16
2.0092201254867548e-16
1.9492766457228454e-16
1.860321656567134e-16
Acceptance rate: 0.3042777777777797
1.1271890326336454e-16
1.3700589510453423e-16
1.2907588167598848e-16
1.4073826852680708e-16
1.407323317055203e-16
1.3960466179203265e-16
1.285615217067451e-16
1.1363355503602248e-16
1.2287775737828734e-16
1.2086385755221584e-16
1.6383805538737525e-16
1.6995828359670704e-16
1.61461591755356e-16
1.5650562784080906e-16
1.5606026896958384e-16
1.4883503611967054e-16
1.71498612857713e-16
1.9493133572511776e-16
1.7505968019886684e-16
1.8843863429359013e-16
1.8435093824186701e-16
2.1201983558712005e-16
2.5458785111301105e-16
2.8814694924450635e-16
2.8528086835325485e-16
2.786516372029465e-16
2.9679679686911993e-16
2.8721165052345135e-16
2.9565799662457874e-16
3.3752390358449994e-16
3.8780538310553967e-16
3.5592896884104356e-16
3.5372321015077027e-16
3.724144582694445e-16
4.145273837683931e-16
3.785842686237568e-16
3.8968297074437897e-16
4.1768399187622e-16
3.9436554686484628e-16
4.2816698311871146e-16
4.044435585770775e-16
4.0362275058777556e-16
3.835971649778295e-16
3.5659714043795185e-16
3.5137932563417827e-16
3.2221771761760196e-16
3.8495316006330865e-16
3.917278184945707e-16
4.109194463361566e-16
4.132207714905431e-16
4.0906554641581617e-16
3.840203251992206e-16
4.146123093672961e-16
4.391739490893368e-16
4.3455257883637584e-16
4.1087459553705426e-16
4.1328188642936393e-16
4.322419535623313e-16
4.709147201044964e-16
4.816351879715701e-16
4.672980860203983e-16
5.447973229944896e-16
5.777927740478587e-16
5.889759523199857e-16
6.118807575810115e-16
7.161173804727603e-16
7.00282208537876e-16
7.481415408602224e-16
8.440697546600131e-16
8.269112416236704e-16
8.497162861911699e-16
8.79777425738045e-16
8.320947117651473e-16
7.872648793895055e-16
6.947482747345052e-16
6.400739580016949e-16
6.11053122693343e-16
5.758320155450411e-16
5.808870018882027e-16
5.92673263240893e-16
5.616488149474745e-16
5.730718103564133e-16
6.482121589888126e-16
5.605539981363261e-16
5.328931936759493e-16
5.490761634917001e-16
5.256205739384236e-16
5.212926035862573e-16
5.47350303323845e-16
5.098417462579695e-16
5.361819807146726e-16
4.915823654997621e-16
4.956402915032882e-16
4.4317237854108057e-16
5.009903243229681e-16
4.485193373038225e-16
4.254651054548715e-16
4.0118234568803064e-16
3.975248648247848e-16
3.636231202047344e-16
Acceptance rate: 0.30255000000000043
Sampling time (10 samples): 5730.2454 seconds
