/scratch/users/yanlan/TroubleShooting/SMslope/Output/AM_PM_ET_164_282_00
4.968488645731471e-08
2.348619659125614e-08
1.2659584930491555e-08
6.8981443183412706e-09
3.624031958593957e-09
1.9466752659135747e-09
1.1397880029715068e-09
7.809127418022421e-10
4.675343084492456e-10
3.0152199891224827e-10
1.944821075369473e-10
1.2089618140732762e-10
7.7200785427274e-11
5.25629184817628e-11
3.638041513091184e-11
2.322677408667325e-11
1.678403514021775e-11
1.1728365497400305e-11
9.338680741177304e-12
6.2812756574496076e-12
4.76425450188995e-12
3.5532248963622508e-12
2.592795247369508e-12
2.0268626614386126e-12
1.7318394849820403e-12
1.2577810930153323e-12
9.373752826130994e-13
7.12880403012745e-13
5.620270487511185e-13
4.3209931362900314e-13
3.5063722992398316e-13
3.024213748658359e-13
2.5282806465554436e-13
2.0743636512696257e-13
2.0545091065294295e-13
1.8026177312938978e-13
1.563502044136514e-13
1.4325530932381424e-13
1.2070870592755032e-13
1.0376875531089574e-13
8.654336915120437e-14
7.456394442407346e-14
6.916880696912919e-14
5.6769741499134493e-14
5.46014794006501e-14
5.040985294275471e-14
4.19663680353928e-14
3.5388302192793135e-14
3.437665179400646e-14
3.255100885587108e-14
3.0933111694065127e-14
2.6418287842587573e-14
2.3711320346896916e-14
2.253934662516349e-14
2.471958448344531e-14
2.3414659048784034e-14
2.1977513197998806e-14
2.3041839696339088e-14
2.2247890459760408e-14
2.0745801673687357e-14
2.2043065148972255e-14
2.0348437179054083e-14
2.2572395632373084e-14
2.2065588466940673e-14
1.8098452268104477e-14
1.833299948972596e-14
1.7254293226533254e-14
1.475339166628426e-14
1.4294296985046227e-14
1.488286139787901e-14
1.471121293265115e-14
1.3202187957776211e-14
1.1849545791820009e-14
1.1855438162879207e-14
1.0451310359522739e-14
1.0947316306222329e-14
9.095384077931528e-15
1.045419515467994e-14
9.709504331977896e-15
9.288024726695296e-15
8.019077460420882e-15
7.99461412629027e-15
7.512774920409444e-15
6.8911311330573245e-15
6.505750252216269e-15
6.189507123149356e-15
6.0771224274566414e-15
5.949084198214919e-15
5.836781368811842e-15
5.923501697432744e-15
5.806665590229429e-15
5.625296201211048e-15
5.410851691758864e-15
4.734157318127949e-15
4.653099902381113e-15
4.578864841390593e-15
5.034225770523521e-15
5.046403187967272e-15
5.664808356721367e-15
5.86172623615988e-15
Acceptance rate: 0.36699999999999994
3.065783859301244e-15
3.190458405788133e-15
3.2453349738700322e-15
3.2198988079527106e-15
3.845721388855409e-15
3.864290597527198e-15
3.3599426959751917e-15
3.078900796626469e-15
3.0458151690423737e-15
3.086093516574854e-15
2.8295246540981437e-15
3.0480926388261897e-15
3.2075827494674186e-15
3.161640558262257e-15
2.9527844822557685e-15
2.546986063481191e-15
2.397154507787231e-15
2.3912084563883218e-15
2.044513933404336e-15
2.0813808034801164e-15
2.180929150605542e-15
2.5501045967677913e-15
2.6492363147522652e-15
2.7040738468649747e-15
2.656976043881937e-15
2.418527847149294e-15
2.198872635855955e-15
2.492218869907923e-15
2.507892658551506e-15
3.0759804786432964e-15
2.678442979234011e-15
2.6821273157736203e-15
2.774263823537373e-15
2.6258363166973742e-15
2.6289331763546187e-15
3.094402938186643e-15
3.201816313205718e-15
3.605573330420759e-15
3.78030380152511e-15
3.772189836158204e-15
3.350012721341249e-15
3.599627863683097e-15
3.719128781630278e-15
3.599226092211246e-15
4.21129126860916e-15
4.119254866689079e-15
4.457803976156553e-15
4.875643477650772e-15
4.244050175467954e-15
4.13089556035262e-15
4.511957778961308e-15
5.1249484141559875e-15
5.242451619966465e-15
5.9369190692753236e-15
6.463707104045554e-15
5.950484455971008e-15
5.67295236387354e-15
5.850282446959442e-15
5.243165674012116e-15
5.3266701315225775e-15
4.864158349974493e-15
4.900656931566468e-15
4.6712897899225814e-15
4.5995956870321704e-15
5.595499850015532e-15
4.996748991317339e-15
5.672223665380695e-15
5.8670248374479e-15
7.098246508635627e-15
7.133264301789453e-15
6.379827815281489e-15
5.931478168164954e-15
5.982313318755463e-15
6.3729411386356315e-15
7.00835438259459e-15
6.936099482221665e-15
6.7619900428244976e-15
6.52081104844321e-15
6.1849988829315494e-15
7.138813608796475e-15
7.597839976453373e-15
6.689897400851069e-15
6.960341777296981e-15
7.117909702784573e-15
7.590065752816475e-15
7.974791319219793e-15
7.467621098594962e-15
6.5711750032997355e-15
6.138728641055997e-15
5.96245653865921e-15
6.263732847327854e-15
5.834120345956606e-15
5.723975783177177e-15
5.4613267106883645e-15
5.350524418662798e-15
5.464344065781046e-15
5.795425796240329e-15
5.887967714959196e-15
5.298755177078542e-15
4.7705745956062756e-15
Acceptance rate: 0.34525000000000006
2.644041017526914e-15
2.6026597573682808e-15
2.5808311185530283e-15
2.3984179968340827e-15
2.6143558025224767e-15
2.812551525971485e-15
2.631357058565762e-15
3.0600074716539008e-15
3.2614932891602e-15
3.290975380807492e-15
3.2601668225482204e-15
3.1582647748304546e-15
3.1000780162956382e-15
3.05974052741245e-15
3.574109999594895e-15
4.099370453819826e-15
4.237033451051123e-15
4.237618690235153e-15
3.8221241780858455e-15
3.601128616449253e-15
3.9548901562085994e-15
4.302878621856174e-15
4.046453526826848e-15
4.118693059694627e-15
3.6745753338108465e-15
3.3294712661781896e-15
3.506536170509383e-15
4.150774968172764e-15
4.721937490502477e-15
4.570511403437968e-15
4.830200843586192e-15
4.3579140825413705e-15
4.336893940665119e-15
4.104247650704666e-15
4.097838289893502e-15
4.158558897780222e-15
4.209393886102356e-15
3.967693474496426e-15
3.6573665404795576e-15
3.4225049147994067e-15
3.4536633211374597e-15
3.2658846273149006e-15
3.1878804256335736e-15
2.9248566852244737e-15
2.7231298996762986e-15
2.902660622771598e-15
2.9781776863682097e-15
2.830549775945189e-15
2.631661602992122e-15
2.6517159147603618e-15
3.0396525366702906e-15
3.692490774761672e-15
3.750180469778653e-15
4.321480144053178e-15
4.634072734634094e-15
4.7429372844624065e-15
5.702862465588256e-15
5.2558955256268645e-15
5.256711108679622e-15
5.248305994541738e-15
5.50452710630883e-15
4.984295530245725e-15
5.127986716548653e-15
4.761658721630825e-15
4.779605877330171e-15
4.892816288680007e-15
5.350611981899651e-15
6.355534698677564e-15
6.125155114964641e-15
6.240364279113699e-15
6.457802258854329e-15
6.826115652417871e-15
7.056583436420022e-15
7.586617835048564e-15
7.093541777248789e-15
7.475562820589228e-15
7.695573353575099e-15
7.754211305304314e-15
7.139135023065445e-15
7.188092055829622e-15
7.01458372311086e-15
7.107304658016599e-15
8.40758614705971e-15
7.884818889620443e-15
7.184737293257091e-15
7.229044015864267e-15
7.157267907437736e-15
7.318629099070845e-15
7.53583042857392e-15
7.538290179400239e-15
7.813074086305099e-15
7.581744114704687e-15
8.210229085998385e-15
8.449260608985943e-15
7.860334399241672e-15
8.23823133457149e-15
9.907035949295603e-15
1.0694519725645117e-14
1.0330366484841835e-14
1.1079440372666716e-14
Acceptance rate: 0.3190000000000005
6.329940138396327e-15
6.420843033043916e-15
6.705435017813698e-15
6.796836582793123e-15
7.827443624909168e-15
7.568361548414023e-15
6.739794832059009e-15
7.02385899590321e-15
6.6839974845015995e-15
6.280856152419893e-15
6.618327296576766e-15
7.125933625934565e-15
8.373353784919249e-15
8.581459301919154e-15
7.702963268328387e-15
7.342223499501619e-15
6.081905210102847e-15
5.9168727448171315e-15
5.524570904877314e-15
6.169194197796305e-15
5.838011747926048e-15
5.53793746418289e-15
5.806693130833414e-15
5.210277478281871e-15
5.0796575092950114e-15
5.0483073406593085e-15
5.533333037031378e-15
6.167801752261143e-15
6.30071222392236e-15
6.8422163520768886e-15
7.003155993932444e-15
7.119949667338503e-15
6.804794818802221e-15
6.423348362804709e-15
6.292129720939769e-15
6.7187015851445215e-15
6.881293043510754e-15
7.252645539413041e-15
6.675548058197765e-15
6.011953361505289e-15
6.299719728693953e-15
6.803837402224787e-15
6.915768686580589e-15
7.940771601350467e-15
7.75291299068998e-15
7.836315772869405e-15
8.269317104248166e-15
8.823150209281679e-15
8.69860244238278e-15
8.376560953939231e-15
8.043517028294171e-15
8.102322398629187e-15
7.458561694565707e-15
7.816932705071817e-15
7.769366152713475e-15
8.05678743246437e-15
7.951491104660726e-15
9.00198473337222e-15
9.30617072694718e-15
1.0340841052052081e-14
9.570834513819485e-15
9.05500156695972e-15
9.02767226922654e-15
8.587962670239544e-15
8.639202940619038e-15
8.797548086021698e-15
9.331965191103428e-15
9.060642015298317e-15
9.315221760793096e-15
9.323381219751933e-15
9.009675100182359e-15
1.0639170331459661e-14
9.602808575339709e-15
9.832368614475655e-15
9.15612999579289e-15
9.42985795554011e-15
9.14858368479032e-15
8.115779310188912e-15
7.449663613877174e-15
9.087876985100599e-15
8.002936989769834e-15
8.907790472298012e-15
9.476145230341462e-15
1.0901057139051155e-14
1.0985963163447876e-14
1.0040797046139803e-14
9.322643950046438e-15
8.467597359425942e-15
8.373690769097013e-15
8.048988556164871e-15
7.681604031828364e-15
7.382973289622433e-15
6.6500977822706006e-15
6.0895403685774005e-15
6.19025183491209e-15
6.033823054757982e-15
6.838034961496276e-15
6.827363406462471e-15
6.649035572448878e-15
6.300065598533158e-15
Acceptance rate: 0.3141250000000016
3.648841390109832e-15
3.303544748347031e-15
2.8970754703717883e-15
2.7627886455447983e-15
3.2243782981172944e-15
3.2333277322747096e-15
3.1651311415582855e-15
3.0761373402325617e-15
2.992378108584542e-15
3.213324630996649e-15
3.270836496829554e-15
3.094239239139673e-15
2.8700600151926386e-15
3.491824377985912e-15
3.558172960731086e-15
3.119040611113291e-15
2.9448927769327766e-15
3.0806351105133915e-15
3.4722706157674538e-15
3.704558826944765e-15
3.7907190392838906e-15
3.866731730013268e-15
4.326309203662202e-15
4.052005624648697e-15
4.392331462843102e-15
4.327254316274044e-15
4.426832108856527e-15
4.892668921787416e-15
4.709519680470711e-15
4.7242896452439136e-15
5.7196310196123064e-15
5.496724352812486e-15
6.0320105985705e-15
6.7199326280253145e-15
6.714734053035279e-15
6.177849578622822e-15
6.110003382800786e-15
5.774102185480594e-15
6.038848463564781e-15
5.2197036584805475e-15
4.873837354635161e-15
4.4604373497420315e-15
4.0112220161923926e-15
3.7880896506127955e-15
3.848296907689201e-15
3.846238253853637e-15
3.633638369803525e-15
3.518651554146566e-15
3.5210570603451044e-15
3.5202344348044544e-15
3.803689055708559e-15
3.975021215215183e-15
3.4032159238310127e-15
3.5315739597788724e-15
3.616843833561899e-15
3.436173853185698e-15
3.0949709277038007e-15
2.8669697199427032e-15
3.033704367074001e-15
3.3361092766356224e-15
3.4857802500898354e-15
3.588195677647421e-15
3.770323469752675e-15
4.1557793737083736e-15
4.316590805829694e-15
4.33120510580025e-15
4.499074831560559e-15
4.131609414704494e-15
4.029838007037844e-15
3.680702254673836e-15
3.588196854442756e-15
3.4758783283331443e-15
3.219321533625046e-15
3.851756847752534e-15
3.779474303641645e-15
3.796195794575876e-15
3.650645215884642e-15
3.70494985151052e-15
3.73253161646876e-15
3.923280176279027e-15
4.183141839374728e-15
4.079736655376407e-15
4.1626655953379136e-15
4.305204563063324e-15
3.814431798913633e-15
4.0265056252266705e-15
3.798882223690564e-15
3.786683514421335e-15
4.271678271714568e-15
4.171015096195562e-15
4.372820509054602e-15
4.345143492169335e-15
4.291137330898723e-15
3.9041574813522776e-15
3.9133709297370795e-15
3.7323713707415435e-15
4.087175754936133e-15
4.371548400000857e-15
4.48103843504045e-15
4.342448609503905e-15
Acceptance rate: 0.307600000000002
2.5201775945601433e-15
2.934021149746716e-15
2.9656869319890028e-15
2.8840759775005168e-15
2.7609364710340405e-15
2.6269943082482623e-15
2.6654986998432386e-15
2.7437363242097055e-15
2.7916379380115425e-15
2.911028893850843e-15
2.7856542466234227e-15
2.6351756896783313e-15
2.8623363601600908e-15
2.7482995238596943e-15
2.6025634638386835e-15
2.778547689659591e-15
2.9592473139565975e-15
2.8399725296605557e-15
2.940835733451127e-15
3.0467337363888967e-15
3.574861212867399e-15
3.6353636524825e-15
3.492881915364533e-15
3.4607439744687716e-15
3.339735730697825e-15
3.362390595645124e-15
3.780295157047774e-15
3.8213999765650426e-15
4.21967293814661e-15
4.243270613905331e-15
4.751783177863952e-15
5.083281799221792e-15
5.7811556971346665e-15
5.595270292636334e-15
5.371545053513625e-15
5.244853371113e-15
4.634616725737029e-15
4.277920708493135e-15
4.497887165229731e-15
4.215242141463813e-15
4.078398731125944e-15
3.63045874954839e-15
3.2697321345727612e-15
3.452206418004957e-15
3.827472189091659e-15
4.252859352107219e-15
4.056778400716821e-15
4.153767603479576e-15
4.215264786341653e-15
4.548985841372335e-15
4.5629494752651336e-15
4.383508325642035e-15
4.1077788117190605e-15
4.217137324583577e-15
3.967888740601926e-15
3.3731652711984328e-15
3.118964887020044e-15
3.1831188928379478e-15
3.235090860697214e-15
2.8820177080098497e-15
3.101007669184972e-15
3.1870479097993615e-15
3.2635406968857022e-15
3.532510760355423e-15
3.5278554227106867e-15
3.5115545461230528e-15
3.312807227200895e-15
3.316112129886132e-15
3.489685044569169e-15
3.329191820352442e-15
3.0916854683181777e-15
3.133343416166918e-15
3.186222674702326e-15
2.9013025132680637e-15
3.0657741440613204e-15
3.263522713759712e-15
4.4050773384962685e-15
4.950782477665492e-15
5.077778326137163e-15
4.891426516968826e-15
4.490670073621017e-15
5.082943932873355e-15
4.764884959320111e-15
4.68043606789093e-15
4.5015536032117676e-15
4.4758291573355585e-15
4.369753854376178e-15
4.460394246526889e-15
4.404995170901176e-15
4.517679937113205e-15
4.763949120527401e-15
5.163465948896041e-15
5.640503944021754e-15
5.251786452332899e-15
5.3887061723497546e-15
5.1923037752000974e-15
4.848338447581064e-15
4.406434536173379e-15
4.1746966395248056e-15
4.402983350011279e-15
Acceptance rate: 0.3075000000000031
2.5436129316940167e-15
2.3230619831917442e-15
2.1884198101723375e-15
2.2864884286192975e-15
2.3888189154058873e-15
2.377946622823116e-15
2.741412508632595e-15
2.6005375218344833e-15
2.8277108026282745e-15
3.1111481502963794e-15
3.879958094089029e-15
3.570064220662562e-15
3.68709024086832e-15
3.8731475900475445e-15
3.847801790546044e-15
3.593300946006906e-15
3.809728753806682e-15
4.065396010610585e-15
4.4165355347037786e-15
4.633711501775612e-15
4.530180321244127e-15
4.329313523486182e-15
4.1160169735440246e-15
4.196748571458865e-15
4.009463517153212e-15
3.491684084299206e-15
3.75969087118121e-15
3.776061964668117e-15
4.0233652841495415e-15
3.865474369182279e-15
4.255768099385543e-15
4.723741747474382e-15
4.902315960419275e-15
4.4713464311342505e-15
4.728637983042459e-15
4.3037783828958715e-15
4.72605455704889e-15
5.746867071136418e-15
5.504195967467024e-15
5.576639818762645e-15
5.6769230185987434e-15
5.997311880286987e-15
6.4021511852048434e-15
5.968402936737152e-15
5.742233507774199e-15
6.305557969532698e-15
6.749558985096082e-15
6.8766956474077714e-15
6.495293715074843e-15
6.2519825592437914e-15
6.69153398342295e-15
7.02636875883483e-15
6.682363378718281e-15
7.086121463937794e-15
6.7865551839421214e-15
6.776750297259721e-15
6.7530983869644304e-15
6.561170835231536e-15
5.838233507056176e-15
5.351864765071759e-15
5.365090371307123e-15
5.032426662741042e-15
4.80073708748577e-15
4.8290453754772284e-15
4.59607259978895e-15
4.591111667752791e-15
4.361905893704288e-15
4.06044857938546e-15
4.094511668063247e-15
4.079952565179592e-15
4.5077342652265605e-15
4.978216113404959e-15
4.543260246682697e-15
4.31997889193798e-15
4.3039174614559576e-15
4.349384064952202e-15
4.865224294010113e-15
4.567836203843647e-15
4.465817167694761e-15
4.77326781724015e-15
5.014827146250583e-15
5.0933747893674835e-15
5.197765860846225e-15
5.6125655471591774e-15
6.0276283083173715e-15
5.311844645982386e-15
5.46037570578798e-15
5.431237451858545e-15
5.633025234907109e-15
6.352899876318017e-15
6.469358806144651e-15
6.095827768921218e-15
6.205872646827855e-15
5.74809035715702e-15
6.23750561117948e-15
6.2824007140354404e-15
5.904840559350009e-15
5.433910824021347e-15
5.889388905044449e-15
5.7928254590025745e-15
Acceptance rate: 0.30821428571428905
3.4702935395324772e-15
4.2795407341507265e-15
4.552655059480239e-15
4.1412288905320755e-15
3.805278700340609e-15
4.296955412037481e-15
4.3031292390372634e-15
4.3745030881364895e-15
5.396609584241167e-15
5.625451371809922e-15
5.287198961206324e-15
4.747317360508826e-15
4.497030940576158e-15
4.7606773127348076e-15
4.424329258653319e-15
4.824807376807675e-15
4.774666076233888e-15
4.3972252889398734e-15
4.000209290601579e-15
3.583686735439865e-15
3.5208159172548696e-15
3.755013237387826e-15
3.596763422706387e-15
4.594068617490558e-15
4.755680833895116e-15
4.539947135696579e-15
4.477100006102587e-15
4.6730854240910275e-15
5.646784890211912e-15
5.5475219485319104e-15
5.3798911909430474e-15
5.386147183898982e-15
5.366464919464479e-15
5.639386824781834e-15
5.168633044221802e-15
4.964524638211412e-15
4.920430888113899e-15
4.764640774226286e-15
4.632276491685542e-15
4.939031834461352e-15
4.9521356877701474e-15
4.477374949529764e-15
4.571120304049232e-15
4.8941940569102496e-15
5.13723043864687e-15
5.182223284710548e-15
6.257210456516321e-15
7.314937588581829e-15
6.657673522863254e-15
7.571320091236058e-15
7.106538141088195e-15
7.104281742271154e-15
7.450538438396538e-15
7.579104960734276e-15
7.29996869484769e-15
7.53415672535176e-15
7.439618370737304e-15
7.834890641562703e-15
7.825306581879426e-15
7.470307059364675e-15
8.142935905685368e-15
8.121268182469884e-15
7.826876845581076e-15
7.312272953060923e-15
6.745004051962848e-15
6.594331455830751e-15
6.239396730695977e-15
6.333567436450969e-15
7.329304797640373e-15
7.601812925692647e-15
8.076273900290003e-15
7.346925311395182e-15
8.001297168260026e-15
8.278518390134659e-15
7.710788001061516e-15
8.229185757051468e-15
8.780551494879423e-15
9.91359305413894e-15
9.961005549899065e-15
1.0457947279835324e-14
8.860562142339363e-15
8.395784378448048e-15
7.985454267283896e-15
8.223028326576532e-15
8.429059947363085e-15
8.719301720315627e-15
8.361624699986273e-15
9.705305278459443e-15
1.0249563497869358e-14
1.041847304752412e-14
1.0250842658342012e-14
9.792568352069613e-15
9.726683814830781e-15
1.0004776391914482e-14
9.274733755504319e-15
9.641512581119925e-15
1.0501859266234957e-14
1.116988685813318e-14
1.138581159374452e-14
1.1288470415069199e-14
Acceptance rate: 0.30756250000000307
6.5806071281527276e-15
6.1378251024775446e-15
5.804310583101495e-15
6.281729659592203e-15
6.0990791014410776e-15
6.146053718972673e-15
6.856617080417348e-15
6.70485159745522e-15
5.783475351154553e-15
6.046624122545741e-15
5.94513360515072e-15
6.3080514202152385e-15
6.290321659282582e-15
6.368867973070101e-15
6.993712119155337e-15
7.224547670781865e-15
7.49438629773552e-15
6.981933122722807e-15
6.805892611134232e-15
7.388445868476673e-15
7.27227612439508e-15
7.381443847106721e-15
7.308910924305055e-15
8.288225553002361e-15
8.184971087975839e-15
9.110404331298986e-15
9.821865024233371e-15
9.632295702015611e-15
9.192637185357181e-15
9.137773756173148e-15
8.647910203194654e-15
8.677562960719213e-15
8.376832311020734e-15
8.14880803071208e-15
8.695720333483593e-15
9.001006098884525e-15
9.619314236163264e-15
8.385406729766451e-15
7.779754948743469e-15
7.37772154728956e-15
7.704199302117233e-15
7.583451050704086e-15
7.76697354452007e-15
7.539247638609652e-15
6.611062508626289e-15
7.83337412066638e-15
7.636048445520606e-15
7.244232370983712e-15
6.7867329458840614e-15
7.951824503641229e-15
7.983667564341152e-15
8.36682537657752e-15
9.113094355630843e-15
9.462909811701686e-15
9.693574108819086e-15
9.954313449215676e-15
1.0316461795512663e-14
1.128725314714234e-14
1.166254290114379e-14
1.3164419535756844e-14
1.2584915470836983e-14
1.4531591824544886e-14
1.483686865230729e-14
1.4617641574535753e-14
1.6201716952661205e-14
1.6978508749387408e-14
1.9497419906484613e-14
1.9186308705247156e-14
1.8686865875364764e-14
1.8662535971393537e-14
1.755176002776163e-14
1.5413192933935433e-14
1.6088341084141084e-14
1.782981389403765e-14
1.8985975184082647e-14
1.9370981875939247e-14
2.0652465605490554e-14
2.1078440281101357e-14
2.1201653218157997e-14
2.2509704029333048e-14
2.49277681968267e-14
2.3979864134467603e-14
2.4873886764492812e-14
2.4776515656803557e-14
2.4552666855537966e-14
2.2282019409579088e-14
2.275898617348419e-14
2.3159360848930304e-14
2.1996207955147782e-14
1.9207629977165388e-14
1.780394956400274e-14
1.8200390398282867e-14
1.662076388519532e-14
1.4827357258461602e-14
1.4286301844162388e-14
1.4985457965302e-14
1.5277669771398973e-14
1.3569845172479349e-14
1.3351474858111641e-14
1.201063084462849e-14
Acceptance rate: 0.3065555555555583
7.135014285941932e-15
6.992346771969164e-15
7.106443090920915e-15
7.0789803884901214e-15
6.720052502823593e-15
6.4899694258290606e-15
7.988197170049508e-15
8.097596595092746e-15
8.055010021719122e-15
9.303084211830391e-15
9.068878521208187e-15
1.000112269718525e-14
1.0211232615528858e-14
1.0020766295961034e-14
9.748361517326324e-15
8.959641056080171e-15
9.153339088407008e-15
9.653399160564907e-15
9.075762433879646e-15
9.214021822855323e-15
9.173617250803309e-15
8.322609002264163e-15
8.273179779474217e-15
8.614367303354902e-15
9.261661889374304e-15
9.979660573427476e-15
9.781797711506937e-15
1.0147816656709614e-14
9.620582998750389e-15
9.953962531026134e-15
1.0290456232676276e-14
1.31264035911207e-14
1.2677731050209346e-14
1.3813512621694847e-14
1.3553610905059552e-14
1.3637260575199363e-14
1.2048949860203893e-14
1.2273185091085162e-14
1.1248263751347047e-14
1.1613085111934917e-14
1.140482645225312e-14
1.154995231178536e-14
1.130735049182529e-14
1.0095212549263773e-14
1.0428341349183316e-14
9.426176003312764e-15
9.356457886463814e-15
8.654432039694447e-15
9.732390178974748e-15
9.74036104876766e-15
1.0160848710711251e-14
1.1441578209136997e-14
1.11254309861918e-14
1.2159709080143769e-14
1.0936896870511296e-14
1.1460168448310623e-14
1.1072096984443617e-14
1.2190590166151546e-14
1.1221251781184546e-14
1.1307868125639311e-14
1.1269372680024287e-14
1.0682368695610689e-14
9.388488087808077e-15
9.065013134912893e-15
8.543575645617594e-15
9.08991326221192e-15
9.352187952507202e-15
9.160091767706238e-15
1.0622385556265062e-14
1.0279753410650362e-14
1.027063973874249e-14
9.827572003734939e-15
9.803483649162194e-15
9.374684598440183e-15
8.823987114662262e-15
8.41926006213915e-15
8.240804123306328e-15
8.2437098872654e-15
1.0079683701786434e-14
1.0058618249146993e-14
9.673764548238081e-15
9.472307114928315e-15
9.087563005065572e-15
8.797645008076972e-15
9.050693170305108e-15
9.358747330347068e-15
9.648149371042991e-15
9.872509119458827e-15
1.0540359140005577e-14
1.087996332427913e-14
1.0760478126154677e-14
1.0244125107508327e-14
1.0259220129614814e-14
9.188721589794459e-15
8.644826722969667e-15
8.1420712336689e-15
9.415084172156663e-15
9.238918267436066e-15
8.9362967519524e-15
9.357980874010972e-15
Acceptance rate: 0.30440000000000234
Sampling time (10 samples): 5621.9799 seconds
