/scratch/users/yanlan/TroubleShooting/SMslope/Output/AM_PM_ET_216_354_00
5.011131456164269e-08
2.2810767034744593e-08
1.1236892314131622e-08
5.343016277192043e-09
2.729993330598074e-09
1.5352641287685133e-09
9.186225426126778e-10
5.735354987556847e-10
3.3331748953854833e-10
1.986485262382888e-10
1.0899003911752208e-10
6.606667044711236e-11
4.127697406561957e-11
2.554122130055776e-11
1.669063112209743e-11
1.19676820087911e-11
1.020598409704477e-11
6.884045774050849e-12
4.805933453841433e-12
3.4219833479231484e-12
2.697754644766979e-12
2.20282093830632e-12
1.6807677742659475e-12
1.2465079416936124e-12
8.910339899437794e-13
6.670175142165062e-13
5.32400337896074e-13
4.3627942208749126e-13
4.272968833672404e-13
3.3312714791304996e-13
2.625475200388945e-13
2.201153522076727e-13
1.9244168344558357e-13
1.544599764468942e-13
1.2556868275681123e-13
9.953590789008729e-14
7.902927443621886e-14
6.341857288564022e-14
5.849912996691768e-14
4.5952412199511484e-14
4.120786588608183e-14
3.7832699043902566e-14
3.2371934083221844e-14
3.2134088490168594e-14
3.00716206992636e-14
2.9051587778033415e-14
2.4352729553286692e-14
2.2263418788947536e-14
1.9012387746558692e-14
1.661557841588309e-14
1.76410765830166e-14
1.7285950158854983e-14
1.6473050863752732e-14
1.7152834410529437e-14
1.5976742555977587e-14
1.4034897067103768e-14
1.2904893278147338e-14
1.3381670231400931e-14
1.2236063488490132e-14
1.247671102129561e-14
1.2598341483484307e-14
1.2241104270568991e-14
1.1913773887656345e-14
1.1130191905512435e-14
9.811880575570335e-15
9.057732722366424e-15
1.0461705673907336e-14
1.0055636062099124e-14
9.630182446976826e-15
9.432030793105041e-15
9.268093510666993e-15
7.526499986545544e-15
7.595345768556393e-15
7.547633900080066e-15
7.432694191198717e-15
7.164216781372303e-15
6.695686176067706e-15
6.151177291247261e-15
5.737222900170089e-15
5.482115264187346e-15
4.73276766245577e-15
4.218935743233676e-15
4.0585924521740185e-15
3.6250628358877155e-15
3.5392416915437866e-15
3.4405424210013095e-15
3.624076119729683e-15
3.459262633663964e-15
2.9539156522396144e-15
3.017376971877193e-15
2.628022395561409e-15
2.861198755851358e-15
2.7726577882042335e-15
2.836350602853684e-15
3.1958295565346253e-15
3.688783564119619e-15
3.66355122133493e-15
3.609816147636832e-15
3.5044706258267966e-15
4.0098310107785976e-15
Acceptance rate: 0.3290000000000005
2.103524431596787e-15
2.082758029905284e-15
2.137006561508375e-15
2.098428878515939e-15
1.9901233381551398e-15
2.1306366691796545e-15
2.2014713162007603e-15
2.282889754388446e-15
2.1755901787810244e-15
2.185539533256156e-15
2.223033147776331e-15
1.9364614665886965e-15
1.9587974182616782e-15
1.9308088748705066e-15
1.8525650930788296e-15
1.6998316371767123e-15
1.7455162096122067e-15
1.7452958794310579e-15
1.7217151288229197e-15
1.7690506196247946e-15
1.607827204687641e-15
1.5526974301450416e-15
1.6254714413558532e-15
1.4826261088302914e-15
1.2907220485480461e-15
1.2334492065126198e-15
1.3273930741305415e-15
1.1685037308392025e-15
1.048192727004343e-15
1.1182600523103211e-15
1.289503124238856e-15
1.2093595239867447e-15
1.205360390936773e-15
1.2168105566171556e-15
1.2773911239754484e-15
1.1644415999343965e-15
1.1725597669477547e-15
1.0389148445592826e-15
1.0432761709343538e-15
1.0706023324252788e-15
1.259118765840114e-15
1.2428650961265826e-15
1.1142777901361906e-15
1.1459480585937594e-15
1.2347437574695854e-15
1.216425787979819e-15
1.372416221375477e-15
1.3898417026418826e-15
1.3230335862127378e-15
1.167492135932785e-15
1.2866163878486352e-15
1.3044865827495562e-15
1.225192548259565e-15
1.1826324754162168e-15
1.1602528387872235e-15
1.1039435982345493e-15
1.0448841194154657e-15
9.861674750082748e-16
9.959355632490425e-16
1.0513257660295649e-15
9.764850890302633e-16
1.085217804161554e-15
1.0820572066923654e-15
1.138817430563942e-15
1.2023335511050343e-15
1.2447426074554194e-15
1.3147302836453001e-15
1.5106296556489684e-15
1.5831359740968918e-15
1.6182521783368613e-15
1.4939554652040629e-15
1.4922364679948525e-15
1.4129016508319316e-15
1.3625634648486824e-15
1.4106694921449814e-15
1.3499693755609143e-15
1.3162433568697041e-15
1.3861732984974379e-15
1.3705108998306967e-15
1.4590622311418733e-15
1.2715121901004857e-15
1.240784188573797e-15
1.1974604351819043e-15
1.198679222310326e-15
1.148460755855389e-15
1.1267804351259831e-15
1.382105271513935e-15
1.4202893288857454e-15
1.5284495608231086e-15
1.5229305220486698e-15
1.5720304213026509e-15
1.5691219321682122e-15
1.6097475476428631e-15
1.6011879867129232e-15
1.7636149931638678e-15
1.5828653788960867e-15
1.3196036473729389e-15
1.3678629328364373e-15
1.4550937213081081e-15
1.3453302742850686e-15
Acceptance rate: 0.3312500000000025
7.539275247457642e-16
7.321243727968166e-16
7.730779441769257e-16
7.843132410954754e-16
7.540049727760215e-16
7.418582171984343e-16
6.696874116065432e-16
7.858938702453141e-16
8.802990510516277e-16
8.290185864661322e-16
8.34030216923693e-16
7.044527715843277e-16
7.043094349133815e-16
7.569066306633473e-16
7.497704747339525e-16
7.998388371201687e-16
7.584575155049883e-16
8.093905458785531e-16
7.995133230183511e-16
8.055791150946456e-16
8.467398874478486e-16
9.144663963634267e-16
9.129946650772114e-16
8.463304200098803e-16
9.770689568729462e-16
9.716473003171635e-16
8.606489008146685e-16
8.224920413246562e-16
8.568994753064895e-16
9.123025642876943e-16
8.541532493831514e-16
7.577268353706131e-16
8.206460083385142e-16
8.149499775685527e-16
8.424537619603456e-16
7.823551105757447e-16
9.135992750600396e-16
8.498108410573253e-16
1.0565293273008e-15
1.0858497456375088e-15
1.070526654804744e-15
9.915011259737159e-16
9.518984135678304e-16
1.0030616729674992e-15
1.0932963740206133e-15
1.2188545820788233e-15
1.332962390071191e-15
1.4169329583200706e-15
1.5221784110736956e-15
1.3467656051227744e-15
1.3996017149094392e-15
1.3180594320033307e-15
1.2498617424424325e-15
1.0534248117367443e-15
9.841635296796362e-16
8.695899960567023e-16
8.906004343486707e-16
9.151074864437916e-16
1.0530117033352996e-15
1.360540657165464e-15
1.2417301847935817e-15
1.289889193730969e-15
1.337189556206394e-15
1.343344977323248e-15
1.2811168870586069e-15
1.5063691985593877e-15
1.6439260382179873e-15
1.6788542281122333e-15
1.7171171349760061e-15
1.7026843358658327e-15
1.7169031075504713e-15
1.7348370559282133e-15
1.9883481483610823e-15
1.7530573418743744e-15
2.2104568006598425e-15
2.8379186752518636e-15
2.6903295309633934e-15
2.693670126156912e-15
3.080435383333705e-15
2.8416187890331335e-15
2.4614500183902313e-15
2.352110038438838e-15
2.4436136305068006e-15
2.412696511487368e-15
2.3124298185829128e-15
2.4413471506714995e-15
2.389396301498451e-15
2.4030427920576036e-15
2.5276373667397963e-15
2.588537182172964e-15
2.3306309539409913e-15
2.491585603417299e-15
2.5207048917147754e-15
2.6104357128155994e-15
2.4795712734766705e-15
2.4120268885683855e-15
2.522153313850651e-15
2.6322235912521165e-15
2.9827895703176287e-15
3.195501854538773e-15
Acceptance rate: 0.3288333333333343
1.809572089366839e-15
1.740404810838503e-15
1.9496658418277425e-15
1.953074054336276e-15
1.8406880844466925e-15
1.7822172373785404e-15
1.6922791370629274e-15
1.685905839646473e-15
1.6211919046480914e-15
1.5234950543479105e-15
1.5417646977764821e-15
1.3940568501664713e-15
1.4151372216670921e-15
1.4035758490837852e-15
1.3154996779996247e-15
1.289041537419744e-15
1.6632240931627894e-15
1.8868401798647574e-15
1.894692592950109e-15
1.915669063302034e-15
1.9181551522160587e-15
2.0654496825714405e-15
2.1589929749071663e-15
2.348060732197863e-15
2.500423653889155e-15
2.3652914243341726e-15
2.2923242800087873e-15
2.4041227499143163e-15
2.167671160931102e-15
2.1904363845583586e-15
2.369526395444417e-15
2.1887968472295428e-15
2.0189626381638725e-15
1.95460511356606e-15
2.0088745237889287e-15
2.3179829588845492e-15
2.048236760743273e-15
2.1283779157835176e-15
2.3945281951130444e-15
2.2346822002306186e-15
2.1442936153091938e-15
2.2305212757069093e-15
2.292274089745742e-15
2.19905458755371e-15
2.227458195311853e-15
2.3179589903897995e-15
2.5403481807260525e-15
2.4202197854366623e-15
2.407326338702368e-15
2.4091359905590534e-15
2.5133340623645958e-15
2.445244535804931e-15
2.365044755044197e-15
2.6286928714477684e-15
2.7869957495749764e-15
2.7320804368450923e-15
2.8118389502905605e-15
2.6320370699390047e-15
2.5579343083568104e-15
2.647340005181254e-15
2.711914013422325e-15
2.5394508568205542e-15
2.5425598434089177e-15
2.6353238585472914e-15
2.550170179286475e-15
2.4625575899454293e-15
2.390390142240004e-15
2.4930702322648915e-15
2.2624521050221882e-15
2.1539531354250355e-15
2.314016632234314e-15
2.340183940519063e-15
2.1859883607978675e-15
2.383069480167369e-15
2.6240140183331005e-15
2.5105171812160328e-15
2.5137081457289614e-15
2.2906252839782713e-15
2.293980760090017e-15
2.3410792766048116e-15
2.5927213832686895e-15
2.7262338046030403e-15
2.7485653517138682e-15
2.4231138685108512e-15
2.107597290136794e-15
2.2829881789617155e-15
2.4014564278054896e-15
2.545409163273953e-15
2.356448686074802e-15
2.5579456698371397e-15
2.683325407200851e-15
2.609112408777862e-15
2.7323717818635308e-15
2.7685086889031192e-15
2.9687524368651416e-15
2.848568518126188e-15
2.755573095397919e-15
2.9804419336180135e-15
3.0088888381214797e-15
2.796865923321389e-15
Acceptance rate: 0.3208750000000009
1.587348379810385e-15
1.5110927249246645e-15
1.5497606175388536e-15
1.4257848961112847e-15
1.441075730089862e-15
1.3748151679645296e-15
1.37188499013039e-15
1.3955701512347786e-15
1.4286526436888323e-15
1.4533014723655285e-15
1.463133020008076e-15
1.515081602595563e-15
1.5549888967688226e-15
1.6324451982368432e-15
1.9683337451212423e-15
1.878750710475843e-15
1.9010625908272557e-15
2.1235748972135968e-15
2.1969942641903888e-15
2.483244895942801e-15
2.5351332170661613e-15
2.5776262883897384e-15
2.9227189710122514e-15
2.952469952376269e-15
2.88181655339149e-15
3.0136527786612962e-15
3.068714906195575e-15
2.869855879939147e-15
2.9430775234645964e-15
3.329780215287772e-15
3.728337751862141e-15
3.138811437265906e-15
3.370447177593814e-15
3.143472415920608e-15
3.5702951385420365e-15
3.719713394435952e-15
3.4027789908806845e-15
3.08351578183742e-15
3.1247109505456398e-15
3.2871136926553764e-15
3.1305355767151317e-15
2.8159515697851155e-15
2.7046064870543715e-15
2.838544444905987e-15
2.4861007890955814e-15
2.695971132351462e-15
2.766593730861587e-15
2.844568368833404e-15
3.0168313796915454e-15
3.0634818012360073e-15
3.039948165098156e-15
3.0098680010503704e-15
2.812345524379052e-15
2.9686584205228987e-15
2.9835020728965676e-15
3.5455776232411147e-15
3.25087101350813e-15
3.027691656457658e-15
2.892361975742546e-15
2.9683971852510936e-15
2.9713827357568593e-15
2.7657462915162178e-15
2.705847000478801e-15
2.823298043487954e-15
3.0412024719066608e-15
2.71863088054007e-15
2.4543397455372462e-15
2.5768672199786654e-15
2.672733175499292e-15
2.7384152593618377e-15
2.689315356187962e-15
2.4903358823365008e-15
2.3300839103503866e-15
2.380379735293187e-15
2.4730912323116842e-15
2.6422371414796016e-15
2.485620425791173e-15
2.3553345587777964e-15
2.436770730829673e-15
2.466121129837547e-15
2.332158469245212e-15
2.0929549262635443e-15
2.112597189913124e-15
2.17425837481749e-15
1.9928397743256867e-15
1.968503515892736e-15
1.8460626145437968e-15
1.9656048029300512e-15
1.975711433028328e-15
2.057722182931579e-15
2.0836632229733385e-15
2.114984976127328e-15
2.2731916042032003e-15
2.2020859490615673e-15
2.4558089757008474e-15
2.6234219093515595e-15
2.5559558787207427e-15
2.3824921131422896e-15
2.147608478783168e-15
2.20692404851339e-15
Acceptance rate: 0.32260000000000005
1.2671571446776006e-15
1.3099596856989264e-15
1.2726558063355796e-15
1.2543666081174508e-15
1.2250519239013762e-15
1.1770319472955138e-15
1.2657244420236534e-15
1.541138874581329e-15
1.614547694898698e-15
1.6426822340557322e-15
1.6352409451174824e-15
1.6867020463384806e-15
1.6822336352951514e-15
1.6968988879893888e-15
1.7365290039237391e-15
1.832760747888294e-15
1.9685893298506833e-15
2.050213356904702e-15
2.0940717573268508e-15
1.924868911904548e-15
1.9050322567149715e-15
1.8846171102960457e-15
1.841729386627272e-15
1.9616064223414025e-15
2.0000896044360995e-15
2.1152754010480376e-15
2.0229923151468415e-15
1.9927787744358637e-15
2.1866072393654773e-15
2.3944965647258018e-15
2.5013908322249353e-15
2.847802408127546e-15
2.8407050330113105e-15
2.6753737940938966e-15
2.8851387408079233e-15
3.1681543865191647e-15
3.3232198682179163e-15
3.4877683190549385e-15
3.5195391866478107e-15
3.3011828597182264e-15
3.2744049646796097e-15
3.629042388243714e-15
3.684753462023761e-15
3.659070894952783e-15
3.4647875421697387e-15
3.126723723910197e-15
2.9627780553831532e-15
3.033420968992147e-15
3.250859246028574e-15
3.3937204155539012e-15
3.1622416877923743e-15
2.644991178285032e-15
2.8466816717638662e-15
2.8387809167709905e-15
2.6573835753812604e-15
2.501742574622623e-15
2.193807764723619e-15
2.1525118866411253e-15
2.1087485413506234e-15
2.177746842134467e-15
2.2393693090128006e-15
2.1954824238467732e-15
2.2175394863217276e-15
2.2383297806117126e-15
2.077212380622716e-15
2.201508602324716e-15
2.190633628354542e-15
2.0359763096033788e-15
1.982768302505768e-15
1.9781738306730822e-15
1.879329096703959e-15
1.914867257799932e-15
1.9151290503825307e-15
1.8880738028742124e-15
1.7700844075868421e-15
1.8052730976055654e-15
1.640119952648734e-15
1.8148816240764325e-15
2.16773153162327e-15
2.2008889684474598e-15
2.1647340109803715e-15
1.934049875585639e-15
2.0779934484609488e-15
1.991793023984533e-15
1.988141915117796e-15
2.1470432689839646e-15
2.08263710434223e-15
1.8860717353630022e-15
2.0808695058402697e-15
1.918064499120573e-15
2.041682188415162e-15
2.127654140662492e-15
2.0708433149302664e-15
2.0879682220380934e-15
2.2210901417505876e-15
2.3266306812058504e-15
2.596940208658238e-15
2.486823139957859e-15
2.4789889695459315e-15
2.544863323797484e-15
Acceptance rate: 0.3249166666666666
1.5177319182822317e-15
1.458727787745801e-15
1.490418515301344e-15
1.4206114889716776e-15
1.428503021205738e-15
1.4580759786873691e-15
1.5060626658688403e-15
1.4419064140602859e-15
1.3515031244137641e-15
1.4328100861791959e-15
1.6191784695137307e-15
1.9424048548158823e-15
2.003410209609097e-15
1.9294369379025622e-15
1.8780169638002213e-15
1.9433964949139753e-15
2.1248347480280806e-15
2.1272371933779094e-15
2.279063599641536e-15
2.2032095756221216e-15
2.5992389096803893e-15
2.3627488571066016e-15
2.639230655282842e-15
2.9537354945937056e-15
2.9121925603712656e-15
3.0751469263078612e-15
2.8941894269597525e-15
3.0816498817471012e-15
3.090196570292149e-15
2.576570057435633e-15
2.7596808972295005e-15
2.820512404650444e-15
2.9411277171890966e-15
3.3027269694013556e-15
3.531790452642934e-15
3.4639921899745597e-15
3.511771901101839e-15
3.5198021305875343e-15
3.5202161719551355e-15
3.944143809453718e-15
3.6139175167961446e-15
3.4448735384625062e-15
3.8384591284835236e-15
4.068163011250145e-15
4.392527049595409e-15
4.9175172182618e-15
5.780784014846399e-15
6.8429756273582845e-15
6.429558617314768e-15
6.111224561760001e-15
6.321787330992081e-15
5.978722311160332e-15
5.510920629549195e-15
5.235504275076548e-15
4.760920977314768e-15
4.9509336349437585e-15
5.0362783978334355e-15
4.530325095733019e-15
4.467431469211478e-15
4.2896105049781594e-15
4.314659998789594e-15
4.191711924782292e-15
3.983318770939303e-15
4.359930420262603e-15
4.705449092692491e-15
4.500760037783962e-15
4.2417415772494265e-15
4.13385828434726e-15
3.982535160659839e-15
3.97011770658582e-15
4.045954461393897e-15
3.9489708945642464e-15
4.255448901019907e-15
4.2285198523162845e-15
4.33723923024259e-15
4.2382046311811615e-15
4.170059658748557e-15
4.212153563762619e-15
4.4509645442473455e-15
4.645659772456218e-15
4.541286512123063e-15
4.1279887828227775e-15
4.182436220809399e-15
4.428204948600692e-15
4.311055647989613e-15
4.8571203955198896e-15
4.6145474133049325e-15
5.069822822089839e-15
4.999111091210778e-15
5.41974521303459e-15
5.451233986017989e-15
5.79194764574321e-15
5.374239352189171e-15
5.650971167787745e-15
6.0272735436269355e-15
5.731508871766773e-15
5.850940399344624e-15
5.971825998857513e-15
6.214146569991507e-15
6.424809556395895e-15
Acceptance rate: 0.3219285714285714
3.808121660290107e-15
3.925423904331041e-15
3.987464667369458e-15
4.04797878114883e-15
4.615886029755888e-15
4.860682431017248e-15
4.333596571502705e-15
4.0176200036930776e-15
4.088475729847622e-15
3.8458090175971015e-15
3.866973475181335e-15
3.4303494394433284e-15
3.254375335098352e-15
3.175389192877088e-15
3.577962382164676e-15
3.5976374007558095e-15
3.7950780232546e-15
3.765511782193721e-15
3.672110888092875e-15
3.5259769653535547e-15
3.7495325465048985e-15
3.8917162257441435e-15
3.8934733301997616e-15
4.105874958542742e-15
4.347265148469405e-15
4.437168237104322e-15
4.472782692826486e-15
4.256737052098861e-15
4.030173094339617e-15
3.864371591820347e-15
3.742028005223717e-15
3.832151001613003e-15
3.983354537029719e-15
3.9414409644847005e-15
4.552249957356491e-15
4.233952437042176e-15
4.316574933285971e-15
3.862742794549094e-15
3.308264000270135e-15
3.2652171982880393e-15
3.0637519570619157e-15
3.051660608204437e-15
2.9818842854141246e-15
3.2392239989886865e-15
3.5822414414668815e-15
3.750388762460068e-15
3.892272278908644e-15
3.722113978830121e-15
3.9233593652397585e-15
3.892056276871265e-15
4.247480700911123e-15
4.555965271818913e-15
4.875263326695373e-15
4.9147114312877644e-15
4.8929296587653164e-15
4.9256246986337194e-15
4.884528861640488e-15
4.789441462591771e-15
5.789109211476064e-15
6.288443978960182e-15
6.3076300612470505e-15
6.45267971118021e-15
6.357768887684459e-15
6.585706186978591e-15
6.993422318098816e-15
6.418025911193213e-15
5.906510746295754e-15
5.293421393377416e-15
5.1026212178230364e-15
5.262355449259173e-15
4.6710928406762504e-15
4.179176558751098e-15
4.137255871435376e-15
3.7588685530986375e-15
3.870751038443374e-15
3.925412205347186e-15
4.0010268266564896e-15
4.2778442154102686e-15
4.7143315662815005e-15
4.482293392672409e-15
4.48643871554883e-15
4.896505062808052e-15
4.893876518479075e-15
5.052688553188103e-15
4.577595653767592e-15
4.053307926068146e-15
4.501067811042794e-15
3.971913360313602e-15
4.46850469140552e-15
4.783330070698259e-15
4.516378891106852e-15
4.669025662163063e-15
4.968464046405424e-15
5.421603761688119e-15
5.1341039318882344e-15
5.117446908167335e-15
5.1981850180882006e-15
4.905567390230921e-15
4.785539694027045e-15
5.344732345323765e-15
Acceptance rate: 0.3241875
3.2008946610239e-15
3.782777194182085e-15
4.138053997680249e-15
4.227397731395693e-15
4.329280924445984e-15
4.0883544163728486e-15
4.35084676205153e-15
4.315248088050701e-15
4.154306476425863e-15
4.270594827604985e-15
3.9445314161044305e-15
3.955630842497789e-15
4.538317331222186e-15
5.043612280944884e-15
4.667509062299467e-15
4.756258875532778e-15
5.269098448009268e-15
4.923793697243262e-15
4.9068964883098245e-15
4.952000704323332e-15
5.402134810780633e-15
6.088218925095632e-15
6.2259505537035355e-15
6.1865336547761174e-15
7.123407405970709e-15
6.2487182183941725e-15
5.579275320812846e-15
5.4310832500227785e-15
4.869997139877652e-15
4.662276180175183e-15
4.7322203104539636e-15
4.9244980596685094e-15
4.680792354402708e-15
4.832837392862873e-15
4.721833789965123e-15
4.5433365433118535e-15
4.88692725700456e-15
4.874789991538115e-15
4.860809188879608e-15
4.711551363838051e-15
4.955013278646965e-15
4.3499961679684465e-15
4.791913019559122e-15
5.061225256885591e-15
4.814072172883909e-15
4.559038589393444e-15
4.7669396605469545e-15
5.0792412231483295e-15
5.584982754310298e-15
6.72736322769874e-15
6.3552658978708656e-15
6.268606498564524e-15
6.6808252359124945e-15
7.015186364428592e-15
7.229871309500615e-15
6.6339516922781515e-15
5.957061439715468e-15
5.728751380593167e-15
6.184577388419735e-15
6.393609794752984e-15
6.419050007330889e-15
5.937668762022904e-15
6.595028799064283e-15
6.459323462405974e-15
6.517375337043703e-15
7.22908015876115e-15
6.8561714086777974e-15
7.320851780961475e-15
7.829990663904909e-15
7.606088505676448e-15
8.40981315548151e-15
8.528270058020682e-15
9.569808664965354e-15
9.445758446278156e-15
9.395388170987015e-15
9.156265231077396e-15
8.574678088190268e-15
9.33323064303799e-15
8.555819946763321e-15
7.540881500555447e-15
6.9779446732471825e-15
6.5087698695876335e-15
6.248453413685297e-15
6.016932444920579e-15
5.433292707465145e-15
5.502765958771936e-15
5.0877189242790056e-15
4.680640010750339e-15
4.622949192378199e-15
4.548230582563798e-15
5.154746740542052e-15
5.518037283563916e-15
5.262128176690414e-15
5.282310629021136e-15
5.41658141190124e-15
5.335109473590117e-15
5.013025084228655e-15
5.499813414916195e-15
5.290889034993438e-15
5.313035605880153e-15
Acceptance rate: 0.3226666666666657
3.2301255378534388e-15
3.388350625226532e-15
3.4766802783358185e-15
3.905510582338718e-15
3.75131110203492e-15
3.610153412475313e-15
3.701466900337793e-15
3.809008040236468e-15
3.861201064475371e-15
3.830522526440497e-15
3.7402115285523635e-15
3.571005179355747e-15
3.316493025897985e-15
3.204190714098706e-15
3.074023035790124e-15
3.638109259383149e-15
3.568143716344989e-15
3.281665020093324e-15
3.5213689905297667e-15
3.1085418797454688e-15
3.178055396286385e-15
2.9077373342589767e-15
2.781760777576424e-15
2.6007006179903427e-15
2.435798077426587e-15
2.4013141515114835e-15
2.2276660737617204e-15
2.0252591129363386e-15
2.0939695951312933e-15
1.9612378226129182e-15
1.899087588604768e-15
1.6983784214724579e-15
1.5551361483402561e-15
1.5155381612200467e-15
1.5374945761678804e-15
1.5612230178336079e-15
1.5999012408274928e-15
1.5282443743066622e-15
1.4213884609889124e-15
1.5160736682167331e-15
1.6210666886510746e-15
1.6875152259998557e-15
1.9801854099341987e-15
2.5636456456694973e-15
2.534215823507726e-15
2.664983393130476e-15
2.9002059244935645e-15
2.869341926682103e-15
2.88092850277878e-15
3.2244455989381504e-15
3.3190074685049744e-15
3.570839194533436e-15
3.636012969403543e-15
3.734828197038738e-15
3.640448199049191e-15
3.584339182361978e-15
3.691702000417886e-15
3.3843539656145186e-15
3.5021839683524117e-15
3.466469771402564e-15
3.4147298334902076e-15
3.5787514209418066e-15
3.274484489833193e-15
3.057242391482524e-15
2.9543458825942065e-15
2.7328328019398817e-15
2.7680909207802957e-15
2.750140337168725e-15
2.559175463054736e-15
2.396083111816706e-15
2.2220917816996737e-15
2.1150201518689095e-15
1.9813770866347904e-15
2.0815061913465888e-15
2.1938416660899327e-15
2.2429848838088168e-15
2.4701046199952167e-15
2.693815240277881e-15
2.5007131345763444e-15
2.3536866344841978e-15
2.4180347466182767e-15
2.6276788393464886e-15
2.384172459426615e-15
2.327402089391304e-15
2.428513010680412e-15
2.755540512657271e-15
2.5452204996939708e-15
2.177189440047243e-15
2.1760479289906753e-15
2.136129725984125e-15
2.4055006365071634e-15
2.422013448839459e-15
2.2730771358066647e-15
2.2008939470026384e-15
2.3023807042336927e-15
2.2920474593412285e-15
2.461792813735648e-15
2.627288924772871e-15
2.456375829824543e-15
2.663159997318575e-15
Acceptance rate: 0.3238999999999996
Sampling time (10 samples): 5447.2116 seconds
