/scratch/users/yanlan/TroubleShooting/SMslope/Output/AM_PM_ET_237_320_00
5.006342821586746e-08
2.546854892804146e-08
1.2328114565404805e-08
6.239339225719469e-09
3.3069170913830733e-09
1.861429841477658e-09
1.1124623615428667e-09
6.326413493962832e-10
3.9168270858328054e-10
2.3335843993054835e-10
1.3696829398514032e-10
9.316831684314808e-11
6.434660378105635e-11
4.1024978759971e-11
2.704007163805336e-11
1.905366847686201e-11
1.4114751670437954e-11
1.023755975028719e-11
7.972828027180556e-12
5.733633772587387e-12
4.604996816334179e-12
3.754665890685148e-12
3.1259212397287444e-12
2.289875461041764e-12
1.7148175094764722e-12
1.3825864026442864e-12
1.281244914670211e-12
1.0813327935989032e-12
8.538291158992287e-13
6.484284929848022e-13
6.094396324034742e-13
5.178469809787673e-13
4.1172682948257857e-13
3.5790924280809105e-13
2.7890766721205994e-13
2.6545004806999707e-13
2.3023585903651583e-13
1.8700312474742718e-13
1.7017677390347637e-13
1.564945818860507e-13
1.3629654382382553e-13
1.0647812732651437e-13
8.73149122107554e-14
8.449028660338894e-14
6.773581556133256e-14
6.755960434404481e-14
6.244559448778111e-14
5.386714764888351e-14
4.7162365624505265e-14
4.543461165508302e-14
3.700762456920363e-14
3.2208326964605074e-14
3.1911056426802066e-14
2.917317193117999e-14
2.4095772836451432e-14
2.1584732059818134e-14
1.9695294913046285e-14
1.6755443292277266e-14
1.619813529152563e-14
1.4578299494847195e-14
1.4802488133801504e-14
1.2733155510081538e-14
1.1143301799245454e-14
1.2829948255629796e-14
1.1235282894459167e-14
1.008590378068139e-14
9.209409136324315e-15
8.488862123544594e-15
9.22274403860301e-15
8.353846117575911e-15
7.4499658119107e-15
7.19267621755165e-15
6.976696077051112e-15
6.681376801938045e-15
5.374556626980449e-15
5.176938100956507e-15
4.875625047355795e-15
4.885200482214431e-15
5.0920033431602566e-15
5.022811562099481e-15
5.150283123946229e-15
4.719855878793996e-15
4.503418138740803e-15
4.872661052971172e-15
5.337907772056335e-15
5.458352966613088e-15
5.537774216206545e-15
5.9320858743011155e-15
5.9679037838925e-15
5.710019386016047e-15
5.4798621525655905e-15
4.918836366263361e-15
5.0622249399919145e-15
4.638739701688416e-15
4.808466793530586e-15
5.052172154321577e-15
5.00420732684366e-15
5.165887256444747e-15
5.44031675337126e-15
5.441862303688176e-15
Acceptance rate: 0.37050000000000083
2.8042105698946087e-15
2.5975549147486753e-15
2.6624487204360464e-15
3.0660755054053017e-15
3.129457346710209e-15
3.3402326707829162e-15
3.2529730488928833e-15
3.142531728032374e-15
3.1050558004927608e-15
3.197772074721241e-15
3.0632590679565984e-15
2.755122011991072e-15
2.798139976969731e-15
2.7197334860104964e-15
2.741281935724776e-15
2.668941043283223e-15
2.586540561403888e-15
2.29426007401858e-15
2.5782598620098833e-15
2.8179042502384414e-15
2.7143427012556695e-15
2.7123956514711164e-15
2.494997674148294e-15
2.5949844487900923e-15
2.4188710526924765e-15
2.2339065725540305e-15
2.000529487659802e-15
2.1814708414611417e-15
1.949023890206504e-15
2.1458746145801338e-15
2.4551985045884734e-15
2.423025170235255e-15
2.1931751980000825e-15
2.1733071970194547e-15
2.2246950670992466e-15
1.8911286575105927e-15
2.0983067607806818e-15
2.24692511444592e-15
2.4475090110400646e-15
2.60909823308182e-15
3.3975936657182888e-15
3.299963493794248e-15
3.421401516947487e-15
3.4740034175649637e-15
3.847135634772481e-15
3.6831088403785446e-15
3.4163560841702703e-15
3.4486584991048513e-15
3.4064692966500584e-15
3.6201785848350285e-15
3.269321019738053e-15
3.3977919011510818e-15
3.473850709364233e-15
3.727414874490711e-15
3.9763215148081084e-15
3.469626070027018e-15
3.212150379135967e-15
3.0943015279670395e-15
2.825049504204163e-15
2.902328604740385e-15
2.7998462822893313e-15
2.77923085535472e-15
2.7693904725759008e-15
2.783047060031839e-15
2.7112135945412102e-15
2.75238136405909e-15
2.608749114540398e-15
2.6073089990456056e-15
2.4692013919370504e-15
2.5199587023422766e-15
2.433873115101421e-15
2.2584218730716506e-15
2.236994665113706e-15
2.0703710512663753e-15
2.20948813153692e-15
2.3322368194264697e-15
2.6098642151824815e-15
2.74617062899272e-15
2.5618397704545798e-15
2.813761090049343e-15
2.7878674984358755e-15
2.6516562021755507e-15
2.569848599237643e-15
2.8173775683831563e-15
2.7267950049457364e-15
2.595281125561713e-15
2.3264465298039598e-15
2.43972876737384e-15
2.2756207599691346e-15
2.268881490805655e-15
2.5974967097785663e-15
2.6632786827825187e-15
2.671788803165109e-15
2.465144316200902e-15
2.3721579170214634e-15
2.4648345714062454e-15
2.8093652876343053e-15
2.585944169803764e-15
2.5101875990667317e-15
2.4953356382215443e-15
Acceptance rate: 0.3507500000000015
1.350259133041775e-15
1.2658427604662109e-15
1.1589195241878547e-15
1.2301399765676847e-15
1.2754817181138384e-15
1.5832324869970543e-15
1.8682000199742522e-15
2.1076143337354894e-15
2.0680024285690127e-15
1.9146746372538805e-15
2.146967463060973e-15
2.4119314145475676e-15
2.460134401131705e-15
2.5003010962711257e-15
2.359569457852984e-15
2.223697235685329e-15
2.395593177088105e-15
2.5756505234598527e-15
3.0227146291700865e-15
2.906242778018145e-15
2.8591741403880083e-15
2.7771677101203302e-15
3.117899191640181e-15
3.298528501653184e-15
3.345558540004394e-15
3.4359861626949547e-15
3.0149588607364346e-15
3.0167455213871535e-15
2.919246397454266e-15
2.8811603303360524e-15
2.6935837323084583e-15
2.5055079530300474e-15
2.9014467039323837e-15
2.888811453236112e-15
3.0324634718163737e-15
2.926815544660948e-15
3.254674091288885e-15
3.8250879395708025e-15
3.991502740035923e-15
3.666254854735719e-15
3.666233013630156e-15
3.568052319940319e-15
3.352032566845252e-15
3.5469225261066302e-15
3.4311570442087816e-15
3.631071604249599e-15
3.729496725100478e-15
3.7939904282615784e-15
3.864164183190496e-15
3.900781241994228e-15
4.128914102626985e-15
4.193230353456724e-15
3.74594670571052e-15
3.860710485570647e-15
3.710719330215405e-15
3.967675010397215e-15
4.422266077020803e-15
4.138698663507033e-15
3.625005280343818e-15
3.5108980373803387e-15
3.726747342982849e-15
4.395478625404055e-15
4.375603975445807e-15
4.765774215312112e-15
4.548823067859927e-15
4.2931521394167316e-15
3.728512421863111e-15
3.75526039856489e-15
4.76152828062574e-15
4.776847498479161e-15
4.355646103471105e-15
4.614938508657298e-15
4.07737924425437e-15
4.3982444484375034e-15
4.492169741123718e-15
4.286958961242226e-15
3.967701098660677e-15
3.954368742225195e-15
4.0373195663225955e-15
4.314056840439003e-15
4.342845037139187e-15
4.2824346892441005e-15
4.362851078805448e-15
4.2600756627153835e-15
4.327277545570638e-15
4.131307373207048e-15
3.8325162088643504e-15
3.341094554123529e-15
3.66226610704186e-15
3.8964811118794236e-15
3.751488097092715e-15
3.5343662186999842e-15
3.1606824177085092e-15
3.103664048533074e-15
2.9573550665727126e-15
2.700708139122087e-15
3.0506621970294253e-15
3.055140406736178e-15
3.236602315358927e-15
3.66235184545054e-15
Acceptance rate: 0.3425000000000011
2.098337456019902e-15
2.0905202599185677e-15
1.983020863101784e-15
1.7968058801752573e-15
1.822828220620291e-15
1.8507088841704e-15
1.9506890603516623e-15
2.1916502871815463e-15
2.2548536981709783e-15
2.2099991552450933e-15
2.0992624005028322e-15
1.9748553365981166e-15
1.943385026640342e-15
2.3058409370860455e-15
2.565389955854005e-15
2.679282369335924e-15
2.6444672366569647e-15
2.429698454449935e-15
2.253120466313585e-15
2.2085257320106033e-15
2.6533155836718717e-15
2.3363861373810634e-15
2.444249020669027e-15
2.6037132643459957e-15
2.5278188002816075e-15
2.435239644342129e-15
2.40623929760815e-15
2.624695964518015e-15
2.554154224351772e-15
2.4752897202474606e-15
2.511621787464233e-15
2.8446697335189497e-15
2.7685710398766073e-15
2.7304296168376216e-15
2.7257264322032006e-15
2.9975048395006666e-15
2.4241319122418073e-15
2.2762899056440278e-15
2.4146619983939187e-15
2.581318757408417e-15
2.618979260409656e-15
3.010599357244535e-15
3.0630776359534375e-15
2.9562483038307833e-15
2.7294137033061883e-15
2.6451574879681833e-15
2.6929349275507688e-15
3.1106731358168118e-15
3.186016540980017e-15
3.5326837254888466e-15
3.847914271347042e-15
3.901853292001703e-15
3.8318430944508856e-15
4.517743110017842e-15
3.9665856634324936e-15
4.078933316013383e-15
3.9411993587839926e-15
3.6243913975426015e-15
3.4873235275761458e-15
3.776683941102416e-15
3.568421184663761e-15
3.76179300081267e-15
3.3512761320016302e-15
3.252293695190593e-15
3.2731015028922418e-15
3.0485176178203688e-15
3.0232826178699703e-15
3.57206475815427e-15
3.499842177896409e-15
4.199854346008365e-15
4.486050222949574e-15
4.1642966245321385e-15
3.949090846219713e-15
3.823661104777265e-15
4.316753163728129e-15
3.6303059920592255e-15
4.055716335363168e-15
3.589893411492241e-15
3.1871457016716906e-15
3.02501468276863e-15
2.9887994077524174e-15
2.953932158327248e-15
2.6530325938372628e-15
2.5849789313151674e-15
2.4513465069201065e-15
2.6041218943636676e-15
2.473629943986779e-15
2.4976719692676884e-15
3.0184137167857233e-15
2.840940529052451e-15
2.9445436670724134e-15
2.874483895198664e-15
2.5798538921199367e-15
2.4457108356597507e-15
2.245052980548e-15
2.2458951536278626e-15
2.3179684298978997e-15
2.590320877260193e-15
2.702693059159623e-15
2.7234980931315945e-15
Acceptance rate: 0.3292500000000019
1.5992831017987934e-15
1.6587247228499093e-15
1.857111938715381e-15
1.7204918127393818e-15
1.6488520300378702e-15
1.8339024083698194e-15
1.9197892488392213e-15
1.98378010482213e-15
1.9952286279425207e-15
2.1336797840008986e-15
2.0383618244557975e-15
2.301751598974716e-15
2.2996335759351244e-15
2.4847334615006917e-15
2.8830630922413855e-15
2.9921251619134153e-15
2.695644459556854e-15
2.9084213582791762e-15
3.3578936045318694e-15
3.382093143143101e-15
3.090858946224873e-15
2.7921870030817868e-15
2.51745428257162e-15
2.3787982941997213e-15
2.4809498249406933e-15
2.4896079545063973e-15
2.360270776201263e-15
2.5376858410512404e-15
2.435529071533496e-15
2.2374736425596266e-15
2.3486821914951767e-15
2.450689660308871e-15
2.564753580041574e-15
2.8282555656817134e-15
2.94349751504006e-15
3.0748837878918813e-15
3.2042963364314452e-15
3.56598049084766e-15
3.2630720257911435e-15
3.439928479965242e-15
3.3900743846116444e-15
3.4763076915406902e-15
3.3382094841596623e-15
3.3379583242695623e-15
3.749576236483382e-15
3.603575262798351e-15
3.4167871952685706e-15
3.3835329238440575e-15
3.4925609743507524e-15
3.4724533373791738e-15
3.3530554726176295e-15
3.2073399977696395e-15
3.346445481783351e-15
3.412183915887524e-15
3.466967638556392e-15
4.057359058349047e-15
3.8871449512080515e-15
3.875803769840662e-15
3.8598670135875444e-15
3.978757963061546e-15
3.839305289334081e-15
3.529032004531637e-15
3.725979626256421e-15
3.776332399208935e-15
3.33040675259227e-15
3.3432993708822224e-15
3.385580154332073e-15
3.4775498620775412e-15
3.158533810481091e-15
3.6388691701881205e-15
3.190132353819666e-15
3.2517063003491234e-15
3.1971136382962637e-15
3.0424802522838123e-15
3.199433333211256e-15
3.577447619068319e-15
4.5800132968292164e-15
4.183515727225458e-15
3.971997922485389e-15
4.11708207787983e-15
4.19189943523955e-15
4.188205977666385e-15
3.729750590874578e-15
3.3313102779062397e-15
3.2243371172144974e-15
3.664640351217156e-15
3.701484795421121e-15
3.376856958541972e-15
3.0966356565938222e-15
2.9906898792166644e-15
3.073052673324726e-15
3.0802686117928368e-15
3.0294496176683425e-15
2.9735315865710608e-15
3.009610699164795e-15
2.632102299695374e-15
2.684277685063664e-15
2.8261936694858694e-15
2.7647633559000396e-15
2.795372411189007e-15
Acceptance rate: 0.3211000000000004
1.6020435215886882e-15
1.889666898084226e-15
1.9800580965808485e-15
2.137722409960253e-15
2.351277927246187e-15
2.5651880938944688e-15
2.4950230196673546e-15
2.867868727840662e-15
2.930404121894648e-15
2.9708810281013152e-15
2.593729884078366e-15
2.918876126899377e-15
2.5283579523236867e-15
2.3305011261013844e-15
2.694916258075041e-15
2.57492454974784e-15
2.7917878457646412e-15
2.7618106783200084e-15
2.8264996013024134e-15
2.743984160117966e-15
2.9760092415227774e-15
3.1774360753393712e-15
2.948658799943148e-15
3.2696691676589175e-15
3.209182160153537e-15
3.291106122433532e-15
3.402673909178041e-15
3.199878617615002e-15
3.2563220869868807e-15
3.4557133337484853e-15
3.973371829830633e-15
3.4810105406943286e-15
3.684086008036528e-15
3.822247956644884e-15
3.98385890210009e-15
3.979933761891811e-15
3.81694271213203e-15
3.86573335258518e-15
4.062327488839727e-15
4.251264770362881e-15
4.1936768761271904e-15
4.341634563322685e-15
4.4041749253339704e-15
4.719930687208622e-15
4.726182878202072e-15
4.401122903937904e-15
4.394261015330407e-15
4.497304275474092e-15
5.027427182544966e-15
4.7090355523858125e-15
4.402308011921379e-15
4.720443860811464e-15
4.554232348176073e-15
4.7996500047178424e-15
4.397157132676709e-15
4.13279565674688e-15
4.11465898115622e-15
3.958134784958963e-15
4.055935278157248e-15
3.783797152494347e-15
3.4644587775197694e-15
3.7926161029967394e-15
3.3691221863529243e-15
3.5240187640658296e-15
3.5028792920733303e-15
3.760263196841155e-15
4.149285941619541e-15
4.626071846004578e-15
4.769084184875559e-15
4.843998800311206e-15
4.578078649587972e-15
4.480046423049441e-15
4.594007083624226e-15
4.602479634485247e-15
4.9067204002401365e-15
4.8106359341093835e-15
4.468524787724824e-15
4.586717980748337e-15
4.269553679343329e-15
4.108058468480661e-15
3.8374104523738695e-15
4.164119514281906e-15
4.427170155110202e-15
5.058241888662256e-15
4.9876151006683305e-15
4.713769640608796e-15
4.5769989447438066e-15
4.465936654967987e-15
4.6530155427502595e-15
4.356190748015334e-15
4.01718526073431e-15
4.798978910092304e-15
4.6249459824750995e-15
5.367640465845661e-15
5.786832169494112e-15
5.973614650120425e-15
6.472620529628124e-15
5.891842140702691e-15
6.668397772890231e-15
6.9671694303581335e-15
Acceptance rate: 0.31708333333333505
4.18628512514088e-15
4.1431471402292225e-15
4.061702348663113e-15
3.862330436247421e-15
3.912149248980166e-15
3.622602778199836e-15
4.029023488647066e-15
4.355759451750965e-15
4.133816234361581e-15
3.967440425579803e-15
3.7239793103380075e-15
4.0879549092017315e-15
3.998648205450722e-15
4.27586559131289e-15
4.70972129304809e-15
4.509657029860734e-15
4.355892300118379e-15
4.366854638389649e-15
4.50641171171683e-15
4.230881259274063e-15
3.936169596188314e-15
3.675478423432354e-15
3.3128245751893996e-15
3.2993719943484236e-15
3.213140550337891e-15
3.070130955966181e-15
2.855028773920878e-15
3.3273409207910847e-15
3.180328882570912e-15
3.173987882247565e-15
3.050046408635053e-15
2.9920924530745554e-15
3.432385273312775e-15
3.787591404340986e-15
3.4838043076595727e-15
3.4653472613904927e-15
3.4357860295618975e-15
3.726468598160239e-15
3.780402552010474e-15
3.763288121340837e-15
3.878139811009282e-15
3.5294764462626837e-15
3.97438166346426e-15
3.8280477406344256e-15
3.907400740722489e-15
4.0461966963622626e-15
3.6701118825141396e-15
3.631788558415222e-15
3.783911280424658e-15
3.68560820652512e-15
3.9782633916507035e-15
4.134994931926332e-15
3.876272467901644e-15
3.780840777705939e-15
3.778509518167548e-15
3.3598092657316068e-15
3.2313729053204437e-15
3.297533334115278e-15
3.3724134477643347e-15
3.2256829629978097e-15
3.400440787045274e-15
3.5100774215841144e-15
3.78183349977965e-15
4.068414325379731e-15
3.917486978908029e-15
3.9048823977444976e-15
3.817837037974356e-15
3.710112374888442e-15
3.690502544066883e-15
3.5767222757104575e-15
3.896212031232598e-15
3.5036877493655353e-15
3.8191604588245525e-15
3.6046496348319844e-15
3.84248543926934e-15
4.106306437450873e-15
4.0264446101972436e-15
4.40748150703085e-15
5.046152717219853e-15
4.920712298275895e-15
4.282538032009201e-15
4.3528124619930525e-15
4.694208319431939e-15
4.799692820496618e-15
4.8519888002936815e-15
4.961412661444408e-15
5.7655090282557436e-15
5.61495436173823e-15
5.280615307734004e-15
5.3873726996457424e-15
5.231956196630439e-15
5.56201440809521e-15
5.7701345729986e-15
6.083809390816075e-15
5.853030089803407e-15
6.205490769849055e-15
6.698061096988841e-15
6.516551094358365e-15
6.4621768638085386e-15
6.298677858268157e-15
Acceptance rate: 0.31735714285714545
3.8232555506472e-15
4.227633504943079e-15
4.344359321503785e-15
4.843190148589631e-15
4.270054245750358e-15
3.9652191483086044e-15
4.265244885854304e-15
4.323217180894205e-15
4.1805036982359675e-15
4.3268740528648195e-15
4.339613338090416e-15
4.963249775533426e-15
4.676706022531966e-15
4.960555775127936e-15
5.1491753244501464e-15
5.212066417219054e-15
4.812081548036083e-15
5.078454113514523e-15
4.99022363076532e-15
5.224801989064376e-15
5.589972171362181e-15
6.09507852756441e-15
5.635971203273574e-15
5.813489073883688e-15
5.9233509895300575e-15
5.9222654675734835e-15
5.602862679663993e-15
5.572834505794211e-15
5.39994644611804e-15
5.9141482802299226e-15
6.84491446011929e-15
6.425893685218183e-15
6.783542662415794e-15
6.544331915651836e-15
6.949809320363757e-15
7.511915446769652e-15
7.533952013690306e-15
7.741540113489792e-15
6.919711064879089e-15
6.243878337352043e-15
6.429556617752084e-15
6.414678647987742e-15
6.9034862796841365e-15
6.308146438561998e-15
6.539166166134867e-15
7.303068744839317e-15
7.659376183708671e-15
7.356663145639399e-15
7.190826019027005e-15
6.768307258906377e-15
6.017753828399587e-15
5.7547981556698596e-15
5.3466641897196886e-15
5.3937843406181315e-15
5.465738593735239e-15
5.019350513645238e-15
6.362650914024463e-15
7.399314173436768e-15
7.292221207996089e-15
6.321863335604591e-15
5.9756263679279214e-15
5.602759569366484e-15
6.435327150935131e-15
6.523509401622921e-15
7.711309118868627e-15
8.05164134742499e-15
8.926679255265293e-15
8.645573360739895e-15
9.017588917006264e-15
8.836778224734397e-15
8.188523264093108e-15
7.960846495555976e-15
7.85046013405745e-15
7.0061844504625626e-15
6.088068170811133e-15
6.187812043412781e-15
6.62565814728783e-15
5.949851715644558e-15
5.869260466802629e-15
6.114931748442116e-15
5.263704103111223e-15
5.716454130153324e-15
5.280182286568761e-15
4.902767684141803e-15
5.088761377999626e-15
5.186981108737296e-15
5.201487909447145e-15
5.6053119889395745e-15
4.784786568566112e-15
5.045227779325315e-15
5.262946596855122e-15
5.786764442113367e-15
5.147851399704621e-15
5.157614004421291e-15
5.261700650432477e-15
5.1238636526172714e-15
4.7800743582516e-15
4.376198003277216e-15
4.1875966292022836e-15
3.823633163967724e-15
Acceptance rate: 0.3165000000000009
2.248888303965785e-15
1.9509328467887257e-15
1.944372539240464e-15
1.974346140050494e-15
1.8553326446967158e-15
1.912209778650849e-15
2.0702878398083135e-15
2.3341026672850943e-15
2.249923075478359e-15
2.070207368069757e-15
2.110862642915201e-15
2.2029241859488442e-15
2.187080395575967e-15
2.1755725260567584e-15
2.388858484277203e-15
2.387882508727497e-15
2.5180305915693468e-15
2.634088995147531e-15
2.5559868513698563e-15
2.56492999017387e-15
2.506135326418932e-15
2.321362012168272e-15
2.227340920957214e-15
2.1772249675818323e-15
2.166965177564377e-15
2.1609547958790463e-15
2.420151028258162e-15
2.4883323885748947e-15
2.5587471318460802e-15
2.6323300766204567e-15
2.5831466267534335e-15
2.6861928493321806e-15
2.6250768893464084e-15
2.8101721719975166e-15
2.7890422531749096e-15
2.665013316416552e-15
2.4080828034670553e-15
2.4669417442368275e-15
2.5750338257905227e-15
2.844527254425861e-15
2.7895082285013676e-15
2.8991406177861667e-15
2.9529676317961633e-15
2.759394363247753e-15
2.7039747715311967e-15
2.303033835755934e-15
2.239148062722721e-15
2.1679909408472025e-15
1.922741555645678e-15
2.0203554341420017e-15
2.22123084534261e-15
2.376629659353654e-15
2.388611643845684e-15
2.4321764197164198e-15
2.3500025691992118e-15
2.217582025241148e-15
2.5371794437143086e-15
2.5054069926136346e-15
2.607752092825279e-15
2.734297469351294e-15
3.1199371001778977e-15
3.425437897265607e-15
3.5081848804834905e-15
3.795428246255993e-15
3.684776556476069e-15
3.4624278946876112e-15
3.5950676211132925e-15
3.3649786144121566e-15
3.2574018124028097e-15
3.0402177689804197e-15
3.1253411787911943e-15
3.16241610639771e-15
3.2266527742566595e-15
3.2153386146652025e-15
3.244214391527032e-15
3.0705612383866344e-15
3.000641155072865e-15
2.86656578586206e-15
3.3156146051323344e-15
3.257958140274958e-15
3.02627052802032e-15
3.334343435567178e-15
3.522683174511442e-15
3.9492237589780425e-15
3.72752980951304e-15
3.783843134787636e-15
4.150170882394879e-15
3.850172774692426e-15
4.027749422973823e-15
4.2318561776573695e-15
4.096442933524347e-15
4.3926223239400024e-15
4.60690348402718e-15
4.487360684237672e-15
4.132400631876539e-15
4.134758445240962e-15
4.2964171572298094e-15
4.632548345250783e-15
4.646432738141165e-15
4.410337774862142e-15
Acceptance rate: 0.31644444444444403
2.6184558558438464e-15
2.380903572844086e-15
2.3528469720225077e-15
2.349458352374288e-15
2.519574785615352e-15
2.8323231032079637e-15
2.703508607379523e-15
3.124155805607093e-15
3.078973038818815e-15
3.0792582805430063e-15
3.066451657770072e-15
3.03026270212399e-15
3.0532199768137205e-15
3.138945768164715e-15
2.925189963182022e-15
3.063719582850502e-15
3.21131092484142e-15
3.3816149097443906e-15
3.613276860166137e-15
3.772758162222773e-15
4.0014521356095504e-15
4.7609622059437076e-15
4.875565329616331e-15
4.819442202957149e-15
4.513027815308089e-15
4.456954213894623e-15
4.7648726605729575e-15
4.325910349100722e-15
4.81614360403482e-15
5.677518725970102e-15
5.703228674401663e-15
6.15569088633191e-15
6.289567275961892e-15
5.955217948309964e-15
6.2812578657895025e-15
6.0314144764697835e-15
6.98280611342254e-15
6.934543359212172e-15
7.0690648585575785e-15
7.169921523822977e-15
6.562544067749021e-15
6.619617837247317e-15
6.2255535249551e-15
6.977807146654453e-15
6.4084546913207655e-15
6.492375715801035e-15
6.476467403160176e-15
6.082735132990571e-15
5.926654425768248e-15
5.730057544922983e-15
5.107020001359922e-15
5.19785410058596e-15
5.231821719403208e-15
5.037857185565747e-15
5.2199118136961925e-15
6.101819382299894e-15
6.262451386559533e-15
6.1261894424425685e-15
5.854938207492158e-15
5.389866162131285e-15
5.561092823042064e-15
5.398685163566793e-15
5.211285449475569e-15
4.584053080280493e-15
4.476177127475373e-15
4.189054868348447e-15
4.259587080747079e-15
4.389705075371655e-15
4.437936294166523e-15
4.9389179187721875e-15
5.681659750943383e-15
5.801331653240055e-15
5.872015457632427e-15
5.596590614950542e-15
5.514139294212373e-15
5.705655748082538e-15
5.433184691625626e-15
5.212825131618215e-15
4.993169356295646e-15
4.948860569299545e-15
4.994307817027813e-15
4.86975963141448e-15
5.532726672880718e-15
5.371624020288015e-15
6.056200246837145e-15
6.283191675704898e-15
6.6314531369367004e-15
6.552564750643331e-15
6.5186799085409336e-15
6.9486829096993235e-15
7.0628688178563965e-15
7.084333768640649e-15
6.840679786515472e-15
6.889815317905676e-15
6.399457439961628e-15
6.343846588957238e-15
6.203000011268283e-15
5.450218706232653e-15
4.7349459169672496e-15
4.597760343980095e-15
Acceptance rate: 0.31539999999999907
Sampling time (10 samples): 5159.1771 seconds
