/scratch/users/yanlan/TroubleShooting/SMslope/Output/AM_PM_ET_168_426_00
4.9363372413617494e-08
2.263845894920847e-08
1.0697953550529728e-08
4.907054236605491e-09
2.4074420341622544e-09
1.2838991968013584e-09
7.365661450973711e-10
4.245482460073264e-10
2.5567658678154115e-10
1.3391728632315688e-10
9.044457111067113e-11
5.67297624621924e-11
3.3698885982190634e-11
2.431269432156975e-11
1.5733754648776443e-11
1.2258546412250803e-11
9.150601646776297e-12
5.845914662176719e-12
4.456180796995393e-12
3.0486929558686882e-12
2.0002689475510657e-12
1.4282873282700278e-12
1.1502518401912846e-12
8.051237306377932e-13
6.447070780427473e-13
5.167342799968788e-13
4.128602595869991e-13
3.3875248107151984e-13
2.443519263536922e-13
1.8962445895292716e-13
1.3946836652655805e-13
1.245703585228223e-13
8.857575404568294e-14
7.388549707054682e-14
6.880699567914111e-14
6.342023998185875e-14
6.654789174513198e-14
6.336725041887469e-14
5.1258114833701696e-14
4.0860338427849054e-14
3.3272238280359766e-14
2.5527145108148197e-14
2.17722959333872e-14
1.8819619374785224e-14
1.7661500895740667e-14
1.601728752703475e-14
1.3345474409523987e-14
1.0677088660797875e-14
9.150008335871818e-15
8.044449662318898e-15
6.912911829028178e-15
6.528606174391355e-15
6.1665972160968765e-15
5.240876227847294e-15
4.640609807234525e-15
4.192790460210883e-15
3.568785981464452e-15
3.4817184379853222e-15
3.437213474969574e-15
3.205782597342688e-15
2.855217474962556e-15
2.698134060826548e-15
2.6062880528670518e-15
2.382984449058414e-15
2.2093666491004844e-15
2.1532160286105377e-15
1.9489301643406325e-15
2.102933010499639e-15
1.8082093344270006e-15
1.6432277468368412e-15
1.5444949417034565e-15
1.5208281200145991e-15
1.3734495559155438e-15
1.2940201022597994e-15
1.0535298477941694e-15
1.0618218398071429e-15
8.91977847941572e-16
8.410397339388848e-16
8.884909903416647e-16
9.407506284267757e-16
9.960387773783964e-16
9.208584668190713e-16
9.553105969821803e-16
8.922202696426678e-16
7.535450754980886e-16
7.244971479578331e-16
6.717268935494952e-16
6.438167247707888e-16
5.391820143955816e-16
4.162399369321167e-16
4.151457069405013e-16
3.954728326187403e-16
3.681395224418318e-16
3.715674584287274e-16
4.354855473648832e-16
4.297415172826712e-16
4.2157256400343014e-16
4.0098741117213283e-16
4.168968572923504e-16
4.2036469721756037e-16
Acceptance rate: 0.26700000000000024
2.1701491008069996e-16
2.223475127996144e-16
2.4778260673412234e-16
2.1629192098760333e-16
2.0472704840596816e-16
1.9999113084864354e-16
1.9584798639908212e-16
2.0091826513924685e-16
2.0770290576206579e-16
2.6459962734101777e-16
2.955440908075113e-16
2.7758302616373605e-16
2.5148465606852935e-16
2.278161866157198e-16
2.2325407537486654e-16
2.1413609224638514e-16
1.9921905722542718e-16
2.092505206128858e-16
2.252950228675084e-16
2.1747300678612635e-16
1.98531993851368e-16
1.8511404321489356e-16
1.9166548354629725e-16
1.82813679893497e-16
1.9974942877707607e-16
2.079152546445846e-16
2.1088782259324246e-16
2.541137292183231e-16
2.654525121079966e-16
2.822417229866347e-16
3.0048537963927764e-16
2.8072075057176867e-16
2.767900150423381e-16
2.624597713881792e-16
2.1752863695903832e-16
2.017311162068498e-16
2.1070300149200382e-16
2.4964291451251464e-16
2.6071229035504296e-16
2.522434898602883e-16
2.4205471491485306e-16
2.482457509459503e-16
2.5210752132743416e-16
2.8040534578916847e-16
2.9073997815871317e-16
2.958167246971417e-16
2.842515324458734e-16
2.6085769225007697e-16
2.6678544276185584e-16
3.224835352707867e-16
3.1043525700647076e-16
2.989921448168713e-16
2.9061858136507147e-16
3.1492591470346646e-16
3.2051218643022327e-16
2.8259206714166777e-16
2.403825072961408e-16
2.2828805095044734e-16
2.421542566447859e-16
2.4929711365696446e-16
2.760351347459843e-16
2.428164153080599e-16
2.269306159739764e-16
2.1719771841674894e-16
2.223331141125364e-16
2.4789308497022214e-16
2.5093108011014324e-16
2.5776419175702305e-16
2.3522136696715035e-16
2.171767946950875e-16
2.338176106315193e-16
2.450124012143557e-16
2.4197195409309623e-16
2.5256758677993424e-16
2.2165449599302498e-16
2.14203988269146e-16
1.8363403633369348e-16
1.931777077514564e-16
1.9382028965845657e-16
1.8415226166050431e-16
1.6884945077077114e-16
1.6099162286627577e-16
1.7242741931844052e-16
1.5614724094505996e-16
1.6143185288301194e-16
1.610104671797223e-16
1.868653444215103e-16
1.6631877056344541e-16
1.7153739285967573e-16
1.5861760762009055e-16
1.4610482216422258e-16
1.3311476451884293e-16
1.2759124905768626e-16
1.3488706596204957e-16
1.4143860625888784e-16
1.6797057858574675e-16
1.71742312798554e-16
1.5902356163700238e-16
1.4101778460677288e-16
1.3883479583710863e-16
Acceptance rate: 0.2785000000000006
7.803105210983631e-17
7.538705950789271e-17
8.107014056091829e-17
9.31439825246604e-17
9.550727872006086e-17
8.306381381453243e-17
1.0129002836909616e-16
1.0287506020541652e-16
9.858373473680815e-17
8.816231317547696e-17
8.644231150283156e-17
9.352192827352648e-17
8.477624893875607e-17
7.941646942592583e-17
7.093200704586321e-17
8.241644479383955e-17
8.715164620316434e-17
8.345736441163054e-17
9.826752292326392e-17
1.0092565793036891e-16
1.0751434855478668e-16
1.158350596254215e-16
1.1938239394910747e-16
1.2723011114787688e-16
1.4000437250084582e-16
1.4885524418400483e-16
1.538967470707962e-16
1.7445931457803298e-16
1.5419914251739954e-16
1.4159004863157101e-16
1.4272602427877305e-16
1.392869865424185e-16
1.323596202610276e-16
1.2622728965132496e-16
1.1272587221934788e-16
1.0606530163847931e-16
1.114265584744097e-16
1.0446609543478522e-16
1.113685295140111e-16
1.180393237477022e-16
1.0339005434003017e-16
1.116515824066508e-16
1.06752005908218e-16
1.0141020462895575e-16
1.08982873752515e-16
9.996379301126371e-17
9.24355513379601e-17
9.673968306395843e-17
9.880903571399418e-17
1.056973801763644e-16
1.1043379421972288e-16
1.235489963870156e-16
1.3494820504468986e-16
1.1570722481845504e-16
1.0096636013748049e-16
1.0057606400217756e-16
9.689667394234278e-17
9.320087503486096e-17
8.66115105203601e-17
9.280253655707676e-17
1.0602080695146676e-16
1.1175185260401494e-16
1.1580575173996753e-16
1.0552158431528745e-16
1.187047394340874e-16
1.2146029416079163e-16
1.179883757416386e-16
1.07966739719373e-16
1.2923810696023916e-16
1.2575640617492532e-16
1.4742024404960532e-16
1.4820135803807113e-16
1.522855509090995e-16
1.508545465224578e-16
1.7458322882475387e-16
1.507732181897938e-16
1.9471974904881063e-16
2.3538883273074115e-16
2.655318683067532e-16
2.6004424314700075e-16
2.5696093189164345e-16
2.556847759914893e-16
2.3334153058446663e-16
2.377696098130726e-16
2.3590317639033956e-16
2.5112369161541e-16
2.5212404796315597e-16
2.0987981536702247e-16
2.318456985295941e-16
2.4034361646812933e-16
2.3515056234512613e-16
2.085784331801042e-16
2.1733726181941257e-16
2.0656793349698216e-16
1.8892687373624196e-16
1.928244307919658e-16
1.9948267709335325e-16
1.9833817168423787e-16
1.9768287749395978e-16
1.8815432854758982e-16
Acceptance rate: 0.28366666666666684
1.1265720996763565e-16
1.2633298031625296e-16
1.2655737643523638e-16
1.2970631824030594e-16
1.2037916780657476e-16
1.2709552403252166e-16
1.3435752694095112e-16
1.4159266156171556e-16
1.5118947787622055e-16
1.5647201020278014e-16
1.6997551842059414e-16
1.755827900188927e-16
1.8796324977716226e-16
1.7816712205819268e-16
1.7804045210979417e-16
1.8465526691722624e-16
1.6911536818412653e-16
1.6168734205379176e-16
1.7238357468165193e-16
1.6202745795144476e-16
1.5515427449386362e-16
1.4277824311022673e-16
1.5153120117422678e-16
1.5825088145422605e-16
1.489952718032061e-16
1.498310341134689e-16
1.6385172008739733e-16
1.6524317772078966e-16
1.6379995465705658e-16
1.746333351915353e-16
1.7619438649813547e-16
1.5150646614479464e-16
1.4542461830140506e-16
1.5269261309540428e-16
1.6960992964387734e-16
1.6649233481253156e-16
1.5717930554954447e-16
1.5591325724660711e-16
1.704295323704326e-16
1.669603879791402e-16
1.605155710093288e-16
1.5406725494033387e-16
1.4284215765114223e-16
1.269297737201063e-16
1.4769905173771802e-16
1.3298039912320422e-16
1.346529516683303e-16
1.2919403822571722e-16
1.1687329577074561e-16
1.1079597356713783e-16
1.1326209792365036e-16
1.1407858656164892e-16
1.1049904865816838e-16
1.0324411093908413e-16
9.138611806465475e-17
8.930683667445399e-17
9.424900906065798e-17
1.0127459686776319e-16
9.554741677732216e-17
1.0479475745145344e-16
9.19120231869575e-17
9.11646540169832e-17
8.827285563854873e-17
9.124654463120187e-17
8.608365430499648e-17
8.870413123389218e-17
8.864188157292206e-17
8.800676688193166e-17
7.95046273149591e-17
7.522832317531848e-17
7.396375791230187e-17
8.236918763517721e-17
8.413664066595752e-17
8.38950634457459e-17
8.243785456122048e-17
8.179603548368829e-17
7.544121039553322e-17
7.599406842915416e-17
7.698714352754792e-17
8.438423025980485e-17
7.960155170733189e-17
7.81489883945203e-17
7.435392644531878e-17
7.458778030983503e-17
7.361653291941134e-17
6.936821152144502e-17
7.600354680749072e-17
8.415607734082739e-17
1.0809032554336411e-16
1.155944324263364e-16
1.1070078767522027e-16
1.2525249653597355e-16
1.3153107201671538e-16
1.3117848834429142e-16
1.0849886296223794e-16
1.4805089458491524e-16
1.3968998357556226e-16
1.318187140421702e-16
1.2618441241640518e-16
1.1444775497324756e-16
Acceptance rate: 0.2826249999999992
6.659376178594022e-17
6.535469446256242e-17
6.832569616912586e-17
6.489920277669454e-17
6.3838464411745e-17
6.148553668173253e-17
6.032286428097265e-17
5.724909212550052e-17
6.07928715761675e-17
6.138881034941098e-17
7.14442214914174e-17
7.235897128307807e-17
7.801790830811805e-17
7.707585593624504e-17
7.084870666977025e-17
6.579476012867935e-17
6.857758312064167e-17
6.17000326422061e-17
6.372818049022056e-17
6.530630150223968e-17
7.269260951960385e-17
8.769546768416195e-17
8.861861032275572e-17
9.079253256420693e-17
9.33350400208667e-17
8.798555712306192e-17
8.768143368330009e-17
8.601883955317746e-17
9.686160039735187e-17
1.0441309689124659e-16
1.1328013548106625e-16
1.1856352664500497e-16
1.0686418503714221e-16
1.0037068531359042e-16
9.6144977006796e-17
9.038863851737164e-17
9.240137036496972e-17
8.97167513317221e-17
1.0217641344909645e-16
1.1481607227138114e-16
1.1326007230722828e-16
1.123450737345154e-16
1.1498320249831863e-16
1.1716152449497e-16
1.2492974438266668e-16
1.2127877577630374e-16
1.1763025091839865e-16
1.2664464411502e-16
1.4231622742501325e-16
1.4048702743062428e-16
1.3571735477197337e-16
1.386244408174594e-16
1.4082021030399492e-16
1.3876810551355607e-16
1.3267224613957311e-16
1.5171457793896985e-16
1.4912409216679e-16
1.8629711015814903e-16
1.8367460811271425e-16
1.8578881124426392e-16
1.9708564061631864e-16
2.054218622608176e-16
2.270561370651825e-16
2.2689139851023635e-16
2.114329255592596e-16
2.1777254364543377e-16
2.1904607210193115e-16
2.0868857596249425e-16
1.9815617761411617e-16
1.8240651078984913e-16
1.5433848507589035e-16
1.5171478232930675e-16
1.5388833309253248e-16
1.6448798486108606e-16
1.4567206058348416e-16
1.3630307796054462e-16
1.310205952208657e-16
1.263240368669034e-16
1.217870957166184e-16
1.110936573490001e-16
1.2668221079055843e-16
1.4748964527733425e-16
1.5641996059260848e-16
1.4216911272390968e-16
1.7090928850292418e-16
1.6957715099530433e-16
1.5300735808644065e-16
1.5904089654936478e-16
1.4408726708702492e-16
1.6588113119802453e-16
1.6667569401217702e-16
1.8609415050479668e-16
1.7820405632080682e-16
1.7898080267555952e-16
1.7146498416853099e-16
1.667921371543718e-16
1.766627775011415e-16
1.7462884500405275e-16
1.5134875566850488e-16
1.83459758722105e-16
Acceptance rate: 0.2886999999999994
1.0757763521085033e-16
1.1704065854846616e-16
1.19222421512377e-16
1.3909555748125976e-16
1.3870695563923763e-16
1.3771655751949675e-16
1.495299955427999e-16
1.5318131569470204e-16
1.6678162768151337e-16
1.91851360752072e-16
1.8355542248675044e-16
2.1713057442289055e-16
2.0225024091841384e-16
1.8281063938056735e-16
1.7002101703737554e-16
1.9429987703567617e-16
2.0867482187095412e-16
1.9614448970148027e-16
2.1352204302148172e-16
2.1930490414502458e-16
2.0734325924516233e-16
1.957208208061434e-16
2.1623554836387653e-16
1.9092113958674264e-16
1.992839499658198e-16
1.8909580783679398e-16
1.876122933105898e-16
1.7130028252824336e-16
1.749664867717788e-16
1.8930455781974062e-16
1.9812546062094053e-16
1.955938540610403e-16
2.2283001988140813e-16
2.047364233639904e-16
2.0032088428352227e-16
2.093558645242265e-16
2.268619335447872e-16
1.865778774200565e-16
1.595782417872205e-16
1.5867199469622284e-16
1.8332429676040566e-16
1.99819159732331e-16
2.0836303253189731e-16
1.994350071231001e-16
2.1854542738172796e-16
2.2776430882888514e-16
2.404387021174604e-16
2.2078286523663474e-16
2.0089687843072345e-16
1.897667789410398e-16
1.9671004137477907e-16
1.9256480366058263e-16
1.7694048314016842e-16
2.0131478506401529e-16
1.9916912402095412e-16
2.0079573540286319e-16
2.0130534174378705e-16
1.9957362693765032e-16
1.9485852143582247e-16
1.9544819611156456e-16
1.877127371448267e-16
1.7378068422677036e-16
1.761701482620914e-16
1.8470673562658437e-16
1.8171439994200237e-16
1.7346990519020255e-16
1.9984937883545777e-16
1.9788459580586747e-16
1.787194738070208e-16
1.8098259303244582e-16
1.5920800570322364e-16
1.497728150552616e-16
1.3705847209448966e-16
1.358356095308279e-16
1.3225570121373337e-16
1.2607735628807546e-16
1.2435081416762448e-16
1.2373663861997066e-16
1.4283267660479713e-16
1.5052209607697906e-16
1.4882813675238896e-16
1.3935852753363447e-16
1.3008102819189592e-16
1.3169669879108363e-16
1.158426535507556e-16
1.0209327693823266e-16
1.0846515860277886e-16
1.1434093743005435e-16
1.1250330919775042e-16
1.01499742152646e-16
1.1702559065202862e-16
1.5813380263355403e-16
1.6659661211428252e-16
1.4971461014095429e-16
1.3743123762710422e-16
1.4327152035497282e-16
1.556367773417786e-16
1.5531087549891098e-16
1.818551664983461e-16
1.7793789554928974e-16
Acceptance rate: 0.2891666666666672
1.0436987467069115e-16
1.011923941690764e-16
1.185477498192543e-16
1.1557497988574796e-16
1.2481820812297174e-16
1.3349420938773156e-16
1.4658315254316105e-16
1.5361915864861278e-16
1.484532717798013e-16
1.3732740250578312e-16
1.3823041588697225e-16
1.5621034698298603e-16
1.8475126464095402e-16
1.716165127078492e-16
1.9705661164729006e-16
2.1817834332367016e-16
2.043922853202095e-16
1.8951742766074477e-16
2.2372446595531987e-16
2.2310815908693904e-16
2.0573499536344425e-16
2.1743895918657962e-16
2.498446913126293e-16
2.58144299102135e-16
2.447357644633445e-16
2.5029685197647154e-16
2.6357295926302343e-16
2.6120017357525454e-16
2.8750493034692834e-16
2.7274976005883003e-16
2.906361350568602e-16
3.2974081564025086e-16
3.147424272546068e-16
2.9891422105966713e-16
2.7797088299600694e-16
2.822690238000292e-16
2.726131269051499e-16
2.729241063732964e-16
2.597010607162717e-16
2.4463031597135864e-16
2.776893216525258e-16
2.623008542694483e-16
2.556451274692452e-16
2.889521287978761e-16
3.2001986884574197e-16
3.205744791860672e-16
2.939424523208559e-16
2.8583896673997908e-16
2.834689171254357e-16
2.626382448073228e-16
2.933818821212912e-16
2.8685468747829845e-16
2.5401414776729926e-16
3.188086174344854e-16
2.777836460387362e-16
2.47942185974399e-16
2.312041321140223e-16
2.1363733835423516e-16
2.0446162967118522e-16
1.9867707122537326e-16
2.0872245534043923e-16
2.1092022362039594e-16
2.591481528118666e-16
2.2169465845395649e-16
1.9602055831601106e-16
2.1956658038737987e-16
2.0558772320474708e-16
1.998967783604259e-16
2.0826018147097734e-16
1.9985793853574063e-16
2.2993426523296196e-16
2.417201215847347e-16
2.474101863402548e-16
2.2593412199919974e-16
2.071664839691813e-16
2.156836406960999e-16
1.7896053285518564e-16
1.7918079923884814e-16
1.7688415572907185e-16
1.7806808033359957e-16
1.7027299616620641e-16
1.481480025779227e-16
1.5695533764027102e-16
1.6648101053152327e-16
1.514804746094774e-16
1.4986749722097932e-16
1.7403525558233395e-16
2.180987341846655e-16
2.22172959231924e-16
2.1790752891168109e-16
2.386988062017712e-16
2.234810508872897e-16
2.116755212702643e-16
2.2385825050758996e-16
1.9355168355103272e-16
2.0092783600702974e-16
2.1105488879899233e-16
2.0813820310010667e-16
2.29826049064013e-16
2.4303126633693824e-16
Acceptance rate: 0.28642857142857187
1.4631879854860534e-16
1.5784371985682257e-16
1.592620307958111e-16
1.5339437514765663e-16
1.3972263933356868e-16
1.3791184605832617e-16
1.3199275944138262e-16
1.4471294497923415e-16
1.5698883892011307e-16
1.7238970593041155e-16
1.8275566664743567e-16
2.004086102443438e-16
2.0142827537667062e-16
2.0038353339672547e-16
1.8257992350951436e-16
2.1121377889833094e-16
2.222421739572399e-16
2.188780176122252e-16
2.0082653444765373e-16
2.0523012155381825e-16
2.0308208978847369e-16
2.219001936854405e-16
2.432947604604694e-16
2.8271718616009895e-16
2.482104224086507e-16
2.6530811684485256e-16
2.476277853377359e-16
2.535713528484307e-16
2.6339420062060453e-16
2.645413675312035e-16
3.159041509199812e-16
3.297053699200873e-16
3.5057250578149727e-16
3.263246117076693e-16
3.183750454397109e-16
2.9718031670827294e-16
3.3356431303888913e-16
3.2230447955129194e-16
3.257535208285618e-16
3.376880540553957e-16
3.2158884138323834e-16
3.4245635822853283e-16
3.828730274561368e-16
4.034010411773855e-16
3.777437842814582e-16
3.6015915766969564e-16
3.5647603268421505e-16
3.791287407818191e-16
3.4248750441590813e-16
3.748909129094321e-16
3.4736400478264003e-16
3.7942355968058214e-16
3.506487806078113e-16
3.4208986187162015e-16
3.125483408380306e-16
3.5400032037997e-16
3.746494335861576e-16
3.6586850937151175e-16
3.401966858085463e-16
3.8514244148618356e-16
3.570251346323618e-16
3.161835817119221e-16
3.377779988926578e-16
3.4167538284636763e-16
3.821737958505603e-16
4.167581387879074e-16
4.470826334022623e-16
4.414510613362744e-16
4.480208122843688e-16
4.124401199540885e-16
4.0435040955972413e-16
4.0788414534187193e-16
3.9754599625547036e-16
3.817935744387016e-16
3.71450114539371e-16
3.2176833608666206e-16
2.9516385399935626e-16
2.939503072927962e-16
3.4054447189376936e-16
3.426077883243214e-16
3.3372304833525053e-16
3.123236166169611e-16
3.0881362152546325e-16
3.41464611336605e-16
3.2059158706036635e-16
3.5003515001617397e-16
3.1171583199490003e-16
3.615763858341533e-16
3.519084708367863e-16
3.5551175536669934e-16
3.5744714592918007e-16
3.3437496283166103e-16
3.070920291434988e-16
3.2767756181211864e-16
4.2983810633027034e-16
3.855645050095498e-16
3.5397610084043e-16
3.836215797859296e-16
3.5704986650643317e-16
3.925899820328849e-16
Acceptance rate: 0.2859375
2.397052523643166e-16
2.4529296292548573e-16
2.4822918661726163e-16
2.322012950384526e-16
2.5820199909351926e-16
2.406043475022495e-16
2.2703213191365145e-16
2.444597745052999e-16
2.4119232295922882e-16
2.4536325831462866e-16
2.322086293801417e-16
2.4572222069595983e-16
2.7619299448910416e-16
2.7118457112494397e-16
3.6970164675298064e-16
3.619973070658473e-16
3.4571868960733725e-16
3.246402074680256e-16
3.029270596758059e-16
3.138623648616896e-16
3.002110503228932e-16
2.917334081192278e-16
3.581311614123093e-16
3.7784066519036345e-16
3.9984374668274653e-16
3.994634158245066e-16
3.961512344694876e-16
3.696213857323229e-16
3.972895203759911e-16
3.803790775588102e-16
3.7468238742111215e-16
3.620532508839633e-16
3.769523705789058e-16
3.384746606571193e-16
3.5908257831670823e-16
3.617723720526719e-16
3.6285820566332653e-16
3.9562946644104636e-16
3.6458020529284125e-16
3.8095513586565535e-16
3.780130171013098e-16
3.9027006319932265e-16
3.9252340482111114e-16
3.8945408367847167e-16
3.684108147418135e-16
4.4019543883574836e-16
4.480942952003279e-16
4.3104629253468533e-16
4.184966885632971e-16
5.243244499849432e-16
4.983775632039244e-16
4.952852978249172e-16
4.606051445067338e-16
4.631875257422689e-16
4.477825034843957e-16
5.023924525439509e-16
4.797772568965077e-16
4.3854861446359564e-16
4.739717266144685e-16
4.4389201544588877e-16
5.063649499873801e-16
4.892011080733032e-16
4.476810462560818e-16
4.407376739401926e-16
4.1572661056625853e-16
3.999487657534956e-16
3.7765007197691173e-16
3.501813920418815e-16
3.927065337577247e-16
3.716800052171975e-16
3.5550701523454657e-16
3.4356811354284796e-16
3.526782056170603e-16
3.470386203424963e-16
3.465192303198136e-16
3.263914959989985e-16
3.1689631821947586e-16
3.02467564082388e-16
2.932101404121255e-16
2.7880472480360386e-16
2.632912088028005e-16
2.550702660987629e-16
2.5080483253730274e-16
2.341145239457293e-16
2.4940414266652505e-16
2.654370340871827e-16
2.6963562905746754e-16
2.6096365793434655e-16
2.5974173646506093e-16
2.941362962529046e-16
2.7963215338862156e-16
2.580859430011928e-16
2.5640943724911986e-16
2.853802537675415e-16
2.6441025236348934e-16
2.552994939337431e-16
2.628580402595425e-16
2.516592136342512e-16
2.429080516480159e-16
2.3064094151735563e-16
Acceptance rate: 0.2862222222222217
1.405015679895047e-16
1.3450184604224693e-16
1.3815392911229598e-16
1.4699852004772655e-16
1.4716900382049807e-16
1.4675468383081248e-16
1.322315628711535e-16
1.5351139945653903e-16
1.6336333512908165e-16
1.4669117108369832e-16
1.3162054946128147e-16
1.2062158559652492e-16
1.2865710831156711e-16
1.2617908455439646e-16
1.3130594967790087e-16
1.341722687981259e-16
1.3377297303768043e-16
1.453170916113439e-16
1.438328996400503e-16
1.2625508368412686e-16
1.1587354830029584e-16
1.1950320650138952e-16
1.316847270999119e-16
1.2697368304269696e-16
1.1614222367753395e-16
1.188996753398398e-16
1.4085968375123796e-16
1.2916864072199504e-16
1.2434801082055288e-16
1.2152183969064621e-16
1.3077215591389786e-16
1.319239683720894e-16
1.2613348982210277e-16
1.183371988993143e-16
1.13094746929623e-16
1.3059632726546772e-16
1.2891879604893126e-16
1.3468762436536784e-16
1.3411226100890487e-16
1.2818335620082459e-16
1.3333035256400176e-16
1.3335549607077404e-16
1.4587881543855843e-16
1.614358577444269e-16
1.606130712396704e-16
1.6376117016860732e-16
1.604946261333523e-16
1.7710248470679083e-16
1.7164031091837343e-16
1.7383010296865335e-16
1.8555525925986634e-16
1.775797272024111e-16
1.70472020920517e-16
1.806042567257378e-16
1.6158895265102633e-16
1.5234654964965127e-16
1.4544137311095404e-16
1.3241206812272346e-16
1.2775503432933936e-16
1.313668115383791e-16
1.2639481969400084e-16
1.4289951743893978e-16
1.448882749228685e-16
1.5205370161986466e-16
1.6247028439331558e-16
1.7112419378329194e-16
1.8588262080632722e-16
1.8914757893006593e-16
1.9434695160917401e-16
2.0028164263691334e-16
2.2773705557129087e-16
2.2903991770605213e-16
2.214722230430395e-16
2.2388512500038483e-16
2.1535499153839646e-16
1.9714155225116603e-16
1.7997532994785254e-16
1.554318005124805e-16
1.8154880220505396e-16
1.7154260697924875e-16
1.6999942069387782e-16
1.6945590344753265e-16
1.7350633075528245e-16
1.7879955751517056e-16
1.8157049484651914e-16
1.7930200256196747e-16
1.4629320018395203e-16
1.349556032402096e-16
1.3777230507420841e-16
1.3390042861311297e-16
1.314227354507258e-16
1.228192910180247e-16
1.3764290114055726e-16
1.521804225273699e-16
1.5764024287624449e-16
1.4705330368067692e-16
1.3241407249393627e-16
1.3483622736145352e-16
1.3072861667416872e-16
1.3760613970663359e-16
Acceptance rate: 0.2856000000000007
Sampling time (10 samples): 5569.3650 seconds
