/scratch/users/yanlan/TroubleShooting/SMslope/Output/AM_PM_ET_175_373_00
5.027589119708552e-08
2.4030577508017433e-08
1.178141957454299e-08
6.530554483594304e-09
3.863350426331098e-09
2.224248823159261e-09
1.2456331380770047e-09
7.030939202604594e-10
4.054582642938684e-10
2.3922885892432337e-10
1.4655142466893338e-10
9.673017049799958e-11
5.849450786250215e-11
3.9493067925804223e-11
2.7817383903099455e-11
1.8063752475816446e-11
1.2595375907912375e-11
9.060721295728472e-12
6.750048992078567e-12
4.856204390358874e-12
3.527748386341388e-12
2.7963549219601863e-12
2.3254239606981343e-12
1.6392497423861389e-12
1.0700942441371579e-12
8.309571514497101e-13
6.680078552499002e-13
5.336809241574305e-13
3.9605105274916e-13
3.6991032446791493e-13
3.2639815865229754e-13
2.689161824401138e-13
2.0959983216007113e-13
1.7112769101814044e-13
1.3636433433015228e-13
1.230741025102115e-13
1.0837919780812274e-13
1.1167537479324006e-13
9.287500038733465e-14
8.121134198810215e-14
6.869693564339529e-14
5.494759800919104e-14
4.223803837187118e-14
3.376487810782235e-14
2.996802394170453e-14
2.596020793102484e-14
2.263452988317542e-14
2.1064506495164475e-14
1.8495637256802898e-14
1.7754800517385507e-14
1.616648225909546e-14
1.3852699752124209e-14
1.1894814454192758e-14
1.0977050688883505e-14
9.769372810163165e-15
1.0874788777272658e-14
1.0563293092739577e-14
9.91232871084965e-15
1.0075903508819652e-14
1.0158664926669876e-14
9.861169733130938e-15
8.892586297008545e-15
8.246267839965237e-15
8.23527376288826e-15
8.69302613402456e-15
9.081539527361555e-15
8.189607628555462e-15
7.8680417803832e-15
7.242378101286678e-15
7.290172688623766e-15
8.12114735409399e-15
7.721594191453737e-15
8.330712196390181e-15
7.216334526538094e-15
6.062925686476134e-15
5.952067178890255e-15
5.9015164553182844e-15
6.014254567678427e-15
5.789930279383482e-15
5.7667042983466584e-15
5.907788203042417e-15
5.328879382857755e-15
4.517596175093137e-15
4.585183390320651e-15
4.166523755221677e-15
4.1033589248710385e-15
3.563930653077613e-15
3.277959436417469e-15
3.741384481364329e-15
3.305442040015458e-15
3.2495966968696126e-15
3.4669423440189638e-15
2.8882323094492958e-15
2.675863568732573e-15
2.6781541441194857e-15
2.484608907685645e-15
2.477460625691483e-15
2.7079727022347913e-15
2.871982678563134e-15
2.653084914125881e-15
Acceptance rate: 0.2959999999999997
1.3722356646461316e-15
1.3273101668930238e-15
1.2375486233790092e-15
1.2379091027079796e-15
1.1418810470883853e-15
1.0928619762026605e-15
1.0391210532662579e-15
9.683718865493248e-16
9.563283936792015e-16
1.0051781229834461e-15
9.384870643246886e-16
8.266473591227445e-16
8.118221197289521e-16
7.67223482635977e-16
8.343659045283263e-16
7.688298766915073e-16
7.441034700386201e-16
7.435362440773251e-16
7.184875439974003e-16
7.297663335170809e-16
7.271941019853243e-16
8.431114408815144e-16
9.687192185047493e-16
9.568336192973523e-16
9.260021768774665e-16
9.896169974446094e-16
1.1263767283951327e-15
1.0612882180446965e-15
1.1986554022672794e-15
1.1954413969244912e-15
1.1692883914630021e-15
1.1148361143505408e-15
1.1318408822364154e-15
1.3412629839080748e-15
1.2960288831591863e-15
1.4240347825393323e-15
1.5326751575578085e-15
1.5438408587686034e-15
1.5619297692173221e-15
1.5315046234374175e-15
1.513065036083349e-15
1.3409583158308665e-15
1.1639726608907087e-15
1.2405150955904214e-15
1.2638328337630471e-15
1.4158342619769215e-15
1.553113717690359e-15
1.6726800129043768e-15
1.6909135944712242e-15
1.6515193424284083e-15
1.7196222176498046e-15
1.5493200841345854e-15
1.3783055182469128e-15
1.3361214028214764e-15
1.4589664155227118e-15
1.356355905606707e-15
1.2875734471299518e-15
1.2471562020178924e-15
1.321332998745003e-15
1.3829558595473807e-15
1.4056208887895663e-15
1.4080393645626433e-15
1.4006393384072756e-15
1.509681538743984e-15
1.4551457544887327e-15
1.4615679938414615e-15
1.5362535649227796e-15
1.5348050928284701e-15
1.5952979645121713e-15
1.670863200219646e-15
1.7699955960908049e-15
1.5353045152108023e-15
1.4371773334432506e-15
1.6058278110249742e-15
1.460781432384738e-15
1.516456763130276e-15
1.4658613153560885e-15
1.406990630873234e-15
1.2601987734470475e-15
1.3751680100197641e-15
1.3381948408390708e-15
1.4533936662482003e-15
1.4099802160085078e-15
1.506997942838313e-15
1.4254859943346599e-15
1.4728518041469228e-15
1.3688917528006431e-15
1.2764336006008166e-15
1.2352838050384561e-15
1.2274839325179443e-15
1.2265441128186896e-15
1.267878738088124e-15
1.285820755516204e-15
1.2621272108215315e-15
1.3894042782506008e-15
1.3953470700816929e-15
1.336933202490931e-15
1.2818639206391658e-15
1.1843410336466725e-15
1.195602687790497e-15
Acceptance rate: 0.29675
6.593628039461405e-16
7.69870051961644e-16
8.259577918322325e-16
8.224922273342037e-16
9.038121162638281e-16
9.30889398694571e-16
9.225397713461898e-16
1.0649378556336932e-15
1.1126303643901664e-15
1.1035436383013605e-15
1.002787984522661e-15
9.344499092647683e-16
1.0784134392075256e-15
1.1450232143555024e-15
1.0917543082169876e-15
1.11019550376675e-15
1.064264066767746e-15
1.1749571533403287e-15
1.2208719727201094e-15
1.1595801324355666e-15
1.0835116854265296e-15
1.1768411335935419e-15
1.2402985389380263e-15
1.267800310964373e-15
1.2447806038596094e-15
1.1649076038219677e-15
1.1330320755183353e-15
1.2820343467997075e-15
1.429099487249871e-15
1.3039804880432544e-15
1.3723602573550723e-15
1.3788726837162793e-15
1.3625347530487577e-15
1.5486791157049489e-15
1.5796098952570492e-15
1.5684552737157908e-15
1.661923017471001e-15
1.6199417223176135e-15
1.7162187924749767e-15
1.7835338925726885e-15
1.8246783543676264e-15
1.7736703487339765e-15
1.8212212568558006e-15
1.8383874530883296e-15
1.803966277059642e-15
2.0561193556311263e-15
1.818901914836242e-15
1.9112740937214032e-15
1.8825647615881453e-15
2.0310796735142814e-15
1.7628709664935604e-15
1.667123713812117e-15
1.8108390678649154e-15
1.7666847306231424e-15
1.8460271866019176e-15
2.1233980336637364e-15
2.1213193622564294e-15
2.1239367862608637e-15
2.1347037835806947e-15
2.1331018557837175e-15
2.021555039783042e-15
1.8799832639548954e-15
1.97338463198284e-15
2.0945643208192193e-15
2.171347286821731e-15
2.2921823879387045e-15
2.601121115276288e-15
2.379421430647352e-15
2.2857730855938157e-15
2.34005760868302e-15
2.4273656253353355e-15
2.5438871971444226e-15
2.4221984091820326e-15
2.2822872094777023e-15
2.2142719196410312e-15
2.5508275730277773e-15
2.6584406884079408e-15
3.12863408308048e-15
3.0532126075470115e-15
2.728110821356567e-15
2.877018803454694e-15
3.0114625937262903e-15
2.5513255855443444e-15
2.205987232198285e-15
2.2963880264069695e-15
2.6121534065214435e-15
2.7190103495935113e-15
2.84889391723026e-15
2.7756484746353265e-15
2.656818782940154e-15
2.5175866385228325e-15
2.17687793895321e-15
2.401784518345764e-15
2.358119411271154e-15
2.4329918309681826e-15
2.521993484953234e-15
2.2059490068059504e-15
2.122052455055459e-15
2.2181814435075345e-15
2.1590116636665143e-15
Acceptance rate: 0.2981666666666662
1.2201708149507527e-15
1.3422121276443105e-15
1.4497471330072786e-15
1.4302695936279549e-15
1.3860935494268128e-15
1.3246849467440706e-15
1.2870250264538439e-15
1.3811749681951139e-15
1.3452438474777644e-15
1.4508246009414833e-15
1.5303915306654727e-15
1.5810347873513803e-15
1.7691459120799555e-15
1.7175091492132956e-15
1.5111346561495026e-15
1.3622111599349027e-15
1.4425384374537898e-15
1.4762187545022e-15
1.5038271819751282e-15
1.4338908343596433e-15
1.3083516841557269e-15
1.380827958569368e-15
1.4152426582151602e-15
1.619095749499973e-15
1.858916764529982e-15
1.8498105878285025e-15
1.5938539069778046e-15
1.6372924646612235e-15
1.6029538038588962e-15
1.5948435430434773e-15
1.5195892383707153e-15
1.475367819295359e-15
1.406969072770261e-15
1.4014475028221053e-15
1.5455040421166584e-15
1.4581634704255863e-15
1.4387477422091034e-15
1.3938202224750162e-15
1.429117924033959e-15
1.439953627732805e-15
1.3173292610808583e-15
1.2081864340443615e-15
1.269742459401228e-15
1.1913355726464072e-15
1.1394733033203447e-15
1.115111276808682e-15
1.1981343196551814e-15
1.092857749337292e-15
1.1322828240614701e-15
1.1580269697884215e-15
1.5684556179619195e-15
1.5916775225923002e-15
1.6136108742267905e-15
1.674657595506113e-15
1.7018074160287482e-15
1.7236324218122152e-15
1.6743885744728674e-15
1.6688309036622909e-15
1.6706397856513931e-15
1.7618987036165594e-15
1.7431154196588343e-15
1.6307352648108972e-15
1.5350645970272876e-15
1.613874973234288e-15
1.7396124591047107e-15
1.662984263750786e-15
1.8753350332397385e-15
1.9108655862794443e-15
2.022534471917971e-15
2.028624478864357e-15
2.0881900172391857e-15
2.1257819342711336e-15
2.0462753931513027e-15
2.230705800748903e-15
2.1361468524910898e-15
2.3593722809264476e-15
2.2568868269826213e-15
2.08255110804169e-15
1.8041053029252928e-15
2.1493840412564585e-15
2.0222273187501006e-15
1.8533941837126153e-15
2.0140158410130744e-15
2.024667887067784e-15
2.2475325326949646e-15
2.165064515953536e-15
2.1617472148341047e-15
2.2068825243379414e-15
2.2025968215499844e-15
2.1531981501225664e-15
2.1410150626245023e-15
1.9778076693369274e-15
1.950918561376466e-15
1.9612150155002878e-15
1.9280115163655534e-15
1.8406549704640635e-15
1.9124557207281027e-15
2.0852216585073727e-15
2.221075550356848e-15
2.356305830519079e-15
Acceptance rate: 0.29537500000000017
1.33062388456837e-15
1.3130164022916948e-15
1.2014702928187102e-15
1.1640934147425084e-15
1.1602672660205895e-15
1.1445627998097357e-15
1.1254008977444025e-15
1.284796500915399e-15
1.346488951637142e-15
1.270667446341856e-15
1.3137725794267371e-15
1.2994046858925394e-15
1.178641418262489e-15
1.1612213142934845e-15
1.113284318577245e-15
1.0677677722263649e-15
1.0462683072481872e-15
1.0091026239328283e-15
1.0642029821951134e-15
9.869914506390781e-16
9.634194586820034e-16
1.0058226604632698e-15
9.255265446185085e-16
1.0298874096170849e-15
1.160087980685585e-15
1.0832987919230615e-15
1.1664970390667137e-15
1.1409760714157828e-15
1.282634524358412e-15
1.3109680904376208e-15
1.3134642039764637e-15
1.170580888618749e-15
1.1951262480380264e-15
1.144368144852329e-15
1.102380701044881e-15
1.0664213038576111e-15
9.588891543831205e-16
9.491287711555007e-16
9.486912014100646e-16
8.572482144567814e-16
8.439756855917996e-16
7.785794535092498e-16
7.676692805476319e-16
7.100643323242455e-16
7.043290604554904e-16
6.368388476508973e-16
6.243448281033109e-16
6.277599059262802e-16
7.008609377707186e-16
7.057157109139999e-16
6.985483162920289e-16
6.915557277347766e-16
7.752067993668004e-16
7.351402958813444e-16
7.152202988135847e-16
8.968840383989371e-16
9.405695906954896e-16
1.0372058244626993e-15
1.0660732287862829e-15
1.051634369257464e-15
1.0952171489482052e-15
1.0545632601695553e-15
1.1045190803310993e-15
9.637979642384565e-16
9.054436693263953e-16
8.698094143296237e-16
8.722012680590872e-16
8.700221287585673e-16
8.120511865914119e-16
7.606435217789068e-16
8.588993860300531e-16
8.165656933608374e-16
8.596362314053491e-16
8.523993992485052e-16
9.13210504973889e-16
8.94368908864372e-16
9.968687028167941e-16
1.1969803685307084e-15
1.2350167524700804e-15
1.1400533560988671e-15
1.0122450663949602e-15
8.656505395846795e-16
8.700278365781177e-16
8.23670164525202e-16
9.27990966450882e-16
9.083570205226752e-16
8.591781331182957e-16
7.678033973412343e-16
7.219855942012471e-16
7.647756439555126e-16
7.262093601096528e-16
6.723483795752027e-16
7.241368230117227e-16
7.939833444671203e-16
8.580380955834438e-16
8.350735884529489e-16
9.785825215604234e-16
1.0761026047677566e-15
1.0443468625987382e-15
1.0700060296919148e-15
Acceptance rate: 0.2972000000000005
6.396528861372398e-16
7.099690722034621e-16
7.799197419614231e-16
7.213316520759586e-16
6.514339171416437e-16
6.798550050547856e-16
7.522488533898099e-16
7.990036727258149e-16
8.150648476143501e-16
8.486647100900451e-16
9.411092365760946e-16
9.330579306563066e-16
9.0842335172229e-16
8.778182298938634e-16
8.42346768355293e-16
8.87869954538097e-16
9.111131958547737e-16
9.07572553130353e-16
9.408475051593526e-16
1.008837107811265e-15
9.490796198326048e-16
1.0416728144847998e-15
1.2777917690201017e-15
1.2923941714476078e-15
1.3365347323342023e-15
1.363892334666294e-15
1.2714338540663272e-15
1.1934415530895882e-15
1.226688565389555e-15
1.0866124119740922e-15
1.0006505196066222e-15
1.021534199660228e-15
9.847645860880534e-16
9.469806232414357e-16
9.375167221684052e-16
9.45221581877787e-16
1.1253168383099622e-15
9.99499620903098e-16
1.035867652552605e-15
1.0459559335729935e-15
1.1026990086025457e-15
9.870552528479736e-16
9.52189939946651e-16
1.0649817514638585e-15
1.1962824869661269e-15
1.3129196265939308e-15
1.5016554909760596e-15
1.5257594525313774e-15
1.4243995897830158e-15
1.4069136140984288e-15
1.3511602697421523e-15
1.1942080487385251e-15
1.1513450077705095e-15
1.0110636078925721e-15
1.1789000580087298e-15
1.1005437818223314e-15
1.0203172734487958e-15
1.0285455309730267e-15
1.1700144045105436e-15
1.141178085616893e-15
1.2024434627778455e-15
1.1171601541936439e-15
1.1565965887432573e-15
1.2159820223555177e-15
1.1206159024003006e-15
1.13753877689098e-15
1.1931802093428358e-15
1.1417533775883903e-15
1.2802012331611169e-15
1.1889163169641213e-15
1.1320274647764499e-15
1.1419492453247581e-15
1.133261008752042e-15
1.162515876794223e-15
1.3484528077295228e-15
1.3711536485757011e-15
1.3041991845673687e-15
1.3742137328465646e-15
1.3288919355609689e-15
1.1914240684453453e-15
1.3209803072734547e-15
1.3595649271110993e-15
1.3633889807106055e-15
1.580054957373784e-15
1.5043456600435132e-15
1.5427863399581869e-15
1.5546403436536796e-15
1.4716276324823002e-15
1.3902156342750439e-15
1.2339496023378989e-15
1.1737905842892146e-15
1.169767768636287e-15
1.3137871142529283e-15
1.3569104659974968e-15
1.1985836066894107e-15
1.2841655399203145e-15
1.364020358751165e-15
1.4261360680632592e-15
1.3989097265556885e-15
1.2874938143697866e-15
Acceptance rate: 0.2942500000000009
7.810036959601294e-16
8.044333465747355e-16
8.085469552081799e-16
7.520143954354583e-16
7.145759151101115e-16
8.12689589087355e-16
8.4015802492671915e-16
1.0232280994658873e-15
1.0664747873395722e-15
9.410671812012648e-16
9.327385405922264e-16
9.631269441254314e-16
9.644991424933382e-16
9.000242317377998e-16
8.794356544673288e-16
9.050730770361162e-16
8.755571854412365e-16
9.847688423265116e-16
1.1056215742758625e-15
1.2053051362783459e-15
1.178909205585991e-15
1.184996199994769e-15
1.1942530565013264e-15
1.1945822222618338e-15
1.1149320033256078e-15
1.174346721034356e-15
1.2667000005164785e-15
1.1568357495230305e-15
1.256171895788014e-15
1.0595278784720215e-15
1.0774170097786825e-15
1.0443707961317049e-15
1.1191287145797199e-15
1.08196072769207e-15
1.1551477131261864e-15
1.097453938985779e-15
1.1750995698100573e-15
1.2557332349402679e-15
1.3519187284746397e-15
1.3934018615104554e-15
1.3539397376808628e-15
1.4693360362032989e-15
1.5139436582497447e-15
1.5731689724809185e-15
1.5665254256612755e-15
1.4847477691188482e-15
1.7451349643319134e-15
1.918231190867457e-15
1.8880731860626226e-15
2.080696610381248e-15
1.9331769086770867e-15
1.7871515613001595e-15
2.052086795105903e-15
2.0934516499304483e-15
2.153062545461798e-15
2.4057004627350142e-15
2.3262151186279495e-15
2.2101642256330585e-15
1.9575309601868503e-15
1.9167860423028053e-15
1.785694567705909e-15
1.806515012549885e-15
1.6933148812511636e-15
1.841089193762804e-15
2.0882027808720323e-15
2.0544768853273504e-15
2.0362674227060354e-15
2.152368158934711e-15
1.987986624249106e-15
1.9756027847039526e-15
1.833132495099873e-15
1.855129801590293e-15
1.6968753236581463e-15
1.5811808046301215e-15
1.7254960648174004e-15
1.7277504064721642e-15
1.7727748527653453e-15
1.5612423338424784e-15
1.6990960878350918e-15
1.8099648183776877e-15
1.7621183284271187e-15
1.774573833348805e-15
1.6719412854512112e-15
1.4708162276333516e-15
1.4218917255376497e-15
1.5550434805634124e-15
1.368928109578976e-15
1.2613777331557418e-15
1.230034568532997e-15
1.2342790690163236e-15
1.2953063715364973e-15
1.4951896209990778e-15
1.7338299030002467e-15
1.7112037740828616e-15
1.802101597353802e-15
1.8585407748430962e-15
1.798879444925021e-15
1.7858612934161045e-15
1.611220378770615e-15
1.547314390925823e-15
Acceptance rate: 0.29571428571428504
9.200453742934051e-16
9.492024121188602e-16
9.597998990472737e-16
9.305888128069432e-16
8.50845871576738e-16
7.553769474805781e-16
7.794466112411824e-16
7.526892249065258e-16
7.826298396944322e-16
8.146438222282581e-16
8.921220127159184e-16
9.294394334747385e-16
8.822293035179253e-16
1.0816769932648227e-15
1.0062797442282145e-15
9.177749582211301e-16
1.0063195123691799e-15
1.1444620146251604e-15
1.1807730086491363e-15
1.1503722523055337e-15
1.1864217507772368e-15
1.233411335545004e-15
1.0610901546606114e-15
1.204224127006012e-15
1.250781892347911e-15
1.3014611364058267e-15
1.1814850618285854e-15
1.186853798218973e-15
1.181940884251675e-15
1.1117740080110872e-15
1.0888816247767926e-15
1.1799542586927192e-15
1.1864601831451929e-15
1.1282939579611217e-15
1.1014128773348644e-15
1.2148367165101131e-15
1.3350579101811286e-15
1.3506600677350923e-15
1.3542912439139584e-15
1.3950060968867577e-15
1.4318833933381392e-15
1.4281865092471505e-15
1.6486578578016299e-15
1.7964239529198564e-15
1.825931683462131e-15
1.746273132884971e-15
1.793959063381997e-15
1.7425419720549716e-15
1.6430790468566128e-15
1.7575853996637542e-15
1.8504640260119896e-15
2.062189900636288e-15
1.8556988379624152e-15
1.8395552815708586e-15
1.7955409804625058e-15
1.7367015737984013e-15
1.6162919049618234e-15
1.5647463356821193e-15
1.6213965879205036e-15
1.8144958296939616e-15
1.7820053809770397e-15
1.799629046676119e-15
1.8952102222937833e-15
2.2859844309928904e-15
2.5422047486855665e-15
2.55887751233967e-15
2.350917348243658e-15
2.2369090825890794e-15
2.3917258117833572e-15
2.3434295388665216e-15
2.23813392590638e-15
2.2189252752623874e-15
2.424248328811306e-15
2.5616619487489766e-15
2.2982327210158392e-15
2.043367069507691e-15
1.8720417466006485e-15
2.179954001706504e-15
2.1321923076208835e-15
2.1342944394312828e-15
2.565403666921064e-15
2.531038325345404e-15
2.8720456516707827e-15
2.9758650782959276e-15
3.24808535197618e-15
3.465044392579994e-15
3.10562712582895e-15
2.7808648697344606e-15
2.742764246056747e-15
2.487451359533463e-15
2.4581277930837787e-15
3.0458682420572387e-15
3.1831926637409487e-15
2.982747828968613e-15
2.8364049297191217e-15
2.747986345783984e-15
2.874937239233968e-15
3.25642192465247e-15
3.2404210526485004e-15
3.146270560894887e-15
Acceptance rate: 0.29668749999999955
1.967411114709867e-15
2.1855847163163026e-15
2.0442781080195916e-15
1.99956375599032e-15
2.007090663927004e-15
2.0215161207097477e-15
1.905091859476821e-15
1.9814735992597077e-15
2.0822700884342497e-15
2.2068717103274372e-15
2.4526218684838477e-15
2.6367816523214827e-15
2.364113696686946e-15
2.602855347712096e-15
2.4446103182846173e-15
2.532551661016332e-15
2.376642579585437e-15
2.6153576808392596e-15
2.9658834157387787e-15
2.5864654525507557e-15
2.8099524160321943e-15
2.846043813346171e-15
2.798975331327831e-15
2.8578710375454698e-15
2.681891457416673e-15
2.9800389510419717e-15
2.6089501095057742e-15
2.6412092334746443e-15
2.5660310145818913e-15
2.19418699692783e-15
2.0400467630302887e-15
1.8599367438982076e-15
1.969129513087737e-15
2.213052000826303e-15
2.1014870803896183e-15
2.3011865808401002e-15
2.4721876222622903e-15
2.7166049290464272e-15
2.9165900777017613e-15
3.0873881794747206e-15
3.013966570459392e-15
2.9568474319927526e-15
2.906978733084051e-15
3.045135550398525e-15
2.9410849526806728e-15
2.9756104965392524e-15
2.688286171368021e-15
2.4560365324317054e-15
2.513656167445027e-15
2.394554201963237e-15
2.3527530952854356e-15
2.1877820022485303e-15
2.1877926168112526e-15
2.662248146411465e-15
3.1763546240427074e-15
3.3590063988235086e-15
3.430598648165442e-15
3.588935403628398e-15
3.9454783310022035e-15
3.771160030184887e-15
3.597012521035063e-15
3.3582128596665265e-15
3.3122995173264327e-15
3.631519145394392e-15
3.652936152013196e-15
3.720894896725183e-15
3.2923430180165055e-15
3.11676428594912e-15
3.079042096982146e-15
2.6660085192303214e-15
2.4302906567142813e-15
2.4636459073462357e-15
2.5271291857624225e-15
2.4136562308719336e-15
2.761022576113709e-15
2.925039180244533e-15
3.350165979285399e-15
3.1490069016452416e-15
3.2039307415748865e-15
3.4149702340807312e-15
3.3696115964264625e-15
3.4128108083911282e-15
3.5201680973020197e-15
3.2585272277150425e-15
3.11585078251102e-15
3.4188115212729905e-15
4.077835166229501e-15
4.498845153802298e-15
4.464607285555027e-15
4.260478701636671e-15
4.522275024050054e-15
4.3301132613524214e-15
4.268547108766883e-15
4.126978436267472e-15
4.408822145156075e-15
4.184657717220841e-15
3.8930770857453594e-15
4.521386922919549e-15
4.975209420246198e-15
4.541881038916259e-15
Acceptance rate: 0.29694444444444407
2.7163821495849943e-15
2.7061361870218242e-15
2.6027025084684074e-15
2.567918847416424e-15
2.41472432110751e-15
2.3109155990690322e-15
2.3677765315769754e-15
2.418685161727107e-15
2.297342859306438e-15
2.4527848950017902e-15
2.523517295558864e-15
2.283391866287338e-15
2.441526611833885e-15
2.3950139107433704e-15
2.616837404813174e-15
2.7224832026359624e-15
2.4834549193463053e-15
2.8514123160884812e-15
2.5964282092526267e-15
2.6438780056592395e-15
2.9192696163196056e-15
2.8574855212790956e-15
2.64753188544984e-15
2.661337488763834e-15
2.5914014201639853e-15
2.6622895744367358e-15
2.5795304354224802e-15
2.4968552465336495e-15
2.7404251107874606e-15
2.6875639418761443e-15
2.949655330802457e-15
3.0550220497828464e-15
2.8806613581634643e-15
2.6741624281587454e-15
2.6210405841765085e-15
2.639737235563274e-15
2.570674025920204e-15
2.590870457405986e-15
2.7236675383307916e-15
2.840064819269382e-15
2.7662605644424367e-15
2.540970564317953e-15
2.6858964202826674e-15
2.667483571838867e-15
2.8286177409138904e-15
2.6784471714227052e-15
2.8724116047897518e-15
3.060511335895382e-15
3.014768158947942e-15
3.108231917826396e-15
3.3415327494868606e-15
3.4477707729207026e-15
3.52069017744104e-15
3.688069126647236e-15
3.95000548287417e-15
3.763446009436629e-15
3.782726149503392e-15
4.079285987257964e-15
4.64414662094174e-15
4.407724104876789e-15
5.646838394668346e-15
5.324584662459726e-15
5.683079537329944e-15
5.473227830146942e-15
5.134575704505439e-15
4.954137330226031e-15
4.549738594044124e-15
4.758724034529819e-15
4.4704631827223865e-15
4.150667736953843e-15
5.067657122235024e-15
5.759683587960788e-15
6.365141148508865e-15
6.389275874959114e-15
5.8141572975959546e-15
5.62507595703927e-15
5.769924671502011e-15
5.528292938974415e-15
5.398105289322471e-15
5.478456843332228e-15
5.8635648965520594e-15
5.996303832615425e-15
6.13777393839091e-15
6.084536566922482e-15
6.41672659522991e-15
6.166761076799269e-15
5.839800076358373e-15
5.6610046108580135e-15
5.63676956088036e-15
7.0202635279255005e-15
6.798896460447713e-15
6.615197507175987e-15
5.71667555867819e-15
5.670206900101245e-15
5.45622426263835e-15
5.761039431486942e-15
5.447138098245346e-15
5.190850557414383e-15
4.6858834655229246e-15
4.751575810333163e-15
Acceptance rate: 0.297599999999999
Sampling time (10 samples): 5639.9897 seconds
