/scratch/users/yanlan/TroubleShooting/Weights/Output/AM_PM_ET_161_346_00
1.0752472029394207e-06
5.710105875427559e-07
3.3051083779964996e-07
1.9636717811674572e-07
1.2212810227942213e-07
7.245508584957831e-08
5.077681927846585e-08
3.6540708156622476e-08
2.4532529966632713e-08
1.5843954576188552e-08
1.2644045874358056e-08
9.169010345916415e-09
6.479460980151579e-09
4.496151096383638e-09
3.061790255958017e-09
2.230932207167107e-09
1.639934177987704e-09
1.3740442916962658e-09
9.834811557343597e-10
7.6171288826055e-10
6.982510526309527e-10
5.971385173934002e-10
4.55303398698973e-10
3.7102922280827337e-10
2.893011790020012e-10
2.4457974067312234e-10
1.8405596560539782e-10
1.4907193999277506e-10
1.3353725716472955e-10
1.0165107220805119e-10
9.581754225796526e-11
8.155472734954692e-11
6.775594342654567e-11
5.93518311402437e-11
5.813465097404543e-11
4.939550671539718e-11
3.872256016646066e-11
3.7263502081677023e-11
3.123781052439589e-11
2.840962056596215e-11
2.314373885653255e-11
2.8969746796982875e-11
2.930878416515452e-11
2.934803837210833e-11
2.909269397550054e-11
2.402891954380493e-11
2.088408186111072e-11
2.072224912557559e-11
1.8046588553517568e-11
1.6571855226248698e-11
1.7853690849048395e-11
1.5420727093089526e-11
1.4294783472130553e-11
1.579827517928687e-11
1.629297186050081e-11
1.4218010517958825e-11
1.1738025731226017e-11
1.0701160382113053e-11
1.0812917481238436e-11
1.062054946832603e-11
1.097521097253877e-11
1.1261389005463989e-11
9.978826477464548e-12
9.778965476530756e-12
9.012417074098225e-12
8.885174287434316e-12
7.876067474964136e-12
7.803025144071679e-12
7.735016891294628e-12
8.009051152128822e-12
8.929548481174637e-12
9.508035806956949e-12
1.0375630665045647e-11
1.0590888599766961e-11
1.04921784680581e-11
1.2006770886771948e-11
1.2922509691745032e-11
1.240056883536014e-11
1.226466138747057e-11
1.3200908651480921e-11
1.2502830170226228e-11
1.1047765066502944e-11
9.480038752244888e-12
8.472229186141933e-12
8.51206551358868e-12
7.512475977302624e-12
7.777333741033926e-12
7.628666360671588e-12
7.677766255009638e-12
7.65376037600813e-12
6.576135578327083e-12
6.985221093053181e-12
7.785368787045688e-12
7.591813529944447e-12
6.838452060959283e-12
6.195172857501815e-12
6.2553913675086065e-12
7.285094191592888e-12
7.425589748286939e-12
6.947429885186749e-12
Acceptance rate: 0.3205000000000007
4.151700648581093e-12
3.914341654546043e-12
4.122000045675599e-12
3.937690842839848e-12
4.091628549367673e-12
4.356505695001238e-12
3.728305291052855e-12
3.428125724184607e-12
3.2001726683551204e-12
2.960913769661475e-12
2.7289314180439387e-12
2.6578801022739195e-12
2.55800867943764e-12
2.625430826008949e-12
2.63687014446019e-12
2.6761045477544216e-12
2.5943613465897018e-12
2.4376507923312702e-12
2.1639399998338843e-12
2.29351191983811e-12
2.04621476345392e-12
2.237423159807498e-12
2.064651269301204e-12
2.071153313280669e-12
1.9248324779816507e-12
1.837480622813276e-12
1.7429833085506615e-12
1.6806467352338778e-12
1.413168740307971e-12
1.517930511748237e-12
1.821911236234427e-12
2.1691288419467947e-12
1.923810400806665e-12
1.71950964570387e-12
1.880112135178964e-12
1.913920828651858e-12
2.096547849911225e-12
2.1184401651355203e-12
2.0005091270336254e-12
1.949211280070818e-12
2.1441302427861537e-12
2.3875105100177466e-12
2.2217690767565463e-12
2.3962945402728482e-12
2.26218537174411e-12
2.071742422595704e-12
1.9775597780946044e-12
2.0136410747522745e-12
2.1226754637883542e-12
2.3450793716230513e-12
2.271885854965822e-12
2.24239631851725e-12
2.1391848111347628e-12
2.1293260419947758e-12
2.2565021479988744e-12
2.0198901945340785e-12
2.048877417507087e-12
2.2124453246007057e-12
2.3685358517903916e-12
2.444986570123214e-12
2.6615252070493914e-12
2.581237938450927e-12
2.3504397795509968e-12
2.1416722928140573e-12
2.1042243995293417e-12
2.1575807429862195e-12
2.1774895021867145e-12
2.148228628112558e-12
2.313441007046252e-12
2.117683375679597e-12
1.9623618623077908e-12
1.940324565261259e-12
1.9421802563780676e-12
2.007705542697481e-12
2.2713537144711392e-12
2.1441507942869854e-12
2.0661550982586173e-12
1.9845182416026514e-12
1.7736100765179614e-12
2.0545507726590486e-12
2.1457314101413813e-12
2.3347435918178007e-12
2.5878468446232512e-12
2.4563783257837285e-12
2.4004302774939946e-12
2.3430239349898696e-12
2.419590926205683e-12
2.571238017660848e-12
2.815691017734547e-12
3.1745355022272817e-12
3.2339377134885714e-12
3.23513090153952e-12
2.998988345493847e-12
3.2778799597181792e-12
2.9327658647917837e-12
3.0106904131471046e-12
3.1055606147406823e-12
3.4031752701127117e-12
3.2212975957166846e-12
3.2237167791845852e-12
Acceptance rate: 0.32025000000000003
1.944752666495767e-12
1.811619619033794e-12
1.6562810506434929e-12
1.4400709853932898e-12
1.6003801467847376e-12
1.5590114935846599e-12
1.6125210076433145e-12
1.856044311429151e-12
2.259614193125484e-12
2.533242294762888e-12
2.4851827826783146e-12
2.207272150684824e-12
2.1264786541794933e-12
2.011204830400394e-12
1.9075013428036507e-12
1.7502162668932993e-12
1.8836018846585054e-12
1.9541582030285195e-12
2.168588427034782e-12
2.0145117487253598e-12
2.212268588365429e-12
2.225095010364776e-12
2.1430191758332627e-12
2.4020802984907035e-12
2.6348739193964175e-12
2.8146792699285087e-12
2.8656711706354107e-12
3.192768790946564e-12
3.038765770708735e-12
3.1132256265847928e-12
3.2113145050787288e-12
3.2135030535545225e-12
3.091190586625279e-12
3.2850120422345297e-12
2.951413109036823e-12
3.0597030139408057e-12
3.15615942711689e-12
3.159296953731825e-12
2.768566690140646e-12
2.9094601267050435e-12
2.773428774055099e-12
2.747426251916947e-12
2.589721453993766e-12
2.464724685182863e-12
2.8704236454062217e-12
2.8280203132787935e-12
3.2251000281294065e-12
4.007339305994032e-12
5.038445416912266e-12
5.721043451327723e-12
5.377892496561467e-12
4.897754484375721e-12
6.033196000206468e-12
6.0705327320912275e-12
5.531401737330784e-12
4.9831670114256426e-12
4.344859433376457e-12
4.094112153800959e-12
4.30251704513624e-12
4.290120090963953e-12
4.052127678123057e-12
3.848772782779856e-12
3.7936782448328485e-12
3.667582327613776e-12
3.912786347498676e-12
3.972755788301691e-12
4.530525810011885e-12
4.1352607287945924e-12
3.706321765228011e-12
3.4193749433519262e-12
3.559460309702474e-12
3.953293229306165e-12
3.7171459695048605e-12
3.710074663356548e-12
3.645620700109375e-12
3.815117093217441e-12
3.500185111208154e-12
3.609323629528269e-12
3.5308023864659015e-12
3.2738854904508135e-12
3.418731865714536e-12
3.880950649566293e-12
3.9677708393946296e-12
3.740744408154606e-12
3.562549008891112e-12
3.603962550210772e-12
3.342836410584283e-12
3.4520131261461607e-12
2.9899206337020154e-12
2.8077680967301e-12
2.7462631525262014e-12
3.0198691544680262e-12
3.120379262258126e-12
3.2788918792645436e-12
3.3700236313680082e-12
3.8485513976251804e-12
4.090759646728451e-12
3.981772090001987e-12
3.778592645258147e-12
3.685388995740864e-12
Acceptance rate: 0.3144999999999996
2.2722759659069463e-12
2.433050412717468e-12
2.5603021021749934e-12
2.5320572459122637e-12
2.3098047141314288e-12
2.976299950931454e-12
3.2906327687278683e-12
3.6160935115235696e-12
3.7200259223034024e-12
4.031419870453988e-12
3.91896404331617e-12
3.838191928142251e-12
3.483163316941249e-12
3.4435790215023237e-12
3.615604378075806e-12
3.253093310291047e-12
3.075280079990242e-12
3.3728564868048264e-12
3.096452611898813e-12
3.079835910534938e-12
2.876075072155359e-12
2.8531783378841656e-12
2.8063156450248968e-12
3.190800506539318e-12
3.24772795472208e-12
3.701748115307901e-12
3.668563471682599e-12
3.6113591148062494e-12
3.4417597944141353e-12
3.564445721743758e-12
3.1906568478651776e-12
3.086065747507502e-12
2.8807905842150855e-12
3.3463684037412744e-12
3.36833193830882e-12
3.255112366266333e-12
2.982600795089707e-12
3.0476814475383644e-12
3.09150220713702e-12
2.5400362064525278e-12
2.4813768389187447e-12
2.2627080416080486e-12
2.409048099339787e-12
2.205133818894343e-12
2.1164643362525265e-12
2.202908352572981e-12
2.4334110327778283e-12
2.2830348035304062e-12
2.313348837674393e-12
2.53884682011423e-12
2.6572618568224154e-12
2.5522494983770117e-12
2.4835342369646405e-12
2.595435151108341e-12
2.400365303052575e-12
2.4071023338270853e-12
2.5836176225453138e-12
2.429307424579088e-12
2.502704355819109e-12
2.3629369746083145e-12
2.275909865154589e-12
2.453162766128923e-12
2.1283551043190634e-12
2.002571734543065e-12
1.868339397265026e-12
1.8182341505829888e-12
2.1137875754831828e-12
2.205028639364346e-12
2.2624558308364003e-12
2.2945141108779e-12
2.2721442975893983e-12
2.2304204997054857e-12
2.222136294964921e-12
2.2703501044704746e-12
2.2614264144747297e-12
2.417246669513174e-12
2.3250323507904955e-12
2.3064900160321196e-12
2.3477510308440627e-12
2.246477326754596e-12
2.2433935299470936e-12
2.1653412960251662e-12
1.9256347409327075e-12
2.1810532702871564e-12
2.0983763945934798e-12
1.847145577513604e-12
1.7150366868523055e-12
1.8317667667261034e-12
1.6000227781868354e-12
1.7434393751912752e-12
1.6344813283600136e-12
1.4914665677027935e-12
1.7999219427602212e-12
1.7681477694477982e-12
1.7310614213285788e-12
1.6566570524885091e-12
1.7425109464765468e-12
1.741620461678183e-12
1.734177789081855e-12
1.6307009259748536e-12
Acceptance rate: 0.3141249999999997
1.0372912783088927e-12
1.0765740843522541e-12
1.0803610954004984e-12
1.0761392056822954e-12
1.071798457760398e-12
1.0116603574865897e-12
1.1227208929059248e-12
1.1531043617236782e-12
1.1151123217994177e-12
1.125575788618407e-12
1.2267278667524363e-12
1.3263100491811724e-12
1.599370126672168e-12
1.6044343166245735e-12
1.5554263587480815e-12
1.625519049664446e-12
1.6914483415638427e-12
1.5302764858517124e-12
1.4747803449668617e-12
1.4916154376380294e-12
1.5765553769223232e-12
2.0784584192482403e-12
2.3866641842353623e-12
2.6884736836327564e-12
2.482895307901444e-12
2.179481437041625e-12
2.0072414996008747e-12
2.0071940958587926e-12
2.211411145850159e-12
2.167717186511498e-12
2.31072568429053e-12
2.199974873095077e-12
2.3924009114528817e-12
2.491112271722359e-12
2.4897140027451986e-12
2.3184527857979483e-12
2.4357377672722976e-12
2.248692529738753e-12
2.439885685743914e-12
2.8237842585933766e-12
3.1019303989068817e-12
3.745666397541304e-12
3.844130309284667e-12
3.9526419236386165e-12
3.925998199594701e-12
3.6073759752123904e-12
3.755495833668823e-12
3.4182844309536874e-12
3.24012678618576e-12
2.7705948839415726e-12
2.6092146131603327e-12
2.7648275955540895e-12
2.5909936801008607e-12
2.847401405602924e-12
3.3109934048281666e-12
3.1060233816244372e-12
3.025906269082543e-12
3.340596930049709e-12
3.2268748535648123e-12
2.8828354774455555e-12
3.0139027652279672e-12
2.828872194972052e-12
2.7505342788135963e-12
2.720113989416144e-12
2.564337919080373e-12
2.478506295537953e-12
2.452785273551639e-12
2.211974655857232e-12
2.1777472566538644e-12
2.1511627037272676e-12
2.4689460776884017e-12
2.3706943441970493e-12
2.411405732182716e-12
2.360233257797312e-12
2.2712438702249736e-12
2.1624641640506616e-12
2.0475789684645028e-12
1.846570620221099e-12
1.6323112847814304e-12
1.768473034968869e-12
1.909262630674568e-12
1.9026015423639796e-12
1.863050399474898e-12
1.8562956595794833e-12
1.736638725504463e-12
1.6255451851832664e-12
1.723349182266855e-12
1.6001727599196477e-12
1.6145732316436224e-12
1.6697992909018655e-12
2.1178679909324593e-12
2.1792083392868687e-12
1.912517030002747e-12
1.865690924869512e-12
1.8920587295962703e-12
1.9397020544854966e-12
1.8121962852282023e-12
1.7230843170678856e-12
1.8849801973409423e-12
1.8094751503246182e-12
Acceptance rate: 0.3156999999999995
1.1556079166727027e-12
1.3048688334006444e-12
1.3236609111020227e-12
1.41144912383612e-12
1.3103975281390005e-12
1.3590967298731351e-12
1.4275231958069425e-12
1.6487970442579666e-12
1.6522538924959812e-12
1.819923180387064e-12
1.7354167676557966e-12
1.9771900648415282e-12
1.865407017497442e-12
1.9268894706765137e-12
1.9664680575659293e-12
1.8285880892461816e-12
2.0311389036731136e-12
2.1127598065169035e-12
2.6249439493666226e-12
2.968616727334074e-12
3.145621631062959e-12
3.1727592942400327e-12
3.844630019826446e-12
3.807514444117109e-12
3.574650972081966e-12
3.7389729444958334e-12
3.646202340570345e-12
3.3264380981690884e-12
3.320488579194924e-12
3.1549445967982473e-12
3.0965512758936306e-12
2.8053248699801147e-12
2.5179319552426516e-12
2.544212092831669e-12
2.95394247283805e-12
3.2465546711322125e-12
3.047040358860742e-12
2.964487751990655e-12
3.1055147280809288e-12
2.9594570634372852e-12
2.706519753382717e-12
2.7440879905611817e-12
2.8081707177560467e-12
2.7838583498511936e-12
2.854165437927121e-12
3.2082900773547707e-12
3.5949890138606423e-12
3.779078248215019e-12
3.5026278277916513e-12
3.1892465379678344e-12
3.359324706209353e-12
3.3302583871807865e-12
3.3627919058599146e-12
3.4486905951464938e-12
3.5444096935099115e-12
3.896929662445438e-12
3.901363274023058e-12
4.279948313392923e-12
4.712501287800379e-12
4.77079892426075e-12
5.130155575749186e-12
5.134950393873938e-12
5.5595362539214575e-12
4.8143702670342636e-12
4.809797622339913e-12
4.5326590411575835e-12
4.203160715841405e-12
3.995824018995449e-12
4.43133481720686e-12
4.3528462096375805e-12
4.186810996463858e-12
3.934318741066428e-12
3.702658388740056e-12
3.5335731426862226e-12
3.5163324502047818e-12
3.3660969049745206e-12
3.2443407359593098e-12
3.463006035303951e-12
3.636145183430367e-12
3.755829616061242e-12
3.7781767090124346e-12
3.6371222528722524e-12
3.3311070838973803e-12
3.236939473908169e-12
3.1828047297000895e-12
2.9360052838376678e-12
3.088052618192997e-12
3.4318055209552204e-12
3.4047928549536984e-12
3.943440555852729e-12
4.194326777142425e-12
4.3606939227275554e-12
4.409306366665438e-12
4.499825895169538e-12
4.294643666578608e-12
4.259528906028764e-12
4.275649085904941e-12
4.2724778845843786e-12
4.0189385848594265e-12
4.619004758245537e-12
Acceptance rate: 0.31166666666666615
3.1131465174962423e-12
3.52202639890088e-12
3.4362460151800544e-12
3.731797220279873e-12
4.370570650337867e-12
4.644829257301498e-12
4.7261779812293574e-12
4.205188062138895e-12
4.102369999813752e-12
4.014249508344848e-12
3.809946867110351e-12
3.6167007842961915e-12
3.310031875291185e-12
3.5283257387432696e-12
3.5825289587497476e-12
3.6327713226586528e-12
3.5346582805480458e-12
3.158914010386121e-12
3.2678434752637684e-12
3.4609551289224463e-12
3.203443936190764e-12
3.2840056863116163e-12
3.1020614454265667e-12
2.9985361969898838e-12
3.4860397357092923e-12
3.522358785991021e-12
3.1957400951545993e-12
3.0051433824374517e-12
2.9530581148277182e-12
3.0609031237661335e-12
3.120634814849694e-12
3.2518547069148196e-12
3.1921200594517546e-12
2.9694875697517005e-12
2.8648044841311586e-12
2.980742972032053e-12
2.887302968729619e-12
2.87362541164924e-12
2.5721720785737857e-12
2.972703799570405e-12
2.9860730292199994e-12
3.2006061890834663e-12
3.0300232594144587e-12
3.1885655585940397e-12
3.3175752502307496e-12
3.399480045574379e-12
3.161394003199441e-12
3.2585234224191324e-12
3.2079561681182614e-12
3.019390356614508e-12
3.0314371817493784e-12
3.0558142015603374e-12
3.1236278964001864e-12
3.2921879377990803e-12
3.0737974835568113e-12
3.0518493167489483e-12
3.130356975910706e-12
3.207390243475557e-12
3.0412967672022125e-12
3.027962733039755e-12
3.0721984546345994e-12
3.092811245926318e-12
3.3291057840264866e-12
3.2982344450235137e-12
3.4644968588121427e-12
3.656670219595213e-12
3.5991875094560908e-12
3.4764264636780473e-12
3.4272494213977775e-12
3.4701707905251655e-12
3.185329976695358e-12
2.8382521439227206e-12
2.9472230483274147e-12
3.1797954707315894e-12
3.091834114258329e-12
3.2538076160182545e-12
3.6168367846195458e-12
3.559712342360267e-12
3.5549348903839572e-12
3.778418121134807e-12
3.928115942728302e-12
3.648848935897791e-12
3.071397771881862e-12
3.297355624378317e-12
3.2837019773961825e-12
3.157583683717933e-12
3.150981409174945e-12
2.982761232294523e-12
2.6673404373094052e-12
2.6159429336992294e-12
2.4817023613647107e-12
2.799357936851531e-12
3.1251179593122276e-12
3.50839331225519e-12
3.55646620530602e-12
3.638822848449041e-12
3.3613699318440053e-12
3.1426333975086146e-12
2.7947626680646043e-12
2.885388749347806e-12
Acceptance rate: 0.3122142857142845
1.892851908819067e-12
1.991677017648177e-12
2.269227997906224e-12
2.5628287422301277e-12
2.7388064329790057e-12
2.5095417207698283e-12
2.4581664576797336e-12
2.191257364819444e-12
2.088666552192232e-12
1.9936579836603264e-12
1.8583051013773236e-12
1.7526112951771148e-12
1.824846389218338e-12
1.6622512077164981e-12
1.668082471768004e-12
2.0523854191033797e-12
2.355726751939268e-12
2.3839154239126476e-12
2.733924452662596e-12
2.8118434779927e-12
3.2405248383111576e-12
3.20822153636458e-12
3.207519195478775e-12
3.7135848029169676e-12
3.6535064283193876e-12
3.582348357566348e-12
3.6395380024633e-12
3.730837266293357e-12
3.4894896332343537e-12
3.4877268783935993e-12
3.8530593087975345e-12
4.06500060887514e-12
4.215207090444182e-12
4.147345924081279e-12
3.963033165103793e-12
4.0831047672176854e-12
3.967384876825613e-12
3.6484234823790815e-12
3.6260504119895065e-12
3.3483447930157754e-12
3.4501890739636462e-12
3.4608672982696218e-12
3.263209596604145e-12
3.262776998061089e-12
3.575510063822901e-12
3.2278092103097296e-12
3.2585894977040094e-12
3.327910390771162e-12
3.1662699744342133e-12
3.1110895394994122e-12
2.9742283404983785e-12
3.1874484622186657e-12
3.852786575630938e-12
4.466458271291452e-12
4.5638450196487454e-12
4.8654068686218185e-12
4.474407043325213e-12
4.439314378885944e-12
4.17825012615038e-12
4.7200685144901825e-12
4.330391464603045e-12
4.239915955535497e-12
3.925274888897753e-12
3.913329420601606e-12
3.870401987558984e-12
3.972932471121315e-12
4.355685116800264e-12
4.19964163606972e-12
4.717091972333269e-12
4.9491111683464956e-12
4.779384386872091e-12
4.479597828542642e-12
4.650058788010613e-12
4.797254348566545e-12
4.992145436116025e-12
4.7550128905862985e-12
4.6494749679615464e-12
5.20051935006221e-12
5.124033897032336e-12
5.547096638765851e-12
5.607595302510984e-12
6.002738685333705e-12
5.44768328057842e-12
6.204533997242604e-12
6.090809366298541e-12
5.647083348984573e-12
5.718062235127316e-12
5.4735299692263944e-12
5.6001177614106654e-12
5.482960822744523e-12
5.383949456424907e-12
4.750186871166164e-12
4.7920407977238606e-12
4.737948252758376e-12
4.647545332785777e-12
4.670051974634863e-12
4.3140137663290666e-12
4.452788013131901e-12
4.6629984414283374e-12
4.379273900589891e-12
Acceptance rate: 0.3093749999999994
Sampling time (10 samples): 4184.7903 seconds
