/scratch/users/yanlan/TroubleShooting/Weights/Output/AM_PM_ET_179_234_00
1.070738079099133e-06
5.971610657284808e-07
3.454534196909079e-07
2.1750332879095583e-07
1.417357516446035e-07
9.278747229542539e-08
6.395237679719418e-08
3.942542734556672e-08
2.692990124609701e-08
1.9555403426326335e-08
1.4155046788781545e-08
9.725664593656014e-09
6.89316334408818e-09
5.009770374235836e-09
3.492491189705303e-09
2.7973844982427262e-09
2.3573461156156057e-09
1.7590716026130562e-09
1.3831896088980955e-09
1.0674002929310604e-09
8.442819399209797e-10
6.573775886418242e-10
5.66804954244442e-10
4.032274057159344e-10
3.4537977278449933e-10
2.6459400201479545e-10
2.325184162204064e-10
2.0378483426224795e-10
1.7720696900585523e-10
1.7403952072629878e-10
1.6953968928457814e-10
1.7471072402535814e-10
1.5513857699935593e-10
1.258569227117469e-10
1.0854991358071482e-10
8.76565318576886e-11
7.237846890596386e-11
6.463797324145872e-11
5.94721782135985e-11
5.597934529653579e-11
4.5874750272076526e-11
4.384864613461217e-11
3.8923496451998656e-11
3.692378225736928e-11
3.237129154688873e-11
3.034289971556283e-11
2.979539754321467e-11
2.8940192537112237e-11
2.464787406883019e-11
2.4856341902998333e-11
2.1668939038576928e-11
2.1576378009143636e-11
2.0357466881027543e-11
1.8728451937283057e-11
1.676740260913074e-11
1.593359839664168e-11
1.3775009255603192e-11
1.3783973683587344e-11
1.2469717660468431e-11
1.1796752734827556e-11
1.1550559443251733e-11
1.1543547603703246e-11
1.181203722882261e-11
1.16663169680999e-11
9.799244199641612e-12
1.0131409176791386e-11
1.1120588663246223e-11
1.318638188157288e-11
1.4118049206714051e-11
1.4127034654647646e-11
1.2573178894705367e-11
1.189087830989427e-11
1.1889342556792578e-11
1.1474328913731715e-11
1.1147829822298653e-11
1.099851788835212e-11
1.1559987615839285e-11
1.0427496266379164e-11
9.822466013371845e-12
9.0758409859899e-12
9.369223894822636e-12
1.0714425589270937e-11
1.0610044621831779e-11
9.95483494727076e-12
9.09464293091761e-12
9.978607522748937e-12
9.145577641563118e-12
7.440494905933018e-12
6.929728077746414e-12
6.210553874232257e-12
6.24185944356439e-12
7.743712029091434e-12
7.812420195284972e-12
7.2448062601221215e-12
7.154240554858448e-12
6.4059158927731305e-12
5.9150103907548164e-12
5.751612872508286e-12
5.544638771069818e-12
4.992696940614731e-12
Acceptance rate: 0.31699999999999995
3.06327429496877e-12
3.1954404022910187e-12
3.0044928136235494e-12
3.03373616382649e-12
2.8228732171325567e-12
2.645674987606631e-12
2.5526338625703277e-12
2.4292023020063366e-12
2.3250371450354396e-12
2.224635252894506e-12
2.1561196905294784e-12
2.037933714575878e-12
2.067173671638512e-12
2.221324371166255e-12
2.341322626999102e-12
2.3786266541036644e-12
2.3532265120600313e-12
2.4930446451909758e-12
2.258717026124395e-12
2.1769463169467883e-12
2.200782027261831e-12
2.370467217921131e-12
2.2847071926411612e-12
2.348736021606021e-12
2.349075916907062e-12
2.2240008109808992e-12
2.3504407555503325e-12
2.1784878463064434e-12
2.045208196935112e-12
1.9030264535851278e-12
1.971465438093543e-12
1.9130801873346974e-12
1.9730481171855643e-12
1.9931120368582187e-12
1.8841439923953437e-12
2.0146999854767335e-12
1.9202990774408223e-12
1.9643496372432905e-12
2.2175714633929365e-12
2.0864052928090713e-12
2.120814080168907e-12
2.2458226889731757e-12
2.372728520965554e-12
2.596070058930361e-12
2.585440071390091e-12
2.5188890839106507e-12
2.472962864958193e-12
2.401996262190767e-12
2.351305096531009e-12
2.3962170912892926e-12
2.100146009111205e-12
2.3272368266239634e-12
2.557962521574639e-12
2.7403581800546636e-12
2.908082439378301e-12
3.1569831315272716e-12
3.0906081950042936e-12
2.7907656987233963e-12
2.895331907976763e-12
2.724070962123877e-12
2.7638393506738122e-12
3.044334025754307e-12
3.2894429812893788e-12
3.653820752884542e-12
3.2264555481152712e-12
3.4263484986860246e-12
3.6021213526221536e-12
3.767687336480328e-12
3.8105382202108034e-12
3.7534478623873495e-12
3.936499382161233e-12
4.023579239828013e-12
4.154062484916498e-12
4.136751066705817e-12
4.216006548717992e-12
4.620791198208013e-12
4.329584002665828e-12
3.953945397094158e-12
3.777495024777571e-12
4.1848698526048495e-12
4.0001520123680364e-12
4.024332387209256e-12
4.09931847495545e-12
4.2059629528817455e-12
3.972076558592343e-12
3.651976310686227e-12
3.825501331660285e-12
3.8593632269750755e-12
3.6838283021401435e-12
3.6102408953302147e-12
3.651162970159921e-12
3.3829685169343327e-12
3.238363097118479e-12
3.1175189856067218e-12
2.8428728649917827e-12
3.273923541050389e-12
3.0318970471869687e-12
3.3076354824018795e-12
3.250564826022589e-12
3.3751820453558584e-12
Acceptance rate: 0.3027500000000007
2.0681426884616734e-12
2.2313006778168993e-12
2.2377199873596356e-12
2.315682916401374e-12
2.526349233417561e-12
2.6473066251014403e-12
2.781750063785329e-12
3.0399937377039788e-12
3.0943429000009677e-12
3.0396172671726544e-12
3.0840772336632333e-12
3.2851683217148628e-12
3.230075158246298e-12
3.0091853590396654e-12
2.96372253357372e-12
3.450357692144332e-12
3.619005309535845e-12
3.757434019363816e-12
3.8352655544641875e-12
4.183406200482719e-12
4.129888072075236e-12
4.2121588321417924e-12
4.3646131886074124e-12
4.386769608989632e-12
4.521362859448274e-12
4.571959623077735e-12
4.648126627395453e-12
4.327494164256881e-12
4.201786755227897e-12
4.05628008224806e-12
4.493857849707492e-12
4.897457074302125e-12
5.2952652532250205e-12
4.700511783956984e-12
4.73429298474854e-12
4.612944118090926e-12
4.363156612412721e-12
4.33970886011884e-12
4.313679143738268e-12
4.174246298919958e-12
4.004315543479491e-12
4.177644844629237e-12
4.1885988462198786e-12
4.568675963769495e-12
4.340746099309598e-12
3.7128073223727826e-12
3.494812431708486e-12
3.2949419012181955e-12
3.436872741023484e-12
3.2362468769733285e-12
3.1846039467227906e-12
3.018153432879925e-12
3.126937208338972e-12
3.0374889996816644e-12
2.77101916875905e-12
3.0643455179683434e-12
2.7880751926116175e-12
2.91665595232229e-12
3.0857575559474518e-12
2.923058864761945e-12
3.147079233699473e-12
3.5128166827496044e-12
3.245253597740946e-12
2.9974356180091853e-12
3.0138967552499345e-12
2.888218080569914e-12
3.209139958718972e-12
3.80771902865259e-12
3.645304042825687e-12
3.536860519400946e-12
4.175746109730109e-12
4.4789878663083255e-12
4.360612134241248e-12
4.426555711688343e-12
5.447478753488433e-12
5.479630964661795e-12
4.51968437455982e-12
4.872110070067521e-12
4.724986132741895e-12
4.45701289523098e-12
3.901012170053104e-12
4.6599982527216194e-12
4.839089393883511e-12
5.243649530767265e-12
5.804259691430575e-12
5.38487473456367e-12
5.203273510510964e-12
4.639432951928195e-12
4.365624969041297e-12
4.4008785592426485e-12
4.420161925060115e-12
4.751740317834927e-12
4.7257453420986285e-12
4.8846380955129755e-12
4.582561673128123e-12
4.098835175752636e-12
4.1494445385688825e-12
4.147733106100495e-12
3.9537145532109806e-12
3.980335274513424e-12
Acceptance rate: 0.2993333333333336
2.4718155174838933e-12
2.2444473443855462e-12
2.1964286696737394e-12
2.175169434756752e-12
2.35077659557454e-12
2.315550782364027e-12
2.011061014299715e-12
2.0072544468000955e-12
2.0985619185574927e-12
2.094198458343352e-12
2.142156571262896e-12
2.065370331893232e-12
1.9593605487819553e-12
1.804770342428153e-12
1.847371208380672e-12
2.0181764057552975e-12
2.0895304291586664e-12
2.1936248185113857e-12
2.5801004360193598e-12
2.8605578072439922e-12
3.2607630190498375e-12
3.774566316615444e-12
3.965460777711161e-12
4.67903062612737e-12
4.725911978597589e-12
4.276422308130622e-12
4.515371918001272e-12
4.872303561170462e-12
4.930156510456802e-12
4.716506000858838e-12
4.594786032524973e-12
4.572246047984713e-12
4.314470382152824e-12
4.17445160152214e-12
4.497169386413804e-12
4.6736153702197125e-12
4.308812293636052e-12
4.355001667906101e-12
4.076828243530725e-12
3.847702479294469e-12
4.2361623964333775e-12
5.035011455316506e-12
4.6191209236052426e-12
4.790954014463553e-12
4.407496261823244e-12
4.030276296467993e-12
4.2460698201721274e-12
4.263025245054275e-12
4.147626991558186e-12
4.0374477100555975e-12
3.656931541846872e-12
3.780788228328245e-12
4.047878176158369e-12
3.8396498596542935e-12
3.769699027785011e-12
3.5077120188640527e-12
3.5694397915976016e-12
3.5874129471283973e-12
3.688592186040918e-12
4.288446381759466e-12
3.733144501816885e-12
3.892759885294003e-12
4.331928663192682e-12
4.1458599505558705e-12
3.9882807894183285e-12
3.65762569169143e-12
3.428546679691435e-12
3.3397667148759783e-12
3.0349955784045362e-12
2.9393721172311967e-12
2.623271225852848e-12
2.382296176245287e-12
2.19066349921146e-12
2.5368121457414864e-12
2.675623779665494e-12
2.858471537383921e-12
3.3127799728658174e-12
3.461260940979117e-12
3.803269022127976e-12
3.966651334969497e-12
3.78603738576739e-12
3.787890735743572e-12
3.6483822600012444e-12
3.523956581141055e-12
3.5798501815068427e-12
3.7562976695881906e-12
3.669259168148862e-12
3.874211952765972e-12
4.116490426984792e-12
4.0808168853312865e-12
4.111476100724193e-12
4.00832790818261e-12
4.134284976789227e-12
4.0353767701368564e-12
4.50108519227847e-12
4.236130612148073e-12
4.056514599982762e-12
3.905961703297894e-12
3.949725188690639e-12
4.452517922616627e-12
Acceptance rate: 0.29950000000000043
2.9285517869322135e-12
3.379332924191698e-12
3.5657129877263174e-12
3.747431717948991e-12
3.773068203315023e-12
4.329173769705673e-12
4.336015696675193e-12
4.949560924189168e-12
5.071643267603543e-12
4.733180698199091e-12
4.683278963577187e-12
4.378657466578682e-12
3.786464668102347e-12
3.5238292679746213e-12
3.699989991660804e-12
3.643971682060412e-12
3.737923252983011e-12
3.5963847842950285e-12
3.716825645597289e-12
3.431624515550306e-12
3.3964908614873624e-12
3.65764490607129e-12
4.094890322527384e-12
4.9066268567934085e-12
4.872496708540486e-12
4.727586916619646e-12
4.754062700851196e-12
4.618991429218151e-12
4.521156499008481e-12
4.640688407742746e-12
5.687262651276649e-12
5.907986163052873e-12
5.540914820540849e-12
6.717265335916376e-12
6.514463204275364e-12
6.125986749000643e-12
6.7026892622580145e-12
7.555488535608816e-12
8.148133117536352e-12
8.110868501131487e-12
7.984866174175579e-12
8.301673875596453e-12
7.975953990631832e-12
7.189196056231113e-12
6.830720887444425e-12
6.2959758031986884e-12
6.136272871309133e-12
5.671746355794555e-12
5.348281728491393e-12
6.4649612473473e-12
6.7457598942433166e-12
7.032543478943626e-12
6.696248703678924e-12
6.3255472255652025e-12
5.7107785859333e-12
5.65686096852517e-12
5.4815492727439386e-12
5.529748046877413e-12
5.364999402476745e-12
5.986893645832023e-12
5.6516621887769155e-12
5.707492642224809e-12
5.289388808445494e-12
5.061894428858691e-12
4.973635246087901e-12
4.3676963889494535e-12
4.430627850911134e-12
4.286533647969288e-12
3.832573132441681e-12
3.767326551389595e-12
3.6883740567556114e-12
3.819265474462404e-12
3.614054005908549e-12
3.6354795582477075e-12
3.681405482982636e-12
3.8578194786944494e-12
3.276584787780634e-12
3.479604675613569e-12
3.6036848506580135e-12
3.581965682472446e-12
3.5984353533378873e-12
3.665706380280705e-12
3.5961921349139926e-12
3.66641758256026e-12
3.6742832938355765e-12
3.622889743143431e-12
3.595635554449801e-12
3.953245599454532e-12
3.746126642311814e-12
3.922490100991628e-12
3.824186444248448e-12
3.82979301966337e-12
3.5684894616006907e-12
3.410865750441754e-12
3.465050074422388e-12
3.536653427252129e-12
3.3740925678758634e-12
3.3820972526191207e-12
3.0679825879650778e-12
2.8483231737242863e-12
Acceptance rate: 0.3002999999999996
1.827733671102386e-12
1.82672050665335e-12
1.7882455225166711e-12
1.8260774330899612e-12
1.923655977448495e-12
2.479622268794164e-12
2.388523579417756e-12
2.359525718027705e-12
2.4985065037290934e-12
2.6940169144955887e-12
2.946565836685549e-12
2.796377435699901e-12
3.127388643432056e-12
2.941733932083983e-12
3.1762862845661332e-12
3.620672836921015e-12
3.954325023036198e-12
3.976563566242282e-12
4.601947648082148e-12
5.236791319759439e-12
5.4518802598215865e-12
5.324634540931695e-12
4.891894382617199e-12
4.663125209935161e-12
4.285804215957234e-12
4.4902592260332955e-12
4.087088912857758e-12
4.2595592430287715e-12
4.673574202512771e-12
4.544956924554446e-12
4.643962658981868e-12
4.729660333763729e-12
4.7892364717537255e-12
4.4441525013883734e-12
4.383356860624761e-12
4.6773938762212045e-12
4.711177228268481e-12
4.542910676357015e-12
4.5106712185998416e-12
4.724123848718372e-12
4.962247498671326e-12
5.657824058817222e-12
5.778419119443201e-12
5.61609728894882e-12
5.8659466099500095e-12
6.521718842768178e-12
6.5814214788738e-12
6.840870486164228e-12
6.032210304260762e-12
6.247257054704072e-12
6.385720966161425e-12
6.2337276935167456e-12
6.2881170163890655e-12
5.8018962468734435e-12
5.549452491782154e-12
5.264880722098014e-12
4.874024988871054e-12
4.736989750174084e-12
5.534382794238329e-12
6.095314115379159e-12
6.262382748008333e-12
6.347465778455775e-12
6.2076406651864395e-12
5.689514378608399e-12
5.792204860827442e-12
5.543895411178277e-12
5.484755570361442e-12
5.626370126605672e-12
5.508319119780767e-12
5.201766875398247e-12
5.313650987276185e-12
5.071342030538513e-12
5.322582690049631e-12
5.319406529952448e-12
5.594888196155106e-12
5.4128234347735165e-12
5.870081195030421e-12
6.431674554014309e-12
7.018754036655591e-12
6.9616534450170364e-12
6.713771033496512e-12
6.342519013852745e-12
6.422999171861565e-12
7.0240967308498504e-12
7.09601608352644e-12
7.707464170248304e-12
7.97615833366813e-12
8.422382435187703e-12
8.062901607959383e-12
7.904867895625472e-12
7.737557268127559e-12
8.485509353059084e-12
8.535733954028592e-12
8.129968144490757e-12
8.123939868225335e-12
7.993781193404121e-12
8.410383046686466e-12
8.434711177761942e-12
8.363437423295467e-12
7.885263908853399e-12
Acceptance rate: 0.3017499999999986
5.048858668442152e-12
4.792946525126931e-12
5.0347252232541416e-12
5.487487458919636e-12
5.8302581658341405e-12
5.84938204529698e-12
5.513052590981955e-12
5.951769628953285e-12
6.06731606546891e-12
6.280763613833495e-12
5.9829084954396195e-12
6.11566816151607e-12
6.063669106832382e-12
5.807381626091597e-12
6.268490727009342e-12
7.345528561734623e-12
7.595371569684629e-12
7.240134688517305e-12
6.774883418322928e-12
6.675015728204831e-12
6.666512446875723e-12
6.873806693002414e-12
6.952358520569673e-12
7.003205398210895e-12
6.516037263212397e-12
6.610826284539893e-12
6.835973181322595e-12
6.773989460181503e-12
6.497864120879378e-12
7.68480970311082e-12
7.237834802124928e-12
7.277564244833124e-12
7.091696936451725e-12
6.735170958506827e-12
7.809113760434666e-12
6.937228115895291e-12
7.176742123078431e-12
7.52739387273345e-12
7.89488228784385e-12
9.153818769215467e-12
8.382114551647347e-12
7.940611032692851e-12
7.396948941895436e-12
7.463730854157708e-12
6.857985303023854e-12
6.46875240547158e-12
5.8221803391200465e-12
5.25103382774592e-12
5.339720273890267e-12
5.180491312634047e-12
5.16393376380306e-12
5.115582191299294e-12
5.350842469421104e-12
5.519005888245833e-12
6.1418162887534166e-12
6.025620277031791e-12
6.404563235218111e-12
6.391425397105502e-12
7.04532241149832e-12
7.81203011046689e-12
8.297135168559573e-12
7.933113950082411e-12
7.999082590892218e-12
7.436573576610173e-12
7.499945767269847e-12
7.623122175214436e-12
7.696143753513542e-12
9.173901375164901e-12
1.0053697116601145e-11
9.39450903248744e-12
1.0347616735582996e-11
1.069417250317754e-11
1.124439383733444e-11
1.0825850083482901e-11
1.2035215642336421e-11
1.167311599388973e-11
1.142231892624685e-11
1.1543796300672981e-11
1.0621085922509508e-11
9.964457081980678e-12
9.995639980942104e-12
1.1289767942246323e-11
1.2929527807248527e-11
1.2116060785940518e-11
1.199922058903767e-11
1.0937558248275345e-11
1.1148717653151873e-11
1.0357219400220871e-11
1.1240261474409459e-11
1.0983256173440246e-11
1.0895336773578293e-11
1.0140578838639708e-11
9.721608550781971e-12
9.901223252275042e-12
9.991861076413636e-12
1.0838468771524776e-11
1.0117884006587894e-11
9.735265954250381e-12
9.043143173092888e-12
8.721828090560894e-12
Acceptance rate: 0.2989285714285695
5.63671966620157e-12
5.5089015212767395e-12
5.535532507450817e-12
5.327041708351747e-12
5.052367637263164e-12
4.813739053015273e-12
4.292541789215048e-12
3.984939946120754e-12
3.601418136991956e-12
2.9716047919430374e-12
2.8931240317659178e-12
2.7586288968939902e-12
2.5953917246024873e-12
2.5694139458364016e-12
2.555303746113548e-12
2.6435759176639484e-12
2.603881420418559e-12
2.687533941504163e-12
2.6592703587981927e-12
2.6663158752565693e-12
2.6676530913456075e-12
2.764290993494464e-12
3.124917810386304e-12
3.0028621263985556e-12
3.0740023270963363e-12
3.125696432375044e-12
3.12754818703769e-12
2.805982739647382e-12
2.9011191696728684e-12
3.179328294104469e-12
3.384358933931381e-12
3.1870914932294988e-12
3.399824305055342e-12
3.330177396151563e-12
3.1206132972644873e-12
3.092386135038733e-12
3.0621095486728868e-12
2.9547721856140092e-12
2.796125093885509e-12
2.953888858321362e-12
3.6009425610060614e-12
3.915686602156556e-12
3.637384901899873e-12
4.8943240844800775e-12
5.682934815906774e-12
5.6978626088273056e-12
5.667901862907306e-12
5.872024010265371e-12
6.014371052007551e-12
5.764864563862259e-12
5.766941668557666e-12
5.931543488295717e-12
5.694396294221751e-12
5.813932476456134e-12
5.664560712887279e-12
5.310772288607341e-12
5.367220804230219e-12
5.3013670209044676e-12
5.541608716152157e-12
5.102467054556113e-12
5.889400263915775e-12
5.52703083718112e-12
6.303473306530447e-12
6.025454089777522e-12
6.285503741422351e-12
6.555929364546996e-12
6.331167527041996e-12
5.861921525859211e-12
6.189556010874909e-12
5.967232988963505e-12
5.918676578261615e-12
5.648922698055832e-12
5.1276922682514195e-12
5.02013523009692e-12
4.909794694315339e-12
4.917706838106022e-12
4.8714785332964855e-12
4.917352022009755e-12
4.6618940384728605e-12
5.17671826796431e-12
5.132738188730897e-12
4.969151832892046e-12
4.680090919632491e-12
4.88846818274471e-12
4.772424463958945e-12
4.546265963266421e-12
4.2479660634764e-12
4.466489206358282e-12
4.19906802623713e-12
4.291750167465982e-12
4.2835023133697576e-12
4.346708254649957e-12
4.014350598268894e-12
3.6293729939825975e-12
3.817223017851757e-12
3.7038512889057165e-12
3.5079741963324137e-12
3.822082610467852e-12
4.349601501539631e-12
4.091689339803813e-12
Acceptance rate: 0.30143749999999814
Sampling time (10 samples): 4392.1582 seconds
