/scratch/users/yanlan/TroubleShooting/Weights/Output/AM_PM_ET_182_251_00
1.0720189345916599e-06
5.530212018637325e-07
3.232226008899368e-07
1.8401628271708135e-07
1.1447828139921244e-07
7.632576361146106e-08
5.202890206415711e-08
3.536527056216963e-08
2.2763503354794015e-08
1.4685541021376234e-08
1.039202582937446e-08
7.574283058305554e-09
5.833298532609114e-09
4.449814441227503e-09
3.3988294983941e-09
2.53224707025971e-09
2.1968317844798508e-09
1.8090296306683505e-09
1.3449344296967673e-09
1.1995750222416684e-09
9.37525937308229e-10
7.111312718206466e-10
5.369844892303727e-10
3.853258201296933e-10
3.0625505931501225e-10
2.4941599849063854e-10
2.1639375872370448e-10
1.845217591367691e-10
1.556740612534344e-10
1.5033457206796968e-10
1.2152536661654315e-10
1.0180035086320585e-10
8.021458225253402e-11
6.347503435659981e-11
5.203633000090006e-11
4.734468006908656e-11
4.058442193238774e-11
3.5784628334837866e-11
3.297292015348344e-11
2.8980097687037923e-11
2.628515414595118e-11
2.4439589959243507e-11
2.073813987181659e-11
2.095397120213457e-11
2.21417107499607e-11
1.9951556100662158e-11
1.7545643514535e-11
1.69575775530795e-11
1.5120173182820355e-11
1.2956597645587853e-11
1.0458448276996855e-11
9.928019706848722e-12
8.843446934480518e-12
9.402574217245177e-12
9.075489823114334e-12
8.563406693619432e-12
7.612825417203679e-12
7.031944560797274e-12
6.799504016330947e-12
6.768154830406734e-12
6.561919936762281e-12
6.175773811227879e-12
5.9960515423381254e-12
5.996719744794291e-12
5.889409276805919e-12
5.476262070309863e-12
5.8437325088901644e-12
5.546114006215521e-12
5.6570709899893734e-12
6.005284204090401e-12
5.654472249246294e-12
5.3504286744094366e-12
5.157701030759393e-12
4.730158677237821e-12
5.013582242212508e-12
5.651228549478288e-12
5.609827673661342e-12
4.9625433711344666e-12
4.2514014107578775e-12
4.243730841888498e-12
4.742960613581609e-12
4.857363227237358e-12
5.460407583227173e-12
4.938855423171224e-12
5.085130310795324e-12
5.455536860644917e-12
6.012737942778223e-12
5.931572096005988e-12
6.197510104980512e-12
5.524132043665872e-12
6.041358301186824e-12
5.5427219927601804e-12
5.129283121794084e-12
6.456937690132912e-12
6.262793859099321e-12
5.359915967912454e-12
5.133246185262286e-12
4.998936773658161e-12
5.293699487729286e-12
5.02810331663002e-12
Acceptance rate: 0.3194999999999994
3.0687059993111927e-12
3.3112990364075744e-12
2.972844357366056e-12
2.785014592294563e-12
2.7489550147675755e-12
2.7326631269200574e-12
2.769438569272542e-12
2.7791350314273692e-12
3.010522395291867e-12
3.121095089166827e-12
3.2355115703431803e-12
3.3785245407337396e-12
3.1637397259621325e-12
3.3356555264672078e-12
3.359612713259081e-12
3.3735600121609222e-12
3.037902446648155e-12
3.2989009268432736e-12
3.4091562371436413e-12
3.564563576461111e-12
3.3867232532713998e-12
3.3319192746684248e-12
3.125040917135935e-12
3.0453331114491237e-12
3.1441300530725235e-12
3.0372582143429205e-12
2.8104845033411644e-12
2.6120519795201045e-12
2.6593515512223517e-12
2.6284965493095655e-12
2.452954615576009e-12
2.747841356887113e-12
2.9732170824228862e-12
2.840872029592146e-12
2.617263749551454e-12
2.5021572572360443e-12
2.589636356774339e-12
2.8965601817537116e-12
2.7361673076855694e-12
2.6569710077620624e-12
3.117159627286127e-12
2.7936147020818356e-12
2.609113705800517e-12
2.4168699265613756e-12
2.5047151727377215e-12
2.643389809008705e-12
2.6660568966932816e-12
2.5150304514162228e-12
2.7842271820013974e-12
2.6868662933870025e-12
2.6950156601211383e-12
2.774273168998346e-12
2.7146721510087668e-12
2.5508831861815726e-12
2.5374210939649275e-12
2.6905936178414487e-12
2.5911052011604204e-12
2.7338472790952918e-12
2.6561762426902267e-12
2.7861010313033996e-12
2.7661816507951726e-12
2.929072659757816e-12
2.881222042688943e-12
2.8838152749162038e-12
2.944986100675029e-12
2.8871079522725594e-12
2.702688115332644e-12
2.8954724922249217e-12
2.8256601593160825e-12
2.7072067412415215e-12
2.593251103241089e-12
2.450478466488346e-12
2.1732865253655035e-12
1.9291731216717505e-12
1.8289048975359554e-12
1.8142144871429897e-12
1.7295515686534343e-12
1.7055335555609e-12
2.1322904047744354e-12
2.3467017225888686e-12
2.518933966830267e-12
2.634869292689487e-12
2.4431203573013956e-12
2.7770025778299907e-12
2.8765222167457836e-12
2.7955849025846556e-12
2.7650133826530997e-12
2.4268315148668337e-12
2.23151711952739e-12
2.1081803851054622e-12
2.1221892092572753e-12
2.161078822718814e-12
2.187336292183586e-12
2.0814941223419745e-12
2.1870650983931187e-12
2.24801172848057e-12
2.404386586968247e-12
2.3106131471482704e-12
1.9588754616265934e-12
2.1460863272420792e-12
Acceptance rate: 0.31899999999999956
1.3464532774399888e-12
1.6112199209183653e-12
1.557698100377192e-12
1.696507789975415e-12
1.6757066951997266e-12
1.5942583201348005e-12
1.4733518176712828e-12
1.5379874412132628e-12
1.4476173064836225e-12
1.4396664617413748e-12
1.7042430477337676e-12
1.6677472869888208e-12
1.6983266006063868e-12
1.5259840796273296e-12
1.5957273258794133e-12
1.845730112915154e-12
1.7664779088577224e-12
1.7692271425438538e-12
1.5696573992431206e-12
1.6489838458509811e-12
1.6227405741830094e-12
1.6488693605866586e-12
1.6188292183427245e-12
1.699652029190066e-12
1.7570669906522258e-12
1.6316067986938737e-12
1.7172179672848926e-12
1.5356842533243692e-12
1.620845120671649e-12
1.5696075701723088e-12
1.6296500926031006e-12
1.815952682443398e-12
1.9322724245438083e-12
1.8220571809492324e-12
2.0219632209539246e-12
2.2810474429333637e-12
2.2716354170209164e-12
2.4280923468975187e-12
2.2495097729325207e-12
2.2123465851983986e-12
2.354240613404618e-12
2.2439551778937525e-12
2.6334890564769326e-12
2.574814791520887e-12
2.344609023289695e-12
2.232505140662138e-12
2.14809066477368e-12
2.0975079052990636e-12
2.2824999378723585e-12
2.491879079835684e-12
2.6044767930530424e-12
2.466394701566893e-12
2.2228491889835192e-12
2.0768087521200013e-12
2.13413932126051e-12
2.0076832638323287e-12
2.3762193739414146e-12
2.698406764652378e-12
2.60617554142507e-12
2.853424883728026e-12
2.743893046508813e-12
2.527368587067582e-12
2.708570655193739e-12
2.769526919446373e-12
2.5419663520115742e-12
2.585251536430038e-12
2.4794441451458987e-12
2.6904830190206932e-12
2.7430831075760574e-12
2.769418434491413e-12
2.745872873573572e-12
2.7530699865746108e-12
2.7539685123652432e-12
2.7354669529046767e-12
2.734335656213438e-12
2.567488160831319e-12
2.264050932990074e-12
2.2857773706763727e-12
2.243085026798298e-12
2.4045087030298025e-12
2.2870148952947725e-12
2.381397258971704e-12
2.3262861743502593e-12
2.680080066655494e-12
2.7901822772655033e-12
2.9943448047412796e-12
2.8111349473308356e-12
2.8652227636700136e-12
2.5869545189749103e-12
2.4663591949818155e-12
2.261005332543208e-12
2.236481303232395e-12
2.2368815041388536e-12
2.3394835160488416e-12
2.3266262682989816e-12
2.3836956485853054e-12
2.348412998293885e-12
2.417440053912784e-12
2.2414511718985713e-12
2.236927561867645e-12
Acceptance rate: 0.3031666666666661
1.4142828902010611e-12
1.462652562754002e-12
1.8509510140208423e-12
1.8860578220226527e-12
2.0756911536956373e-12
1.8557735473855037e-12
1.802013414184052e-12
1.9287795212908437e-12
1.9315422356290368e-12
2.034422639039251e-12
2.034217968555142e-12
2.0457931548508433e-12
1.962285983800802e-12
1.8651111308491647e-12
1.6667925437272274e-12
1.584577023648657e-12
1.4248344392442333e-12
1.3474712428744782e-12
1.461352193920616e-12
1.372502409474794e-12
1.3117780784530186e-12
1.5485225245422646e-12
1.6560757723616807e-12
1.6684121036036591e-12
1.6789941159653008e-12
1.7220743173546534e-12
1.9923051447010293e-12
2.110382667373885e-12
1.8432938748948125e-12
1.8738689766657945e-12
1.8331435590495417e-12
2.1116313802937794e-12
2.296361507288843e-12
2.362739706206416e-12
2.2811549072402887e-12
2.284100249212185e-12
2.2639098347734557e-12
2.0683097857062455e-12
2.065479948495061e-12
2.0088544582081047e-12
2.0794487592732856e-12
2.2144597144296408e-12
2.152739951095732e-12
2.198338932692573e-12
2.0544865313794225e-12
1.9827583018756237e-12
2.532280484310605e-12
2.6349088039647743e-12
2.6659105611915835e-12
2.488697016915047e-12
2.7399355329609304e-12
2.908995373508989e-12
3.083974667467212e-12
3.4839022240184e-12
3.892435454776475e-12
3.808801097741568e-12
3.974760257521797e-12
3.688768940854121e-12
3.8163821965032345e-12
4.242504796118654e-12
4.623403122678247e-12
4.4824201827580235e-12
4.308059069639872e-12
4.511342751197864e-12
4.872671511917419e-12
4.32612047399985e-12
4.004336388954804e-12
3.71929222743967e-12
4.295947863813671e-12
4.048892073036757e-12
3.9067690782856755e-12
3.523142812201358e-12
3.665504162437669e-12
3.5502708406517496e-12
3.7093940368428144e-12
3.893323886991081e-12
4.1142215122189245e-12
3.870924203342454e-12
4.2277245407885105e-12
3.9969993190327155e-12
3.9428805544743106e-12
4.370985365421494e-12
4.60163505306064e-12
3.9506474518056695e-12
3.935340265817933e-12
3.982825107306966e-12
3.917135138067272e-12
3.992455365973998e-12
4.098314780927845e-12
4.013813536813375e-12
3.744902869484398e-12
3.911761880128727e-12
3.6734664725600204e-12
4.266164263730212e-12
4.403314171570431e-12
4.710293573175135e-12
4.036294568927133e-12
3.856704935528992e-12
3.797598064955985e-12
3.874340804361947e-12
Acceptance rate: 0.30050000000000016
2.489499470436972e-12
2.592059907376162e-12
2.4476726463994974e-12
2.3470373094436607e-12
2.3081707136041135e-12
2.809386811698991e-12
2.787649197879405e-12
2.5124472171835757e-12
2.5197323372061295e-12
2.5422963291179318e-12
2.7751179698343124e-12
2.5357994428966663e-12
2.250436913415968e-12
2.5235865201312777e-12
2.4468648398785683e-12
2.3097955229639183e-12
2.442827574297873e-12
2.6312692103325476e-12
2.7292079930172562e-12
2.584298988069662e-12
2.6567900386798827e-12
2.5860357994487925e-12
2.5481352821058653e-12
2.522086816288971e-12
2.545195326221619e-12
2.154814457933334e-12
2.0839026077342263e-12
2.18350502785684e-12
2.566170543576216e-12
2.896019185933659e-12
3.012254502228971e-12
2.714933092161316e-12
2.875893012451821e-12
2.9078256315150575e-12
3.0942772348457326e-12
3.250989433860596e-12
3.4967614271191727e-12
3.911682414706795e-12
3.6255580580258078e-12
3.742117548776676e-12
3.4459918851258057e-12
3.416083481359992e-12
3.665745246422827e-12
3.434256033624837e-12
3.16882058994315e-12
3.0091988564550795e-12
3.1114473847965687e-12
2.9311444547336587e-12
3.247566228057912e-12
3.240250776420633e-12
2.8209729093066437e-12
2.6395218660980732e-12
2.5593941906370082e-12
2.61479452406132e-12
2.379892832903718e-12
2.241671753559047e-12
2.5424274170122737e-12
2.504461604586545e-12
2.495346592498183e-12
2.7120070891231766e-12
2.6828416539043426e-12
2.5285196031643847e-12
2.8181226936637315e-12
2.6396588229959726e-12
2.85438355607095e-12
3.2023391260940956e-12
3.186117034121176e-12
2.8408362522063267e-12
2.9585742054265205e-12
3.0016999414449015e-12
2.887223403601878e-12
2.6510490403563576e-12
2.950295238912243e-12
3.08797974791625e-12
2.853692090618057e-12
2.798061979812004e-12
2.8766393605991436e-12
2.8984771147567878e-12
2.907582173490937e-12
3.0397680662833833e-12
2.726486604275914e-12
2.444384322022187e-12
2.6162177411048937e-12
2.4756241436618375e-12
2.6251017143484994e-12
2.3382115794749414e-12
2.3431482076546304e-12
2.3297538261848644e-12
2.416558237579218e-12
2.475662875090199e-12
2.4217296168410384e-12
2.412295718061869e-12
3.4128601735982493e-12
3.562943906948395e-12
3.165352463667022e-12
2.965118269653468e-12
3.563933396431783e-12
3.464429536902124e-12
3.708253076555876e-12
3.668981658505048e-12
Acceptance rate: 0.2982000000000011
2.3608054651228105e-12
2.2081920539049695e-12
2.2366022698716297e-12
2.2629213905111267e-12
2.0304410751418903e-12
2.0380112163874666e-12
2.1981869692436277e-12
2.249955619877498e-12
2.87496373350801e-12
2.773365169007215e-12
2.781321089396396e-12
2.6069291796740107e-12
2.8209424082027075e-12
2.728280593358327e-12
2.4539555644956746e-12
2.367901605390653e-12
2.388238481680681e-12
2.309496666349523e-12
2.4887509857865253e-12
2.616738673945704e-12
2.5489901872401794e-12
2.4033020927426457e-12
2.137882239382708e-12
2.07385377133054e-12
1.901733139864512e-12
1.7765641679460742e-12
1.7775334634262912e-12
1.8835909169445155e-12
1.9482544851499177e-12
2.0450483991476986e-12
2.373150967100658e-12
2.3064724804705943e-12
2.2655339743512123e-12
2.296156066196259e-12
2.3412606538778385e-12
2.4109607485865197e-12
2.1194936885364044e-12
2.2632202437430147e-12
2.213753950796175e-12
2.2501653453598856e-12
2.1610251084104765e-12
2.5562587693944506e-12
2.9193046225597305e-12
3.253684738007764e-12
3.2947196133461776e-12
3.441232364197397e-12
3.6278426459857478e-12
3.884002897235239e-12
3.633140878665385e-12
3.7554207425225835e-12
3.854530011229898e-12
3.776735635165601e-12
4.018421173200665e-12
4.456213187108457e-12
4.344793314703852e-12
4.324775847980571e-12
4.392663379989127e-12
4.4569354041885195e-12
3.952770964525979e-12
5.411671760048596e-12
5.381918438831036e-12
5.531507182180046e-12
5.539953417257222e-12
6.067408751293037e-12
5.5312419718739985e-12
6.096633056245597e-12
6.6484206398846284e-12
6.465186153543076e-12
6.310498407083396e-12
6.465931093918102e-12
7.168537573699102e-12
7.394493683570774e-12
7.164676410337887e-12
7.689204918140524e-12
7.032497331886194e-12
6.82315563861865e-12
6.998648278485159e-12
6.755499959373995e-12
6.837886369702279e-12
7.280883075389426e-12
7.086300983946846e-12
6.91643623502915e-12
7.360451859452577e-12
7.902686390309779e-12
7.670356639769828e-12
8.328365797316034e-12
7.756280366482608e-12
7.330175674019658e-12
6.5836658099599836e-12
7.088714995678826e-12
6.490152357978957e-12
6.462725427761606e-12
6.873982756994618e-12
7.436448152764592e-12
7.45316378421419e-12
7.25864024701762e-12
7.107160571078392e-12
6.883530352636507e-12
6.579009260540033e-12
5.786794617758149e-12
Acceptance rate: 0.29700000000000126
3.761735724652048e-12
4.044893187897418e-12
3.828776942724279e-12
3.774125222353401e-12
3.807051494044641e-12
3.742127114493339e-12
3.695099326731005e-12
3.53213792699895e-12
3.388897188017646e-12
3.5375962769195506e-12
3.464775425890085e-12
3.459786431853193e-12
3.715225565528637e-12
3.759327504905959e-12
4.020870273594975e-12
4.259154074090617e-12
4.399114984267354e-12
5.361039643427806e-12
5.3102808441944155e-12
5.606610885828736e-12
5.218141527559132e-12
5.74083933063629e-12
5.876493136732642e-12
5.717050861807847e-12
5.58836145666825e-12
5.535761187176049e-12
6.373444887504304e-12
6.776915150626671e-12
7.801284257031387e-12
8.150837987998698e-12
7.776373162322976e-12
7.651063246858144e-12
7.127681129844276e-12
7.044262360010272e-12
7.07026202974381e-12
6.622782771100412e-12
6.1278938703012085e-12
5.729646402940892e-12
5.257672377232619e-12
5.052479258192005e-12
5.650982472379622e-12
5.213037513021038e-12
5.060846883961184e-12
5.041134450880217e-12
4.864517740506897e-12
4.6223468664693964e-12
4.920139129848122e-12
4.732031355830928e-12
5.002525964742406e-12
4.7744159620186304e-12
4.480737733868119e-12
4.463911256660547e-12
4.377060202629324e-12
4.190319159351941e-12
3.995741028995722e-12
3.4845321717652463e-12
3.4430729623961205e-12
3.509362969540065e-12
3.3912497524578375e-12
3.582495118499363e-12
4.057107513086358e-12
4.101436766499315e-12
3.885896102431216e-12
4.303068613982221e-12
4.4755212122278335e-12
4.243144024171385e-12
3.794663102593485e-12
4.006463635694752e-12
4.303059727842031e-12
4.460457031476198e-12
4.7865153959632304e-12
4.331261728368648e-12
4.467121101793553e-12
4.518980942094435e-12
4.276179987522508e-12
3.936807732130375e-12
3.946889854117243e-12
4.397027002304308e-12
4.879739981030962e-12
4.69113293037771e-12
4.577139997065423e-12
4.63901562026848e-12
4.675826182500606e-12
4.813918928854325e-12
4.6256431169996164e-12
4.143762934912061e-12
4.0965728248712835e-12
4.0054613291780785e-12
4.0624285419166065e-12
4.1110863554824226e-12
4.1055996985659245e-12
4.33375545401339e-12
4.0906277392655974e-12
4.7428656939489205e-12
4.955471792884569e-12
4.724511860356818e-12
4.7569752816897775e-12
4.959176770118059e-12
5.4593048233875915e-12
5.9867582684425286e-12
Acceptance rate: 0.29664285714285915
3.8239961443423965e-12
3.6232083842696704e-12
3.4738368859862432e-12
3.4209551391960188e-12
3.411521911188468e-12
3.7274773592040806e-12
3.4006914857190726e-12
3.0284505740447344e-12
3.1622037981905595e-12
3.3094996994689696e-12
3.4609249004244052e-12
3.472751976007275e-12
3.2591682859041937e-12
3.541899043712773e-12
3.902018001419047e-12
3.8241254895394065e-12
3.6147102212038333e-12
3.2070602699997894e-12
3.3835638635056436e-12
3.1647671934887546e-12
3.1187670696068644e-12
3.230582866175223e-12
3.582127513789564e-12
3.924605920086985e-12
4.18364416911249e-12
3.9490977789401425e-12
3.918642107423936e-12
3.975688515166497e-12
3.75652759924383e-12
3.8018283275990374e-12
3.4662177379911466e-12
3.2620788008376943e-12
3.0931609610830088e-12
3.3526793644641588e-12
3.3720993298466057e-12
3.5833242469172317e-12
4.008953090999945e-12
3.910898036262032e-12
3.785251911933217e-12
4.000195563720615e-12
3.8796878510706435e-12
4.281467516378914e-12
4.222195451879478e-12
4.301230972768551e-12
4.341469575145273e-12
4.637860590566817e-12
4.636541832248417e-12
4.1737241117656575e-12
4.147958485969022e-12
4.084718216749203e-12
3.6150674231359085e-12
3.3345456917844936e-12
3.4030134508237774e-12
3.385706754755814e-12
3.513792903085055e-12
3.3134334320368815e-12
3.6481935724992844e-12
3.636235680270981e-12
3.702393416044061e-12
3.672144196767426e-12
3.739304249272022e-12
3.4636045775132034e-12
3.34000572387804e-12
3.5303793333966645e-12
3.453329689614962e-12
3.4184085742936776e-12
3.0198623141508156e-12
3.015609835066768e-12
2.9969574724523277e-12
2.808440931111495e-12
2.7339173858276127e-12
2.58171062740446e-12
2.7504312786984998e-12
3.1611587713200353e-12
2.995932876343206e-12
3.238632247864853e-12
2.9929830958243097e-12
2.900415300638484e-12
2.9589983000018818e-12
3.3265886755548963e-12
3.2922822450275365e-12
3.366738670845656e-12
3.651617774819862e-12
3.392793235559551e-12
3.1631310354338966e-12
3.343472001948687e-12
3.2272747922048492e-12
3.058352675998629e-12
3.5863208633804345e-12
3.4048920036005993e-12
3.6027800357993027e-12
3.672361277498302e-12
3.715333180697065e-12
3.6202460475808745e-12
3.17039398410046e-12
2.9967660960729396e-12
2.7805080310106497e-12
3.2800854063614125e-12
3.5074533260425314e-12
3.5700796294846868e-12
Acceptance rate: 0.29662500000000125
Sampling time (10 samples): 4365.8046 seconds
