/scratch/users/yanlan/TroubleShooting/Weights/Output/AM_PM_ET_181_342_00
1.0820397567249058e-06
5.616199023217505e-07
3.174996592678051e-07
1.745594681441942e-07
1.0329159660792864e-07
6.456043252911042e-08
4.241653887958832e-08
2.664945714532696e-08
1.898194100900529e-08
1.3509837656225785e-08
9.20838726328011e-09
6.4490668558125686e-09
4.309049492701341e-09
3.3071307010796925e-09
2.4133003719121563e-09
1.8965395216126706e-09
1.4433786609555785e-09
1.1029396624332476e-09
8.542912201730662e-10
6.261915590480426e-10
5.342628398548056e-10
4.526340680590004e-10
3.821273576819807e-10
2.879854052554101e-10
2.635460796802531e-10
2.1257058586972168e-10
1.8926434575608777e-10
1.5373676987709294e-10
1.4328152752374887e-10
1.246504501944764e-10
1.0640773381589978e-10
9.031079491252076e-11
7.844367533783055e-11
7.690508525255046e-11
7.142514849757364e-11
6.486726223674572e-11
5.846792605941939e-11
4.948170770323588e-11
4.310334798553824e-11
3.54849734957785e-11
3.159858071415201e-11
2.6863037379955065e-11
2.3876749006538423e-11
2.3982881641110104e-11
2.4491425493874792e-11
2.466898063062545e-11
2.0734669795151226e-11
1.9761747667850513e-11
2.0169315355339096e-11
1.946510924065039e-11
1.8463920987990486e-11
1.50698881196037e-11
1.3901527221169401e-11
1.326702140108819e-11
1.194275447814299e-11
1.222542529295664e-11
1.1097905534279407e-11
1.0412851629595135e-11
8.893878385567353e-12
9.139854143880288e-12
8.943729190372556e-12
7.791189810889676e-12
6.797377330627306e-12
6.753546200984315e-12
6.156031684719295e-12
6.876352529543004e-12
6.849390351442667e-12
6.507761635738572e-12
6.1389233241406706e-12
5.924830915970912e-12
7.20137225701897e-12
6.903810689784079e-12
6.95240107847007e-12
6.756096245059471e-12
6.430766473916156e-12
6.362058008966574e-12
5.693286282314743e-12
6.211501289434823e-12
6.311034951985647e-12
6.1047495227247795e-12
6.1299550151801195e-12
6.912229061624473e-12
6.425348823649749e-12
6.769456180601545e-12
6.748418178906152e-12
6.4816789258100575e-12
5.892373822561008e-12
5.964426299398366e-12
5.580351572659804e-12
4.972727843408066e-12
4.540814956519224e-12
4.687633106207808e-12
5.348050161147061e-12
6.337518166411962e-12
5.967070433053696e-12
5.3081209462528815e-12
6.032067305953072e-12
5.872063520275989e-12
5.900796089803289e-12
6.333515972400826e-12
Acceptance rate: 0.4290000000000005
3.712004841178438e-12
3.6276412403421437e-12
3.9313345990592745e-12
3.599510859756262e-12
3.662719235877218e-12
3.643770903382739e-12
3.773644616702135e-12
3.7109190222933285e-12
3.426877848390749e-12
3.079964269660807e-12
3.226632061304894e-12
3.0969374713164606e-12
3.0177101275315618e-12
3.003760153383172e-12
3.3560605891216925e-12
3.149949697652221e-12
3.647823101440746e-12
4.20051795425843e-12
3.7836323512919465e-12
4.1898606616098935e-12
4.667197165474373e-12
4.53407237078267e-12
4.628909815428148e-12
4.596497059359679e-12
4.567501204265206e-12
3.99397503758196e-12
4.7917088468012366e-12
4.8030548259226285e-12
4.441978513735977e-12
4.604735969736441e-12
5.190674617965286e-12
5.175065888323954e-12
5.2125832666757316e-12
5.514982315986895e-12
6.032247237893385e-12
5.705994384099861e-12
5.760763435649993e-12
5.3654834799700116e-12
5.467947583615089e-12
5.714182413029225e-12
6.474685624534088e-12
5.622574498289705e-12
5.8114420904737e-12
6.308631585271277e-12
6.406275110467941e-12
7.220849451333902e-12
6.128645561855995e-12
6.1450769750441946e-12
5.73556303896365e-12
5.498501941428579e-12
6.026346617209841e-12
7.53458861920943e-12
7.087320932705864e-12
6.657709794102391e-12
6.633388025798023e-12
6.100375919784656e-12
6.716790150222076e-12
6.352136649179415e-12
6.321818481705441e-12
6.382717510651136e-12
7.156435369287355e-12
7.035906842979862e-12
7.833787339199738e-12
8.91306248481597e-12
9.363975669841043e-12
8.441155535089554e-12
8.208240473666114e-12
7.749250358400387e-12
7.832693437593306e-12
8.377496569450479e-12
8.47777101696233e-12
8.619284023628964e-12
8.696848446443696e-12
8.809640835073963e-12
7.531622244596334e-12
6.5791726626044865e-12
6.36883228274402e-12
6.4096577810029045e-12
5.903602007788004e-12
6.110236734202549e-12
6.152456302102136e-12
5.932071639368533e-12
5.230207106478623e-12
5.357617478846055e-12
4.776605958899494e-12
4.886153547700132e-12
4.554376105172884e-12
4.305463311630465e-12
3.871947337301902e-12
4.128443234575418e-12
4.043025933929167e-12
4.26982084330398e-12
3.8819535651915e-12
3.8942518797029606e-12
3.782317812197294e-12
3.6948630572742804e-12
3.722909519145837e-12
3.656470026636556e-12
3.580602499453249e-12
3.722092286179328e-12
Acceptance rate: 0.40375000000000044
2.27327496253011e-12
2.222697550654137e-12
2.4888057330955295e-12
2.524235703743126e-12
2.634877578075465e-12
3.010513571712165e-12
2.8769103757908965e-12
3.1700786611125723e-12
3.1843064809453875e-12
3.0959886185321496e-12
3.401149829404119e-12
3.5208407752737453e-12
3.1131677361600054e-12
3.1907017376969622e-12
3.0503178972322467e-12
3.228259531682026e-12
3.1322431222992106e-12
2.9218948798478186e-12
2.9251919160674017e-12
3.3859597486802504e-12
3.3522444612498793e-12
3.145831346972865e-12
2.941796554580965e-12
3.0047628552483413e-12
3.2443198986836398e-12
3.036532954669518e-12
2.8271998236234873e-12
2.914881059127605e-12
2.8532401418861544e-12
2.7572013293156133e-12
2.8028714652497287e-12
3.000404436270863e-12
3.1573576985819415e-12
3.1231552819812488e-12
3.187672016939008e-12
3.492358467894443e-12
3.459663848775173e-12
3.307124117652667e-12
3.3750378432976533e-12
3.360126568718842e-12
3.9086184260214605e-12
4.006976446852522e-12
3.918025027384971e-12
3.847004274724738e-12
3.857869293374526e-12
4.31416572697621e-12
4.759588935466958e-12
5.025902134615639e-12
5.097940352513483e-12
4.814057844070331e-12
4.401428201973441e-12
4.123063855910385e-12
3.910106195727083e-12
4.175967266550217e-12
4.023976167646821e-12
4.032239794769182e-12
3.884519098709599e-12
3.830797816796726e-12
3.931610430207778e-12
3.766846489438675e-12
4.052718730108066e-12
3.877869548641266e-12
3.825493142201054e-12
3.570110196237462e-12
3.401450300623902e-12
3.0423173363090715e-12
3.193338305342569e-12
3.697814219859246e-12
3.5094138052862696e-12
3.776259973389736e-12
4.076576916571667e-12
4.004796285152364e-12
3.770779959872836e-12
3.5903414846280336e-12
4.0079323989207196e-12
3.956963831493879e-12
3.659347995105689e-12
3.525611656876743e-12
4.0970285448630124e-12
4.3423989421653515e-12
4.19556829764958e-12
4.5607809700010366e-12
4.807362207083384e-12
5.0607180240795555e-12
4.8063862741940615e-12
4.863078152964009e-12
4.314394660400587e-12
4.0413201859440956e-12
4.040149479100252e-12
4.0113251174171296e-12
3.7719515178392444e-12
3.414658489708404e-12
3.135383404997192e-12
3.302971080232002e-12
3.154750280884689e-12
2.961182590146525e-12
2.886493895430541e-12
3.0134023881127767e-12
3.070106007506829e-12
3.245922620429151e-12
Acceptance rate: 0.3856666666666666
1.997247788238182e-12
1.9660130508459684e-12
1.880359633095576e-12
1.7417881752615754e-12
1.7288061230502642e-12
1.7555176790345093e-12
1.8683857477718358e-12
1.8876291771984316e-12
2.0864640261834562e-12
2.076992818576966e-12
2.4218354402054585e-12
2.398907678244577e-12
2.568380039110194e-12
2.8891810347400507e-12
3.086104104690301e-12
2.796454290072728e-12
2.7547243388126616e-12
2.6360730279823563e-12
2.7733835865579965e-12
2.714592685329505e-12
3.1747458146566347e-12
3.240878869725256e-12
3.5362628383819043e-12
3.194288380961068e-12
3.6066985769649978e-12
4.206996433107307e-12
4.452156552041501e-12
4.582021141321594e-12
4.098294107748831e-12
3.8512874457425636e-12
4.335061388349789e-12
4.51582737276558e-12
4.4303866431478714e-12
4.4520794891610395e-12
4.080903790168198e-12
3.785984962698969e-12
3.890126173869e-12
3.708958875829739e-12
3.668899913870681e-12
3.676478273696507e-12
4.061722455093537e-12
3.870485618994435e-12
3.830849403912075e-12
3.5826167193725357e-12
3.6335716791875623e-12
3.759526628943121e-12
3.852601920821037e-12
3.974723143789294e-12
3.965493669245026e-12
4.052256140932511e-12
4.323185884796863e-12
4.018107112385218e-12
3.926359955267369e-12
4.040518379543253e-12
3.830495671120721e-12
3.96873225795079e-12
4.06775679786762e-12
4.269902069627267e-12
4.610930524615455e-12
4.656896127353115e-12
4.8162131698645654e-12
4.319982170254489e-12
4.14022606971999e-12
3.976194935301739e-12
4.162445493497306e-12
4.340587287382674e-12
4.782309035819987e-12
5.489138522276252e-12
5.454405916375646e-12
5.86834785554953e-12
5.91128333249449e-12
5.642275199953414e-12
5.221826590758307e-12
5.630677747399164e-12
5.779339507415662e-12
5.539997415522937e-12
5.880878013933903e-12
5.433507968959385e-12
5.048845398234762e-12
4.940109249678948e-12
5.202006542527965e-12
6.4239058537685184e-12
6.619110371751965e-12
6.516894946916243e-12
6.163800712948152e-12
5.9786172618737365e-12
6.2750399661669545e-12
6.5544434304011175e-12
6.581586303843216e-12
6.550505266345914e-12
6.844810943771249e-12
6.600181089612935e-12
6.498423713420298e-12
6.027656974670094e-12
5.700228976297696e-12
5.738536589218539e-12
5.719165383072094e-12
5.6196136347632336e-12
5.977558056561209e-12
5.956633936205742e-12
Acceptance rate: 0.3733749999999995
3.7449168381203006e-12
4.135542657299685e-12
3.964493655369347e-12
3.869494218202564e-12
3.696483260382882e-12
3.810593072396289e-12
3.865139354354644e-12
4.004557938276441e-12
4.111940686088987e-12
4.169472759336702e-12
3.571612462639362e-12
3.3718586584052445e-12
3.1823517628682443e-12
3.196537924320909e-12
3.173971158795984e-12
3.4792701056541907e-12
3.374367277574002e-12
3.2763069199254203e-12
3.4062094648346397e-12
3.43318911563079e-12
3.4231148782761554e-12
3.141225639657314e-12
3.2191546123341954e-12
3.2880398051281192e-12
3.0464790152820944e-12
3.4750814815251652e-12
3.642458453319667e-12
3.910906172575304e-12
3.617363163290972e-12
3.7588400565452736e-12
4.009460493178641e-12
3.911419995644069e-12
3.858461852975941e-12
4.287265016462242e-12
4.272941309002835e-12
4.110618821815069e-12
3.694453124792198e-12
3.444571670571011e-12
4.2569092171664585e-12
4.487532663892055e-12
4.857370667312632e-12
5.2786655210093475e-12
5.44724699849817e-12
5.722059238683531e-12
5.509922383373341e-12
5.1413716010909935e-12
4.5837840025853154e-12
5.110331815458905e-12
5.3852319819179595e-12
5.245457711066825e-12
5.021693266249339e-12
4.907031655805653e-12
4.806623219027529e-12
4.480925510018875e-12
4.334896606086211e-12
4.3962353275444225e-12
4.196638034492294e-12
4.205169227306405e-12
4.23179264514344e-12
4.4492394626588225e-12
4.428767555525643e-12
4.853074929911819e-12
5.392537726950275e-12
5.584621065042142e-12
5.261687564152351e-12
5.444163722134605e-12
5.995836228321056e-12
6.223657469013263e-12
6.443453383231291e-12
6.549918154939839e-12
7.08032001081758e-12
7.379206361410849e-12
7.324244449980617e-12
7.0793901396339106e-12
6.904638551433873e-12
6.893300926162774e-12
6.65808644775857e-12
6.4225993757003265e-12
6.154811145737709e-12
6.314893441138135e-12
6.1191357486130565e-12
6.1965384784875386e-12
5.955424218078013e-12
6.4436166006229514e-12
6.086879529050899e-12
6.350345889312857e-12
6.159645278369251e-12
5.949827517578163e-12
5.696858329799664e-12
5.645314077647367e-12
5.5116386442759576e-12
6.0074796828062775e-12
6.163942132771337e-12
6.0104200204028805e-12
6.295862948998804e-12
5.619257523361385e-12
5.335068362700022e-12
5.893936126079804e-12
5.87573155950457e-12
5.80218488861752e-12
Acceptance rate: 0.3691999999999996
3.700929488474821e-12
3.4840295677292624e-12
3.5879937812388075e-12
3.4620937361936366e-12
3.0732040049398606e-12
3.2357312206902592e-12
3.4195900151960114e-12
3.3909455206491625e-12
3.3052877054470674e-12
3.0066296532604296e-12
2.976288147228371e-12
2.774754180356024e-12
2.8576676457846595e-12
3.230618513675368e-12
3.277073281744173e-12
3.262723965303615e-12
3.438919178737954e-12
3.627708158144631e-12
3.724712763420642e-12
3.869113372261985e-12
3.896515076655151e-12
4.188902635160542e-12
4.0152340062610225e-12
3.803449829638727e-12
4.013812875734899e-12
4.018990545151688e-12
4.421385936720395e-12
4.6560025721033995e-12
4.485116195243437e-12
4.774161425914115e-12
4.7924153752494414e-12
4.3034632769432934e-12
4.9402010216561814e-12
4.558165488809427e-12
4.799059728203233e-12
4.8109811884263935e-12
4.666199740107222e-12
4.7009807413496106e-12
4.515789699158919e-12
4.808858603566424e-12
4.918911607507446e-12
4.938481296000198e-12
5.313986945765305e-12
5.043682896117141e-12
5.124224953614776e-12
5.025650772947611e-12
4.86152998934361e-12
4.311996367979471e-12
4.6957065248091244e-12
4.437531346817453e-12
4.1114271261222344e-12
3.79280532685879e-12
3.684479660746636e-12
3.690200802363907e-12
3.893113087781401e-12
3.928141790325623e-12
4.170955684106363e-12
4.673218859718132e-12
4.559057203212486e-12
4.539128505509076e-12
5.0492024706067304e-12
4.9017428223949175e-12
4.626081656657105e-12
5.094119710017728e-12
5.1825550111858116e-12
5.16366079999548e-12
5.364911185791855e-12
5.287006993613018e-12
5.150604028248784e-12
5.200057139078403e-12
5.1532364140353174e-12
5.0847135873172715e-12
5.14422319042825e-12
4.9248472079068005e-12
4.652568050857032e-12
4.517520535255768e-12
4.713714071051035e-12
4.603979590999044e-12
4.9077726648665384e-12
4.812974890804868e-12
4.978862354839231e-12
4.6476160838842244e-12
4.5923186543582244e-12
4.260338947788246e-12
4.45428307583214e-12
4.024346822649764e-12
4.267641890256287e-12
4.105587565265765e-12
3.810887762837931e-12
3.683216693935692e-12
3.458872413402672e-12
3.4326220350728234e-12
3.045354902364641e-12
2.891713534518262e-12
2.8588243897558034e-12
3.1243391893687904e-12
2.8848717254225663e-12
3.8540182468759856e-12
4.1200054804295e-12
3.980372432025651e-12
Acceptance rate: 0.3699166666666667
2.5619113665820615e-12
2.628547957900907e-12
2.5066285236387662e-12
2.4782126294955018e-12
2.682251201833191e-12
3.070404158076026e-12
3.1785345638509826e-12
3.155870476598433e-12
3.164532761074255e-12
3.119520367960542e-12
3.2923100711679293e-12
3.3290232584812805e-12
3.2369252904099937e-12
3.3652950691862295e-12
3.648826338045234e-12
3.4703717843097386e-12
3.6177765699816394e-12
3.489269930155988e-12
3.0703152163032717e-12
2.8779867751328005e-12
2.8458742236673445e-12
2.550379538538821e-12
2.423835663775079e-12
2.432812685408916e-12
2.4838523966697886e-12
2.4265382613639047e-12
2.8993284313954978e-12
2.6334747901449056e-12
2.667119314526097e-12
2.7266721389577687e-12
2.6043206182428548e-12
2.6991217507955815e-12
2.7319028178745213e-12
2.891788730430048e-12
2.9447841107899893e-12
2.8270343122723072e-12
2.611421591138844e-12
2.6672011211805444e-12
2.5832814599651247e-12
2.5046890696369e-12
2.4777469069643056e-12
2.255720598711039e-12
2.3614803262739078e-12
2.4584083765737463e-12
2.4621958028731236e-12
2.581750996097651e-12
2.5604871309032513e-12
2.530642055568968e-12
2.651076958415182e-12
3.0156728777152517e-12
3.2526870714066174e-12
3.488652331080046e-12
3.4864164650370865e-12
4.049378028369255e-12
4.28678948261897e-12
4.336061703707909e-12
4.186927373548677e-12
3.7858051374852776e-12
3.6183934673078143e-12
3.4871364868157387e-12
3.3064798284591483e-12
3.506693565765832e-12
3.933958751265818e-12
3.99117543702661e-12
3.92793929305828e-12
4.1052159225959646e-12
4.089363545495992e-12
4.418865843633823e-12
4.360001103865103e-12
4.3324374039710374e-12
4.180011964421519e-12
3.84937829605312e-12
4.299861895014643e-12
4.461423106664303e-12
4.545318741896889e-12
4.362101556941003e-12
5.39299323894854e-12
5.2955417161278785e-12
5.657197683020471e-12
5.652418366481321e-12
5.847640576543725e-12
6.72034187839993e-12
6.731363837686774e-12
6.427353660595439e-12
6.2716831361190785e-12
6.45646959514396e-12
6.3503290572416685e-12
6.657019256060267e-12
6.344126697783807e-12
6.059506618530664e-12
6.26637495129832e-12
6.331617646573985e-12
6.796044261613e-12
7.503070859724119e-12
8.975554457191961e-12
8.79554461268651e-12
8.014104904396817e-12
8.565206796143506e-12
9.120698115759297e-12
8.350092777155053e-12
Acceptance rate: 0.37142857142857105
5.440768895340223e-12
4.930279397435851e-12
4.753896989912927e-12
4.715637469500954e-12
4.6660197693459336e-12
4.40363737207777e-12
4.4658238845307846e-12
4.603262256329614e-12
4.543009364446627e-12
4.626439788662568e-12
4.931350457501958e-12
5.3522591865142725e-12
5.598192263049403e-12
5.555888167591804e-12
5.331994310722914e-12
5.371997229708884e-12
4.850532376031968e-12
4.626936440004145e-12
5.185919690396092e-12
6.027143033991076e-12
5.967265249328629e-12
5.794967305483583e-12
5.880065242345382e-12
5.1194482615827635e-12
4.8511162749372776e-12
4.47119957529119e-12
4.527025466589906e-12
4.518128362808152e-12
4.599603205427761e-12
4.854757573024049e-12
4.319740795704194e-12
4.4623494808610835e-12
4.970314261285801e-12
4.815463109327297e-12
5.093520933648498e-12
5.039204056407811e-12
5.34252747045492e-12
5.673798856449108e-12
5.747432890936273e-12
5.667353178884939e-12
5.7565075027004634e-12
5.642835121641934e-12
6.0071007387242485e-12
5.977040920353854e-12
6.0807913118058395e-12
6.0001602366981e-12
5.373456156685342e-12
5.126561129011025e-12
5.156984495207895e-12
5.415939770022199e-12
5.660567786242859e-12
5.548924926084756e-12
5.655119468026748e-12
5.7081232888142704e-12
5.694188884083845e-12
5.904853720999983e-12
5.44422684001181e-12
5.659058593574175e-12
5.845635971177422e-12
6.26567190820686e-12
6.508393222693537e-12
5.960438432803056e-12
6.041480604121178e-12
5.673840668238737e-12
5.889033810649309e-12
5.820332721027262e-12
6.344405379116175e-12
6.411892578736032e-12
6.055440973363374e-12
6.755018076433981e-12
6.762414317998545e-12
6.25699333939375e-12
6.641465064924874e-12
6.459190906417917e-12
6.354225880522534e-12
5.736932141331373e-12
5.669700141039205e-12
5.312318508261147e-12
5.81098648859287e-12
5.8811388789823955e-12
5.637507286635465e-12
5.699530808291595e-12
5.756318244875151e-12
5.6659407721232185e-12
5.900926593614223e-12
6.05118373836702e-12
5.525545326503592e-12
6.008253712145888e-12
6.5548116551140374e-12
7.361612647087009e-12
8.749969420316998e-12
9.02582266073122e-12
8.615792246128912e-12
8.985880445029672e-12
9.163014201536178e-12
9.79802991624797e-12
1.0302827934062656e-11
1.0088478974322388e-11
9.484429011921343e-12
9.325054224406788e-12
Acceptance rate: 0.3698125000000012
Sampling time (10 samples): 4146.7690 seconds
