/scratch/users/yanlan/TroubleShooting/Weights/Output/AM_PM_ET_181_308_00
1.0854284910731376e-06
5.912281258305004e-07
3.313199417902031e-07
1.9569576169172582e-07
1.2413021173715614e-07
7.858359044201695e-08
5.172304069435647e-08
3.3504277478341157e-08
2.2351478360952846e-08
1.586479972707897e-08
1.1446845953295654e-08
8.001942159840807e-09
5.390287505220205e-09
3.7378932286270625e-09
3.054383788608818e-09
2.3267080129756166e-09
1.6742081332578313e-09
1.4595593712883094e-09
1.3264823184693792e-09
1.06224652552795e-09
7.64951415084248e-10
5.720590037627819e-10
4.772171858561914e-10
3.842794538807133e-10
3.563131175848295e-10
2.9061294095706804e-10
2.637042550011699e-10
2.4520724835739397e-10
2.1074491477470228e-10
1.648373481971179e-10
1.438510349638955e-10
1.245978639911174e-10
1.0447205468455017e-10
8.669712461646311e-11
7.653106918480491e-11
6.447533478478162e-11
6.307558642646245e-11
5.942319804837536e-11
5.1855524662471294e-11
4.6438162957700287e-11
4.1366943363707135e-11
3.7259963907490855e-11
3.4611308595639036e-11
3.357872978349687e-11
2.8163107207403305e-11
2.960345001464647e-11
2.633391779819925e-11
2.371151521966336e-11
1.8907456247149945e-11
1.8395949006277474e-11
1.7615466456394185e-11
1.5511270042027777e-11
1.3991790183268913e-11
1.3416899312600314e-11
1.1811489437422478e-11
1.1437670698306119e-11
1.0451076838154696e-11
1.0191895790516646e-11
1.0268664018029358e-11
9.807881665505353e-12
1.1010139724669136e-11
1.161875565046149e-11
1.085043322551444e-11
1.0664480808842175e-11
9.160946819153386e-12
8.747481198100639e-12
8.28630584039409e-12
7.102035409161182e-12
6.953264643566456e-12
6.0651898983536516e-12
6.0341270927934484e-12
5.679940592845108e-12
5.107860943423763e-12
5.032234392607237e-12
4.487674311010115e-12
4.102030600020683e-12
3.7674423138929375e-12
4.195923566441795e-12
3.992723169661981e-12
3.983962032262107e-12
3.7785885110395305e-12
3.643007537409509e-12
3.1923578338452857e-12
3.671564903760791e-12
3.639468589161461e-12
3.666116828889031e-12
3.311661301295439e-12
3.1729890524468064e-12
2.88101439750026e-12
2.9290095284954055e-12
2.9967903104583445e-12
2.8859874011753498e-12
2.9266464924251657e-12
2.9917255047803148e-12
2.908915866734628e-12
3.2291099828350008e-12
3.0330078202588517e-12
3.001957455223181e-12
2.6656751394202627e-12
2.4274348266355544e-12
Acceptance rate: 0.3279999999999998
1.4998640479570319e-12
1.614213038594626e-12
1.4965467878645373e-12
1.3692040942920876e-12
1.5541129928496085e-12
1.3721651106477671e-12
1.3987480558778733e-12
1.262337541973147e-12
1.2336520212691996e-12
1.3771031761160297e-12
1.313643826719376e-12
1.4682001592422278e-12
1.5128078190635364e-12
1.6447894894077128e-12
1.825502367073641e-12
1.96182830714138e-12
1.8285542763198414e-12
1.7490333208899281e-12
1.9631693786042958e-12
1.981415402530125e-12
1.8706371063060148e-12
1.7659759351149527e-12
1.6297952090993493e-12
1.6100381974726008e-12
1.6172949769978792e-12
1.552957430357297e-12
1.6055568505608374e-12
1.6357806506669746e-12
2.0265821815902712e-12
2.0533172102254666e-12
2.0485810762713168e-12
1.970362963301883e-12
1.9954843279458046e-12
2.077619557030847e-12
2.1441552032451322e-12
1.9179254903095298e-12
1.8628096417299407e-12
1.8100955804488956e-12
1.6299974006784834e-12
1.5062223917959403e-12
1.3690204256733834e-12
1.4729765365255567e-12
1.5024130381940257e-12
1.7569699568982765e-12
1.7448852685690156e-12
1.7168530679505207e-12
1.8980788023331914e-12
1.9377528808154807e-12
1.9161089941551368e-12
1.78613696687651e-12
1.8546992957216807e-12
1.7767161786331703e-12
1.6085590587777743e-12
1.620158556071486e-12
1.5483179603300977e-12
1.5686696796199486e-12
1.6529464285002106e-12
1.6050090503103215e-12
1.484269320719851e-12
1.3052307424775394e-12
1.4494859014718085e-12
1.4202092023335466e-12
1.3590415191077422e-12
1.428268995783317e-12
1.3961439096744296e-12
1.350886231490374e-12
1.2525359270777885e-12
1.2570999445991333e-12
1.1670290890402156e-12
1.092613315805797e-12
9.648262006813497e-13
1.015077316607907e-12
1.1029954823749085e-12
1.1547824258783166e-12
1.1312905579035294e-12
1.252457293151406e-12
1.2304549130453799e-12
1.1664079073418203e-12
1.0913193038561872e-12
1.0396635231803168e-12
1.2705685284289456e-12
1.2139893527129537e-12
1.2881834550642387e-12
1.3361029227079762e-12
1.4190929071314028e-12
1.5624900073940121e-12
1.5942927463468148e-12
1.6393133241877493e-12
1.8437656605104633e-12
1.9443495105826188e-12
2.134405412559022e-12
1.9864451914359135e-12
1.9652316996154526e-12
1.9984463648827404e-12
2.0343566302802064e-12
1.9105515613995524e-12
1.9621580161391507e-12
1.740210316759148e-12
1.5890854237753725e-12
1.5764633434673908e-12
Acceptance rate: 0.31250000000000033
9.72685105749344e-13
9.762634625855147e-13
9.401129492906844e-13
1.067691770990942e-12
1.1066942300978297e-12
1.1105740417632936e-12
1.1418948853721939e-12
1.0815628193584678e-12
1.219705997562246e-12
1.2062887681013198e-12
1.146873470735365e-12
1.1835713245949803e-12
1.1672486165886907e-12
1.2688704210218318e-12
1.2969109690784633e-12
1.3706497453534243e-12
1.3965033768177406e-12
1.3885126863943447e-12
1.6352837880582395e-12
1.4915689913573537e-12
1.4550737015548127e-12
1.4594484897190971e-12
1.3247233969387033e-12
1.449442313197252e-12
1.797629222036631e-12
1.8578702809092476e-12
1.851148024327186e-12
1.9273187698484165e-12
1.897140125922954e-12
2.1411879541619767e-12
2.1941699505328676e-12
2.2139869385570534e-12
2.1319913525280857e-12
2.1561124570481834e-12
2.256037986396083e-12
2.0565052843995455e-12
1.9425331197725433e-12
2.0259492630492373e-12
2.103747526310204e-12
2.494202455344105e-12
2.414900199507978e-12
2.594180858154271e-12
2.6895468912232965e-12
2.954309663802302e-12
3.305816550528046e-12
3.0320090776956003e-12
3.0440010939570023e-12
3.1059409394214854e-12
2.915484640576775e-12
2.692085838916627e-12
2.61827837117466e-12
3.0363370979580076e-12
2.9030285500992806e-12
2.9681939087166184e-12
3.076866224691452e-12
2.932050894411576e-12
2.7553535884845586e-12
3.0421226121433715e-12
2.8126409488467335e-12
2.9902893617320644e-12
2.5570356107347817e-12
2.3196442219804656e-12
2.021570288642466e-12
1.9312048121939747e-12
1.7856812297944475e-12
1.8627375189125396e-12
1.942594430450211e-12
1.7595975169792182e-12
1.7094433822704056e-12
1.6219542883628445e-12
1.6779783843984883e-12
1.729670293803168e-12
1.7140361602486042e-12
1.8647942465068977e-12
2.003839268255643e-12
1.8284808717527454e-12
2.019417165735645e-12
2.0232796190003734e-12
2.0629858132004752e-12
2.4852816447435134e-12
2.1789537750599063e-12
2.0024632774212915e-12
2.086170652720659e-12
2.0404813158501305e-12
2.223423793964719e-12
2.3182587672994242e-12
2.079764854955481e-12
1.9152930134665352e-12
1.7649032325843848e-12
1.6454114923168664e-12
1.6640191935144609e-12
1.5890988668001698e-12
1.5313227322539369e-12
1.5412813310295388e-12
1.5168172880752272e-12
1.4210091570257956e-12
1.503931294427154e-12
1.455745123859258e-12
1.510285364918197e-12
1.6542488431323654e-12
Acceptance rate: 0.30516666666666736
1.0236142862281563e-12
1.0078290283664997e-12
1.076391144572075e-12
1.0838066157059665e-12
1.2857977418845374e-12
1.4608793438352155e-12
1.5210530879265912e-12
1.4718243921213262e-12
1.4746054807057104e-12
1.6617423389751755e-12
1.7926131952373685e-12
1.6277274186751922e-12
1.6550697004741532e-12
1.7427627901176586e-12
1.7630521187504518e-12
1.6891475126527191e-12
1.8525759132736463e-12
1.9888598214442805e-12
1.922438662930698e-12
1.889802315317815e-12
1.870780838620027e-12
1.990801338682956e-12
1.9973931700146427e-12
2.1902072950388375e-12
2.2942922019786544e-12
2.1792781469160745e-12
2.2594074521008094e-12
2.217601968909981e-12
2.384678124774583e-12
2.4534332335057644e-12
2.5310544842694396e-12
2.374533798048642e-12
2.565190013067417e-12
2.1472304352234287e-12
2.08637059092502e-12
2.062600201247355e-12
2.1754631210678793e-12
2.14697424953578e-12
1.9963418630158927e-12
1.93342459502177e-12
1.982494574126256e-12
2.0449503109933477e-12
2.11549470420787e-12
2.386565984389411e-12
2.654427130737469e-12
2.8314196297538076e-12
2.7619748209999995e-12
2.7571705281771304e-12
2.6825231979552697e-12
2.483077504950284e-12
2.8998982710607684e-12
2.8469275292448216e-12
2.6996893975076057e-12
2.747313169644389e-12
2.7686695383247805e-12
2.686126595160573e-12
2.6997501580660633e-12
2.519585598488858e-12
2.378108326029272e-12
2.7154919937799137e-12
2.5355240245834996e-12
2.377399155891631e-12
2.2769863829944303e-12
2.268225731257912e-12
2.04912588429716e-12
2.1639542986970717e-12
2.254913117361342e-12
2.1679351719669644e-12
2.159292382773982e-12
1.934084922588545e-12
2.0722851085816623e-12
2.0861293480358206e-12
2.2127948173477936e-12
2.1281100711317787e-12
2.1611951366340547e-12
2.010689492703596e-12
1.7654246043358713e-12
1.947580903343813e-12
1.7449274289508204e-12
1.7351456309185052e-12
1.8745984382804154e-12
2.0282325580912263e-12
2.0742176733836635e-12
2.1591408273452183e-12
2.101437004260409e-12
1.979057456556298e-12
1.841839787719284e-12
1.7044571444996326e-12
1.5110190378829477e-12
1.575279323557564e-12
1.5260084554469817e-12
1.6220877586992789e-12
1.5287377300899875e-12
1.8169225269966144e-12
1.777458940134367e-12
1.7313175318797974e-12
1.688734124292033e-12
1.6504284172786797e-12
1.825761954147031e-12
2.1410784386318754e-12
Acceptance rate: 0.3037500000000004
1.3787997874331418e-12
1.4793541159028965e-12
1.7219592549748525e-12
1.6846465264626806e-12
1.834639314778598e-12
1.939915332562342e-12
1.9466605735434295e-12
1.8685055891680646e-12
1.935774735133445e-12
2.1568866642109894e-12
2.118789953358606e-12
2.0622801472865904e-12
2.1745404289944612e-12
2.094625821738783e-12
2.060059853699857e-12
1.741215254535501e-12
1.7807637172807874e-12
1.6152441138659028e-12
1.4358430244829885e-12
1.4762937355811558e-12
1.3169191383359247e-12
1.4061177711377249e-12
1.65688808903191e-12
1.617501716157697e-12
1.7841857984180919e-12
1.737483208868442e-12
1.8250219362082037e-12
2.021083311125915e-12
2.035493460660814e-12
2.2823580274314332e-12
2.176908690087223e-12
2.30817972568536e-12
2.4644524939933903e-12
2.5095130123993118e-12
2.381604854755973e-12
2.045335111853941e-12
1.914677921369732e-12
1.9322135115675993e-12
1.9737918178291754e-12
1.902617041083888e-12
2.12543241047045e-12
2.0820145916880318e-12
2.0876672572465575e-12
1.9169002334481674e-12
1.786881898279676e-12
1.9093793872436933e-12
1.972760878200211e-12
2.1627638225377448e-12
2.221145009820755e-12
2.2477011605193145e-12
2.4280191608866366e-12
2.6696122573395357e-12
2.54092047033117e-12
2.5340490756460147e-12
2.5115479387412323e-12
2.3054826164784523e-12
2.3688936479662748e-12
2.431606525408759e-12
2.337992955151261e-12
2.5542164183691954e-12
2.5834967861192762e-12
2.6246737582942318e-12
3.0798907766783896e-12
2.8427790799470336e-12
2.626655429162355e-12
2.6878203036907118e-12
2.5877101365043893e-12
2.6019519698898035e-12
2.618371743191646e-12
2.8669541153762427e-12
3.581805695995787e-12
3.718914164067609e-12
4.2211739913975205e-12
4.442576170760545e-12
4.124365775819847e-12
3.839802622346394e-12
3.693517189758723e-12
3.6182686805622045e-12
4.5487006307426515e-12
4.586770697946649e-12
4.6482033132665075e-12
4.526790559539547e-12
4.673065730870712e-12
4.40713348046122e-12
5.049339636678679e-12
4.820892019081524e-12
4.473611356396718e-12
4.190833073814194e-12
4.4123899322914354e-12
4.869741643186966e-12
4.638604666363169e-12
4.749368915362884e-12
5.154505958042633e-12
4.915546318626628e-12
5.4442660649523356e-12
5.221971208945481e-12
4.508410810966243e-12
4.222318734577937e-12
4.359822467309004e-12
4.472166465576827e-12
Acceptance rate: 0.3041000000000014
2.8989449205499882e-12
2.970810100506865e-12
2.8390611110729746e-12
2.877208198952375e-12
2.7187700498992534e-12
2.8639346093008185e-12
2.671668039715482e-12
2.7369394314483712e-12
2.795958552726772e-12
2.795944579814431e-12
2.595881013153669e-12
2.6728066053490566e-12
2.5162732795656654e-12
2.5722537197858628e-12
2.579973749975511e-12
2.704404329239702e-12
2.7152642311032176e-12
2.582032639773039e-12
2.6419388822660697e-12
2.4805132440755945e-12
2.5919183701748895e-12
2.678969497904375e-12
2.6349683640278033e-12
2.5164910279904353e-12
2.4665323252132823e-12
2.4857733340636487e-12
2.3611117563937895e-12
2.147958270524065e-12
2.1660552181241644e-12
2.3566337892750625e-12
2.3217516844476935e-12
2.502852095252466e-12
2.654571964991707e-12
2.623825329517296e-12
2.601237471964992e-12
2.9355077185350445e-12
2.6511579900781017e-12
2.6178729378095983e-12
2.886891393630758e-12
2.9474907018877566e-12
3.078362217700691e-12
2.766330902042339e-12
2.7586839571824096e-12
2.971733884511671e-12
3.2121345534811764e-12
2.8755366913803416e-12
2.968553749117363e-12
3.0542790392235783e-12
2.9347494961978828e-12
3.3312227720390173e-12
3.3006988109661333e-12
3.2865543687689697e-12
3.298787389501189e-12
3.5774956253090186e-12
3.1823272633808996e-12
2.9897573444572025e-12
2.589667138380886e-12
2.6897249358693035e-12
2.774675560266941e-12
2.8427216680244085e-12
2.969357177353016e-12
3.039058089487944e-12
3.024361021292259e-12
3.2190013561331528e-12
3.2954016889656033e-12
3.024815386800521e-12
2.940330994827245e-12
2.7782259641978404e-12
2.7877170287779403e-12
2.5828433631178044e-12
2.4461067342410704e-12
2.37365177168723e-12
2.389623921773611e-12
2.760456964988963e-12
2.732291023522415e-12
2.646054811028575e-12
2.600473239835216e-12
2.8803442897006953e-12
2.972923173039359e-12
2.7993449958465627e-12
2.724521447111164e-12
2.551577137920498e-12
2.522558317449354e-12
2.6668486983060938e-12
2.4297314717561333e-12
2.2115404122567482e-12
1.9538225716508274e-12
2.193927222688548e-12
2.2338630814993456e-12
2.240876175314977e-12
2.471639544553212e-12
2.342939356211325e-12
2.243251515703025e-12
2.22772381139392e-12
2.3654617433920544e-12
2.7117922000539818e-12
2.5203310343197775e-12
2.8036483317840264e-12
2.824824064263687e-12
2.771833422093666e-12
Acceptance rate: 0.3074166666666683
1.8086580107299916e-12
1.8061731863461563e-12
1.8564966528844597e-12
1.9961155600264065e-12
1.7786219808499488e-12
1.9490868594341697e-12
1.9596728434909173e-12
2.3416617934690037e-12
2.2279129103825283e-12
2.2167957152713523e-12
2.2372094578181743e-12
2.12217162888914e-12
2.2085189245420474e-12
2.032198185594383e-12
2.1602119649776164e-12
2.491414171054842e-12
2.597366742812478e-12
2.52695551274713e-12
2.4824766222083634e-12
2.9344307048794722e-12
2.6468086184687048e-12
2.5172911022887154e-12
2.69186335778831e-12
2.969782031794041e-12
3.2553764411118597e-12
3.0986304919657102e-12
3.022864090874415e-12
3.127927753348953e-12
3.2395565241540358e-12
3.612962423734514e-12
3.1617470732593525e-12
3.43341905726248e-12
3.3513991481840085e-12
3.6990856323095096e-12
3.5230582175406318e-12
3.360542524488445e-12
3.3473772626738455e-12
3.61679261423941e-12
3.4035062858759203e-12
3.8718410516974425e-12
3.4737853347606965e-12
3.479252131599235e-12
3.173377003843432e-12
3.0519549610610347e-12
2.8220642320476816e-12
2.9754698991837456e-12
2.9519125161983414e-12
3.09741934477128e-12
3.09383044945644e-12
3.1651880608803697e-12
2.9553162631830507e-12
2.873444639520345e-12
2.6116914254066657e-12
2.55684989903402e-12
2.9471103548016055e-12
3.1269277189694682e-12
2.78060567655616e-12
2.5845808835839153e-12
2.344304395982543e-12
2.5483730274830485e-12
2.5199489807366197e-12
2.2856793380539966e-12
2.131024218425764e-12
2.378423528829626e-12
2.622468571405842e-12
2.5515216912204195e-12
2.8044680635266557e-12
2.6516007117104167e-12
2.5996083907943695e-12
2.484113840280817e-12
2.654719417330851e-12
2.576676625197828e-12
2.4465246889490187e-12
2.596850803332078e-12
2.6295607199763536e-12
2.5549836070397506e-12
2.662098232867636e-12
2.673932664609182e-12
2.493585988547407e-12
2.4401437367803338e-12
2.522136374515648e-12
2.3409896670508173e-12
2.217226048714531e-12
2.2834765323663878e-12
2.6445903441415017e-12
3.104289478515234e-12
3.3555378765618414e-12
3.342928674381149e-12
3.219553442535283e-12
3.069389248383903e-12
3.0525014566773135e-12
3.269301361679435e-12
3.0797906566032137e-12
3.755317813402593e-12
3.4422640491887453e-12
3.3000169286316437e-12
3.0535692540919226e-12
2.9032364730121227e-12
3.194770783333746e-12
3.149398377763934e-12
Acceptance rate: 0.31085714285714383
2.026263690025323e-12
2.064483791043499e-12
1.949948445323482e-12
1.9150399432731102e-12
2.050443785020787e-12
2.2774719528285375e-12
2.1876121894542973e-12
2.285345068563851e-12
2.5225295810862927e-12
2.5851858045147976e-12
2.8627180854016074e-12
3.067294954763597e-12
3.473922505618894e-12
3.1907158600929795e-12
3.306058809915692e-12
3.808947476838947e-12
4.134803406300312e-12
4.4035653790886404e-12
4.31225072787063e-12
4.119617709500827e-12
3.9621815542703806e-12
4.314168171271289e-12
4.037273780046099e-12
4.111898662150961e-12
4.178305325348552e-12
4.188358639777146e-12
4.048056937271422e-12
3.794073841701502e-12
3.5191889749495455e-12
3.50574994505452e-12
3.522767686260152e-12
3.824886264989596e-12
3.9512485775199946e-12
3.911235719646356e-12
3.891189576041676e-12
3.8412791604198196e-12
3.717372704337978e-12
3.6212572709745073e-12
3.5751959520179318e-12
3.3795091166421387e-12
3.2519898635366925e-12
3.74903190343809e-12
3.767863171981084e-12
3.698175452582905e-12
3.660376266240487e-12
3.4341422294541723e-12
3.2943704659742508e-12
3.369658008847888e-12
3.2420335855394415e-12
3.1318915526895826e-12
3.408065560588357e-12
3.8389178868365785e-12
4.005757502070843e-12
3.723145363343311e-12
3.5861230645034995e-12
3.5688000881550983e-12
3.710870219286949e-12
3.4714021113934132e-12
3.420580934076898e-12
3.791353784472285e-12
3.975419560165826e-12
3.791856143125057e-12
4.004762444132672e-12
4.189308841031821e-12
4.7630582391467186e-12
4.479549880369867e-12
4.84784361868914e-12
4.730226828531971e-12
4.5780455385060545e-12
4.4405469030861765e-12
4.525859780285535e-12
4.666256330339443e-12
4.6521576261310294e-12
4.916617115390864e-12
6.031418734541704e-12
5.706057338496726e-12
5.495582917117441e-12
5.627862222971284e-12
5.0749339064861816e-12
4.788025102750812e-12
4.772365094902837e-12
5.61287286596297e-12
5.734880457101082e-12
6.065339034100313e-12
6.677696742442104e-12
6.257933011466605e-12
5.502094215184587e-12
5.468397302395439e-12
5.1123898047890176e-12
5.06147911251959e-12
4.857533414701658e-12
4.826932998790855e-12
4.685717852109263e-12
4.801010337251119e-12
4.8755300760185865e-12
4.608170868330027e-12
4.0755518365895134e-12
4.332657166321999e-12
4.386187847141274e-12
4.574911109770196e-12
Acceptance rate: 0.3090000000000014
Sampling time (10 samples): 4491.5243 seconds
