/scratch/users/yanlan/TroubleShooting/Weights/Output/AM_PM_ET_199_321_00
1.055552063444889e-06
5.793523829738167e-07
3.187113881133683e-07
1.859712132927112e-07
1.2345203508890276e-07
7.668529529820621e-08
5.576048428421861e-08
3.735165823721047e-08
2.473044167392561e-08
1.607947669766332e-08
1.1222088478737886e-08
7.898203079021676e-09
5.929227745003607e-09
4.079006479565286e-09
3.1195828615641522e-09
2.2305879562822494e-09
1.677250727571586e-09
1.1610399326964302e-09
8.756351727245053e-10
6.565303113208197e-10
5.219894616450501e-10
4.1590946708902e-10
3.567873424859435e-10
2.8414582937455336e-10
2.2573843505478533e-10
1.9156192728243838e-10
1.6151721257578974e-10
1.295410315563137e-10
1.0702765224477567e-10
1.0108904966860595e-10
8.627008485401928e-11
8.368908683207242e-11
7.699575720401105e-11
6.804709380004866e-11
6.332940842771685e-11
5.386738682833212e-11
5.196456334457321e-11
4.798293164078446e-11
4.3103719996129745e-11
4.384493208928453e-11
4.030450736719389e-11
3.525771285312722e-11
3.4100774606151864e-11
3.288218318577747e-11
3.373181743714188e-11
3.1762369748649254e-11
2.862705757211697e-11
2.5503252993505714e-11
2.320639079501389e-11
2.1607953870044066e-11
1.9982638178652688e-11
1.7431434516826284e-11
1.675410317479585e-11
1.4529135012977658e-11
1.4090587558692986e-11
1.416389998970492e-11
1.3035960150519533e-11
1.3097535844832056e-11
1.3451132272881275e-11
1.2630243095655141e-11
1.1422381566351026e-11
1.0901007547579717e-11
9.471332662521782e-12
1.1047030950210826e-11
1.149824365663348e-11
1.11918251046519e-11
1.1660363586088945e-11
1.1597245749613043e-11
1.1713571300501595e-11
1.1111497266693357e-11
1.0877567516542451e-11
1.3115820198836656e-11
1.4062666122634514e-11
1.2481770157875169e-11
1.0882324384743127e-11
1.04109780447167e-11
1.1520062353946899e-11
1.1536047263520523e-11
1.064047259610135e-11
1.0829948577887878e-11
1.1262983618743168e-11
1.0812591222695006e-11
1.0829658309516044e-11
9.805336477705e-12
9.842481935187122e-12
8.973649708156249e-12
8.638647458419568e-12
7.988248388273661e-12
7.986114757007432e-12
8.419748115343629e-12
8.936892938031012e-12
7.622405012406542e-12
7.928487676479668e-12
8.852952826743713e-12
7.957715903535173e-12
7.0115284089315614e-12
8.063190481627116e-12
7.38080763982625e-12
8.175289332310622e-12
7.366664199862515e-12
Acceptance rate: 0.4040000000000007
4.281173966204667e-12
3.9602865002540195e-12
3.972695132997121e-12
3.52734186619993e-12
3.3889435231969954e-12
3.078687872977177e-12
3.3264251341324294e-12
3.495848316646707e-12
4.1793375561928735e-12
3.727511745043254e-12
3.744336806378945e-12
3.995325312199753e-12
3.912019532670778e-12
3.65836214324406e-12
4.060842776723612e-12
4.137710023473662e-12
4.004362733805875e-12
4.051657994204961e-12
3.6353742159786068e-12
3.448512070906257e-12
3.803137703846955e-12
3.5664441714199594e-12
3.1966609875251838e-12
2.866927936928568e-12
3.008368190866148e-12
2.706460365809784e-12
2.351683749877484e-12
2.1363479902458967e-12
2.0796960186254916e-12
2.1381877761545407e-12
2.364278718351873e-12
2.7606759328192236e-12
3.260474842685938e-12
3.2653703251389e-12
3.3096795399978704e-12
3.3261995615106333e-12
3.730878491578458e-12
4.023591808796857e-12
3.904060440059232e-12
4.1115596942550115e-12
4.141391854110794e-12
4.772994093239929e-12
5.099188300820926e-12
5.58535194972723e-12
5.630225375348598e-12
5.4964884256714486e-12
5.139625104041487e-12
5.312449837892192e-12
5.441714835490583e-12
5.157629062449049e-12
5.753887385014757e-12
5.67331310852847e-12
5.090869638236166e-12
4.4676156414483655e-12
4.3801327194493024e-12
4.376311985455359e-12
4.180373186531789e-12
4.6216498205121495e-12
4.744607058196135e-12
4.200354343066187e-12
4.317138310204004e-12
3.7549135119813495e-12
4.28472495256998e-12
5.0763829440804955e-12
4.993175102932673e-12
4.9224838248521455e-12
4.948755902663957e-12
4.904833696309741e-12
4.827033129236491e-12
5.2557930633174385e-12
4.873141011414095e-12
4.512755011346329e-12
4.211136751537357e-12
4.690635878821775e-12
4.51978737418178e-12
4.717621393133917e-12
4.6567993255712834e-12
4.071703320250241e-12
4.706394736900721e-12
4.6493781962666846e-12
4.363025643140474e-12
4.3985586518911585e-12
4.052063418284421e-12
3.755657960924214e-12
3.886716546130957e-12
3.720350112060602e-12
3.863728189601669e-12
3.809549495742366e-12
3.9028092521187985e-12
3.942611948654581e-12
4.073711399424808e-12
3.848985216939713e-12
3.4585491713078486e-12
3.5087989696899346e-12
3.406852428684729e-12
3.492905508600868e-12
3.720432128639388e-12
3.4826607473490352e-12
3.502042735160961e-12
3.3745217819811873e-12
Acceptance rate: 0.3890000000000007
2.0386663329738027e-12
2.149427570579369e-12
1.9936733039813207e-12
2.082862654488812e-12
2.0535762535290474e-12
2.1507334821773856e-12
2.2339745804899568e-12
2.3087597210137453e-12
2.3400613384913077e-12
2.2295624814791505e-12
2.1041173994921917e-12
2.106319594510043e-12
2.302468654580248e-12
2.2907819150240378e-12
2.365742046968792e-12
2.485161028773871e-12
2.3867040500380647e-12
2.435279043799756e-12
2.2661237769514186e-12
2.4415639844527913e-12
2.4741130123727414e-12
2.6492383249522965e-12
2.742866831624597e-12
2.435036015350366e-12
2.5384382330035815e-12
2.482794029043585e-12
2.5467799736216967e-12
3.0700545236194812e-12
2.940523299709626e-12
3.4121440992315896e-12
3.4308071260065842e-12
3.196416479947217e-12
3.087956594308198e-12
3.1461167858415732e-12
3.215132234056592e-12
3.0714173875825205e-12
3.045681118704769e-12
2.786132886193951e-12
2.7811818319577525e-12
2.7228394461734247e-12
2.3437047853798583e-12
2.325898001030911e-12
2.8000304030765706e-12
3.0961280786952797e-12
3.41982085425554e-12
3.195597478314036e-12
3.0780418861483913e-12
3.042425201039691e-12
3.6409272227508445e-12
3.657723567363852e-12
3.4539215083684485e-12
3.0526667938827214e-12
2.818449149347077e-12
2.5183406781631168e-12
2.9610280677997487e-12
2.9860906824262646e-12
2.988257685665357e-12
3.077090018008999e-12
3.12285498968139e-12
2.938660826286964e-12
2.7865639647023684e-12
2.850158009412645e-12
2.9159283105511264e-12
2.7406014375707715e-12
2.5710279546954494e-12
2.5267984519840585e-12
2.395137037758518e-12
2.591400468610207e-12
2.8147579830245216e-12
2.820748859352176e-12
2.9929401228332558e-12
2.654255427354177e-12
2.423182748040521e-12
2.4579996792310184e-12
2.476783367770824e-12
2.351165013182732e-12
2.201941114835702e-12
2.32137408565866e-12
2.4651786438192643e-12
3.0568545650922916e-12
3.2372150287620778e-12
3.66831154233958e-12
3.76754391629957e-12
4.021269017468699e-12
3.8788026671189906e-12
3.683174317272868e-12
3.8899600286764585e-12
3.694402446915566e-12
4.041451445539024e-12
4.503588868942129e-12
4.607203169427206e-12
4.45553282270971e-12
4.138615605964153e-12
4.420749589923721e-12
4.568978392719933e-12
4.482516549014912e-12
4.208924782108523e-12
3.849220325095205e-12
3.6379196090493273e-12
3.6062221695246936e-12
Acceptance rate: 0.3760000000000006
2.2493223403073647e-12
2.465325656577152e-12
2.420128058985744e-12
2.5963631134758722e-12
2.5161917401166455e-12
2.6821524921242842e-12
2.556967226943892e-12
2.5793119002854146e-12
2.3637389259921967e-12
2.6671040817226674e-12
2.4713607290854698e-12
2.2803744893116286e-12
2.1828538421280326e-12
2.2641755916411687e-12
2.443000535378932e-12
2.2350891525269465e-12
2.4820499975002807e-12
2.8425080307699295e-12
2.6810918053395386e-12
2.900313350932596e-12
2.7956169296827947e-12
2.7802682524212098e-12
2.6167884168486707e-12
2.4871464035397788e-12
2.3458418962571385e-12
2.4162985375366626e-12
2.47098417872378e-12
2.4627506696828493e-12
2.6715511265326596e-12
2.665307081509346e-12
2.4826764512941076e-12
2.310992398355589e-12
2.2555123746738543e-12
2.392518901529393e-12
2.179396483464647e-12
2.530446475189206e-12
2.553191413501262e-12
2.7840543002875475e-12
3.0855412001244156e-12
3.397588545598246e-12
3.6886755563976784e-12
3.821091567936323e-12
4.141415649184931e-12
4.196990509237065e-12
4.887190711792107e-12
5.823948210434876e-12
5.847711236221746e-12
6.357539665367322e-12
6.865834725486483e-12
6.348684111946316e-12
6.28194952080323e-12
6.572620873800829e-12
6.328585709667908e-12
5.827531609900902e-12
5.758802976042875e-12
6.800917175518773e-12
6.430611583687678e-12
6.435106785571691e-12
6.14618513910947e-12
5.726957965886541e-12
5.714445549384357e-12
5.68467006574861e-12
5.28924901817383e-12
5.148329093336973e-12
5.423010802312528e-12
5.285871531650881e-12
5.263304432696462e-12
5.228540750050727e-12
5.15845225793364e-12
5.576921464028219e-12
5.326790919964429e-12
5.754436571080323e-12
5.6512602934237236e-12
5.530593931827367e-12
5.6377307405408234e-12
5.764123918147071e-12
6.1607263817654566e-12
5.5633084192380585e-12
5.3837189406828636e-12
5.486175575082702e-12
5.894974043937166e-12
7.36109929814755e-12
7.276515600248752e-12
7.921402107831979e-12
7.793001061814584e-12
7.55750212824735e-12
8.247296588215716e-12
9.24751366726509e-12
9.56484631081614e-12
9.615416991308654e-12
8.842750330011302e-12
8.17083408023033e-12
7.761169908748148e-12
7.294505716715573e-12
7.595778731987788e-12
7.568168196163241e-12
8.953552153545806e-12
8.3995284668888e-12
8.324146080265339e-12
8.54978822369303e-12
Acceptance rate: 0.3681250000000004
5.2826304832758434e-12
5.005457978626504e-12
5.3981921104907525e-12
5.114145771504403e-12
4.806865374874235e-12
4.605373740581334e-12
4.514295223226431e-12
4.195875853276176e-12
3.838065236979864e-12
3.486479935750248e-12
3.5165182415067387e-12
3.3962364678601466e-12
3.8095135869370204e-12
3.552854895406528e-12
3.927478884157452e-12
3.795600776486809e-12
3.6359171531212587e-12
3.337040616471445e-12
3.0873441459841714e-12
3.2463465293178568e-12
3.0512138602296535e-12
3.1544500670829245e-12
3.1557620475205223e-12
3.1603419697131488e-12
3.179506689582844e-12
3.0807582230580114e-12
3.0878069606428905e-12
3.0966108323769754e-12
3.099539373839445e-12
3.1950991540967423e-12
3.2454679157277637e-12
3.352934763796959e-12
3.3541950753889255e-12
3.1431513243217478e-12
3.0851621681046626e-12
3.0947111137946347e-12
2.968867425953055e-12
2.9194302687521335e-12
3.192240459411662e-12
3.5098919230413155e-12
3.3666311613623407e-12
3.3296942800232826e-12
3.472541654872553e-12
3.5516885885701364e-12
3.893081177097001e-12
3.4249614004545163e-12
3.497109476311594e-12
3.728644321395023e-12
3.824317125749576e-12
3.6710762481625035e-12
3.2804437699514286e-12
3.3172634302137532e-12
3.4034445662361124e-12
3.1863828232944768e-12
3.0938905617054924e-12
3.108579878025704e-12
3.457294309471425e-12
3.848416438344204e-12
4.024452564644546e-12
4.265802078000456e-12
3.889545829225972e-12
3.999719517306148e-12
4.340031705245046e-12
3.996372315788611e-12
4.184953918618605e-12
4.443579075584869e-12
4.947538376692172e-12
5.0867457730414826e-12
4.833900526808058e-12
4.795059329961552e-12
4.993213329961704e-12
5.583323119537126e-12
5.904336495814218e-12
5.799959916687129e-12
5.2725990845100925e-12
5.3941279443906905e-12
5.002881372247516e-12
5.19805706559679e-12
5.093032509900957e-12
5.4247514218914725e-12
5.058532237956224e-12
4.9002758825936746e-12
4.209881262910182e-12
4.150365510536011e-12
4.339592186259763e-12
5.220161827988984e-12
5.147681728771583e-12
4.774665898821296e-12
4.263325568957335e-12
4.438346298741805e-12
4.538918828500237e-12
4.047844477504202e-12
4.143932261392616e-12
4.255266910509822e-12
4.207866581694019e-12
4.78716715419801e-12
4.347410143115998e-12
3.859425696448637e-12
3.5688347832683744e-12
3.4964700767362614e-12
Acceptance rate: 0.3672000000000005
2.2624675553551515e-12
2.3287106033664535e-12
2.4215237242259808e-12
2.354344178368313e-12
2.505237657492614e-12
2.3683766570428118e-12
2.2392700930459157e-12
2.4277479193323427e-12
2.5493751433034873e-12
2.7337893975203717e-12
3.021824910603177e-12
3.11600929350848e-12
2.9497159452735786e-12
3.184171955626789e-12
3.2636894882338165e-12
3.462222720000724e-12
4.029063008085989e-12
4.894630952150599e-12
4.884641536585402e-12
5.071082516596438e-12
4.991010797559255e-12
5.813519692546443e-12
6.083729863331854e-12
6.183159787919837e-12
6.659976229706747e-12
6.566505390981818e-12
6.908335837987504e-12
6.27906230683901e-12
5.959985784194038e-12
5.8792665941034865e-12
5.870140824904522e-12
5.464844523431522e-12
5.3491024000077395e-12
5.160582878485451e-12
5.578867949304207e-12
6.285183755321214e-12
6.036168452214504e-12
5.2677392637606635e-12
5.9305258249628106e-12
6.735777447860551e-12
6.614692626618875e-12
7.088965808265426e-12
7.056821097650523e-12
7.38186629913916e-12
6.6024106111293725e-12
6.70827283066129e-12
6.944320775648841e-12
6.246250937300524e-12
6.364405528175462e-12
6.660242219169591e-12
6.541130950943805e-12
6.012230295209997e-12
6.640624830752922e-12
6.6863683119755095e-12
7.323853704607643e-12
7.284614533227066e-12
7.230991286796914e-12
8.532739009390059e-12
8.492143513904749e-12
8.311339647738953e-12
7.610075977144278e-12
7.74115671191388e-12
7.229931945779969e-12
6.5553713421826e-12
6.379220027267019e-12
6.6945267149332e-12
6.494242037870923e-12
7.221217819367178e-12
7.68812625275283e-12
6.866751869723833e-12
6.3448424721055356e-12
6.349706352330011e-12
6.45196614635213e-12
6.513667260181222e-12
6.093502458481321e-12
5.348499944731323e-12
4.762076554848325e-12
4.5748976611883295e-12
5.0054914587828534e-12
4.5620548059915344e-12
4.227979533215744e-12
4.263403128519901e-12
4.1905395847571206e-12
4.455851735072604e-12
4.246902737928826e-12
4.106458222701012e-12
4.63908130354136e-12
4.547132088170237e-12
4.580405508608191e-12
4.4963844074347575e-12
4.024935540453156e-12
3.996826964312214e-12
3.953535955346874e-12
3.966296222149781e-12
3.6939520953680326e-12
3.3976074646708974e-12
3.7087851757996866e-12
3.6812983221928595e-12
3.442100427746408e-12
3.5722126677048273e-12
Acceptance rate: 0.36133333333333456
2.2544985946325277e-12
2.3051101020556098e-12
2.3295086561551776e-12
2.5020031463684516e-12
2.5236229635957762e-12
2.4896281158531356e-12
2.568387907157464e-12
2.5375584277722343e-12
2.804940659476326e-12
2.803570047403105e-12
3.1649282024426002e-12
3.720954137204343e-12
3.238974208895542e-12
3.685371853067369e-12
3.433759531329836e-12
3.5204373902337487e-12
3.990836386707652e-12
4.103301483263581e-12
4.103157766022388e-12
4.362687034997747e-12
4.6416087969048995e-12
5.0534604945506485e-12
5.367294305420927e-12
4.730617994636968e-12
4.899148055848473e-12
5.064964314197779e-12
5.102723149004051e-12
4.6444385011380974e-12
5.084766696178725e-12
5.387389808088575e-12
5.74044782814313e-12
4.96730544904928e-12
5.3705424214032285e-12
5.386413922320091e-12
5.455451411184434e-12
5.3770866111599615e-12
5.371877957333118e-12
5.94261179894288e-12
5.629571732793243e-12
6.1928904055556e-12
6.1558645831625046e-12
6.283294616246807e-12
5.963549484563247e-12
6.435587275127738e-12
6.477383657735338e-12
6.073093891955524e-12
6.7180826002910814e-12
7.275941452394643e-12
8.059200696240121e-12
7.73516694740973e-12
7.488536147202703e-12
7.035945788587056e-12
6.719230912889445e-12
6.883938212239203e-12
6.6066186970475444e-12
6.0238116738063175e-12
5.748869975686426e-12
5.7952714086548855e-12
6.2513232524781135e-12
6.076637241654755e-12
5.933814026599317e-12
6.175853541447381e-12
6.073459421827187e-12
6.0043994053729535e-12
6.075094674826496e-12
6.5361158343686915e-12
6.4197278649461675e-12
6.036272644886327e-12
6.2258044170438494e-12
6.0106042257412785e-12
5.685450901619711e-12
5.168768998621986e-12
5.233674229410897e-12
5.276775513668675e-12
5.213375590689368e-12
4.9714044252096246e-12
4.671573636920769e-12
5.052155297476172e-12
5.139355486850206e-12
5.553472271441442e-12
5.447020767475953e-12
5.0995818628500786e-12
5.273642223729196e-12
4.787912511300815e-12
4.636477838727131e-12
4.1675067072682054e-12
4.767904006594385e-12
4.679358846126429e-12
4.708623992303215e-12
4.575561165746308e-12
4.739057250127071e-12
5.402354245610295e-12
5.536717192725364e-12
5.00408283000508e-12
5.562709306023959e-12
5.705611690856422e-12
5.413099130888968e-12
5.730195298555907e-12
5.164951163292322e-12
5.259893407400057e-12
Acceptance rate: 0.3612142857142867
3.407152096453967e-12
3.3500929092038525e-12
3.5227539009964545e-12
3.663712123858448e-12
3.743735459251202e-12
3.740191845490707e-12
3.97688874017911e-12
3.827575660473856e-12
3.760647857467387e-12
3.681500325067468e-12
3.9598291911924014e-12
4.135852911542468e-12
5.3469535529550175e-12
5.752934998557784e-12
5.819427649644284e-12
5.739664675810859e-12
5.843796750133504e-12
5.932245052773123e-12
5.588848008723925e-12
5.36818662703964e-12
5.270026672287083e-12
5.269340523822212e-12
5.407357919649509e-12
5.783534670179735e-12
6.107871612321969e-12
6.043613652990549e-12
5.8763773177905984e-12
5.812355786470554e-12
5.396570995488116e-12
5.400803627902654e-12
5.483514268269689e-12
5.1744196301490194e-12
4.930931288716425e-12
5.481515127895653e-12
5.858587183024068e-12
5.544569534378437e-12
4.969615392573459e-12
5.298932183518251e-12
5.205908315611276e-12
5.007738696898262e-12
4.961723776792796e-12
4.6668181338159595e-12
4.589941076671273e-12
5.4185699579801595e-12
5.1456532440893545e-12
6.389083965332824e-12
7.0462573894916e-12
6.630355245128515e-12
7.69860153589123e-12
7.968751084704646e-12
7.122506323172642e-12
6.298981106295704e-12
6.608687935982254e-12
6.1223045682473794e-12
5.875903653741498e-12
5.432428352667489e-12
5.28497715768948e-12
4.97257615643234e-12
5.217916083934406e-12
4.97399883547509e-12
4.838915931209156e-12
4.482678687104968e-12
4.360575933475851e-12
4.7987390690554484e-12
4.59773861130044e-12
4.344387576377288e-12
4.272426675204042e-12
3.911097776515532e-12
3.928769838069338e-12
3.870904754122251e-12
3.932670642482478e-12
3.686848462624929e-12
4.2107032679450005e-12
4.27426095071156e-12
5.0075468195140184e-12
5.394566116618073e-12
5.240502341768518e-12
5.1829199109674785e-12
5.488270333146311e-12
5.564739172648488e-12
5.560640480897165e-12
5.486394877634672e-12
5.235912661563613e-12
4.6553417139943135e-12
4.549005257474125e-12
4.247748868629801e-12
3.9526302919946095e-12
4.139812125162102e-12
4.596426157039809e-12
4.8402623101788774e-12
5.212493270244975e-12
5.07874524826946e-12
5.009618949387345e-12
4.916503691752964e-12
5.164693384236792e-12
5.324370214971925e-12
5.046157356477281e-12
5.18983581424562e-12
5.594590090722739e-12
5.775423909509186e-12
Acceptance rate: 0.3586875000000008
Sampling time (10 samples): 4190.7448 seconds
