/scratch/users/yanlan/TroubleShooting/Weights/Output/AM_PM_ET_205_287_00
1.064534537927413e-06
5.71026486553156e-07
3.313654714677912e-07
1.941088126212293e-07
1.2053638123038269e-07
7.191003228604515e-08
4.381153686846984e-08
2.966297177701519e-08
1.8751620957986176e-08
1.3009510126365124e-08
9.654649305927927e-09
7.469321334939411e-09
5.283543580806131e-09
4.201197837913506e-09
3.491179058014615e-09
3.0121854958682894e-09
2.125531963737896e-09
1.7167570313292929e-09
1.2668402937744903e-09
9.1585521780566e-10
7.50668207395726e-10
5.510762877625328e-10
4.707854962344027e-10
3.923777486643289e-10
3.201600609298504e-10
2.4889080584697083e-10
2.1077378868579772e-10
2.1084184453841762e-10
1.6887315722803892e-10
1.711165675481331e-10
1.5653123802381466e-10
1.3638003326422086e-10
1.228837840833049e-10
1.1081437937559383e-10
9.81822529368566e-11
9.629807958757453e-11
7.65135729054923e-11
7.100624477836218e-11
6.459050955291842e-11
6.418542865361894e-11
6.399017879153169e-11
5.776503947878996e-11
4.6017288499307063e-11
5.12680656963283e-11
4.672459826941593e-11
4.1708242793642145e-11
3.5572486725097866e-11
3.4092025170350966e-11
3.161618916334583e-11
2.8976571746575236e-11
2.7636716733686584e-11
2.537412686427866e-11
2.7836075001797186e-11
2.607474674321433e-11
2.9090918619557006e-11
2.967054064714808e-11
3.051170476834789e-11
2.7032809026060175e-11
2.7791790939952916e-11
2.577728861650402e-11
2.467524763498988e-11
2.3459717871038353e-11
2.1683204572182218e-11
1.9175338917814074e-11
1.8860787916171994e-11
1.5793974838907912e-11
1.2967934966040803e-11
1.1114166417614017e-11
1.0759097511369277e-11
9.574990903289117e-12
9.515371470637972e-12
8.820720136234479e-12
9.639167392058311e-12
9.650848557268312e-12
1.0953940288817516e-11
1.1628162874668988e-11
1.077815794352081e-11
1.0775052191375207e-11
1.0524742008032922e-11
1.0284836200700046e-11
1.0171752265717531e-11
1.0918685970976793e-11
9.408818619502018e-12
8.514481454535695e-12
8.089475802543458e-12
8.443247349596187e-12
7.691496166169588e-12
7.129725473223281e-12
7.1661347445886274e-12
6.647945790846643e-12
6.318820503031046e-12
6.3951263795111615e-12
6.6344572920325625e-12
6.532111998123086e-12
7.422469344972568e-12
8.012961735388848e-12
7.897571283141279e-12
7.74412050852084e-12
7.769101546487674e-12
8.12377005986588e-12
Acceptance rate: 0.3389999999999996
5.019295093196374e-12
6.068495867320092e-12
5.905095083563289e-12
5.518361082290105e-12
5.58935466938159e-12
5.2865241711564305e-12
5.184086803134062e-12
5.356814100082413e-12
5.165458730592253e-12
5.784972890148727e-12
6.836784548676426e-12
6.088881689603449e-12
5.295662878459735e-12
5.4156839836623845e-12
5.184699018254071e-12
4.926772943380937e-12
5.083155362755002e-12
5.210621751503744e-12
5.0020774245190455e-12
4.5905789923762126e-12
4.419777873150953e-12
4.6635051599788975e-12
5.059872364047006e-12
6.192777359625827e-12
6.549711004172125e-12
7.003342227341692e-12
7.107401721760617e-12
7.297696625127752e-12
7.011017425217238e-12
7.32004340589832e-12
6.903830014347308e-12
6.361917671544688e-12
6.05580342863999e-12
5.825141282338314e-12
5.7274995734398325e-12
5.569817404823125e-12
5.648840192125543e-12
5.859594409265627e-12
5.9004059082316995e-12
6.143842434449167e-12
6.291332485334417e-12
5.673710936100768e-12
5.4152210735817066e-12
5.840407201298785e-12
6.221932767543092e-12
6.200192757721918e-12
6.4493264228008425e-12
6.215185321394765e-12
6.221284465292897e-12
6.069342023341691e-12
6.058328153545643e-12
6.14585076084463e-12
6.118768009003977e-12
5.76886154950316e-12
5.202669637780255e-12
4.880356222177101e-12
4.392297333753124e-12
4.268817308239133e-12
4.478504675629305e-12
4.709008449417217e-12
4.470623253348447e-12
4.275054160114908e-12
3.734611635809013e-12
3.5559646031270654e-12
3.643601374247631e-12
3.3675502103483023e-12
3.1350398244020105e-12
3.6038902549494817e-12
3.1800489884876393e-12
3.3193836364788544e-12
3.3802602814838533e-12
3.275525045043225e-12
3.1186996366427887e-12
3.688982270238829e-12
3.692477582327959e-12
3.563867216233639e-12
4.215328009072126e-12
4.177842459961401e-12
4.172183155264764e-12
4.1430634774940205e-12
4.44692655160427e-12
4.7416568086783294e-12
5.743672209981957e-12
5.900904741723714e-12
5.965696602084075e-12
6.24710240602377e-12
6.133867564287228e-12
6.57860825701804e-12
6.5914467636837224e-12
6.726860441353292e-12
7.114007004090734e-12
6.424960809990722e-12
6.333649758051468e-12
5.851807895678816e-12
5.3881892920521525e-12
5.168587250594673e-12
5.7051673258044195e-12
6.233632641271458e-12
6.2268118577666464e-12
6.416852420138991e-12
Acceptance rate: 0.3345000000000003
3.9091149717615796e-12
3.5911603921189826e-12
3.2619655600846346e-12
3.4078091484683916e-12
3.2591584771226524e-12
3.5926862873057935e-12
3.674416434324344e-12
3.658982612063066e-12
3.6207625505187863e-12
3.3890726154858988e-12
3.667296917788331e-12
3.4954985206426708e-12
3.501478743410631e-12
3.1010278459982263e-12
3.13792087192355e-12
3.20622083040379e-12
3.192084274155033e-12
3.844784961869972e-12
3.76656783035839e-12
3.650814924267721e-12
3.772673094274932e-12
4.142357345440143e-12
4.2284214219139106e-12
4.857342997040735e-12
4.999027329379217e-12
4.413278094568844e-12
4.460780981350748e-12
3.721428570724843e-12
3.6203083726261223e-12
3.5551481488725177e-12
3.786679136244565e-12
3.623720298940084e-12
3.41668279413834e-12
3.3053713352404746e-12
2.999447067349339e-12
2.9317753516043067e-12
2.7709866250787923e-12
2.514719393639423e-12
2.5945703190362876e-12
2.5678520646933645e-12
2.472769226613656e-12
3.0534359467590628e-12
2.9741205757396523e-12
2.9335866705658566e-12
2.799541555261843e-12
2.392834578794371e-12
2.436930382320196e-12
2.4713097514049523e-12
2.845140628340631e-12
3.069793685448917e-12
3.617896662419188e-12
3.420781954058531e-12
3.992092034119047e-12
3.473087501880039e-12
4.1114897687325476e-12
3.99712748662367e-12
3.905808025923946e-12
3.5575568022842457e-12
3.819133605009079e-12
3.8069415019773886e-12
3.5550112559648448e-12
3.694812803555306e-12
3.253425383265817e-12
2.9919070723112884e-12
2.9789052424560974e-12
2.8712535197076358e-12
2.9054431560426844e-12
2.723088687815985e-12
2.4712971938400795e-12
2.4740780401383127e-12
2.285577965821365e-12
2.6103123205936304e-12
2.607978405340274e-12
2.6646994844402895e-12
2.6375553894997363e-12
2.624638686241562e-12
2.86026732332168e-12
2.7143383919369582e-12
2.7055616820262932e-12
2.668345281170812e-12
2.8710926623361382e-12
2.3627474502718314e-12
2.397174008053586e-12
2.610350532322138e-12
2.5396439833799177e-12
2.800048147966506e-12
3.0430213583311883e-12
3.1465587892851583e-12
3.0855214703817044e-12
3.1779332199198107e-12
3.3290583386540097e-12
3.767709859335686e-12
4.280829289673298e-12
4.2294265591486124e-12
4.012238041334704e-12
4.226892170729067e-12
3.883535712553991e-12
3.341936775272466e-12
2.9855268377229703e-12
3.1147066844414353e-12
Acceptance rate: 0.3366666666666662
1.9502830466878216e-12
1.974875969414332e-12
2.0026456762811514e-12
2.0862627410092903e-12
2.084060797971328e-12
2.389700185844941e-12
2.7230521186957235e-12
2.5855124694910835e-12
2.6115432045901272e-12
2.5582706611967916e-12
2.8569257143039484e-12
2.9521450645515776e-12
2.806058257201274e-12
2.5162283196876756e-12
2.6808552163078537e-12
2.657823441997002e-12
2.4757797889764924e-12
2.4027823458820224e-12
2.4105050908985963e-12
2.423004129548944e-12
2.491105491460399e-12
2.3205195061589914e-12
2.3909965837080824e-12
2.1848589730069934e-12
2.387967073846597e-12
2.734837060883424e-12
2.821792813014603e-12
2.798569767715387e-12
2.7615101372303586e-12
2.901214935955935e-12
3.0059607600317996e-12
3.1083467312818215e-12
3.1179947782572923e-12
3.4197242296503116e-12
3.777302429214385e-12
3.860779021970969e-12
3.887929928216458e-12
3.998296668821689e-12
4.0730939761955234e-12
4.5560218881267635e-12
4.993291960967245e-12
4.814657585758234e-12
4.6925180688275266e-12
5.0863818166245215e-12
5.4386646802081166e-12
5.288067962146564e-12
5.7659505467021836e-12
5.772686452021382e-12
5.157936130714212e-12
5.1987909477541065e-12
5.329854765300126e-12
5.2118388185994e-12
4.908111896195838e-12
4.483196849527146e-12
4.640257971138615e-12
4.29778356238226e-12
4.6018785710354495e-12
4.839969696414929e-12
5.33055959861517e-12
5.7587604306019295e-12
6.066093561217994e-12
6.466717943914307e-12
6.4751284845683774e-12
6.777236493729835e-12
6.5852074520255384e-12
6.2944215474575076e-12
6.065407513354934e-12
6.496076519813205e-12
6.3821851283340535e-12
6.177913001347974e-12
7.025613522943836e-12
6.8640843399253126e-12
6.92267055675409e-12
7.446722285553204e-12
7.529302759198208e-12
6.929471698224872e-12
7.08098616515942e-12
6.913892247962624e-12
6.9997649712215336e-12
7.488238105401551e-12
6.9224934044606654e-12
6.564626854032096e-12
5.846408085071177e-12
6.353329423533903e-12
6.50418106554576e-12
7.071733776987126e-12
7.033298766600539e-12
6.322614533930958e-12
6.46221587953625e-12
5.823621115746073e-12
5.04239201635415e-12
4.862561623006898e-12
5.283230665099861e-12
5.5955935002455196e-12
5.469371328753465e-12
5.4336076078990976e-12
5.680408396824186e-12
5.481559083640935e-12
5.216507258801734e-12
5.3759444202514816e-12
Acceptance rate: 0.32599999999999946
3.4265632090141063e-12
3.5799148788415126e-12
3.265153420980539e-12
3.0073848998939578e-12
3.3048174303053092e-12
3.403398776658194e-12
3.1865407291545856e-12
3.2738255011332825e-12
3.436909806544585e-12
3.0777004998741147e-12
3.1713670942822533e-12
3.5170756466708744e-12
3.347373705142681e-12
3.5428888638251973e-12
3.683591253392505e-12
3.826417463329287e-12
3.874407352115701e-12
3.3671524244922674e-12
3.6098634395554143e-12
3.493272569344903e-12
3.5312921846260915e-12
3.2790953129823256e-12
3.306281313562025e-12
3.055943691635631e-12
3.2395917703532016e-12
3.641143715095023e-12
3.887428719535885e-12
4.547973368939524e-12
4.4427563431394765e-12
4.374155009856609e-12
5.0593164701874926e-12
5.6073378151963525e-12
5.644961182490364e-12
5.501141292632049e-12
5.544026508812837e-12
5.925967767572174e-12
5.5946035635299696e-12
5.312957609715076e-12
5.249773591074784e-12
5.243245412749173e-12
5.464049365931745e-12
5.126853810829849e-12
5.2535559562797934e-12
4.696885575095322e-12
4.4991740256951035e-12
4.770619202155054e-12
5.156005617561428e-12
5.2492545206335e-12
4.874701004716849e-12
4.300222015301633e-12
4.976210446630634e-12
5.493742252252177e-12
5.84732613768078e-12
7.037727753102112e-12
7.744341534795916e-12
7.102071593957589e-12
6.641836085906427e-12
5.959495505157356e-12
6.5079669382016414e-12
6.164581462331255e-12
5.955572810713615e-12
5.445414106779065e-12
5.619665910381537e-12
5.345945312869107e-12
5.01884532130291e-12
5.1966285735554545e-12
5.3845314633407345e-12
5.031264205001612e-12
4.528768687538071e-12
4.490969451511538e-12
4.4175470792774594e-12
3.991591495422926e-12
3.816504089951008e-12
3.8353900951646385e-12
3.901726603641616e-12
3.4362831700555143e-12
3.2932098447691507e-12
3.295618979682745e-12
3.1427708174660443e-12
3.5733747309863954e-12
3.3118777816199726e-12
3.4290342143826267e-12
3.3933000979800166e-12
3.4730059730454187e-12
3.2640407908768242e-12
3.528635852670958e-12
3.3923107687908783e-12
3.5611111586642236e-12
3.5081716666700923e-12
3.951576829122791e-12
4.050602194268591e-12
4.043202279139902e-12
4.2778441471849435e-12
4.0907296949373155e-12
3.89014429984331e-12
4.0072767708151075e-12
3.842746127829048e-12
3.6942022014549265e-12
3.871115687445694e-12
4.124996301221421e-12
Acceptance rate: 0.33119999999999933
2.6193185928221796e-12
2.710107029884433e-12
2.846373783474069e-12
2.863481155274076e-12
2.8397457102060903e-12
2.6967835470094757e-12
2.8162645617273497e-12
2.9669980652096202e-12
2.9666523538119268e-12
2.7151996803613423e-12
2.7090232310282515e-12
2.8165897670988646e-12
3.0853624570967023e-12
3.1073286106613668e-12
3.0987307984725687e-12
2.8300862200014226e-12
2.7797848810959545e-12
2.6337087694663315e-12
2.4221924513428114e-12
2.358750554154026e-12
2.3203265879111436e-12
2.388645587914905e-12
2.377561566741954e-12
2.286391210369255e-12
2.580321693634382e-12
2.5818885150994615e-12
2.5760778821295622e-12
2.899108097292277e-12
2.805209179669885e-12
2.9371683626516216e-12
3.24464490558079e-12
3.4977063527814533e-12
3.137093745872898e-12
3.067215184068246e-12
3.1411687814383927e-12
3.1709181528324527e-12
2.907842725226916e-12
2.7794051636784563e-12
2.71184383990014e-12
3.0382566980355928e-12
3.25996161801662e-12
3.2870448378277474e-12
3.2349737250502206e-12
3.5179662690011655e-12
3.6188261284030243e-12
3.850757375101454e-12
3.851421883351413e-12
3.880886878878008e-12
3.5737861821748395e-12
3.905044838889735e-12
3.8545680986854286e-12
3.7253902189260865e-12
3.93663950039275e-12
3.74227764008378e-12
4.437558808560809e-12
4.1465904125893434e-12
4.432671161873738e-12
4.51934107405381e-12
4.6477847403399244e-12
4.436181479525536e-12
5.150318446445902e-12
5.147290794852502e-12
5.2477405416441695e-12
4.800808358540543e-12
4.525404443026586e-12
4.8524627907705785e-12
4.928134059204498e-12
4.550645339890729e-12
4.266488509304032e-12
3.911668425221441e-12
4.096311625990848e-12
4.378275903076805e-12
4.208557413153356e-12
4.585675563401977e-12
4.414439929502219e-12
4.154284047210469e-12
4.1478942520689104e-12
4.337676898991468e-12
4.349479725136461e-12
3.95754420735122e-12
4.051744436847831e-12
4.037700540587761e-12
4.349932082696841e-12
4.553516245632028e-12
4.81873435083293e-12
4.86428805269198e-12
5.085855162024395e-12
4.797666461358889e-12
4.885982139023894e-12
4.750433114293776e-12
4.8859546517414935e-12
4.585763677241593e-12
4.842357838358729e-12
4.448505840966168e-12
4.068872865383951e-12
4.253127814334223e-12
4.565461848416414e-12
4.423146523800816e-12
4.760289973483983e-12
5.092438572564641e-12
Acceptance rate: 0.33200000000000046
3.2254933862280848e-12
3.389580003286106e-12
3.4851458560694753e-12
3.4177726170282393e-12
2.968057670791901e-12
3.0517346421612712e-12
3.0015214643543272e-12
2.7657311351137273e-12
2.6473876267308156e-12
2.571877120540201e-12
2.6977704949151726e-12
3.0335448941461527e-12
3.542627989501755e-12
3.805199736764431e-12
3.966029373323277e-12
4.311054213485938e-12
4.2168890781644385e-12
4.058431722032722e-12
3.750511628695053e-12
3.389434162743331e-12
3.4946334017803734e-12
3.691891795087402e-12
3.6090949353406074e-12
3.3505879976715607e-12
3.5919620359973674e-12
3.5031039028080376e-12
4.0744847653500594e-12
4.109517255705861e-12
4.035896983743811e-12
3.933025582241785e-12
4.242803251602211e-12
4.574313146075026e-12
4.230052022146646e-12
4.6908183355791e-12
4.5149495030146355e-12
4.551027518988466e-12
4.3446077667974334e-12
4.149309556014595e-12
4.1898017027169765e-12
3.973049975155445e-12
3.871299591503201e-12
3.866795530262083e-12
4.473841403238988e-12
4.5701537599606674e-12
5.497604762631302e-12
6.130847084315252e-12
6.053554225309721e-12
5.850980496690341e-12
6.710462184308199e-12
6.957493857404762e-12
6.765336220832781e-12
6.988022163680007e-12
7.183462658563829e-12
7.349423460947891e-12
6.8463326591956856e-12
6.931173852521652e-12
6.833671516819463e-12
7.661260094897061e-12
8.13490919070955e-12
8.585014505217245e-12
9.227533124495394e-12
9.180782616065547e-12
9.088023029703882e-12
9.1021132330623e-12
8.929917046157634e-12
8.941342425212647e-12
8.911676704235435e-12
8.79392798893013e-12
7.786795527553045e-12
8.087250245824058e-12
7.820339542245378e-12
7.647997305317926e-12
7.397537813460546e-12
7.021270225654938e-12
7.30288868065969e-12
7.325934709122787e-12
8.087871765266509e-12
7.824404053463306e-12
7.0990206931434395e-12
7.265795975690447e-12
7.396961670320248e-12
7.471735330264163e-12
7.20473289652237e-12
7.320666112332321e-12
6.534763985649383e-12
6.515733465373693e-12
6.106478291313578e-12
5.326073331999126e-12
5.256788810299006e-12
5.060322316710695e-12
4.845117448129071e-12
4.646371422961775e-12
4.471292772442809e-12
4.2546404618668906e-12
4.724857378225432e-12
4.733258867278628e-12
5.056910155099425e-12
4.947793853353388e-12
4.8806162830672095e-12
4.829243998442241e-12
Acceptance rate: 0.33214285714285774
3.1240126025866402e-12
2.937516105524947e-12
3.8287420308127634e-12
4.0744866646017254e-12
3.837988229427984e-12
3.450496395481445e-12
3.3061595684670247e-12
3.3800880938903084e-12
3.6044528326649577e-12
3.709375834539833e-12
3.951429340747366e-12
4.550857050593963e-12
4.82568462217594e-12
4.774628697920781e-12
4.928871601159457e-12
5.389419238418273e-12
4.941458039617776e-12
4.661990977216818e-12
4.41783498362701e-12
4.038108905685332e-12
3.8539011817025094e-12
3.9778825415133614e-12
4.223332640280893e-12
4.4062879998263e-12
4.507402087584166e-12
4.418894941309955e-12
4.586943318540732e-12
5.2045092926443384e-12
5.053530024324637e-12
4.918497256629327e-12
4.732835182501266e-12
5.435385116096599e-12
5.186810096119976e-12
5.3892414176820924e-12
6.0071758271086396e-12
6.815498249162347e-12
6.934814146024495e-12
7.208415661358944e-12
7.482332606936126e-12
8.3343642081039e-12
7.974641403893394e-12
7.979702360527846e-12
8.146113221477372e-12
7.45022482505483e-12
6.7104216717511526e-12
6.164942521436652e-12
6.5774807902365994e-12
6.5476079465191115e-12
6.2172931939058505e-12
6.118275552951922e-12
5.711102638791448e-12
5.13395808734423e-12
5.045122642087598e-12
5.7335791902822e-12
5.702620871509523e-12
5.6728817910623565e-12
6.6244902246483565e-12
7.482090600979823e-12
7.385654853881507e-12
7.342959948841786e-12
6.955400138365765e-12
6.5933292208926865e-12
6.206514798652622e-12
5.903007113910553e-12
5.582744834456078e-12
5.257806864614072e-12
5.154413589994798e-12
5.132470059655158e-12
5.0163325651032615e-12
5.127470452297234e-12
4.8400384105979575e-12
5.2877109555657256e-12
5.235061900977383e-12
5.158019461303421e-12
5.352727599325222e-12
5.618984574387756e-12
5.596972400437892e-12
4.9746530519069455e-12
4.572710705211465e-12
4.838338475369376e-12
5.4744497526933516e-12
5.094304745437077e-12
5.2046512670132355e-12
5.377921311237358e-12
5.952964615651293e-12
6.437703514375801e-12
6.1558684720761904e-12
6.553922534548676e-12
7.235837504300468e-12
7.31216532445035e-12
7.645692069833037e-12
7.39766886690214e-12
7.841224653805995e-12
8.188069160657398e-12
1.0077744854417385e-11
1.0522563077505099e-11
1.0619050994895222e-11
1.0914200920219559e-11
1.1115720628286019e-11
9.66155994349382e-12
Acceptance rate: 0.3291875000000005
Sampling time (10 samples): 4390.6356 seconds
