/scratch/users/yanlan/TroubleShooting/Weights/Output/AM_PM_ET_206_379_00
1.0582392686651434e-06
6.050803338975974e-07
3.52479116637663e-07
2.1400996909068598e-07
1.3030474779589062e-07
8.320033382152544e-08
5.424600601524478e-08
3.369134459861229e-08
2.289933487669794e-08
1.5322014877985153e-08
1.1431529858268837e-08
8.218911731413237e-09
6.269331139269023e-09
4.396413693037299e-09
3.0467669541250576e-09
2.462886479335844e-09
1.8205817866884189e-09
1.3491804426591859e-09
9.261451740338065e-10
6.91944949849076e-10
5.480563455183835e-10
4.2934074304337684e-10
3.950705753517706e-10
3.1385622597511305e-10
2.544816896261773e-10
2.0440415310784434e-10
1.656447872162365e-10
1.2500164150991946e-10
1.0337653100216077e-10
9.506089771875492e-11
8.912065416559691e-11
7.066425035040059e-11
6.723709978789215e-11
5.627801001204264e-11
4.8570144898362664e-11
4.077985563669922e-11
3.4855654821731445e-11
3.3853501973464734e-11
2.8980789940633273e-11
2.5281771689513237e-11
2.504698431782211e-11
2.573098584525315e-11
2.271385510776106e-11
1.9887010708172924e-11
1.9309001725230015e-11
1.8475241150548745e-11
1.64908040606006e-11
1.4940798654759584e-11
1.3241221621221844e-11
1.4271070102932935e-11
1.3710999461001558e-11
1.2613207261013972e-11
1.1134192555397053e-11
1.1271574486453133e-11
1.1181488901723509e-11
1.1170443117270206e-11
1.0590422322143393e-11
9.675316843342552e-12
8.199908375795943e-12
7.49135660950504e-12
7.534925258941844e-12
7.075195475885008e-12
7.401882209524483e-12
7.38932588468687e-12
7.569171551751398e-12
8.375617550124565e-12
7.774778243662407e-12
8.029719233322715e-12
8.091623013917989e-12
8.396244918703652e-12
7.733086249057573e-12
6.942683000847593e-12
5.859383239262316e-12
5.4527024561023155e-12
4.98214312908184e-12
5.177383306291295e-12
6.3144235742735445e-12
6.257466556630797e-12
5.5843727754791435e-12
6.04190587156874e-12
5.582977662378123e-12
5.4329264609333e-12
5.163274206523249e-12
5.152737842626545e-12
5.043633624498296e-12
4.46797533151778e-12
4.085194398926949e-12
4.0931797143225596e-12
3.808509764971009e-12
4.136104115578357e-12
4.5009709314465114e-12
4.608799396465011e-12
4.1515641408988885e-12
3.789001029463192e-12
4.04844527227434e-12
4.428741133358018e-12
4.174103427028482e-12
4.438244596414932e-12
3.980529962883426e-12
3.3710600002322984e-12
Acceptance rate: 0.4014999999999997
1.952422367924705e-12
1.934818334241741e-12
2.3515699259763403e-12
2.1053960270052522e-12
2.1084882631527827e-12
2.262392049020712e-12
2.207562990872367e-12
2.156600030469266e-12
1.9992707448352033e-12
1.830530800080232e-12
1.831743489684833e-12
1.9552580129005395e-12
2.0177029561904386e-12
1.9302176581488645e-12
2.353699063181081e-12
2.4997088321733193e-12
2.7058379058242826e-12
2.488169718183731e-12
2.787096767340115e-12
2.9763042467780546e-12
2.887776675893945e-12
3.1864423058046786e-12
3.77214810996539e-12
3.336479800048225e-12
3.2246719321321327e-12
3.311554843781893e-12
3.815090239338186e-12
3.588601792967969e-12
3.341176330696667e-12
3.36259836082949e-12
3.255833607583476e-12
2.9234390905592602e-12
2.793399971107964e-12
3.3200006095338627e-12
3.4302755840440274e-12
3.3205239017703025e-12
3.654380629315015e-12
3.7027889771121056e-12
4.06229644080771e-12
4.127204990785743e-12
4.5811383767111635e-12
4.3103471552372675e-12
4.1405621763871854e-12
4.5140176231259795e-12
4.899579136298927e-12
5.735976374253317e-12
6.105191880269604e-12
6.945095061342068e-12
6.8098659498644e-12
6.826536160820129e-12
7.0769277738408535e-12
6.356114632941164e-12
5.473288260908922e-12
4.9848974131475536e-12
4.481837131605014e-12
4.2705527012956364e-12
4.360505353759915e-12
4.317364332358737e-12
4.46687226976546e-12
4.6217448776881585e-12
4.426101837636833e-12
4.027044467867456e-12
4.076834142698375e-12
4.102064959066786e-12
4.805472778088308e-12
4.767652480197563e-12
4.30422998216052e-12
4.342297531745028e-12
4.169574352286507e-12
4.1827578624235026e-12
4.291824172790189e-12
4.5922376283071025e-12
4.432008290446416e-12
4.001906216652171e-12
3.899953374669484e-12
3.993299658228116e-12
3.855457183319884e-12
4.228961641736883e-12
4.595523036861116e-12
5.323266784119903e-12
5.281205414774433e-12
5.209327610744931e-12
4.975097551684204e-12
5.25977255197943e-12
5.9183786777810605e-12
5.496997042642359e-12
5.27467044736077e-12
5.02825863135754e-12
5.0268945892154995e-12
4.984899046021284e-12
4.848282611040044e-12
4.43037143546566e-12
3.9836941720223844e-12
3.6208826078975825e-12
3.3325130360361452e-12
3.083588846282632e-12
2.8465816938150736e-12
2.7363120490964062e-12
2.8480566046454588e-12
2.7601555437471177e-12
Acceptance rate: 0.3775000000000001
1.7075028472793201e-12
1.7454465402221842e-12
1.8694357631692765e-12
1.8130398773599074e-12
1.8894011152263564e-12
1.882088831369233e-12
2.184047067399197e-12
2.31596871338953e-12
2.5439813328080286e-12
2.6862171858544173e-12
2.924427492232708e-12
3.0508076472015655e-12
3.225058107767056e-12
2.9648398007732955e-12
2.7901689902780928e-12
2.9290503099003342e-12
2.6591220988415886e-12
2.4473501507102405e-12
2.2067302049162187e-12
2.530311481270476e-12
2.4887346601830638e-12
2.3757484265148853e-12
2.345439864401461e-12
2.6274331193229496e-12
2.418709459010457e-12
2.3068885221998252e-12
2.5542910937608023e-12
2.6200350532831378e-12
2.8905733225381447e-12
3.1258988708847736e-12
2.9886676714276383e-12
3.0431793171974387e-12
3.216059259034488e-12
3.1863200246376486e-12
3.3239542866215344e-12
3.091755351957152e-12
3.281396221258589e-12
3.267292924555223e-12
3.415578029694084e-12
3.343371739206562e-12
3.054999515968112e-12
2.685409241296195e-12
2.48139787346539e-12
2.7115598300329224e-12
3.051935026099539e-12
3.810523722415026e-12
3.895300866236792e-12
3.6982786355857735e-12
3.568785528106081e-12
3.4402883081219127e-12
3.1676952042713228e-12
3.901341205604972e-12
4.324068954722863e-12
4.3350814605281284e-12
4.32103496033537e-12
4.840455769640099e-12
4.497924181832343e-12
4.392164012723597e-12
4.193315223809842e-12
4.475153179839492e-12
4.275472200412818e-12
4.200542427715975e-12
4.141265899310389e-12
3.986376082994528e-12
3.746510306296826e-12
3.6344315686649173e-12
3.5488031006861844e-12
3.5309402349240865e-12
3.7502891707958114e-12
3.93936272293676e-12
3.829474916307277e-12
3.676872049127719e-12
3.645676730038003e-12
3.865383211421518e-12
3.931250230469573e-12
4.449472003594182e-12
5.187936758409636e-12
5.323410688605391e-12
4.891008164102716e-12
5.175947069887088e-12
5.917349427329296e-12
6.059468493046048e-12
6.071936862515684e-12
6.255554486096398e-12
6.973296849674345e-12
6.631529960226397e-12
6.28616286854597e-12
5.7070136850911435e-12
5.243648827905285e-12
5.186282415452586e-12
5.5236654393350645e-12
5.5599583801423984e-12
5.148636328325417e-12
5.6155151078424686e-12
6.105672065508153e-12
7.658411079991761e-12
8.137862538325857e-12
7.788915169592282e-12
7.695853572252439e-12
7.605142262855437e-12
Acceptance rate: 0.3646666666666672
4.703826718933501e-12
4.9026936766765954e-12
4.600984291139729e-12
4.233390865313731e-12
4.049493194160116e-12
4.08219591283909e-12
4.688716986220742e-12
5.061260342167675e-12
5.017726355384771e-12
4.6795872034358694e-12
5.045926578194227e-12
5.364118829982045e-12
5.095717498226918e-12
5.091663176946612e-12
5.067001630036386e-12
5.395249215483592e-12
5.480000932538195e-12
6.007993210014035e-12
5.898144395728366e-12
6.081853962552959e-12
6.485301798353885e-12
6.7638241426423756e-12
6.7402041028962395e-12
6.5489107208230285e-12
7.576715056684813e-12
7.048375878410867e-12
6.9894285735093054e-12
6.58402109189493e-12
6.893588120210415e-12
6.999435344053365e-12
7.034677960208254e-12
7.695769611585098e-12
7.553035172558398e-12
7.769344803788501e-12
7.745176603868774e-12
8.039603432778012e-12
7.1618665282215535e-12
7.173882659930133e-12
6.88405363831891e-12
6.367152557805763e-12
6.173158446772206e-12
6.160692156943105e-12
5.312325999682152e-12
5.345690392896993e-12
6.2622401100490015e-12
6.977176684012422e-12
7.372033163722277e-12
7.613155379123791e-12
7.991149762311066e-12
7.261968370130779e-12
7.057591046411099e-12
6.765113286635914e-12
6.745073829330322e-12
6.48512807659881e-12
5.935688482473548e-12
5.922814014420961e-12
5.842228906828163e-12
6.049645275625056e-12
6.011585870489451e-12
6.654901332144844e-12
6.733662882050154e-12
6.719181277900989e-12
6.690988216173398e-12
6.116363940997105e-12
5.860850442373189e-12
5.975589005209582e-12
5.854770219850865e-12
5.691402568488018e-12
5.6703634308150874e-12
5.580517893935292e-12
5.587292084534688e-12
5.620863750791111e-12
5.680997805757394e-12
5.763160149151036e-12
5.247894537188979e-12
5.600822292046395e-12
5.448459303911442e-12
5.878443974249402e-12
5.6091236789112205e-12
5.746631201499732e-12
6.4117791385690884e-12
6.540255332422671e-12
6.4267877607550535e-12
5.689640031809703e-12
5.686325455965303e-12
5.640557583649608e-12
5.0537509044298786e-12
5.869072923263008e-12
6.136125374674365e-12
6.110614505209189e-12
6.194382577829246e-12
5.707351857208723e-12
5.193240733385208e-12
5.1806427535155535e-12
5.041045192201096e-12
5.0121374749930985e-12
5.040010940705375e-12
4.958506869427432e-12
5.026468450004089e-12
4.469953170437379e-12
Acceptance rate: 0.3578750000000002
2.79594947874855e-12
2.7778766740228428e-12
2.624775134644986e-12
2.7573234603135126e-12
3.1952379537360453e-12
3.7627189778297366e-12
3.91268907524956e-12
4.120126129214839e-12
3.740175909749484e-12
3.6255650694838664e-12
3.852689378446992e-12
3.864745961614193e-12
4.194465440940946e-12
4.34138568419256e-12
4.687815125269065e-12
4.739404140051836e-12
4.450849191404201e-12
4.373273559168841e-12
4.628223837993296e-12
4.6553003255487854e-12
4.799684911969726e-12
5.205298829712053e-12
5.153653615677601e-12
4.811514552354822e-12
4.942650264105271e-12
4.763739517530516e-12
4.608106204336009e-12
4.678373012483093e-12
4.52950532920909e-12
4.442459608155525e-12
4.549560621041705e-12
4.981623076875629e-12
6.018296446514723e-12
6.601822054411165e-12
6.679917330193868e-12
7.060281751373184e-12
6.760554594417582e-12
7.1844629572742925e-12
7.016492138822486e-12
6.8532492908567915e-12
6.840556691990056e-12
6.338289666091804e-12
5.8391447214954385e-12
5.877748996145781e-12
5.929382765032444e-12
6.423733680470993e-12
6.265413779595517e-12
6.024835947249427e-12
5.429404298405624e-12
5.524621242030286e-12
5.441211878462446e-12
5.837195725357389e-12
5.354123676569306e-12
5.381562351566583e-12
4.977291745091515e-12
5.380758940822238e-12
4.704783663000728e-12
4.606234511406192e-12
4.549626394408847e-12
4.8377934586793466e-12
5.017272810308302e-12
4.7892227693679066e-12
4.790133566042598e-12
4.625618759522249e-12
4.4940711378895e-12
4.150442151663617e-12
3.934013729452873e-12
3.6010915004951573e-12
3.5980084488591223e-12
3.6326244190931324e-12
3.761024137278648e-12
3.3757556225195944e-12
3.4695541522494877e-12
3.2926614882943602e-12
3.154337829844757e-12
2.9477210922829256e-12
2.6527447428373754e-12
2.903719856026534e-12
3.446501830927118e-12
3.652934037440367e-12
3.7230378963327306e-12
3.413478671852488e-12
3.734100782698266e-12
3.8793789096858736e-12
3.815500799230997e-12
4.26175125211254e-12
3.865848770181671e-12
3.942741641242973e-12
3.829073010175272e-12
3.636312832373251e-12
3.999398556103897e-12
3.942580834988856e-12
4.23244561265773e-12
3.949704267133865e-12
3.821707843930675e-12
4.1464551353291494e-12
4.314266654103899e-12
4.426464129062239e-12
4.715644460083497e-12
5.0080376472290665e-12
Acceptance rate: 0.3536000000000006
3.2201653086698498e-12
3.2359685624060346e-12
3.195658555387088e-12
3.247362035441821e-12
3.376174933870195e-12
3.2439169189415786e-12
3.288728605699375e-12
3.178944917870048e-12
2.8978180976038326e-12
2.7259349822767946e-12
2.6412634815292035e-12
2.4397259241433263e-12
2.349204747512711e-12
2.359139350852311e-12
2.498192596118668e-12
2.4408683421765986e-12
2.736076885796102e-12
2.975937090904705e-12
2.7843722673594832e-12
2.8123749192715756e-12
3.1864432667209086e-12
3.1702563140199934e-12
3.5030629607005933e-12
3.5021443969694073e-12
3.709966279790118e-12
3.3447482420672596e-12
3.3206969480530737e-12
3.38184531329418e-12
3.4140105782621376e-12
3.295702478003859e-12
3.451768815825728e-12
3.365046473927747e-12
3.638878386360409e-12
3.5978691198078586e-12
3.913934254991807e-12
4.1638359076272105e-12
4.226410481262676e-12
4.445091496376289e-12
4.240942650956991e-12
4.32825124649686e-12
4.65476880040288e-12
5.224372160045179e-12
4.819536429823159e-12
5.03147344963695e-12
5.684705833362865e-12
5.738382372996529e-12
5.650067059546915e-12
5.311151950641863e-12
5.194890483214215e-12
6.059660271865147e-12
6.160821912405305e-12
6.8091805585922415e-12
7.288973572877767e-12
7.06409941979746e-12
6.468702770755659e-12
6.543819177588879e-12
6.928573855879097e-12
7.439118987306359e-12
7.634245738893886e-12
7.410688245369827e-12
7.331016604918205e-12
6.911866956103397e-12
7.011458438146073e-12
6.553067269532415e-12
6.469988195736593e-12
5.9377379593996674e-12
5.879424416330435e-12
6.386174079104548e-12
6.940658797773249e-12
6.953852792226125e-12
7.432410625123284e-12
9.225969968862041e-12
1.0616415601158685e-11
1.1064817374966942e-11
9.957467825963759e-12
9.94960686788985e-12
9.771909560396532e-12
9.085463997139348e-12
8.208463481442079e-12
7.98389459965798e-12
9.142584407064099e-12
9.242245193652015e-12
7.904544712109643e-12
7.975689349325319e-12
7.690551482274342e-12
7.283453706798466e-12
7.375475965162499e-12
7.186889756488167e-12
7.174890637845169e-12
6.7811910578755615e-12
6.470840870285921e-12
6.437986267881023e-12
6.740605404574792e-12
6.609584952914562e-12
6.247561766039251e-12
6.036575089521843e-12
5.828459248938362e-12
6.277198527674268e-12
6.5279946284703124e-12
6.961002490237238e-12
Acceptance rate: 0.3485000000000003
4.503891261201862e-12
4.8052587682284795e-12
4.903898458622349e-12
4.782037077668576e-12
4.632159767613087e-12
4.327990542132212e-12
4.27799301020898e-12
4.463304273370024e-12
4.460278384209322e-12
4.567172839648388e-12
4.479437458900679e-12
4.0847538617553276e-12
3.9743058337826744e-12
3.80197585647271e-12
3.998233009676819e-12
4.003043723355228e-12
3.915520711936341e-12
4.079812274699849e-12
4.027018339530362e-12
4.645067329553452e-12
4.908147814339605e-12
4.865998260621101e-12
4.89947075489578e-12
5.164168497734242e-12
5.409431363260272e-12
5.117000306221357e-12
5.280102036263264e-12
5.303946404579436e-12
5.199675079732182e-12
5.2480199659368806e-12
4.59518571535999e-12
5.0426844343310915e-12
4.9698636457616845e-12
5.144395227085445e-12
5.0773823643345736e-12
5.654205912480519e-12
5.744036086266143e-12
5.884715891690201e-12
6.058478454632209e-12
6.469348768102293e-12
6.039997968539028e-12
5.768600118769809e-12
6.08666229617657e-12
5.9661938263867374e-12
6.4744087516342296e-12
7.589187625998569e-12
7.46120152642235e-12
7.53262847916626e-12
8.865978863072426e-12
8.820625969189462e-12
9.366604276160017e-12
1.02561281284461e-11
1.1110151409316606e-11
1.0452780879468154e-11
1.0605605124113298e-11
1.0903075519133868e-11
1.0409612412660904e-11
9.50921532350886e-12
8.530893365725719e-12
7.934034171965669e-12
8.073297071122843e-12
9.426468662171947e-12
8.919584668304614e-12
8.3966962925555e-12
8.963768900793337e-12
9.041543495027169e-12
8.186894527992047e-12
7.830820041875054e-12
7.478358773933778e-12
7.510145061141346e-12
7.36354240899095e-12
7.390348087258188e-12
7.355490834685508e-12
7.35811635524694e-12
7.13000422296148e-12
6.558074263447815e-12
6.299156097401366e-12
6.221036393513816e-12
5.8297201942192645e-12
5.267030927720729e-12
5.059064535738424e-12
4.799673377503614e-12
4.707153337513965e-12
4.484553056275849e-12
4.190003424885828e-12
4.075046754217573e-12
4.344661265523118e-12
4.30971098114751e-12
4.2428115632844365e-12
4.619808831770768e-12
4.406070351932037e-12
4.067203314536534e-12
3.969945329157803e-12
3.801224104848122e-12
3.745091398736388e-12
3.468985360528527e-12
3.3612928193489647e-12
3.24277182438442e-12
3.545650841128841e-12
3.4244364819574027e-12
Acceptance rate: 0.3512857142857145
2.174146393015256e-12
2.131858040119807e-12
2.2795622671157657e-12
2.402564276911081e-12
2.804497890424501e-12
3.1195825064894263e-12
3.5895741127536423e-12
3.784010731778227e-12
3.8767447160932425e-12
3.85213588207485e-12
4.032014607567763e-12
4.707949864539528e-12
4.680341510795857e-12
4.530242319234777e-12
4.729891740627536e-12
5.0257255185657195e-12
5.15571266040062e-12
4.857260169774779e-12
5.0124473304330545e-12
5.01880103395996e-12
5.384446058226077e-12
5.182024652348304e-12
5.243675082982165e-12
5.2092944934131936e-12
5.3753431783581726e-12
5.707906009211342e-12
5.846340068251485e-12
5.696805598792733e-12
5.370331752620812e-12
6.241232990429788e-12
6.334840043409965e-12
6.237285455363167e-12
6.046244442203112e-12
5.605231238834087e-12
5.3280979260240875e-12
5.609007165909321e-12
5.867246289580136e-12
5.659995301693719e-12
5.552618078841182e-12
5.793824167030538e-12
5.858547414846679e-12
6.1850707718200185e-12
5.953989994075118e-12
5.802158798384898e-12
6.111720427431634e-12
6.022122590813653e-12
5.898784307818204e-12
6.0928826459460275e-12
5.703795711767184e-12
5.592804676653611e-12
5.6438578119404516e-12
6.122831453324455e-12
6.122334018127067e-12
6.790088004585568e-12
7.014723847020649e-12
7.378185541430616e-12
7.63531340859765e-12
7.389419518513521e-12
7.189991560079635e-12
6.605363499180468e-12
6.413407144846038e-12
6.172549212961853e-12
5.937208258099651e-12
5.870933505491472e-12
5.739171768791603e-12
5.419361428237804e-12
5.533389330952126e-12
5.4926330694594424e-12
5.80828319917501e-12
5.179003735860215e-12
5.4682229889410015e-12
5.28779050414051e-12
5.1533612644560286e-12
5.412194707850085e-12
5.937730731653961e-12
6.134413960598724e-12
6.997202073324791e-12
7.097737106840118e-12
7.451262591690136e-12
7.322090568971796e-12
7.379779161570156e-12
9.018981746063514e-12
9.01090603313408e-12
8.105574958852496e-12
7.256979336753251e-12
8.31694722539765e-12
8.989533075703114e-12
8.052381200593448e-12
8.241499079747224e-12
8.499751143030056e-12
8.93303218636789e-12
9.54303356226729e-12
9.75261403173591e-12
9.599885225963953e-12
1.0065623661493976e-11
9.671504357936022e-12
9.673067243134607e-12
9.844908975449751e-12
1.0205927646069677e-11
9.808950104762238e-12
Acceptance rate: 0.3488125000000001
Sampling time (10 samples): 4227.2201 seconds
