/scratch/users/yanlan/TroubleShooting/Weights/Output/AM_PM_ET_205_370_00
1.0705130416379811e-06
5.929450591098646e-07
3.253221404757574e-07
2.0050574719451918e-07
1.224840101717901e-07
7.29749873322375e-08
4.805210711697122e-08
2.9118161325403666e-08
1.8615096535211243e-08
1.291620878708998e-08
8.781967716833119e-09
6.21133526751752e-09
4.559208060662593e-09
3.2177874171963768e-09
2.41861204535545e-09
1.7941128964959376e-09
1.362967879015143e-09
9.999199330574247e-10
8.252584655447798e-10
6.618034135138824e-10
5.217507559590755e-10
4.169775392413911e-10
3.3245302447874165e-10
2.803891880747742e-10
2.2878259387550895e-10
2.071929324945626e-10
1.7932089870517273e-10
1.5590768049928628e-10
1.2506815346546185e-10
1.0696666588404655e-10
9.040919229138593e-11
8.321745432523087e-11
7.740370438665965e-11
6.904100882841961e-11
5.849616417960568e-11
4.837124622344618e-11
4.2892502046532525e-11
4.2820141900218817e-11
3.8617718147567133e-11
3.5695193626755203e-11
3.566634548896142e-11
3.1573008635824235e-11
2.6019995378843248e-11
2.2155486288689652e-11
2.1306195261783922e-11
2.0505582981954197e-11
2.2450389248063923e-11
2.2383915104877176e-11
1.9407962938154405e-11
1.8343075443123497e-11
1.7915247794122566e-11
1.6308617638827376e-11
1.6579074148099765e-11
1.4520807951049981e-11
1.3028092140886896e-11
1.2633408165249886e-11
1.3079970992623198e-11
1.2149279912492706e-11
1.1685613084251437e-11
1.130053569576903e-11
1.089759479940033e-11
1.0116226279811764e-11
9.611218630340163e-12
9.335950354200774e-12
8.872431658396291e-12
8.555558067962891e-12
7.97126807636527e-12
8.928936701172975e-12
9.464529750645837e-12
1.0270886869989485e-11
1.036921335425092e-11
1.1308297323043658e-11
1.0355299924547439e-11
1.0094804008429237e-11
9.145033783217484e-12
8.991983627394594e-12
8.533982382874906e-12
8.218039059508471e-12
8.320413474032435e-12
8.64263127216539e-12
9.431752743664933e-12
9.909048826450421e-12
1.0406407492876272e-11
1.0485861184364673e-11
1.0673045918970065e-11
1.0144669082678486e-11
1.0506411101591662e-11
1.0061102643182066e-11
9.758363295061773e-12
1.0059403872040173e-11
1.0494079847447988e-11
9.705485776592853e-12
1.0130446998622285e-11
9.161670498772332e-12
7.996205820306746e-12
7.80490416715191e-12
7.210824426720516e-12
6.897071927880481e-12
6.63249586704299e-12
6.730633670992479e-12
Acceptance rate: 0.4154999999999998
4.0221298718486885e-12
4.202014162807929e-12
5.215005414005795e-12
5.536407841278275e-12
5.602844828457494e-12
5.530012296287685e-12
5.590202454012825e-12
5.47905799996944e-12
5.09867921647442e-12
5.57531325056115e-12
6.11283683520946e-12
6.308727658362972e-12
6.065633716856712e-12
5.948361787628259e-12
5.66199269768681e-12
5.039502363372002e-12
5.115347973130786e-12
4.988209806152424e-12
4.710090868998621e-12
4.5625742048979525e-12
4.569206054320218e-12
4.628477149727425e-12
4.61057188100742e-12
4.710623389302692e-12
4.737469726173384e-12
4.242032907102685e-12
4.642194361309178e-12
4.674372530345865e-12
4.9746697224018904e-12
4.759226183877601e-12
5.941483145169382e-12
5.8412127944140525e-12
5.720442017334732e-12
6.6329979266432195e-12
6.4050137423604645e-12
5.386423916079123e-12
5.011580745673395e-12
4.8771847351351875e-12
4.866250674215581e-12
5.130502947795799e-12
5.622708857919769e-12
5.879123401707554e-12
5.8537803272378676e-12
6.2600495542353206e-12
5.751756131448984e-12
5.3104245106769316e-12
5.49852699175967e-12
5.255696148906212e-12
5.787010762325547e-12
6.461333523755965e-12
6.289164757268841e-12
6.907258884167809e-12
6.5432021084690065e-12
5.45311999457309e-12
5.516260186086049e-12
4.73441090972856e-12
5.330266800731904e-12
5.868746426688404e-12
5.914314273411185e-12
5.551078004562576e-12
4.945179040489933e-12
4.431408165177909e-12
4.3539118231638055e-12
3.815114655004423e-12
3.7591116465441746e-12
3.629062946938869e-12
3.413756631894354e-12
3.442678169216835e-12
3.5207033726563522e-12
3.5254652920192387e-12
3.692060838229477e-12
3.4707744742942553e-12
3.0965492257350596e-12
3.706284752536856e-12
3.589917441765708e-12
3.3720957704142974e-12
3.1574950941707054e-12
3.272883451824147e-12
3.984255836167005e-12
4.6123856839996385e-12
4.896215713848818e-12
5.092103145711946e-12
5.0579541582513155e-12
5.445717435665492e-12
5.264776101400131e-12
4.6813433926045775e-12
4.275767159755001e-12
4.3191163933745044e-12
3.650141220807415e-12
3.5691447310590053e-12
3.5321493021008583e-12
3.7482427727947544e-12
3.675851050860013e-12
4.295593041571608e-12
4.311586466030015e-12
4.26814678417489e-12
4.394848684018935e-12
4.183960052435513e-12
4.2515598601667586e-12
4.53537297129578e-12
Acceptance rate: 0.389
2.786624274129216e-12
2.6239263301579623e-12
2.68755517932173e-12
2.632641917740408e-12
2.7849325792333692e-12
3.3693030419613525e-12
3.718285221523269e-12
3.737310230341433e-12
4.678992430868803e-12
4.9636419198023035e-12
5.313467782396175e-12
5.285015823063376e-12
5.247460837317568e-12
5.7951899282962154e-12
5.73048355496812e-12
5.224637627756834e-12
4.886989271484266e-12
5.7990480446106995e-12
5.5977157182867565e-12
5.359449356707104e-12
5.7200360068380594e-12
4.999421827088129e-12
5.141117131065908e-12
5.156941993507949e-12
5.124803264823288e-12
4.520534133792269e-12
4.677060298268754e-12
4.47755618286596e-12
5.5124313023922024e-12
4.867483560311596e-12
4.432713797065538e-12
4.298278505769499e-12
4.080373636590748e-12
3.852278527231097e-12
3.636474240996634e-12
3.5773965572073855e-12
3.4902985413130314e-12
3.80819282958866e-12
3.670164571671834e-12
3.558931818803513e-12
3.779866254408808e-12
4.546895534922231e-12
4.309929985531216e-12
4.4954457691690465e-12
5.484329205311691e-12
6.335066536396195e-12
5.978669782537128e-12
5.683293996495961e-12
5.6721477213230656e-12
6.199689533610504e-12
5.947512503433583e-12
6.042123207259413e-12
5.667531042573837e-12
5.867203619842887e-12
6.950322583666135e-12
6.980693853697369e-12
7.81917062486695e-12
7.52970962952969e-12
7.349615373535749e-12
8.288359418452234e-12
8.787629689481044e-12
8.968628498571804e-12
8.052617398118619e-12
7.65752629047657e-12
6.823342762894721e-12
7.29064515461901e-12
7.158361295931995e-12
6.958782980023054e-12
7.500462145651869e-12
8.288014295210027e-12
8.2551538643682e-12
7.70915442950395e-12
8.064103565868479e-12
8.003489705768735e-12
7.290478485157817e-12
6.939112121107299e-12
7.490131142195223e-12
6.82114314535347e-12
6.930054288461583e-12
6.7644991171479044e-12
6.237323801588413e-12
6.122870070639735e-12
6.005431839415986e-12
6.336077495456837e-12
6.104905879235489e-12
6.357958826337573e-12
6.101266044719371e-12
6.013118445635515e-12
5.760953784427569e-12
5.758041649282322e-12
5.7349109724989455e-12
5.965434215675705e-12
6.077494633906336e-12
5.7197256934919334e-12
5.765822851236579e-12
6.1505253484813156e-12
6.4848969178061106e-12
6.065608196135861e-12
6.1677537517906946e-12
6.070277668949208e-12
Acceptance rate: 0.36966666666666725
3.7762662990008106e-12
3.8151756631116365e-12
3.980793393032721e-12
3.7603281268764945e-12
3.818405246200707e-12
3.68046915890549e-12
4.2102670180234584e-12
4.265731477355811e-12
4.3453599326504836e-12
4.279345359076413e-12
4.087456830097935e-12
4.08700318575945e-12
4.0065517520770884e-12
4.241973989696512e-12
4.272916438353971e-12
4.379795744975374e-12
4.813950257105635e-12
4.869088490481774e-12
4.9026819107198804e-12
4.593340862131698e-12
4.4205360301780684e-12
4.475771352572333e-12
4.708727407817839e-12
4.966169193714307e-12
5.907520229654541e-12
5.509520282471144e-12
5.212775738111286e-12
4.7346660703762904e-12
4.237154471570512e-12
4.103821278319451e-12
3.936818875376271e-12
4.106534620703267e-12
4.085058001410189e-12
3.8009677431122904e-12
3.691445536220625e-12
3.953389372107276e-12
3.8766175342889615e-12
4.331857429779587e-12
4.320097249179541e-12
4.201707483742345e-12
3.776639471636554e-12
3.48537963242282e-12
3.4536472560877415e-12
3.4003358411877316e-12
3.371053855176435e-12
3.673494231537393e-12
3.799817505747272e-12
3.822941640523865e-12
4.255983438723878e-12
4.370466574277415e-12
4.6519076400531596e-12
4.660993056457356e-12
5.2131129740073416e-12
5.874544467880593e-12
5.957644445676841e-12
5.8558477540848895e-12
6.065946397421086e-12
6.025859494661779e-12
5.768910983422063e-12
6.0390340173265176e-12
5.9421528351056265e-12
5.450463085681078e-12
5.835993124839122e-12
5.350017241280813e-12
5.918715581113551e-12
6.55575947440854e-12
6.685909063886729e-12
6.349480572101279e-12
6.353426919802884e-12
6.1160046086080805e-12
5.708588452677232e-12
5.472525593086342e-12
5.798556008795337e-12
5.768847294166867e-12
5.8571576166027325e-12
6.145019291872766e-12
6.53798657716477e-12
5.826377104180953e-12
6.46607128180357e-12
5.513502844350133e-12
5.712491165582292e-12
5.749044702657361e-12
5.699507305836049e-12
5.642017155045857e-12
5.407304289345027e-12
5.54480994026039e-12
5.4215391105960655e-12
6.494981635174559e-12
6.419709046746002e-12
6.2792871351295055e-12
6.073925210645564e-12
5.754530883106998e-12
5.6718547935115576e-12
5.874595458097204e-12
5.368952488289567e-12
5.201570090733752e-12
5.212891364896543e-12
5.050118834031946e-12
5.443322740230042e-12
5.858029152613958e-12
Acceptance rate: 0.3675000000000001
3.720063021813352e-12
3.422597176796554e-12
3.2917576324793513e-12
3.3349690156405165e-12
3.2833577787460362e-12
3.60778586955494e-12
3.360577897930632e-12
3.2353250345130242e-12
3.304768644821987e-12
3.8169048457820005e-12
3.996229184435259e-12
4.0275482801501125e-12
4.0044589948691694e-12
4.152284807323967e-12
4.166915556819546e-12
3.915686555342176e-12
4.165907718242488e-12
4.603510600770707e-12
4.040021870595209e-12
4.028099406664571e-12
4.288777301255104e-12
3.99765887751554e-12
4.176277982362162e-12
4.51800666910345e-12
4.237383809907141e-12
4.351345094782047e-12
4.031316359241654e-12
3.6108060415915776e-12
4.454573762294015e-12
4.954773336746756e-12
4.547443997976436e-12
4.623883300099941e-12
4.323462288735388e-12
4.2890184109881406e-12
4.430519042099072e-12
4.564787775544606e-12
4.468646056149259e-12
4.372070241230324e-12
4.57625799286395e-12
4.135714656440022e-12
4.0054624209921536e-12
4.654395469761729e-12
5.147754716529005e-12
5.130491068183484e-12
5.4011560640185704e-12
4.946186125518241e-12
4.808268587054051e-12
4.2895233411723875e-12
4.605942194315481e-12
4.511743483234517e-12
4.515029104904719e-12
4.318262334565754e-12
4.5937645731796855e-12
4.382786876742851e-12
4.413613872551558e-12
4.0616098200044515e-12
3.6618116691213274e-12
4.2966156294760724e-12
4.441111120663644e-12
4.812933191597159e-12
4.866103513167693e-12
4.286855315655845e-12
4.560168274678145e-12
4.4669816532740214e-12
4.811126226983034e-12
5.023131511430236e-12
5.312844110517433e-12
5.492238762700948e-12
5.11593019499577e-12
5.114924134345172e-12
5.378962233262186e-12
5.1909916723767954e-12
5.827892326627966e-12
5.2494230284105806e-12
4.7871842015282414e-12
4.539570215056176e-12
4.756730427885364e-12
5.184725777837718e-12
4.964894107609183e-12
4.923783166240945e-12
4.403567235602484e-12
4.516776764846371e-12
4.1240609919261125e-12
4.4299001256343134e-12
4.692668700679994e-12
4.656423991245527e-12
4.293769014849073e-12
4.384716604286189e-12
4.548893590041372e-12
4.565693393555132e-12
4.4602952110994786e-12
4.367936336448478e-12
4.493139636876592e-12
4.372646783048426e-12
4.475351535140175e-12
4.072173703082014e-12
4.102657863957374e-12
3.967785485762555e-12
3.949297904261759e-12
3.958634072413379e-12
Acceptance rate: 0.3708000000000003
2.5606147648568717e-12
2.5648165762485217e-12
2.94461075620062e-12
3.061152687451294e-12
3.4369148838717965e-12
3.262308699919188e-12
3.2416230500182394e-12
3.649115337974682e-12
3.9710524255906565e-12
4.0059322058125894e-12
3.99746829618557e-12
4.27569755740704e-12
4.210801716585754e-12
3.8461307810293194e-12
3.905219684327154e-12
3.892747791691697e-12
3.93549229793013e-12
3.892725207411515e-12
4.012946563370872e-12
4.355454782168841e-12
4.8171086557483114e-12
4.969561523079756e-12
4.849298483697222e-12
5.384340137438208e-12
5.183682128347498e-12
5.046280163929691e-12
4.8632985020591e-12
4.934690453881743e-12
5.223710804658647e-12
5.109694197694992e-12
4.947671601188996e-12
4.745751956064871e-12
4.5151459033854994e-12
4.619353414587189e-12
4.309885442216234e-12
3.98828095090252e-12
4.21628232292637e-12
4.4316457937563555e-12
4.685362447875926e-12
4.089108472316663e-12
4.0676842056769594e-12
4.155679322293589e-12
4.368908832973806e-12
4.902038605855727e-12
4.689279570222991e-12
4.859363243512415e-12
4.560659001253559e-12
4.392103962964668e-12
5.273769094787844e-12
5.415134955490046e-12
5.289024696391512e-12
5.780361083080575e-12
6.031402739067984e-12
6.439925645875577e-12
6.4772881078754774e-12
6.775181354430499e-12
6.479543869287828e-12
7.309158034585293e-12
7.54199581849428e-12
7.754506967354994e-12
8.064672900712902e-12
8.869015398618015e-12
9.01205654261002e-12
8.66109885786147e-12
8.53283954346567e-12
7.967695346235314e-12
7.626622843341846e-12
7.601845815329347e-12
7.29198357821711e-12
7.266693455209726e-12
7.314976410520797e-12
7.0982197394365125e-12
7.168581036148796e-12
7.855150017378675e-12
7.86870009936156e-12
8.520602181216625e-12
9.195925603477784e-12
9.281506542393058e-12
9.045465013476829e-12
1.0054731120442784e-11
1.020677320087223e-11
9.553477511274337e-12
8.733627212289279e-12
7.758604820110077e-12
7.427242011572098e-12
7.884949404364816e-12
7.454172427033051e-12
8.80748600595224e-12
9.28164627907588e-12
8.608676220184008e-12
8.97961672735216e-12
8.281942156611662e-12
7.711681647281164e-12
7.192903612909683e-12
7.216424191048889e-12
7.837468662886761e-12
8.370835067474937e-12
9.15564494806341e-12
8.785785258342082e-12
8.231892154925444e-12
Acceptance rate: 0.36375000000000024
5.34269005629964e-12
4.869785942632468e-12
4.628029133158311e-12
5.3935430396163325e-12
5.885680642489652e-12
5.461243734613571e-12
5.466452291567348e-12
5.426537492721231e-12
6.163674165916607e-12
6.302361754557477e-12
6.380240013728933e-12
6.522303304237437e-12
5.949534573966475e-12
6.4827934043015064e-12
6.282948506158776e-12
6.119004681485868e-12
5.333523520978046e-12
6.373865850961837e-12
6.951899976789273e-12
6.507017468193615e-12
7.073222849022973e-12
6.9429877309072926e-12
6.444313606516544e-12
7.219284107489215e-12
6.923250879989344e-12
6.4378071327602886e-12
7.198468057460074e-12
7.270661513613381e-12
6.91000829694184e-12
6.625237901599826e-12
7.040076406261747e-12
7.232484256345315e-12
8.453525391219919e-12
8.454076611904236e-12
9.226906609618591e-12
9.822215158304833e-12
9.186077145406272e-12
8.584453202849865e-12
8.191208230926534e-12
7.998135897194953e-12
8.270334552839317e-12
7.937043838369458e-12
7.782973238078736e-12
7.1526816840283875e-12
6.72920137701481e-12
7.123664501296386e-12
7.404087366826171e-12
7.088669339780206e-12
6.584701924420454e-12
7.115361914708872e-12
7.1246227178019534e-12
6.914014556580206e-12
7.34898932289891e-12
6.6904574564180474e-12
6.502149555491631e-12
6.684920348030133e-12
7.065603262422422e-12
6.9162865268828705e-12
6.358991461562671e-12
5.8534389545032835e-12
5.419564727905578e-12
5.168930418811678e-12
5.023764070031252e-12
5.049276524935109e-12
4.733088055740552e-12
5.218338747463465e-12
4.850433528151252e-12
5.1035609721341006e-12
4.707741098439266e-12
4.630991881359045e-12
5.066342747803577e-12
5.389883529157129e-12
5.701901668409269e-12
5.9973835340961195e-12
6.279715821162757e-12
6.6429192142744095e-12
6.9843469223147674e-12
6.625092456468365e-12
6.23677938723501e-12
6.393163489915897e-12
6.503573520370092e-12
6.661963475403383e-12
6.589887275507596e-12
7.060791673969342e-12
7.588322198437185e-12
7.886242892170045e-12
8.967510911036139e-12
9.047746349584292e-12
9.545807857726955e-12
9.133996688374902e-12
9.064353735922371e-12
8.43394311901211e-12
8.917950500322348e-12
9.618340236814494e-12
9.4091525816071e-12
9.80404609016393e-12
9.654782042302696e-12
9.796550272255676e-12
9.235594671082409e-12
9.112740732674224e-12
Acceptance rate: 0.36564285714285694
5.85210613762045e-12
5.608678241767142e-12
5.292758663891476e-12
5.0924563769453234e-12
4.6046564674836475e-12
4.622904989984299e-12
4.838466794096074e-12
5.898624851968313e-12
6.339654939590747e-12
6.469556331116597e-12
6.422320630134262e-12
6.816387951398204e-12
6.8907919376421614e-12
6.599573436649701e-12
6.940241566224408e-12
6.736466816077967e-12
7.198712647275212e-12
7.907497021995149e-12
8.069657862150151e-12
8.261800774262264e-12
7.722487997193472e-12
7.460694392568877e-12
7.139910789210349e-12
7.1856262087581756e-12
7.405974807530637e-12
7.307194685389843e-12
7.807899036506664e-12
8.325681661480807e-12
8.086689061074202e-12
7.442749963116373e-12
7.883545511684722e-12
8.648412669446196e-12
7.984721966160151e-12
7.537635544146215e-12
7.294267222130588e-12
7.55505493511951e-12
7.421103500570536e-12
8.019893464097562e-12
7.33447890612049e-12
7.431581438463258e-12
8.619481347691508e-12
8.871759241654858e-12
8.877340874874701e-12
8.893057751312595e-12
8.28361518383575e-12
7.905504900742666e-12
7.059644254980742e-12
7.31198738185518e-12
7.53524319630669e-12
7.699358713916431e-12
7.356582202209938e-12
7.834364496443724e-12
7.849562424415633e-12
7.63583570490764e-12
7.37868256426917e-12
7.1304209540555805e-12
7.103224635410321e-12
7.172437740529442e-12
6.71037401036603e-12
7.087481200940696e-12
7.2631132097195975e-12
7.652026567650809e-12
7.046521244451402e-12
6.561299176864373e-12
6.153726167448743e-12
6.065199018499905e-12
5.860042884281541e-12
6.011269000435562e-12
5.9420295372691835e-12
6.003969820543443e-12
6.176711716197538e-12
6.213772623850323e-12
5.875572941741101e-12
5.69230199023518e-12
5.672343362242514e-12
5.868606379486255e-12
5.846970861691978e-12
5.267920702824482e-12
5.5075933194460394e-12
5.126702985149188e-12
4.734380205518824e-12
4.191564807079593e-12
4.947118924895203e-12
4.989394335445199e-12
5.6303780323612105e-12
5.763566128292415e-12
5.606731563999154e-12
5.537774757739175e-12
5.6927323773123865e-12
5.56844682703776e-12
5.527742900857645e-12
5.870178821578503e-12
5.723060517267966e-12
5.688540701954478e-12
6.882787180058144e-12
7.445542575106765e-12
6.830913507587678e-12
6.619511757807711e-12
7.423445483944506e-12
7.656594409981893e-12
Acceptance rate: 0.36500000000000005
Sampling time (10 samples): 4454.6029 seconds
