/scratch/users/yanlan/TroubleShooting/Weights/Output/AM_PM_ET_215_367_00
1.0667258542544193e-06
5.685753849637218e-07
3.1283143730041824e-07
1.9676149520501243e-07
1.1889627720310938e-07
7.770302724790609e-08
4.883544987209667e-08
3.160458947142168e-08
1.9931310351048068e-08
1.327747077418331e-08
9.337112075844237e-09
6.8627274135334755e-09
5.3747525303747444e-09
3.933552331837531e-09
2.927085775826741e-09
2.226118036822796e-09
1.6182330341813074e-09
1.3044166344803603e-09
1.0042620003921577e-09
7.40109229873946e-10
5.894366260546035e-10
4.777772619422497e-10
4.1908123139192413e-10
3.784959556267497e-10
3.492960676953712e-10
2.757297982934799e-10
2.5019252797576997e-10
2.200250026064771e-10
1.9587588071343258e-10
1.6417459615557233e-10
1.460825469918624e-10
1.141657075315558e-10
1.1055057266671869e-10
8.997025958661462e-11
8.035404431062096e-11
6.383039708568148e-11
5.2454615745362574e-11
4.726269537775732e-11
4.1793920760608735e-11
3.927830102999591e-11
4.057796065572176e-11
3.963901253799306e-11
3.815920101268719e-11
3.489841304066864e-11
3.003446173489093e-11
2.6080435462281868e-11
2.779888990914996e-11
2.624686735416555e-11
2.433028144304948e-11
2.313784285701719e-11
2.0905998624198612e-11
1.8655041834871292e-11
1.7241506350336254e-11
1.6360156318355967e-11
1.602381955229842e-11
1.594397011556848e-11
1.643173353405474e-11
1.656896050537539e-11
1.4055332714023708e-11
1.2939328715207129e-11
1.1404527599337148e-11
1.0362760957398019e-11
9.921358752248189e-12
9.777003759142339e-12
8.806018076341932e-12
1.032523068633104e-11
1.0972905025475518e-11
1.1155780228531594e-11
1.1085935624235563e-11
1.0322695340350847e-11
9.68815366162674e-12
9.576675979311448e-12
8.435831006828794e-12
7.524210510548812e-12
8.239473165636381e-12
7.588018598810866e-12
8.216012809480688e-12
8.088732570745177e-12
7.245667062821721e-12
7.139776039865798e-12
6.745168356382627e-12
6.55414128994243e-12
6.916412436477109e-12
6.855500750983716e-12
6.730708055892059e-12
8.076922156358734e-12
8.774160296578763e-12
1.0122560176283192e-11
9.312899694265318e-12
8.297689391186079e-12
7.91408807810574e-12
7.230913002350331e-12
7.393649940750418e-12
7.498037911683335e-12
6.56284008970359e-12
6.517729786586194e-12
5.8882452144873335e-12
5.8211508261824855e-12
6.005431427267728e-12
6.186923777702545e-12
Acceptance rate: 0.35700000000000004
3.732440294329693e-12
3.918334677971792e-12
3.789968696268552e-12
4.0770742940653585e-12
3.853230351031702e-12
3.897174996894828e-12
4.006642534075226e-12
3.732293388175962e-12
3.743763848398668e-12
4.314371552524944e-12
3.894280886854354e-12
4.087421593699395e-12
4.23143270737657e-12
4.6250651423728356e-12
4.513255730452535e-12
4.202787984201625e-12
4.4025951774401936e-12
4.615793907825351e-12
4.697806597556072e-12
4.800114262867215e-12
4.845121802303581e-12
4.447043238667521e-12
4.002021395287581e-12
4.1648146788854545e-12
3.909456330276606e-12
4.15722726182194e-12
4.492779685989428e-12
5.14295122119492e-12
5.102149155488374e-12
5.3188124951299106e-12
5.8001345668246005e-12
6.003445127054441e-12
5.887877719863497e-12
5.80129681034993e-12
6.27885245757327e-12
6.1424042335841865e-12
5.723081786271642e-12
5.655334016970961e-12
5.5518088126508075e-12
5.862788225513387e-12
6.258635034992456e-12
7.0662698806209135e-12
7.205947288428098e-12
6.774715349563417e-12
6.248237995888886e-12
5.751182545627735e-12
5.847349452374245e-12
5.611731465349063e-12
5.716327475156055e-12
5.800808935146333e-12
5.8348201748233086e-12
5.578785647571325e-12
5.412535447623029e-12
5.136923232675643e-12
4.824275069519714e-12
4.451173707754858e-12
4.17070841833298e-12
4.1687436316792285e-12
3.8813877084786e-12
3.638714967825104e-12
3.5587837560377836e-12
3.4922531028833395e-12
3.2149932580987647e-12
2.938138131891511e-12
2.8974518913872745e-12
2.988526868645126e-12
2.9027462894027798e-12
2.5600092746794882e-12
2.4037656231202477e-12
2.2654525763591475e-12
2.522685512341014e-12
2.8383875786392265e-12
2.8208137075065264e-12
2.7016086981707275e-12
2.717264818112561e-12
2.925268242494929e-12
3.143894854014106e-12
3.0221539697937413e-12
3.0043677671181097e-12
3.1479621517871813e-12
3.0203738552444452e-12
2.8276213889269144e-12
2.7894194809532857e-12
2.5760574930945137e-12
2.5569494399626504e-12
2.640867075427961e-12
2.63728611191609e-12
2.684037844924896e-12
2.3852494182943556e-12
2.5888374392526748e-12
2.5951339173802197e-12
2.552173490054915e-12
2.694945783490057e-12
2.86735863152192e-12
2.8542875681547506e-12
2.832119341076375e-12
2.6528040203226548e-12
2.329441147947586e-12
2.549338102702071e-12
2.558214602456229e-12
Acceptance rate: 0.3387500000000004
1.5550058366245518e-12
1.55892961767053e-12
1.8928853614489275e-12
1.7775661251182402e-12
1.8809924120847346e-12
1.6798800384110756e-12
1.968283488684539e-12
1.9548378874528884e-12
2.068128277429403e-12
2.105726880490658e-12
2.270238566905908e-12
2.1607858062092443e-12
2.2011181118844313e-12
2.2701074170588977e-12
2.1866052471727914e-12
2.4126912738011817e-12
2.434925522090535e-12
2.348556427438688e-12
2.302790408002639e-12
2.3115268160163425e-12
2.3917878521332853e-12
2.047541228121264e-12
2.3243188202419986e-12
2.2321260984901824e-12
2.2545919877329123e-12
2.6211297414283207e-12
2.7514791739545873e-12
2.92822440704501e-12
2.961370505742689e-12
2.9132388177960606e-12
3.024110131724596e-12
2.9548157991154145e-12
2.833145966630931e-12
2.985660677288971e-12
2.8951540322183267e-12
3.0444472284153573e-12
2.950817141938672e-12
3.2588438667163832e-12
2.89564283358112e-12
2.7538371865214755e-12
3.2785251140994185e-12
3.513594566301106e-12
3.5053415800210435e-12
3.5651179650350716e-12
3.5352528812783856e-12
3.5050754604828014e-12
3.4813534041342752e-12
3.6900880001665046e-12
3.746387938706964e-12
3.722096230884016e-12
4.013260052501194e-12
3.748837860130805e-12
3.777661413636244e-12
3.3078138870808707e-12
3.34573104824957e-12
3.298764945376414e-12
3.3183669578715125e-12
3.301478423915641e-12
3.164991124947506e-12
2.8998411696452885e-12
2.6082297820100075e-12
2.637498057473223e-12
3.2093532057756736e-12
3.1309364608480205e-12
2.8456374547311214e-12
2.528126528144058e-12
2.9840554232816804e-12
2.867448022506148e-12
2.574233656427006e-12
2.412496310349631e-12
2.493392936907336e-12
2.3810161459561637e-12
2.5208269502724443e-12
2.8828026829134953e-12
3.017395642679619e-12
3.0012614680079272e-12
2.7759352226703178e-12
2.5447192419185275e-12
2.4338662724478286e-12
2.2831063879094523e-12
2.2421668783457143e-12
2.5061445321404204e-12
2.340988029795575e-12
2.3201422136710316e-12
2.232714247778429e-12
2.2298030638447556e-12
2.2813437663305557e-12
2.3659242943428057e-12
2.4680591240316516e-12
2.8227783763271205e-12
2.6766507437182878e-12
2.7418308582682295e-12
2.5382178949885776e-12
3.2507714564092e-12
3.2373441726754734e-12
3.3855087883667398e-12
3.4342931225888183e-12
3.108475404777731e-12
3.5873334460692844e-12
3.639688680051207e-12
Acceptance rate: 0.33716666666666695
2.293700966768912e-12
2.4795981698484034e-12
2.470398117132555e-12
2.4927403532986888e-12
2.6023324188735927e-12
2.5407693035615456e-12
2.6741464552346294e-12
2.7292003691961057e-12
2.4860148238881733e-12
2.269935794332544e-12
2.2148215192864374e-12
2.3060425828001383e-12
2.238554926105662e-12
2.1634726527868553e-12
2.0754576107944682e-12
2.150078556485911e-12
2.254118208912944e-12
2.3413969633390442e-12
2.396823399962727e-12
2.5802228809474493e-12
2.4698515411401825e-12
2.3754096512427505e-12
2.4739383772627062e-12
2.3565321133281967e-12
2.3775822946526354e-12
2.485877230716176e-12
2.5920000342817487e-12
2.9884423831950357e-12
2.9218566491606996e-12
3.0150061179888796e-12
3.483659905130071e-12
3.578918428148773e-12
3.3529354468587657e-12
3.189148660691404e-12
3.1124903760297223e-12
3.357656707314691e-12
3.1855374442964353e-12
3.0389761459379537e-12
2.719993536575722e-12
2.7373491678623508e-12
2.506663877455862e-12
2.628910448678727e-12
2.4922815552973943e-12
2.7554324051764578e-12
3.045657448043563e-12
3.005816297651045e-12
2.854115078568355e-12
2.9249277467734504e-12
3.046842316956535e-12
3.348392782709951e-12
3.8744766685930915e-12
3.709577165897708e-12
3.4498298106388957e-12
3.211620854044465e-12
3.0141217994712356e-12
2.97515702459306e-12
3.062539950099849e-12
2.8907918466456803e-12
2.7367617160437002e-12
3.309428313841006e-12
3.411353800184677e-12
3.72055746060146e-12
3.2903742482055927e-12
3.6261982453973044e-12
3.7172911255154705e-12
3.785281384202827e-12
3.5926306675667407e-12
4.095014355556031e-12
4.1336782487712935e-12
4.098140668335064e-12
4.33182281510263e-12
4.65190923499838e-12
4.739191479051527e-12
4.53622201694585e-12
4.643411367154742e-12
4.939478025411009e-12
4.693822559410274e-12
4.858588738114071e-12
4.724671104669177e-12
4.34205725377996e-12
4.3927951911799485e-12
4.6307226459803875e-12
4.875347936999861e-12
5.629479801721635e-12
5.605910089633121e-12
5.717127468410531e-12
5.8012798165177346e-12
5.791537702414134e-12
6.3012633379001766e-12
6.0188726398158994e-12
5.618170865568405e-12
5.3424397981096515e-12
5.502145834651185e-12
6.539808561863013e-12
6.540471193250862e-12
5.95006346684962e-12
6.303639260159272e-12
7.195423323964056e-12
7.2215064089310876e-12
7.400758239633587e-12
Acceptance rate: 0.3347500000000006
4.783559267455788e-12
4.7348582599421375e-12
4.8436518750804305e-12
4.407735764962579e-12
5.3677878553333795e-12
5.5676485465500425e-12
5.290662938003269e-12
5.091102389955914e-12
5.170149025361154e-12
5.446099424829577e-12
5.904051254494596e-12
5.602685256512465e-12
5.178176702557459e-12
4.805460263651136e-12
4.9743344141721294e-12
5.094627925109683e-12
5.060652533242494e-12
5.470611060775515e-12
5.1708185878189375e-12
5.1330468024871015e-12
4.960947914400047e-12
4.760016105860578e-12
4.316329511531871e-12
3.920650748652259e-12
3.586942294820603e-12
3.422693517847076e-12
3.822262901180592e-12
3.973956790522405e-12
3.993936550840527e-12
3.847353869723723e-12
3.5849237931136416e-12
3.791541691446558e-12
3.63295636476024e-12
3.733345396216347e-12
3.3289881696241545e-12
3.4480507549540417e-12
3.6280001940705804e-12
3.3414932991261075e-12
3.133753301601869e-12
2.915391651378002e-12
2.909196263882626e-12
2.80168416135866e-12
2.82408850145776e-12
2.7129971970932343e-12
2.593284379674233e-12
2.8206221021707454e-12
3.0832840755790592e-12
3.917527841227246e-12
4.110435047492833e-12
4.396654373281157e-12
4.625321686691681e-12
4.397936812469334e-12
4.2950703375642935e-12
4.57523645241818e-12
4.81496459126479e-12
4.8189661005705626e-12
5.577797825426409e-12
5.290095135977894e-12
5.671764190321032e-12
5.159414968596798e-12
4.797392471368089e-12
5.345246011985369e-12
5.733451448231174e-12
5.8504190878008e-12
5.7626136058042806e-12
5.595082151731084e-12
5.772713300020287e-12
5.274689893933899e-12
5.7788187063475456e-12
5.5614385262355095e-12
5.5288832098273306e-12
5.230332741808203e-12
5.715565675042618e-12
5.3869980243762275e-12
5.103937177367001e-12
5.391987701488775e-12
5.101624970253638e-12
4.72585426506816e-12
5.036116521718844e-12
5.702073808281167e-12
6.006896030801201e-12
6.2123475609965626e-12
6.6089902535924275e-12
6.432623942153271e-12
6.104415195111846e-12
6.339014842745292e-12
6.364391009256306e-12
6.281344741648201e-12
6.042878801073583e-12
6.0222436462896055e-12
5.789211685724183e-12
5.5583781043224805e-12
6.3608789298007e-12
6.435611975793799e-12
6.2048280692373595e-12
6.549525667853017e-12
6.702161763979579e-12
6.400317900201479e-12
6.199333626041163e-12
6.350969986765598e-12
Acceptance rate: 0.3410999999999996
4.14477087638521e-12
4.381777186527823e-12
5.06868115150588e-12
5.007946276176445e-12
4.866728149359966e-12
4.746604044428287e-12
4.756187179019503e-12
4.657203999363004e-12
4.3048250712194234e-12
4.306997764452204e-12
4.474532829704539e-12
4.156154260823571e-12
3.6913633191900846e-12
3.3426113905416813e-12
3.300182778981494e-12
3.4391197445569426e-12
3.354524588323443e-12
3.3317977777057287e-12
3.4918231203414373e-12
3.221985505304745e-12
3.4560821697885804e-12
3.6329874554919498e-12
3.44143330590927e-12
3.12821994313674e-12
3.3344527898462233e-12
3.2758562547814166e-12
3.387858314622965e-12
3.545811506469292e-12
3.397051568688424e-12
3.2765568442770464e-12
3.017225709542871e-12
3.370904083919908e-12
3.532574373837311e-12
3.5855546415539743e-12
3.333726682426813e-12
3.5859766447953086e-12
4.058420084040271e-12
3.7432086464515016e-12
3.688115754217692e-12
3.666888638553998e-12
3.846716710691284e-12
3.5445216995044123e-12
3.6260076057393346e-12
3.872169179358423e-12
4.191171007872192e-12
4.599482175470448e-12
4.660038765398128e-12
4.94763702950579e-12
5.069205632718139e-12
5.572966823460045e-12
5.712397872627851e-12
6.332605966907531e-12
7.112656817469497e-12
7.80773112472586e-12
7.379484939116227e-12
7.1230718760719895e-12
6.4630949331106764e-12
6.542642186828865e-12
6.784467467176571e-12
6.39871271338719e-12
5.991368947474734e-12
6.371823834364308e-12
6.967848913148539e-12
6.572597735236752e-12
6.518830166572734e-12
7.025661441739422e-12
7.128532612655466e-12
7.192223463672182e-12
7.172085669341585e-12
7.086694191031964e-12
7.321860962458424e-12
7.933280494349334e-12
7.976866460270787e-12
7.951851537876602e-12
8.232903080730824e-12
7.95379920275898e-12
7.332337505941568e-12
6.927145847621723e-12
7.323023288957091e-12
6.788042610914807e-12
6.675626107445677e-12
6.354696405972756e-12
5.778130977079156e-12
5.238360951978616e-12
5.135507111993187e-12
4.666501879106075e-12
4.6794470404565226e-12
4.945922009307706e-12
4.475052646563261e-12
4.865919338513336e-12
4.585377381422275e-12
4.720304374860903e-12
5.201012133744846e-12
5.3338691218701296e-12
5.071473076343962e-12
5.030884691607247e-12
4.698592240878156e-12
4.3114272424294e-12
3.7151525222168945e-12
3.421139939322797e-12
Acceptance rate: 0.3397500000000019
2.1739050588492565e-12
2.1111452662719646e-12
2.0204321592423545e-12
1.9480926597105838e-12
1.9473215106589455e-12
2.154471577085828e-12
2.2483082407128324e-12
2.6548837137867612e-12
2.679635541932026e-12
2.5988762089644412e-12
2.5200752889467494e-12
2.4254555335726045e-12
2.289951262147093e-12
2.3233455044765904e-12
2.4931615472083098e-12
2.6559455275000113e-12
2.7997671993403435e-12
2.6326061215076695e-12
2.6893554519817276e-12
2.4879965806676597e-12
2.4325499367259574e-12
2.6683841940351073e-12
2.8911650454042266e-12
2.829280955787649e-12
2.926158543802054e-12
2.774931920004962e-12
2.69706414535574e-12
2.738098941621569e-12
2.7060488918946377e-12
2.710784164499287e-12
2.6463718451242748e-12
2.785268510609841e-12
2.68927771861284e-12
2.8361451286376324e-12
3.037707753753512e-12
3.026149279343407e-12
3.414837066862551e-12
3.851190189296156e-12
3.819366667462303e-12
3.937417366708585e-12
4.05605154271782e-12
4.321356087459123e-12
4.829633823687089e-12
4.633902819923866e-12
4.252139090805347e-12
4.1276229869229755e-12
3.878839096435869e-12
3.88578852829681e-12
4.228872678904457e-12
4.646053014923662e-12
4.641406794203831e-12
4.652226956468875e-12
4.652766072744969e-12
4.679015679625528e-12
4.399819013052658e-12
4.383451417054775e-12
4.628614106757376e-12
4.957157512795118e-12
5.084071279371459e-12
4.98962948641121e-12
5.018747303498291e-12
5.36279587722489e-12
5.404694486681873e-12
5.4130717368914676e-12
4.9791966828475894e-12
4.712269627710903e-12
4.649625542865695e-12
4.7695041558557624e-12
4.885934917059782e-12
4.850654722430191e-12
5.656724203451286e-12
6.217833194698791e-12
6.84448676422824e-12
6.956394372728665e-12
7.941107128961538e-12
7.669528195859993e-12
8.230797293804642e-12
8.047594064945035e-12
8.074643520465277e-12
8.77130241093706e-12
8.903117215958638e-12
8.72971247721338e-12
9.024620512694225e-12
9.838030149205871e-12
1.0583653638219239e-11
1.1705698991358728e-11
1.188832704006494e-11
1.1025421503585165e-11
1.0697071944792899e-11
1.1263041954161697e-11
1.1956771559308427e-11
1.169392036973575e-11
1.1365430825938272e-11
1.0793287351114923e-11
1.0755273157423189e-11
1.1001008389741483e-11
1.2682230620272476e-11
1.1673961854685309e-11
1.1285013024808645e-11
1.0881029618907259e-11
Acceptance rate: 0.33714285714285896
7.129648831840106e-12
7.037821242714527e-12
6.818430246687961e-12
8.497593558877635e-12
8.713578900378717e-12
8.277904436339159e-12
7.867420384153827e-12
8.307489133834837e-12
7.915651148184888e-12
7.648826268698386e-12
7.143492739278505e-12
6.621750085829566e-12
6.409194913193212e-12
6.356643383836973e-12
6.019011504656873e-12
6.162632544802852e-12
6.241728252359255e-12
5.749754231692362e-12
5.409145242965791e-12
5.332025912882342e-12
5.575782690668646e-12
5.502671055853338e-12
5.374904528108309e-12
4.953604917103966e-12
5.244060532059207e-12
5.52114156403456e-12
5.597729102951576e-12
5.442131997134814e-12
5.324709445961121e-12
5.019702371600169e-12
5.506504670009009e-12
5.4349533691443585e-12
5.13912628124312e-12
4.7809569602858796e-12
4.720747528140861e-12
5.0809331098615285e-12
5.491491621789259e-12
5.559382172615721e-12
5.30179468866734e-12
5.530689468906697e-12
5.333401336303334e-12
5.115747966729086e-12
5.530582928662349e-12
6.388037686784809e-12
5.96267450337158e-12
6.031369884627693e-12
5.7383676337265315e-12
5.722643132572088e-12
5.903710508103738e-12
5.983523315277503e-12
5.661628207826127e-12
5.524578872752343e-12
5.903052176230121e-12
6.305244290320926e-12
5.704242689204549e-12
5.190758442945509e-12
4.750029082494268e-12
4.897456342481168e-12
4.608640563050659e-12
4.608281307999998e-12
4.318564697361132e-12
4.555393493677452e-12
4.950834556456739e-12
5.797803448962596e-12
5.953830168701309e-12
5.705548913986811e-12
5.571301118131577e-12
5.367178469747207e-12
5.194614280402877e-12
5.540320207575555e-12
5.299097681100445e-12
5.100640965422371e-12
5.200312060417274e-12
5.056869887568389e-12
5.2390246148254485e-12
5.510231199344741e-12
5.76285929251182e-12
5.773916354770207e-12
5.939973766987572e-12
7.099981124084851e-12
6.9202675225804795e-12
6.628353358190753e-12
6.312308482660998e-12
6.681851454707664e-12
6.49178754067342e-12
5.9684475201720475e-12
5.9553153215347876e-12
6.288182372599761e-12
6.181745307740353e-12
6.862309688997531e-12
6.43077509375639e-12
6.695247978450469e-12
7.007319870794254e-12
6.441269591684304e-12
6.0472132896391015e-12
6.06617242083793e-12
6.232271994475251e-12
5.8399263464012026e-12
6.9161566588144705e-12
7.498861904618483e-12
Acceptance rate: 0.3384375000000007
Sampling time (10 samples): 4226.4837 seconds
