/scratch/users/yanlan/TroubleShooting/Weights/Output/AM_PM_ET_210_363_00
1.07130916140661e-06
5.528094718680533e-07
3.113698478021314e-07
1.789932040301266e-07
1.1551232280052544e-07
7.695303066839127e-08
4.833012586200329e-08
3.294603633186571e-08
2.2627911107619418e-08
1.7465352558074253e-08
1.190126997363076e-08
9.193879120971777e-09
6.474610351683765e-09
5.005110991568573e-09
3.6535256552967164e-09
2.7256166267986853e-09
2.1313472752947046e-09
1.730390927417224e-09
1.2951556425780611e-09
9.655367790383662e-10
7.695659897478232e-10
6.053707134746034e-10
4.422152100248282e-10
3.879282445700766e-10
3.05474107663586e-10
2.743170201571398e-10
2.415136420649093e-10
2.013260044904472e-10
1.7563861542022627e-10
1.6493458212278554e-10
1.4433362240304602e-10
1.3227612151533134e-10
1.196287286596512e-10
9.539597083193416e-11
8.175020687239857e-11
7.0015039865484e-11
6.209870117376034e-11
5.620046726517561e-11
5.088078898134953e-11
4.614723852301865e-11
3.744534256865433e-11
3.810217547146682e-11
3.8399804911259555e-11
3.85919822454095e-11
3.855296587908266e-11
3.236338630320129e-11
3.126379643421714e-11
2.8457503324973572e-11
2.5312551850846454e-11
2.2953824991915143e-11
1.916159264313077e-11
2.0829878511545146e-11
1.7911773171376793e-11
1.936072280707311e-11
1.7678707847012078e-11
1.5918562519425528e-11
1.4276961447835886e-11
1.3979221958987721e-11
1.3688930047897856e-11
1.3273017843998501e-11
1.3440278789701868e-11
1.231921476006137e-11
1.3134006849735306e-11
1.2699859393644287e-11
1.227036703587572e-11
1.1802564284456597e-11
1.1211218552922064e-11
1.125390615536425e-11
1.1460880577833519e-11
1.0886973291608204e-11
1.0365384881922564e-11
1.0993468371209749e-11
9.727254272636282e-12
8.488982058162263e-12
8.958582814910157e-12
9.064004478959245e-12
9.855396487821777e-12
9.951777823004196e-12
9.348882017577914e-12
8.750612042829065e-12
9.187970153421144e-12
9.28036669424135e-12
8.39943634707695e-12
8.164240579173131e-12
8.166915812695695e-12
7.622380453147876e-12
6.813290070757537e-12
6.994409218231735e-12
6.3130397158440345e-12
6.085682495896397e-12
5.738585958666408e-12
4.9301712757385646e-12
4.9778033380518676e-12
4.3774140872753905e-12
4.413643421679973e-12
5.1540127795224785e-12
5.196323986582446e-12
5.307056740360459e-12
5.313040262432595e-12
5.687274991944557e-12
Acceptance rate: 0.39649999999999946
3.517615800951172e-12
3.802498570117183e-12
3.784821732701943e-12
3.939350032485718e-12
3.4872700583719543e-12
3.45312199882888e-12
3.380224004041576e-12
3.191452821217363e-12
3.5798773745721445e-12
3.4471783742420216e-12
4.022398936706599e-12
4.667390278176221e-12
4.412887897650788e-12
4.437048697702483e-12
5.284757428031924e-12
4.824714869231308e-12
4.628639882252725e-12
4.445072774356381e-12
4.0628537434946465e-12
3.679454317981324e-12
3.475872277974706e-12
3.891936120272821e-12
4.083216310853384e-12
4.422342785878441e-12
5.007847594415456e-12
5.220249743381641e-12
4.930818921270056e-12
4.6398517941841405e-12
4.665233145087024e-12
4.613797575009959e-12
5.039691475039477e-12
5.109158147000085e-12
4.771398246313153e-12
4.309394562760939e-12
4.270540707482681e-12
4.7291773112026326e-12
4.739368036969948e-12
4.728610079872942e-12
5.14648340349771e-12
6.080719612527601e-12
5.832558708851699e-12
5.11206179022857e-12
4.92699004679634e-12
4.9466716516743e-12
4.28700601082852e-12
4.160543363692338e-12
3.786848749670313e-12
4.603701392693026e-12
4.676878811775092e-12
4.5001484722609965e-12
4.152399019008948e-12
3.941071542614564e-12
4.037681046251028e-12
3.873774420334727e-12
3.5399583560120453e-12
3.332435862063991e-12
3.488558491140836e-12
3.947744688480914e-12
4.080995604882776e-12
3.9968085297169475e-12
3.751436852633921e-12
4.033447769698067e-12
3.86958691612301e-12
3.881686508578364e-12
3.832100828521491e-12
4.297749355200331e-12
4.554483025640807e-12
4.314775449825467e-12
4.400940333644773e-12
4.769615170653801e-12
6.245885502547898e-12
6.509500384023501e-12
6.345562993425583e-12
5.595117541798618e-12
5.1035001636059965e-12
4.811662578148384e-12
4.693167376962347e-12
4.7358726227091774e-12
4.6590189832509286e-12
4.441184984296565e-12
4.660379203207702e-12
4.7081070384284655e-12
4.584208330413137e-12
4.678804355677678e-12
4.671929218653607e-12
4.407079652403407e-12
4.3744975018516246e-12
4.24083952542777e-12
4.088101284522447e-12
3.6759271036526785e-12
4.137421599399009e-12
4.331365441495652e-12
4.739748178327514e-12
4.353337448904909e-12
4.468859850312805e-12
4.67990715657743e-12
4.812932969703682e-12
5.077484055648018e-12
5.3859233517100885e-12
5.608214534954752e-12
Acceptance rate: 0.3735000000000011
3.320311732420284e-12
3.0131895221358574e-12
3.076591797238926e-12
2.830682793737405e-12
2.7525658631014446e-12
2.664113729421221e-12
2.681512231365114e-12
3.3086044254868483e-12
3.2019820824149824e-12
3.0967796889765468e-12
3.056486255645946e-12
3.326421133974555e-12
3.167441901609774e-12
3.4212968595019883e-12
3.3049170255576158e-12
4.28722889963067e-12
4.373922953034639e-12
4.284655210903639e-12
4.4227431887328505e-12
4.538779239002534e-12
4.629298959985177e-12
4.73036566294653e-12
5.1076691717030755e-12
5.136778994022917e-12
4.87470298927114e-12
4.663007189761047e-12
4.8796661277102e-12
5.229480780894085e-12
5.256630206905173e-12
4.7544991828535e-12
4.5134028364115e-12
4.031535892309455e-12
4.8010793497524145e-12
4.892140975830631e-12
4.8187745253491125e-12
4.4114444117313236e-12
4.309735301689354e-12
4.643110438208627e-12
4.526359169304984e-12
5.019720167941678e-12
5.135226165876967e-12
4.590699515031135e-12
4.36354415433467e-12
3.8398239587788565e-12
3.298766224338836e-12
3.0702132380114726e-12
3.640947773434737e-12
3.4800330322167653e-12
3.289618179469824e-12
3.16130158342826e-12
3.117973940356113e-12
3.304553995485003e-12
3.0841500939330963e-12
3.5201994075830413e-12
3.226206339282075e-12
3.0226044864335447e-12
3.1447817630315525e-12
3.1905262392963374e-12
3.0687652476658184e-12
2.9865826235580035e-12
3.0084718403675778e-12
2.8310628825176306e-12
2.705950430044417e-12
2.586841395332312e-12
2.500178147115172e-12
2.3354274407875163e-12
2.451816436511686e-12
2.270140612925668e-12
2.3810575062512783e-12
2.6511256275254645e-12
2.65915367492509e-12
2.645281861546887e-12
2.7851901428108827e-12
2.9606937387623363e-12
2.8089439303362986e-12
3.189960218330549e-12
3.0000613542491024e-12
3.2471851325109482e-12
3.139434420992732e-12
2.9975089118094173e-12
3.0102221542288754e-12
2.7683509127041316e-12
2.7162787246731097e-12
2.4681178525363035e-12
2.4858813865989676e-12
2.6423704125374602e-12
3.1420429255228507e-12
3.0614160718951003e-12
3.042224028157452e-12
3.241309138517026e-12
3.3048550938245342e-12
3.2010041659735327e-12
3.119928706768584e-12
3.189220392128829e-12
3.312012590446827e-12
3.3175573496547756e-12
3.1338230824587403e-12
2.963779824713531e-12
2.7718673356559006e-12
2.759706352085994e-12
Acceptance rate: 0.37816666666666815
1.6990579623364437e-12
1.6230229196639172e-12
1.7355808675993171e-12
1.96300491244909e-12
2.0138239620300494e-12
2.0947141641151897e-12
2.0990693878920863e-12
2.176600816915583e-12
1.975013846872878e-12
2.089668372254499e-12
2.026355360737493e-12
2.4283023845047308e-12
2.7530254710123103e-12
3.1448329565227284e-12
3.2565575007648284e-12
3.3412338463808228e-12
3.4405864231729704e-12
3.5761419022701992e-12
3.620349379229492e-12
4.0117257175164415e-12
4.212857314889037e-12
3.9277652262997815e-12
3.835458912184154e-12
3.788537075608608e-12
4.07265273317471e-12
3.927756089633443e-12
4.23021787679423e-12
4.672798893786487e-12
5.4574607098779324e-12
5.662599021449782e-12
5.192809335809631e-12
5.2741424528608665e-12
5.017245215462552e-12
5.434578412463681e-12
5.520305043399297e-12
5.878018909577128e-12
5.547451262068759e-12
5.609470832945039e-12
6.057501279546587e-12
6.6751369166085e-12
7.116710948972575e-12
7.718583918105428e-12
8.140387777219696e-12
7.394466722575067e-12
7.178789091141806e-12
6.36416038954427e-12
6.799441419336243e-12
7.208862287847888e-12
6.440040281948238e-12
6.176329364177481e-12
5.801910889171103e-12
5.717923173401957e-12
5.5100631905825656e-12
6.007146285724746e-12
6.627251715282515e-12
6.5495839502478536e-12
6.324100491476791e-12
6.184075114998401e-12
6.693232124896979e-12
6.4557175014527885e-12
6.632411996728755e-12
6.957240399111521e-12
7.718602368548998e-12
8.005024871662958e-12
7.2537374921819145e-12
6.860594278732566e-12
7.90821006641397e-12
7.651679800665064e-12
7.185483590302618e-12
7.209800321874359e-12
7.573069879684666e-12
7.802840583192333e-12
7.900596986721719e-12
8.95941158732218e-12
8.88476790228552e-12
9.567116726390602e-12
9.940291772030239e-12
9.583854877211534e-12
9.57074156467672e-12
8.905809515050719e-12
9.334395765304376e-12
9.296240409632045e-12
8.944176579660323e-12
8.948982870955246e-12
8.716738551267185e-12
8.776796638113096e-12
1.0881114259239634e-11
1.0645365717904675e-11
9.511808169578854e-12
9.842337302012138e-12
1.0370919392316233e-11
1.0875463094240565e-11
1.1759788806609663e-11
1.1883947011169634e-11
1.0885110646435886e-11
1.0085510405814508e-11
9.988082671485574e-12
1.0324693557041103e-11
9.325438379059467e-12
8.633692915766063e-12
Acceptance rate: 0.36612500000000037
5.41260849313252e-12
5.485103568467835e-12
5.318633550214163e-12
6.467901717470625e-12
6.3473795834215465e-12
6.5041106514111005e-12
7.185195920520701e-12
7.1744121747578424e-12
7.382410881088446e-12
6.500012471441924e-12
6.370871891487056e-12
6.573745053508264e-12
6.813209787245878e-12
6.1232592524368925e-12
5.785929892945892e-12
5.9140479074642115e-12
5.9417109967952276e-12
6.8409226487879375e-12
7.319765958293645e-12
7.768384558407972e-12
7.504522933239667e-12
7.169865519585993e-12
6.715176702814862e-12
7.34313820751505e-12
7.252485788090053e-12
7.926237182322061e-12
8.905991386948666e-12
9.181596694789194e-12
9.554688716122105e-12
9.041209451005888e-12
8.979358222632266e-12
8.341590740941556e-12
8.073735569148577e-12
8.415208796759751e-12
8.36127292107161e-12
8.103091244141213e-12
7.900681813920552e-12
8.054575411428134e-12
7.940003258354338e-12
7.997219070501609e-12
8.831779070451085e-12
8.804421750088616e-12
9.182038434327519e-12
8.777264306751314e-12
8.618832507084078e-12
8.133436194559472e-12
8.250645262082448e-12
8.24217080724996e-12
8.260887705226364e-12
9.38766448446079e-12
9.974170880755575e-12
1.009167961969233e-11
1.0061225441555927e-11
8.630411404999827e-12
8.655149847648922e-12
8.835420737530543e-12
8.687895638140787e-12
8.833767113703518e-12
7.96621758360872e-12
8.183953421304405e-12
8.806767813475407e-12
8.403882167295553e-12
7.751816884152125e-12
7.304096980393722e-12
7.048051341349049e-12
6.75139820542046e-12
7.467448183077952e-12
7.508223956682268e-12
7.503683819729597e-12
7.296168849797e-12
7.203270241011631e-12
7.029131830186899e-12
7.205469968193045e-12
6.826884100222763e-12
7.085382245740925e-12
6.899316335307962e-12
6.362799201272343e-12
6.327549159119469e-12
6.493770160036614e-12
6.5044742150424794e-12
5.981602184082434e-12
5.638520544893413e-12
5.654346115673637e-12
5.720106942412338e-12
5.753712994763318e-12
5.592251843054261e-12
5.284161921697389e-12
5.403301240017355e-12
5.638819730146651e-12
5.377360014694479e-12
5.268004939571878e-12
5.520735397999889e-12
5.347402927320418e-12
5.883710966976369e-12
5.652830239580046e-12
5.292882755571962e-12
5.441374950932745e-12
5.294499735478222e-12
5.080524510660822e-12
4.898633575892999e-12
Acceptance rate: 0.3577000000000008
3.17899187679352e-12
3.4104529237470023e-12
3.451229067355692e-12
3.5053121585371317e-12
3.166576190944475e-12
3.152757790722898e-12
3.174344923264153e-12
3.5152941889815246e-12
3.5939239806750996e-12
4.0025789832619655e-12
3.912427950683482e-12
3.856128532303713e-12
3.755466783918009e-12
3.6694168997755664e-12
3.793814165506929e-12
4.176673848437751e-12
4.053388247051555e-12
4.420344417237458e-12
4.453068649275961e-12
4.115790891930262e-12
3.956246521955831e-12
4.037311152286589e-12
3.7344556834136076e-12
3.6258729494126843e-12
3.527226459679849e-12
4.034575337632688e-12
3.868260107171646e-12
3.721434638098039e-12
4.202990771349538e-12
4.019587392668058e-12
4.159479765100301e-12
4.330836340873959e-12
4.331348019373741e-12
4.315184665732539e-12
5.016993744238197e-12
5.033140672835595e-12
4.771378523465277e-12
4.316204134572097e-12
4.316293063251101e-12
4.269421680904134e-12
4.3973178709250515e-12
4.76641251022489e-12
4.465662558360441e-12
4.042239964502817e-12
3.8125132666928724e-12
3.886471366195901e-12
4.09778660851583e-12
3.826077179234763e-12
3.942030330995568e-12
3.8395571308849646e-12
3.5891774120968742e-12
3.4551828382703514e-12
4.104540211508728e-12
4.115607427567222e-12
4.368874642816791e-12
4.345414285612495e-12
4.195776156841459e-12
4.250320376839305e-12
4.392553947486768e-12
4.430466999065463e-12
3.964090312199845e-12
3.5978100092360115e-12
3.923058319549658e-12
4.147514144790943e-12
3.8358349565630184e-12
3.5028257156352317e-12
3.769215297459563e-12
3.744679028836549e-12
3.780822095410455e-12
3.5681664394559337e-12
3.2821950427944404e-12
3.2813870101705987e-12
3.3059094268666446e-12
3.22197947431441e-12
3.82092793016577e-12
3.9371056626957565e-12
4.334336618159408e-12
4.410105398125913e-12
4.397059082380405e-12
4.659054978518882e-12
5.113633156551789e-12
4.572730223211453e-12
4.693944359602133e-12
5.399874472634787e-12
5.350250713507413e-12
4.9298241254699844e-12
4.674988459173263e-12
4.889243667860505e-12
5.345087212397781e-12
5.512636593036411e-12
5.489254845755569e-12
6.321774570338554e-12
6.03232597753319e-12
6.216294670475695e-12
6.373156154332756e-12
6.105156790890547e-12
5.689642942845986e-12
5.646509316669886e-12
5.451769354963673e-12
5.7491918262342455e-12
Acceptance rate: 0.35683333333333545
3.7045072189190415e-12
3.860974792901528e-12
3.911213821217746e-12
3.959848768409147e-12
4.001856943836228e-12
4.2527926033880676e-12
4.680855542109059e-12
4.997656844431817e-12
5.492868922439215e-12
6.172022229014199e-12
6.22521982050271e-12
6.398242841477873e-12
6.125225201483112e-12
5.7199867908102055e-12
6.004600425050862e-12
6.070825465799529e-12
5.93346292896016e-12
6.557005073534128e-12
6.59538377446078e-12
6.0880161691754905e-12
6.4514258107809795e-12
6.152108929071564e-12
5.9498930282052545e-12
6.0898868416211566e-12
6.029156598252137e-12
6.205224371957023e-12
6.844515654499092e-12
6.476297650052811e-12
6.715969582539485e-12
7.0230145140540076e-12
6.368963139647697e-12
7.117659441583683e-12
6.8235477263013795e-12
6.56029317570551e-12
6.0699250543238986e-12
6.051911492585969e-12
5.464013181533898e-12
5.245112424586968e-12
5.0766408892724915e-12
5.090004260481795e-12
4.647028798796756e-12
4.46129554374456e-12
4.646365492050746e-12
4.98808822690562e-12
4.593365420162799e-12
3.96909188307199e-12
4.68621573887604e-12
4.6837056676781974e-12
4.736194013209192e-12
4.8034166972526976e-12
4.7749176872074655e-12
4.920045229602916e-12
4.917634230633009e-12
4.533752897223596e-12
4.281588357253056e-12
4.353582725521664e-12
4.365562106678889e-12
4.502010451704837e-12
4.5936239835581724e-12
4.2645179648332884e-12
4.002796165129842e-12
3.9349306777360906e-12
3.635308861893618e-12
3.57933099504682e-12
3.7634278460391884e-12
3.682246667701685e-12
3.427461927056068e-12
3.872180141880462e-12
3.5088682433254017e-12
3.5426537066909046e-12
3.834509719604519e-12
4.378221688582776e-12
4.240202793114986e-12
4.1253873912293185e-12
3.873687088962098e-12
3.659140645963882e-12
3.952531292525899e-12
4.12215703290056e-12
3.832601756038419e-12
4.586174535395038e-12
4.9701827515736995e-12
5.4939105086703495e-12
5.2732559100214455e-12
5.52550855328303e-12
5.620236867386703e-12
5.228568135010654e-12
4.944148684971982e-12
4.990252563598358e-12
4.7501718096157625e-12
4.767871174830686e-12
5.2141811628933246e-12
5.244651661014854e-12
4.955502446113929e-12
4.593285402217679e-12
4.3342513612187885e-12
4.3579267435308324e-12
4.227735476757963e-12
4.355075851047204e-12
4.2751355051460385e-12
4.2843489054369865e-12
Acceptance rate: 0.3580714285714298
2.7659266863994724e-12
2.8176594131452304e-12
3.1793056927084967e-12
3.3399221363052024e-12
3.5164296687971216e-12
3.83340388271816e-12
3.776940013634034e-12
3.9580967264774205e-12
4.045780343012148e-12
4.125541218104888e-12
3.9355221264041696e-12
3.728400098461452e-12
3.548080173399473e-12
3.5955420460987046e-12
3.666241891319541e-12
3.888278843707393e-12
4.1979129203287474e-12
4.378383967992688e-12
4.295766380957291e-12
4.616384644878483e-12
4.831627801172215e-12
5.980611604955213e-12
6.223404205343531e-12
5.929127396288044e-12
6.071625874615655e-12
5.756629196213078e-12
5.803826167150277e-12
5.5950940222793e-12
5.5289247294499285e-12
5.477196767000852e-12
5.785125544316776e-12
6.2232543366869265e-12
5.831794151893958e-12
5.9838341106410734e-12
5.7156925421610764e-12
5.521736260633475e-12
6.5604970324104846e-12
6.2384243919314954e-12
6.168221035509122e-12
5.676675985411416e-12
5.482818714226062e-12
5.436046993412414e-12
5.285499495109284e-12
5.516086959342369e-12
5.735092515583456e-12
6.116693409509807e-12
6.197852900221872e-12
6.09505682872108e-12
5.971643984001248e-12
5.696300592302586e-12
5.254582467200723e-12
5.041739780569393e-12
4.745005330495428e-12
4.836260406260195e-12
4.990071018587759e-12
4.998790749907082e-12
4.939254125940137e-12
4.6381545660464466e-12
4.293290144735366e-12
4.24350868590733e-12
3.883552654166715e-12
3.7334699288403865e-12
3.6361288112749107e-12
3.394553904383228e-12
3.3321711229209084e-12
3.4352255214381788e-12
3.669593113796724e-12
3.947488376832779e-12
4.191407134399566e-12
4.331072566761827e-12
4.583435173761105e-12
4.564830701616032e-12
4.335405371781633e-12
4.242859483008518e-12
4.229509151275724e-12
4.468936072106067e-12
4.366556905245341e-12
5.178097860161295e-12
5.959396416202682e-12
5.499228930757868e-12
5.920306813847177e-12
5.7143939446949536e-12
5.172689368235486e-12
5.432338169011237e-12
5.512018426069217e-12
5.280448597620827e-12
5.233855876680776e-12
5.548711877058323e-12
5.23447034974394e-12
5.28303708796197e-12
5.1741476519605966e-12
5.325282933317337e-12
5.090364124411023e-12
5.171160263641085e-12
5.196456913018945e-12
5.354808602738938e-12
5.206790400733269e-12
5.351846437199002e-12
5.019965601131707e-12
5.390643696940849e-12
Acceptance rate: 0.3539375000000011
Sampling time (10 samples): 4224.2148 seconds
