/scratch/users/yanlan/TroubleShooting/Weights/Output/AM_PM_ET_223_292_00
1.084237970673101e-06
6.2011212183587e-07
3.536245620718286e-07
2.0302105874357563e-07
1.3090839564420673e-07
8.463503928359878e-08
5.453542998605358e-08
3.618155786172155e-08
2.328750476333651e-08
1.5341757136772883e-08
1.116915319032488e-08
8.60146990430394e-09
7.110640550357784e-09
5.016383026489415e-09
3.862290765436373e-09
3.0578741685194336e-09
2.2291400902348256e-09
1.6810577148982182e-09
1.3983908626466616e-09
1.115026827310609e-09
8.275453580467653e-10
6.488582040854413e-10
5.747125297401715e-10
5.307836544547708e-10
4.541482307126417e-10
4.0721512379736486e-10
3.2667840960750683e-10
2.516637005933096e-10
2.0513331487021635e-10
1.520133644526308e-10
1.315437699916647e-10
1.1753195137944135e-10
1.0264520724435102e-10
9.11501781863074e-11
7.39285266313625e-11
6.396045447320786e-11
5.4982757489265386e-11
5.0253022143412194e-11
4.6147357109350695e-11
4.2384981692525205e-11
4.146203296703613e-11
4.020211557599203e-11
3.512115989839922e-11
3.097417630271301e-11
2.7994733811678098e-11
2.5463968390160278e-11
2.3961868083081e-11
2.344163534262979e-11
2.165536475194727e-11
2.06955992979443e-11
1.817516253897934e-11
1.9243352610393776e-11
1.7222337668062206e-11
1.5578049157117058e-11
1.4115180086208717e-11
1.3712004942749766e-11
1.1723129875489971e-11
1.1295750036558951e-11
9.48379031505284e-12
9.82893407630764e-12
9.131393883757818e-12
8.586345536509044e-12
7.827512145809854e-12
7.230608349385093e-12
6.92072383386456e-12
6.179340366831715e-12
6.174133300556756e-12
5.858319473741073e-12
6.283713361892697e-12
5.563047553733985e-12
4.782291084788864e-12
4.2502575607867865e-12
4.487413540006291e-12
4.390500179085761e-12
4.0738661399381355e-12
3.878258866486185e-12
4.02092666112197e-12
3.826657190233508e-12
3.618238804350149e-12
3.8111628947375344e-12
4.778665991958029e-12
4.722975143162732e-12
4.4488751148902066e-12
4.453719643040802e-12
4.765569523592079e-12
4.975359303232196e-12
4.8955351127347395e-12
4.260559196063242e-12
4.520321472308771e-12
4.3204429275366614e-12
4.9342934983539045e-12
4.843192864255077e-12
4.5409549564967484e-12
4.247563428164347e-12
3.8479056730464735e-12
3.953237033040266e-12
4.010707904626204e-12
3.791316999612541e-12
3.932542770099396e-12
4.300189332264259e-12
Acceptance rate: 0.3524999999999995
2.5622816731945394e-12
3.0337267379247346e-12
3.0174632048544057e-12
2.8720949018221704e-12
2.8614234827931114e-12
2.918052844767022e-12
2.527215404897453e-12
2.913065888354306e-12
3.076169298061139e-12
3.50054678758793e-12
3.8454591892698914e-12
3.6021741873983325e-12
3.72652206908056e-12
3.697626329450972e-12
3.970753449932689e-12
4.6852775193940045e-12
4.450933307472136e-12
4.370621862284878e-12
4.037326485322491e-12
4.328297491807613e-12
4.780885300120365e-12
4.435214526862381e-12
4.205288630000262e-12
4.348187136414147e-12
3.99702965257503e-12
4.333464228120028e-12
4.371302041509291e-12
4.0689126472675754e-12
4.003324562584693e-12
4.103396531214284e-12
3.8602715642066285e-12
3.911923359407192e-12
4.575798976890388e-12
4.549170855289902e-12
4.625237233356913e-12
4.576561984051618e-12
4.59683207534201e-12
4.326037869989715e-12
4.2889372126908765e-12
3.911520095241998e-12
4.58878929863741e-12
5.439328417552924e-12
5.7573079892771065e-12
6.5056619071325985e-12
6.177450880366608e-12
5.4918664456576395e-12
5.479283650956977e-12
5.400371393532273e-12
5.104515010671674e-12
5.424255841531263e-12
5.23678271324988e-12
4.6917055753590225e-12
4.7034259697606525e-12
4.652518965566483e-12
4.8436724806748975e-12
5.301597505198388e-12
5.545052776485226e-12
5.6383701709162154e-12
6.0559783119552645e-12
7.24717236405603e-12
6.910915302518826e-12
7.218814620288486e-12
6.7414213822181264e-12
6.369449743078972e-12
6.172172257013753e-12
6.0564471648784796e-12
6.194271815384163e-12
5.77657360321463e-12
5.559524046996766e-12
6.016767506672072e-12
5.635106490839524e-12
5.8997589542506074e-12
7.101098172861399e-12
7.114093044463374e-12
7.374517806049348e-12
7.07811824058186e-12
6.952932443298417e-12
7.076331086738232e-12
5.96266551102332e-12
5.7842619450874226e-12
6.32353961979273e-12
6.144148675390065e-12
6.712528876742177e-12
7.187072716993095e-12
6.838849542730645e-12
7.0633932057074785e-12
6.580424000884351e-12
5.949171379858708e-12
5.477453834962583e-12
5.564820296942417e-12
5.4680126800651716e-12
5.08736492080609e-12
5.262232119381541e-12
4.894683325201647e-12
4.574010465666347e-12
4.861157739929299e-12
4.8388413802939684e-12
4.399266834147873e-12
4.199890050858004e-12
3.859863966330071e-12
Acceptance rate: 0.32724999999999943
2.41972401411527e-12
2.6132024171821823e-12
2.756522295968018e-12
2.985149555626948e-12
3.255827301809901e-12
2.915468616552338e-12
3.0005141691909267e-12
3.1789500903363154e-12
3.309515847472026e-12
3.352731358682765e-12
3.4130842103019596e-12
3.2303595307126362e-12
2.9760449465912666e-12
3.1320435150329555e-12
3.2134379069966887e-12
3.2659541695027368e-12
3.144657119637969e-12
2.9665818272198457e-12
2.8323042982529655e-12
2.8215657677989308e-12
3.2679735949507497e-12
3.020140435952572e-12
2.871983343617308e-12
2.9646111413604395e-12
3.026851992390918e-12
3.0262904093242124e-12
3.399178850834285e-12
3.3796747070364835e-12
3.5978900761275306e-12
3.688612372562146e-12
4.1465289291367225e-12
4.435118994552508e-12
4.299498768526258e-12
4.4009419013707796e-12
4.354237611466281e-12
4.2285086793835845e-12
4.335502498095584e-12
3.809516242144044e-12
3.894526785087607e-12
4.34645079686271e-12
4.877212376849183e-12
5.370362679109289e-12
5.523706014465815e-12
5.0750179411805825e-12
5.31464877290349e-12
5.075641362896943e-12
4.353864871110944e-12
3.8131504461503366e-12
3.711589565614093e-12
4.3871298862343895e-12
4.773343134306496e-12
5.433349958192691e-12
5.568538197852669e-12
5.257977615861565e-12
5.5459726143495984e-12
5.140753660097101e-12
5.0576941912645075e-12
5.1543117422921645e-12
5.707897784355244e-12
5.563677170964451e-12
4.994214588494326e-12
5.003240228171528e-12
4.735433350635605e-12
4.730589007480017e-12
4.937366761156924e-12
4.952441399489948e-12
5.0112545232687e-12
5.3569120490918995e-12
5.450563252956976e-12
4.783534185160715e-12
5.189724117009495e-12
5.868873081908865e-12
5.421526916896231e-12
4.830094636596944e-12
5.128185786516203e-12
5.48232754021426e-12
6.2109462425071296e-12
6.4487613422110404e-12
6.208574745383666e-12
5.7850988365674575e-12
5.720335909268354e-12
5.969996295048122e-12
6.019142150785509e-12
5.941182591197326e-12
5.634449666300972e-12
5.542682289249269e-12
5.242854010275753e-12
5.2423611625035e-12
5.054111801282712e-12
4.752966168867304e-12
5.01418635275702e-12
4.689126177882831e-12
4.305961154364639e-12
4.389470396572745e-12
3.86863584920872e-12
3.89219363261605e-12
3.913409127369242e-12
4.3474880465533765e-12
4.210080085001134e-12
4.145559246314497e-12
Acceptance rate: 0.325499999999999
2.555219372635618e-12
2.4705148627383558e-12
2.590756748866577e-12
2.727636785819518e-12
2.9456257596192375e-12
2.9765069265011568e-12
2.9764658008130407e-12
3.158240740313566e-12
3.1590950099904096e-12
3.436096426566479e-12
3.5317338524070117e-12
3.795503641403984e-12
3.760512689587856e-12
3.8394525945758355e-12
3.978143973428626e-12
3.916720887481895e-12
4.253302484191804e-12
5.549119957203474e-12
5.33367326184286e-12
5.143082650945778e-12
5.060157190534853e-12
5.204559172087225e-12
5.174896288790551e-12
5.4417511306496304e-12
6.680945108202657e-12
6.950648346175902e-12
6.2689234267119e-12
5.980771936637268e-12
5.399091556222607e-12
5.584179150760558e-12
5.406115601243369e-12
5.325659413964171e-12
5.159163636829164e-12
5.443240588612052e-12
5.684603574641102e-12
5.783589526316886e-12
5.245857922980236e-12
5.243159973804081e-12
5.451901116631841e-12
5.3333362446379425e-12
5.138480772455423e-12
4.6519148559126726e-12
4.3823539274136085e-12
4.183216401487309e-12
3.874083264745133e-12
3.536505118939907e-12
3.5460563272309318e-12
3.3372215229584587e-12
3.317034056560081e-12
3.074179764826675e-12
2.8520900104514866e-12
2.9224473690211903e-12
3.1938056267898646e-12
2.897449672744305e-12
3.0871311615500003e-12
3.314005642949006e-12
3.4601512969167775e-12
3.654367516104273e-12
3.5027435111143696e-12
4.001361522262555e-12
4.13258586167389e-12
4.439708209005199e-12
4.095279685460725e-12
3.825914866982406e-12
3.755090437524893e-12
3.5302615325866005e-12
3.980082431866822e-12
3.8845489299354485e-12
3.3628583697317945e-12
3.443230005276761e-12
3.4215785839997873e-12
3.6472181123865975e-12
3.2116618992178894e-12
3.381328769298093e-12
3.190593872052117e-12
3.180996662398561e-12
3.4183727135431806e-12
3.5772482310918897e-12
3.3757963224437212e-12
3.2856798064981876e-12
3.1970232822246447e-12
2.9247075288261758e-12
3.325302945568943e-12
3.799765155928302e-12
4.05006787983011e-12
4.185154402860668e-12
4.225201110451686e-12
4.346998283390659e-12
3.934513923898685e-12
3.947990443399579e-12
3.595179124294356e-12
4.095649496568224e-12
4.273870663163321e-12
3.831858592944867e-12
3.545173487382002e-12
3.2887642002544487e-12
2.959260797704329e-12
2.8349255278268677e-12
2.990179628463327e-12
3.0868152994214393e-12
Acceptance rate: 0.3187499999999989
1.9622663691994164e-12
2.0164105362752155e-12
2.2032233975312265e-12
2.374413362198507e-12
2.27142660667786e-12
2.4626051466039354e-12
2.5857504164280745e-12
2.9090049415658462e-12
2.868288305950621e-12
3.124586449880107e-12
2.930104171646074e-12
2.906952966719267e-12
2.6710832297328187e-12
2.701797546920214e-12
2.6701174935426732e-12
2.773280760461685e-12
2.7533537371223342e-12
2.788172662832809e-12
2.697852924325995e-12
2.682467928797556e-12
3.044420438090347e-12
2.8562569213327323e-12
2.7467710713584103e-12
2.660212831323858e-12
2.3911103419757718e-12
2.555372074200616e-12
2.395039655266974e-12
2.3441196125435967e-12
2.476423254956517e-12
2.3988439434447097e-12
2.4591270305382502e-12
2.4851710064149296e-12
2.8660637307818743e-12
2.772259309092531e-12
2.735507224174578e-12
2.9911780609442052e-12
2.872837437317422e-12
3.0664955472039152e-12
3.369529878122731e-12
3.826850029319953e-12
3.5270189853245427e-12
3.433328690852826e-12
3.2516439973854747e-12
3.0099748612761567e-12
3.776358804497886e-12
3.5234801549114284e-12
3.2068482142772226e-12
3.5164962939423113e-12
3.682157192506005e-12
3.449923461387554e-12
3.4086072832365742e-12
3.4519718051272052e-12
3.5777803725407928e-12
3.852749001931409e-12
3.9456017384853234e-12
3.6870281051885744e-12
3.6125261891223794e-12
3.757994763580221e-12
3.980211526607583e-12
4.017332974347088e-12
3.6224228281211223e-12
3.693379632318075e-12
3.401804464991655e-12
3.005881401871541e-12
2.9176125843796607e-12
2.578672371561051e-12
2.4215626177173887e-12
2.4697553245956055e-12
2.9079020204743165e-12
2.636731589746247e-12
2.854524719383917e-12
2.903142929841905e-12
3.252933873903931e-12
3.323273467056952e-12
3.0938006453096137e-12
3.0055158939965077e-12
2.8891881475921644e-12
2.9710949065286014e-12
3.037965806883715e-12
3.4675458163043508e-12
3.2122071148279553e-12
3.115474989822633e-12
3.255783364081211e-12
3.1708009094086846e-12
3.791117673413749e-12
3.5945738610717898e-12
3.648820531458018e-12
3.54086992085609e-12
3.815843177885549e-12
4.250278022104058e-12
3.846505274969835e-12
3.766719747510973e-12
3.4991250781676848e-12
3.4071947048555627e-12
3.665445467406725e-12
3.4176673058162514e-12
3.970596175380493e-12
4.018939867018312e-12
3.7781741840859035e-12
3.7293314648058955e-12
Acceptance rate: 0.3158999999999988
2.4037669783514174e-12
2.6212669504326337e-12
2.7558917692234457e-12
2.7926629052508064e-12
3.0292781366219602e-12
3.1077535391888176e-12
2.9411829902137242e-12
2.6408568016062392e-12
2.620780124032928e-12
2.5554301574468444e-12
2.9231733309213735e-12
3.0087224372923824e-12
3.038079505512459e-12
3.5320924773610335e-12
3.558905438977311e-12
3.6069576405593982e-12
3.2895847869953788e-12
3.162396934413973e-12
3.2137095920058473e-12
3.014503955335285e-12
2.858085723597115e-12
3.1653886550185534e-12
3.0315175106967557e-12
2.926506978838133e-12
2.761865166792811e-12
2.632385591599794e-12
2.765300891459505e-12
2.735471815777163e-12
2.6464889427073703e-12
2.5363760540845014e-12
2.2168821064680662e-12
2.154265969943957e-12
2.2123586670199456e-12
2.265585770221367e-12
2.4906483462161127e-12
2.5558744729550656e-12
2.2587917569126536e-12
2.246590623105681e-12
2.409309715325598e-12
2.5820711343565226e-12
2.702852004062673e-12
2.762150334207881e-12
2.8764490097730607e-12
2.7995085843526412e-12
2.50203327804462e-12
2.5587835616595907e-12
2.370284362515851e-12
2.3480265410077944e-12
2.2560818444010367e-12
2.2124947334526944e-12
2.4299569127931706e-12
2.488897115853403e-12
2.492163367206285e-12
2.377769011996655e-12
2.4354158629609627e-12
2.350456062985996e-12
2.3785407297671963e-12
2.633385226106072e-12
2.6574534507747545e-12
3.2656712786143904e-12
3.46798084289599e-12
3.4626122816157478e-12
3.5269910526351413e-12
3.614106261967274e-12
3.5997725239093345e-12
3.300899574894831e-12
2.9231203019524774e-12
2.8813604127009936e-12
2.6981012852559478e-12
2.5722775677306574e-12
2.436499401146501e-12
2.1804654217372015e-12
2.1698658537220752e-12
2.172693272810247e-12
1.936737331394546e-12
2.054330227527477e-12
2.1396292560232802e-12
2.4211668002690656e-12
2.6604276074140643e-12
2.7081593891295035e-12
2.9330600688789976e-12
2.7748299818161264e-12
2.7749663533551307e-12
2.5764225088232754e-12
2.5844952678301086e-12
2.456086471758965e-12
2.7094994855522136e-12
2.875211863787158e-12
2.9332539323993387e-12
2.804159099114186e-12
2.686364029226563e-12
2.7581530373819293e-12
2.746364141911958e-12
2.6655301260094563e-12
2.5326969752449385e-12
2.3849774101014605e-12
2.3816649150665684e-12
2.1955002159557274e-12
2.1457922206572658e-12
1.9181478728813577e-12
Acceptance rate: 0.3184166666666659
1.2680357888892691e-12
1.2177925491148887e-12
1.2934436957246384e-12
1.4453652683038902e-12
1.5065984656620808e-12
1.4164795876400314e-12
1.6767103986848255e-12
1.7793606366469322e-12
1.7107286657670217e-12
1.6721236859939665e-12
1.68354842723285e-12
1.6614596924153442e-12
1.6541121866360383e-12
1.697396491195342e-12
1.7317169574239382e-12
1.8946722167980867e-12
2.343205648679774e-12
2.046882884169794e-12
1.905318665500404e-12
1.907361931359529e-12
1.980882172573999e-12
1.7987837912338502e-12
1.882316925086796e-12
1.8000280888466168e-12
1.7789335797167495e-12
1.6638054763608613e-12
1.5906003402820848e-12
1.4725751389746209e-12
1.587645483669409e-12
1.6084433624570412e-12
1.6857722191534752e-12
1.595072326862922e-12
1.7076772863498004e-12
1.6221913452355158e-12
1.8301033754337985e-12
1.8151160743820424e-12
1.835384007328413e-12
2.391448599146817e-12
2.537286186073954e-12
2.4950148538267967e-12
2.5955649919995846e-12
2.41535631799256e-12
2.4834110908771244e-12
2.4294971449941005e-12
2.4376501029980825e-12
2.534335281445257e-12
2.4789413397950565e-12
2.5564749967065254e-12
2.534781146750226e-12
2.5162236338339287e-12
2.369933112821143e-12
2.375292425839845e-12
2.3958419208973917e-12
3.0357085528233425e-12
3.0232787649245315e-12
3.4097792634066045e-12
3.715388209607119e-12
3.925638466696093e-12
3.445182422730044e-12
3.4345078058890635e-12
3.3838127148898337e-12
3.144672959474409e-12
2.7129767577414745e-12
2.409966895755759e-12
2.5450381864114242e-12
2.5994898304354613e-12
2.775236051889073e-12
2.732649492547569e-12
2.6685078524646443e-12
2.7554144982115354e-12
2.758988725964795e-12
2.952827497934846e-12
3.1460417790579724e-12
2.9199838948860593e-12
2.7689700712796693e-12
2.584473673503381e-12
2.889423654975608e-12
2.9687504877929e-12
2.8239591715698597e-12
2.6924711669294104e-12
2.6163037738867896e-12
2.6160237351772107e-12
2.621196383419081e-12
2.3968308505807483e-12
2.867699782074644e-12
2.8782614629442702e-12
3.4438701984296053e-12
3.595840698667101e-12
3.458281133348927e-12
3.3717521951225866e-12
3.2195955563515087e-12
3.6360830000197337e-12
3.5960761344532514e-12
3.560552209561483e-12
3.3813503244652828e-12
3.64934857740826e-12
3.5309374106789114e-12
4.0184844441800455e-12
3.991780841100836e-12
3.8049276808185156e-12
Acceptance rate: 0.3201428571428567
2.5221541045349047e-12
2.6711225064641817e-12
2.4532537063664566e-12
2.6533914450653514e-12
2.944665062374702e-12
3.2107155641039647e-12
3.4024991633974595e-12
3.5334964848752515e-12
3.5204154731716387e-12
3.497542488183514e-12
3.6441493570414654e-12
3.532377416923938e-12
3.3436937633647414e-12
3.2896485030222928e-12
3.1947360696970767e-12
2.959617021665224e-12
2.4987273061810573e-12
2.5228207761307846e-12
2.5247698908626167e-12
2.3742463199791593e-12
2.7472653380590234e-12
2.5190830703485303e-12
2.4781012984785524e-12
2.6554845123640214e-12
2.508520319848014e-12
2.39178357388154e-12
2.458763181974104e-12
2.3465535640455227e-12
2.8127951663788275e-12
3.1362340814056864e-12
3.053908786877688e-12
3.0847058098657473e-12
3.028182660445511e-12
3.0889536711845674e-12
3.2330830368211726e-12
3.124765764895836e-12
3.211312336489178e-12
3.5402215171854673e-12
3.682080836283892e-12
3.942119614542307e-12
4.140441681648016e-12
4.107942377167379e-12
4.381393539733546e-12
4.1907459421782615e-12
4.2008233381114405e-12
4.726817810590198e-12
4.890799254355631e-12
4.7004421555343785e-12
5.006940311034337e-12
5.098637155723166e-12
5.199547805448081e-12
5.477194081484224e-12
5.193234541834829e-12
5.126558483921809e-12
5.0608522148701344e-12
5.090395880228628e-12
4.638869972646198e-12
3.9736174794516384e-12
4.213271110423205e-12
4.0981539111560966e-12
4.098152734392359e-12
4.305233458556573e-12
4.469477286308644e-12
4.65561889510691e-12
4.559293798419243e-12
4.4800756326867216e-12
5.134554069919994e-12
5.413478094343364e-12
5.329907382582781e-12
5.750921388559594e-12
6.244694974325177e-12
6.034980032118608e-12
6.855018388026001e-12
6.9488836565268455e-12
6.634517569526199e-12
6.911662514439685e-12
7.117324606070637e-12
7.545419240769766e-12
7.722987868678284e-12
7.506104517025041e-12
7.902481115305902e-12
8.861599173690653e-12
8.389467040257425e-12
7.866193063050276e-12
7.701044036204755e-12
7.634780057821379e-12
8.477732303775017e-12
8.154904252963238e-12
6.975391860621946e-12
6.714103301616595e-12
6.690044162076605e-12
6.646829648988428e-12
6.1801825180630835e-12
6.108763011963421e-12
5.798069303065095e-12
5.848757874003804e-12
5.9112179177712314e-12
6.809580277944277e-12
7.373652971049937e-12
7.423755928251115e-12
Acceptance rate: 0.32156250000000025
Sampling time (10 samples): 4367.6367 seconds
