/scratch/users/yanlan/TroubleShooting/Weights/Output/AM_PM_ET_221_334_00
1.072291921537926e-06
5.730107131808744e-07
3.3356993078717075e-07
2.1394595022480583e-07
1.3109840785743734e-07
8.351016243644757e-08
5.512019733154217e-08
3.718514622552742e-08
2.5271979513142207e-08
1.7195380996208255e-08
1.1646952165178412e-08
7.986937271196554e-09
5.493661253192906e-09
3.835846985346336e-09
2.7737235145678923e-09
1.9838183160724458e-09
1.6550369460837574e-09
1.2773329260746644e-09
1.0376936995959966e-09
7.833240863100565e-10
5.856728217974712e-10
4.437551153744752e-10
3.6309888535669337e-10
3.1420343567711584e-10
2.6278064756623306e-10
2.0682370542087157e-10
1.719495829568425e-10
1.478547878866212e-10
1.411705643211993e-10
1.1785841117687364e-10
1.0503614092962311e-10
9.668397520692844e-11
8.234902024773274e-11
6.967774281931203e-11
6.021172926586204e-11
5.4466336205096e-11
5.0296698835901924e-11
4.319084008974449e-11
4.333261090343633e-11
4.1119164752790765e-11
3.465133319945314e-11
2.8463612612471243e-11
2.6893378951858388e-11
2.414555322409355e-11
2.474725208392315e-11
2.3728086655443305e-11
2.0696502669796082e-11
1.8666078223812096e-11
1.6931376611739596e-11
1.590450945931279e-11
1.502035440968869e-11
1.4689332243344667e-11
1.2918598303623606e-11
1.2941531245955172e-11
1.4016525254117876e-11
1.3760656747748715e-11
1.3194878196382962e-11
1.2636756291440233e-11
1.2468835373694992e-11
1.1863309984850403e-11
1.1183934866074015e-11
1.089863697555307e-11
9.654705209032409e-12
1.0298907055186085e-11
1.0294666963950937e-11
9.802922508120577e-12
9.716451665096301e-12
8.470030648297905e-12
8.251073025410305e-12
7.619088257358879e-12
7.249789318521145e-12
7.010558321875886e-12
6.394643489480404e-12
6.7955361108459745e-12
6.4569121329402325e-12
6.252368746651868e-12
5.679722894131569e-12
5.900399098696208e-12
6.113499500086575e-12
6.3851123479858316e-12
6.2844685430985754e-12
6.578413508757979e-12
7.091034627786121e-12
6.657586619419306e-12
6.389320245327952e-12
7.27078694358093e-12
6.5850927946976674e-12
6.199619241130279e-12
6.630904226004031e-12
6.1469468486128985e-12
6.73686999448997e-12
6.740941847582031e-12
6.253807727311861e-12
5.512668429281154e-12
5.201784740540542e-12
5.304396198048387e-12
5.348059563383418e-12
5.619848473643048e-12
5.64272293168899e-12
6.14926335077096e-12
Acceptance rate: 0.3884999999999991
3.67419170919534e-12
4.153762038606782e-12
4.3611496345361126e-12
4.7127998492185395e-12
4.522575429699809e-12
4.749763168417944e-12
4.664092330313511e-12
4.495471883377006e-12
3.942578398670435e-12
4.144587529249443e-12
4.418266521409869e-12
4.184155694247908e-12
4.527442639061628e-12
4.1148864307226205e-12
3.933454901184521e-12
3.696068274375774e-12
3.2336793764743215e-12
3.717065217639204e-12
3.1199505127908398e-12
3.2722414245304827e-12
3.391569915381532e-12
3.392735144049542e-12
3.5423904448078916e-12
3.972917161299255e-12
4.283709742332157e-12
4.263612740663449e-12
4.425303228229587e-12
4.123039404052375e-12
4.267611094496516e-12
5.118788736599834e-12
5.049432992589625e-12
4.894367833743118e-12
4.550871094491435e-12
4.683984066731259e-12
4.849740239758685e-12
4.503226160931132e-12
4.303534033512407e-12
4.120669194068614e-12
3.907194841176963e-12
3.733038218521782e-12
3.4903441511157283e-12
3.437016830792176e-12
3.561264019838188e-12
3.762713560839688e-12
3.780001468881921e-12
3.6201992604932043e-12
3.795507316489256e-12
4.0755348052606575e-12
4.227423709014946e-12
4.299365943263194e-12
3.97017806893314e-12
3.849016756269225e-12
3.5515491235707887e-12
3.377531610112434e-12
3.2636247385378125e-12
3.4273131110849416e-12
3.6245693117675475e-12
3.7407021498308775e-12
3.974525645841324e-12
4.235884745274567e-12
3.793005718126009e-12
3.4899491515863276e-12
3.593513363509124e-12
3.751398407836764e-12
3.590665809358681e-12
3.4809763545557484e-12
3.3226053099089955e-12
3.3055974955253226e-12
2.9857802058722735e-12
2.821822437935814e-12
2.4915632534600773e-12
2.2240104687997068e-12
2.6597214846877797e-12
2.7439874214551216e-12
2.552505268766811e-12
2.295814822828969e-12
2.263693043913376e-12
2.2553941533776984e-12
2.4401375375292303e-12
2.5191991936258455e-12
2.601233672187149e-12
2.622625072955554e-12
3.014580978662838e-12
2.9931722027007523e-12
3.0615754743115448e-12
3.2107334378969477e-12
3.220809516350674e-12
3.3201593369261316e-12
3.0300665147168463e-12
3.0259730151692044e-12
2.720703995156663e-12
2.586330107019749e-12
2.7470212034067943e-12
2.7518287528820678e-12
2.960374433282773e-12
3.358306199766976e-12
3.892842936297733e-12
3.5963915572458726e-12
4.0816698662851674e-12
4.271057526768668e-12
Acceptance rate: 0.3587499999999996
2.5766923190252148e-12
2.725671420729378e-12
3.023534931558317e-12
3.2148686337826164e-12
3.3203816181559013e-12
3.66745055734465e-12
3.547745455499623e-12
3.4700421051316868e-12
3.5811861977254325e-12
3.2092826165143266e-12
2.966642369312614e-12
3.349374871211031e-12
3.687877337204019e-12
3.537391150736258e-12
3.80435076738847e-12
3.975814268446684e-12
3.702532277317819e-12
3.461722286551721e-12
3.4190139378239626e-12
3.5497366899349963e-12
3.3083746368385962e-12
3.2203045097797823e-12
3.299564528317291e-12
3.821433296922736e-12
3.7792423950672265e-12
3.7775162506829375e-12
3.6232147735688812e-12
4.121049231064925e-12
4.20499425375057e-12
4.330185856711284e-12
4.113600222157739e-12
3.6287125724193803e-12
3.4578020835510483e-12
4.384231004492762e-12
4.048577557029321e-12
4.1644397800647355e-12
4.1911909884434215e-12
3.992309888471752e-12
3.8630544511859305e-12
3.324996929528787e-12
3.491113306051869e-12
3.650220613397352e-12
3.488410059610822e-12
3.4585069616288954e-12
3.6054303175618652e-12
3.683145740884302e-12
4.1349056460169486e-12
4.0958185630628635e-12
4.437901510035227e-12
4.625411169356347e-12
4.395022403419572e-12
4.388216524339688e-12
4.269630504925043e-12
4.070229195648114e-12
3.748195046789911e-12
4.2130944260305914e-12
4.286733156737687e-12
4.268365869999493e-12
4.336655621041858e-12
4.341097590133447e-12
4.6453904864234504e-12
5.0403432405333724e-12
4.573433694393961e-12
5.105971437198849e-12
4.852446739209605e-12
4.735015356956366e-12
5.3788035879554434e-12
5.6809117044028025e-12
5.259655373882583e-12
4.8761791961296775e-12
5.494315257550022e-12
6.1586907562090955e-12
6.292356048019575e-12
6.298526689531078e-12
6.1503133964782885e-12
6.128151058302536e-12
5.663024402509579e-12
6.12439184206706e-12
5.8604172806157145e-12
5.915488877838901e-12
5.972074128761999e-12
6.279590728015498e-12
7.015566041536775e-12
6.474107812407634e-12
6.136922969493617e-12
5.700731444050569e-12
5.8497411442491515e-12
6.146985822891772e-12
6.639589958391076e-12
7.147536291839767e-12
6.35827963171253e-12
6.612683263041999e-12
6.9996483959485395e-12
7.429961064605734e-12
7.47262411212452e-12
7.275763943224734e-12
8.222604510302923e-12
7.941478269709707e-12
7.994593650151166e-12
7.94562658917447e-12
Acceptance rate: 0.3514999999999993
5.09770496309263e-12
5.360646328425603e-12
5.379334821789296e-12
5.237088822339083e-12
5.575478188929413e-12
5.26514885899932e-12
5.047319722071479e-12
5.3931849421676e-12
5.657243362983962e-12
5.8051622054521255e-12
5.876095192132668e-12
5.527098887354772e-12
5.399730826904981e-12
5.162761907266092e-12
4.8981128064471265e-12
4.459130117874961e-12
4.827799228051526e-12
5.202140651209624e-12
5.221985390195732e-12
4.533424196452839e-12
5.092976482852995e-12
5.680766808855437e-12
5.5242949333762765e-12
5.244747054537665e-12
5.203495814878808e-12
5.274073418518382e-12
5.9451626630885624e-12
6.038707061743385e-12
6.480847524027603e-12
6.749522396961019e-12
6.067502813848762e-12
7.104370027592413e-12
7.139463462286518e-12
7.035005642135354e-12
6.651908981358745e-12
6.553913436018698e-12
6.1478679703428865e-12
6.1865096770344255e-12
5.91658019732048e-12
5.694357914339873e-12
6.1931247323813156e-12
7.218698113993923e-12
6.850228700305224e-12
7.0101791752289395e-12
8.13309812813705e-12
7.622577301407697e-12
7.765178422630553e-12
7.873742779917636e-12
6.775077899380229e-12
7.107417135409157e-12
7.422935627826795e-12
7.390730317794587e-12
7.228333886057965e-12
6.205709401653447e-12
6.53689733199198e-12
7.0231751861297915e-12
7.29801144419105e-12
8.436396937417521e-12
8.037116447666296e-12
7.670544429064991e-12
8.470905516706842e-12
8.430563487460854e-12
8.597758058773467e-12
9.093733627337572e-12
9.86466800781861e-12
1.0106832376803922e-11
1.002918691063289e-11
1.0046177679833003e-11
9.43974090574024e-12
1.0210538111549419e-11
9.327306566668198e-12
9.115576673677307e-12
8.03073241827214e-12
8.129947807660231e-12
8.220488321359174e-12
8.249264065050894e-12
9.031690923495217e-12
8.883872593689882e-12
8.23446139308022e-12
8.261537729732572e-12
8.877419172472272e-12
8.321917392341715e-12
8.393756614554766e-12
7.623793390358258e-12
7.076094547239127e-12
6.5758136351903095e-12
5.916533072907751e-12
5.461288907478433e-12
5.41780226278711e-12
6.328559868504173e-12
6.601763529874652e-12
7.67365362288748e-12
7.641262121759617e-12
7.0830565318690305e-12
7.321257723822517e-12
6.991097764942659e-12
7.0950059946845885e-12
6.344895496919748e-12
6.0932820566931695e-12
6.8793880642886544e-12
Acceptance rate: 0.3426249999999993
4.316968951738252e-12
3.971920312963979e-12
3.889228110723508e-12
3.846673934255587e-12
3.622503409545627e-12
3.857804856740469e-12
4.060585649614106e-12
3.729177733165053e-12
3.731319758511439e-12
3.6062590903003657e-12
3.268164167636848e-12
3.295040203324126e-12
3.6366468560584025e-12
3.848472909597514e-12
3.911107313020593e-12
4.364036890053065e-12
5.033520799902934e-12
4.917097686078352e-12
5.021254935265242e-12
5.826761450582079e-12
5.544004307970912e-12
5.964298862575477e-12
6.029955835981212e-12
6.231007746267598e-12
5.664942091788367e-12
5.347617131540915e-12
5.701914776555355e-12
5.488403904122358e-12
5.1983856345547995e-12
4.977137357344916e-12
4.8476057323226274e-12
4.855594315066038e-12
5.305014560374506e-12
5.239947449591053e-12
5.338453411578641e-12
6.016550182710731e-12
5.989595161850957e-12
6.170306596820272e-12
6.042025314828794e-12
6.316064410423073e-12
5.542345913161951e-12
5.046777781680711e-12
4.593009635192556e-12
4.652977262016787e-12
4.1692841403358766e-12
4.290326357781038e-12
4.32691203595426e-12
4.116928489097157e-12
3.993942455022932e-12
3.9549250979289574e-12
3.896716444897946e-12
4.204299336563955e-12
4.103975847752852e-12
4.032427062813344e-12
4.330710845362875e-12
3.999010537591974e-12
4.269927592179866e-12
4.495522656510257e-12
4.406100429284946e-12
4.864381164951081e-12
4.912938582196189e-12
5.1473492636123445e-12
6.114875493759224e-12
6.038281112100095e-12
6.010886898674807e-12
6.664341928101953e-12
6.016311693269816e-12
6.041292652903541e-12
6.319899441129384e-12
6.023418151549032e-12
6.049663571568449e-12
6.5645166061038425e-12
6.536402274376498e-12
6.563571193501225e-12
6.1295371930798265e-12
5.807848031839276e-12
6.018533285913932e-12
5.9329316256976485e-12
6.1562950085379506e-12
6.961987571770506e-12
7.347237961699085e-12
7.523494232989201e-12
7.229771762191177e-12
7.815202972967416e-12
8.676404339805779e-12
8.463061768483705e-12
8.312821864117665e-12
7.811864842100639e-12
8.218900954170127e-12
8.137817872490168e-12
7.487950196374282e-12
6.6352612234345555e-12
7.0058240815123486e-12
7.432480435392962e-12
7.654225795626097e-12
7.728343595807815e-12
6.866093650496936e-12
6.834743895515556e-12
7.147455596288958e-12
7.426691444881377e-12
Acceptance rate: 0.34319999999999945
4.679123126937933e-12
4.618552309872236e-12
4.407700718855841e-12
4.284950527018455e-12
4.120634661528361e-12
3.763377760452956e-12
4.09397447185229e-12
3.967777975114396e-12
4.174484125749502e-12
3.84121328990177e-12
3.497151935489733e-12
3.407534659546677e-12
3.473482253104928e-12
3.5322374957731552e-12
4.2801287331497206e-12
4.830395219331008e-12
4.74546834161655e-12
4.765251805402036e-12
4.579312478306726e-12
4.54130277464928e-12
4.529688679346023e-12
4.9473804159446056e-12
4.8928830497405745e-12
4.931370665165733e-12
4.878039052543875e-12
4.417802152021815e-12
4.346536494043677e-12
4.926384807443417e-12
4.744451889009382e-12
4.712497594370537e-12
4.953287999505886e-12
4.867882403229894e-12
4.8511356232287286e-12
4.8736671724787355e-12
5.055592722852984e-12
4.79894661648762e-12
4.848924232932688e-12
4.792137895073281e-12
4.64787113074065e-12
4.870199856967027e-12
4.667583862151735e-12
4.826213710225849e-12
4.894512982273234e-12
4.861808988983759e-12
5.203156569166385e-12
5.744348525316619e-12
5.5368121588795716e-12
5.1836616822082416e-12
4.8375885291178216e-12
5.356691476512418e-12
5.0819333149895215e-12
4.692542043636767e-12
5.3634285224197044e-12
5.089902713887696e-12
5.1215626124266606e-12
4.746621882340031e-12
5.335951147837657e-12
5.516744694159969e-12
5.415966979447371e-12
5.645879647817728e-12
5.208007523433465e-12
4.66792582125038e-12
4.905897528910732e-12
4.937602769797977e-12
4.6623099304792885e-12
4.472445261439256e-12
4.3031275220234954e-12
4.188283185098429e-12
3.810501912359279e-12
3.9951772782091865e-12
4.183604585528613e-12
4.0378156068943425e-12
3.752472664065553e-12
4.243741157281064e-12
4.321296873293987e-12
4.5897233187738615e-12
4.438162180152036e-12
4.45461378779075e-12
4.5514856771669405e-12
4.70150734562946e-12
4.473014853205851e-12
4.623454335136025e-12
4.832683462886107e-12
4.653806860034511e-12
4.894751318931313e-12
4.7355649360321766e-12
4.711789255506348e-12
4.630156201675704e-12
4.604192960637007e-12
4.622802659060163e-12
4.993942343460297e-12
5.406223802861664e-12
5.607951148870819e-12
5.402366464837628e-12
5.275183353988785e-12
5.239684000453538e-12
5.0656117766889066e-12
5.285739238381567e-12
5.458071044523836e-12
5.738186426772172e-12
Acceptance rate: 0.34458333333333174
3.778311360670446e-12
4.054185488907464e-12
4.514383641103905e-12
4.3306151297146056e-12
3.988376531600095e-12
3.800909118060508e-12
3.9183301573945165e-12
3.977216805094164e-12
3.903702947430344e-12
4.19152435494616e-12
4.040380233175055e-12
3.87778731917862e-12
3.858988741006696e-12
3.901654667473087e-12
3.915470365924791e-12
4.226513535608657e-12
3.980448303619508e-12
3.814558716901848e-12
4.3770859490829014e-12
4.1707404899125045e-12
4.073750046322301e-12
4.08685162887667e-12
4.338963274082056e-12
4.356369294139097e-12
4.55427095555727e-12
4.6967519519800164e-12
4.709208061969322e-12
5.427002825449974e-12
5.792243420926098e-12
5.505382345069214e-12
5.1365135165105645e-12
5.236114320511229e-12
5.213075372230195e-12
5.5553952332365015e-12
4.9833389485261906e-12
4.919536284106444e-12
5.608982056685553e-12
5.07954731071449e-12
4.836431325114036e-12
4.628902193867449e-12
4.165143752534119e-12
3.871012793930147e-12
3.508789558274866e-12
3.316111830774903e-12
3.532282197098089e-12
3.3783953163273186e-12
3.188832159759631e-12
3.3088658634303296e-12
3.30313395953722e-12
3.816898851697918e-12
4.0565687024340355e-12
3.9415511734071056e-12
4.222172242452984e-12
4.472995945235215e-12
4.9292138675370816e-12
4.637121999570062e-12
5.048915725704691e-12
5.065177000146341e-12
4.821298208830824e-12
4.5509335723527594e-12
4.590924749554233e-12
4.54065198833053e-12
4.750081824394885e-12
5.544882058603914e-12
5.4597341848662006e-12
4.949682815090979e-12
5.229452624840832e-12
5.060469132399683e-12
5.6470637268212806e-12
5.45009884110265e-12
5.222665334386703e-12
5.002063795002573e-12
5.070516207354324e-12
5.630524348778899e-12
5.6852761622478295e-12
5.707864461192662e-12
5.828847539447809e-12
5.638651844700204e-12
5.208798237939827e-12
5.227265326851811e-12
5.56960730706795e-12
5.854962508149546e-12
5.98073003052274e-12
5.532240093783794e-12
5.915601863423316e-12
5.948149939041871e-12
6.130743619117649e-12
6.539951633270161e-12
6.7632881047226375e-12
6.10907104464399e-12
6.1837612302343866e-12
5.688054774294176e-12
6.206641041376986e-12
6.10208360123225e-12
5.9541282826860124e-12
5.694304959500674e-12
5.211621270294713e-12
4.6286226046211875e-12
4.6481068403545715e-12
5.053326217259636e-12
Acceptance rate: 0.3464285714285699
3.222052468551024e-12
3.569849368345965e-12
3.693494737302788e-12
4.139249172998116e-12
3.772529435983086e-12
3.6143091110864017e-12
3.4612524162263366e-12
3.015869191842779e-12
2.753186394852154e-12
2.6300043222363786e-12
2.6899640765199067e-12
3.024682464576234e-12
3.6270345393346886e-12
3.662463857258483e-12
3.757066360632951e-12
3.773325250881857e-12
4.0066528335831905e-12
4.040709856599124e-12
4.695405849964002e-12
4.598415387616481e-12
4.906203371268088e-12
4.781995028914226e-12
4.403610712212782e-12
4.39668639072981e-12
4.606197382626065e-12
4.649199385646792e-12
4.342347869931563e-12
4.886152805980005e-12
5.221058746108859e-12
5.17027033460504e-12
5.151698323645049e-12
5.173688829942758e-12
5.2645900394248205e-12
5.00454454518035e-12
4.88145811370499e-12
4.9857211004541065e-12
6.006286289773464e-12
6.095891190711363e-12
5.8189046816634e-12
6.116112493812637e-12
5.7206166570144314e-12
5.326237138432369e-12
4.687639070572319e-12
4.73208106274197e-12
5.1182145012155145e-12
4.723807398759374e-12
4.668669502651133e-12
4.7033807058337976e-12
4.832643869148465e-12
4.926371674494994e-12
4.6064377303907476e-12
4.403708006831783e-12
4.463283792207938e-12
4.747245891523666e-12
4.62800354050811e-12
5.363307870637265e-12
5.06573899758057e-12
5.1110233004239535e-12
5.835984389832764e-12
6.150082729266817e-12
5.723880695038269e-12
5.741927890703024e-12
6.3445855449277664e-12
6.9555628888967574e-12
6.952022253761361e-12
6.821170317145068e-12
6.6338263828409066e-12
7.159509770408619e-12
6.604150460495085e-12
6.456298559222431e-12
7.001637269919003e-12
6.835603982777e-12
6.847168789183878e-12
6.7017973485620205e-12
6.321323387726959e-12
5.648117323112278e-12
5.337600106682178e-12
5.525141032443856e-12
5.330985863069829e-12
5.386236329263361e-12
5.09653534574309e-12
4.824996185196661e-12
5.130804474665088e-12
4.65794261225021e-12
4.3603610010685e-12
4.632379744747231e-12
5.181594521869037e-12
5.431041813089514e-12
4.978178389180887e-12
5.031548829528481e-12
5.1043898746676565e-12
4.831274236824703e-12
4.582133057562872e-12
4.364611538739641e-12
4.678218151824551e-12
4.849429750659522e-12
4.756845814631954e-12
5.0579565315078794e-12
5.0270218691275564e-12
4.973605083831978e-12
Acceptance rate: 0.34549999999999936
Sampling time (10 samples): 4174.1383 seconds
