/scratch/users/yanlan/TroubleShooting/Weights/Output/AM_PM_ET_227_283_00
1.0693304364910722e-06
5.885976789939601e-07
3.45465455476974e-07
2.0345366711342653e-07
1.2492193538402805e-07
7.77643266600816e-08
4.8943153876277874e-08
3.267468814135137e-08
2.2375766200712212e-08
1.6633013932714285e-08
1.0579543555339656e-08
7.573334691111349e-09
5.868277172170298e-09
4.257023566977536e-09
3.196060723959241e-09
2.15754424105192e-09
1.629661651321592e-09
1.2814263582976798e-09
1.0324700111463668e-09
7.713936321610065e-10
5.67895462950166e-10
4.827529320640132e-10
3.6768281854434174e-10
2.7846299702917914e-10
2.5858394340487235e-10
2.09729177207925e-10
1.6621358889997493e-10
1.4290807507765084e-10
1.304054800847353e-10
1.0637700535735964e-10
9.626109864023598e-11
8.714820248463837e-11
8.281467552785916e-11
7.898870359282923e-11
6.49866267485537e-11
5.575705986347473e-11
4.4249597859168574e-11
4.3750504777193957e-11
4.071290807720313e-11
3.684155299344305e-11
3.486883401072368e-11
3.0647400040980696e-11
2.8788993124219133e-11
2.702707086634845e-11
2.4616891499792543e-11
2.2215282579372625e-11
1.81604067505234e-11
1.8110817037514446e-11
1.8589278023871813e-11
1.6520613861071928e-11
1.5446792759434425e-11
1.438411217233369e-11
1.1914554536619987e-11
1.0432606472459812e-11
8.68854859533841e-12
8.19877996251086e-12
7.41796229679463e-12
6.362678133374936e-12
5.972897693356911e-12
5.543612286547331e-12
5.1339566998062715e-12
4.649940818081978e-12
4.838509377724983e-12
4.142195027863916e-12
3.914586800032087e-12
4.087141885961724e-12
4.4242826669279925e-12
4.948160513547534e-12
5.27747458167571e-12
4.7108268042726954e-12
4.861113401499748e-12
5.147628683359443e-12
4.50947511641178e-12
4.304247186899722e-12
3.7337997214545075e-12
3.766549790498525e-12
3.6072108441688513e-12
3.528921894817307e-12
3.2297541103953557e-12
3.713067212054884e-12
3.3107308636930857e-12
3.0906024557650466e-12
2.984195060490321e-12
2.7761482410951885e-12
2.8921911158980865e-12
2.9197847122634467e-12
2.8069240253560175e-12
2.9017052955619727e-12
3.139884118551445e-12
2.923433214982921e-12
3.1158120653952608e-12
3.186956158543359e-12
2.8391737362312633e-12
2.9462414527528524e-12
3.0582474212376295e-12
2.955242099034085e-12
2.8957159212763077e-12
3.489334388989548e-12
3.4956707700906914e-12
3.2012212006184527e-12
Acceptance rate: 0.3104999999999998
1.930723673937982e-12
1.833161634127841e-12
1.5923167895435487e-12
1.4589524582695762e-12
1.6958221919515946e-12
1.7288431362582778e-12
1.584597836207712e-12
1.5739875781721089e-12
1.4574595243227756e-12
1.451526244426708e-12
1.3307626248085097e-12
1.214588952569361e-12
1.1430875982442758e-12
1.1404429547450239e-12
1.0511742434265375e-12
1.1215737593696903e-12
1.1038714327664733e-12
1.038348679312794e-12
1.1212538327595651e-12
1.0778819342064927e-12
1.1568858653130908e-12
1.1880956038246098e-12
1.3348413729204657e-12
1.2808052448947345e-12
1.131314595446209e-12
1.0475558440016187e-12
1.0178329804285176e-12
9.204675992564996e-13
8.990145272393033e-13
9.047200524985151e-13
9.59635271815356e-13
8.946314710281201e-13
8.091473792324404e-13
7.260028353199738e-13
7.932169471546835e-13
7.612555412527386e-13
7.870389921390397e-13
7.425773754469441e-13
7.159601662392318e-13
7.830836431237951e-13
9.219564220867844e-13
8.981652322306015e-13
9.358796601096084e-13
1.0286136124527789e-12
1.1215052239628827e-12
1.1230429360474536e-12
1.0280221023115272e-12
9.51082783266204e-13
9.545170279025787e-13
9.443913845704582e-13
8.374303693789942e-13
8.039266188041882e-13
8.149206961897933e-13
8.98923134560115e-13
9.275709520892052e-13
8.946589329028358e-13
9.888855627002869e-13
9.491834188167871e-13
9.414888049674114e-13
9.528240175457107e-13
9.485479780256725e-13
9.752291831850622e-13
1.0210424665125246e-12
1.0447624295598247e-12
1.0741069466890836e-12
9.713582155765022e-13
9.26249379240098e-13
8.969789113506924e-13
7.975903397871375e-13
1.0310854544716766e-12
9.42050046216673e-13
9.538230482266738e-13
9.841138609650005e-13
9.451717809874181e-13
9.23878859582072e-13
8.822343220580458e-13
8.57752062946418e-13
8.994792320504099e-13
9.016257320792501e-13
9.491118776299869e-13
9.953996426663617e-13
1.1068167741334666e-12
1.0191227349334051e-12
9.853527770328535e-13
8.858962221784593e-13
8.186868503276482e-13
8.105312578435734e-13
8.038415720510472e-13
8.068244377237439e-13
7.478943384289935e-13
7.794077952163061e-13
8.004508885558953e-13
8.277778939874129e-13
8.222747416012425e-13
9.460993925737173e-13
9.806957093389283e-13
8.421415308334396e-13
8.073386325716211e-13
7.394376327603855e-13
7.015445552600519e-13
Acceptance rate: 0.3307500000000006
4.378468675904005e-13
4.561757115159062e-13
4.30001401674201e-13
4.112771762742138e-13
4.3832953713591613e-13
6.011437602091623e-13
6.685119856671144e-13
6.158853030733066e-13
5.533671774940756e-13
5.659637721684048e-13
5.987171377096696e-13
5.790748626603396e-13
5.985134106168487e-13
5.903770549737683e-13
6.772807106493971e-13
7.177260180605812e-13
6.571218241713604e-13
6.633285973082326e-13
6.152776227849169e-13
6.54344837390305e-13
5.772852699567125e-13
5.392904503024182e-13
5.534295015524012e-13
5.846980150577712e-13
5.622359788344391e-13
5.333124149892814e-13
5.506526207761658e-13
5.919756425094379e-13
6.083173663434379e-13
6.281810301503002e-13
6.13172626906411e-13
5.982932932276319e-13
6.78278664454482e-13
7.042246954941393e-13
6.6796521979603e-13
6.801562637891205e-13
6.910056745500816e-13
6.969638570812448e-13
7.072029515136076e-13
8.759247798541044e-13
8.595593878615109e-13
8.602458178279607e-13
7.900442827259912e-13
9.459936558212555e-13
8.468958809704876e-13
8.153498742893702e-13
9.198472697511672e-13
9.748421051577895e-13
9.658727855438695e-13
1.1162770964417207e-12
1.2164432421238264e-12
1.3563465698922914e-12
1.2840427602797429e-12
1.2927821160783137e-12
1.3764827045374255e-12
1.4419685982622139e-12
1.4289267286688818e-12
1.4217996586632345e-12
1.3874264446956181e-12
1.306786302183025e-12
1.2170886351967673e-12
1.3051310576180117e-12
1.4001306073855176e-12
1.4578283877474839e-12
1.4668058114602946e-12
1.5444811148175698e-12
1.4940898657919642e-12
1.6100230672313756e-12
1.5246179185412244e-12
1.5013107112058331e-12
1.5590253103930621e-12
1.643506946025351e-12
1.4521887703150366e-12
1.2890998501002495e-12
1.2871785381985253e-12
1.2400290123826588e-12
1.1249499857992892e-12
1.0871754559359077e-12
1.047301334775593e-12
1.0581362195538423e-12
1.0274850683518883e-12
1.0053217717129755e-12
1.151032992947819e-12
1.2118791487006679e-12
1.2574525692536358e-12
1.2438962108998769e-12
1.1686977171704667e-12
1.141936368723535e-12
1.0970614826237604e-12
1.145775642055443e-12
1.042120763033559e-12
1.0080595156926405e-12
1.002608064343652e-12
9.786126566279974e-13
1.0590600668111155e-12
1.011958858578786e-12
9.477870239276692e-13
1.0351219764396522e-12
1.0842568281061527e-12
1.1963929379234296e-12
Acceptance rate: 0.325
7.659263066149256e-13
8.482298061782636e-13
8.977792131515306e-13
8.37170610172607e-13
7.907416702847964e-13
7.776988960617378e-13
8.557481520373377e-13
8.55528485087435e-13
7.73080579984053e-13
7.683689913231951e-13
7.382387620535512e-13
6.977807844571002e-13
7.159561074152596e-13
6.603650894408551e-13
8.093210967774907e-13
8.800356081331637e-13
9.326432056525167e-13
9.102914170626478e-13
8.574165558324726e-13
8.778795348830483e-13
8.361050971123421e-13
8.464749679763658e-13
8.038049328021313e-13
7.540303372320592e-13
7.249877520065381e-13
6.916360509588946e-13
7.881794673179667e-13
9.1317955212189e-13
9.884383011778363e-13
1.0133647201859301e-12
1.0818074769224877e-12
1.0853339606275665e-12
1.0522734052788848e-12
1.0092645066213096e-12
9.665942739351866e-13
9.820680873612217e-13
1.0812782791476143e-12
1.0229255782662404e-12
1.1431259693534104e-12
1.278456959962239e-12
1.373086092786765e-12
1.2508611024815281e-12
1.2922599422476746e-12
1.3854166805337267e-12
1.3031866088999792e-12
1.2718279637242797e-12
1.095731842620209e-12
1.1259805211825676e-12
1.100787810907099e-12
1.0558075608685665e-12
1.020547477044672e-12
1.0258079332088552e-12
1.0349931791680725e-12
1.0053725471168863e-12
1.001462233156776e-12
9.245779128746764e-13
8.718503740616735e-13
9.078344858220909e-13
1.0454027808335006e-12
1.0122401772491235e-12
9.956952988799906e-13
1.0056362088563796e-12
9.440453998656982e-13
9.039512143354314e-13
1.028469201005601e-12
1.0196473611988743e-12
1.0961398829013628e-12
1.0131522447537872e-12
1.0173738141476974e-12
9.469801202272248e-13
8.661406259591959e-13
8.0794302918326e-13
8.393042320007013e-13
7.754034276684007e-13
8.322990556178671e-13
8.12440692601835e-13
7.403615343852846e-13
6.670005814845804e-13
6.395663671021414e-13
6.022119229796968e-13
6.142206486061494e-13
5.823631567621537e-13
5.893913941111331e-13
6.005116653845074e-13
5.812475327380551e-13
6.012538779282782e-13
6.447362414700068e-13
6.684740215410639e-13
6.430826189333816e-13
5.839098313684773e-13
5.901587649035716e-13
6.754727871559669e-13
7.231738202199829e-13
7.215688366565537e-13
7.278639357358258e-13
8.244513971178056e-13
8.760281613266919e-13
9.228883297804863e-13
8.714321579038291e-13
8.689988878838358e-13
Acceptance rate: 0.3189999999999992
5.576231283023269e-13
7.017527432670827e-13
7.156909315222227e-13
7.563559476596668e-13
7.982840207331141e-13
7.941115987530843e-13
8.59784363452036e-13
8.990575139363102e-13
1.002245411938287e-12
1.0459751420033853e-12
1.1446668479010306e-12
1.6140452361945638e-12
1.6002203508344526e-12
1.7372411151633568e-12
1.7816844288075831e-12
1.6125111944829865e-12
1.646362926219288e-12
1.7153179099939449e-12
1.6012503302572367e-12
1.6221933198170005e-12
1.7478356047060915e-12
1.6748801386221041e-12
1.8317611661813024e-12
1.8526493915630282e-12
1.8307052735553336e-12
1.876281382141845e-12
1.7985662804945482e-12
1.7116045060374112e-12
1.5839500223196641e-12
1.6250409076176295e-12
1.577616861364247e-12
1.6165109021185972e-12
1.6474657156648744e-12
1.5990906606248657e-12
1.6017960025708343e-12
1.652885879221373e-12
1.7276565044638872e-12
1.6179736149597606e-12
1.5877088586651483e-12
1.5183861401435563e-12
1.4663332052646386e-12
1.5737880125455914e-12
1.7564847152336668e-12
1.7122466380217549e-12
1.4499778396508606e-12
1.4971357336888227e-12
1.4582313230868654e-12
1.5286846525601827e-12
1.9254712277028552e-12
2.5009561028654038e-12
2.608859587643798e-12
2.53540431949921e-12
2.4743895403823137e-12
2.3718555429209283e-12
2.1899053345454353e-12
2.0544051620407103e-12
2.000412610980616e-12
2.0614851942605354e-12
2.072349644655174e-12
1.9389415990141194e-12
1.973156062800875e-12
1.979396302062756e-12
1.9843125056766436e-12
1.853825827202539e-12
1.7512681302444028e-12
1.884680873368415e-12
1.7591062593231357e-12
1.7895584446367798e-12
1.96769727601741e-12
1.8487153064665244e-12
1.8339252494924893e-12
1.7379726200823895e-12
1.5420054237428194e-12
1.489116059361651e-12
1.5546073850126137e-12
1.7083390268429998e-12
1.9875538506188096e-12
2.2634744482710806e-12
2.0582011607328426e-12
2.109223803675707e-12
1.8755969551237838e-12
1.7212421002281165e-12
1.742277361087725e-12
1.6370765593864437e-12
1.4888202537004697e-12
1.7249339701558794e-12
1.8958092369537633e-12
1.9608844652177518e-12
1.88091939288344e-12
1.720871415588848e-12
1.7151678145854538e-12
1.7261787871235924e-12
1.7774253368300707e-12
1.8005018581366476e-12
1.8080786011083088e-12
1.764175507859798e-12
1.6612569776556591e-12
2.0120860115939273e-12
2.0055985495881063e-12
2.1354293792277314e-12
Acceptance rate: 0.3181000000000001
1.3712023671259823e-12
1.365628240660173e-12
1.4768783162514762e-12
1.7280174900272196e-12
1.6098313417950616e-12
1.4702309464718922e-12
1.40455551852082e-12
1.3988618025581023e-12
1.485713565395581e-12
1.482449972179913e-12
1.4073251305930472e-12
1.3801794742910755e-12
1.4700864495289007e-12
1.4954168267512994e-12
1.465214249034766e-12
1.470949292891474e-12
1.4503077577391741e-12
1.417128633933155e-12
1.370419281173109e-12
1.3845319189839437e-12
1.3103374868936162e-12
1.3556401123102127e-12
1.638694870601379e-12
1.6305594474306746e-12
1.5278095564053705e-12
1.5329564902700737e-12
1.5101100385763075e-12
1.4198058722717077e-12
1.5258098323180849e-12
1.5760220796895718e-12
1.594925575433205e-12
1.456253447010959e-12
1.4774369908269098e-12
1.3155991556409348e-12
1.3032718083299794e-12
1.1918610521467027e-12
1.2859907779683636e-12
1.2953199388477516e-12
1.222268794594557e-12
1.1223372544479108e-12
1.2031067094375391e-12
1.2050405740955156e-12
1.192198536063141e-12
1.1946153594000853e-12
1.2351351740347573e-12
1.183724260085663e-12
1.1777316969051563e-12
1.0509802591874783e-12
1.1141203112372903e-12
1.0803829211953191e-12
1.1555436897357097e-12
1.2002807137339526e-12
1.2567578740355496e-12
1.1911933462430804e-12
1.265076283352644e-12
1.3213836424977294e-12
1.2520374833473428e-12
1.3694399699598226e-12
1.4280224177337801e-12
1.479648877958974e-12
1.5724112749848338e-12
1.4848460339757514e-12
1.573357129867002e-12
1.4867710293870836e-12
1.3282876142207956e-12
1.3124712930480844e-12
1.363596648432209e-12
1.3562224832516588e-12
1.3878388546518986e-12
1.4505022960390239e-12
1.4925411895023834e-12
1.5140673621495126e-12
1.495356924026186e-12
1.4751969979567442e-12
1.540668527001674e-12
1.6581937651103112e-12
1.753098344797025e-12
1.6880301630328807e-12
2.011525339120694e-12
2.048135133847026e-12
2.0355953367630136e-12
1.976873375040055e-12
1.831844271972741e-12
1.642093863205956e-12
1.7719432618623658e-12
1.87344956953213e-12
1.900382322247751e-12
1.7978579977646351e-12
1.7650883375744452e-12
1.6448981931834368e-12
1.7275439749686104e-12
1.6565822467915735e-12
1.7006406061212077e-12
1.894012526554963e-12
1.8054431636145241e-12
1.8592830680541344e-12
1.954935006576371e-12
1.9629419811315838e-12
1.9586085833378782e-12
1.96794826683222e-12
Acceptance rate: 0.31658333333333355
1.2673856803466823e-12
1.3179995929782395e-12
1.262808472274778e-12
1.159992808273158e-12
1.0984237297064186e-12
1.0367623560522966e-12
9.532269665024081e-13
9.296480468362368e-13
8.313032661425089e-13
9.149365693135156e-13
9.485827922113717e-13
9.494497897409727e-13
8.740485366440625e-13
7.957868807006302e-13
7.79556145036796e-13
7.693941745548973e-13
7.775680965608074e-13
8.516291383569751e-13
7.5803110886683e-13
7.394705871556706e-13
8.110860251266244e-13
7.786596737812142e-13
7.637103337678202e-13
7.171028143244123e-13
7.097723294003629e-13
8.556803350026601e-13
8.100479566719043e-13
8.113515849358409e-13
8.300806235526886e-13
9.008615994939011e-13
8.676661288451838e-13
1.000556289752106e-12
1.0363718501307727e-12
9.715266845596156e-13
9.540939950415829e-13
1.0508245393234283e-12
9.697364424619219e-13
9.005267875553604e-13
8.824919358570164e-13
9.148074803919283e-13
9.00510656061116e-13
9.84284700763397e-13
1.093742099288073e-12
1.1732668338450705e-12
1.2028100697384274e-12
1.2079678591373728e-12
1.5271297501684763e-12
1.4409158127293709e-12
1.46088876668172e-12
1.54257939488859e-12
1.5991346561149112e-12
1.549131903280083e-12
1.457835284103011e-12
1.4458225992972146e-12
1.2981304173681105e-12
1.324601386841633e-12
1.2602853150226002e-12
1.4281787808939508e-12
1.372954824378682e-12
1.5830672179705534e-12
1.6998404404483163e-12
1.835619387139984e-12
1.7195824769834608e-12
1.5858846892004723e-12
1.6254907084823973e-12
1.4916839000683262e-12
1.4683168612975009e-12
1.4351285181291587e-12
1.4541876388346655e-12
1.3906473421331867e-12
1.4448063229505929e-12
1.2800841562345803e-12
1.2000756831461641e-12
1.2146320415768503e-12
1.3310890435245192e-12
1.2930175119758474e-12
1.1708175010682285e-12
1.2162392253129998e-12
1.2635605755184803e-12
1.4187242918071406e-12
1.5222612434302799e-12
1.6031913197807778e-12
1.4429779706510412e-12
1.289962615043168e-12
1.3580191072836512e-12
1.3425113250656904e-12
1.3401256232538752e-12
1.312650766860845e-12
1.306173649992602e-12
1.1729887407193255e-12
1.1755463346624448e-12
1.1652492318069584e-12
1.2274382520991948e-12
1.330650696067527e-12
1.2671265030432864e-12
1.2370432468545785e-12
1.2033198638717479e-12
1.3530018232791285e-12
1.5418901524849425e-12
1.5787150301958111e-12
Acceptance rate: 0.31878571428571595
1.0136244878763212e-12
1.0624385862068742e-12
1.1977444372029558e-12
1.3306151008807396e-12
1.2473529159652795e-12
1.3444401637742622e-12
1.5087196956563364e-12
1.4821809039631992e-12
1.608692325551784e-12
1.8804372520793e-12
2.083337700310793e-12
2.090239125151541e-12
2.1585934550505883e-12
2.345269528842563e-12
2.3690790054574688e-12
2.3083617703207006e-12
2.185979400981437e-12
2.432127057210939e-12
2.6122265667448212e-12
2.6513926325015257e-12
2.793805128259792e-12
2.576788514074908e-12
2.6041711499720815e-12
3.090753272956187e-12
3.009434251299333e-12
2.901482797124141e-12
2.9799378522067918e-12
2.9498421152415487e-12
2.9466501870336526e-12
2.793859493929291e-12
2.7946277804181284e-12
2.603429563255384e-12
2.5722210821980545e-12
2.5632106207189783e-12
2.4690615938130336e-12
2.5928651280206104e-12
2.469819677176218e-12
2.4356254612470556e-12
2.230042735331906e-12
2.5545340991414346e-12
2.571216003865556e-12
2.660490691923224e-12
2.3686259663485485e-12
2.582456374459819e-12
2.5932867891999708e-12
2.4757546293745855e-12
2.367545923972979e-12
2.0893658514057555e-12
1.9580550254173762e-12
1.8071955914043495e-12
1.837725820329984e-12
1.7529947926930475e-12
1.6826893763669323e-12
1.6338074084924463e-12
1.5076554607758101e-12
1.466846111535773e-12
1.3276482247182162e-12
1.2510889817749136e-12
1.230831872901824e-12
1.1586175769524895e-12
1.0486462550442718e-12
1.0995290774910889e-12
1.2941182356995571e-12
1.3562353714008481e-12
1.409831340459062e-12
1.3683000803919629e-12
1.2649561740793301e-12
1.321231663290668e-12
1.2617569290306194e-12
1.2269408341507927e-12
1.2380079394072054e-12
1.2659624169538286e-12
1.2064528476298695e-12
1.22401808892667e-12
1.2046746040600827e-12
1.1773821909888102e-12
1.244414221669099e-12
1.1809148341967534e-12
1.2433755140897092e-12
1.2793307367119442e-12
1.1871034318178545e-12
1.2164047647105688e-12
1.2299293161809083e-12
1.161507704800171e-12
1.1466181457674706e-12
1.0791845434393531e-12
1.1206526628113634e-12
1.1366355668037013e-12
1.230294372104248e-12
1.21819345738623e-12
1.109015162770625e-12
1.1104013830658151e-12
1.1557206292754177e-12
1.1828283267835876e-12
1.2189941453130196e-12
1.2445905886693745e-12
1.1691912783633944e-12
1.212257767830682e-12
1.3415140197306934e-12
1.3165566364629404e-12
Acceptance rate: 0.3203125000000007
Sampling time (10 samples): 4242.4350 seconds
