/scratch/users/yanlan/TroubleShooting/Weights/Output/AM_PM_ET_233_385_00
1.0681261365169734e-06
5.769160841905579e-07
3.4292724970081006e-07
1.9950457759426464e-07
1.2285288882127127e-07
8.068937973723277e-08
5.0844019096452255e-08
3.1889459669501154e-08
1.962729979846391e-08
1.3339310964023835e-08
9.28054122254899e-09
6.4815492225587985e-09
4.464598089355672e-09
3.1342128455593815e-09
2.219530675038863e-09
1.5981541043675825e-09
1.183189622285096e-09
9.37809438900485e-10
6.989984451521686e-10
5.946194598322162e-10
4.778217702818326e-10
3.9434641745971284e-10
3.2593128199049744e-10
2.8429195671669547e-10
2.6554649331440234e-10
2.0885536031092714e-10
1.6781565861214856e-10
1.4527441788137916e-10
1.2465631803673167e-10
1.0773980451049617e-10
9.269611607096061e-11
8.421150273565787e-11
7.778132157618092e-11
7.886046370317094e-11
7.101418009631876e-11
6.342303736446424e-11
5.750280497205793e-11
5.041721914495071e-11
4.8413408411318604e-11
4.4936846095354244e-11
4.349697736861219e-11
3.930614801584725e-11
3.7595302996447764e-11
3.578238873910466e-11
3.2938355435767586e-11
2.49798927450642e-11
2.2343551633848288e-11
1.9929041576819037e-11
1.77083041824741e-11
1.5440182851927946e-11
1.4247804762959723e-11
1.2926323070096692e-11
1.1665580283739513e-11
1.145800732353674e-11
1.1457656894403372e-11
1.2447594680454382e-11
1.1541622940554208e-11
1.0182998468177542e-11
9.11618780014894e-12
8.316397199370782e-12
8.167804824708966e-12
8.178400546363312e-12
7.993371722106395e-12
8.390873122548399e-12
8.234780838165571e-12
8.050081020159426e-12
8.007745030895507e-12
7.551500516246733e-12
6.494646091990131e-12
5.463880671412664e-12
5.773593506976503e-12
5.787404960549709e-12
5.502358398234042e-12
5.207797656067681e-12
5.423056100761104e-12
6.0652242804055315e-12
5.669037121910539e-12
5.853822403918245e-12
6.113054756576273e-12
5.276469171184128e-12
4.733381415754492e-12
4.586952446202805e-12
4.457278799932192e-12
5.037392682550056e-12
4.683578252273447e-12
4.7863571919601876e-12
4.4982677298518665e-12
4.8639108505317395e-12
4.688386288352066e-12
4.472953968290074e-12
4.644950730599319e-12
4.698893049986203e-12
4.4951078281869764e-12
5.130056496879947e-12
4.4934758366021116e-12
4.458712397164725e-12
5.184511855789992e-12
4.862532119467793e-12
5.2473709185426224e-12
5.6266845313930405e-12
Acceptance rate: 0.3799999999999999
3.2804919955304397e-12
3.5025370745842206e-12
3.419208888649655e-12
3.1504499195675492e-12
3.05472250067997e-12
2.692073581465126e-12
2.621334688355071e-12
2.4708744007063053e-12
2.3827607628303907e-12
2.393182708138664e-12
2.2949375217890704e-12
2.267231831824479e-12
2.1117120849311434e-12
2.454588175746313e-12
2.6527096164782796e-12
2.588534691701993e-12
2.5874583120575297e-12
2.654217056626629e-12
2.722338348191305e-12
2.8081958843762325e-12
2.733079346127046e-12
3.449804118752045e-12
3.830701844988168e-12
3.1141631085203976e-12
3.2740539044461556e-12
3.508843512576007e-12
3.689852033297036e-12
3.934654446448862e-12
3.908648782333939e-12
3.875434172214131e-12
3.773462358552583e-12
3.552505315194358e-12
4.119618905703887e-12
4.720788645250899e-12
4.640696170358466e-12
4.243704143172648e-12
4.046977678291029e-12
4.233640765639155e-12
3.921861799795572e-12
4.0459237605081405e-12
3.69827866137395e-12
3.806522854009028e-12
3.4942736364832968e-12
3.854433324440233e-12
3.405763313547286e-12
2.834277118902228e-12
2.7940607926003116e-12
2.9307418429823543e-12
2.7748683464772697e-12
2.8079467696151343e-12
2.775856246898966e-12
2.8210854709812576e-12
2.8434996845188725e-12
3.090378804581697e-12
3.1135515967030587e-12
3.48096037187983e-12
3.205467875648224e-12
3.107402004509977e-12
2.9550011818939047e-12
2.8078531845251982e-12
2.76169209925628e-12
2.64473175728261e-12
2.4451054293544533e-12
2.4376542400942563e-12
2.2432931572905014e-12
2.1142825191679716e-12
2.3859709314257065e-12
2.2642672539829106e-12
2.1613341589008176e-12
2.2255063078926655e-12
2.2961912384454497e-12
2.465860970198905e-12
2.5779751702840247e-12
2.7163682790362955e-12
2.5355530791593398e-12
2.514820881517083e-12
2.7677685779641117e-12
2.8111468607578058e-12
2.6774729521238726e-12
2.518056876055397e-12
2.9231784577607717e-12
2.9830498228293143e-12
2.9368542223214126e-12
2.831159196332287e-12
2.796698634125467e-12
3.3552239180494256e-12
3.395878313665641e-12
3.2366110076691013e-12
3.200703391627871e-12
3.137467340704026e-12
3.1807550663996172e-12
3.0338734893165927e-12
3.129143649738112e-12
3.123408968647089e-12
2.9711129773757584e-12
3.3663256009109805e-12
3.518336874554866e-12
3.5591007247482686e-12
3.683846566088964e-12
3.3430374901608377e-12
Acceptance rate: 0.35850000000000026
2.0715131601728628e-12
2.333625601026858e-12
2.4431771620822945e-12
2.238639727525347e-12
2.312606451989923e-12
2.3035316783191876e-12
2.206297101123954e-12
2.2082370645189684e-12
2.235826172554505e-12
2.0679605801566055e-12
1.95067435853631e-12
1.9036167664048108e-12
1.7700079471921969e-12
1.7882684422588865e-12
1.9227479826956866e-12
1.9899399963375026e-12
1.9595706346683732e-12
2.1127933226549117e-12
2.1468527551938984e-12
2.14555401215492e-12
2.144675632117731e-12
2.3481009187048314e-12
2.134798283357951e-12
2.0965187924723953e-12
2.166852196326094e-12
2.160584145200171e-12
2.128992031652182e-12
1.8946754949300266e-12
1.8727891522264754e-12
1.7384051510556508e-12
2.0813425660903984e-12
2.101220987706649e-12
2.4662968108563112e-12
2.448857877100688e-12
2.4858430190771053e-12
2.7427306221308476e-12
2.7548786051785183e-12
2.637113330184488e-12
2.6366997334555914e-12
2.7286485250201803e-12
3.0681517914909722e-12
3.1490778266575343e-12
2.8518787893303785e-12
2.6869327625092223e-12
2.8569669118148977e-12
2.6368575837891187e-12
2.8531117291566463e-12
2.9137825610528576e-12
2.9355484855964695e-12
3.1396475119279832e-12
3.191561745685681e-12
3.171298811605909e-12
3.471128623017151e-12
3.61442856038029e-12
3.688544555837839e-12
3.460574869909471e-12
3.3401726889051846e-12
4.08297437768025e-12
3.665477260991546e-12
3.630236932682922e-12
3.828846514278942e-12
4.2491504553588175e-12
4.092076365084223e-12
3.556461320751985e-12
3.432185103714168e-12
3.4913784158580684e-12
4.0719212766085935e-12
4.476081031799392e-12
4.300506705023513e-12
4.698210637309213e-12
4.5031608982378e-12
5.392525075099283e-12
5.619340885075678e-12
5.258689007449389e-12
4.965780403759481e-12
4.588728753706424e-12
4.4808740906772755e-12
4.442704951412002e-12
4.404771444025675e-12
4.317275007821511e-12
4.30054010233654e-12
4.380815469006428e-12
4.618803122339441e-12
4.058409917881258e-12
4.2921962061934196e-12
4.6596076509369335e-12
4.870800329749485e-12
4.7685667014213344e-12
4.6776512539727836e-12
4.344870661269697e-12
4.395431109620403e-12
4.1277481154991935e-12
3.903815341468093e-12
4.035666400499952e-12
3.79651223010137e-12
3.8913366779535315e-12
3.99835083999684e-12
4.005016746743413e-12
3.9996477683742495e-12
4.0608851977994885e-12
Acceptance rate: 0.3494999999999999
2.640479767254311e-12
2.9993676857752334e-12
2.899959304276966e-12
2.877790530077455e-12
3.063254408520768e-12
3.024755763620841e-12
3.196627322193216e-12
2.9883751784841505e-12
3.1948917469143527e-12
3.0076065164746133e-12
3.228816427891648e-12
3.269371792381851e-12
3.613773952515604e-12
3.584863819761736e-12
3.1763406637823967e-12
3.2445156074638864e-12
2.927067074566364e-12
3.329672880879546e-12
3.808150531593636e-12
4.1135204068444525e-12
4.45922099677366e-12
5.141539874746057e-12
4.6929180669603964e-12
4.238294141700772e-12
3.723085876353803e-12
3.710570097759049e-12
3.56356128905631e-12
3.3580913073811614e-12
3.689427597507056e-12
3.764910134713547e-12
3.7202092081892374e-12
4.592736836884293e-12
4.1773216746366686e-12
3.6173072042019895e-12
3.916342909036815e-12
3.930121592891326e-12
3.86052488013527e-12
3.91554367597241e-12
4.2383184168409505e-12
4.131599351109302e-12
4.2790513948414444e-12
4.6312188484269895e-12
4.543340014908838e-12
4.798469171503613e-12
4.7336852865971795e-12
4.7248221814217045e-12
4.865106124719567e-12
5.478342882399491e-12
5.337096702447867e-12
5.142268356987534e-12
5.7675540197161874e-12
5.745958463387819e-12
5.201761744763156e-12
4.92500612804643e-12
5.173144852422436e-12
5.105841810345389e-12
5.274911374532666e-12
5.589100009587141e-12
5.374539828402971e-12
5.056602339437007e-12
6.532505347984858e-12
6.092973508904732e-12
5.9379417359531495e-12
5.950255779144678e-12
5.1533812338552155e-12
5.783606773776677e-12
7.2040721878016306e-12
7.476445553840137e-12
7.553385418045585e-12
7.78241957167082e-12
7.700188978511212e-12
7.425075703292458e-12
7.124011994232003e-12
6.803128974688209e-12
7.114882006464699e-12
7.387823903266002e-12
7.089527736580215e-12
7.514770317964273e-12
8.065490975132373e-12
7.55751257987849e-12
6.7115077606541055e-12
6.8021440561799805e-12
6.508407859628538e-12
7.41140860928143e-12
7.545094577123736e-12
6.968883281467068e-12
6.336298202504479e-12
5.985167609440861e-12
5.756058109472011e-12
6.846045235419372e-12
6.569480882093904e-12
6.163939590478043e-12
6.183933727184077e-12
6.022706675416976e-12
6.1414779570512884e-12
6.385422326041037e-12
6.121226008843228e-12
5.946622835826535e-12
5.70526763342716e-12
6.0166179954044575e-12
Acceptance rate: 0.3467500000000012
3.775840200992555e-12
3.716609242269688e-12
3.5890933742553463e-12
3.4294456046157203e-12
3.2752085057120893e-12
3.5220014829492087e-12
3.4214254250189735e-12
3.3260951996802626e-12
3.410974360897138e-12
3.5744892043546394e-12
3.768589215846855e-12
3.622169496823295e-12
3.760290119421179e-12
4.0943466467960765e-12
4.29977105493137e-12
4.323312023744159e-12
3.846437679793016e-12
4.097810056917494e-12
4.102158049164901e-12
4.019640201861804e-12
4.33849113734984e-12
4.420628570458577e-12
4.368021576842713e-12
4.422439466276106e-12
4.60520553464932e-12
4.978923642240608e-12
5.277942308364979e-12
5.315730059502801e-12
5.113490928237837e-12
5.14481622278697e-12
4.711417801824841e-12
3.994521607223321e-12
3.4559185323278978e-12
3.330396491285274e-12
3.3569812138133407e-12
3.445369497498466e-12
3.1651334318485116e-12
3.193875871227218e-12
3.3777069974749727e-12
3.5611675507354177e-12
3.6291288821177798e-12
3.4002958619860627e-12
3.702746589980097e-12
3.5020294069754015e-12
3.3694953413468433e-12
3.6069770675142295e-12
3.683288676322489e-12
3.718788472133771e-12
3.513494854943229e-12
3.5634557857743977e-12
3.9240631022481395e-12
3.950450047223491e-12
4.0700943715501865e-12
3.960129244446631e-12
3.82247038742472e-12
3.5973420109231943e-12
3.596451204312898e-12
3.704948350514017e-12
3.68666708359627e-12
4.023706197066996e-12
3.983003692339036e-12
3.786954267268107e-12
3.9181342252596265e-12
4.2693828683235104e-12
4.33970384266095e-12
3.960891350358191e-12
4.003563603457602e-12
4.131705511561528e-12
4.1489765859484976e-12
4.6894871207709955e-12
4.1050668659812876e-12
3.910577183217313e-12
3.90461263377488e-12
4.55950632367428e-12
4.813550480454195e-12
5.082891429197902e-12
4.576670562321737e-12
5.1558585391607094e-12
4.894163452432091e-12
4.952714371817446e-12
5.726666317633664e-12
5.409690343220127e-12
5.422014762803057e-12
5.252128242798622e-12
4.728531043861425e-12
4.663591547594865e-12
5.306612256033841e-12
5.084012349231329e-12
5.718487707726481e-12
5.868160011246059e-12
5.909424255608687e-12
6.291222681912091e-12
6.060722633403106e-12
6.067480303036669e-12
6.329325190708479e-12
5.608501945538223e-12
5.2703065511177084e-12
5.021931351426479e-12
5.45253172393087e-12
5.4177120048270115e-12
Acceptance rate: 0.3422000000000008
3.466545092161331e-12
3.3529066079332677e-12
3.6100866547267815e-12
3.435186892469705e-12
3.911139573519046e-12
4.43209935997941e-12
4.314399459183614e-12
4.469092775708646e-12
4.565191151961119e-12
4.498983100136034e-12
4.799461523521747e-12
4.853972374808102e-12
5.331802386207649e-12
5.242307144494184e-12
4.7611532645825504e-12
4.4562713677901536e-12
4.853301700030264e-12
5.0189224724501915e-12
5.006722145846636e-12
5.405472695334753e-12
5.0604290643160814e-12
4.747882675866327e-12
4.50004546276867e-12
4.385402912160768e-12
4.363913157655245e-12
4.3307765537393744e-12
4.4003649047803475e-12
4.967530615617158e-12
4.6288746618677025e-12
4.6724691614029696e-12
4.242008028453579e-12
4.482492422924595e-12
4.33099131114904e-12
4.305682930876227e-12
4.806208935071256e-12
5.044906209414619e-12
5.207872273919171e-12
5.996003441270574e-12
5.742660899463494e-12
5.493471795921728e-12
5.6567507683379275e-12
5.6886790688834536e-12
5.656736435273573e-12
4.896621253272515e-12
5.812312598987688e-12
5.2717349636888365e-12
4.873150935992071e-12
5.797813725204006e-12
5.591353332161832e-12
5.365553288783846e-12
5.362132246269753e-12
4.795380721845028e-12
4.96595916601349e-12
5.269246203023615e-12
5.452412690016535e-12
5.820059410052368e-12
6.061847362413493e-12
5.915023205877306e-12
6.185606213163032e-12
5.436444934345924e-12
4.90564995298963e-12
5.535282948145849e-12
5.643046636651686e-12
5.2389035534572545e-12
5.13831417412771e-12
4.932335341636355e-12
4.764682922243803e-12
4.990579979270913e-12
4.830862358264425e-12
5.119264594411854e-12
5.494766967086144e-12
4.894673661655488e-12
4.770043596460166e-12
5.1622055995764116e-12
4.3985252806423516e-12
3.742798037724389e-12
3.472477661298855e-12
3.1708096094549507e-12
3.031702933643027e-12
2.85308558422565e-12
3.0445952190731013e-12
3.311332563141143e-12
3.804138305077218e-12
3.698350592835347e-12
3.254947491724235e-12
2.9785929707798273e-12
2.9671902160492407e-12
3.4256361690190748e-12
3.730832831190115e-12
3.74549459541761e-12
3.887506673111252e-12
3.567513925724551e-12
3.500039841382561e-12
3.350785437701535e-12
3.4189476864055794e-12
3.4200220181753465e-12
3.3627049793298343e-12
3.52680031762252e-12
3.93250201597733e-12
4.196564090209145e-12
Acceptance rate: 0.34266666666666773
2.6709019186774956e-12
2.677561250317125e-12
2.4150958092986172e-12
2.3717655738012032e-12
2.4406985618568875e-12
2.7735045407131997e-12
2.6408238888966e-12
2.710739935571391e-12
2.742382976765754e-12
2.6488820069769428e-12
2.5889133893826215e-12
2.65842837698624e-12
2.8013600868108303e-12
2.5745927157399463e-12
2.7609568231037726e-12
3.182117087835117e-12
3.154853463320374e-12
2.9079408918698445e-12
2.9057173189548517e-12
2.9582908680566807e-12
3.1379743964318974e-12
2.9954514756839493e-12
3.0430580699457127e-12
2.9824268548873377e-12
2.967894787654977e-12
2.882960550420231e-12
2.8778451131351825e-12
2.9920214979564435e-12
2.763713910112492e-12
2.7810575091761876e-12
2.7672502144497944e-12
2.7708131088655527e-12
2.7732324895248914e-12
2.8826859243412098e-12
3.1981203244407527e-12
3.0006600528053292e-12
3.218499977718819e-12
3.6141478219176438e-12
3.5829768051138154e-12
3.300964423270907e-12
3.2729037903491696e-12
3.017277550763406e-12
2.6996060005561014e-12
2.529927679294439e-12
2.5651009720384133e-12
2.6994225304120267e-12
2.772742138143899e-12
2.765172197097081e-12
2.768755576801217e-12
2.904602287694483e-12
2.9508565340004466e-12
2.8555204191952655e-12
3.118481872406093e-12
3.681191417787666e-12
3.812306906826299e-12
4.4790143962435685e-12
4.8077502329601595e-12
4.898571251836244e-12
4.873452321669838e-12
4.43949070798132e-12
4.216223513702951e-12
3.830109266329413e-12
4.132189376929111e-12
4.822415413609302e-12
5.410479189994055e-12
5.049900835320478e-12
5.474954102560538e-12
5.3243926066936885e-12
4.832574898937905e-12
4.890433764941087e-12
4.801019268736984e-12
4.794322062108792e-12
5.44992941184477e-12
5.561079855048893e-12
6.02174748560625e-12
5.8952391601188166e-12
5.883594985847371e-12
5.930740940821395e-12
5.666852494728677e-12
5.670219675528043e-12
6.067305138728957e-12
5.574409513033574e-12
5.5649278226942205e-12
5.951219821595792e-12
6.384469337670517e-12
7.0599550557518675e-12
6.943606090768193e-12
7.102588619928372e-12
6.994990985468635e-12
6.936086091236568e-12
6.7802712005208415e-12
7.552453390874796e-12
7.276388912695789e-12
7.589610868323545e-12
8.133787901121543e-12
7.635069134690372e-12
8.182052401048576e-12
8.006032785408483e-12
8.139359835923319e-12
8.159461880126319e-12
Acceptance rate: 0.3387857142857153
5.240899476896286e-12
4.851672533291654e-12
4.7196055448924055e-12
5.2022831775916644e-12
5.035789895202799e-12
5.041165848172671e-12
5.2387888119357225e-12
5.0032358994111016e-12
5.157996419526526e-12
5.395150141558157e-12
5.321943671377261e-12
5.1477475607284824e-12
5.099330579620486e-12
5.166505150143056e-12
4.750447530797729e-12
4.472333496238618e-12
4.282095586622694e-12
4.026688990802593e-12
4.250197227102987e-12
4.229943594943351e-12
4.376726320222957e-12
4.519863561330074e-12
4.507832700959851e-12
4.816316947797736e-12
5.444167914534183e-12
4.601193661472104e-12
3.9399701061933536e-12
3.555101806195064e-12
3.4695795151140204e-12
3.393393410733061e-12
3.681065703549354e-12
3.7453580402402226e-12
3.899412337983784e-12
3.844834471784533e-12
4.1365827861187515e-12
4.4000281890904635e-12
4.609373161663063e-12
4.626922228679546e-12
4.821174597066148e-12
5.027910871915145e-12
4.758453990376451e-12
4.439910159878769e-12
4.5070770980727315e-12
4.117141176725628e-12
4.1767609088535174e-12
3.839373425951571e-12
3.958488296074268e-12
4.6193540017779815e-12
4.437270742739104e-12
4.461176975823773e-12
4.753482645651098e-12
4.748589424245136e-12
5.2472308857822134e-12
5.756155990404099e-12
5.8353103226063314e-12
6.015533390351528e-12
5.863217621633239e-12
5.355835833023711e-12
5.677533068934268e-12
5.5337136411545594e-12
5.358224480713802e-12
4.827695659706142e-12
5.163125760016764e-12
4.866889012205994e-12
4.556779600360344e-12
5.23272265770376e-12
5.213725894901131e-12
5.373021128077153e-12
4.847642186281496e-12
4.946269799978585e-12
5.4814818093446004e-12
5.807567891014618e-12
6.814597346295576e-12
6.659317693657113e-12
6.45860455058617e-12
6.189425633177507e-12
5.968043832490833e-12
6.289291636705188e-12
6.146064817966872e-12
6.031309889428052e-12
5.546163839245008e-12
5.445693547190002e-12
6.0970529378801814e-12
5.944520349346436e-12
5.609803832626179e-12
5.510692908010101e-12
6.331940513937935e-12
6.20592799909686e-12
6.413199695494578e-12
6.871392717500471e-12
7.082891090715646e-12
7.096738876841399e-12
7.575011136521407e-12
8.467401947972726e-12
7.772949438794927e-12
8.58656742517016e-12
8.673371537940946e-12
9.456114037595583e-12
8.952210385469153e-12
9.625028141492384e-12
Acceptance rate: 0.3406875000000011
Sampling time (10 samples): 4369.2921 seconds
