/scratch/users/yanlan/TroubleShooting/Weights/Output/AM_PM_ET_236_313_00
1.062065688079523e-06
5.694617450830737e-07
3.299471783940366e-07
1.9768024719101626e-07
1.1530396609246296e-07
7.509123359483694e-08
5.2418081360990734e-08
3.661842418318893e-08
2.5254183667602862e-08
1.7789905396697692e-08
1.2319739133050428e-08
8.470215041030418e-09
6.303717397485293e-09
4.579962249094257e-09
3.5722203581848843e-09
2.8007797269769966e-09
2.190028245562705e-09
1.6574737864507866e-09
1.279145310654936e-09
9.307481600416892e-10
6.787759813316246e-10
6.13292640187388e-10
5.012719896486737e-10
3.8267463862516133e-10
3.1051693603602544e-10
2.890951188335644e-10
2.429038903642024e-10
2.061817684194236e-10
1.8622007307685812e-10
1.4319751844642913e-10
1.1901260102255045e-10
9.377279638458727e-11
7.871127535355996e-11
6.475823069540096e-11
5.702123875776856e-11
5.082938955234466e-11
4.429984651721551e-11
4.148916651282382e-11
3.9445395257516254e-11
3.794733700028397e-11
3.50379959779428e-11
3.058728005677866e-11
3.0596772134370554e-11
2.937470981437873e-11
2.6173194968553056e-11
2.2233956685772713e-11
2.0034552117802602e-11
1.8500447633392196e-11
1.6193913755634593e-11
1.593997037526822e-11
1.606329722343362e-11
1.565279653346691e-11
1.4351422872721924e-11
1.4415898579250327e-11
1.3900519306446052e-11
1.4083317146224527e-11
1.465517714504833e-11
1.41081248209258e-11
1.3384628760228387e-11
1.4309933584341717e-11
1.226174749627993e-11
1.0705527867895466e-11
9.943151513970866e-12
9.391461820755868e-12
8.061003257483597e-12
7.808786100943066e-12
6.516324091478905e-12
7.27650281209232e-12
7.902275183258993e-12
9.384300380543274e-12
8.614219158095036e-12
7.231422809744643e-12
7.449816326359084e-12
6.99884927383467e-12
6.306818529455049e-12
6.193561171862301e-12
5.681991369127334e-12
5.708656329933098e-12
5.803714729361623e-12
5.070809673074777e-12
4.881635869677083e-12
4.800334784377788e-12
5.235941939893812e-12
4.944236297144218e-12
4.857878967630777e-12
5.116171088193755e-12
5.316914711041714e-12
5.209350980613792e-12
5.024141664251766e-12
4.2848306630716375e-12
4.3336068651834114e-12
4.406039833803814e-12
4.059139994274063e-12
3.843407038474764e-12
3.6110969612580946e-12
3.697072446579103e-12
4.116605653746229e-12
3.817413612202404e-12
3.3910118093229167e-12
3.450347755552544e-12
Acceptance rate: 0.38249999999999984
1.989468288039499e-12
2.146488833952901e-12
1.8461961279519743e-12
1.5870495316317024e-12
1.7279424680274042e-12
1.798589084732886e-12
1.799762251976049e-12
2.053877421479718e-12
2.1335790618843645e-12
2.205005610168094e-12
2.435490464653945e-12
2.6242429979763372e-12
2.4170406091824778e-12
2.6891917520558564e-12
2.7029528638444273e-12
2.408026005351353e-12
2.2709435534205906e-12
2.2044590401500217e-12
2.428862314644913e-12
2.3085247315168223e-12
2.2966598976795915e-12
2.41893428883725e-12
2.6666746755048026e-12
2.895207146440367e-12
2.648792372303941e-12
2.3444175361954397e-12
2.2394225894895592e-12
2.4013160615470922e-12
2.4426525623524797e-12
2.367647427444504e-12
2.4024084867699154e-12
2.4770919658486988e-12
2.6748959737678377e-12
2.8770079699419623e-12
2.82115293775176e-12
2.5936314763694005e-12
2.4277612189274996e-12
2.5533062665487676e-12
2.5937986739944725e-12
2.669442868681826e-12
2.5868628794228756e-12
2.906009311396265e-12
3.0070348257041402e-12
2.986161374866229e-12
3.1590516182299456e-12
3.2621903207018856e-12
2.7896979420201112e-12
2.767868758181673e-12
2.7899726951792136e-12
2.8675169343465655e-12
3.0399879086710378e-12
3.4029206667657343e-12
3.3185912441455547e-12
3.3234463869039726e-12
3.0182388125911385e-12
3.0316740663209586e-12
3.08942630534926e-12
2.7068647492580872e-12
2.8661679277826393e-12
3.0613479292990354e-12
2.917690993662385e-12
2.6948166212629516e-12
3.0225924072899223e-12
2.9016863027806563e-12
2.8488156799105382e-12
2.6729301795646283e-12
2.7224883633237405e-12
2.6818498407581047e-12
2.4827065360910893e-12
2.6215408499769317e-12
2.7398881796457433e-12
2.760011971175911e-12
2.7336911752005704e-12
2.607237324621198e-12
2.6469283402301094e-12
2.528442338631832e-12
2.3254377089550203e-12
2.359250892568677e-12
2.60720175152917e-12
2.3481482124635245e-12
1.999647913830691e-12
1.8815905266488975e-12
1.7454905765889887e-12
1.6221759053850198e-12
1.6038985879882275e-12
1.70019693976918e-12
1.6766016369596237e-12
1.817643230570685e-12
1.942071974259678e-12
1.9190299038442327e-12
1.9118502258450493e-12
1.7986595606683007e-12
2.136459768830337e-12
2.196956140026404e-12
2.442747748448651e-12
2.611540496035046e-12
2.5218565529838755e-12
2.5197936776753863e-12
2.413669912652588e-12
2.4110300712975397e-12
Acceptance rate: 0.35749999999999926
1.4574651235795021e-12
1.5329788341032458e-12
2.171030025443173e-12
2.15067484785585e-12
2.325908922644352e-12
2.3042632053969205e-12
2.323458708444571e-12
2.0687788680404046e-12
2.0869274308629193e-12
2.149876704572036e-12
2.212599302101998e-12
2.140784762193065e-12
2.1268974426425906e-12
2.211672868782157e-12
2.363952094442581e-12
2.478827961412076e-12
2.8150135644208723e-12
2.754147435214438e-12
2.708073653264041e-12
2.5710499737587808e-12
2.6033172128073875e-12
2.7075770406514523e-12
2.5412033079168216e-12
2.609895014386324e-12
2.615387266875615e-12
2.3131177753349165e-12
2.1658782014331476e-12
2.255331629076632e-12
2.342978077639678e-12
2.2113972864706086e-12
2.44235202332717e-12
2.7661990438329868e-12
2.9875245260750238e-12
2.7574370483178155e-12
2.6014478371872235e-12
2.702962005621009e-12
2.642343095068074e-12
3.100776679822306e-12
2.9288442869807837e-12
3.1148470012599254e-12
2.8915610001773883e-12
2.825840404166384e-12
2.5514658058156813e-12
2.3197126158336666e-12
2.3337258152963034e-12
2.3087447607487133e-12
2.275567620277853e-12
2.337447128446037e-12
2.251742311309339e-12
2.0632886692016782e-12
1.826001540667244e-12
1.7665016721471025e-12
1.755684347176783e-12
1.6132474361679027e-12
1.617257928155113e-12
1.5299053104621735e-12
1.4491526510032124e-12
1.4725824871901203e-12
1.361238693916425e-12
1.8036563338607756e-12
1.7280020602188145e-12
1.8487912512176666e-12
1.9379516199192373e-12
2.0653145271352706e-12
2.044069339682935e-12
1.8301082107376024e-12
1.8698625586537145e-12
1.960304333447963e-12
2.1394288259467434e-12
2.2315436791907802e-12
2.3857635453790873e-12
2.3114253326628446e-12
2.3475954463597397e-12
2.1326157096833246e-12
2.6012691905364797e-12
2.499769181003488e-12
2.4392897417543907e-12
2.37853844843238e-12
2.3879653804180287e-12
2.6206891555686095e-12
2.7922060365552624e-12
3.0928618174485786e-12
3.193097259355713e-12
2.9521736744095256e-12
3.1345906142609765e-12
3.105754501725193e-12
3.0704354482408956e-12
2.774679146317877e-12
2.772037581511109e-12
2.7128263358015104e-12
2.876902560014449e-12
2.6656235022071837e-12
2.5114107631237844e-12
2.6770685664927693e-12
2.8048217096979583e-12
2.5046103732490614e-12
2.5041352561908462e-12
2.2111882067678704e-12
2.159063032773852e-12
2.2296380669014538e-12
Acceptance rate: 0.349833333333331
1.4316265982557573e-12
1.3887305595500728e-12
1.511371704840802e-12
1.3906342088375905e-12
1.3613258068641521e-12
1.392086132171167e-12
1.4158964369383987e-12
1.4422049892460976e-12
1.6496709798565847e-12
1.64075707499036e-12
1.6313426560749692e-12
1.712250337772597e-12
1.8205947578988058e-12
1.627074409836302e-12
1.5869786185458988e-12
1.692640944050169e-12
1.7424139619881599e-12
1.8195016008513484e-12
1.911026585581747e-12
1.8057722649130979e-12
1.7969680177319853e-12
1.7477573141914007e-12
1.9897912123035604e-12
2.2150215264430514e-12
2.286710205376421e-12
2.35023754738462e-12
2.428042600273085e-12
2.329703609008788e-12
2.546300859505924e-12
2.6441709556574555e-12
2.9753350666363555e-12
2.865913213051756e-12
2.846825110002839e-12
3.0505239950446535e-12
2.9140451456760064e-12
2.8259676192905217e-12
3.0812593241938052e-12
3.2685971500900302e-12
3.2134948606406812e-12
2.874961062992759e-12
2.9486751063250037e-12
2.8764740258494774e-12
2.9438114493321068e-12
2.96956590615355e-12
2.825865582288754e-12
2.7118398212506057e-12
2.8379840376887352e-12
2.641592416979629e-12
2.6060827170032376e-12
2.366208105250014e-12
2.521717562148533e-12
2.5656004040943378e-12
2.9125558527160006e-12
2.6785507660169645e-12
2.395785209959472e-12
2.2363082516004915e-12
2.238612480687973e-12
2.0990502558766693e-12
2.0209435021218694e-12
2.1099315401994593e-12
1.985104229573714e-12
2.2224002005882514e-12
2.0746649129617986e-12
2.120721673939003e-12
2.377653008829261e-12
2.5608479052785395e-12
2.5516977927183683e-12
2.7364980302579404e-12
2.9777014118562113e-12
3.1656950281614085e-12
3.064418566423839e-12
2.8411247424831313e-12
3.0742920518872196e-12
3.1041715976570895e-12
3.1363595838547095e-12
3.044147316294093e-12
3.306223879806033e-12
3.2120689086313117e-12
3.32265976748366e-12
3.1475036750313147e-12
3.4132409748844337e-12
3.69774699175218e-12
3.6263494838289614e-12
3.5183866235858014e-12
4.146204120520039e-12
3.746484277607552e-12
3.81687539585811e-12
3.740591792938396e-12
4.298618155399129e-12
3.757368867129117e-12
3.3728657341173244e-12
3.319785294393615e-12
3.245770353789825e-12
3.0804714084445517e-12
2.9670366422198642e-12
3.0460515627470415e-12
2.737386645570816e-12
2.4234200418365402e-12
2.4745027119421563e-12
2.4528911251290057e-12
Acceptance rate: 0.3474999999999998
1.5448475597074837e-12
1.5522222711211836e-12
1.6170923979484787e-12
1.5466259020097372e-12
1.5158306866480811e-12
1.3721510105861241e-12
1.3431345977099297e-12
1.3282867368180725e-12
1.2901009930787533e-12
1.4044034141013143e-12
1.4667838867305455e-12
1.4625864385196781e-12
1.4264851583891413e-12
1.4568564279907257e-12
1.5934088260838573e-12
1.488277185435825e-12
1.3686246605747142e-12
1.379860863210733e-12
1.3592785615688978e-12
1.5144933789112184e-12
1.719880384376109e-12
1.6396117035871704e-12
1.5524884815605408e-12
1.6652873827368777e-12
1.954836375910709e-12
2.0170232843693364e-12
1.856352000968146e-12
1.851864919610608e-12
2.2338581608286566e-12
2.089656623118802e-12
2.34994736612118e-12
2.5005471055244475e-12
2.340333979374838e-12
2.235351195817681e-12
2.132536709915627e-12
2.2713621156788698e-12
2.9107146564606805e-12
2.776484635218503e-12
2.9198658969505585e-12
3.3578367501331114e-12
3.157784200976028e-12
3.5155681008592624e-12
3.4773985145712114e-12
3.4788879799577142e-12
3.7434218522692505e-12
4.002401684043075e-12
4.164972862012856e-12
4.399929339192717e-12
4.47031485366803e-12
4.099380370747642e-12
4.431372386511657e-12
4.399339819249005e-12
5.118483716664766e-12
5.10938305683668e-12
4.844528745210482e-12
4.898443904596236e-12
4.804725239285882e-12
4.244721759557525e-12
4.3840367469846586e-12
4.211572974107365e-12
5.238484083466069e-12
4.9810855517181616e-12
5.323314473723686e-12
5.217520525868141e-12
5.856918966523201e-12
5.922532828044796e-12
5.809318507634497e-12
5.605916407915398e-12
5.797473909028699e-12
5.641393487597268e-12
5.823645203622452e-12
5.3652806413100035e-12
5.2478225616374445e-12
4.858409329662609e-12
4.7946051080487035e-12
5.143595879177092e-12
5.194433906177024e-12
5.2467803300215225e-12
5.469341733709044e-12
6.038808743393222e-12
6.065958029504943e-12
5.947963295413283e-12
6.108478388429944e-12
5.919743680457438e-12
5.513156009498529e-12
5.411551654895866e-12
5.370622482434096e-12
4.983006129602543e-12
4.6294879700219006e-12
4.269529178335336e-12
4.481543711068057e-12
4.595402038121016e-12
5.7413195093822696e-12
5.954749166757477e-12
6.0782436885094514e-12
6.60727904146407e-12
6.817746995063644e-12
6.561323615442725e-12
6.105251009286904e-12
5.763565209070848e-12
Acceptance rate: 0.3399000000000008
3.720023316410524e-12
3.76512456703868e-12
4.059529604299766e-12
3.875488326285183e-12
3.793069883265148e-12
3.6342971438956853e-12
3.679897921983695e-12
3.739597519408606e-12
3.411827348468885e-12
3.4660516905031458e-12
3.197785939866054e-12
3.3472945828619096e-12
3.9443524993192046e-12
3.85584880095597e-12
3.4829485006425087e-12
3.521547433980345e-12
3.591032908652753e-12
3.731010498779858e-12
3.555949470773439e-12
3.639700011205386e-12
3.458751957874817e-12
3.5208777322898322e-12
4.1637459067193884e-12
4.068392586435506e-12
4.074870704513282e-12
4.033246069560445e-12
4.244253885741255e-12
4.469252471127646e-12
3.961847320326186e-12
3.766889464073788e-12
3.474859085475839e-12
3.417173670744432e-12
3.3810402328134855e-12
3.3167806430518875e-12
3.628091316425947e-12
3.5245148571580602e-12
3.424748377220741e-12
3.261809758050614e-12
3.082536519338576e-12
3.1540613015388317e-12
2.802940037826928e-12
2.9992902431075313e-12
2.8887115128848807e-12
2.6718346610035804e-12
2.7909140180035595e-12
2.9527537918519035e-12
2.924919964221463e-12
3.1458722164996823e-12
3.0442848729494407e-12
2.8379417283628064e-12
2.8840977185798503e-12
3.0003533447972704e-12
3.2122317157771907e-12
3.551415775052267e-12
3.381590941043662e-12
3.9078438189843914e-12
3.827844028964547e-12
3.80764063650744e-12
3.705469278547822e-12
3.672252956392566e-12
3.755938613527423e-12
3.663289047028426e-12
3.665541191886278e-12
3.546077424921511e-12
4.7257676428799845e-12
4.9777603750611885e-12
5.029357058999738e-12
5.451663401635798e-12
5.054322886391782e-12
5.151137787525907e-12
4.886787017211902e-12
4.50228625755923e-12
4.33251835536291e-12
3.9985151401020075e-12
4.5038776421450766e-12
4.289754642703419e-12
4.876115955335297e-12
4.477957257662624e-12
4.8428883356814095e-12
4.922094066313129e-12
5.072751525784688e-12
5.8335384506125835e-12
5.517009422486272e-12
5.331248724722263e-12
6.017719709885778e-12
5.440292869366157e-12
5.385088476181321e-12
5.6502306673544845e-12
5.603767238555761e-12
6.066303248176006e-12
5.745586721205454e-12
5.712134474444238e-12
5.732072371387734e-12
5.355322638730473e-12
5.074125158159093e-12
4.779030158266771e-12
5.068658796436926e-12
4.767848378814233e-12
5.066973147466519e-12
5.382910068321615e-12
Acceptance rate: 0.33966666666666717
3.406300787991859e-12
3.126024206128876e-12
3.0478548986103626e-12
3.392774967108749e-12
3.49516684904571e-12
3.3869932091839094e-12
3.1215813234261512e-12
3.7480581342989635e-12
3.5187285626294637e-12
3.715163084934397e-12
4.1314032213220426e-12
4.4548109821505594e-12
4.658057018209968e-12
4.461241156157356e-12
4.515266225464505e-12
5.666671550108063e-12
6.046402958592068e-12
5.978708128104224e-12
5.570012456560882e-12
5.483560413551371e-12
5.556928278754065e-12
5.335467319267415e-12
5.13526527819014e-12
4.805910163257331e-12
4.684669125440384e-12
4.6491811995969155e-12
4.394119329793947e-12
4.077620774932753e-12
4.183631506976702e-12
4.027979401602307e-12
4.152510615599967e-12
3.746341655843213e-12
3.735414763006035e-12
3.6377320739950237e-12
3.7212850030030216e-12
4.25663166427915e-12
4.767526174545552e-12
4.559943849289218e-12
4.83429670816e-12
5.2620850429596895e-12
5.581265427423211e-12
5.1318131623608094e-12
5.0012333770852965e-12
5.197505430901268e-12
5.788072404262508e-12
5.960287815844218e-12
5.904465193302064e-12
6.000987134584455e-12
5.5465703228636724e-12
5.227779325971763e-12
5.072805479553741e-12
5.097510315512116e-12
6.196918724195425e-12
7.232066014642094e-12
7.1339117213087906e-12
6.710437315877106e-12
6.223283659214612e-12
6.2318264561070705e-12
6.270037228404432e-12
7.057833463572695e-12
7.76843198218661e-12
8.279338146258189e-12
7.38761285678157e-12
7.562550520983215e-12
7.58593708357372e-12
7.723727308080564e-12
7.817558772060643e-12
7.59749530128732e-12
6.95966901933017e-12
7.110883746627478e-12
6.657848854000592e-12
6.2961596961383064e-12
6.078419468076683e-12
6.246469148947767e-12
6.014752899219281e-12
6.311886610748351e-12
6.873941878789993e-12
6.87911897536382e-12
6.115503411823538e-12
6.418353269963849e-12
6.292515844687944e-12
5.864636250059204e-12
5.624787980105391e-12
5.4590650015639736e-12
5.497895961004762e-12
5.112484095545779e-12
5.079962579220796e-12
4.75159942152273e-12
4.8761762133980946e-12
4.5203734381625826e-12
4.418874339954038e-12
4.636870767233203e-12
4.414798526178283e-12
3.764008183035539e-12
3.614513638810386e-12
3.3648810181778556e-12
3.3497309066593555e-12
3.754547236885833e-12
3.609566270158443e-12
3.789812401871607e-12
Acceptance rate: 0.3384999999999999
2.4466368662509377e-12
2.1842443414493036e-12
2.0321682087266173e-12
2.0834029492476565e-12
2.0610596321805864e-12
2.081048077296535e-12
2.073709993744771e-12
2.2363040238047983e-12
2.3825582922203378e-12
2.523918048351781e-12
2.6826498054302387e-12
2.664760972069052e-12
2.579529129384453e-12
2.8676764970363296e-12
2.926564587882856e-12
3.1902068829456633e-12
3.71601158288281e-12
3.696080169943379e-12
3.5916114426003402e-12
3.693924466182528e-12
3.2724871672707867e-12
3.3621717691761103e-12
3.2822560187037196e-12
3.6221868838083145e-12
3.640068488753552e-12
3.777789499565838e-12
3.684630064046492e-12
3.699215018512334e-12
3.657071415869768e-12
3.344701508658124e-12
3.4155527345119226e-12
3.317682580750471e-12
3.3528068957569172e-12
3.5124436721307443e-12
3.789651038309943e-12
3.815685781964884e-12
3.696273298954841e-12
3.6553600272880336e-12
3.647449379699934e-12
3.433110357205595e-12
3.5782660105384236e-12
3.737785654612025e-12
3.723625492954133e-12
3.826750072716981e-12
4.020542031386601e-12
3.4793899460217893e-12
3.605847621343723e-12
3.8618500783299474e-12
3.79883817266259e-12
3.9411825922524445e-12
3.919500631194866e-12
3.914638006704417e-12
4.078395419620715e-12
4.0237918454552436e-12
3.902924194989843e-12
3.690471778101855e-12
3.5347926238278823e-12
4.06809283420967e-12
3.786696991835105e-12
4.145866747726178e-12
3.638385597636997e-12
3.4988253017139498e-12
3.773381803921401e-12
3.726560458318322e-12
3.5420317003386826e-12
3.489838848298462e-12
3.750575645432312e-12
4.568451036766713e-12
4.5104232803306535e-12
4.525227116975237e-12
4.659311693673465e-12
4.651725754389647e-12
5.012770582176086e-12
5.3373018416088134e-12
5.07926956965931e-12
5.0114863153821085e-12
4.5133915418700276e-12
5.244032580341291e-12
5.50059595960533e-12
5.281972325491736e-12
5.109148460897824e-12
5.847987506466955e-12
5.26358105043829e-12
4.804439727407485e-12
4.637566430503577e-12
4.174204514312233e-12
4.2006755909742936e-12
4.366858893409978e-12
4.4455501654286066e-12
4.916849008823974e-12
4.686799056980528e-12
4.586865221543334e-12
4.2523237768999026e-12
4.6091991698990725e-12
4.7667579938300116e-12
4.450720557652155e-12
4.594037747482168e-12
4.8480596111602255e-12
4.918218603035976e-12
4.912969739762434e-12
Acceptance rate: 0.3403124999999991
Sampling time (10 samples): 4191.3605 seconds
