/scratch/users/yanlan/TroubleShooting/Weights/Output/AM_PM_ET_238_356_00
1.0751580077052489e-06
5.696107190501088e-07
3.226634137046938e-07
1.92524479410472e-07
1.1722736922154169e-07
7.195122420735452e-08
4.488869297351787e-08
2.9298582935652154e-08
1.806362107829008e-08
1.3236220898709937e-08
9.467425895894472e-09
6.7046509358724375e-09
5.469140132984094e-09
4.050141307634681e-09
3.3000282335174197e-09
2.507522077141788e-09
1.98855848462647e-09
1.6507462166673898e-09
1.2232895568118672e-09
9.595617113631876e-10
7.396382594301406e-10
5.726138444392002e-10
4.660137448047599e-10
3.790439316985693e-10
3.2988540061093613e-10
2.893252079497906e-10
2.525129257615758e-10
2.278610748543671e-10
2.2417664984435688e-10
1.7301302380795562e-10
1.5169714512739494e-10
1.403135563535585e-10
1.1907715023051036e-10
1.0712073725768577e-10
9.981405635583661e-11
8.373981026372391e-11
6.909394795367773e-11
5.912841398329351e-11
5.276682017641194e-11
4.72143312899955e-11
4.0336272750051804e-11
3.9334476852323646e-11
3.390363879966218e-11
2.9424402250675044e-11
2.6206925377525213e-11
2.5117751537004497e-11
2.4502368579827834e-11
2.268139465404425e-11
2.0535309049442308e-11
1.822116337633198e-11
1.781870858514444e-11
1.7229505978561625e-11
1.731415619643474e-11
1.6853250587792996e-11
1.596606429415308e-11
1.3443776591636046e-11
1.253640598169211e-11
1.1144528592760412e-11
1.0497134327166772e-11
9.756894320582915e-12
9.238322696551102e-12
9.490536893927414e-12
8.858404752372006e-12
8.758048598557787e-12
8.540137967327486e-12
7.915997802842286e-12
7.306477840281994e-12
7.488507632493636e-12
7.547600413122285e-12
8.476583755033606e-12
8.169143291853246e-12
8.092299960117055e-12
7.825512496452502e-12
7.174696003251082e-12
6.925888522552601e-12
7.41741355343907e-12
7.350571609704544e-12
7.041439468634607e-12
7.252392774526985e-12
7.36725569631056e-12
8.006759694407059e-12
7.577146227916641e-12
7.867408440107658e-12
8.0522329132717e-12
7.2268439602135134e-12
6.471226564967948e-12
6.592995443564821e-12
6.644594620301541e-12
6.646041868964783e-12
6.840465526372184e-12
6.510164040268581e-12
6.090100045049635e-12
6.353465138051739e-12
6.547876635599479e-12
6.7248492171395804e-12
6.864540798162567e-12
6.229653355673649e-12
6.247716760296886e-12
5.640934154977076e-12
5.470476403531219e-12
Acceptance rate: 0.35250000000000004
3.224843637632606e-12
3.3122365294241247e-12
3.042399178840495e-12
2.9508508666661466e-12
2.7223214555212118e-12
2.6691395776160785e-12
2.659389611027318e-12
2.5739737403016154e-12
2.941799978823603e-12
2.941670532342109e-12
2.898239337273123e-12
2.720754621587163e-12
2.63094859286427e-12
2.902285095637666e-12
2.8398065271632815e-12
2.727220383273082e-12
2.6507872641253694e-12
2.4664195277535744e-12
2.288738268439712e-12
2.1021796756957292e-12
1.8936188675062e-12
2.0969330348914506e-12
2.0607536171350203e-12
2.121898888463499e-12
2.2332470130518832e-12
2.257361812378128e-12
2.3095275328926407e-12
2.491305610138298e-12
2.1502903062544575e-12
2.1360465778500637e-12
2.0095789921283746e-12
2.1909706591714154e-12
2.1643780532057395e-12
2.08932237362171e-12
2.1680938754759828e-12
2.335354122688587e-12
2.6028975118170735e-12
2.957568904624538e-12
2.8290587461710013e-12
2.823642950302112e-12
2.8509341064127385e-12
2.5246909055621853e-12
2.1896003029030433e-12
2.4344384671553476e-12
2.357331762611303e-12
2.356636652394694e-12
2.7075970339859677e-12
2.4848575065883596e-12
2.362523305485749e-12
2.4065675958812276e-12
2.439872439979378e-12
2.7929505445036914e-12
2.855919169285082e-12
3.2053466541774725e-12
3.32925297747041e-12
3.1302913707425434e-12
2.813040846192491e-12
2.803413718747246e-12
2.763689829098746e-12
2.7179063864187606e-12
2.429889213090207e-12
2.5118809609427947e-12
2.4442238545021624e-12
2.4795086484155964e-12
2.312964712472507e-12
2.133028496507166e-12
1.969151152464189e-12
2.1209771784764762e-12
1.9207995329475693e-12
2.1828795200876104e-12
2.0322381944331593e-12
1.9298603480914324e-12
1.7950428618464645e-12
1.7521984783421167e-12
1.88124551441392e-12
2.0216569736438386e-12
2.159906714144182e-12
2.3073388413625937e-12
2.192082925789245e-12
2.5781276579156616e-12
2.6748442293220607e-12
2.6300584667557135e-12
2.5442474766629593e-12
2.510409287244895e-12
2.6367489450648505e-12
2.949993702474223e-12
2.71236723629788e-12
2.7937118035645887e-12
2.7387117910350076e-12
2.433468737807529e-12
2.5965323285894483e-12
2.5285188082576273e-12
2.2611111702906032e-12
2.0239024145320436e-12
2.085228639081266e-12
2.0204185684955383e-12
2.10224685687542e-12
2.2344186441671986e-12
2.56717705293972e-12
2.5282955671891798e-12
Acceptance rate: 0.3367499999999996
1.530385335020344e-12
1.4685765998360272e-12
1.6049003335960827e-12
1.6642018087287042e-12
1.523447030863076e-12
1.5356907595295475e-12
1.4764509175033368e-12
1.5372660227660932e-12
1.539592934983788e-12
1.613081358207132e-12
1.7421470271316977e-12
1.809662257359066e-12
1.8736937581932296e-12
1.8078025664012228e-12
1.7000218397091507e-12
1.6542381557020445e-12
1.7546459088688284e-12
1.6900185330843591e-12
1.7892834816967747e-12
1.9762502927595544e-12
2.3175766661730995e-12
2.5410163079740497e-12
2.778893125078859e-12
2.9273633738270426e-12
3.503209104247838e-12
3.471209803149593e-12
3.6585182846368685e-12
3.6175707030768828e-12
3.704652312496183e-12
3.772677687036671e-12
3.7326635584772975e-12
3.2931496769751136e-12
3.2441829272449953e-12
3.3811741939381364e-12
3.689271246479844e-12
3.5097267057035557e-12
3.3787432528121233e-12
3.5991058271189362e-12
3.967111972904586e-12
4.0350126841105056e-12
3.8505458592148324e-12
3.5610845631203445e-12
3.83711693924983e-12
3.843035063328318e-12
3.87481550110972e-12
3.655083719965849e-12
3.840783414322833e-12
3.8359649790709445e-12
3.883478924643383e-12
3.9372271561169265e-12
3.9093220765838575e-12
3.6343660588208615e-12
3.6175060829014976e-12
3.5952630333973307e-12
3.890412316343398e-12
3.791816410042755e-12
3.80223151023157e-12
3.767729360041457e-12
3.5216352099897193e-12
4.628843257712109e-12
4.653213699661315e-12
4.50688814041218e-12
5.028236711703014e-12
4.962349469127002e-12
4.906174207968481e-12
4.574489176993201e-12
4.197778475450292e-12
4.2632915937362526e-12
4.075870049445129e-12
4.082074976591062e-12
4.035886051024006e-12
3.946261017313593e-12
3.992165553429577e-12
4.219949762993925e-12
4.15370945064858e-12
3.9278350079170485e-12
3.853594246730387e-12
3.842294317593437e-12
3.708940896965628e-12
3.73886797729569e-12
4.009105582924757e-12
4.664287221098399e-12
5.163712633687963e-12
4.9584521368114175e-12
5.161148348369339e-12
5.069936590570089e-12
5.188406831348937e-12
5.419579131508719e-12
5.260738452329966e-12
5.159406573330253e-12
4.882056106371119e-12
4.593757577182458e-12
4.041909082547483e-12
3.5980134122272512e-12
3.7126854967192064e-12
3.3995404746639087e-12
3.5995815041206906e-12
3.845725368554267e-12
4.021938399550708e-12
4.3409809465420455e-12
Acceptance rate: 0.32299999999999923
2.7920795233746964e-12
2.942886725744532e-12
3.5491964825915036e-12
3.493076556536084e-12
3.5036540501337325e-12
4.143141093277817e-12
4.118286403788899e-12
3.860409122607181e-12
3.879239080171817e-12
3.5737002414686754e-12
3.148515987639059e-12
3.3225214008729767e-12
3.957336130133963e-12
3.887850846977897e-12
3.85072245988173e-12
3.4917048595934995e-12
3.830818254489406e-12
4.233467408598191e-12
4.2650443712592105e-12
4.2631555775758744e-12
4.215819481897015e-12
4.691969375099386e-12
4.914176923528355e-12
5.0326488324556415e-12
5.174628851476184e-12
5.3096386659215365e-12
5.262624725938945e-12
5.400171759650386e-12
5.8079680110827755e-12
5.342775007989116e-12
4.861336545215332e-12
5.001824700980079e-12
5.0377714020277e-12
4.8198566654319176e-12
4.8556377840690326e-12
4.622417097284048e-12
4.224075573938443e-12
4.119593488414219e-12
4.007899670942296e-12
4.1363122316468044e-12
4.144157383131444e-12
4.261089154620338e-12
4.249213376727102e-12
4.832318845677331e-12
4.836100409793713e-12
5.188888450542116e-12
5.314740913189237e-12
4.857808582618011e-12
4.6553665967387345e-12
4.641004680021506e-12
4.287963324878262e-12
4.273989145692696e-12
4.4457874000201515e-12
4.57251394557455e-12
4.356175318047988e-12
3.7958786494385736e-12
4.01050726175937e-12
3.835421164789261e-12
3.869211448752081e-12
3.857784558967716e-12
3.5095697311944585e-12
3.837437354357125e-12
3.9682402253907384e-12
4.1299443127421734e-12
4.493139537754213e-12
4.639924900362755e-12
4.6013471793666085e-12
4.405058105253847e-12
4.2445884482848795e-12
3.879558061125662e-12
3.814190996656093e-12
3.911971124880319e-12
4.163044461158034e-12
3.6135229511170123e-12
4.5080392369348064e-12
4.717821383536845e-12
4.752404434067477e-12
4.501142895333294e-12
4.101953132500078e-12
4.1119074168885394e-12
4.1590093566046415e-12
4.081080007351465e-12
4.69813923006892e-12
4.7938518386737286e-12
5.114778228687278e-12
4.956911226515904e-12
5.476310200369982e-12
5.374308807235928e-12
5.152706045623247e-12
5.2214307825856125e-12
5.25362733112824e-12
5.265962739492796e-12
5.585077981930104e-12
5.1150776407281466e-12
5.078348349469948e-12
4.5648922836432636e-12
4.151689129720481e-12
4.21871116339282e-12
4.216703627496498e-12
4.192449023537476e-12
Acceptance rate: 0.3261250000000001
2.691337179886088e-12
2.6560749557388616e-12
2.6229385375032474e-12
2.5546152316663576e-12
2.559737494509667e-12
2.577356016913685e-12
2.674041158853234e-12
2.9739979916446277e-12
2.992402540277421e-12
2.949942049145076e-12
2.988400099935177e-12
3.0418725304762035e-12
3.5800204561608305e-12
3.5153865092365847e-12
3.4994974261609e-12
3.993068679778536e-12
4.751042028806042e-12
5.1710824347267486e-12
4.600543230911865e-12
4.389953242749642e-12
3.904304644275633e-12
4.1069805817754754e-12
4.096146456032972e-12
4.075947494920403e-12
4.149203043227069e-12
5.0127527124772796e-12
5.2401792454169965e-12
5.311977355061052e-12
5.3322686970958855e-12
5.42055894204639e-12
4.929331478948743e-12
4.596474486060501e-12
4.922014330770852e-12
4.464038913142039e-12
4.355125000376993e-12
4.358559476579679e-12
4.64536551438563e-12
4.427570357861324e-12
4.147122203732528e-12
4.261645311530436e-12
4.3567232669751246e-12
4.670101895389581e-12
4.92999338761964e-12
5.290377845387937e-12
5.4038708934881505e-12
6.032361555617707e-12
6.132372389489425e-12
6.528367947550732e-12
5.897347735723311e-12
5.453680188534756e-12
6.0905889529627986e-12
5.762235274657348e-12
5.519839673942743e-12
4.8561412705503155e-12
4.6202092474103355e-12
4.416471198757884e-12
4.4393051980809265e-12
4.767139486073134e-12
5.088407263587801e-12
5.717982580796652e-12
5.503462591568923e-12
5.6224333810771544e-12
5.110036481860629e-12
5.061360156788891e-12
4.829328061516338e-12
5.131720027058909e-12
5.0972032037326646e-12
5.0705040118702495e-12
4.735173300425655e-12
5.7299374875428065e-12
5.8914955334602675e-12
5.25141641028972e-12
5.235936498878229e-12
4.799239936400769e-12
4.589559758136027e-12
4.180878692450684e-12
4.180640147389358e-12
3.914156335305873e-12
3.616402322239147e-12
3.4733640208377875e-12
3.925765502154833e-12
3.557361637430478e-12
3.978681423620291e-12
4.235918146182804e-12
4.168030234958683e-12
4.016814902467508e-12
4.017732846740135e-12
3.731250917929507e-12
4.085148889317778e-12
4.753132031986744e-12
4.783956098019888e-12
4.70364472857912e-12
5.3291228702012525e-12
4.9610969209012374e-12
4.6172044341611435e-12
4.559966290044794e-12
4.614710865396131e-12
4.41998922339033e-12
4.5312769607595905e-12
4.7070260456961725e-12
Acceptance rate: 0.3249000000000003
2.9623890460134625e-12
3.071554705194838e-12
3.0800193441232296e-12
3.102467365232502e-12
3.0772561376107634e-12
2.916762028833728e-12
3.0000168119808038e-12
3.0119931528346423e-12
2.876528855519949e-12
3.070474647938094e-12
2.911958878021971e-12
3.0337087757833515e-12
3.195585350918186e-12
2.9888677540964943e-12
3.1108476794831223e-12
3.3673393606487202e-12
3.6491870043541325e-12
4.001460887432301e-12
4.02822469457911e-12
4.0264410029863184e-12
4.041396609928643e-12
4.217204042817775e-12
4.443769893573116e-12
4.632871922130561e-12
4.918919868815465e-12
5.158636882988609e-12
4.984759110121419e-12
4.591127368638818e-12
4.544245971689568e-12
4.099865426744293e-12
3.907936676599832e-12
3.795809995179374e-12
4.364855641107268e-12
4.881659021157731e-12
4.5348657409797146e-12
4.540450614455127e-12
4.230209550763299e-12
4.138155578245765e-12
4.354068112032342e-12
4.066759052892945e-12
3.830330834266856e-12
4.197143809743371e-12
4.294756084961189e-12
4.261610226573171e-12
4.07613833483051e-12
3.719346470514898e-12
3.853657396731606e-12
4.2918986453940495e-12
4.10847787236472e-12
4.00189932956608e-12
4.200018697757787e-12
4.296690881433019e-12
4.206292800857663e-12
3.818728549236856e-12
4.568595789146042e-12
4.259860098291698e-12
4.253228525253601e-12
4.506453377476283e-12
4.43040402378629e-12
4.249037269323813e-12
3.877308639655329e-12
3.949842981544171e-12
4.4129299354124734e-12
5.041912816300039e-12
5.790991461140016e-12
7.071720288656384e-12
7.092079712405563e-12
7.410866354893787e-12
7.485763487332107e-12
7.331360716878117e-12
6.800783575109375e-12
6.821224281091878e-12
6.570044230379688e-12
7.32321024926856e-12
6.8247962615587206e-12
6.666169404827191e-12
6.61239844894238e-12
6.392926064619926e-12
6.998449790111945e-12
8.199738605159965e-12
7.94234018510425e-12
8.643314693334424e-12
7.385115084340409e-12
7.222685447063098e-12
6.513076461259112e-12
6.267889202627646e-12
6.24800022030818e-12
6.021660546178847e-12
5.587710118020067e-12
5.665968788440844e-12
6.112166987480145e-12
5.766176304090361e-12
5.284350541775345e-12
5.285261916773722e-12
5.574271357986934e-12
5.5347469667711995e-12
5.811387676892598e-12
6.324782563672425e-12
6.585152139131322e-12
7.184940049482037e-12
Acceptance rate: 0.3216666666666674
4.631753957558351e-12
5.1192846306217535e-12
5.649081883023071e-12
6.260570919641907e-12
6.679112764974145e-12
6.52305897980699e-12
6.2832318283170705e-12
6.5049208585167685e-12
6.4356564795304796e-12
5.54386442435194e-12
5.5542714516920456e-12
5.1209525278340675e-12
5.3912160219464905e-12
5.096002764585149e-12
5.038431345750132e-12
5.107824158514412e-12
5.091810764446522e-12
4.9171724433594235e-12
4.922255444655389e-12
4.757767215740356e-12
4.873575299955592e-12
4.923438924220412e-12
5.008027423771088e-12
5.030589692933273e-12
4.866277789479712e-12
5.2160052921304494e-12
5.86928475500712e-12
5.933490021527359e-12
5.9294021788785035e-12
5.588920017172958e-12
6.6092450339309914e-12
7.216594626306567e-12
7.544730205753326e-12
7.545248536855988e-12
7.366905276840077e-12
7.509888768132527e-12
7.498165112585258e-12
8.158113871164473e-12
7.41206705179611e-12
7.287136118630083e-12
7.349577073309847e-12
6.831695301488329e-12
6.2406641217875025e-12
5.9585435693503344e-12
7.245676415982608e-12
6.61605947224783e-12
6.3690272177281724e-12
6.682449826242914e-12
6.797995312751519e-12
7.086713618856422e-12
7.826600965326096e-12
7.530211408758762e-12
6.588531054351329e-12
6.7750465030994214e-12
6.064148403844e-12
5.372978413562634e-12
5.3209480559488426e-12
5.215711011244324e-12
4.8088129017334746e-12
4.4634744223878605e-12
4.4984613877397255e-12
5.455318571793089e-12
5.052931592478663e-12
4.590905075987472e-12
4.243877727149496e-12
4.088237470396524e-12
3.9410754329968374e-12
3.855737870893599e-12
4.434832834141549e-12
4.456619180951528e-12
4.2380370091103054e-12
4.6313577818974315e-12
5.868818974819878e-12
5.751275097706164e-12
5.992728029024602e-12
6.9071206110306325e-12
6.28365432367605e-12
5.8747079325449875e-12
5.826978491733753e-12
5.497484850859547e-12
5.619091705225093e-12
5.6247951760832104e-12
5.814722194870133e-12
5.669195707062253e-12
5.364979703516937e-12
5.487874517100478e-12
6.0363418634080775e-12
6.191551366270223e-12
5.746623065400986e-12
5.567591512504065e-12
6.031131437031157e-12
5.64078486418463e-12
5.130757608330275e-12
5.24191089271706e-12
5.060062218933162e-12
6.284975596563996e-12
6.709001845804777e-12
6.270954958496479e-12
5.732950325551998e-12
5.929022008556926e-12
Acceptance rate: 0.3252142857142871
3.7901789135891175e-12
4.046194473146143e-12
3.93261786372086e-12
4.461593563732685e-12
4.623202786302381e-12
4.57188260711172e-12
4.4206781884015076e-12
4.2534743474083055e-12
4.1597957616318324e-12
3.7548378650693754e-12
3.708030048588583e-12
3.5282946087524994e-12
3.5317971463361173e-12
3.5172174873092137e-12
4.202309721763918e-12
4.307813414030671e-12
4.06212297447844e-12
4.24242366480693e-12
4.331310168924144e-12
4.720955828544393e-12
4.7023353646439884e-12
4.493830353903151e-12
4.168691608857443e-12
3.912028703069971e-12
3.9881766755349554e-12
3.571354627825182e-12
3.5986968850944802e-12
3.647124254711475e-12
3.3214098502810023e-12
3.471890729597983e-12
3.458256039649458e-12
3.7705166572498015e-12
3.667880474514072e-12
3.4992883978105745e-12
3.470795602679647e-12
3.3266348815408454e-12
3.5295249691874735e-12
3.7793248135196944e-12
3.946790017933385e-12
3.791972018916499e-12
3.437983998497911e-12
3.490983253962707e-12
3.1403184987080744e-12
2.9701572830069003e-12
2.8467960784395726e-12
2.7888899783305682e-12
2.678529618008289e-12
2.9158509236987335e-12
2.9712891831464498e-12
3.016350477859125e-12
3.544462384452939e-12
3.710368209023988e-12
3.8703302246373195e-12
3.3578327582782717e-12
3.3593647708579414e-12
3.3060925714830643e-12
3.399321670349282e-12
3.710312276056921e-12
4.074547596812742e-12
4.094479499964365e-12
4.185906090509426e-12
3.901261292461361e-12
4.1304468666404245e-12
4.182733892350469e-12
3.875719902062653e-12
3.994837058545011e-12
3.884677587079788e-12
3.797180035537127e-12
3.572295009256214e-12
3.6085532628671897e-12
3.755693817909504e-12
3.9002601402294604e-12
4.011302748215131e-12
3.753264758236115e-12
3.871382776844605e-12
4.215701436711986e-12
4.100780044029547e-12
4.019028613421581e-12
3.912230233954688e-12
3.888731467774344e-12
3.843069276444539e-12
3.596986341313414e-12
3.4480653577381595e-12
3.5294608744214767e-12
3.34080946182599e-12
3.0849683218513703e-12
3.311768273451873e-12
3.1582545529138713e-12
3.323582066483045e-12
3.3767962093979925e-12
3.5042254157914123e-12
3.2210585098290027e-12
3.291948586883246e-12
3.6054511865979127e-12
4.056822505338495e-12
4.0982441092825425e-12
4.125319198045876e-12
4.669600287019094e-12
4.864183449671554e-12
4.223088287614658e-12
Acceptance rate: 0.3220625000000014
Sampling time (10 samples): 4313.8362 seconds
