GRID:  9
GRID:  25
GRID:  1
GRID:  8
GRID:  7
GRID:  5
GRID:  0
GRID:  6
GRID:  2
GRID:  3
GRID:  10
GRID:  22
GRID:  23
GRID:  12
GRID:  4
GRID:  17
GRID:  11
GRID:  21
GRID:  20
GRID:  16
GRID:  15
GRID:  14
GRID:  13
GRID:  18
GRID:  19
GRID:  24
GRID:  27
GRID:  26
GRID:  29
GRID:  28
GRID:  30
GRID:  47
GRID:  42
GRID:  43
GRID:  32
GRID:  34
GRID:  50
GRID:  41
GRID:  62
GRID:  35
GRID:  37
GRID:  31
GRID:  55
GRID:  45
GRID:  51
GRID:  36
GRID:  58
GRID:  39
GRID:  57
GRID:  60
GRID:  40
GRID:  53
GRID:  48
GRID:  38
GRID:  59
GRID:  33
GRID:  61
GRID:  56
GRID:  44
GRID:  46
GRID:  52
GRID:  49
