GRID:  4
GRID:  3
GRID:  11
GRID:  12
GRID:  5
GRID:  1
GRID:  8
GRID:  10
GRID:  2
GRID:  6
GRID:  9
GRID:  0
GRID:  7
GRID:  16
GRID:  13
GRID:  14
GRID:  15
GRID:  18
GRID:  19
GRID:  17
GRID:  20
GRID:  26
GRID:  25
GRID:  24
GRID:  22
GRID:  23
GRID:  21
GRID:  30
GRID:  31
GRID:  28
GRID:  33
GRID:  27
GRID:  34
GRID:  35
GRID:  32
GRID:  36
GRID:  29
GRID:  38
GRID:  39
GRID:  42
GRID:  41
GRID:  40
GRID:  37
GRID:  45
GRID:  43
GRID:  44
GRID:  47
GRID:  46
GRID:  48
GRID:  49
GRID:  51
GRID:  50
GRID:  52
GRID:  53
GRID:  54
GRID:  55
GRID:  58
GRID:  59
GRID:  57
GRID:  56
GRID:  70
GRID:  79
GRID:  78
GRID:  76
GRID:  74
GRID:  60
GRID:  93
GRID:  95
GRID:  71
GRID:  82
GRID:  87
GRID:  69
GRID:  80
GRID:  86
GRID:  92
GRID:  90
GRID:  64
GRID:  63
GRID:  83
GRID:  62
GRID:  98
GRID:  99
GRID:  89
GRID:  84
GRID:  77
GRID:  72
GRID:  73
GRID:  94
GRID:  96
GRID:  65
GRID:  97
GRID:  61
GRID:  75
GRID:  88
GRID:  36
GRID:  75
GRID:  45
GRID:  29
GRID:  74
RID:  30
GRID:  19
GRID:  34
GRID:  0
GRID:  43
GRID:  76
GRID:  35
GRID:  53
GRID:  41
GRID:  46
GRID:  31
GRID:  5
GRID:  26
GRID:  2
GRID:  54
GRID:  37
GRID:  48
GRID:  40
GRID:  38
GRID:  56
GRID:  42
GRID:  47
GRID:  28
GRID:  60
GRID:  50
GRID:  39
GRID:  57
GRID:  49
GRID:  51
GRID:  4
GRID:  58
GRID:  52
GRID:  59
GRID:  18
GRID:  25
GRID:  16
GRID:  24
GRID:  20
GRID:  71
GRID:  17
GRID:  21
GRID:  72
GRID:  22
GRID:  15
GRID:  66
GRID:  62
GRID:  69
GRID:  67
GRID:  65
GRID:  68
GRID:  70
GRID:  64
GRID:  11
GRID:  8

GRID:  63
GRID:  12
GRID:  13
GRID:  14
GRID:  6
GRID:  7
GRID:  9
GRID:  10
GRID:  88
GRID:  95
GRID:  91
GRID:  79
GRID:  89
GRID:  77
GRID:  96
GRID:  99
GRID:  92
GRID:  78
GRID:  97
GRID:  84
GRID:  83
GRID:  93
GRID:  80
GRID:  94
GRID:  82
GRID:  85
GRID:  81
GRID:  90
